13:37:18.218 INFO: JdwpDebugServer: handling req: VirtualMachine(1).IDSizes(7)
13:37:18.218 INFO: JdwpDebugServer: handling req: EventRequest(15).Set(1)
13:37:18.218 INFO: JdwpEventCenterDelegate: jdwpSetEventRequest: JdwpEventRequest{requestId=100, eventKind=CLASS_PREPARE, suspendPolicy=NONE, predicates=[]}
13:37:18.218 INFO: JdwpDebugServer: handling req: EventRequest(15).Set(1)
13:37:18.218 INFO: JdwpEventCenterDelegate: jdwpSetEventRequest: JdwpEventRequest{requestId=101, eventKind=CLASS_UNLOAD, suspendPolicy=NONE, predicates=[]}
13:37:18.233 INFO: JdwpDebugServer: handling req: VirtualMachine(1).Version(1)
13:37:18.233 INFO: JdwpDebugServer: handling req: VirtualMachine(1).capabilitiesNew(17)
13:37:18.233 INFO: JdwpDebugServer: handling req: VirtualMachine(1).capabilities(12)
13:37:18.233 INFO: JdwpDebugServer: handling req: VirtualMachine(1).AllClassesWithGeneric(20)
13:37:18.237 INFO: JdwpDebugServer: handling req: VirtualMachine(1).TopLevelThreadGroups(5)
13:37:18.238 INFO: JdwpDebugServer: handling req: EventRequest(15).Set(1)
13:37:18.238 INFO: JdwpEventCenterDelegate: jdwpSetEventRequest: JdwpEventRequest{requestId=102, eventKind=THREAD_START, suspendPolicy=NONE, predicates=[]}
13:37:18.238 INFO: JdwpDebugServer: handling req: EventRequest(15).Set(1)
13:37:18.238 INFO: JdwpEventCenterDelegate: jdwpSetEventRequest: JdwpEventRequest{requestId=103, eventKind=THREAD_DEATH, suspendPolicy=NONE, predicates=[]}
13:37:18.239 INFO: JdwpDebugServer: handling req: EventRequest(15).Set(1)
13:37:18.239 INFO: JdwpEventCenterDelegate: jdwpSetEventRequest: JdwpEventRequest{requestId=104, eventKind=CLASS_PREPARE, suspendPolicy=EVENT_THREAD, predicates=[className=sun.instrument.InstrumentationImpl]}
13:37:18.239 INFO: JdwpDebugServer: handling req: EventRequest(15).Set(1)
13:37:18.239 INFO: JdwpEventCenterDelegate: jdwpSetEventRequest: JdwpEventRequest{requestId=105, eventKind=CLASS_PREPARE, suspendPolicy=EVENT_THREAD, predicates=[className=sun.instrument.InstrumentationImpl]}
13:37:18.875 INFO: JdwpDebugServer: handling req: VirtualMachine(1).Resume(9)
13:37:18.934 INFO: JdwpEventCenterDelegate: THREAD_STARTED: thread (33, main, main)
13:37:18.952 INFO: JdwpEventCenterDelegate: THREAD_STARTED: thread (48, ReferenceQueueDaemon, main)
13:37:18.958 INFO: JdwpEventCenterDelegate: THREAD_STARTED: thread (63, FinalizerDaemon, main)
13:37:18.965 INFO: JdwpEventCenterDelegate: THREAD_STARTED: thread (78, FinalizerWatchdogDaemon, main)
13:37:18.967 INFO: JdwpEventCenterDelegate: THREAD_RESUMED: thread (33, main, main)
13:37:18.968 INFO: JdwpEventCenterDelegate: THREAD_RESUMED: thread (33, main, main)
13:37:18.969 INFO: JdwpEventCenterDelegate: THREAD_RESUMED: thread (33, main, main)
13:37:18.971 INFO: JdwpEventCenterDelegate: THREAD_RESUMED: thread (33, main, main)
13:37:18.972 INFO: JdwpEventCenterDelegate: THREAD_RESUMED: thread (33, main, main)
13:37:18.973 INFO: JdwpEventCenterDelegate: THREAD_RESUMED: thread (33, main, main)
13:37:18.974 INFO: JdwpEventCenterDelegate: THREAD_RESUMED: thread (33, main, main)
13:37:18.975 INFO: JdwpEventCenterDelegate: THREAD_RESUMED: thread (33, main, main)
13:37:18.976 INFO: JdwpEventCenterDelegate: THREAD_RESUMED: thread (33, main, main)
13:37:18.977 INFO: JdwpEventCenterDelegate: THREAD_RESUMED: thread (33, main, main)
13:37:18.978 INFO: JdwpEventCenterDelegate: THREAD_RESUMED: thread (33, main, main)
13:37:18.979 INFO: JdwpEventCenterDelegate: THREAD_RESUMED: thread (33, main, main)
13:37:18.981 INFO: JdwpEventCenterDelegate: THREAD_RESUMED: thread (33, main, main)
13:37:18.982 INFO: JdwpEventCenterDelegate: THREAD_RESUMED: thread (33, main, main)
13:37:18.983 INFO: JdwpEventCenterDelegate: THREAD_RESUMED: thread (33, main, main)
13:37:18.984 INFO: JdwpEventCenterDelegate: THREAD_RESUMED: thread (33, main, main)
13:37:18.986 INFO: JdwpEventCenterDelegate: THREAD_RESUMED: thread (33, main, main)
13:37:18.987 INFO: JdwpEventCenterDelegate: THREAD_RESUMED: thread (33, main, main)
13:37:18.990 INFO: JdwpEventCenterDelegate: THREAD_RESUMED: thread (33, main, main)
13:37:18.991 INFO: JdwpEventCenterDelegate: THREAD_RESUMED: thread (33, main, main)
13:37:18.992 INFO: JdwpEventCenterDelegate: THREAD_RESUMED: thread (33, main, main)
13:37:18.993 INFO: JdwpEventCenterDelegate: THREAD_RESUMED: thread (33, main, main)
13:37:18.994 INFO: JdwpEventCenterDelegate: THREAD_RESUMED: thread (33, main, main)
13:37:18.997 INFO: JdwpEventCenterDelegate: THREAD_RESUMED: thread (33, main, main)
13:37:18.998 INFO: JdwpEventCenterDelegate: THREAD_RESUMED: thread (33, main, main)
13:37:19.026 INFO: JdwpEventCenterDelegate: THREAD_RESUMED: thread (33, main, main)
13:37:19.027 INFO: JdwpEventCenterDelegate: THREAD_RESUMED: thread (33, main, main)
13:37:19.029 INFO: JdwpEventCenterDelegate: THREAD_RESUMED: thread (33, main, main)
13:37:19.030 INFO: JdwpEventCenterDelegate: THREAD_RESUMED: thread (33, main, main)
13:37:19.031 INFO: JdwpEventCenterDelegate: THREAD_RESUMED: thread (33, main, main)
13:37:19.032 INFO: JdwpEventCenterDelegate: THREAD_RESUMED: thread (33, main, main)
13:37:19.033 INFO: JdwpEventCenterDelegate: THREAD_RESUMED: thread (33, main, main)
13:37:19.035 INFO: JdwpEventCenterDelegate: THREAD_RESUMED: thread (33, main, main)
13:37:19.037 INFO: JdwpEventCenterDelegate: THREAD_RESUMED: thread (33, main, main)
13:37:19.037 INFO: JdwpEventCenterDelegate: THREAD_RESUMED: thread (33, main, main)
13:37:19.039 INFO: JdwpEventCenterDelegate: THREAD_RESUMED: thread (33, main, main)
13:37:19.040 INFO: JdwpEventCenterDelegate: THREAD_RESUMED: thread (33, main, main)
13:37:19.041 INFO: JdwpEventCenterDelegate: THREAD_RESUMED: thread (33, main, main)
13:37:19.042 INFO: JdwpEventCenterDelegate: THREAD_RESUMED: thread (33, main, main)
13:37:19.055 INFO: JdwpEventCenterDelegate: THREAD_RESUMED: thread (33, main, main)
13:37:19.057 INFO: JdwpEventCenterDelegate: THREAD_RESUMED: thread (33, main, main)
13:37:19.058 INFO: JdwpEventCenterDelegate: THREAD_RESUMED: thread (33, main, main)
13:37:19.059 INFO: JdwpEventCenterDelegate: THREAD_RESUMED: thread (33, main, main)
13:37:19.061 INFO: JdwpEventCenterDelegate: THREAD_RESUMED: thread (33, main, main)
13:37:19.062 INFO: JdwpEventCenterDelegate: THREAD_RESUMED: thread (33, main, main)
13:37:19.063 INFO: JdwpEventCenterDelegate: THREAD_RESUMED: thread (33, main, main)
13:37:19.086 INFO: JdwpEventCenterDelegate: THREAD_RESUMED: thread (33, main, main)
13:37:19.087 INFO: JdwpEventCenterDelegate: THREAD_RESUMED: thread (33, main, main)
13:37:19.089 INFO: JdwpEventCenterDelegate: THREAD_RESUMED: thread (33, main, main)
13:37:19.090 INFO: JdwpEventCenterDelegate: THREAD_RESUMED: thread (33, main, main)
13:37:19.091 INFO: JdwpEventCenterDelegate: THREAD_RESUMED: thread (33, main, main)
13:37:19.092 INFO: JdwpEventCenterDelegate: THREAD_RESUMED: thread (33, main, main)
13:37:19.094 INFO: JdwpEventCenterDelegate: THREAD_RESUMED: thread (33, main, main)
13:37:19.119 INFO: JdwpEventCenterDelegate: THREAD_RESUMED: thread (33, main, main)
13:37:19.120 INFO: JdwpEventCenterDelegate: THREAD_RESUMED: thread (33, main, main)
13:37:19.122 INFO: JdwpEventCenterDelegate: THREAD_RESUMED: thread (33, main, main)
13:37:19.123 INFO: JdwpEventCenterDelegate: THREAD_RESUMED: thread (33, main, main)
13:37:19.125 INFO: JdwpEventCenterDelegate: THREAD_RESUMED: thread (33, main, main)
13:37:19.126 INFO: JdwpEventCenterDelegate: THREAD_RESUMED: thread (33, main, main)
13:37:19.127 INFO: JdwpEventCenterDelegate: THREAD_RESUMED: thread (33, main, main)
13:37:19.136 INFO: JdwpEventCenterDelegate: THREAD_RESUMED: thread (33, main, main)
13:37:19.138 INFO: JdwpEventCenterDelegate: THREAD_RESUMED: thread (33, main, main)
13:37:19.139 INFO: JdwpEventCenterDelegate: THREAD_RESUMED: thread (33, main, main)
13:37:19.140 INFO: JdwpEventCenterDelegate: THREAD_RESUMED: thread (33, main, main)
13:37:19.141 INFO: JdwpEventCenterDelegate: THREAD_RESUMED: thread (33, main, main)
13:37:19.143 INFO: JdwpEventCenterDelegate: THREAD_RESUMED: thread (33, main, main)
13:37:19.144 INFO: JdwpEventCenterDelegate: THREAD_RESUMED: thread (33, main, main)
13:37:19.152 INFO: JdwpEventCenterDelegate: THREAD_RESUMED: thread (33, main, main)
13:37:19.154 INFO: JdwpEventCenterDelegate: THREAD_RESUMED: thread (33, main, main)
13:37:19.155 INFO: JdwpEventCenterDelegate: THREAD_RESUMED: thread (33, main, main)
13:37:19.157 INFO: JdwpEventCenterDelegate: THREAD_RESUMED: thread (33, main, main)
13:37:19.158 INFO: JdwpEventCenterDelegate: THREAD_RESUMED: thread (33, main, main)
13:37:19.160 INFO: JdwpEventCenterDelegate: THREAD_RESUMED: thread (33, main, main)
13:37:19.161 INFO: JdwpEventCenterDelegate: THREAD_RESUMED: thread (33, main, main)
13:37:19.162 INFO: JdwpEventCenterDelegate: THREAD_RESUMED: thread (33, main, main)
13:37:19.164 INFO: JdwpEventCenterDelegate: THREAD_RESUMED: thread (33, main, main)
13:37:19.165 INFO: JdwpEventCenterDelegate: THREAD_RESUMED: thread (33, main, main)
13:37:19.166 INFO: JdwpEventCenterDelegate: THREAD_RESUMED: thread (33, main, main)
13:37:19.167 INFO: JdwpEventCenterDelegate: THREAD_RESUMED: thread (33, main, main)
13:37:19.169 INFO: JdwpEventCenterDelegate: THREAD_RESUMED: thread (33, main, main)
13:37:19.171 INFO: JdwpEventCenterDelegate: THREAD_RESUMED: thread (33, main, main)
13:37:19.173 INFO: JdwpEventCenterDelegate: THREAD_RESUMED: thread (33, main, main)
13:37:19.174 INFO: JdwpEventCenterDelegate: THREAD_RESUMED: thread (33, main, main)
13:37:19.175 INFO: JdwpEventCenterDelegate: THREAD_RESUMED: thread (33, main, main)
13:37:19.176 INFO: JdwpEventCenterDelegate: THREAD_RESUMED: thread (33, main, main)
13:37:19.179 INFO: JdwpEventCenterDelegate: THREAD_RESUMED: thread (33, main, main)
13:37:19.180 INFO: JdwpEventCenterDelegate: THREAD_RESUMED: thread (33, main, main)
13:37:19.308 INFO: JdwpEventCenterDelegate: THREAD_STARTED: thread (93, AssetManager, main)
13:37:19.411 INFO: JdwpEventCenterDelegate: THREAD_RESUMED: thread (33, main, main)
13:37:19.413 INFO: JdwpEventCenterDelegate: THREAD_RESUMED: thread (33, main, main)
13:37:21.986 INFO: JdwpEventCenterDelegate: THREAD_RESUMED: thread (33, main, main)
13:37:22.086 INFO: JdwpEventCenterDelegate: THREAD_RESUMED: thread (33, main, main)
13:37:22.088 INFO: JdwpEventCenterDelegate: THREAD_RESUMED: thread (33, main, main)
13:37:22.090 INFO: JdwpEventCenterDelegate: THREAD_RESUMED: thread (33, main, main)
13:37:22.091 INFO: JdwpEventCenterDelegate: THREAD_RESUMED: thread (33, main, main)
13:37:22.093 INFO: JdwpEventCenterDelegate: THREAD_RESUMED: thread (33, main, main)
13:37:22.099 INFO: JdwpEventCenterDelegate: THREAD_RESUMED: thread (33, main, main)
13:37:22.111 INFO: JdwpEventCenterDelegate: THREAD_RESUMED: thread (33, main, main)
13:37:22.113 INFO: JdwpEventCenterDelegate: THREAD_RESUMED: thread (33, main, main)
13:37:22.115 INFO: JdwpEventCenterDelegate: THREAD_RESUMED: thread (33, main, main)
13:37:22.118 INFO: JdwpEventCenterDelegate: THREAD_RESUMED: thread (33, main, main)
13:37:22.120 INFO: JdwpEventCenterDelegate: THREAD_RESUMED: thread (33, main, main)
13:37:22.125 INFO: JdwpEventCenterDelegate: THREAD_RESUMED: thread (33, main, main)
13:37:22.139 INFO: JdwpEventCenterDelegate: THREAD_RESUMED: thread (33, main, main)
13:37:22.141 INFO: JdwpEventCenterDelegate: THREAD_RESUMED: thread (33, main, main)
13:37:22.143 INFO: JdwpEventCenterDelegate: THREAD_RESUMED: thread (33, main, main)
13:37:22.146 INFO: JdwpEventCenterDelegate: THREAD_RESUMED: thread (33, main, main)
13:37:22.148 INFO: JdwpEventCenterDelegate: THREAD_RESUMED: thread (33, main, main)
13:37:22.153 INFO: JdwpEventCenterDelegate: THREAD_RESUMED: thread (33, main, main)
13:37:22.171 INFO: JdwpEventCenterDelegate: THREAD_RESUMED: thread (33, main, main)
13:37:22.173 INFO: JdwpEventCenterDelegate: THREAD_RESUMED: thread (33, main, main)
13:37:22.175 INFO: JdwpEventCenterDelegate: THREAD_RESUMED: thread (33, main, main)
13:37:22.177 INFO: JdwpEventCenterDelegate: THREAD_RESUMED: thread (33, main, main)
13:37:22.179 INFO: JdwpEventCenterDelegate: THREAD_RESUMED: thread (33, main, main)
13:37:22.184 INFO: JdwpEventCenterDelegate: THREAD_RESUMED: thread (33, main, main)
13:37:22.199 INFO: JdwpEventCenterDelegate: THREAD_RESUMED: thread (33, main, main)
13:37:22.202 INFO: JdwpEventCenterDelegate: THREAD_RESUMED: thread (33, main, main)
13:37:22.204 INFO: JdwpEventCenterDelegate: THREAD_RESUMED: thread (33, main, main)
13:37:22.206 INFO: JdwpEventCenterDelegate: THREAD_RESUMED: thread (33, main, main)
13:37:22.208 INFO: JdwpEventCenterDelegate: THREAD_RESUMED: thread (33, main, main)
13:37:22.213 INFO: JdwpEventCenterDelegate: THREAD_RESUMED: thread (33, main, main)
13:37:22.229 INFO: JdwpEventCenterDelegate: THREAD_RESUMED: thread (33, main, main)
13:37:22.231 INFO: JdwpEventCenterDelegate: THREAD_RESUMED: thread (33, main, main)
13:37:22.233 INFO: JdwpEventCenterDelegate: THREAD_RESUMED: thread (33, main, main)
13:37:22.235 INFO: JdwpEventCenterDelegate: THREAD_RESUMED: thread (33, main, main)
13:37:22.237 INFO: JdwpEventCenterDelegate: THREAD_RESUMED: thread (33, main, main)
13:37:22.242 INFO: JdwpEventCenterDelegate: THREAD_RESUMED: thread (33, main, main)
13:37:22.261 INFO: JdwpEventCenterDelegate: THREAD_RESUMED: thread (33, main, main)
13:37:22.263 INFO: JdwpEventCenterDelegate: THREAD_RESUMED: thread (33, main, main)
13:37:22.265 INFO: JdwpEventCenterDelegate: THREAD_RESUMED: thread (33, main, main)
13:37:22.267 INFO: JdwpEventCenterDelegate: THREAD_RESUMED: thread (33, main, main)
13:37:22.269 INFO: JdwpEventCenterDelegate: THREAD_RESUMED: thread (33, main, main)
13:37:22.274 INFO: JdwpEventCenterDelegate: THREAD_RESUMED: thread (33, main, main)
13:37:22.293 INFO: JdwpEventCenterDelegate: THREAD_RESUMED: thread (33, main, main)
13:37:22.295 INFO: JdwpEventCenterDelegate: THREAD_RESUMED: thread (33, main, main)
13:37:22.297 INFO: JdwpEventCenterDelegate: THREAD_RESUMED: thread (33, main, main)
13:37:22.299 INFO: JdwpEventCenterDelegate: THREAD_RESUMED: thread (33, main, main)
13:37:22.301 INFO: JdwpEventCenterDelegate: THREAD_RESUMED: thread (33, main, main)
13:37:22.306 INFO: JdwpEventCenterDelegate: THREAD_RESUMED: thread (33, main, main)
13:37:22.325 INFO: JdwpEventCenterDelegate: THREAD_RESUMED: thread (33, main, main)
13:37:22.327 INFO: JdwpEventCenterDelegate: THREAD_RESUMED: thread (33, main, main)
13:37:22.329 INFO: JdwpEventCenterDelegate: THREAD_RESUMED: thread (33, main, main)
13:37:22.332 INFO: JdwpEventCenterDelegate: THREAD_RESUMED: thread (33, main, main)
13:37:22.334 INFO: JdwpEventCenterDelegate: THREAD_RESUMED: thread (33, main, main)
13:37:22.338 INFO: JdwpEventCenterDelegate: THREAD_RESUMED: thread (33, main, main)
13:37:22.358 INFO: JdwpEventCenterDelegate: THREAD_RESUMED: thread (33, main, main)
13:37:22.360 INFO: JdwpEventCenterDelegate: THREAD_RESUMED: thread (33, main, main)
13:37:22.362 INFO: JdwpEventCenterDelegate: THREAD_RESUMED: thread (33, main, main)
13:37:22.364 INFO: JdwpEventCenterDelegate: THREAD_RESUMED: thread (33, main, main)
13:37:22.366 INFO: JdwpEventCenterDelegate: THREAD_RESUMED: thread (33, main, main)
13:37:22.371 INFO: JdwpEventCenterDelegate: THREAD_RESUMED: thread (33, main, main)
13:37:22.386 INFO: JdwpEventCenterDelegate: THREAD_RESUMED: thread (33, main, main)
13:37:22.388 INFO: JdwpEventCenterDelegate: THREAD_RESUMED: thread (33, main, main)
13:37:22.391 INFO: JdwpEventCenterDelegate: THREAD_RESUMED: thread (33, main, main)
13:37:22.392 INFO: JdwpEventCenterDelegate: THREAD_RESUMED: thread (33, main, main)
13:37:22.394 INFO: JdwpEventCenterDelegate: THREAD_RESUMED: thread (33, main, main)
13:37:22.399 INFO: JdwpEventCenterDelegate: THREAD_RESUMED: thread (33, main, main)
13:37:22.419 INFO: JdwpEventCenterDelegate: THREAD_RESUMED: thread (33, main, main)
13:37:22.421 INFO: JdwpEventCenterDelegate: THREAD_RESUMED: thread (33, main, main)
13:37:22.423 INFO: JdwpEventCenterDelegate: THREAD_RESUMED: thread (33, main, main)
13:37:22.425 INFO: JdwpEventCenterDelegate: THREAD_RESUMED: thread (33, main, main)
13:37:22.427 INFO: JdwpEventCenterDelegate: THREAD_RESUMED: thread (33, main, main)
13:37:22.432 INFO: JdwpEventCenterDelegate: THREAD_RESUMED: thread (33, main, main)
13:37:22.454 INFO: JdwpEventCenterDelegate: THREAD_RESUMED: thread (33, main, main)
13:37:22.456 INFO: JdwpEventCenterDelegate: THREAD_RESUMED: thread (33, main, main)
13:37:22.458 INFO: JdwpEventCenterDelegate: THREAD_RESUMED: thread (33, main, main)
13:37:22.460 INFO: JdwpEventCenterDelegate: THREAD_RESUMED: thread (33, main, main)
13:37:22.462 INFO: JdwpEventCenterDelegate: THREAD_RESUMED: thread (33, main, main)
13:37:22.467 INFO: JdwpEventCenterDelegate: THREAD_RESUMED: thread (33, main, main)
13:37:22.486 INFO: JdwpEventCenterDelegate: THREAD_RESUMED: thread (33, main, main)
13:37:22.488 INFO: JdwpEventCenterDelegate: THREAD_RESUMED: thread (33, main, main)
13:37:22.490 INFO: JdwpEventCenterDelegate: THREAD_RESUMED: thread (33, main, main)
13:37:22.492 INFO: JdwpEventCenterDelegate: THREAD_RESUMED: thread (33, main, main)
13:37:22.495 INFO: JdwpEventCenterDelegate: THREAD_RESUMED: thread (33, main, main)
13:37:22.500 INFO: JdwpEventCenterDelegate: THREAD_RESUMED: thread (33, main, main)
13:37:22.513 INFO: JdwpEventCenterDelegate: THREAD_RESUMED: thread (33, main, main)
13:37:22.515 INFO: JdwpEventCenterDelegate: THREAD_RESUMED: thread (33, main, main)
13:37:22.517 INFO: JdwpEventCenterDelegate: THREAD_RESUMED: thread (33, main, main)
13:37:22.519 INFO: JdwpEventCenterDelegate: THREAD_RESUMED: thread (33, main, main)
13:37:22.521 INFO: JdwpEventCenterDelegate: THREAD_RESUMED: thread (33, main, main)
13:37:22.526 INFO: JdwpEventCenterDelegate: THREAD_RESUMED: thread (33, main, main)
13:37:22.529 INFO: JdwpEventCenterDelegate: THREAD_RESUMED: thread (33, main, main)
13:37:22.531 INFO: JdwpEventCenterDelegate: THREAD_RESUMED: thread (33, main, main)
13:37:22.533 INFO: JdwpEventCenterDelegate: THREAD_RESUMED: thread (33, main, main)
13:37:22.536 INFO: JdwpEventCenterDelegate: THREAD_RESUMED: thread (33, main, main)
13:37:22.538 INFO: JdwpEventCenterDelegate: THREAD_RESUMED: thread (33, main, main)
13:37:22.541 INFO: JdwpEventCenterDelegate: THREAD_RESUMED: thread (33, main, main)
13:37:22.545 INFO: JdwpEventCenterDelegate: THREAD_RESUMED: thread (33, main, main)
13:37:22.547 INFO: JdwpEventCenterDelegate: THREAD_RESUMED: thread (33, main, main)
13:37:22.549 INFO: JdwpEventCenterDelegate: THREAD_RESUMED: thread (33, main, main)
13:37:22.552 INFO: JdwpEventCenterDelegate: THREAD_RESUMED: thread (33, main, main)
13:37:22.576 INFO: JdwpEventCenterDelegate: THREAD_RESUMED: thread (33, main, main)
13:37:22.578 INFO: JdwpEventCenterDelegate: THREAD_RESUMED: thread (33, main, main)
13:37:22.581 INFO: JdwpEventCenterDelegate: THREAD_RESUMED: thread (33, main, main)
13:37:22.582 INFO: JdwpEventCenterDelegate: THREAD_RESUMED: thread (33, main, main)
13:37:22.584 INFO: JdwpEventCenterDelegate: THREAD_RESUMED: thread (33, main, main)
13:37:22.586 INFO: JdwpEventCenterDelegate: THREAD_RESUMED: thread (33, main, main)
13:37:22.588 INFO: JdwpEventCenterDelegate: THREAD_RESUMED: thread (33, main, main)
13:37:22.602 INFO: JdwpEventCenterDelegate: THREAD_RESUMED: thread (33, main, main)
13:37:22.604 INFO: JdwpEventCenterDelegate: THREAD_RESUMED: thread (33, main, main)
13:37:22.606 INFO: JdwpEventCenterDelegate: THREAD_RESUMED: thread (33, main, main)
13:37:22.607 INFO: JdwpEventCenterDelegate: THREAD_RESUMED: thread (33, main, main)
13:37:22.609 INFO: JdwpEventCenterDelegate: THREAD_RESUMED: thread (33, main, main)
13:37:22.614 INFO: JdwpEventCenterDelegate: THREAD_RESUMED: thread (33, main, main)
13:37:22.627 INFO: JdwpEventCenterDelegate: THREAD_RESUMED: thread (33, main, main)
13:37:22.640 INFO: JdwpEventCenterDelegate: THREAD_RESUMED: thread (33, main, main)
13:37:22.651 INFO: JdwpEventCenterDelegate: THREAD_RESUMED: thread (33, main, main)
13:37:22.664 INFO: JdwpEventCenterDelegate: THREAD_RESUMED: thread (33, main, main)
13:37:22.697 INFO: JdwpEventCenterDelegate: THREAD_RESUMED: thread (33, main, main)
13:37:22.699 INFO: JdwpEventCenterDelegate: THREAD_RESUMED: thread (33, main, main)
13:37:22.702 INFO: JdwpEventCenterDelegate: THREAD_RESUMED: thread (33, main, main)
13:37:22.704 INFO: JdwpEventCenterDelegate: THREAD_RESUMED: thread (33, main, main)
13:37:22.706 INFO: JdwpEventCenterDelegate: THREAD_RESUMED: thread (33, main, main)
13:37:22.711 INFO: JdwpEventCenterDelegate: THREAD_RESUMED: thread (33, main, main)
13:37:22.723 INFO: JdwpEventCenterDelegate: THREAD_RESUMED: thread (33, main, main)
13:37:22.725 INFO: JdwpEventCenterDelegate: THREAD_RESUMED: thread (33, main, main)
13:37:22.727 INFO: JdwpEventCenterDelegate: THREAD_RESUMED: thread (33, main, main)
13:37:22.729 INFO: JdwpEventCenterDelegate: THREAD_RESUMED: thread (33, main, main)
13:37:22.731 INFO: JdwpEventCenterDelegate: THREAD_RESUMED: thread (33, main, main)
13:37:22.736 INFO: JdwpEventCenterDelegate: THREAD_RESUMED: thread (33, main, main)
13:37:22.750 INFO: JdwpEventCenterDelegate: THREAD_RESUMED: thread (33, main, main)
13:37:22.753 INFO: JdwpEventCenterDelegate: THREAD_RESUMED: thread (33, main, main)
13:37:22.755 INFO: JdwpEventCenterDelegate: THREAD_RESUMED: thread (33, main, main)
13:37:22.757 INFO: JdwpEventCenterDelegate: THREAD_RESUMED: thread (33, main, main)
13:37:22.759 INFO: JdwpEventCenterDelegate: THREAD_RESUMED: thread (33, main, main)
13:37:22.764 INFO: JdwpEventCenterDelegate: THREAD_RESUMED: thread (33, main, main)
13:37:22.781 INFO: JdwpEventCenterDelegate: THREAD_RESUMED: thread (33, main, main)
13:37:22.784 INFO: JdwpEventCenterDelegate: THREAD_RESUMED: thread (33, main, main)
13:37:22.786 INFO: JdwpEventCenterDelegate: THREAD_RESUMED: thread (33, main, main)
13:37:22.788 INFO: JdwpEventCenterDelegate: THREAD_RESUMED: thread (33, main, main)
13:37:22.790 INFO: JdwpEventCenterDelegate: THREAD_RESUMED: thread (33, main, main)
13:37:22.795 INFO: JdwpEventCenterDelegate: THREAD_RESUMED: thread (33, main, main)
13:37:22.809 INFO: JdwpEventCenterDelegate: THREAD_RESUMED: thread (33, main, main)
13:37:22.812 INFO: JdwpEventCenterDelegate: THREAD_RESUMED: thread (33, main, main)
13:37:22.814 INFO: JdwpEventCenterDelegate: THREAD_RESUMED: thread (33, main, main)
13:37:22.816 INFO: JdwpEventCenterDelegate: THREAD_RESUMED: thread (33, main, main)
13:37:22.817 INFO: JdwpEventCenterDelegate: THREAD_RESUMED: thread (33, main, main)
13:37:22.822 INFO: JdwpEventCenterDelegate: THREAD_RESUMED: thread (33, main, main)
13:37:22.837 INFO: JdwpEventCenterDelegate: THREAD_RESUMED: thread (33, main, main)
13:37:22.839 INFO: JdwpEventCenterDelegate: THREAD_RESUMED: thread (33, main, main)
13:37:22.841 INFO: JdwpEventCenterDelegate: THREAD_RESUMED: thread (33, main, main)
13:37:22.844 INFO: JdwpEventCenterDelegate: THREAD_RESUMED: thread (33, main, main)
13:37:22.846 INFO: JdwpEventCenterDelegate: THREAD_RESUMED: thread (33, main, main)
13:37:22.850 INFO: JdwpEventCenterDelegate: THREAD_RESUMED: thread (33, main, main)
13:37:22.872 INFO: JdwpEventCenterDelegate: THREAD_RESUMED: thread (33, main, main)
13:37:22.874 INFO: JdwpEventCenterDelegate: THREAD_RESUMED: thread (33, main, main)
13:37:22.876 INFO: JdwpEventCenterDelegate: THREAD_RESUMED: thread (33, main, main)
13:37:22.878 INFO: JdwpEventCenterDelegate: THREAD_RESUMED: thread (33, main, main)
13:37:22.880 INFO: JdwpEventCenterDelegate: THREAD_RESUMED: thread (33, main, main)
13:37:22.885 INFO: JdwpEventCenterDelegate: THREAD_RESUMED: thread (33, main, main)
13:37:22.903 INFO: JdwpEventCenterDelegate: THREAD_RESUMED: thread (33, main, main)
13:37:22.905 INFO: JdwpEventCenterDelegate: THREAD_RESUMED: thread (33, main, main)
13:37:22.907 INFO: JdwpEventCenterDelegate: THREAD_RESUMED: thread (33, main, main)
13:37:22.910 INFO: JdwpEventCenterDelegate: THREAD_RESUMED: thread (33, main, main)
13:37:22.912 INFO: JdwpEventCenterDelegate: THREAD_RESUMED: thread (33, main, main)
13:37:22.917 INFO: JdwpEventCenterDelegate: THREAD_RESUMED: thread (33, main, main)
13:37:22.934 INFO: JdwpEventCenterDelegate: THREAD_RESUMED: thread (33, main, main)
13:37:22.936 INFO: JdwpEventCenterDelegate: THREAD_RESUMED: thread (33, main, main)
13:37:22.939 INFO: JdwpEventCenterDelegate: THREAD_RESUMED: thread (33, main, main)
13:37:22.941 INFO: JdwpEventCenterDelegate: THREAD_RESUMED: thread (33, main, main)
13:37:22.943 INFO: JdwpEventCenterDelegate: THREAD_RESUMED: thread (33, main, main)
13:37:22.947 INFO: JdwpEventCenterDelegate: THREAD_RESUMED: thread (33, main, main)
13:37:22.962 INFO: JdwpEventCenterDelegate: THREAD_RESUMED: thread (33, main, main)
13:37:22.964 INFO: JdwpEventCenterDelegate: THREAD_RESUMED: thread (33, main, main)
13:37:22.966 INFO: JdwpEventCenterDelegate: THREAD_RESUMED: thread (33, main, main)
13:37:22.969 INFO: JdwpEventCenterDelegate: THREAD_RESUMED: thread (33, main, main)
13:37:22.971 INFO: JdwpEventCenterDelegate: THREAD_RESUMED: thread (33, main, main)
13:37:22.976 INFO: JdwpEventCenterDelegate: THREAD_RESUMED: thread (33, main, main)
13:37:22.990 INFO: JdwpEventCenterDelegate: THREAD_RESUMED: thread (33, main, main)
13:37:22.992 INFO: JdwpEventCenterDelegate: THREAD_RESUMED: thread (33, main, main)
13:37:22.995 INFO: JdwpEventCenterDelegate: THREAD_RESUMED: thread (33, main, main)
13:37:22.997 INFO: JdwpEventCenterDelegate: THREAD_RESUMED: thread (33, main, main)
13:37:22.999 INFO: JdwpEventCenterDelegate: THREAD_RESUMED: thread (33, main, main)
13:37:23.004 INFO: JdwpEventCenterDelegate: THREAD_RESUMED: thread (33, main, main)
13:37:23.022 INFO: JdwpEventCenterDelegate: THREAD_RESUMED: thread (33, main, main)
13:37:23.025 INFO: JdwpEventCenterDelegate: THREAD_RESUMED: thread (33, main, main)
13:37:23.027 INFO: JdwpEventCenterDelegate: THREAD_RESUMED: thread (33, main, main)
13:37:23.029 INFO: JdwpEventCenterDelegate: THREAD_RESUMED: thread (33, main, main)
13:37:23.031 INFO: JdwpEventCenterDelegate: THREAD_RESUMED: thread (33, main, main)
13:37:23.036 INFO: JdwpEventCenterDelegate: THREAD_RESUMED: thread (33, main, main)
13:37:23.060 INFO: JdwpEventCenterDelegate: THREAD_RESUMED: thread (33, main, main)
13:37:23.062 INFO: JdwpEventCenterDelegate: THREAD_RESUMED: thread (33, main, main)
13:37:23.064 INFO: JdwpEventCenterDelegate: THREAD_RESUMED: thread (33, main, main)
13:37:23.067 INFO: JdwpEventCenterDelegate: THREAD_RESUMED: thread (33, main, main)
13:37:23.069 INFO: JdwpEventCenterDelegate: THREAD_RESUMED: thread (33, main, main)
13:37:23.073 INFO: JdwpEventCenterDelegate: THREAD_RESUMED: thread (33, main, main)
13:37:23.091 INFO: JdwpEventCenterDelegate: THREAD_RESUMED: thread (33, main, main)
13:37:23.093 INFO: JdwpEventCenterDelegate: THREAD_RESUMED: thread (33, main, main)
13:37:23.095 INFO: JdwpEventCenterDelegate: THREAD_RESUMED: thread (33, main, main)
13:37:23.097 INFO: JdwpEventCenterDelegate: THREAD_RESUMED: thread (33, main, main)
13:37:23.099 INFO: JdwpEventCenterDelegate: THREAD_RESUMED: thread (33, main, main)
13:37:23.104 INFO: JdwpEventCenterDelegate: THREAD_RESUMED: thread (33, main, main)
13:37:23.117 INFO: JdwpEventCenterDelegate: THREAD_RESUMED: thread (33, main, main)
13:37:23.119 INFO: JdwpEventCenterDelegate: THREAD_RESUMED: thread (33, main, main)
13:37:23.121 INFO: JdwpEventCenterDelegate: THREAD_RESUMED: thread (33, main, main)
13:37:23.124 INFO: JdwpEventCenterDelegate: THREAD_RESUMED: thread (33, main, main)
13:37:23.126 INFO: JdwpEventCenterDelegate: THREAD_RESUMED: thread (33, main, main)
13:38:02.996 INFO: JdwpEventCenterDelegate: THREAD_STARTED: thread (108, Timer, main)
13:38:03.905 INFO: JdwpEventCenterDelegate: THREAD_RESUMED: thread (33, main, main)
13:38:03.936 INFO: JdwpEventCenterDelegate: THREAD_RESUMED: thread (33, main, main)
13:38:03.958 INFO: JdwpEventCenterDelegate: THREAD_RESUMED: thread (33, main, main)
13:38:03.976 INFO: JdwpEventCenterDelegate: THREAD_RESUMED: thread (33, main, main)
13:38:04.019 INFO: JdwpEventCenterDelegate: THREAD_RESUMED: thread (33, main, main)
13:38:04.053 INFO: JdwpEventCenterDelegate: THREAD_RESUMED: thread (33, main, main)
13:38:04.070 INFO: JdwpEventCenterDelegate: THREAD_RESUMED: thread (33, main, main)
13:38:04.085 INFO: JdwpEventCenterDelegate: THREAD_RESUMED: thread (33, main, main)
13:38:04.092 INFO: JdwpEventCenterDelegate: THREAD_RESUMED: thread (33, main, main)
13:38:04.106 INFO: JdwpEventCenterDelegate: THREAD_RESUMED: thread (33, main, main)
13:38:04.137 INFO: JdwpEventCenterDelegate: THREAD_RESUMED: thread (33, main, main)
13:38:04.149 INFO: JdwpEventCenterDelegate: THREAD_RESUMED: thread (33, main, main)
13:38:04.161 INFO: JdwpEventCenterDelegate: THREAD_RESUMED: thread (33, main, main)
13:38:04.173 INFO: JdwpEventCenterDelegate: THREAD_RESUMED: thread (33, main, main)
13:38:04.208 INFO: JdwpEventCenterDelegate: THREAD_RESUMED: thread (33, main, main)
13:38:04.241 INFO: JdwpEventCenterDelegate: THREAD_RESUMED: thread (33, main, main)
13:38:04.257 INFO: JdwpEventCenterDelegate: THREAD_RESUMED: thread (33, main, main)
13:38:04.271 INFO: JdwpEventCenterDelegate: THREAD_RESUMED: thread (33, main, main)
13:38:04.277 INFO: JdwpEventCenterDelegate: THREAD_RESUMED: thread (33, main, main)
13:38:04.291 INFO: JdwpEventCenterDelegate: THREAD_RESUMED: thread (33, main, main)
13:38:05.040 INFO: JdwpEventCenterDelegate: THREAD_RESUMED: thread (33, main, main)
13:38:05.044 INFO: JdwpEventCenterDelegate: THREAD_RESUMED: thread (33, main, main)
13:38:05.047 INFO: JdwpEventCenterDelegate: THREAD_RESUMED: thread (33, main, main)
13:38:05.050 INFO: JdwpEventCenterDelegate: THREAD_RESUMED: thread (33, main, main)
13:38:05.053 INFO: JdwpEventCenterDelegate: THREAD_RESUMED: thread (33, main, main)
13:38:05.056 INFO: JdwpEventCenterDelegate: THREAD_RESUMED: thread (33, main, main)
13:38:05.060 INFO: JdwpEventCenterDelegate: THREAD_RESUMED: thread (33, main, main)
13:38:05.086 INFO: JdwpEventCenterDelegate: THREAD_STARTED: thread (123, Thread-7, main)
13:38:09.786 INFO: JdwpEventCenterDelegate: THREAD_STARTED: thread (138, Thread-8, main)
13:38:11.201 INFO: JdwpEventCenterDelegate: THREAD_RESUMED: thread (33, main, main)
13:38:11.239 INFO: JdwpEventCenterDelegate: THREAD_RESUMED: thread (33, main, main)
13:38:11.263 INFO: JdwpEventCenterDelegate: THREAD_RESUMED: thread (33, main, main)
13:38:11.283 INFO: JdwpEventCenterDelegate: THREAD_RESUMED: thread (33, main, main)
13:38:11.323 INFO: JdwpEventCenterDelegate: THREAD_RESUMED: thread (33, main, main)
13:38:11.357 INFO: JdwpEventCenterDelegate: THREAD_RESUMED: thread (33, main, main)
13:38:11.373 INFO: JdwpEventCenterDelegate: THREAD_RESUMED: thread (33, main, main)
13:38:11.388 INFO: JdwpEventCenterDelegate: THREAD_RESUMED: thread (33, main, main)
13:38:11.394 INFO: JdwpEventCenterDelegate: THREAD_RESUMED: thread (33, main, main)
13:38:11.407 INFO: JdwpEventCenterDelegate: THREAD_RESUMED: thread (33, main, main)
13:38:11.437 INFO: JdwpEventCenterDelegate: THREAD_RESUMED: thread (33, main, main)
13:38:11.450 INFO: JdwpEventCenterDelegate: THREAD_RESUMED: thread (33, main, main)
13:38:11.462 INFO: JdwpEventCenterDelegate: THREAD_RESUMED: thread (33, main, main)
13:38:11.474 INFO: JdwpEventCenterDelegate: THREAD_RESUMED: thread (33, main, main)
13:38:11.510 INFO: JdwpEventCenterDelegate: THREAD_RESUMED: thread (33, main, main)
13:38:11.543 INFO: JdwpEventCenterDelegate: THREAD_RESUMED: thread (33, main, main)
13:38:11.567 INFO: JdwpEventCenterDelegate: THREAD_RESUMED: thread (33, main, main)
13:38:11.581 INFO: JdwpEventCenterDelegate: THREAD_RESUMED: thread (33, main, main)
13:38:11.587 INFO: JdwpEventCenterDelegate: THREAD_RESUMED: thread (33, main, main)
13:38:11.606 INFO: JdwpEventCenterDelegate: THREAD_RESUMED: thread (33, main, main)
13:38:18.197 INFO: JdwpEventCenterDelegate: THREAD_STARTED: thread (153, Thread-9, main)
13:38:22.743 INFO: JdwpEventCenterDelegate: THREAD_RESUMED: thread (33, main, main)
13:38:22.780 INFO: JdwpEventCenterDelegate: THREAD_RESUMED: thread (33, main, main)
13:38:22.805 INFO: JdwpEventCenterDelegate: THREAD_RESUMED: thread (33, main, main)
13:38:22.824 INFO: JdwpEventCenterDelegate: THREAD_RESUMED: thread (33, main, main)
13:38:22.864 INFO: JdwpEventCenterDelegate: THREAD_RESUMED: thread (33, main, main)
13:38:22.897 INFO: JdwpEventCenterDelegate: THREAD_RESUMED: thread (33, main, main)
13:38:22.914 INFO: JdwpEventCenterDelegate: THREAD_RESUMED: thread (33, main, main)
13:38:22.932 INFO: JdwpEventCenterDelegate: THREAD_RESUMED: thread (33, main, main)
13:38:22.938 INFO: JdwpEventCenterDelegate: THREAD_RESUMED: thread (33, main, main)
13:38:22.951 INFO: JdwpEventCenterDelegate: THREAD_RESUMED: thread (33, main, main)
13:38:22.982 INFO: JdwpEventCenterDelegate: THREAD_RESUMED: thread (33, main, main)
13:38:22.994 INFO: JdwpEventCenterDelegate: THREAD_RESUMED: thread (33, main, main)
13:38:23.006 INFO: JdwpEventCenterDelegate: THREAD_RESUMED: thread (33, main, main)
13:38:23.018 INFO: JdwpEventCenterDelegate: THREAD_RESUMED: thread (33, main, main)
13:38:23.053 INFO: JdwpEventCenterDelegate: THREAD_RESUMED: thread (33, main, main)
13:38:23.085 INFO: JdwpEventCenterDelegate: THREAD_RESUMED: thread (33, main, main)
13:38:23.102 INFO: JdwpEventCenterDelegate: THREAD_RESUMED: thread (33, main, main)
13:38:23.116 INFO: JdwpEventCenterDelegate: THREAD_RESUMED: thread (33, main, main)
13:38:23.121 INFO: JdwpEventCenterDelegate: THREAD_RESUMED: thread (33, main, main)
13:38:23.135 INFO: JdwpEventCenterDelegate: THREAD_RESUMED: thread (33, main, main)
13:38:27.110 INFO: JdwpEventCenterDelegate: THREAD_RESUMED: thread (33, main, main)
13:38:27.148 INFO: JdwpEventCenterDelegate: THREAD_RESUMED: thread (33, main, main)
13:38:27.173 INFO: JdwpEventCenterDelegate: THREAD_RESUMED: thread (33, main, main)
13:38:27.192 INFO: JdwpEventCenterDelegate: THREAD_RESUMED: thread (33, main, main)
13:38:27.232 INFO: JdwpEventCenterDelegate: THREAD_RESUMED: thread (33, main, main)
13:38:27.265 INFO: JdwpEventCenterDelegate: THREAD_RESUMED: thread (33, main, main)
13:38:27.282 INFO: JdwpEventCenterDelegate: THREAD_RESUMED: thread (33, main, main)
13:38:27.296 INFO: JdwpEventCenterDelegate: THREAD_RESUMED: thread (33, main, main)
13:38:27.302 INFO: JdwpEventCenterDelegate: THREAD_RESUMED: thread (33, main, main)
13:38:27.315 INFO: JdwpEventCenterDelegate: THREAD_RESUMED: thread (33, main, main)
13:38:27.346 INFO: JdwpEventCenterDelegate: THREAD_RESUMED: thread (33, main, main)
13:38:27.358 INFO: JdwpEventCenterDelegate: THREAD_RESUMED: thread (33, main, main)
13:38:27.370 INFO: JdwpEventCenterDelegate: THREAD_RESUMED: thread (33, main, main)
13:38:27.382 INFO: JdwpEventCenterDelegate: THREAD_RESUMED: thread (33, main, main)
13:38:27.416 INFO: JdwpEventCenterDelegate: THREAD_RESUMED: thread (33, main, main)
13:38:27.454 INFO: JdwpEventCenterDelegate: THREAD_RESUMED: thread (33, main, main)
13:38:27.470 INFO: JdwpEventCenterDelegate: THREAD_RESUMED: thread (33, main, main)
13:38:27.484 INFO: JdwpEventCenterDelegate: THREAD_RESUMED: thread (33, main, main)
13:38:27.490 INFO: JdwpEventCenterDelegate: THREAD_RESUMED: thread (33, main, main)
13:38:27.503 INFO: JdwpEventCenterDelegate: THREAD_RESUMED: thread (33, main, main)
13:38:48.727 INFO: JdwpEventCenterDelegate: THREAD_RESUMED: thread (33, main, main)
13:38:48.764 INFO: JdwpEventCenterDelegate: THREAD_RESUMED: thread (33, main, main)
13:38:48.789 INFO: JdwpEventCenterDelegate: THREAD_RESUMED: thread (33, main, main)
13:38:48.808 INFO: JdwpEventCenterDelegate: THREAD_RESUMED: thread (33, main, main)
13:38:48.848 INFO: JdwpEventCenterDelegate: THREAD_RESUMED: thread (33, main, main)
13:38:48.881 INFO: JdwpEventCenterDelegate: THREAD_RESUMED: thread (33, main, main)
13:38:48.897 INFO: JdwpEventCenterDelegate: THREAD_RESUMED: thread (33, main, main)
13:38:48.912 INFO: JdwpEventCenterDelegate: THREAD_RESUMED: thread (33, main, main)
13:38:48.918 INFO: JdwpEventCenterDelegate: THREAD_RESUMED: thread (33, main, main)
13:38:48.931 INFO: JdwpEventCenterDelegate: THREAD_RESUMED: thread (33, main, main)
13:38:48.961 INFO: JdwpEventCenterDelegate: THREAD_RESUMED: thread (33, main, main)
13:38:48.973 INFO: JdwpEventCenterDelegate: THREAD_RESUMED: thread (33, main, main)
13:38:48.985 INFO: JdwpEventCenterDelegate: THREAD_RESUMED: thread (33, main, main)
13:38:48.997 INFO: JdwpEventCenterDelegate: THREAD_RESUMED: thread (33, main, main)
13:38:49.032 INFO: JdwpEventCenterDelegate: THREAD_RESUMED: thread (33, main, main)
13:38:49.065 INFO: JdwpEventCenterDelegate: THREAD_RESUMED: thread (33, main, main)
13:38:49.082 INFO: JdwpEventCenterDelegate: THREAD_RESUMED: thread (33, main, main)
13:38:49.100 INFO: JdwpEventCenterDelegate: THREAD_RESUMED: thread (33, main, main)
13:38:49.106 INFO: JdwpEventCenterDelegate: THREAD_RESUMED: thread (33, main, main)
13:38:49.119 INFO: JdwpEventCenterDelegate: THREAD_RESUMED: thread (33, main, main)
13:38:56.356 INFO: JdwpEventCenterDelegate: THREAD_RESUMED: thread (33, main, main)
13:38:56.393 INFO: JdwpEventCenterDelegate: THREAD_RESUMED: thread (33, main, main)
13:38:56.417 INFO: JdwpEventCenterDelegate: THREAD_RESUMED: thread (33, main, main)
13:38:56.436 INFO: JdwpEventCenterDelegate: THREAD_RESUMED: thread (33, main, main)
13:38:56.476 INFO: JdwpEventCenterDelegate: THREAD_RESUMED: thread (33, main, main)
13:38:56.509 INFO: JdwpEventCenterDelegate: THREAD_RESUMED: thread (33, main, main)
13:38:56.526 INFO: JdwpEventCenterDelegate: THREAD_RESUMED: thread (33, main, main)
13:38:56.540 INFO: JdwpEventCenterDelegate: THREAD_RESUMED: thread (33, main, main)
13:38:56.546 INFO: JdwpEventCenterDelegate: THREAD_RESUMED: thread (33, main, main)
13:38:56.560 INFO: JdwpEventCenterDelegate: THREAD_RESUMED: thread (33, main, main)
13:38:56.590 INFO: JdwpEventCenterDelegate: THREAD_RESUMED: thread (33, main, main)
13:38:56.602 INFO: JdwpEventCenterDelegate: THREAD_RESUMED: thread (33, main, main)
13:38:56.614 INFO: JdwpEventCenterDelegate: THREAD_RESUMED: thread (33, main, main)
13:38:56.626 INFO: JdwpEventCenterDelegate: THREAD_RESUMED: thread (33, main, main)
13:38:56.661 INFO: JdwpEventCenterDelegate: THREAD_RESUMED: thread (33, main, main)
13:38:56.694 INFO: JdwpEventCenterDelegate: THREAD_RESUMED: thread (33, main, main)
13:38:56.710 INFO: JdwpEventCenterDelegate: THREAD_RESUMED: thread (33, main, main)
13:38:56.725 INFO: JdwpEventCenterDelegate: THREAD_RESUMED: thread (33, main, main)
13:38:56.731 INFO: JdwpEventCenterDelegate: THREAD_RESUMED: thread (33, main, main)
13:38:56.744 INFO: JdwpEventCenterDelegate: THREAD_RESUMED: thread (33, main, main)
13:38:59.201 INFO: JdwpEventCenterDelegate: THREAD_RESUMED: thread (33, main, main)
13:38:59.240 INFO: JdwpEventCenterDelegate: THREAD_RESUMED: thread (33, main, main)
13:38:59.268 INFO: JdwpEventCenterDelegate: THREAD_RESUMED: thread (33, main, main)
13:38:59.288 INFO: JdwpEventCenterDelegate: THREAD_RESUMED: thread (33, main, main)
13:38:59.328 INFO: JdwpEventCenterDelegate: THREAD_RESUMED: thread (33, main, main)
13:38:59.366 INFO: JdwpEventCenterDelegate: THREAD_RESUMED: thread (33, main, main)
13:38:59.384 INFO: JdwpEventCenterDelegate: THREAD_RESUMED: thread (33, main, main)
13:38:59.404 INFO: JdwpEventCenterDelegate: THREAD_RESUMED: thread (33, main, main)
13:38:59.410 INFO: JdwpEventCenterDelegate: THREAD_RESUMED: thread (33, main, main)
13:38:59.429 INFO: JdwpEventCenterDelegate: THREAD_RESUMED: thread (33, main, main)
13:40:49.699 INFO: JdwpDebugServer: handling req: VirtualMachine(1).Exit(10)
13:40:49.700 SEVERE: Debugger: Thread JDWP server socket thread crashed
org.robovm.debugger.DebuggerException: Terminating due exit command
	at org.robovm.debugger.jdwp.JdwpDebugServer.doSocketWork(JdwpDebugServer.java:211)
	at java.base/java.lang.Thread.run(Thread.java:834)
	at org.robovm.debugger.utils.DebuggerThread.run(DebuggerThread.java:42)
13:40:50.207 SEVERE: Debugger: Thread HooksChannel socket thread crashed
org.robovm.debugger.DebuggerException: java.io.IOException: org.robovm.libimobiledevice.LibIMobileDeviceException: IDEVICE_E_UNKNOWN_ERROR
	at org.robovm.debugger.hooks.HooksChannel.doSocketWork(HooksChannel.java:149)
	at java.base/java.lang.Thread.run(Thread.java:834)
	at org.robovm.debugger.utils.DebuggerThread.run(DebuggerThread.java:42)
Caused by: java.io.IOException: org.robovm.libimobiledevice.LibIMobileDeviceException: IDEVICE_E_UNKNOWN_ERROR
	at org.robovm.libimobiledevice.IDeviceConnection$DeviceInputStream.read(IDeviceConnection.java:203)
	at org.robovm.debugger.utils.bytebuffer.DataBufferWriter.writeFromStream(DataBufferWriter.java:89)
	at org.robovm.debugger.hooks.HooksChannel.doSocketWork(HooksChannel.java:116)
	... 2 more
Caused by: org.robovm.libimobiledevice.LibIMobileDeviceException: IDEVICE_E_UNKNOWN_ERROR
	at org.robovm.libimobiledevice.IDevice.checkResult(IDevice.java:206)
	at org.robovm.libimobiledevice.IDeviceConnection.receive(IDeviceConnection.java:110)
	at org.robovm.libimobiledevice.IDeviceConnection.receive(IDeviceConnection.java:81)
	at org.robovm.libimobiledevice.IDeviceConnection$DeviceInputStream.read(IDeviceConnection.java:201)
	... 4 more
