14:23:46.643 INFO: JdwpDebugServer: handling req: VirtualMachine(1).IDSizes(7)
14:23:46.643 INFO: JdwpDebugServer: handling req: EventRequest(15).Set(1)
14:23:46.643 INFO: JdwpEventCenterDelegate: jdwpSetEventRequest: JdwpEventRequest{requestId=100, eventKind=CLASS_PREPARE, suspendPolicy=NONE, predicates=[]}
14:23:46.644 INFO: JdwpDebugServer: handling req: EventRequest(15).Set(1)
14:23:46.644 INFO: JdwpEventCenterDelegate: jdwpSetEventRequest: JdwpEventRequest{requestId=101, eventKind=CLASS_UNLOAD, suspendPolicy=NONE, predicates=[]}
14:23:46.663 INFO: JdwpDebugServer: handling req: VirtualMachine(1).Version(1)
14:23:46.663 INFO: JdwpDebugServer: handling req: VirtualMachine(1).capabilitiesNew(17)
14:23:46.663 INFO: JdwpDebugServer: handling req: VirtualMachine(1).capabilities(12)
14:23:46.664 INFO: JdwpDebugServer: handling req: VirtualMachine(1).AllClassesWithGeneric(20)
14:23:46.667 INFO: JdwpDebugServer: handling req: VirtualMachine(1).TopLevelThreadGroups(5)
14:23:46.667 INFO: JdwpDebugServer: handling req: EventRequest(15).Set(1)
14:23:46.667 INFO: JdwpEventCenterDelegate: jdwpSetEventRequest: JdwpEventRequest{requestId=102, eventKind=THREAD_START, suspendPolicy=NONE, predicates=[]}
14:23:46.668 INFO: JdwpDebugServer: handling req: EventRequest(15).Set(1)
14:23:46.668 INFO: JdwpEventCenterDelegate: jdwpSetEventRequest: JdwpEventRequest{requestId=103, eventKind=THREAD_DEATH, suspendPolicy=NONE, predicates=[]}
14:23:46.670 INFO: JdwpDebugServer: handling req: EventRequest(15).Set(1)
14:23:46.670 INFO: JdwpEventCenterDelegate: jdwpSetEventRequest: JdwpEventRequest{requestId=104, eventKind=CLASS_PREPARE, suspendPolicy=EVENT_THREAD, predicates=[className=sun.instrument.InstrumentationImpl]}
14:23:46.670 INFO: JdwpDebugServer: handling req: EventRequest(15).Set(1)
14:23:46.670 INFO: JdwpEventCenterDelegate: jdwpSetEventRequest: JdwpEventRequest{requestId=105, eventKind=CLASS_PREPARE, suspendPolicy=EVENT_THREAD, predicates=[className=sun.instrument.InstrumentationImpl]}
14:23:47.263 INFO: JdwpDebugServer: handling req: VirtualMachine(1).Resume(9)
14:23:47.314 INFO: JdwpEventCenterDelegate: THREAD_STARTED: thread (33, main, main)
14:23:47.334 INFO: JdwpEventCenterDelegate: THREAD_STARTED: thread (48, ReferenceQueueDaemon, main)
14:23:47.340 INFO: JdwpEventCenterDelegate: THREAD_STARTED: thread (63, FinalizerDaemon, main)
14:23:47.345 INFO: JdwpEventCenterDelegate: THREAD_STARTED: thread (78, FinalizerWatchdogDaemon, main)
14:23:47.348 INFO: JdwpEventCenterDelegate: THREAD_RESUMED: thread (33, main, main)
14:23:47.350 INFO: JdwpEventCenterDelegate: THREAD_RESUMED: thread (33, main, main)
14:23:47.352 INFO: JdwpEventCenterDelegate: THREAD_RESUMED: thread (33, main, main)
14:23:47.353 INFO: JdwpEventCenterDelegate: THREAD_RESUMED: thread (33, main, main)
14:23:47.355 INFO: JdwpEventCenterDelegate: THREAD_RESUMED: thread (33, main, main)
14:23:47.356 INFO: JdwpEventCenterDelegate: THREAD_RESUMED: thread (33, main, main)
14:23:47.358 INFO: JdwpEventCenterDelegate: THREAD_RESUMED: thread (33, main, main)
14:23:47.360 INFO: JdwpEventCenterDelegate: THREAD_RESUMED: thread (33, main, main)
14:23:47.362 INFO: JdwpEventCenterDelegate: THREAD_RESUMED: thread (33, main, main)
14:23:47.363 INFO: JdwpEventCenterDelegate: THREAD_RESUMED: thread (33, main, main)
14:23:47.365 INFO: JdwpEventCenterDelegate: THREAD_RESUMED: thread (33, main, main)
14:23:47.366 INFO: JdwpEventCenterDelegate: THREAD_RESUMED: thread (33, main, main)
14:23:47.368 INFO: JdwpEventCenterDelegate: THREAD_RESUMED: thread (33, main, main)
14:23:47.369 INFO: JdwpEventCenterDelegate: THREAD_RESUMED: thread (33, main, main)
14:23:47.371 INFO: JdwpEventCenterDelegate: THREAD_RESUMED: thread (33, main, main)
14:23:47.373 INFO: JdwpEventCenterDelegate: THREAD_RESUMED: thread (33, main, main)
14:23:47.374 INFO: JdwpEventCenterDelegate: THREAD_RESUMED: thread (33, main, main)
14:23:47.375 INFO: JdwpEventCenterDelegate: THREAD_RESUMED: thread (33, main, main)
14:23:47.379 INFO: JdwpEventCenterDelegate: THREAD_RESUMED: thread (33, main, main)
14:23:47.380 INFO: JdwpEventCenterDelegate: THREAD_RESUMED: thread (33, main, main)
14:23:47.381 INFO: JdwpEventCenterDelegate: THREAD_RESUMED: thread (33, main, main)
14:23:47.382 INFO: JdwpEventCenterDelegate: THREAD_RESUMED: thread (33, main, main)
14:23:47.383 INFO: JdwpEventCenterDelegate: THREAD_RESUMED: thread (33, main, main)
14:23:47.384 INFO: JdwpEventCenterDelegate: THREAD_RESUMED: thread (33, main, main)
14:23:47.385 INFO: JdwpEventCenterDelegate: THREAD_RESUMED: thread (33, main, main)
14:23:47.415 INFO: JdwpEventCenterDelegate: THREAD_RESUMED: thread (33, main, main)
14:23:47.417 INFO: JdwpEventCenterDelegate: THREAD_RESUMED: thread (33, main, main)
14:23:47.419 INFO: JdwpEventCenterDelegate: THREAD_RESUMED: thread (33, main, main)
14:23:47.420 INFO: JdwpEventCenterDelegate: THREAD_RESUMED: thread (33, main, main)
14:23:47.422 INFO: JdwpEventCenterDelegate: THREAD_RESUMED: thread (33, main, main)
14:23:47.423 INFO: JdwpEventCenterDelegate: THREAD_RESUMED: thread (33, main, main)
14:23:47.424 INFO: JdwpEventCenterDelegate: THREAD_RESUMED: thread (33, main, main)
14:23:47.427 INFO: JdwpEventCenterDelegate: THREAD_RESUMED: thread (33, main, main)
14:23:47.429 INFO: JdwpEventCenterDelegate: THREAD_RESUMED: thread (33, main, main)
14:23:47.430 INFO: JdwpEventCenterDelegate: THREAD_RESUMED: thread (33, main, main)
14:23:47.431 INFO: JdwpEventCenterDelegate: THREAD_RESUMED: thread (33, main, main)
14:23:47.433 INFO: JdwpEventCenterDelegate: THREAD_RESUMED: thread (33, main, main)
14:23:47.434 INFO: JdwpEventCenterDelegate: THREAD_RESUMED: thread (33, main, main)
14:23:47.435 INFO: JdwpEventCenterDelegate: THREAD_RESUMED: thread (33, main, main)
14:23:47.451 INFO: JdwpEventCenterDelegate: THREAD_RESUMED: thread (33, main, main)
14:23:47.452 INFO: JdwpEventCenterDelegate: THREAD_RESUMED: thread (33, main, main)
14:23:47.453 INFO: JdwpEventCenterDelegate: THREAD_RESUMED: thread (33, main, main)
14:23:47.455 INFO: JdwpEventCenterDelegate: THREAD_RESUMED: thread (33, main, main)
14:23:47.456 INFO: JdwpEventCenterDelegate: THREAD_RESUMED: thread (33, main, main)
14:23:47.457 INFO: JdwpEventCenterDelegate: THREAD_RESUMED: thread (33, main, main)
14:23:47.459 INFO: JdwpEventCenterDelegate: THREAD_RESUMED: thread (33, main, main)
14:23:47.498 INFO: JdwpEventCenterDelegate: THREAD_RESUMED: thread (33, main, main)
14:23:47.499 INFO: JdwpEventCenterDelegate: THREAD_RESUMED: thread (33, main, main)
14:23:47.501 INFO: JdwpEventCenterDelegate: THREAD_RESUMED: thread (33, main, main)
14:23:47.502 INFO: JdwpEventCenterDelegate: THREAD_RESUMED: thread (33, main, main)
14:23:47.503 INFO: JdwpEventCenterDelegate: THREAD_RESUMED: thread (33, main, main)
14:23:47.504 INFO: JdwpEventCenterDelegate: THREAD_RESUMED: thread (33, main, main)
14:23:47.505 INFO: JdwpEventCenterDelegate: THREAD_RESUMED: thread (33, main, main)
14:23:47.519 INFO: JdwpEventCenterDelegate: THREAD_RESUMED: thread (33, main, main)
14:23:47.520 INFO: JdwpEventCenterDelegate: THREAD_RESUMED: thread (33, main, main)
14:23:47.522 INFO: JdwpEventCenterDelegate: THREAD_RESUMED: thread (33, main, main)
14:23:47.523 INFO: JdwpEventCenterDelegate: THREAD_RESUMED: thread (33, main, main)
14:23:47.525 INFO: JdwpEventCenterDelegate: THREAD_RESUMED: thread (33, main, main)
14:23:47.526 INFO: JdwpEventCenterDelegate: THREAD_RESUMED: thread (33, main, main)
14:23:47.528 INFO: JdwpEventCenterDelegate: THREAD_RESUMED: thread (33, main, main)
14:23:47.537 INFO: JdwpEventCenterDelegate: THREAD_RESUMED: thread (33, main, main)
14:23:47.539 INFO: JdwpEventCenterDelegate: THREAD_RESUMED: thread (33, main, main)
14:23:47.540 INFO: JdwpEventCenterDelegate: THREAD_RESUMED: thread (33, main, main)
14:23:47.541 INFO: JdwpEventCenterDelegate: THREAD_RESUMED: thread (33, main, main)
14:23:47.542 INFO: JdwpEventCenterDelegate: THREAD_RESUMED: thread (33, main, main)
14:23:47.544 INFO: JdwpEventCenterDelegate: THREAD_RESUMED: thread (33, main, main)
14:23:47.545 INFO: JdwpEventCenterDelegate: THREAD_RESUMED: thread (33, main, main)
14:23:47.547 INFO: JdwpEventCenterDelegate: THREAD_RESUMED: thread (33, main, main)
14:23:47.548 INFO: JdwpEventCenterDelegate: THREAD_RESUMED: thread (33, main, main)
14:23:47.550 INFO: JdwpEventCenterDelegate: THREAD_RESUMED: thread (33, main, main)
14:23:47.551 INFO: JdwpEventCenterDelegate: THREAD_RESUMED: thread (33, main, main)
14:23:47.552 INFO: JdwpEventCenterDelegate: THREAD_RESUMED: thread (33, main, main)
14:23:47.554 INFO: JdwpEventCenterDelegate: THREAD_RESUMED: thread (33, main, main)
14:23:47.555 INFO: JdwpEventCenterDelegate: THREAD_RESUMED: thread (33, main, main)
14:23:47.556 INFO: JdwpEventCenterDelegate: THREAD_RESUMED: thread (33, main, main)
14:23:47.558 INFO: JdwpEventCenterDelegate: THREAD_RESUMED: thread (33, main, main)
14:23:47.559 INFO: JdwpEventCenterDelegate: THREAD_RESUMED: thread (33, main, main)
14:23:47.561 INFO: JdwpEventCenterDelegate: THREAD_RESUMED: thread (33, main, main)
14:23:47.565 INFO: JdwpEventCenterDelegate: THREAD_RESUMED: thread (33, main, main)
14:23:47.566 INFO: JdwpEventCenterDelegate: THREAD_RESUMED: thread (33, main, main)
14:23:47.699 INFO: JdwpEventCenterDelegate: THREAD_STARTED: thread (93, AssetManager, main)
14:23:47.801 INFO: JdwpEventCenterDelegate: THREAD_RESUMED: thread (33, main, main)
14:23:47.803 INFO: JdwpEventCenterDelegate: THREAD_RESUMED: thread (33, main, main)
14:23:50.374 INFO: JdwpEventCenterDelegate: THREAD_RESUMED: thread (33, main, main)
14:23:50.473 INFO: JdwpEventCenterDelegate: THREAD_RESUMED: thread (33, main, main)
14:23:50.475 INFO: JdwpEventCenterDelegate: THREAD_RESUMED: thread (33, main, main)
14:23:50.476 INFO: JdwpEventCenterDelegate: THREAD_RESUMED: thread (33, main, main)
14:23:50.478 INFO: JdwpEventCenterDelegate: THREAD_RESUMED: thread (33, main, main)
14:23:50.480 INFO: JdwpEventCenterDelegate: THREAD_RESUMED: thread (33, main, main)
14:23:50.486 INFO: JdwpEventCenterDelegate: THREAD_RESUMED: thread (33, main, main)
14:23:50.498 INFO: JdwpEventCenterDelegate: THREAD_RESUMED: thread (33, main, main)
14:23:50.500 INFO: JdwpEventCenterDelegate: THREAD_RESUMED: thread (33, main, main)
14:23:50.502 INFO: JdwpEventCenterDelegate: THREAD_RESUMED: thread (33, main, main)
14:23:50.504 INFO: JdwpEventCenterDelegate: THREAD_RESUMED: thread (33, main, main)
14:23:50.506 INFO: JdwpEventCenterDelegate: THREAD_RESUMED: thread (33, main, main)
14:23:50.511 INFO: JdwpEventCenterDelegate: THREAD_RESUMED: thread (33, main, main)
14:23:50.525 INFO: JdwpEventCenterDelegate: THREAD_RESUMED: thread (33, main, main)
14:23:50.528 INFO: JdwpEventCenterDelegate: THREAD_RESUMED: thread (33, main, main)
14:23:50.530 INFO: JdwpEventCenterDelegate: THREAD_RESUMED: thread (33, main, main)
14:23:50.532 INFO: JdwpEventCenterDelegate: THREAD_RESUMED: thread (33, main, main)
14:23:50.534 INFO: JdwpEventCenterDelegate: THREAD_RESUMED: thread (33, main, main)
14:23:50.539 INFO: JdwpEventCenterDelegate: THREAD_RESUMED: thread (33, main, main)
14:23:50.557 INFO: JdwpEventCenterDelegate: THREAD_RESUMED: thread (33, main, main)
14:23:50.559 INFO: JdwpEventCenterDelegate: THREAD_RESUMED: thread (33, main, main)
14:23:50.561 INFO: JdwpEventCenterDelegate: THREAD_RESUMED: thread (33, main, main)
14:23:50.563 INFO: JdwpEventCenterDelegate: THREAD_RESUMED: thread (33, main, main)
14:23:50.565 INFO: JdwpEventCenterDelegate: THREAD_RESUMED: thread (33, main, main)
14:23:50.570 INFO: JdwpEventCenterDelegate: THREAD_RESUMED: thread (33, main, main)
14:23:50.585 INFO: JdwpEventCenterDelegate: THREAD_RESUMED: thread (33, main, main)
14:23:50.587 INFO: JdwpEventCenterDelegate: THREAD_RESUMED: thread (33, main, main)
14:23:50.590 INFO: JdwpEventCenterDelegate: THREAD_RESUMED: thread (33, main, main)
14:23:50.592 INFO: JdwpEventCenterDelegate: THREAD_RESUMED: thread (33, main, main)
14:23:50.594 INFO: JdwpEventCenterDelegate: THREAD_RESUMED: thread (33, main, main)
14:23:50.599 INFO: JdwpEventCenterDelegate: THREAD_RESUMED: thread (33, main, main)
14:23:50.615 INFO: JdwpEventCenterDelegate: THREAD_RESUMED: thread (33, main, main)
14:23:50.617 INFO: JdwpEventCenterDelegate: THREAD_RESUMED: thread (33, main, main)
14:23:50.619 INFO: JdwpEventCenterDelegate: THREAD_RESUMED: thread (33, main, main)
14:23:50.621 INFO: JdwpEventCenterDelegate: THREAD_RESUMED: thread (33, main, main)
14:23:50.624 INFO: JdwpEventCenterDelegate: THREAD_RESUMED: thread (33, main, main)
14:23:50.629 INFO: JdwpEventCenterDelegate: THREAD_RESUMED: thread (33, main, main)
14:23:50.651 INFO: JdwpEventCenterDelegate: THREAD_RESUMED: thread (33, main, main)
14:23:50.652 INFO: JdwpEventCenterDelegate: THREAD_RESUMED: thread (33, main, main)
14:23:50.654 INFO: JdwpEventCenterDelegate: THREAD_RESUMED: thread (33, main, main)
14:23:50.657 INFO: JdwpEventCenterDelegate: THREAD_RESUMED: thread (33, main, main)
14:23:50.659 INFO: JdwpEventCenterDelegate: THREAD_RESUMED: thread (33, main, main)
14:23:50.664 INFO: JdwpEventCenterDelegate: THREAD_RESUMED: thread (33, main, main)
14:23:50.683 INFO: JdwpEventCenterDelegate: THREAD_RESUMED: thread (33, main, main)
14:23:50.685 INFO: JdwpEventCenterDelegate: THREAD_RESUMED: thread (33, main, main)
14:23:50.687 INFO: JdwpEventCenterDelegate: THREAD_RESUMED: thread (33, main, main)
14:23:50.689 INFO: JdwpEventCenterDelegate: THREAD_RESUMED: thread (33, main, main)
14:23:50.691 INFO: JdwpEventCenterDelegate: THREAD_RESUMED: thread (33, main, main)
14:23:50.696 INFO: JdwpEventCenterDelegate: THREAD_RESUMED: thread (33, main, main)
14:23:50.715 INFO: JdwpEventCenterDelegate: THREAD_RESUMED: thread (33, main, main)
14:23:50.717 INFO: JdwpEventCenterDelegate: THREAD_RESUMED: thread (33, main, main)
14:23:50.719 INFO: JdwpEventCenterDelegate: THREAD_RESUMED: thread (33, main, main)
14:23:50.721 INFO: JdwpEventCenterDelegate: THREAD_RESUMED: thread (33, main, main)
14:23:50.724 INFO: JdwpEventCenterDelegate: THREAD_RESUMED: thread (33, main, main)
14:23:50.728 INFO: JdwpEventCenterDelegate: THREAD_RESUMED: thread (33, main, main)
14:23:50.743 INFO: JdwpEventCenterDelegate: THREAD_RESUMED: thread (33, main, main)
14:23:50.746 INFO: JdwpEventCenterDelegate: THREAD_RESUMED: thread (33, main, main)
14:23:50.748 INFO: JdwpEventCenterDelegate: THREAD_RESUMED: thread (33, main, main)
14:23:50.750 INFO: JdwpEventCenterDelegate: THREAD_RESUMED: thread (33, main, main)
14:23:50.752 INFO: JdwpEventCenterDelegate: THREAD_RESUMED: thread (33, main, main)
14:23:50.756 INFO: JdwpEventCenterDelegate: THREAD_RESUMED: thread (33, main, main)
14:23:50.771 INFO: JdwpEventCenterDelegate: THREAD_RESUMED: thread (33, main, main)
14:23:50.773 INFO: JdwpEventCenterDelegate: THREAD_RESUMED: thread (33, main, main)
14:23:50.775 INFO: JdwpEventCenterDelegate: THREAD_RESUMED: thread (33, main, main)
14:23:50.777 INFO: JdwpEventCenterDelegate: THREAD_RESUMED: thread (33, main, main)
14:23:50.779 INFO: JdwpEventCenterDelegate: THREAD_RESUMED: thread (33, main, main)
14:23:50.784 INFO: JdwpEventCenterDelegate: THREAD_RESUMED: thread (33, main, main)
14:23:50.804 INFO: JdwpEventCenterDelegate: THREAD_RESUMED: thread (33, main, main)
14:23:50.806 INFO: JdwpEventCenterDelegate: THREAD_RESUMED: thread (33, main, main)
14:23:50.808 INFO: JdwpEventCenterDelegate: THREAD_RESUMED: thread (33, main, main)
14:23:50.810 INFO: JdwpEventCenterDelegate: THREAD_RESUMED: thread (33, main, main)
14:23:50.812 INFO: JdwpEventCenterDelegate: THREAD_RESUMED: thread (33, main, main)
14:23:50.817 INFO: JdwpEventCenterDelegate: THREAD_RESUMED: thread (33, main, main)
14:23:50.839 INFO: JdwpEventCenterDelegate: THREAD_RESUMED: thread (33, main, main)
14:23:50.841 INFO: JdwpEventCenterDelegate: THREAD_RESUMED: thread (33, main, main)
14:23:50.843 INFO: JdwpEventCenterDelegate: THREAD_RESUMED: thread (33, main, main)
14:23:50.845 INFO: JdwpEventCenterDelegate: THREAD_RESUMED: thread (33, main, main)
14:23:50.847 INFO: JdwpEventCenterDelegate: THREAD_RESUMED: thread (33, main, main)
14:23:50.852 INFO: JdwpEventCenterDelegate: THREAD_RESUMED: thread (33, main, main)
14:23:50.871 INFO: JdwpEventCenterDelegate: THREAD_RESUMED: thread (33, main, main)
14:23:50.874 INFO: JdwpEventCenterDelegate: THREAD_RESUMED: thread (33, main, main)
14:23:50.876 INFO: JdwpEventCenterDelegate: THREAD_RESUMED: thread (33, main, main)
14:23:50.878 INFO: JdwpEventCenterDelegate: THREAD_RESUMED: thread (33, main, main)
14:23:50.880 INFO: JdwpEventCenterDelegate: THREAD_RESUMED: thread (33, main, main)
14:23:50.885 INFO: JdwpEventCenterDelegate: THREAD_RESUMED: thread (33, main, main)
14:23:50.899 INFO: JdwpEventCenterDelegate: THREAD_RESUMED: thread (33, main, main)
14:23:50.901 INFO: JdwpEventCenterDelegate: THREAD_RESUMED: thread (33, main, main)
14:23:50.903 INFO: JdwpEventCenterDelegate: THREAD_RESUMED: thread (33, main, main)
14:23:50.905 INFO: JdwpEventCenterDelegate: THREAD_RESUMED: thread (33, main, main)
14:23:50.907 INFO: JdwpEventCenterDelegate: THREAD_RESUMED: thread (33, main, main)
14:23:50.912 INFO: JdwpEventCenterDelegate: THREAD_RESUMED: thread (33, main, main)
14:23:50.914 INFO: JdwpEventCenterDelegate: THREAD_RESUMED: thread (33, main, main)
14:23:50.916 INFO: JdwpEventCenterDelegate: THREAD_RESUMED: thread (33, main, main)
14:23:50.918 INFO: JdwpEventCenterDelegate: THREAD_RESUMED: thread (33, main, main)
14:23:50.920 INFO: JdwpEventCenterDelegate: THREAD_RESUMED: thread (33, main, main)
14:23:50.923 INFO: JdwpEventCenterDelegate: THREAD_RESUMED: thread (33, main, main)
14:23:50.925 INFO: JdwpEventCenterDelegate: THREAD_RESUMED: thread (33, main, main)
14:23:50.930 INFO: JdwpEventCenterDelegate: THREAD_RESUMED: thread (33, main, main)
14:23:50.932 INFO: JdwpEventCenterDelegate: THREAD_RESUMED: thread (33, main, main)
14:23:50.934 INFO: JdwpEventCenterDelegate: THREAD_RESUMED: thread (33, main, main)
14:23:50.936 INFO: JdwpEventCenterDelegate: THREAD_RESUMED: thread (33, main, main)
14:23:50.947 INFO: JdwpEventCenterDelegate: THREAD_RESUMED: thread (33, main, main)
14:23:50.949 INFO: JdwpEventCenterDelegate: THREAD_RESUMED: thread (33, main, main)
14:23:50.951 INFO: JdwpEventCenterDelegate: THREAD_RESUMED: thread (33, main, main)
14:23:50.952 INFO: JdwpEventCenterDelegate: THREAD_RESUMED: thread (33, main, main)
14:23:50.954 INFO: JdwpEventCenterDelegate: THREAD_RESUMED: thread (33, main, main)
14:23:50.959 INFO: JdwpEventCenterDelegate: THREAD_RESUMED: thread (33, main, main)
14:23:50.974 INFO: JdwpEventCenterDelegate: THREAD_RESUMED: thread (33, main, main)
14:23:50.988 INFO: JdwpEventCenterDelegate: THREAD_RESUMED: thread (33, main, main)
14:23:50.999 INFO: JdwpEventCenterDelegate: THREAD_RESUMED: thread (33, main, main)
14:23:51.012 INFO: JdwpEventCenterDelegate: THREAD_RESUMED: thread (33, main, main)
14:23:51.042 INFO: JdwpEventCenterDelegate: THREAD_RESUMED: thread (33, main, main)
14:23:51.044 INFO: JdwpEventCenterDelegate: THREAD_RESUMED: thread (33, main, main)
14:23:51.047 INFO: JdwpEventCenterDelegate: THREAD_RESUMED: thread (33, main, main)
14:23:51.049 INFO: JdwpEventCenterDelegate: THREAD_RESUMED: thread (33, main, main)
14:23:51.051 INFO: JdwpEventCenterDelegate: THREAD_RESUMED: thread (33, main, main)
14:23:51.056 INFO: JdwpEventCenterDelegate: THREAD_RESUMED: thread (33, main, main)
14:23:51.067 INFO: JdwpEventCenterDelegate: THREAD_RESUMED: thread (33, main, main)
14:23:51.069 INFO: JdwpEventCenterDelegate: THREAD_RESUMED: thread (33, main, main)
14:23:51.072 INFO: JdwpEventCenterDelegate: THREAD_RESUMED: thread (33, main, main)
14:23:51.074 INFO: JdwpEventCenterDelegate: THREAD_RESUMED: thread (33, main, main)
14:23:51.076 INFO: JdwpEventCenterDelegate: THREAD_RESUMED: thread (33, main, main)
14:23:51.081 INFO: JdwpEventCenterDelegate: THREAD_RESUMED: thread (33, main, main)
14:23:51.095 INFO: JdwpEventCenterDelegate: THREAD_RESUMED: thread (33, main, main)
14:23:51.097 INFO: JdwpEventCenterDelegate: THREAD_RESUMED: thread (33, main, main)
14:23:51.100 INFO: JdwpEventCenterDelegate: THREAD_RESUMED: thread (33, main, main)
14:23:51.102 INFO: JdwpEventCenterDelegate: THREAD_RESUMED: thread (33, main, main)
14:23:51.104 INFO: JdwpEventCenterDelegate: THREAD_RESUMED: thread (33, main, main)
14:23:51.108 INFO: JdwpEventCenterDelegate: THREAD_RESUMED: thread (33, main, main)
14:23:51.126 INFO: JdwpEventCenterDelegate: THREAD_RESUMED: thread (33, main, main)
14:23:51.128 INFO: JdwpEventCenterDelegate: THREAD_RESUMED: thread (33, main, main)
14:23:51.130 INFO: JdwpEventCenterDelegate: THREAD_RESUMED: thread (33, main, main)
14:23:51.132 INFO: JdwpEventCenterDelegate: THREAD_RESUMED: thread (33, main, main)
14:23:51.134 INFO: JdwpEventCenterDelegate: THREAD_RESUMED: thread (33, main, main)
14:23:51.139 INFO: JdwpEventCenterDelegate: THREAD_RESUMED: thread (33, main, main)
14:23:51.153 INFO: JdwpEventCenterDelegate: THREAD_RESUMED: thread (33, main, main)
14:23:51.155 INFO: JdwpEventCenterDelegate: THREAD_RESUMED: thread (33, main, main)
14:23:51.158 INFO: JdwpEventCenterDelegate: THREAD_RESUMED: thread (33, main, main)
14:23:51.159 INFO: JdwpEventCenterDelegate: THREAD_RESUMED: thread (33, main, main)
14:23:51.161 INFO: JdwpEventCenterDelegate: THREAD_RESUMED: thread (33, main, main)
14:23:51.165 INFO: JdwpEventCenterDelegate: THREAD_RESUMED: thread (33, main, main)
14:23:51.183 INFO: JdwpEventCenterDelegate: THREAD_RESUMED: thread (33, main, main)
14:23:51.185 INFO: JdwpEventCenterDelegate: THREAD_RESUMED: thread (33, main, main)
14:23:51.187 INFO: JdwpEventCenterDelegate: THREAD_RESUMED: thread (33, main, main)
14:23:51.189 INFO: JdwpEventCenterDelegate: THREAD_RESUMED: thread (33, main, main)
14:23:51.191 INFO: JdwpEventCenterDelegate: THREAD_RESUMED: thread (33, main, main)
14:23:51.195 INFO: JdwpEventCenterDelegate: THREAD_RESUMED: thread (33, main, main)
14:23:51.213 INFO: JdwpEventCenterDelegate: THREAD_RESUMED: thread (33, main, main)
14:23:51.215 INFO: JdwpEventCenterDelegate: THREAD_RESUMED: thread (33, main, main)
14:23:51.217 INFO: JdwpEventCenterDelegate: THREAD_RESUMED: thread (33, main, main)
14:23:51.219 INFO: JdwpEventCenterDelegate: THREAD_RESUMED: thread (33, main, main)
14:23:51.221 INFO: JdwpEventCenterDelegate: THREAD_RESUMED: thread (33, main, main)
14:23:51.226 INFO: JdwpEventCenterDelegate: THREAD_RESUMED: thread (33, main, main)
14:23:51.243 INFO: JdwpEventCenterDelegate: THREAD_RESUMED: thread (33, main, main)
14:23:51.245 INFO: JdwpEventCenterDelegate: THREAD_RESUMED: thread (33, main, main)
14:23:51.247 INFO: JdwpEventCenterDelegate: THREAD_RESUMED: thread (33, main, main)
14:23:51.249 INFO: JdwpEventCenterDelegate: THREAD_RESUMED: thread (33, main, main)
14:23:51.251 INFO: JdwpEventCenterDelegate: THREAD_RESUMED: thread (33, main, main)
14:23:51.256 INFO: JdwpEventCenterDelegate: THREAD_RESUMED: thread (33, main, main)
14:23:51.273 INFO: JdwpEventCenterDelegate: THREAD_RESUMED: thread (33, main, main)
14:23:51.275 INFO: JdwpEventCenterDelegate: THREAD_RESUMED: thread (33, main, main)
14:23:51.277 INFO: JdwpEventCenterDelegate: THREAD_RESUMED: thread (33, main, main)
14:23:51.279 INFO: JdwpEventCenterDelegate: THREAD_RESUMED: thread (33, main, main)
14:23:51.281 INFO: JdwpEventCenterDelegate: THREAD_RESUMED: thread (33, main, main)
14:23:51.285 INFO: JdwpEventCenterDelegate: THREAD_RESUMED: thread (33, main, main)
14:23:51.299 INFO: JdwpEventCenterDelegate: THREAD_RESUMED: thread (33, main, main)
14:23:51.302 INFO: JdwpEventCenterDelegate: THREAD_RESUMED: thread (33, main, main)
14:23:51.304 INFO: JdwpEventCenterDelegate: THREAD_RESUMED: thread (33, main, main)
14:23:51.306 INFO: JdwpEventCenterDelegate: THREAD_RESUMED: thread (33, main, main)
14:23:51.308 INFO: JdwpEventCenterDelegate: THREAD_RESUMED: thread (33, main, main)
14:23:51.313 INFO: JdwpEventCenterDelegate: THREAD_RESUMED: thread (33, main, main)
14:23:51.327 INFO: JdwpEventCenterDelegate: THREAD_RESUMED: thread (33, main, main)
14:23:51.329 INFO: JdwpEventCenterDelegate: THREAD_RESUMED: thread (33, main, main)
14:23:51.331 INFO: JdwpEventCenterDelegate: THREAD_RESUMED: thread (33, main, main)
14:23:51.333 INFO: JdwpEventCenterDelegate: THREAD_RESUMED: thread (33, main, main)
14:23:51.335 INFO: JdwpEventCenterDelegate: THREAD_RESUMED: thread (33, main, main)
14:23:51.340 INFO: JdwpEventCenterDelegate: THREAD_RESUMED: thread (33, main, main)
14:23:51.362 INFO: JdwpEventCenterDelegate: THREAD_RESUMED: thread (33, main, main)
14:23:51.364 INFO: JdwpEventCenterDelegate: THREAD_RESUMED: thread (33, main, main)
14:23:51.366 INFO: JdwpEventCenterDelegate: THREAD_RESUMED: thread (33, main, main)
14:23:51.368 INFO: JdwpEventCenterDelegate: THREAD_RESUMED: thread (33, main, main)
14:23:51.371 INFO: JdwpEventCenterDelegate: THREAD_RESUMED: thread (33, main, main)
14:23:51.375 INFO: JdwpEventCenterDelegate: THREAD_RESUMED: thread (33, main, main)
14:23:51.396 INFO: JdwpEventCenterDelegate: THREAD_RESUMED: thread (33, main, main)
14:23:51.398 INFO: JdwpEventCenterDelegate: THREAD_RESUMED: thread (33, main, main)
14:23:51.400 INFO: JdwpEventCenterDelegate: THREAD_RESUMED: thread (33, main, main)
14:23:51.403 INFO: JdwpEventCenterDelegate: THREAD_RESUMED: thread (33, main, main)
14:23:51.405 INFO: JdwpEventCenterDelegate: THREAD_RESUMED: thread (33, main, main)
14:23:51.409 INFO: JdwpEventCenterDelegate: THREAD_RESUMED: thread (33, main, main)
14:23:51.426 INFO: JdwpEventCenterDelegate: THREAD_RESUMED: thread (33, main, main)
14:23:51.429 INFO: JdwpEventCenterDelegate: THREAD_RESUMED: thread (33, main, main)
14:23:51.431 INFO: JdwpEventCenterDelegate: THREAD_RESUMED: thread (33, main, main)
14:23:51.432 INFO: JdwpEventCenterDelegate: THREAD_RESUMED: thread (33, main, main)
14:23:51.434 INFO: JdwpEventCenterDelegate: THREAD_RESUMED: thread (33, main, main)
14:23:51.439 INFO: JdwpEventCenterDelegate: THREAD_RESUMED: thread (33, main, main)
14:23:51.452 INFO: JdwpEventCenterDelegate: THREAD_RESUMED: thread (33, main, main)
14:23:51.454 INFO: JdwpEventCenterDelegate: THREAD_RESUMED: thread (33, main, main)
14:23:51.456 INFO: JdwpEventCenterDelegate: THREAD_RESUMED: thread (33, main, main)
14:23:51.458 INFO: JdwpEventCenterDelegate: THREAD_RESUMED: thread (33, main, main)
14:23:51.460 INFO: JdwpEventCenterDelegate: THREAD_RESUMED: thread (33, main, main)
14:25:06.372 INFO: JdwpEventCenterDelegate: THREAD_STARTED: thread (108, Timer, main)
14:25:07.245 INFO: JdwpEventCenterDelegate: THREAD_RESUMED: thread (33, main, main)
14:25:07.280 INFO: JdwpEventCenterDelegate: THREAD_RESUMED: thread (33, main, main)
14:25:07.304 INFO: JdwpEventCenterDelegate: THREAD_RESUMED: thread (33, main, main)
14:25:07.321 INFO: JdwpEventCenterDelegate: THREAD_RESUMED: thread (33, main, main)
14:25:07.363 INFO: JdwpEventCenterDelegate: THREAD_RESUMED: thread (33, main, main)
14:25:07.397 INFO: JdwpEventCenterDelegate: THREAD_RESUMED: thread (33, main, main)
14:25:07.414 INFO: JdwpEventCenterDelegate: THREAD_RESUMED: thread (33, main, main)
14:25:07.429 INFO: JdwpEventCenterDelegate: THREAD_RESUMED: thread (33, main, main)
14:25:07.436 INFO: JdwpEventCenterDelegate: THREAD_RESUMED: thread (33, main, main)
14:25:07.449 INFO: JdwpEventCenterDelegate: THREAD_RESUMED: thread (33, main, main)
14:25:07.480 INFO: JdwpEventCenterDelegate: THREAD_RESUMED: thread (33, main, main)
14:25:07.492 INFO: JdwpEventCenterDelegate: THREAD_RESUMED: thread (33, main, main)
14:25:07.504 INFO: JdwpEventCenterDelegate: THREAD_RESUMED: thread (33, main, main)
14:25:07.516 INFO: JdwpEventCenterDelegate: THREAD_RESUMED: thread (33, main, main)
14:25:07.551 INFO: JdwpEventCenterDelegate: THREAD_RESUMED: thread (33, main, main)
14:25:07.584 INFO: JdwpEventCenterDelegate: THREAD_RESUMED: thread (33, main, main)
14:25:07.600 INFO: JdwpEventCenterDelegate: THREAD_RESUMED: thread (33, main, main)
14:25:07.614 INFO: JdwpEventCenterDelegate: THREAD_RESUMED: thread (33, main, main)
14:25:07.620 INFO: JdwpEventCenterDelegate: THREAD_RESUMED: thread (33, main, main)
14:25:07.634 INFO: JdwpEventCenterDelegate: THREAD_RESUMED: thread (33, main, main)
14:28:41.440 INFO: JdwpDebugServer: handling req: VirtualMachine(1).Exit(10)
14:28:41.440 SEVERE: Debugger: Thread JDWP server socket thread crashed
org.robovm.debugger.DebuggerException: Terminating due exit command
	at org.robovm.debugger.jdwp.JdwpDebugServer.doSocketWork(JdwpDebugServer.java:211)
	at java.base/java.lang.Thread.run(Thread.java:834)
	at org.robovm.debugger.utils.DebuggerThread.run(DebuggerThread.java:42)
14:28:41.948 SEVERE: Debugger: Thread HooksChannel socket thread crashed
org.robovm.debugger.DebuggerException: java.io.IOException: org.robovm.libimobiledevice.LibIMobileDeviceException: IDEVICE_E_UNKNOWN_ERROR
	at org.robovm.debugger.hooks.HooksChannel.doSocketWork(HooksChannel.java:149)
	at java.base/java.lang.Thread.run(Thread.java:834)
	at org.robovm.debugger.utils.DebuggerThread.run(DebuggerThread.java:42)
Caused by: java.io.IOException: org.robovm.libimobiledevice.LibIMobileDeviceException: IDEVICE_E_UNKNOWN_ERROR
	at org.robovm.libimobiledevice.IDeviceConnection$DeviceInputStream.read(IDeviceConnection.java:203)
	at org.robovm.debugger.utils.bytebuffer.DataBufferWriter.writeFromStream(DataBufferWriter.java:89)
	at org.robovm.debugger.hooks.HooksChannel.doSocketWork(HooksChannel.java:116)
	... 2 more
Caused by: org.robovm.libimobiledevice.LibIMobileDeviceException: IDEVICE_E_UNKNOWN_ERROR
	at org.robovm.libimobiledevice.IDevice.checkResult(IDevice.java:206)
	at org.robovm.libimobiledevice.IDeviceConnection.receive(IDeviceConnection.java:110)
	at org.robovm.libimobiledevice.IDeviceConnection.receive(IDeviceConnection.java:81)
	at org.robovm.libimobiledevice.IDeviceConnection$DeviceInputStream.read(IDeviceConnection.java:201)
	... 4 more
