00:54:54.472 INFO: JdwpDebugServer: handling req: VirtualMachine(1).IDSizes(7)
00:54:54.473 INFO: JdwpDebugServer: handling req: EventRequest(15).Set(1)
00:54:54.473 INFO: JdwpEventCenterDelegate: jdwpSetEventRequest: JdwpEventRequest{requestId=100, eventKind=CLASS_PREPARE, suspendPolicy=NONE, predicates=[]}
00:54:54.473 INFO: JdwpDebugServer: handling req: EventRequest(15).Set(1)
00:54:54.473 INFO: JdwpEventCenterDelegate: jdwpSetEventRequest: JdwpEventRequest{requestId=101, eventKind=CLASS_UNLOAD, suspendPolicy=NONE, predicates=[]}
00:54:54.494 INFO: JdwpDebugServer: handling req: VirtualMachine(1).Version(1)
00:54:54.494 INFO: JdwpDebugServer: handling req: VirtualMachine(1).capabilitiesNew(17)
00:54:54.495 INFO: JdwpDebugServer: handling req: VirtualMachine(1).capabilities(12)
00:54:54.495 INFO: JdwpDebugServer: handling req: VirtualMachine(1).AllClassesWithGeneric(20)
00:54:54.498 INFO: JdwpDebugServer: handling req: VirtualMachine(1).TopLevelThreadGroups(5)
00:54:54.499 INFO: JdwpDebugServer: handling req: EventRequest(15).Set(1)
00:54:54.499 INFO: JdwpEventCenterDelegate: jdwpSetEventRequest: JdwpEventRequest{requestId=102, eventKind=THREAD_START, suspendPolicy=NONE, predicates=[]}
00:54:54.499 INFO: JdwpDebugServer: handling req: EventRequest(15).Set(1)
00:54:54.499 INFO: JdwpEventCenterDelegate: jdwpSetEventRequest: JdwpEventRequest{requestId=103, eventKind=THREAD_DEATH, suspendPolicy=NONE, predicates=[]}
00:54:54.500 INFO: JdwpDebugServer: handling req: EventRequest(15).Set(1)
00:54:54.500 INFO: JdwpEventCenterDelegate: jdwpSetEventRequest: JdwpEventRequest{requestId=104, eventKind=CLASS_PREPARE, suspendPolicy=EVENT_THREAD, predicates=[className=sun.instrument.InstrumentationImpl]}
00:54:54.500 INFO: JdwpDebugServer: handling req: EventRequest(15).Set(1)
00:54:54.500 INFO: JdwpEventCenterDelegate: jdwpSetEventRequest: JdwpEventRequest{requestId=105, eventKind=CLASS_PREPARE, suspendPolicy=EVENT_THREAD, predicates=[className=sun.instrument.InstrumentationImpl]}
00:54:54.884 INFO: JdwpDebugServer: handling req: VirtualMachine(1).Resume(9)
00:54:54.920 INFO: JdwpEventCenterDelegate: THREAD_STARTED: thread (33, main, main)
00:54:54.934 INFO: JdwpEventCenterDelegate: THREAD_STARTED: thread (48, ReferenceQueueDaemon, main)
00:54:54.939 INFO: JdwpEventCenterDelegate: THREAD_STARTED: thread (63, FinalizerDaemon, main)
00:54:54.944 INFO: JdwpEventCenterDelegate: THREAD_STARTED: thread (78, FinalizerWatchdogDaemon, main)
00:54:54.946 INFO: JdwpEventCenterDelegate: THREAD_RESUMED: thread (33, main, main)
00:54:54.947 INFO: JdwpEventCenterDelegate: THREAD_RESUMED: thread (33, main, main)
00:54:54.948 INFO: JdwpEventCenterDelegate: THREAD_RESUMED: thread (33, main, main)
00:54:54.949 INFO: JdwpEventCenterDelegate: THREAD_RESUMED: thread (33, main, main)
00:54:54.950 INFO: JdwpEventCenterDelegate: THREAD_RESUMED: thread (33, main, main)
00:54:54.951 INFO: JdwpEventCenterDelegate: THREAD_RESUMED: thread (33, main, main)
00:54:54.952 INFO: JdwpEventCenterDelegate: THREAD_RESUMED: thread (33, main, main)
00:54:54.953 INFO: JdwpEventCenterDelegate: THREAD_RESUMED: thread (33, main, main)
00:54:54.955 INFO: JdwpEventCenterDelegate: THREAD_RESUMED: thread (33, main, main)
00:54:54.955 INFO: JdwpEventCenterDelegate: THREAD_RESUMED: thread (33, main, main)
00:54:54.956 INFO: JdwpEventCenterDelegate: THREAD_RESUMED: thread (33, main, main)
00:54:54.957 INFO: JdwpEventCenterDelegate: THREAD_RESUMED: thread (33, main, main)
00:54:54.959 INFO: JdwpEventCenterDelegate: THREAD_RESUMED: thread (33, main, main)
00:54:54.960 INFO: JdwpEventCenterDelegate: THREAD_RESUMED: thread (33, main, main)
00:54:54.961 INFO: JdwpEventCenterDelegate: THREAD_RESUMED: thread (33, main, main)
00:54:54.962 INFO: JdwpEventCenterDelegate: THREAD_RESUMED: thread (33, main, main)
00:54:54.964 INFO: JdwpEventCenterDelegate: THREAD_RESUMED: thread (33, main, main)
00:54:54.966 INFO: JdwpEventCenterDelegate: THREAD_RESUMED: thread (33, main, main)
00:54:54.968 INFO: JdwpEventCenterDelegate: THREAD_RESUMED: thread (33, main, main)
00:54:54.969 INFO: JdwpEventCenterDelegate: THREAD_RESUMED: thread (33, main, main)
00:54:54.970 INFO: JdwpEventCenterDelegate: THREAD_RESUMED: thread (33, main, main)
00:54:55.088 INFO: JdwpEventCenterDelegate: THREAD_RESUMED: thread (33, main, main)
00:54:55.089 INFO: JdwpEventCenterDelegate: THREAD_RESUMED: thread (33, main, main)
00:54:55.091 INFO: JdwpEventCenterDelegate: THREAD_RESUMED: thread (33, main, main)
00:54:55.092 INFO: JdwpEventCenterDelegate: THREAD_RESUMED: thread (33, main, main)
00:54:55.134 INFO: JdwpEventCenterDelegate: THREAD_RESUMED: thread (33, main, main)
00:54:55.135 INFO: JdwpEventCenterDelegate: THREAD_RESUMED: thread (33, main, main)
00:54:55.136 INFO: JdwpEventCenterDelegate: THREAD_RESUMED: thread (33, main, main)
00:54:55.138 INFO: JdwpEventCenterDelegate: THREAD_RESUMED: thread (33, main, main)
00:54:55.139 INFO: JdwpEventCenterDelegate: THREAD_RESUMED: thread (33, main, main)
00:54:55.140 INFO: JdwpEventCenterDelegate: THREAD_RESUMED: thread (33, main, main)
00:54:55.141 INFO: JdwpEventCenterDelegate: THREAD_RESUMED: thread (33, main, main)
00:54:55.144 INFO: JdwpEventCenterDelegate: THREAD_RESUMED: thread (33, main, main)
00:54:55.145 INFO: JdwpEventCenterDelegate: THREAD_RESUMED: thread (33, main, main)
00:54:55.146 INFO: JdwpEventCenterDelegate: THREAD_RESUMED: thread (33, main, main)
00:54:55.148 INFO: JdwpEventCenterDelegate: THREAD_RESUMED: thread (33, main, main)
00:54:55.149 INFO: JdwpEventCenterDelegate: THREAD_RESUMED: thread (33, main, main)
00:54:55.150 INFO: JdwpEventCenterDelegate: THREAD_RESUMED: thread (33, main, main)
00:54:55.151 INFO: JdwpEventCenterDelegate: THREAD_RESUMED: thread (33, main, main)
00:54:55.168 INFO: JdwpEventCenterDelegate: THREAD_RESUMED: thread (33, main, main)
00:54:55.170 INFO: JdwpEventCenterDelegate: THREAD_RESUMED: thread (33, main, main)
00:54:55.171 INFO: JdwpEventCenterDelegate: THREAD_RESUMED: thread (33, main, main)
00:54:55.173 INFO: JdwpEventCenterDelegate: THREAD_RESUMED: thread (33, main, main)
00:54:55.174 INFO: JdwpEventCenterDelegate: THREAD_RESUMED: thread (33, main, main)
00:54:55.176 INFO: JdwpEventCenterDelegate: THREAD_RESUMED: thread (33, main, main)
00:54:55.177 INFO: JdwpEventCenterDelegate: THREAD_RESUMED: thread (33, main, main)
00:54:55.201 INFO: JdwpEventCenterDelegate: THREAD_RESUMED: thread (33, main, main)
00:54:55.202 INFO: JdwpEventCenterDelegate: THREAD_RESUMED: thread (33, main, main)
00:54:55.203 INFO: JdwpEventCenterDelegate: THREAD_RESUMED: thread (33, main, main)
00:54:55.204 INFO: JdwpEventCenterDelegate: THREAD_RESUMED: thread (33, main, main)
00:54:55.206 INFO: JdwpEventCenterDelegate: THREAD_RESUMED: thread (33, main, main)
00:54:55.207 INFO: JdwpEventCenterDelegate: THREAD_RESUMED: thread (33, main, main)
00:54:55.208 INFO: JdwpEventCenterDelegate: THREAD_RESUMED: thread (33, main, main)
00:54:55.220 INFO: JdwpEventCenterDelegate: THREAD_RESUMED: thread (33, main, main)
00:54:55.222 INFO: JdwpEventCenterDelegate: THREAD_RESUMED: thread (33, main, main)
00:54:55.224 INFO: JdwpEventCenterDelegate: THREAD_RESUMED: thread (33, main, main)
00:54:55.225 INFO: JdwpEventCenterDelegate: THREAD_RESUMED: thread (33, main, main)
00:54:55.227 INFO: JdwpEventCenterDelegate: THREAD_RESUMED: thread (33, main, main)
00:54:55.228 INFO: JdwpEventCenterDelegate: THREAD_RESUMED: thread (33, main, main)
00:54:55.230 INFO: JdwpEventCenterDelegate: THREAD_RESUMED: thread (33, main, main)
00:54:55.254 INFO: JdwpEventCenterDelegate: THREAD_RESUMED: thread (33, main, main)
00:54:55.255 INFO: JdwpEventCenterDelegate: THREAD_RESUMED: thread (33, main, main)
00:54:55.256 INFO: JdwpEventCenterDelegate: THREAD_RESUMED: thread (33, main, main)
00:54:55.257 INFO: JdwpEventCenterDelegate: THREAD_RESUMED: thread (33, main, main)
00:54:55.258 INFO: JdwpEventCenterDelegate: THREAD_RESUMED: thread (33, main, main)
00:54:55.259 INFO: JdwpEventCenterDelegate: THREAD_RESUMED: thread (33, main, main)
00:54:55.261 INFO: JdwpEventCenterDelegate: THREAD_RESUMED: thread (33, main, main)
00:54:55.270 INFO: JdwpEventCenterDelegate: THREAD_RESUMED: thread (33, main, main)
00:54:55.272 INFO: JdwpEventCenterDelegate: THREAD_RESUMED: thread (33, main, main)
00:54:55.273 INFO: JdwpEventCenterDelegate: THREAD_RESUMED: thread (33, main, main)
00:54:55.274 INFO: JdwpEventCenterDelegate: THREAD_RESUMED: thread (33, main, main)
00:54:55.276 INFO: JdwpEventCenterDelegate: THREAD_RESUMED: thread (33, main, main)
00:54:55.277 INFO: JdwpEventCenterDelegate: THREAD_RESUMED: thread (33, main, main)
00:54:55.279 INFO: JdwpEventCenterDelegate: THREAD_RESUMED: thread (33, main, main)
00:54:55.288 INFO: JdwpEventCenterDelegate: THREAD_RESUMED: thread (33, main, main)
00:54:55.289 INFO: JdwpEventCenterDelegate: THREAD_RESUMED: thread (33, main, main)
00:54:55.291 INFO: JdwpEventCenterDelegate: THREAD_RESUMED: thread (33, main, main)
00:54:55.292 INFO: JdwpEventCenterDelegate: THREAD_RESUMED: thread (33, main, main)
00:54:55.294 INFO: JdwpEventCenterDelegate: THREAD_RESUMED: thread (33, main, main)
00:54:55.295 INFO: JdwpEventCenterDelegate: THREAD_RESUMED: thread (33, main, main)
00:54:55.296 INFO: JdwpEventCenterDelegate: THREAD_RESUMED: thread (33, main, main)
00:54:55.297 INFO: JdwpEventCenterDelegate: THREAD_RESUMED: thread (33, main, main)
00:54:55.298 INFO: JdwpEventCenterDelegate: THREAD_RESUMED: thread (33, main, main)
00:54:55.299 INFO: JdwpEventCenterDelegate: THREAD_RESUMED: thread (33, main, main)
00:54:55.300 INFO: JdwpEventCenterDelegate: THREAD_RESUMED: thread (33, main, main)
00:54:55.301 INFO: JdwpEventCenterDelegate: THREAD_RESUMED: thread (33, main, main)
00:54:55.302 INFO: JdwpEventCenterDelegate: THREAD_RESUMED: thread (33, main, main)
00:54:55.303 INFO: JdwpEventCenterDelegate: THREAD_RESUMED: thread (33, main, main)
00:54:55.304 INFO: JdwpEventCenterDelegate: THREAD_RESUMED: thread (33, main, main)
00:54:55.305 INFO: JdwpEventCenterDelegate: THREAD_RESUMED: thread (33, main, main)
00:54:55.307 INFO: JdwpEventCenterDelegate: THREAD_RESUMED: thread (33, main, main)
00:54:55.308 INFO: JdwpEventCenterDelegate: THREAD_RESUMED: thread (33, main, main)
00:54:55.312 INFO: JdwpEventCenterDelegate: THREAD_RESUMED: thread (33, main, main)
00:54:55.313 INFO: JdwpEventCenterDelegate: THREAD_RESUMED: thread (33, main, main)
00:54:55.441 INFO: JdwpEventCenterDelegate: THREAD_STARTED: thread (93, AssetManager, main)
00:54:55.544 INFO: JdwpEventCenterDelegate: THREAD_RESUMED: thread (33, main, main)
00:54:55.546 INFO: JdwpEventCenterDelegate: THREAD_RESUMED: thread (33, main, main)
00:54:58.247 INFO: JdwpEventCenterDelegate: THREAD_RESUMED: thread (33, main, main)
00:54:58.352 INFO: JdwpEventCenterDelegate: THREAD_RESUMED: thread (33, main, main)
00:54:58.353 INFO: JdwpEventCenterDelegate: THREAD_RESUMED: thread (33, main, main)
00:54:58.355 INFO: JdwpEventCenterDelegate: THREAD_RESUMED: thread (33, main, main)
00:54:58.357 INFO: JdwpEventCenterDelegate: THREAD_RESUMED: thread (33, main, main)
00:54:58.358 INFO: JdwpEventCenterDelegate: THREAD_RESUMED: thread (33, main, main)
00:54:58.364 INFO: JdwpEventCenterDelegate: THREAD_RESUMED: thread (33, main, main)
00:54:58.376 INFO: JdwpEventCenterDelegate: THREAD_RESUMED: thread (33, main, main)
00:54:58.379 INFO: JdwpEventCenterDelegate: THREAD_RESUMED: thread (33, main, main)
00:54:58.381 INFO: JdwpEventCenterDelegate: THREAD_RESUMED: thread (33, main, main)
00:54:58.383 INFO: JdwpEventCenterDelegate: THREAD_RESUMED: thread (33, main, main)
00:54:58.385 INFO: JdwpEventCenterDelegate: THREAD_RESUMED: thread (33, main, main)
00:54:58.390 INFO: JdwpEventCenterDelegate: THREAD_RESUMED: thread (33, main, main)
00:54:58.404 INFO: JdwpEventCenterDelegate: THREAD_RESUMED: thread (33, main, main)
00:54:58.406 INFO: JdwpEventCenterDelegate: THREAD_RESUMED: thread (33, main, main)
00:54:58.409 INFO: JdwpEventCenterDelegate: THREAD_RESUMED: thread (33, main, main)
00:54:58.411 INFO: JdwpEventCenterDelegate: THREAD_RESUMED: thread (33, main, main)
00:54:58.413 INFO: JdwpEventCenterDelegate: THREAD_RESUMED: thread (33, main, main)
00:54:58.418 INFO: JdwpEventCenterDelegate: THREAD_RESUMED: thread (33, main, main)
00:54:58.437 INFO: JdwpEventCenterDelegate: THREAD_RESUMED: thread (33, main, main)
00:54:58.439 INFO: JdwpEventCenterDelegate: THREAD_RESUMED: thread (33, main, main)
00:54:58.441 INFO: JdwpEventCenterDelegate: THREAD_RESUMED: thread (33, main, main)
00:54:58.443 INFO: JdwpEventCenterDelegate: THREAD_RESUMED: thread (33, main, main)
00:54:58.445 INFO: JdwpEventCenterDelegate: THREAD_RESUMED: thread (33, main, main)
00:54:58.450 INFO: JdwpEventCenterDelegate: THREAD_RESUMED: thread (33, main, main)
00:54:58.465 INFO: JdwpEventCenterDelegate: THREAD_RESUMED: thread (33, main, main)
00:54:58.467 INFO: JdwpEventCenterDelegate: THREAD_RESUMED: thread (33, main, main)
00:54:58.470 INFO: JdwpEventCenterDelegate: THREAD_RESUMED: thread (33, main, main)
00:54:58.472 INFO: JdwpEventCenterDelegate: THREAD_RESUMED: thread (33, main, main)
00:54:58.474 INFO: JdwpEventCenterDelegate: THREAD_RESUMED: thread (33, main, main)
00:54:58.479 INFO: JdwpEventCenterDelegate: THREAD_RESUMED: thread (33, main, main)
00:54:58.494 INFO: JdwpEventCenterDelegate: THREAD_RESUMED: thread (33, main, main)
00:54:58.497 INFO: JdwpEventCenterDelegate: THREAD_RESUMED: thread (33, main, main)
00:54:58.499 INFO: JdwpEventCenterDelegate: THREAD_RESUMED: thread (33, main, main)
00:54:58.501 INFO: JdwpEventCenterDelegate: THREAD_RESUMED: thread (33, main, main)
00:54:58.503 INFO: JdwpEventCenterDelegate: THREAD_RESUMED: thread (33, main, main)
00:54:58.508 INFO: JdwpEventCenterDelegate: THREAD_RESUMED: thread (33, main, main)
00:54:58.527 INFO: JdwpEventCenterDelegate: THREAD_RESUMED: thread (33, main, main)
00:54:58.530 INFO: JdwpEventCenterDelegate: THREAD_RESUMED: thread (33, main, main)
00:54:58.532 INFO: JdwpEventCenterDelegate: THREAD_RESUMED: thread (33, main, main)
00:54:58.534 INFO: JdwpEventCenterDelegate: THREAD_RESUMED: thread (33, main, main)
00:54:58.536 INFO: JdwpEventCenterDelegate: THREAD_RESUMED: thread (33, main, main)
00:54:58.541 INFO: JdwpEventCenterDelegate: THREAD_RESUMED: thread (33, main, main)
00:54:58.560 INFO: JdwpEventCenterDelegate: THREAD_RESUMED: thread (33, main, main)
00:54:58.562 INFO: JdwpEventCenterDelegate: THREAD_RESUMED: thread (33, main, main)
00:54:58.564 INFO: JdwpEventCenterDelegate: THREAD_RESUMED: thread (33, main, main)
00:54:58.566 INFO: JdwpEventCenterDelegate: THREAD_RESUMED: thread (33, main, main)
00:54:58.568 INFO: JdwpEventCenterDelegate: THREAD_RESUMED: thread (33, main, main)
00:54:58.573 INFO: JdwpEventCenterDelegate: THREAD_RESUMED: thread (33, main, main)
00:54:58.592 INFO: JdwpEventCenterDelegate: THREAD_RESUMED: thread (33, main, main)
00:54:58.594 INFO: JdwpEventCenterDelegate: THREAD_RESUMED: thread (33, main, main)
00:54:58.596 INFO: JdwpEventCenterDelegate: THREAD_RESUMED: thread (33, main, main)
00:54:58.599 INFO: JdwpEventCenterDelegate: THREAD_RESUMED: thread (33, main, main)
00:54:58.601 INFO: JdwpEventCenterDelegate: THREAD_RESUMED: thread (33, main, main)
00:54:58.605 INFO: JdwpEventCenterDelegate: THREAD_RESUMED: thread (33, main, main)
00:54:58.624 INFO: JdwpEventCenterDelegate: THREAD_RESUMED: thread (33, main, main)
00:54:58.626 INFO: JdwpEventCenterDelegate: THREAD_RESUMED: thread (33, main, main)
00:54:58.627 INFO: JdwpEventCenterDelegate: THREAD_RESUMED: thread (33, main, main)
00:54:58.629 INFO: JdwpEventCenterDelegate: THREAD_RESUMED: thread (33, main, main)
00:54:58.631 INFO: JdwpEventCenterDelegate: THREAD_RESUMED: thread (33, main, main)
00:54:58.636 INFO: JdwpEventCenterDelegate: THREAD_RESUMED: thread (33, main, main)
00:54:58.651 INFO: JdwpEventCenterDelegate: THREAD_RESUMED: thread (33, main, main)
00:54:58.653 INFO: JdwpEventCenterDelegate: THREAD_RESUMED: thread (33, main, main)
00:54:58.655 INFO: JdwpEventCenterDelegate: THREAD_RESUMED: thread (33, main, main)
00:54:58.657 INFO: JdwpEventCenterDelegate: THREAD_RESUMED: thread (33, main, main)
00:54:58.659 INFO: JdwpEventCenterDelegate: THREAD_RESUMED: thread (33, main, main)
00:54:58.664 INFO: JdwpEventCenterDelegate: THREAD_RESUMED: thread (33, main, main)
00:54:58.683 INFO: JdwpEventCenterDelegate: THREAD_RESUMED: thread (33, main, main)
00:54:58.686 INFO: JdwpEventCenterDelegate: THREAD_RESUMED: thread (33, main, main)
00:54:58.688 INFO: JdwpEventCenterDelegate: THREAD_RESUMED: thread (33, main, main)
00:54:58.689 INFO: JdwpEventCenterDelegate: THREAD_RESUMED: thread (33, main, main)
00:54:58.692 INFO: JdwpEventCenterDelegate: THREAD_RESUMED: thread (33, main, main)
00:54:58.696 INFO: JdwpEventCenterDelegate: THREAD_RESUMED: thread (33, main, main)
00:54:58.718 INFO: JdwpEventCenterDelegate: THREAD_RESUMED: thread (33, main, main)
00:54:58.720 INFO: JdwpEventCenterDelegate: THREAD_RESUMED: thread (33, main, main)
00:54:58.722 INFO: JdwpEventCenterDelegate: THREAD_RESUMED: thread (33, main, main)
00:54:58.724 INFO: JdwpEventCenterDelegate: THREAD_RESUMED: thread (33, main, main)
00:54:58.726 INFO: JdwpEventCenterDelegate: THREAD_RESUMED: thread (33, main, main)
00:54:58.732 INFO: JdwpEventCenterDelegate: THREAD_RESUMED: thread (33, main, main)
00:54:58.751 INFO: JdwpEventCenterDelegate: THREAD_RESUMED: thread (33, main, main)
00:54:58.753 INFO: JdwpEventCenterDelegate: THREAD_RESUMED: thread (33, main, main)
00:54:58.755 INFO: JdwpEventCenterDelegate: THREAD_RESUMED: thread (33, main, main)
00:54:58.757 INFO: JdwpEventCenterDelegate: THREAD_RESUMED: thread (33, main, main)
00:54:58.759 INFO: JdwpEventCenterDelegate: THREAD_RESUMED: thread (33, main, main)
00:54:58.764 INFO: JdwpEventCenterDelegate: THREAD_RESUMED: thread (33, main, main)
00:54:58.777 INFO: JdwpEventCenterDelegate: THREAD_RESUMED: thread (33, main, main)
00:54:58.779 INFO: JdwpEventCenterDelegate: THREAD_RESUMED: thread (33, main, main)
00:54:58.781 INFO: JdwpEventCenterDelegate: THREAD_RESUMED: thread (33, main, main)
00:54:58.783 INFO: JdwpEventCenterDelegate: THREAD_RESUMED: thread (33, main, main)
00:54:58.785 INFO: JdwpEventCenterDelegate: THREAD_RESUMED: thread (33, main, main)
00:54:58.791 INFO: JdwpEventCenterDelegate: THREAD_RESUMED: thread (33, main, main)
00:54:58.793 INFO: JdwpEventCenterDelegate: THREAD_RESUMED: thread (33, main, main)
00:54:58.796 INFO: JdwpEventCenterDelegate: THREAD_RESUMED: thread (33, main, main)
00:54:58.798 INFO: JdwpEventCenterDelegate: THREAD_RESUMED: thread (33, main, main)
00:54:58.801 INFO: JdwpEventCenterDelegate: THREAD_RESUMED: thread (33, main, main)
00:54:58.803 INFO: JdwpEventCenterDelegate: THREAD_RESUMED: thread (33, main, main)
00:54:58.805 INFO: JdwpEventCenterDelegate: THREAD_RESUMED: thread (33, main, main)
00:54:58.810 INFO: JdwpEventCenterDelegate: THREAD_RESUMED: thread (33, main, main)
00:54:58.812 INFO: JdwpEventCenterDelegate: THREAD_RESUMED: thread (33, main, main)
00:54:58.814 INFO: JdwpEventCenterDelegate: THREAD_RESUMED: thread (33, main, main)
00:54:58.816 INFO: JdwpEventCenterDelegate: THREAD_RESUMED: thread (33, main, main)
00:54:58.820 INFO: JdwpEventCenterDelegate: THREAD_RESUMED: thread (33, main, main)
00:54:58.822 INFO: JdwpEventCenterDelegate: THREAD_RESUMED: thread (33, main, main)
00:54:58.825 INFO: JdwpEventCenterDelegate: THREAD_RESUMED: thread (33, main, main)
00:54:58.826 INFO: JdwpEventCenterDelegate: THREAD_RESUMED: thread (33, main, main)
00:54:58.828 INFO: JdwpEventCenterDelegate: THREAD_RESUMED: thread (33, main, main)
00:54:58.833 INFO: JdwpEventCenterDelegate: THREAD_RESUMED: thread (33, main, main)
00:54:58.846 INFO: JdwpEventCenterDelegate: THREAD_RESUMED: thread (33, main, main)
00:54:58.860 INFO: JdwpEventCenterDelegate: THREAD_RESUMED: thread (33, main, main)
00:54:58.871 INFO: JdwpEventCenterDelegate: THREAD_RESUMED: thread (33, main, main)
00:54:58.884 INFO: JdwpEventCenterDelegate: THREAD_RESUMED: thread (33, main, main)
00:54:58.917 INFO: JdwpEventCenterDelegate: THREAD_RESUMED: thread (33, main, main)
00:54:58.920 INFO: JdwpEventCenterDelegate: THREAD_RESUMED: thread (33, main, main)
00:54:58.922 INFO: JdwpEventCenterDelegate: THREAD_RESUMED: thread (33, main, main)
00:54:58.924 INFO: JdwpEventCenterDelegate: THREAD_RESUMED: thread (33, main, main)
00:54:58.927 INFO: JdwpEventCenterDelegate: THREAD_RESUMED: thread (33, main, main)
00:54:58.931 INFO: JdwpEventCenterDelegate: THREAD_RESUMED: thread (33, main, main)
00:54:58.943 INFO: JdwpEventCenterDelegate: THREAD_RESUMED: thread (33, main, main)
00:54:58.945 INFO: JdwpEventCenterDelegate: THREAD_RESUMED: thread (33, main, main)
00:54:58.948 INFO: JdwpEventCenterDelegate: THREAD_RESUMED: thread (33, main, main)
00:54:58.950 INFO: JdwpEventCenterDelegate: THREAD_RESUMED: thread (33, main, main)
00:54:58.952 INFO: JdwpEventCenterDelegate: THREAD_RESUMED: thread (33, main, main)
00:54:58.957 INFO: JdwpEventCenterDelegate: THREAD_RESUMED: thread (33, main, main)
00:54:58.971 INFO: JdwpEventCenterDelegate: THREAD_RESUMED: thread (33, main, main)
00:54:58.973 INFO: JdwpEventCenterDelegate: THREAD_RESUMED: thread (33, main, main)
00:54:58.975 INFO: JdwpEventCenterDelegate: THREAD_RESUMED: thread (33, main, main)
00:54:58.978 INFO: JdwpEventCenterDelegate: THREAD_RESUMED: thread (33, main, main)
00:54:58.980 INFO: JdwpEventCenterDelegate: THREAD_RESUMED: thread (33, main, main)
00:54:58.985 INFO: JdwpEventCenterDelegate: THREAD_RESUMED: thread (33, main, main)
00:54:59.002 INFO: JdwpEventCenterDelegate: THREAD_RESUMED: thread (33, main, main)
00:54:59.004 INFO: JdwpEventCenterDelegate: THREAD_RESUMED: thread (33, main, main)
00:54:59.007 INFO: JdwpEventCenterDelegate: THREAD_RESUMED: thread (33, main, main)
00:54:59.009 INFO: JdwpEventCenterDelegate: THREAD_RESUMED: thread (33, main, main)
00:54:59.011 INFO: JdwpEventCenterDelegate: THREAD_RESUMED: thread (33, main, main)
00:54:59.016 INFO: JdwpEventCenterDelegate: THREAD_RESUMED: thread (33, main, main)
00:54:59.030 INFO: JdwpEventCenterDelegate: THREAD_RESUMED: thread (33, main, main)
00:54:59.033 INFO: JdwpEventCenterDelegate: THREAD_RESUMED: thread (33, main, main)
00:54:59.035 INFO: JdwpEventCenterDelegate: THREAD_RESUMED: thread (33, main, main)
00:54:59.037 INFO: JdwpEventCenterDelegate: THREAD_RESUMED: thread (33, main, main)
00:54:59.039 INFO: JdwpEventCenterDelegate: THREAD_RESUMED: thread (33, main, main)
00:54:59.043 INFO: JdwpEventCenterDelegate: THREAD_RESUMED: thread (33, main, main)
00:54:59.058 INFO: JdwpEventCenterDelegate: THREAD_RESUMED: thread (33, main, main)
00:54:59.060 INFO: JdwpEventCenterDelegate: THREAD_RESUMED: thread (33, main, main)
00:54:59.062 INFO: JdwpEventCenterDelegate: THREAD_RESUMED: thread (33, main, main)
00:54:59.064 INFO: JdwpEventCenterDelegate: THREAD_RESUMED: thread (33, main, main)
00:54:59.066 INFO: JdwpEventCenterDelegate: THREAD_RESUMED: thread (33, main, main)
00:54:59.071 INFO: JdwpEventCenterDelegate: THREAD_RESUMED: thread (33, main, main)
00:54:59.093 INFO: JdwpEventCenterDelegate: THREAD_RESUMED: thread (33, main, main)
00:54:59.095 INFO: JdwpEventCenterDelegate: THREAD_RESUMED: thread (33, main, main)
00:54:59.097 INFO: JdwpEventCenterDelegate: THREAD_RESUMED: thread (33, main, main)
00:54:59.099 INFO: JdwpEventCenterDelegate: THREAD_RESUMED: thread (33, main, main)
00:54:59.101 INFO: JdwpEventCenterDelegate: THREAD_RESUMED: thread (33, main, main)
00:54:59.105 INFO: JdwpEventCenterDelegate: THREAD_RESUMED: thread (33, main, main)
00:54:59.123 INFO: JdwpEventCenterDelegate: THREAD_RESUMED: thread (33, main, main)
00:54:59.125 INFO: JdwpEventCenterDelegate: THREAD_RESUMED: thread (33, main, main)
00:54:59.127 INFO: JdwpEventCenterDelegate: THREAD_RESUMED: thread (33, main, main)
00:54:59.129 INFO: JdwpEventCenterDelegate: THREAD_RESUMED: thread (33, main, main)
00:54:59.131 INFO: JdwpEventCenterDelegate: THREAD_RESUMED: thread (33, main, main)
00:54:59.136 INFO: JdwpEventCenterDelegate: THREAD_RESUMED: thread (33, main, main)
00:54:59.153 INFO: JdwpEventCenterDelegate: THREAD_RESUMED: thread (33, main, main)
00:54:59.155 INFO: JdwpEventCenterDelegate: THREAD_RESUMED: thread (33, main, main)
00:54:59.158 INFO: JdwpEventCenterDelegate: THREAD_RESUMED: thread (33, main, main)
00:54:59.160 INFO: JdwpEventCenterDelegate: THREAD_RESUMED: thread (33, main, main)
00:54:59.162 INFO: JdwpEventCenterDelegate: THREAD_RESUMED: thread (33, main, main)
00:54:59.166 INFO: JdwpEventCenterDelegate: THREAD_RESUMED: thread (33, main, main)
00:54:59.180 INFO: JdwpEventCenterDelegate: THREAD_RESUMED: thread (33, main, main)
00:54:59.182 INFO: JdwpEventCenterDelegate: THREAD_RESUMED: thread (33, main, main)
00:54:59.183 INFO: JdwpEventCenterDelegate: THREAD_RESUMED: thread (33, main, main)
00:54:59.185 INFO: JdwpEventCenterDelegate: THREAD_RESUMED: thread (33, main, main)
00:54:59.187 INFO: JdwpEventCenterDelegate: THREAD_RESUMED: thread (33, main, main)
00:54:59.191 INFO: JdwpEventCenterDelegate: THREAD_RESUMED: thread (33, main, main)
00:54:59.205 INFO: JdwpEventCenterDelegate: THREAD_RESUMED: thread (33, main, main)
00:54:59.206 INFO: JdwpEventCenterDelegate: THREAD_RESUMED: thread (33, main, main)
00:54:59.209 INFO: JdwpEventCenterDelegate: THREAD_RESUMED: thread (33, main, main)
00:54:59.211 INFO: JdwpEventCenterDelegate: THREAD_RESUMED: thread (33, main, main)
00:54:59.214 INFO: JdwpEventCenterDelegate: THREAD_RESUMED: thread (33, main, main)
00:54:59.218 INFO: JdwpEventCenterDelegate: THREAD_RESUMED: thread (33, main, main)
00:54:59.237 INFO: JdwpEventCenterDelegate: THREAD_RESUMED: thread (33, main, main)
00:54:59.239 INFO: JdwpEventCenterDelegate: THREAD_RESUMED: thread (33, main, main)
00:54:59.242 INFO: JdwpEventCenterDelegate: THREAD_RESUMED: thread (33, main, main)
00:54:59.244 INFO: JdwpEventCenterDelegate: THREAD_RESUMED: thread (33, main, main)
00:54:59.246 INFO: JdwpEventCenterDelegate: THREAD_RESUMED: thread (33, main, main)
00:54:59.251 INFO: JdwpEventCenterDelegate: THREAD_RESUMED: thread (33, main, main)
00:54:59.275 INFO: JdwpEventCenterDelegate: THREAD_RESUMED: thread (33, main, main)
00:54:59.278 INFO: JdwpEventCenterDelegate: THREAD_RESUMED: thread (33, main, main)
00:54:59.280 INFO: JdwpEventCenterDelegate: THREAD_RESUMED: thread (33, main, main)
00:54:59.282 INFO: JdwpEventCenterDelegate: THREAD_RESUMED: thread (33, main, main)
00:54:59.284 INFO: JdwpEventCenterDelegate: THREAD_RESUMED: thread (33, main, main)
00:54:59.289 INFO: JdwpEventCenterDelegate: THREAD_RESUMED: thread (33, main, main)
00:54:59.307 INFO: JdwpEventCenterDelegate: THREAD_RESUMED: thread (33, main, main)
00:54:59.310 INFO: JdwpEventCenterDelegate: THREAD_RESUMED: thread (33, main, main)
00:54:59.312 INFO: JdwpEventCenterDelegate: THREAD_RESUMED: thread (33, main, main)
00:54:59.314 INFO: JdwpEventCenterDelegate: THREAD_RESUMED: thread (33, main, main)
00:54:59.316 INFO: JdwpEventCenterDelegate: THREAD_RESUMED: thread (33, main, main)
00:54:59.321 INFO: JdwpEventCenterDelegate: THREAD_RESUMED: thread (33, main, main)
00:54:59.333 INFO: JdwpEventCenterDelegate: THREAD_RESUMED: thread (33, main, main)
00:54:59.336 INFO: JdwpEventCenterDelegate: THREAD_RESUMED: thread (33, main, main)
00:54:59.338 INFO: JdwpEventCenterDelegate: THREAD_RESUMED: thread (33, main, main)
00:54:59.340 INFO: JdwpEventCenterDelegate: THREAD_RESUMED: thread (33, main, main)
00:54:59.342 INFO: JdwpEventCenterDelegate: THREAD_RESUMED: thread (33, main, main)
00:55:01.361 INFO: JdwpEventCenterDelegate: THREAD_STARTED: thread (108, Timer, main)
00:55:02.235 INFO: JdwpEventCenterDelegate: THREAD_RESUMED: thread (33, main, main)
00:55:02.269 INFO: JdwpEventCenterDelegate: THREAD_RESUMED: thread (33, main, main)
00:55:02.293 INFO: JdwpEventCenterDelegate: THREAD_RESUMED: thread (33, main, main)
00:55:02.313 INFO: JdwpEventCenterDelegate: THREAD_RESUMED: thread (33, main, main)
00:55:02.351 INFO: JdwpEventCenterDelegate: THREAD_RESUMED: thread (33, main, main)
00:55:02.385 INFO: JdwpEventCenterDelegate: THREAD_RESUMED: thread (33, main, main)
00:55:02.402 INFO: JdwpEventCenterDelegate: THREAD_RESUMED: thread (33, main, main)
00:55:02.418 INFO: JdwpEventCenterDelegate: THREAD_RESUMED: thread (33, main, main)
00:55:02.425 INFO: JdwpEventCenterDelegate: THREAD_RESUMED: thread (33, main, main)
00:55:02.439 INFO: JdwpEventCenterDelegate: THREAD_RESUMED: thread (33, main, main)
00:55:02.470 INFO: JdwpEventCenterDelegate: THREAD_RESUMED: thread (33, main, main)
00:55:02.482 INFO: JdwpEventCenterDelegate: THREAD_RESUMED: thread (33, main, main)
00:55:02.494 INFO: JdwpEventCenterDelegate: THREAD_RESUMED: thread (33, main, main)
00:55:02.506 INFO: JdwpEventCenterDelegate: THREAD_RESUMED: thread (33, main, main)
00:55:02.541 INFO: JdwpEventCenterDelegate: THREAD_RESUMED: thread (33, main, main)
00:55:02.573 INFO: JdwpEventCenterDelegate: THREAD_RESUMED: thread (33, main, main)
00:55:02.589 INFO: JdwpEventCenterDelegate: THREAD_RESUMED: thread (33, main, main)
00:55:02.603 INFO: JdwpEventCenterDelegate: THREAD_RESUMED: thread (33, main, main)
00:55:02.609 INFO: JdwpEventCenterDelegate: THREAD_RESUMED: thread (33, main, main)
00:55:02.622 INFO: JdwpEventCenterDelegate: THREAD_RESUMED: thread (33, main, main)
00:56:37.219 INFO: JdwpDebugServer: handling req: VirtualMachine(1).Exit(10)
00:56:37.219 SEVERE: Debugger: Thread JDWP server socket thread crashed
org.robovm.debugger.DebuggerException: Terminating due exit command
	at org.robovm.debugger.jdwp.JdwpDebugServer.doSocketWork(JdwpDebugServer.java:211)
	at java.base/java.lang.Thread.run(Thread.java:834)
	at org.robovm.debugger.utils.DebuggerThread.run(DebuggerThread.java:42)
00:56:37.725 SEVERE: Debugger: Thread HooksChannel socket thread crashed
org.robovm.debugger.DebuggerException: java.io.IOException: org.robovm.libimobiledevice.LibIMobileDeviceException: IDEVICE_E_UNKNOWN_ERROR
	at org.robovm.debugger.hooks.HooksChannel.doSocketWork(HooksChannel.java:149)
	at java.base/java.lang.Thread.run(Thread.java:834)
	at org.robovm.debugger.utils.DebuggerThread.run(DebuggerThread.java:42)
Caused by: java.io.IOException: org.robovm.libimobiledevice.LibIMobileDeviceException: IDEVICE_E_UNKNOWN_ERROR
	at org.robovm.libimobiledevice.IDeviceConnection$DeviceInputStream.read(IDeviceConnection.java:203)
	at org.robovm.debugger.utils.bytebuffer.DataBufferWriter.writeFromStream(DataBufferWriter.java:89)
	at org.robovm.debugger.hooks.HooksChannel.doSocketWork(HooksChannel.java:116)
	... 2 more
Caused by: org.robovm.libimobiledevice.LibIMobileDeviceException: IDEVICE_E_UNKNOWN_ERROR
	at org.robovm.libimobiledevice.IDevice.checkResult(IDevice.java:206)
	at org.robovm.libimobiledevice.IDeviceConnection.receive(IDeviceConnection.java:110)
	at org.robovm.libimobiledevice.IDeviceConnection.receive(IDeviceConnection.java:81)
	at org.robovm.libimobiledevice.IDeviceConnection$DeviceInputStream.read(IDeviceConnection.java:201)
	... 4 more
