20:46:37.999 INFO: JdwpDebugServer: handling req: VirtualMachine(1).IDSizes(7)
20:46:38.000 INFO: JdwpDebugServer: handling req: EventRequest(15).Set(1)
20:46:38.000 INFO: JdwpEventCenterDelegate: jdwpSetEventRequest: JdwpEventRequest{requestId=100, eventKind=CLASS_PREPARE, suspendPolicy=NONE, predicates=[]}
20:46:38.000 INFO: JdwpDebugServer: handling req: EventRequest(15).Set(1)
20:46:38.000 INFO: JdwpEventCenterDelegate: jdwpSetEventRequest: JdwpEventRequest{requestId=101, eventKind=CLASS_UNLOAD, suspendPolicy=NONE, predicates=[]}
20:46:38.016 INFO: JdwpDebugServer: handling req: VirtualMachine(1).Version(1)
20:46:38.016 INFO: JdwpDebugServer: handling req: VirtualMachine(1).capabilitiesNew(17)
20:46:38.017 INFO: JdwpDebugServer: handling req: VirtualMachine(1).capabilities(12)
20:46:38.017 INFO: JdwpDebugServer: handling req: VirtualMachine(1).AllClassesWithGeneric(20)
20:46:38.021 INFO: JdwpDebugServer: handling req: VirtualMachine(1).TopLevelThreadGroups(5)
20:46:38.022 INFO: JdwpDebugServer: handling req: EventRequest(15).Set(1)
20:46:38.022 INFO: JdwpEventCenterDelegate: jdwpSetEventRequest: JdwpEventRequest{requestId=102, eventKind=THREAD_START, suspendPolicy=NONE, predicates=[]}
20:46:38.022 INFO: JdwpDebugServer: handling req: EventRequest(15).Set(1)
20:46:38.022 INFO: JdwpEventCenterDelegate: jdwpSetEventRequest: JdwpEventRequest{requestId=103, eventKind=THREAD_DEATH, suspendPolicy=NONE, predicates=[]}
20:46:38.024 INFO: JdwpDebugServer: handling req: EventRequest(15).Set(1)
20:46:38.024 INFO: JdwpEventCenterDelegate: jdwpSetEventRequest: JdwpEventRequest{requestId=104, eventKind=CLASS_PREPARE, suspendPolicy=EVENT_THREAD, predicates=[className=sun.instrument.InstrumentationImpl]}
20:46:38.024 INFO: JdwpDebugServer: handling req: EventRequest(15).Set(1)
20:46:38.024 INFO: JdwpEventCenterDelegate: jdwpSetEventRequest: JdwpEventRequest{requestId=105, eventKind=CLASS_PREPARE, suspendPolicy=EVENT_THREAD, predicates=[className=sun.instrument.InstrumentationImpl]}
20:46:38.414 INFO: JdwpDebugServer: handling req: VirtualMachine(1).Resume(9)
20:46:38.453 INFO: JdwpEventCenterDelegate: THREAD_STARTED: thread (33, main, main)
20:46:38.469 INFO: JdwpEventCenterDelegate: THREAD_STARTED: thread (48, ReferenceQueueDaemon, main)
20:46:38.476 INFO: JdwpEventCenterDelegate: THREAD_STARTED: thread (63, FinalizerDaemon, main)
20:46:38.484 INFO: JdwpEventCenterDelegate: THREAD_STARTED: thread (78, FinalizerWatchdogDaemon, main)
20:46:38.487 INFO: JdwpEventCenterDelegate: THREAD_RESUMED: thread (33, main, main)
20:46:38.489 INFO: JdwpEventCenterDelegate: THREAD_RESUMED: thread (33, main, main)
20:46:38.490 INFO: JdwpEventCenterDelegate: THREAD_RESUMED: thread (33, main, main)
20:46:38.492 INFO: JdwpEventCenterDelegate: THREAD_RESUMED: thread (33, main, main)
20:46:38.494 INFO: JdwpEventCenterDelegate: THREAD_RESUMED: thread (33, main, main)
20:46:38.496 INFO: JdwpEventCenterDelegate: THREAD_RESUMED: thread (33, main, main)
20:46:38.497 INFO: JdwpEventCenterDelegate: THREAD_RESUMED: thread (33, main, main)
20:46:38.499 INFO: JdwpEventCenterDelegate: THREAD_RESUMED: thread (33, main, main)
20:46:38.500 INFO: JdwpEventCenterDelegate: THREAD_RESUMED: thread (33, main, main)
20:46:38.501 INFO: JdwpEventCenterDelegate: THREAD_RESUMED: thread (33, main, main)
20:46:38.502 INFO: JdwpEventCenterDelegate: THREAD_RESUMED: thread (33, main, main)
20:46:38.504 INFO: JdwpEventCenterDelegate: THREAD_RESUMED: thread (33, main, main)
20:46:38.505 INFO: JdwpEventCenterDelegate: THREAD_RESUMED: thread (33, main, main)
20:46:38.506 INFO: JdwpEventCenterDelegate: THREAD_RESUMED: thread (33, main, main)
20:46:38.507 INFO: JdwpEventCenterDelegate: THREAD_RESUMED: thread (33, main, main)
20:46:38.509 INFO: JdwpEventCenterDelegate: THREAD_RESUMED: thread (33, main, main)
20:46:38.510 INFO: JdwpEventCenterDelegate: THREAD_RESUMED: thread (33, main, main)
20:46:38.511 INFO: JdwpEventCenterDelegate: THREAD_RESUMED: thread (33, main, main)
20:46:38.515 INFO: JdwpEventCenterDelegate: THREAD_RESUMED: thread (33, main, main)
20:46:38.516 INFO: JdwpEventCenterDelegate: THREAD_RESUMED: thread (33, main, main)
20:46:38.517 INFO: JdwpEventCenterDelegate: THREAD_RESUMED: thread (33, main, main)
20:46:38.518 INFO: JdwpEventCenterDelegate: THREAD_RESUMED: thread (33, main, main)
20:46:38.520 INFO: JdwpEventCenterDelegate: THREAD_RESUMED: thread (33, main, main)
20:46:38.521 INFO: JdwpEventCenterDelegate: THREAD_RESUMED: thread (33, main, main)
20:46:38.523 INFO: JdwpEventCenterDelegate: THREAD_RESUMED: thread (33, main, main)
20:46:38.552 INFO: JdwpEventCenterDelegate: THREAD_RESUMED: thread (33, main, main)
20:46:38.554 INFO: JdwpEventCenterDelegate: THREAD_RESUMED: thread (33, main, main)
20:46:38.556 INFO: JdwpEventCenterDelegate: THREAD_RESUMED: thread (33, main, main)
20:46:38.558 INFO: JdwpEventCenterDelegate: THREAD_RESUMED: thread (33, main, main)
20:46:38.559 INFO: JdwpEventCenterDelegate: THREAD_RESUMED: thread (33, main, main)
20:46:38.561 INFO: JdwpEventCenterDelegate: THREAD_RESUMED: thread (33, main, main)
20:46:38.562 INFO: JdwpEventCenterDelegate: THREAD_RESUMED: thread (33, main, main)
20:46:38.565 INFO: JdwpEventCenterDelegate: THREAD_RESUMED: thread (33, main, main)
20:46:38.567 INFO: JdwpEventCenterDelegate: THREAD_RESUMED: thread (33, main, main)
20:46:38.568 INFO: JdwpEventCenterDelegate: THREAD_RESUMED: thread (33, main, main)
20:46:38.569 INFO: JdwpEventCenterDelegate: THREAD_RESUMED: thread (33, main, main)
20:46:38.570 INFO: JdwpEventCenterDelegate: THREAD_RESUMED: thread (33, main, main)
20:46:38.572 INFO: JdwpEventCenterDelegate: THREAD_RESUMED: thread (33, main, main)
20:46:38.573 INFO: JdwpEventCenterDelegate: THREAD_RESUMED: thread (33, main, main)
20:46:38.589 INFO: JdwpEventCenterDelegate: THREAD_RESUMED: thread (33, main, main)
20:46:38.590 INFO: JdwpEventCenterDelegate: THREAD_RESUMED: thread (33, main, main)
20:46:38.591 INFO: JdwpEventCenterDelegate: THREAD_RESUMED: thread (33, main, main)
20:46:38.593 INFO: JdwpEventCenterDelegate: THREAD_RESUMED: thread (33, main, main)
20:46:38.594 INFO: JdwpEventCenterDelegate: THREAD_RESUMED: thread (33, main, main)
20:46:38.595 INFO: JdwpEventCenterDelegate: THREAD_RESUMED: thread (33, main, main)
20:46:38.596 INFO: JdwpEventCenterDelegate: THREAD_RESUMED: thread (33, main, main)
20:46:38.618 INFO: JdwpEventCenterDelegate: THREAD_RESUMED: thread (33, main, main)
20:46:38.620 INFO: JdwpEventCenterDelegate: THREAD_RESUMED: thread (33, main, main)
20:46:38.621 INFO: JdwpEventCenterDelegate: THREAD_RESUMED: thread (33, main, main)
20:46:38.623 INFO: JdwpEventCenterDelegate: THREAD_RESUMED: thread (33, main, main)
20:46:38.624 INFO: JdwpEventCenterDelegate: THREAD_RESUMED: thread (33, main, main)
20:46:38.626 INFO: JdwpEventCenterDelegate: THREAD_RESUMED: thread (33, main, main)
20:46:38.627 INFO: JdwpEventCenterDelegate: THREAD_RESUMED: thread (33, main, main)
20:46:38.654 INFO: JdwpEventCenterDelegate: THREAD_RESUMED: thread (33, main, main)
20:46:38.655 INFO: JdwpEventCenterDelegate: THREAD_RESUMED: thread (33, main, main)
20:46:38.657 INFO: JdwpEventCenterDelegate: THREAD_RESUMED: thread (33, main, main)
20:46:38.659 INFO: JdwpEventCenterDelegate: THREAD_RESUMED: thread (33, main, main)
20:46:38.660 INFO: JdwpEventCenterDelegate: THREAD_RESUMED: thread (33, main, main)
20:46:38.662 INFO: JdwpEventCenterDelegate: THREAD_RESUMED: thread (33, main, main)
20:46:38.664 INFO: JdwpEventCenterDelegate: THREAD_RESUMED: thread (33, main, main)
20:46:38.675 INFO: JdwpEventCenterDelegate: THREAD_RESUMED: thread (33, main, main)
20:46:38.677 INFO: JdwpEventCenterDelegate: THREAD_RESUMED: thread (33, main, main)
20:46:38.678 INFO: JdwpEventCenterDelegate: THREAD_RESUMED: thread (33, main, main)
20:46:38.680 INFO: JdwpEventCenterDelegate: THREAD_RESUMED: thread (33, main, main)
20:46:38.681 INFO: JdwpEventCenterDelegate: THREAD_RESUMED: thread (33, main, main)
20:46:38.683 INFO: JdwpEventCenterDelegate: THREAD_RESUMED: thread (33, main, main)
20:46:38.684 INFO: JdwpEventCenterDelegate: THREAD_RESUMED: thread (33, main, main)
20:46:38.693 INFO: JdwpEventCenterDelegate: THREAD_RESUMED: thread (33, main, main)
20:46:38.694 INFO: JdwpEventCenterDelegate: THREAD_RESUMED: thread (33, main, main)
20:46:38.695 INFO: JdwpEventCenterDelegate: THREAD_RESUMED: thread (33, main, main)
20:46:38.696 INFO: JdwpEventCenterDelegate: THREAD_RESUMED: thread (33, main, main)
20:46:38.698 INFO: JdwpEventCenterDelegate: THREAD_RESUMED: thread (33, main, main)
20:46:38.699 INFO: JdwpEventCenterDelegate: THREAD_RESUMED: thread (33, main, main)
20:46:38.700 INFO: JdwpEventCenterDelegate: THREAD_RESUMED: thread (33, main, main)
20:46:38.702 INFO: JdwpEventCenterDelegate: THREAD_RESUMED: thread (33, main, main)
20:46:38.703 INFO: JdwpEventCenterDelegate: THREAD_RESUMED: thread (33, main, main)
20:46:38.705 INFO: JdwpEventCenterDelegate: THREAD_RESUMED: thread (33, main, main)
20:46:38.706 INFO: JdwpEventCenterDelegate: THREAD_RESUMED: thread (33, main, main)
20:46:38.708 INFO: JdwpEventCenterDelegate: THREAD_RESUMED: thread (33, main, main)
20:46:38.709 INFO: JdwpEventCenterDelegate: THREAD_RESUMED: thread (33, main, main)
20:46:38.711 INFO: JdwpEventCenterDelegate: THREAD_RESUMED: thread (33, main, main)
20:46:38.713 INFO: JdwpEventCenterDelegate: THREAD_RESUMED: thread (33, main, main)
20:46:38.714 INFO: JdwpEventCenterDelegate: THREAD_RESUMED: thread (33, main, main)
20:46:38.716 INFO: JdwpEventCenterDelegate: THREAD_RESUMED: thread (33, main, main)
20:46:38.717 INFO: JdwpEventCenterDelegate: THREAD_RESUMED: thread (33, main, main)
20:46:38.720 INFO: JdwpEventCenterDelegate: THREAD_RESUMED: thread (33, main, main)
20:46:38.721 INFO: JdwpEventCenterDelegate: THREAD_RESUMED: thread (33, main, main)
20:46:38.851 INFO: JdwpEventCenterDelegate: THREAD_STARTED: thread (93, AssetManager, main)
20:46:38.955 INFO: JdwpEventCenterDelegate: THREAD_RESUMED: thread (33, main, main)
20:46:38.957 INFO: JdwpEventCenterDelegate: THREAD_RESUMED: thread (33, main, main)
20:46:41.526 INFO: JdwpEventCenterDelegate: THREAD_RESUMED: thread (33, main, main)
20:46:41.627 INFO: JdwpEventCenterDelegate: THREAD_RESUMED: thread (33, main, main)
20:46:41.628 INFO: JdwpEventCenterDelegate: THREAD_RESUMED: thread (33, main, main)
20:46:41.630 INFO: JdwpEventCenterDelegate: THREAD_RESUMED: thread (33, main, main)
20:46:41.632 INFO: JdwpEventCenterDelegate: THREAD_RESUMED: thread (33, main, main)
20:46:41.634 INFO: JdwpEventCenterDelegate: THREAD_RESUMED: thread (33, main, main)
20:46:41.640 INFO: JdwpEventCenterDelegate: THREAD_RESUMED: thread (33, main, main)
20:46:41.652 INFO: JdwpEventCenterDelegate: THREAD_RESUMED: thread (33, main, main)
20:46:41.654 INFO: JdwpEventCenterDelegate: THREAD_RESUMED: thread (33, main, main)
20:46:41.655 INFO: JdwpEventCenterDelegate: THREAD_RESUMED: thread (33, main, main)
20:46:41.657 INFO: JdwpEventCenterDelegate: THREAD_RESUMED: thread (33, main, main)
20:46:41.659 INFO: JdwpEventCenterDelegate: THREAD_RESUMED: thread (33, main, main)
20:46:41.664 INFO: JdwpEventCenterDelegate: THREAD_RESUMED: thread (33, main, main)
20:46:41.679 INFO: JdwpEventCenterDelegate: THREAD_RESUMED: thread (33, main, main)
20:46:41.681 INFO: JdwpEventCenterDelegate: THREAD_RESUMED: thread (33, main, main)
20:46:41.683 INFO: JdwpEventCenterDelegate: THREAD_RESUMED: thread (33, main, main)
20:46:41.686 INFO: JdwpEventCenterDelegate: THREAD_RESUMED: thread (33, main, main)
20:46:41.688 INFO: JdwpEventCenterDelegate: THREAD_RESUMED: thread (33, main, main)
20:46:41.693 INFO: JdwpEventCenterDelegate: THREAD_RESUMED: thread (33, main, main)
20:46:41.711 INFO: JdwpEventCenterDelegate: THREAD_RESUMED: thread (33, main, main)
20:46:41.714 INFO: JdwpEventCenterDelegate: THREAD_RESUMED: thread (33, main, main)
20:46:41.716 INFO: JdwpEventCenterDelegate: THREAD_RESUMED: thread (33, main, main)
20:46:41.719 INFO: JdwpEventCenterDelegate: THREAD_RESUMED: thread (33, main, main)
20:46:41.721 INFO: JdwpEventCenterDelegate: THREAD_RESUMED: thread (33, main, main)
20:46:41.726 INFO: JdwpEventCenterDelegate: THREAD_RESUMED: thread (33, main, main)
20:46:41.741 INFO: JdwpEventCenterDelegate: THREAD_RESUMED: thread (33, main, main)
20:46:41.744 INFO: JdwpEventCenterDelegate: THREAD_RESUMED: thread (33, main, main)
20:46:41.746 INFO: JdwpEventCenterDelegate: THREAD_RESUMED: thread (33, main, main)
20:46:41.748 INFO: JdwpEventCenterDelegate: THREAD_RESUMED: thread (33, main, main)
20:46:41.750 INFO: JdwpEventCenterDelegate: THREAD_RESUMED: thread (33, main, main)
20:46:41.755 INFO: JdwpEventCenterDelegate: THREAD_RESUMED: thread (33, main, main)
20:46:41.771 INFO: JdwpEventCenterDelegate: THREAD_RESUMED: thread (33, main, main)
20:46:41.774 INFO: JdwpEventCenterDelegate: THREAD_RESUMED: thread (33, main, main)
20:46:41.776 INFO: JdwpEventCenterDelegate: THREAD_RESUMED: thread (33, main, main)
20:46:41.778 INFO: JdwpEventCenterDelegate: THREAD_RESUMED: thread (33, main, main)
20:46:41.781 INFO: JdwpEventCenterDelegate: THREAD_RESUMED: thread (33, main, main)
20:46:41.786 INFO: JdwpEventCenterDelegate: THREAD_RESUMED: thread (33, main, main)
20:46:41.805 INFO: JdwpEventCenterDelegate: THREAD_RESUMED: thread (33, main, main)
20:46:41.808 INFO: JdwpEventCenterDelegate: THREAD_RESUMED: thread (33, main, main)
20:46:41.810 INFO: JdwpEventCenterDelegate: THREAD_RESUMED: thread (33, main, main)
20:46:41.812 INFO: JdwpEventCenterDelegate: THREAD_RESUMED: thread (33, main, main)
20:46:41.814 INFO: JdwpEventCenterDelegate: THREAD_RESUMED: thread (33, main, main)
20:46:41.819 INFO: JdwpEventCenterDelegate: THREAD_RESUMED: thread (33, main, main)
20:46:41.838 INFO: JdwpEventCenterDelegate: THREAD_RESUMED: thread (33, main, main)
20:46:41.841 INFO: JdwpEventCenterDelegate: THREAD_RESUMED: thread (33, main, main)
20:46:41.843 INFO: JdwpEventCenterDelegate: THREAD_RESUMED: thread (33, main, main)
20:46:41.845 INFO: JdwpEventCenterDelegate: THREAD_RESUMED: thread (33, main, main)
20:46:41.847 INFO: JdwpEventCenterDelegate: THREAD_RESUMED: thread (33, main, main)
20:46:41.852 INFO: JdwpEventCenterDelegate: THREAD_RESUMED: thread (33, main, main)
20:46:41.871 INFO: JdwpEventCenterDelegate: THREAD_RESUMED: thread (33, main, main)
20:46:41.874 INFO: JdwpEventCenterDelegate: THREAD_RESUMED: thread (33, main, main)
20:46:41.876 INFO: JdwpEventCenterDelegate: THREAD_RESUMED: thread (33, main, main)
20:46:41.878 INFO: JdwpEventCenterDelegate: THREAD_RESUMED: thread (33, main, main)
20:46:41.880 INFO: JdwpEventCenterDelegate: THREAD_RESUMED: thread (33, main, main)
20:46:41.885 INFO: JdwpEventCenterDelegate: THREAD_RESUMED: thread (33, main, main)
20:46:41.904 INFO: JdwpEventCenterDelegate: THREAD_RESUMED: thread (33, main, main)
20:46:41.906 INFO: JdwpEventCenterDelegate: THREAD_RESUMED: thread (33, main, main)
20:46:41.908 INFO: JdwpEventCenterDelegate: THREAD_RESUMED: thread (33, main, main)
20:46:41.911 INFO: JdwpEventCenterDelegate: THREAD_RESUMED: thread (33, main, main)
20:46:41.913 INFO: JdwpEventCenterDelegate: THREAD_RESUMED: thread (33, main, main)
20:46:41.918 INFO: JdwpEventCenterDelegate: THREAD_RESUMED: thread (33, main, main)
20:46:41.933 INFO: JdwpEventCenterDelegate: THREAD_RESUMED: thread (33, main, main)
20:46:41.936 INFO: JdwpEventCenterDelegate: THREAD_RESUMED: thread (33, main, main)
20:46:41.938 INFO: JdwpEventCenterDelegate: THREAD_RESUMED: thread (33, main, main)
20:46:41.940 INFO: JdwpEventCenterDelegate: THREAD_RESUMED: thread (33, main, main)
20:46:41.942 INFO: JdwpEventCenterDelegate: THREAD_RESUMED: thread (33, main, main)
20:46:41.947 INFO: JdwpEventCenterDelegate: THREAD_RESUMED: thread (33, main, main)
20:46:41.967 INFO: JdwpEventCenterDelegate: THREAD_RESUMED: thread (33, main, main)
20:46:41.970 INFO: JdwpEventCenterDelegate: THREAD_RESUMED: thread (33, main, main)
20:46:41.972 INFO: JdwpEventCenterDelegate: THREAD_RESUMED: thread (33, main, main)
20:46:41.974 INFO: JdwpEventCenterDelegate: THREAD_RESUMED: thread (33, main, main)
20:46:41.976 INFO: JdwpEventCenterDelegate: THREAD_RESUMED: thread (33, main, main)
20:46:41.981 INFO: JdwpEventCenterDelegate: THREAD_RESUMED: thread (33, main, main)
20:46:42.003 INFO: JdwpEventCenterDelegate: THREAD_RESUMED: thread (33, main, main)
20:46:42.006 INFO: JdwpEventCenterDelegate: THREAD_RESUMED: thread (33, main, main)
20:46:42.008 INFO: JdwpEventCenterDelegate: THREAD_RESUMED: thread (33, main, main)
20:46:42.010 INFO: JdwpEventCenterDelegate: THREAD_RESUMED: thread (33, main, main)
20:46:42.012 INFO: JdwpEventCenterDelegate: THREAD_RESUMED: thread (33, main, main)
20:46:42.017 INFO: JdwpEventCenterDelegate: THREAD_RESUMED: thread (33, main, main)
20:46:42.037 INFO: JdwpEventCenterDelegate: THREAD_RESUMED: thread (33, main, main)
20:46:42.039 INFO: JdwpEventCenterDelegate: THREAD_RESUMED: thread (33, main, main)
20:46:42.042 INFO: JdwpEventCenterDelegate: THREAD_RESUMED: thread (33, main, main)
20:46:42.044 INFO: JdwpEventCenterDelegate: THREAD_RESUMED: thread (33, main, main)
20:46:42.046 INFO: JdwpEventCenterDelegate: THREAD_RESUMED: thread (33, main, main)
20:46:42.051 INFO: JdwpEventCenterDelegate: THREAD_RESUMED: thread (33, main, main)
20:46:42.065 INFO: JdwpEventCenterDelegate: THREAD_RESUMED: thread (33, main, main)
20:46:42.068 INFO: JdwpEventCenterDelegate: THREAD_RESUMED: thread (33, main, main)
20:46:42.070 INFO: JdwpEventCenterDelegate: THREAD_RESUMED: thread (33, main, main)
20:46:42.072 INFO: JdwpEventCenterDelegate: THREAD_RESUMED: thread (33, main, main)
20:46:42.075 INFO: JdwpEventCenterDelegate: THREAD_RESUMED: thread (33, main, main)
20:46:42.080 INFO: JdwpEventCenterDelegate: THREAD_RESUMED: thread (33, main, main)
20:46:42.082 INFO: JdwpEventCenterDelegate: THREAD_RESUMED: thread (33, main, main)
20:46:42.085 INFO: JdwpEventCenterDelegate: THREAD_RESUMED: thread (33, main, main)
20:46:42.087 INFO: JdwpEventCenterDelegate: THREAD_RESUMED: thread (33, main, main)
20:46:42.090 INFO: JdwpEventCenterDelegate: THREAD_RESUMED: thread (33, main, main)
20:46:42.092 INFO: JdwpEventCenterDelegate: THREAD_RESUMED: thread (33, main, main)
20:46:42.094 INFO: JdwpEventCenterDelegate: THREAD_RESUMED: thread (33, main, main)
20:46:42.098 INFO: JdwpEventCenterDelegate: THREAD_RESUMED: thread (33, main, main)
20:46:42.101 INFO: JdwpEventCenterDelegate: THREAD_RESUMED: thread (33, main, main)
20:46:42.103 INFO: JdwpEventCenterDelegate: THREAD_RESUMED: thread (33, main, main)
20:46:42.105 INFO: JdwpEventCenterDelegate: THREAD_RESUMED: thread (33, main, main)
20:46:42.117 INFO: JdwpEventCenterDelegate: THREAD_RESUMED: thread (33, main, main)
20:46:42.119 INFO: JdwpEventCenterDelegate: THREAD_RESUMED: thread (33, main, main)
20:46:42.120 INFO: JdwpEventCenterDelegate: THREAD_RESUMED: thread (33, main, main)
20:46:42.123 INFO: JdwpEventCenterDelegate: THREAD_RESUMED: thread (33, main, main)
20:46:42.125 INFO: JdwpEventCenterDelegate: THREAD_RESUMED: thread (33, main, main)
20:46:42.126 INFO: JdwpEventCenterDelegate: THREAD_RESUMED: thread (33, main, main)
20:46:42.128 INFO: JdwpEventCenterDelegate: THREAD_RESUMED: thread (33, main, main)
20:46:42.147 INFO: JdwpEventCenterDelegate: THREAD_RESUMED: thread (33, main, main)
20:46:42.149 INFO: JdwpEventCenterDelegate: THREAD_RESUMED: thread (33, main, main)
20:46:42.151 INFO: JdwpEventCenterDelegate: THREAD_RESUMED: thread (33, main, main)
20:46:42.152 INFO: JdwpEventCenterDelegate: THREAD_RESUMED: thread (33, main, main)
20:46:42.154 INFO: JdwpEventCenterDelegate: THREAD_RESUMED: thread (33, main, main)
20:46:42.159 INFO: JdwpEventCenterDelegate: THREAD_RESUMED: thread (33, main, main)
20:46:42.172 INFO: JdwpEventCenterDelegate: THREAD_RESUMED: thread (33, main, main)
20:46:42.185 INFO: JdwpEventCenterDelegate: THREAD_RESUMED: thread (33, main, main)
20:46:42.196 INFO: JdwpEventCenterDelegate: THREAD_RESUMED: thread (33, main, main)
20:46:42.209 INFO: JdwpEventCenterDelegate: THREAD_RESUMED: thread (33, main, main)
20:46:42.243 INFO: JdwpEventCenterDelegate: THREAD_RESUMED: thread (33, main, main)
20:46:42.245 INFO: JdwpEventCenterDelegate: THREAD_RESUMED: thread (33, main, main)
20:46:42.247 INFO: JdwpEventCenterDelegate: THREAD_RESUMED: thread (33, main, main)
20:46:42.250 INFO: JdwpEventCenterDelegate: THREAD_RESUMED: thread (33, main, main)
20:46:42.252 INFO: JdwpEventCenterDelegate: THREAD_RESUMED: thread (33, main, main)
20:46:42.257 INFO: JdwpEventCenterDelegate: THREAD_RESUMED: thread (33, main, main)
20:46:42.269 INFO: JdwpEventCenterDelegate: THREAD_RESUMED: thread (33, main, main)
20:46:42.271 INFO: JdwpEventCenterDelegate: THREAD_RESUMED: thread (33, main, main)
20:46:42.273 INFO: JdwpEventCenterDelegate: THREAD_RESUMED: thread (33, main, main)
20:46:42.276 INFO: JdwpEventCenterDelegate: THREAD_RESUMED: thread (33, main, main)
20:46:42.278 INFO: JdwpEventCenterDelegate: THREAD_RESUMED: thread (33, main, main)
20:46:42.283 INFO: JdwpEventCenterDelegate: THREAD_RESUMED: thread (33, main, main)
20:46:42.297 INFO: JdwpEventCenterDelegate: THREAD_RESUMED: thread (33, main, main)
20:46:42.299 INFO: JdwpEventCenterDelegate: THREAD_RESUMED: thread (33, main, main)
20:46:42.302 INFO: JdwpEventCenterDelegate: THREAD_RESUMED: thread (33, main, main)
20:46:42.304 INFO: JdwpEventCenterDelegate: THREAD_RESUMED: thread (33, main, main)
20:46:42.306 INFO: JdwpEventCenterDelegate: THREAD_RESUMED: thread (33, main, main)
20:46:42.311 INFO: JdwpEventCenterDelegate: THREAD_RESUMED: thread (33, main, main)
20:46:42.329 INFO: JdwpEventCenterDelegate: THREAD_RESUMED: thread (33, main, main)
20:46:42.331 INFO: JdwpEventCenterDelegate: THREAD_RESUMED: thread (33, main, main)
20:46:42.334 INFO: JdwpEventCenterDelegate: THREAD_RESUMED: thread (33, main, main)
20:46:42.336 INFO: JdwpEventCenterDelegate: THREAD_RESUMED: thread (33, main, main)
20:46:42.338 INFO: JdwpEventCenterDelegate: THREAD_RESUMED: thread (33, main, main)
20:46:42.342 INFO: JdwpEventCenterDelegate: THREAD_RESUMED: thread (33, main, main)
20:46:42.357 INFO: JdwpEventCenterDelegate: THREAD_RESUMED: thread (33, main, main)
20:46:42.359 INFO: JdwpEventCenterDelegate: THREAD_RESUMED: thread (33, main, main)
20:46:42.361 INFO: JdwpEventCenterDelegate: THREAD_RESUMED: thread (33, main, main)
20:46:42.363 INFO: JdwpEventCenterDelegate: THREAD_RESUMED: thread (33, main, main)
20:46:42.366 INFO: JdwpEventCenterDelegate: THREAD_RESUMED: thread (33, main, main)
20:46:42.371 INFO: JdwpEventCenterDelegate: THREAD_RESUMED: thread (33, main, main)
20:46:42.385 INFO: JdwpEventCenterDelegate: THREAD_RESUMED: thread (33, main, main)
20:46:42.387 INFO: JdwpEventCenterDelegate: THREAD_RESUMED: thread (33, main, main)
20:46:42.390 INFO: JdwpEventCenterDelegate: THREAD_RESUMED: thread (33, main, main)
20:46:42.392 INFO: JdwpEventCenterDelegate: THREAD_RESUMED: thread (33, main, main)
20:46:42.394 INFO: JdwpEventCenterDelegate: THREAD_RESUMED: thread (33, main, main)
20:46:42.398 INFO: JdwpEventCenterDelegate: THREAD_RESUMED: thread (33, main, main)
20:46:42.420 INFO: JdwpEventCenterDelegate: THREAD_RESUMED: thread (33, main, main)
20:46:42.422 INFO: JdwpEventCenterDelegate: THREAD_RESUMED: thread (33, main, main)
20:46:42.424 INFO: JdwpEventCenterDelegate: THREAD_RESUMED: thread (33, main, main)
20:46:42.426 INFO: JdwpEventCenterDelegate: THREAD_RESUMED: thread (33, main, main)
20:46:42.428 INFO: JdwpEventCenterDelegate: THREAD_RESUMED: thread (33, main, main)
20:46:42.433 INFO: JdwpEventCenterDelegate: THREAD_RESUMED: thread (33, main, main)
20:46:42.451 INFO: JdwpEventCenterDelegate: THREAD_RESUMED: thread (33, main, main)
20:46:42.453 INFO: JdwpEventCenterDelegate: THREAD_RESUMED: thread (33, main, main)
20:46:42.455 INFO: JdwpEventCenterDelegate: THREAD_RESUMED: thread (33, main, main)
20:46:42.458 INFO: JdwpEventCenterDelegate: THREAD_RESUMED: thread (33, main, main)
20:46:42.460 INFO: JdwpEventCenterDelegate: THREAD_RESUMED: thread (33, main, main)
20:46:42.465 INFO: JdwpEventCenterDelegate: THREAD_RESUMED: thread (33, main, main)
20:46:42.482 INFO: JdwpEventCenterDelegate: THREAD_RESUMED: thread (33, main, main)
20:46:42.485 INFO: JdwpEventCenterDelegate: THREAD_RESUMED: thread (33, main, main)
20:46:42.487 INFO: JdwpEventCenterDelegate: THREAD_RESUMED: thread (33, main, main)
20:46:42.490 INFO: JdwpEventCenterDelegate: THREAD_RESUMED: thread (33, main, main)
20:46:42.492 INFO: JdwpEventCenterDelegate: THREAD_RESUMED: thread (33, main, main)
20:46:42.496 INFO: JdwpEventCenterDelegate: THREAD_RESUMED: thread (33, main, main)
20:46:42.510 INFO: JdwpEventCenterDelegate: THREAD_RESUMED: thread (33, main, main)
20:46:42.512 INFO: JdwpEventCenterDelegate: THREAD_RESUMED: thread (33, main, main)
20:46:42.514 INFO: JdwpEventCenterDelegate: THREAD_RESUMED: thread (33, main, main)
20:46:42.515 INFO: JdwpEventCenterDelegate: THREAD_RESUMED: thread (33, main, main)
20:46:42.517 INFO: JdwpEventCenterDelegate: THREAD_RESUMED: thread (33, main, main)
20:46:42.522 INFO: JdwpEventCenterDelegate: THREAD_RESUMED: thread (33, main, main)
20:46:42.536 INFO: JdwpEventCenterDelegate: THREAD_RESUMED: thread (33, main, main)
20:46:42.538 INFO: JdwpEventCenterDelegate: THREAD_RESUMED: thread (33, main, main)
20:46:42.540 INFO: JdwpEventCenterDelegate: THREAD_RESUMED: thread (33, main, main)
20:46:42.542 INFO: JdwpEventCenterDelegate: THREAD_RESUMED: thread (33, main, main)
20:46:42.544 INFO: JdwpEventCenterDelegate: THREAD_RESUMED: thread (33, main, main)
20:46:42.548 INFO: JdwpEventCenterDelegate: THREAD_RESUMED: thread (33, main, main)
20:46:42.567 INFO: JdwpEventCenterDelegate: THREAD_RESUMED: thread (33, main, main)
20:46:42.570 INFO: JdwpEventCenterDelegate: THREAD_RESUMED: thread (33, main, main)
20:46:42.572 INFO: JdwpEventCenterDelegate: THREAD_RESUMED: thread (33, main, main)
20:46:42.575 INFO: JdwpEventCenterDelegate: THREAD_RESUMED: thread (33, main, main)
20:46:42.577 INFO: JdwpEventCenterDelegate: THREAD_RESUMED: thread (33, main, main)
20:46:42.582 INFO: JdwpEventCenterDelegate: THREAD_RESUMED: thread (33, main, main)
20:46:42.606 INFO: JdwpEventCenterDelegate: THREAD_RESUMED: thread (33, main, main)
20:46:42.608 INFO: JdwpEventCenterDelegate: THREAD_RESUMED: thread (33, main, main)
20:46:42.611 INFO: JdwpEventCenterDelegate: THREAD_RESUMED: thread (33, main, main)
20:46:42.613 INFO: JdwpEventCenterDelegate: THREAD_RESUMED: thread (33, main, main)
20:46:42.615 INFO: JdwpEventCenterDelegate: THREAD_RESUMED: thread (33, main, main)
20:46:42.620 INFO: JdwpEventCenterDelegate: THREAD_RESUMED: thread (33, main, main)
20:46:42.638 INFO: JdwpEventCenterDelegate: THREAD_RESUMED: thread (33, main, main)
20:46:42.641 INFO: JdwpEventCenterDelegate: THREAD_RESUMED: thread (33, main, main)
20:46:42.643 INFO: JdwpEventCenterDelegate: THREAD_RESUMED: thread (33, main, main)
20:46:42.645 INFO: JdwpEventCenterDelegate: THREAD_RESUMED: thread (33, main, main)
20:46:42.648 INFO: JdwpEventCenterDelegate: THREAD_RESUMED: thread (33, main, main)
20:46:42.653 INFO: JdwpEventCenterDelegate: THREAD_RESUMED: thread (33, main, main)
20:46:42.665 INFO: JdwpEventCenterDelegate: THREAD_RESUMED: thread (33, main, main)
20:46:42.668 INFO: JdwpEventCenterDelegate: THREAD_RESUMED: thread (33, main, main)
20:46:42.670 INFO: JdwpEventCenterDelegate: THREAD_RESUMED: thread (33, main, main)
20:46:42.672 INFO: JdwpEventCenterDelegate: THREAD_RESUMED: thread (33, main, main)
20:46:42.675 INFO: JdwpEventCenterDelegate: THREAD_RESUMED: thread (33, main, main)
20:46:43.989 INFO: JdwpEventCenterDelegate: THREAD_STARTED: thread (108, Timer, main)
20:46:44.898 INFO: JdwpEventCenterDelegate: THREAD_RESUMED: thread (33, main, main)
20:46:44.929 INFO: JdwpEventCenterDelegate: THREAD_RESUMED: thread (33, main, main)
20:46:44.952 INFO: JdwpEventCenterDelegate: THREAD_RESUMED: thread (33, main, main)
20:46:44.970 INFO: JdwpEventCenterDelegate: THREAD_RESUMED: thread (33, main, main)
20:46:45.009 INFO: JdwpEventCenterDelegate: THREAD_RESUMED: thread (33, main, main)
20:46:45.044 INFO: JdwpEventCenterDelegate: THREAD_RESUMED: thread (33, main, main)
20:46:45.061 INFO: JdwpEventCenterDelegate: THREAD_RESUMED: thread (33, main, main)
20:46:45.077 INFO: JdwpEventCenterDelegate: THREAD_RESUMED: thread (33, main, main)
20:46:45.083 INFO: JdwpEventCenterDelegate: THREAD_RESUMED: thread (33, main, main)
20:46:45.097 INFO: JdwpEventCenterDelegate: THREAD_RESUMED: thread (33, main, main)
20:46:45.128 INFO: JdwpEventCenterDelegate: THREAD_RESUMED: thread (33, main, main)
20:46:45.140 INFO: JdwpEventCenterDelegate: THREAD_RESUMED: thread (33, main, main)
20:46:45.153 INFO: JdwpEventCenterDelegate: THREAD_RESUMED: thread (33, main, main)
20:46:45.165 INFO: JdwpEventCenterDelegate: THREAD_RESUMED: thread (33, main, main)
20:46:45.199 INFO: JdwpEventCenterDelegate: THREAD_RESUMED: thread (33, main, main)
20:46:45.232 INFO: JdwpEventCenterDelegate: THREAD_RESUMED: thread (33, main, main)
20:46:45.248 INFO: JdwpEventCenterDelegate: THREAD_RESUMED: thread (33, main, main)
20:46:45.263 INFO: JdwpEventCenterDelegate: THREAD_RESUMED: thread (33, main, main)
20:46:45.269 INFO: JdwpEventCenterDelegate: THREAD_RESUMED: thread (33, main, main)
20:46:45.283 INFO: JdwpEventCenterDelegate: THREAD_RESUMED: thread (33, main, main)
20:46:48.581 INFO: JdwpEventCenterDelegate: THREAD_STARTED: thread (123, Thread-7, main)
20:46:51.355 INFO: JdwpEventCenterDelegate: THREAD_STARTED: thread (138, Thread-8, main)
20:46:53.438 INFO: JdwpEventCenterDelegate: THREAD_STARTED: thread (153, Thread-9, main)
20:46:57.106 INFO: JdwpEventCenterDelegate: THREAD_RESUMED: thread (33, main, main)
20:46:57.156 INFO: JdwpEventCenterDelegate: THREAD_RESUMED: thread (33, main, main)
20:46:57.179 INFO: JdwpEventCenterDelegate: THREAD_RESUMED: thread (33, main, main)
20:46:57.196 INFO: JdwpEventCenterDelegate: THREAD_RESUMED: thread (33, main, main)
20:46:57.210 INFO: JdwpEventCenterDelegate: THREAD_RESUMED: thread (33, main, main)
20:46:57.224 INFO: JdwpEventCenterDelegate: THREAD_RESUMED: thread (33, main, main)
20:46:57.238 INFO: JdwpEventCenterDelegate: THREAD_RESUMED: thread (33, main, main)
20:46:57.251 INFO: JdwpEventCenterDelegate: THREAD_RESUMED: thread (33, main, main)
20:46:57.266 INFO: JdwpEventCenterDelegate: THREAD_RESUMED: thread (33, main, main)
20:46:57.280 INFO: JdwpEventCenterDelegate: THREAD_RESUMED: thread (33, main, main)
20:46:57.298 INFO: JdwpEventCenterDelegate: THREAD_RESUMED: thread (33, main, main)
20:46:57.311 INFO: JdwpEventCenterDelegate: THREAD_RESUMED: thread (33, main, main)
20:46:57.324 INFO: JdwpEventCenterDelegate: THREAD_RESUMED: thread (33, main, main)
20:46:57.336 INFO: JdwpEventCenterDelegate: THREAD_RESUMED: thread (33, main, main)
20:46:57.348 INFO: JdwpEventCenterDelegate: THREAD_RESUMED: thread (33, main, main)
20:46:57.361 INFO: JdwpEventCenterDelegate: THREAD_RESUMED: thread (33, main, main)
20:46:57.374 INFO: JdwpEventCenterDelegate: THREAD_RESUMED: thread (33, main, main)
20:46:57.388 INFO: JdwpEventCenterDelegate: THREAD_RESUMED: thread (33, main, main)
20:47:00.418 INFO: JdwpEventCenterDelegate: THREAD_DETTACHED: thread (138, Thread-8, main)
20:47:01.435 INFO: JdwpEventCenterDelegate: THREAD_STARTED: thread (168, Thread-10, main)
20:47:08.879 INFO: JdwpEventCenterDelegate: THREAD_RESUMED: thread (33, main, main)
20:47:08.931 INFO: JdwpEventCenterDelegate: THREAD_RESUMED: thread (33, main, main)
20:47:08.954 INFO: JdwpEventCenterDelegate: THREAD_RESUMED: thread (33, main, main)
20:47:08.979 INFO: JdwpEventCenterDelegate: THREAD_RESUMED: thread (33, main, main)
20:47:08.993 INFO: JdwpEventCenterDelegate: THREAD_RESUMED: thread (33, main, main)
20:47:09.009 INFO: JdwpEventCenterDelegate: THREAD_RESUMED: thread (33, main, main)
20:47:09.027 INFO: JdwpEventCenterDelegate: THREAD_RESUMED: thread (33, main, main)
20:47:09.050 SEVERE: Debugger: Thread HooksChannel socket thread crashed
org.robovm.debugger.DebuggerException: java.io.IOException: org.robovm.libimobiledevice.LibIMobileDeviceException: IDEVICE_E_UNKNOWN_ERROR
	at org.robovm.debugger.hooks.HooksChannel.doSocketWork(HooksChannel.java:149)
	at java.base/java.lang.Thread.run(Thread.java:834)
	at org.robovm.debugger.utils.DebuggerThread.run(DebuggerThread.java:42)
Caused by: java.io.IOException: org.robovm.libimobiledevice.LibIMobileDeviceException: IDEVICE_E_UNKNOWN_ERROR
	at org.robovm.libimobiledevice.IDeviceConnection$DeviceInputStream.read(IDeviceConnection.java:203)
	at org.robovm.debugger.utils.bytebuffer.DataBufferWriter.writeFromStream(DataBufferWriter.java:89)
	at org.robovm.debugger.hooks.HooksChannel.doSocketWork(HooksChannel.java:116)
	... 2 more
Caused by: org.robovm.libimobiledevice.LibIMobileDeviceException: IDEVICE_E_UNKNOWN_ERROR
	at org.robovm.libimobiledevice.IDevice.checkResult(IDevice.java:206)
	at org.robovm.libimobiledevice.IDeviceConnection.receive(IDeviceConnection.java:110)
	at org.robovm.libimobiledevice.IDeviceConnection.receive(IDeviceConnection.java:81)
	at org.robovm.libimobiledevice.IDeviceConnection$DeviceInputStream.read(IDeviceConnection.java:201)
	... 4 more
20:47:09.065 INFO: JdwpDebugServer: handling req: VirtualMachine(1).Exit(10)
20:47:09.065 SEVERE: Debugger: Thread JDWP server socket thread crashed
org.robovm.debugger.DebuggerException: Terminating due exit command
	at org.robovm.debugger.jdwp.JdwpDebugServer.doSocketWork(JdwpDebugServer.java:211)
	at java.base/java.lang.Thread.run(Thread.java:834)
	at org.robovm.debugger.utils.DebuggerThread.run(DebuggerThread.java:42)
