11:12:19.038 INFO: JdwpDebugServer: handling req: VirtualMachine(1).IDSizes(7)
11:12:19.039 INFO: JdwpDebugServer: handling req: EventRequest(15).Set(1)
11:12:19.039 INFO: JdwpEventCenterDelegate: jdwpSetEventRequest: JdwpEventRequest{requestId=100, eventKind=CLASS_PREPARE, suspendPolicy=NONE, predicates=[]}
11:12:19.039 INFO: JdwpDebugServer: handling req: EventRequest(15).Set(1)
11:12:19.039 INFO: JdwpEventCenterDelegate: jdwpSetEventRequest: JdwpEventRequest{requestId=101, eventKind=CLASS_UNLOAD, suspendPolicy=NONE, predicates=[]}
11:12:19.056 INFO: JdwpDebugServer: handling req: VirtualMachine(1).Version(1)
11:12:19.057 INFO: JdwpDebugServer: handling req: VirtualMachine(1).capabilitiesNew(17)
11:12:19.057 INFO: JdwpDebugServer: handling req: VirtualMachine(1).capabilities(12)
11:12:19.057 INFO: JdwpDebugServer: handling req: VirtualMachine(1).AllClassesWithGeneric(20)
11:12:19.061 INFO: JdwpDebugServer: handling req: VirtualMachine(1).TopLevelThreadGroups(5)
11:12:19.061 INFO: JdwpDebugServer: handling req: EventRequest(15).Set(1)
11:12:19.061 INFO: JdwpEventCenterDelegate: jdwpSetEventRequest: JdwpEventRequest{requestId=102, eventKind=THREAD_START, suspendPolicy=NONE, predicates=[]}
11:12:19.062 INFO: JdwpDebugServer: handling req: EventRequest(15).Set(1)
11:12:19.062 INFO: JdwpEventCenterDelegate: jdwpSetEventRequest: JdwpEventRequest{requestId=103, eventKind=THREAD_DEATH, suspendPolicy=NONE, predicates=[]}
11:12:19.063 INFO: JdwpDebugServer: handling req: EventRequest(15).Set(1)
11:12:19.063 INFO: JdwpEventCenterDelegate: jdwpSetEventRequest: JdwpEventRequest{requestId=104, eventKind=CLASS_PREPARE, suspendPolicy=EVENT_THREAD, predicates=[className=sun.instrument.InstrumentationImpl]}
11:12:19.063 INFO: JdwpDebugServer: handling req: EventRequest(15).Set(1)
11:12:19.063 INFO: JdwpEventCenterDelegate: jdwpSetEventRequest: JdwpEventRequest{requestId=105, eventKind=CLASS_PREPARE, suspendPolicy=EVENT_THREAD, predicates=[className=sun.instrument.InstrumentationImpl]}
11:12:19.659 INFO: JdwpDebugServer: handling req: VirtualMachine(1).Resume(9)
11:12:19.711 INFO: JdwpEventCenterDelegate: THREAD_STARTED: thread (33, main, main)
11:12:19.733 INFO: JdwpEventCenterDelegate: THREAD_STARTED: thread (48, ReferenceQueueDaemon, main)
11:12:19.739 INFO: JdwpEventCenterDelegate: THREAD_STARTED: thread (63, FinalizerDaemon, main)
11:12:19.745 INFO: JdwpEventCenterDelegate: THREAD_STARTED: thread (78, FinalizerWatchdogDaemon, main)
11:12:19.748 INFO: JdwpEventCenterDelegate: THREAD_RESUMED: thread (33, main, main)
11:12:19.750 INFO: JdwpEventCenterDelegate: THREAD_RESUMED: thread (33, main, main)
11:12:19.751 INFO: JdwpEventCenterDelegate: THREAD_RESUMED: thread (33, main, main)
11:12:19.752 INFO: JdwpEventCenterDelegate: THREAD_RESUMED: thread (33, main, main)
11:12:19.753 INFO: JdwpEventCenterDelegate: THREAD_RESUMED: thread (33, main, main)
11:12:19.755 INFO: JdwpEventCenterDelegate: THREAD_RESUMED: thread (33, main, main)
11:12:19.756 INFO: JdwpEventCenterDelegate: THREAD_RESUMED: thread (33, main, main)
11:12:19.757 INFO: JdwpEventCenterDelegate: THREAD_RESUMED: thread (33, main, main)
11:12:19.759 INFO: JdwpEventCenterDelegate: THREAD_RESUMED: thread (33, main, main)
11:12:19.760 INFO: JdwpEventCenterDelegate: THREAD_RESUMED: thread (33, main, main)
11:12:19.761 INFO: JdwpEventCenterDelegate: THREAD_RESUMED: thread (33, main, main)
11:12:19.763 INFO: JdwpEventCenterDelegate: THREAD_RESUMED: thread (33, main, main)
11:12:19.764 INFO: JdwpEventCenterDelegate: THREAD_RESUMED: thread (33, main, main)
11:12:19.766 INFO: JdwpEventCenterDelegate: THREAD_RESUMED: thread (33, main, main)
11:12:19.767 INFO: JdwpEventCenterDelegate: THREAD_RESUMED: thread (33, main, main)
11:12:19.769 INFO: JdwpEventCenterDelegate: THREAD_RESUMED: thread (33, main, main)
11:12:19.770 INFO: JdwpEventCenterDelegate: THREAD_RESUMED: thread (33, main, main)
11:12:19.771 INFO: JdwpEventCenterDelegate: THREAD_RESUMED: thread (33, main, main)
11:12:19.775 INFO: JdwpEventCenterDelegate: THREAD_RESUMED: thread (33, main, main)
11:12:19.776 INFO: JdwpEventCenterDelegate: THREAD_RESUMED: thread (33, main, main)
11:12:19.778 INFO: JdwpEventCenterDelegate: THREAD_RESUMED: thread (33, main, main)
11:12:19.779 INFO: JdwpEventCenterDelegate: THREAD_RESUMED: thread (33, main, main)
11:12:19.781 INFO: JdwpEventCenterDelegate: THREAD_RESUMED: thread (33, main, main)
11:12:19.783 INFO: JdwpEventCenterDelegate: THREAD_RESUMED: thread (33, main, main)
11:12:19.784 INFO: JdwpEventCenterDelegate: THREAD_RESUMED: thread (33, main, main)
11:12:19.815 INFO: JdwpEventCenterDelegate: THREAD_RESUMED: thread (33, main, main)
11:12:19.816 INFO: JdwpEventCenterDelegate: THREAD_RESUMED: thread (33, main, main)
11:12:19.818 INFO: JdwpEventCenterDelegate: THREAD_RESUMED: thread (33, main, main)
11:12:19.819 INFO: JdwpEventCenterDelegate: THREAD_RESUMED: thread (33, main, main)
11:12:19.821 INFO: JdwpEventCenterDelegate: THREAD_RESUMED: thread (33, main, main)
11:12:19.822 INFO: JdwpEventCenterDelegate: THREAD_RESUMED: thread (33, main, main)
11:12:19.823 INFO: JdwpEventCenterDelegate: THREAD_RESUMED: thread (33, main, main)
11:12:19.827 INFO: JdwpEventCenterDelegate: THREAD_RESUMED: thread (33, main, main)
11:12:19.828 INFO: JdwpEventCenterDelegate: THREAD_RESUMED: thread (33, main, main)
11:12:19.830 INFO: JdwpEventCenterDelegate: THREAD_RESUMED: thread (33, main, main)
11:12:19.832 INFO: JdwpEventCenterDelegate: THREAD_RESUMED: thread (33, main, main)
11:12:19.833 INFO: JdwpEventCenterDelegate: THREAD_RESUMED: thread (33, main, main)
11:12:19.835 INFO: JdwpEventCenterDelegate: THREAD_RESUMED: thread (33, main, main)
11:12:19.836 INFO: JdwpEventCenterDelegate: THREAD_RESUMED: thread (33, main, main)
11:12:19.852 INFO: JdwpEventCenterDelegate: THREAD_RESUMED: thread (33, main, main)
11:12:19.854 INFO: JdwpEventCenterDelegate: THREAD_RESUMED: thread (33, main, main)
11:12:19.855 INFO: JdwpEventCenterDelegate: THREAD_RESUMED: thread (33, main, main)
11:12:19.856 INFO: JdwpEventCenterDelegate: THREAD_RESUMED: thread (33, main, main)
11:12:19.858 INFO: JdwpEventCenterDelegate: THREAD_RESUMED: thread (33, main, main)
11:12:19.859 INFO: JdwpEventCenterDelegate: THREAD_RESUMED: thread (33, main, main)
11:12:19.860 INFO: JdwpEventCenterDelegate: THREAD_RESUMED: thread (33, main, main)
11:12:19.898 INFO: JdwpEventCenterDelegate: THREAD_RESUMED: thread (33, main, main)
11:12:19.900 INFO: JdwpEventCenterDelegate: THREAD_RESUMED: thread (33, main, main)
11:12:19.901 INFO: JdwpEventCenterDelegate: THREAD_RESUMED: thread (33, main, main)
11:12:19.903 INFO: JdwpEventCenterDelegate: THREAD_RESUMED: thread (33, main, main)
11:12:19.905 INFO: JdwpEventCenterDelegate: THREAD_RESUMED: thread (33, main, main)
11:12:19.907 INFO: JdwpEventCenterDelegate: THREAD_RESUMED: thread (33, main, main)
11:12:19.908 INFO: JdwpEventCenterDelegate: THREAD_RESUMED: thread (33, main, main)
11:12:19.920 INFO: JdwpEventCenterDelegate: THREAD_RESUMED: thread (33, main, main)
11:12:19.921 INFO: JdwpEventCenterDelegate: THREAD_RESUMED: thread (33, main, main)
11:12:19.922 INFO: JdwpEventCenterDelegate: THREAD_RESUMED: thread (33, main, main)
11:12:19.924 INFO: JdwpEventCenterDelegate: THREAD_RESUMED: thread (33, main, main)
11:12:19.925 INFO: JdwpEventCenterDelegate: THREAD_RESUMED: thread (33, main, main)
11:12:19.927 INFO: JdwpEventCenterDelegate: THREAD_RESUMED: thread (33, main, main)
11:12:19.928 INFO: JdwpEventCenterDelegate: THREAD_RESUMED: thread (33, main, main)
11:12:19.938 INFO: JdwpEventCenterDelegate: THREAD_RESUMED: thread (33, main, main)
11:12:19.940 INFO: JdwpEventCenterDelegate: THREAD_RESUMED: thread (33, main, main)
11:12:19.942 INFO: JdwpEventCenterDelegate: THREAD_RESUMED: thread (33, main, main)
11:12:19.944 INFO: JdwpEventCenterDelegate: THREAD_RESUMED: thread (33, main, main)
11:12:19.945 INFO: JdwpEventCenterDelegate: THREAD_RESUMED: thread (33, main, main)
11:12:19.947 INFO: JdwpEventCenterDelegate: THREAD_RESUMED: thread (33, main, main)
11:12:19.948 INFO: JdwpEventCenterDelegate: THREAD_RESUMED: thread (33, main, main)
11:12:19.949 INFO: JdwpEventCenterDelegate: THREAD_RESUMED: thread (33, main, main)
11:12:19.950 INFO: JdwpEventCenterDelegate: THREAD_RESUMED: thread (33, main, main)
11:12:19.952 INFO: JdwpEventCenterDelegate: THREAD_RESUMED: thread (33, main, main)
11:12:19.954 INFO: JdwpEventCenterDelegate: THREAD_RESUMED: thread (33, main, main)
11:12:19.956 INFO: JdwpEventCenterDelegate: THREAD_RESUMED: thread (33, main, main)
11:12:19.957 INFO: JdwpEventCenterDelegate: THREAD_RESUMED: thread (33, main, main)
11:12:19.959 INFO: JdwpEventCenterDelegate: THREAD_RESUMED: thread (33, main, main)
11:12:19.960 INFO: JdwpEventCenterDelegate: THREAD_RESUMED: thread (33, main, main)
11:12:19.962 INFO: JdwpEventCenterDelegate: THREAD_RESUMED: thread (33, main, main)
11:12:19.963 INFO: JdwpEventCenterDelegate: THREAD_RESUMED: thread (33, main, main)
11:12:19.965 INFO: JdwpEventCenterDelegate: THREAD_RESUMED: thread (33, main, main)
11:12:19.969 INFO: JdwpEventCenterDelegate: THREAD_RESUMED: thread (33, main, main)
11:12:19.971 INFO: JdwpEventCenterDelegate: THREAD_RESUMED: thread (33, main, main)
11:12:20.101 INFO: JdwpEventCenterDelegate: THREAD_STARTED: thread (93, AssetManager, main)
11:12:20.207 INFO: JdwpEventCenterDelegate: THREAD_RESUMED: thread (33, main, main)
11:12:20.210 INFO: JdwpEventCenterDelegate: THREAD_RESUMED: thread (33, main, main)
11:12:22.772 INFO: JdwpEventCenterDelegate: THREAD_RESUMED: thread (33, main, main)
11:12:22.867 INFO: JdwpEventCenterDelegate: THREAD_RESUMED: thread (33, main, main)
11:12:22.869 INFO: JdwpEventCenterDelegate: THREAD_RESUMED: thread (33, main, main)
11:12:22.871 INFO: JdwpEventCenterDelegate: THREAD_RESUMED: thread (33, main, main)
11:12:22.872 INFO: JdwpEventCenterDelegate: THREAD_RESUMED: thread (33, main, main)
11:12:22.874 INFO: JdwpEventCenterDelegate: THREAD_RESUMED: thread (33, main, main)
11:12:22.880 INFO: JdwpEventCenterDelegate: THREAD_RESUMED: thread (33, main, main)
11:12:22.892 INFO: JdwpEventCenterDelegate: THREAD_RESUMED: thread (33, main, main)
11:12:22.894 INFO: JdwpEventCenterDelegate: THREAD_RESUMED: thread (33, main, main)
11:12:22.896 INFO: JdwpEventCenterDelegate: THREAD_RESUMED: thread (33, main, main)
11:12:22.897 INFO: JdwpEventCenterDelegate: THREAD_RESUMED: thread (33, main, main)
11:12:22.899 INFO: JdwpEventCenterDelegate: THREAD_RESUMED: thread (33, main, main)
11:12:22.904 INFO: JdwpEventCenterDelegate: THREAD_RESUMED: thread (33, main, main)
11:12:22.919 INFO: JdwpEventCenterDelegate: THREAD_RESUMED: thread (33, main, main)
11:12:22.921 INFO: JdwpEventCenterDelegate: THREAD_RESUMED: thread (33, main, main)
11:12:22.923 INFO: JdwpEventCenterDelegate: THREAD_RESUMED: thread (33, main, main)
11:12:22.925 INFO: JdwpEventCenterDelegate: THREAD_RESUMED: thread (33, main, main)
11:12:22.927 INFO: JdwpEventCenterDelegate: THREAD_RESUMED: thread (33, main, main)
11:12:22.931 INFO: JdwpEventCenterDelegate: THREAD_RESUMED: thread (33, main, main)
11:12:22.950 INFO: JdwpEventCenterDelegate: THREAD_RESUMED: thread (33, main, main)
11:12:22.952 INFO: JdwpEventCenterDelegate: THREAD_RESUMED: thread (33, main, main)
11:12:22.954 INFO: JdwpEventCenterDelegate: THREAD_RESUMED: thread (33, main, main)
11:12:22.955 INFO: JdwpEventCenterDelegate: THREAD_RESUMED: thread (33, main, main)
11:12:22.958 INFO: JdwpEventCenterDelegate: THREAD_RESUMED: thread (33, main, main)
11:12:22.963 INFO: JdwpEventCenterDelegate: THREAD_RESUMED: thread (33, main, main)
11:12:22.978 INFO: JdwpEventCenterDelegate: THREAD_RESUMED: thread (33, main, main)
11:12:22.980 INFO: JdwpEventCenterDelegate: THREAD_RESUMED: thread (33, main, main)
11:12:22.982 INFO: JdwpEventCenterDelegate: THREAD_RESUMED: thread (33, main, main)
11:12:22.984 INFO: JdwpEventCenterDelegate: THREAD_RESUMED: thread (33, main, main)
11:12:22.986 INFO: JdwpEventCenterDelegate: THREAD_RESUMED: thread (33, main, main)
11:12:22.991 INFO: JdwpEventCenterDelegate: THREAD_RESUMED: thread (33, main, main)
11:12:23.006 INFO: JdwpEventCenterDelegate: THREAD_RESUMED: thread (33, main, main)
11:12:23.016 INFO: JdwpEventCenterDelegate: THREAD_RESUMED: thread (33, main, main)
11:12:23.019 INFO: JdwpEventCenterDelegate: THREAD_RESUMED: thread (33, main, main)
11:12:23.020 INFO: JdwpEventCenterDelegate: THREAD_RESUMED: thread (33, main, main)
11:12:23.022 INFO: JdwpEventCenterDelegate: THREAD_RESUMED: thread (33, main, main)
11:12:23.027 INFO: JdwpEventCenterDelegate: THREAD_RESUMED: thread (33, main, main)
11:12:23.049 INFO: JdwpEventCenterDelegate: THREAD_RESUMED: thread (33, main, main)
11:12:23.051 INFO: JdwpEventCenterDelegate: THREAD_RESUMED: thread (33, main, main)
11:12:23.053 INFO: JdwpEventCenterDelegate: THREAD_RESUMED: thread (33, main, main)
11:12:23.055 INFO: JdwpEventCenterDelegate: THREAD_RESUMED: thread (33, main, main)
11:12:23.057 INFO: JdwpEventCenterDelegate: THREAD_RESUMED: thread (33, main, main)
11:12:23.062 INFO: JdwpEventCenterDelegate: THREAD_RESUMED: thread (33, main, main)
11:12:23.080 INFO: JdwpEventCenterDelegate: THREAD_RESUMED: thread (33, main, main)
11:12:23.082 INFO: JdwpEventCenterDelegate: THREAD_RESUMED: thread (33, main, main)
11:12:23.084 INFO: JdwpEventCenterDelegate: THREAD_RESUMED: thread (33, main, main)
11:12:23.086 INFO: JdwpEventCenterDelegate: THREAD_RESUMED: thread (33, main, main)
11:12:23.088 INFO: JdwpEventCenterDelegate: THREAD_RESUMED: thread (33, main, main)
11:12:23.092 INFO: JdwpEventCenterDelegate: THREAD_RESUMED: thread (33, main, main)
11:12:23.111 INFO: JdwpEventCenterDelegate: THREAD_RESUMED: thread (33, main, main)
11:12:23.113 INFO: JdwpEventCenterDelegate: THREAD_RESUMED: thread (33, main, main)
11:12:23.115 INFO: JdwpEventCenterDelegate: THREAD_RESUMED: thread (33, main, main)
11:12:23.118 INFO: JdwpEventCenterDelegate: THREAD_RESUMED: thread (33, main, main)
11:12:23.120 INFO: JdwpEventCenterDelegate: THREAD_RESUMED: thread (33, main, main)
11:12:23.124 INFO: JdwpEventCenterDelegate: THREAD_RESUMED: thread (33, main, main)
11:12:23.140 INFO: JdwpEventCenterDelegate: THREAD_RESUMED: thread (33, main, main)
11:12:23.142 INFO: JdwpEventCenterDelegate: THREAD_RESUMED: thread (33, main, main)
11:12:23.144 INFO: JdwpEventCenterDelegate: THREAD_RESUMED: thread (33, main, main)
11:12:23.146 INFO: JdwpEventCenterDelegate: THREAD_RESUMED: thread (33, main, main)
11:12:23.148 INFO: JdwpEventCenterDelegate: THREAD_RESUMED: thread (33, main, main)
11:12:23.153 INFO: JdwpEventCenterDelegate: THREAD_RESUMED: thread (33, main, main)
11:12:23.168 INFO: JdwpEventCenterDelegate: THREAD_RESUMED: thread (33, main, main)
11:12:23.170 INFO: JdwpEventCenterDelegate: THREAD_RESUMED: thread (33, main, main)
11:12:23.173 INFO: JdwpEventCenterDelegate: THREAD_RESUMED: thread (33, main, main)
11:12:23.175 INFO: JdwpEventCenterDelegate: THREAD_RESUMED: thread (33, main, main)
11:12:23.177 INFO: JdwpEventCenterDelegate: THREAD_RESUMED: thread (33, main, main)
11:12:23.182 INFO: JdwpEventCenterDelegate: THREAD_RESUMED: thread (33, main, main)
11:12:23.202 INFO: JdwpEventCenterDelegate: THREAD_RESUMED: thread (33, main, main)
11:12:23.204 INFO: JdwpEventCenterDelegate: THREAD_RESUMED: thread (33, main, main)
11:12:23.207 INFO: JdwpEventCenterDelegate: THREAD_RESUMED: thread (33, main, main)
11:12:23.209 INFO: JdwpEventCenterDelegate: THREAD_RESUMED: thread (33, main, main)
11:12:23.211 INFO: JdwpEventCenterDelegate: THREAD_RESUMED: thread (33, main, main)
11:12:23.216 INFO: JdwpEventCenterDelegate: THREAD_RESUMED: thread (33, main, main)
11:12:23.238 INFO: JdwpEventCenterDelegate: THREAD_RESUMED: thread (33, main, main)
11:12:23.240 INFO: JdwpEventCenterDelegate: THREAD_RESUMED: thread (33, main, main)
11:12:23.242 INFO: JdwpEventCenterDelegate: THREAD_RESUMED: thread (33, main, main)
11:12:23.244 INFO: JdwpEventCenterDelegate: THREAD_RESUMED: thread (33, main, main)
11:12:23.247 INFO: JdwpEventCenterDelegate: THREAD_RESUMED: thread (33, main, main)
11:12:23.252 INFO: JdwpEventCenterDelegate: THREAD_RESUMED: thread (33, main, main)
11:12:23.270 INFO: JdwpEventCenterDelegate: THREAD_RESUMED: thread (33, main, main)
11:12:23.273 INFO: JdwpEventCenterDelegate: THREAD_RESUMED: thread (33, main, main)
11:12:23.275 INFO: JdwpEventCenterDelegate: THREAD_RESUMED: thread (33, main, main)
11:12:23.276 INFO: JdwpEventCenterDelegate: THREAD_RESUMED: thread (33, main, main)
11:12:23.279 INFO: JdwpEventCenterDelegate: THREAD_RESUMED: thread (33, main, main)
11:12:23.284 INFO: JdwpEventCenterDelegate: THREAD_RESUMED: thread (33, main, main)
11:12:23.297 INFO: JdwpEventCenterDelegate: THREAD_RESUMED: thread (33, main, main)
11:12:23.299 INFO: JdwpEventCenterDelegate: THREAD_RESUMED: thread (33, main, main)
11:12:23.302 INFO: JdwpEventCenterDelegate: THREAD_RESUMED: thread (33, main, main)
11:12:23.304 INFO: JdwpEventCenterDelegate: THREAD_RESUMED: thread (33, main, main)
11:12:23.306 INFO: JdwpEventCenterDelegate: THREAD_RESUMED: thread (33, main, main)
11:12:23.312 INFO: JdwpEventCenterDelegate: THREAD_RESUMED: thread (33, main, main)
11:12:23.314 INFO: JdwpEventCenterDelegate: THREAD_RESUMED: thread (33, main, main)
11:12:23.316 INFO: JdwpEventCenterDelegate: THREAD_RESUMED: thread (33, main, main)
11:12:23.319 INFO: JdwpEventCenterDelegate: THREAD_RESUMED: thread (33, main, main)
11:12:23.321 INFO: JdwpEventCenterDelegate: THREAD_RESUMED: thread (33, main, main)
11:12:23.323 INFO: JdwpEventCenterDelegate: THREAD_RESUMED: thread (33, main, main)
11:12:23.326 INFO: JdwpEventCenterDelegate: THREAD_RESUMED: thread (33, main, main)
11:12:23.330 INFO: JdwpEventCenterDelegate: THREAD_RESUMED: thread (33, main, main)
11:12:23.332 INFO: JdwpEventCenterDelegate: THREAD_RESUMED: thread (33, main, main)
11:12:23.334 INFO: JdwpEventCenterDelegate: THREAD_RESUMED: thread (33, main, main)
11:12:23.336 INFO: JdwpEventCenterDelegate: THREAD_RESUMED: thread (33, main, main)
11:12:23.348 INFO: JdwpEventCenterDelegate: THREAD_RESUMED: thread (33, main, main)
11:12:23.350 INFO: JdwpEventCenterDelegate: THREAD_RESUMED: thread (33, main, main)
11:12:23.352 INFO: JdwpEventCenterDelegate: THREAD_RESUMED: thread (33, main, main)
11:12:23.354 INFO: JdwpEventCenterDelegate: THREAD_RESUMED: thread (33, main, main)
11:12:23.356 INFO: JdwpEventCenterDelegate: THREAD_RESUMED: thread (33, main, main)
11:12:23.360 INFO: JdwpEventCenterDelegate: THREAD_RESUMED: thread (33, main, main)
11:12:23.376 INFO: JdwpEventCenterDelegate: THREAD_RESUMED: thread (33, main, main)
11:12:23.390 INFO: JdwpEventCenterDelegate: THREAD_RESUMED: thread (33, main, main)
11:12:23.401 INFO: JdwpEventCenterDelegate: THREAD_RESUMED: thread (33, main, main)
11:12:23.414 INFO: JdwpEventCenterDelegate: THREAD_RESUMED: thread (33, main, main)
11:12:23.445 INFO: JdwpEventCenterDelegate: THREAD_RESUMED: thread (33, main, main)
11:12:23.447 INFO: JdwpEventCenterDelegate: THREAD_RESUMED: thread (33, main, main)
11:12:23.449 INFO: JdwpEventCenterDelegate: THREAD_RESUMED: thread (33, main, main)
11:12:23.451 INFO: JdwpEventCenterDelegate: THREAD_RESUMED: thread (33, main, main)
11:12:23.453 INFO: JdwpEventCenterDelegate: THREAD_RESUMED: thread (33, main, main)
11:12:23.458 INFO: JdwpEventCenterDelegate: THREAD_RESUMED: thread (33, main, main)
11:12:23.469 INFO: JdwpEventCenterDelegate: THREAD_RESUMED: thread (33, main, main)
11:12:23.471 INFO: JdwpEventCenterDelegate: THREAD_RESUMED: thread (33, main, main)
11:12:23.474 INFO: JdwpEventCenterDelegate: THREAD_RESUMED: thread (33, main, main)
11:12:23.476 INFO: JdwpEventCenterDelegate: THREAD_RESUMED: thread (33, main, main)
11:12:23.478 INFO: JdwpEventCenterDelegate: THREAD_RESUMED: thread (33, main, main)
11:12:23.483 INFO: JdwpEventCenterDelegate: THREAD_RESUMED: thread (33, main, main)
11:12:23.497 INFO: JdwpEventCenterDelegate: THREAD_RESUMED: thread (33, main, main)
11:12:23.499 INFO: JdwpEventCenterDelegate: THREAD_RESUMED: thread (33, main, main)
11:12:23.501 INFO: JdwpEventCenterDelegate: THREAD_RESUMED: thread (33, main, main)
11:12:23.504 INFO: JdwpEventCenterDelegate: THREAD_RESUMED: thread (33, main, main)
11:12:23.506 INFO: JdwpEventCenterDelegate: THREAD_RESUMED: thread (33, main, main)
11:12:23.511 INFO: JdwpEventCenterDelegate: THREAD_RESUMED: thread (33, main, main)
11:12:23.532 INFO: JdwpEventCenterDelegate: THREAD_RESUMED: thread (33, main, main)
11:12:23.534 INFO: JdwpEventCenterDelegate: THREAD_RESUMED: thread (33, main, main)
11:12:23.536 INFO: JdwpEventCenterDelegate: THREAD_RESUMED: thread (33, main, main)
11:12:23.538 INFO: JdwpEventCenterDelegate: THREAD_RESUMED: thread (33, main, main)
11:12:23.540 INFO: JdwpEventCenterDelegate: THREAD_RESUMED: thread (33, main, main)
11:12:23.545 INFO: JdwpEventCenterDelegate: THREAD_RESUMED: thread (33, main, main)
11:12:23.560 INFO: JdwpEventCenterDelegate: THREAD_RESUMED: thread (33, main, main)
11:12:23.562 INFO: JdwpEventCenterDelegate: THREAD_RESUMED: thread (33, main, main)
11:12:23.563 INFO: JdwpEventCenterDelegate: THREAD_RESUMED: thread (33, main, main)
11:12:23.565 INFO: JdwpEventCenterDelegate: THREAD_RESUMED: thread (33, main, main)
11:12:23.567 INFO: JdwpEventCenterDelegate: THREAD_RESUMED: thread (33, main, main)
11:12:23.571 INFO: JdwpEventCenterDelegate: THREAD_RESUMED: thread (33, main, main)
11:12:23.585 INFO: JdwpEventCenterDelegate: THREAD_RESUMED: thread (33, main, main)
11:12:23.587 INFO: JdwpEventCenterDelegate: THREAD_RESUMED: thread (33, main, main)
11:12:23.589 INFO: JdwpEventCenterDelegate: THREAD_RESUMED: thread (33, main, main)
11:12:23.591 INFO: JdwpEventCenterDelegate: THREAD_RESUMED: thread (33, main, main)
11:12:23.593 INFO: JdwpEventCenterDelegate: THREAD_RESUMED: thread (33, main, main)
11:12:23.598 INFO: JdwpEventCenterDelegate: THREAD_RESUMED: thread (33, main, main)
11:12:23.615 INFO: JdwpEventCenterDelegate: THREAD_RESUMED: thread (33, main, main)
11:12:23.617 INFO: JdwpEventCenterDelegate: THREAD_RESUMED: thread (33, main, main)
11:12:23.619 INFO: JdwpEventCenterDelegate: THREAD_RESUMED: thread (33, main, main)
11:12:23.621 INFO: JdwpEventCenterDelegate: THREAD_RESUMED: thread (33, main, main)
11:12:23.624 INFO: JdwpEventCenterDelegate: THREAD_RESUMED: thread (33, main, main)
11:12:23.628 INFO: JdwpEventCenterDelegate: THREAD_RESUMED: thread (33, main, main)
11:12:23.646 INFO: JdwpEventCenterDelegate: THREAD_RESUMED: thread (33, main, main)
11:12:23.648 INFO: JdwpEventCenterDelegate: THREAD_RESUMED: thread (33, main, main)
11:12:23.650 INFO: JdwpEventCenterDelegate: THREAD_RESUMED: thread (33, main, main)
11:12:23.652 INFO: JdwpEventCenterDelegate: THREAD_RESUMED: thread (33, main, main)
11:12:23.654 INFO: JdwpEventCenterDelegate: THREAD_RESUMED: thread (33, main, main)
11:12:23.659 INFO: JdwpEventCenterDelegate: THREAD_RESUMED: thread (33, main, main)
11:12:23.676 INFO: JdwpEventCenterDelegate: THREAD_RESUMED: thread (33, main, main)
11:12:23.677 INFO: JdwpEventCenterDelegate: THREAD_RESUMED: thread (33, main, main)
11:12:23.679 INFO: JdwpEventCenterDelegate: THREAD_RESUMED: thread (33, main, main)
11:12:23.681 INFO: JdwpEventCenterDelegate: THREAD_RESUMED: thread (33, main, main)
11:12:23.683 INFO: JdwpEventCenterDelegate: THREAD_RESUMED: thread (33, main, main)
11:12:23.687 INFO: JdwpEventCenterDelegate: THREAD_RESUMED: thread (33, main, main)
11:12:23.702 INFO: JdwpEventCenterDelegate: THREAD_RESUMED: thread (33, main, main)
11:12:23.704 INFO: JdwpEventCenterDelegate: THREAD_RESUMED: thread (33, main, main)
11:12:23.706 INFO: JdwpEventCenterDelegate: THREAD_RESUMED: thread (33, main, main)
11:12:23.708 INFO: JdwpEventCenterDelegate: THREAD_RESUMED: thread (33, main, main)
11:12:23.711 INFO: JdwpEventCenterDelegate: THREAD_RESUMED: thread (33, main, main)
11:12:23.715 INFO: JdwpEventCenterDelegate: THREAD_RESUMED: thread (33, main, main)
11:12:23.729 INFO: JdwpEventCenterDelegate: THREAD_RESUMED: thread (33, main, main)
11:12:23.731 INFO: JdwpEventCenterDelegate: THREAD_RESUMED: thread (33, main, main)
11:12:23.733 INFO: JdwpEventCenterDelegate: THREAD_RESUMED: thread (33, main, main)
11:12:23.735 INFO: JdwpEventCenterDelegate: THREAD_RESUMED: thread (33, main, main)
11:12:23.737 INFO: JdwpEventCenterDelegate: THREAD_RESUMED: thread (33, main, main)
11:12:23.742 INFO: JdwpEventCenterDelegate: THREAD_RESUMED: thread (33, main, main)
11:12:23.760 INFO: JdwpEventCenterDelegate: THREAD_RESUMED: thread (33, main, main)
11:12:23.762 INFO: JdwpEventCenterDelegate: THREAD_RESUMED: thread (33, main, main)
11:12:23.765 INFO: JdwpEventCenterDelegate: THREAD_RESUMED: thread (33, main, main)
11:12:23.767 INFO: JdwpEventCenterDelegate: THREAD_RESUMED: thread (33, main, main)
11:12:23.770 INFO: JdwpEventCenterDelegate: THREAD_RESUMED: thread (33, main, main)
11:12:23.774 INFO: JdwpEventCenterDelegate: THREAD_RESUMED: thread (33, main, main)
11:12:23.799 INFO: JdwpEventCenterDelegate: THREAD_RESUMED: thread (33, main, main)
11:12:23.801 INFO: JdwpEventCenterDelegate: THREAD_RESUMED: thread (33, main, main)
11:12:23.803 INFO: JdwpEventCenterDelegate: THREAD_RESUMED: thread (33, main, main)
11:12:23.805 INFO: JdwpEventCenterDelegate: THREAD_RESUMED: thread (33, main, main)
11:12:23.808 INFO: JdwpEventCenterDelegate: THREAD_RESUMED: thread (33, main, main)
11:12:23.813 INFO: JdwpEventCenterDelegate: THREAD_RESUMED: thread (33, main, main)
11:12:23.830 INFO: JdwpEventCenterDelegate: THREAD_RESUMED: thread (33, main, main)
11:12:23.833 INFO: JdwpEventCenterDelegate: THREAD_RESUMED: thread (33, main, main)
11:12:23.835 INFO: JdwpEventCenterDelegate: THREAD_RESUMED: thread (33, main, main)
11:12:23.837 INFO: JdwpEventCenterDelegate: THREAD_RESUMED: thread (33, main, main)
11:12:23.840 INFO: JdwpEventCenterDelegate: THREAD_RESUMED: thread (33, main, main)
11:12:23.844 INFO: JdwpEventCenterDelegate: THREAD_RESUMED: thread (33, main, main)
11:12:23.856 INFO: JdwpEventCenterDelegate: THREAD_RESUMED: thread (33, main, main)
11:12:23.859 INFO: JdwpEventCenterDelegate: THREAD_RESUMED: thread (33, main, main)
11:12:23.861 INFO: JdwpEventCenterDelegate: THREAD_RESUMED: thread (33, main, main)
11:12:23.863 INFO: JdwpEventCenterDelegate: THREAD_RESUMED: thread (33, main, main)
11:12:23.866 INFO: JdwpEventCenterDelegate: THREAD_RESUMED: thread (33, main, main)
11:12:24.866 INFO: JdwpEventCenterDelegate: THREAD_STARTED: thread (108, Timer, main)
11:12:25.758 INFO: JdwpEventCenterDelegate: THREAD_RESUMED: thread (33, main, main)
11:12:25.792 INFO: JdwpEventCenterDelegate: THREAD_RESUMED: thread (33, main, main)
11:12:25.817 INFO: JdwpEventCenterDelegate: THREAD_RESUMED: thread (33, main, main)
11:12:25.836 INFO: JdwpEventCenterDelegate: THREAD_RESUMED: thread (33, main, main)
11:12:25.875 INFO: JdwpEventCenterDelegate: THREAD_RESUMED: thread (33, main, main)
11:12:25.909 INFO: JdwpEventCenterDelegate: THREAD_RESUMED: thread (33, main, main)
11:12:25.927 INFO: JdwpEventCenterDelegate: THREAD_RESUMED: thread (33, main, main)
11:12:25.942 INFO: JdwpEventCenterDelegate: THREAD_RESUMED: thread (33, main, main)
11:12:25.948 INFO: JdwpEventCenterDelegate: THREAD_RESUMED: thread (33, main, main)
11:12:25.962 INFO: JdwpEventCenterDelegate: THREAD_RESUMED: thread (33, main, main)
11:12:25.993 INFO: JdwpEventCenterDelegate: THREAD_RESUMED: thread (33, main, main)
11:12:26.005 INFO: JdwpEventCenterDelegate: THREAD_RESUMED: thread (33, main, main)
11:12:26.018 INFO: JdwpEventCenterDelegate: THREAD_RESUMED: thread (33, main, main)
11:12:26.030 INFO: JdwpEventCenterDelegate: THREAD_RESUMED: thread (33, main, main)
11:12:26.065 INFO: JdwpEventCenterDelegate: THREAD_RESUMED: thread (33, main, main)
11:12:26.098 INFO: JdwpEventCenterDelegate: THREAD_RESUMED: thread (33, main, main)
11:12:26.114 INFO: JdwpEventCenterDelegate: THREAD_RESUMED: thread (33, main, main)
11:12:26.128 INFO: JdwpEventCenterDelegate: THREAD_RESUMED: thread (33, main, main)
11:12:26.135 INFO: JdwpEventCenterDelegate: THREAD_RESUMED: thread (33, main, main)
11:12:26.148 INFO: JdwpEventCenterDelegate: THREAD_RESUMED: thread (33, main, main)
11:12:34.329 SEVERE: Debugger: Thread HooksChannel socket thread crashed
org.robovm.debugger.DebuggerException: java.io.IOException: org.robovm.libimobiledevice.LibIMobileDeviceException: IDEVICE_E_UNKNOWN_ERROR
	at org.robovm.debugger.hooks.HooksChannel.doSocketWork(HooksChannel.java:149)
	at java.base/java.lang.Thread.run(Thread.java:834)
	at org.robovm.debugger.utils.DebuggerThread.run(DebuggerThread.java:42)
Caused by: java.io.IOException: org.robovm.libimobiledevice.LibIMobileDeviceException: IDEVICE_E_UNKNOWN_ERROR
	at org.robovm.libimobiledevice.IDeviceConnection$DeviceInputStream.read(IDeviceConnection.java:203)
	at org.robovm.debugger.utils.bytebuffer.DataBufferWriter.writeFromStream(DataBufferWriter.java:89)
	at org.robovm.debugger.hooks.HooksChannel.doSocketWork(HooksChannel.java:116)
	... 2 more
Caused by: org.robovm.libimobiledevice.LibIMobileDeviceException: IDEVICE_E_UNKNOWN_ERROR
	at org.robovm.libimobiledevice.IDevice.checkResult(IDevice.java:206)
	at org.robovm.libimobiledevice.IDeviceConnection.receive(IDeviceConnection.java:110)
	at org.robovm.libimobiledevice.IDeviceConnection.receive(IDeviceConnection.java:81)
	at org.robovm.libimobiledevice.IDeviceConnection$DeviceInputStream.read(IDeviceConnection.java:201)
	... 4 more
11:12:34.345 INFO: JdwpDebugServer: handling req: VirtualMachine(1).Exit(10)
11:12:34.345 SEVERE: Debugger: Thread JDWP server socket thread crashed
org.robovm.debugger.DebuggerException: Terminating due exit command
	at org.robovm.debugger.jdwp.JdwpDebugServer.doSocketWork(JdwpDebugServer.java:211)
	at java.base/java.lang.Thread.run(Thread.java:834)
	at org.robovm.debugger.utils.DebuggerThread.run(DebuggerThread.java:42)
