16:23:40.342 INFO: JdwpDebugServer: handling req: VirtualMachine(1).IDSizes(7)
16:23:40.342 INFO: JdwpDebugServer: handling req: EventRequest(15).Set(1)
16:23:40.342 INFO: JdwpEventCenterDelegate: jdwpSetEventRequest: JdwpEventRequest{requestId=100, eventKind=CLASS_PREPARE, suspendPolicy=NONE, predicates=[]}
16:23:40.342 INFO: JdwpDebugServer: handling req: EventRequest(15).Set(1)
16:23:40.342 INFO: JdwpEventCenterDelegate: jdwpSetEventRequest: JdwpEventRequest{requestId=101, eventKind=CLASS_UNLOAD, suspendPolicy=NONE, predicates=[]}
16:23:40.357 INFO: JdwpDebugServer: handling req: VirtualMachine(1).Version(1)
16:23:40.357 INFO: JdwpDebugServer: handling req: VirtualMachine(1).capabilitiesNew(17)
16:23:40.357 INFO: JdwpDebugServer: handling req: VirtualMachine(1).capabilities(12)
16:23:40.358 INFO: JdwpDebugServer: handling req: VirtualMachine(1).AllClassesWithGeneric(20)
16:23:40.361 INFO: JdwpDebugServer: handling req: VirtualMachine(1).TopLevelThreadGroups(5)
16:23:40.361 INFO: JdwpDebugServer: handling req: EventRequest(15).Set(1)
16:23:40.362 INFO: JdwpEventCenterDelegate: jdwpSetEventRequest: JdwpEventRequest{requestId=102, eventKind=THREAD_START, suspendPolicy=NONE, predicates=[]}
16:23:40.384 INFO: JdwpDebugServer: handling req: EventRequest(15).Set(1)
16:23:40.384 INFO: JdwpEventCenterDelegate: jdwpSetEventRequest: JdwpEventRequest{requestId=103, eventKind=THREAD_DEATH, suspendPolicy=NONE, predicates=[]}
16:23:40.391 INFO: JdwpDebugServer: handling req: EventRequest(15).Set(1)
16:23:40.391 INFO: JdwpEventCenterDelegate: jdwpSetEventRequest: JdwpEventRequest{requestId=104, eventKind=CLASS_PREPARE, suspendPolicy=EVENT_THREAD, predicates=[className=sun.instrument.InstrumentationImpl]}
16:23:40.391 INFO: JdwpDebugServer: handling req: EventRequest(15).Set(1)
16:23:40.391 INFO: JdwpEventCenterDelegate: jdwpSetEventRequest: JdwpEventRequest{requestId=105, eventKind=CLASS_PREPARE, suspendPolicy=EVENT_THREAD, predicates=[className=sun.instrument.InstrumentationImpl]}
16:23:40.755 INFO: JdwpDebugServer: handling req: VirtualMachine(1).Resume(9)
16:23:40.790 INFO: JdwpEventCenterDelegate: THREAD_STARTED: thread (33, main, main)
16:23:40.805 INFO: JdwpEventCenterDelegate: THREAD_STARTED: thread (48, ReferenceQueueDaemon, main)
16:23:40.812 INFO: JdwpEventCenterDelegate: THREAD_STARTED: thread (63, FinalizerDaemon, main)
16:23:40.819 INFO: JdwpEventCenterDelegate: THREAD_STARTED: thread (78, FinalizerWatchdogDaemon, main)
16:23:40.823 INFO: JdwpEventCenterDelegate: THREAD_RESUMED: thread (33, main, main)
16:23:40.825 INFO: JdwpEventCenterDelegate: THREAD_RESUMED: thread (33, main, main)
16:23:40.826 INFO: JdwpEventCenterDelegate: THREAD_RESUMED: thread (33, main, main)
16:23:40.827 INFO: JdwpEventCenterDelegate: THREAD_RESUMED: thread (33, main, main)
16:23:40.828 INFO: JdwpEventCenterDelegate: THREAD_RESUMED: thread (33, main, main)
16:23:40.830 INFO: JdwpEventCenterDelegate: THREAD_RESUMED: thread (33, main, main)
16:23:40.831 INFO: JdwpEventCenterDelegate: THREAD_RESUMED: thread (33, main, main)
16:23:40.833 INFO: JdwpEventCenterDelegate: THREAD_RESUMED: thread (33, main, main)
16:23:40.834 INFO: JdwpEventCenterDelegate: THREAD_RESUMED: thread (33, main, main)
16:23:40.836 INFO: JdwpEventCenterDelegate: THREAD_RESUMED: thread (33, main, main)
16:23:40.838 INFO: JdwpEventCenterDelegate: THREAD_RESUMED: thread (33, main, main)
16:23:40.839 INFO: JdwpEventCenterDelegate: THREAD_RESUMED: thread (33, main, main)
16:23:40.841 INFO: JdwpEventCenterDelegate: THREAD_RESUMED: thread (33, main, main)
16:23:40.843 INFO: JdwpEventCenterDelegate: THREAD_RESUMED: thread (33, main, main)
16:23:40.844 INFO: JdwpEventCenterDelegate: THREAD_RESUMED: thread (33, main, main)
16:23:40.845 INFO: JdwpEventCenterDelegate: THREAD_RESUMED: thread (33, main, main)
16:23:40.846 INFO: JdwpEventCenterDelegate: THREAD_RESUMED: thread (33, main, main)
16:23:40.848 INFO: JdwpEventCenterDelegate: THREAD_RESUMED: thread (33, main, main)
16:23:40.851 INFO: JdwpEventCenterDelegate: THREAD_RESUMED: thread (33, main, main)
16:23:40.852 INFO: JdwpEventCenterDelegate: THREAD_RESUMED: thread (33, main, main)
16:23:40.853 INFO: JdwpEventCenterDelegate: THREAD_RESUMED: thread (33, main, main)
16:23:40.854 INFO: JdwpEventCenterDelegate: THREAD_RESUMED: thread (33, main, main)
16:23:40.855 INFO: JdwpEventCenterDelegate: THREAD_RESUMED: thread (33, main, main)
16:23:40.857 INFO: JdwpEventCenterDelegate: THREAD_RESUMED: thread (33, main, main)
16:23:40.858 INFO: JdwpEventCenterDelegate: THREAD_RESUMED: thread (33, main, main)
16:23:40.886 INFO: JdwpEventCenterDelegate: THREAD_RESUMED: thread (33, main, main)
16:23:40.887 INFO: JdwpEventCenterDelegate: THREAD_RESUMED: thread (33, main, main)
16:23:40.890 INFO: JdwpEventCenterDelegate: THREAD_RESUMED: thread (33, main, main)
16:23:40.891 INFO: JdwpEventCenterDelegate: THREAD_RESUMED: thread (33, main, main)
16:23:40.893 INFO: JdwpEventCenterDelegate: THREAD_RESUMED: thread (33, main, main)
16:23:40.894 INFO: JdwpEventCenterDelegate: THREAD_RESUMED: thread (33, main, main)
16:23:40.896 INFO: JdwpEventCenterDelegate: THREAD_RESUMED: thread (33, main, main)
16:23:40.898 INFO: JdwpEventCenterDelegate: THREAD_RESUMED: thread (33, main, main)
16:23:40.899 INFO: JdwpEventCenterDelegate: THREAD_RESUMED: thread (33, main, main)
16:23:40.901 INFO: JdwpEventCenterDelegate: THREAD_RESUMED: thread (33, main, main)
16:23:40.902 INFO: JdwpEventCenterDelegate: THREAD_RESUMED: thread (33, main, main)
16:23:40.903 INFO: JdwpEventCenterDelegate: THREAD_RESUMED: thread (33, main, main)
16:23:40.904 INFO: JdwpEventCenterDelegate: THREAD_RESUMED: thread (33, main, main)
16:23:40.905 INFO: JdwpEventCenterDelegate: THREAD_RESUMED: thread (33, main, main)
16:23:40.920 INFO: JdwpEventCenterDelegate: THREAD_RESUMED: thread (33, main, main)
16:23:40.921 INFO: JdwpEventCenterDelegate: THREAD_RESUMED: thread (33, main, main)
16:23:40.923 INFO: JdwpEventCenterDelegate: THREAD_RESUMED: thread (33, main, main)
16:23:40.924 INFO: JdwpEventCenterDelegate: THREAD_RESUMED: thread (33, main, main)
16:23:40.926 INFO: JdwpEventCenterDelegate: THREAD_RESUMED: thread (33, main, main)
16:23:40.927 INFO: JdwpEventCenterDelegate: THREAD_RESUMED: thread (33, main, main)
16:23:40.928 INFO: JdwpEventCenterDelegate: THREAD_RESUMED: thread (33, main, main)
16:23:40.951 INFO: JdwpEventCenterDelegate: THREAD_RESUMED: thread (33, main, main)
16:23:40.952 INFO: JdwpEventCenterDelegate: THREAD_RESUMED: thread (33, main, main)
16:23:40.954 INFO: JdwpEventCenterDelegate: THREAD_RESUMED: thread (33, main, main)
16:23:40.955 INFO: JdwpEventCenterDelegate: THREAD_RESUMED: thread (33, main, main)
16:23:40.957 INFO: JdwpEventCenterDelegate: THREAD_RESUMED: thread (33, main, main)
16:23:40.958 INFO: JdwpEventCenterDelegate: THREAD_RESUMED: thread (33, main, main)
16:23:40.959 INFO: JdwpEventCenterDelegate: THREAD_RESUMED: thread (33, main, main)
16:23:40.983 INFO: JdwpEventCenterDelegate: THREAD_RESUMED: thread (33, main, main)
16:23:40.985 INFO: JdwpEventCenterDelegate: THREAD_RESUMED: thread (33, main, main)
16:23:40.986 INFO: JdwpEventCenterDelegate: THREAD_RESUMED: thread (33, main, main)
16:23:40.987 INFO: JdwpEventCenterDelegate: THREAD_RESUMED: thread (33, main, main)
16:23:40.989 INFO: JdwpEventCenterDelegate: THREAD_RESUMED: thread (33, main, main)
16:23:40.991 INFO: JdwpEventCenterDelegate: THREAD_RESUMED: thread (33, main, main)
16:23:40.992 INFO: JdwpEventCenterDelegate: THREAD_RESUMED: thread (33, main, main)
16:23:41.003 INFO: JdwpEventCenterDelegate: THREAD_RESUMED: thread (33, main, main)
16:23:41.004 INFO: JdwpEventCenterDelegate: THREAD_RESUMED: thread (33, main, main)
16:23:41.005 INFO: JdwpEventCenterDelegate: THREAD_RESUMED: thread (33, main, main)
16:23:41.007 INFO: JdwpEventCenterDelegate: THREAD_RESUMED: thread (33, main, main)
16:23:41.008 INFO: JdwpEventCenterDelegate: THREAD_RESUMED: thread (33, main, main)
16:23:41.009 INFO: JdwpEventCenterDelegate: THREAD_RESUMED: thread (33, main, main)
16:23:41.011 INFO: JdwpEventCenterDelegate: THREAD_RESUMED: thread (33, main, main)
16:23:41.020 INFO: JdwpEventCenterDelegate: THREAD_RESUMED: thread (33, main, main)
16:23:41.021 INFO: JdwpEventCenterDelegate: THREAD_RESUMED: thread (33, main, main)
16:23:41.022 INFO: JdwpEventCenterDelegate: THREAD_RESUMED: thread (33, main, main)
16:23:41.024 INFO: JdwpEventCenterDelegate: THREAD_RESUMED: thread (33, main, main)
16:23:41.025 INFO: JdwpEventCenterDelegate: THREAD_RESUMED: thread (33, main, main)
16:23:41.027 INFO: JdwpEventCenterDelegate: THREAD_RESUMED: thread (33, main, main)
16:23:41.028 INFO: JdwpEventCenterDelegate: THREAD_RESUMED: thread (33, main, main)
16:23:41.030 INFO: JdwpEventCenterDelegate: THREAD_RESUMED: thread (33, main, main)
16:23:41.031 INFO: JdwpEventCenterDelegate: THREAD_RESUMED: thread (33, main, main)
16:23:41.033 INFO: JdwpEventCenterDelegate: THREAD_RESUMED: thread (33, main, main)
16:23:41.034 INFO: JdwpEventCenterDelegate: THREAD_RESUMED: thread (33, main, main)
16:23:41.036 INFO: JdwpEventCenterDelegate: THREAD_RESUMED: thread (33, main, main)
16:23:41.037 INFO: JdwpEventCenterDelegate: THREAD_RESUMED: thread (33, main, main)
16:23:41.038 INFO: JdwpEventCenterDelegate: THREAD_RESUMED: thread (33, main, main)
16:23:41.039 INFO: JdwpEventCenterDelegate: THREAD_RESUMED: thread (33, main, main)
16:23:41.041 INFO: JdwpEventCenterDelegate: THREAD_RESUMED: thread (33, main, main)
16:23:41.042 INFO: JdwpEventCenterDelegate: THREAD_RESUMED: thread (33, main, main)
16:23:41.043 INFO: JdwpEventCenterDelegate: THREAD_RESUMED: thread (33, main, main)
16:23:41.047 INFO: JdwpEventCenterDelegate: THREAD_RESUMED: thread (33, main, main)
16:23:41.048 INFO: JdwpEventCenterDelegate: THREAD_RESUMED: thread (33, main, main)
16:23:41.181 INFO: JdwpEventCenterDelegate: THREAD_STARTED: thread (93, AssetManager, main)
16:23:41.285 INFO: JdwpEventCenterDelegate: THREAD_RESUMED: thread (33, main, main)
16:23:41.287 INFO: JdwpEventCenterDelegate: THREAD_RESUMED: thread (33, main, main)
16:23:43.853 INFO: JdwpEventCenterDelegate: THREAD_RESUMED: thread (33, main, main)
16:23:43.955 INFO: JdwpEventCenterDelegate: THREAD_RESUMED: thread (33, main, main)
16:23:43.957 INFO: JdwpEventCenterDelegate: THREAD_RESUMED: thread (33, main, main)
16:23:43.959 INFO: JdwpEventCenterDelegate: THREAD_RESUMED: thread (33, main, main)
16:23:43.960 INFO: JdwpEventCenterDelegate: THREAD_RESUMED: thread (33, main, main)
16:23:43.962 INFO: JdwpEventCenterDelegate: THREAD_RESUMED: thread (33, main, main)
16:23:43.968 INFO: JdwpEventCenterDelegate: THREAD_RESUMED: thread (33, main, main)
16:23:43.980 INFO: JdwpEventCenterDelegate: THREAD_RESUMED: thread (33, main, main)
16:23:43.982 INFO: JdwpEventCenterDelegate: THREAD_RESUMED: thread (33, main, main)
16:23:43.984 INFO: JdwpEventCenterDelegate: THREAD_RESUMED: thread (33, main, main)
16:23:43.987 INFO: JdwpEventCenterDelegate: THREAD_RESUMED: thread (33, main, main)
16:23:43.989 INFO: JdwpEventCenterDelegate: THREAD_RESUMED: thread (33, main, main)
16:23:43.993 INFO: JdwpEventCenterDelegate: THREAD_RESUMED: thread (33, main, main)
16:23:44.008 INFO: JdwpEventCenterDelegate: THREAD_RESUMED: thread (33, main, main)
16:23:44.010 INFO: JdwpEventCenterDelegate: THREAD_RESUMED: thread (33, main, main)
16:23:44.013 INFO: JdwpEventCenterDelegate: THREAD_RESUMED: thread (33, main, main)
16:23:44.015 INFO: JdwpEventCenterDelegate: THREAD_RESUMED: thread (33, main, main)
16:23:44.017 INFO: JdwpEventCenterDelegate: THREAD_RESUMED: thread (33, main, main)
16:23:44.022 INFO: JdwpEventCenterDelegate: THREAD_RESUMED: thread (33, main, main)
16:23:44.041 INFO: JdwpEventCenterDelegate: THREAD_RESUMED: thread (33, main, main)
16:23:44.043 INFO: JdwpEventCenterDelegate: THREAD_RESUMED: thread (33, main, main)
16:23:44.045 INFO: JdwpEventCenterDelegate: THREAD_RESUMED: thread (33, main, main)
16:23:44.048 INFO: JdwpEventCenterDelegate: THREAD_RESUMED: thread (33, main, main)
16:23:44.050 INFO: JdwpEventCenterDelegate: THREAD_RESUMED: thread (33, main, main)
16:23:44.055 INFO: JdwpEventCenterDelegate: THREAD_RESUMED: thread (33, main, main)
16:23:44.070 INFO: JdwpEventCenterDelegate: THREAD_RESUMED: thread (33, main, main)
16:23:44.073 INFO: JdwpEventCenterDelegate: THREAD_RESUMED: thread (33, main, main)
16:23:44.075 INFO: JdwpEventCenterDelegate: THREAD_RESUMED: thread (33, main, main)
16:23:44.077 INFO: JdwpEventCenterDelegate: THREAD_RESUMED: thread (33, main, main)
16:23:44.079 INFO: JdwpEventCenterDelegate: THREAD_RESUMED: thread (33, main, main)
16:23:44.084 INFO: JdwpEventCenterDelegate: THREAD_RESUMED: thread (33, main, main)
16:23:44.100 INFO: JdwpEventCenterDelegate: THREAD_RESUMED: thread (33, main, main)
16:23:44.102 INFO: JdwpEventCenterDelegate: THREAD_RESUMED: thread (33, main, main)
16:23:44.104 INFO: JdwpEventCenterDelegate: THREAD_RESUMED: thread (33, main, main)
16:23:44.107 INFO: JdwpEventCenterDelegate: THREAD_RESUMED: thread (33, main, main)
16:23:44.109 INFO: JdwpEventCenterDelegate: THREAD_RESUMED: thread (33, main, main)
16:23:44.114 INFO: JdwpEventCenterDelegate: THREAD_RESUMED: thread (33, main, main)
16:23:44.133 INFO: JdwpEventCenterDelegate: THREAD_RESUMED: thread (33, main, main)
16:23:44.136 INFO: JdwpEventCenterDelegate: THREAD_RESUMED: thread (33, main, main)
16:23:44.138 INFO: JdwpEventCenterDelegate: THREAD_RESUMED: thread (33, main, main)
16:23:44.140 INFO: JdwpEventCenterDelegate: THREAD_RESUMED: thread (33, main, main)
16:23:44.142 INFO: JdwpEventCenterDelegate: THREAD_RESUMED: thread (33, main, main)
16:23:44.147 INFO: JdwpEventCenterDelegate: THREAD_RESUMED: thread (33, main, main)
16:23:44.166 INFO: JdwpEventCenterDelegate: THREAD_RESUMED: thread (33, main, main)
16:23:44.168 INFO: JdwpEventCenterDelegate: THREAD_RESUMED: thread (33, main, main)
16:23:44.170 INFO: JdwpEventCenterDelegate: THREAD_RESUMED: thread (33, main, main)
16:23:44.173 INFO: JdwpEventCenterDelegate: THREAD_RESUMED: thread (33, main, main)
16:23:44.175 INFO: JdwpEventCenterDelegate: THREAD_RESUMED: thread (33, main, main)
16:23:44.179 INFO: JdwpEventCenterDelegate: THREAD_RESUMED: thread (33, main, main)
16:23:44.198 INFO: JdwpEventCenterDelegate: THREAD_RESUMED: thread (33, main, main)
16:23:44.200 INFO: JdwpEventCenterDelegate: THREAD_RESUMED: thread (33, main, main)
16:23:44.202 INFO: JdwpEventCenterDelegate: THREAD_RESUMED: thread (33, main, main)
16:23:44.204 INFO: JdwpEventCenterDelegate: THREAD_RESUMED: thread (33, main, main)
16:23:44.206 INFO: JdwpEventCenterDelegate: THREAD_RESUMED: thread (33, main, main)
16:23:44.211 INFO: JdwpEventCenterDelegate: THREAD_RESUMED: thread (33, main, main)
16:23:44.229 INFO: JdwpEventCenterDelegate: THREAD_RESUMED: thread (33, main, main)
16:23:44.231 INFO: JdwpEventCenterDelegate: THREAD_RESUMED: thread (33, main, main)
16:23:44.233 INFO: JdwpEventCenterDelegate: THREAD_RESUMED: thread (33, main, main)
16:23:44.235 INFO: JdwpEventCenterDelegate: THREAD_RESUMED: thread (33, main, main)
16:23:44.237 INFO: JdwpEventCenterDelegate: THREAD_RESUMED: thread (33, main, main)
16:23:44.242 INFO: JdwpEventCenterDelegate: THREAD_RESUMED: thread (33, main, main)
16:23:44.257 INFO: JdwpEventCenterDelegate: THREAD_RESUMED: thread (33, main, main)
16:23:44.259 INFO: JdwpEventCenterDelegate: THREAD_RESUMED: thread (33, main, main)
16:23:44.261 INFO: JdwpEventCenterDelegate: THREAD_RESUMED: thread (33, main, main)
16:23:44.263 INFO: JdwpEventCenterDelegate: THREAD_RESUMED: thread (33, main, main)
16:23:44.265 INFO: JdwpEventCenterDelegate: THREAD_RESUMED: thread (33, main, main)
16:23:44.270 INFO: JdwpEventCenterDelegate: THREAD_RESUMED: thread (33, main, main)
16:23:44.290 INFO: JdwpEventCenterDelegate: THREAD_RESUMED: thread (33, main, main)
16:23:44.292 INFO: JdwpEventCenterDelegate: THREAD_RESUMED: thread (33, main, main)
16:23:44.294 INFO: JdwpEventCenterDelegate: THREAD_RESUMED: thread (33, main, main)
16:23:44.296 INFO: JdwpEventCenterDelegate: THREAD_RESUMED: thread (33, main, main)
16:23:44.298 INFO: JdwpEventCenterDelegate: THREAD_RESUMED: thread (33, main, main)
16:23:44.303 INFO: JdwpEventCenterDelegate: THREAD_RESUMED: thread (33, main, main)
16:23:44.325 INFO: JdwpEventCenterDelegate: THREAD_RESUMED: thread (33, main, main)
16:23:44.328 INFO: JdwpEventCenterDelegate: THREAD_RESUMED: thread (33, main, main)
16:23:44.330 INFO: JdwpEventCenterDelegate: THREAD_RESUMED: thread (33, main, main)
16:23:44.332 INFO: JdwpEventCenterDelegate: THREAD_RESUMED: thread (33, main, main)
16:23:44.334 INFO: JdwpEventCenterDelegate: THREAD_RESUMED: thread (33, main, main)
16:23:44.338 INFO: JdwpEventCenterDelegate: THREAD_RESUMED: thread (33, main, main)
16:23:44.357 INFO: JdwpEventCenterDelegate: THREAD_RESUMED: thread (33, main, main)
16:23:44.359 INFO: JdwpEventCenterDelegate: THREAD_RESUMED: thread (33, main, main)
16:23:44.361 INFO: JdwpEventCenterDelegate: THREAD_RESUMED: thread (33, main, main)
16:23:44.364 INFO: JdwpEventCenterDelegate: THREAD_RESUMED: thread (33, main, main)
16:23:44.366 INFO: JdwpEventCenterDelegate: THREAD_RESUMED: thread (33, main, main)
16:23:44.371 INFO: JdwpEventCenterDelegate: THREAD_RESUMED: thread (33, main, main)
16:23:44.384 INFO: JdwpEventCenterDelegate: THREAD_RESUMED: thread (33, main, main)
16:23:44.387 INFO: JdwpEventCenterDelegate: THREAD_RESUMED: thread (33, main, main)
16:23:44.389 INFO: JdwpEventCenterDelegate: THREAD_RESUMED: thread (33, main, main)
16:23:44.391 INFO: JdwpEventCenterDelegate: THREAD_RESUMED: thread (33, main, main)
16:23:44.393 INFO: JdwpEventCenterDelegate: THREAD_RESUMED: thread (33, main, main)
16:23:44.398 INFO: JdwpEventCenterDelegate: THREAD_RESUMED: thread (33, main, main)
16:23:44.400 INFO: JdwpEventCenterDelegate: THREAD_RESUMED: thread (33, main, main)
16:23:44.403 INFO: JdwpEventCenterDelegate: THREAD_RESUMED: thread (33, main, main)
16:23:44.405 INFO: JdwpEventCenterDelegate: THREAD_RESUMED: thread (33, main, main)
16:23:44.408 INFO: JdwpEventCenterDelegate: THREAD_RESUMED: thread (33, main, main)
16:23:44.410 INFO: JdwpEventCenterDelegate: THREAD_RESUMED: thread (33, main, main)
16:23:44.412 INFO: JdwpEventCenterDelegate: THREAD_RESUMED: thread (33, main, main)
16:23:44.416 INFO: JdwpEventCenterDelegate: THREAD_RESUMED: thread (33, main, main)
16:23:44.418 INFO: JdwpEventCenterDelegate: THREAD_RESUMED: thread (33, main, main)
16:23:44.420 INFO: JdwpEventCenterDelegate: THREAD_RESUMED: thread (33, main, main)
16:23:44.422 INFO: JdwpEventCenterDelegate: THREAD_RESUMED: thread (33, main, main)
16:23:44.437 INFO: JdwpEventCenterDelegate: THREAD_RESUMED: thread (33, main, main)
16:23:44.439 INFO: JdwpEventCenterDelegate: THREAD_RESUMED: thread (33, main, main)
16:23:44.440 INFO: JdwpEventCenterDelegate: THREAD_RESUMED: thread (33, main, main)
16:23:44.443 INFO: JdwpEventCenterDelegate: THREAD_RESUMED: thread (33, main, main)
16:23:44.444 INFO: JdwpEventCenterDelegate: THREAD_RESUMED: thread (33, main, main)
16:23:44.449 INFO: JdwpEventCenterDelegate: THREAD_RESUMED: thread (33, main, main)
16:23:44.460 INFO: JdwpEventCenterDelegate: THREAD_RESUMED: thread (33, main, main)
16:23:44.473 INFO: JdwpEventCenterDelegate: THREAD_RESUMED: thread (33, main, main)
16:23:44.484 INFO: JdwpEventCenterDelegate: THREAD_RESUMED: thread (33, main, main)
16:23:44.498 INFO: JdwpEventCenterDelegate: THREAD_RESUMED: thread (33, main, main)
16:23:44.532 INFO: JdwpEventCenterDelegate: THREAD_RESUMED: thread (33, main, main)
16:23:44.534 INFO: JdwpEventCenterDelegate: THREAD_RESUMED: thread (33, main, main)
16:23:44.536 INFO: JdwpEventCenterDelegate: THREAD_RESUMED: thread (33, main, main)
16:23:44.538 INFO: JdwpEventCenterDelegate: THREAD_RESUMED: thread (33, main, main)
16:23:44.540 INFO: JdwpEventCenterDelegate: THREAD_RESUMED: thread (33, main, main)
16:23:44.545 INFO: JdwpEventCenterDelegate: THREAD_RESUMED: thread (33, main, main)
16:23:44.557 INFO: JdwpEventCenterDelegate: THREAD_RESUMED: thread (33, main, main)
16:23:44.559 INFO: JdwpEventCenterDelegate: THREAD_RESUMED: thread (33, main, main)
16:23:44.561 INFO: JdwpEventCenterDelegate: THREAD_RESUMED: thread (33, main, main)
16:23:44.564 INFO: JdwpEventCenterDelegate: THREAD_RESUMED: thread (33, main, main)
16:23:44.566 INFO: JdwpEventCenterDelegate: THREAD_RESUMED: thread (33, main, main)
16:23:44.571 INFO: JdwpEventCenterDelegate: THREAD_RESUMED: thread (33, main, main)
16:23:44.585 INFO: JdwpEventCenterDelegate: THREAD_RESUMED: thread (33, main, main)
16:23:44.587 INFO: JdwpEventCenterDelegate: THREAD_RESUMED: thread (33, main, main)
16:23:44.589 INFO: JdwpEventCenterDelegate: THREAD_RESUMED: thread (33, main, main)
16:23:44.591 INFO: JdwpEventCenterDelegate: THREAD_RESUMED: thread (33, main, main)
16:23:44.593 INFO: JdwpEventCenterDelegate: THREAD_RESUMED: thread (33, main, main)
16:23:44.598 INFO: JdwpEventCenterDelegate: THREAD_RESUMED: thread (33, main, main)
16:23:44.615 INFO: JdwpEventCenterDelegate: THREAD_RESUMED: thread (33, main, main)
16:23:44.617 INFO: JdwpEventCenterDelegate: THREAD_RESUMED: thread (33, main, main)
16:23:44.619 INFO: JdwpEventCenterDelegate: THREAD_RESUMED: thread (33, main, main)
16:23:44.622 INFO: JdwpEventCenterDelegate: THREAD_RESUMED: thread (33, main, main)
16:23:44.624 INFO: JdwpEventCenterDelegate: THREAD_RESUMED: thread (33, main, main)
16:23:44.629 INFO: JdwpEventCenterDelegate: THREAD_RESUMED: thread (33, main, main)
16:23:44.644 INFO: JdwpEventCenterDelegate: THREAD_RESUMED: thread (33, main, main)
16:23:44.645 INFO: JdwpEventCenterDelegate: THREAD_RESUMED: thread (33, main, main)
16:23:44.647 INFO: JdwpEventCenterDelegate: THREAD_RESUMED: thread (33, main, main)
16:23:44.649 INFO: JdwpEventCenterDelegate: THREAD_RESUMED: thread (33, main, main)
16:23:44.650 INFO: JdwpEventCenterDelegate: THREAD_RESUMED: thread (33, main, main)
16:23:44.654 INFO: JdwpEventCenterDelegate: THREAD_RESUMED: thread (33, main, main)
16:23:44.669 INFO: JdwpEventCenterDelegate: THREAD_RESUMED: thread (33, main, main)
16:23:44.671 INFO: JdwpEventCenterDelegate: THREAD_RESUMED: thread (33, main, main)
16:23:44.673 INFO: JdwpEventCenterDelegate: THREAD_RESUMED: thread (33, main, main)
16:23:44.676 INFO: JdwpEventCenterDelegate: THREAD_RESUMED: thread (33, main, main)
16:23:44.678 INFO: JdwpEventCenterDelegate: THREAD_RESUMED: thread (33, main, main)
16:23:44.682 INFO: JdwpEventCenterDelegate: THREAD_RESUMED: thread (33, main, main)
16:23:44.703 INFO: JdwpEventCenterDelegate: THREAD_RESUMED: thread (33, main, main)
16:23:44.705 INFO: JdwpEventCenterDelegate: THREAD_RESUMED: thread (33, main, main)
16:23:44.707 INFO: JdwpEventCenterDelegate: THREAD_RESUMED: thread (33, main, main)
16:23:44.709 INFO: JdwpEventCenterDelegate: THREAD_RESUMED: thread (33, main, main)
16:23:44.711 INFO: JdwpEventCenterDelegate: THREAD_RESUMED: thread (33, main, main)
16:23:44.716 INFO: JdwpEventCenterDelegate: THREAD_RESUMED: thread (33, main, main)
16:23:44.733 INFO: JdwpEventCenterDelegate: THREAD_RESUMED: thread (33, main, main)
16:23:44.735 INFO: JdwpEventCenterDelegate: THREAD_RESUMED: thread (33, main, main)
16:23:44.737 INFO: JdwpEventCenterDelegate: THREAD_RESUMED: thread (33, main, main)
16:23:44.739 INFO: JdwpEventCenterDelegate: THREAD_RESUMED: thread (33, main, main)
16:23:44.741 INFO: JdwpEventCenterDelegate: THREAD_RESUMED: thread (33, main, main)
16:23:44.745 INFO: JdwpEventCenterDelegate: THREAD_RESUMED: thread (33, main, main)
16:23:44.763 INFO: JdwpEventCenterDelegate: THREAD_RESUMED: thread (33, main, main)
16:23:44.765 INFO: JdwpEventCenterDelegate: THREAD_RESUMED: thread (33, main, main)
16:23:44.767 INFO: JdwpEventCenterDelegate: THREAD_RESUMED: thread (33, main, main)
16:23:44.769 INFO: JdwpEventCenterDelegate: THREAD_RESUMED: thread (33, main, main)
16:23:44.771 INFO: JdwpEventCenterDelegate: THREAD_RESUMED: thread (33, main, main)
16:23:44.775 INFO: JdwpEventCenterDelegate: THREAD_RESUMED: thread (33, main, main)
16:23:44.790 INFO: JdwpEventCenterDelegate: THREAD_RESUMED: thread (33, main, main)
16:23:44.792 INFO: JdwpEventCenterDelegate: THREAD_RESUMED: thread (33, main, main)
16:23:44.794 INFO: JdwpEventCenterDelegate: THREAD_RESUMED: thread (33, main, main)
16:23:44.796 INFO: JdwpEventCenterDelegate: THREAD_RESUMED: thread (33, main, main)
16:23:44.799 INFO: JdwpEventCenterDelegate: THREAD_RESUMED: thread (33, main, main)
16:23:44.804 INFO: JdwpEventCenterDelegate: THREAD_RESUMED: thread (33, main, main)
16:23:44.818 INFO: JdwpEventCenterDelegate: THREAD_RESUMED: thread (33, main, main)
16:23:44.820 INFO: JdwpEventCenterDelegate: THREAD_RESUMED: thread (33, main, main)
16:23:44.822 INFO: JdwpEventCenterDelegate: THREAD_RESUMED: thread (33, main, main)
16:23:44.824 INFO: JdwpEventCenterDelegate: THREAD_RESUMED: thread (33, main, main)
16:23:44.826 INFO: JdwpEventCenterDelegate: THREAD_RESUMED: thread (33, main, main)
16:23:44.831 INFO: JdwpEventCenterDelegate: THREAD_RESUMED: thread (33, main, main)
16:23:44.849 INFO: JdwpEventCenterDelegate: THREAD_RESUMED: thread (33, main, main)
16:23:44.852 INFO: JdwpEventCenterDelegate: THREAD_RESUMED: thread (33, main, main)
16:23:44.854 INFO: JdwpEventCenterDelegate: THREAD_RESUMED: thread (33, main, main)
16:23:44.856 INFO: JdwpEventCenterDelegate: THREAD_RESUMED: thread (33, main, main)
16:23:44.859 INFO: JdwpEventCenterDelegate: THREAD_RESUMED: thread (33, main, main)
16:23:44.863 INFO: JdwpEventCenterDelegate: THREAD_RESUMED: thread (33, main, main)
16:23:44.887 INFO: JdwpEventCenterDelegate: THREAD_RESUMED: thread (33, main, main)
16:23:44.890 INFO: JdwpEventCenterDelegate: THREAD_RESUMED: thread (33, main, main)
16:23:44.892 INFO: JdwpEventCenterDelegate: THREAD_RESUMED: thread (33, main, main)
16:23:44.894 INFO: JdwpEventCenterDelegate: THREAD_RESUMED: thread (33, main, main)
16:23:44.897 INFO: JdwpEventCenterDelegate: THREAD_RESUMED: thread (33, main, main)
16:23:44.901 INFO: JdwpEventCenterDelegate: THREAD_RESUMED: thread (33, main, main)
16:23:44.919 INFO: JdwpEventCenterDelegate: THREAD_RESUMED: thread (33, main, main)
16:23:44.921 INFO: JdwpEventCenterDelegate: THREAD_RESUMED: thread (33, main, main)
16:23:44.923 INFO: JdwpEventCenterDelegate: THREAD_RESUMED: thread (33, main, main)
16:23:44.926 INFO: JdwpEventCenterDelegate: THREAD_RESUMED: thread (33, main, main)
16:23:44.928 INFO: JdwpEventCenterDelegate: THREAD_RESUMED: thread (33, main, main)
16:23:44.932 INFO: JdwpEventCenterDelegate: THREAD_RESUMED: thread (33, main, main)
16:23:44.945 INFO: JdwpEventCenterDelegate: THREAD_RESUMED: thread (33, main, main)
16:23:44.947 INFO: JdwpEventCenterDelegate: THREAD_RESUMED: thread (33, main, main)
16:23:44.949 INFO: JdwpEventCenterDelegate: THREAD_RESUMED: thread (33, main, main)
16:23:44.952 INFO: JdwpEventCenterDelegate: THREAD_RESUMED: thread (33, main, main)
16:23:44.953 INFO: JdwpEventCenterDelegate: THREAD_RESUMED: thread (33, main, main)
16:23:47.270 INFO: JdwpEventCenterDelegate: THREAD_STARTED: thread (108, Timer, main)
16:23:48.160 INFO: JdwpEventCenterDelegate: THREAD_RESUMED: thread (33, main, main)
16:23:48.193 INFO: JdwpEventCenterDelegate: THREAD_RESUMED: thread (33, main, main)
16:23:48.215 INFO: JdwpEventCenterDelegate: THREAD_RESUMED: thread (33, main, main)
16:23:48.234 INFO: JdwpEventCenterDelegate: THREAD_RESUMED: thread (33, main, main)
16:23:48.274 INFO: JdwpEventCenterDelegate: THREAD_RESUMED: thread (33, main, main)
16:23:48.307 INFO: JdwpEventCenterDelegate: THREAD_RESUMED: thread (33, main, main)
16:23:48.324 INFO: JdwpEventCenterDelegate: THREAD_RESUMED: thread (33, main, main)
16:23:48.339 INFO: JdwpEventCenterDelegate: THREAD_RESUMED: thread (33, main, main)
16:23:48.346 INFO: JdwpEventCenterDelegate: THREAD_RESUMED: thread (33, main, main)
16:23:48.360 INFO: JdwpEventCenterDelegate: THREAD_RESUMED: thread (33, main, main)
16:23:48.391 INFO: JdwpEventCenterDelegate: THREAD_RESUMED: thread (33, main, main)
16:23:48.403 INFO: JdwpEventCenterDelegate: THREAD_RESUMED: thread (33, main, main)
16:23:48.416 INFO: JdwpEventCenterDelegate: THREAD_RESUMED: thread (33, main, main)
16:23:48.428 INFO: JdwpEventCenterDelegate: THREAD_RESUMED: thread (33, main, main)
16:23:48.463 INFO: JdwpEventCenterDelegate: THREAD_RESUMED: thread (33, main, main)
16:23:48.496 INFO: JdwpEventCenterDelegate: THREAD_RESUMED: thread (33, main, main)
16:23:48.512 INFO: JdwpEventCenterDelegate: THREAD_RESUMED: thread (33, main, main)
16:23:48.526 INFO: JdwpEventCenterDelegate: THREAD_RESUMED: thread (33, main, main)
16:23:48.532 INFO: JdwpEventCenterDelegate: THREAD_RESUMED: thread (33, main, main)
16:23:48.545 INFO: JdwpEventCenterDelegate: THREAD_RESUMED: thread (33, main, main)
16:23:49.725 INFO: JdwpEventCenterDelegate: THREAD_RESUMED: thread (33, main, main)
16:23:49.727 INFO: JdwpEventCenterDelegate: THREAD_RESUMED: thread (33, main, main)
16:23:49.730 INFO: JdwpEventCenterDelegate: THREAD_RESUMED: thread (33, main, main)
16:23:49.733 INFO: JdwpEventCenterDelegate: THREAD_RESUMED: thread (33, main, main)
16:23:49.736 INFO: JdwpEventCenterDelegate: THREAD_RESUMED: thread (33, main, main)
16:23:49.738 INFO: JdwpEventCenterDelegate: THREAD_RESUMED: thread (33, main, main)
16:23:49.740 INFO: JdwpEventCenterDelegate: THREAD_RESUMED: thread (33, main, main)
16:23:49.749 INFO: JdwpEventCenterDelegate: THREAD_RESUMED: thread (33, main, main)
16:23:49.751 INFO: JdwpEventCenterDelegate: THREAD_RESUMED: thread (33, main, main)
16:23:49.753 INFO: JdwpEventCenterDelegate: THREAD_RESUMED: thread (33, main, main)
16:23:49.754 INFO: JdwpEventCenterDelegate: THREAD_RESUMED: thread (33, main, main)
16:23:49.756 INFO: JdwpEventCenterDelegate: THREAD_RESUMED: thread (33, main, main)
16:23:49.758 INFO: JdwpEventCenterDelegate: THREAD_RESUMED: thread (33, main, main)
16:23:49.761 INFO: JdwpEventCenterDelegate: THREAD_RESUMED: thread (33, main, main)
16:23:49.799 INFO: JdwpEventCenterDelegate: THREAD_STARTED: thread (123, Thread-7, main)
16:24:00.256 INFO: JdwpEventCenterDelegate: THREAD_STARTED: thread (138, Thread-8, main)
16:24:03.470 INFO: JdwpEventCenterDelegate: THREAD_STARTED: thread (153, Thread-9, main)
16:24:05.410 INFO: JdwpEventCenterDelegate: THREAD_DETTACHED: thread (138, Thread-8, main)
16:24:15.656 INFO: JdwpEventCenterDelegate: THREAD_STARTED: thread (168, Thread-10, main)
16:24:23.468 INFO: JdwpEventCenterDelegate: THREAD_DETTACHED: thread (153, Thread-9, main)
16:24:23.468 INFO: JdwpEventCenterDelegate: THREAD_DETTACHED: thread (168, Thread-10, main)
16:26:12.650 INFO: JdwpDebugServer: handling req: VirtualMachine(1).Exit(10)
16:26:12.650 SEVERE: Debugger: Thread JDWP server socket thread crashed
org.robovm.debugger.DebuggerException: Terminating due exit command
	at org.robovm.debugger.jdwp.JdwpDebugServer.doSocketWork(JdwpDebugServer.java:211)
	at java.base/java.lang.Thread.run(Thread.java:834)
	at org.robovm.debugger.utils.DebuggerThread.run(DebuggerThread.java:42)
16:26:13.158 SEVERE: Debugger: Thread HooksChannel socket thread crashed
org.robovm.debugger.DebuggerException: java.io.IOException: org.robovm.libimobiledevice.LibIMobileDeviceException: IDEVICE_E_UNKNOWN_ERROR
	at org.robovm.debugger.hooks.HooksChannel.doSocketWork(HooksChannel.java:149)
	at java.base/java.lang.Thread.run(Thread.java:834)
	at org.robovm.debugger.utils.DebuggerThread.run(DebuggerThread.java:42)
Caused by: java.io.IOException: org.robovm.libimobiledevice.LibIMobileDeviceException: IDEVICE_E_UNKNOWN_ERROR
	at org.robovm.libimobiledevice.IDeviceConnection$DeviceInputStream.read(IDeviceConnection.java:203)
	at org.robovm.debugger.utils.bytebuffer.DataBufferWriter.writeFromStream(DataBufferWriter.java:89)
	at org.robovm.debugger.hooks.HooksChannel.doSocketWork(HooksChannel.java:116)
	... 2 more
Caused by: org.robovm.libimobiledevice.LibIMobileDeviceException: IDEVICE_E_UNKNOWN_ERROR
	at org.robovm.libimobiledevice.IDevice.checkResult(IDevice.java:206)
	at org.robovm.libimobiledevice.IDeviceConnection.receive(IDeviceConnection.java:110)
	at org.robovm.libimobiledevice.IDeviceConnection.receive(IDeviceConnection.java:81)
	at org.robovm.libimobiledevice.IDeviceConnection$DeviceInputStream.read(IDeviceConnection.java:201)
	... 4 more
