22:47:16.883 INFO: JdwpDebugServer: handling req: VirtualMachine(1).IDSizes(7)
22:47:16.883 INFO: JdwpDebugServer: handling req: EventRequest(15).Set(1)
22:47:16.883 INFO: JdwpEventCenterDelegate: jdwpSetEventRequest: JdwpEventRequest{requestId=100, eventKind=CLASS_PREPARE, suspendPolicy=NONE, predicates=[]}
22:47:16.884 INFO: JdwpDebugServer: handling req: EventRequest(15).Set(1)
22:47:16.884 INFO: JdwpEventCenterDelegate: jdwpSetEventRequest: JdwpEventRequest{requestId=101, eventKind=CLASS_UNLOAD, suspendPolicy=NONE, predicates=[]}
22:47:16.903 INFO: JdwpDebugServer: handling req: VirtualMachine(1).Version(1)
22:47:16.904 INFO: JdwpDebugServer: handling req: VirtualMachine(1).capabilitiesNew(17)
22:47:16.904 INFO: JdwpDebugServer: handling req: VirtualMachine(1).capabilities(12)
22:47:16.904 INFO: JdwpDebugServer: handling req: VirtualMachine(1).AllClassesWithGeneric(20)
22:47:16.907 INFO: JdwpDebugServer: handling req: VirtualMachine(1).TopLevelThreadGroups(5)
22:47:16.908 INFO: JdwpDebugServer: handling req: EventRequest(15).Set(1)
22:47:16.908 INFO: JdwpEventCenterDelegate: jdwpSetEventRequest: JdwpEventRequest{requestId=102, eventKind=THREAD_START, suspendPolicy=NONE, predicates=[]}
22:47:16.908 INFO: JdwpDebugServer: handling req: EventRequest(15).Set(1)
22:47:16.908 INFO: JdwpEventCenterDelegate: jdwpSetEventRequest: JdwpEventRequest{requestId=103, eventKind=THREAD_DEATH, suspendPolicy=NONE, predicates=[]}
22:47:16.911 INFO: JdwpDebugServer: handling req: EventRequest(15).Set(1)
22:47:16.911 INFO: JdwpEventCenterDelegate: jdwpSetEventRequest: JdwpEventRequest{requestId=104, eventKind=CLASS_PREPARE, suspendPolicy=EVENT_THREAD, predicates=[className=sun.instrument.InstrumentationImpl]}
22:47:16.911 INFO: JdwpDebugServer: handling req: EventRequest(15).Set(1)
22:47:16.911 INFO: JdwpEventCenterDelegate: jdwpSetEventRequest: JdwpEventRequest{requestId=105, eventKind=CLASS_PREPARE, suspendPolicy=EVENT_THREAD, predicates=[className=sun.instrument.InstrumentationImpl]}
22:47:17.547 INFO: JdwpDebugServer: handling req: VirtualMachine(1).Resume(9)
22:47:17.604 INFO: JdwpEventCenterDelegate: THREAD_STARTED: thread (33, main, main)
22:47:17.624 INFO: JdwpEventCenterDelegate: THREAD_STARTED: thread (48, ReferenceQueueDaemon, main)
22:47:17.630 INFO: JdwpEventCenterDelegate: THREAD_STARTED: thread (63, FinalizerDaemon, main)
22:47:17.636 INFO: JdwpEventCenterDelegate: THREAD_STARTED: thread (78, FinalizerWatchdogDaemon, main)
22:47:17.637 INFO: JdwpEventCenterDelegate: THREAD_RESUMED: thread (33, main, main)
22:47:17.638 INFO: JdwpEventCenterDelegate: THREAD_RESUMED: thread (33, main, main)
22:47:17.640 INFO: JdwpEventCenterDelegate: THREAD_RESUMED: thread (33, main, main)
22:47:17.641 INFO: JdwpEventCenterDelegate: THREAD_RESUMED: thread (33, main, main)
22:47:17.643 INFO: JdwpEventCenterDelegate: THREAD_RESUMED: thread (33, main, main)
22:47:17.644 INFO: JdwpEventCenterDelegate: THREAD_RESUMED: thread (33, main, main)
22:47:17.646 INFO: JdwpEventCenterDelegate: THREAD_RESUMED: thread (33, main, main)
22:47:17.646 INFO: JdwpEventCenterDelegate: THREAD_RESUMED: thread (33, main, main)
22:47:17.648 INFO: JdwpEventCenterDelegate: THREAD_RESUMED: thread (33, main, main)
22:47:17.650 INFO: JdwpEventCenterDelegate: THREAD_RESUMED: thread (33, main, main)
22:47:17.651 INFO: JdwpEventCenterDelegate: THREAD_RESUMED: thread (33, main, main)
22:47:17.653 INFO: JdwpEventCenterDelegate: THREAD_RESUMED: thread (33, main, main)
22:47:17.655 INFO: JdwpEventCenterDelegate: THREAD_RESUMED: thread (33, main, main)
22:47:17.656 INFO: JdwpEventCenterDelegate: THREAD_RESUMED: thread (33, main, main)
22:47:17.658 INFO: JdwpEventCenterDelegate: THREAD_RESUMED: thread (33, main, main)
22:47:17.660 INFO: JdwpEventCenterDelegate: THREAD_RESUMED: thread (33, main, main)
22:47:17.661 INFO: JdwpEventCenterDelegate: THREAD_RESUMED: thread (33, main, main)
22:47:17.662 INFO: JdwpEventCenterDelegate: THREAD_RESUMED: thread (33, main, main)
22:47:17.666 INFO: JdwpEventCenterDelegate: THREAD_RESUMED: thread (33, main, main)
22:47:17.667 INFO: JdwpEventCenterDelegate: THREAD_RESUMED: thread (33, main, main)
22:47:17.668 INFO: JdwpEventCenterDelegate: THREAD_RESUMED: thread (33, main, main)
22:47:17.669 INFO: JdwpEventCenterDelegate: THREAD_RESUMED: thread (33, main, main)
22:47:17.671 INFO: JdwpEventCenterDelegate: THREAD_RESUMED: thread (33, main, main)
22:47:17.673 INFO: JdwpEventCenterDelegate: THREAD_RESUMED: thread (33, main, main)
22:47:17.674 INFO: JdwpEventCenterDelegate: THREAD_RESUMED: thread (33, main, main)
22:47:17.704 INFO: JdwpEventCenterDelegate: THREAD_RESUMED: thread (33, main, main)
22:47:17.705 INFO: JdwpEventCenterDelegate: THREAD_RESUMED: thread (33, main, main)
22:47:17.706 INFO: JdwpEventCenterDelegate: THREAD_RESUMED: thread (33, main, main)
22:47:17.707 INFO: JdwpEventCenterDelegate: THREAD_RESUMED: thread (33, main, main)
22:47:17.709 INFO: JdwpEventCenterDelegate: THREAD_RESUMED: thread (33, main, main)
22:47:17.710 INFO: JdwpEventCenterDelegate: THREAD_RESUMED: thread (33, main, main)
22:47:17.711 INFO: JdwpEventCenterDelegate: THREAD_RESUMED: thread (33, main, main)
22:47:17.713 INFO: JdwpEventCenterDelegate: THREAD_RESUMED: thread (33, main, main)
22:47:17.714 INFO: JdwpEventCenterDelegate: THREAD_RESUMED: thread (33, main, main)
22:47:17.716 INFO: JdwpEventCenterDelegate: THREAD_RESUMED: thread (33, main, main)
22:47:17.717 INFO: JdwpEventCenterDelegate: THREAD_RESUMED: thread (33, main, main)
22:47:17.718 INFO: JdwpEventCenterDelegate: THREAD_RESUMED: thread (33, main, main)
22:47:17.719 INFO: JdwpEventCenterDelegate: THREAD_RESUMED: thread (33, main, main)
22:47:17.721 INFO: JdwpEventCenterDelegate: THREAD_RESUMED: thread (33, main, main)
22:47:17.734 INFO: JdwpEventCenterDelegate: THREAD_RESUMED: thread (33, main, main)
22:47:17.736 INFO: JdwpEventCenterDelegate: THREAD_RESUMED: thread (33, main, main)
22:47:17.737 INFO: JdwpEventCenterDelegate: THREAD_RESUMED: thread (33, main, main)
22:47:17.738 INFO: JdwpEventCenterDelegate: THREAD_RESUMED: thread (33, main, main)
22:47:17.739 INFO: JdwpEventCenterDelegate: THREAD_RESUMED: thread (33, main, main)
22:47:17.740 INFO: JdwpEventCenterDelegate: THREAD_RESUMED: thread (33, main, main)
22:47:17.742 INFO: JdwpEventCenterDelegate: THREAD_RESUMED: thread (33, main, main)
22:47:17.764 INFO: JdwpEventCenterDelegate: THREAD_RESUMED: thread (33, main, main)
22:47:17.765 INFO: JdwpEventCenterDelegate: THREAD_RESUMED: thread (33, main, main)
22:47:17.766 INFO: JdwpEventCenterDelegate: THREAD_RESUMED: thread (33, main, main)
22:47:17.768 INFO: JdwpEventCenterDelegate: THREAD_RESUMED: thread (33, main, main)
22:47:17.769 INFO: JdwpEventCenterDelegate: THREAD_RESUMED: thread (33, main, main)
22:47:17.770 INFO: JdwpEventCenterDelegate: THREAD_RESUMED: thread (33, main, main)
22:47:17.772 INFO: JdwpEventCenterDelegate: THREAD_RESUMED: thread (33, main, main)
22:47:17.799 INFO: JdwpEventCenterDelegate: THREAD_RESUMED: thread (33, main, main)
22:47:17.801 INFO: JdwpEventCenterDelegate: THREAD_RESUMED: thread (33, main, main)
22:47:17.802 INFO: JdwpEventCenterDelegate: THREAD_RESUMED: thread (33, main, main)
22:47:17.803 INFO: JdwpEventCenterDelegate: THREAD_RESUMED: thread (33, main, main)
22:47:17.804 INFO: JdwpEventCenterDelegate: THREAD_RESUMED: thread (33, main, main)
22:47:17.806 INFO: JdwpEventCenterDelegate: THREAD_RESUMED: thread (33, main, main)
22:47:17.807 INFO: JdwpEventCenterDelegate: THREAD_RESUMED: thread (33, main, main)
22:47:17.814 INFO: JdwpEventCenterDelegate: THREAD_RESUMED: thread (33, main, main)
22:47:17.816 INFO: JdwpEventCenterDelegate: THREAD_RESUMED: thread (33, main, main)
22:47:17.817 INFO: JdwpEventCenterDelegate: THREAD_RESUMED: thread (33, main, main)
22:47:17.818 INFO: JdwpEventCenterDelegate: THREAD_RESUMED: thread (33, main, main)
22:47:17.819 INFO: JdwpEventCenterDelegate: THREAD_RESUMED: thread (33, main, main)
22:47:17.821 INFO: JdwpEventCenterDelegate: THREAD_RESUMED: thread (33, main, main)
22:47:17.822 INFO: JdwpEventCenterDelegate: THREAD_RESUMED: thread (33, main, main)
22:47:17.831 INFO: JdwpEventCenterDelegate: THREAD_RESUMED: thread (33, main, main)
22:47:17.833 INFO: JdwpEventCenterDelegate: THREAD_RESUMED: thread (33, main, main)
22:47:17.834 INFO: JdwpEventCenterDelegate: THREAD_RESUMED: thread (33, main, main)
22:47:17.835 INFO: JdwpEventCenterDelegate: THREAD_RESUMED: thread (33, main, main)
22:47:17.836 INFO: JdwpEventCenterDelegate: THREAD_RESUMED: thread (33, main, main)
22:47:17.837 INFO: JdwpEventCenterDelegate: THREAD_RESUMED: thread (33, main, main)
22:47:17.839 INFO: JdwpEventCenterDelegate: THREAD_RESUMED: thread (33, main, main)
22:47:17.840 INFO: JdwpEventCenterDelegate: THREAD_RESUMED: thread (33, main, main)
22:47:17.842 INFO: JdwpEventCenterDelegate: THREAD_RESUMED: thread (33, main, main)
22:47:17.843 INFO: JdwpEventCenterDelegate: THREAD_RESUMED: thread (33, main, main)
22:47:17.844 INFO: JdwpEventCenterDelegate: THREAD_RESUMED: thread (33, main, main)
22:47:17.846 INFO: JdwpEventCenterDelegate: THREAD_RESUMED: thread (33, main, main)
22:47:17.847 INFO: JdwpEventCenterDelegate: THREAD_RESUMED: thread (33, main, main)
22:47:17.849 INFO: JdwpEventCenterDelegate: THREAD_RESUMED: thread (33, main, main)
22:47:17.850 INFO: JdwpEventCenterDelegate: THREAD_RESUMED: thread (33, main, main)
22:47:17.852 INFO: JdwpEventCenterDelegate: THREAD_RESUMED: thread (33, main, main)
22:47:17.853 INFO: JdwpEventCenterDelegate: THREAD_RESUMED: thread (33, main, main)
22:47:17.854 INFO: JdwpEventCenterDelegate: THREAD_RESUMED: thread (33, main, main)
22:47:17.856 INFO: JdwpEventCenterDelegate: THREAD_RESUMED: thread (33, main, main)
22:47:17.858 INFO: JdwpEventCenterDelegate: THREAD_RESUMED: thread (33, main, main)
22:47:17.989 INFO: JdwpEventCenterDelegate: THREAD_STARTED: thread (93, AssetManager, main)
22:47:18.088 INFO: JdwpEventCenterDelegate: THREAD_RESUMED: thread (33, main, main)
22:47:18.090 INFO: JdwpEventCenterDelegate: THREAD_RESUMED: thread (33, main, main)
22:47:20.646 INFO: JdwpEventCenterDelegate: THREAD_RESUMED: thread (33, main, main)
22:47:20.745 INFO: JdwpEventCenterDelegate: THREAD_RESUMED: thread (33, main, main)
22:47:20.747 INFO: JdwpEventCenterDelegate: THREAD_RESUMED: thread (33, main, main)
22:47:20.749 INFO: JdwpEventCenterDelegate: THREAD_RESUMED: thread (33, main, main)
22:47:20.750 INFO: JdwpEventCenterDelegate: THREAD_RESUMED: thread (33, main, main)
22:47:20.752 INFO: JdwpEventCenterDelegate: THREAD_RESUMED: thread (33, main, main)
22:47:20.758 INFO: JdwpEventCenterDelegate: THREAD_RESUMED: thread (33, main, main)
22:47:20.771 INFO: JdwpEventCenterDelegate: THREAD_RESUMED: thread (33, main, main)
22:47:20.773 INFO: JdwpEventCenterDelegate: THREAD_RESUMED: thread (33, main, main)
22:47:20.776 INFO: JdwpEventCenterDelegate: THREAD_RESUMED: thread (33, main, main)
22:47:20.778 INFO: JdwpEventCenterDelegate: THREAD_RESUMED: thread (33, main, main)
22:47:20.780 INFO: JdwpEventCenterDelegate: THREAD_RESUMED: thread (33, main, main)
22:47:20.785 INFO: JdwpEventCenterDelegate: THREAD_RESUMED: thread (33, main, main)
22:47:20.800 INFO: JdwpEventCenterDelegate: THREAD_RESUMED: thread (33, main, main)
22:47:20.802 INFO: JdwpEventCenterDelegate: THREAD_RESUMED: thread (33, main, main)
22:47:20.805 INFO: JdwpEventCenterDelegate: THREAD_RESUMED: thread (33, main, main)
22:47:20.807 INFO: JdwpEventCenterDelegate: THREAD_RESUMED: thread (33, main, main)
22:47:20.809 INFO: JdwpEventCenterDelegate: THREAD_RESUMED: thread (33, main, main)
22:47:20.814 INFO: JdwpEventCenterDelegate: THREAD_RESUMED: thread (33, main, main)
22:47:20.832 INFO: JdwpEventCenterDelegate: THREAD_RESUMED: thread (33, main, main)
22:47:20.835 INFO: JdwpEventCenterDelegate: THREAD_RESUMED: thread (33, main, main)
22:47:20.837 INFO: JdwpEventCenterDelegate: THREAD_RESUMED: thread (33, main, main)
22:47:20.839 INFO: JdwpEventCenterDelegate: THREAD_RESUMED: thread (33, main, main)
22:47:20.841 INFO: JdwpEventCenterDelegate: THREAD_RESUMED: thread (33, main, main)
22:47:20.846 INFO: JdwpEventCenterDelegate: THREAD_RESUMED: thread (33, main, main)
22:47:20.862 INFO: JdwpEventCenterDelegate: THREAD_RESUMED: thread (33, main, main)
22:47:20.864 INFO: JdwpEventCenterDelegate: THREAD_RESUMED: thread (33, main, main)
22:47:20.866 INFO: JdwpEventCenterDelegate: THREAD_RESUMED: thread (33, main, main)
22:47:20.869 INFO: JdwpEventCenterDelegate: THREAD_RESUMED: thread (33, main, main)
22:47:20.871 INFO: JdwpEventCenterDelegate: THREAD_RESUMED: thread (33, main, main)
22:47:20.876 INFO: JdwpEventCenterDelegate: THREAD_RESUMED: thread (33, main, main)
22:47:20.891 INFO: JdwpEventCenterDelegate: THREAD_RESUMED: thread (33, main, main)
22:47:20.893 INFO: JdwpEventCenterDelegate: THREAD_RESUMED: thread (33, main, main)
22:47:20.896 INFO: JdwpEventCenterDelegate: THREAD_RESUMED: thread (33, main, main)
22:47:20.897 INFO: JdwpEventCenterDelegate: THREAD_RESUMED: thread (33, main, main)
22:47:20.900 INFO: JdwpEventCenterDelegate: THREAD_RESUMED: thread (33, main, main)
22:47:20.905 INFO: JdwpEventCenterDelegate: THREAD_RESUMED: thread (33, main, main)
22:47:20.924 INFO: JdwpEventCenterDelegate: THREAD_RESUMED: thread (33, main, main)
22:47:20.926 INFO: JdwpEventCenterDelegate: THREAD_RESUMED: thread (33, main, main)
22:47:20.929 INFO: JdwpEventCenterDelegate: THREAD_RESUMED: thread (33, main, main)
22:47:20.931 INFO: JdwpEventCenterDelegate: THREAD_RESUMED: thread (33, main, main)
22:47:20.933 INFO: JdwpEventCenterDelegate: THREAD_RESUMED: thread (33, main, main)
22:47:20.938 INFO: JdwpEventCenterDelegate: THREAD_RESUMED: thread (33, main, main)
22:47:20.957 INFO: JdwpEventCenterDelegate: THREAD_RESUMED: thread (33, main, main)
22:47:20.959 INFO: JdwpEventCenterDelegate: THREAD_RESUMED: thread (33, main, main)
22:47:20.961 INFO: JdwpEventCenterDelegate: THREAD_RESUMED: thread (33, main, main)
22:47:20.963 INFO: JdwpEventCenterDelegate: THREAD_RESUMED: thread (33, main, main)
22:47:20.965 INFO: JdwpEventCenterDelegate: THREAD_RESUMED: thread (33, main, main)
22:47:20.970 INFO: JdwpEventCenterDelegate: THREAD_RESUMED: thread (33, main, main)
22:47:20.988 INFO: JdwpEventCenterDelegate: THREAD_RESUMED: thread (33, main, main)
22:47:20.990 INFO: JdwpEventCenterDelegate: THREAD_RESUMED: thread (33, main, main)
22:47:20.992 INFO: JdwpEventCenterDelegate: THREAD_RESUMED: thread (33, main, main)
22:47:20.994 INFO: JdwpEventCenterDelegate: THREAD_RESUMED: thread (33, main, main)
22:47:20.996 INFO: JdwpEventCenterDelegate: THREAD_RESUMED: thread (33, main, main)
22:47:21.001 INFO: JdwpEventCenterDelegate: THREAD_RESUMED: thread (33, main, main)
22:47:21.020 INFO: JdwpEventCenterDelegate: THREAD_RESUMED: thread (33, main, main)
22:47:21.022 INFO: JdwpEventCenterDelegate: THREAD_RESUMED: thread (33, main, main)
22:47:21.024 INFO: JdwpEventCenterDelegate: THREAD_RESUMED: thread (33, main, main)
22:47:21.026 INFO: JdwpEventCenterDelegate: THREAD_RESUMED: thread (33, main, main)
22:47:21.028 INFO: JdwpEventCenterDelegate: THREAD_RESUMED: thread (33, main, main)
22:47:21.033 INFO: JdwpEventCenterDelegate: THREAD_RESUMED: thread (33, main, main)
22:47:21.048 INFO: JdwpEventCenterDelegate: THREAD_RESUMED: thread (33, main, main)
22:47:21.050 INFO: JdwpEventCenterDelegate: THREAD_RESUMED: thread (33, main, main)
22:47:21.052 INFO: JdwpEventCenterDelegate: THREAD_RESUMED: thread (33, main, main)
22:47:21.054 INFO: JdwpEventCenterDelegate: THREAD_RESUMED: thread (33, main, main)
22:47:21.057 INFO: JdwpEventCenterDelegate: THREAD_RESUMED: thread (33, main, main)
22:47:21.061 INFO: JdwpEventCenterDelegate: THREAD_RESUMED: thread (33, main, main)
22:47:21.081 INFO: JdwpEventCenterDelegate: THREAD_RESUMED: thread (33, main, main)
22:47:21.083 INFO: JdwpEventCenterDelegate: THREAD_RESUMED: thread (33, main, main)
22:47:21.085 INFO: JdwpEventCenterDelegate: THREAD_RESUMED: thread (33, main, main)
22:47:21.087 INFO: JdwpEventCenterDelegate: THREAD_RESUMED: thread (33, main, main)
22:47:21.089 INFO: JdwpEventCenterDelegate: THREAD_RESUMED: thread (33, main, main)
22:47:21.094 INFO: JdwpEventCenterDelegate: THREAD_RESUMED: thread (33, main, main)
22:47:21.116 INFO: JdwpEventCenterDelegate: THREAD_RESUMED: thread (33, main, main)
22:47:21.118 INFO: JdwpEventCenterDelegate: THREAD_RESUMED: thread (33, main, main)
22:47:21.120 INFO: JdwpEventCenterDelegate: THREAD_RESUMED: thread (33, main, main)
22:47:21.123 INFO: JdwpEventCenterDelegate: THREAD_RESUMED: thread (33, main, main)
22:47:21.124 INFO: JdwpEventCenterDelegate: THREAD_RESUMED: thread (33, main, main)
22:47:21.129 INFO: JdwpEventCenterDelegate: THREAD_RESUMED: thread (33, main, main)
22:47:21.148 INFO: JdwpEventCenterDelegate: THREAD_RESUMED: thread (33, main, main)
22:47:21.150 INFO: JdwpEventCenterDelegate: THREAD_RESUMED: thread (33, main, main)
22:47:21.153 INFO: JdwpEventCenterDelegate: THREAD_RESUMED: thread (33, main, main)
22:47:21.155 INFO: JdwpEventCenterDelegate: THREAD_RESUMED: thread (33, main, main)
22:47:21.157 INFO: JdwpEventCenterDelegate: THREAD_RESUMED: thread (33, main, main)
22:47:21.162 INFO: JdwpEventCenterDelegate: THREAD_RESUMED: thread (33, main, main)
22:47:21.175 INFO: JdwpEventCenterDelegate: THREAD_RESUMED: thread (33, main, main)
22:47:21.177 INFO: JdwpEventCenterDelegate: THREAD_RESUMED: thread (33, main, main)
22:47:21.179 INFO: JdwpEventCenterDelegate: THREAD_RESUMED: thread (33, main, main)
22:47:21.182 INFO: JdwpEventCenterDelegate: THREAD_RESUMED: thread (33, main, main)
22:47:21.184 INFO: JdwpEventCenterDelegate: THREAD_RESUMED: thread (33, main, main)
22:47:21.189 INFO: JdwpEventCenterDelegate: THREAD_RESUMED: thread (33, main, main)
22:47:21.191 INFO: JdwpEventCenterDelegate: THREAD_RESUMED: thread (33, main, main)
22:47:21.194 INFO: JdwpEventCenterDelegate: THREAD_RESUMED: thread (33, main, main)
22:47:21.196 INFO: JdwpEventCenterDelegate: THREAD_RESUMED: thread (33, main, main)
22:47:21.199 INFO: JdwpEventCenterDelegate: THREAD_RESUMED: thread (33, main, main)
22:47:21.201 INFO: JdwpEventCenterDelegate: THREAD_RESUMED: thread (33, main, main)
22:47:21.203 INFO: JdwpEventCenterDelegate: THREAD_RESUMED: thread (33, main, main)
22:47:21.207 INFO: JdwpEventCenterDelegate: THREAD_RESUMED: thread (33, main, main)
22:47:21.210 INFO: JdwpEventCenterDelegate: THREAD_RESUMED: thread (33, main, main)
22:47:21.212 INFO: JdwpEventCenterDelegate: THREAD_RESUMED: thread (33, main, main)
22:47:21.214 INFO: JdwpEventCenterDelegate: THREAD_RESUMED: thread (33, main, main)
22:47:21.226 INFO: JdwpEventCenterDelegate: THREAD_RESUMED: thread (33, main, main)
22:47:21.228 INFO: JdwpEventCenterDelegate: THREAD_RESUMED: thread (33, main, main)
22:47:21.230 INFO: JdwpEventCenterDelegate: THREAD_RESUMED: thread (33, main, main)
22:47:21.232 INFO: JdwpEventCenterDelegate: THREAD_RESUMED: thread (33, main, main)
22:47:21.234 INFO: JdwpEventCenterDelegate: THREAD_RESUMED: thread (33, main, main)
22:47:21.236 INFO: JdwpEventCenterDelegate: THREAD_RESUMED: thread (33, main, main)
22:47:21.238 INFO: JdwpEventCenterDelegate: THREAD_RESUMED: thread (33, main, main)
22:47:21.255 INFO: JdwpEventCenterDelegate: THREAD_RESUMED: thread (33, main, main)
22:47:21.257 INFO: JdwpEventCenterDelegate: THREAD_RESUMED: thread (33, main, main)
22:47:21.259 INFO: JdwpEventCenterDelegate: THREAD_RESUMED: thread (33, main, main)
22:47:21.261 INFO: JdwpEventCenterDelegate: THREAD_RESUMED: thread (33, main, main)
22:47:21.263 INFO: JdwpEventCenterDelegate: THREAD_RESUMED: thread (33, main, main)
22:47:21.268 INFO: JdwpEventCenterDelegate: THREAD_RESUMED: thread (33, main, main)
22:47:21.281 INFO: JdwpEventCenterDelegate: THREAD_RESUMED: thread (33, main, main)
22:47:21.294 INFO: JdwpEventCenterDelegate: THREAD_RESUMED: thread (33, main, main)
22:47:21.305 INFO: JdwpEventCenterDelegate: THREAD_RESUMED: thread (33, main, main)
22:47:21.318 INFO: JdwpEventCenterDelegate: THREAD_RESUMED: thread (33, main, main)
22:47:21.351 INFO: JdwpEventCenterDelegate: THREAD_RESUMED: thread (33, main, main)
22:47:21.354 INFO: JdwpEventCenterDelegate: THREAD_RESUMED: thread (33, main, main)
22:47:21.356 INFO: JdwpEventCenterDelegate: THREAD_RESUMED: thread (33, main, main)
22:47:21.359 INFO: JdwpEventCenterDelegate: THREAD_RESUMED: thread (33, main, main)
22:47:21.361 INFO: JdwpEventCenterDelegate: THREAD_RESUMED: thread (33, main, main)
22:47:21.366 INFO: JdwpEventCenterDelegate: THREAD_RESUMED: thread (33, main, main)
22:47:21.377 INFO: JdwpEventCenterDelegate: THREAD_RESUMED: thread (33, main, main)
22:47:21.380 INFO: JdwpEventCenterDelegate: THREAD_RESUMED: thread (33, main, main)
22:47:21.382 INFO: JdwpEventCenterDelegate: THREAD_RESUMED: thread (33, main, main)
22:47:21.384 INFO: JdwpEventCenterDelegate: THREAD_RESUMED: thread (33, main, main)
22:47:21.387 INFO: JdwpEventCenterDelegate: THREAD_RESUMED: thread (33, main, main)
22:47:21.392 INFO: JdwpEventCenterDelegate: THREAD_RESUMED: thread (33, main, main)
22:47:21.406 INFO: JdwpEventCenterDelegate: THREAD_RESUMED: thread (33, main, main)
22:47:21.408 INFO: JdwpEventCenterDelegate: THREAD_RESUMED: thread (33, main, main)
22:47:21.410 INFO: JdwpEventCenterDelegate: THREAD_RESUMED: thread (33, main, main)
22:47:21.413 INFO: JdwpEventCenterDelegate: THREAD_RESUMED: thread (33, main, main)
22:47:21.415 INFO: JdwpEventCenterDelegate: THREAD_RESUMED: thread (33, main, main)
22:47:21.419 INFO: JdwpEventCenterDelegate: THREAD_RESUMED: thread (33, main, main)
22:47:21.437 INFO: JdwpEventCenterDelegate: THREAD_RESUMED: thread (33, main, main)
22:47:21.439 INFO: JdwpEventCenterDelegate: THREAD_RESUMED: thread (33, main, main)
22:47:21.442 INFO: JdwpEventCenterDelegate: THREAD_RESUMED: thread (33, main, main)
22:47:21.444 INFO: JdwpEventCenterDelegate: THREAD_RESUMED: thread (33, main, main)
22:47:21.446 INFO: JdwpEventCenterDelegate: THREAD_RESUMED: thread (33, main, main)
22:47:21.451 INFO: JdwpEventCenterDelegate: THREAD_RESUMED: thread (33, main, main)
22:47:21.465 INFO: JdwpEventCenterDelegate: THREAD_RESUMED: thread (33, main, main)
22:47:21.468 INFO: JdwpEventCenterDelegate: THREAD_RESUMED: thread (33, main, main)
22:47:21.470 INFO: JdwpEventCenterDelegate: THREAD_RESUMED: thread (33, main, main)
22:47:21.472 INFO: JdwpEventCenterDelegate: THREAD_RESUMED: thread (33, main, main)
22:47:21.474 INFO: JdwpEventCenterDelegate: THREAD_RESUMED: thread (33, main, main)
22:47:21.479 INFO: JdwpEventCenterDelegate: THREAD_RESUMED: thread (33, main, main)
22:47:21.493 INFO: JdwpEventCenterDelegate: THREAD_RESUMED: thread (33, main, main)
22:47:21.495 INFO: JdwpEventCenterDelegate: THREAD_RESUMED: thread (33, main, main)
22:47:21.498 INFO: JdwpEventCenterDelegate: THREAD_RESUMED: thread (33, main, main)
22:47:21.500 INFO: JdwpEventCenterDelegate: THREAD_RESUMED: thread (33, main, main)
22:47:21.502 INFO: JdwpEventCenterDelegate: THREAD_RESUMED: thread (33, main, main)
22:47:21.506 INFO: JdwpEventCenterDelegate: THREAD_RESUMED: thread (33, main, main)
22:47:21.528 INFO: JdwpEventCenterDelegate: THREAD_RESUMED: thread (33, main, main)
22:47:21.530 INFO: JdwpEventCenterDelegate: THREAD_RESUMED: thread (33, main, main)
22:47:21.532 INFO: JdwpEventCenterDelegate: THREAD_RESUMED: thread (33, main, main)
22:47:21.534 INFO: JdwpEventCenterDelegate: THREAD_RESUMED: thread (33, main, main)
22:47:21.537 INFO: JdwpEventCenterDelegate: THREAD_RESUMED: thread (33, main, main)
22:47:21.542 INFO: JdwpEventCenterDelegate: THREAD_RESUMED: thread (33, main, main)
22:47:21.559 INFO: JdwpEventCenterDelegate: THREAD_RESUMED: thread (33, main, main)
22:47:21.561 INFO: JdwpEventCenterDelegate: THREAD_RESUMED: thread (33, main, main)
22:47:21.564 INFO: JdwpEventCenterDelegate: THREAD_RESUMED: thread (33, main, main)
22:47:21.565 INFO: JdwpEventCenterDelegate: THREAD_RESUMED: thread (33, main, main)
22:47:21.567 INFO: JdwpEventCenterDelegate: THREAD_RESUMED: thread (33, main, main)
22:47:21.572 INFO: JdwpEventCenterDelegate: THREAD_RESUMED: thread (33, main, main)
22:47:21.589 INFO: JdwpEventCenterDelegate: THREAD_RESUMED: thread (33, main, main)
22:47:21.591 INFO: JdwpEventCenterDelegate: THREAD_RESUMED: thread (33, main, main)
22:47:21.594 INFO: JdwpEventCenterDelegate: THREAD_RESUMED: thread (33, main, main)
22:47:21.596 INFO: JdwpEventCenterDelegate: THREAD_RESUMED: thread (33, main, main)
22:47:21.598 INFO: JdwpEventCenterDelegate: THREAD_RESUMED: thread (33, main, main)
22:47:21.604 INFO: JdwpEventCenterDelegate: THREAD_RESUMED: thread (33, main, main)
22:47:21.618 INFO: JdwpEventCenterDelegate: THREAD_RESUMED: thread (33, main, main)
22:47:21.620 INFO: JdwpEventCenterDelegate: THREAD_RESUMED: thread (33, main, main)
22:47:21.623 INFO: JdwpEventCenterDelegate: THREAD_RESUMED: thread (33, main, main)
22:47:21.625 INFO: JdwpEventCenterDelegate: THREAD_RESUMED: thread (33, main, main)
22:47:21.627 INFO: JdwpEventCenterDelegate: THREAD_RESUMED: thread (33, main, main)
22:47:21.631 INFO: JdwpEventCenterDelegate: THREAD_RESUMED: thread (33, main, main)
22:47:21.645 INFO: JdwpEventCenterDelegate: THREAD_RESUMED: thread (33, main, main)
22:47:21.648 INFO: JdwpEventCenterDelegate: THREAD_RESUMED: thread (33, main, main)
22:47:21.650 INFO: JdwpEventCenterDelegate: THREAD_RESUMED: thread (33, main, main)
22:47:21.652 INFO: JdwpEventCenterDelegate: THREAD_RESUMED: thread (33, main, main)
22:47:21.654 INFO: JdwpEventCenterDelegate: THREAD_RESUMED: thread (33, main, main)
22:47:21.658 INFO: JdwpEventCenterDelegate: THREAD_RESUMED: thread (33, main, main)
22:47:21.676 INFO: JdwpEventCenterDelegate: THREAD_RESUMED: thread (33, main, main)
22:47:21.679 INFO: JdwpEventCenterDelegate: THREAD_RESUMED: thread (33, main, main)
22:47:21.681 INFO: JdwpEventCenterDelegate: THREAD_RESUMED: thread (33, main, main)
22:47:21.683 INFO: JdwpEventCenterDelegate: THREAD_RESUMED: thread (33, main, main)
22:47:21.685 INFO: JdwpEventCenterDelegate: THREAD_RESUMED: thread (33, main, main)
22:47:21.690 INFO: JdwpEventCenterDelegate: THREAD_RESUMED: thread (33, main, main)
22:47:21.715 INFO: JdwpEventCenterDelegate: THREAD_RESUMED: thread (33, main, main)
22:47:21.717 INFO: JdwpEventCenterDelegate: THREAD_RESUMED: thread (33, main, main)
22:47:21.719 INFO: JdwpEventCenterDelegate: THREAD_RESUMED: thread (33, main, main)
22:47:21.721 INFO: JdwpEventCenterDelegate: THREAD_RESUMED: thread (33, main, main)
22:47:21.724 INFO: JdwpEventCenterDelegate: THREAD_RESUMED: thread (33, main, main)
22:47:21.729 INFO: JdwpEventCenterDelegate: THREAD_RESUMED: thread (33, main, main)
22:47:21.747 INFO: JdwpEventCenterDelegate: THREAD_RESUMED: thread (33, main, main)
22:47:21.749 INFO: JdwpEventCenterDelegate: THREAD_RESUMED: thread (33, main, main)
22:47:21.751 INFO: JdwpEventCenterDelegate: THREAD_RESUMED: thread (33, main, main)
22:47:21.753 INFO: JdwpEventCenterDelegate: THREAD_RESUMED: thread (33, main, main)
22:47:21.755 INFO: JdwpEventCenterDelegate: THREAD_RESUMED: thread (33, main, main)
22:47:21.759 INFO: JdwpEventCenterDelegate: THREAD_RESUMED: thread (33, main, main)
22:47:21.772 INFO: JdwpEventCenterDelegate: THREAD_RESUMED: thread (33, main, main)
22:47:21.773 INFO: JdwpEventCenterDelegate: THREAD_RESUMED: thread (33, main, main)
22:47:21.775 INFO: JdwpEventCenterDelegate: THREAD_RESUMED: thread (33, main, main)
22:47:21.777 INFO: JdwpEventCenterDelegate: THREAD_RESUMED: thread (33, main, main)
22:47:21.779 INFO: JdwpEventCenterDelegate: THREAD_RESUMED: thread (33, main, main)
22:47:22.926 INFO: JdwpEventCenterDelegate: THREAD_STARTED: thread (108, Timer, main)
22:47:23.817 INFO: JdwpEventCenterDelegate: THREAD_RESUMED: thread (33, main, main)
22:47:23.849 INFO: JdwpEventCenterDelegate: THREAD_RESUMED: thread (33, main, main)
22:47:23.871 INFO: JdwpEventCenterDelegate: THREAD_RESUMED: thread (33, main, main)
22:47:23.889 INFO: JdwpEventCenterDelegate: THREAD_RESUMED: thread (33, main, main)
22:47:23.929 INFO: JdwpEventCenterDelegate: THREAD_RESUMED: thread (33, main, main)
22:47:23.963 INFO: JdwpEventCenterDelegate: THREAD_RESUMED: thread (33, main, main)
22:47:23.980 INFO: JdwpEventCenterDelegate: THREAD_RESUMED: thread (33, main, main)
22:47:23.995 INFO: JdwpEventCenterDelegate: THREAD_RESUMED: thread (33, main, main)
22:47:24.002 INFO: JdwpEventCenterDelegate: THREAD_RESUMED: thread (33, main, main)
22:47:24.015 INFO: JdwpEventCenterDelegate: THREAD_RESUMED: thread (33, main, main)
22:47:24.046 INFO: JdwpEventCenterDelegate: THREAD_RESUMED: thread (33, main, main)
22:47:24.058 INFO: JdwpEventCenterDelegate: THREAD_RESUMED: thread (33, main, main)
22:47:24.071 INFO: JdwpEventCenterDelegate: THREAD_RESUMED: thread (33, main, main)
22:47:24.085 INFO: JdwpEventCenterDelegate: THREAD_RESUMED: thread (33, main, main)
22:47:24.121 INFO: JdwpEventCenterDelegate: THREAD_RESUMED: thread (33, main, main)
22:47:24.155 INFO: JdwpEventCenterDelegate: THREAD_RESUMED: thread (33, main, main)
22:47:24.172 INFO: JdwpEventCenterDelegate: THREAD_RESUMED: thread (33, main, main)
22:47:24.189 INFO: JdwpEventCenterDelegate: THREAD_RESUMED: thread (33, main, main)
22:47:24.194 INFO: JdwpEventCenterDelegate: THREAD_RESUMED: thread (33, main, main)
22:47:24.209 INFO: JdwpEventCenterDelegate: THREAD_RESUMED: thread (33, main, main)
22:47:27.940 INFO: JdwpEventCenterDelegate: THREAD_RESUMED: thread (33, main, main)
22:47:27.942 INFO: JdwpEventCenterDelegate: THREAD_RESUMED: thread (33, main, main)
22:47:27.943 INFO: JdwpEventCenterDelegate: THREAD_RESUMED: thread (33, main, main)
22:47:27.945 INFO: JdwpEventCenterDelegate: THREAD_RESUMED: thread (33, main, main)
22:47:27.945 INFO: JdwpEventCenterDelegate: THREAD_DETTACHED: thread (33, main, main)
22:47:27.953 SEVERE: Debugger: Thread HooksChannel socket thread crashed
org.robovm.debugger.DebuggerException: java.io.IOException: org.robovm.libimobiledevice.LibIMobileDeviceException: IDEVICE_E_UNKNOWN_ERROR
	at org.robovm.debugger.hooks.HooksChannel.doSocketWork(HooksChannel.java:149)
	at java.base/java.lang.Thread.run(Thread.java:834)
	at org.robovm.debugger.utils.DebuggerThread.run(DebuggerThread.java:42)
Caused by: java.io.IOException: org.robovm.libimobiledevice.LibIMobileDeviceException: IDEVICE_E_UNKNOWN_ERROR
	at org.robovm.libimobiledevice.IDeviceConnection$DeviceInputStream.read(IDeviceConnection.java:203)
	at org.robovm.debugger.utils.bytebuffer.DataBufferWriter.writeFromStream(DataBufferWriter.java:89)
	at org.robovm.debugger.hooks.HooksChannel.doSocketWork(HooksChannel.java:116)
	... 2 more
Caused by: org.robovm.libimobiledevice.LibIMobileDeviceException: IDEVICE_E_UNKNOWN_ERROR
	at org.robovm.libimobiledevice.IDevice.checkResult(IDevice.java:206)
	at org.robovm.libimobiledevice.IDeviceConnection.receive(IDeviceConnection.java:110)
	at org.robovm.libimobiledevice.IDeviceConnection.receive(IDeviceConnection.java:81)
	at org.robovm.libimobiledevice.IDeviceConnection$DeviceInputStream.read(IDeviceConnection.java:201)
	... 4 more
22:47:27.960 INFO: JdwpDebugServer: handling req: VirtualMachine(1).Exit(10)
22:47:27.960 SEVERE: Debugger: Thread JDWP server socket thread crashed
org.robovm.debugger.DebuggerException: Terminating due exit command
	at org.robovm.debugger.jdwp.JdwpDebugServer.doSocketWork(JdwpDebugServer.java:211)
	at java.base/java.lang.Thread.run(Thread.java:834)
	at org.robovm.debugger.utils.DebuggerThread.run(DebuggerThread.java:42)
