23:52:25.630 INFO: JdwpDebugServer: handling req: VirtualMachine(1).IDSizes(7)
23:52:25.631 INFO: JdwpDebugServer: handling req: EventRequest(15).Set(1)
23:52:25.631 INFO: JdwpEventCenterDelegate: jdwpSetEventRequest: JdwpEventRequest{requestId=100, eventKind=CLASS_PREPARE, suspendPolicy=NONE, predicates=[]}
23:52:25.631 INFO: JdwpDebugServer: handling req: EventRequest(15).Set(1)
23:52:25.631 INFO: JdwpEventCenterDelegate: jdwpSetEventRequest: JdwpEventRequest{requestId=101, eventKind=CLASS_UNLOAD, suspendPolicy=NONE, predicates=[]}
23:52:25.646 INFO: JdwpDebugServer: handling req: VirtualMachine(1).Version(1)
23:52:25.646 INFO: JdwpDebugServer: handling req: VirtualMachine(1).capabilitiesNew(17)
23:52:25.646 INFO: JdwpDebugServer: handling req: VirtualMachine(1).capabilities(12)
23:52:25.646 INFO: JdwpDebugServer: handling req: VirtualMachine(1).AllClassesWithGeneric(20)
23:52:25.650 INFO: JdwpDebugServer: handling req: VirtualMachine(1).TopLevelThreadGroups(5)
23:52:25.651 INFO: JdwpDebugServer: handling req: EventRequest(15).Set(1)
23:52:25.651 INFO: JdwpEventCenterDelegate: jdwpSetEventRequest: JdwpEventRequest{requestId=102, eventKind=THREAD_START, suspendPolicy=NONE, predicates=[]}
23:52:25.651 INFO: JdwpDebugServer: handling req: EventRequest(15).Set(1)
23:52:25.651 INFO: JdwpEventCenterDelegate: jdwpSetEventRequest: JdwpEventRequest{requestId=103, eventKind=THREAD_DEATH, suspendPolicy=NONE, predicates=[]}
23:52:25.652 INFO: JdwpDebugServer: handling req: EventRequest(15).Set(1)
23:52:25.652 INFO: JdwpEventCenterDelegate: jdwpSetEventRequest: JdwpEventRequest{requestId=104, eventKind=CLASS_PREPARE, suspendPolicy=EVENT_THREAD, predicates=[className=sun.instrument.InstrumentationImpl]}
23:52:25.653 INFO: JdwpDebugServer: handling req: EventRequest(15).Set(1)
23:52:25.653 INFO: JdwpEventCenterDelegate: jdwpSetEventRequest: JdwpEventRequest{requestId=105, eventKind=CLASS_PREPARE, suspendPolicy=EVENT_THREAD, predicates=[className=sun.instrument.InstrumentationImpl]}
23:52:26.279 INFO: JdwpDebugServer: handling req: VirtualMachine(1).Resume(9)
23:52:26.331 INFO: JdwpEventCenterDelegate: THREAD_STARTED: thread (33, main, main)
23:52:26.354 INFO: JdwpEventCenterDelegate: THREAD_STARTED: thread (48, ReferenceQueueDaemon, main)
23:52:26.359 INFO: JdwpEventCenterDelegate: THREAD_STARTED: thread (63, FinalizerDaemon, main)
23:52:26.364 INFO: JdwpEventCenterDelegate: THREAD_STARTED: thread (78, FinalizerWatchdogDaemon, main)
23:52:26.366 INFO: JdwpEventCenterDelegate: THREAD_RESUMED: thread (33, main, main)
23:52:26.367 INFO: JdwpEventCenterDelegate: THREAD_RESUMED: thread (33, main, main)
23:52:26.369 INFO: JdwpEventCenterDelegate: THREAD_RESUMED: thread (33, main, main)
23:52:26.370 INFO: JdwpEventCenterDelegate: THREAD_RESUMED: thread (33, main, main)
23:52:26.371 INFO: JdwpEventCenterDelegate: THREAD_RESUMED: thread (33, main, main)
23:52:26.372 INFO: JdwpEventCenterDelegate: THREAD_RESUMED: thread (33, main, main)
23:52:26.373 INFO: JdwpEventCenterDelegate: THREAD_RESUMED: thread (33, main, main)
23:52:26.374 INFO: JdwpEventCenterDelegate: THREAD_RESUMED: thread (33, main, main)
23:52:26.375 INFO: JdwpEventCenterDelegate: THREAD_RESUMED: thread (33, main, main)
23:52:26.376 INFO: JdwpEventCenterDelegate: THREAD_RESUMED: thread (33, main, main)
23:52:26.378 INFO: JdwpEventCenterDelegate: THREAD_RESUMED: thread (33, main, main)
23:52:26.379 INFO: JdwpEventCenterDelegate: THREAD_RESUMED: thread (33, main, main)
23:52:26.380 INFO: JdwpEventCenterDelegate: THREAD_RESUMED: thread (33, main, main)
23:52:26.381 INFO: JdwpEventCenterDelegate: THREAD_RESUMED: thread (33, main, main)
23:52:26.382 INFO: JdwpEventCenterDelegate: THREAD_RESUMED: thread (33, main, main)
23:52:26.383 INFO: JdwpEventCenterDelegate: THREAD_RESUMED: thread (33, main, main)
23:52:26.385 INFO: JdwpEventCenterDelegate: THREAD_RESUMED: thread (33, main, main)
23:52:26.386 INFO: JdwpEventCenterDelegate: THREAD_RESUMED: thread (33, main, main)
23:52:26.390 INFO: JdwpEventCenterDelegate: THREAD_RESUMED: thread (33, main, main)
23:52:26.391 INFO: JdwpEventCenterDelegate: THREAD_RESUMED: thread (33, main, main)
23:52:26.392 INFO: JdwpEventCenterDelegate: THREAD_RESUMED: thread (33, main, main)
23:52:26.393 INFO: JdwpEventCenterDelegate: THREAD_RESUMED: thread (33, main, main)
23:52:26.395 INFO: JdwpEventCenterDelegate: THREAD_RESUMED: thread (33, main, main)
23:52:26.396 INFO: JdwpEventCenterDelegate: THREAD_RESUMED: thread (33, main, main)
23:52:26.397 INFO: JdwpEventCenterDelegate: THREAD_RESUMED: thread (33, main, main)
23:52:26.427 INFO: JdwpEventCenterDelegate: THREAD_RESUMED: thread (33, main, main)
23:52:26.428 INFO: JdwpEventCenterDelegate: THREAD_RESUMED: thread (33, main, main)
23:52:26.430 INFO: JdwpEventCenterDelegate: THREAD_RESUMED: thread (33, main, main)
23:52:26.431 INFO: JdwpEventCenterDelegate: THREAD_RESUMED: thread (33, main, main)
23:52:26.432 INFO: JdwpEventCenterDelegate: THREAD_RESUMED: thread (33, main, main)
23:52:26.433 INFO: JdwpEventCenterDelegate: THREAD_RESUMED: thread (33, main, main)
23:52:26.434 INFO: JdwpEventCenterDelegate: THREAD_RESUMED: thread (33, main, main)
23:52:26.436 INFO: JdwpEventCenterDelegate: THREAD_RESUMED: thread (33, main, main)
23:52:26.437 INFO: JdwpEventCenterDelegate: THREAD_RESUMED: thread (33, main, main)
23:52:26.438 INFO: JdwpEventCenterDelegate: THREAD_RESUMED: thread (33, main, main)
23:52:26.439 INFO: JdwpEventCenterDelegate: THREAD_RESUMED: thread (33, main, main)
23:52:26.440 INFO: JdwpEventCenterDelegate: THREAD_RESUMED: thread (33, main, main)
23:52:26.442 INFO: JdwpEventCenterDelegate: THREAD_RESUMED: thread (33, main, main)
23:52:26.443 INFO: JdwpEventCenterDelegate: THREAD_RESUMED: thread (33, main, main)
23:52:26.456 INFO: JdwpEventCenterDelegate: THREAD_RESUMED: thread (33, main, main)
23:52:26.457 INFO: JdwpEventCenterDelegate: THREAD_RESUMED: thread (33, main, main)
23:52:26.459 INFO: JdwpEventCenterDelegate: THREAD_RESUMED: thread (33, main, main)
23:52:26.460 INFO: JdwpEventCenterDelegate: THREAD_RESUMED: thread (33, main, main)
23:52:26.461 INFO: JdwpEventCenterDelegate: THREAD_RESUMED: thread (33, main, main)
23:52:26.462 INFO: JdwpEventCenterDelegate: THREAD_RESUMED: thread (33, main, main)
23:52:26.463 INFO: JdwpEventCenterDelegate: THREAD_RESUMED: thread (33, main, main)
23:52:26.485 INFO: JdwpEventCenterDelegate: THREAD_RESUMED: thread (33, main, main)
23:52:26.486 INFO: JdwpEventCenterDelegate: THREAD_RESUMED: thread (33, main, main)
23:52:26.487 INFO: JdwpEventCenterDelegate: THREAD_RESUMED: thread (33, main, main)
23:52:26.488 INFO: JdwpEventCenterDelegate: THREAD_RESUMED: thread (33, main, main)
23:52:26.490 INFO: JdwpEventCenterDelegate: THREAD_RESUMED: thread (33, main, main)
23:52:26.491 INFO: JdwpEventCenterDelegate: THREAD_RESUMED: thread (33, main, main)
23:52:26.492 INFO: JdwpEventCenterDelegate: THREAD_RESUMED: thread (33, main, main)
23:52:26.520 INFO: JdwpEventCenterDelegate: THREAD_RESUMED: thread (33, main, main)
23:52:26.521 INFO: JdwpEventCenterDelegate: THREAD_RESUMED: thread (33, main, main)
23:52:26.522 INFO: JdwpEventCenterDelegate: THREAD_RESUMED: thread (33, main, main)
23:52:26.523 INFO: JdwpEventCenterDelegate: THREAD_RESUMED: thread (33, main, main)
23:52:26.525 INFO: JdwpEventCenterDelegate: THREAD_RESUMED: thread (33, main, main)
23:52:26.526 INFO: JdwpEventCenterDelegate: THREAD_RESUMED: thread (33, main, main)
23:52:26.527 INFO: JdwpEventCenterDelegate: THREAD_RESUMED: thread (33, main, main)
23:52:26.543 INFO: JdwpEventCenterDelegate: THREAD_RESUMED: thread (33, main, main)
23:52:26.544 INFO: JdwpEventCenterDelegate: THREAD_RESUMED: thread (33, main, main)
23:52:26.545 INFO: JdwpEventCenterDelegate: THREAD_RESUMED: thread (33, main, main)
23:52:26.546 INFO: JdwpEventCenterDelegate: THREAD_RESUMED: thread (33, main, main)
23:52:26.548 INFO: JdwpEventCenterDelegate: THREAD_RESUMED: thread (33, main, main)
23:52:26.549 INFO: JdwpEventCenterDelegate: THREAD_RESUMED: thread (33, main, main)
23:52:26.550 INFO: JdwpEventCenterDelegate: THREAD_RESUMED: thread (33, main, main)
23:52:26.559 INFO: JdwpEventCenterDelegate: THREAD_RESUMED: thread (33, main, main)
23:52:26.561 INFO: JdwpEventCenterDelegate: THREAD_RESUMED: thread (33, main, main)
23:52:26.562 INFO: JdwpEventCenterDelegate: THREAD_RESUMED: thread (33, main, main)
23:52:26.563 INFO: JdwpEventCenterDelegate: THREAD_RESUMED: thread (33, main, main)
23:52:26.565 INFO: JdwpEventCenterDelegate: THREAD_RESUMED: thread (33, main, main)
23:52:26.566 INFO: JdwpEventCenterDelegate: THREAD_RESUMED: thread (33, main, main)
23:52:26.567 INFO: JdwpEventCenterDelegate: THREAD_RESUMED: thread (33, main, main)
23:52:26.568 INFO: JdwpEventCenterDelegate: THREAD_RESUMED: thread (33, main, main)
23:52:26.569 INFO: JdwpEventCenterDelegate: THREAD_RESUMED: thread (33, main, main)
23:52:26.571 INFO: JdwpEventCenterDelegate: THREAD_RESUMED: thread (33, main, main)
23:52:26.572 INFO: JdwpEventCenterDelegate: THREAD_RESUMED: thread (33, main, main)
23:52:26.573 INFO: JdwpEventCenterDelegate: THREAD_RESUMED: thread (33, main, main)
23:52:26.575 INFO: JdwpEventCenterDelegate: THREAD_RESUMED: thread (33, main, main)
23:52:26.576 INFO: JdwpEventCenterDelegate: THREAD_RESUMED: thread (33, main, main)
23:52:26.578 INFO: JdwpEventCenterDelegate: THREAD_RESUMED: thread (33, main, main)
23:52:26.579 INFO: JdwpEventCenterDelegate: THREAD_RESUMED: thread (33, main, main)
23:52:26.580 INFO: JdwpEventCenterDelegate: THREAD_RESUMED: thread (33, main, main)
23:52:26.581 INFO: JdwpEventCenterDelegate: THREAD_RESUMED: thread (33, main, main)
23:52:26.584 INFO: JdwpEventCenterDelegate: THREAD_RESUMED: thread (33, main, main)
23:52:26.585 INFO: JdwpEventCenterDelegate: THREAD_RESUMED: thread (33, main, main)
23:52:26.718 INFO: JdwpEventCenterDelegate: THREAD_STARTED: thread (93, AssetManager, main)
23:52:26.822 INFO: JdwpEventCenterDelegate: THREAD_RESUMED: thread (33, main, main)
23:52:26.824 INFO: JdwpEventCenterDelegate: THREAD_RESUMED: thread (33, main, main)
23:52:29.389 INFO: JdwpEventCenterDelegate: THREAD_RESUMED: thread (33, main, main)
23:52:29.489 INFO: JdwpEventCenterDelegate: THREAD_RESUMED: thread (33, main, main)
23:52:29.491 INFO: JdwpEventCenterDelegate: THREAD_RESUMED: thread (33, main, main)
23:52:29.492 INFO: JdwpEventCenterDelegate: THREAD_RESUMED: thread (33, main, main)
23:52:29.494 INFO: JdwpEventCenterDelegate: THREAD_RESUMED: thread (33, main, main)
23:52:29.496 INFO: JdwpEventCenterDelegate: THREAD_RESUMED: thread (33, main, main)
23:52:29.502 INFO: JdwpEventCenterDelegate: THREAD_RESUMED: thread (33, main, main)
23:52:29.514 INFO: JdwpEventCenterDelegate: THREAD_RESUMED: thread (33, main, main)
23:52:29.516 INFO: JdwpEventCenterDelegate: THREAD_RESUMED: thread (33, main, main)
23:52:29.518 INFO: JdwpEventCenterDelegate: THREAD_RESUMED: thread (33, main, main)
23:52:29.520 INFO: JdwpEventCenterDelegate: THREAD_RESUMED: thread (33, main, main)
23:52:29.523 INFO: JdwpEventCenterDelegate: THREAD_RESUMED: thread (33, main, main)
23:52:29.527 INFO: JdwpEventCenterDelegate: THREAD_RESUMED: thread (33, main, main)
23:52:29.542 INFO: JdwpEventCenterDelegate: THREAD_RESUMED: thread (33, main, main)
23:52:29.544 INFO: JdwpEventCenterDelegate: THREAD_RESUMED: thread (33, main, main)
23:52:29.547 INFO: JdwpEventCenterDelegate: THREAD_RESUMED: thread (33, main, main)
23:52:29.549 INFO: JdwpEventCenterDelegate: THREAD_RESUMED: thread (33, main, main)
23:52:29.551 INFO: JdwpEventCenterDelegate: THREAD_RESUMED: thread (33, main, main)
23:52:29.556 INFO: JdwpEventCenterDelegate: THREAD_RESUMED: thread (33, main, main)
23:52:29.574 INFO: JdwpEventCenterDelegate: THREAD_RESUMED: thread (33, main, main)
23:52:29.577 INFO: JdwpEventCenterDelegate: THREAD_RESUMED: thread (33, main, main)
23:52:29.579 INFO: JdwpEventCenterDelegate: THREAD_RESUMED: thread (33, main, main)
23:52:29.581 INFO: JdwpEventCenterDelegate: THREAD_RESUMED: thread (33, main, main)
23:52:29.583 INFO: JdwpEventCenterDelegate: THREAD_RESUMED: thread (33, main, main)
23:52:29.588 INFO: JdwpEventCenterDelegate: THREAD_RESUMED: thread (33, main, main)
23:52:29.604 INFO: JdwpEventCenterDelegate: THREAD_RESUMED: thread (33, main, main)
23:52:29.606 INFO: JdwpEventCenterDelegate: THREAD_RESUMED: thread (33, main, main)
23:52:29.608 INFO: JdwpEventCenterDelegate: THREAD_RESUMED: thread (33, main, main)
23:52:29.611 INFO: JdwpEventCenterDelegate: THREAD_RESUMED: thread (33, main, main)
23:52:29.613 INFO: JdwpEventCenterDelegate: THREAD_RESUMED: thread (33, main, main)
23:52:29.618 INFO: JdwpEventCenterDelegate: THREAD_RESUMED: thread (33, main, main)
23:52:29.633 INFO: JdwpEventCenterDelegate: THREAD_RESUMED: thread (33, main, main)
23:52:29.636 INFO: JdwpEventCenterDelegate: THREAD_RESUMED: thread (33, main, main)
23:52:29.638 INFO: JdwpEventCenterDelegate: THREAD_RESUMED: thread (33, main, main)
23:52:29.640 INFO: JdwpEventCenterDelegate: THREAD_RESUMED: thread (33, main, main)
23:52:29.642 INFO: JdwpEventCenterDelegate: THREAD_RESUMED: thread (33, main, main)
23:52:29.648 INFO: JdwpEventCenterDelegate: THREAD_RESUMED: thread (33, main, main)
23:52:29.666 INFO: JdwpEventCenterDelegate: THREAD_RESUMED: thread (33, main, main)
23:52:29.668 INFO: JdwpEventCenterDelegate: THREAD_RESUMED: thread (33, main, main)
23:52:29.670 INFO: JdwpEventCenterDelegate: THREAD_RESUMED: thread (33, main, main)
23:52:29.672 INFO: JdwpEventCenterDelegate: THREAD_RESUMED: thread (33, main, main)
23:52:29.675 INFO: JdwpEventCenterDelegate: THREAD_RESUMED: thread (33, main, main)
23:52:29.681 INFO: JdwpEventCenterDelegate: THREAD_RESUMED: thread (33, main, main)
23:52:29.699 INFO: JdwpEventCenterDelegate: THREAD_RESUMED: thread (33, main, main)
23:52:29.702 INFO: JdwpEventCenterDelegate: THREAD_RESUMED: thread (33, main, main)
23:52:29.704 INFO: JdwpEventCenterDelegate: THREAD_RESUMED: thread (33, main, main)
23:52:29.707 INFO: JdwpEventCenterDelegate: THREAD_RESUMED: thread (33, main, main)
23:52:29.709 INFO: JdwpEventCenterDelegate: THREAD_RESUMED: thread (33, main, main)
23:52:29.714 INFO: JdwpEventCenterDelegate: THREAD_RESUMED: thread (33, main, main)
23:52:29.732 INFO: JdwpEventCenterDelegate: THREAD_RESUMED: thread (33, main, main)
23:52:29.734 INFO: JdwpEventCenterDelegate: THREAD_RESUMED: thread (33, main, main)
23:52:29.737 INFO: JdwpEventCenterDelegate: THREAD_RESUMED: thread (33, main, main)
23:52:29.739 INFO: JdwpEventCenterDelegate: THREAD_RESUMED: thread (33, main, main)
23:52:29.741 INFO: JdwpEventCenterDelegate: THREAD_RESUMED: thread (33, main, main)
23:52:29.746 INFO: JdwpEventCenterDelegate: THREAD_RESUMED: thread (33, main, main)
23:52:29.765 INFO: JdwpEventCenterDelegate: THREAD_RESUMED: thread (33, main, main)
23:52:29.767 INFO: JdwpEventCenterDelegate: THREAD_RESUMED: thread (33, main, main)
23:52:29.768 INFO: JdwpEventCenterDelegate: THREAD_RESUMED: thread (33, main, main)
23:52:29.771 INFO: JdwpEventCenterDelegate: THREAD_RESUMED: thread (33, main, main)
23:52:29.773 INFO: JdwpEventCenterDelegate: THREAD_RESUMED: thread (33, main, main)
23:52:29.778 INFO: JdwpEventCenterDelegate: THREAD_RESUMED: thread (33, main, main)
23:52:29.793 INFO: JdwpEventCenterDelegate: THREAD_RESUMED: thread (33, main, main)
23:52:29.795 INFO: JdwpEventCenterDelegate: THREAD_RESUMED: thread (33, main, main)
23:52:29.798 INFO: JdwpEventCenterDelegate: THREAD_RESUMED: thread (33, main, main)
23:52:29.800 INFO: JdwpEventCenterDelegate: THREAD_RESUMED: thread (33, main, main)
23:52:29.802 INFO: JdwpEventCenterDelegate: THREAD_RESUMED: thread (33, main, main)
23:52:29.807 INFO: JdwpEventCenterDelegate: THREAD_RESUMED: thread (33, main, main)
23:52:29.827 INFO: JdwpEventCenterDelegate: THREAD_RESUMED: thread (33, main, main)
23:52:29.829 INFO: JdwpEventCenterDelegate: THREAD_RESUMED: thread (33, main, main)
23:52:29.831 INFO: JdwpEventCenterDelegate: THREAD_RESUMED: thread (33, main, main)
23:52:29.833 INFO: JdwpEventCenterDelegate: THREAD_RESUMED: thread (33, main, main)
23:52:29.835 INFO: JdwpEventCenterDelegate: THREAD_RESUMED: thread (33, main, main)
23:52:29.840 INFO: JdwpEventCenterDelegate: THREAD_RESUMED: thread (33, main, main)
23:52:29.862 INFO: JdwpEventCenterDelegate: THREAD_RESUMED: thread (33, main, main)
23:52:29.865 INFO: JdwpEventCenterDelegate: THREAD_RESUMED: thread (33, main, main)
23:52:29.867 INFO: JdwpEventCenterDelegate: THREAD_RESUMED: thread (33, main, main)
23:52:29.869 INFO: JdwpEventCenterDelegate: THREAD_RESUMED: thread (33, main, main)
23:52:29.872 INFO: JdwpEventCenterDelegate: THREAD_RESUMED: thread (33, main, main)
23:52:29.877 INFO: JdwpEventCenterDelegate: THREAD_RESUMED: thread (33, main, main)
23:52:29.896 INFO: JdwpEventCenterDelegate: THREAD_RESUMED: thread (33, main, main)
23:52:29.898 INFO: JdwpEventCenterDelegate: THREAD_RESUMED: thread (33, main, main)
23:52:29.900 INFO: JdwpEventCenterDelegate: THREAD_RESUMED: thread (33, main, main)
23:52:29.902 INFO: JdwpEventCenterDelegate: THREAD_RESUMED: thread (33, main, main)
23:52:29.905 INFO: JdwpEventCenterDelegate: THREAD_RESUMED: thread (33, main, main)
23:52:29.910 INFO: JdwpEventCenterDelegate: THREAD_RESUMED: thread (33, main, main)
23:52:29.923 INFO: JdwpEventCenterDelegate: THREAD_RESUMED: thread (33, main, main)
23:52:29.926 INFO: JdwpEventCenterDelegate: THREAD_RESUMED: thread (33, main, main)
23:52:29.928 INFO: JdwpEventCenterDelegate: THREAD_RESUMED: thread (33, main, main)
23:52:29.930 INFO: JdwpEventCenterDelegate: THREAD_RESUMED: thread (33, main, main)
23:52:29.933 INFO: JdwpEventCenterDelegate: THREAD_RESUMED: thread (33, main, main)
23:52:29.938 INFO: JdwpEventCenterDelegate: THREAD_RESUMED: thread (33, main, main)
23:52:29.940 INFO: JdwpEventCenterDelegate: THREAD_RESUMED: thread (33, main, main)
23:52:29.943 INFO: JdwpEventCenterDelegate: THREAD_RESUMED: thread (33, main, main)
23:52:29.945 INFO: JdwpEventCenterDelegate: THREAD_RESUMED: thread (33, main, main)
23:52:29.947 INFO: JdwpEventCenterDelegate: THREAD_RESUMED: thread (33, main, main)
23:52:29.950 INFO: JdwpEventCenterDelegate: THREAD_RESUMED: thread (33, main, main)
23:52:29.952 INFO: JdwpEventCenterDelegate: THREAD_RESUMED: thread (33, main, main)
23:52:29.956 INFO: JdwpEventCenterDelegate: THREAD_RESUMED: thread (33, main, main)
23:52:29.957 INFO: JdwpEventCenterDelegate: THREAD_RESUMED: thread (33, main, main)
23:52:29.960 INFO: JdwpEventCenterDelegate: THREAD_RESUMED: thread (33, main, main)
23:52:29.962 INFO: JdwpEventCenterDelegate: THREAD_RESUMED: thread (33, main, main)
23:52:29.986 INFO: JdwpEventCenterDelegate: THREAD_RESUMED: thread (33, main, main)
23:52:29.988 INFO: JdwpEventCenterDelegate: THREAD_RESUMED: thread (33, main, main)
23:52:29.990 INFO: JdwpEventCenterDelegate: THREAD_RESUMED: thread (33, main, main)
23:52:29.992 INFO: JdwpEventCenterDelegate: THREAD_RESUMED: thread (33, main, main)
23:52:29.994 INFO: JdwpEventCenterDelegate: THREAD_RESUMED: thread (33, main, main)
23:52:29.996 INFO: JdwpEventCenterDelegate: THREAD_RESUMED: thread (33, main, main)
23:52:29.998 INFO: JdwpEventCenterDelegate: THREAD_RESUMED: thread (33, main, main)
23:52:30.010 INFO: JdwpEventCenterDelegate: THREAD_RESUMED: thread (33, main, main)
23:52:30.011 INFO: JdwpEventCenterDelegate: THREAD_RESUMED: thread (33, main, main)
23:52:30.013 INFO: JdwpEventCenterDelegate: THREAD_RESUMED: thread (33, main, main)
23:52:30.014 INFO: JdwpEventCenterDelegate: THREAD_RESUMED: thread (33, main, main)
23:52:30.016 INFO: JdwpEventCenterDelegate: THREAD_RESUMED: thread (33, main, main)
23:52:30.021 INFO: JdwpEventCenterDelegate: THREAD_RESUMED: thread (33, main, main)
23:52:30.033 INFO: JdwpEventCenterDelegate: THREAD_RESUMED: thread (33, main, main)
23:52:30.046 INFO: JdwpEventCenterDelegate: THREAD_RESUMED: thread (33, main, main)
23:52:30.057 INFO: JdwpEventCenterDelegate: THREAD_RESUMED: thread (33, main, main)
23:52:30.070 INFO: JdwpEventCenterDelegate: THREAD_RESUMED: thread (33, main, main)
23:52:30.104 INFO: JdwpEventCenterDelegate: THREAD_RESUMED: thread (33, main, main)
23:52:30.106 INFO: JdwpEventCenterDelegate: THREAD_RESUMED: thread (33, main, main)
23:52:30.109 INFO: JdwpEventCenterDelegate: THREAD_RESUMED: thread (33, main, main)
23:52:30.111 INFO: JdwpEventCenterDelegate: THREAD_RESUMED: thread (33, main, main)
23:52:30.113 INFO: JdwpEventCenterDelegate: THREAD_RESUMED: thread (33, main, main)
23:52:30.119 INFO: JdwpEventCenterDelegate: THREAD_RESUMED: thread (33, main, main)
23:52:30.130 INFO: JdwpEventCenterDelegate: THREAD_RESUMED: thread (33, main, main)
23:52:30.132 INFO: JdwpEventCenterDelegate: THREAD_RESUMED: thread (33, main, main)
23:52:30.135 INFO: JdwpEventCenterDelegate: THREAD_RESUMED: thread (33, main, main)
23:52:30.137 INFO: JdwpEventCenterDelegate: THREAD_RESUMED: thread (33, main, main)
23:52:30.140 INFO: JdwpEventCenterDelegate: THREAD_RESUMED: thread (33, main, main)
23:52:30.144 INFO: JdwpEventCenterDelegate: THREAD_RESUMED: thread (33, main, main)
23:52:30.159 INFO: JdwpEventCenterDelegate: THREAD_RESUMED: thread (33, main, main)
23:52:30.161 INFO: JdwpEventCenterDelegate: THREAD_RESUMED: thread (33, main, main)
23:52:30.163 INFO: JdwpEventCenterDelegate: THREAD_RESUMED: thread (33, main, main)
23:52:30.165 INFO: JdwpEventCenterDelegate: THREAD_RESUMED: thread (33, main, main)
23:52:30.167 INFO: JdwpEventCenterDelegate: THREAD_RESUMED: thread (33, main, main)
23:52:30.172 INFO: JdwpEventCenterDelegate: THREAD_RESUMED: thread (33, main, main)
23:52:30.190 INFO: JdwpEventCenterDelegate: THREAD_RESUMED: thread (33, main, main)
23:52:30.192 INFO: JdwpEventCenterDelegate: THREAD_RESUMED: thread (33, main, main)
23:52:30.195 INFO: JdwpEventCenterDelegate: THREAD_RESUMED: thread (33, main, main)
23:52:30.197 INFO: JdwpEventCenterDelegate: THREAD_RESUMED: thread (33, main, main)
23:52:30.199 INFO: JdwpEventCenterDelegate: THREAD_RESUMED: thread (33, main, main)
23:52:30.204 INFO: JdwpEventCenterDelegate: THREAD_RESUMED: thread (33, main, main)
23:52:30.219 INFO: JdwpEventCenterDelegate: THREAD_RESUMED: thread (33, main, main)
23:52:30.221 INFO: JdwpEventCenterDelegate: THREAD_RESUMED: thread (33, main, main)
23:52:30.224 INFO: JdwpEventCenterDelegate: THREAD_RESUMED: thread (33, main, main)
23:52:30.226 INFO: JdwpEventCenterDelegate: THREAD_RESUMED: thread (33, main, main)
23:52:30.228 INFO: JdwpEventCenterDelegate: THREAD_RESUMED: thread (33, main, main)
23:52:30.233 INFO: JdwpEventCenterDelegate: THREAD_RESUMED: thread (33, main, main)
23:52:30.247 INFO: JdwpEventCenterDelegate: THREAD_RESUMED: thread (33, main, main)
23:52:30.250 INFO: JdwpEventCenterDelegate: THREAD_RESUMED: thread (33, main, main)
23:52:30.252 INFO: JdwpEventCenterDelegate: THREAD_RESUMED: thread (33, main, main)
23:52:30.254 INFO: JdwpEventCenterDelegate: THREAD_RESUMED: thread (33, main, main)
23:52:30.256 INFO: JdwpEventCenterDelegate: THREAD_RESUMED: thread (33, main, main)
23:52:30.261 INFO: JdwpEventCenterDelegate: THREAD_RESUMED: thread (33, main, main)
23:52:30.282 INFO: JdwpEventCenterDelegate: THREAD_RESUMED: thread (33, main, main)
23:52:30.284 INFO: JdwpEventCenterDelegate: THREAD_RESUMED: thread (33, main, main)
23:52:30.287 INFO: JdwpEventCenterDelegate: THREAD_RESUMED: thread (33, main, main)
23:52:30.289 INFO: JdwpEventCenterDelegate: THREAD_RESUMED: thread (33, main, main)
23:52:30.291 INFO: JdwpEventCenterDelegate: THREAD_RESUMED: thread (33, main, main)
23:52:30.296 INFO: JdwpEventCenterDelegate: THREAD_RESUMED: thread (33, main, main)
23:52:30.313 INFO: JdwpEventCenterDelegate: THREAD_RESUMED: thread (33, main, main)
23:52:30.316 INFO: JdwpEventCenterDelegate: THREAD_RESUMED: thread (33, main, main)
23:52:30.318 INFO: JdwpEventCenterDelegate: THREAD_RESUMED: thread (33, main, main)
23:52:30.320 INFO: JdwpEventCenterDelegate: THREAD_RESUMED: thread (33, main, main)
23:52:30.323 INFO: JdwpEventCenterDelegate: THREAD_RESUMED: thread (33, main, main)
23:52:30.327 INFO: JdwpEventCenterDelegate: THREAD_RESUMED: thread (33, main, main)
23:52:30.345 INFO: JdwpEventCenterDelegate: THREAD_RESUMED: thread (33, main, main)
23:52:30.347 INFO: JdwpEventCenterDelegate: THREAD_RESUMED: thread (33, main, main)
23:52:30.350 INFO: JdwpEventCenterDelegate: THREAD_RESUMED: thread (33, main, main)
23:52:30.352 INFO: JdwpEventCenterDelegate: THREAD_RESUMED: thread (33, main, main)
23:52:30.354 INFO: JdwpEventCenterDelegate: THREAD_RESUMED: thread (33, main, main)
23:52:30.359 INFO: JdwpEventCenterDelegate: THREAD_RESUMED: thread (33, main, main)
23:52:30.374 INFO: JdwpEventCenterDelegate: THREAD_RESUMED: thread (33, main, main)
23:52:30.376 INFO: JdwpEventCenterDelegate: THREAD_RESUMED: thread (33, main, main)
23:52:30.379 INFO: JdwpEventCenterDelegate: THREAD_RESUMED: thread (33, main, main)
23:52:30.381 INFO: JdwpEventCenterDelegate: THREAD_RESUMED: thread (33, main, main)
23:52:30.383 INFO: JdwpEventCenterDelegate: THREAD_RESUMED: thread (33, main, main)
23:52:30.388 INFO: JdwpEventCenterDelegate: THREAD_RESUMED: thread (33, main, main)
23:52:30.402 INFO: JdwpEventCenterDelegate: THREAD_RESUMED: thread (33, main, main)
23:52:30.404 INFO: JdwpEventCenterDelegate: THREAD_RESUMED: thread (33, main, main)
23:52:30.407 INFO: JdwpEventCenterDelegate: THREAD_RESUMED: thread (33, main, main)
23:52:30.409 INFO: JdwpEventCenterDelegate: THREAD_RESUMED: thread (33, main, main)
23:52:30.411 INFO: JdwpEventCenterDelegate: THREAD_RESUMED: thread (33, main, main)
23:52:30.415 INFO: JdwpEventCenterDelegate: THREAD_RESUMED: thread (33, main, main)
23:52:30.434 INFO: JdwpEventCenterDelegate: THREAD_RESUMED: thread (33, main, main)
23:52:30.436 INFO: JdwpEventCenterDelegate: THREAD_RESUMED: thread (33, main, main)
23:52:30.438 INFO: JdwpEventCenterDelegate: THREAD_RESUMED: thread (33, main, main)
23:52:30.441 INFO: JdwpEventCenterDelegate: THREAD_RESUMED: thread (33, main, main)
23:52:30.443 INFO: JdwpEventCenterDelegate: THREAD_RESUMED: thread (33, main, main)
23:52:30.448 INFO: JdwpEventCenterDelegate: THREAD_RESUMED: thread (33, main, main)
23:52:30.472 INFO: JdwpEventCenterDelegate: THREAD_RESUMED: thread (33, main, main)
23:52:30.475 INFO: JdwpEventCenterDelegate: THREAD_RESUMED: thread (33, main, main)
23:52:30.477 INFO: JdwpEventCenterDelegate: THREAD_RESUMED: thread (33, main, main)
23:52:30.480 INFO: JdwpEventCenterDelegate: THREAD_RESUMED: thread (33, main, main)
23:52:30.482 INFO: JdwpEventCenterDelegate: THREAD_RESUMED: thread (33, main, main)
23:52:30.487 INFO: JdwpEventCenterDelegate: THREAD_RESUMED: thread (33, main, main)
23:52:30.505 INFO: JdwpEventCenterDelegate: THREAD_RESUMED: thread (33, main, main)
23:52:30.508 INFO: JdwpEventCenterDelegate: THREAD_RESUMED: thread (33, main, main)
23:52:30.510 INFO: JdwpEventCenterDelegate: THREAD_RESUMED: thread (33, main, main)
23:52:30.512 INFO: JdwpEventCenterDelegate: THREAD_RESUMED: thread (33, main, main)
23:52:30.514 INFO: JdwpEventCenterDelegate: THREAD_RESUMED: thread (33, main, main)
23:52:30.519 INFO: JdwpEventCenterDelegate: THREAD_RESUMED: thread (33, main, main)
23:52:30.532 INFO: JdwpEventCenterDelegate: THREAD_RESUMED: thread (33, main, main)
23:52:30.534 INFO: JdwpEventCenterDelegate: THREAD_RESUMED: thread (33, main, main)
23:52:30.536 INFO: JdwpEventCenterDelegate: THREAD_RESUMED: thread (33, main, main)
23:52:30.538 INFO: JdwpEventCenterDelegate: THREAD_RESUMED: thread (33, main, main)
23:52:30.541 INFO: JdwpEventCenterDelegate: THREAD_RESUMED: thread (33, main, main)
23:52:31.868 INFO: JdwpEventCenterDelegate: THREAD_STARTED: thread (108, Timer, main)
23:52:32.744 INFO: JdwpEventCenterDelegate: THREAD_RESUMED: thread (33, main, main)
23:52:32.776 INFO: JdwpEventCenterDelegate: THREAD_RESUMED: thread (33, main, main)
23:52:32.799 INFO: JdwpEventCenterDelegate: THREAD_RESUMED: thread (33, main, main)
23:52:32.817 INFO: JdwpEventCenterDelegate: THREAD_RESUMED: thread (33, main, main)
23:52:32.857 INFO: JdwpEventCenterDelegate: THREAD_RESUMED: thread (33, main, main)
23:52:32.891 INFO: JdwpEventCenterDelegate: THREAD_RESUMED: thread (33, main, main)
23:52:32.908 INFO: JdwpEventCenterDelegate: THREAD_RESUMED: thread (33, main, main)
23:52:32.924 INFO: JdwpEventCenterDelegate: THREAD_RESUMED: thread (33, main, main)
23:52:32.930 INFO: JdwpEventCenterDelegate: THREAD_RESUMED: thread (33, main, main)
23:52:32.944 INFO: JdwpEventCenterDelegate: THREAD_RESUMED: thread (33, main, main)
23:52:32.975 INFO: JdwpEventCenterDelegate: THREAD_RESUMED: thread (33, main, main)
23:52:32.987 INFO: JdwpEventCenterDelegate: THREAD_RESUMED: thread (33, main, main)
23:52:32.999 INFO: JdwpEventCenterDelegate: THREAD_RESUMED: thread (33, main, main)
23:52:33.012 INFO: JdwpEventCenterDelegate: THREAD_RESUMED: thread (33, main, main)
23:52:33.046 INFO: JdwpEventCenterDelegate: THREAD_RESUMED: thread (33, main, main)
23:52:33.079 INFO: JdwpEventCenterDelegate: THREAD_RESUMED: thread (33, main, main)
23:52:33.095 INFO: JdwpEventCenterDelegate: THREAD_RESUMED: thread (33, main, main)
23:52:33.109 INFO: JdwpEventCenterDelegate: THREAD_RESUMED: thread (33, main, main)
23:52:33.115 INFO: JdwpEventCenterDelegate: THREAD_RESUMED: thread (33, main, main)
23:52:33.128 INFO: JdwpEventCenterDelegate: THREAD_RESUMED: thread (33, main, main)
23:52:34.102 INFO: JdwpEventCenterDelegate: THREAD_RESUMED: thread (33, main, main)
23:52:34.105 INFO: JdwpEventCenterDelegate: THREAD_RESUMED: thread (33, main, main)
23:52:34.108 INFO: JdwpEventCenterDelegate: THREAD_RESUMED: thread (33, main, main)
23:52:34.112 INFO: JdwpEventCenterDelegate: THREAD_RESUMED: thread (33, main, main)
23:52:34.114 INFO: JdwpEventCenterDelegate: THREAD_RESUMED: thread (33, main, main)
23:52:34.117 INFO: JdwpEventCenterDelegate: THREAD_RESUMED: thread (33, main, main)
23:52:34.119 INFO: JdwpEventCenterDelegate: THREAD_RESUMED: thread (33, main, main)
23:52:34.131 INFO: JdwpEventCenterDelegate: THREAD_STARTED: thread (123, Thread-7, main)
23:52:38.999 INFO: JdwpEventCenterDelegate: THREAD_RESUMED: thread (33, main, main)
23:52:39.040 INFO: JdwpEventCenterDelegate: THREAD_RESUMED: thread (33, main, main)
23:52:39.065 INFO: JdwpEventCenterDelegate: THREAD_RESUMED: thread (33, main, main)
23:52:39.084 INFO: JdwpEventCenterDelegate: THREAD_RESUMED: thread (33, main, main)
23:52:39.124 INFO: JdwpEventCenterDelegate: THREAD_RESUMED: thread (33, main, main)
23:52:39.157 INFO: JdwpEventCenterDelegate: THREAD_RESUMED: thread (33, main, main)
23:52:39.174 INFO: JdwpEventCenterDelegate: THREAD_RESUMED: thread (33, main, main)
23:52:39.188 INFO: JdwpEventCenterDelegate: THREAD_RESUMED: thread (33, main, main)
23:52:39.194 INFO: JdwpEventCenterDelegate: THREAD_RESUMED: thread (33, main, main)
23:52:39.207 INFO: JdwpEventCenterDelegate: THREAD_RESUMED: thread (33, main, main)
23:52:39.238 INFO: JdwpEventCenterDelegate: THREAD_RESUMED: thread (33, main, main)
23:52:39.250 INFO: JdwpEventCenterDelegate: THREAD_RESUMED: thread (33, main, main)
23:52:39.262 INFO: JdwpEventCenterDelegate: THREAD_RESUMED: thread (33, main, main)
23:52:39.275 INFO: JdwpEventCenterDelegate: THREAD_RESUMED: thread (33, main, main)
23:52:39.310 INFO: JdwpEventCenterDelegate: THREAD_RESUMED: thread (33, main, main)
23:52:39.342 INFO: JdwpEventCenterDelegate: THREAD_RESUMED: thread (33, main, main)
23:52:39.359 INFO: JdwpEventCenterDelegate: THREAD_RESUMED: thread (33, main, main)
23:52:39.375 INFO: JdwpEventCenterDelegate: THREAD_RESUMED: thread (33, main, main)
23:52:39.381 INFO: JdwpEventCenterDelegate: THREAD_RESUMED: thread (33, main, main)
23:52:39.396 INFO: JdwpEventCenterDelegate: THREAD_RESUMED: thread (33, main, main)
23:52:39.491 INFO: JdwpEventCenterDelegate: THREAD_STARTED: thread (138, Thread-8, main)
23:52:55.726 INFO: JdwpEventCenterDelegate: THREAD_DETTACHED: thread (138, Thread-8, main)
23:53:05.411 INFO: JdwpDebugServer: handling req: VirtualMachine(1).Exit(10)
23:53:05.411 SEVERE: Debugger: Thread JDWP server socket thread crashed
org.robovm.debugger.DebuggerException: Terminating due exit command
	at org.robovm.debugger.jdwp.JdwpDebugServer.doSocketWork(JdwpDebugServer.java:211)
	at java.base/java.lang.Thread.run(Thread.java:834)
	at org.robovm.debugger.utils.DebuggerThread.run(DebuggerThread.java:42)
23:53:05.919 SEVERE: Debugger: Thread HooksChannel socket thread crashed
org.robovm.debugger.DebuggerException: java.io.IOException: org.robovm.libimobiledevice.LibIMobileDeviceException: IDEVICE_E_UNKNOWN_ERROR
	at org.robovm.debugger.hooks.HooksChannel.doSocketWork(HooksChannel.java:149)
	at java.base/java.lang.Thread.run(Thread.java:834)
	at org.robovm.debugger.utils.DebuggerThread.run(DebuggerThread.java:42)
Caused by: java.io.IOException: org.robovm.libimobiledevice.LibIMobileDeviceException: IDEVICE_E_UNKNOWN_ERROR
	at org.robovm.libimobiledevice.IDeviceConnection$DeviceInputStream.read(IDeviceConnection.java:203)
	at org.robovm.debugger.utils.bytebuffer.DataBufferWriter.writeFromStream(DataBufferWriter.java:89)
	at org.robovm.debugger.hooks.HooksChannel.doSocketWork(HooksChannel.java:116)
	... 2 more
Caused by: org.robovm.libimobiledevice.LibIMobileDeviceException: IDEVICE_E_UNKNOWN_ERROR
	at org.robovm.libimobiledevice.IDevice.checkResult(IDevice.java:206)
	at org.robovm.libimobiledevice.IDeviceConnection.receive(IDeviceConnection.java:110)
	at org.robovm.libimobiledevice.IDeviceConnection.receive(IDeviceConnection.java:81)
	at org.robovm.libimobiledevice.IDeviceConnection$DeviceInputStream.read(IDeviceConnection.java:201)
	... 4 more
