19:13:35.228 INFO: JdwpDebugServer: handling req: VirtualMachine(1).IDSizes(7)
19:13:35.229 INFO: JdwpDebugServer: handling req: EventRequest(15).Set(1)
19:13:35.229 INFO: JdwpEventCenterDelegate: jdwpSetEventRequest: JdwpEventRequest{requestId=100, eventKind=CLASS_PREPARE, suspendPolicy=NONE, predicates=[]}
19:13:35.229 INFO: JdwpDebugServer: handling req: EventRequest(15).Set(1)
19:13:35.229 INFO: JdwpEventCenterDelegate: jdwpSetEventRequest: JdwpEventRequest{requestId=101, eventKind=CLASS_UNLOAD, suspendPolicy=NONE, predicates=[]}
19:13:35.247 INFO: JdwpDebugServer: handling req: VirtualMachine(1).Version(1)
19:13:35.247 INFO: JdwpDebugServer: handling req: VirtualMachine(1).capabilitiesNew(17)
19:13:35.247 INFO: JdwpDebugServer: handling req: VirtualMachine(1).capabilities(12)
19:13:35.247 INFO: JdwpDebugServer: handling req: VirtualMachine(1).AllClassesWithGeneric(20)
19:13:35.251 INFO: JdwpDebugServer: handling req: VirtualMachine(1).TopLevelThreadGroups(5)
19:13:35.252 INFO: JdwpDebugServer: handling req: EventRequest(15).Set(1)
19:13:35.252 INFO: JdwpEventCenterDelegate: jdwpSetEventRequest: JdwpEventRequest{requestId=102, eventKind=THREAD_START, suspendPolicy=NONE, predicates=[]}
19:13:35.252 INFO: JdwpDebugServer: handling req: EventRequest(15).Set(1)
19:13:35.252 INFO: JdwpEventCenterDelegate: jdwpSetEventRequest: JdwpEventRequest{requestId=103, eventKind=THREAD_DEATH, suspendPolicy=NONE, predicates=[]}
19:13:35.254 INFO: JdwpDebugServer: handling req: EventRequest(15).Set(1)
19:13:35.254 INFO: JdwpEventCenterDelegate: jdwpSetEventRequest: JdwpEventRequest{requestId=104, eventKind=CLASS_PREPARE, suspendPolicy=EVENT_THREAD, predicates=[className=sun.instrument.InstrumentationImpl]}
19:13:35.254 INFO: JdwpDebugServer: handling req: EventRequest(15).Set(1)
19:13:35.254 INFO: JdwpEventCenterDelegate: jdwpSetEventRequest: JdwpEventRequest{requestId=105, eventKind=CLASS_PREPARE, suspendPolicy=EVENT_THREAD, predicates=[className=sun.instrument.InstrumentationImpl]}
19:13:35.850 INFO: JdwpDebugServer: handling req: VirtualMachine(1).Resume(9)
19:13:35.903 INFO: JdwpEventCenterDelegate: THREAD_STARTED: thread (33, main, main)
19:13:35.924 INFO: JdwpEventCenterDelegate: THREAD_STARTED: thread (48, ReferenceQueueDaemon, main)
19:13:35.931 INFO: JdwpEventCenterDelegate: THREAD_STARTED: thread (63, FinalizerDaemon, main)
19:13:35.937 INFO: JdwpEventCenterDelegate: THREAD_STARTED: thread (78, FinalizerWatchdogDaemon, main)
19:13:35.940 INFO: JdwpEventCenterDelegate: THREAD_RESUMED: thread (33, main, main)
19:13:35.941 INFO: JdwpEventCenterDelegate: THREAD_RESUMED: thread (33, main, main)
19:13:35.942 INFO: JdwpEventCenterDelegate: THREAD_RESUMED: thread (33, main, main)
19:13:35.943 INFO: JdwpEventCenterDelegate: THREAD_RESUMED: thread (33, main, main)
19:13:35.945 INFO: JdwpEventCenterDelegate: THREAD_RESUMED: thread (33, main, main)
19:13:35.946 INFO: JdwpEventCenterDelegate: THREAD_RESUMED: thread (33, main, main)
19:13:35.947 INFO: JdwpEventCenterDelegate: THREAD_RESUMED: thread (33, main, main)
19:13:35.948 INFO: JdwpEventCenterDelegate: THREAD_RESUMED: thread (33, main, main)
19:13:35.950 INFO: JdwpEventCenterDelegate: THREAD_RESUMED: thread (33, main, main)
19:13:35.951 INFO: JdwpEventCenterDelegate: THREAD_RESUMED: thread (33, main, main)
19:13:35.952 INFO: JdwpEventCenterDelegate: THREAD_RESUMED: thread (33, main, main)
19:13:35.953 INFO: JdwpEventCenterDelegate: THREAD_RESUMED: thread (33, main, main)
19:13:35.955 INFO: JdwpEventCenterDelegate: THREAD_RESUMED: thread (33, main, main)
19:13:35.956 INFO: JdwpEventCenterDelegate: THREAD_RESUMED: thread (33, main, main)
19:13:35.957 INFO: JdwpEventCenterDelegate: THREAD_RESUMED: thread (33, main, main)
19:13:35.958 INFO: JdwpEventCenterDelegate: THREAD_RESUMED: thread (33, main, main)
19:13:35.959 INFO: JdwpEventCenterDelegate: THREAD_RESUMED: thread (33, main, main)
19:13:35.961 INFO: JdwpEventCenterDelegate: THREAD_RESUMED: thread (33, main, main)
19:13:35.964 INFO: JdwpEventCenterDelegate: THREAD_RESUMED: thread (33, main, main)
19:13:35.965 INFO: JdwpEventCenterDelegate: THREAD_RESUMED: thread (33, main, main)
19:13:35.967 INFO: JdwpEventCenterDelegate: THREAD_RESUMED: thread (33, main, main)
19:13:35.968 INFO: JdwpEventCenterDelegate: THREAD_RESUMED: thread (33, main, main)
19:13:35.969 INFO: JdwpEventCenterDelegate: THREAD_RESUMED: thread (33, main, main)
19:13:35.970 INFO: JdwpEventCenterDelegate: THREAD_RESUMED: thread (33, main, main)
19:13:35.972 INFO: JdwpEventCenterDelegate: THREAD_RESUMED: thread (33, main, main)
19:13:36.002 INFO: JdwpEventCenterDelegate: THREAD_RESUMED: thread (33, main, main)
19:13:36.004 INFO: JdwpEventCenterDelegate: THREAD_RESUMED: thread (33, main, main)
19:13:36.005 INFO: JdwpEventCenterDelegate: THREAD_RESUMED: thread (33, main, main)
19:13:36.006 INFO: JdwpEventCenterDelegate: THREAD_RESUMED: thread (33, main, main)
19:13:36.008 INFO: JdwpEventCenterDelegate: THREAD_RESUMED: thread (33, main, main)
19:13:36.010 INFO: JdwpEventCenterDelegate: THREAD_RESUMED: thread (33, main, main)
19:13:36.011 INFO: JdwpEventCenterDelegate: THREAD_RESUMED: thread (33, main, main)
19:13:36.013 INFO: JdwpEventCenterDelegate: THREAD_RESUMED: thread (33, main, main)
19:13:36.014 INFO: JdwpEventCenterDelegate: THREAD_RESUMED: thread (33, main, main)
19:13:36.015 INFO: JdwpEventCenterDelegate: THREAD_RESUMED: thread (33, main, main)
19:13:36.017 INFO: JdwpEventCenterDelegate: THREAD_RESUMED: thread (33, main, main)
19:13:36.018 INFO: JdwpEventCenterDelegate: THREAD_RESUMED: thread (33, main, main)
19:13:36.020 INFO: JdwpEventCenterDelegate: THREAD_RESUMED: thread (33, main, main)
19:13:36.021 INFO: JdwpEventCenterDelegate: THREAD_RESUMED: thread (33, main, main)
19:13:36.037 INFO: JdwpEventCenterDelegate: THREAD_RESUMED: thread (33, main, main)
19:13:36.039 INFO: JdwpEventCenterDelegate: THREAD_RESUMED: thread (33, main, main)
19:13:36.040 INFO: JdwpEventCenterDelegate: THREAD_RESUMED: thread (33, main, main)
19:13:36.041 INFO: JdwpEventCenterDelegate: THREAD_RESUMED: thread (33, main, main)
19:13:36.043 INFO: JdwpEventCenterDelegate: THREAD_RESUMED: thread (33, main, main)
19:13:36.045 INFO: JdwpEventCenterDelegate: THREAD_RESUMED: thread (33, main, main)
19:13:36.046 INFO: JdwpEventCenterDelegate: THREAD_RESUMED: thread (33, main, main)
19:13:36.068 INFO: JdwpEventCenterDelegate: THREAD_RESUMED: thread (33, main, main)
19:13:36.070 INFO: JdwpEventCenterDelegate: THREAD_RESUMED: thread (33, main, main)
19:13:36.072 INFO: JdwpEventCenterDelegate: THREAD_RESUMED: thread (33, main, main)
19:13:36.073 INFO: JdwpEventCenterDelegate: THREAD_RESUMED: thread (33, main, main)
19:13:36.075 INFO: JdwpEventCenterDelegate: THREAD_RESUMED: thread (33, main, main)
19:13:36.077 INFO: JdwpEventCenterDelegate: THREAD_RESUMED: thread (33, main, main)
19:13:36.078 INFO: JdwpEventCenterDelegate: THREAD_RESUMED: thread (33, main, main)
19:13:36.106 INFO: JdwpEventCenterDelegate: THREAD_RESUMED: thread (33, main, main)
19:13:36.108 INFO: JdwpEventCenterDelegate: THREAD_RESUMED: thread (33, main, main)
19:13:36.109 INFO: JdwpEventCenterDelegate: THREAD_RESUMED: thread (33, main, main)
19:13:36.111 INFO: JdwpEventCenterDelegate: THREAD_RESUMED: thread (33, main, main)
19:13:36.113 INFO: JdwpEventCenterDelegate: THREAD_RESUMED: thread (33, main, main)
19:13:36.114 INFO: JdwpEventCenterDelegate: THREAD_RESUMED: thread (33, main, main)
19:13:36.115 INFO: JdwpEventCenterDelegate: THREAD_RESUMED: thread (33, main, main)
19:13:36.130 INFO: JdwpEventCenterDelegate: THREAD_RESUMED: thread (33, main, main)
19:13:36.132 INFO: JdwpEventCenterDelegate: THREAD_RESUMED: thread (33, main, main)
19:13:36.133 INFO: JdwpEventCenterDelegate: THREAD_RESUMED: thread (33, main, main)
19:13:36.135 INFO: JdwpEventCenterDelegate: THREAD_RESUMED: thread (33, main, main)
19:13:36.137 INFO: JdwpEventCenterDelegate: THREAD_RESUMED: thread (33, main, main)
19:13:36.138 INFO: JdwpEventCenterDelegate: THREAD_RESUMED: thread (33, main, main)
19:13:36.139 INFO: JdwpEventCenterDelegate: THREAD_RESUMED: thread (33, main, main)
19:13:36.149 INFO: JdwpEventCenterDelegate: THREAD_RESUMED: thread (33, main, main)
19:13:36.150 INFO: JdwpEventCenterDelegate: THREAD_RESUMED: thread (33, main, main)
19:13:36.152 INFO: JdwpEventCenterDelegate: THREAD_RESUMED: thread (33, main, main)
19:13:36.154 INFO: JdwpEventCenterDelegate: THREAD_RESUMED: thread (33, main, main)
19:13:36.155 INFO: JdwpEventCenterDelegate: THREAD_RESUMED: thread (33, main, main)
19:13:36.157 INFO: JdwpEventCenterDelegate: THREAD_RESUMED: thread (33, main, main)
19:13:36.158 INFO: JdwpEventCenterDelegate: THREAD_RESUMED: thread (33, main, main)
19:13:36.159 INFO: JdwpEventCenterDelegate: THREAD_RESUMED: thread (33, main, main)
19:13:36.161 INFO: JdwpEventCenterDelegate: THREAD_RESUMED: thread (33, main, main)
19:13:36.162 INFO: JdwpEventCenterDelegate: THREAD_RESUMED: thread (33, main, main)
19:13:36.163 INFO: JdwpEventCenterDelegate: THREAD_RESUMED: thread (33, main, main)
19:13:36.165 INFO: JdwpEventCenterDelegate: THREAD_RESUMED: thread (33, main, main)
19:13:36.166 INFO: JdwpEventCenterDelegate: THREAD_RESUMED: thread (33, main, main)
19:13:36.168 INFO: JdwpEventCenterDelegate: THREAD_RESUMED: thread (33, main, main)
19:13:36.169 INFO: JdwpEventCenterDelegate: THREAD_RESUMED: thread (33, main, main)
19:13:36.170 INFO: JdwpEventCenterDelegate: THREAD_RESUMED: thread (33, main, main)
19:13:36.171 INFO: JdwpEventCenterDelegate: THREAD_RESUMED: thread (33, main, main)
19:13:36.172 INFO: JdwpEventCenterDelegate: THREAD_RESUMED: thread (33, main, main)
19:13:36.175 INFO: JdwpEventCenterDelegate: THREAD_RESUMED: thread (33, main, main)
19:13:36.176 INFO: JdwpEventCenterDelegate: THREAD_RESUMED: thread (33, main, main)
19:13:36.311 INFO: JdwpEventCenterDelegate: THREAD_STARTED: thread (93, AssetManager, main)
19:13:36.417 INFO: JdwpEventCenterDelegate: THREAD_RESUMED: thread (33, main, main)
19:13:36.419 INFO: JdwpEventCenterDelegate: THREAD_RESUMED: thread (33, main, main)
19:13:38.984 INFO: JdwpEventCenterDelegate: THREAD_RESUMED: thread (33, main, main)
19:13:39.086 INFO: JdwpEventCenterDelegate: THREAD_RESUMED: thread (33, main, main)
19:13:39.088 INFO: JdwpEventCenterDelegate: THREAD_RESUMED: thread (33, main, main)
19:13:39.089 INFO: JdwpEventCenterDelegate: THREAD_RESUMED: thread (33, main, main)
19:13:39.091 INFO: JdwpEventCenterDelegate: THREAD_RESUMED: thread (33, main, main)
19:13:39.092 INFO: JdwpEventCenterDelegate: THREAD_RESUMED: thread (33, main, main)
19:13:39.098 INFO: JdwpEventCenterDelegate: THREAD_RESUMED: thread (33, main, main)
19:13:39.110 INFO: JdwpEventCenterDelegate: THREAD_RESUMED: thread (33, main, main)
19:13:39.113 INFO: JdwpEventCenterDelegate: THREAD_RESUMED: thread (33, main, main)
19:13:39.115 INFO: JdwpEventCenterDelegate: THREAD_RESUMED: thread (33, main, main)
19:13:39.117 INFO: JdwpEventCenterDelegate: THREAD_RESUMED: thread (33, main, main)
19:13:39.120 INFO: JdwpEventCenterDelegate: THREAD_RESUMED: thread (33, main, main)
19:13:39.125 INFO: JdwpEventCenterDelegate: THREAD_RESUMED: thread (33, main, main)
19:13:39.139 INFO: JdwpEventCenterDelegate: THREAD_RESUMED: thread (33, main, main)
19:13:39.142 INFO: JdwpEventCenterDelegate: THREAD_RESUMED: thread (33, main, main)
19:13:39.144 INFO: JdwpEventCenterDelegate: THREAD_RESUMED: thread (33, main, main)
19:13:39.146 INFO: JdwpEventCenterDelegate: THREAD_RESUMED: thread (33, main, main)
19:13:39.149 INFO: JdwpEventCenterDelegate: THREAD_RESUMED: thread (33, main, main)
19:13:39.154 INFO: JdwpEventCenterDelegate: THREAD_RESUMED: thread (33, main, main)
19:13:39.172 INFO: JdwpEventCenterDelegate: THREAD_RESUMED: thread (33, main, main)
19:13:39.174 INFO: JdwpEventCenterDelegate: THREAD_RESUMED: thread (33, main, main)
19:13:39.177 INFO: JdwpEventCenterDelegate: THREAD_RESUMED: thread (33, main, main)
19:13:39.179 INFO: JdwpEventCenterDelegate: THREAD_RESUMED: thread (33, main, main)
19:13:39.181 INFO: JdwpEventCenterDelegate: THREAD_RESUMED: thread (33, main, main)
19:13:39.186 INFO: JdwpEventCenterDelegate: THREAD_RESUMED: thread (33, main, main)
19:13:39.201 INFO: JdwpEventCenterDelegate: THREAD_RESUMED: thread (33, main, main)
19:13:39.204 INFO: JdwpEventCenterDelegate: THREAD_RESUMED: thread (33, main, main)
19:13:39.206 INFO: JdwpEventCenterDelegate: THREAD_RESUMED: thread (33, main, main)
19:13:39.208 INFO: JdwpEventCenterDelegate: THREAD_RESUMED: thread (33, main, main)
19:13:39.210 INFO: JdwpEventCenterDelegate: THREAD_RESUMED: thread (33, main, main)
19:13:39.215 INFO: JdwpEventCenterDelegate: THREAD_RESUMED: thread (33, main, main)
19:13:39.230 INFO: JdwpEventCenterDelegate: THREAD_RESUMED: thread (33, main, main)
19:13:39.232 INFO: JdwpEventCenterDelegate: THREAD_RESUMED: thread (33, main, main)
19:13:39.235 INFO: JdwpEventCenterDelegate: THREAD_RESUMED: thread (33, main, main)
19:13:39.237 INFO: JdwpEventCenterDelegate: THREAD_RESUMED: thread (33, main, main)
19:13:39.239 INFO: JdwpEventCenterDelegate: THREAD_RESUMED: thread (33, main, main)
19:13:39.244 INFO: JdwpEventCenterDelegate: THREAD_RESUMED: thread (33, main, main)
19:13:39.263 INFO: JdwpEventCenterDelegate: THREAD_RESUMED: thread (33, main, main)
19:13:39.266 INFO: JdwpEventCenterDelegate: THREAD_RESUMED: thread (33, main, main)
19:13:39.268 INFO: JdwpEventCenterDelegate: THREAD_RESUMED: thread (33, main, main)
19:13:39.271 INFO: JdwpEventCenterDelegate: THREAD_RESUMED: thread (33, main, main)
19:13:39.273 INFO: JdwpEventCenterDelegate: THREAD_RESUMED: thread (33, main, main)
19:13:39.278 INFO: JdwpEventCenterDelegate: THREAD_RESUMED: thread (33, main, main)
19:13:39.298 INFO: JdwpEventCenterDelegate: THREAD_RESUMED: thread (33, main, main)
19:13:39.300 INFO: JdwpEventCenterDelegate: THREAD_RESUMED: thread (33, main, main)
19:13:39.302 INFO: JdwpEventCenterDelegate: THREAD_RESUMED: thread (33, main, main)
19:13:39.304 INFO: JdwpEventCenterDelegate: THREAD_RESUMED: thread (33, main, main)
19:13:39.307 INFO: JdwpEventCenterDelegate: THREAD_RESUMED: thread (33, main, main)
19:13:39.312 INFO: JdwpEventCenterDelegate: THREAD_RESUMED: thread (33, main, main)
19:13:39.330 INFO: JdwpEventCenterDelegate: THREAD_RESUMED: thread (33, main, main)
19:13:39.333 INFO: JdwpEventCenterDelegate: THREAD_RESUMED: thread (33, main, main)
19:13:39.335 INFO: JdwpEventCenterDelegate: THREAD_RESUMED: thread (33, main, main)
19:13:39.338 INFO: JdwpEventCenterDelegate: THREAD_RESUMED: thread (33, main, main)
19:13:39.340 INFO: JdwpEventCenterDelegate: THREAD_RESUMED: thread (33, main, main)
19:13:39.345 INFO: JdwpEventCenterDelegate: THREAD_RESUMED: thread (33, main, main)
19:13:39.364 INFO: JdwpEventCenterDelegate: THREAD_RESUMED: thread (33, main, main)
19:13:39.366 INFO: JdwpEventCenterDelegate: THREAD_RESUMED: thread (33, main, main)
19:13:39.368 INFO: JdwpEventCenterDelegate: THREAD_RESUMED: thread (33, main, main)
19:13:39.370 INFO: JdwpEventCenterDelegate: THREAD_RESUMED: thread (33, main, main)
19:13:39.373 INFO: JdwpEventCenterDelegate: THREAD_RESUMED: thread (33, main, main)
19:13:39.377 INFO: JdwpEventCenterDelegate: THREAD_RESUMED: thread (33, main, main)
19:13:39.393 INFO: JdwpEventCenterDelegate: THREAD_RESUMED: thread (33, main, main)
19:13:39.395 INFO: JdwpEventCenterDelegate: THREAD_RESUMED: thread (33, main, main)
19:13:39.397 INFO: JdwpEventCenterDelegate: THREAD_RESUMED: thread (33, main, main)
19:13:39.400 INFO: JdwpEventCenterDelegate: THREAD_RESUMED: thread (33, main, main)
19:13:39.402 INFO: JdwpEventCenterDelegate: THREAD_RESUMED: thread (33, main, main)
19:13:39.407 INFO: JdwpEventCenterDelegate: THREAD_RESUMED: thread (33, main, main)
19:13:39.427 INFO: JdwpEventCenterDelegate: THREAD_RESUMED: thread (33, main, main)
19:13:39.430 INFO: JdwpEventCenterDelegate: THREAD_RESUMED: thread (33, main, main)
19:13:39.432 INFO: JdwpEventCenterDelegate: THREAD_RESUMED: thread (33, main, main)
19:13:39.434 INFO: JdwpEventCenterDelegate: THREAD_RESUMED: thread (33, main, main)
19:13:39.437 INFO: JdwpEventCenterDelegate: THREAD_RESUMED: thread (33, main, main)
19:13:39.441 INFO: JdwpEventCenterDelegate: THREAD_RESUMED: thread (33, main, main)
19:13:39.464 INFO: JdwpEventCenterDelegate: THREAD_RESUMED: thread (33, main, main)
19:13:39.466 INFO: JdwpEventCenterDelegate: THREAD_RESUMED: thread (33, main, main)
19:13:39.468 INFO: JdwpEventCenterDelegate: THREAD_RESUMED: thread (33, main, main)
19:13:39.470 INFO: JdwpEventCenterDelegate: THREAD_RESUMED: thread (33, main, main)
19:13:39.473 INFO: JdwpEventCenterDelegate: THREAD_RESUMED: thread (33, main, main)
19:13:39.478 INFO: JdwpEventCenterDelegate: THREAD_RESUMED: thread (33, main, main)
19:13:39.497 INFO: JdwpEventCenterDelegate: THREAD_RESUMED: thread (33, main, main)
19:13:39.499 INFO: JdwpEventCenterDelegate: THREAD_RESUMED: thread (33, main, main)
19:13:39.501 INFO: JdwpEventCenterDelegate: THREAD_RESUMED: thread (33, main, main)
19:13:39.503 INFO: JdwpEventCenterDelegate: THREAD_RESUMED: thread (33, main, main)
19:13:39.505 INFO: JdwpEventCenterDelegate: THREAD_RESUMED: thread (33, main, main)
19:13:39.510 INFO: JdwpEventCenterDelegate: THREAD_RESUMED: thread (33, main, main)
19:13:39.524 INFO: JdwpEventCenterDelegate: THREAD_RESUMED: thread (33, main, main)
19:13:39.526 INFO: JdwpEventCenterDelegate: THREAD_RESUMED: thread (33, main, main)
19:13:39.529 INFO: JdwpEventCenterDelegate: THREAD_RESUMED: thread (33, main, main)
19:13:39.531 INFO: JdwpEventCenterDelegate: THREAD_RESUMED: thread (33, main, main)
19:13:39.534 INFO: JdwpEventCenterDelegate: THREAD_RESUMED: thread (33, main, main)
19:13:39.539 INFO: JdwpEventCenterDelegate: THREAD_RESUMED: thread (33, main, main)
19:13:39.541 INFO: JdwpEventCenterDelegate: THREAD_RESUMED: thread (33, main, main)
19:13:39.544 INFO: JdwpEventCenterDelegate: THREAD_RESUMED: thread (33, main, main)
19:13:39.546 INFO: JdwpEventCenterDelegate: THREAD_RESUMED: thread (33, main, main)
19:13:39.548 INFO: JdwpEventCenterDelegate: THREAD_RESUMED: thread (33, main, main)
19:13:39.550 INFO: JdwpEventCenterDelegate: THREAD_RESUMED: thread (33, main, main)
19:13:39.553 INFO: JdwpEventCenterDelegate: THREAD_RESUMED: thread (33, main, main)
19:13:39.557 INFO: JdwpEventCenterDelegate: THREAD_RESUMED: thread (33, main, main)
19:13:39.559 INFO: JdwpEventCenterDelegate: THREAD_RESUMED: thread (33, main, main)
19:13:39.561 INFO: JdwpEventCenterDelegate: THREAD_RESUMED: thread (33, main, main)
19:13:39.563 INFO: JdwpEventCenterDelegate: THREAD_RESUMED: thread (33, main, main)
19:13:39.574 INFO: JdwpEventCenterDelegate: THREAD_RESUMED: thread (33, main, main)
19:13:39.576 INFO: JdwpEventCenterDelegate: THREAD_RESUMED: thread (33, main, main)
19:13:39.578 INFO: JdwpEventCenterDelegate: THREAD_RESUMED: thread (33, main, main)
19:13:39.580 INFO: JdwpEventCenterDelegate: THREAD_RESUMED: thread (33, main, main)
19:13:39.582 INFO: JdwpEventCenterDelegate: THREAD_RESUMED: thread (33, main, main)
19:13:39.584 INFO: JdwpEventCenterDelegate: THREAD_RESUMED: thread (33, main, main)
19:13:39.585 INFO: JdwpEventCenterDelegate: THREAD_RESUMED: thread (33, main, main)
19:13:39.600 INFO: JdwpEventCenterDelegate: THREAD_RESUMED: thread (33, main, main)
19:13:39.601 INFO: JdwpEventCenterDelegate: THREAD_RESUMED: thread (33, main, main)
19:13:39.603 INFO: JdwpEventCenterDelegate: THREAD_RESUMED: thread (33, main, main)
19:13:39.604 INFO: JdwpEventCenterDelegate: THREAD_RESUMED: thread (33, main, main)
19:13:39.607 INFO: JdwpEventCenterDelegate: THREAD_RESUMED: thread (33, main, main)
19:13:39.612 INFO: JdwpEventCenterDelegate: THREAD_RESUMED: thread (33, main, main)
19:13:39.625 INFO: JdwpEventCenterDelegate: THREAD_RESUMED: thread (33, main, main)
19:13:39.638 INFO: JdwpEventCenterDelegate: THREAD_RESUMED: thread (33, main, main)
19:13:39.649 INFO: JdwpEventCenterDelegate: THREAD_RESUMED: thread (33, main, main)
19:13:39.662 INFO: JdwpEventCenterDelegate: THREAD_RESUMED: thread (33, main, main)
19:13:39.696 INFO: JdwpEventCenterDelegate: THREAD_RESUMED: thread (33, main, main)
19:13:39.698 INFO: JdwpEventCenterDelegate: THREAD_RESUMED: thread (33, main, main)
19:13:39.701 INFO: JdwpEventCenterDelegate: THREAD_RESUMED: thread (33, main, main)
19:13:39.703 INFO: JdwpEventCenterDelegate: THREAD_RESUMED: thread (33, main, main)
19:13:39.705 INFO: JdwpEventCenterDelegate: THREAD_RESUMED: thread (33, main, main)
19:13:39.711 INFO: JdwpEventCenterDelegate: THREAD_RESUMED: thread (33, main, main)
19:13:39.722 INFO: JdwpEventCenterDelegate: THREAD_RESUMED: thread (33, main, main)
19:13:39.725 INFO: JdwpEventCenterDelegate: THREAD_RESUMED: thread (33, main, main)
19:13:39.727 INFO: JdwpEventCenterDelegate: THREAD_RESUMED: thread (33, main, main)
19:13:39.729 INFO: JdwpEventCenterDelegate: THREAD_RESUMED: thread (33, main, main)
19:13:39.732 INFO: JdwpEventCenterDelegate: THREAD_RESUMED: thread (33, main, main)
19:13:39.737 INFO: JdwpEventCenterDelegate: THREAD_RESUMED: thread (33, main, main)
19:13:39.751 INFO: JdwpEventCenterDelegate: THREAD_RESUMED: thread (33, main, main)
19:13:39.753 INFO: JdwpEventCenterDelegate: THREAD_RESUMED: thread (33, main, main)
19:13:39.755 INFO: JdwpEventCenterDelegate: THREAD_RESUMED: thread (33, main, main)
19:13:39.758 INFO: JdwpEventCenterDelegate: THREAD_RESUMED: thread (33, main, main)
19:13:39.760 INFO: JdwpEventCenterDelegate: THREAD_RESUMED: thread (33, main, main)
19:13:39.765 INFO: JdwpEventCenterDelegate: THREAD_RESUMED: thread (33, main, main)
19:13:39.783 INFO: JdwpEventCenterDelegate: THREAD_RESUMED: thread (33, main, main)
19:13:39.785 INFO: JdwpEventCenterDelegate: THREAD_RESUMED: thread (33, main, main)
19:13:39.787 INFO: JdwpEventCenterDelegate: THREAD_RESUMED: thread (33, main, main)
19:13:39.789 INFO: JdwpEventCenterDelegate: THREAD_RESUMED: thread (33, main, main)
19:13:39.792 INFO: JdwpEventCenterDelegate: THREAD_RESUMED: thread (33, main, main)
19:13:39.797 INFO: JdwpEventCenterDelegate: THREAD_RESUMED: thread (33, main, main)
19:13:39.812 INFO: JdwpEventCenterDelegate: THREAD_RESUMED: thread (33, main, main)
19:13:39.814 INFO: JdwpEventCenterDelegate: THREAD_RESUMED: thread (33, main, main)
19:13:39.816 INFO: JdwpEventCenterDelegate: THREAD_RESUMED: thread (33, main, main)
19:13:39.818 INFO: JdwpEventCenterDelegate: THREAD_RESUMED: thread (33, main, main)
19:13:39.820 INFO: JdwpEventCenterDelegate: THREAD_RESUMED: thread (33, main, main)
19:13:39.825 INFO: JdwpEventCenterDelegate: THREAD_RESUMED: thread (33, main, main)
19:13:39.839 INFO: JdwpEventCenterDelegate: THREAD_RESUMED: thread (33, main, main)
19:13:39.842 INFO: JdwpEventCenterDelegate: THREAD_RESUMED: thread (33, main, main)
19:13:39.844 INFO: JdwpEventCenterDelegate: THREAD_RESUMED: thread (33, main, main)
19:13:39.846 INFO: JdwpEventCenterDelegate: THREAD_RESUMED: thread (33, main, main)
19:13:39.848 INFO: JdwpEventCenterDelegate: THREAD_RESUMED: thread (33, main, main)
19:13:39.853 INFO: JdwpEventCenterDelegate: THREAD_RESUMED: thread (33, main, main)
19:13:39.874 INFO: JdwpEventCenterDelegate: THREAD_RESUMED: thread (33, main, main)
19:13:39.877 INFO: JdwpEventCenterDelegate: THREAD_RESUMED: thread (33, main, main)
19:13:39.879 INFO: JdwpEventCenterDelegate: THREAD_RESUMED: thread (33, main, main)
19:13:39.881 INFO: JdwpEventCenterDelegate: THREAD_RESUMED: thread (33, main, main)
19:13:39.883 INFO: JdwpEventCenterDelegate: THREAD_RESUMED: thread (33, main, main)
19:13:39.888 INFO: JdwpEventCenterDelegate: THREAD_RESUMED: thread (33, main, main)
19:13:39.906 INFO: JdwpEventCenterDelegate: THREAD_RESUMED: thread (33, main, main)
19:13:39.908 INFO: JdwpEventCenterDelegate: THREAD_RESUMED: thread (33, main, main)
19:13:39.911 INFO: JdwpEventCenterDelegate: THREAD_RESUMED: thread (33, main, main)
19:13:39.913 INFO: JdwpEventCenterDelegate: THREAD_RESUMED: thread (33, main, main)
19:13:39.915 INFO: JdwpEventCenterDelegate: THREAD_RESUMED: thread (33, main, main)
19:13:39.920 INFO: JdwpEventCenterDelegate: THREAD_RESUMED: thread (33, main, main)
19:13:39.938 INFO: JdwpEventCenterDelegate: THREAD_RESUMED: thread (33, main, main)
19:13:39.940 INFO: JdwpEventCenterDelegate: THREAD_RESUMED: thread (33, main, main)
19:13:39.942 INFO: JdwpEventCenterDelegate: THREAD_RESUMED: thread (33, main, main)
19:13:39.944 INFO: JdwpEventCenterDelegate: THREAD_RESUMED: thread (33, main, main)
19:13:39.947 INFO: JdwpEventCenterDelegate: THREAD_RESUMED: thread (33, main, main)
19:13:39.952 INFO: JdwpEventCenterDelegate: THREAD_RESUMED: thread (33, main, main)
19:13:39.967 INFO: JdwpEventCenterDelegate: THREAD_RESUMED: thread (33, main, main)
19:13:39.969 INFO: JdwpEventCenterDelegate: THREAD_RESUMED: thread (33, main, main)
19:13:39.972 INFO: JdwpEventCenterDelegate: THREAD_RESUMED: thread (33, main, main)
19:13:39.974 INFO: JdwpEventCenterDelegate: THREAD_RESUMED: thread (33, main, main)
19:13:39.976 INFO: JdwpEventCenterDelegate: THREAD_RESUMED: thread (33, main, main)
19:13:39.981 INFO: JdwpEventCenterDelegate: THREAD_RESUMED: thread (33, main, main)
19:13:39.995 INFO: JdwpEventCenterDelegate: THREAD_RESUMED: thread (33, main, main)
19:13:39.997 INFO: JdwpEventCenterDelegate: THREAD_RESUMED: thread (33, main, main)
19:13:40.000 INFO: JdwpEventCenterDelegate: THREAD_RESUMED: thread (33, main, main)
19:13:40.002 INFO: JdwpEventCenterDelegate: THREAD_RESUMED: thread (33, main, main)
19:13:40.004 INFO: JdwpEventCenterDelegate: THREAD_RESUMED: thread (33, main, main)
19:13:40.009 INFO: JdwpEventCenterDelegate: THREAD_RESUMED: thread (33, main, main)
19:13:40.027 INFO: JdwpEventCenterDelegate: THREAD_RESUMED: thread (33, main, main)
19:13:40.029 INFO: JdwpEventCenterDelegate: THREAD_RESUMED: thread (33, main, main)
19:13:40.031 INFO: JdwpEventCenterDelegate: THREAD_RESUMED: thread (33, main, main)
19:13:40.034 INFO: JdwpEventCenterDelegate: THREAD_RESUMED: thread (33, main, main)
19:13:40.036 INFO: JdwpEventCenterDelegate: THREAD_RESUMED: thread (33, main, main)
19:13:40.041 INFO: JdwpEventCenterDelegate: THREAD_RESUMED: thread (33, main, main)
19:13:40.065 INFO: JdwpEventCenterDelegate: THREAD_RESUMED: thread (33, main, main)
19:13:40.068 INFO: JdwpEventCenterDelegate: THREAD_RESUMED: thread (33, main, main)
19:13:40.070 INFO: JdwpEventCenterDelegate: THREAD_RESUMED: thread (33, main, main)
19:13:40.072 INFO: JdwpEventCenterDelegate: THREAD_RESUMED: thread (33, main, main)
19:13:40.074 INFO: JdwpEventCenterDelegate: THREAD_RESUMED: thread (33, main, main)
19:13:40.078 INFO: JdwpEventCenterDelegate: THREAD_RESUMED: thread (33, main, main)
19:13:40.096 INFO: JdwpEventCenterDelegate: THREAD_RESUMED: thread (33, main, main)
19:13:40.098 INFO: JdwpEventCenterDelegate: THREAD_RESUMED: thread (33, main, main)
19:13:40.101 INFO: JdwpEventCenterDelegate: THREAD_RESUMED: thread (33, main, main)
19:13:40.103 INFO: JdwpEventCenterDelegate: THREAD_RESUMED: thread (33, main, main)
19:13:40.105 INFO: JdwpEventCenterDelegate: THREAD_RESUMED: thread (33, main, main)
19:13:40.110 INFO: JdwpEventCenterDelegate: THREAD_RESUMED: thread (33, main, main)
19:13:40.122 INFO: JdwpEventCenterDelegate: THREAD_RESUMED: thread (33, main, main)
19:13:40.125 INFO: JdwpEventCenterDelegate: THREAD_RESUMED: thread (33, main, main)
19:13:40.126 INFO: JdwpEventCenterDelegate: THREAD_RESUMED: thread (33, main, main)
19:13:40.128 INFO: JdwpEventCenterDelegate: THREAD_RESUMED: thread (33, main, main)
19:13:40.130 INFO: JdwpEventCenterDelegate: THREAD_RESUMED: thread (33, main, main)
19:19:27.087 INFO: JdwpEventCenterDelegate: THREAD_STARTED: thread (108, Timer, main)
19:19:27.884 INFO: JdwpEventCenterDelegate: THREAD_RESUMED: thread (33, main, main)
19:19:27.913 INFO: JdwpEventCenterDelegate: THREAD_RESUMED: thread (33, main, main)
19:19:27.934 INFO: JdwpEventCenterDelegate: THREAD_RESUMED: thread (33, main, main)
19:19:27.952 INFO: JdwpEventCenterDelegate: THREAD_RESUMED: thread (33, main, main)
19:19:27.994 INFO: JdwpEventCenterDelegate: THREAD_RESUMED: thread (33, main, main)
19:19:28.027 INFO: JdwpEventCenterDelegate: THREAD_RESUMED: thread (33, main, main)
19:19:28.044 INFO: JdwpEventCenterDelegate: THREAD_RESUMED: thread (33, main, main)
19:19:28.059 INFO: JdwpEventCenterDelegate: THREAD_RESUMED: thread (33, main, main)
19:19:28.066 INFO: JdwpEventCenterDelegate: THREAD_RESUMED: thread (33, main, main)
19:19:28.080 INFO: JdwpEventCenterDelegate: THREAD_RESUMED: thread (33, main, main)
19:19:28.111 INFO: JdwpEventCenterDelegate: THREAD_RESUMED: thread (33, main, main)
19:19:28.123 INFO: JdwpEventCenterDelegate: THREAD_RESUMED: thread (33, main, main)
19:19:28.136 INFO: JdwpEventCenterDelegate: THREAD_RESUMED: thread (33, main, main)
19:19:28.148 INFO: JdwpEventCenterDelegate: THREAD_RESUMED: thread (33, main, main)
19:19:28.183 INFO: JdwpEventCenterDelegate: THREAD_RESUMED: thread (33, main, main)
19:19:28.216 INFO: JdwpEventCenterDelegate: THREAD_RESUMED: thread (33, main, main)
19:19:28.232 INFO: JdwpEventCenterDelegate: THREAD_RESUMED: thread (33, main, main)
19:19:28.246 INFO: JdwpEventCenterDelegate: THREAD_RESUMED: thread (33, main, main)
19:19:28.252 INFO: JdwpEventCenterDelegate: THREAD_RESUMED: thread (33, main, main)
19:19:28.266 INFO: JdwpEventCenterDelegate: THREAD_RESUMED: thread (33, main, main)
19:19:31.225 INFO: JdwpEventCenterDelegate: THREAD_DETTACHED: thread (93, AssetManager, main)
19:19:31.230 INFO: JdwpEventCenterDelegate: THREAD_RESUMED: thread (33, main, main)
19:19:31.232 INFO: JdwpEventCenterDelegate: THREAD_RESUMED: thread (33, main, main)
19:19:31.235 INFO: JdwpEventCenterDelegate: THREAD_RESUMED: thread (33, main, main)
19:19:31.237 INFO: JdwpEventCenterDelegate: THREAD_RESUMED: thread (33, main, main)
19:19:31.238 INFO: JdwpEventCenterDelegate: THREAD_RESUMED: thread (33, main, main)
19:19:31.240 INFO: JdwpEventCenterDelegate: THREAD_RESUMED: thread (33, main, main)
19:19:31.243 INFO: JdwpEventCenterDelegate: THREAD_RESUMED: thread (33, main, main)
19:19:31.246 INFO: JdwpEventCenterDelegate: THREAD_RESUMED: thread (33, main, main)
19:19:31.248 INFO: JdwpEventCenterDelegate: THREAD_RESUMED: thread (33, main, main)
19:19:31.249 INFO: JdwpEventCenterDelegate: THREAD_RESUMED: thread (33, main, main)
19:19:31.251 INFO: JdwpEventCenterDelegate: THREAD_RESUMED: thread (33, main, main)
19:19:31.254 INFO: JdwpEventCenterDelegate: THREAD_RESUMED: thread (33, main, main)
19:19:31.256 INFO: JdwpEventCenterDelegate: THREAD_RESUMED: thread (33, main, main)
19:19:31.258 INFO: JdwpEventCenterDelegate: THREAD_RESUMED: thread (33, main, main)
19:19:31.261 INFO: JdwpEventCenterDelegate: THREAD_RESUMED: thread (33, main, main)
19:19:31.264 INFO: JdwpEventCenterDelegate: THREAD_RESUMED: thread (33, main, main)
19:19:31.381 SEVERE: Debugger: Thread HooksChannel socket thread crashed
org.robovm.debugger.DebuggerException: java.io.IOException: org.robovm.libimobiledevice.LibIMobileDeviceException: IDEVICE_E_UNKNOWN_ERROR
	at org.robovm.debugger.hooks.HooksChannel.doSocketWork(HooksChannel.java:149)
	at java.base/java.lang.Thread.run(Thread.java:834)
	at org.robovm.debugger.utils.DebuggerThread.run(DebuggerThread.java:42)
Caused by: java.io.IOException: org.robovm.libimobiledevice.LibIMobileDeviceException: IDEVICE_E_UNKNOWN_ERROR
	at org.robovm.libimobiledevice.IDeviceConnection$DeviceInputStream.read(IDeviceConnection.java:203)
	at org.robovm.debugger.utils.bytebuffer.DataBufferWriter.writeFromStream(DataBufferWriter.java:89)
	at org.robovm.debugger.hooks.HooksChannel.doSocketWork(HooksChannel.java:116)
	... 2 more
Caused by: org.robovm.libimobiledevice.LibIMobileDeviceException: IDEVICE_E_UNKNOWN_ERROR
	at org.robovm.libimobiledevice.IDevice.checkResult(IDevice.java:206)
	at org.robovm.libimobiledevice.IDeviceConnection.receive(IDeviceConnection.java:110)
	at org.robovm.libimobiledevice.IDeviceConnection.receive(IDeviceConnection.java:81)
	at org.robovm.libimobiledevice.IDeviceConnection$DeviceInputStream.read(IDeviceConnection.java:201)
	... 4 more
19:19:31.896 SEVERE: Debugger: Thread JDWP server socket thread crashed
org.robovm.debugger.DebuggerException: java.net.SocketException: Socket closed
	at org.robovm.debugger.jdwp.JdwpDebugServer.doSocketWork(JdwpDebugServer.java:215)
	at java.base/java.lang.Thread.run(Thread.java:834)
	at org.robovm.debugger.utils.DebuggerThread.run(DebuggerThread.java:42)
Caused by: java.net.SocketException: Socket closed
	at java.base/java.net.SocketInputStream.socketRead0(Native Method)
	at java.base/java.net.SocketInputStream.socketRead(SocketInputStream.java:115)
	at java.base/java.net.SocketInputStream.read(SocketInputStream.java:168)
	at java.base/java.net.SocketInputStream.read(SocketInputStream.java:140)
	at org.robovm.debugger.utils.bytebuffer.DataBufferWriter.writeFromStream(DataBufferWriter.java:89)
	at org.robovm.debugger.jdwp.protocol.JdwpRequestHeader.readFromStream(JdwpRequestHeader.java:36)
	at org.robovm.debugger.jdwp.JdwpDebugServer.doSocketWork(JdwpDebugServer.java:185)
	... 2 more
