16:18:23.159 INFO: JdwpDebugServer: handling req: VirtualMachine(1).IDSizes(7)
16:18:23.160 INFO: JdwpDebugServer: handling req: EventRequest(15).Set(1)
16:18:23.160 INFO: JdwpEventCenterDelegate: jdwpSetEventRequest: JdwpEventRequest{requestId=100, eventKind=CLASS_PREPARE, suspendPolicy=NONE, predicates=[]}
16:18:23.160 INFO: JdwpDebugServer: handling req: EventRequest(15).Set(1)
16:18:23.160 INFO: JdwpEventCenterDelegate: jdwpSetEventRequest: JdwpEventRequest{requestId=101, eventKind=CLASS_UNLOAD, suspendPolicy=NONE, predicates=[]}
16:18:23.181 INFO: JdwpDebugServer: handling req: VirtualMachine(1).Version(1)
16:18:23.181 INFO: JdwpDebugServer: handling req: VirtualMachine(1).capabilitiesNew(17)
16:18:23.181 INFO: JdwpDebugServer: handling req: VirtualMachine(1).capabilities(12)
16:18:23.181 INFO: JdwpDebugServer: handling req: VirtualMachine(1).AllClassesWithGeneric(20)
16:18:23.185 INFO: JdwpDebugServer: handling req: VirtualMachine(1).TopLevelThreadGroups(5)
16:18:23.186 INFO: JdwpDebugServer: handling req: EventRequest(15).Set(1)
16:18:23.186 INFO: JdwpEventCenterDelegate: jdwpSetEventRequest: JdwpEventRequest{requestId=102, eventKind=THREAD_START, suspendPolicy=NONE, predicates=[]}
16:18:23.186 INFO: JdwpDebugServer: handling req: EventRequest(15).Set(1)
16:18:23.186 INFO: JdwpEventCenterDelegate: jdwpSetEventRequest: JdwpEventRequest{requestId=103, eventKind=THREAD_DEATH, suspendPolicy=NONE, predicates=[]}
16:18:23.187 INFO: JdwpDebugServer: handling req: EventRequest(15).Set(1)
16:18:23.187 INFO: JdwpEventCenterDelegate: jdwpSetEventRequest: JdwpEventRequest{requestId=104, eventKind=CLASS_PREPARE, suspendPolicy=EVENT_THREAD, predicates=[className=sun.instrument.InstrumentationImpl]}
16:18:23.187 INFO: JdwpDebugServer: handling req: EventRequest(15).Set(1)
16:18:23.187 INFO: JdwpEventCenterDelegate: jdwpSetEventRequest: JdwpEventRequest{requestId=105, eventKind=CLASS_PREPARE, suspendPolicy=EVENT_THREAD, predicates=[className=sun.instrument.InstrumentationImpl]}
16:18:23.563 INFO: JdwpDebugServer: handling req: VirtualMachine(1).Resume(9)
16:18:23.597 INFO: JdwpEventCenterDelegate: THREAD_STARTED: thread (33, main, main)
16:18:23.612 INFO: JdwpEventCenterDelegate: THREAD_STARTED: thread (48, ReferenceQueueDaemon, main)
16:18:23.618 INFO: JdwpEventCenterDelegate: THREAD_STARTED: thread (63, FinalizerDaemon, main)
16:18:23.624 INFO: JdwpEventCenterDelegate: THREAD_STARTED: thread (78, FinalizerWatchdogDaemon, main)
16:18:23.625 INFO: JdwpEventCenterDelegate: THREAD_RESUMED: thread (33, main, main)
16:18:23.626 INFO: JdwpEventCenterDelegate: THREAD_RESUMED: thread (33, main, main)
16:18:23.628 INFO: JdwpEventCenterDelegate: THREAD_RESUMED: thread (33, main, main)
16:18:23.629 INFO: JdwpEventCenterDelegate: THREAD_RESUMED: thread (33, main, main)
16:18:23.630 INFO: JdwpEventCenterDelegate: THREAD_RESUMED: thread (33, main, main)
16:18:23.631 INFO: JdwpEventCenterDelegate: THREAD_RESUMED: thread (33, main, main)
16:18:23.632 INFO: JdwpEventCenterDelegate: THREAD_RESUMED: thread (33, main, main)
16:18:23.633 INFO: JdwpEventCenterDelegate: THREAD_RESUMED: thread (33, main, main)
16:18:23.634 INFO: JdwpEventCenterDelegate: THREAD_RESUMED: thread (33, main, main)
16:18:23.635 INFO: JdwpEventCenterDelegate: THREAD_RESUMED: thread (33, main, main)
16:18:23.636 INFO: JdwpEventCenterDelegate: THREAD_RESUMED: thread (33, main, main)
16:18:23.637 INFO: JdwpEventCenterDelegate: THREAD_RESUMED: thread (33, main, main)
16:18:23.638 INFO: JdwpEventCenterDelegate: THREAD_RESUMED: thread (33, main, main)
16:18:23.639 INFO: JdwpEventCenterDelegate: THREAD_RESUMED: thread (33, main, main)
16:18:23.640 INFO: JdwpEventCenterDelegate: THREAD_RESUMED: thread (33, main, main)
16:18:23.642 INFO: JdwpEventCenterDelegate: THREAD_RESUMED: thread (33, main, main)
16:18:23.642 INFO: JdwpEventCenterDelegate: THREAD_RESUMED: thread (33, main, main)
16:18:23.644 INFO: JdwpEventCenterDelegate: THREAD_RESUMED: thread (33, main, main)
16:18:23.646 INFO: JdwpEventCenterDelegate: THREAD_RESUMED: thread (33, main, main)
16:18:23.647 INFO: JdwpEventCenterDelegate: THREAD_RESUMED: thread (33, main, main)
16:18:23.648 INFO: JdwpEventCenterDelegate: THREAD_RESUMED: thread (33, main, main)
16:18:23.650 INFO: JdwpEventCenterDelegate: THREAD_RESUMED: thread (33, main, main)
16:18:23.651 INFO: JdwpEventCenterDelegate: THREAD_RESUMED: thread (33, main, main)
16:18:23.652 INFO: JdwpEventCenterDelegate: THREAD_RESUMED: thread (33, main, main)
16:18:23.653 INFO: JdwpEventCenterDelegate: THREAD_RESUMED: thread (33, main, main)
16:18:23.789 INFO: JdwpEventCenterDelegate: THREAD_RESUMED: thread (33, main, main)
16:18:23.791 INFO: JdwpEventCenterDelegate: THREAD_RESUMED: thread (33, main, main)
16:18:23.792 INFO: JdwpEventCenterDelegate: THREAD_RESUMED: thread (33, main, main)
16:18:23.794 INFO: JdwpEventCenterDelegate: THREAD_RESUMED: thread (33, main, main)
16:18:23.795 INFO: JdwpEventCenterDelegate: THREAD_RESUMED: thread (33, main, main)
16:18:23.797 INFO: JdwpEventCenterDelegate: THREAD_RESUMED: thread (33, main, main)
16:18:23.798 INFO: JdwpEventCenterDelegate: THREAD_RESUMED: thread (33, main, main)
16:18:23.802 INFO: JdwpEventCenterDelegate: THREAD_RESUMED: thread (33, main, main)
16:18:23.803 INFO: JdwpEventCenterDelegate: THREAD_RESUMED: thread (33, main, main)
16:18:23.804 INFO: JdwpEventCenterDelegate: THREAD_RESUMED: thread (33, main, main)
16:18:23.806 INFO: JdwpEventCenterDelegate: THREAD_RESUMED: thread (33, main, main)
16:18:23.807 INFO: JdwpEventCenterDelegate: THREAD_RESUMED: thread (33, main, main)
16:18:23.808 INFO: JdwpEventCenterDelegate: THREAD_RESUMED: thread (33, main, main)
16:18:23.810 INFO: JdwpEventCenterDelegate: THREAD_RESUMED: thread (33, main, main)
16:18:23.832 INFO: JdwpEventCenterDelegate: THREAD_RESUMED: thread (33, main, main)
16:18:23.833 INFO: JdwpEventCenterDelegate: THREAD_RESUMED: thread (33, main, main)
16:18:23.835 INFO: JdwpEventCenterDelegate: THREAD_RESUMED: thread (33, main, main)
16:18:23.837 INFO: JdwpEventCenterDelegate: THREAD_RESUMED: thread (33, main, main)
16:18:23.839 INFO: JdwpEventCenterDelegate: THREAD_RESUMED: thread (33, main, main)
16:18:23.841 INFO: JdwpEventCenterDelegate: THREAD_RESUMED: thread (33, main, main)
16:18:23.842 INFO: JdwpEventCenterDelegate: THREAD_RESUMED: thread (33, main, main)
16:18:23.887 INFO: JdwpEventCenterDelegate: THREAD_RESUMED: thread (33, main, main)
16:18:23.888 INFO: JdwpEventCenterDelegate: THREAD_RESUMED: thread (33, main, main)
16:18:23.889 INFO: JdwpEventCenterDelegate: THREAD_RESUMED: thread (33, main, main)
16:18:23.890 INFO: JdwpEventCenterDelegate: THREAD_RESUMED: thread (33, main, main)
16:18:23.892 INFO: JdwpEventCenterDelegate: THREAD_RESUMED: thread (33, main, main)
16:18:23.893 INFO: JdwpEventCenterDelegate: THREAD_RESUMED: thread (33, main, main)
16:18:23.894 INFO: JdwpEventCenterDelegate: THREAD_RESUMED: thread (33, main, main)
16:18:23.906 INFO: JdwpEventCenterDelegate: THREAD_RESUMED: thread (33, main, main)
16:18:23.908 INFO: JdwpEventCenterDelegate: THREAD_RESUMED: thread (33, main, main)
16:18:23.909 INFO: JdwpEventCenterDelegate: THREAD_RESUMED: thread (33, main, main)
16:18:23.911 INFO: JdwpEventCenterDelegate: THREAD_RESUMED: thread (33, main, main)
16:18:23.913 INFO: JdwpEventCenterDelegate: THREAD_RESUMED: thread (33, main, main)
16:18:23.915 INFO: JdwpEventCenterDelegate: THREAD_RESUMED: thread (33, main, main)
16:18:23.916 INFO: JdwpEventCenterDelegate: THREAD_RESUMED: thread (33, main, main)
16:18:23.926 INFO: JdwpEventCenterDelegate: THREAD_RESUMED: thread (33, main, main)
16:18:23.927 INFO: JdwpEventCenterDelegate: THREAD_RESUMED: thread (33, main, main)
16:18:23.929 INFO: JdwpEventCenterDelegate: THREAD_RESUMED: thread (33, main, main)
16:18:23.930 INFO: JdwpEventCenterDelegate: THREAD_RESUMED: thread (33, main, main)
16:18:23.932 INFO: JdwpEventCenterDelegate: THREAD_RESUMED: thread (33, main, main)
16:18:23.933 INFO: JdwpEventCenterDelegate: THREAD_RESUMED: thread (33, main, main)
16:18:23.934 INFO: JdwpEventCenterDelegate: THREAD_RESUMED: thread (33, main, main)
16:18:23.935 INFO: JdwpEventCenterDelegate: THREAD_RESUMED: thread (33, main, main)
16:18:23.936 INFO: JdwpEventCenterDelegate: THREAD_RESUMED: thread (33, main, main)
16:18:23.938 INFO: JdwpEventCenterDelegate: THREAD_RESUMED: thread (33, main, main)
16:18:23.939 INFO: JdwpEventCenterDelegate: THREAD_RESUMED: thread (33, main, main)
16:18:23.940 INFO: JdwpEventCenterDelegate: THREAD_RESUMED: thread (33, main, main)
16:18:23.941 INFO: JdwpEventCenterDelegate: THREAD_RESUMED: thread (33, main, main)
16:18:23.942 INFO: JdwpEventCenterDelegate: THREAD_RESUMED: thread (33, main, main)
16:18:23.944 INFO: JdwpEventCenterDelegate: THREAD_RESUMED: thread (33, main, main)
16:18:23.945 INFO: JdwpEventCenterDelegate: THREAD_RESUMED: thread (33, main, main)
16:18:23.946 INFO: JdwpEventCenterDelegate: THREAD_RESUMED: thread (33, main, main)
16:18:23.947 INFO: JdwpEventCenterDelegate: THREAD_RESUMED: thread (33, main, main)
16:18:23.951 INFO: JdwpEventCenterDelegate: THREAD_RESUMED: thread (33, main, main)
16:18:23.952 INFO: JdwpEventCenterDelegate: THREAD_RESUMED: thread (33, main, main)
16:18:24.081 INFO: JdwpEventCenterDelegate: THREAD_STARTED: thread (93, AssetManager, main)
16:18:24.186 INFO: JdwpEventCenterDelegate: THREAD_RESUMED: thread (33, main, main)
16:18:24.188 INFO: JdwpEventCenterDelegate: THREAD_RESUMED: thread (33, main, main)
16:18:26.892 INFO: JdwpEventCenterDelegate: THREAD_RESUMED: thread (33, main, main)
16:18:26.991 INFO: JdwpEventCenterDelegate: THREAD_RESUMED: thread (33, main, main)
16:18:26.992 INFO: JdwpEventCenterDelegate: THREAD_RESUMED: thread (33, main, main)
16:18:26.994 INFO: JdwpEventCenterDelegate: THREAD_RESUMED: thread (33, main, main)
16:18:26.996 INFO: JdwpEventCenterDelegate: THREAD_RESUMED: thread (33, main, main)
16:18:26.998 INFO: JdwpEventCenterDelegate: THREAD_RESUMED: thread (33, main, main)
16:18:27.003 INFO: JdwpEventCenterDelegate: THREAD_RESUMED: thread (33, main, main)
16:18:27.015 INFO: JdwpEventCenterDelegate: THREAD_RESUMED: thread (33, main, main)
16:18:27.018 INFO: JdwpEventCenterDelegate: THREAD_RESUMED: thread (33, main, main)
16:18:27.020 INFO: JdwpEventCenterDelegate: THREAD_RESUMED: thread (33, main, main)
16:18:27.023 INFO: JdwpEventCenterDelegate: THREAD_RESUMED: thread (33, main, main)
16:18:27.025 INFO: JdwpEventCenterDelegate: THREAD_RESUMED: thread (33, main, main)
16:18:27.030 INFO: JdwpEventCenterDelegate: THREAD_RESUMED: thread (33, main, main)
16:18:27.045 INFO: JdwpEventCenterDelegate: THREAD_RESUMED: thread (33, main, main)
16:18:27.047 INFO: JdwpEventCenterDelegate: THREAD_RESUMED: thread (33, main, main)
16:18:27.049 INFO: JdwpEventCenterDelegate: THREAD_RESUMED: thread (33, main, main)
16:18:27.052 INFO: JdwpEventCenterDelegate: THREAD_RESUMED: thread (33, main, main)
16:18:27.054 INFO: JdwpEventCenterDelegate: THREAD_RESUMED: thread (33, main, main)
16:18:27.059 INFO: JdwpEventCenterDelegate: THREAD_RESUMED: thread (33, main, main)
16:18:27.077 INFO: JdwpEventCenterDelegate: THREAD_RESUMED: thread (33, main, main)
16:18:27.080 INFO: JdwpEventCenterDelegate: THREAD_RESUMED: thread (33, main, main)
16:18:27.082 INFO: JdwpEventCenterDelegate: THREAD_RESUMED: thread (33, main, main)
16:18:27.085 INFO: JdwpEventCenterDelegate: THREAD_RESUMED: thread (33, main, main)
16:18:27.087 INFO: JdwpEventCenterDelegate: THREAD_RESUMED: thread (33, main, main)
16:18:27.092 INFO: JdwpEventCenterDelegate: THREAD_RESUMED: thread (33, main, main)
16:18:27.108 INFO: JdwpEventCenterDelegate: THREAD_RESUMED: thread (33, main, main)
16:18:27.110 INFO: JdwpEventCenterDelegate: THREAD_RESUMED: thread (33, main, main)
16:18:27.113 INFO: JdwpEventCenterDelegate: THREAD_RESUMED: thread (33, main, main)
16:18:27.115 INFO: JdwpEventCenterDelegate: THREAD_RESUMED: thread (33, main, main)
16:18:27.117 INFO: JdwpEventCenterDelegate: THREAD_RESUMED: thread (33, main, main)
16:18:27.122 INFO: JdwpEventCenterDelegate: THREAD_RESUMED: thread (33, main, main)
16:18:27.138 INFO: JdwpEventCenterDelegate: THREAD_RESUMED: thread (33, main, main)
16:18:27.140 INFO: JdwpEventCenterDelegate: THREAD_RESUMED: thread (33, main, main)
16:18:27.143 INFO: JdwpEventCenterDelegate: THREAD_RESUMED: thread (33, main, main)
16:18:27.145 INFO: JdwpEventCenterDelegate: THREAD_RESUMED: thread (33, main, main)
16:18:27.147 INFO: JdwpEventCenterDelegate: THREAD_RESUMED: thread (33, main, main)
16:18:27.152 INFO: JdwpEventCenterDelegate: THREAD_RESUMED: thread (33, main, main)
16:18:27.174 INFO: JdwpEventCenterDelegate: THREAD_RESUMED: thread (33, main, main)
16:18:27.176 INFO: JdwpEventCenterDelegate: THREAD_RESUMED: thread (33, main, main)
16:18:27.178 INFO: JdwpEventCenterDelegate: THREAD_RESUMED: thread (33, main, main)
16:18:27.181 INFO: JdwpEventCenterDelegate: THREAD_RESUMED: thread (33, main, main)
16:18:27.183 INFO: JdwpEventCenterDelegate: THREAD_RESUMED: thread (33, main, main)
16:18:27.188 INFO: JdwpEventCenterDelegate: THREAD_RESUMED: thread (33, main, main)
16:18:27.207 INFO: JdwpEventCenterDelegate: THREAD_RESUMED: thread (33, main, main)
16:18:27.209 INFO: JdwpEventCenterDelegate: THREAD_RESUMED: thread (33, main, main)
16:18:27.212 INFO: JdwpEventCenterDelegate: THREAD_RESUMED: thread (33, main, main)
16:18:27.214 INFO: JdwpEventCenterDelegate: THREAD_RESUMED: thread (33, main, main)
16:18:27.217 INFO: JdwpEventCenterDelegate: THREAD_RESUMED: thread (33, main, main)
16:18:27.222 INFO: JdwpEventCenterDelegate: THREAD_RESUMED: thread (33, main, main)
16:18:27.241 INFO: JdwpEventCenterDelegate: THREAD_RESUMED: thread (33, main, main)
16:18:27.243 INFO: JdwpEventCenterDelegate: THREAD_RESUMED: thread (33, main, main)
16:18:27.245 INFO: JdwpEventCenterDelegate: THREAD_RESUMED: thread (33, main, main)
16:18:27.248 INFO: JdwpEventCenterDelegate: THREAD_RESUMED: thread (33, main, main)
16:18:27.250 INFO: JdwpEventCenterDelegate: THREAD_RESUMED: thread (33, main, main)
16:18:27.255 INFO: JdwpEventCenterDelegate: THREAD_RESUMED: thread (33, main, main)
16:18:27.270 INFO: JdwpEventCenterDelegate: THREAD_RESUMED: thread (33, main, main)
16:18:27.272 INFO: JdwpEventCenterDelegate: THREAD_RESUMED: thread (33, main, main)
16:18:27.275 INFO: JdwpEventCenterDelegate: THREAD_RESUMED: thread (33, main, main)
16:18:27.277 INFO: JdwpEventCenterDelegate: THREAD_RESUMED: thread (33, main, main)
16:18:27.279 INFO: JdwpEventCenterDelegate: THREAD_RESUMED: thread (33, main, main)
16:18:27.284 INFO: JdwpEventCenterDelegate: THREAD_RESUMED: thread (33, main, main)
16:18:27.299 INFO: JdwpEventCenterDelegate: THREAD_RESUMED: thread (33, main, main)
16:18:27.302 INFO: JdwpEventCenterDelegate: THREAD_RESUMED: thread (33, main, main)
16:18:27.304 INFO: JdwpEventCenterDelegate: THREAD_RESUMED: thread (33, main, main)
16:18:27.307 INFO: JdwpEventCenterDelegate: THREAD_RESUMED: thread (33, main, main)
16:18:27.309 INFO: JdwpEventCenterDelegate: THREAD_RESUMED: thread (33, main, main)
16:18:27.314 INFO: JdwpEventCenterDelegate: THREAD_RESUMED: thread (33, main, main)
16:18:27.333 INFO: JdwpEventCenterDelegate: THREAD_RESUMED: thread (33, main, main)
16:18:27.335 INFO: JdwpEventCenterDelegate: THREAD_RESUMED: thread (33, main, main)
16:18:27.338 INFO: JdwpEventCenterDelegate: THREAD_RESUMED: thread (33, main, main)
16:18:27.340 INFO: JdwpEventCenterDelegate: THREAD_RESUMED: thread (33, main, main)
16:18:27.342 INFO: JdwpEventCenterDelegate: THREAD_RESUMED: thread (33, main, main)
16:18:27.347 INFO: JdwpEventCenterDelegate: THREAD_RESUMED: thread (33, main, main)
16:18:27.369 INFO: JdwpEventCenterDelegate: THREAD_RESUMED: thread (33, main, main)
16:18:27.372 INFO: JdwpEventCenterDelegate: THREAD_RESUMED: thread (33, main, main)
16:18:27.374 INFO: JdwpEventCenterDelegate: THREAD_RESUMED: thread (33, main, main)
16:18:27.377 INFO: JdwpEventCenterDelegate: THREAD_RESUMED: thread (33, main, main)
16:18:27.379 INFO: JdwpEventCenterDelegate: THREAD_RESUMED: thread (33, main, main)
16:18:27.384 INFO: JdwpEventCenterDelegate: THREAD_RESUMED: thread (33, main, main)
16:18:27.403 INFO: JdwpEventCenterDelegate: THREAD_RESUMED: thread (33, main, main)
16:18:27.406 INFO: JdwpEventCenterDelegate: THREAD_RESUMED: thread (33, main, main)
16:18:27.408 INFO: JdwpEventCenterDelegate: THREAD_RESUMED: thread (33, main, main)
16:18:27.410 INFO: JdwpEventCenterDelegate: THREAD_RESUMED: thread (33, main, main)
16:18:27.412 INFO: JdwpEventCenterDelegate: THREAD_RESUMED: thread (33, main, main)
16:18:27.417 INFO: JdwpEventCenterDelegate: THREAD_RESUMED: thread (33, main, main)
16:18:27.431 INFO: JdwpEventCenterDelegate: THREAD_RESUMED: thread (33, main, main)
16:18:27.433 INFO: JdwpEventCenterDelegate: THREAD_RESUMED: thread (33, main, main)
16:18:27.435 INFO: JdwpEventCenterDelegate: THREAD_RESUMED: thread (33, main, main)
16:18:27.437 INFO: JdwpEventCenterDelegate: THREAD_RESUMED: thread (33, main, main)
16:18:27.439 INFO: JdwpEventCenterDelegate: THREAD_RESUMED: thread (33, main, main)
16:18:27.445 INFO: JdwpEventCenterDelegate: THREAD_RESUMED: thread (33, main, main)
16:18:27.447 INFO: JdwpEventCenterDelegate: THREAD_RESUMED: thread (33, main, main)
16:18:27.449 INFO: JdwpEventCenterDelegate: THREAD_RESUMED: thread (33, main, main)
16:18:27.452 INFO: JdwpEventCenterDelegate: THREAD_RESUMED: thread (33, main, main)
16:18:27.454 INFO: JdwpEventCenterDelegate: THREAD_RESUMED: thread (33, main, main)
16:18:27.457 INFO: JdwpEventCenterDelegate: THREAD_RESUMED: thread (33, main, main)
16:18:27.459 INFO: JdwpEventCenterDelegate: THREAD_RESUMED: thread (33, main, main)
16:18:27.464 INFO: JdwpEventCenterDelegate: THREAD_RESUMED: thread (33, main, main)
16:18:27.466 INFO: JdwpEventCenterDelegate: THREAD_RESUMED: thread (33, main, main)
16:18:27.469 INFO: JdwpEventCenterDelegate: THREAD_RESUMED: thread (33, main, main)
16:18:27.471 INFO: JdwpEventCenterDelegate: THREAD_RESUMED: thread (33, main, main)
16:18:27.475 INFO: JdwpEventCenterDelegate: THREAD_RESUMED: thread (33, main, main)
16:18:27.477 INFO: JdwpEventCenterDelegate: THREAD_RESUMED: thread (33, main, main)
16:18:27.480 INFO: JdwpEventCenterDelegate: THREAD_RESUMED: thread (33, main, main)
16:18:27.482 INFO: JdwpEventCenterDelegate: THREAD_RESUMED: thread (33, main, main)
16:18:27.484 INFO: JdwpEventCenterDelegate: THREAD_RESUMED: thread (33, main, main)
16:18:27.489 INFO: JdwpEventCenterDelegate: THREAD_RESUMED: thread (33, main, main)
16:18:27.503 INFO: JdwpEventCenterDelegate: THREAD_RESUMED: thread (33, main, main)
16:18:27.519 INFO: JdwpEventCenterDelegate: THREAD_RESUMED: thread (33, main, main)
16:18:27.530 INFO: JdwpEventCenterDelegate: THREAD_RESUMED: thread (33, main, main)
16:18:27.544 INFO: JdwpEventCenterDelegate: THREAD_RESUMED: thread (33, main, main)
16:18:27.574 INFO: JdwpEventCenterDelegate: THREAD_RESUMED: thread (33, main, main)
16:18:27.576 INFO: JdwpEventCenterDelegate: THREAD_RESUMED: thread (33, main, main)
16:18:27.578 INFO: JdwpEventCenterDelegate: THREAD_RESUMED: thread (33, main, main)
16:18:27.581 INFO: JdwpEventCenterDelegate: THREAD_RESUMED: thread (33, main, main)
16:18:27.583 INFO: JdwpEventCenterDelegate: THREAD_RESUMED: thread (33, main, main)
16:18:27.588 INFO: JdwpEventCenterDelegate: THREAD_RESUMED: thread (33, main, main)
16:18:27.600 INFO: JdwpEventCenterDelegate: THREAD_RESUMED: thread (33, main, main)
16:18:27.602 INFO: JdwpEventCenterDelegate: THREAD_RESUMED: thread (33, main, main)
16:18:27.605 INFO: JdwpEventCenterDelegate: THREAD_RESUMED: thread (33, main, main)
16:18:27.607 INFO: JdwpEventCenterDelegate: THREAD_RESUMED: thread (33, main, main)
16:18:27.609 INFO: JdwpEventCenterDelegate: THREAD_RESUMED: thread (33, main, main)
16:18:27.614 INFO: JdwpEventCenterDelegate: THREAD_RESUMED: thread (33, main, main)
16:18:27.628 INFO: JdwpEventCenterDelegate: THREAD_RESUMED: thread (33, main, main)
16:18:27.631 INFO: JdwpEventCenterDelegate: THREAD_RESUMED: thread (33, main, main)
16:18:27.633 INFO: JdwpEventCenterDelegate: THREAD_RESUMED: thread (33, main, main)
16:18:27.635 INFO: JdwpEventCenterDelegate: THREAD_RESUMED: thread (33, main, main)
16:18:27.638 INFO: JdwpEventCenterDelegate: THREAD_RESUMED: thread (33, main, main)
16:18:27.642 INFO: JdwpEventCenterDelegate: THREAD_RESUMED: thread (33, main, main)
16:18:27.660 INFO: JdwpEventCenterDelegate: THREAD_RESUMED: thread (33, main, main)
16:18:27.662 INFO: JdwpEventCenterDelegate: THREAD_RESUMED: thread (33, main, main)
16:18:27.665 INFO: JdwpEventCenterDelegate: THREAD_RESUMED: thread (33, main, main)
16:18:27.667 INFO: JdwpEventCenterDelegate: THREAD_RESUMED: thread (33, main, main)
16:18:27.669 INFO: JdwpEventCenterDelegate: THREAD_RESUMED: thread (33, main, main)
16:18:27.674 INFO: JdwpEventCenterDelegate: THREAD_RESUMED: thread (33, main, main)
16:18:27.688 INFO: JdwpEventCenterDelegate: THREAD_RESUMED: thread (33, main, main)
16:18:27.690 INFO: JdwpEventCenterDelegate: THREAD_RESUMED: thread (33, main, main)
16:18:27.692 INFO: JdwpEventCenterDelegate: THREAD_RESUMED: thread (33, main, main)
16:18:27.694 INFO: JdwpEventCenterDelegate: THREAD_RESUMED: thread (33, main, main)
16:18:27.696 INFO: JdwpEventCenterDelegate: THREAD_RESUMED: thread (33, main, main)
16:18:27.700 INFO: JdwpEventCenterDelegate: THREAD_RESUMED: thread (33, main, main)
16:18:27.714 INFO: JdwpEventCenterDelegate: THREAD_RESUMED: thread (33, main, main)
16:18:27.716 INFO: JdwpEventCenterDelegate: THREAD_RESUMED: thread (33, main, main)
16:18:27.718 INFO: JdwpEventCenterDelegate: THREAD_RESUMED: thread (33, main, main)
16:18:27.720 INFO: JdwpEventCenterDelegate: THREAD_RESUMED: thread (33, main, main)
16:18:27.722 INFO: JdwpEventCenterDelegate: THREAD_RESUMED: thread (33, main, main)
16:18:27.727 INFO: JdwpEventCenterDelegate: THREAD_RESUMED: thread (33, main, main)
16:18:27.749 INFO: JdwpEventCenterDelegate: THREAD_RESUMED: thread (33, main, main)
16:18:27.751 INFO: JdwpEventCenterDelegate: THREAD_RESUMED: thread (33, main, main)
16:18:27.753 INFO: JdwpEventCenterDelegate: THREAD_RESUMED: thread (33, main, main)
16:18:27.756 INFO: JdwpEventCenterDelegate: THREAD_RESUMED: thread (33, main, main)
16:18:27.758 INFO: JdwpEventCenterDelegate: THREAD_RESUMED: thread (33, main, main)
16:18:27.762 INFO: JdwpEventCenterDelegate: THREAD_RESUMED: thread (33, main, main)
16:18:27.780 INFO: JdwpEventCenterDelegate: THREAD_RESUMED: thread (33, main, main)
16:18:27.783 INFO: JdwpEventCenterDelegate: THREAD_RESUMED: thread (33, main, main)
16:18:27.785 INFO: JdwpEventCenterDelegate: THREAD_RESUMED: thread (33, main, main)
16:18:27.787 INFO: JdwpEventCenterDelegate: THREAD_RESUMED: thread (33, main, main)
16:18:27.790 INFO: JdwpEventCenterDelegate: THREAD_RESUMED: thread (33, main, main)
16:18:27.794 INFO: JdwpEventCenterDelegate: THREAD_RESUMED: thread (33, main, main)
16:18:27.811 INFO: JdwpEventCenterDelegate: THREAD_RESUMED: thread (33, main, main)
16:18:27.813 INFO: JdwpEventCenterDelegate: THREAD_RESUMED: thread (33, main, main)
16:18:27.815 INFO: JdwpEventCenterDelegate: THREAD_RESUMED: thread (33, main, main)
16:18:27.817 INFO: JdwpEventCenterDelegate: THREAD_RESUMED: thread (33, main, main)
16:18:27.818 INFO: JdwpEventCenterDelegate: THREAD_RESUMED: thread (33, main, main)
16:18:27.823 INFO: JdwpEventCenterDelegate: THREAD_RESUMED: thread (33, main, main)
16:18:27.837 INFO: JdwpEventCenterDelegate: THREAD_RESUMED: thread (33, main, main)
16:18:27.839 INFO: JdwpEventCenterDelegate: THREAD_RESUMED: thread (33, main, main)
16:18:27.842 INFO: JdwpEventCenterDelegate: THREAD_RESUMED: thread (33, main, main)
16:18:27.844 INFO: JdwpEventCenterDelegate: THREAD_RESUMED: thread (33, main, main)
16:18:27.846 INFO: JdwpEventCenterDelegate: THREAD_RESUMED: thread (33, main, main)
16:18:27.851 INFO: JdwpEventCenterDelegate: THREAD_RESUMED: thread (33, main, main)
16:18:27.865 INFO: JdwpEventCenterDelegate: THREAD_RESUMED: thread (33, main, main)
16:18:27.868 INFO: JdwpEventCenterDelegate: THREAD_RESUMED: thread (33, main, main)
16:18:27.870 INFO: JdwpEventCenterDelegate: THREAD_RESUMED: thread (33, main, main)
16:18:27.872 INFO: JdwpEventCenterDelegate: THREAD_RESUMED: thread (33, main, main)
16:18:27.874 INFO: JdwpEventCenterDelegate: THREAD_RESUMED: thread (33, main, main)
16:18:27.879 INFO: JdwpEventCenterDelegate: THREAD_RESUMED: thread (33, main, main)
16:18:27.897 INFO: JdwpEventCenterDelegate: THREAD_RESUMED: thread (33, main, main)
16:18:27.899 INFO: JdwpEventCenterDelegate: THREAD_RESUMED: thread (33, main, main)
16:18:27.902 INFO: JdwpEventCenterDelegate: THREAD_RESUMED: thread (33, main, main)
16:18:27.904 INFO: JdwpEventCenterDelegate: THREAD_RESUMED: thread (33, main, main)
16:18:27.906 INFO: JdwpEventCenterDelegate: THREAD_RESUMED: thread (33, main, main)
16:18:27.911 INFO: JdwpEventCenterDelegate: THREAD_RESUMED: thread (33, main, main)
16:18:27.935 INFO: JdwpEventCenterDelegate: THREAD_RESUMED: thread (33, main, main)
16:18:27.937 INFO: JdwpEventCenterDelegate: THREAD_RESUMED: thread (33, main, main)
16:18:27.940 INFO: JdwpEventCenterDelegate: THREAD_RESUMED: thread (33, main, main)
16:18:27.942 INFO: JdwpEventCenterDelegate: THREAD_RESUMED: thread (33, main, main)
16:18:27.944 INFO: JdwpEventCenterDelegate: THREAD_RESUMED: thread (33, main, main)
16:18:27.948 INFO: JdwpEventCenterDelegate: THREAD_RESUMED: thread (33, main, main)
16:18:27.966 INFO: JdwpEventCenterDelegate: THREAD_RESUMED: thread (33, main, main)
16:18:27.969 INFO: JdwpEventCenterDelegate: THREAD_RESUMED: thread (33, main, main)
16:18:27.971 INFO: JdwpEventCenterDelegate: THREAD_RESUMED: thread (33, main, main)
16:18:27.974 INFO: JdwpEventCenterDelegate: THREAD_RESUMED: thread (33, main, main)
16:18:27.976 INFO: JdwpEventCenterDelegate: THREAD_RESUMED: thread (33, main, main)
16:18:27.980 INFO: JdwpEventCenterDelegate: THREAD_RESUMED: thread (33, main, main)
16:18:27.993 INFO: JdwpEventCenterDelegate: THREAD_RESUMED: thread (33, main, main)
16:18:27.995 INFO: JdwpEventCenterDelegate: THREAD_RESUMED: thread (33, main, main)
16:18:27.997 INFO: JdwpEventCenterDelegate: THREAD_RESUMED: thread (33, main, main)
16:18:27.999 INFO: JdwpEventCenterDelegate: THREAD_RESUMED: thread (33, main, main)
16:18:28.002 INFO: JdwpEventCenterDelegate: THREAD_RESUMED: thread (33, main, main)
16:18:30.124 INFO: JdwpEventCenterDelegate: THREAD_STARTED: thread (108, Timer, main)
16:18:31.016 INFO: JdwpEventCenterDelegate: THREAD_RESUMED: thread (33, main, main)
16:18:31.061 INFO: JdwpEventCenterDelegate: THREAD_RESUMED: thread (33, main, main)
16:18:31.085 INFO: JdwpEventCenterDelegate: THREAD_RESUMED: thread (33, main, main)
16:18:31.106 INFO: JdwpEventCenterDelegate: THREAD_RESUMED: thread (33, main, main)
16:18:31.124 INFO: JdwpEventCenterDelegate: THREAD_RESUMED: thread (33, main, main)
16:18:31.139 INFO: JdwpEventCenterDelegate: THREAD_RESUMED: thread (33, main, main)
16:18:31.153 INFO: JdwpEventCenterDelegate: THREAD_RESUMED: thread (33, main, main)
16:18:31.170 INFO: JdwpEventCenterDelegate: THREAD_RESUMED: thread (33, main, main)
16:18:31.184 INFO: JdwpEventCenterDelegate: THREAD_RESUMED: thread (33, main, main)
16:18:31.201 INFO: JdwpEventCenterDelegate: THREAD_RESUMED: thread (33, main, main)
16:18:31.217 INFO: JdwpEventCenterDelegate: THREAD_RESUMED: thread (33, main, main)
16:18:31.231 INFO: JdwpEventCenterDelegate: THREAD_RESUMED: thread (33, main, main)
16:19:48.875 INFO: JdwpDebugServer: handling req: VirtualMachine(1).Exit(10)
16:19:48.875 SEVERE: Debugger: Thread JDWP server socket thread crashed
org.robovm.debugger.DebuggerException: Terminating due exit command
	at org.robovm.debugger.jdwp.JdwpDebugServer.doSocketWork(JdwpDebugServer.java:211)
	at java.base/java.lang.Thread.run(Thread.java:834)
	at org.robovm.debugger.utils.DebuggerThread.run(DebuggerThread.java:42)
16:19:49.378 SEVERE: Debugger: Thread HooksChannel socket thread crashed
org.robovm.debugger.DebuggerException: java.io.IOException: org.robovm.libimobiledevice.LibIMobileDeviceException: IDEVICE_E_UNKNOWN_ERROR
	at org.robovm.debugger.hooks.HooksChannel.doSocketWork(HooksChannel.java:149)
	at java.base/java.lang.Thread.run(Thread.java:834)
	at org.robovm.debugger.utils.DebuggerThread.run(DebuggerThread.java:42)
Caused by: java.io.IOException: org.robovm.libimobiledevice.LibIMobileDeviceException: IDEVICE_E_UNKNOWN_ERROR
	at org.robovm.libimobiledevice.IDeviceConnection$DeviceInputStream.read(IDeviceConnection.java:203)
	at org.robovm.debugger.utils.bytebuffer.DataBufferWriter.writeFromStream(DataBufferWriter.java:89)
	at org.robovm.debugger.hooks.HooksChannel.doSocketWork(HooksChannel.java:116)
	... 2 more
Caused by: org.robovm.libimobiledevice.LibIMobileDeviceException: IDEVICE_E_UNKNOWN_ERROR
	at org.robovm.libimobiledevice.IDevice.checkResult(IDevice.java:206)
	at org.robovm.libimobiledevice.IDeviceConnection.receive(IDeviceConnection.java:110)
	at org.robovm.libimobiledevice.IDeviceConnection.receive(IDeviceConnection.java:81)
	at org.robovm.libimobiledevice.IDeviceConnection$DeviceInputStream.read(IDeviceConnection.java:201)
	... 4 more
