19:07:20.594 INFO: JdwpDebugServer: handling req: VirtualMachine(1).IDSizes(7)
19:07:20.595 INFO: JdwpDebugServer: handling req: EventRequest(15).Set(1)
19:07:20.595 INFO: JdwpEventCenterDelegate: jdwpSetEventRequest: JdwpEventRequest{requestId=100, eventKind=CLASS_PREPARE, suspendPolicy=NONE, predicates=[]}
19:07:20.595 INFO: JdwpDebugServer: handling req: EventRequest(15).Set(1)
19:07:20.595 INFO: JdwpEventCenterDelegate: jdwpSetEventRequest: JdwpEventRequest{requestId=101, eventKind=CLASS_UNLOAD, suspendPolicy=NONE, predicates=[]}
19:07:20.622 INFO: JdwpDebugServer: handling req: VirtualMachine(1).Version(1)
19:07:20.623 INFO: JdwpDebugServer: handling req: VirtualMachine(1).capabilitiesNew(17)
19:07:20.624 INFO: JdwpDebugServer: handling req: VirtualMachine(1).capabilities(12)
19:07:20.624 INFO: JdwpDebugServer: handling req: VirtualMachine(1).AllClassesWithGeneric(20)
19:07:20.632 INFO: JdwpDebugServer: handling req: VirtualMachine(1).TopLevelThreadGroups(5)
19:07:20.632 INFO: JdwpDebugServer: handling req: EventRequest(15).Set(1)
19:07:20.632 INFO: JdwpEventCenterDelegate: jdwpSetEventRequest: JdwpEventRequest{requestId=102, eventKind=THREAD_START, suspendPolicy=NONE, predicates=[]}
19:07:20.633 INFO: JdwpDebugServer: handling req: EventRequest(15).Set(1)
19:07:20.633 INFO: JdwpEventCenterDelegate: jdwpSetEventRequest: JdwpEventRequest{requestId=103, eventKind=THREAD_DEATH, suspendPolicy=NONE, predicates=[]}
19:07:20.681 INFO: JdwpDebugServer: handling req: EventRequest(15).Set(1)
19:07:20.681 INFO: JdwpEventCenterDelegate: jdwpSetEventRequest: JdwpEventRequest{requestId=104, eventKind=CLASS_PREPARE, suspendPolicy=EVENT_THREAD, predicates=[className=sun.instrument.InstrumentationImpl]}
19:07:20.682 INFO: JdwpDebugServer: handling req: EventRequest(15).Set(1)
19:07:20.682 INFO: JdwpEventCenterDelegate: jdwpSetEventRequest: JdwpEventRequest{requestId=105, eventKind=CLASS_PREPARE, suspendPolicy=EVENT_THREAD, predicates=[className=sun.instrument.InstrumentationImpl]}
19:07:21.204 INFO: JdwpDebugServer: handling req: VirtualMachine(1).Resume(9)
19:07:21.254 INFO: JdwpEventCenterDelegate: THREAD_STARTED: thread (33, main, main)
19:07:21.278 INFO: JdwpEventCenterDelegate: THREAD_STARTED: thread (48, ReferenceQueueDaemon, main)
19:07:21.283 INFO: JdwpEventCenterDelegate: THREAD_STARTED: thread (63, FinalizerDaemon, main)
19:07:21.288 INFO: JdwpEventCenterDelegate: THREAD_STARTED: thread (78, FinalizerWatchdogDaemon, main)
19:07:21.290 INFO: JdwpEventCenterDelegate: THREAD_RESUMED: thread (33, main, main)
19:07:21.291 INFO: JdwpEventCenterDelegate: THREAD_RESUMED: thread (33, main, main)
19:07:21.292 INFO: JdwpEventCenterDelegate: THREAD_RESUMED: thread (33, main, main)
19:07:21.294 INFO: JdwpEventCenterDelegate: THREAD_RESUMED: thread (33, main, main)
19:07:21.295 INFO: JdwpEventCenterDelegate: THREAD_RESUMED: thread (33, main, main)
19:07:21.296 INFO: JdwpEventCenterDelegate: THREAD_RESUMED: thread (33, main, main)
19:07:21.297 INFO: JdwpEventCenterDelegate: THREAD_RESUMED: thread (33, main, main)
19:07:21.312 INFO: JdwpEventCenterDelegate: THREAD_RESUMED: thread (33, main, main)
19:07:21.315 INFO: JdwpEventCenterDelegate: THREAD_RESUMED: thread (33, main, main)
19:07:21.316 INFO: JdwpEventCenterDelegate: THREAD_RESUMED: thread (33, main, main)
19:07:21.317 INFO: JdwpEventCenterDelegate: THREAD_RESUMED: thread (33, main, main)
19:07:21.318 INFO: JdwpEventCenterDelegate: THREAD_RESUMED: thread (33, main, main)
19:07:21.319 INFO: JdwpEventCenterDelegate: THREAD_RESUMED: thread (33, main, main)
19:07:21.321 INFO: JdwpEventCenterDelegate: THREAD_RESUMED: thread (33, main, main)
19:07:21.322 INFO: JdwpEventCenterDelegate: THREAD_RESUMED: thread (33, main, main)
19:07:21.323 INFO: JdwpEventCenterDelegate: THREAD_RESUMED: thread (33, main, main)
19:07:21.325 INFO: JdwpEventCenterDelegate: THREAD_RESUMED: thread (33, main, main)
19:07:21.326 INFO: JdwpEventCenterDelegate: THREAD_RESUMED: thread (33, main, main)
19:07:21.329 INFO: JdwpEventCenterDelegate: THREAD_RESUMED: thread (33, main, main)
19:07:21.331 INFO: JdwpEventCenterDelegate: THREAD_RESUMED: thread (33, main, main)
19:07:21.332 INFO: JdwpEventCenterDelegate: THREAD_RESUMED: thread (33, main, main)
19:07:21.333 INFO: JdwpEventCenterDelegate: THREAD_RESUMED: thread (33, main, main)
19:07:21.334 INFO: JdwpEventCenterDelegate: THREAD_RESUMED: thread (33, main, main)
19:07:21.335 INFO: JdwpEventCenterDelegate: THREAD_RESUMED: thread (33, main, main)
19:07:21.337 INFO: JdwpEventCenterDelegate: THREAD_RESUMED: thread (33, main, main)
19:07:21.367 INFO: JdwpEventCenterDelegate: THREAD_RESUMED: thread (33, main, main)
19:07:21.369 INFO: JdwpEventCenterDelegate: THREAD_RESUMED: thread (33, main, main)
19:07:21.370 INFO: JdwpEventCenterDelegate: THREAD_RESUMED: thread (33, main, main)
19:07:21.371 INFO: JdwpEventCenterDelegate: THREAD_RESUMED: thread (33, main, main)
19:07:21.372 INFO: JdwpEventCenterDelegate: THREAD_RESUMED: thread (33, main, main)
19:07:21.373 INFO: JdwpEventCenterDelegate: THREAD_RESUMED: thread (33, main, main)
19:07:21.374 INFO: JdwpEventCenterDelegate: THREAD_RESUMED: thread (33, main, main)
19:07:21.377 INFO: JdwpEventCenterDelegate: THREAD_RESUMED: thread (33, main, main)
19:07:21.378 INFO: JdwpEventCenterDelegate: THREAD_RESUMED: thread (33, main, main)
19:07:21.379 INFO: JdwpEventCenterDelegate: THREAD_RESUMED: thread (33, main, main)
19:07:21.380 INFO: JdwpEventCenterDelegate: THREAD_RESUMED: thread (33, main, main)
19:07:21.381 INFO: JdwpEventCenterDelegate: THREAD_RESUMED: thread (33, main, main)
19:07:21.382 INFO: JdwpEventCenterDelegate: THREAD_RESUMED: thread (33, main, main)
19:07:21.383 INFO: JdwpEventCenterDelegate: THREAD_RESUMED: thread (33, main, main)
19:07:21.398 INFO: JdwpEventCenterDelegate: THREAD_RESUMED: thread (33, main, main)
19:07:21.399 INFO: JdwpEventCenterDelegate: THREAD_RESUMED: thread (33, main, main)
19:07:21.400 INFO: JdwpEventCenterDelegate: THREAD_RESUMED: thread (33, main, main)
19:07:21.401 INFO: JdwpEventCenterDelegate: THREAD_RESUMED: thread (33, main, main)
19:07:21.402 INFO: JdwpEventCenterDelegate: THREAD_RESUMED: thread (33, main, main)
19:07:21.404 INFO: JdwpEventCenterDelegate: THREAD_RESUMED: thread (33, main, main)
19:07:21.405 INFO: JdwpEventCenterDelegate: THREAD_RESUMED: thread (33, main, main)
19:07:21.445 INFO: JdwpEventCenterDelegate: THREAD_RESUMED: thread (33, main, main)
19:07:21.446 INFO: JdwpEventCenterDelegate: THREAD_RESUMED: thread (33, main, main)
19:07:21.447 INFO: JdwpEventCenterDelegate: THREAD_RESUMED: thread (33, main, main)
19:07:21.448 INFO: JdwpEventCenterDelegate: THREAD_RESUMED: thread (33, main, main)
19:07:21.449 INFO: JdwpEventCenterDelegate: THREAD_RESUMED: thread (33, main, main)
19:07:21.450 INFO: JdwpEventCenterDelegate: THREAD_RESUMED: thread (33, main, main)
19:07:21.452 INFO: JdwpEventCenterDelegate: THREAD_RESUMED: thread (33, main, main)
19:07:21.463 INFO: JdwpEventCenterDelegate: THREAD_RESUMED: thread (33, main, main)
19:07:21.464 INFO: JdwpEventCenterDelegate: THREAD_RESUMED: thread (33, main, main)
19:07:21.465 INFO: JdwpEventCenterDelegate: THREAD_RESUMED: thread (33, main, main)
19:07:21.467 INFO: JdwpEventCenterDelegate: THREAD_RESUMED: thread (33, main, main)
19:07:21.468 INFO: JdwpEventCenterDelegate: THREAD_RESUMED: thread (33, main, main)
19:07:21.469 INFO: JdwpEventCenterDelegate: THREAD_RESUMED: thread (33, main, main)
19:07:21.470 INFO: JdwpEventCenterDelegate: THREAD_RESUMED: thread (33, main, main)
19:07:21.480 INFO: JdwpEventCenterDelegate: THREAD_RESUMED: thread (33, main, main)
19:07:21.481 INFO: JdwpEventCenterDelegate: THREAD_RESUMED: thread (33, main, main)
19:07:21.482 INFO: JdwpEventCenterDelegate: THREAD_RESUMED: thread (33, main, main)
19:07:21.483 INFO: JdwpEventCenterDelegate: THREAD_RESUMED: thread (33, main, main)
19:07:21.484 INFO: JdwpEventCenterDelegate: THREAD_RESUMED: thread (33, main, main)
19:07:21.486 INFO: JdwpEventCenterDelegate: THREAD_RESUMED: thread (33, main, main)
19:07:21.487 INFO: JdwpEventCenterDelegate: THREAD_RESUMED: thread (33, main, main)
19:07:21.488 INFO: JdwpEventCenterDelegate: THREAD_RESUMED: thread (33, main, main)
19:07:21.489 INFO: JdwpEventCenterDelegate: THREAD_RESUMED: thread (33, main, main)
19:07:21.490 INFO: JdwpEventCenterDelegate: THREAD_RESUMED: thread (33, main, main)
19:07:21.491 INFO: JdwpEventCenterDelegate: THREAD_RESUMED: thread (33, main, main)
19:07:21.491 INFO: JdwpEventCenterDelegate: THREAD_RESUMED: thread (33, main, main)
19:07:21.492 INFO: JdwpEventCenterDelegate: THREAD_RESUMED: thread (33, main, main)
19:07:21.493 INFO: JdwpEventCenterDelegate: THREAD_RESUMED: thread (33, main, main)
19:07:21.494 INFO: JdwpEventCenterDelegate: THREAD_RESUMED: thread (33, main, main)
19:07:21.495 INFO: JdwpEventCenterDelegate: THREAD_RESUMED: thread (33, main, main)
19:07:21.497 INFO: JdwpEventCenterDelegate: THREAD_RESUMED: thread (33, main, main)
19:07:21.498 INFO: JdwpEventCenterDelegate: THREAD_RESUMED: thread (33, main, main)
19:07:21.502 INFO: JdwpEventCenterDelegate: THREAD_RESUMED: thread (33, main, main)
19:07:21.503 INFO: JdwpEventCenterDelegate: THREAD_RESUMED: thread (33, main, main)
19:07:21.638 INFO: JdwpEventCenterDelegate: THREAD_STARTED: thread (93, AssetManager, main)
19:07:21.744 INFO: JdwpEventCenterDelegate: THREAD_RESUMED: thread (33, main, main)
19:07:21.746 INFO: JdwpEventCenterDelegate: THREAD_RESUMED: thread (33, main, main)
19:07:24.539 INFO: JdwpEventCenterDelegate: THREAD_RESUMED: thread (33, main, main)
19:07:24.633 INFO: JdwpEventCenterDelegate: THREAD_RESUMED: thread (33, main, main)
19:07:24.634 INFO: JdwpEventCenterDelegate: THREAD_RESUMED: thread (33, main, main)
19:07:24.636 INFO: JdwpEventCenterDelegate: THREAD_RESUMED: thread (33, main, main)
19:07:24.638 INFO: JdwpEventCenterDelegate: THREAD_RESUMED: thread (33, main, main)
19:07:24.639 INFO: JdwpEventCenterDelegate: THREAD_RESUMED: thread (33, main, main)
19:07:24.645 INFO: JdwpEventCenterDelegate: THREAD_RESUMED: thread (33, main, main)
19:07:24.657 INFO: JdwpEventCenterDelegate: THREAD_RESUMED: thread (33, main, main)
19:07:24.658 INFO: JdwpEventCenterDelegate: THREAD_RESUMED: thread (33, main, main)
19:07:24.660 INFO: JdwpEventCenterDelegate: THREAD_RESUMED: thread (33, main, main)
19:07:24.662 INFO: JdwpEventCenterDelegate: THREAD_RESUMED: thread (33, main, main)
19:07:24.665 INFO: JdwpEventCenterDelegate: THREAD_RESUMED: thread (33, main, main)
19:07:24.670 INFO: JdwpEventCenterDelegate: THREAD_RESUMED: thread (33, main, main)
19:07:24.684 INFO: JdwpEventCenterDelegate: THREAD_RESUMED: thread (33, main, main)
19:07:24.687 INFO: JdwpEventCenterDelegate: THREAD_RESUMED: thread (33, main, main)
19:07:24.689 INFO: JdwpEventCenterDelegate: THREAD_RESUMED: thread (33, main, main)
19:07:24.691 INFO: JdwpEventCenterDelegate: THREAD_RESUMED: thread (33, main, main)
19:07:24.693 INFO: JdwpEventCenterDelegate: THREAD_RESUMED: thread (33, main, main)
19:07:24.698 INFO: JdwpEventCenterDelegate: THREAD_RESUMED: thread (33, main, main)
19:07:24.716 INFO: JdwpEventCenterDelegate: THREAD_RESUMED: thread (33, main, main)
19:07:24.718 INFO: JdwpEventCenterDelegate: THREAD_RESUMED: thread (33, main, main)
19:07:24.720 INFO: JdwpEventCenterDelegate: THREAD_RESUMED: thread (33, main, main)
19:07:24.722 INFO: JdwpEventCenterDelegate: THREAD_RESUMED: thread (33, main, main)
19:07:24.724 INFO: JdwpEventCenterDelegate: THREAD_RESUMED: thread (33, main, main)
19:07:24.729 INFO: JdwpEventCenterDelegate: THREAD_RESUMED: thread (33, main, main)
19:07:24.744 INFO: JdwpEventCenterDelegate: THREAD_RESUMED: thread (33, main, main)
19:07:24.746 INFO: JdwpEventCenterDelegate: THREAD_RESUMED: thread (33, main, main)
19:07:24.749 INFO: JdwpEventCenterDelegate: THREAD_RESUMED: thread (33, main, main)
19:07:24.751 INFO: JdwpEventCenterDelegate: THREAD_RESUMED: thread (33, main, main)
19:07:24.753 INFO: JdwpEventCenterDelegate: THREAD_RESUMED: thread (33, main, main)
19:07:24.758 INFO: JdwpEventCenterDelegate: THREAD_RESUMED: thread (33, main, main)
19:07:24.776 INFO: JdwpEventCenterDelegate: THREAD_RESUMED: thread (33, main, main)
19:07:24.778 INFO: JdwpEventCenterDelegate: THREAD_RESUMED: thread (33, main, main)
19:07:24.781 INFO: JdwpEventCenterDelegate: THREAD_RESUMED: thread (33, main, main)
19:07:24.782 INFO: JdwpEventCenterDelegate: THREAD_RESUMED: thread (33, main, main)
19:07:24.785 INFO: JdwpEventCenterDelegate: THREAD_RESUMED: thread (33, main, main)
19:07:24.789 INFO: JdwpEventCenterDelegate: THREAD_RESUMED: thread (33, main, main)
19:07:24.809 INFO: JdwpEventCenterDelegate: THREAD_RESUMED: thread (33, main, main)
19:07:24.811 INFO: JdwpEventCenterDelegate: THREAD_RESUMED: thread (33, main, main)
19:07:24.813 INFO: JdwpEventCenterDelegate: THREAD_RESUMED: thread (33, main, main)
19:07:24.815 INFO: JdwpEventCenterDelegate: THREAD_RESUMED: thread (33, main, main)
19:07:24.817 INFO: JdwpEventCenterDelegate: THREAD_RESUMED: thread (33, main, main)
19:07:24.822 INFO: JdwpEventCenterDelegate: THREAD_RESUMED: thread (33, main, main)
19:07:24.841 INFO: JdwpEventCenterDelegate: THREAD_RESUMED: thread (33, main, main)
19:07:24.843 INFO: JdwpEventCenterDelegate: THREAD_RESUMED: thread (33, main, main)
19:07:24.845 INFO: JdwpEventCenterDelegate: THREAD_RESUMED: thread (33, main, main)
19:07:24.847 INFO: JdwpEventCenterDelegate: THREAD_RESUMED: thread (33, main, main)
19:07:24.849 INFO: JdwpEventCenterDelegate: THREAD_RESUMED: thread (33, main, main)
19:07:24.854 INFO: JdwpEventCenterDelegate: THREAD_RESUMED: thread (33, main, main)
19:07:24.872 INFO: JdwpEventCenterDelegate: THREAD_RESUMED: thread (33, main, main)
19:07:24.874 INFO: JdwpEventCenterDelegate: THREAD_RESUMED: thread (33, main, main)
19:07:24.877 INFO: JdwpEventCenterDelegate: THREAD_RESUMED: thread (33, main, main)
19:07:24.879 INFO: JdwpEventCenterDelegate: THREAD_RESUMED: thread (33, main, main)
19:07:24.881 INFO: JdwpEventCenterDelegate: THREAD_RESUMED: thread (33, main, main)
19:07:24.885 INFO: JdwpEventCenterDelegate: THREAD_RESUMED: thread (33, main, main)
19:07:24.900 INFO: JdwpEventCenterDelegate: THREAD_RESUMED: thread (33, main, main)
19:07:24.902 INFO: JdwpEventCenterDelegate: THREAD_RESUMED: thread (33, main, main)
19:07:24.904 INFO: JdwpEventCenterDelegate: THREAD_RESUMED: thread (33, main, main)
19:07:24.906 INFO: JdwpEventCenterDelegate: THREAD_RESUMED: thread (33, main, main)
19:07:24.909 INFO: JdwpEventCenterDelegate: THREAD_RESUMED: thread (33, main, main)
19:07:24.913 INFO: JdwpEventCenterDelegate: THREAD_RESUMED: thread (33, main, main)
19:07:24.928 INFO: JdwpEventCenterDelegate: THREAD_RESUMED: thread (33, main, main)
19:07:24.930 INFO: JdwpEventCenterDelegate: THREAD_RESUMED: thread (33, main, main)
19:07:24.932 INFO: JdwpEventCenterDelegate: THREAD_RESUMED: thread (33, main, main)
19:07:24.934 INFO: JdwpEventCenterDelegate: THREAD_RESUMED: thread (33, main, main)
19:07:24.936 INFO: JdwpEventCenterDelegate: THREAD_RESUMED: thread (33, main, main)
19:07:24.941 INFO: JdwpEventCenterDelegate: THREAD_RESUMED: thread (33, main, main)
19:07:24.963 INFO: JdwpEventCenterDelegate: THREAD_RESUMED: thread (33, main, main)
19:07:24.964 INFO: JdwpEventCenterDelegate: THREAD_RESUMED: thread (33, main, main)
19:07:24.967 INFO: JdwpEventCenterDelegate: THREAD_RESUMED: thread (33, main, main)
19:07:24.969 INFO: JdwpEventCenterDelegate: THREAD_RESUMED: thread (33, main, main)
19:07:24.971 INFO: JdwpEventCenterDelegate: THREAD_RESUMED: thread (33, main, main)
19:07:24.976 INFO: JdwpEventCenterDelegate: THREAD_RESUMED: thread (33, main, main)
19:07:24.998 INFO: JdwpEventCenterDelegate: THREAD_RESUMED: thread (33, main, main)
19:07:25.000 INFO: JdwpEventCenterDelegate: THREAD_RESUMED: thread (33, main, main)
19:07:25.002 INFO: JdwpEventCenterDelegate: THREAD_RESUMED: thread (33, main, main)
19:07:25.004 INFO: JdwpEventCenterDelegate: THREAD_RESUMED: thread (33, main, main)
19:07:25.006 INFO: JdwpEventCenterDelegate: THREAD_RESUMED: thread (33, main, main)
19:07:25.011 INFO: JdwpEventCenterDelegate: THREAD_RESUMED: thread (33, main, main)
19:07:25.030 INFO: JdwpEventCenterDelegate: THREAD_RESUMED: thread (33, main, main)
19:07:25.032 INFO: JdwpEventCenterDelegate: THREAD_RESUMED: thread (33, main, main)
19:07:25.035 INFO: JdwpEventCenterDelegate: THREAD_RESUMED: thread (33, main, main)
19:07:25.037 INFO: JdwpEventCenterDelegate: THREAD_RESUMED: thread (33, main, main)
19:07:25.039 INFO: JdwpEventCenterDelegate: THREAD_RESUMED: thread (33, main, main)
19:07:25.044 INFO: JdwpEventCenterDelegate: THREAD_RESUMED: thread (33, main, main)
19:07:25.057 INFO: JdwpEventCenterDelegate: THREAD_RESUMED: thread (33, main, main)
19:07:25.059 INFO: JdwpEventCenterDelegate: THREAD_RESUMED: thread (33, main, main)
19:07:25.061 INFO: JdwpEventCenterDelegate: THREAD_RESUMED: thread (33, main, main)
19:07:25.063 INFO: JdwpEventCenterDelegate: THREAD_RESUMED: thread (33, main, main)
19:07:25.065 INFO: JdwpEventCenterDelegate: THREAD_RESUMED: thread (33, main, main)
19:07:25.071 INFO: JdwpEventCenterDelegate: THREAD_RESUMED: thread (33, main, main)
19:07:25.073 INFO: JdwpEventCenterDelegate: THREAD_RESUMED: thread (33, main, main)
19:07:25.076 INFO: JdwpEventCenterDelegate: THREAD_RESUMED: thread (33, main, main)
19:07:25.079 INFO: JdwpEventCenterDelegate: THREAD_RESUMED: thread (33, main, main)
19:07:25.081 INFO: JdwpEventCenterDelegate: THREAD_RESUMED: thread (33, main, main)
19:07:25.083 INFO: JdwpEventCenterDelegate: THREAD_RESUMED: thread (33, main, main)
19:07:25.086 INFO: JdwpEventCenterDelegate: THREAD_RESUMED: thread (33, main, main)
19:07:25.090 INFO: JdwpEventCenterDelegate: THREAD_RESUMED: thread (33, main, main)
19:07:25.093 INFO: JdwpEventCenterDelegate: THREAD_RESUMED: thread (33, main, main)
19:07:25.095 INFO: JdwpEventCenterDelegate: THREAD_RESUMED: thread (33, main, main)
19:07:25.098 INFO: JdwpEventCenterDelegate: THREAD_RESUMED: thread (33, main, main)
19:07:25.100 INFO: JdwpEventCenterDelegate: THREAD_RESUMED: thread (33, main, main)
19:07:25.102 INFO: JdwpEventCenterDelegate: THREAD_RESUMED: thread (33, main, main)
19:07:25.104 INFO: JdwpEventCenterDelegate: THREAD_RESUMED: thread (33, main, main)
19:07:25.104 INFO: JdwpEventCenterDelegate: THREAD_DETTACHED: thread (33, main, main)
19:07:25.107 SEVERE: Debugger: Thread HooksChannel socket thread crashed
org.robovm.debugger.DebuggerException: java.io.IOException: org.robovm.libimobiledevice.LibIMobileDeviceException: IDEVICE_E_UNKNOWN_ERROR
	at org.robovm.debugger.hooks.HooksChannel.doSocketWork(HooksChannel.java:149)
	at java.base/java.lang.Thread.run(Thread.java:834)
	at org.robovm.debugger.utils.DebuggerThread.run(DebuggerThread.java:42)
Caused by: java.io.IOException: org.robovm.libimobiledevice.LibIMobileDeviceException: IDEVICE_E_UNKNOWN_ERROR
	at org.robovm.libimobiledevice.IDeviceConnection$DeviceInputStream.read(IDeviceConnection.java:203)
	at org.robovm.debugger.utils.bytebuffer.DataBufferWriter.writeFromStream(DataBufferWriter.java:89)
	at org.robovm.debugger.hooks.HooksChannel.doSocketWork(HooksChannel.java:116)
	... 2 more
Caused by: org.robovm.libimobiledevice.LibIMobileDeviceException: IDEVICE_E_UNKNOWN_ERROR
	at org.robovm.libimobiledevice.IDevice.checkResult(IDevice.java:206)
	at org.robovm.libimobiledevice.IDeviceConnection.receive(IDeviceConnection.java:110)
	at org.robovm.libimobiledevice.IDeviceConnection.receive(IDeviceConnection.java:81)
	at org.robovm.libimobiledevice.IDeviceConnection$DeviceInputStream.read(IDeviceConnection.java:201)
	... 4 more
19:07:25.127 INFO: JdwpDebugServer: handling req: VirtualMachine(1).Exit(10)
19:07:25.127 SEVERE: Debugger: Thread JDWP server socket thread crashed
org.robovm.debugger.DebuggerException: Terminating due exit command
	at org.robovm.debugger.jdwp.JdwpDebugServer.doSocketWork(JdwpDebugServer.java:211)
	at java.base/java.lang.Thread.run(Thread.java:834)
	at org.robovm.debugger.utils.DebuggerThread.run(DebuggerThread.java:42)
