23:24:02.331 INFO: JdwpDebugServer: handling req: VirtualMachine(1).IDSizes(7)
23:24:02.332 INFO: JdwpDebugServer: handling req: EventRequest(15).Set(1)
23:24:02.332 INFO: JdwpEventCenterDelegate: jdwpSetEventRequest: JdwpEventRequest{requestId=100, eventKind=CLASS_PREPARE, suspendPolicy=NONE, predicates=[]}
23:24:02.332 INFO: JdwpDebugServer: handling req: EventRequest(15).Set(1)
23:24:02.332 INFO: JdwpEventCenterDelegate: jdwpSetEventRequest: JdwpEventRequest{requestId=101, eventKind=CLASS_UNLOAD, suspendPolicy=NONE, predicates=[]}
23:24:02.349 INFO: JdwpDebugServer: handling req: VirtualMachine(1).Version(1)
23:24:02.350 INFO: JdwpDebugServer: handling req: VirtualMachine(1).capabilitiesNew(17)
23:24:02.350 INFO: JdwpDebugServer: handling req: VirtualMachine(1).capabilities(12)
23:24:02.350 INFO: JdwpDebugServer: handling req: VirtualMachine(1).AllClassesWithGeneric(20)
23:24:02.354 INFO: JdwpDebugServer: handling req: VirtualMachine(1).TopLevelThreadGroups(5)
23:24:02.354 INFO: JdwpDebugServer: handling req: EventRequest(15).Set(1)
23:24:02.354 INFO: JdwpEventCenterDelegate: jdwpSetEventRequest: JdwpEventRequest{requestId=102, eventKind=THREAD_START, suspendPolicy=NONE, predicates=[]}
23:24:02.354 INFO: JdwpDebugServer: handling req: EventRequest(15).Set(1)
23:24:02.354 INFO: JdwpEventCenterDelegate: jdwpSetEventRequest: JdwpEventRequest{requestId=103, eventKind=THREAD_DEATH, suspendPolicy=NONE, predicates=[]}
23:24:02.355 INFO: JdwpDebugServer: handling req: EventRequest(15).Set(1)
23:24:02.355 INFO: JdwpEventCenterDelegate: jdwpSetEventRequest: JdwpEventRequest{requestId=104, eventKind=CLASS_PREPARE, suspendPolicy=EVENT_THREAD, predicates=[className=sun.instrument.InstrumentationImpl]}
23:24:02.355 INFO: JdwpDebugServer: handling req: EventRequest(15).Set(1)
23:24:02.355 INFO: JdwpEventCenterDelegate: jdwpSetEventRequest: JdwpEventRequest{requestId=105, eventKind=CLASS_PREPARE, suspendPolicy=EVENT_THREAD, predicates=[className=sun.instrument.InstrumentationImpl]}
23:24:02.747 INFO: JdwpDebugServer: handling req: VirtualMachine(1).Resume(9)
23:24:02.780 INFO: JdwpEventCenterDelegate: THREAD_STARTED: thread (33, main, main)
23:24:02.795 INFO: JdwpEventCenterDelegate: THREAD_STARTED: thread (48, ReferenceQueueDaemon, main)
23:24:02.802 INFO: JdwpEventCenterDelegate: THREAD_STARTED: thread (63, FinalizerDaemon, main)
23:24:02.808 INFO: JdwpEventCenterDelegate: THREAD_STARTED: thread (78, FinalizerWatchdogDaemon, main)
23:24:02.811 INFO: JdwpEventCenterDelegate: THREAD_RESUMED: thread (33, main, main)
23:24:02.813 INFO: JdwpEventCenterDelegate: THREAD_RESUMED: thread (33, main, main)
23:24:02.814 INFO: JdwpEventCenterDelegate: THREAD_RESUMED: thread (33, main, main)
23:24:02.815 INFO: JdwpEventCenterDelegate: THREAD_RESUMED: thread (33, main, main)
23:24:02.817 INFO: JdwpEventCenterDelegate: THREAD_RESUMED: thread (33, main, main)
23:24:02.818 INFO: JdwpEventCenterDelegate: THREAD_RESUMED: thread (33, main, main)
23:24:02.819 INFO: JdwpEventCenterDelegate: THREAD_RESUMED: thread (33, main, main)
23:24:02.820 INFO: JdwpEventCenterDelegate: THREAD_RESUMED: thread (33, main, main)
23:24:02.822 INFO: JdwpEventCenterDelegate: THREAD_RESUMED: thread (33, main, main)
23:24:02.823 INFO: JdwpEventCenterDelegate: THREAD_RESUMED: thread (33, main, main)
23:24:02.824 INFO: JdwpEventCenterDelegate: THREAD_RESUMED: thread (33, main, main)
23:24:02.826 INFO: JdwpEventCenterDelegate: THREAD_RESUMED: thread (33, main, main)
23:24:02.827 INFO: JdwpEventCenterDelegate: THREAD_RESUMED: thread (33, main, main)
23:24:02.828 INFO: JdwpEventCenterDelegate: THREAD_RESUMED: thread (33, main, main)
23:24:02.829 INFO: JdwpEventCenterDelegate: THREAD_RESUMED: thread (33, main, main)
23:24:02.830 INFO: JdwpEventCenterDelegate: THREAD_RESUMED: thread (33, main, main)
23:24:02.832 INFO: JdwpEventCenterDelegate: THREAD_RESUMED: thread (33, main, main)
23:24:02.833 INFO: JdwpEventCenterDelegate: THREAD_RESUMED: thread (33, main, main)
23:24:02.836 INFO: JdwpEventCenterDelegate: THREAD_RESUMED: thread (33, main, main)
23:24:02.838 INFO: JdwpEventCenterDelegate: THREAD_RESUMED: thread (33, main, main)
23:24:02.839 INFO: JdwpEventCenterDelegate: THREAD_RESUMED: thread (33, main, main)
23:24:02.840 INFO: JdwpEventCenterDelegate: THREAD_RESUMED: thread (33, main, main)
23:24:02.842 INFO: JdwpEventCenterDelegate: THREAD_RESUMED: thread (33, main, main)
23:24:02.844 INFO: JdwpEventCenterDelegate: THREAD_RESUMED: thread (33, main, main)
23:24:02.845 INFO: JdwpEventCenterDelegate: THREAD_RESUMED: thread (33, main, main)
23:24:02.871 INFO: JdwpEventCenterDelegate: THREAD_RESUMED: thread (33, main, main)
23:24:02.872 INFO: JdwpEventCenterDelegate: THREAD_RESUMED: thread (33, main, main)
23:24:02.873 INFO: JdwpEventCenterDelegate: THREAD_RESUMED: thread (33, main, main)
23:24:02.875 INFO: JdwpEventCenterDelegate: THREAD_RESUMED: thread (33, main, main)
23:24:02.876 INFO: JdwpEventCenterDelegate: THREAD_RESUMED: thread (33, main, main)
23:24:02.877 INFO: JdwpEventCenterDelegate: THREAD_RESUMED: thread (33, main, main)
23:24:02.879 INFO: JdwpEventCenterDelegate: THREAD_RESUMED: thread (33, main, main)
23:24:02.881 INFO: JdwpEventCenterDelegate: THREAD_RESUMED: thread (33, main, main)
23:24:02.882 INFO: JdwpEventCenterDelegate: THREAD_RESUMED: thread (33, main, main)
23:24:02.884 INFO: JdwpEventCenterDelegate: THREAD_RESUMED: thread (33, main, main)
23:24:02.885 INFO: JdwpEventCenterDelegate: THREAD_RESUMED: thread (33, main, main)
23:24:02.886 INFO: JdwpEventCenterDelegate: THREAD_RESUMED: thread (33, main, main)
23:24:02.888 INFO: JdwpEventCenterDelegate: THREAD_RESUMED: thread (33, main, main)
23:24:02.889 INFO: JdwpEventCenterDelegate: THREAD_RESUMED: thread (33, main, main)
23:24:02.904 INFO: JdwpEventCenterDelegate: THREAD_RESUMED: thread (33, main, main)
23:24:02.905 INFO: JdwpEventCenterDelegate: THREAD_RESUMED: thread (33, main, main)
23:24:02.907 INFO: JdwpEventCenterDelegate: THREAD_RESUMED: thread (33, main, main)
23:24:02.908 INFO: JdwpEventCenterDelegate: THREAD_RESUMED: thread (33, main, main)
23:24:02.910 INFO: JdwpEventCenterDelegate: THREAD_RESUMED: thread (33, main, main)
23:24:02.911 INFO: JdwpEventCenterDelegate: THREAD_RESUMED: thread (33, main, main)
23:24:02.912 INFO: JdwpEventCenterDelegate: THREAD_RESUMED: thread (33, main, main)
23:24:02.935 INFO: JdwpEventCenterDelegate: THREAD_RESUMED: thread (33, main, main)
23:24:02.936 INFO: JdwpEventCenterDelegate: THREAD_RESUMED: thread (33, main, main)
23:24:02.938 INFO: JdwpEventCenterDelegate: THREAD_RESUMED: thread (33, main, main)
23:24:02.940 INFO: JdwpEventCenterDelegate: THREAD_RESUMED: thread (33, main, main)
23:24:02.941 INFO: JdwpEventCenterDelegate: THREAD_RESUMED: thread (33, main, main)
23:24:02.942 INFO: JdwpEventCenterDelegate: THREAD_RESUMED: thread (33, main, main)
23:24:02.943 INFO: JdwpEventCenterDelegate: THREAD_RESUMED: thread (33, main, main)
23:24:02.971 INFO: JdwpEventCenterDelegate: THREAD_RESUMED: thread (33, main, main)
23:24:02.972 INFO: JdwpEventCenterDelegate: THREAD_RESUMED: thread (33, main, main)
23:24:02.973 INFO: JdwpEventCenterDelegate: THREAD_RESUMED: thread (33, main, main)
23:24:02.975 INFO: JdwpEventCenterDelegate: THREAD_RESUMED: thread (33, main, main)
23:24:02.976 INFO: JdwpEventCenterDelegate: THREAD_RESUMED: thread (33, main, main)
23:24:02.977 INFO: JdwpEventCenterDelegate: THREAD_RESUMED: thread (33, main, main)
23:24:02.978 INFO: JdwpEventCenterDelegate: THREAD_RESUMED: thread (33, main, main)
23:24:02.990 INFO: JdwpEventCenterDelegate: THREAD_RESUMED: thread (33, main, main)
23:24:02.991 INFO: JdwpEventCenterDelegate: THREAD_RESUMED: thread (33, main, main)
23:24:02.993 INFO: JdwpEventCenterDelegate: THREAD_RESUMED: thread (33, main, main)
23:24:02.994 INFO: JdwpEventCenterDelegate: THREAD_RESUMED: thread (33, main, main)
23:24:02.996 INFO: JdwpEventCenterDelegate: THREAD_RESUMED: thread (33, main, main)
23:24:02.997 INFO: JdwpEventCenterDelegate: THREAD_RESUMED: thread (33, main, main)
23:24:02.998 INFO: JdwpEventCenterDelegate: THREAD_RESUMED: thread (33, main, main)
23:24:03.007 INFO: JdwpEventCenterDelegate: THREAD_RESUMED: thread (33, main, main)
23:24:03.008 INFO: JdwpEventCenterDelegate: THREAD_RESUMED: thread (33, main, main)
23:24:03.009 INFO: JdwpEventCenterDelegate: THREAD_RESUMED: thread (33, main, main)
23:24:03.010 INFO: JdwpEventCenterDelegate: THREAD_RESUMED: thread (33, main, main)
23:24:03.012 INFO: JdwpEventCenterDelegate: THREAD_RESUMED: thread (33, main, main)
23:24:03.013 INFO: JdwpEventCenterDelegate: THREAD_RESUMED: thread (33, main, main)
23:24:03.014 INFO: JdwpEventCenterDelegate: THREAD_RESUMED: thread (33, main, main)
23:24:03.015 INFO: JdwpEventCenterDelegate: THREAD_RESUMED: thread (33, main, main)
23:24:03.017 INFO: JdwpEventCenterDelegate: THREAD_RESUMED: thread (33, main, main)
23:24:03.018 INFO: JdwpEventCenterDelegate: THREAD_RESUMED: thread (33, main, main)
23:24:03.020 INFO: JdwpEventCenterDelegate: THREAD_RESUMED: thread (33, main, main)
23:24:03.021 INFO: JdwpEventCenterDelegate: THREAD_RESUMED: thread (33, main, main)
23:24:03.022 INFO: JdwpEventCenterDelegate: THREAD_RESUMED: thread (33, main, main)
23:24:03.024 INFO: JdwpEventCenterDelegate: THREAD_RESUMED: thread (33, main, main)
23:24:03.025 INFO: JdwpEventCenterDelegate: THREAD_RESUMED: thread (33, main, main)
23:24:03.026 INFO: JdwpEventCenterDelegate: THREAD_RESUMED: thread (33, main, main)
23:24:03.028 INFO: JdwpEventCenterDelegate: THREAD_RESUMED: thread (33, main, main)
23:24:03.029 INFO: JdwpEventCenterDelegate: THREAD_RESUMED: thread (33, main, main)
23:24:03.031 INFO: JdwpEventCenterDelegate: THREAD_RESUMED: thread (33, main, main)
23:24:03.033 INFO: JdwpEventCenterDelegate: THREAD_RESUMED: thread (33, main, main)
23:24:03.157 INFO: JdwpEventCenterDelegate: THREAD_STARTED: thread (93, AssetManager, main)
23:24:03.260 INFO: JdwpEventCenterDelegate: THREAD_RESUMED: thread (33, main, main)
23:24:03.262 INFO: JdwpEventCenterDelegate: THREAD_RESUMED: thread (33, main, main)
23:24:05.829 INFO: JdwpEventCenterDelegate: THREAD_RESUMED: thread (33, main, main)
23:24:05.935 INFO: JdwpEventCenterDelegate: THREAD_RESUMED: thread (33, main, main)
23:24:05.936 INFO: JdwpEventCenterDelegate: THREAD_RESUMED: thread (33, main, main)
23:24:05.938 INFO: JdwpEventCenterDelegate: THREAD_RESUMED: thread (33, main, main)
23:24:05.939 INFO: JdwpEventCenterDelegate: THREAD_RESUMED: thread (33, main, main)
23:24:05.941 INFO: JdwpEventCenterDelegate: THREAD_RESUMED: thread (33, main, main)
23:24:05.947 INFO: JdwpEventCenterDelegate: THREAD_RESUMED: thread (33, main, main)
23:24:05.959 INFO: JdwpEventCenterDelegate: THREAD_RESUMED: thread (33, main, main)
23:24:05.961 INFO: JdwpEventCenterDelegate: THREAD_RESUMED: thread (33, main, main)
23:24:05.963 INFO: JdwpEventCenterDelegate: THREAD_RESUMED: thread (33, main, main)
23:24:05.965 INFO: JdwpEventCenterDelegate: THREAD_RESUMED: thread (33, main, main)
23:24:05.967 INFO: JdwpEventCenterDelegate: THREAD_RESUMED: thread (33, main, main)
23:24:05.972 INFO: JdwpEventCenterDelegate: THREAD_RESUMED: thread (33, main, main)
23:24:05.987 INFO: JdwpEventCenterDelegate: THREAD_RESUMED: thread (33, main, main)
23:24:05.989 INFO: JdwpEventCenterDelegate: THREAD_RESUMED: thread (33, main, main)
23:24:05.991 INFO: JdwpEventCenterDelegate: THREAD_RESUMED: thread (33, main, main)
23:24:05.994 INFO: JdwpEventCenterDelegate: THREAD_RESUMED: thread (33, main, main)
23:24:05.996 INFO: JdwpEventCenterDelegate: THREAD_RESUMED: thread (33, main, main)
23:24:06.001 INFO: JdwpEventCenterDelegate: THREAD_RESUMED: thread (33, main, main)
23:24:06.019 INFO: JdwpEventCenterDelegate: THREAD_RESUMED: thread (33, main, main)
23:24:06.021 INFO: JdwpEventCenterDelegate: THREAD_RESUMED: thread (33, main, main)
23:24:06.024 INFO: JdwpEventCenterDelegate: THREAD_RESUMED: thread (33, main, main)
23:24:06.026 INFO: JdwpEventCenterDelegate: THREAD_RESUMED: thread (33, main, main)
23:24:06.028 INFO: JdwpEventCenterDelegate: THREAD_RESUMED: thread (33, main, main)
23:24:06.033 INFO: JdwpEventCenterDelegate: THREAD_RESUMED: thread (33, main, main)
23:24:06.049 INFO: JdwpEventCenterDelegate: THREAD_RESUMED: thread (33, main, main)
23:24:06.051 INFO: JdwpEventCenterDelegate: THREAD_RESUMED: thread (33, main, main)
23:24:06.053 INFO: JdwpEventCenterDelegate: THREAD_RESUMED: thread (33, main, main)
23:24:06.055 INFO: JdwpEventCenterDelegate: THREAD_RESUMED: thread (33, main, main)
23:24:06.058 INFO: JdwpEventCenterDelegate: THREAD_RESUMED: thread (33, main, main)
23:24:06.063 INFO: JdwpEventCenterDelegate: THREAD_RESUMED: thread (33, main, main)
23:24:06.078 INFO: JdwpEventCenterDelegate: THREAD_RESUMED: thread (33, main, main)
23:24:06.081 INFO: JdwpEventCenterDelegate: THREAD_RESUMED: thread (33, main, main)
23:24:06.083 INFO: JdwpEventCenterDelegate: THREAD_RESUMED: thread (33, main, main)
23:24:06.085 INFO: JdwpEventCenterDelegate: THREAD_RESUMED: thread (33, main, main)
23:24:06.088 INFO: JdwpEventCenterDelegate: THREAD_RESUMED: thread (33, main, main)
23:24:06.093 INFO: JdwpEventCenterDelegate: THREAD_RESUMED: thread (33, main, main)
23:24:06.112 INFO: JdwpEventCenterDelegate: THREAD_RESUMED: thread (33, main, main)
23:24:06.114 INFO: JdwpEventCenterDelegate: THREAD_RESUMED: thread (33, main, main)
23:24:06.117 INFO: JdwpEventCenterDelegate: THREAD_RESUMED: thread (33, main, main)
23:24:06.119 INFO: JdwpEventCenterDelegate: THREAD_RESUMED: thread (33, main, main)
23:24:06.121 INFO: JdwpEventCenterDelegate: THREAD_RESUMED: thread (33, main, main)
23:24:06.126 INFO: JdwpEventCenterDelegate: THREAD_RESUMED: thread (33, main, main)
23:24:06.145 INFO: JdwpEventCenterDelegate: THREAD_RESUMED: thread (33, main, main)
23:24:06.148 INFO: JdwpEventCenterDelegate: THREAD_RESUMED: thread (33, main, main)
23:24:06.150 INFO: JdwpEventCenterDelegate: THREAD_RESUMED: thread (33, main, main)
23:24:06.153 INFO: JdwpEventCenterDelegate: THREAD_RESUMED: thread (33, main, main)
23:24:06.155 INFO: JdwpEventCenterDelegate: THREAD_RESUMED: thread (33, main, main)
23:24:06.160 INFO: JdwpEventCenterDelegate: THREAD_RESUMED: thread (33, main, main)
23:24:06.178 INFO: JdwpEventCenterDelegate: THREAD_RESUMED: thread (33, main, main)
23:24:06.181 INFO: JdwpEventCenterDelegate: THREAD_RESUMED: thread (33, main, main)
23:24:06.183 INFO: JdwpEventCenterDelegate: THREAD_RESUMED: thread (33, main, main)
23:24:06.185 INFO: JdwpEventCenterDelegate: THREAD_RESUMED: thread (33, main, main)
23:24:06.188 INFO: JdwpEventCenterDelegate: THREAD_RESUMED: thread (33, main, main)
23:24:06.192 INFO: JdwpEventCenterDelegate: THREAD_RESUMED: thread (33, main, main)
23:24:06.211 INFO: JdwpEventCenterDelegate: THREAD_RESUMED: thread (33, main, main)
23:24:06.213 INFO: JdwpEventCenterDelegate: THREAD_RESUMED: thread (33, main, main)
23:24:06.216 INFO: JdwpEventCenterDelegate: THREAD_RESUMED: thread (33, main, main)
23:24:06.218 INFO: JdwpEventCenterDelegate: THREAD_RESUMED: thread (33, main, main)
23:24:06.220 INFO: JdwpEventCenterDelegate: THREAD_RESUMED: thread (33, main, main)
23:24:06.226 INFO: JdwpEventCenterDelegate: THREAD_RESUMED: thread (33, main, main)
23:24:06.241 INFO: JdwpEventCenterDelegate: THREAD_RESUMED: thread (33, main, main)
23:24:06.243 INFO: JdwpEventCenterDelegate: THREAD_RESUMED: thread (33, main, main)
23:24:06.246 INFO: JdwpEventCenterDelegate: THREAD_RESUMED: thread (33, main, main)
23:24:06.248 INFO: JdwpEventCenterDelegate: THREAD_RESUMED: thread (33, main, main)
23:24:06.250 INFO: JdwpEventCenterDelegate: THREAD_RESUMED: thread (33, main, main)
23:24:06.255 INFO: JdwpEventCenterDelegate: THREAD_RESUMED: thread (33, main, main)
23:24:06.275 INFO: JdwpEventCenterDelegate: THREAD_RESUMED: thread (33, main, main)
23:24:06.278 INFO: JdwpEventCenterDelegate: THREAD_RESUMED: thread (33, main, main)
23:24:06.280 INFO: JdwpEventCenterDelegate: THREAD_RESUMED: thread (33, main, main)
23:24:06.283 INFO: JdwpEventCenterDelegate: THREAD_RESUMED: thread (33, main, main)
23:24:06.285 INFO: JdwpEventCenterDelegate: THREAD_RESUMED: thread (33, main, main)
23:24:06.290 INFO: JdwpEventCenterDelegate: THREAD_RESUMED: thread (33, main, main)
23:24:06.312 INFO: JdwpEventCenterDelegate: THREAD_RESUMED: thread (33, main, main)
23:24:06.314 INFO: JdwpEventCenterDelegate: THREAD_RESUMED: thread (33, main, main)
23:24:06.317 INFO: JdwpEventCenterDelegate: THREAD_RESUMED: thread (33, main, main)
23:24:06.319 INFO: JdwpEventCenterDelegate: THREAD_RESUMED: thread (33, main, main)
23:24:06.321 INFO: JdwpEventCenterDelegate: THREAD_RESUMED: thread (33, main, main)
23:24:06.326 INFO: JdwpEventCenterDelegate: THREAD_RESUMED: thread (33, main, main)
23:24:06.345 INFO: JdwpEventCenterDelegate: THREAD_RESUMED: thread (33, main, main)
23:24:06.347 INFO: JdwpEventCenterDelegate: THREAD_RESUMED: thread (33, main, main)
23:24:06.350 INFO: JdwpEventCenterDelegate: THREAD_RESUMED: thread (33, main, main)
23:24:06.352 INFO: JdwpEventCenterDelegate: THREAD_RESUMED: thread (33, main, main)
23:24:06.354 INFO: JdwpEventCenterDelegate: THREAD_RESUMED: thread (33, main, main)
23:24:06.359 INFO: JdwpEventCenterDelegate: THREAD_RESUMED: thread (33, main, main)
23:24:06.372 INFO: JdwpEventCenterDelegate: THREAD_RESUMED: thread (33, main, main)
23:24:06.374 INFO: JdwpEventCenterDelegate: THREAD_RESUMED: thread (33, main, main)
23:24:06.376 INFO: JdwpEventCenterDelegate: THREAD_RESUMED: thread (33, main, main)
23:24:06.378 INFO: JdwpEventCenterDelegate: THREAD_RESUMED: thread (33, main, main)
23:24:06.379 INFO: JdwpEventCenterDelegate: THREAD_RESUMED: thread (33, main, main)
23:24:06.384 INFO: JdwpEventCenterDelegate: THREAD_RESUMED: thread (33, main, main)
23:24:06.386 INFO: JdwpEventCenterDelegate: THREAD_RESUMED: thread (33, main, main)
23:24:06.388 INFO: JdwpEventCenterDelegate: THREAD_RESUMED: thread (33, main, main)
23:24:06.390 INFO: JdwpEventCenterDelegate: THREAD_RESUMED: thread (33, main, main)
23:24:06.392 INFO: JdwpEventCenterDelegate: THREAD_RESUMED: thread (33, main, main)
23:24:06.394 INFO: JdwpEventCenterDelegate: THREAD_RESUMED: thread (33, main, main)
23:24:06.396 INFO: JdwpEventCenterDelegate: THREAD_RESUMED: thread (33, main, main)
23:24:06.400 INFO: JdwpEventCenterDelegate: THREAD_RESUMED: thread (33, main, main)
23:24:06.402 INFO: JdwpEventCenterDelegate: THREAD_RESUMED: thread (33, main, main)
23:24:06.404 INFO: JdwpEventCenterDelegate: THREAD_RESUMED: thread (33, main, main)
23:24:06.406 INFO: JdwpEventCenterDelegate: THREAD_RESUMED: thread (33, main, main)
23:24:06.416 INFO: JdwpEventCenterDelegate: THREAD_RESUMED: thread (33, main, main)
23:24:06.418 INFO: JdwpEventCenterDelegate: THREAD_RESUMED: thread (33, main, main)
23:24:06.420 INFO: JdwpEventCenterDelegate: THREAD_RESUMED: thread (33, main, main)
23:24:06.422 INFO: JdwpEventCenterDelegate: THREAD_RESUMED: thread (33, main, main)
23:24:06.424 INFO: JdwpEventCenterDelegate: THREAD_RESUMED: thread (33, main, main)
23:24:06.425 INFO: JdwpEventCenterDelegate: THREAD_RESUMED: thread (33, main, main)
23:24:06.426 INFO: JdwpEventCenterDelegate: THREAD_RESUMED: thread (33, main, main)
23:24:06.447 INFO: JdwpEventCenterDelegate: THREAD_RESUMED: thread (33, main, main)
23:24:06.448 INFO: JdwpEventCenterDelegate: THREAD_RESUMED: thread (33, main, main)
23:24:06.450 INFO: JdwpEventCenterDelegate: THREAD_RESUMED: thread (33, main, main)
23:24:06.451 INFO: JdwpEventCenterDelegate: THREAD_RESUMED: thread (33, main, main)
23:24:06.452 INFO: JdwpEventCenterDelegate: THREAD_RESUMED: thread (33, main, main)
23:24:06.457 INFO: JdwpEventCenterDelegate: THREAD_RESUMED: thread (33, main, main)
23:24:06.470 INFO: JdwpEventCenterDelegate: THREAD_RESUMED: thread (33, main, main)
23:24:06.483 INFO: JdwpEventCenterDelegate: THREAD_RESUMED: thread (33, main, main)
23:24:06.494 INFO: JdwpEventCenterDelegate: THREAD_RESUMED: thread (33, main, main)
23:24:06.507 INFO: JdwpEventCenterDelegate: THREAD_RESUMED: thread (33, main, main)
23:24:06.541 INFO: JdwpEventCenterDelegate: THREAD_RESUMED: thread (33, main, main)
23:24:06.543 INFO: JdwpEventCenterDelegate: THREAD_RESUMED: thread (33, main, main)
23:24:06.545 INFO: JdwpEventCenterDelegate: THREAD_RESUMED: thread (33, main, main)
23:24:06.548 INFO: JdwpEventCenterDelegate: THREAD_RESUMED: thread (33, main, main)
23:24:06.550 INFO: JdwpEventCenterDelegate: THREAD_RESUMED: thread (33, main, main)
23:24:06.555 INFO: JdwpEventCenterDelegate: THREAD_RESUMED: thread (33, main, main)
23:24:06.567 INFO: JdwpEventCenterDelegate: THREAD_RESUMED: thread (33, main, main)
23:24:06.569 INFO: JdwpEventCenterDelegate: THREAD_RESUMED: thread (33, main, main)
23:24:06.572 INFO: JdwpEventCenterDelegate: THREAD_RESUMED: thread (33, main, main)
23:24:06.574 INFO: JdwpEventCenterDelegate: THREAD_RESUMED: thread (33, main, main)
23:24:06.577 INFO: JdwpEventCenterDelegate: THREAD_RESUMED: thread (33, main, main)
23:24:06.582 INFO: JdwpEventCenterDelegate: THREAD_RESUMED: thread (33, main, main)
23:24:06.596 INFO: JdwpEventCenterDelegate: THREAD_RESUMED: thread (33, main, main)
23:24:06.598 INFO: JdwpEventCenterDelegate: THREAD_RESUMED: thread (33, main, main)
23:24:06.601 INFO: JdwpEventCenterDelegate: THREAD_RESUMED: thread (33, main, main)
23:24:06.603 INFO: JdwpEventCenterDelegate: THREAD_RESUMED: thread (33, main, main)
23:24:06.605 INFO: JdwpEventCenterDelegate: THREAD_RESUMED: thread (33, main, main)
23:24:06.609 INFO: JdwpEventCenterDelegate: THREAD_RESUMED: thread (33, main, main)
23:24:06.626 INFO: JdwpEventCenterDelegate: THREAD_RESUMED: thread (33, main, main)
23:24:06.629 INFO: JdwpEventCenterDelegate: THREAD_RESUMED: thread (33, main, main)
23:24:06.631 INFO: JdwpEventCenterDelegate: THREAD_RESUMED: thread (33, main, main)
23:24:06.633 INFO: JdwpEventCenterDelegate: THREAD_RESUMED: thread (33, main, main)
23:24:06.636 INFO: JdwpEventCenterDelegate: THREAD_RESUMED: thread (33, main, main)
23:24:06.641 INFO: JdwpEventCenterDelegate: THREAD_RESUMED: thread (33, main, main)
23:24:06.655 INFO: JdwpEventCenterDelegate: THREAD_RESUMED: thread (33, main, main)
23:24:06.658 INFO: JdwpEventCenterDelegate: THREAD_RESUMED: thread (33, main, main)
23:24:06.660 INFO: JdwpEventCenterDelegate: THREAD_RESUMED: thread (33, main, main)
23:24:06.662 INFO: JdwpEventCenterDelegate: THREAD_RESUMED: thread (33, main, main)
23:24:06.665 INFO: JdwpEventCenterDelegate: THREAD_RESUMED: thread (33, main, main)
23:24:06.669 INFO: JdwpEventCenterDelegate: THREAD_RESUMED: thread (33, main, main)
23:24:06.684 INFO: JdwpEventCenterDelegate: THREAD_RESUMED: thread (33, main, main)
23:24:06.686 INFO: JdwpEventCenterDelegate: THREAD_RESUMED: thread (33, main, main)
23:24:06.688 INFO: JdwpEventCenterDelegate: THREAD_RESUMED: thread (33, main, main)
23:24:06.690 INFO: JdwpEventCenterDelegate: THREAD_RESUMED: thread (33, main, main)
23:24:06.692 INFO: JdwpEventCenterDelegate: THREAD_RESUMED: thread (33, main, main)
23:24:06.697 INFO: JdwpEventCenterDelegate: THREAD_RESUMED: thread (33, main, main)
23:24:06.718 INFO: JdwpEventCenterDelegate: THREAD_RESUMED: thread (33, main, main)
23:24:06.721 INFO: JdwpEventCenterDelegate: THREAD_RESUMED: thread (33, main, main)
23:24:06.723 INFO: JdwpEventCenterDelegate: THREAD_RESUMED: thread (33, main, main)
23:24:06.725 INFO: JdwpEventCenterDelegate: THREAD_RESUMED: thread (33, main, main)
23:24:06.727 INFO: JdwpEventCenterDelegate: THREAD_RESUMED: thread (33, main, main)
23:24:06.732 INFO: JdwpEventCenterDelegate: THREAD_RESUMED: thread (33, main, main)
23:24:06.750 INFO: JdwpEventCenterDelegate: THREAD_RESUMED: thread (33, main, main)
23:24:06.753 INFO: JdwpEventCenterDelegate: THREAD_RESUMED: thread (33, main, main)
23:24:06.755 INFO: JdwpEventCenterDelegate: THREAD_RESUMED: thread (33, main, main)
23:24:06.757 INFO: JdwpEventCenterDelegate: THREAD_RESUMED: thread (33, main, main)
23:24:06.760 INFO: JdwpEventCenterDelegate: THREAD_RESUMED: thread (33, main, main)
23:24:06.764 INFO: JdwpEventCenterDelegate: THREAD_RESUMED: thread (33, main, main)
23:24:06.782 INFO: JdwpEventCenterDelegate: THREAD_RESUMED: thread (33, main, main)
23:24:06.785 INFO: JdwpEventCenterDelegate: THREAD_RESUMED: thread (33, main, main)
23:24:06.787 INFO: JdwpEventCenterDelegate: THREAD_RESUMED: thread (33, main, main)
23:24:06.789 INFO: JdwpEventCenterDelegate: THREAD_RESUMED: thread (33, main, main)
23:24:06.792 INFO: JdwpEventCenterDelegate: THREAD_RESUMED: thread (33, main, main)
23:24:06.796 INFO: JdwpEventCenterDelegate: THREAD_RESUMED: thread (33, main, main)
23:24:06.811 INFO: JdwpEventCenterDelegate: THREAD_RESUMED: thread (33, main, main)
23:24:06.813 INFO: JdwpEventCenterDelegate: THREAD_RESUMED: thread (33, main, main)
23:24:06.816 INFO: JdwpEventCenterDelegate: THREAD_RESUMED: thread (33, main, main)
23:24:06.818 INFO: JdwpEventCenterDelegate: THREAD_RESUMED: thread (33, main, main)
23:24:06.820 INFO: JdwpEventCenterDelegate: THREAD_RESUMED: thread (33, main, main)
23:24:06.825 INFO: JdwpEventCenterDelegate: THREAD_RESUMED: thread (33, main, main)
23:24:06.839 INFO: JdwpEventCenterDelegate: THREAD_RESUMED: thread (33, main, main)
23:24:06.842 INFO: JdwpEventCenterDelegate: THREAD_RESUMED: thread (33, main, main)
23:24:06.844 INFO: JdwpEventCenterDelegate: THREAD_RESUMED: thread (33, main, main)
23:24:06.846 INFO: JdwpEventCenterDelegate: THREAD_RESUMED: thread (33, main, main)
23:24:06.849 INFO: JdwpEventCenterDelegate: THREAD_RESUMED: thread (33, main, main)
23:24:06.854 INFO: JdwpEventCenterDelegate: THREAD_RESUMED: thread (33, main, main)
23:24:06.872 INFO: JdwpEventCenterDelegate: THREAD_RESUMED: thread (33, main, main)
23:24:06.875 INFO: JdwpEventCenterDelegate: THREAD_RESUMED: thread (33, main, main)
23:24:06.877 INFO: JdwpEventCenterDelegate: THREAD_RESUMED: thread (33, main, main)
23:24:06.879 INFO: JdwpEventCenterDelegate: THREAD_RESUMED: thread (33, main, main)
23:24:06.881 INFO: JdwpEventCenterDelegate: THREAD_RESUMED: thread (33, main, main)
23:24:06.886 INFO: JdwpEventCenterDelegate: THREAD_RESUMED: thread (33, main, main)
23:24:06.910 INFO: JdwpEventCenterDelegate: THREAD_RESUMED: thread (33, main, main)
23:24:06.912 INFO: JdwpEventCenterDelegate: THREAD_RESUMED: thread (33, main, main)
23:24:06.914 INFO: JdwpEventCenterDelegate: THREAD_RESUMED: thread (33, main, main)
23:24:06.916 INFO: JdwpEventCenterDelegate: THREAD_RESUMED: thread (33, main, main)
23:24:06.918 INFO: JdwpEventCenterDelegate: THREAD_RESUMED: thread (33, main, main)
23:24:06.923 INFO: JdwpEventCenterDelegate: THREAD_RESUMED: thread (33, main, main)
23:24:06.940 INFO: JdwpEventCenterDelegate: THREAD_RESUMED: thread (33, main, main)
23:24:06.942 INFO: JdwpEventCenterDelegate: THREAD_RESUMED: thread (33, main, main)
23:24:06.945 INFO: JdwpEventCenterDelegate: THREAD_RESUMED: thread (33, main, main)
23:24:06.947 INFO: JdwpEventCenterDelegate: THREAD_RESUMED: thread (33, main, main)
23:24:06.949 INFO: JdwpEventCenterDelegate: THREAD_RESUMED: thread (33, main, main)
23:24:06.953 INFO: JdwpEventCenterDelegate: THREAD_RESUMED: thread (33, main, main)
23:24:06.965 INFO: JdwpEventCenterDelegate: THREAD_RESUMED: thread (33, main, main)
23:24:06.968 INFO: JdwpEventCenterDelegate: THREAD_RESUMED: thread (33, main, main)
23:24:06.969 INFO: JdwpEventCenterDelegate: THREAD_RESUMED: thread (33, main, main)
23:24:06.971 INFO: JdwpEventCenterDelegate: THREAD_RESUMED: thread (33, main, main)
23:24:06.973 INFO: JdwpEventCenterDelegate: THREAD_RESUMED: thread (33, main, main)
23:24:08.993 INFO: JdwpEventCenterDelegate: THREAD_STARTED: thread (108, Timer, main)
23:24:09.868 INFO: JdwpEventCenterDelegate: THREAD_RESUMED: thread (33, main, main)
23:24:09.900 INFO: JdwpEventCenterDelegate: THREAD_RESUMED: thread (33, main, main)
23:24:09.923 INFO: JdwpEventCenterDelegate: THREAD_RESUMED: thread (33, main, main)
23:24:09.941 INFO: JdwpEventCenterDelegate: THREAD_RESUMED: thread (33, main, main)
23:24:09.981 INFO: JdwpEventCenterDelegate: THREAD_RESUMED: thread (33, main, main)
23:24:10.015 INFO: JdwpEventCenterDelegate: THREAD_RESUMED: thread (33, main, main)
23:24:10.032 INFO: JdwpEventCenterDelegate: THREAD_RESUMED: thread (33, main, main)
23:24:10.048 INFO: JdwpEventCenterDelegate: THREAD_RESUMED: thread (33, main, main)
23:24:10.054 INFO: JdwpEventCenterDelegate: THREAD_RESUMED: thread (33, main, main)
23:24:10.068 INFO: JdwpEventCenterDelegate: THREAD_RESUMED: thread (33, main, main)
23:24:10.099 INFO: JdwpEventCenterDelegate: THREAD_RESUMED: thread (33, main, main)
23:24:10.111 INFO: JdwpEventCenterDelegate: THREAD_RESUMED: thread (33, main, main)
23:24:10.123 INFO: JdwpEventCenterDelegate: THREAD_RESUMED: thread (33, main, main)
23:24:10.136 INFO: JdwpEventCenterDelegate: THREAD_RESUMED: thread (33, main, main)
23:24:10.170 INFO: JdwpEventCenterDelegate: THREAD_RESUMED: thread (33, main, main)
23:24:10.204 INFO: JdwpEventCenterDelegate: THREAD_RESUMED: thread (33, main, main)
23:24:10.220 INFO: JdwpEventCenterDelegate: THREAD_RESUMED: thread (33, main, main)
23:24:10.234 INFO: JdwpEventCenterDelegate: THREAD_RESUMED: thread (33, main, main)
23:24:10.240 INFO: JdwpEventCenterDelegate: THREAD_RESUMED: thread (33, main, main)
23:24:10.253 INFO: JdwpEventCenterDelegate: THREAD_RESUMED: thread (33, main, main)
23:24:11.769 INFO: JdwpEventCenterDelegate: THREAD_STARTED: thread (123, Thread-7, main)
23:24:14.271 INFO: JdwpEventCenterDelegate: THREAD_STARTED: thread (138, Thread-8, main)
23:24:18.539 INFO: JdwpEventCenterDelegate: THREAD_STARTED: thread (153, Thread-9, main)
23:24:26.990 INFO: JdwpEventCenterDelegate: THREAD_DETTACHED: thread (123, Thread-7, main)
23:24:38.457 INFO: JdwpEventCenterDelegate: THREAD_RESUMED: thread (33, main, main)
23:24:38.503 INFO: JdwpEventCenterDelegate: THREAD_RESUMED: thread (33, main, main)
23:24:38.530 INFO: JdwpEventCenterDelegate: THREAD_RESUMED: thread (33, main, main)
23:24:38.552 INFO: JdwpEventCenterDelegate: THREAD_RESUMED: thread (33, main, main)
23:24:38.570 INFO: JdwpEventCenterDelegate: THREAD_RESUMED: thread (33, main, main)
23:24:38.586 INFO: JdwpEventCenterDelegate: THREAD_RESUMED: thread (33, main, main)
23:24:38.600 INFO: JdwpEventCenterDelegate: THREAD_RESUMED: thread (33, main, main)
23:24:38.617 INFO: JdwpEventCenterDelegate: THREAD_RESUMED: thread (33, main, main)
23:24:38.632 INFO: JdwpEventCenterDelegate: THREAD_RESUMED: thread (33, main, main)
23:24:38.649 INFO: JdwpEventCenterDelegate: THREAD_RESUMED: thread (33, main, main)
23:24:38.666 INFO: JdwpEventCenterDelegate: THREAD_RESUMED: thread (33, main, main)
23:24:38.680 INFO: JdwpEventCenterDelegate: THREAD_RESUMED: thread (33, main, main)
23:24:38.931 INFO: JdwpEventCenterDelegate: THREAD_STARTED: thread (168, Thread-10, main)
23:27:54.899 INFO: JdwpDebugServer: handling req: VirtualMachine(1).Exit(10)
23:27:54.899 SEVERE: Debugger: Thread JDWP server socket thread crashed
org.robovm.debugger.DebuggerException: Terminating due exit command
	at org.robovm.debugger.jdwp.JdwpDebugServer.doSocketWork(JdwpDebugServer.java:211)
	at java.base/java.lang.Thread.run(Thread.java:834)
	at org.robovm.debugger.utils.DebuggerThread.run(DebuggerThread.java:42)
23:27:55.406 SEVERE: Debugger: Thread HooksChannel socket thread crashed
org.robovm.debugger.DebuggerException: java.io.IOException: org.robovm.libimobiledevice.LibIMobileDeviceException: IDEVICE_E_UNKNOWN_ERROR
	at org.robovm.debugger.hooks.HooksChannel.doSocketWork(HooksChannel.java:149)
	at java.base/java.lang.Thread.run(Thread.java:834)
	at org.robovm.debugger.utils.DebuggerThread.run(DebuggerThread.java:42)
Caused by: java.io.IOException: org.robovm.libimobiledevice.LibIMobileDeviceException: IDEVICE_E_UNKNOWN_ERROR
	at org.robovm.libimobiledevice.IDeviceConnection$DeviceInputStream.read(IDeviceConnection.java:203)
	at org.robovm.debugger.utils.bytebuffer.DataBufferWriter.writeFromStream(DataBufferWriter.java:89)
	at org.robovm.debugger.hooks.HooksChannel.doSocketWork(HooksChannel.java:116)
	... 2 more
Caused by: org.robovm.libimobiledevice.LibIMobileDeviceException: IDEVICE_E_UNKNOWN_ERROR
	at org.robovm.libimobiledevice.IDevice.checkResult(IDevice.java:206)
	at org.robovm.libimobiledevice.IDeviceConnection.receive(IDeviceConnection.java:110)
	at org.robovm.libimobiledevice.IDeviceConnection.receive(IDeviceConnection.java:81)
	at org.robovm.libimobiledevice.IDeviceConnection$DeviceInputStream.read(IDeviceConnection.java:201)
	... 4 more
