23:50:28.491 INFO: JdwpDebugServer: handling req: VirtualMachine(1).IDSizes(7)
23:50:28.492 INFO: JdwpDebugServer: handling req: EventRequest(15).Set(1)
23:50:28.492 INFO: JdwpEventCenterDelegate: jdwpSetEventRequest: JdwpEventRequest{requestId=100, eventKind=CLASS_PREPARE, suspendPolicy=NONE, predicates=[]}
23:50:28.492 INFO: JdwpDebugServer: handling req: EventRequest(15).Set(1)
23:50:28.492 INFO: JdwpEventCenterDelegate: jdwpSetEventRequest: JdwpEventRequest{requestId=101, eventKind=CLASS_UNLOAD, suspendPolicy=NONE, predicates=[]}
23:50:28.514 INFO: JdwpDebugServer: handling req: VirtualMachine(1).Version(1)
23:50:28.514 INFO: JdwpDebugServer: handling req: VirtualMachine(1).capabilitiesNew(17)
23:50:28.514 INFO: JdwpDebugServer: handling req: VirtualMachine(1).capabilities(12)
23:50:28.514 INFO: JdwpDebugServer: handling req: VirtualMachine(1).AllClassesWithGeneric(20)
23:50:28.518 INFO: JdwpDebugServer: handling req: VirtualMachine(1).TopLevelThreadGroups(5)
23:50:28.518 INFO: JdwpDebugServer: handling req: EventRequest(15).Set(1)
23:50:28.518 INFO: JdwpEventCenterDelegate: jdwpSetEventRequest: JdwpEventRequest{requestId=102, eventKind=THREAD_START, suspendPolicy=NONE, predicates=[]}
23:50:28.518 INFO: JdwpDebugServer: handling req: EventRequest(15).Set(1)
23:50:28.518 INFO: JdwpEventCenterDelegate: jdwpSetEventRequest: JdwpEventRequest{requestId=103, eventKind=THREAD_DEATH, suspendPolicy=NONE, predicates=[]}
23:50:28.520 INFO: JdwpDebugServer: handling req: EventRequest(15).Set(1)
23:50:28.520 INFO: JdwpEventCenterDelegate: jdwpSetEventRequest: JdwpEventRequest{requestId=104, eventKind=CLASS_PREPARE, suspendPolicy=EVENT_THREAD, predicates=[className=sun.instrument.InstrumentationImpl]}
23:50:28.521 INFO: JdwpDebugServer: handling req: EventRequest(15).Set(1)
23:50:28.521 INFO: JdwpEventCenterDelegate: jdwpSetEventRequest: JdwpEventRequest{requestId=105, eventKind=CLASS_PREPARE, suspendPolicy=EVENT_THREAD, predicates=[className=sun.instrument.InstrumentationImpl]}
23:50:28.906 INFO: JdwpDebugServer: handling req: VirtualMachine(1).Resume(9)
23:50:28.940 INFO: JdwpEventCenterDelegate: THREAD_STARTED: thread (33, main, main)
23:50:28.955 INFO: JdwpEventCenterDelegate: THREAD_STARTED: thread (48, ReferenceQueueDaemon, main)
23:50:28.962 INFO: JdwpEventCenterDelegate: THREAD_STARTED: thread (63, FinalizerDaemon, main)
23:50:28.970 INFO: JdwpEventCenterDelegate: THREAD_STARTED: thread (78, FinalizerWatchdogDaemon, main)
23:50:28.973 INFO: JdwpEventCenterDelegate: THREAD_RESUMED: thread (33, main, main)
23:50:28.975 INFO: JdwpEventCenterDelegate: THREAD_RESUMED: thread (33, main, main)
23:50:28.977 INFO: JdwpEventCenterDelegate: THREAD_RESUMED: thread (33, main, main)
23:50:28.979 INFO: JdwpEventCenterDelegate: THREAD_RESUMED: thread (33, main, main)
23:50:28.980 INFO: JdwpEventCenterDelegate: THREAD_RESUMED: thread (33, main, main)
23:50:28.982 INFO: JdwpEventCenterDelegate: THREAD_RESUMED: thread (33, main, main)
23:50:28.984 INFO: JdwpEventCenterDelegate: THREAD_RESUMED: thread (33, main, main)
23:50:28.985 INFO: JdwpEventCenterDelegate: THREAD_RESUMED: thread (33, main, main)
23:50:28.987 INFO: JdwpEventCenterDelegate: THREAD_RESUMED: thread (33, main, main)
23:50:28.988 INFO: JdwpEventCenterDelegate: THREAD_RESUMED: thread (33, main, main)
23:50:28.989 INFO: JdwpEventCenterDelegate: THREAD_RESUMED: thread (33, main, main)
23:50:28.990 INFO: JdwpEventCenterDelegate: THREAD_RESUMED: thread (33, main, main)
23:50:28.991 INFO: JdwpEventCenterDelegate: THREAD_RESUMED: thread (33, main, main)
23:50:28.993 INFO: JdwpEventCenterDelegate: THREAD_RESUMED: thread (33, main, main)
23:50:28.994 INFO: JdwpEventCenterDelegate: THREAD_RESUMED: thread (33, main, main)
23:50:28.995 INFO: JdwpEventCenterDelegate: THREAD_RESUMED: thread (33, main, main)
23:50:28.996 INFO: JdwpEventCenterDelegate: THREAD_RESUMED: thread (33, main, main)
23:50:28.997 INFO: JdwpEventCenterDelegate: THREAD_RESUMED: thread (33, main, main)
23:50:29.000 INFO: JdwpEventCenterDelegate: THREAD_RESUMED: thread (33, main, main)
23:50:29.002 INFO: JdwpEventCenterDelegate: THREAD_RESUMED: thread (33, main, main)
23:50:29.003 INFO: JdwpEventCenterDelegate: THREAD_RESUMED: thread (33, main, main)
23:50:29.004 INFO: JdwpEventCenterDelegate: THREAD_RESUMED: thread (33, main, main)
23:50:29.005 INFO: JdwpEventCenterDelegate: THREAD_RESUMED: thread (33, main, main)
23:50:29.006 INFO: JdwpEventCenterDelegate: THREAD_RESUMED: thread (33, main, main)
23:50:29.008 INFO: JdwpEventCenterDelegate: THREAD_RESUMED: thread (33, main, main)
23:50:29.036 INFO: JdwpEventCenterDelegate: THREAD_RESUMED: thread (33, main, main)
23:50:29.038 INFO: JdwpEventCenterDelegate: THREAD_RESUMED: thread (33, main, main)
23:50:29.039 INFO: JdwpEventCenterDelegate: THREAD_RESUMED: thread (33, main, main)
23:50:29.041 INFO: JdwpEventCenterDelegate: THREAD_RESUMED: thread (33, main, main)
23:50:29.043 INFO: JdwpEventCenterDelegate: THREAD_RESUMED: thread (33, main, main)
23:50:29.045 INFO: JdwpEventCenterDelegate: THREAD_RESUMED: thread (33, main, main)
23:50:29.046 INFO: JdwpEventCenterDelegate: THREAD_RESUMED: thread (33, main, main)
23:50:29.049 INFO: JdwpEventCenterDelegate: THREAD_RESUMED: thread (33, main, main)
23:50:29.050 INFO: JdwpEventCenterDelegate: THREAD_RESUMED: thread (33, main, main)
23:50:29.052 INFO: JdwpEventCenterDelegate: THREAD_RESUMED: thread (33, main, main)
23:50:29.053 INFO: JdwpEventCenterDelegate: THREAD_RESUMED: thread (33, main, main)
23:50:29.054 INFO: JdwpEventCenterDelegate: THREAD_RESUMED: thread (33, main, main)
23:50:29.055 INFO: JdwpEventCenterDelegate: THREAD_RESUMED: thread (33, main, main)
23:50:29.056 INFO: JdwpEventCenterDelegate: THREAD_RESUMED: thread (33, main, main)
23:50:29.071 INFO: JdwpEventCenterDelegate: THREAD_RESUMED: thread (33, main, main)
23:50:29.072 INFO: JdwpEventCenterDelegate: THREAD_RESUMED: thread (33, main, main)
23:50:29.074 INFO: JdwpEventCenterDelegate: THREAD_RESUMED: thread (33, main, main)
23:50:29.075 INFO: JdwpEventCenterDelegate: THREAD_RESUMED: thread (33, main, main)
23:50:29.076 INFO: JdwpEventCenterDelegate: THREAD_RESUMED: thread (33, main, main)
23:50:29.077 INFO: JdwpEventCenterDelegate: THREAD_RESUMED: thread (33, main, main)
23:50:29.079 INFO: JdwpEventCenterDelegate: THREAD_RESUMED: thread (33, main, main)
23:50:29.101 INFO: JdwpEventCenterDelegate: THREAD_RESUMED: thread (33, main, main)
23:50:29.102 INFO: JdwpEventCenterDelegate: THREAD_RESUMED: thread (33, main, main)
23:50:29.104 INFO: JdwpEventCenterDelegate: THREAD_RESUMED: thread (33, main, main)
23:50:29.105 INFO: JdwpEventCenterDelegate: THREAD_RESUMED: thread (33, main, main)
23:50:29.107 INFO: JdwpEventCenterDelegate: THREAD_RESUMED: thread (33, main, main)
23:50:29.108 INFO: JdwpEventCenterDelegate: THREAD_RESUMED: thread (33, main, main)
23:50:29.110 INFO: JdwpEventCenterDelegate: THREAD_RESUMED: thread (33, main, main)
23:50:29.135 INFO: JdwpEventCenterDelegate: THREAD_RESUMED: thread (33, main, main)
23:50:29.137 INFO: JdwpEventCenterDelegate: THREAD_RESUMED: thread (33, main, main)
23:50:29.139 INFO: JdwpEventCenterDelegate: THREAD_RESUMED: thread (33, main, main)
23:50:29.141 INFO: JdwpEventCenterDelegate: THREAD_RESUMED: thread (33, main, main)
23:50:29.142 INFO: JdwpEventCenterDelegate: THREAD_RESUMED: thread (33, main, main)
23:50:29.144 INFO: JdwpEventCenterDelegate: THREAD_RESUMED: thread (33, main, main)
23:50:29.146 INFO: JdwpEventCenterDelegate: THREAD_RESUMED: thread (33, main, main)
23:50:29.157 INFO: JdwpEventCenterDelegate: THREAD_RESUMED: thread (33, main, main)
23:50:29.159 INFO: JdwpEventCenterDelegate: THREAD_RESUMED: thread (33, main, main)
23:50:29.160 INFO: JdwpEventCenterDelegate: THREAD_RESUMED: thread (33, main, main)
23:50:29.162 INFO: JdwpEventCenterDelegate: THREAD_RESUMED: thread (33, main, main)
23:50:29.163 INFO: JdwpEventCenterDelegate: THREAD_RESUMED: thread (33, main, main)
23:50:29.165 INFO: JdwpEventCenterDelegate: THREAD_RESUMED: thread (33, main, main)
23:50:29.166 INFO: JdwpEventCenterDelegate: THREAD_RESUMED: thread (33, main, main)
23:50:29.176 INFO: JdwpEventCenterDelegate: THREAD_RESUMED: thread (33, main, main)
23:50:29.177 INFO: JdwpEventCenterDelegate: THREAD_RESUMED: thread (33, main, main)
23:50:29.178 INFO: JdwpEventCenterDelegate: THREAD_RESUMED: thread (33, main, main)
23:50:29.179 INFO: JdwpEventCenterDelegate: THREAD_RESUMED: thread (33, main, main)
23:50:29.181 INFO: JdwpEventCenterDelegate: THREAD_RESUMED: thread (33, main, main)
23:50:29.182 INFO: JdwpEventCenterDelegate: THREAD_RESUMED: thread (33, main, main)
23:50:29.184 INFO: JdwpEventCenterDelegate: THREAD_RESUMED: thread (33, main, main)
23:50:29.185 INFO: JdwpEventCenterDelegate: THREAD_RESUMED: thread (33, main, main)
23:50:29.186 INFO: JdwpEventCenterDelegate: THREAD_RESUMED: thread (33, main, main)
23:50:29.188 INFO: JdwpEventCenterDelegate: THREAD_RESUMED: thread (33, main, main)
23:50:29.189 INFO: JdwpEventCenterDelegate: THREAD_RESUMED: thread (33, main, main)
23:50:29.191 INFO: JdwpEventCenterDelegate: THREAD_RESUMED: thread (33, main, main)
23:50:29.192 INFO: JdwpEventCenterDelegate: THREAD_RESUMED: thread (33, main, main)
23:50:29.193 INFO: JdwpEventCenterDelegate: THREAD_RESUMED: thread (33, main, main)
23:50:29.195 INFO: JdwpEventCenterDelegate: THREAD_RESUMED: thread (33, main, main)
23:50:29.196 INFO: JdwpEventCenterDelegate: THREAD_RESUMED: thread (33, main, main)
23:50:29.198 INFO: JdwpEventCenterDelegate: THREAD_RESUMED: thread (33, main, main)
23:50:29.199 INFO: JdwpEventCenterDelegate: THREAD_RESUMED: thread (33, main, main)
23:50:29.202 INFO: JdwpEventCenterDelegate: THREAD_RESUMED: thread (33, main, main)
23:50:29.203 INFO: JdwpEventCenterDelegate: THREAD_RESUMED: thread (33, main, main)
23:50:29.330 INFO: JdwpEventCenterDelegate: THREAD_STARTED: thread (93, AssetManager, main)
23:50:29.433 INFO: JdwpEventCenterDelegate: THREAD_RESUMED: thread (33, main, main)
23:50:29.435 INFO: JdwpEventCenterDelegate: THREAD_RESUMED: thread (33, main, main)
23:50:31.995 INFO: JdwpEventCenterDelegate: THREAD_RESUMED: thread (33, main, main)
23:50:32.093 INFO: JdwpEventCenterDelegate: THREAD_RESUMED: thread (33, main, main)
23:50:32.095 INFO: JdwpEventCenterDelegate: THREAD_RESUMED: thread (33, main, main)
23:50:32.096 INFO: JdwpEventCenterDelegate: THREAD_RESUMED: thread (33, main, main)
23:50:32.098 INFO: JdwpEventCenterDelegate: THREAD_RESUMED: thread (33, main, main)
23:50:32.099 INFO: JdwpEventCenterDelegate: THREAD_RESUMED: thread (33, main, main)
23:50:32.105 INFO: JdwpEventCenterDelegate: THREAD_RESUMED: thread (33, main, main)
23:50:32.118 INFO: JdwpEventCenterDelegate: THREAD_RESUMED: thread (33, main, main)
23:50:32.120 INFO: JdwpEventCenterDelegate: THREAD_RESUMED: thread (33, main, main)
23:50:32.123 INFO: JdwpEventCenterDelegate: THREAD_RESUMED: thread (33, main, main)
23:50:32.125 INFO: JdwpEventCenterDelegate: THREAD_RESUMED: thread (33, main, main)
23:50:32.127 INFO: JdwpEventCenterDelegate: THREAD_RESUMED: thread (33, main, main)
23:50:32.133 INFO: JdwpEventCenterDelegate: THREAD_RESUMED: thread (33, main, main)
23:50:32.148 INFO: JdwpEventCenterDelegate: THREAD_RESUMED: thread (33, main, main)
23:50:32.150 INFO: JdwpEventCenterDelegate: THREAD_RESUMED: thread (33, main, main)
23:50:32.152 INFO: JdwpEventCenterDelegate: THREAD_RESUMED: thread (33, main, main)
23:50:32.154 INFO: JdwpEventCenterDelegate: THREAD_RESUMED: thread (33, main, main)
23:50:32.156 INFO: JdwpEventCenterDelegate: THREAD_RESUMED: thread (33, main, main)
23:50:32.160 INFO: JdwpEventCenterDelegate: THREAD_RESUMED: thread (33, main, main)
23:50:32.179 INFO: JdwpEventCenterDelegate: THREAD_RESUMED: thread (33, main, main)
23:50:32.181 INFO: JdwpEventCenterDelegate: THREAD_RESUMED: thread (33, main, main)
23:50:32.183 INFO: JdwpEventCenterDelegate: THREAD_RESUMED: thread (33, main, main)
23:50:32.185 INFO: JdwpEventCenterDelegate: THREAD_RESUMED: thread (33, main, main)
23:50:32.188 INFO: JdwpEventCenterDelegate: THREAD_RESUMED: thread (33, main, main)
23:50:32.193 INFO: JdwpEventCenterDelegate: THREAD_RESUMED: thread (33, main, main)
23:50:32.208 INFO: JdwpEventCenterDelegate: THREAD_RESUMED: thread (33, main, main)
23:50:32.210 INFO: JdwpEventCenterDelegate: THREAD_RESUMED: thread (33, main, main)
23:50:32.212 INFO: JdwpEventCenterDelegate: THREAD_RESUMED: thread (33, main, main)
23:50:32.215 INFO: JdwpEventCenterDelegate: THREAD_RESUMED: thread (33, main, main)
23:50:32.217 INFO: JdwpEventCenterDelegate: THREAD_RESUMED: thread (33, main, main)
23:50:32.222 INFO: JdwpEventCenterDelegate: THREAD_RESUMED: thread (33, main, main)
23:50:32.238 INFO: JdwpEventCenterDelegate: THREAD_RESUMED: thread (33, main, main)
23:50:32.240 INFO: JdwpEventCenterDelegate: THREAD_RESUMED: thread (33, main, main)
23:50:32.242 INFO: JdwpEventCenterDelegate: THREAD_RESUMED: thread (33, main, main)
23:50:32.244 INFO: JdwpEventCenterDelegate: THREAD_RESUMED: thread (33, main, main)
23:50:32.246 INFO: JdwpEventCenterDelegate: THREAD_RESUMED: thread (33, main, main)
23:50:32.252 INFO: JdwpEventCenterDelegate: THREAD_RESUMED: thread (33, main, main)
23:50:32.270 INFO: JdwpEventCenterDelegate: THREAD_RESUMED: thread (33, main, main)
23:50:32.273 INFO: JdwpEventCenterDelegate: THREAD_RESUMED: thread (33, main, main)
23:50:32.275 INFO: JdwpEventCenterDelegate: THREAD_RESUMED: thread (33, main, main)
23:50:32.278 INFO: JdwpEventCenterDelegate: THREAD_RESUMED: thread (33, main, main)
23:50:32.280 INFO: JdwpEventCenterDelegate: THREAD_RESUMED: thread (33, main, main)
23:50:32.285 INFO: JdwpEventCenterDelegate: THREAD_RESUMED: thread (33, main, main)
23:50:32.304 INFO: JdwpEventCenterDelegate: THREAD_RESUMED: thread (33, main, main)
23:50:32.306 INFO: JdwpEventCenterDelegate: THREAD_RESUMED: thread (33, main, main)
23:50:32.309 INFO: JdwpEventCenterDelegate: THREAD_RESUMED: thread (33, main, main)
23:50:32.311 INFO: JdwpEventCenterDelegate: THREAD_RESUMED: thread (33, main, main)
23:50:32.313 INFO: JdwpEventCenterDelegate: THREAD_RESUMED: thread (33, main, main)
23:50:32.318 INFO: JdwpEventCenterDelegate: THREAD_RESUMED: thread (33, main, main)
23:50:32.337 INFO: JdwpEventCenterDelegate: THREAD_RESUMED: thread (33, main, main)
23:50:32.339 INFO: JdwpEventCenterDelegate: THREAD_RESUMED: thread (33, main, main)
23:50:32.341 INFO: JdwpEventCenterDelegate: THREAD_RESUMED: thread (33, main, main)
23:50:32.343 INFO: JdwpEventCenterDelegate: THREAD_RESUMED: thread (33, main, main)
23:50:32.346 INFO: JdwpEventCenterDelegate: THREAD_RESUMED: thread (33, main, main)
23:50:32.351 INFO: JdwpEventCenterDelegate: THREAD_RESUMED: thread (33, main, main)
23:50:32.370 INFO: JdwpEventCenterDelegate: THREAD_RESUMED: thread (33, main, main)
23:50:32.372 INFO: JdwpEventCenterDelegate: THREAD_RESUMED: thread (33, main, main)
23:50:32.374 INFO: JdwpEventCenterDelegate: THREAD_RESUMED: thread (33, main, main)
23:50:32.376 INFO: JdwpEventCenterDelegate: THREAD_RESUMED: thread (33, main, main)
23:50:32.378 INFO: JdwpEventCenterDelegate: THREAD_RESUMED: thread (33, main, main)
23:50:32.383 INFO: JdwpEventCenterDelegate: THREAD_RESUMED: thread (33, main, main)
23:50:32.398 INFO: JdwpEventCenterDelegate: THREAD_RESUMED: thread (33, main, main)
23:50:32.401 INFO: JdwpEventCenterDelegate: THREAD_RESUMED: thread (33, main, main)
23:50:32.403 INFO: JdwpEventCenterDelegate: THREAD_RESUMED: thread (33, main, main)
23:50:32.405 INFO: JdwpEventCenterDelegate: THREAD_RESUMED: thread (33, main, main)
23:50:32.408 INFO: JdwpEventCenterDelegate: THREAD_RESUMED: thread (33, main, main)
23:50:32.413 INFO: JdwpEventCenterDelegate: THREAD_RESUMED: thread (33, main, main)
23:50:32.433 INFO: JdwpEventCenterDelegate: THREAD_RESUMED: thread (33, main, main)
23:50:32.435 INFO: JdwpEventCenterDelegate: THREAD_RESUMED: thread (33, main, main)
23:50:32.438 INFO: JdwpEventCenterDelegate: THREAD_RESUMED: thread (33, main, main)
23:50:32.440 INFO: JdwpEventCenterDelegate: THREAD_RESUMED: thread (33, main, main)
23:50:32.442 INFO: JdwpEventCenterDelegate: THREAD_RESUMED: thread (33, main, main)
23:50:32.447 INFO: JdwpEventCenterDelegate: THREAD_RESUMED: thread (33, main, main)
23:50:32.469 INFO: JdwpEventCenterDelegate: THREAD_RESUMED: thread (33, main, main)
23:50:32.472 INFO: JdwpEventCenterDelegate: THREAD_RESUMED: thread (33, main, main)
23:50:32.474 INFO: JdwpEventCenterDelegate: THREAD_RESUMED: thread (33, main, main)
23:50:32.476 INFO: JdwpEventCenterDelegate: THREAD_RESUMED: thread (33, main, main)
23:50:32.479 INFO: JdwpEventCenterDelegate: THREAD_RESUMED: thread (33, main, main)
23:50:32.484 INFO: JdwpEventCenterDelegate: THREAD_RESUMED: thread (33, main, main)
23:50:32.502 INFO: JdwpEventCenterDelegate: THREAD_RESUMED: thread (33, main, main)
23:50:32.505 INFO: JdwpEventCenterDelegate: THREAD_RESUMED: thread (33, main, main)
23:50:32.507 INFO: JdwpEventCenterDelegate: THREAD_RESUMED: thread (33, main, main)
23:50:32.509 INFO: JdwpEventCenterDelegate: THREAD_RESUMED: thread (33, main, main)
23:50:32.512 INFO: JdwpEventCenterDelegate: THREAD_RESUMED: thread (33, main, main)
23:50:32.517 INFO: JdwpEventCenterDelegate: THREAD_RESUMED: thread (33, main, main)
23:50:32.530 INFO: JdwpEventCenterDelegate: THREAD_RESUMED: thread (33, main, main)
23:50:32.533 INFO: JdwpEventCenterDelegate: THREAD_RESUMED: thread (33, main, main)
23:50:32.534 INFO: JdwpEventCenterDelegate: THREAD_RESUMED: thread (33, main, main)
23:50:32.536 INFO: JdwpEventCenterDelegate: THREAD_RESUMED: thread (33, main, main)
23:50:32.538 INFO: JdwpEventCenterDelegate: THREAD_RESUMED: thread (33, main, main)
23:50:32.544 INFO: JdwpEventCenterDelegate: THREAD_RESUMED: thread (33, main, main)
23:50:32.546 INFO: JdwpEventCenterDelegate: THREAD_RESUMED: thread (33, main, main)
23:50:32.548 INFO: JdwpEventCenterDelegate: THREAD_RESUMED: thread (33, main, main)
23:50:32.550 INFO: JdwpEventCenterDelegate: THREAD_RESUMED: thread (33, main, main)
23:50:32.553 INFO: JdwpEventCenterDelegate: THREAD_RESUMED: thread (33, main, main)
23:50:32.555 INFO: JdwpEventCenterDelegate: THREAD_RESUMED: thread (33, main, main)
23:50:32.557 INFO: JdwpEventCenterDelegate: THREAD_RESUMED: thread (33, main, main)
23:50:32.560 INFO: JdwpEventCenterDelegate: THREAD_RESUMED: thread (33, main, main)
23:50:32.562 INFO: JdwpEventCenterDelegate: THREAD_RESUMED: thread (33, main, main)
23:50:32.564 INFO: JdwpEventCenterDelegate: THREAD_RESUMED: thread (33, main, main)
23:50:32.566 INFO: JdwpEventCenterDelegate: THREAD_RESUMED: thread (33, main, main)
23:50:32.577 INFO: JdwpEventCenterDelegate: THREAD_RESUMED: thread (33, main, main)
23:50:32.579 INFO: JdwpEventCenterDelegate: THREAD_RESUMED: thread (33, main, main)
23:50:32.581 INFO: JdwpEventCenterDelegate: THREAD_RESUMED: thread (33, main, main)
23:50:32.583 INFO: JdwpEventCenterDelegate: THREAD_RESUMED: thread (33, main, main)
23:50:32.585 INFO: JdwpEventCenterDelegate: THREAD_RESUMED: thread (33, main, main)
23:50:32.587 INFO: JdwpEventCenterDelegate: THREAD_RESUMED: thread (33, main, main)
23:50:32.589 INFO: JdwpEventCenterDelegate: THREAD_RESUMED: thread (33, main, main)
23:50:32.604 INFO: JdwpEventCenterDelegate: THREAD_RESUMED: thread (33, main, main)
23:50:32.606 INFO: JdwpEventCenterDelegate: THREAD_RESUMED: thread (33, main, main)
23:50:32.607 INFO: JdwpEventCenterDelegate: THREAD_RESUMED: thread (33, main, main)
23:50:32.609 INFO: JdwpEventCenterDelegate: THREAD_RESUMED: thread (33, main, main)
23:50:32.610 INFO: JdwpEventCenterDelegate: THREAD_RESUMED: thread (33, main, main)
23:50:32.615 INFO: JdwpEventCenterDelegate: THREAD_RESUMED: thread (33, main, main)
23:50:32.628 INFO: JdwpEventCenterDelegate: THREAD_RESUMED: thread (33, main, main)
23:50:32.641 INFO: JdwpEventCenterDelegate: THREAD_RESUMED: thread (33, main, main)
23:50:32.652 INFO: JdwpEventCenterDelegate: THREAD_RESUMED: thread (33, main, main)
23:50:32.665 INFO: JdwpEventCenterDelegate: THREAD_RESUMED: thread (33, main, main)
23:50:32.699 INFO: JdwpEventCenterDelegate: THREAD_RESUMED: thread (33, main, main)
23:50:32.701 INFO: JdwpEventCenterDelegate: THREAD_RESUMED: thread (33, main, main)
23:50:32.704 INFO: JdwpEventCenterDelegate: THREAD_RESUMED: thread (33, main, main)
23:50:32.706 INFO: JdwpEventCenterDelegate: THREAD_RESUMED: thread (33, main, main)
23:50:32.708 INFO: JdwpEventCenterDelegate: THREAD_RESUMED: thread (33, main, main)
23:50:32.713 INFO: JdwpEventCenterDelegate: THREAD_RESUMED: thread (33, main, main)
23:50:32.725 INFO: JdwpEventCenterDelegate: THREAD_RESUMED: thread (33, main, main)
23:50:32.727 INFO: JdwpEventCenterDelegate: THREAD_RESUMED: thread (33, main, main)
23:50:32.729 INFO: JdwpEventCenterDelegate: THREAD_RESUMED: thread (33, main, main)
23:50:32.732 INFO: JdwpEventCenterDelegate: THREAD_RESUMED: thread (33, main, main)
23:50:32.734 INFO: JdwpEventCenterDelegate: THREAD_RESUMED: thread (33, main, main)
23:50:32.739 INFO: JdwpEventCenterDelegate: THREAD_RESUMED: thread (33, main, main)
23:50:32.754 INFO: JdwpEventCenterDelegate: THREAD_RESUMED: thread (33, main, main)
23:50:32.756 INFO: JdwpEventCenterDelegate: THREAD_RESUMED: thread (33, main, main)
23:50:32.758 INFO: JdwpEventCenterDelegate: THREAD_RESUMED: thread (33, main, main)
23:50:32.760 INFO: JdwpEventCenterDelegate: THREAD_RESUMED: thread (33, main, main)
23:50:32.762 INFO: JdwpEventCenterDelegate: THREAD_RESUMED: thread (33, main, main)
23:50:32.767 INFO: JdwpEventCenterDelegate: THREAD_RESUMED: thread (33, main, main)
23:50:32.784 INFO: JdwpEventCenterDelegate: THREAD_RESUMED: thread (33, main, main)
23:50:32.786 INFO: JdwpEventCenterDelegate: THREAD_RESUMED: thread (33, main, main)
23:50:32.789 INFO: JdwpEventCenterDelegate: THREAD_RESUMED: thread (33, main, main)
23:50:32.791 INFO: JdwpEventCenterDelegate: THREAD_RESUMED: thread (33, main, main)
23:50:32.793 INFO: JdwpEventCenterDelegate: THREAD_RESUMED: thread (33, main, main)
23:50:32.798 INFO: JdwpEventCenterDelegate: THREAD_RESUMED: thread (33, main, main)
23:50:32.813 INFO: JdwpEventCenterDelegate: THREAD_RESUMED: thread (33, main, main)
23:50:32.815 INFO: JdwpEventCenterDelegate: THREAD_RESUMED: thread (33, main, main)
23:50:32.818 INFO: JdwpEventCenterDelegate: THREAD_RESUMED: thread (33, main, main)
23:50:32.820 INFO: JdwpEventCenterDelegate: THREAD_RESUMED: thread (33, main, main)
23:50:32.822 INFO: JdwpEventCenterDelegate: THREAD_RESUMED: thread (33, main, main)
23:50:32.826 INFO: JdwpEventCenterDelegate: THREAD_RESUMED: thread (33, main, main)
23:50:32.841 INFO: JdwpEventCenterDelegate: THREAD_RESUMED: thread (33, main, main)
23:50:32.843 INFO: JdwpEventCenterDelegate: THREAD_RESUMED: thread (33, main, main)
23:50:32.845 INFO: JdwpEventCenterDelegate: THREAD_RESUMED: thread (33, main, main)
23:50:32.848 INFO: JdwpEventCenterDelegate: THREAD_RESUMED: thread (33, main, main)
23:50:32.850 INFO: JdwpEventCenterDelegate: THREAD_RESUMED: thread (33, main, main)
23:50:32.854 INFO: JdwpEventCenterDelegate: THREAD_RESUMED: thread (33, main, main)
23:50:32.876 INFO: JdwpEventCenterDelegate: THREAD_RESUMED: thread (33, main, main)
23:50:32.878 INFO: JdwpEventCenterDelegate: THREAD_RESUMED: thread (33, main, main)
23:50:32.880 INFO: JdwpEventCenterDelegate: THREAD_RESUMED: thread (33, main, main)
23:50:32.883 INFO: JdwpEventCenterDelegate: THREAD_RESUMED: thread (33, main, main)
23:50:32.885 INFO: JdwpEventCenterDelegate: THREAD_RESUMED: thread (33, main, main)
23:50:32.890 INFO: JdwpEventCenterDelegate: THREAD_RESUMED: thread (33, main, main)
23:50:32.908 INFO: JdwpEventCenterDelegate: THREAD_RESUMED: thread (33, main, main)
23:50:32.910 INFO: JdwpEventCenterDelegate: THREAD_RESUMED: thread (33, main, main)
23:50:32.913 INFO: JdwpEventCenterDelegate: THREAD_RESUMED: thread (33, main, main)
23:50:32.915 INFO: JdwpEventCenterDelegate: THREAD_RESUMED: thread (33, main, main)
23:50:32.917 INFO: JdwpEventCenterDelegate: THREAD_RESUMED: thread (33, main, main)
23:50:32.922 INFO: JdwpEventCenterDelegate: THREAD_RESUMED: thread (33, main, main)
23:50:32.940 INFO: JdwpEventCenterDelegate: THREAD_RESUMED: thread (33, main, main)
23:50:32.942 INFO: JdwpEventCenterDelegate: THREAD_RESUMED: thread (33, main, main)
23:50:32.944 INFO: JdwpEventCenterDelegate: THREAD_RESUMED: thread (33, main, main)
23:50:32.947 INFO: JdwpEventCenterDelegate: THREAD_RESUMED: thread (33, main, main)
23:50:32.949 INFO: JdwpEventCenterDelegate: THREAD_RESUMED: thread (33, main, main)
23:50:32.954 INFO: JdwpEventCenterDelegate: THREAD_RESUMED: thread (33, main, main)
23:50:32.968 INFO: JdwpEventCenterDelegate: THREAD_RESUMED: thread (33, main, main)
23:50:32.971 INFO: JdwpEventCenterDelegate: THREAD_RESUMED: thread (33, main, main)
23:50:32.973 INFO: JdwpEventCenterDelegate: THREAD_RESUMED: thread (33, main, main)
23:50:32.975 INFO: JdwpEventCenterDelegate: THREAD_RESUMED: thread (33, main, main)
23:50:32.977 INFO: JdwpEventCenterDelegate: THREAD_RESUMED: thread (33, main, main)
23:50:32.982 INFO: JdwpEventCenterDelegate: THREAD_RESUMED: thread (33, main, main)
23:50:32.996 INFO: JdwpEventCenterDelegate: THREAD_RESUMED: thread (33, main, main)
23:50:32.998 INFO: JdwpEventCenterDelegate: THREAD_RESUMED: thread (33, main, main)
23:50:33.001 INFO: JdwpEventCenterDelegate: THREAD_RESUMED: thread (33, main, main)
23:50:33.003 INFO: JdwpEventCenterDelegate: THREAD_RESUMED: thread (33, main, main)
23:50:33.005 INFO: JdwpEventCenterDelegate: THREAD_RESUMED: thread (33, main, main)
23:50:33.010 INFO: JdwpEventCenterDelegate: THREAD_RESUMED: thread (33, main, main)
23:50:33.029 INFO: JdwpEventCenterDelegate: THREAD_RESUMED: thread (33, main, main)
23:50:33.031 INFO: JdwpEventCenterDelegate: THREAD_RESUMED: thread (33, main, main)
23:50:33.033 INFO: JdwpEventCenterDelegate: THREAD_RESUMED: thread (33, main, main)
23:50:33.035 INFO: JdwpEventCenterDelegate: THREAD_RESUMED: thread (33, main, main)
23:50:33.036 INFO: JdwpEventCenterDelegate: THREAD_RESUMED: thread (33, main, main)
23:50:33.041 INFO: JdwpEventCenterDelegate: THREAD_RESUMED: thread (33, main, main)
23:50:33.066 INFO: JdwpEventCenterDelegate: THREAD_RESUMED: thread (33, main, main)
23:50:33.068 INFO: JdwpEventCenterDelegate: THREAD_RESUMED: thread (33, main, main)
23:50:33.070 INFO: JdwpEventCenterDelegate: THREAD_RESUMED: thread (33, main, main)
23:50:33.073 INFO: JdwpEventCenterDelegate: THREAD_RESUMED: thread (33, main, main)
23:50:33.075 INFO: JdwpEventCenterDelegate: THREAD_RESUMED: thread (33, main, main)
23:50:33.080 INFO: JdwpEventCenterDelegate: THREAD_RESUMED: thread (33, main, main)
23:50:33.097 INFO: JdwpEventCenterDelegate: THREAD_RESUMED: thread (33, main, main)
23:50:33.100 INFO: JdwpEventCenterDelegate: THREAD_RESUMED: thread (33, main, main)
23:50:33.102 INFO: JdwpEventCenterDelegate: THREAD_RESUMED: thread (33, main, main)
23:50:33.104 INFO: JdwpEventCenterDelegate: THREAD_RESUMED: thread (33, main, main)
23:50:33.106 INFO: JdwpEventCenterDelegate: THREAD_RESUMED: thread (33, main, main)
23:50:33.111 INFO: JdwpEventCenterDelegate: THREAD_RESUMED: thread (33, main, main)
23:50:33.124 INFO: JdwpEventCenterDelegate: THREAD_RESUMED: thread (33, main, main)
23:50:33.126 INFO: JdwpEventCenterDelegate: THREAD_RESUMED: thread (33, main, main)
23:50:33.128 INFO: JdwpEventCenterDelegate: THREAD_RESUMED: thread (33, main, main)
23:50:33.130 INFO: JdwpEventCenterDelegate: THREAD_RESUMED: thread (33, main, main)
23:50:33.132 INFO: JdwpEventCenterDelegate: THREAD_RESUMED: thread (33, main, main)
23:50:45.602 INFO: JdwpEventCenterDelegate: THREAD_STARTED: thread (108, Timer, main)
23:50:46.477 INFO: JdwpEventCenterDelegate: THREAD_RESUMED: thread (33, main, main)
23:50:46.509 INFO: JdwpEventCenterDelegate: THREAD_RESUMED: thread (33, main, main)
23:50:46.532 INFO: JdwpEventCenterDelegate: THREAD_RESUMED: thread (33, main, main)
23:50:46.549 INFO: JdwpEventCenterDelegate: THREAD_RESUMED: thread (33, main, main)
23:50:46.589 INFO: JdwpEventCenterDelegate: THREAD_RESUMED: thread (33, main, main)
23:50:46.623 INFO: JdwpEventCenterDelegate: THREAD_RESUMED: thread (33, main, main)
23:50:46.640 INFO: JdwpEventCenterDelegate: THREAD_RESUMED: thread (33, main, main)
23:50:46.656 INFO: JdwpEventCenterDelegate: THREAD_RESUMED: thread (33, main, main)
23:50:46.662 INFO: JdwpEventCenterDelegate: THREAD_RESUMED: thread (33, main, main)
23:50:46.676 INFO: JdwpEventCenterDelegate: THREAD_RESUMED: thread (33, main, main)
23:50:46.707 INFO: JdwpEventCenterDelegate: THREAD_RESUMED: thread (33, main, main)
23:50:46.720 INFO: JdwpEventCenterDelegate: THREAD_RESUMED: thread (33, main, main)
23:50:46.732 INFO: JdwpEventCenterDelegate: THREAD_RESUMED: thread (33, main, main)
23:50:46.744 INFO: JdwpEventCenterDelegate: THREAD_RESUMED: thread (33, main, main)
23:50:46.779 INFO: JdwpEventCenterDelegate: THREAD_RESUMED: thread (33, main, main)
23:50:46.812 INFO: JdwpEventCenterDelegate: THREAD_RESUMED: thread (33, main, main)
23:50:46.828 INFO: JdwpEventCenterDelegate: THREAD_RESUMED: thread (33, main, main)
23:50:46.843 INFO: JdwpEventCenterDelegate: THREAD_RESUMED: thread (33, main, main)
23:50:46.849 INFO: JdwpEventCenterDelegate: THREAD_RESUMED: thread (33, main, main)
23:50:46.862 INFO: JdwpEventCenterDelegate: THREAD_RESUMED: thread (33, main, main)
23:50:47.828 INFO: JdwpEventCenterDelegate: THREAD_STARTED: thread (123, Thread-7, main)
23:50:49.940 SEVERE: Debugger: Thread HooksChannel socket thread crashed
org.robovm.debugger.DebuggerException: java.io.IOException: org.robovm.libimobiledevice.LibIMobileDeviceException: IDEVICE_E_UNKNOWN_ERROR
	at org.robovm.debugger.hooks.HooksChannel.doSocketWork(HooksChannel.java:149)
	at java.base/java.lang.Thread.run(Thread.java:834)
	at org.robovm.debugger.utils.DebuggerThread.run(DebuggerThread.java:42)
Caused by: java.io.IOException: org.robovm.libimobiledevice.LibIMobileDeviceException: IDEVICE_E_UNKNOWN_ERROR
	at org.robovm.libimobiledevice.IDeviceConnection$DeviceInputStream.read(IDeviceConnection.java:203)
	at org.robovm.debugger.utils.bytebuffer.DataBufferWriter.writeFromStream(DataBufferWriter.java:89)
	at org.robovm.debugger.hooks.HooksChannel.doSocketWork(HooksChannel.java:116)
	... 2 more
Caused by: org.robovm.libimobiledevice.LibIMobileDeviceException: IDEVICE_E_UNKNOWN_ERROR
	at org.robovm.libimobiledevice.IDevice.checkResult(IDevice.java:206)
	at org.robovm.libimobiledevice.IDeviceConnection.receive(IDeviceConnection.java:110)
	at org.robovm.libimobiledevice.IDeviceConnection.receive(IDeviceConnection.java:81)
	at org.robovm.libimobiledevice.IDeviceConnection$DeviceInputStream.read(IDeviceConnection.java:201)
	... 4 more
23:50:49.958 INFO: JdwpDebugServer: handling req: VirtualMachine(1).Exit(10)
23:50:49.958 SEVERE: Debugger: Thread JDWP server socket thread crashed
org.robovm.debugger.DebuggerException: Terminating due exit command
	at org.robovm.debugger.jdwp.JdwpDebugServer.doSocketWork(JdwpDebugServer.java:211)
	at java.base/java.lang.Thread.run(Thread.java:834)
	at org.robovm.debugger.utils.DebuggerThread.run(DebuggerThread.java:42)
