08:41:36.734 INFO: JdwpDebugServer: handling req: VirtualMachine(1).IDSizes(7)
08:41:36.735 INFO: JdwpDebugServer: handling req: EventRequest(15).Set(1)
08:41:36.735 INFO: JdwpEventCenterDelegate: jdwpSetEventRequest: JdwpEventRequest{requestId=100, eventKind=CLASS_PREPARE, suspendPolicy=NONE, predicates=[]}
08:41:36.735 INFO: JdwpDebugServer: handling req: EventRequest(15).Set(1)
08:41:36.735 INFO: JdwpEventCenterDelegate: jdwpSetEventRequest: JdwpEventRequest{requestId=101, eventKind=CLASS_UNLOAD, suspendPolicy=NONE, predicates=[]}
08:41:36.749 INFO: JdwpDebugServer: handling req: VirtualMachine(1).Version(1)
08:41:36.750 INFO: JdwpDebugServer: handling req: VirtualMachine(1).capabilitiesNew(17)
08:41:36.750 INFO: JdwpDebugServer: handling req: VirtualMachine(1).capabilities(12)
08:41:36.750 INFO: JdwpDebugServer: handling req: VirtualMachine(1).AllClassesWithGeneric(20)
08:41:36.753 INFO: JdwpDebugServer: handling req: VirtualMachine(1).TopLevelThreadGroups(5)
08:41:36.754 INFO: JdwpDebugServer: handling req: EventRequest(15).Set(1)
08:41:36.754 INFO: JdwpEventCenterDelegate: jdwpSetEventRequest: JdwpEventRequest{requestId=102, eventKind=THREAD_START, suspendPolicy=NONE, predicates=[]}
08:41:36.754 INFO: JdwpDebugServer: handling req: EventRequest(15).Set(1)
08:41:36.754 INFO: JdwpEventCenterDelegate: jdwpSetEventRequest: JdwpEventRequest{requestId=103, eventKind=THREAD_DEATH, suspendPolicy=NONE, predicates=[]}
08:41:36.755 INFO: JdwpDebugServer: handling req: EventRequest(15).Set(1)
08:41:36.755 INFO: JdwpEventCenterDelegate: jdwpSetEventRequest: JdwpEventRequest{requestId=104, eventKind=CLASS_PREPARE, suspendPolicy=EVENT_THREAD, predicates=[className=sun.instrument.InstrumentationImpl]}
08:41:36.756 INFO: JdwpDebugServer: handling req: EventRequest(15).Set(1)
08:41:36.756 INFO: JdwpEventCenterDelegate: jdwpSetEventRequest: JdwpEventRequest{requestId=105, eventKind=CLASS_PREPARE, suspendPolicy=EVENT_THREAD, predicates=[className=sun.instrument.InstrumentationImpl]}
08:41:36.757 INFO: JdwpDebugServer: handling req: EventRequest(15).Set(1)
08:41:36.757 INFO: JdwpEventCenterDelegate: jdwpSetEventRequest: JdwpEventRequest{requestId=106, eventKind=CLASS_PREPARE, suspendPolicy=EVENT_THREAD, predicates=[className=com.oldcaledonia.babymozartspacetrip.ios.IOSLauncher]}
08:41:36.757 INFO: JdwpDebugServer: handling req: EventRequest(15).Set(1)
08:41:36.757 INFO: JdwpEventCenterDelegate: jdwpSetEventRequest: JdwpEventRequest{requestId=107, eventKind=CLASS_PREPARE, suspendPolicy=EVENT_THREAD, predicates=[className=com.oldcaledonia.babymozartspacetrip.ios.IOSLauncher$*]}
08:41:36.757 INFO: JdwpDebugServer: handling req: EventRequest(15).Set(1)
08:41:36.757 INFO: JdwpEventCenterDelegate: jdwpSetEventRequest: JdwpEventRequest{requestId=108, eventKind=CLASS_PREPARE, suspendPolicy=EVENT_THREAD, predicates=[className=com.oldcaledonia.babymozartspacetrip.ios.ComposableSingletons$IOSLauncherKt$*]}
08:41:37.352 INFO: JdwpDebugServer: handling req: VirtualMachine(1).Resume(9)
08:41:37.411 INFO: JdwpEventCenterDelegate: THREAD_STARTED: thread (33, main, main)
08:41:37.429 INFO: JdwpEventCenterDelegate: THREAD_STARTED: thread (48, ReferenceQueueDaemon, main)
08:41:37.436 INFO: JdwpEventCenterDelegate: THREAD_STARTED: thread (63, FinalizerDaemon, main)
08:41:37.442 INFO: JdwpEventCenterDelegate: THREAD_STARTED: thread (78, FinalizerWatchdogDaemon, main)
08:41:37.443 INFO: JdwpDebugServer: handling req: ReferenceType(2).MethodsWithGeneric(15)
08:41:37.444 INFO: JdwpDebugServer: handling req: Method(6).LineTable(1)
08:41:37.445 INFO: JdwpDebugServer: handling req: Method(6).LineTable(1)
08:41:37.445 INFO: JdwpDebugServer: handling req: Method(6).LineTable(1)
08:41:37.445 INFO: JdwpDebugServer: handling req: Method(6).LineTable(1)
08:41:37.446 INFO: JdwpDebugServer: handling req: Method(6).LineTable(1)
08:41:37.446 INFO: JdwpDebugServer: handling req: Method(6).LineTable(1)
08:41:37.446 INFO: JdwpDebugServer: handling req: Method(6).LineTable(1)
08:41:37.447 INFO: JdwpDebugServer: handling req: Method(6).LineTable(1)
08:41:37.447 INFO: JdwpDebugServer: handling req: Method(6).LineTable(1)
08:41:37.448 INFO: JdwpDebugServer: handling req: ReferenceType(2).SourceFile(7)
08:41:37.449 INFO: JdwpDebugServer: handling req: EventRequest(15).Set(1)
08:41:37.449 INFO: JdwpEventCenterDelegate: jdwpSetEventRequest: JdwpEventRequest{requestId=109, eventKind=BREAKPOINT, suspendPolicy=EVENT_THREAD, predicates=[Location{classId=25655, methodId=1312, index=43} ]}
08:41:37.450 INFO: JdwpDebugServer: handling req: ThreadReference(11).Resume(3)
08:41:37.451 INFO: JdwpEventCenterDelegate: THREAD_RESUMED: thread (33, main, main)
08:41:37.452 INFO: JdwpDebugServer: handling req: ClassType(3).Superclass(1)
08:41:37.455 INFO: JdwpDebugServer: handling req: ReferenceType(2).ClassLoader(2)
08:41:37.456 INFO: JdwpDebugServer: handling req: ReferenceType(2).ClassLoader(2)
08:41:37.458 INFO: JdwpEventCenterDelegate: THREAD_RESUMED: thread (33, main, main)
08:41:37.459 INFO: JdwpEventCenterDelegate: THREAD_RESUMED: thread (33, main, main)
08:41:37.461 INFO: JdwpEventCenterDelegate: THREAD_RESUMED: thread (33, main, main)
08:41:37.463 INFO: JdwpEventCenterDelegate: THREAD_RESUMED: thread (33, main, main)
08:41:37.464 INFO: JdwpEventCenterDelegate: THREAD_RESUMED: thread (33, main, main)
08:41:37.466 INFO: JdwpEventCenterDelegate: THREAD_RESUMED: thread (33, main, main)
08:41:37.468 INFO: JdwpEventCenterDelegate: THREAD_RESUMED: thread (33, main, main)
08:41:37.470 INFO: JdwpEventCenterDelegate: THREAD_RESUMED: thread (33, main, main)
08:41:37.471 INFO: JdwpEventCenterDelegate: THREAD_RESUMED: thread (33, main, main)
08:41:37.473 INFO: JdwpEventCenterDelegate: THREAD_RESUMED: thread (33, main, main)
08:41:37.474 INFO: JdwpEventCenterDelegate: THREAD_RESUMED: thread (33, main, main)
08:41:37.476 INFO: JdwpEventCenterDelegate: THREAD_RESUMED: thread (33, main, main)
08:41:37.477 INFO: JdwpEventCenterDelegate: THREAD_RESUMED: thread (33, main, main)
08:41:37.479 INFO: JdwpEventCenterDelegate: THREAD_RESUMED: thread (33, main, main)
08:41:37.480 INFO: JdwpEventCenterDelegate: THREAD_RESUMED: thread (33, main, main)
08:41:37.482 INFO: JdwpEventCenterDelegate: THREAD_RESUMED: thread (33, main, main)
08:41:37.484 INFO: JdwpEventCenterDelegate: THREAD_RESUMED: thread (33, main, main)
08:41:37.486 INFO: JdwpEventCenterDelegate: THREAD_RESUMED: thread (33, main, main)
08:41:37.490 INFO: JdwpEventCenterDelegate: THREAD_RESUMED: thread (33, main, main)
08:41:37.492 INFO: JdwpEventCenterDelegate: THREAD_RESUMED: thread (33, main, main)
08:41:37.493 INFO: JdwpEventCenterDelegate: THREAD_RESUMED: thread (33, main, main)
08:41:37.494 INFO: JdwpEventCenterDelegate: THREAD_RESUMED: thread (33, main, main)
08:41:37.495 INFO: JdwpEventCenterDelegate: THREAD_RESUMED: thread (33, main, main)
08:41:37.497 INFO: JdwpEventCenterDelegate: THREAD_RESUMED: thread (33, main, main)
08:41:37.498 INFO: JdwpEventCenterDelegate: THREAD_RESUMED: thread (33, main, main)
08:41:37.524 INFO: JdwpDebugServer: handling req: ReferenceType(2).MethodsWithGeneric(15)
08:41:37.525 INFO: JdwpDebugServer: handling req: Method(6).LineTable(1)
08:41:37.525 INFO: JdwpDebugServer: handling req: Method(6).LineTable(1)
08:41:37.525 INFO: JdwpDebugServer: handling req: ReferenceType(2).SourceFile(7)
08:41:37.526 INFO: JdwpDebugServer: handling req: ThreadReference(11).Resume(3)
08:41:37.526 INFO: JdwpEventCenterDelegate: THREAD_RESUMED: thread (33, main, main)
08:41:37.532 INFO: JdwpEventCenterDelegate: THREAD_RESUMED: thread (33, main, main)
08:41:37.534 INFO: JdwpEventCenterDelegate: THREAD_RESUMED: thread (33, main, main)
08:41:37.536 INFO: JdwpEventCenterDelegate: THREAD_RESUMED: thread (33, main, main)
08:41:37.537 INFO: JdwpEventCenterDelegate: THREAD_RESUMED: thread (33, main, main)
08:41:37.538 INFO: JdwpEventCenterDelegate: THREAD_RESUMED: thread (33, main, main)
08:41:37.540 INFO: JdwpEventCenterDelegate: THREAD_RESUMED: thread (33, main, main)
08:41:37.541 INFO: JdwpEventCenterDelegate: THREAD_RESUMED: thread (33, main, main)
08:41:37.544 INFO: JdwpEventCenterDelegate: THREAD_RESUMED: thread (33, main, main)
08:41:37.545 INFO: JdwpEventCenterDelegate: THREAD_RESUMED: thread (33, main, main)
08:41:37.546 INFO: JdwpEventCenterDelegate: THREAD_RESUMED: thread (33, main, main)
08:41:37.548 INFO: JdwpEventCenterDelegate: THREAD_RESUMED: thread (33, main, main)
08:41:37.549 INFO: JdwpEventCenterDelegate: THREAD_RESUMED: thread (33, main, main)
08:41:37.550 INFO: JdwpEventCenterDelegate: THREAD_RESUMED: thread (33, main, main)
08:41:37.552 INFO: JdwpEventCenterDelegate: THREAD_RESUMED: thread (33, main, main)
08:41:37.568 INFO: JdwpEventCenterDelegate: THREAD_RESUMED: thread (33, main, main)
08:41:37.570 INFO: JdwpEventCenterDelegate: THREAD_RESUMED: thread (33, main, main)
08:41:37.571 INFO: JdwpEventCenterDelegate: THREAD_RESUMED: thread (33, main, main)
08:41:37.573 INFO: JdwpEventCenterDelegate: THREAD_RESUMED: thread (33, main, main)
08:41:37.574 INFO: JdwpEventCenterDelegate: THREAD_RESUMED: thread (33, main, main)
08:41:37.576 INFO: JdwpEventCenterDelegate: THREAD_RESUMED: thread (33, main, main)
08:41:37.578 INFO: JdwpEventCenterDelegate: THREAD_RESUMED: thread (33, main, main)
08:41:37.615 INFO: JdwpEventCenterDelegate: THREAD_RESUMED: thread (33, main, main)
08:41:37.617 INFO: JdwpEventCenterDelegate: THREAD_RESUMED: thread (33, main, main)
08:41:37.618 INFO: JdwpEventCenterDelegate: THREAD_RESUMED: thread (33, main, main)
08:41:37.619 INFO: JdwpEventCenterDelegate: THREAD_RESUMED: thread (33, main, main)
08:41:37.621 INFO: JdwpEventCenterDelegate: THREAD_RESUMED: thread (33, main, main)
08:41:37.622 INFO: JdwpEventCenterDelegate: THREAD_RESUMED: thread (33, main, main)
08:41:37.623 INFO: JdwpEventCenterDelegate: THREAD_RESUMED: thread (33, main, main)
08:41:37.635 INFO: JdwpEventCenterDelegate: THREAD_RESUMED: thread (33, main, main)
08:41:37.637 INFO: JdwpEventCenterDelegate: THREAD_RESUMED: thread (33, main, main)
08:41:37.639 INFO: JdwpEventCenterDelegate: THREAD_RESUMED: thread (33, main, main)
08:41:37.640 INFO: JdwpEventCenterDelegate: THREAD_RESUMED: thread (33, main, main)
08:41:37.641 INFO: JdwpEventCenterDelegate: THREAD_RESUMED: thread (33, main, main)
08:41:37.643 INFO: JdwpEventCenterDelegate: THREAD_RESUMED: thread (33, main, main)
08:41:37.644 INFO: JdwpEventCenterDelegate: THREAD_RESUMED: thread (33, main, main)
08:41:37.654 INFO: JdwpEventCenterDelegate: THREAD_RESUMED: thread (33, main, main)
08:41:37.655 INFO: JdwpEventCenterDelegate: THREAD_RESUMED: thread (33, main, main)
08:41:37.656 INFO: JdwpEventCenterDelegate: THREAD_RESUMED: thread (33, main, main)
08:41:37.658 INFO: JdwpEventCenterDelegate: THREAD_RESUMED: thread (33, main, main)
08:41:37.660 INFO: JdwpEventCenterDelegate: THREAD_RESUMED: thread (33, main, main)
08:41:37.661 INFO: JdwpEventCenterDelegate: THREAD_RESUMED: thread (33, main, main)
08:41:37.663 INFO: JdwpEventCenterDelegate: THREAD_RESUMED: thread (33, main, main)
08:41:37.665 INFO: JdwpEventCenterDelegate: THREAD_RESUMED: thread (33, main, main)
08:41:37.666 INFO: JdwpEventCenterDelegate: THREAD_RESUMED: thread (33, main, main)
08:41:37.667 INFO: JdwpEventCenterDelegate: THREAD_RESUMED: thread (33, main, main)
08:41:37.668 INFO: JdwpEventCenterDelegate: THREAD_RESUMED: thread (33, main, main)
08:41:37.670 INFO: JdwpEventCenterDelegate: THREAD_RESUMED: thread (33, main, main)
08:41:37.672 INFO: JdwpEventCenterDelegate: THREAD_RESUMED: thread (33, main, main)
08:41:37.674 INFO: JdwpEventCenterDelegate: THREAD_RESUMED: thread (33, main, main)
08:41:37.675 INFO: JdwpEventCenterDelegate: THREAD_RESUMED: thread (33, main, main)
08:41:37.677 INFO: JdwpEventCenterDelegate: THREAD_RESUMED: thread (33, main, main)
08:41:37.679 INFO: JdwpEventCenterDelegate: THREAD_RESUMED: thread (33, main, main)
08:41:37.680 INFO: JdwpEventCenterDelegate: THREAD_RESUMED: thread (33, main, main)
08:41:37.684 INFO: JdwpEventCenterDelegate: THREAD_RESUMED: thread (33, main, main)
08:41:37.686 INFO: JdwpEventCenterDelegate: THREAD_RESUMED: thread (33, main, main)
08:41:37.813 INFO: JdwpEventCenterDelegate: THREAD_STARTED: thread (93, AssetManager, main)
08:41:37.919 INFO: JdwpEventCenterDelegate: THREAD_RESUMED: thread (33, main, main)
08:41:37.921 INFO: JdwpEventCenterDelegate: THREAD_RESUMED: thread (33, main, main)
08:41:40.492 INFO: JdwpEventCenterDelegate: THREAD_RESUMED: thread (33, main, main)
08:41:40.590 INFO: JdwpEventCenterDelegate: THREAD_RESUMED: thread (33, main, main)
08:41:40.592 INFO: JdwpEventCenterDelegate: THREAD_RESUMED: thread (33, main, main)
08:41:40.593 INFO: JdwpEventCenterDelegate: THREAD_RESUMED: thread (33, main, main)
08:41:40.595 INFO: JdwpEventCenterDelegate: THREAD_RESUMED: thread (33, main, main)
08:41:40.597 INFO: JdwpEventCenterDelegate: THREAD_RESUMED: thread (33, main, main)
08:41:40.603 INFO: JdwpEventCenterDelegate: THREAD_RESUMED: thread (33, main, main)
08:41:40.614 INFO: JdwpEventCenterDelegate: THREAD_RESUMED: thread (33, main, main)
08:41:40.617 INFO: JdwpEventCenterDelegate: THREAD_RESUMED: thread (33, main, main)
08:41:40.619 INFO: JdwpEventCenterDelegate: THREAD_RESUMED: thread (33, main, main)
08:41:40.621 INFO: JdwpEventCenterDelegate: THREAD_RESUMED: thread (33, main, main)
08:41:40.624 INFO: JdwpEventCenterDelegate: THREAD_RESUMED: thread (33, main, main)
08:41:40.629 INFO: JdwpEventCenterDelegate: THREAD_RESUMED: thread (33, main, main)
08:41:40.644 INFO: JdwpEventCenterDelegate: THREAD_RESUMED: thread (33, main, main)
08:41:40.646 INFO: JdwpEventCenterDelegate: THREAD_RESUMED: thread (33, main, main)
08:41:40.649 INFO: JdwpEventCenterDelegate: THREAD_RESUMED: thread (33, main, main)
08:41:40.651 INFO: JdwpEventCenterDelegate: THREAD_RESUMED: thread (33, main, main)
08:41:40.653 INFO: JdwpEventCenterDelegate: THREAD_RESUMED: thread (33, main, main)
08:41:40.658 INFO: JdwpEventCenterDelegate: THREAD_RESUMED: thread (33, main, main)
08:41:40.677 INFO: JdwpEventCenterDelegate: THREAD_RESUMED: thread (33, main, main)
08:41:40.679 INFO: JdwpEventCenterDelegate: THREAD_RESUMED: thread (33, main, main)
08:41:40.682 INFO: JdwpEventCenterDelegate: THREAD_RESUMED: thread (33, main, main)
08:41:40.684 INFO: JdwpEventCenterDelegate: THREAD_RESUMED: thread (33, main, main)
08:41:40.686 INFO: JdwpEventCenterDelegate: THREAD_RESUMED: thread (33, main, main)
08:41:40.691 INFO: JdwpEventCenterDelegate: THREAD_RESUMED: thread (33, main, main)
08:41:40.707 INFO: JdwpEventCenterDelegate: THREAD_RESUMED: thread (33, main, main)
08:41:40.709 INFO: JdwpEventCenterDelegate: THREAD_RESUMED: thread (33, main, main)
08:41:40.711 INFO: JdwpEventCenterDelegate: THREAD_RESUMED: thread (33, main, main)
08:41:40.713 INFO: JdwpEventCenterDelegate: THREAD_RESUMED: thread (33, main, main)
08:41:40.715 INFO: JdwpEventCenterDelegate: THREAD_RESUMED: thread (33, main, main)
08:41:40.720 INFO: JdwpEventCenterDelegate: THREAD_RESUMED: thread (33, main, main)
08:41:40.735 INFO: JdwpEventCenterDelegate: THREAD_RESUMED: thread (33, main, main)
08:41:40.737 INFO: JdwpEventCenterDelegate: THREAD_RESUMED: thread (33, main, main)
08:41:40.740 INFO: JdwpEventCenterDelegate: THREAD_RESUMED: thread (33, main, main)
08:41:40.742 INFO: JdwpEventCenterDelegate: THREAD_RESUMED: thread (33, main, main)
08:41:40.744 INFO: JdwpEventCenterDelegate: THREAD_RESUMED: thread (33, main, main)
08:41:40.749 INFO: JdwpEventCenterDelegate: THREAD_RESUMED: thread (33, main, main)
08:41:40.771 INFO: JdwpEventCenterDelegate: THREAD_RESUMED: thread (33, main, main)
08:41:40.773 INFO: JdwpEventCenterDelegate: THREAD_RESUMED: thread (33, main, main)
08:41:40.775 INFO: JdwpEventCenterDelegate: THREAD_RESUMED: thread (33, main, main)
08:41:40.776 INFO: JdwpEventCenterDelegate: THREAD_RESUMED: thread (33, main, main)
08:41:40.778 INFO: JdwpEventCenterDelegate: THREAD_RESUMED: thread (33, main, main)
08:41:40.783 INFO: JdwpEventCenterDelegate: THREAD_RESUMED: thread (33, main, main)
08:41:40.803 INFO: JdwpEventCenterDelegate: THREAD_RESUMED: thread (33, main, main)
08:41:40.805 INFO: JdwpEventCenterDelegate: THREAD_RESUMED: thread (33, main, main)
08:41:40.807 INFO: JdwpEventCenterDelegate: THREAD_RESUMED: thread (33, main, main)
08:41:40.810 INFO: JdwpEventCenterDelegate: THREAD_RESUMED: thread (33, main, main)
08:41:40.812 INFO: JdwpEventCenterDelegate: THREAD_RESUMED: thread (33, main, main)
08:41:40.817 INFO: JdwpEventCenterDelegate: THREAD_RESUMED: thread (33, main, main)
08:41:40.836 INFO: JdwpEventCenterDelegate: THREAD_RESUMED: thread (33, main, main)
08:41:40.838 INFO: JdwpEventCenterDelegate: THREAD_RESUMED: thread (33, main, main)
08:41:40.840 INFO: JdwpEventCenterDelegate: THREAD_RESUMED: thread (33, main, main)
08:41:40.842 INFO: JdwpEventCenterDelegate: THREAD_RESUMED: thread (33, main, main)
08:41:40.844 INFO: JdwpEventCenterDelegate: THREAD_RESUMED: thread (33, main, main)
08:41:40.849 INFO: JdwpEventCenterDelegate: THREAD_RESUMED: thread (33, main, main)
08:41:40.864 INFO: JdwpEventCenterDelegate: THREAD_RESUMED: thread (33, main, main)
08:41:40.866 INFO: JdwpEventCenterDelegate: THREAD_RESUMED: thread (33, main, main)
08:41:40.868 INFO: JdwpEventCenterDelegate: THREAD_RESUMED: thread (33, main, main)
08:41:40.870 INFO: JdwpEventCenterDelegate: THREAD_RESUMED: thread (33, main, main)
08:41:40.872 INFO: JdwpEventCenterDelegate: THREAD_RESUMED: thread (33, main, main)
08:41:40.877 INFO: JdwpEventCenterDelegate: THREAD_RESUMED: thread (33, main, main)
08:41:40.891 INFO: JdwpEventCenterDelegate: THREAD_RESUMED: thread (33, main, main)
08:41:40.894 INFO: JdwpEventCenterDelegate: THREAD_RESUMED: thread (33, main, main)
08:41:40.896 INFO: JdwpEventCenterDelegate: THREAD_RESUMED: thread (33, main, main)
08:41:40.898 INFO: JdwpEventCenterDelegate: THREAD_RESUMED: thread (33, main, main)
08:41:40.900 INFO: JdwpEventCenterDelegate: THREAD_RESUMED: thread (33, main, main)
08:41:40.905 INFO: JdwpEventCenterDelegate: THREAD_RESUMED: thread (33, main, main)
08:41:40.924 INFO: JdwpEventCenterDelegate: THREAD_RESUMED: thread (33, main, main)
08:41:40.926 INFO: JdwpEventCenterDelegate: THREAD_RESUMED: thread (33, main, main)
08:41:40.928 INFO: JdwpEventCenterDelegate: THREAD_RESUMED: thread (33, main, main)
08:41:40.931 INFO: JdwpEventCenterDelegate: THREAD_RESUMED: thread (33, main, main)
08:41:40.933 INFO: JdwpEventCenterDelegate: THREAD_RESUMED: thread (33, main, main)
08:41:40.938 INFO: JdwpEventCenterDelegate: THREAD_RESUMED: thread (33, main, main)
08:41:40.960 INFO: JdwpEventCenterDelegate: THREAD_RESUMED: thread (33, main, main)
08:41:40.962 INFO: JdwpEventCenterDelegate: THREAD_RESUMED: thread (33, main, main)
08:41:40.964 INFO: JdwpEventCenterDelegate: THREAD_RESUMED: thread (33, main, main)
08:41:40.966 INFO: JdwpEventCenterDelegate: THREAD_RESUMED: thread (33, main, main)
08:41:40.968 INFO: JdwpEventCenterDelegate: THREAD_RESUMED: thread (33, main, main)
08:41:40.973 INFO: JdwpEventCenterDelegate: THREAD_RESUMED: thread (33, main, main)
08:41:40.992 INFO: JdwpEventCenterDelegate: THREAD_RESUMED: thread (33, main, main)
08:41:40.994 INFO: JdwpEventCenterDelegate: THREAD_RESUMED: thread (33, main, main)
08:41:40.996 INFO: JdwpEventCenterDelegate: THREAD_RESUMED: thread (33, main, main)
08:41:40.998 INFO: JdwpEventCenterDelegate: THREAD_RESUMED: thread (33, main, main)
08:41:41.001 INFO: JdwpEventCenterDelegate: THREAD_RESUMED: thread (33, main, main)
08:41:41.005 INFO: JdwpEventCenterDelegate: THREAD_RESUMED: thread (33, main, main)
08:41:41.019 INFO: JdwpEventCenterDelegate: THREAD_RESUMED: thread (33, main, main)
08:41:41.021 INFO: JdwpEventCenterDelegate: THREAD_RESUMED: thread (33, main, main)
08:41:41.023 INFO: JdwpEventCenterDelegate: THREAD_RESUMED: thread (33, main, main)
08:41:41.025 INFO: JdwpEventCenterDelegate: THREAD_RESUMED: thread (33, main, main)
08:41:41.027 INFO: JdwpEventCenterDelegate: THREAD_RESUMED: thread (33, main, main)
08:41:41.032 INFO: JdwpEventCenterDelegate: THREAD_RESUMED: thread (33, main, main)
08:41:41.035 INFO: JdwpEventCenterDelegate: THREAD_RESUMED: thread (33, main, main)
08:41:41.037 INFO: JdwpEventCenterDelegate: THREAD_RESUMED: thread (33, main, main)
08:41:41.039 INFO: JdwpEventCenterDelegate: THREAD_RESUMED: thread (33, main, main)
08:41:41.041 INFO: JdwpEventCenterDelegate: THREAD_RESUMED: thread (33, main, main)
08:41:41.043 INFO: JdwpEventCenterDelegate: THREAD_RESUMED: thread (33, main, main)
08:41:41.045 INFO: JdwpEventCenterDelegate: THREAD_RESUMED: thread (33, main, main)
08:41:41.049 INFO: JdwpEventCenterDelegate: THREAD_RESUMED: thread (33, main, main)
08:41:41.052 INFO: JdwpEventCenterDelegate: THREAD_RESUMED: thread (33, main, main)
08:41:41.054 INFO: JdwpEventCenterDelegate: THREAD_RESUMED: thread (33, main, main)
08:41:41.055 INFO: JdwpEventCenterDelegate: THREAD_RESUMED: thread (33, main, main)
08:41:41.066 INFO: JdwpEventCenterDelegate: THREAD_RESUMED: thread (33, main, main)
08:41:41.068 INFO: JdwpEventCenterDelegate: THREAD_RESUMED: thread (33, main, main)
08:41:41.070 INFO: JdwpEventCenterDelegate: THREAD_RESUMED: thread (33, main, main)
08:41:41.072 INFO: JdwpEventCenterDelegate: THREAD_RESUMED: thread (33, main, main)
08:41:41.074 INFO: JdwpEventCenterDelegate: THREAD_RESUMED: thread (33, main, main)
08:41:41.079 INFO: JdwpEventCenterDelegate: THREAD_RESUMED: thread (33, main, main)
08:41:41.094 INFO: JdwpEventCenterDelegate: THREAD_RESUMED: thread (33, main, main)
08:41:41.108 INFO: JdwpEventCenterDelegate: THREAD_RESUMED: thread (33, main, main)
08:41:41.119 INFO: JdwpEventCenterDelegate: THREAD_RESUMED: thread (33, main, main)
08:41:41.133 INFO: JdwpEventCenterDelegate: THREAD_RESUMED: thread (33, main, main)
08:41:41.163 INFO: JdwpEventCenterDelegate: THREAD_RESUMED: thread (33, main, main)
08:41:41.165 INFO: JdwpEventCenterDelegate: THREAD_RESUMED: thread (33, main, main)
08:41:41.168 INFO: JdwpEventCenterDelegate: THREAD_RESUMED: thread (33, main, main)
08:41:41.170 INFO: JdwpEventCenterDelegate: THREAD_RESUMED: thread (33, main, main)
08:41:41.172 INFO: JdwpEventCenterDelegate: THREAD_RESUMED: thread (33, main, main)
08:41:41.177 INFO: JdwpEventCenterDelegate: THREAD_RESUMED: thread (33, main, main)
08:41:41.189 INFO: JdwpEventCenterDelegate: THREAD_RESUMED: thread (33, main, main)
08:41:41.191 INFO: JdwpEventCenterDelegate: THREAD_RESUMED: thread (33, main, main)
08:41:41.193 INFO: JdwpEventCenterDelegate: THREAD_RESUMED: thread (33, main, main)
08:41:41.195 INFO: JdwpEventCenterDelegate: THREAD_RESUMED: thread (33, main, main)
08:41:41.198 INFO: JdwpEventCenterDelegate: THREAD_RESUMED: thread (33, main, main)
08:41:41.202 INFO: JdwpEventCenterDelegate: THREAD_RESUMED: thread (33, main, main)
08:41:41.216 INFO: JdwpEventCenterDelegate: THREAD_RESUMED: thread (33, main, main)
08:41:41.219 INFO: JdwpEventCenterDelegate: THREAD_RESUMED: thread (33, main, main)
08:41:41.221 INFO: JdwpEventCenterDelegate: THREAD_RESUMED: thread (33, main, main)
08:41:41.223 INFO: JdwpEventCenterDelegate: THREAD_RESUMED: thread (33, main, main)
08:41:41.225 INFO: JdwpEventCenterDelegate: THREAD_RESUMED: thread (33, main, main)
08:41:41.230 INFO: JdwpEventCenterDelegate: THREAD_RESUMED: thread (33, main, main)
08:41:41.247 INFO: JdwpEventCenterDelegate: THREAD_RESUMED: thread (33, main, main)
08:41:41.249 INFO: JdwpEventCenterDelegate: THREAD_RESUMED: thread (33, main, main)
08:41:41.251 INFO: JdwpEventCenterDelegate: THREAD_RESUMED: thread (33, main, main)
08:41:41.254 INFO: JdwpEventCenterDelegate: THREAD_RESUMED: thread (33, main, main)
08:41:41.256 INFO: JdwpEventCenterDelegate: THREAD_RESUMED: thread (33, main, main)
08:41:41.261 INFO: JdwpEventCenterDelegate: THREAD_RESUMED: thread (33, main, main)
08:41:41.276 INFO: JdwpEventCenterDelegate: THREAD_RESUMED: thread (33, main, main)
08:41:41.277 INFO: JdwpEventCenterDelegate: THREAD_RESUMED: thread (33, main, main)
08:41:41.280 INFO: JdwpEventCenterDelegate: THREAD_RESUMED: thread (33, main, main)
08:41:41.282 INFO: JdwpEventCenterDelegate: THREAD_RESUMED: thread (33, main, main)
08:41:41.283 INFO: JdwpEventCenterDelegate: THREAD_RESUMED: thread (33, main, main)
08:41:41.288 INFO: JdwpEventCenterDelegate: THREAD_RESUMED: thread (33, main, main)
08:41:41.303 INFO: JdwpEventCenterDelegate: THREAD_RESUMED: thread (33, main, main)
08:41:41.305 INFO: JdwpEventCenterDelegate: THREAD_RESUMED: thread (33, main, main)
08:41:41.307 INFO: JdwpEventCenterDelegate: THREAD_RESUMED: thread (33, main, main)
08:41:41.309 INFO: JdwpEventCenterDelegate: THREAD_RESUMED: thread (33, main, main)
08:41:41.310 INFO: JdwpEventCenterDelegate: THREAD_RESUMED: thread (33, main, main)
08:41:41.314 INFO: JdwpEventCenterDelegate: THREAD_RESUMED: thread (33, main, main)
08:41:41.336 INFO: JdwpEventCenterDelegate: THREAD_RESUMED: thread (33, main, main)
08:41:41.338 INFO: JdwpEventCenterDelegate: THREAD_RESUMED: thread (33, main, main)
08:41:41.340 INFO: JdwpEventCenterDelegate: THREAD_RESUMED: thread (33, main, main)
08:41:41.342 INFO: JdwpEventCenterDelegate: THREAD_RESUMED: thread (33, main, main)
08:41:41.344 INFO: JdwpEventCenterDelegate: THREAD_RESUMED: thread (33, main, main)
08:41:41.349 INFO: JdwpEventCenterDelegate: THREAD_RESUMED: thread (33, main, main)
08:41:41.366 INFO: JdwpEventCenterDelegate: THREAD_RESUMED: thread (33, main, main)
08:41:41.368 INFO: JdwpEventCenterDelegate: THREAD_RESUMED: thread (33, main, main)
08:41:41.371 INFO: JdwpEventCenterDelegate: THREAD_RESUMED: thread (33, main, main)
08:41:41.373 INFO: JdwpEventCenterDelegate: THREAD_RESUMED: thread (33, main, main)
08:41:41.375 INFO: JdwpEventCenterDelegate: THREAD_RESUMED: thread (33, main, main)
08:41:41.379 INFO: JdwpEventCenterDelegate: THREAD_RESUMED: thread (33, main, main)
08:41:41.396 INFO: JdwpEventCenterDelegate: THREAD_RESUMED: thread (33, main, main)
08:41:41.398 INFO: JdwpEventCenterDelegate: THREAD_RESUMED: thread (33, main, main)
08:41:41.401 INFO: JdwpEventCenterDelegate: THREAD_RESUMED: thread (33, main, main)
08:41:41.403 INFO: JdwpEventCenterDelegate: THREAD_RESUMED: thread (33, main, main)
08:41:41.405 INFO: JdwpEventCenterDelegate: THREAD_RESUMED: thread (33, main, main)
08:41:41.409 INFO: JdwpEventCenterDelegate: THREAD_RESUMED: thread (33, main, main)
08:41:41.424 INFO: JdwpEventCenterDelegate: THREAD_RESUMED: thread (33, main, main)
08:41:41.426 INFO: JdwpEventCenterDelegate: THREAD_RESUMED: thread (33, main, main)
08:41:41.428 INFO: JdwpEventCenterDelegate: THREAD_RESUMED: thread (33, main, main)
08:41:41.430 INFO: JdwpEventCenterDelegate: THREAD_RESUMED: thread (33, main, main)
08:41:41.432 INFO: JdwpEventCenterDelegate: THREAD_RESUMED: thread (33, main, main)
08:41:41.437 INFO: JdwpEventCenterDelegate: THREAD_RESUMED: thread (33, main, main)
08:41:41.450 INFO: JdwpEventCenterDelegate: THREAD_RESUMED: thread (33, main, main)
08:41:41.452 INFO: JdwpEventCenterDelegate: THREAD_RESUMED: thread (33, main, main)
08:41:41.454 INFO: JdwpEventCenterDelegate: THREAD_RESUMED: thread (33, main, main)
08:41:41.456 INFO: JdwpEventCenterDelegate: THREAD_RESUMED: thread (33, main, main)
08:41:41.458 INFO: JdwpEventCenterDelegate: THREAD_RESUMED: thread (33, main, main)
08:41:41.463 INFO: JdwpEventCenterDelegate: THREAD_RESUMED: thread (33, main, main)
08:41:41.481 INFO: JdwpEventCenterDelegate: THREAD_RESUMED: thread (33, main, main)
08:41:41.483 INFO: JdwpEventCenterDelegate: THREAD_RESUMED: thread (33, main, main)
08:41:41.486 INFO: JdwpEventCenterDelegate: THREAD_RESUMED: thread (33, main, main)
08:41:41.488 INFO: JdwpEventCenterDelegate: THREAD_RESUMED: thread (33, main, main)
08:41:41.490 INFO: JdwpEventCenterDelegate: THREAD_RESUMED: thread (33, main, main)
08:41:41.495 INFO: JdwpEventCenterDelegate: THREAD_RESUMED: thread (33, main, main)
08:41:41.519 INFO: JdwpEventCenterDelegate: THREAD_RESUMED: thread (33, main, main)
08:41:41.521 INFO: JdwpEventCenterDelegate: THREAD_RESUMED: thread (33, main, main)
08:41:41.524 INFO: JdwpEventCenterDelegate: THREAD_RESUMED: thread (33, main, main)
08:41:41.526 INFO: JdwpEventCenterDelegate: THREAD_RESUMED: thread (33, main, main)
08:41:41.528 INFO: JdwpEventCenterDelegate: THREAD_RESUMED: thread (33, main, main)
08:41:41.533 INFO: JdwpEventCenterDelegate: THREAD_RESUMED: thread (33, main, main)
08:41:41.551 INFO: JdwpEventCenterDelegate: THREAD_RESUMED: thread (33, main, main)
08:41:41.553 INFO: JdwpEventCenterDelegate: THREAD_RESUMED: thread (33, main, main)
08:41:41.555 INFO: JdwpEventCenterDelegate: THREAD_RESUMED: thread (33, main, main)
08:41:41.557 INFO: JdwpEventCenterDelegate: THREAD_RESUMED: thread (33, main, main)
08:41:41.559 INFO: JdwpEventCenterDelegate: THREAD_RESUMED: thread (33, main, main)
08:41:41.564 INFO: JdwpEventCenterDelegate: THREAD_RESUMED: thread (33, main, main)
08:41:41.577 INFO: JdwpEventCenterDelegate: THREAD_RESUMED: thread (33, main, main)
08:41:41.579 INFO: JdwpEventCenterDelegate: THREAD_RESUMED: thread (33, main, main)
08:41:41.581 INFO: JdwpEventCenterDelegate: THREAD_RESUMED: thread (33, main, main)
08:41:41.584 INFO: JdwpEventCenterDelegate: THREAD_RESUMED: thread (33, main, main)
08:41:41.586 INFO: JdwpEventCenterDelegate: THREAD_RESUMED: thread (33, main, main)
08:41:44.004 INFO: JdwpEventCenterDelegate: THREAD_STARTED: thread (108, Timer, main)
08:41:44.915 INFO: JdwpEventCenterDelegate: THREAD_RESUMED: thread (33, main, main)
08:41:44.947 INFO: JdwpEventCenterDelegate: THREAD_RESUMED: thread (33, main, main)
08:41:44.969 INFO: JdwpEventCenterDelegate: THREAD_RESUMED: thread (33, main, main)
08:41:44.987 INFO: JdwpEventCenterDelegate: THREAD_RESUMED: thread (33, main, main)
08:41:45.027 INFO: JdwpEventCenterDelegate: THREAD_RESUMED: thread (33, main, main)
08:41:45.061 INFO: JdwpEventCenterDelegate: THREAD_RESUMED: thread (33, main, main)
08:41:45.078 INFO: JdwpEventCenterDelegate: THREAD_RESUMED: thread (33, main, main)
08:41:45.093 INFO: JdwpEventCenterDelegate: THREAD_RESUMED: thread (33, main, main)
08:41:45.100 INFO: JdwpEventCenterDelegate: THREAD_RESUMED: thread (33, main, main)
08:41:45.114 INFO: JdwpEventCenterDelegate: THREAD_RESUMED: thread (33, main, main)
08:41:45.144 INFO: JdwpEventCenterDelegate: THREAD_RESUMED: thread (33, main, main)
08:41:45.156 INFO: JdwpEventCenterDelegate: THREAD_RESUMED: thread (33, main, main)
08:41:45.169 INFO: JdwpEventCenterDelegate: THREAD_RESUMED: thread (33, main, main)
08:41:45.181 INFO: JdwpEventCenterDelegate: THREAD_RESUMED: thread (33, main, main)
08:41:45.215 INFO: JdwpEventCenterDelegate: THREAD_RESUMED: thread (33, main, main)
08:41:45.248 INFO: JdwpEventCenterDelegate: THREAD_RESUMED: thread (33, main, main)
08:41:45.264 INFO: JdwpEventCenterDelegate: THREAD_RESUMED: thread (33, main, main)
08:41:45.278 INFO: JdwpEventCenterDelegate: THREAD_RESUMED: thread (33, main, main)
08:41:45.284 INFO: JdwpEventCenterDelegate: THREAD_RESUMED: thread (33, main, main)
08:41:45.297 INFO: JdwpEventCenterDelegate: THREAD_RESUMED: thread (33, main, main)
08:41:46.325 INFO: JdwpEventCenterDelegate: THREAD_RESUMED: thread (33, main, main)
08:41:46.328 INFO: JdwpEventCenterDelegate: THREAD_RESUMED: thread (33, main, main)
08:41:46.330 INFO: JdwpEventCenterDelegate: THREAD_RESUMED: thread (33, main, main)
08:41:46.332 INFO: JdwpEventCenterDelegate: THREAD_RESUMED: thread (33, main, main)
08:41:46.334 INFO: JdwpEventCenterDelegate: THREAD_RESUMED: thread (33, main, main)
08:41:46.336 INFO: JdwpEventCenterDelegate: THREAD_RESUMED: thread (33, main, main)
08:41:46.339 INFO: JdwpEventCenterDelegate: THREAD_RESUMED: thread (33, main, main)
08:41:46.398 INFO: JdwpEventCenterDelegate: THREAD_RESUMED: thread (33, main, main)
08:41:46.400 INFO: JdwpEventCenterDelegate: THREAD_RESUMED: thread (33, main, main)
08:41:46.402 INFO: JdwpEventCenterDelegate: THREAD_RESUMED: thread (33, main, main)
08:41:46.403 INFO: JdwpEventCenterDelegate: THREAD_RESUMED: thread (33, main, main)
08:41:46.405 INFO: JdwpEventCenterDelegate: THREAD_RESUMED: thread (33, main, main)
08:41:46.407 INFO: JdwpEventCenterDelegate: THREAD_RESUMED: thread (33, main, main)
08:41:46.409 INFO: JdwpEventCenterDelegate: THREAD_RESUMED: thread (33, main, main)
08:41:46.427 INFO: JdwpEventCenterDelegate: THREAD_STARTED: thread (123, Thread-7, main)
08:41:51.305 INFO: JdwpDebugServer: handling req: EventRequest(15).Clear(2)
08:41:51.307 INFO: JdwpDebugServer: handling req: EventRequest(15).Clear(2)
08:41:51.309 INFO: JdwpDebugServer: handling req: EventRequest(15).Clear(2)
08:41:51.310 INFO: JdwpDebugServer: handling req: EventRequest(15).Clear(2)
08:42:04.069 INFO: JdwpEventCenterDelegate: THREAD_STARTED: thread (138, Thread-8, main)
08:42:04.071 INFO: JdwpEventCenterDelegate: THREAD_RESUMED: thread (33, main, main)
08:42:04.103 INFO: JdwpEventCenterDelegate: THREAD_RESUMED: thread (33, main, main)
08:42:04.120 INFO: JdwpEventCenterDelegate: THREAD_RESUMED: thread (33, main, main)
08:42:04.136 INFO: JdwpEventCenterDelegate: THREAD_RESUMED: thread (33, main, main)
08:42:04.148 INFO: JdwpEventCenterDelegate: THREAD_RESUMED: thread (33, main, main)
08:42:04.161 INFO: JdwpEventCenterDelegate: THREAD_RESUMED: thread (33, main, main)
08:42:04.173 INFO: JdwpEventCenterDelegate: THREAD_RESUMED: thread (33, main, main)
08:42:04.185 INFO: JdwpEventCenterDelegate: THREAD_RESUMED: thread (33, main, main)
08:42:04.200 INFO: JdwpEventCenterDelegate: THREAD_RESUMED: thread (33, main, main)
08:42:49.406 INFO: JdwpDebugServer: handling req: VirtualMachine(1).Exit(10)
08:42:49.406 SEVERE: Debugger: Thread JDWP server socket thread crashed
org.robovm.debugger.DebuggerException: Terminating due exit command
	at org.robovm.debugger.jdwp.JdwpDebugServer.doSocketWork(JdwpDebugServer.java:211)
	at java.base/java.lang.Thread.run(Thread.java:834)
	at org.robovm.debugger.utils.DebuggerThread.run(DebuggerThread.java:42)
08:42:49.643 INFO: JdwpEventCenterDelegate: THREAD_DETTACHED: thread (123, Thread-7, main)
