08:52:01.688 INFO: JdwpDebugServer: handling req: VirtualMachine(1).IDSizes(7)
08:52:01.688 INFO: JdwpDebugServer: handling req: EventRequest(15).Set(1)
08:52:01.688 INFO: JdwpEventCenterDelegate: jdwpSetEventRequest: JdwpEventRequest{requestId=100, eventKind=CLASS_PREPARE, suspendPolicy=NONE, predicates=[]}
08:52:01.689 INFO: JdwpDebugServer: handling req: EventRequest(15).Set(1)
08:52:01.689 INFO: JdwpEventCenterDelegate: jdwpSetEventRequest: JdwpEventRequest{requestId=101, eventKind=CLASS_UNLOAD, suspendPolicy=NONE, predicates=[]}
08:52:01.701 INFO: JdwpDebugServer: handling req: VirtualMachine(1).Version(1)
08:52:01.702 INFO: JdwpDebugServer: handling req: VirtualMachine(1).capabilitiesNew(17)
08:52:01.702 INFO: JdwpDebugServer: handling req: VirtualMachine(1).capabilities(12)
08:52:01.702 INFO: JdwpDebugServer: handling req: VirtualMachine(1).AllClassesWithGeneric(20)
08:52:01.705 INFO: JdwpDebugServer: handling req: VirtualMachine(1).TopLevelThreadGroups(5)
08:52:01.706 INFO: JdwpDebugServer: handling req: EventRequest(15).Set(1)
08:52:01.706 INFO: JdwpEventCenterDelegate: jdwpSetEventRequest: JdwpEventRequest{requestId=102, eventKind=THREAD_START, suspendPolicy=NONE, predicates=[]}
08:52:01.706 INFO: JdwpDebugServer: handling req: EventRequest(15).Set(1)
08:52:01.706 INFO: JdwpEventCenterDelegate: jdwpSetEventRequest: JdwpEventRequest{requestId=103, eventKind=THREAD_DEATH, suspendPolicy=NONE, predicates=[]}
08:52:01.707 INFO: JdwpDebugServer: handling req: EventRequest(15).Set(1)
08:52:01.707 INFO: JdwpEventCenterDelegate: jdwpSetEventRequest: JdwpEventRequest{requestId=104, eventKind=CLASS_PREPARE, suspendPolicy=EVENT_THREAD, predicates=[className=sun.instrument.InstrumentationImpl]}
08:52:01.707 INFO: JdwpDebugServer: handling req: EventRequest(15).Set(1)
08:52:01.707 INFO: JdwpEventCenterDelegate: jdwpSetEventRequest: JdwpEventRequest{requestId=105, eventKind=CLASS_PREPARE, suspendPolicy=EVENT_THREAD, predicates=[className=sun.instrument.InstrumentationImpl]}
08:52:02.315 INFO: JdwpDebugServer: handling req: VirtualMachine(1).Resume(9)
08:52:02.369 INFO: JdwpEventCenterDelegate: THREAD_STARTED: thread (33, main, main)
08:52:02.391 INFO: JdwpEventCenterDelegate: THREAD_STARTED: thread (48, ReferenceQueueDaemon, main)
08:52:02.396 INFO: JdwpEventCenterDelegate: THREAD_STARTED: thread (63, FinalizerDaemon, main)
08:52:02.403 INFO: JdwpEventCenterDelegate: THREAD_STARTED: thread (78, FinalizerWatchdogDaemon, main)
08:52:02.405 INFO: JdwpEventCenterDelegate: THREAD_RESUMED: thread (33, main, main)
08:52:02.407 INFO: JdwpEventCenterDelegate: THREAD_RESUMED: thread (33, main, main)
08:52:02.409 INFO: JdwpEventCenterDelegate: THREAD_RESUMED: thread (33, main, main)
08:52:02.410 INFO: JdwpEventCenterDelegate: THREAD_RESUMED: thread (33, main, main)
08:52:02.412 INFO: JdwpEventCenterDelegate: THREAD_RESUMED: thread (33, main, main)
08:52:02.413 INFO: JdwpEventCenterDelegate: THREAD_RESUMED: thread (33, main, main)
08:52:02.415 INFO: JdwpEventCenterDelegate: THREAD_RESUMED: thread (33, main, main)
08:52:02.416 INFO: JdwpEventCenterDelegate: THREAD_RESUMED: thread (33, main, main)
08:52:02.418 INFO: JdwpEventCenterDelegate: THREAD_RESUMED: thread (33, main, main)
08:52:02.420 INFO: JdwpEventCenterDelegate: THREAD_RESUMED: thread (33, main, main)
08:52:02.421 INFO: JdwpEventCenterDelegate: THREAD_RESUMED: thread (33, main, main)
08:52:02.423 INFO: JdwpEventCenterDelegate: THREAD_RESUMED: thread (33, main, main)
08:52:02.424 INFO: JdwpEventCenterDelegate: THREAD_RESUMED: thread (33, main, main)
08:52:02.426 INFO: JdwpEventCenterDelegate: THREAD_RESUMED: thread (33, main, main)
08:52:02.427 INFO: JdwpEventCenterDelegate: THREAD_RESUMED: thread (33, main, main)
08:52:02.429 INFO: JdwpEventCenterDelegate: THREAD_RESUMED: thread (33, main, main)
08:52:02.430 INFO: JdwpEventCenterDelegate: THREAD_RESUMED: thread (33, main, main)
08:52:02.432 INFO: JdwpEventCenterDelegate: THREAD_RESUMED: thread (33, main, main)
08:52:02.435 INFO: JdwpEventCenterDelegate: THREAD_RESUMED: thread (33, main, main)
08:52:02.437 INFO: JdwpEventCenterDelegate: THREAD_RESUMED: thread (33, main, main)
08:52:02.438 INFO: JdwpEventCenterDelegate: THREAD_RESUMED: thread (33, main, main)
08:52:02.439 INFO: JdwpEventCenterDelegate: THREAD_RESUMED: thread (33, main, main)
08:52:02.440 INFO: JdwpEventCenterDelegate: THREAD_RESUMED: thread (33, main, main)
08:52:02.442 INFO: JdwpEventCenterDelegate: THREAD_RESUMED: thread (33, main, main)
08:52:02.443 INFO: JdwpEventCenterDelegate: THREAD_RESUMED: thread (33, main, main)
08:52:02.475 INFO: JdwpEventCenterDelegate: THREAD_RESUMED: thread (33, main, main)
08:52:02.477 INFO: JdwpEventCenterDelegate: THREAD_RESUMED: thread (33, main, main)
08:52:02.479 INFO: JdwpEventCenterDelegate: THREAD_RESUMED: thread (33, main, main)
08:52:02.480 INFO: JdwpEventCenterDelegate: THREAD_RESUMED: thread (33, main, main)
08:52:02.482 INFO: JdwpEventCenterDelegate: THREAD_RESUMED: thread (33, main, main)
08:52:02.483 INFO: JdwpEventCenterDelegate: THREAD_RESUMED: thread (33, main, main)
08:52:02.485 INFO: JdwpEventCenterDelegate: THREAD_RESUMED: thread (33, main, main)
08:52:02.487 INFO: JdwpEventCenterDelegate: THREAD_RESUMED: thread (33, main, main)
08:52:02.489 INFO: JdwpEventCenterDelegate: THREAD_RESUMED: thread (33, main, main)
08:52:02.490 INFO: JdwpEventCenterDelegate: THREAD_RESUMED: thread (33, main, main)
08:52:02.492 INFO: JdwpEventCenterDelegate: THREAD_RESUMED: thread (33, main, main)
08:52:02.493 INFO: JdwpEventCenterDelegate: THREAD_RESUMED: thread (33, main, main)
08:52:02.495 INFO: JdwpEventCenterDelegate: THREAD_RESUMED: thread (33, main, main)
08:52:02.496 INFO: JdwpEventCenterDelegate: THREAD_RESUMED: thread (33, main, main)
08:52:02.510 INFO: JdwpEventCenterDelegate: THREAD_RESUMED: thread (33, main, main)
08:52:02.511 INFO: JdwpEventCenterDelegate: THREAD_RESUMED: thread (33, main, main)
08:52:02.513 INFO: JdwpEventCenterDelegate: THREAD_RESUMED: thread (33, main, main)
08:52:02.515 INFO: JdwpEventCenterDelegate: THREAD_RESUMED: thread (33, main, main)
08:52:02.516 INFO: JdwpEventCenterDelegate: THREAD_RESUMED: thread (33, main, main)
08:52:02.518 INFO: JdwpEventCenterDelegate: THREAD_RESUMED: thread (33, main, main)
08:52:02.519 INFO: JdwpEventCenterDelegate: THREAD_RESUMED: thread (33, main, main)
08:52:02.542 INFO: JdwpEventCenterDelegate: THREAD_RESUMED: thread (33, main, main)
08:52:02.544 INFO: JdwpEventCenterDelegate: THREAD_RESUMED: thread (33, main, main)
08:52:02.545 INFO: JdwpEventCenterDelegate: THREAD_RESUMED: thread (33, main, main)
08:52:02.547 INFO: JdwpEventCenterDelegate: THREAD_RESUMED: thread (33, main, main)
08:52:02.549 INFO: JdwpEventCenterDelegate: THREAD_RESUMED: thread (33, main, main)
08:52:02.550 INFO: JdwpEventCenterDelegate: THREAD_RESUMED: thread (33, main, main)
08:52:02.552 INFO: JdwpEventCenterDelegate: THREAD_RESUMED: thread (33, main, main)
08:52:02.577 INFO: JdwpEventCenterDelegate: THREAD_RESUMED: thread (33, main, main)
08:52:02.578 INFO: JdwpEventCenterDelegate: THREAD_RESUMED: thread (33, main, main)
08:52:02.579 INFO: JdwpEventCenterDelegate: THREAD_RESUMED: thread (33, main, main)
08:52:02.581 INFO: JdwpEventCenterDelegate: THREAD_RESUMED: thread (33, main, main)
08:52:02.583 INFO: JdwpEventCenterDelegate: THREAD_RESUMED: thread (33, main, main)
08:52:02.584 INFO: JdwpEventCenterDelegate: THREAD_RESUMED: thread (33, main, main)
08:52:02.586 INFO: JdwpEventCenterDelegate: THREAD_RESUMED: thread (33, main, main)
08:52:02.601 INFO: JdwpEventCenterDelegate: THREAD_RESUMED: thread (33, main, main)
08:52:02.602 INFO: JdwpEventCenterDelegate: THREAD_RESUMED: thread (33, main, main)
08:52:02.603 INFO: JdwpEventCenterDelegate: THREAD_RESUMED: thread (33, main, main)
08:52:02.605 INFO: JdwpEventCenterDelegate: THREAD_RESUMED: thread (33, main, main)
08:52:02.606 INFO: JdwpEventCenterDelegate: THREAD_RESUMED: thread (33, main, main)
08:52:02.607 INFO: JdwpEventCenterDelegate: THREAD_RESUMED: thread (33, main, main)
08:52:02.608 INFO: JdwpEventCenterDelegate: THREAD_RESUMED: thread (33, main, main)
08:52:02.617 INFO: JdwpEventCenterDelegate: THREAD_RESUMED: thread (33, main, main)
08:52:02.618 INFO: JdwpEventCenterDelegate: THREAD_RESUMED: thread (33, main, main)
08:52:02.620 INFO: JdwpEventCenterDelegate: THREAD_RESUMED: thread (33, main, main)
08:52:02.621 INFO: JdwpEventCenterDelegate: THREAD_RESUMED: thread (33, main, main)
08:52:02.622 INFO: JdwpEventCenterDelegate: THREAD_RESUMED: thread (33, main, main)
08:52:02.624 INFO: JdwpEventCenterDelegate: THREAD_RESUMED: thread (33, main, main)
08:52:02.625 INFO: JdwpEventCenterDelegate: THREAD_RESUMED: thread (33, main, main)
08:52:02.627 INFO: JdwpEventCenterDelegate: THREAD_RESUMED: thread (33, main, main)
08:52:02.628 INFO: JdwpEventCenterDelegate: THREAD_RESUMED: thread (33, main, main)
08:52:02.630 INFO: JdwpEventCenterDelegate: THREAD_RESUMED: thread (33, main, main)
08:52:02.631 INFO: JdwpEventCenterDelegate: THREAD_RESUMED: thread (33, main, main)
08:52:02.633 INFO: JdwpEventCenterDelegate: THREAD_RESUMED: thread (33, main, main)
08:52:02.635 INFO: JdwpEventCenterDelegate: THREAD_RESUMED: thread (33, main, main)
08:52:02.637 INFO: JdwpEventCenterDelegate: THREAD_RESUMED: thread (33, main, main)
08:52:02.638 INFO: JdwpEventCenterDelegate: THREAD_RESUMED: thread (33, main, main)
08:52:02.640 INFO: JdwpEventCenterDelegate: THREAD_RESUMED: thread (33, main, main)
08:52:02.641 INFO: JdwpEventCenterDelegate: THREAD_RESUMED: thread (33, main, main)
08:52:02.642 INFO: JdwpEventCenterDelegate: THREAD_RESUMED: thread (33, main, main)
08:52:02.645 INFO: JdwpEventCenterDelegate: THREAD_RESUMED: thread (33, main, main)
08:52:02.646 INFO: JdwpEventCenterDelegate: THREAD_RESUMED: thread (33, main, main)
08:52:02.787 INFO: JdwpEventCenterDelegate: THREAD_STARTED: thread (93, AssetManager, main)
08:52:02.892 INFO: JdwpEventCenterDelegate: THREAD_RESUMED: thread (33, main, main)
08:52:02.895 INFO: JdwpEventCenterDelegate: THREAD_RESUMED: thread (33, main, main)
08:52:05.455 INFO: JdwpEventCenterDelegate: THREAD_RESUMED: thread (33, main, main)
08:52:05.559 INFO: JdwpEventCenterDelegate: THREAD_RESUMED: thread (33, main, main)
08:52:05.561 INFO: JdwpEventCenterDelegate: THREAD_RESUMED: thread (33, main, main)
08:52:05.563 INFO: JdwpEventCenterDelegate: THREAD_RESUMED: thread (33, main, main)
08:52:05.564 INFO: JdwpEventCenterDelegate: THREAD_RESUMED: thread (33, main, main)
08:52:05.566 INFO: JdwpEventCenterDelegate: THREAD_RESUMED: thread (33, main, main)
08:52:05.571 INFO: JdwpEventCenterDelegate: THREAD_RESUMED: thread (33, main, main)
08:52:05.583 INFO: JdwpEventCenterDelegate: THREAD_RESUMED: thread (33, main, main)
08:52:05.585 INFO: JdwpEventCenterDelegate: THREAD_RESUMED: thread (33, main, main)
08:52:05.588 INFO: JdwpEventCenterDelegate: THREAD_RESUMED: thread (33, main, main)
08:52:05.590 INFO: JdwpEventCenterDelegate: THREAD_RESUMED: thread (33, main, main)
08:52:05.592 INFO: JdwpEventCenterDelegate: THREAD_RESUMED: thread (33, main, main)
08:52:05.597 INFO: JdwpEventCenterDelegate: THREAD_RESUMED: thread (33, main, main)
08:52:05.612 INFO: JdwpEventCenterDelegate: THREAD_RESUMED: thread (33, main, main)
08:52:05.614 INFO: JdwpEventCenterDelegate: THREAD_RESUMED: thread (33, main, main)
08:52:05.616 INFO: JdwpEventCenterDelegate: THREAD_RESUMED: thread (33, main, main)
08:52:05.618 INFO: JdwpEventCenterDelegate: THREAD_RESUMED: thread (33, main, main)
08:52:05.621 INFO: JdwpEventCenterDelegate: THREAD_RESUMED: thread (33, main, main)
08:52:05.625 INFO: JdwpEventCenterDelegate: THREAD_RESUMED: thread (33, main, main)
08:52:05.643 INFO: JdwpEventCenterDelegate: THREAD_RESUMED: thread (33, main, main)
08:52:05.646 INFO: JdwpEventCenterDelegate: THREAD_RESUMED: thread (33, main, main)
08:52:05.648 INFO: JdwpEventCenterDelegate: THREAD_RESUMED: thread (33, main, main)
08:52:05.650 INFO: JdwpEventCenterDelegate: THREAD_RESUMED: thread (33, main, main)
08:52:05.652 INFO: JdwpEventCenterDelegate: THREAD_RESUMED: thread (33, main, main)
08:52:05.657 INFO: JdwpEventCenterDelegate: THREAD_RESUMED: thread (33, main, main)
08:52:05.672 INFO: JdwpEventCenterDelegate: THREAD_RESUMED: thread (33, main, main)
08:52:05.674 INFO: JdwpEventCenterDelegate: THREAD_RESUMED: thread (33, main, main)
08:52:05.677 INFO: JdwpEventCenterDelegate: THREAD_RESUMED: thread (33, main, main)
08:52:05.679 INFO: JdwpEventCenterDelegate: THREAD_RESUMED: thread (33, main, main)
08:52:05.681 INFO: JdwpEventCenterDelegate: THREAD_RESUMED: thread (33, main, main)
08:52:05.685 INFO: JdwpEventCenterDelegate: THREAD_RESUMED: thread (33, main, main)
08:52:05.701 INFO: JdwpEventCenterDelegate: THREAD_RESUMED: thread (33, main, main)
08:52:05.703 INFO: JdwpEventCenterDelegate: THREAD_RESUMED: thread (33, main, main)
08:52:05.705 INFO: JdwpEventCenterDelegate: THREAD_RESUMED: thread (33, main, main)
08:52:05.707 INFO: JdwpEventCenterDelegate: THREAD_RESUMED: thread (33, main, main)
08:52:05.709 INFO: JdwpEventCenterDelegate: THREAD_RESUMED: thread (33, main, main)
08:52:05.714 INFO: JdwpEventCenterDelegate: THREAD_RESUMED: thread (33, main, main)
08:52:05.734 INFO: JdwpEventCenterDelegate: THREAD_RESUMED: thread (33, main, main)
08:52:05.736 INFO: JdwpEventCenterDelegate: THREAD_RESUMED: thread (33, main, main)
08:52:05.738 INFO: JdwpEventCenterDelegate: THREAD_RESUMED: thread (33, main, main)
08:52:05.740 INFO: JdwpEventCenterDelegate: THREAD_RESUMED: thread (33, main, main)
08:52:05.743 INFO: JdwpEventCenterDelegate: THREAD_RESUMED: thread (33, main, main)
08:52:05.747 INFO: JdwpEventCenterDelegate: THREAD_RESUMED: thread (33, main, main)
08:52:05.766 INFO: JdwpEventCenterDelegate: THREAD_RESUMED: thread (33, main, main)
08:52:05.768 INFO: JdwpEventCenterDelegate: THREAD_RESUMED: thread (33, main, main)
08:52:05.771 INFO: JdwpEventCenterDelegate: THREAD_RESUMED: thread (33, main, main)
08:52:05.773 INFO: JdwpEventCenterDelegate: THREAD_RESUMED: thread (33, main, main)
08:52:05.775 INFO: JdwpEventCenterDelegate: THREAD_RESUMED: thread (33, main, main)
08:52:05.780 INFO: JdwpEventCenterDelegate: THREAD_RESUMED: thread (33, main, main)
08:52:05.798 INFO: JdwpEventCenterDelegate: THREAD_RESUMED: thread (33, main, main)
08:52:05.800 INFO: JdwpEventCenterDelegate: THREAD_RESUMED: thread (33, main, main)
08:52:05.803 INFO: JdwpEventCenterDelegate: THREAD_RESUMED: thread (33, main, main)
08:52:05.805 INFO: JdwpEventCenterDelegate: THREAD_RESUMED: thread (33, main, main)
08:52:05.807 INFO: JdwpEventCenterDelegate: THREAD_RESUMED: thread (33, main, main)
08:52:05.812 INFO: JdwpEventCenterDelegate: THREAD_RESUMED: thread (33, main, main)
08:52:05.832 INFO: JdwpEventCenterDelegate: THREAD_RESUMED: thread (33, main, main)
08:52:05.834 INFO: JdwpEventCenterDelegate: THREAD_RESUMED: thread (33, main, main)
08:52:05.836 INFO: JdwpEventCenterDelegate: THREAD_RESUMED: thread (33, main, main)
08:52:05.838 INFO: JdwpEventCenterDelegate: THREAD_RESUMED: thread (33, main, main)
08:52:05.840 INFO: JdwpEventCenterDelegate: THREAD_RESUMED: thread (33, main, main)
08:52:05.846 INFO: JdwpEventCenterDelegate: THREAD_RESUMED: thread (33, main, main)
08:52:05.860 INFO: JdwpEventCenterDelegate: THREAD_RESUMED: thread (33, main, main)
08:52:05.863 INFO: JdwpEventCenterDelegate: THREAD_RESUMED: thread (33, main, main)
08:52:05.865 INFO: JdwpEventCenterDelegate: THREAD_RESUMED: thread (33, main, main)
08:52:05.867 INFO: JdwpEventCenterDelegate: THREAD_RESUMED: thread (33, main, main)
08:52:05.869 INFO: JdwpEventCenterDelegate: THREAD_RESUMED: thread (33, main, main)
08:52:05.874 INFO: JdwpEventCenterDelegate: THREAD_RESUMED: thread (33, main, main)
08:52:05.894 INFO: JdwpEventCenterDelegate: THREAD_RESUMED: thread (33, main, main)
08:52:05.896 INFO: JdwpEventCenterDelegate: THREAD_RESUMED: thread (33, main, main)
08:52:05.898 INFO: JdwpEventCenterDelegate: THREAD_RESUMED: thread (33, main, main)
08:52:05.900 INFO: JdwpEventCenterDelegate: THREAD_RESUMED: thread (33, main, main)
08:52:05.903 INFO: JdwpEventCenterDelegate: THREAD_RESUMED: thread (33, main, main)
08:52:05.907 INFO: JdwpEventCenterDelegate: THREAD_RESUMED: thread (33, main, main)
08:52:05.929 INFO: JdwpEventCenterDelegate: THREAD_RESUMED: thread (33, main, main)
08:52:05.932 INFO: JdwpEventCenterDelegate: THREAD_RESUMED: thread (33, main, main)
08:52:05.934 INFO: JdwpEventCenterDelegate: THREAD_RESUMED: thread (33, main, main)
08:52:05.936 INFO: JdwpEventCenterDelegate: THREAD_RESUMED: thread (33, main, main)
08:52:05.938 INFO: JdwpEventCenterDelegate: THREAD_RESUMED: thread (33, main, main)
08:52:05.943 INFO: JdwpEventCenterDelegate: THREAD_RESUMED: thread (33, main, main)
08:52:05.962 INFO: JdwpEventCenterDelegate: THREAD_RESUMED: thread (33, main, main)
08:52:05.964 INFO: JdwpEventCenterDelegate: THREAD_RESUMED: thread (33, main, main)
08:52:05.966 INFO: JdwpEventCenterDelegate: THREAD_RESUMED: thread (33, main, main)
08:52:05.968 INFO: JdwpEventCenterDelegate: THREAD_RESUMED: thread (33, main, main)
08:52:05.971 INFO: JdwpEventCenterDelegate: THREAD_RESUMED: thread (33, main, main)
08:52:05.976 INFO: JdwpEventCenterDelegate: THREAD_RESUMED: thread (33, main, main)
08:52:05.989 INFO: JdwpEventCenterDelegate: THREAD_RESUMED: thread (33, main, main)
08:52:05.991 INFO: JdwpEventCenterDelegate: THREAD_RESUMED: thread (33, main, main)
08:52:05.993 INFO: JdwpEventCenterDelegate: THREAD_RESUMED: thread (33, main, main)
08:52:05.996 INFO: JdwpEventCenterDelegate: THREAD_RESUMED: thread (33, main, main)
08:52:05.998 INFO: JdwpEventCenterDelegate: THREAD_RESUMED: thread (33, main, main)
08:52:06.003 INFO: JdwpEventCenterDelegate: THREAD_RESUMED: thread (33, main, main)
08:52:06.005 INFO: JdwpEventCenterDelegate: THREAD_RESUMED: thread (33, main, main)
08:52:06.008 INFO: JdwpEventCenterDelegate: THREAD_RESUMED: thread (33, main, main)
08:52:06.010 INFO: JdwpEventCenterDelegate: THREAD_RESUMED: thread (33, main, main)
08:52:06.013 INFO: JdwpEventCenterDelegate: THREAD_RESUMED: thread (33, main, main)
08:52:06.015 INFO: JdwpEventCenterDelegate: THREAD_RESUMED: thread (33, main, main)
08:52:06.018 INFO: JdwpEventCenterDelegate: THREAD_RESUMED: thread (33, main, main)
08:52:06.022 INFO: JdwpEventCenterDelegate: THREAD_RESUMED: thread (33, main, main)
08:52:06.024 INFO: JdwpEventCenterDelegate: THREAD_RESUMED: thread (33, main, main)
08:52:06.027 INFO: JdwpEventCenterDelegate: THREAD_RESUMED: thread (33, main, main)
08:52:06.029 INFO: JdwpEventCenterDelegate: THREAD_RESUMED: thread (33, main, main)
08:52:06.053 INFO: JdwpEventCenterDelegate: THREAD_RESUMED: thread (33, main, main)
08:52:06.055 INFO: JdwpEventCenterDelegate: THREAD_RESUMED: thread (33, main, main)
08:52:06.057 INFO: JdwpEventCenterDelegate: THREAD_RESUMED: thread (33, main, main)
08:52:06.059 INFO: JdwpEventCenterDelegate: THREAD_RESUMED: thread (33, main, main)
08:52:06.061 INFO: JdwpEventCenterDelegate: THREAD_RESUMED: thread (33, main, main)
08:52:06.063 INFO: JdwpEventCenterDelegate: THREAD_RESUMED: thread (33, main, main)
08:52:06.064 INFO: JdwpEventCenterDelegate: THREAD_RESUMED: thread (33, main, main)
08:52:06.080 INFO: JdwpEventCenterDelegate: THREAD_RESUMED: thread (33, main, main)
08:52:06.082 INFO: JdwpEventCenterDelegate: THREAD_RESUMED: thread (33, main, main)
08:52:06.084 INFO: JdwpEventCenterDelegate: THREAD_RESUMED: thread (33, main, main)
08:52:06.086 INFO: JdwpEventCenterDelegate: THREAD_RESUMED: thread (33, main, main)
08:52:06.088 INFO: JdwpEventCenterDelegate: THREAD_RESUMED: thread (33, main, main)
08:52:06.093 INFO: JdwpEventCenterDelegate: THREAD_RESUMED: thread (33, main, main)
08:52:06.106 INFO: JdwpEventCenterDelegate: THREAD_RESUMED: thread (33, main, main)
08:52:06.119 INFO: JdwpEventCenterDelegate: THREAD_RESUMED: thread (33, main, main)
08:52:06.130 INFO: JdwpEventCenterDelegate: THREAD_RESUMED: thread (33, main, main)
08:52:06.146 INFO: JdwpEventCenterDelegate: THREAD_RESUMED: thread (33, main, main)
08:52:06.176 INFO: JdwpEventCenterDelegate: THREAD_RESUMED: thread (33, main, main)
08:52:06.179 INFO: JdwpEventCenterDelegate: THREAD_RESUMED: thread (33, main, main)
08:52:06.181 INFO: JdwpEventCenterDelegate: THREAD_RESUMED: thread (33, main, main)
08:52:06.183 INFO: JdwpEventCenterDelegate: THREAD_RESUMED: thread (33, main, main)
08:52:06.186 INFO: JdwpEventCenterDelegate: THREAD_RESUMED: thread (33, main, main)
08:52:06.191 INFO: JdwpEventCenterDelegate: THREAD_RESUMED: thread (33, main, main)
08:52:06.202 INFO: JdwpEventCenterDelegate: THREAD_RESUMED: thread (33, main, main)
08:52:06.205 INFO: JdwpEventCenterDelegate: THREAD_RESUMED: thread (33, main, main)
08:52:06.207 INFO: JdwpEventCenterDelegate: THREAD_RESUMED: thread (33, main, main)
08:52:06.209 INFO: JdwpEventCenterDelegate: THREAD_RESUMED: thread (33, main, main)
08:52:06.212 INFO: JdwpEventCenterDelegate: THREAD_RESUMED: thread (33, main, main)
08:52:06.217 INFO: JdwpEventCenterDelegate: THREAD_RESUMED: thread (33, main, main)
08:52:06.231 INFO: JdwpEventCenterDelegate: THREAD_RESUMED: thread (33, main, main)
08:52:06.232 INFO: JdwpEventCenterDelegate: THREAD_RESUMED: thread (33, main, main)
08:52:06.234 INFO: JdwpEventCenterDelegate: THREAD_RESUMED: thread (33, main, main)
08:52:06.237 INFO: JdwpEventCenterDelegate: THREAD_RESUMED: thread (33, main, main)
08:52:06.239 INFO: JdwpEventCenterDelegate: THREAD_RESUMED: thread (33, main, main)
08:52:06.244 INFO: JdwpEventCenterDelegate: THREAD_RESUMED: thread (33, main, main)
08:52:06.261 INFO: JdwpEventCenterDelegate: THREAD_RESUMED: thread (33, main, main)
08:52:06.264 INFO: JdwpEventCenterDelegate: THREAD_RESUMED: thread (33, main, main)
08:52:06.266 INFO: JdwpEventCenterDelegate: THREAD_RESUMED: thread (33, main, main)
08:52:06.268 INFO: JdwpEventCenterDelegate: THREAD_RESUMED: thread (33, main, main)
08:52:06.270 INFO: JdwpEventCenterDelegate: THREAD_RESUMED: thread (33, main, main)
08:52:06.275 INFO: JdwpEventCenterDelegate: THREAD_RESUMED: thread (33, main, main)
08:52:06.289 INFO: JdwpEventCenterDelegate: THREAD_RESUMED: thread (33, main, main)
08:52:06.292 INFO: JdwpEventCenterDelegate: THREAD_RESUMED: thread (33, main, main)
08:52:06.294 INFO: JdwpEventCenterDelegate: THREAD_RESUMED: thread (33, main, main)
08:52:06.296 INFO: JdwpEventCenterDelegate: THREAD_RESUMED: thread (33, main, main)
08:52:06.298 INFO: JdwpEventCenterDelegate: THREAD_RESUMED: thread (33, main, main)
08:52:06.302 INFO: JdwpEventCenterDelegate: THREAD_RESUMED: thread (33, main, main)
08:52:06.321 INFO: JdwpEventCenterDelegate: THREAD_RESUMED: thread (33, main, main)
08:52:06.323 INFO: JdwpEventCenterDelegate: THREAD_RESUMED: thread (33, main, main)
08:52:06.325 INFO: JdwpEventCenterDelegate: THREAD_RESUMED: thread (33, main, main)
08:52:06.328 INFO: JdwpEventCenterDelegate: THREAD_RESUMED: thread (33, main, main)
08:52:06.330 INFO: JdwpEventCenterDelegate: THREAD_RESUMED: thread (33, main, main)
08:52:06.335 INFO: JdwpEventCenterDelegate: THREAD_RESUMED: thread (33, main, main)
08:52:06.353 INFO: JdwpEventCenterDelegate: THREAD_RESUMED: thread (33, main, main)
08:52:06.356 INFO: JdwpEventCenterDelegate: THREAD_RESUMED: thread (33, main, main)
08:52:06.357 INFO: JdwpEventCenterDelegate: THREAD_RESUMED: thread (33, main, main)
08:52:06.360 INFO: JdwpEventCenterDelegate: THREAD_RESUMED: thread (33, main, main)
08:52:06.362 INFO: JdwpEventCenterDelegate: THREAD_RESUMED: thread (33, main, main)
08:52:06.366 INFO: JdwpEventCenterDelegate: THREAD_RESUMED: thread (33, main, main)
08:52:06.384 INFO: JdwpEventCenterDelegate: THREAD_RESUMED: thread (33, main, main)
08:52:06.386 INFO: JdwpEventCenterDelegate: THREAD_RESUMED: thread (33, main, main)
08:52:06.389 INFO: JdwpEventCenterDelegate: THREAD_RESUMED: thread (33, main, main)
08:52:06.391 INFO: JdwpEventCenterDelegate: THREAD_RESUMED: thread (33, main, main)
08:52:06.393 INFO: JdwpEventCenterDelegate: THREAD_RESUMED: thread (33, main, main)
08:52:06.398 INFO: JdwpEventCenterDelegate: THREAD_RESUMED: thread (33, main, main)
08:52:06.415 INFO: JdwpEventCenterDelegate: THREAD_RESUMED: thread (33, main, main)
08:52:06.418 INFO: JdwpEventCenterDelegate: THREAD_RESUMED: thread (33, main, main)
08:52:06.420 INFO: JdwpEventCenterDelegate: THREAD_RESUMED: thread (33, main, main)
08:52:06.423 INFO: JdwpEventCenterDelegate: THREAD_RESUMED: thread (33, main, main)
08:52:06.425 INFO: JdwpEventCenterDelegate: THREAD_RESUMED: thread (33, main, main)
08:52:06.429 INFO: JdwpEventCenterDelegate: THREAD_RESUMED: thread (33, main, main)
08:52:06.444 INFO: JdwpEventCenterDelegate: THREAD_RESUMED: thread (33, main, main)
08:52:06.446 INFO: JdwpEventCenterDelegate: THREAD_RESUMED: thread (33, main, main)
08:52:06.448 INFO: JdwpEventCenterDelegate: THREAD_RESUMED: thread (33, main, main)
08:52:06.450 INFO: JdwpEventCenterDelegate: THREAD_RESUMED: thread (33, main, main)
08:52:06.453 INFO: JdwpEventCenterDelegate: THREAD_RESUMED: thread (33, main, main)
08:52:06.457 INFO: JdwpEventCenterDelegate: THREAD_RESUMED: thread (33, main, main)
08:52:06.471 INFO: JdwpEventCenterDelegate: THREAD_RESUMED: thread (33, main, main)
08:52:06.474 INFO: JdwpEventCenterDelegate: THREAD_RESUMED: thread (33, main, main)
08:52:06.476 INFO: JdwpEventCenterDelegate: THREAD_RESUMED: thread (33, main, main)
08:52:06.479 INFO: JdwpEventCenterDelegate: THREAD_RESUMED: thread (33, main, main)
08:52:06.481 INFO: JdwpEventCenterDelegate: THREAD_RESUMED: thread (33, main, main)
08:52:06.486 INFO: JdwpEventCenterDelegate: THREAD_RESUMED: thread (33, main, main)
08:52:06.508 INFO: JdwpEventCenterDelegate: THREAD_RESUMED: thread (33, main, main)
08:52:06.511 INFO: JdwpEventCenterDelegate: THREAD_RESUMED: thread (33, main, main)
08:52:06.513 INFO: JdwpEventCenterDelegate: THREAD_RESUMED: thread (33, main, main)
08:52:06.515 INFO: JdwpEventCenterDelegate: THREAD_RESUMED: thread (33, main, main)
08:52:06.517 INFO: JdwpEventCenterDelegate: THREAD_RESUMED: thread (33, main, main)
08:52:06.523 INFO: JdwpEventCenterDelegate: THREAD_RESUMED: thread (33, main, main)
08:52:06.544 INFO: JdwpEventCenterDelegate: THREAD_RESUMED: thread (33, main, main)
08:52:06.546 INFO: JdwpEventCenterDelegate: THREAD_RESUMED: thread (33, main, main)
08:52:06.548 INFO: JdwpEventCenterDelegate: THREAD_RESUMED: thread (33, main, main)
08:52:06.550 INFO: JdwpEventCenterDelegate: THREAD_RESUMED: thread (33, main, main)
08:52:06.552 INFO: JdwpEventCenterDelegate: THREAD_RESUMED: thread (33, main, main)
08:52:06.557 INFO: JdwpEventCenterDelegate: THREAD_RESUMED: thread (33, main, main)
08:52:06.575 INFO: JdwpEventCenterDelegate: THREAD_RESUMED: thread (33, main, main)
08:52:06.577 INFO: JdwpEventCenterDelegate: THREAD_RESUMED: thread (33, main, main)
08:52:06.580 INFO: JdwpEventCenterDelegate: THREAD_RESUMED: thread (33, main, main)
08:52:06.582 INFO: JdwpEventCenterDelegate: THREAD_RESUMED: thread (33, main, main)
08:52:06.584 INFO: JdwpEventCenterDelegate: THREAD_RESUMED: thread (33, main, main)
08:52:06.589 INFO: JdwpEventCenterDelegate: THREAD_RESUMED: thread (33, main, main)
08:52:06.601 INFO: JdwpEventCenterDelegate: THREAD_RESUMED: thread (33, main, main)
08:52:06.604 INFO: JdwpEventCenterDelegate: THREAD_RESUMED: thread (33, main, main)
08:52:06.606 INFO: JdwpEventCenterDelegate: THREAD_RESUMED: thread (33, main, main)
08:52:06.608 INFO: JdwpEventCenterDelegate: THREAD_RESUMED: thread (33, main, main)
08:52:06.610 INFO: JdwpEventCenterDelegate: THREAD_RESUMED: thread (33, main, main)
08:52:08.251 INFO: JdwpEventCenterDelegate: THREAD_STARTED: thread (108, Timer, main)
08:52:09.127 INFO: JdwpEventCenterDelegate: THREAD_RESUMED: thread (33, main, main)
08:52:09.161 INFO: JdwpEventCenterDelegate: THREAD_RESUMED: thread (33, main, main)
08:52:09.184 INFO: JdwpEventCenterDelegate: THREAD_RESUMED: thread (33, main, main)
08:52:09.202 INFO: JdwpEventCenterDelegate: THREAD_RESUMED: thread (33, main, main)
08:52:09.242 INFO: JdwpEventCenterDelegate: THREAD_RESUMED: thread (33, main, main)
08:52:09.280 INFO: JdwpEventCenterDelegate: THREAD_RESUMED: thread (33, main, main)
08:52:09.297 INFO: JdwpEventCenterDelegate: THREAD_RESUMED: thread (33, main, main)
08:52:09.313 INFO: JdwpEventCenterDelegate: THREAD_RESUMED: thread (33, main, main)
08:52:09.319 INFO: JdwpEventCenterDelegate: THREAD_RESUMED: thread (33, main, main)
08:52:09.333 INFO: JdwpEventCenterDelegate: THREAD_RESUMED: thread (33, main, main)
08:52:09.364 INFO: JdwpEventCenterDelegate: THREAD_RESUMED: thread (33, main, main)
08:52:09.376 INFO: JdwpEventCenterDelegate: THREAD_RESUMED: thread (33, main, main)
08:52:09.388 INFO: JdwpEventCenterDelegate: THREAD_RESUMED: thread (33, main, main)
08:52:09.400 INFO: JdwpEventCenterDelegate: THREAD_RESUMED: thread (33, main, main)
08:52:09.435 INFO: JdwpEventCenterDelegate: THREAD_RESUMED: thread (33, main, main)
08:52:09.467 INFO: JdwpEventCenterDelegate: THREAD_RESUMED: thread (33, main, main)
08:52:09.483 INFO: JdwpEventCenterDelegate: THREAD_RESUMED: thread (33, main, main)
08:52:09.497 INFO: JdwpEventCenterDelegate: THREAD_RESUMED: thread (33, main, main)
08:52:09.503 INFO: JdwpEventCenterDelegate: THREAD_RESUMED: thread (33, main, main)
08:52:09.517 INFO: JdwpEventCenterDelegate: THREAD_RESUMED: thread (33, main, main)
08:52:12.824 INFO: JdwpEventCenterDelegate: THREAD_RESUMED: thread (33, main, main)
08:52:12.864 INFO: JdwpEventCenterDelegate: THREAD_RESUMED: thread (33, main, main)
08:52:12.891 INFO: JdwpEventCenterDelegate: THREAD_RESUMED: thread (33, main, main)
08:52:12.912 INFO: JdwpEventCenterDelegate: THREAD_RESUMED: thread (33, main, main)
08:52:12.951 INFO: JdwpEventCenterDelegate: THREAD_RESUMED: thread (33, main, main)
08:52:12.984 INFO: JdwpEventCenterDelegate: THREAD_RESUMED: thread (33, main, main)
08:52:13.001 INFO: JdwpEventCenterDelegate: THREAD_RESUMED: thread (33, main, main)
08:52:13.015 INFO: JdwpEventCenterDelegate: THREAD_RESUMED: thread (33, main, main)
08:52:13.021 INFO: JdwpEventCenterDelegate: THREAD_RESUMED: thread (33, main, main)
08:52:13.035 INFO: JdwpEventCenterDelegate: THREAD_RESUMED: thread (33, main, main)
08:52:13.065 INFO: JdwpEventCenterDelegate: THREAD_RESUMED: thread (33, main, main)
08:52:13.078 INFO: JdwpEventCenterDelegate: THREAD_RESUMED: thread (33, main, main)
08:52:13.090 INFO: JdwpEventCenterDelegate: THREAD_RESUMED: thread (33, main, main)
08:52:13.102 INFO: JdwpEventCenterDelegate: THREAD_RESUMED: thread (33, main, main)
08:52:13.137 INFO: JdwpEventCenterDelegate: THREAD_RESUMED: thread (33, main, main)
08:52:13.170 INFO: JdwpEventCenterDelegate: THREAD_RESUMED: thread (33, main, main)
08:52:13.186 INFO: JdwpEventCenterDelegate: THREAD_RESUMED: thread (33, main, main)
08:52:13.200 INFO: JdwpEventCenterDelegate: THREAD_RESUMED: thread (33, main, main)
08:52:13.206 INFO: JdwpEventCenterDelegate: THREAD_RESUMED: thread (33, main, main)
08:52:13.220 INFO: JdwpEventCenterDelegate: THREAD_RESUMED: thread (33, main, main)
08:52:13.318 INFO: JdwpEventCenterDelegate: THREAD_STARTED: thread (123, Thread-7, main)
08:52:17.843 INFO: JdwpEventCenterDelegate: THREAD_RESUMED: thread (33, main, main)
08:52:17.879 INFO: JdwpEventCenterDelegate: THREAD_RESUMED: thread (33, main, main)
08:52:17.907 INFO: JdwpEventCenterDelegate: THREAD_RESUMED: thread (33, main, main)
08:52:17.927 INFO: JdwpEventCenterDelegate: THREAD_RESUMED: thread (33, main, main)
08:52:17.966 INFO: JdwpEventCenterDelegate: THREAD_RESUMED: thread (33, main, main)
08:52:17.999 INFO: JdwpEventCenterDelegate: THREAD_RESUMED: thread (33, main, main)
08:52:18.016 INFO: JdwpEventCenterDelegate: THREAD_RESUMED: thread (33, main, main)
08:52:18.031 INFO: JdwpEventCenterDelegate: THREAD_RESUMED: thread (33, main, main)
08:52:18.036 INFO: JdwpEventCenterDelegate: THREAD_RESUMED: thread (33, main, main)
08:52:18.053 INFO: JdwpEventCenterDelegate: THREAD_RESUMED: thread (33, main, main)
08:52:18.084 INFO: JdwpEventCenterDelegate: THREAD_RESUMED: thread (33, main, main)
08:52:18.097 INFO: JdwpEventCenterDelegate: THREAD_RESUMED: thread (33, main, main)
08:52:18.109 INFO: JdwpEventCenterDelegate: THREAD_RESUMED: thread (33, main, main)
08:52:18.120 INFO: JdwpEventCenterDelegate: THREAD_RESUMED: thread (33, main, main)
08:52:18.155 INFO: JdwpEventCenterDelegate: THREAD_RESUMED: thread (33, main, main)
08:52:18.188 INFO: JdwpEventCenterDelegate: THREAD_RESUMED: thread (33, main, main)
08:52:18.204 INFO: JdwpEventCenterDelegate: THREAD_RESUMED: thread (33, main, main)
08:52:18.218 INFO: JdwpEventCenterDelegate: THREAD_RESUMED: thread (33, main, main)
08:52:18.224 INFO: JdwpEventCenterDelegate: THREAD_RESUMED: thread (33, main, main)
08:52:18.238 INFO: JdwpEventCenterDelegate: THREAD_RESUMED: thread (33, main, main)
08:52:18.349 INFO: JdwpEventCenterDelegate: THREAD_STARTED: thread (138, Thread-8, main)
08:52:25.287 INFO: JdwpEventCenterDelegate: THREAD_RESUMED: thread (33, main, main)
08:52:25.326 INFO: JdwpEventCenterDelegate: THREAD_RESUMED: thread (33, main, main)
08:52:25.353 INFO: JdwpEventCenterDelegate: THREAD_RESUMED: thread (33, main, main)
08:52:25.374 INFO: JdwpEventCenterDelegate: THREAD_RESUMED: thread (33, main, main)
08:52:25.414 INFO: JdwpEventCenterDelegate: THREAD_RESUMED: thread (33, main, main)
08:52:25.448 INFO: JdwpEventCenterDelegate: THREAD_RESUMED: thread (33, main, main)
08:52:25.464 INFO: JdwpEventCenterDelegate: THREAD_RESUMED: thread (33, main, main)
08:52:25.479 INFO: JdwpEventCenterDelegate: THREAD_RESUMED: thread (33, main, main)
08:52:25.484 INFO: JdwpEventCenterDelegate: THREAD_RESUMED: thread (33, main, main)
08:52:25.497 INFO: JdwpEventCenterDelegate: THREAD_RESUMED: thread (33, main, main)
08:52:25.527 INFO: JdwpEventCenterDelegate: THREAD_RESUMED: thread (33, main, main)
08:52:25.540 INFO: JdwpEventCenterDelegate: THREAD_RESUMED: thread (33, main, main)
08:52:25.553 INFO: JdwpEventCenterDelegate: THREAD_RESUMED: thread (33, main, main)
08:52:25.565 INFO: JdwpEventCenterDelegate: THREAD_RESUMED: thread (33, main, main)
08:52:25.600 INFO: JdwpEventCenterDelegate: THREAD_RESUMED: thread (33, main, main)
08:52:25.632 INFO: JdwpEventCenterDelegate: THREAD_RESUMED: thread (33, main, main)
08:52:25.649 INFO: JdwpEventCenterDelegate: THREAD_RESUMED: thread (33, main, main)
08:52:25.666 INFO: JdwpEventCenterDelegate: THREAD_RESUMED: thread (33, main, main)
08:52:25.673 INFO: JdwpEventCenterDelegate: THREAD_RESUMED: thread (33, main, main)
08:52:25.686 INFO: JdwpEventCenterDelegate: THREAD_RESUMED: thread (33, main, main)
08:52:28.633 INFO: JdwpEventCenterDelegate: THREAD_RESUMED: thread (33, main, main)
08:52:28.673 INFO: JdwpEventCenterDelegate: THREAD_RESUMED: thread (33, main, main)
08:52:28.700 INFO: JdwpEventCenterDelegate: THREAD_RESUMED: thread (33, main, main)
08:52:28.721 INFO: JdwpEventCenterDelegate: THREAD_RESUMED: thread (33, main, main)
08:52:28.759 INFO: JdwpEventCenterDelegate: THREAD_RESUMED: thread (33, main, main)
08:52:28.792 INFO: JdwpEventCenterDelegate: THREAD_RESUMED: thread (33, main, main)
08:52:28.808 INFO: JdwpEventCenterDelegate: THREAD_RESUMED: thread (33, main, main)
08:52:28.823 INFO: JdwpEventCenterDelegate: THREAD_RESUMED: thread (33, main, main)
08:52:28.829 INFO: JdwpEventCenterDelegate: THREAD_RESUMED: thread (33, main, main)
08:52:28.842 INFO: JdwpEventCenterDelegate: THREAD_RESUMED: thread (33, main, main)
08:52:28.873 INFO: JdwpEventCenterDelegate: THREAD_RESUMED: thread (33, main, main)
08:52:28.885 INFO: JdwpEventCenterDelegate: THREAD_RESUMED: thread (33, main, main)
08:52:28.898 INFO: JdwpEventCenterDelegate: THREAD_RESUMED: thread (33, main, main)
08:52:28.910 INFO: JdwpEventCenterDelegate: THREAD_RESUMED: thread (33, main, main)
08:52:28.945 INFO: JdwpEventCenterDelegate: THREAD_RESUMED: thread (33, main, main)
08:52:28.978 INFO: JdwpEventCenterDelegate: THREAD_RESUMED: thread (33, main, main)
08:52:28.994 INFO: JdwpEventCenterDelegate: THREAD_RESUMED: thread (33, main, main)
08:52:29.009 INFO: JdwpEventCenterDelegate: THREAD_RESUMED: thread (33, main, main)
08:52:29.015 INFO: JdwpEventCenterDelegate: THREAD_RESUMED: thread (33, main, main)
08:52:29.028 INFO: JdwpEventCenterDelegate: THREAD_RESUMED: thread (33, main, main)
08:52:32.712 INFO: JdwpEventCenterDelegate: THREAD_DETTACHED: thread (123, Thread-7, main)
08:55:05.658 INFO: JdwpDebugServer: handling req: VirtualMachine(1).Exit(10)
08:55:05.658 SEVERE: Debugger: Thread JDWP server socket thread crashed
org.robovm.debugger.DebuggerException: Terminating due exit command
	at org.robovm.debugger.jdwp.JdwpDebugServer.doSocketWork(JdwpDebugServer.java:211)
	at java.base/java.lang.Thread.run(Thread.java:834)
	at org.robovm.debugger.utils.DebuggerThread.run(DebuggerThread.java:42)
08:55:06.164 SEVERE: Debugger: Thread HooksChannel socket thread crashed
org.robovm.debugger.DebuggerException: java.io.IOException: org.robovm.libimobiledevice.LibIMobileDeviceException: IDEVICE_E_UNKNOWN_ERROR
	at org.robovm.debugger.hooks.HooksChannel.doSocketWork(HooksChannel.java:149)
	at java.base/java.lang.Thread.run(Thread.java:834)
	at org.robovm.debugger.utils.DebuggerThread.run(DebuggerThread.java:42)
Caused by: java.io.IOException: org.robovm.libimobiledevice.LibIMobileDeviceException: IDEVICE_E_UNKNOWN_ERROR
	at org.robovm.libimobiledevice.IDeviceConnection$DeviceInputStream.read(IDeviceConnection.java:203)
	at org.robovm.debugger.utils.bytebuffer.DataBufferWriter.writeFromStream(DataBufferWriter.java:89)
	at org.robovm.debugger.hooks.HooksChannel.doSocketWork(HooksChannel.java:116)
	... 2 more
Caused by: org.robovm.libimobiledevice.LibIMobileDeviceException: IDEVICE_E_UNKNOWN_ERROR
	at org.robovm.libimobiledevice.IDevice.checkResult(IDevice.java:206)
	at org.robovm.libimobiledevice.IDeviceConnection.receive(IDeviceConnection.java:110)
	at org.robovm.libimobiledevice.IDeviceConnection.receive(IDeviceConnection.java:81)
	at org.robovm.libimobiledevice.IDeviceConnection$DeviceInputStream.read(IDeviceConnection.java:201)
	... 4 more
