23:28:50.137 INFO: JdwpDebugServer: handling req: VirtualMachine(1).IDSizes(7)
23:28:50.137 INFO: JdwpDebugServer: handling req: EventRequest(15).Set(1)
23:28:50.137 INFO: JdwpEventCenterDelegate: jdwpSetEventRequest: JdwpEventRequest{requestId=100, eventKind=CLASS_PREPARE, suspendPolicy=NONE, predicates=[]}
23:28:50.137 INFO: JdwpDebugServer: handling req: EventRequest(15).Set(1)
23:28:50.137 INFO: JdwpEventCenterDelegate: jdwpSetEventRequest: JdwpEventRequest{requestId=101, eventKind=CLASS_UNLOAD, suspendPolicy=NONE, predicates=[]}
23:28:50.154 INFO: JdwpDebugServer: handling req: VirtualMachine(1).Version(1)
23:28:50.154 INFO: JdwpDebugServer: handling req: VirtualMachine(1).capabilitiesNew(17)
23:28:50.155 INFO: JdwpDebugServer: handling req: VirtualMachine(1).capabilities(12)
23:28:50.155 INFO: JdwpDebugServer: handling req: VirtualMachine(1).AllClassesWithGeneric(20)
23:28:50.159 INFO: JdwpDebugServer: handling req: VirtualMachine(1).TopLevelThreadGroups(5)
23:28:50.160 INFO: JdwpDebugServer: handling req: EventRequest(15).Set(1)
23:28:50.160 INFO: JdwpEventCenterDelegate: jdwpSetEventRequest: JdwpEventRequest{requestId=102, eventKind=THREAD_START, suspendPolicy=NONE, predicates=[]}
23:28:50.160 INFO: JdwpDebugServer: handling req: EventRequest(15).Set(1)
23:28:50.160 INFO: JdwpEventCenterDelegate: jdwpSetEventRequest: JdwpEventRequest{requestId=103, eventKind=THREAD_DEATH, suspendPolicy=NONE, predicates=[]}
23:28:50.161 INFO: JdwpDebugServer: handling req: EventRequest(15).Set(1)
23:28:50.161 INFO: JdwpEventCenterDelegate: jdwpSetEventRequest: JdwpEventRequest{requestId=104, eventKind=CLASS_PREPARE, suspendPolicy=EVENT_THREAD, predicates=[className=sun.instrument.InstrumentationImpl]}
23:28:50.161 INFO: JdwpDebugServer: handling req: EventRequest(15).Set(1)
23:28:50.161 INFO: JdwpEventCenterDelegate: jdwpSetEventRequest: JdwpEventRequest{requestId=105, eventKind=CLASS_PREPARE, suspendPolicy=EVENT_THREAD, predicates=[className=sun.instrument.InstrumentationImpl]}
23:28:50.163 INFO: JdwpDebugServer: handling req: EventRequest(15).Set(1)
23:28:50.163 INFO: JdwpEventCenterDelegate: jdwpSetEventRequest: JdwpEventRequest{requestId=106, eventKind=CLASS_PREPARE, suspendPolicy=EVENT_THREAD, predicates=[className=com.oldcaledonia.babymozartspacetrip.ios.ServicesApi]}
23:28:50.163 INFO: JdwpDebugServer: handling req: EventRequest(15).Set(1)
23:28:50.163 INFO: JdwpEventCenterDelegate: jdwpSetEventRequest: JdwpEventRequest{requestId=107, eventKind=CLASS_PREPARE, suspendPolicy=EVENT_THREAD, predicates=[className=com.oldcaledonia.babymozartspacetrip.ios.ServicesApi$*]}
23:28:50.163 INFO: JdwpDebugServer: handling req: EventRequest(15).Set(1)
23:28:50.163 INFO: JdwpEventCenterDelegate: jdwpSetEventRequest: JdwpEventRequest{requestId=108, eventKind=CLASS_PREPARE, suspendPolicy=EVENT_THREAD, predicates=[className=com.oldcaledonia.babymozartspacetrip.ios.ComposableSingletons$ServicesKt$*]}
23:28:50.772 INFO: JdwpDebugServer: handling req: VirtualMachine(1).Resume(9)
23:28:50.832 INFO: JdwpEventCenterDelegate: THREAD_STARTED: thread (33, main, main)
23:28:50.854 INFO: JdwpEventCenterDelegate: THREAD_STARTED: thread (48, ReferenceQueueDaemon, main)
23:28:50.860 INFO: JdwpEventCenterDelegate: THREAD_STARTED: thread (63, FinalizerDaemon, main)
23:28:50.866 INFO: JdwpEventCenterDelegate: THREAD_STARTED: thread (78, FinalizerWatchdogDaemon, main)
23:28:50.868 INFO: JdwpEventCenterDelegate: THREAD_RESUMED: thread (33, main, main)
23:28:50.869 INFO: JdwpEventCenterDelegate: THREAD_RESUMED: thread (33, main, main)
23:28:50.870 INFO: JdwpEventCenterDelegate: THREAD_RESUMED: thread (33, main, main)
23:28:50.871 INFO: JdwpEventCenterDelegate: THREAD_RESUMED: thread (33, main, main)
23:28:50.873 INFO: JdwpEventCenterDelegate: THREAD_RESUMED: thread (33, main, main)
23:28:50.874 INFO: JdwpEventCenterDelegate: THREAD_RESUMED: thread (33, main, main)
23:28:50.875 INFO: JdwpEventCenterDelegate: THREAD_RESUMED: thread (33, main, main)
23:28:50.876 INFO: JdwpEventCenterDelegate: THREAD_RESUMED: thread (33, main, main)
23:28:50.877 INFO: JdwpEventCenterDelegate: THREAD_RESUMED: thread (33, main, main)
23:28:50.878 INFO: JdwpEventCenterDelegate: THREAD_RESUMED: thread (33, main, main)
23:28:50.880 INFO: JdwpEventCenterDelegate: THREAD_RESUMED: thread (33, main, main)
23:28:50.881 INFO: JdwpEventCenterDelegate: THREAD_RESUMED: thread (33, main, main)
23:28:50.882 INFO: JdwpEventCenterDelegate: THREAD_RESUMED: thread (33, main, main)
23:28:50.884 INFO: JdwpEventCenterDelegate: THREAD_RESUMED: thread (33, main, main)
23:28:50.885 INFO: JdwpEventCenterDelegate: THREAD_RESUMED: thread (33, main, main)
23:28:50.886 INFO: JdwpEventCenterDelegate: THREAD_RESUMED: thread (33, main, main)
23:28:50.887 INFO: JdwpEventCenterDelegate: THREAD_RESUMED: thread (33, main, main)
23:28:50.889 INFO: JdwpEventCenterDelegate: THREAD_RESUMED: thread (33, main, main)
23:28:50.892 INFO: JdwpEventCenterDelegate: THREAD_RESUMED: thread (33, main, main)
23:28:50.893 INFO: JdwpEventCenterDelegate: THREAD_RESUMED: thread (33, main, main)
23:28:50.894 INFO: JdwpEventCenterDelegate: THREAD_RESUMED: thread (33, main, main)
23:28:50.895 INFO: JdwpEventCenterDelegate: THREAD_RESUMED: thread (33, main, main)
23:28:50.896 INFO: JdwpEventCenterDelegate: THREAD_RESUMED: thread (33, main, main)
23:28:50.897 INFO: JdwpEventCenterDelegate: THREAD_RESUMED: thread (33, main, main)
23:28:50.898 INFO: JdwpEventCenterDelegate: THREAD_RESUMED: thread (33, main, main)
23:28:50.910 INFO: JdwpDebugServer: handling req: ReferenceType(2).MethodsWithGeneric(15)
23:28:50.910 INFO: JdwpDebugServer: handling req: Method(6).LineTable(1)
23:28:50.911 INFO: JdwpDebugServer: handling req: Method(6).LineTable(1)
23:28:50.911 INFO: JdwpDebugServer: handling req: Method(6).LineTable(1)
23:28:50.911 INFO: JdwpDebugServer: handling req: Method(6).LineTable(1)
23:28:50.911 INFO: JdwpDebugServer: handling req: Method(6).LineTable(1)
23:28:50.911 INFO: JdwpDebugServer: handling req: Method(6).LineTable(1)
23:28:50.912 INFO: JdwpDebugServer: handling req: Method(6).LineTable(1)
23:28:50.912 INFO: JdwpDebugServer: handling req: Method(6).LineTable(1)
23:28:50.912 INFO: JdwpDebugServer: handling req: Method(6).LineTable(1)
23:28:50.912 INFO: JdwpDebugServer: handling req: Method(6).LineTable(1)
23:28:50.913 INFO: JdwpDebugServer: handling req: Method(6).LineTable(1)
23:28:50.913 INFO: JdwpDebugServer: handling req: Method(6).LineTable(1)
23:28:50.913 INFO: JdwpDebugServer: handling req: Method(6).LineTable(1)
23:28:50.913 INFO: JdwpDebugServer: handling req: Method(6).LineTable(1)
23:28:50.914 INFO: JdwpDebugServer: handling req: Method(6).LineTable(1)
23:28:50.914 INFO: JdwpDebugServer: handling req: Method(6).LineTable(1)
23:28:50.914 INFO: JdwpDebugServer: handling req: Method(6).LineTable(1)
23:28:50.914 INFO: JdwpDebugServer: handling req: Method(6).LineTable(1)
23:28:50.915 INFO: JdwpDebugServer: handling req: Method(6).LineTable(1)
23:28:50.915 INFO: JdwpDebugServer: handling req: Method(6).LineTable(1)
23:28:50.915 INFO: JdwpDebugServer: handling req: Method(6).LineTable(1)
23:28:50.915 INFO: JdwpDebugServer: handling req: Method(6).LineTable(1)
23:28:50.916 INFO: JdwpDebugServer: handling req: Method(6).LineTable(1)
23:28:50.916 INFO: JdwpDebugServer: handling req: Method(6).LineTable(1)
23:28:50.916 INFO: JdwpDebugServer: handling req: Method(6).LineTable(1)
23:28:50.916 INFO: JdwpDebugServer: handling req: Method(6).LineTable(1)
23:28:50.917 INFO: JdwpDebugServer: handling req: Method(6).LineTable(1)
23:28:50.917 INFO: JdwpDebugServer: handling req: Method(6).LineTable(1)
23:28:50.917 INFO: JdwpDebugServer: handling req: Method(6).LineTable(1)
23:28:50.917 INFO: JdwpDebugServer: handling req: Method(6).LineTable(1)
23:28:50.918 INFO: JdwpDebugServer: handling req: Method(6).LineTable(1)
23:28:50.918 INFO: JdwpDebugServer: handling req: Method(6).LineTable(1)
23:28:50.918 INFO: JdwpDebugServer: handling req: Method(6).LineTable(1)
23:28:50.918 INFO: JdwpDebugServer: handling req: Method(6).LineTable(1)
23:28:50.919 INFO: JdwpDebugServer: handling req: Method(6).LineTable(1)
23:28:50.919 INFO: JdwpDebugServer: handling req: Method(6).LineTable(1)
23:28:50.919 INFO: JdwpDebugServer: handling req: Method(6).LineTable(1)
23:28:50.919 INFO: JdwpDebugServer: handling req: Method(6).LineTable(1)
23:28:50.919 INFO: JdwpDebugServer: handling req: Method(6).LineTable(1)
23:28:50.920 INFO: JdwpDebugServer: handling req: Method(6).LineTable(1)
23:28:50.920 INFO: JdwpDebugServer: handling req: Method(6).LineTable(1)
23:28:50.920 INFO: JdwpDebugServer: handling req: Method(6).LineTable(1)
23:28:50.920 INFO: JdwpDebugServer: handling req: Method(6).LineTable(1)
23:28:50.921 INFO: JdwpDebugServer: handling req: Method(6).LineTable(1)
23:28:50.921 INFO: JdwpDebugServer: handling req: Method(6).LineTable(1)
23:28:50.921 INFO: JdwpDebugServer: handling req: Method(6).LineTable(1)
23:28:50.921 INFO: JdwpDebugServer: handling req: Method(6).LineTable(1)
23:28:50.921 INFO: JdwpDebugServer: handling req: Method(6).LineTable(1)
23:28:50.921 INFO: JdwpDebugServer: handling req: Method(6).LineTable(1)
23:28:50.921 INFO: JdwpDebugServer: handling req: Method(6).LineTable(1)
23:28:50.922 INFO: JdwpDebugServer: handling req: Method(6).LineTable(1)
23:28:50.922 INFO: JdwpDebugServer: handling req: Method(6).LineTable(1)
23:28:50.922 INFO: JdwpDebugServer: handling req: Method(6).LineTable(1)
23:28:50.922 INFO: JdwpDebugServer: handling req: Method(6).LineTable(1)
23:28:50.923 INFO: JdwpDebugServer: handling req: Method(6).LineTable(1)
23:28:50.923 INFO: JdwpDebugServer: handling req: Method(6).LineTable(1)
23:28:50.923 INFO: JdwpDebugServer: handling req: Method(6).LineTable(1)
23:28:50.924 INFO: JdwpDebugServer: handling req: Method(6).LineTable(1)
23:28:50.924 INFO: JdwpDebugServer: handling req: Method(6).LineTable(1)
23:28:50.924 INFO: JdwpDebugServer: handling req: Method(6).LineTable(1)
23:28:50.924 INFO: JdwpDebugServer: handling req: Method(6).LineTable(1)
23:28:50.925 INFO: JdwpDebugServer: handling req: Method(6).LineTable(1)
23:28:50.925 INFO: JdwpDebugServer: handling req: Method(6).LineTable(1)
23:28:50.925 INFO: JdwpDebugServer: handling req: Method(6).LineTable(1)
23:28:50.925 INFO: JdwpDebugServer: handling req: Method(6).LineTable(1)
23:28:50.925 INFO: JdwpDebugServer: handling req: Method(6).LineTable(1)
23:28:50.926 INFO: JdwpDebugServer: handling req: Method(6).LineTable(1)
23:28:50.926 INFO: JdwpDebugServer: handling req: Method(6).LineTable(1)
23:28:50.926 INFO: JdwpDebugServer: handling req: Method(6).LineTable(1)
23:28:50.926 INFO: JdwpDebugServer: handling req: Method(6).LineTable(1)
23:28:50.927 INFO: JdwpDebugServer: handling req: Method(6).LineTable(1)
23:28:50.927 INFO: JdwpDebugServer: handling req: Method(6).LineTable(1)
23:28:50.927 INFO: JdwpDebugServer: handling req: Method(6).LineTable(1)
23:28:50.927 INFO: JdwpDebugServer: handling req: Method(6).LineTable(1)
23:28:50.928 INFO: JdwpDebugServer: handling req: Method(6).LineTable(1)
23:28:50.928 INFO: JdwpDebugServer: handling req: Method(6).LineTable(1)
23:28:50.928 INFO: JdwpDebugServer: handling req: Method(6).LineTable(1)
23:28:50.928 INFO: JdwpDebugServer: handling req: Method(6).LineTable(1)
23:28:50.928 INFO: JdwpDebugServer: handling req: ReferenceType(2).SourceFile(7)
23:28:50.929 INFO: JdwpDebugServer: handling req: EventRequest(15).Set(1)
23:28:50.929 INFO: JdwpEventCenterDelegate: jdwpSetEventRequest: JdwpEventRequest{requestId=109, eventKind=BREAKPOINT, suspendPolicy=EVENT_THREAD, predicates=[Location{classId=23135, methodId=3872, index=327} ]}
23:28:50.930 INFO: JdwpDebugServer: handling req: ThreadReference(11).Resume(3)
23:28:50.931 INFO: JdwpEventCenterDelegate: THREAD_RESUMED: thread (33, main, main)
23:28:50.931 INFO: JdwpDebugServer: handling req: ClassType(3).Superclass(1)
23:28:50.933 INFO: JdwpDebugServer: handling req: ReferenceType(2).ClassLoader(2)
23:28:50.933 INFO: JdwpDebugServer: handling req: ReferenceType(2).ClassLoader(2)
23:28:50.933 INFO: JdwpDebugServer: handling req: ReferenceType(2).ClassLoader(2)
23:28:50.934 INFO: JdwpDebugServer: handling req: ReferenceType(2).ClassLoader(2)
23:28:50.934 INFO: JdwpDebugServer: handling req: ReferenceType(2).ClassLoader(2)
23:28:50.934 INFO: JdwpDebugServer: handling req: ReferenceType(2).ClassLoader(2)
23:28:50.934 INFO: JdwpDebugServer: handling req: ReferenceType(2).ClassLoader(2)
23:28:50.934 INFO: JdwpDebugServer: handling req: ReferenceType(2).ClassLoader(2)
23:28:50.934 INFO: JdwpDebugServer: handling req: ReferenceType(2).ClassLoader(2)
23:28:50.934 INFO: JdwpDebugServer: handling req: ReferenceType(2).ClassLoader(2)
23:28:50.934 INFO: JdwpDebugServer: handling req: ReferenceType(2).ClassLoader(2)
23:28:50.934 INFO: JdwpDebugServer: handling req: ReferenceType(2).ClassLoader(2)
23:28:50.934 INFO: JdwpDebugServer: handling req: ReferenceType(2).ClassLoader(2)
23:28:50.934 INFO: JdwpDebugServer: handling req: ReferenceType(2).ClassLoader(2)
23:28:50.934 INFO: JdwpDebugServer: handling req: ReferenceType(2).ClassLoader(2)
23:28:50.934 INFO: JdwpDebugServer: handling req: ReferenceType(2).ClassLoader(2)
23:28:50.934 INFO: JdwpDebugServer: handling req: ReferenceType(2).ClassLoader(2)
23:28:50.934 INFO: JdwpDebugServer: handling req: ReferenceType(2).ClassLoader(2)
23:28:50.934 INFO: JdwpDebugServer: handling req: ReferenceType(2).ClassLoader(2)
23:28:50.934 INFO: JdwpDebugServer: handling req: ReferenceType(2).ClassLoader(2)
23:28:50.934 INFO: JdwpDebugServer: handling req: ReferenceType(2).ClassLoader(2)
23:28:50.934 INFO: JdwpDebugServer: handling req: ReferenceType(2).ClassLoader(2)
23:28:50.951 INFO: JdwpEventCenterDelegate: THREAD_RESUMED: thread (33, main, main)
23:28:50.952 INFO: JdwpEventCenterDelegate: THREAD_RESUMED: thread (33, main, main)
23:28:50.953 INFO: JdwpEventCenterDelegate: THREAD_RESUMED: thread (33, main, main)
23:28:50.955 INFO: JdwpEventCenterDelegate: THREAD_RESUMED: thread (33, main, main)
23:28:50.956 INFO: JdwpEventCenterDelegate: THREAD_RESUMED: thread (33, main, main)
23:28:50.957 INFO: JdwpEventCenterDelegate: THREAD_RESUMED: thread (33, main, main)
23:28:50.958 INFO: JdwpEventCenterDelegate: THREAD_RESUMED: thread (33, main, main)
23:28:50.961 INFO: JdwpEventCenterDelegate: THREAD_RESUMED: thread (33, main, main)
23:28:50.962 INFO: JdwpEventCenterDelegate: THREAD_RESUMED: thread (33, main, main)
23:28:50.963 INFO: JdwpEventCenterDelegate: THREAD_RESUMED: thread (33, main, main)
23:28:50.965 INFO: JdwpEventCenterDelegate: THREAD_RESUMED: thread (33, main, main)
23:28:50.966 INFO: JdwpEventCenterDelegate: THREAD_RESUMED: thread (33, main, main)
23:28:50.967 INFO: JdwpEventCenterDelegate: THREAD_RESUMED: thread (33, main, main)
23:28:50.968 INFO: JdwpEventCenterDelegate: THREAD_RESUMED: thread (33, main, main)
23:28:50.983 INFO: JdwpEventCenterDelegate: THREAD_RESUMED: thread (33, main, main)
23:28:50.984 INFO: JdwpEventCenterDelegate: THREAD_RESUMED: thread (33, main, main)
23:28:50.986 INFO: JdwpEventCenterDelegate: THREAD_RESUMED: thread (33, main, main)
23:28:50.987 INFO: JdwpEventCenterDelegate: THREAD_RESUMED: thread (33, main, main)
23:28:50.988 INFO: JdwpEventCenterDelegate: THREAD_RESUMED: thread (33, main, main)
23:28:50.990 INFO: JdwpEventCenterDelegate: THREAD_RESUMED: thread (33, main, main)
23:28:50.991 INFO: JdwpEventCenterDelegate: THREAD_RESUMED: thread (33, main, main)
23:28:51.012 INFO: JdwpEventCenterDelegate: THREAD_RESUMED: thread (33, main, main)
23:28:51.013 INFO: JdwpEventCenterDelegate: THREAD_RESUMED: thread (33, main, main)
23:28:51.015 INFO: JdwpEventCenterDelegate: THREAD_RESUMED: thread (33, main, main)
23:28:51.016 INFO: JdwpEventCenterDelegate: THREAD_RESUMED: thread (33, main, main)
23:28:51.017 INFO: JdwpEventCenterDelegate: THREAD_RESUMED: thread (33, main, main)
23:28:51.018 INFO: JdwpEventCenterDelegate: THREAD_RESUMED: thread (33, main, main)
23:28:51.019 INFO: JdwpEventCenterDelegate: THREAD_RESUMED: thread (33, main, main)
23:28:51.023 INFO: JdwpDebugServer: handling req: ReferenceType(2).MethodsWithGeneric(15)
23:28:51.024 INFO: JdwpDebugServer: handling req: Method(6).LineTable(1)
23:28:51.024 INFO: JdwpDebugServer: handling req: ReferenceType(2).SourceFile(7)
23:28:51.024 INFO: JdwpDebugServer: handling req: ThreadReference(11).Resume(3)
23:28:51.025 INFO: JdwpEventCenterDelegate: THREAD_RESUMED: thread (33, main, main)
23:28:51.025 INFO: JdwpDebugServer: handling req: ReferenceType(2).MethodsWithGeneric(15)
23:28:51.026 INFO: JdwpDebugServer: handling req: Method(6).LineTable(1)
23:28:51.026 INFO: JdwpDebugServer: handling req: ReferenceType(2).SourceFile(7)
23:28:51.026 INFO: JdwpDebugServer: handling req: ThreadReference(11).Resume(3)
23:28:51.027 INFO: JdwpEventCenterDelegate: THREAD_RESUMED: thread (33, main, main)
23:28:51.027 INFO: JdwpDebugServer: handling req: ReferenceType(2).MethodsWithGeneric(15)
23:28:51.027 INFO: JdwpDebugServer: handling req: Method(6).LineTable(1)
23:28:51.027 INFO: JdwpDebugServer: handling req: ReferenceType(2).SourceFile(7)
23:28:51.028 INFO: JdwpDebugServer: handling req: ThreadReference(11).Resume(3)
23:28:51.028 INFO: JdwpEventCenterDelegate: THREAD_RESUMED: thread (33, main, main)
23:28:51.029 INFO: JdwpDebugServer: handling req: ReferenceType(2).MethodsWithGeneric(15)
23:28:51.029 INFO: JdwpDebugServer: handling req: Method(6).LineTable(1)
23:28:51.029 INFO: JdwpDebugServer: handling req: ReferenceType(2).SourceFile(7)
23:28:51.029 INFO: JdwpDebugServer: handling req: ThreadReference(11).Resume(3)
23:28:51.030 INFO: JdwpEventCenterDelegate: THREAD_RESUMED: thread (33, main, main)
23:28:51.030 INFO: JdwpDebugServer: handling req: ReferenceType(2).MethodsWithGeneric(15)
23:28:51.030 INFO: JdwpDebugServer: handling req: Method(6).LineTable(1)
23:28:51.030 INFO: JdwpDebugServer: handling req: ReferenceType(2).SourceFile(7)
23:28:51.030 INFO: JdwpDebugServer: handling req: ThreadReference(11).Resume(3)
23:28:51.031 INFO: JdwpEventCenterDelegate: THREAD_RESUMED: thread (33, main, main)
23:28:51.031 INFO: JdwpDebugServer: handling req: ReferenceType(2).MethodsWithGeneric(15)
23:28:51.031 INFO: JdwpDebugServer: handling req: Method(6).LineTable(1)
23:28:51.031 INFO: JdwpDebugServer: handling req: ReferenceType(2).SourceFile(7)
23:28:51.031 INFO: JdwpDebugServer: handling req: ThreadReference(11).Resume(3)
23:28:51.032 INFO: JdwpEventCenterDelegate: THREAD_RESUMED: thread (33, main, main)
23:28:51.055 INFO: JdwpEventCenterDelegate: THREAD_RESUMED: thread (33, main, main)
23:28:51.056 INFO: JdwpEventCenterDelegate: THREAD_RESUMED: thread (33, main, main)
23:28:51.057 INFO: JdwpEventCenterDelegate: THREAD_RESUMED: thread (33, main, main)
23:28:51.059 INFO: JdwpEventCenterDelegate: THREAD_RESUMED: thread (33, main, main)
23:28:51.061 INFO: JdwpEventCenterDelegate: THREAD_RESUMED: thread (33, main, main)
23:28:51.062 INFO: JdwpEventCenterDelegate: THREAD_RESUMED: thread (33, main, main)
23:28:51.063 INFO: JdwpEventCenterDelegate: THREAD_RESUMED: thread (33, main, main)
23:28:51.075 INFO: JdwpEventCenterDelegate: THREAD_RESUMED: thread (33, main, main)
23:28:51.077 INFO: JdwpEventCenterDelegate: THREAD_RESUMED: thread (33, main, main)
23:28:51.078 INFO: JdwpEventCenterDelegate: THREAD_RESUMED: thread (33, main, main)
23:28:51.079 INFO: JdwpEventCenterDelegate: THREAD_RESUMED: thread (33, main, main)
23:28:51.080 INFO: JdwpEventCenterDelegate: THREAD_RESUMED: thread (33, main, main)
23:28:51.081 INFO: JdwpEventCenterDelegate: THREAD_RESUMED: thread (33, main, main)
23:28:51.083 INFO: JdwpEventCenterDelegate: THREAD_RESUMED: thread (33, main, main)
23:28:51.091 INFO: JdwpEventCenterDelegate: THREAD_RESUMED: thread (33, main, main)
23:28:51.093 INFO: JdwpEventCenterDelegate: THREAD_RESUMED: thread (33, main, main)
23:28:51.094 INFO: JdwpEventCenterDelegate: THREAD_RESUMED: thread (33, main, main)
23:28:51.095 INFO: JdwpEventCenterDelegate: THREAD_RESUMED: thread (33, main, main)
23:28:51.097 INFO: JdwpEventCenterDelegate: THREAD_RESUMED: thread (33, main, main)
23:28:51.098 INFO: JdwpEventCenterDelegate: THREAD_RESUMED: thread (33, main, main)
23:28:51.099 INFO: JdwpEventCenterDelegate: THREAD_RESUMED: thread (33, main, main)
23:28:51.100 INFO: JdwpEventCenterDelegate: THREAD_RESUMED: thread (33, main, main)
23:28:51.101 INFO: JdwpEventCenterDelegate: THREAD_RESUMED: thread (33, main, main)
23:28:51.102 INFO: JdwpEventCenterDelegate: THREAD_RESUMED: thread (33, main, main)
23:28:51.104 INFO: JdwpEventCenterDelegate: THREAD_RESUMED: thread (33, main, main)
23:28:51.105 INFO: JdwpEventCenterDelegate: THREAD_RESUMED: thread (33, main, main)
23:28:51.106 INFO: JdwpEventCenterDelegate: THREAD_RESUMED: thread (33, main, main)
23:28:51.108 INFO: JdwpEventCenterDelegate: THREAD_RESUMED: thread (33, main, main)
23:28:51.109 INFO: JdwpEventCenterDelegate: THREAD_RESUMED: thread (33, main, main)
23:28:51.110 INFO: JdwpEventCenterDelegate: THREAD_RESUMED: thread (33, main, main)
23:28:51.112 INFO: JdwpEventCenterDelegate: THREAD_RESUMED: thread (33, main, main)
23:28:51.113 INFO: JdwpEventCenterDelegate: THREAD_RESUMED: thread (33, main, main)
23:28:51.115 INFO: JdwpEventCenterDelegate: THREAD_RESUMED: thread (33, main, main)
23:28:51.117 INFO: JdwpEventCenterDelegate: THREAD_RESUMED: thread (33, main, main)
23:28:51.250 INFO: JdwpEventCenterDelegate: THREAD_STARTED: thread (93, AssetManager, main)
23:28:51.354 INFO: JdwpEventCenterDelegate: THREAD_RESUMED: thread (33, main, main)
23:28:51.356 INFO: JdwpEventCenterDelegate: THREAD_RESUMED: thread (33, main, main)
23:28:53.928 INFO: JdwpEventCenterDelegate: THREAD_RESUMED: thread (33, main, main)
23:28:54.029 INFO: JdwpEventCenterDelegate: THREAD_RESUMED: thread (33, main, main)
23:28:54.031 INFO: JdwpEventCenterDelegate: THREAD_RESUMED: thread (33, main, main)
23:28:54.033 INFO: JdwpEventCenterDelegate: THREAD_RESUMED: thread (33, main, main)
23:28:54.034 INFO: JdwpEventCenterDelegate: THREAD_RESUMED: thread (33, main, main)
23:28:54.036 INFO: JdwpEventCenterDelegate: THREAD_RESUMED: thread (33, main, main)
23:28:54.042 INFO: JdwpEventCenterDelegate: THREAD_RESUMED: thread (33, main, main)
23:28:54.054 INFO: JdwpEventCenterDelegate: THREAD_RESUMED: thread (33, main, main)
23:28:54.056 INFO: JdwpEventCenterDelegate: THREAD_RESUMED: thread (33, main, main)
23:28:54.058 INFO: JdwpEventCenterDelegate: THREAD_RESUMED: thread (33, main, main)
23:28:54.061 INFO: JdwpEventCenterDelegate: THREAD_RESUMED: thread (33, main, main)
23:28:54.063 INFO: JdwpEventCenterDelegate: THREAD_RESUMED: thread (33, main, main)
23:28:54.068 INFO: JdwpEventCenterDelegate: THREAD_RESUMED: thread (33, main, main)
23:28:54.083 INFO: JdwpEventCenterDelegate: THREAD_RESUMED: thread (33, main, main)
23:28:54.085 INFO: JdwpEventCenterDelegate: THREAD_RESUMED: thread (33, main, main)
23:28:54.087 INFO: JdwpEventCenterDelegate: THREAD_RESUMED: thread (33, main, main)
23:28:54.089 INFO: JdwpEventCenterDelegate: THREAD_RESUMED: thread (33, main, main)
23:28:54.091 INFO: JdwpEventCenterDelegate: THREAD_RESUMED: thread (33, main, main)
23:28:54.096 INFO: JdwpEventCenterDelegate: THREAD_RESUMED: thread (33, main, main)
23:28:54.115 INFO: JdwpEventCenterDelegate: THREAD_RESUMED: thread (33, main, main)
23:28:54.117 INFO: JdwpEventCenterDelegate: THREAD_RESUMED: thread (33, main, main)
23:28:54.119 INFO: JdwpEventCenterDelegate: THREAD_RESUMED: thread (33, main, main)
23:28:54.122 INFO: JdwpEventCenterDelegate: THREAD_RESUMED: thread (33, main, main)
23:28:54.124 INFO: JdwpEventCenterDelegate: THREAD_RESUMED: thread (33, main, main)
23:28:54.129 INFO: JdwpEventCenterDelegate: THREAD_RESUMED: thread (33, main, main)
23:28:54.144 INFO: JdwpEventCenterDelegate: THREAD_RESUMED: thread (33, main, main)
23:28:54.147 INFO: JdwpEventCenterDelegate: THREAD_RESUMED: thread (33, main, main)
23:28:54.149 INFO: JdwpEventCenterDelegate: THREAD_RESUMED: thread (33, main, main)
23:28:54.151 INFO: JdwpEventCenterDelegate: THREAD_RESUMED: thread (33, main, main)
23:28:54.154 INFO: JdwpEventCenterDelegate: THREAD_RESUMED: thread (33, main, main)
23:28:54.159 INFO: JdwpEventCenterDelegate: THREAD_RESUMED: thread (33, main, main)
23:28:54.175 INFO: JdwpEventCenterDelegate: THREAD_RESUMED: thread (33, main, main)
23:28:54.177 INFO: JdwpEventCenterDelegate: THREAD_RESUMED: thread (33, main, main)
23:28:54.180 INFO: JdwpEventCenterDelegate: THREAD_RESUMED: thread (33, main, main)
23:28:54.182 INFO: JdwpEventCenterDelegate: THREAD_RESUMED: thread (33, main, main)
23:28:54.184 INFO: JdwpEventCenterDelegate: THREAD_RESUMED: thread (33, main, main)
23:28:54.189 INFO: JdwpEventCenterDelegate: THREAD_RESUMED: thread (33, main, main)
23:28:54.208 INFO: JdwpEventCenterDelegate: THREAD_RESUMED: thread (33, main, main)
23:28:54.211 INFO: JdwpEventCenterDelegate: THREAD_RESUMED: thread (33, main, main)
23:28:54.213 INFO: JdwpEventCenterDelegate: THREAD_RESUMED: thread (33, main, main)
23:28:54.215 INFO: JdwpEventCenterDelegate: THREAD_RESUMED: thread (33, main, main)
23:28:54.217 INFO: JdwpEventCenterDelegate: THREAD_RESUMED: thread (33, main, main)
23:28:54.222 INFO: JdwpEventCenterDelegate: THREAD_RESUMED: thread (33, main, main)
23:28:54.241 INFO: JdwpEventCenterDelegate: THREAD_RESUMED: thread (33, main, main)
23:28:54.243 INFO: JdwpEventCenterDelegate: THREAD_RESUMED: thread (33, main, main)
23:28:54.245 INFO: JdwpEventCenterDelegate: THREAD_RESUMED: thread (33, main, main)
23:28:54.247 INFO: JdwpEventCenterDelegate: THREAD_RESUMED: thread (33, main, main)
23:28:54.249 INFO: JdwpEventCenterDelegate: THREAD_RESUMED: thread (33, main, main)
23:28:54.254 INFO: JdwpEventCenterDelegate: THREAD_RESUMED: thread (33, main, main)
23:28:54.273 INFO: JdwpEventCenterDelegate: THREAD_RESUMED: thread (33, main, main)
23:28:54.275 INFO: JdwpEventCenterDelegate: THREAD_RESUMED: thread (33, main, main)
23:28:54.277 INFO: JdwpEventCenterDelegate: THREAD_RESUMED: thread (33, main, main)
23:28:54.280 INFO: JdwpEventCenterDelegate: THREAD_RESUMED: thread (33, main, main)
23:28:54.282 INFO: JdwpEventCenterDelegate: THREAD_RESUMED: thread (33, main, main)
23:28:54.287 INFO: JdwpEventCenterDelegate: THREAD_RESUMED: thread (33, main, main)
23:28:54.307 INFO: JdwpEventCenterDelegate: THREAD_RESUMED: thread (33, main, main)
23:28:54.309 INFO: JdwpEventCenterDelegate: THREAD_RESUMED: thread (33, main, main)
23:28:54.311 INFO: JdwpEventCenterDelegate: THREAD_RESUMED: thread (33, main, main)
23:28:54.314 INFO: JdwpEventCenterDelegate: THREAD_RESUMED: thread (33, main, main)
23:28:54.316 INFO: JdwpEventCenterDelegate: THREAD_RESUMED: thread (33, main, main)
23:28:54.321 INFO: JdwpEventCenterDelegate: THREAD_RESUMED: thread (33, main, main)
23:28:54.336 INFO: JdwpEventCenterDelegate: THREAD_RESUMED: thread (33, main, main)
23:28:54.338 INFO: JdwpEventCenterDelegate: THREAD_RESUMED: thread (33, main, main)
23:28:54.340 INFO: JdwpEventCenterDelegate: THREAD_RESUMED: thread (33, main, main)
23:28:54.343 INFO: JdwpEventCenterDelegate: THREAD_RESUMED: thread (33, main, main)
23:28:54.345 INFO: JdwpEventCenterDelegate: THREAD_RESUMED: thread (33, main, main)
23:28:54.350 INFO: JdwpEventCenterDelegate: THREAD_RESUMED: thread (33, main, main)
23:28:54.369 INFO: JdwpEventCenterDelegate: THREAD_RESUMED: thread (33, main, main)
23:28:54.372 INFO: JdwpEventCenterDelegate: THREAD_RESUMED: thread (33, main, main)
23:28:54.374 INFO: JdwpEventCenterDelegate: THREAD_RESUMED: thread (33, main, main)
23:28:54.376 INFO: JdwpEventCenterDelegate: THREAD_RESUMED: thread (33, main, main)
23:28:54.379 INFO: JdwpEventCenterDelegate: THREAD_RESUMED: thread (33, main, main)
23:28:54.384 INFO: JdwpEventCenterDelegate: THREAD_RESUMED: thread (33, main, main)
23:28:54.406 INFO: JdwpEventCenterDelegate: THREAD_RESUMED: thread (33, main, main)
23:28:54.408 INFO: JdwpEventCenterDelegate: THREAD_RESUMED: thread (33, main, main)
23:28:54.411 INFO: JdwpEventCenterDelegate: THREAD_RESUMED: thread (33, main, main)
23:28:54.413 INFO: JdwpEventCenterDelegate: THREAD_RESUMED: thread (33, main, main)
23:28:54.415 INFO: JdwpEventCenterDelegate: THREAD_RESUMED: thread (33, main, main)
23:28:54.420 INFO: JdwpEventCenterDelegate: THREAD_RESUMED: thread (33, main, main)
23:28:54.439 INFO: JdwpEventCenterDelegate: THREAD_RESUMED: thread (33, main, main)
23:28:54.442 INFO: JdwpEventCenterDelegate: THREAD_RESUMED: thread (33, main, main)
23:28:54.444 INFO: JdwpEventCenterDelegate: THREAD_RESUMED: thread (33, main, main)
23:28:54.446 INFO: JdwpEventCenterDelegate: THREAD_RESUMED: thread (33, main, main)
23:28:54.448 INFO: JdwpEventCenterDelegate: THREAD_RESUMED: thread (33, main, main)
23:28:54.453 INFO: JdwpEventCenterDelegate: THREAD_RESUMED: thread (33, main, main)
23:28:54.466 INFO: JdwpEventCenterDelegate: THREAD_RESUMED: thread (33, main, main)
23:28:54.468 INFO: JdwpEventCenterDelegate: THREAD_RESUMED: thread (33, main, main)
23:28:54.471 INFO: JdwpEventCenterDelegate: THREAD_RESUMED: thread (33, main, main)
23:28:54.473 INFO: JdwpEventCenterDelegate: THREAD_RESUMED: thread (33, main, main)
23:28:54.475 INFO: JdwpEventCenterDelegate: THREAD_RESUMED: thread (33, main, main)
23:28:54.481 INFO: JdwpEventCenterDelegate: THREAD_RESUMED: thread (33, main, main)
23:28:54.483 INFO: JdwpEventCenterDelegate: THREAD_RESUMED: thread (33, main, main)
23:28:54.486 INFO: JdwpEventCenterDelegate: THREAD_RESUMED: thread (33, main, main)
23:28:54.488 INFO: JdwpEventCenterDelegate: THREAD_RESUMED: thread (33, main, main)
23:28:54.491 INFO: JdwpEventCenterDelegate: THREAD_RESUMED: thread (33, main, main)
23:28:54.493 INFO: JdwpEventCenterDelegate: THREAD_RESUMED: thread (33, main, main)
23:28:54.495 INFO: JdwpEventCenterDelegate: THREAD_RESUMED: thread (33, main, main)
23:28:54.500 INFO: JdwpEventCenterDelegate: THREAD_RESUMED: thread (33, main, main)
23:28:54.502 INFO: JdwpEventCenterDelegate: THREAD_RESUMED: thread (33, main, main)
23:28:54.505 INFO: JdwpEventCenterDelegate: THREAD_RESUMED: thread (33, main, main)
23:28:54.507 INFO: JdwpEventCenterDelegate: THREAD_RESUMED: thread (33, main, main)
23:28:54.518 INFO: JdwpEventCenterDelegate: THREAD_RESUMED: thread (33, main, main)
23:28:54.521 INFO: JdwpEventCenterDelegate: THREAD_RESUMED: thread (33, main, main)
23:28:54.522 INFO: JdwpEventCenterDelegate: THREAD_RESUMED: thread (33, main, main)
23:28:54.525 INFO: JdwpEventCenterDelegate: THREAD_RESUMED: thread (33, main, main)
23:28:54.527 INFO: JdwpEventCenterDelegate: THREAD_RESUMED: thread (33, main, main)
23:28:54.528 INFO: JdwpEventCenterDelegate: THREAD_RESUMED: thread (33, main, main)
23:28:54.530 INFO: JdwpEventCenterDelegate: THREAD_RESUMED: thread (33, main, main)
23:28:54.545 INFO: JdwpDebugServer: handling req: ReferenceType(2).MethodsWithGeneric(15)
23:28:54.545 INFO: JdwpDebugServer: handling req: ThreadReference(11).Resume(3)
23:28:54.547 INFO: JdwpEventCenterDelegate: THREAD_RESUMED: thread (33, main, main)
23:28:54.548 INFO: JdwpDebugServer: handling req: ReferenceType(2).MethodsWithGeneric(15)
23:28:54.548 INFO: JdwpDebugServer: handling req: ThreadReference(11).Resume(3)
23:28:54.549 INFO: JdwpEventCenterDelegate: THREAD_RESUMED: thread (33, main, main)
23:28:54.550 INFO: JdwpDebugServer: handling req: ReferenceType(2).MethodsWithGeneric(15)
23:28:54.550 INFO: JdwpDebugServer: handling req: ThreadReference(11).Resume(3)
23:28:54.551 INFO: JdwpEventCenterDelegate: THREAD_RESUMED: thread (33, main, main)
23:28:54.552 INFO: JdwpDebugServer: handling req: ReferenceType(2).MethodsWithGeneric(15)
23:28:54.552 INFO: JdwpDebugServer: handling req: ThreadReference(11).Resume(3)
23:28:54.553 INFO: JdwpEventCenterDelegate: THREAD_RESUMED: thread (33, main, main)
23:28:54.556 INFO: JdwpEventCenterDelegate: THREAD_RESUMED: thread (33, main, main)
23:28:54.559 INFO: JdwpEventCenterDelegate: THREAD_RESUMED: thread (33, main, main)
23:28:54.561 INFO: JdwpEventCenterDelegate: THREAD_RESUMED: thread (33, main, main)
23:28:54.563 INFO: JdwpEventCenterDelegate: THREAD_RESUMED: thread (33, main, main)
23:28:54.565 INFO: JdwpEventCenterDelegate: THREAD_RESUMED: thread (33, main, main)
23:28:54.570 INFO: JdwpEventCenterDelegate: THREAD_RESUMED: thread (33, main, main)
23:28:54.583 INFO: JdwpEventCenterDelegate: THREAD_RESUMED: thread (33, main, main)
23:28:54.596 INFO: JdwpEventCenterDelegate: THREAD_RESUMED: thread (33, main, main)
23:28:54.607 INFO: JdwpEventCenterDelegate: THREAD_RESUMED: thread (33, main, main)
23:28:54.623 INFO: JdwpEventCenterDelegate: THREAD_RESUMED: thread (33, main, main)
23:28:54.653 INFO: JdwpEventCenterDelegate: THREAD_RESUMED: thread (33, main, main)
23:28:54.656 INFO: JdwpEventCenterDelegate: THREAD_RESUMED: thread (33, main, main)
23:28:54.658 INFO: JdwpEventCenterDelegate: THREAD_RESUMED: thread (33, main, main)
23:28:54.661 INFO: JdwpEventCenterDelegate: THREAD_RESUMED: thread (33, main, main)
23:28:54.663 INFO: JdwpEventCenterDelegate: THREAD_RESUMED: thread (33, main, main)
23:28:54.668 INFO: JdwpEventCenterDelegate: THREAD_RESUMED: thread (33, main, main)
23:28:54.680 INFO: JdwpEventCenterDelegate: THREAD_RESUMED: thread (33, main, main)
23:28:54.683 INFO: JdwpEventCenterDelegate: THREAD_RESUMED: thread (33, main, main)
23:28:54.685 INFO: JdwpEventCenterDelegate: THREAD_RESUMED: thread (33, main, main)
23:28:54.687 INFO: JdwpEventCenterDelegate: THREAD_RESUMED: thread (33, main, main)
23:28:54.689 INFO: JdwpEventCenterDelegate: THREAD_RESUMED: thread (33, main, main)
23:28:54.694 INFO: JdwpEventCenterDelegate: THREAD_RESUMED: thread (33, main, main)
23:28:54.708 INFO: JdwpEventCenterDelegate: THREAD_RESUMED: thread (33, main, main)
23:28:54.711 INFO: JdwpEventCenterDelegate: THREAD_RESUMED: thread (33, main, main)
23:28:54.713 INFO: JdwpEventCenterDelegate: THREAD_RESUMED: thread (33, main, main)
23:28:54.715 INFO: JdwpEventCenterDelegate: THREAD_RESUMED: thread (33, main, main)
23:28:54.717 INFO: JdwpEventCenterDelegate: THREAD_RESUMED: thread (33, main, main)
23:28:54.722 INFO: JdwpEventCenterDelegate: THREAD_RESUMED: thread (33, main, main)
23:28:54.740 INFO: JdwpEventCenterDelegate: THREAD_RESUMED: thread (33, main, main)
23:28:54.742 INFO: JdwpEventCenterDelegate: THREAD_RESUMED: thread (33, main, main)
23:28:54.744 INFO: JdwpEventCenterDelegate: THREAD_RESUMED: thread (33, main, main)
23:28:54.746 INFO: JdwpEventCenterDelegate: THREAD_RESUMED: thread (33, main, main)
23:28:54.748 INFO: JdwpEventCenterDelegate: THREAD_RESUMED: thread (33, main, main)
23:28:54.752 INFO: JdwpEventCenterDelegate: THREAD_RESUMED: thread (33, main, main)
23:28:54.767 INFO: JdwpEventCenterDelegate: THREAD_RESUMED: thread (33, main, main)
23:28:54.769 INFO: JdwpEventCenterDelegate: THREAD_RESUMED: thread (33, main, main)
23:28:54.772 INFO: JdwpEventCenterDelegate: THREAD_RESUMED: thread (33, main, main)
23:28:54.774 INFO: JdwpEventCenterDelegate: THREAD_RESUMED: thread (33, main, main)
23:28:54.776 INFO: JdwpEventCenterDelegate: THREAD_RESUMED: thread (33, main, main)
23:28:54.781 INFO: JdwpEventCenterDelegate: THREAD_RESUMED: thread (33, main, main)
23:28:54.799 INFO: JdwpEventCenterDelegate: THREAD_RESUMED: thread (33, main, main)
23:28:54.801 INFO: JdwpEventCenterDelegate: THREAD_RESUMED: thread (33, main, main)
23:28:54.804 INFO: JdwpEventCenterDelegate: THREAD_RESUMED: thread (33, main, main)
23:28:54.806 INFO: JdwpEventCenterDelegate: THREAD_RESUMED: thread (33, main, main)
23:28:54.808 INFO: JdwpEventCenterDelegate: THREAD_RESUMED: thread (33, main, main)
23:28:54.813 INFO: JdwpEventCenterDelegate: THREAD_RESUMED: thread (33, main, main)
23:28:54.831 INFO: JdwpEventCenterDelegate: THREAD_RESUMED: thread (33, main, main)
23:28:54.833 INFO: JdwpEventCenterDelegate: THREAD_RESUMED: thread (33, main, main)
23:28:54.836 INFO: JdwpEventCenterDelegate: THREAD_RESUMED: thread (33, main, main)
23:28:54.838 INFO: JdwpEventCenterDelegate: THREAD_RESUMED: thread (33, main, main)
23:28:54.840 INFO: JdwpEventCenterDelegate: THREAD_RESUMED: thread (33, main, main)
23:28:54.845 INFO: JdwpEventCenterDelegate: THREAD_RESUMED: thread (33, main, main)
23:28:54.863 INFO: JdwpEventCenterDelegate: THREAD_RESUMED: thread (33, main, main)
23:28:54.865 INFO: JdwpEventCenterDelegate: THREAD_RESUMED: thread (33, main, main)
23:28:54.868 INFO: JdwpEventCenterDelegate: THREAD_RESUMED: thread (33, main, main)
23:28:54.870 INFO: JdwpEventCenterDelegate: THREAD_RESUMED: thread (33, main, main)
23:28:54.872 INFO: JdwpEventCenterDelegate: THREAD_RESUMED: thread (33, main, main)
23:28:54.877 INFO: JdwpEventCenterDelegate: THREAD_RESUMED: thread (33, main, main)
23:28:54.894 INFO: JdwpEventCenterDelegate: THREAD_RESUMED: thread (33, main, main)
23:28:54.897 INFO: JdwpEventCenterDelegate: THREAD_RESUMED: thread (33, main, main)
23:28:54.899 INFO: JdwpEventCenterDelegate: THREAD_RESUMED: thread (33, main, main)
23:28:54.901 INFO: JdwpEventCenterDelegate: THREAD_RESUMED: thread (33, main, main)
23:28:54.904 INFO: JdwpEventCenterDelegate: THREAD_RESUMED: thread (33, main, main)
23:28:54.909 INFO: JdwpEventCenterDelegate: THREAD_RESUMED: thread (33, main, main)
23:28:54.923 INFO: JdwpEventCenterDelegate: THREAD_RESUMED: thread (33, main, main)
23:28:54.925 INFO: JdwpEventCenterDelegate: THREAD_RESUMED: thread (33, main, main)
23:28:54.928 INFO: JdwpEventCenterDelegate: THREAD_RESUMED: thread (33, main, main)
23:28:54.930 INFO: JdwpEventCenterDelegate: THREAD_RESUMED: thread (33, main, main)
23:28:54.932 INFO: JdwpEventCenterDelegate: THREAD_RESUMED: thread (33, main, main)
23:28:54.937 INFO: JdwpEventCenterDelegate: THREAD_RESUMED: thread (33, main, main)
23:28:54.951 INFO: JdwpEventCenterDelegate: THREAD_RESUMED: thread (33, main, main)
23:28:54.953 INFO: JdwpEventCenterDelegate: THREAD_RESUMED: thread (33, main, main)
23:28:54.956 INFO: JdwpEventCenterDelegate: THREAD_RESUMED: thread (33, main, main)
23:28:54.958 INFO: JdwpEventCenterDelegate: THREAD_RESUMED: thread (33, main, main)
23:28:54.960 INFO: JdwpEventCenterDelegate: THREAD_RESUMED: thread (33, main, main)
23:28:54.965 INFO: JdwpEventCenterDelegate: THREAD_RESUMED: thread (33, main, main)
23:28:54.987 INFO: JdwpEventCenterDelegate: THREAD_RESUMED: thread (33, main, main)
23:28:54.989 INFO: JdwpEventCenterDelegate: THREAD_RESUMED: thread (33, main, main)
23:28:54.991 INFO: JdwpEventCenterDelegate: THREAD_RESUMED: thread (33, main, main)
23:28:54.994 INFO: JdwpEventCenterDelegate: THREAD_RESUMED: thread (33, main, main)
23:28:54.996 INFO: JdwpEventCenterDelegate: THREAD_RESUMED: thread (33, main, main)
23:28:55.001 INFO: JdwpEventCenterDelegate: THREAD_RESUMED: thread (33, main, main)
23:28:55.021 INFO: JdwpEventCenterDelegate: THREAD_RESUMED: thread (33, main, main)
23:28:55.023 INFO: JdwpEventCenterDelegate: THREAD_RESUMED: thread (33, main, main)
23:28:55.025 INFO: JdwpEventCenterDelegate: THREAD_RESUMED: thread (33, main, main)
23:28:55.028 INFO: JdwpEventCenterDelegate: THREAD_RESUMED: thread (33, main, main)
23:28:55.029 INFO: JdwpEventCenterDelegate: THREAD_RESUMED: thread (33, main, main)
23:28:55.034 INFO: JdwpEventCenterDelegate: THREAD_RESUMED: thread (33, main, main)
23:28:55.052 INFO: JdwpEventCenterDelegate: THREAD_RESUMED: thread (33, main, main)
23:28:55.054 INFO: JdwpEventCenterDelegate: THREAD_RESUMED: thread (33, main, main)
23:28:55.056 INFO: JdwpEventCenterDelegate: THREAD_RESUMED: thread (33, main, main)
23:28:55.059 INFO: JdwpEventCenterDelegate: THREAD_RESUMED: thread (33, main, main)
23:28:55.061 INFO: JdwpEventCenterDelegate: THREAD_RESUMED: thread (33, main, main)
23:28:55.066 INFO: JdwpEventCenterDelegate: THREAD_RESUMED: thread (33, main, main)
23:28:55.079 INFO: JdwpEventCenterDelegate: THREAD_RESUMED: thread (33, main, main)
23:28:55.081 INFO: JdwpEventCenterDelegate: THREAD_RESUMED: thread (33, main, main)
23:28:55.083 INFO: JdwpEventCenterDelegate: THREAD_RESUMED: thread (33, main, main)
23:28:55.085 INFO: JdwpEventCenterDelegate: THREAD_RESUMED: thread (33, main, main)
23:28:55.087 INFO: JdwpEventCenterDelegate: THREAD_RESUMED: thread (33, main, main)
23:29:29.313 INFO: JdwpEventCenterDelegate: THREAD_STARTED: thread (108, Timer, main)
23:29:30.190 INFO: JdwpEventCenterDelegate: THREAD_RESUMED: thread (33, main, main)
23:29:30.223 INFO: JdwpEventCenterDelegate: THREAD_RESUMED: thread (33, main, main)
23:29:30.247 INFO: JdwpEventCenterDelegate: THREAD_RESUMED: thread (33, main, main)
23:29:30.265 INFO: JdwpEventCenterDelegate: THREAD_RESUMED: thread (33, main, main)
23:29:30.309 INFO: JdwpEventCenterDelegate: THREAD_RESUMED: thread (33, main, main)
23:29:30.344 INFO: JdwpEventCenterDelegate: THREAD_RESUMED: thread (33, main, main)
23:29:30.361 INFO: JdwpEventCenterDelegate: THREAD_RESUMED: thread (33, main, main)
23:29:30.376 INFO: JdwpEventCenterDelegate: THREAD_RESUMED: thread (33, main, main)
23:29:30.383 INFO: JdwpEventCenterDelegate: THREAD_RESUMED: thread (33, main, main)
23:29:30.397 INFO: JdwpEventCenterDelegate: THREAD_RESUMED: thread (33, main, main)
23:29:30.428 INFO: JdwpEventCenterDelegate: THREAD_RESUMED: thread (33, main, main)
23:29:30.441 INFO: JdwpEventCenterDelegate: THREAD_RESUMED: thread (33, main, main)
23:29:30.453 INFO: JdwpEventCenterDelegate: THREAD_RESUMED: thread (33, main, main)
23:29:30.465 INFO: JdwpEventCenterDelegate: THREAD_RESUMED: thread (33, main, main)
23:29:30.500 INFO: JdwpEventCenterDelegate: THREAD_RESUMED: thread (33, main, main)
23:29:30.533 INFO: JdwpEventCenterDelegate: THREAD_RESUMED: thread (33, main, main)
23:29:30.549 INFO: JdwpEventCenterDelegate: THREAD_RESUMED: thread (33, main, main)
23:29:30.564 INFO: JdwpEventCenterDelegate: THREAD_RESUMED: thread (33, main, main)
23:29:30.569 INFO: JdwpEventCenterDelegate: THREAD_RESUMED: thread (33, main, main)
23:29:30.582 INFO: JdwpEventCenterDelegate: THREAD_RESUMED: thread (33, main, main)
23:29:31.598 INFO: JdwpEventCenterDelegate: THREAD_RESUMED: thread (33, main, main)
23:29:31.602 INFO: JdwpEventCenterDelegate: THREAD_RESUMED: thread (33, main, main)
23:29:31.605 INFO: JdwpEventCenterDelegate: THREAD_RESUMED: thread (33, main, main)
23:29:31.609 INFO: JdwpEventCenterDelegate: THREAD_RESUMED: thread (33, main, main)
23:29:31.612 INFO: JdwpEventCenterDelegate: THREAD_RESUMED: thread (33, main, main)
23:29:31.614 INFO: JdwpEventCenterDelegate: THREAD_RESUMED: thread (33, main, main)
23:29:31.617 INFO: JdwpEventCenterDelegate: THREAD_RESUMED: thread (33, main, main)
23:29:31.622 INFO: JdwpDebugServer: handling req: ThreadReference(11).Status(4)
23:29:31.622 INFO: JdwpDebugServer: handling req: ThreadReference(11).FramesCount(7)
23:29:31.622 INFO: JdwpDebugServer: handling req: ThreadReference(11).Frames(6)
23:29:31.625 INFO: JdwpDebugServer: handling req: ThreadReference(11).Name(1)
23:29:31.625 INFO: JdwpDebugServer: handling req: ThreadReference(11).ThreadGroup(5)
23:29:31.625 INFO: JdwpDebugServer: handling req: ThreadGroup(12).Name(1)
23:29:31.641 INFO: JdwpDebugServer: handling req: ObjectReference(9).IsCollected(9)
23:29:31.641 INFO: JdwpDebugServer: handling req: StackFrame(16).ThisObject(3)
23:29:31.644 INFO: JdwpDebugServer: handling req: ObjectReference(9).ReferenceType(1)
23:29:31.645 INFO: JdwpDebugServer: handling req: Method(6).VariableTableWithGenerics(5)
23:29:31.645 INFO: JdwpDebugServer: handling req: ReferenceType(2).Interfaces(10)
23:29:31.645 INFO: JdwpDebugServer: handling req: ReferenceType(2).Interfaces(10)
23:29:31.646 INFO: JdwpDebugServer: handling req: ReferenceType(2).Interfaces(10)
23:29:31.646 INFO: JdwpDebugServer: handling req: ReferenceType(2).Interfaces(10)
23:29:31.646 INFO: JdwpDebugServer: handling req: ReferenceType(2).Interfaces(10)
23:29:31.646 INFO: JdwpDebugServer: handling req: ReferenceType(2).Interfaces(10)
23:29:31.647 INFO: JdwpDebugServer: handling req: ReferenceType(2).Interfaces(10)
23:29:31.647 INFO: JdwpDebugServer: handling req: ClassType(3).Superclass(1)
23:29:31.647 INFO: JdwpDebugServer: handling req: ReferenceType(2).Interfaces(10)
23:29:31.648 INFO: JdwpDebugServer: handling req: ClassType(3).Superclass(1)
23:29:31.648 INFO: JdwpDebugServer: handling req: ReferenceType(2).Interfaces(10)
23:29:31.648 INFO: JdwpDebugServer: handling req: ClassType(3).Superclass(1)
23:29:31.648 INFO: JdwpDebugServer: handling req: ReferenceType(2).Interfaces(10)
23:29:31.649 INFO: JdwpDebugServer: handling req: ClassType(3).Superclass(1)
23:29:31.649 INFO: JdwpDebugServer: handling req: ReferenceType(2).MethodsWithGeneric(15)
23:29:31.649 INFO: JdwpDebugServer: handling req: ClassType(3).Superclass(1)
23:29:31.649 INFO: JdwpDebugServer: handling req: Method(6).LineTable(1)
23:29:31.650 INFO: JdwpDebugServer: handling req: ReferenceType(2).SourceFile(7)
23:29:31.652 INFO: JdwpDebugServer: handling req: ReferenceType(2).Interfaces(10)
23:29:31.652 INFO: JdwpDebugServer: handling req: ReferenceType(2).MethodsWithGeneric(15)
23:29:31.653 INFO: JdwpDebugServer: handling req: Method(6).LineTable(1)
23:29:31.653 INFO: JdwpDebugServer: handling req: ReferenceType(2).MethodsWithGeneric(15)
23:29:31.653 INFO: JdwpDebugServer: handling req: ClassType(3).Superclass(1)
23:29:31.654 INFO: JdwpDebugServer: handling req: ClassType(3).Superclass(1)
23:29:31.654 INFO: JdwpDebugServer: handling req: Method(6).LineTable(1)
23:29:31.654 INFO: JdwpDebugServer: handling req: ReferenceType(2).SourceFile(7)
23:29:31.665 INFO: JdwpDebugServer: handling req: ReferenceType(2).MethodsWithGeneric(15)
23:29:31.665 INFO: JdwpDebugServer: handling req: ClassType(3).Superclass(1)
23:29:31.665 INFO: JdwpDebugServer: handling req: Method(6).LineTable(1)
23:29:31.666 INFO: JdwpDebugServer: handling req: ReferenceType(2).SourceFile(7)
23:29:31.674 INFO: JdwpDebugServer: handling req: ReferenceType(2).MethodsWithGeneric(15)
23:29:31.674 INFO: JdwpDebugServer: handling req: ClassType(3).Superclass(1)
23:29:31.675 INFO: JdwpDebugServer: handling req: Method(6).LineTable(1)
23:29:31.675 INFO: JdwpDebugServer: handling req: ReferenceType(2).SourceFile(7)
23:29:31.676 INFO: JdwpDebugServer: handling req: ReferenceType(2).MethodsWithGeneric(15)
23:29:31.677 INFO: JdwpDebugServer: handling req: ClassType(3).Superclass(1)
23:29:31.677 INFO: JdwpDebugServer: handling req: Method(6).LineTable(1)
23:29:31.677 INFO: JdwpDebugServer: handling req: ReferenceType(2).SourceFile(7)
23:29:31.680 INFO: JdwpDebugServer: handling req: Method(6).LineTable(1)
23:29:31.680 INFO: JdwpDebugServer: handling req: ReferenceType(2).MethodsWithGeneric(15)
23:29:31.681 INFO: JdwpDebugServer: handling req: ClassType(3).Superclass(1)
23:29:31.681 INFO: JdwpDebugServer: handling req: Method(6).LineTable(1)
23:29:31.681 INFO: JdwpDebugServer: handling req: ReferenceType(2).SourceFile(7)
23:29:31.685 INFO: JdwpDebugServer: handling req: ReferenceType(2).MethodsWithGeneric(15)
23:29:31.685 INFO: JdwpDebugServer: handling req: ClassType(3).Superclass(1)
23:29:31.686 INFO: JdwpDebugServer: handling req: Method(6).LineTable(1)
23:29:31.686 INFO: JdwpDebugServer: handling req: ReferenceType(2).SourceFile(7)
23:29:31.690 INFO: JdwpDebugServer: handling req: ReferenceType(2).MethodsWithGeneric(15)
23:29:31.690 INFO: JdwpDebugServer: handling req: ClassType(3).Superclass(1)
23:29:31.690 INFO: JdwpDebugServer: handling req: Method(6).LineTable(1)
23:29:31.690 INFO: JdwpDebugServer: handling req: ReferenceType(2).SourceFile(7)
23:29:31.703 INFO: JdwpDebugServer: handling req: ReferenceType(2).MethodsWithGeneric(15)
23:29:31.703 INFO: JdwpDebugServer: handling req: ReferenceType(2).MethodsWithGeneric(15)
23:29:31.703 INFO: JdwpDebugServer: handling req: ReferenceType(2).MethodsWithGeneric(15)
23:29:31.703 INFO: JdwpDebugServer: handling req: ReferenceType(2).MethodsWithGeneric(15)
23:29:31.703 INFO: JdwpDebugServer: handling req: ReferenceType(2).MethodsWithGeneric(15)
23:29:31.703 INFO: JdwpDebugServer: handling req: ReferenceType(2).MethodsWithGeneric(15)
23:29:31.703 INFO: JdwpDebugServer: handling req: ReferenceType(2).MethodsWithGeneric(15)
23:29:31.703 INFO: JdwpDebugServer: handling req: ReferenceType(2).MethodsWithGeneric(15)
23:29:31.703 INFO: JdwpDebugServer: handling req: ReferenceType(2).MethodsWithGeneric(15)
23:29:31.703 INFO: JdwpDebugServer: handling req: ReferenceType(2).MethodsWithGeneric(15)
23:29:31.703 INFO: JdwpDebugServer: handling req: StackFrame(16).GetValues(1)
23:29:31.707 INFO: JdwpDebugServer: handling req: ReferenceType(2).MethodsWithGeneric(15)
23:29:31.707 INFO: JdwpDebugServer: handling req: ClassType(3).Superclass(1)
23:29:31.707 INFO: JdwpDebugServer: handling req: Method(6).LineTable(1)
23:29:31.708 INFO: JdwpDebugServer: handling req: ReferenceType(2).SourceFile(7)
23:29:31.712 INFO: JdwpDebugServer: handling req: ReferenceType(2).MethodsWithGeneric(15)
23:29:31.712 INFO: JdwpDebugServer: handling req: ClassType(3).Superclass(1)
23:29:31.713 INFO: JdwpDebugServer: handling req: Method(6).LineTable(1)
23:29:31.713 INFO: JdwpDebugServer: handling req: ReferenceType(2).SourceFile(7)
23:29:31.713 INFO: JdwpDebugServer: handling req: ReferenceType(2).MethodsWithGeneric(15)
23:29:31.713 INFO: JdwpDebugServer: handling req: ClassType(3).Superclass(1)
23:29:31.713 INFO: JdwpDebugServer: handling req: ReferenceType(2).SourceFile(7)
23:29:31.714 INFO: JdwpDebugServer: handling req: ReferenceType(2).FieldsWithGeneric(14)
23:29:31.714 INFO: JdwpDebugServer: handling req: ObjectReference(9).InvokeMethod(6)
23:29:31.716 INFO: JdwpDebugServer: handling req: ReferenceType(2).FieldsWithGeneric(14)
23:29:31.716 INFO: JdwpDebugServer: handling req: ReferenceType(2).FieldsWithGeneric(14)
23:29:31.716 INFO: JdwpDebugServer: handling req: ReferenceType(2).FieldsWithGeneric(14)
23:29:31.716 INFO: JdwpDebugServer: handling req: ReferenceType(2).FieldsWithGeneric(14)
23:29:31.716 INFO: JdwpDebugServer: handling req: ReferenceType(2).FieldsWithGeneric(14)
23:29:31.716 INFO: JdwpDebugServer: handling req: ReferenceType(2).FieldsWithGeneric(14)
23:29:31.716 INFO: JdwpDebugServer: handling req: StringReference(10).Value(1)
23:29:31.720 INFO: JdwpDebugServer: handling req: ReferenceType(2).FieldsWithGeneric(14)
23:29:31.720 INFO: JdwpDebugServer: handling req: ReferenceType(2).FieldsWithGeneric(14)
23:29:31.720 INFO: JdwpDebugServer: handling req: ReferenceType(2).FieldsWithGeneric(14)
23:29:31.721 INFO: JdwpDebugServer: handling req: ThreadReference(11).FramesCount(7)
23:29:31.721 INFO: JdwpDebugServer: handling req: ThreadReference(11).Frames(6)
23:29:31.721 INFO: JdwpDebugServer: handling req: ObjectReference(9).GetValues(2)
23:29:31.783 INFO: JdwpDebugServer: handling req: ObjectReference(9).ReferenceType(1)
23:29:31.783 INFO: JdwpDebugServer: handling req: ObjectReference(9).ReferenceType(1)
23:29:31.783 INFO: JdwpDebugServer: handling req: ObjectReference(9).ReferenceType(1)
23:29:31.783 INFO: JdwpDebugServer: handling req: ObjectReference(9).ReferenceType(1)
23:29:31.783 INFO: JdwpDebugServer: handling req: ObjectReference(9).ReferenceType(1)
23:29:31.783 INFO: JdwpDebugServer: handling req: ObjectReference(9).ReferenceType(1)
23:29:31.783 INFO: JdwpDebugServer: handling req: ObjectReference(9).ReferenceType(1)
23:29:31.783 INFO: JdwpDebugServer: handling req: ObjectReference(9).ReferenceType(1)
23:29:31.783 INFO: JdwpDebugServer: handling req: ObjectReference(9).ReferenceType(1)
23:29:31.784 INFO: JdwpDebugServer: handling req: ObjectReference(9).ReferenceType(1)
23:29:31.785 INFO: JdwpDebugServer: handling req: ClassType(3).Superclass(1)
23:29:31.785 INFO: JdwpDebugServer: handling req: ReferenceType(2).Interfaces(10)
23:29:31.785 INFO: JdwpDebugServer: handling req: ClassType(3).Superclass(1)
23:29:31.785 INFO: JdwpDebugServer: handling req: ReferenceType(2).Interfaces(10)
23:29:31.785 INFO: JdwpDebugServer: handling req: ClassType(3).Superclass(1)
23:29:31.785 INFO: JdwpDebugServer: handling req: ReferenceType(2).Interfaces(10)
23:29:31.785 INFO: JdwpDebugServer: handling req: ClassType(3).Superclass(1)
23:29:31.785 INFO: JdwpDebugServer: handling req: ReferenceType(2).Interfaces(10)
23:29:31.785 INFO: JdwpDebugServer: handling req: ClassType(3).Superclass(1)
23:29:31.785 INFO: JdwpDebugServer: handling req: ReferenceType(2).Interfaces(10)
23:29:31.785 INFO: JdwpDebugServer: handling req: ClassType(3).Superclass(1)
23:29:31.785 INFO: JdwpDebugServer: handling req: ReferenceType(2).Interfaces(10)
23:29:31.785 INFO: JdwpDebugServer: handling req: ClassType(3).Superclass(1)
23:29:31.785 INFO: JdwpDebugServer: handling req: ReferenceType(2).Interfaces(10)
23:29:31.785 INFO: JdwpDebugServer: handling req: ClassType(3).Superclass(1)
23:29:31.785 INFO: JdwpDebugServer: handling req: ReferenceType(2).Interfaces(10)
23:29:31.785 INFO: JdwpDebugServer: handling req: ClassType(3).Superclass(1)
23:29:31.785 INFO: JdwpDebugServer: handling req: ReferenceType(2).Interfaces(10)
23:29:31.785 INFO: JdwpDebugServer: handling req: ReferenceType(2).Interfaces(10)
23:29:31.786 INFO: JdwpDebugServer: handling req: ReferenceType(2).Interfaces(10)
23:29:31.786 INFO: JdwpDebugServer: handling req: ReferenceType(2).Interfaces(10)
23:29:31.786 INFO: JdwpDebugServer: handling req: ReferenceType(2).Interfaces(10)
23:29:31.786 INFO: JdwpDebugServer: handling req: ReferenceType(2).Interfaces(10)
23:29:31.786 INFO: JdwpDebugServer: handling req: ReferenceType(2).Interfaces(10)
23:29:31.786 INFO: JdwpDebugServer: handling req: ReferenceType(2).Interfaces(10)
23:29:31.786 INFO: JdwpDebugServer: handling req: ReferenceType(2).Interfaces(10)
23:29:31.786 INFO: JdwpDebugServer: handling req: ReferenceType(2).Interfaces(10)
23:29:31.786 INFO: JdwpDebugServer: handling req: ReferenceType(2).Interfaces(10)
23:29:31.786 INFO: JdwpDebugServer: handling req: ReferenceType(2).Interfaces(10)
23:29:31.786 INFO: JdwpDebugServer: handling req: ReferenceType(2).Interfaces(10)
23:29:31.786 INFO: JdwpDebugServer: handling req: ReferenceType(2).Interfaces(10)
23:29:31.786 INFO: JdwpDebugServer: handling req: ReferenceType(2).Interfaces(10)
23:29:31.786 INFO: JdwpDebugServer: handling req: ReferenceType(2).Interfaces(10)
23:29:31.786 INFO: JdwpDebugServer: handling req: ReferenceType(2).Interfaces(10)
23:29:31.786 INFO: JdwpDebugServer: handling req: ReferenceType(2).MethodsWithGeneric(15)
23:29:31.786 INFO: JdwpDebugServer: handling req: ClassType(3).Superclass(1)
23:29:31.786 INFO: JdwpDebugServer: handling req: ReferenceType(2).Interfaces(10)
23:29:31.786 INFO: JdwpDebugServer: handling req: ClassType(3).Superclass(1)
23:29:31.786 INFO: JdwpDebugServer: handling req: ReferenceType(2).Interfaces(10)
23:29:31.786 INFO: JdwpDebugServer: handling req: ClassType(3).Superclass(1)
23:29:31.786 INFO: JdwpDebugServer: handling req: ReferenceType(2).Interfaces(10)
23:29:31.786 INFO: JdwpDebugServer: handling req: ClassType(3).Superclass(1)
23:29:31.786 INFO: JdwpDebugServer: handling req: ReferenceType(2).Interfaces(10)
23:29:31.786 INFO: JdwpDebugServer: handling req: ClassType(3).Superclass(1)
23:29:31.786 INFO: JdwpDebugServer: handling req: ReferenceType(2).Interfaces(10)
23:29:31.786 INFO: JdwpDebugServer: handling req: ClassType(3).Superclass(1)
23:29:31.786 INFO: JdwpDebugServer: handling req: ReferenceType(2).Interfaces(10)
23:29:31.786 INFO: JdwpDebugServer: handling req: ClassType(3).Superclass(1)
23:29:31.786 INFO: JdwpDebugServer: handling req: ReferenceType(2).Interfaces(10)
23:29:31.786 INFO: JdwpDebugServer: handling req: ClassType(3).Superclass(1)
23:29:31.786 INFO: JdwpDebugServer: handling req: ReferenceType(2).Interfaces(10)
23:29:31.786 INFO: JdwpDebugServer: handling req: ClassType(3).Superclass(1)
23:29:31.786 INFO: JdwpDebugServer: handling req: ReferenceType(2).MethodsWithGeneric(15)
23:29:31.786 INFO: JdwpDebugServer: handling req: ClassType(3).Superclass(1)
23:29:31.786 INFO: JdwpDebugServer: handling req: ReferenceType(2).Interfaces(10)
23:29:31.786 INFO: JdwpDebugServer: handling req: ClassType(3).Superclass(1)
23:29:31.786 INFO: JdwpDebugServer: handling req: ReferenceType(2).Interfaces(10)
23:29:31.786 INFO: JdwpDebugServer: handling req: ClassType(3).Superclass(1)
23:29:31.786 INFO: JdwpDebugServer: handling req: ReferenceType(2).Interfaces(10)
23:29:31.786 INFO: JdwpDebugServer: handling req: ClassType(3).Superclass(1)
23:29:31.786 INFO: JdwpDebugServer: handling req: ReferenceType(2).Interfaces(10)
23:29:31.786 INFO: JdwpDebugServer: handling req: ClassType(3).Superclass(1)
23:29:31.786 INFO: JdwpDebugServer: handling req: ReferenceType(2).Interfaces(10)
23:29:31.786 INFO: JdwpDebugServer: handling req: ClassType(3).Superclass(1)
23:29:31.786 INFO: JdwpDebugServer: handling req: ReferenceType(2).Interfaces(10)
23:29:31.786 INFO: JdwpDebugServer: handling req: ClassType(3).Superclass(1)
23:29:31.787 INFO: JdwpDebugServer: handling req: ReferenceType(2).Interfaces(10)
23:29:31.787 INFO: JdwpDebugServer: handling req: ClassType(3).Superclass(1)
23:29:31.787 INFO: JdwpDebugServer: handling req: ReferenceType(2).Interfaces(10)
23:29:31.787 INFO: JdwpDebugServer: handling req: ClassType(3).Superclass(1)
23:29:31.787 INFO: JdwpDebugServer: handling req: ClassType(3).Superclass(1)
23:29:31.787 INFO: JdwpDebugServer: handling req: ReferenceType(2).Interfaces(10)
23:29:31.787 INFO: JdwpDebugServer: handling req: ReferenceType(2).Interfaces(10)
23:29:31.787 INFO: JdwpDebugServer: handling req: ClassType(3).Superclass(1)
23:29:31.787 INFO: JdwpDebugServer: handling req: ReferenceType(2).Interfaces(10)
23:29:31.787 INFO: JdwpDebugServer: handling req: ReferenceType(2).Interfaces(10)
23:29:31.787 INFO: JdwpDebugServer: handling req: ClassType(3).Superclass(1)
23:29:31.787 INFO: JdwpDebugServer: handling req: ReferenceType(2).Interfaces(10)
23:29:31.787 INFO: JdwpDebugServer: handling req: ReferenceType(2).Interfaces(10)
23:29:31.787 INFO: JdwpDebugServer: handling req: ClassType(3).Superclass(1)
23:29:31.787 INFO: JdwpDebugServer: handling req: ReferenceType(2).Interfaces(10)
23:29:31.787 INFO: JdwpDebugServer: handling req: ReferenceType(2).Interfaces(10)
23:29:31.787 INFO: JdwpDebugServer: handling req: ClassType(3).Superclass(1)
23:29:31.787 INFO: JdwpDebugServer: handling req: ReferenceType(2).Interfaces(10)
23:29:31.787 INFO: JdwpDebugServer: handling req: ReferenceType(2).Interfaces(10)
23:29:31.787 INFO: JdwpDebugServer: handling req: ClassType(3).Superclass(1)
23:29:31.787 INFO: JdwpDebugServer: handling req: ReferenceType(2).Interfaces(10)
23:29:31.787 INFO: JdwpDebugServer: handling req: ReferenceType(2).Interfaces(10)
23:29:31.787 INFO: JdwpDebugServer: handling req: ClassType(3).Superclass(1)
23:29:31.787 INFO: JdwpDebugServer: handling req: ReferenceType(2).Interfaces(10)
23:29:31.787 INFO: JdwpDebugServer: handling req: ReferenceType(2).Interfaces(10)
23:29:31.787 INFO: JdwpDebugServer: handling req: ClassType(3).Superclass(1)
23:29:31.787 INFO: JdwpDebugServer: handling req: ReferenceType(2).Interfaces(10)
23:29:31.787 INFO: JdwpDebugServer: handling req: ReferenceType(2).Interfaces(10)
23:29:31.787 INFO: JdwpDebugServer: handling req: ClassType(3).Superclass(1)
23:29:31.787 INFO: JdwpDebugServer: handling req: ReferenceType(2).Interfaces(10)
23:29:31.787 INFO: JdwpDebugServer: handling req: ClassType(3).Superclass(1)
23:29:31.787 INFO: JdwpDebugServer: handling req: ReferenceType(2).Interfaces(10)
23:29:31.787 INFO: JdwpDebugServer: handling req: ClassType(3).Superclass(1)
23:29:31.787 INFO: JdwpDebugServer: handling req: ReferenceType(2).Interfaces(10)
23:29:31.787 INFO: JdwpDebugServer: handling req: ReferenceType(2).Interfaces(10)
23:29:31.787 INFO: JdwpDebugServer: handling req: ClassType(3).Superclass(1)
23:29:31.787 INFO: JdwpDebugServer: handling req: ReferenceType(2).Interfaces(10)
23:29:31.787 INFO: JdwpDebugServer: handling req: ReferenceType(2).Interfaces(10)
23:29:31.787 INFO: JdwpDebugServer: handling req: ClassType(3).Superclass(1)
23:29:31.787 INFO: JdwpDebugServer: handling req: ReferenceType(2).Interfaces(10)
23:29:31.787 INFO: JdwpDebugServer: handling req: ReferenceType(2).Interfaces(10)
23:29:31.787 INFO: JdwpDebugServer: handling req: ClassType(3).Superclass(1)
23:29:31.787 INFO: JdwpDebugServer: handling req: ReferenceType(2).Interfaces(10)
23:29:31.787 INFO: JdwpDebugServer: handling req: ReferenceType(2).Interfaces(10)
23:29:31.787 INFO: JdwpDebugServer: handling req: ClassType(3).Superclass(1)
23:29:31.787 INFO: JdwpDebugServer: handling req: ReferenceType(2).Interfaces(10)
23:29:31.787 INFO: JdwpDebugServer: handling req: ReferenceType(2).Interfaces(10)
23:29:31.787 INFO: JdwpDebugServer: handling req: ClassType(3).Superclass(1)
23:29:31.787 INFO: JdwpDebugServer: handling req: ReferenceType(2).Interfaces(10)
23:29:31.787 INFO: JdwpDebugServer: handling req: ReferenceType(2).Interfaces(10)
23:29:31.787 INFO: JdwpDebugServer: handling req: ClassType(3).Superclass(1)
23:29:31.787 INFO: JdwpDebugServer: handling req: ClassType(3).Superclass(1)
23:29:31.787 INFO: JdwpDebugServer: handling req: ReferenceType(2).Interfaces(10)
23:29:31.787 INFO: JdwpDebugServer: handling req: ReferenceType(2).Interfaces(10)
23:29:31.787 INFO: JdwpDebugServer: handling req: ReferenceType(2).Interfaces(10)
23:29:31.787 INFO: JdwpDebugServer: handling req: ClassType(3).Superclass(1)
23:29:31.787 INFO: JdwpDebugServer: handling req: ReferenceType(2).Interfaces(10)
23:29:31.787 INFO: JdwpDebugServer: handling req: ReferenceType(2).Interfaces(10)
23:29:31.787 INFO: JdwpDebugServer: handling req: ReferenceType(2).Interfaces(10)
23:29:31.787 INFO: JdwpDebugServer: handling req: ClassType(3).Superclass(1)
23:29:31.787 INFO: JdwpDebugServer: handling req: ReferenceType(2).Interfaces(10)
23:29:31.787 INFO: JdwpDebugServer: handling req: ReferenceType(2).Interfaces(10)
23:29:31.787 INFO: JdwpDebugServer: handling req: ReferenceType(2).Interfaces(10)
23:29:31.787 INFO: JdwpDebugServer: handling req: ClassType(3).Superclass(1)
23:29:31.787 INFO: JdwpDebugServer: handling req: ReferenceType(2).Interfaces(10)
23:29:31.787 INFO: JdwpDebugServer: handling req: ReferenceType(2).Interfaces(10)
23:29:31.787 INFO: JdwpDebugServer: handling req: ReferenceType(2).Interfaces(10)
23:29:31.787 INFO: JdwpDebugServer: handling req: ClassType(3).Superclass(1)
23:29:31.787 INFO: JdwpDebugServer: handling req: ReferenceType(2).Interfaces(10)
23:29:31.787 INFO: JdwpDebugServer: handling req: ReferenceType(2).Interfaces(10)
23:29:31.787 INFO: JdwpDebugServer: handling req: ReferenceType(2).Interfaces(10)
23:29:31.787 INFO: JdwpDebugServer: handling req: ClassType(3).Superclass(1)
23:29:31.787 INFO: JdwpDebugServer: handling req: ReferenceType(2).Interfaces(10)
23:29:31.787 INFO: JdwpDebugServer: handling req: ReferenceType(2).Interfaces(10)
23:29:31.787 INFO: JdwpDebugServer: handling req: ReferenceType(2).Interfaces(10)
23:29:31.787 INFO: JdwpDebugServer: handling req: ClassType(3).Superclass(1)
23:29:31.787 INFO: JdwpDebugServer: handling req: ReferenceType(2).Interfaces(10)
23:29:31.787 INFO: JdwpDebugServer: handling req: ReferenceType(2).Interfaces(10)
23:29:31.787 INFO: JdwpDebugServer: handling req: ReferenceType(2).Interfaces(10)
23:29:31.787 INFO: JdwpDebugServer: handling req: ReferenceType(2).Interfaces(10)
23:29:31.787 INFO: JdwpDebugServer: handling req: ReferenceType(2).Interfaces(10)
23:29:31.787 INFO: JdwpDebugServer: handling req: ReferenceType(2).Interfaces(10)
23:29:31.787 INFO: JdwpDebugServer: handling req: ReferenceType(2).Interfaces(10)
23:29:31.787 INFO: JdwpDebugServer: handling req: ReferenceType(2).Interfaces(10)
23:29:31.787 INFO: JdwpDebugServer: handling req: ReferenceType(2).Interfaces(10)
23:29:31.788 INFO: JdwpDebugServer: handling req: ReferenceType(2).Interfaces(10)
23:29:31.788 INFO: JdwpDebugServer: handling req: ReferenceType(2).Interfaces(10)
23:29:31.788 INFO: JdwpDebugServer: handling req: ReferenceType(2).Interfaces(10)
23:29:31.788 INFO: JdwpDebugServer: handling req: ReferenceType(2).Interfaces(10)
23:29:31.788 INFO: JdwpDebugServer: handling req: ReferenceType(2).Interfaces(10)
23:29:31.788 INFO: JdwpDebugServer: handling req: ReferenceType(2).Interfaces(10)
23:29:31.788 INFO: JdwpDebugServer: handling req: ReferenceType(2).Interfaces(10)
23:29:31.788 INFO: JdwpDebugServer: handling req: ReferenceType(2).Interfaces(10)
23:29:31.788 INFO: JdwpDebugServer: handling req: ReferenceType(2).Interfaces(10)
23:29:31.788 INFO: JdwpDebugServer: handling req: ReferenceType(2).Interfaces(10)
23:29:31.788 INFO: JdwpDebugServer: handling req: ReferenceType(2).Interfaces(10)
23:29:31.788 INFO: JdwpDebugServer: handling req: ReferenceType(2).Interfaces(10)
23:29:31.788 INFO: JdwpDebugServer: handling req: ReferenceType(2).Interfaces(10)
23:29:31.788 INFO: JdwpDebugServer: handling req: ReferenceType(2).Interfaces(10)
23:29:31.788 INFO: JdwpDebugServer: handling req: ReferenceType(2).Interfaces(10)
23:29:31.788 INFO: JdwpDebugServer: handling req: ReferenceType(2).Interfaces(10)
23:29:31.788 INFO: JdwpDebugServer: handling req: ReferenceType(2).Interfaces(10)
23:29:31.788 INFO: JdwpDebugServer: handling req: ReferenceType(2).Interfaces(10)
23:29:31.788 INFO: JdwpDebugServer: handling req: ReferenceType(2).Interfaces(10)
23:29:31.788 INFO: JdwpDebugServer: handling req: ReferenceType(2).Interfaces(10)
23:29:31.788 INFO: JdwpDebugServer: handling req: ReferenceType(2).Interfaces(10)
23:29:31.788 INFO: JdwpDebugServer: handling req: ReferenceType(2).Interfaces(10)
23:29:31.788 INFO: JdwpDebugServer: handling req: ReferenceType(2).Interfaces(10)
23:29:31.788 INFO: JdwpDebugServer: handling req: ReferenceType(2).Interfaces(10)
23:29:31.788 INFO: JdwpDebugServer: handling req: ReferenceType(2).Interfaces(10)
23:29:31.788 INFO: JdwpDebugServer: handling req: ReferenceType(2).Interfaces(10)
23:29:31.788 INFO: JdwpDebugServer: handling req: ReferenceType(2).Interfaces(10)
23:29:31.788 INFO: JdwpDebugServer: handling req: ReferenceType(2).Interfaces(10)
23:29:31.788 INFO: JdwpDebugServer: handling req: ReferenceType(2).Interfaces(10)
23:29:31.788 INFO: JdwpDebugServer: handling req: ReferenceType(2).Interfaces(10)
23:29:31.788 INFO: JdwpDebugServer: handling req: ReferenceType(2).Interfaces(10)
23:29:31.788 INFO: JdwpDebugServer: handling req: ReferenceType(2).Interfaces(10)
23:29:31.788 INFO: JdwpDebugServer: handling req: ReferenceType(2).MethodsWithGeneric(15)
23:29:31.788 INFO: JdwpDebugServer: handling req: ReferenceType(2).MethodsWithGeneric(15)
23:29:31.788 INFO: JdwpDebugServer: handling req: ReferenceType(2).MethodsWithGeneric(15)
23:29:31.788 INFO: JdwpDebugServer: handling req: ReferenceType(2).MethodsWithGeneric(15)
23:29:31.788 INFO: JdwpDebugServer: handling req: ReferenceType(2).MethodsWithGeneric(15)
23:29:31.788 INFO: JdwpDebugServer: handling req: ReferenceType(2).MethodsWithGeneric(15)
23:29:31.788 INFO: JdwpDebugServer: handling req: ReferenceType(2).MethodsWithGeneric(15)
23:29:31.788 INFO: JdwpDebugServer: handling req: ReferenceType(2).MethodsWithGeneric(15)
23:29:31.788 INFO: JdwpDebugServer: handling req: ReferenceType(2).MethodsWithGeneric(15)
23:29:31.788 INFO: JdwpDebugServer: handling req: ReferenceType(2).MethodsWithGeneric(15)
23:29:31.788 INFO: JdwpDebugServer: handling req: ReferenceType(2).MethodsWithGeneric(15)
23:29:31.788 INFO: JdwpDebugServer: handling req: ReferenceType(2).MethodsWithGeneric(15)
23:29:31.788 INFO: JdwpDebugServer: handling req: ReferenceType(2).MethodsWithGeneric(15)
23:29:31.788 INFO: JdwpDebugServer: handling req: ReferenceType(2).MethodsWithGeneric(15)
23:29:31.788 INFO: JdwpDebugServer: handling req: ReferenceType(2).MethodsWithGeneric(15)
23:29:31.788 INFO: JdwpDebugServer: handling req: ClassType(3).Superclass(1)
23:29:31.788 INFO: JdwpDebugServer: handling req: ReferenceType(2).Interfaces(10)
23:29:31.788 INFO: JdwpDebugServer: handling req: ClassType(3).Superclass(1)
23:29:31.788 INFO: JdwpDebugServer: handling req: ReferenceType(2).Interfaces(10)
23:29:31.788 INFO: JdwpDebugServer: handling req: ClassType(3).Superclass(1)
23:29:31.788 INFO: JdwpDebugServer: handling req: ReferenceType(2).Interfaces(10)
23:29:31.788 INFO: JdwpDebugServer: handling req: ClassType(3).Superclass(1)
23:29:31.788 INFO: JdwpDebugServer: handling req: ReferenceType(2).Interfaces(10)
23:29:31.788 INFO: JdwpDebugServer: handling req: ClassType(3).Superclass(1)
23:29:31.788 INFO: JdwpDebugServer: handling req: ReferenceType(2).Interfaces(10)
23:29:31.788 INFO: JdwpDebugServer: handling req: ClassType(3).Superclass(1)
23:29:31.788 INFO: JdwpDebugServer: handling req: ReferenceType(2).Interfaces(10)
23:29:31.788 INFO: JdwpDebugServer: handling req: ClassType(3).Superclass(1)
23:29:31.788 INFO: JdwpDebugServer: handling req: ReferenceType(2).Interfaces(10)
23:29:31.788 INFO: JdwpDebugServer: handling req: ClassType(3).Superclass(1)
23:29:31.788 INFO: JdwpDebugServer: handling req: ReferenceType(2).Interfaces(10)
23:29:31.788 INFO: JdwpDebugServer: handling req: ClassType(3).Superclass(1)
23:29:31.788 INFO: JdwpDebugServer: handling req: ReferenceType(2).MethodsWithGeneric(15)
23:29:31.788 INFO: JdwpDebugServer: handling req: ClassType(3).Superclass(1)
23:29:31.788 INFO: JdwpDebugServer: handling req: ReferenceType(2).Interfaces(10)
23:29:31.788 INFO: JdwpDebugServer: handling req: ClassType(3).Superclass(1)
23:29:31.788 INFO: JdwpDebugServer: handling req: ReferenceType(2).Interfaces(10)
23:29:31.788 INFO: JdwpDebugServer: handling req: ClassType(3).Superclass(1)
23:29:31.788 INFO: JdwpDebugServer: handling req: ReferenceType(2).Interfaces(10)
23:29:31.788 INFO: JdwpDebugServer: handling req: ClassType(3).Superclass(1)
23:29:31.788 INFO: JdwpDebugServer: handling req: ReferenceType(2).Interfaces(10)
23:29:31.788 INFO: JdwpDebugServer: handling req: ClassType(3).Superclass(1)
23:29:31.788 INFO: JdwpDebugServer: handling req: ReferenceType(2).Interfaces(10)
23:29:31.788 INFO: JdwpDebugServer: handling req: ClassType(3).Superclass(1)
23:29:31.788 INFO: JdwpDebugServer: handling req: ReferenceType(2).Interfaces(10)
23:29:31.788 INFO: JdwpDebugServer: handling req: ClassType(3).Superclass(1)
23:29:31.788 INFO: JdwpDebugServer: handling req: ReferenceType(2).Interfaces(10)
23:29:31.788 INFO: JdwpDebugServer: handling req: ClassType(3).Superclass(1)
23:29:31.788 INFO: JdwpDebugServer: handling req: ReferenceType(2).Interfaces(10)
23:29:31.789 INFO: JdwpDebugServer: handling req: ClassType(3).Superclass(1)
23:29:31.789 INFO: JdwpDebugServer: handling req: ReferenceType(2).MethodsWithGeneric(15)
23:29:31.789 INFO: JdwpDebugServer: handling req: ClassType(3).Superclass(1)
23:29:31.789 INFO: JdwpDebugServer: handling req: ReferenceType(2).Interfaces(10)
23:29:31.789 INFO: JdwpDebugServer: handling req: ClassType(3).Superclass(1)
23:29:31.789 INFO: JdwpDebugServer: handling req: ReferenceType(2).Interfaces(10)
23:29:31.789 INFO: JdwpDebugServer: handling req: ClassType(3).Superclass(1)
23:29:31.789 INFO: JdwpDebugServer: handling req: ReferenceType(2).Interfaces(10)
23:29:31.789 INFO: JdwpDebugServer: handling req: ClassType(3).Superclass(1)
23:29:31.789 INFO: JdwpDebugServer: handling req: ReferenceType(2).Interfaces(10)
23:29:31.789 INFO: JdwpDebugServer: handling req: ClassType(3).Superclass(1)
23:29:31.789 INFO: JdwpDebugServer: handling req: ReferenceType(2).Interfaces(10)
23:29:31.789 INFO: JdwpDebugServer: handling req: ClassType(3).Superclass(1)
23:29:31.789 INFO: JdwpDebugServer: handling req: ReferenceType(2).Interfaces(10)
23:29:31.789 INFO: JdwpDebugServer: handling req: ClassType(3).Superclass(1)
23:29:31.789 INFO: JdwpDebugServer: handling req: ReferenceType(2).Interfaces(10)
23:29:31.789 INFO: JdwpDebugServer: handling req: ClassType(3).Superclass(1)
23:29:31.789 INFO: JdwpDebugServer: handling req: ReferenceType(2).Interfaces(10)
23:29:31.789 INFO: JdwpDebugServer: handling req: ClassType(3).Superclass(1)
23:29:31.789 INFO: JdwpDebugServer: handling req: ReferenceType(2).MethodsWithGeneric(15)
23:29:31.789 INFO: JdwpDebugServer: handling req: ClassType(3).Superclass(1)
23:29:31.789 INFO: JdwpDebugServer: handling req: ReferenceType(2).Interfaces(10)
23:29:31.789 INFO: JdwpDebugServer: handling req: ClassType(3).Superclass(1)
23:29:31.789 INFO: JdwpDebugServer: handling req: ReferenceType(2).Interfaces(10)
23:29:31.789 INFO: JdwpDebugServer: handling req: ClassType(3).Superclass(1)
23:29:31.789 INFO: JdwpDebugServer: handling req: ReferenceType(2).Interfaces(10)
23:29:31.789 INFO: JdwpDebugServer: handling req: ClassType(3).Superclass(1)
23:29:31.789 INFO: JdwpDebugServer: handling req: ReferenceType(2).Interfaces(10)
23:29:31.789 INFO: JdwpDebugServer: handling req: ClassType(3).Superclass(1)
23:29:31.789 INFO: JdwpDebugServer: handling req: ReferenceType(2).Interfaces(10)
23:29:31.789 INFO: JdwpDebugServer: handling req: ClassType(3).Superclass(1)
23:29:31.789 INFO: JdwpDebugServer: handling req: ReferenceType(2).Interfaces(10)
23:29:31.789 INFO: JdwpDebugServer: handling req: ClassType(3).Superclass(1)
23:29:31.789 INFO: JdwpDebugServer: handling req: ReferenceType(2).Interfaces(10)
23:29:31.789 INFO: JdwpDebugServer: handling req: ClassType(3).Superclass(1)
23:29:31.789 INFO: JdwpDebugServer: handling req: ReferenceType(2).Interfaces(10)
23:29:31.789 INFO: JdwpDebugServer: handling req: ClassType(3).Superclass(1)
23:29:31.789 INFO: JdwpDebugServer: handling req: ReferenceType(2).MethodsWithGeneric(15)
23:29:31.789 INFO: JdwpDebugServer: handling req: ClassType(3).Superclass(1)
23:29:31.789 INFO: JdwpDebugServer: handling req: ReferenceType(2).Interfaces(10)
23:29:31.789 INFO: JdwpDebugServer: handling req: ClassType(3).Superclass(1)
23:29:31.789 INFO: JdwpDebugServer: handling req: ReferenceType(2).Interfaces(10)
23:29:31.789 INFO: JdwpDebugServer: handling req: ClassType(3).Superclass(1)
23:29:31.789 INFO: JdwpDebugServer: handling req: ReferenceType(2).Interfaces(10)
23:29:31.789 INFO: JdwpDebugServer: handling req: ClassType(3).Superclass(1)
23:29:31.789 INFO: JdwpDebugServer: handling req: ReferenceType(2).Interfaces(10)
23:29:31.789 INFO: JdwpDebugServer: handling req: ClassType(3).Superclass(1)
23:29:31.789 INFO: JdwpDebugServer: handling req: ReferenceType(2).Interfaces(10)
23:29:31.789 INFO: JdwpDebugServer: handling req: ClassType(3).Superclass(1)
23:29:31.789 INFO: JdwpDebugServer: handling req: ReferenceType(2).Interfaces(10)
23:29:31.789 INFO: JdwpDebugServer: handling req: ClassType(3).Superclass(1)
23:29:31.789 INFO: JdwpDebugServer: handling req: ReferenceType(2).Interfaces(10)
23:29:31.789 INFO: JdwpDebugServer: handling req: ClassType(3).Superclass(1)
23:29:31.789 INFO: JdwpDebugServer: handling req: ReferenceType(2).Interfaces(10)
23:29:31.789 INFO: JdwpDebugServer: handling req: ClassType(3).Superclass(1)
23:29:31.790 INFO: JdwpDebugServer: handling req: ReferenceType(2).MethodsWithGeneric(15)
23:29:31.790 INFO: JdwpDebugServer: handling req: ReferenceType(2).SignatureWithGeneric(13)
23:29:31.790 INFO: JdwpDebugServer: handling req: ArrayReference(13).Length(1)
23:29:31.790 INFO: JdwpDebugServer: handling req: ArrayReference(13).Length(1)
23:29:31.790 INFO: JdwpDebugServer: handling req: ClassType(3).Superclass(1)
23:29:31.790 INFO: JdwpDebugServer: handling req: ReferenceType(2).Interfaces(10)
23:29:31.790 INFO: JdwpDebugServer: handling req: ClassType(3).Superclass(1)
23:29:31.790 INFO: JdwpDebugServer: handling req: ReferenceType(2).Interfaces(10)
23:29:31.790 INFO: JdwpDebugServer: handling req: ClassType(3).Superclass(1)
23:29:31.790 INFO: JdwpDebugServer: handling req: ReferenceType(2).Interfaces(10)
23:29:31.790 INFO: JdwpDebugServer: handling req: ClassType(3).Superclass(1)
23:29:31.790 INFO: JdwpDebugServer: handling req: ReferenceType(2).Interfaces(10)
23:29:31.790 INFO: JdwpDebugServer: handling req: ClassType(3).Superclass(1)
23:29:31.790 INFO: JdwpDebugServer: handling req: ReferenceType(2).Interfaces(10)
23:29:31.790 INFO: JdwpDebugServer: handling req: ClassType(3).Superclass(1)
23:29:31.790 INFO: JdwpDebugServer: handling req: ReferenceType(2).Interfaces(10)
23:29:31.790 INFO: JdwpDebugServer: handling req: ClassType(3).Superclass(1)
23:29:31.790 INFO: JdwpDebugServer: handling req: ReferenceType(2).Interfaces(10)
23:29:31.790 INFO: JdwpDebugServer: handling req: ClassType(3).Superclass(1)
23:29:31.790 INFO: JdwpDebugServer: handling req: ReferenceType(2).Interfaces(10)
23:29:31.790 INFO: JdwpDebugServer: handling req: ClassType(3).Superclass(1)
23:29:31.790 INFO: JdwpDebugServer: handling req: ClassType(3).Superclass(1)
23:29:31.790 INFO: JdwpDebugServer: handling req: ReferenceType(2).Interfaces(10)
23:29:31.790 INFO: JdwpDebugServer: handling req: ClassType(3).Superclass(1)
23:29:31.790 INFO: JdwpDebugServer: handling req: ReferenceType(2).Interfaces(10)
23:29:31.790 INFO: JdwpDebugServer: handling req: ClassType(3).Superclass(1)
23:29:31.790 INFO: JdwpDebugServer: handling req: ReferenceType(2).Interfaces(10)
23:29:31.790 INFO: JdwpDebugServer: handling req: ClassType(3).Superclass(1)
23:29:31.790 INFO: JdwpDebugServer: handling req: ReferenceType(2).Interfaces(10)
23:29:31.790 INFO: JdwpDebugServer: handling req: ClassType(3).Superclass(1)
23:29:31.790 INFO: JdwpDebugServer: handling req: ReferenceType(2).Interfaces(10)
23:29:31.790 INFO: JdwpDebugServer: handling req: ClassType(3).Superclass(1)
23:29:31.790 INFO: JdwpDebugServer: handling req: ReferenceType(2).Interfaces(10)
23:29:31.790 INFO: JdwpDebugServer: handling req: ClassType(3).Superclass(1)
23:29:31.790 INFO: JdwpDebugServer: handling req: ReferenceType(2).Interfaces(10)
23:29:31.790 INFO: JdwpDebugServer: handling req: ClassType(3).Superclass(1)
23:29:31.790 INFO: JdwpDebugServer: handling req: ReferenceType(2).Interfaces(10)
23:29:31.790 INFO: JdwpDebugServer: handling req: ReferenceType(2).Interfaces(10)
23:29:31.790 INFO: JdwpDebugServer: handling req: ReferenceType(2).Interfaces(10)
23:29:31.790 INFO: JdwpDebugServer: handling req: ReferenceType(2).Interfaces(10)
23:29:31.790 INFO: JdwpDebugServer: handling req: ReferenceType(2).Interfaces(10)
23:29:31.790 INFO: JdwpDebugServer: handling req: ReferenceType(2).Interfaces(10)
23:29:31.790 INFO: JdwpDebugServer: handling req: ReferenceType(2).Interfaces(10)
23:29:31.790 INFO: JdwpDebugServer: handling req: ReferenceType(2).Interfaces(10)
23:29:31.790 INFO: JdwpDebugServer: handling req: ReferenceType(2).Interfaces(10)
23:29:31.790 INFO: JdwpDebugServer: handling req: ReferenceType(2).Interfaces(10)
23:29:31.790 INFO: JdwpDebugServer: handling req: ReferenceType(2).Interfaces(10)
23:29:31.791 INFO: JdwpDebugServer: handling req: ReferenceType(2).MethodsWithGeneric(15)
23:29:31.791 INFO: JdwpDebugServer: handling req: ReferenceType(2).MethodsWithGeneric(15)
23:29:31.791 INFO: JdwpDebugServer: handling req: ReferenceType(2).MethodsWithGeneric(15)
23:29:31.791 INFO: JdwpDebugServer: handling req: ObjectReference(9).InvokeMethod(6)
23:29:31.794 INFO: JdwpDebugServer: handling req: StringReference(10).Value(1)
23:29:31.799 INFO: JdwpDebugServer: handling req: ObjectReference(9).InvokeMethod(6)
23:29:31.801 INFO: JdwpDebugServer: handling req: StringReference(10).Value(1)
23:29:31.807 INFO: JdwpDebugServer: handling req: ObjectReference(9).InvokeMethod(6)
23:29:31.810 INFO: JdwpDebugServer: handling req: StringReference(10).Value(1)
23:29:31.815 INFO: JdwpDebugServer: handling req: ObjectReference(9).InvokeMethod(6)
23:29:31.817 INFO: JdwpDebugServer: handling req: StringReference(10).Value(1)
23:29:31.822 INFO: JdwpDebugServer: handling req: ObjectReference(9).InvokeMethod(6)
23:29:31.823 INFO: JdwpDebugServer: handling req: StringReference(10).Value(1)
23:29:31.828 INFO: JdwpDebugServer: handling req: ObjectReference(9).InvokeMethod(6)
23:29:31.830 INFO: JdwpDebugServer: handling req: StringReference(10).Value(1)
23:29:31.834 INFO: JdwpDebugServer: handling req: ObjectReference(9).InvokeMethod(6)
23:29:31.836 INFO: JdwpDebugServer: handling req: StringReference(10).Value(1)
23:29:31.841 INFO: JdwpDebugServer: handling req: ObjectReference(9).InvokeMethod(6)
23:29:31.842 INFO: JdwpDebugServer: handling req: StringReference(10).Value(1)
23:29:31.986 INFO: JdwpDebugServer: handling req: Method(6).LineTable(1)
23:29:31.987 INFO: JdwpDebugServer: handling req: ReferenceType(2).SourceFile(7)
23:29:31.992 INFO: JdwpDebugServer: handling req: Method(6).LineTable(1)
23:29:31.993 INFO: JdwpDebugServer: handling req: ReferenceType(2).SourceFile(7)
23:29:31.997 INFO: JdwpDebugServer: handling req: Method(6).LineTable(1)
23:29:31.997 INFO: JdwpDebugServer: handling req: ReferenceType(2).SourceFile(7)
23:29:34.743 INFO: JdwpDebugServer: handling req: EventRequest(15).Clear(2)
23:29:34.745 INFO: JdwpDebugServer: handling req: EventRequest(15).Clear(2)
23:29:34.746 INFO: JdwpDebugServer: handling req: EventRequest(15).Clear(2)
23:29:34.746 INFO: JdwpDebugServer: handling req: EventRequest(15).Clear(2)
23:32:43.561 INFO: JdwpDebugServer: handling req: ThreadReference(11).Status(4)
23:32:43.561 INFO: JdwpDebugServer: handling req: ThreadReference(11).FramesCount(7)
23:32:43.561 INFO: JdwpDebugServer: handling req: ThreadReference(11).Frames(6)
23:32:43.561 INFO: JdwpDebugServer: handling req: ReferenceType(2).MethodsWithGeneric(15)
23:33:11.308 INFO: JdwpDebugServer: handling req: ReferenceType(2).ClassLoader(2)
23:33:11.308 INFO: JdwpDebugServer: handling req: ReferenceType(2).ClassObject(11)
23:33:11.309 INFO: JdwpDebugServer: handling req: ObjectReference(9).ReferenceType(1)
23:33:11.310 INFO: JdwpDebugServer: handling req: Method(17).ReflectedType(1)
23:33:11.310 INFO: JdwpDebugServer: handling req: ReferenceType(2).Interfaces(10)
23:33:11.310 INFO: JdwpDebugServer: handling req: ClassType(3).Superclass(1)
23:33:11.310 INFO: JdwpDebugServer: handling req: ReferenceType(2).Interfaces(10)
23:33:11.310 INFO: JdwpDebugServer: handling req: ClassType(3).Superclass(1)
23:33:11.310 INFO: JdwpDebugServer: handling req: ReferenceType(2).MethodsWithGeneric(15)
23:33:11.311 INFO: JdwpDebugServer: handling req: ReferenceType(2).MethodsWithGeneric(15)
23:33:11.311 INFO: JdwpDebugServer: handling req: ReferenceType(2).MethodsWithGeneric(15)
23:33:11.311 INFO: JdwpDebugServer: handling req: ReferenceType(2).MethodsWithGeneric(15)
23:33:11.312 INFO: JdwpDebugServer: handling req: ClassType(3).InvokeMethod(3)
23:33:11.318 INFO: JdwpDebugServer: handling req: ThreadReference(11).Status(4)
23:33:11.318 INFO: JdwpDebugServer: handling req: ObjectReference(9).IsCollected(9)
23:33:11.318 INFO: JdwpDebugServer: handling req: ThreadReference(11).FramesCount(7)
23:33:11.318 INFO: JdwpDebugServer: handling req: ThreadReference(11).Frames(6)
23:33:11.319 INFO: JdwpDebugServer: handling req: StackFrame(16).ThisObject(3)
23:33:11.319 INFO: JdwpDebugServer: handling req: ReferenceType(2).Interfaces(10)
23:33:11.320 INFO: JdwpDebugServer: handling req: ReferenceType(2).Interfaces(10)
23:33:11.320 INFO: JdwpDebugServer: handling req: ReferenceType(2).Interfaces(10)
23:33:11.320 INFO: JdwpDebugServer: handling req: ReferenceType(2).Interfaces(10)
23:33:11.320 INFO: JdwpDebugServer: handling req: ReferenceType(2).Interfaces(10)
23:33:11.320 INFO: JdwpDebugServer: handling req: Method(6).VariableTableWithGenerics(5)
23:33:11.321 INFO: JdwpDebugServer: handling req: ThreadReference(11).Frames(6)
23:33:11.321 INFO: JdwpDebugServer: handling req: ReferenceType(2).MethodsWithGeneric(15)
23:33:11.321 INFO: JdwpDebugServer: handling req: Method(6).LineTable(1)
23:33:11.322 INFO: JdwpDebugServer: handling req: Method(6).LineTable(1)
23:33:11.322 INFO: JdwpDebugServer: handling req: ReferenceType(2).MethodsWithGeneric(15)
23:33:11.322 INFO: JdwpDebugServer: handling req: Method(6).LineTable(1)
23:33:11.322 INFO: JdwpDebugServer: handling req: ReferenceType(2).MethodsWithGeneric(15)
23:33:11.322 INFO: JdwpDebugServer: handling req: Method(6).LineTable(1)
23:33:11.323 INFO: JdwpDebugServer: handling req: ReferenceType(2).MethodsWithGeneric(15)
23:33:11.323 INFO: JdwpDebugServer: handling req: Method(6).LineTable(1)
23:33:11.323 INFO: JdwpDebugServer: handling req: ReferenceType(2).MethodsWithGeneric(15)
23:33:11.323 INFO: JdwpDebugServer: handling req: Method(6).LineTable(1)
23:33:11.323 INFO: JdwpDebugServer: handling req: Method(6).LineTable(1)
23:33:11.324 INFO: JdwpDebugServer: handling req: ReferenceType(2).MethodsWithGeneric(15)
23:33:11.324 INFO: JdwpDebugServer: handling req: Method(6).LineTable(1)
23:33:11.324 INFO: JdwpDebugServer: handling req: ReferenceType(2).MethodsWithGeneric(15)
23:33:11.324 INFO: JdwpDebugServer: handling req: Method(6).LineTable(1)
23:33:11.325 INFO: JdwpDebugServer: handling req: ReferenceType(2).MethodsWithGeneric(15)
23:33:11.325 INFO: JdwpDebugServer: handling req: Method(6).LineTable(1)
23:33:11.325 INFO: JdwpDebugServer: handling req: ReferenceType(2).MethodsWithGeneric(15)
23:33:11.325 INFO: JdwpDebugServer: handling req: Method(6).LineTable(1)
23:33:11.325 INFO: JdwpDebugServer: handling req: ReferenceType(2).MethodsWithGeneric(15)
23:33:11.326 INFO: JdwpDebugServer: handling req: Method(6).LineTable(1)
23:33:11.326 INFO: JdwpDebugServer: handling req: ReferenceType(2).MethodsWithGeneric(15)
23:33:11.351 INFO: JdwpDebugServer: handling req: StackFrame(16).GetValues(1)
23:33:11.355 INFO: JdwpDebugServer: handling req: ReferenceType(2).FieldsWithGeneric(14)
23:33:11.355 INFO: JdwpDebugServer: handling req: ObjectReference(9).InvokeMethod(6)
23:33:11.356 INFO: JdwpDebugServer: handling req: ReferenceType(2).FieldsWithGeneric(14)
23:33:11.356 INFO: JdwpDebugServer: handling req: ReferenceType(2).FieldsWithGeneric(14)
23:33:11.356 INFO: JdwpDebugServer: handling req: ReferenceType(2).FieldsWithGeneric(14)
23:33:11.356 INFO: JdwpDebugServer: handling req: ReferenceType(2).FieldsWithGeneric(14)
23:33:11.356 INFO: JdwpDebugServer: handling req: ReferenceType(2).FieldsWithGeneric(14)
23:33:11.356 INFO: JdwpDebugServer: handling req: ReferenceType(2).FieldsWithGeneric(14)
23:33:11.356 INFO: JdwpDebugServer: handling req: StringReference(10).Value(1)
23:33:11.361 INFO: JdwpDebugServer: handling req: ReferenceType(2).FieldsWithGeneric(14)
23:33:11.361 INFO: JdwpDebugServer: handling req: ReferenceType(2).FieldsWithGeneric(14)
23:33:11.362 INFO: JdwpDebugServer: handling req: ReferenceType(2).FieldsWithGeneric(14)
23:33:11.364 INFO: JdwpDebugServer: handling req: ThreadReference(11).FramesCount(7)
23:33:11.365 INFO: JdwpDebugServer: handling req: ThreadReference(11).Frames(6)
23:33:11.365 INFO: JdwpDebugServer: handling req: ObjectReference(9).GetValues(2)
23:33:11.399 INFO: JdwpDebugServer: handling req: ObjectReference(9).InvokeMethod(6)
23:33:11.401 INFO: JdwpDebugServer: handling req: StringReference(10).Value(1)
23:33:11.406 INFO: JdwpDebugServer: handling req: ObjectReference(9).InvokeMethod(6)
23:33:11.407 INFO: JdwpDebugServer: handling req: StringReference(10).Value(1)
23:33:11.412 INFO: JdwpDebugServer: handling req: ObjectReference(9).InvokeMethod(6)
23:33:11.414 INFO: JdwpDebugServer: handling req: StringReference(10).Value(1)
23:33:11.419 INFO: JdwpDebugServer: handling req: ObjectReference(9).InvokeMethod(6)
23:33:11.421 INFO: JdwpDebugServer: handling req: StringReference(10).Value(1)
23:33:11.426 INFO: JdwpDebugServer: handling req: ObjectReference(9).InvokeMethod(6)
23:33:11.427 INFO: JdwpDebugServer: handling req: StringReference(10).Value(1)
23:33:11.432 INFO: JdwpDebugServer: handling req: ObjectReference(9).InvokeMethod(6)
23:33:11.434 INFO: JdwpDebugServer: handling req: StringReference(10).Value(1)
23:33:11.438 INFO: JdwpDebugServer: handling req: ObjectReference(9).InvokeMethod(6)
23:33:11.440 INFO: JdwpDebugServer: handling req: StringReference(10).Value(1)
23:33:11.445 INFO: JdwpDebugServer: handling req: ObjectReference(9).InvokeMethod(6)
23:33:11.446 INFO: JdwpDebugServer: handling req: StringReference(10).Value(1)
23:33:11.452 INFO: JdwpDebugServer: handling req: Method(6).LineTable(1)
23:33:11.465 INFO: JdwpDebugServer: handling req: ReferenceType(2).MethodsWithGeneric(15)
23:33:11.465 INFO: JdwpDebugServer: handling req: Method(6).LineTable(1)
23:33:11.471 INFO: JdwpDebugServer: handling req: ReferenceType(2).MethodsWithGeneric(15)
23:33:11.471 INFO: JdwpDebugServer: handling req: Method(6).LineTable(1)
23:33:11.475 INFO: JdwpDebugServer: handling req: Method(6).LineTable(1)
23:33:26.975 INFO: JdwpDebugServer: handling req: ThreadReference(11).Resume(3)
23:33:26.976 INFO: JdwpEventCenterDelegate: THREAD_RESUMED: thread (33, main, main)
23:33:27.030 INFO: JdwpEventCenterDelegate: THREAD_STARTED: thread (363, Thread-7, main)
23:33:36.385 INFO: JdwpEventCenterDelegate: THREAD_STARTED: thread (378, Thread-8, main)
23:33:40.969 INFO: JdwpEventCenterDelegate: THREAD_RESUMED: thread (33, main, main)
23:33:41.007 INFO: JdwpEventCenterDelegate: THREAD_RESUMED: thread (33, main, main)
23:33:41.032 INFO: JdwpEventCenterDelegate: THREAD_RESUMED: thread (33, main, main)
23:33:41.051 INFO: JdwpEventCenterDelegate: THREAD_RESUMED: thread (33, main, main)
23:33:41.091 INFO: JdwpEventCenterDelegate: THREAD_RESUMED: thread (33, main, main)
23:33:41.125 INFO: JdwpEventCenterDelegate: THREAD_RESUMED: thread (33, main, main)
23:33:41.141 INFO: JdwpEventCenterDelegate: THREAD_RESUMED: thread (33, main, main)
23:33:41.156 INFO: JdwpEventCenterDelegate: THREAD_RESUMED: thread (33, main, main)
23:33:41.162 INFO: JdwpEventCenterDelegate: THREAD_RESUMED: thread (33, main, main)
23:33:41.175 INFO: JdwpEventCenterDelegate: THREAD_RESUMED: thread (33, main, main)
23:33:41.206 INFO: JdwpEventCenterDelegate: THREAD_RESUMED: thread (33, main, main)
23:33:41.219 INFO: JdwpEventCenterDelegate: THREAD_RESUMED: thread (33, main, main)
23:33:41.234 INFO: JdwpEventCenterDelegate: THREAD_RESUMED: thread (33, main, main)
23:33:41.248 INFO: JdwpEventCenterDelegate: THREAD_RESUMED: thread (33, main, main)
23:33:41.283 INFO: JdwpEventCenterDelegate: THREAD_RESUMED: thread (33, main, main)
23:33:41.317 INFO: JdwpEventCenterDelegate: THREAD_RESUMED: thread (33, main, main)
23:33:41.334 INFO: JdwpEventCenterDelegate: THREAD_RESUMED: thread (33, main, main)
23:33:41.349 INFO: JdwpEventCenterDelegate: THREAD_RESUMED: thread (33, main, main)
23:33:41.355 INFO: JdwpEventCenterDelegate: THREAD_RESUMED: thread (33, main, main)
23:33:41.374 INFO: JdwpEventCenterDelegate: THREAD_RESUMED: thread (33, main, main)
23:39:27.756 INFO: JdwpEventCenterDelegate: THREAD_DETTACHED: thread (363, Thread-7, main)
23:40:15.664 INFO: JdwpDebugServer: handling req: VirtualMachine(1).Exit(10)
23:40:15.664 SEVERE: Debugger: Thread JDWP server socket thread crashed
org.robovm.debugger.DebuggerException: Terminating due exit command
	at org.robovm.debugger.jdwp.JdwpDebugServer.doSocketWork(JdwpDebugServer.java:211)
	at java.base/java.lang.Thread.run(Thread.java:834)
	at org.robovm.debugger.utils.DebuggerThread.run(DebuggerThread.java:42)
23:40:16.172 SEVERE: Debugger: Thread HooksChannel socket thread crashed
org.robovm.debugger.DebuggerException: java.io.IOException: org.robovm.libimobiledevice.LibIMobileDeviceException: IDEVICE_E_UNKNOWN_ERROR
	at org.robovm.debugger.hooks.HooksChannel.doSocketWork(HooksChannel.java:149)
	at java.base/java.lang.Thread.run(Thread.java:834)
	at org.robovm.debugger.utils.DebuggerThread.run(DebuggerThread.java:42)
Caused by: java.io.IOException: org.robovm.libimobiledevice.LibIMobileDeviceException: IDEVICE_E_UNKNOWN_ERROR
	at org.robovm.libimobiledevice.IDeviceConnection$DeviceInputStream.read(IDeviceConnection.java:203)
	at org.robovm.debugger.utils.bytebuffer.DataBufferWriter.writeFromStream(DataBufferWriter.java:89)
	at org.robovm.debugger.hooks.HooksChannel.doSocketWork(HooksChannel.java:116)
	... 2 more
Caused by: org.robovm.libimobiledevice.LibIMobileDeviceException: IDEVICE_E_UNKNOWN_ERROR
	at org.robovm.libimobiledevice.IDevice.checkResult(IDevice.java:206)
	at org.robovm.libimobiledevice.IDeviceConnection.receive(IDeviceConnection.java:110)
	at org.robovm.libimobiledevice.IDeviceConnection.receive(IDeviceConnection.java:81)
	at org.robovm.libimobiledevice.IDeviceConnection$DeviceInputStream.read(IDeviceConnection.java:201)
	... 4 more
