10:16:31.715 INFO: JdwpDebugServer: handling req: VirtualMachine(1).IDSizes(7)
10:16:31.716 INFO: JdwpDebugServer: handling req: EventRequest(15).Set(1)
10:16:31.716 INFO: JdwpEventCenterDelegate: jdwpSetEventRequest: JdwpEventRequest{requestId=100, eventKind=CLASS_PREPARE, suspendPolicy=NONE, predicates=[]}
10:16:31.716 INFO: JdwpDebugServer: handling req: EventRequest(15).Set(1)
10:16:31.716 INFO: JdwpEventCenterDelegate: jdwpSetEventRequest: JdwpEventRequest{requestId=101, eventKind=CLASS_UNLOAD, suspendPolicy=NONE, predicates=[]}
10:16:31.732 INFO: JdwpDebugServer: handling req: VirtualMachine(1).Version(1)
10:16:31.732 INFO: JdwpDebugServer: handling req: VirtualMachine(1).capabilitiesNew(17)
10:16:31.732 INFO: JdwpDebugServer: handling req: VirtualMachine(1).capabilities(12)
10:16:31.733 INFO: JdwpDebugServer: handling req: VirtualMachine(1).AllClassesWithGeneric(20)
10:16:31.736 INFO: JdwpDebugServer: handling req: VirtualMachine(1).TopLevelThreadGroups(5)
10:16:31.736 INFO: JdwpDebugServer: handling req: EventRequest(15).Set(1)
10:16:31.736 INFO: JdwpEventCenterDelegate: jdwpSetEventRequest: JdwpEventRequest{requestId=102, eventKind=THREAD_START, suspendPolicy=NONE, predicates=[]}
10:16:31.736 INFO: JdwpDebugServer: handling req: EventRequest(15).Set(1)
10:16:31.736 INFO: JdwpEventCenterDelegate: jdwpSetEventRequest: JdwpEventRequest{requestId=103, eventKind=THREAD_DEATH, suspendPolicy=NONE, predicates=[]}
10:16:31.738 INFO: JdwpDebugServer: handling req: EventRequest(15).Set(1)
10:16:31.738 INFO: JdwpEventCenterDelegate: jdwpSetEventRequest: JdwpEventRequest{requestId=104, eventKind=CLASS_PREPARE, suspendPolicy=EVENT_THREAD, predicates=[className=sun.instrument.InstrumentationImpl]}
10:16:31.738 INFO: JdwpDebugServer: handling req: EventRequest(15).Set(1)
10:16:31.738 INFO: JdwpEventCenterDelegate: jdwpSetEventRequest: JdwpEventRequest{requestId=105, eventKind=CLASS_PREPARE, suspendPolicy=EVENT_THREAD, predicates=[className=sun.instrument.InstrumentationImpl]}
10:16:32.431 INFO: JdwpDebugServer: handling req: VirtualMachine(1).Resume(9)
10:16:32.484 INFO: JdwpEventCenterDelegate: THREAD_STARTED: thread (33, main, main)
10:16:32.505 INFO: JdwpEventCenterDelegate: THREAD_STARTED: thread (48, ReferenceQueueDaemon, main)
10:16:32.511 INFO: JdwpEventCenterDelegate: THREAD_STARTED: thread (63, FinalizerDaemon, main)
10:16:32.516 INFO: JdwpEventCenterDelegate: THREAD_STARTED: thread (78, FinalizerWatchdogDaemon, main)
10:16:32.518 INFO: JdwpEventCenterDelegate: THREAD_RESUMED: thread (33, main, main)
10:16:32.519 INFO: JdwpEventCenterDelegate: THREAD_RESUMED: thread (33, main, main)
10:16:32.520 INFO: JdwpEventCenterDelegate: THREAD_RESUMED: thread (33, main, main)
10:16:32.521 INFO: JdwpEventCenterDelegate: THREAD_RESUMED: thread (33, main, main)
10:16:32.523 INFO: JdwpEventCenterDelegate: THREAD_RESUMED: thread (33, main, main)
10:16:32.524 INFO: JdwpEventCenterDelegate: THREAD_RESUMED: thread (33, main, main)
10:16:32.525 INFO: JdwpEventCenterDelegate: THREAD_RESUMED: thread (33, main, main)
10:16:32.526 INFO: JdwpEventCenterDelegate: THREAD_RESUMED: thread (33, main, main)
10:16:32.527 INFO: JdwpEventCenterDelegate: THREAD_RESUMED: thread (33, main, main)
10:16:32.528 INFO: JdwpEventCenterDelegate: THREAD_RESUMED: thread (33, main, main)
10:16:32.529 INFO: JdwpEventCenterDelegate: THREAD_RESUMED: thread (33, main, main)
10:16:32.531 INFO: JdwpEventCenterDelegate: THREAD_RESUMED: thread (33, main, main)
10:16:32.532 INFO: JdwpEventCenterDelegate: THREAD_RESUMED: thread (33, main, main)
10:16:32.534 INFO: JdwpEventCenterDelegate: THREAD_RESUMED: thread (33, main, main)
10:16:32.535 INFO: JdwpEventCenterDelegate: THREAD_RESUMED: thread (33, main, main)
10:16:32.536 INFO: JdwpEventCenterDelegate: THREAD_RESUMED: thread (33, main, main)
10:16:32.538 INFO: JdwpEventCenterDelegate: THREAD_RESUMED: thread (33, main, main)
10:16:32.539 INFO: JdwpEventCenterDelegate: THREAD_RESUMED: thread (33, main, main)
10:16:32.542 INFO: JdwpEventCenterDelegate: THREAD_RESUMED: thread (33, main, main)
10:16:32.543 INFO: JdwpEventCenterDelegate: THREAD_RESUMED: thread (33, main, main)
10:16:32.544 INFO: JdwpEventCenterDelegate: THREAD_RESUMED: thread (33, main, main)
10:16:32.545 INFO: JdwpEventCenterDelegate: THREAD_RESUMED: thread (33, main, main)
10:16:32.546 INFO: JdwpEventCenterDelegate: THREAD_RESUMED: thread (33, main, main)
10:16:32.547 INFO: JdwpEventCenterDelegate: THREAD_RESUMED: thread (33, main, main)
10:16:32.549 INFO: JdwpEventCenterDelegate: THREAD_RESUMED: thread (33, main, main)
10:16:32.578 INFO: JdwpEventCenterDelegate: THREAD_RESUMED: thread (33, main, main)
10:16:32.579 INFO: JdwpEventCenterDelegate: THREAD_RESUMED: thread (33, main, main)
10:16:32.580 INFO: JdwpEventCenterDelegate: THREAD_RESUMED: thread (33, main, main)
10:16:32.582 INFO: JdwpEventCenterDelegate: THREAD_RESUMED: thread (33, main, main)
10:16:32.583 INFO: JdwpEventCenterDelegate: THREAD_RESUMED: thread (33, main, main)
10:16:32.584 INFO: JdwpEventCenterDelegate: THREAD_RESUMED: thread (33, main, main)
10:16:32.585 INFO: JdwpEventCenterDelegate: THREAD_RESUMED: thread (33, main, main)
10:16:32.588 INFO: JdwpEventCenterDelegate: THREAD_RESUMED: thread (33, main, main)
10:16:32.589 INFO: JdwpEventCenterDelegate: THREAD_RESUMED: thread (33, main, main)
10:16:32.591 INFO: JdwpEventCenterDelegate: THREAD_RESUMED: thread (33, main, main)
10:16:32.592 INFO: JdwpEventCenterDelegate: THREAD_RESUMED: thread (33, main, main)
10:16:32.594 INFO: JdwpEventCenterDelegate: THREAD_RESUMED: thread (33, main, main)
10:16:32.595 INFO: JdwpEventCenterDelegate: THREAD_RESUMED: thread (33, main, main)
10:16:32.596 INFO: JdwpEventCenterDelegate: THREAD_RESUMED: thread (33, main, main)
10:16:32.609 INFO: JdwpEventCenterDelegate: THREAD_RESUMED: thread (33, main, main)
10:16:32.611 INFO: JdwpEventCenterDelegate: THREAD_RESUMED: thread (33, main, main)
10:16:32.613 INFO: JdwpEventCenterDelegate: THREAD_RESUMED: thread (33, main, main)
10:16:32.614 INFO: JdwpEventCenterDelegate: THREAD_RESUMED: thread (33, main, main)
10:16:32.615 INFO: JdwpEventCenterDelegate: THREAD_RESUMED: thread (33, main, main)
10:16:32.617 INFO: JdwpEventCenterDelegate: THREAD_RESUMED: thread (33, main, main)
10:16:32.618 INFO: JdwpEventCenterDelegate: THREAD_RESUMED: thread (33, main, main)
10:16:32.653 INFO: JdwpEventCenterDelegate: THREAD_RESUMED: thread (33, main, main)
10:16:32.655 INFO: JdwpEventCenterDelegate: THREAD_RESUMED: thread (33, main, main)
10:16:32.656 INFO: JdwpEventCenterDelegate: THREAD_RESUMED: thread (33, main, main)
10:16:32.657 INFO: JdwpEventCenterDelegate: THREAD_RESUMED: thread (33, main, main)
10:16:32.658 INFO: JdwpEventCenterDelegate: THREAD_RESUMED: thread (33, main, main)
10:16:32.660 INFO: JdwpEventCenterDelegate: THREAD_RESUMED: thread (33, main, main)
10:16:32.662 INFO: JdwpEventCenterDelegate: THREAD_RESUMED: thread (33, main, main)
10:16:32.675 INFO: JdwpEventCenterDelegate: THREAD_RESUMED: thread (33, main, main)
10:16:32.676 INFO: JdwpEventCenterDelegate: THREAD_RESUMED: thread (33, main, main)
10:16:32.677 INFO: JdwpEventCenterDelegate: THREAD_RESUMED: thread (33, main, main)
10:16:32.679 INFO: JdwpEventCenterDelegate: THREAD_RESUMED: thread (33, main, main)
10:16:32.680 INFO: JdwpEventCenterDelegate: THREAD_RESUMED: thread (33, main, main)
10:16:32.682 INFO: JdwpEventCenterDelegate: THREAD_RESUMED: thread (33, main, main)
10:16:32.683 INFO: JdwpEventCenterDelegate: THREAD_RESUMED: thread (33, main, main)
10:16:32.694 INFO: JdwpEventCenterDelegate: THREAD_RESUMED: thread (33, main, main)
10:16:32.696 INFO: JdwpEventCenterDelegate: THREAD_RESUMED: thread (33, main, main)
10:16:32.698 INFO: JdwpEventCenterDelegate: THREAD_RESUMED: thread (33, main, main)
10:16:32.700 INFO: JdwpEventCenterDelegate: THREAD_RESUMED: thread (33, main, main)
10:16:32.701 INFO: JdwpEventCenterDelegate: THREAD_RESUMED: thread (33, main, main)
10:16:32.702 INFO: JdwpEventCenterDelegate: THREAD_RESUMED: thread (33, main, main)
10:16:32.703 INFO: JdwpEventCenterDelegate: THREAD_RESUMED: thread (33, main, main)
10:16:32.705 INFO: JdwpEventCenterDelegate: THREAD_RESUMED: thread (33, main, main)
10:16:32.707 INFO: JdwpEventCenterDelegate: THREAD_RESUMED: thread (33, main, main)
10:16:32.709 INFO: JdwpEventCenterDelegate: THREAD_RESUMED: thread (33, main, main)
10:16:32.711 INFO: JdwpEventCenterDelegate: THREAD_RESUMED: thread (33, main, main)
10:16:32.712 INFO: JdwpEventCenterDelegate: THREAD_RESUMED: thread (33, main, main)
10:16:32.714 INFO: JdwpEventCenterDelegate: THREAD_RESUMED: thread (33, main, main)
10:16:32.715 INFO: JdwpEventCenterDelegate: THREAD_RESUMED: thread (33, main, main)
10:16:32.716 INFO: JdwpEventCenterDelegate: THREAD_RESUMED: thread (33, main, main)
10:16:32.718 INFO: JdwpEventCenterDelegate: THREAD_RESUMED: thread (33, main, main)
10:16:32.719 INFO: JdwpEventCenterDelegate: THREAD_RESUMED: thread (33, main, main)
10:16:32.721 INFO: JdwpEventCenterDelegate: THREAD_RESUMED: thread (33, main, main)
10:16:32.725 INFO: JdwpEventCenterDelegate: THREAD_RESUMED: thread (33, main, main)
10:16:32.726 INFO: JdwpEventCenterDelegate: THREAD_RESUMED: thread (33, main, main)
10:16:32.857 INFO: JdwpEventCenterDelegate: THREAD_STARTED: thread (93, AssetManager, main)
10:16:32.960 INFO: JdwpEventCenterDelegate: THREAD_RESUMED: thread (33, main, main)
10:16:32.962 INFO: JdwpEventCenterDelegate: THREAD_RESUMED: thread (33, main, main)
10:16:35.521 INFO: JdwpEventCenterDelegate: THREAD_RESUMED: thread (33, main, main)
10:16:35.616 INFO: JdwpEventCenterDelegate: THREAD_RESUMED: thread (33, main, main)
10:16:35.618 INFO: JdwpEventCenterDelegate: THREAD_RESUMED: thread (33, main, main)
10:16:35.620 INFO: JdwpEventCenterDelegate: THREAD_RESUMED: thread (33, main, main)
10:16:35.622 INFO: JdwpEventCenterDelegate: THREAD_RESUMED: thread (33, main, main)
10:16:35.624 INFO: JdwpEventCenterDelegate: THREAD_RESUMED: thread (33, main, main)
10:16:35.630 INFO: JdwpEventCenterDelegate: THREAD_RESUMED: thread (33, main, main)
10:16:35.642 INFO: JdwpEventCenterDelegate: THREAD_RESUMED: thread (33, main, main)
10:16:35.644 INFO: JdwpEventCenterDelegate: THREAD_RESUMED: thread (33, main, main)
10:16:35.645 INFO: JdwpEventCenterDelegate: THREAD_RESUMED: thread (33, main, main)
10:16:35.647 INFO: JdwpEventCenterDelegate: THREAD_RESUMED: thread (33, main, main)
10:16:35.649 INFO: JdwpEventCenterDelegate: THREAD_RESUMED: thread (33, main, main)
10:16:35.653 INFO: JdwpEventCenterDelegate: THREAD_RESUMED: thread (33, main, main)
10:16:35.668 INFO: JdwpEventCenterDelegate: THREAD_RESUMED: thread (33, main, main)
10:16:35.670 INFO: JdwpEventCenterDelegate: THREAD_RESUMED: thread (33, main, main)
10:16:35.672 INFO: JdwpEventCenterDelegate: THREAD_RESUMED: thread (33, main, main)
10:16:35.674 INFO: JdwpEventCenterDelegate: THREAD_RESUMED: thread (33, main, main)
10:16:35.676 INFO: JdwpEventCenterDelegate: THREAD_RESUMED: thread (33, main, main)
10:16:35.681 INFO: JdwpEventCenterDelegate: THREAD_RESUMED: thread (33, main, main)
10:16:35.699 INFO: JdwpEventCenterDelegate: THREAD_RESUMED: thread (33, main, main)
10:16:35.701 INFO: JdwpEventCenterDelegate: THREAD_RESUMED: thread (33, main, main)
10:16:35.703 INFO: JdwpEventCenterDelegate: THREAD_RESUMED: thread (33, main, main)
10:16:35.705 INFO: JdwpEventCenterDelegate: THREAD_RESUMED: thread (33, main, main)
10:16:35.708 INFO: JdwpEventCenterDelegate: THREAD_RESUMED: thread (33, main, main)
10:16:35.712 INFO: JdwpEventCenterDelegate: THREAD_RESUMED: thread (33, main, main)
10:16:35.727 INFO: JdwpEventCenterDelegate: THREAD_RESUMED: thread (33, main, main)
10:16:35.729 INFO: JdwpEventCenterDelegate: THREAD_RESUMED: thread (33, main, main)
10:16:35.731 INFO: JdwpEventCenterDelegate: THREAD_RESUMED: thread (33, main, main)
10:16:35.733 INFO: JdwpEventCenterDelegate: THREAD_RESUMED: thread (33, main, main)
10:16:35.736 INFO: JdwpEventCenterDelegate: THREAD_RESUMED: thread (33, main, main)
10:16:35.741 INFO: JdwpEventCenterDelegate: THREAD_RESUMED: thread (33, main, main)
10:16:35.756 INFO: JdwpEventCenterDelegate: THREAD_RESUMED: thread (33, main, main)
10:16:35.758 INFO: JdwpEventCenterDelegate: THREAD_RESUMED: thread (33, main, main)
10:16:35.760 INFO: JdwpEventCenterDelegate: THREAD_RESUMED: thread (33, main, main)
10:16:35.763 INFO: JdwpEventCenterDelegate: THREAD_RESUMED: thread (33, main, main)
10:16:35.765 INFO: JdwpEventCenterDelegate: THREAD_RESUMED: thread (33, main, main)
10:16:35.770 INFO: JdwpEventCenterDelegate: THREAD_RESUMED: thread (33, main, main)
10:16:35.792 INFO: JdwpEventCenterDelegate: THREAD_RESUMED: thread (33, main, main)
10:16:35.794 INFO: JdwpEventCenterDelegate: THREAD_RESUMED: thread (33, main, main)
10:16:35.796 INFO: JdwpEventCenterDelegate: THREAD_RESUMED: thread (33, main, main)
10:16:35.798 INFO: JdwpEventCenterDelegate: THREAD_RESUMED: thread (33, main, main)
10:16:35.801 INFO: JdwpEventCenterDelegate: THREAD_RESUMED: thread (33, main, main)
10:16:35.806 INFO: JdwpEventCenterDelegate: THREAD_RESUMED: thread (33, main, main)
10:16:35.825 INFO: JdwpEventCenterDelegate: THREAD_RESUMED: thread (33, main, main)
10:16:35.827 INFO: JdwpEventCenterDelegate: THREAD_RESUMED: thread (33, main, main)
10:16:35.829 INFO: JdwpEventCenterDelegate: THREAD_RESUMED: thread (33, main, main)
10:16:35.831 INFO: JdwpEventCenterDelegate: THREAD_RESUMED: thread (33, main, main)
10:16:35.834 INFO: JdwpEventCenterDelegate: THREAD_RESUMED: thread (33, main, main)
10:16:35.838 INFO: JdwpEventCenterDelegate: THREAD_RESUMED: thread (33, main, main)
10:16:35.857 INFO: JdwpEventCenterDelegate: THREAD_RESUMED: thread (33, main, main)
10:16:35.859 INFO: JdwpEventCenterDelegate: THREAD_RESUMED: thread (33, main, main)
10:16:35.861 INFO: JdwpEventCenterDelegate: THREAD_RESUMED: thread (33, main, main)
10:16:35.863 INFO: JdwpEventCenterDelegate: THREAD_RESUMED: thread (33, main, main)
10:16:35.866 INFO: JdwpEventCenterDelegate: THREAD_RESUMED: thread (33, main, main)
10:16:35.870 INFO: JdwpEventCenterDelegate: THREAD_RESUMED: thread (33, main, main)
10:16:35.886 INFO: JdwpEventCenterDelegate: THREAD_RESUMED: thread (33, main, main)
10:16:35.888 INFO: JdwpEventCenterDelegate: THREAD_RESUMED: thread (33, main, main)
10:16:35.890 INFO: JdwpEventCenterDelegate: THREAD_RESUMED: thread (33, main, main)
10:16:35.892 INFO: JdwpEventCenterDelegate: THREAD_RESUMED: thread (33, main, main)
10:16:35.894 INFO: JdwpEventCenterDelegate: THREAD_RESUMED: thread (33, main, main)
10:16:35.899 INFO: JdwpEventCenterDelegate: THREAD_RESUMED: thread (33, main, main)
10:16:35.914 INFO: JdwpEventCenterDelegate: THREAD_RESUMED: thread (33, main, main)
10:16:35.916 INFO: JdwpEventCenterDelegate: THREAD_RESUMED: thread (33, main, main)
10:16:35.918 INFO: JdwpEventCenterDelegate: THREAD_RESUMED: thread (33, main, main)
10:16:35.920 INFO: JdwpEventCenterDelegate: THREAD_RESUMED: thread (33, main, main)
10:16:35.922 INFO: JdwpEventCenterDelegate: THREAD_RESUMED: thread (33, main, main)
10:16:35.926 INFO: JdwpEventCenterDelegate: THREAD_RESUMED: thread (33, main, main)
10:16:35.946 INFO: JdwpEventCenterDelegate: THREAD_RESUMED: thread (33, main, main)
10:16:35.948 INFO: JdwpEventCenterDelegate: THREAD_RESUMED: thread (33, main, main)
10:16:35.950 INFO: JdwpEventCenterDelegate: THREAD_RESUMED: thread (33, main, main)
10:16:35.952 INFO: JdwpEventCenterDelegate: THREAD_RESUMED: thread (33, main, main)
10:16:35.954 INFO: JdwpEventCenterDelegate: THREAD_RESUMED: thread (33, main, main)
10:16:35.959 INFO: JdwpEventCenterDelegate: THREAD_RESUMED: thread (33, main, main)
10:16:35.985 INFO: JdwpEventCenterDelegate: THREAD_RESUMED: thread (33, main, main)
10:16:35.987 INFO: JdwpEventCenterDelegate: THREAD_RESUMED: thread (33, main, main)
10:16:35.989 INFO: JdwpEventCenterDelegate: THREAD_RESUMED: thread (33, main, main)
10:16:35.991 INFO: JdwpEventCenterDelegate: THREAD_RESUMED: thread (33, main, main)
10:16:35.994 INFO: JdwpEventCenterDelegate: THREAD_RESUMED: thread (33, main, main)
10:16:35.999 INFO: JdwpEventCenterDelegate: THREAD_RESUMED: thread (33, main, main)
10:16:36.017 INFO: JdwpEventCenterDelegate: THREAD_RESUMED: thread (33, main, main)
10:16:36.020 INFO: JdwpEventCenterDelegate: THREAD_RESUMED: thread (33, main, main)
10:16:36.022 INFO: JdwpEventCenterDelegate: THREAD_RESUMED: thread (33, main, main)
10:16:36.024 INFO: JdwpEventCenterDelegate: THREAD_RESUMED: thread (33, main, main)
10:16:36.026 INFO: JdwpEventCenterDelegate: THREAD_RESUMED: thread (33, main, main)
10:16:36.031 INFO: JdwpEventCenterDelegate: THREAD_RESUMED: thread (33, main, main)
10:16:36.044 INFO: JdwpEventCenterDelegate: THREAD_RESUMED: thread (33, main, main)
10:16:36.046 INFO: JdwpEventCenterDelegate: THREAD_RESUMED: thread (33, main, main)
10:16:36.048 INFO: JdwpEventCenterDelegate: THREAD_RESUMED: thread (33, main, main)
10:16:36.051 INFO: JdwpEventCenterDelegate: THREAD_RESUMED: thread (33, main, main)
10:16:36.053 INFO: JdwpEventCenterDelegate: THREAD_RESUMED: thread (33, main, main)
10:16:36.058 INFO: JdwpEventCenterDelegate: THREAD_RESUMED: thread (33, main, main)
10:16:36.061 INFO: JdwpEventCenterDelegate: THREAD_RESUMED: thread (33, main, main)
10:16:36.063 INFO: JdwpEventCenterDelegate: THREAD_RESUMED: thread (33, main, main)
10:16:36.065 INFO: JdwpEventCenterDelegate: THREAD_RESUMED: thread (33, main, main)
10:16:36.068 INFO: JdwpEventCenterDelegate: THREAD_RESUMED: thread (33, main, main)
10:16:36.070 INFO: JdwpEventCenterDelegate: THREAD_RESUMED: thread (33, main, main)
10:16:36.072 INFO: JdwpEventCenterDelegate: THREAD_RESUMED: thread (33, main, main)
10:16:36.076 INFO: JdwpEventCenterDelegate: THREAD_RESUMED: thread (33, main, main)
10:16:36.078 INFO: JdwpEventCenterDelegate: THREAD_RESUMED: thread (33, main, main)
10:16:36.080 INFO: JdwpEventCenterDelegate: THREAD_RESUMED: thread (33, main, main)
10:16:36.082 INFO: JdwpEventCenterDelegate: THREAD_RESUMED: thread (33, main, main)
10:16:36.093 INFO: JdwpEventCenterDelegate: THREAD_RESUMED: thread (33, main, main)
10:16:36.095 INFO: JdwpEventCenterDelegate: THREAD_RESUMED: thread (33, main, main)
10:16:36.097 INFO: JdwpEventCenterDelegate: THREAD_RESUMED: thread (33, main, main)
10:16:36.098 INFO: JdwpEventCenterDelegate: THREAD_RESUMED: thread (33, main, main)
10:16:36.100 INFO: JdwpEventCenterDelegate: THREAD_RESUMED: thread (33, main, main)
10:16:36.105 INFO: JdwpEventCenterDelegate: THREAD_RESUMED: thread (33, main, main)
10:16:36.117 INFO: JdwpEventCenterDelegate: THREAD_RESUMED: thread (33, main, main)
10:16:36.131 INFO: JdwpEventCenterDelegate: THREAD_RESUMED: thread (33, main, main)
10:16:36.141 INFO: JdwpEventCenterDelegate: THREAD_RESUMED: thread (33, main, main)
10:16:36.154 INFO: JdwpEventCenterDelegate: THREAD_RESUMED: thread (33, main, main)
10:16:36.184 INFO: JdwpEventCenterDelegate: THREAD_RESUMED: thread (33, main, main)
10:16:36.187 INFO: JdwpEventCenterDelegate: THREAD_RESUMED: thread (33, main, main)
10:16:36.188 INFO: JdwpEventCenterDelegate: THREAD_RESUMED: thread (33, main, main)
10:16:36.190 INFO: JdwpEventCenterDelegate: THREAD_RESUMED: thread (33, main, main)
10:16:36.192 INFO: JdwpEventCenterDelegate: THREAD_RESUMED: thread (33, main, main)
10:16:36.197 INFO: JdwpEventCenterDelegate: THREAD_RESUMED: thread (33, main, main)
10:16:36.208 INFO: JdwpEventCenterDelegate: THREAD_RESUMED: thread (33, main, main)
10:16:36.211 INFO: JdwpEventCenterDelegate: THREAD_RESUMED: thread (33, main, main)
10:16:36.213 INFO: JdwpEventCenterDelegate: THREAD_RESUMED: thread (33, main, main)
10:16:36.215 INFO: JdwpEventCenterDelegate: THREAD_RESUMED: thread (33, main, main)
10:16:36.217 INFO: JdwpEventCenterDelegate: THREAD_RESUMED: thread (33, main, main)
10:16:36.222 INFO: JdwpEventCenterDelegate: THREAD_RESUMED: thread (33, main, main)
10:16:36.236 INFO: JdwpEventCenterDelegate: THREAD_RESUMED: thread (33, main, main)
10:16:36.238 INFO: JdwpEventCenterDelegate: THREAD_RESUMED: thread (33, main, main)
10:16:36.240 INFO: JdwpEventCenterDelegate: THREAD_RESUMED: thread (33, main, main)
10:16:36.242 INFO: JdwpEventCenterDelegate: THREAD_RESUMED: thread (33, main, main)
10:16:36.245 INFO: JdwpEventCenterDelegate: THREAD_RESUMED: thread (33, main, main)
10:16:36.249 INFO: JdwpEventCenterDelegate: THREAD_RESUMED: thread (33, main, main)
10:16:36.270 INFO: JdwpEventCenterDelegate: THREAD_RESUMED: thread (33, main, main)
10:16:36.271 INFO: JdwpEventCenterDelegate: THREAD_RESUMED: thread (33, main, main)
10:16:36.273 INFO: JdwpEventCenterDelegate: THREAD_RESUMED: thread (33, main, main)
10:16:36.275 INFO: JdwpEventCenterDelegate: THREAD_RESUMED: thread (33, main, main)
10:16:36.277 INFO: JdwpEventCenterDelegate: THREAD_RESUMED: thread (33, main, main)
10:16:36.282 INFO: JdwpEventCenterDelegate: THREAD_RESUMED: thread (33, main, main)
10:16:36.297 INFO: JdwpEventCenterDelegate: THREAD_RESUMED: thread (33, main, main)
10:16:36.299 INFO: JdwpEventCenterDelegate: THREAD_RESUMED: thread (33, main, main)
10:16:36.301 INFO: JdwpEventCenterDelegate: THREAD_RESUMED: thread (33, main, main)
10:16:36.303 INFO: JdwpEventCenterDelegate: THREAD_RESUMED: thread (33, main, main)
10:16:36.305 INFO: JdwpEventCenterDelegate: THREAD_RESUMED: thread (33, main, main)
10:16:36.309 INFO: JdwpEventCenterDelegate: THREAD_RESUMED: thread (33, main, main)
10:16:36.324 INFO: JdwpEventCenterDelegate: THREAD_RESUMED: thread (33, main, main)
10:16:36.326 INFO: JdwpEventCenterDelegate: THREAD_RESUMED: thread (33, main, main)
10:16:36.328 INFO: JdwpEventCenterDelegate: THREAD_RESUMED: thread (33, main, main)
10:16:36.330 INFO: JdwpEventCenterDelegate: THREAD_RESUMED: thread (33, main, main)
10:16:36.332 INFO: JdwpEventCenterDelegate: THREAD_RESUMED: thread (33, main, main)
10:16:36.336 INFO: JdwpEventCenterDelegate: THREAD_RESUMED: thread (33, main, main)
10:16:36.355 INFO: JdwpEventCenterDelegate: THREAD_RESUMED: thread (33, main, main)
10:16:36.357 INFO: JdwpEventCenterDelegate: THREAD_RESUMED: thread (33, main, main)
10:16:36.359 INFO: JdwpEventCenterDelegate: THREAD_RESUMED: thread (33, main, main)
10:16:36.361 INFO: JdwpEventCenterDelegate: THREAD_RESUMED: thread (33, main, main)
10:16:36.363 INFO: JdwpEventCenterDelegate: THREAD_RESUMED: thread (33, main, main)
10:16:36.367 INFO: JdwpEventCenterDelegate: THREAD_RESUMED: thread (33, main, main)
10:16:36.385 INFO: JdwpEventCenterDelegate: THREAD_RESUMED: thread (33, main, main)
10:16:36.388 INFO: JdwpEventCenterDelegate: THREAD_RESUMED: thread (33, main, main)
10:16:36.390 INFO: JdwpEventCenterDelegate: THREAD_RESUMED: thread (33, main, main)
10:16:36.392 INFO: JdwpEventCenterDelegate: THREAD_RESUMED: thread (33, main, main)
10:16:36.394 INFO: JdwpEventCenterDelegate: THREAD_RESUMED: thread (33, main, main)
10:16:36.398 INFO: JdwpEventCenterDelegate: THREAD_RESUMED: thread (33, main, main)
10:16:36.415 INFO: JdwpEventCenterDelegate: THREAD_RESUMED: thread (33, main, main)
10:16:36.417 INFO: JdwpEventCenterDelegate: THREAD_RESUMED: thread (33, main, main)
10:16:36.419 INFO: JdwpEventCenterDelegate: THREAD_RESUMED: thread (33, main, main)
10:16:36.421 INFO: JdwpEventCenterDelegate: THREAD_RESUMED: thread (33, main, main)
10:16:36.423 INFO: JdwpEventCenterDelegate: THREAD_RESUMED: thread (33, main, main)
10:16:36.427 INFO: JdwpEventCenterDelegate: THREAD_RESUMED: thread (33, main, main)
10:16:36.442 INFO: JdwpEventCenterDelegate: THREAD_RESUMED: thread (33, main, main)
10:16:36.443 INFO: JdwpEventCenterDelegate: THREAD_RESUMED: thread (33, main, main)
10:16:36.446 INFO: JdwpEventCenterDelegate: THREAD_RESUMED: thread (33, main, main)
10:16:36.448 INFO: JdwpEventCenterDelegate: THREAD_RESUMED: thread (33, main, main)
10:16:36.450 INFO: JdwpEventCenterDelegate: THREAD_RESUMED: thread (33, main, main)
10:16:36.455 INFO: JdwpEventCenterDelegate: THREAD_RESUMED: thread (33, main, main)
10:16:36.473 INFO: JdwpEventCenterDelegate: THREAD_RESUMED: thread (33, main, main)
10:16:36.475 INFO: JdwpEventCenterDelegate: THREAD_RESUMED: thread (33, main, main)
10:16:36.477 INFO: JdwpEventCenterDelegate: THREAD_RESUMED: thread (33, main, main)
10:16:36.479 INFO: JdwpEventCenterDelegate: THREAD_RESUMED: thread (33, main, main)
10:16:36.481 INFO: JdwpEventCenterDelegate: THREAD_RESUMED: thread (33, main, main)
10:16:36.486 INFO: JdwpEventCenterDelegate: THREAD_RESUMED: thread (33, main, main)
10:16:36.505 INFO: JdwpEventCenterDelegate: THREAD_RESUMED: thread (33, main, main)
10:16:36.507 INFO: JdwpEventCenterDelegate: THREAD_RESUMED: thread (33, main, main)
10:16:36.510 INFO: JdwpEventCenterDelegate: THREAD_RESUMED: thread (33, main, main)
10:16:36.512 INFO: JdwpEventCenterDelegate: THREAD_RESUMED: thread (33, main, main)
10:16:36.514 INFO: JdwpEventCenterDelegate: THREAD_RESUMED: thread (33, main, main)
10:16:36.519 INFO: JdwpEventCenterDelegate: THREAD_RESUMED: thread (33, main, main)
10:16:36.539 INFO: JdwpEventCenterDelegate: THREAD_RESUMED: thread (33, main, main)
10:16:36.541 INFO: JdwpEventCenterDelegate: THREAD_RESUMED: thread (33, main, main)
10:16:36.544 INFO: JdwpEventCenterDelegate: THREAD_RESUMED: thread (33, main, main)
10:16:36.545 INFO: JdwpEventCenterDelegate: THREAD_RESUMED: thread (33, main, main)
10:16:36.548 INFO: JdwpEventCenterDelegate: THREAD_RESUMED: thread (33, main, main)
10:16:36.552 INFO: JdwpEventCenterDelegate: THREAD_RESUMED: thread (33, main, main)
10:16:36.570 INFO: JdwpEventCenterDelegate: THREAD_RESUMED: thread (33, main, main)
10:16:36.572 INFO: JdwpEventCenterDelegate: THREAD_RESUMED: thread (33, main, main)
10:16:36.574 INFO: JdwpEventCenterDelegate: THREAD_RESUMED: thread (33, main, main)
10:16:36.576 INFO: JdwpEventCenterDelegate: THREAD_RESUMED: thread (33, main, main)
10:16:36.578 INFO: JdwpEventCenterDelegate: THREAD_RESUMED: thread (33, main, main)
10:16:36.583 INFO: JdwpEventCenterDelegate: THREAD_RESUMED: thread (33, main, main)
10:16:36.595 INFO: JdwpEventCenterDelegate: THREAD_RESUMED: thread (33, main, main)
10:16:36.598 INFO: JdwpEventCenterDelegate: THREAD_RESUMED: thread (33, main, main)
10:16:36.600 INFO: JdwpEventCenterDelegate: THREAD_RESUMED: thread (33, main, main)
10:16:36.602 INFO: JdwpEventCenterDelegate: THREAD_RESUMED: thread (33, main, main)
10:16:36.604 INFO: JdwpEventCenterDelegate: THREAD_RESUMED: thread (33, main, main)
10:16:39.458 INFO: JdwpEventCenterDelegate: THREAD_STARTED: thread (108, Timer, main)
10:16:40.348 INFO: JdwpEventCenterDelegate: THREAD_RESUMED: thread (33, main, main)
10:16:40.383 INFO: JdwpEventCenterDelegate: THREAD_RESUMED: thread (33, main, main)
10:16:40.407 INFO: JdwpEventCenterDelegate: THREAD_RESUMED: thread (33, main, main)
10:16:40.427 INFO: JdwpEventCenterDelegate: THREAD_RESUMED: thread (33, main, main)
10:16:40.469 INFO: JdwpEventCenterDelegate: THREAD_RESUMED: thread (33, main, main)
10:16:40.503 INFO: JdwpEventCenterDelegate: THREAD_RESUMED: thread (33, main, main)
10:16:40.520 INFO: JdwpEventCenterDelegate: THREAD_RESUMED: thread (33, main, main)
10:16:40.535 INFO: JdwpEventCenterDelegate: THREAD_RESUMED: thread (33, main, main)
10:16:40.542 INFO: JdwpEventCenterDelegate: THREAD_RESUMED: thread (33, main, main)
10:16:40.556 INFO: JdwpEventCenterDelegate: THREAD_RESUMED: thread (33, main, main)
10:16:40.586 INFO: JdwpEventCenterDelegate: THREAD_RESUMED: thread (33, main, main)
10:16:40.599 INFO: JdwpEventCenterDelegate: THREAD_RESUMED: thread (33, main, main)
10:16:40.611 INFO: JdwpEventCenterDelegate: THREAD_RESUMED: thread (33, main, main)
10:16:40.623 INFO: JdwpEventCenterDelegate: THREAD_RESUMED: thread (33, main, main)
10:16:40.658 INFO: JdwpEventCenterDelegate: THREAD_RESUMED: thread (33, main, main)
10:16:40.691 INFO: JdwpEventCenterDelegate: THREAD_RESUMED: thread (33, main, main)
10:16:40.707 INFO: JdwpEventCenterDelegate: THREAD_RESUMED: thread (33, main, main)
10:16:40.721 INFO: JdwpEventCenterDelegate: THREAD_RESUMED: thread (33, main, main)
10:16:40.727 INFO: JdwpEventCenterDelegate: THREAD_RESUMED: thread (33, main, main)
10:16:40.740 INFO: JdwpEventCenterDelegate: THREAD_RESUMED: thread (33, main, main)
10:16:42.276 INFO: JdwpEventCenterDelegate: THREAD_RESUMED: thread (33, main, main)
10:16:42.288 INFO: JdwpEventCenterDelegate: THREAD_RESUMED: thread (33, main, main)
10:16:42.291 INFO: JdwpEventCenterDelegate: THREAD_RESUMED: thread (33, main, main)
10:16:42.294 INFO: JdwpEventCenterDelegate: THREAD_RESUMED: thread (33, main, main)
10:16:42.296 INFO: JdwpEventCenterDelegate: THREAD_RESUMED: thread (33, main, main)
10:16:42.299 INFO: JdwpEventCenterDelegate: THREAD_RESUMED: thread (33, main, main)
10:16:42.302 INFO: JdwpEventCenterDelegate: THREAD_RESUMED: thread (33, main, main)
10:16:42.306 INFO: JdwpEventCenterDelegate: THREAD_RESUMED: thread (33, main, main)
10:17:04.725 INFO: JdwpDebugServer: handling req: VirtualMachine(1).Exit(10)
10:17:04.725 SEVERE: Debugger: Thread JDWP server socket thread crashed
org.robovm.debugger.DebuggerException: Terminating due exit command
	at org.robovm.debugger.jdwp.JdwpDebugServer.doSocketWork(JdwpDebugServer.java:211)
	at java.base/java.lang.Thread.run(Thread.java:834)
	at org.robovm.debugger.utils.DebuggerThread.run(DebuggerThread.java:42)
10:17:05.232 SEVERE: Debugger: Thread HooksChannel socket thread crashed
org.robovm.debugger.DebuggerException: java.io.IOException: org.robovm.libimobiledevice.LibIMobileDeviceException: IDEVICE_E_UNKNOWN_ERROR
	at org.robovm.debugger.hooks.HooksChannel.doSocketWork(HooksChannel.java:149)
	at java.base/java.lang.Thread.run(Thread.java:834)
	at org.robovm.debugger.utils.DebuggerThread.run(DebuggerThread.java:42)
Caused by: java.io.IOException: org.robovm.libimobiledevice.LibIMobileDeviceException: IDEVICE_E_UNKNOWN_ERROR
	at org.robovm.libimobiledevice.IDeviceConnection$DeviceInputStream.read(IDeviceConnection.java:203)
	at org.robovm.debugger.utils.bytebuffer.DataBufferWriter.writeFromStream(DataBufferWriter.java:89)
	at org.robovm.debugger.hooks.HooksChannel.doSocketWork(HooksChannel.java:116)
	... 2 more
Caused by: org.robovm.libimobiledevice.LibIMobileDeviceException: IDEVICE_E_UNKNOWN_ERROR
	at org.robovm.libimobiledevice.IDevice.checkResult(IDevice.java:206)
	at org.robovm.libimobiledevice.IDeviceConnection.receive(IDeviceConnection.java:110)
	at org.robovm.libimobiledevice.IDeviceConnection.receive(IDeviceConnection.java:81)
	at org.robovm.libimobiledevice.IDeviceConnection$DeviceInputStream.read(IDeviceConnection.java:201)
	... 4 more
