23:52:01.817 INFO: JdwpDebugServer: handling req: VirtualMachine(1).IDSizes(7)
23:52:01.818 INFO: JdwpDebugServer: handling req: EventRequest(15).Set(1)
23:52:01.818 INFO: JdwpEventCenterDelegate: jdwpSetEventRequest: JdwpEventRequest{requestId=100, eventKind=CLASS_PREPARE, suspendPolicy=NONE, predicates=[]}
23:52:01.818 INFO: JdwpDebugServer: handling req: EventRequest(15).Set(1)
23:52:01.818 INFO: JdwpEventCenterDelegate: jdwpSetEventRequest: JdwpEventRequest{requestId=101, eventKind=CLASS_UNLOAD, suspendPolicy=NONE, predicates=[]}
23:52:01.838 INFO: JdwpDebugServer: handling req: VirtualMachine(1).Version(1)
23:52:01.839 INFO: JdwpDebugServer: handling req: VirtualMachine(1).capabilitiesNew(17)
23:52:01.839 INFO: JdwpDebugServer: handling req: VirtualMachine(1).capabilities(12)
23:52:01.839 INFO: JdwpDebugServer: handling req: VirtualMachine(1).AllClassesWithGeneric(20)
23:52:01.842 INFO: JdwpDebugServer: handling req: VirtualMachine(1).TopLevelThreadGroups(5)
23:52:01.843 INFO: JdwpDebugServer: handling req: EventRequest(15).Set(1)
23:52:01.843 INFO: JdwpEventCenterDelegate: jdwpSetEventRequest: JdwpEventRequest{requestId=102, eventKind=THREAD_START, suspendPolicy=NONE, predicates=[]}
23:52:01.843 INFO: JdwpDebugServer: handling req: EventRequest(15).Set(1)
23:52:01.843 INFO: JdwpEventCenterDelegate: jdwpSetEventRequest: JdwpEventRequest{requestId=103, eventKind=THREAD_DEATH, suspendPolicy=NONE, predicates=[]}
23:52:01.844 INFO: JdwpDebugServer: handling req: EventRequest(15).Set(1)
23:52:01.844 INFO: JdwpEventCenterDelegate: jdwpSetEventRequest: JdwpEventRequest{requestId=104, eventKind=CLASS_PREPARE, suspendPolicy=EVENT_THREAD, predicates=[className=sun.instrument.InstrumentationImpl]}
23:52:01.844 INFO: JdwpDebugServer: handling req: EventRequest(15).Set(1)
23:52:01.844 INFO: JdwpEventCenterDelegate: jdwpSetEventRequest: JdwpEventRequest{requestId=105, eventKind=CLASS_PREPARE, suspendPolicy=EVENT_THREAD, predicates=[className=sun.instrument.InstrumentationImpl]}
23:52:02.232 INFO: JdwpDebugServer: handling req: VirtualMachine(1).Resume(9)
23:52:02.277 INFO: JdwpEventCenterDelegate: THREAD_STARTED: thread (33, main, main)
23:52:02.292 INFO: JdwpEventCenterDelegate: THREAD_STARTED: thread (48, ReferenceQueueDaemon, main)
23:52:02.298 INFO: JdwpEventCenterDelegate: THREAD_STARTED: thread (63, FinalizerDaemon, main)
23:52:02.305 INFO: JdwpEventCenterDelegate: THREAD_STARTED: thread (78, FinalizerWatchdogDaemon, main)
23:52:02.308 INFO: JdwpEventCenterDelegate: THREAD_RESUMED: thread (33, main, main)
23:52:02.310 INFO: JdwpEventCenterDelegate: THREAD_RESUMED: thread (33, main, main)
23:52:02.311 INFO: JdwpEventCenterDelegate: THREAD_RESUMED: thread (33, main, main)
23:52:02.312 INFO: JdwpEventCenterDelegate: THREAD_RESUMED: thread (33, main, main)
23:52:02.314 INFO: JdwpEventCenterDelegate: THREAD_RESUMED: thread (33, main, main)
23:52:02.315 INFO: JdwpEventCenterDelegate: THREAD_RESUMED: thread (33, main, main)
23:52:02.316 INFO: JdwpEventCenterDelegate: THREAD_RESUMED: thread (33, main, main)
23:52:02.317 INFO: JdwpEventCenterDelegate: THREAD_RESUMED: thread (33, main, main)
23:52:02.319 INFO: JdwpEventCenterDelegate: THREAD_RESUMED: thread (33, main, main)
23:52:02.320 INFO: JdwpEventCenterDelegate: THREAD_RESUMED: thread (33, main, main)
23:52:02.321 INFO: JdwpEventCenterDelegate: THREAD_RESUMED: thread (33, main, main)
23:52:02.322 INFO: JdwpEventCenterDelegate: THREAD_RESUMED: thread (33, main, main)
23:52:02.324 INFO: JdwpEventCenterDelegate: THREAD_RESUMED: thread (33, main, main)
23:52:02.325 INFO: JdwpEventCenterDelegate: THREAD_RESUMED: thread (33, main, main)
23:52:02.327 INFO: JdwpEventCenterDelegate: THREAD_RESUMED: thread (33, main, main)
23:52:02.328 INFO: JdwpEventCenterDelegate: THREAD_RESUMED: thread (33, main, main)
23:52:02.329 INFO: JdwpEventCenterDelegate: THREAD_RESUMED: thread (33, main, main)
23:52:02.330 INFO: JdwpEventCenterDelegate: THREAD_RESUMED: thread (33, main, main)
23:52:02.334 INFO: JdwpEventCenterDelegate: THREAD_RESUMED: thread (33, main, main)
23:52:02.336 INFO: JdwpEventCenterDelegate: THREAD_RESUMED: thread (33, main, main)
23:52:02.337 INFO: JdwpEventCenterDelegate: THREAD_RESUMED: thread (33, main, main)
23:52:02.338 INFO: JdwpEventCenterDelegate: THREAD_RESUMED: thread (33, main, main)
23:52:02.340 INFO: JdwpEventCenterDelegate: THREAD_RESUMED: thread (33, main, main)
23:52:02.341 INFO: JdwpEventCenterDelegate: THREAD_RESUMED: thread (33, main, main)
23:52:02.342 INFO: JdwpEventCenterDelegate: THREAD_RESUMED: thread (33, main, main)
23:52:02.374 INFO: JdwpEventCenterDelegate: THREAD_RESUMED: thread (33, main, main)
23:52:02.376 INFO: JdwpEventCenterDelegate: THREAD_RESUMED: thread (33, main, main)
23:52:02.377 INFO: JdwpEventCenterDelegate: THREAD_RESUMED: thread (33, main, main)
23:52:02.378 INFO: JdwpEventCenterDelegate: THREAD_RESUMED: thread (33, main, main)
23:52:02.380 INFO: JdwpEventCenterDelegate: THREAD_RESUMED: thread (33, main, main)
23:52:02.381 INFO: JdwpEventCenterDelegate: THREAD_RESUMED: thread (33, main, main)
23:52:02.383 INFO: JdwpEventCenterDelegate: THREAD_RESUMED: thread (33, main, main)
23:52:02.385 INFO: JdwpEventCenterDelegate: THREAD_RESUMED: thread (33, main, main)
23:52:02.387 INFO: JdwpEventCenterDelegate: THREAD_RESUMED: thread (33, main, main)
23:52:02.388 INFO: JdwpEventCenterDelegate: THREAD_RESUMED: thread (33, main, main)
23:52:02.389 INFO: JdwpEventCenterDelegate: THREAD_RESUMED: thread (33, main, main)
23:52:02.391 INFO: JdwpEventCenterDelegate: THREAD_RESUMED: thread (33, main, main)
23:52:02.392 INFO: JdwpEventCenterDelegate: THREAD_RESUMED: thread (33, main, main)
23:52:02.393 INFO: JdwpEventCenterDelegate: THREAD_RESUMED: thread (33, main, main)
23:52:02.408 INFO: JdwpEventCenterDelegate: THREAD_RESUMED: thread (33, main, main)
23:52:02.410 INFO: JdwpEventCenterDelegate: THREAD_RESUMED: thread (33, main, main)
23:52:02.411 INFO: JdwpEventCenterDelegate: THREAD_RESUMED: thread (33, main, main)
23:52:02.412 INFO: JdwpEventCenterDelegate: THREAD_RESUMED: thread (33, main, main)
23:52:02.414 INFO: JdwpEventCenterDelegate: THREAD_RESUMED: thread (33, main, main)
23:52:02.415 INFO: JdwpEventCenterDelegate: THREAD_RESUMED: thread (33, main, main)
23:52:02.417 INFO: JdwpEventCenterDelegate: THREAD_RESUMED: thread (33, main, main)
23:52:02.455 INFO: JdwpEventCenterDelegate: THREAD_RESUMED: thread (33, main, main)
23:52:02.456 INFO: JdwpEventCenterDelegate: THREAD_RESUMED: thread (33, main, main)
23:52:02.457 INFO: JdwpEventCenterDelegate: THREAD_RESUMED: thread (33, main, main)
23:52:02.459 INFO: JdwpEventCenterDelegate: THREAD_RESUMED: thread (33, main, main)
23:52:02.460 INFO: JdwpEventCenterDelegate: THREAD_RESUMED: thread (33, main, main)
23:52:02.461 INFO: JdwpEventCenterDelegate: THREAD_RESUMED: thread (33, main, main)
23:52:02.463 INFO: JdwpEventCenterDelegate: THREAD_RESUMED: thread (33, main, main)
23:52:02.474 INFO: JdwpEventCenterDelegate: THREAD_RESUMED: thread (33, main, main)
23:52:02.475 INFO: JdwpEventCenterDelegate: THREAD_RESUMED: thread (33, main, main)
23:52:02.476 INFO: JdwpEventCenterDelegate: THREAD_RESUMED: thread (33, main, main)
23:52:02.478 INFO: JdwpEventCenterDelegate: THREAD_RESUMED: thread (33, main, main)
23:52:02.479 INFO: JdwpEventCenterDelegate: THREAD_RESUMED: thread (33, main, main)
23:52:02.481 INFO: JdwpEventCenterDelegate: THREAD_RESUMED: thread (33, main, main)
23:52:02.482 INFO: JdwpEventCenterDelegate: THREAD_RESUMED: thread (33, main, main)
23:52:02.492 INFO: JdwpEventCenterDelegate: THREAD_RESUMED: thread (33, main, main)
23:52:02.495 INFO: JdwpEventCenterDelegate: THREAD_RESUMED: thread (33, main, main)
23:52:02.496 INFO: JdwpEventCenterDelegate: THREAD_RESUMED: thread (33, main, main)
23:52:02.497 INFO: JdwpEventCenterDelegate: THREAD_RESUMED: thread (33, main, main)
23:52:02.498 INFO: JdwpEventCenterDelegate: THREAD_RESUMED: thread (33, main, main)
23:52:02.499 INFO: JdwpEventCenterDelegate: THREAD_RESUMED: thread (33, main, main)
23:52:02.501 INFO: JdwpEventCenterDelegate: THREAD_RESUMED: thread (33, main, main)
23:52:02.502 INFO: JdwpEventCenterDelegate: THREAD_RESUMED: thread (33, main, main)
23:52:02.503 INFO: JdwpEventCenterDelegate: THREAD_RESUMED: thread (33, main, main)
23:52:02.505 INFO: JdwpEventCenterDelegate: THREAD_RESUMED: thread (33, main, main)
23:52:02.506 INFO: JdwpEventCenterDelegate: THREAD_RESUMED: thread (33, main, main)
23:52:02.507 INFO: JdwpEventCenterDelegate: THREAD_RESUMED: thread (33, main, main)
23:52:02.509 INFO: JdwpEventCenterDelegate: THREAD_RESUMED: thread (33, main, main)
23:52:02.510 INFO: JdwpEventCenterDelegate: THREAD_RESUMED: thread (33, main, main)
23:52:02.512 INFO: JdwpEventCenterDelegate: THREAD_RESUMED: thread (33, main, main)
23:52:02.513 INFO: JdwpEventCenterDelegate: THREAD_RESUMED: thread (33, main, main)
23:52:02.514 INFO: JdwpEventCenterDelegate: THREAD_RESUMED: thread (33, main, main)
23:52:02.516 INFO: JdwpEventCenterDelegate: THREAD_RESUMED: thread (33, main, main)
23:52:02.520 INFO: JdwpEventCenterDelegate: THREAD_RESUMED: thread (33, main, main)
23:52:02.521 INFO: JdwpEventCenterDelegate: THREAD_RESUMED: thread (33, main, main)
23:52:02.654 INFO: JdwpEventCenterDelegate: THREAD_STARTED: thread (93, AssetManager, main)
23:52:02.759 INFO: JdwpEventCenterDelegate: THREAD_RESUMED: thread (33, main, main)
23:52:02.761 INFO: JdwpEventCenterDelegate: THREAD_RESUMED: thread (33, main, main)
23:52:05.316 INFO: JdwpEventCenterDelegate: THREAD_RESUMED: thread (33, main, main)
23:52:05.416 INFO: JdwpEventCenterDelegate: THREAD_RESUMED: thread (33, main, main)
23:52:05.418 INFO: JdwpEventCenterDelegate: THREAD_RESUMED: thread (33, main, main)
23:52:05.420 INFO: JdwpEventCenterDelegate: THREAD_RESUMED: thread (33, main, main)
23:52:05.421 INFO: JdwpEventCenterDelegate: THREAD_RESUMED: thread (33, main, main)
23:52:05.423 INFO: JdwpEventCenterDelegate: THREAD_RESUMED: thread (33, main, main)
23:52:05.429 INFO: JdwpEventCenterDelegate: THREAD_RESUMED: thread (33, main, main)
23:52:05.441 INFO: JdwpEventCenterDelegate: THREAD_RESUMED: thread (33, main, main)
23:52:05.443 INFO: JdwpEventCenterDelegate: THREAD_RESUMED: thread (33, main, main)
23:52:05.445 INFO: JdwpEventCenterDelegate: THREAD_RESUMED: thread (33, main, main)
23:52:05.448 INFO: JdwpEventCenterDelegate: THREAD_RESUMED: thread (33, main, main)
23:52:05.450 INFO: JdwpEventCenterDelegate: THREAD_RESUMED: thread (33, main, main)
23:52:05.455 INFO: JdwpEventCenterDelegate: THREAD_RESUMED: thread (33, main, main)
23:52:05.469 INFO: JdwpEventCenterDelegate: THREAD_RESUMED: thread (33, main, main)
23:52:05.471 INFO: JdwpEventCenterDelegate: THREAD_RESUMED: thread (33, main, main)
23:52:05.473 INFO: JdwpEventCenterDelegate: THREAD_RESUMED: thread (33, main, main)
23:52:05.476 INFO: JdwpEventCenterDelegate: THREAD_RESUMED: thread (33, main, main)
23:52:05.477 INFO: JdwpEventCenterDelegate: THREAD_RESUMED: thread (33, main, main)
23:52:05.482 INFO: JdwpEventCenterDelegate: THREAD_RESUMED: thread (33, main, main)
23:52:05.501 INFO: JdwpEventCenterDelegate: THREAD_RESUMED: thread (33, main, main)
23:52:05.503 INFO: JdwpEventCenterDelegate: THREAD_RESUMED: thread (33, main, main)
23:52:05.505 INFO: JdwpEventCenterDelegate: THREAD_RESUMED: thread (33, main, main)
23:52:05.507 INFO: JdwpEventCenterDelegate: THREAD_RESUMED: thread (33, main, main)
23:52:05.509 INFO: JdwpEventCenterDelegate: THREAD_RESUMED: thread (33, main, main)
23:52:05.514 INFO: JdwpEventCenterDelegate: THREAD_RESUMED: thread (33, main, main)
23:52:05.529 INFO: JdwpEventCenterDelegate: THREAD_RESUMED: thread (33, main, main)
23:52:05.531 INFO: JdwpEventCenterDelegate: THREAD_RESUMED: thread (33, main, main)
23:52:05.534 INFO: JdwpEventCenterDelegate: THREAD_RESUMED: thread (33, main, main)
23:52:05.536 INFO: JdwpEventCenterDelegate: THREAD_RESUMED: thread (33, main, main)
23:52:05.538 INFO: JdwpEventCenterDelegate: THREAD_RESUMED: thread (33, main, main)
23:52:05.543 INFO: JdwpEventCenterDelegate: THREAD_RESUMED: thread (33, main, main)
23:52:05.558 INFO: JdwpEventCenterDelegate: THREAD_RESUMED: thread (33, main, main)
23:52:05.560 INFO: JdwpEventCenterDelegate: THREAD_RESUMED: thread (33, main, main)
23:52:05.563 INFO: JdwpEventCenterDelegate: THREAD_RESUMED: thread (33, main, main)
23:52:05.565 INFO: JdwpEventCenterDelegate: THREAD_RESUMED: thread (33, main, main)
23:52:05.567 INFO: JdwpEventCenterDelegate: THREAD_RESUMED: thread (33, main, main)
23:52:05.572 INFO: JdwpEventCenterDelegate: THREAD_RESUMED: thread (33, main, main)
23:52:05.594 INFO: JdwpEventCenterDelegate: THREAD_RESUMED: thread (33, main, main)
23:52:05.596 INFO: JdwpEventCenterDelegate: THREAD_RESUMED: thread (33, main, main)
23:52:05.598 INFO: JdwpEventCenterDelegate: THREAD_RESUMED: thread (33, main, main)
23:52:05.600 INFO: JdwpEventCenterDelegate: THREAD_RESUMED: thread (33, main, main)
23:52:05.602 INFO: JdwpEventCenterDelegate: THREAD_RESUMED: thread (33, main, main)
23:52:05.607 INFO: JdwpEventCenterDelegate: THREAD_RESUMED: thread (33, main, main)
23:52:05.626 INFO: JdwpEventCenterDelegate: THREAD_RESUMED: thread (33, main, main)
23:52:05.629 INFO: JdwpEventCenterDelegate: THREAD_RESUMED: thread (33, main, main)
23:52:05.631 INFO: JdwpEventCenterDelegate: THREAD_RESUMED: thread (33, main, main)
23:52:05.633 INFO: JdwpEventCenterDelegate: THREAD_RESUMED: thread (33, main, main)
23:52:05.635 INFO: JdwpEventCenterDelegate: THREAD_RESUMED: thread (33, main, main)
23:52:05.640 INFO: JdwpEventCenterDelegate: THREAD_RESUMED: thread (33, main, main)
23:52:05.658 INFO: JdwpEventCenterDelegate: THREAD_RESUMED: thread (33, main, main)
23:52:05.661 INFO: JdwpEventCenterDelegate: THREAD_RESUMED: thread (33, main, main)
23:52:05.663 INFO: JdwpEventCenterDelegate: THREAD_RESUMED: thread (33, main, main)
23:52:05.665 INFO: JdwpEventCenterDelegate: THREAD_RESUMED: thread (33, main, main)
23:52:05.667 INFO: JdwpEventCenterDelegate: THREAD_RESUMED: thread (33, main, main)
23:52:05.672 INFO: JdwpEventCenterDelegate: THREAD_RESUMED: thread (33, main, main)
23:52:05.687 INFO: JdwpEventCenterDelegate: THREAD_RESUMED: thread (33, main, main)
23:52:05.689 INFO: JdwpEventCenterDelegate: THREAD_RESUMED: thread (33, main, main)
23:52:05.691 INFO: JdwpEventCenterDelegate: THREAD_RESUMED: thread (33, main, main)
23:52:05.693 INFO: JdwpEventCenterDelegate: THREAD_RESUMED: thread (33, main, main)
23:52:05.696 INFO: JdwpEventCenterDelegate: THREAD_RESUMED: thread (33, main, main)
23:52:05.700 INFO: JdwpEventCenterDelegate: THREAD_RESUMED: thread (33, main, main)
23:52:05.715 INFO: JdwpEventCenterDelegate: THREAD_RESUMED: thread (33, main, main)
23:52:05.718 INFO: JdwpEventCenterDelegate: THREAD_RESUMED: thread (33, main, main)
23:52:05.719 INFO: JdwpEventCenterDelegate: THREAD_RESUMED: thread (33, main, main)
23:52:05.721 INFO: JdwpEventCenterDelegate: THREAD_RESUMED: thread (33, main, main)
23:52:05.724 INFO: JdwpEventCenterDelegate: THREAD_RESUMED: thread (33, main, main)
23:52:05.728 INFO: JdwpEventCenterDelegate: THREAD_RESUMED: thread (33, main, main)
23:52:05.751 INFO: JdwpEventCenterDelegate: THREAD_RESUMED: thread (33, main, main)
23:52:05.753 INFO: JdwpEventCenterDelegate: THREAD_RESUMED: thread (33, main, main)
23:52:05.755 INFO: JdwpEventCenterDelegate: THREAD_RESUMED: thread (33, main, main)
23:52:05.758 INFO: JdwpEventCenterDelegate: THREAD_RESUMED: thread (33, main, main)
23:52:05.760 INFO: JdwpEventCenterDelegate: THREAD_RESUMED: thread (33, main, main)
23:52:05.765 INFO: JdwpEventCenterDelegate: THREAD_RESUMED: thread (33, main, main)
23:52:05.787 INFO: JdwpEventCenterDelegate: THREAD_RESUMED: thread (33, main, main)
23:52:05.789 INFO: JdwpEventCenterDelegate: THREAD_RESUMED: thread (33, main, main)
23:52:05.791 INFO: JdwpEventCenterDelegate: THREAD_RESUMED: thread (33, main, main)
23:52:05.793 INFO: JdwpEventCenterDelegate: THREAD_RESUMED: thread (33, main, main)
23:52:05.795 INFO: JdwpEventCenterDelegate: THREAD_RESUMED: thread (33, main, main)
23:52:05.799 INFO: JdwpEventCenterDelegate: THREAD_RESUMED: thread (33, main, main)
23:52:05.818 INFO: JdwpEventCenterDelegate: THREAD_RESUMED: thread (33, main, main)
23:52:05.821 INFO: JdwpEventCenterDelegate: THREAD_RESUMED: thread (33, main, main)
23:52:05.822 INFO: JdwpEventCenterDelegate: THREAD_RESUMED: thread (33, main, main)
23:52:05.824 INFO: JdwpEventCenterDelegate: THREAD_RESUMED: thread (33, main, main)
23:52:05.826 INFO: JdwpEventCenterDelegate: THREAD_RESUMED: thread (33, main, main)
23:52:05.831 INFO: JdwpEventCenterDelegate: THREAD_RESUMED: thread (33, main, main)
23:52:05.844 INFO: JdwpEventCenterDelegate: THREAD_RESUMED: thread (33, main, main)
23:52:05.847 INFO: JdwpEventCenterDelegate: THREAD_RESUMED: thread (33, main, main)
23:52:05.849 INFO: JdwpEventCenterDelegate: THREAD_RESUMED: thread (33, main, main)
23:52:05.851 INFO: JdwpEventCenterDelegate: THREAD_RESUMED: thread (33, main, main)
23:52:05.853 INFO: JdwpEventCenterDelegate: THREAD_RESUMED: thread (33, main, main)
23:52:05.859 INFO: JdwpEventCenterDelegate: THREAD_RESUMED: thread (33, main, main)
23:52:05.861 INFO: JdwpEventCenterDelegate: THREAD_RESUMED: thread (33, main, main)
23:52:05.864 INFO: JdwpEventCenterDelegate: THREAD_RESUMED: thread (33, main, main)
23:52:05.866 INFO: JdwpEventCenterDelegate: THREAD_RESUMED: thread (33, main, main)
23:52:05.868 INFO: JdwpEventCenterDelegate: THREAD_RESUMED: thread (33, main, main)
23:52:05.870 INFO: JdwpEventCenterDelegate: THREAD_RESUMED: thread (33, main, main)
23:52:05.872 INFO: JdwpEventCenterDelegate: THREAD_RESUMED: thread (33, main, main)
23:52:05.876 INFO: JdwpEventCenterDelegate: THREAD_RESUMED: thread (33, main, main)
23:52:05.878 INFO: JdwpEventCenterDelegate: THREAD_RESUMED: thread (33, main, main)
23:52:05.881 INFO: JdwpEventCenterDelegate: THREAD_RESUMED: thread (33, main, main)
23:52:05.883 INFO: JdwpEventCenterDelegate: THREAD_RESUMED: thread (33, main, main)
23:52:05.895 INFO: JdwpEventCenterDelegate: THREAD_RESUMED: thread (33, main, main)
23:52:05.897 INFO: JdwpEventCenterDelegate: THREAD_RESUMED: thread (33, main, main)
23:52:05.899 INFO: JdwpEventCenterDelegate: THREAD_RESUMED: thread (33, main, main)
23:52:05.901 INFO: JdwpEventCenterDelegate: THREAD_RESUMED: thread (33, main, main)
23:52:05.903 INFO: JdwpEventCenterDelegate: THREAD_RESUMED: thread (33, main, main)
23:52:05.906 INFO: JdwpEventCenterDelegate: THREAD_RESUMED: thread (33, main, main)
23:52:05.908 INFO: JdwpEventCenterDelegate: THREAD_RESUMED: thread (33, main, main)
23:52:05.915 INFO: JdwpEventCenterDelegate: THREAD_RESUMED: thread (33, main, main)
23:52:05.917 INFO: JdwpEventCenterDelegate: THREAD_RESUMED: thread (33, main, main)
23:52:05.919 INFO: JdwpEventCenterDelegate: THREAD_RESUMED: thread (33, main, main)
23:52:05.921 INFO: JdwpEventCenterDelegate: THREAD_RESUMED: thread (33, main, main)
23:52:05.922 INFO: JdwpEventCenterDelegate: THREAD_RESUMED: thread (33, main, main)
23:52:05.927 INFO: JdwpEventCenterDelegate: THREAD_RESUMED: thread (33, main, main)
23:52:05.939 INFO: JdwpEventCenterDelegate: THREAD_RESUMED: thread (33, main, main)
23:52:05.952 INFO: JdwpEventCenterDelegate: THREAD_RESUMED: thread (33, main, main)
23:52:05.963 INFO: JdwpEventCenterDelegate: THREAD_RESUMED: thread (33, main, main)
23:52:05.976 INFO: JdwpEventCenterDelegate: THREAD_RESUMED: thread (33, main, main)
23:52:06.006 INFO: JdwpEventCenterDelegate: THREAD_RESUMED: thread (33, main, main)
23:52:06.008 INFO: JdwpEventCenterDelegate: THREAD_RESUMED: thread (33, main, main)
23:52:06.011 INFO: JdwpEventCenterDelegate: THREAD_RESUMED: thread (33, main, main)
23:52:06.013 INFO: JdwpEventCenterDelegate: THREAD_RESUMED: thread (33, main, main)
23:52:06.015 INFO: JdwpEventCenterDelegate: THREAD_RESUMED: thread (33, main, main)
23:52:06.020 INFO: JdwpEventCenterDelegate: THREAD_RESUMED: thread (33, main, main)
23:52:06.031 INFO: JdwpEventCenterDelegate: THREAD_RESUMED: thread (33, main, main)
23:52:06.034 INFO: JdwpEventCenterDelegate: THREAD_RESUMED: thread (33, main, main)
23:52:06.036 INFO: JdwpEventCenterDelegate: THREAD_RESUMED: thread (33, main, main)
23:52:06.038 INFO: JdwpEventCenterDelegate: THREAD_RESUMED: thread (33, main, main)
23:52:06.040 INFO: JdwpEventCenterDelegate: THREAD_RESUMED: thread (33, main, main)
23:52:06.044 INFO: JdwpEventCenterDelegate: THREAD_RESUMED: thread (33, main, main)
23:52:06.062 INFO: JdwpEventCenterDelegate: THREAD_RESUMED: thread (33, main, main)
23:52:06.064 INFO: JdwpEventCenterDelegate: THREAD_RESUMED: thread (33, main, main)
23:52:06.067 INFO: JdwpEventCenterDelegate: THREAD_RESUMED: thread (33, main, main)
23:52:06.068 INFO: JdwpEventCenterDelegate: THREAD_RESUMED: thread (33, main, main)
23:52:06.071 INFO: JdwpEventCenterDelegate: THREAD_RESUMED: thread (33, main, main)
23:52:06.075 INFO: JdwpEventCenterDelegate: THREAD_RESUMED: thread (33, main, main)
23:52:06.092 INFO: JdwpEventCenterDelegate: THREAD_RESUMED: thread (33, main, main)
23:52:06.095 INFO: JdwpEventCenterDelegate: THREAD_RESUMED: thread (33, main, main)
23:52:06.097 INFO: JdwpEventCenterDelegate: THREAD_RESUMED: thread (33, main, main)
23:52:06.099 INFO: JdwpEventCenterDelegate: THREAD_RESUMED: thread (33, main, main)
23:52:06.101 INFO: JdwpEventCenterDelegate: THREAD_RESUMED: thread (33, main, main)
23:52:06.105 INFO: JdwpEventCenterDelegate: THREAD_RESUMED: thread (33, main, main)
23:52:06.120 INFO: JdwpEventCenterDelegate: THREAD_RESUMED: thread (33, main, main)
23:52:06.122 INFO: JdwpEventCenterDelegate: THREAD_RESUMED: thread (33, main, main)
23:52:06.125 INFO: JdwpEventCenterDelegate: THREAD_RESUMED: thread (33, main, main)
23:52:06.127 INFO: JdwpEventCenterDelegate: THREAD_RESUMED: thread (33, main, main)
23:52:06.129 INFO: JdwpEventCenterDelegate: THREAD_RESUMED: thread (33, main, main)
23:52:06.133 INFO: JdwpEventCenterDelegate: THREAD_RESUMED: thread (33, main, main)
23:52:06.148 INFO: JdwpEventCenterDelegate: THREAD_RESUMED: thread (33, main, main)
23:52:06.150 INFO: JdwpEventCenterDelegate: THREAD_RESUMED: thread (33, main, main)
23:52:06.151 INFO: JdwpEventCenterDelegate: THREAD_RESUMED: thread (33, main, main)
23:52:06.154 INFO: JdwpEventCenterDelegate: THREAD_RESUMED: thread (33, main, main)
23:52:06.156 INFO: JdwpEventCenterDelegate: THREAD_RESUMED: thread (33, main, main)
23:52:06.160 INFO: JdwpEventCenterDelegate: THREAD_RESUMED: thread (33, main, main)
23:52:06.178 INFO: JdwpEventCenterDelegate: THREAD_RESUMED: thread (33, main, main)
23:52:06.180 INFO: JdwpEventCenterDelegate: THREAD_RESUMED: thread (33, main, main)
23:52:06.182 INFO: JdwpEventCenterDelegate: THREAD_RESUMED: thread (33, main, main)
23:52:06.184 INFO: JdwpEventCenterDelegate: THREAD_RESUMED: thread (33, main, main)
23:52:06.186 INFO: JdwpEventCenterDelegate: THREAD_RESUMED: thread (33, main, main)
23:52:06.191 INFO: JdwpEventCenterDelegate: THREAD_RESUMED: thread (33, main, main)
23:52:06.208 INFO: JdwpEventCenterDelegate: THREAD_RESUMED: thread (33, main, main)
23:52:06.210 INFO: JdwpEventCenterDelegate: THREAD_RESUMED: thread (33, main, main)
23:52:06.212 INFO: JdwpEventCenterDelegate: THREAD_RESUMED: thread (33, main, main)
23:52:06.214 INFO: JdwpEventCenterDelegate: THREAD_RESUMED: thread (33, main, main)
23:52:06.216 INFO: JdwpEventCenterDelegate: THREAD_RESUMED: thread (33, main, main)
23:52:06.221 INFO: JdwpEventCenterDelegate: THREAD_RESUMED: thread (33, main, main)
23:52:06.239 INFO: JdwpEventCenterDelegate: THREAD_RESUMED: thread (33, main, main)
23:52:06.240 INFO: JdwpEventCenterDelegate: THREAD_RESUMED: thread (33, main, main)
23:52:06.243 INFO: JdwpEventCenterDelegate: THREAD_RESUMED: thread (33, main, main)
23:52:06.245 INFO: JdwpEventCenterDelegate: THREAD_RESUMED: thread (33, main, main)
23:52:06.247 INFO: JdwpEventCenterDelegate: THREAD_RESUMED: thread (33, main, main)
23:52:06.251 INFO: JdwpEventCenterDelegate: THREAD_RESUMED: thread (33, main, main)
23:52:06.265 INFO: JdwpEventCenterDelegate: THREAD_RESUMED: thread (33, main, main)
23:52:06.267 INFO: JdwpEventCenterDelegate: THREAD_RESUMED: thread (33, main, main)
23:52:06.269 INFO: JdwpEventCenterDelegate: THREAD_RESUMED: thread (33, main, main)
23:52:06.271 INFO: JdwpEventCenterDelegate: THREAD_RESUMED: thread (33, main, main)
23:52:06.273 INFO: JdwpEventCenterDelegate: THREAD_RESUMED: thread (33, main, main)
23:52:06.277 INFO: JdwpEventCenterDelegate: THREAD_RESUMED: thread (33, main, main)
23:52:06.291 INFO: JdwpEventCenterDelegate: THREAD_RESUMED: thread (33, main, main)
23:52:06.293 INFO: JdwpEventCenterDelegate: THREAD_RESUMED: thread (33, main, main)
23:52:06.295 INFO: JdwpEventCenterDelegate: THREAD_RESUMED: thread (33, main, main)
23:52:06.297 INFO: JdwpEventCenterDelegate: THREAD_RESUMED: thread (33, main, main)
23:52:06.299 INFO: JdwpEventCenterDelegate: THREAD_RESUMED: thread (33, main, main)
23:52:06.304 INFO: JdwpEventCenterDelegate: THREAD_RESUMED: thread (33, main, main)
23:52:06.326 INFO: JdwpEventCenterDelegate: THREAD_RESUMED: thread (33, main, main)
23:52:06.328 INFO: JdwpEventCenterDelegate: THREAD_RESUMED: thread (33, main, main)
23:52:06.331 INFO: JdwpEventCenterDelegate: THREAD_RESUMED: thread (33, main, main)
23:52:06.333 INFO: JdwpEventCenterDelegate: THREAD_RESUMED: thread (33, main, main)
23:52:06.335 INFO: JdwpEventCenterDelegate: THREAD_RESUMED: thread (33, main, main)
23:52:06.340 INFO: JdwpEventCenterDelegate: THREAD_RESUMED: thread (33, main, main)
23:52:06.361 INFO: JdwpEventCenterDelegate: THREAD_RESUMED: thread (33, main, main)
23:52:06.363 INFO: JdwpEventCenterDelegate: THREAD_RESUMED: thread (33, main, main)
23:52:06.365 INFO: JdwpEventCenterDelegate: THREAD_RESUMED: thread (33, main, main)
23:52:06.367 INFO: JdwpEventCenterDelegate: THREAD_RESUMED: thread (33, main, main)
23:52:06.369 INFO: JdwpEventCenterDelegate: THREAD_RESUMED: thread (33, main, main)
23:52:06.373 INFO: JdwpEventCenterDelegate: THREAD_RESUMED: thread (33, main, main)
23:52:06.391 INFO: JdwpEventCenterDelegate: THREAD_RESUMED: thread (33, main, main)
23:52:06.394 INFO: JdwpEventCenterDelegate: THREAD_RESUMED: thread (33, main, main)
23:52:06.396 INFO: JdwpEventCenterDelegate: THREAD_RESUMED: thread (33, main, main)
23:52:06.398 INFO: JdwpEventCenterDelegate: THREAD_RESUMED: thread (33, main, main)
23:52:06.400 INFO: JdwpEventCenterDelegate: THREAD_RESUMED: thread (33, main, main)
23:52:06.405 INFO: JdwpEventCenterDelegate: THREAD_RESUMED: thread (33, main, main)
23:52:06.418 INFO: JdwpEventCenterDelegate: THREAD_RESUMED: thread (33, main, main)
23:52:06.420 INFO: JdwpEventCenterDelegate: THREAD_RESUMED: thread (33, main, main)
23:52:06.422 INFO: JdwpEventCenterDelegate: THREAD_RESUMED: thread (33, main, main)
23:52:06.424 INFO: JdwpEventCenterDelegate: THREAD_RESUMED: thread (33, main, main)
23:52:06.426 INFO: JdwpEventCenterDelegate: THREAD_RESUMED: thread (33, main, main)
23:52:08.482 INFO: JdwpEventCenterDelegate: THREAD_STARTED: thread (108, Timer, main)
23:52:09.357 INFO: JdwpEventCenterDelegate: THREAD_RESUMED: thread (33, main, main)
23:52:09.391 INFO: JdwpEventCenterDelegate: THREAD_RESUMED: thread (33, main, main)
23:52:09.415 INFO: JdwpEventCenterDelegate: THREAD_RESUMED: thread (33, main, main)
23:52:09.433 INFO: JdwpEventCenterDelegate: THREAD_RESUMED: thread (33, main, main)
23:52:09.472 INFO: JdwpEventCenterDelegate: THREAD_RESUMED: thread (33, main, main)
23:52:09.510 INFO: JdwpEventCenterDelegate: THREAD_RESUMED: thread (33, main, main)
23:52:09.527 INFO: JdwpEventCenterDelegate: THREAD_RESUMED: thread (33, main, main)
23:52:09.542 INFO: JdwpEventCenterDelegate: THREAD_RESUMED: thread (33, main, main)
23:52:09.549 INFO: JdwpEventCenterDelegate: THREAD_RESUMED: thread (33, main, main)
23:52:09.563 INFO: JdwpEventCenterDelegate: THREAD_RESUMED: thread (33, main, main)
23:52:09.594 INFO: JdwpEventCenterDelegate: THREAD_RESUMED: thread (33, main, main)
23:52:09.606 INFO: JdwpEventCenterDelegate: THREAD_RESUMED: thread (33, main, main)
23:52:09.619 INFO: JdwpEventCenterDelegate: THREAD_RESUMED: thread (33, main, main)
23:52:09.631 INFO: JdwpEventCenterDelegate: THREAD_RESUMED: thread (33, main, main)
23:52:09.666 INFO: JdwpEventCenterDelegate: THREAD_RESUMED: thread (33, main, main)
23:52:09.699 INFO: JdwpEventCenterDelegate: THREAD_RESUMED: thread (33, main, main)
23:52:09.715 INFO: JdwpEventCenterDelegate: THREAD_RESUMED: thread (33, main, main)
23:52:09.729 INFO: JdwpEventCenterDelegate: THREAD_RESUMED: thread (33, main, main)
23:52:09.735 INFO: JdwpEventCenterDelegate: THREAD_RESUMED: thread (33, main, main)
23:52:09.748 INFO: JdwpEventCenterDelegate: THREAD_RESUMED: thread (33, main, main)
23:52:17.685 INFO: JdwpEventCenterDelegate: THREAD_RESUMED: thread (33, main, main)
23:52:17.688 INFO: JdwpEventCenterDelegate: THREAD_RESUMED: thread (33, main, main)
23:52:17.691 INFO: JdwpEventCenterDelegate: THREAD_RESUMED: thread (33, main, main)
23:52:17.694 INFO: JdwpEventCenterDelegate: THREAD_RESUMED: thread (33, main, main)
23:52:17.698 INFO: JdwpEventCenterDelegate: THREAD_RESUMED: thread (33, main, main)
23:52:17.701 INFO: JdwpEventCenterDelegate: THREAD_RESUMED: thread (33, main, main)
23:52:17.704 INFO: JdwpEventCenterDelegate: THREAD_RESUMED: thread (33, main, main)
23:52:17.746 INFO: JdwpEventCenterDelegate: THREAD_STARTED: thread (123, Thread-7, main)
23:53:07.791 INFO: JdwpEventCenterDelegate: THREAD_DETTACHED: thread (123, Thread-7, main)
23:53:17.727 INFO: JdwpEventCenterDelegate: THREAD_STARTED: thread (138, Thread-8, main)
23:53:33.432 INFO: JdwpEventCenterDelegate: THREAD_DETTACHED: thread (138, Thread-8, main)
23:54:13.729 INFO: JdwpDebugServer: handling req: VirtualMachine(1).Exit(10)
23:54:13.729 SEVERE: Debugger: Thread JDWP server socket thread crashed
org.robovm.debugger.DebuggerException: Terminating due exit command
	at org.robovm.debugger.jdwp.JdwpDebugServer.doSocketWork(JdwpDebugServer.java:211)
	at java.base/java.lang.Thread.run(Thread.java:834)
	at org.robovm.debugger.utils.DebuggerThread.run(DebuggerThread.java:42)
23:54:14.234 SEVERE: Debugger: Thread HooksChannel socket thread crashed
org.robovm.debugger.DebuggerException: java.io.IOException: org.robovm.libimobiledevice.LibIMobileDeviceException: IDEVICE_E_UNKNOWN_ERROR
	at org.robovm.debugger.hooks.HooksChannel.doSocketWork(HooksChannel.java:149)
	at java.base/java.lang.Thread.run(Thread.java:834)
	at org.robovm.debugger.utils.DebuggerThread.run(DebuggerThread.java:42)
Caused by: java.io.IOException: org.robovm.libimobiledevice.LibIMobileDeviceException: IDEVICE_E_UNKNOWN_ERROR
	at org.robovm.libimobiledevice.IDeviceConnection$DeviceInputStream.read(IDeviceConnection.java:203)
	at org.robovm.debugger.utils.bytebuffer.DataBufferWriter.writeFromStream(DataBufferWriter.java:89)
	at org.robovm.debugger.hooks.HooksChannel.doSocketWork(HooksChannel.java:116)
	... 2 more
Caused by: org.robovm.libimobiledevice.LibIMobileDeviceException: IDEVICE_E_UNKNOWN_ERROR
	at org.robovm.libimobiledevice.IDevice.checkResult(IDevice.java:206)
	at org.robovm.libimobiledevice.IDeviceConnection.receive(IDeviceConnection.java:110)
	at org.robovm.libimobiledevice.IDeviceConnection.receive(IDeviceConnection.java:81)
	at org.robovm.libimobiledevice.IDeviceConnection$DeviceInputStream.read(IDeviceConnection.java:201)
	... 4 more
