17:16:48.629 INFO: JdwpDebugServer: handling req: VirtualMachine(1).IDSizes(7)
17:16:48.630 INFO: JdwpDebugServer: handling req: EventRequest(15).Set(1)
17:16:48.630 INFO: JdwpEventCenterDelegate: jdwpSetEventRequest: JdwpEventRequest{requestId=100, eventKind=CLASS_PREPARE, suspendPolicy=NONE, predicates=[]}
17:16:48.630 INFO: JdwpDebugServer: handling req: EventRequest(15).Set(1)
17:16:48.630 INFO: JdwpEventCenterDelegate: jdwpSetEventRequest: JdwpEventRequest{requestId=101, eventKind=CLASS_UNLOAD, suspendPolicy=NONE, predicates=[]}
17:16:48.645 INFO: JdwpDebugServer: handling req: VirtualMachine(1).Version(1)
17:16:48.646 INFO: JdwpDebugServer: handling req: VirtualMachine(1).capabilitiesNew(17)
17:16:48.646 INFO: JdwpDebugServer: handling req: VirtualMachine(1).capabilities(12)
17:16:48.646 INFO: JdwpDebugServer: handling req: VirtualMachine(1).AllClassesWithGeneric(20)
17:16:48.649 INFO: JdwpDebugServer: handling req: VirtualMachine(1).TopLevelThreadGroups(5)
17:16:48.650 INFO: JdwpDebugServer: handling req: EventRequest(15).Set(1)
17:16:48.650 INFO: JdwpEventCenterDelegate: jdwpSetEventRequest: JdwpEventRequest{requestId=102, eventKind=THREAD_START, suspendPolicy=NONE, predicates=[]}
17:16:48.650 INFO: JdwpDebugServer: handling req: EventRequest(15).Set(1)
17:16:48.650 INFO: JdwpEventCenterDelegate: jdwpSetEventRequest: JdwpEventRequest{requestId=103, eventKind=THREAD_DEATH, suspendPolicy=NONE, predicates=[]}
17:16:48.651 INFO: JdwpDebugServer: handling req: EventRequest(15).Set(1)
17:16:48.651 INFO: JdwpEventCenterDelegate: jdwpSetEventRequest: JdwpEventRequest{requestId=104, eventKind=CLASS_PREPARE, suspendPolicy=EVENT_THREAD, predicates=[className=sun.instrument.InstrumentationImpl]}
17:16:48.651 INFO: JdwpDebugServer: handling req: EventRequest(15).Set(1)
17:16:48.651 INFO: JdwpEventCenterDelegate: jdwpSetEventRequest: JdwpEventRequest{requestId=105, eventKind=CLASS_PREPARE, suspendPolicy=EVENT_THREAD, predicates=[className=sun.instrument.InstrumentationImpl]}
17:16:49.245 INFO: JdwpDebugServer: handling req: VirtualMachine(1).Resume(9)
17:16:49.300 INFO: JdwpEventCenterDelegate: THREAD_STARTED: thread (33, main, main)
17:16:49.319 INFO: JdwpEventCenterDelegate: THREAD_STARTED: thread (48, ReferenceQueueDaemon, main)
17:16:49.325 INFO: JdwpEventCenterDelegate: THREAD_STARTED: thread (63, FinalizerDaemon, main)
17:16:49.333 INFO: JdwpEventCenterDelegate: THREAD_STARTED: thread (78, FinalizerWatchdogDaemon, main)
17:16:49.336 INFO: JdwpEventCenterDelegate: THREAD_RESUMED: thread (33, main, main)
17:16:49.338 INFO: JdwpEventCenterDelegate: THREAD_RESUMED: thread (33, main, main)
17:16:49.339 INFO: JdwpEventCenterDelegate: THREAD_RESUMED: thread (33, main, main)
17:16:49.341 INFO: JdwpEventCenterDelegate: THREAD_RESUMED: thread (33, main, main)
17:16:49.342 INFO: JdwpEventCenterDelegate: THREAD_RESUMED: thread (33, main, main)
17:16:49.344 INFO: JdwpEventCenterDelegate: THREAD_RESUMED: thread (33, main, main)
17:16:49.346 INFO: JdwpEventCenterDelegate: THREAD_RESUMED: thread (33, main, main)
17:16:49.347 INFO: JdwpEventCenterDelegate: THREAD_RESUMED: thread (33, main, main)
17:16:49.349 INFO: JdwpEventCenterDelegate: THREAD_RESUMED: thread (33, main, main)
17:16:49.350 INFO: JdwpEventCenterDelegate: THREAD_RESUMED: thread (33, main, main)
17:16:49.351 INFO: JdwpEventCenterDelegate: THREAD_RESUMED: thread (33, main, main)
17:16:49.353 INFO: JdwpEventCenterDelegate: THREAD_RESUMED: thread (33, main, main)
17:16:49.354 INFO: JdwpEventCenterDelegate: THREAD_RESUMED: thread (33, main, main)
17:16:49.355 INFO: JdwpEventCenterDelegate: THREAD_RESUMED: thread (33, main, main)
17:16:49.356 INFO: JdwpEventCenterDelegate: THREAD_RESUMED: thread (33, main, main)
17:16:49.357 INFO: JdwpEventCenterDelegate: THREAD_RESUMED: thread (33, main, main)
17:16:49.358 INFO: JdwpEventCenterDelegate: THREAD_RESUMED: thread (33, main, main)
17:16:49.359 INFO: JdwpEventCenterDelegate: THREAD_RESUMED: thread (33, main, main)
17:16:49.363 INFO: JdwpEventCenterDelegate: THREAD_RESUMED: thread (33, main, main)
17:16:49.364 INFO: JdwpEventCenterDelegate: THREAD_RESUMED: thread (33, main, main)
17:16:49.365 INFO: JdwpEventCenterDelegate: THREAD_RESUMED: thread (33, main, main)
17:16:49.366 INFO: JdwpEventCenterDelegate: THREAD_RESUMED: thread (33, main, main)
17:16:49.367 INFO: JdwpEventCenterDelegate: THREAD_RESUMED: thread (33, main, main)
17:16:49.369 INFO: JdwpEventCenterDelegate: THREAD_RESUMED: thread (33, main, main)
17:16:49.370 INFO: JdwpEventCenterDelegate: THREAD_RESUMED: thread (33, main, main)
17:16:49.400 INFO: JdwpEventCenterDelegate: THREAD_RESUMED: thread (33, main, main)
17:16:49.402 INFO: JdwpEventCenterDelegate: THREAD_RESUMED: thread (33, main, main)
17:16:49.404 INFO: JdwpEventCenterDelegate: THREAD_RESUMED: thread (33, main, main)
17:16:49.405 INFO: JdwpEventCenterDelegate: THREAD_RESUMED: thread (33, main, main)
17:16:49.406 INFO: JdwpEventCenterDelegate: THREAD_RESUMED: thread (33, main, main)
17:16:49.407 INFO: JdwpEventCenterDelegate: THREAD_RESUMED: thread (33, main, main)
17:16:49.408 INFO: JdwpEventCenterDelegate: THREAD_RESUMED: thread (33, main, main)
17:16:49.411 INFO: JdwpEventCenterDelegate: THREAD_RESUMED: thread (33, main, main)
17:16:49.413 INFO: JdwpEventCenterDelegate: THREAD_RESUMED: thread (33, main, main)
17:16:49.414 INFO: JdwpEventCenterDelegate: THREAD_RESUMED: thread (33, main, main)
17:16:49.415 INFO: JdwpEventCenterDelegate: THREAD_RESUMED: thread (33, main, main)
17:16:49.416 INFO: JdwpEventCenterDelegate: THREAD_RESUMED: thread (33, main, main)
17:16:49.418 INFO: JdwpEventCenterDelegate: THREAD_RESUMED: thread (33, main, main)
17:16:49.419 INFO: JdwpEventCenterDelegate: THREAD_RESUMED: thread (33, main, main)
17:16:49.434 INFO: JdwpEventCenterDelegate: THREAD_RESUMED: thread (33, main, main)
17:16:49.436 INFO: JdwpEventCenterDelegate: THREAD_RESUMED: thread (33, main, main)
17:16:49.437 INFO: JdwpEventCenterDelegate: THREAD_RESUMED: thread (33, main, main)
17:16:49.438 INFO: JdwpEventCenterDelegate: THREAD_RESUMED: thread (33, main, main)
17:16:49.439 INFO: JdwpEventCenterDelegate: THREAD_RESUMED: thread (33, main, main)
17:16:49.441 INFO: JdwpEventCenterDelegate: THREAD_RESUMED: thread (33, main, main)
17:16:49.443 INFO: JdwpEventCenterDelegate: THREAD_RESUMED: thread (33, main, main)
17:16:49.482 INFO: JdwpEventCenterDelegate: THREAD_RESUMED: thread (33, main, main)
17:16:49.483 INFO: JdwpEventCenterDelegate: THREAD_RESUMED: thread (33, main, main)
17:16:49.484 INFO: JdwpEventCenterDelegate: THREAD_RESUMED: thread (33, main, main)
17:16:49.485 INFO: JdwpEventCenterDelegate: THREAD_RESUMED: thread (33, main, main)
17:16:49.487 INFO: JdwpEventCenterDelegate: THREAD_RESUMED: thread (33, main, main)
17:16:49.488 INFO: JdwpEventCenterDelegate: THREAD_RESUMED: thread (33, main, main)
17:16:49.489 INFO: JdwpEventCenterDelegate: THREAD_RESUMED: thread (33, main, main)
17:16:49.502 INFO: JdwpEventCenterDelegate: THREAD_RESUMED: thread (33, main, main)
17:16:49.503 INFO: JdwpEventCenterDelegate: THREAD_RESUMED: thread (33, main, main)
17:16:49.505 INFO: JdwpEventCenterDelegate: THREAD_RESUMED: thread (33, main, main)
17:16:49.506 INFO: JdwpEventCenterDelegate: THREAD_RESUMED: thread (33, main, main)
17:16:49.507 INFO: JdwpEventCenterDelegate: THREAD_RESUMED: thread (33, main, main)
17:16:49.508 INFO: JdwpEventCenterDelegate: THREAD_RESUMED: thread (33, main, main)
17:16:49.509 INFO: JdwpEventCenterDelegate: THREAD_RESUMED: thread (33, main, main)
17:16:49.518 INFO: JdwpEventCenterDelegate: THREAD_RESUMED: thread (33, main, main)
17:16:49.519 INFO: JdwpEventCenterDelegate: THREAD_RESUMED: thread (33, main, main)
17:16:49.521 INFO: JdwpEventCenterDelegate: THREAD_RESUMED: thread (33, main, main)
17:16:49.522 INFO: JdwpEventCenterDelegate: THREAD_RESUMED: thread (33, main, main)
17:16:49.523 INFO: JdwpEventCenterDelegate: THREAD_RESUMED: thread (33, main, main)
17:16:49.524 INFO: JdwpEventCenterDelegate: THREAD_RESUMED: thread (33, main, main)
17:16:49.525 INFO: JdwpEventCenterDelegate: THREAD_RESUMED: thread (33, main, main)
17:16:49.527 INFO: JdwpEventCenterDelegate: THREAD_RESUMED: thread (33, main, main)
17:16:49.528 INFO: JdwpEventCenterDelegate: THREAD_RESUMED: thread (33, main, main)
17:16:49.530 INFO: JdwpEventCenterDelegate: THREAD_RESUMED: thread (33, main, main)
17:16:49.531 INFO: JdwpEventCenterDelegate: THREAD_RESUMED: thread (33, main, main)
17:16:49.532 INFO: JdwpEventCenterDelegate: THREAD_RESUMED: thread (33, main, main)
17:16:49.534 INFO: JdwpEventCenterDelegate: THREAD_RESUMED: thread (33, main, main)
17:16:49.535 INFO: JdwpEventCenterDelegate: THREAD_RESUMED: thread (33, main, main)
17:16:49.537 INFO: JdwpEventCenterDelegate: THREAD_RESUMED: thread (33, main, main)
17:16:49.538 INFO: JdwpEventCenterDelegate: THREAD_RESUMED: thread (33, main, main)
17:16:49.540 INFO: JdwpEventCenterDelegate: THREAD_RESUMED: thread (33, main, main)
17:16:49.541 INFO: JdwpEventCenterDelegate: THREAD_RESUMED: thread (33, main, main)
17:16:49.545 INFO: JdwpEventCenterDelegate: THREAD_RESUMED: thread (33, main, main)
17:16:49.546 INFO: JdwpEventCenterDelegate: THREAD_RESUMED: thread (33, main, main)
17:16:49.684 INFO: JdwpEventCenterDelegate: THREAD_STARTED: thread (93, AssetManager, main)
17:16:49.789 INFO: JdwpEventCenterDelegate: THREAD_RESUMED: thread (33, main, main)
17:16:49.792 INFO: JdwpEventCenterDelegate: THREAD_RESUMED: thread (33, main, main)
17:16:52.348 INFO: JdwpEventCenterDelegate: THREAD_RESUMED: thread (33, main, main)
17:16:52.446 INFO: JdwpEventCenterDelegate: THREAD_RESUMED: thread (33, main, main)
17:16:52.448 INFO: JdwpEventCenterDelegate: THREAD_RESUMED: thread (33, main, main)
17:16:52.450 INFO: JdwpEventCenterDelegate: THREAD_RESUMED: thread (33, main, main)
17:16:52.452 INFO: JdwpEventCenterDelegate: THREAD_RESUMED: thread (33, main, main)
17:16:52.454 INFO: JdwpEventCenterDelegate: THREAD_RESUMED: thread (33, main, main)
17:16:52.460 INFO: JdwpEventCenterDelegate: THREAD_RESUMED: thread (33, main, main)
17:16:52.472 INFO: JdwpEventCenterDelegate: THREAD_RESUMED: thread (33, main, main)
17:16:52.474 INFO: JdwpEventCenterDelegate: THREAD_RESUMED: thread (33, main, main)
17:16:52.476 INFO: JdwpEventCenterDelegate: THREAD_RESUMED: thread (33, main, main)
17:16:52.478 INFO: JdwpEventCenterDelegate: THREAD_RESUMED: thread (33, main, main)
17:16:52.480 INFO: JdwpEventCenterDelegate: THREAD_RESUMED: thread (33, main, main)
17:16:52.485 INFO: JdwpEventCenterDelegate: THREAD_RESUMED: thread (33, main, main)
17:16:52.500 INFO: JdwpEventCenterDelegate: THREAD_RESUMED: thread (33, main, main)
17:16:52.502 INFO: JdwpEventCenterDelegate: THREAD_RESUMED: thread (33, main, main)
17:16:52.504 INFO: JdwpEventCenterDelegate: THREAD_RESUMED: thread (33, main, main)
17:16:52.507 INFO: JdwpEventCenterDelegate: THREAD_RESUMED: thread (33, main, main)
17:16:52.509 INFO: JdwpEventCenterDelegate: THREAD_RESUMED: thread (33, main, main)
17:16:52.514 INFO: JdwpEventCenterDelegate: THREAD_RESUMED: thread (33, main, main)
17:16:52.532 INFO: JdwpEventCenterDelegate: THREAD_RESUMED: thread (33, main, main)
17:16:52.534 INFO: JdwpEventCenterDelegate: THREAD_RESUMED: thread (33, main, main)
17:16:52.536 INFO: JdwpEventCenterDelegate: THREAD_RESUMED: thread (33, main, main)
17:16:52.539 INFO: JdwpEventCenterDelegate: THREAD_RESUMED: thread (33, main, main)
17:16:52.541 INFO: JdwpEventCenterDelegate: THREAD_RESUMED: thread (33, main, main)
17:16:52.546 INFO: JdwpEventCenterDelegate: THREAD_RESUMED: thread (33, main, main)
17:16:52.561 INFO: JdwpEventCenterDelegate: THREAD_RESUMED: thread (33, main, main)
17:16:52.563 INFO: JdwpEventCenterDelegate: THREAD_RESUMED: thread (33, main, main)
17:16:52.565 INFO: JdwpEventCenterDelegate: THREAD_RESUMED: thread (33, main, main)
17:16:52.568 INFO: JdwpEventCenterDelegate: THREAD_RESUMED: thread (33, main, main)
17:16:52.570 INFO: JdwpEventCenterDelegate: THREAD_RESUMED: thread (33, main, main)
17:16:52.575 INFO: JdwpEventCenterDelegate: THREAD_RESUMED: thread (33, main, main)
17:16:52.590 INFO: JdwpEventCenterDelegate: THREAD_RESUMED: thread (33, main, main)
17:16:52.592 INFO: JdwpEventCenterDelegate: THREAD_RESUMED: thread (33, main, main)
17:16:52.594 INFO: JdwpEventCenterDelegate: THREAD_RESUMED: thread (33, main, main)
17:16:52.597 INFO: JdwpEventCenterDelegate: THREAD_RESUMED: thread (33, main, main)
17:16:52.599 INFO: JdwpEventCenterDelegate: THREAD_RESUMED: thread (33, main, main)
17:16:52.604 INFO: JdwpEventCenterDelegate: THREAD_RESUMED: thread (33, main, main)
17:16:52.626 INFO: JdwpEventCenterDelegate: THREAD_RESUMED: thread (33, main, main)
17:16:52.628 INFO: JdwpEventCenterDelegate: THREAD_RESUMED: thread (33, main, main)
17:16:52.630 INFO: JdwpEventCenterDelegate: THREAD_RESUMED: thread (33, main, main)
17:16:52.632 INFO: JdwpEventCenterDelegate: THREAD_RESUMED: thread (33, main, main)
17:16:52.634 INFO: JdwpEventCenterDelegate: THREAD_RESUMED: thread (33, main, main)
17:16:52.639 INFO: JdwpEventCenterDelegate: THREAD_RESUMED: thread (33, main, main)
17:16:52.658 INFO: JdwpEventCenterDelegate: THREAD_RESUMED: thread (33, main, main)
17:16:52.660 INFO: JdwpEventCenterDelegate: THREAD_RESUMED: thread (33, main, main)
17:16:52.663 INFO: JdwpEventCenterDelegate: THREAD_RESUMED: thread (33, main, main)
17:16:52.665 INFO: JdwpEventCenterDelegate: THREAD_RESUMED: thread (33, main, main)
17:16:52.667 INFO: JdwpEventCenterDelegate: THREAD_RESUMED: thread (33, main, main)
17:16:52.672 INFO: JdwpEventCenterDelegate: THREAD_RESUMED: thread (33, main, main)
17:16:52.690 INFO: JdwpEventCenterDelegate: THREAD_RESUMED: thread (33, main, main)
17:16:52.693 INFO: JdwpEventCenterDelegate: THREAD_RESUMED: thread (33, main, main)
17:16:52.695 INFO: JdwpEventCenterDelegate: THREAD_RESUMED: thread (33, main, main)
17:16:52.697 INFO: JdwpEventCenterDelegate: THREAD_RESUMED: thread (33, main, main)
17:16:52.699 INFO: JdwpEventCenterDelegate: THREAD_RESUMED: thread (33, main, main)
17:16:52.703 INFO: JdwpEventCenterDelegate: THREAD_RESUMED: thread (33, main, main)
17:16:52.719 INFO: JdwpEventCenterDelegate: THREAD_RESUMED: thread (33, main, main)
17:16:52.721 INFO: JdwpEventCenterDelegate: THREAD_RESUMED: thread (33, main, main)
17:16:52.723 INFO: JdwpEventCenterDelegate: THREAD_RESUMED: thread (33, main, main)
17:16:52.725 INFO: JdwpEventCenterDelegate: THREAD_RESUMED: thread (33, main, main)
17:16:52.728 INFO: JdwpEventCenterDelegate: THREAD_RESUMED: thread (33, main, main)
17:16:52.732 INFO: JdwpEventCenterDelegate: THREAD_RESUMED: thread (33, main, main)
17:16:52.747 INFO: JdwpEventCenterDelegate: THREAD_RESUMED: thread (33, main, main)
17:16:52.749 INFO: JdwpEventCenterDelegate: THREAD_RESUMED: thread (33, main, main)
17:16:52.751 INFO: JdwpEventCenterDelegate: THREAD_RESUMED: thread (33, main, main)
17:16:52.753 INFO: JdwpEventCenterDelegate: THREAD_RESUMED: thread (33, main, main)
17:16:52.755 INFO: JdwpEventCenterDelegate: THREAD_RESUMED: thread (33, main, main)
17:16:52.759 INFO: JdwpEventCenterDelegate: THREAD_RESUMED: thread (33, main, main)
17:16:52.782 INFO: JdwpEventCenterDelegate: THREAD_RESUMED: thread (33, main, main)
17:16:52.784 INFO: JdwpEventCenterDelegate: THREAD_RESUMED: thread (33, main, main)
17:16:52.786 INFO: JdwpEventCenterDelegate: THREAD_RESUMED: thread (33, main, main)
17:16:52.788 INFO: JdwpEventCenterDelegate: THREAD_RESUMED: thread (33, main, main)
17:16:52.790 INFO: JdwpEventCenterDelegate: THREAD_RESUMED: thread (33, main, main)
17:16:52.795 INFO: JdwpEventCenterDelegate: THREAD_RESUMED: thread (33, main, main)
17:16:52.818 INFO: JdwpEventCenterDelegate: THREAD_RESUMED: thread (33, main, main)
17:16:52.820 INFO: JdwpEventCenterDelegate: THREAD_RESUMED: thread (33, main, main)
17:16:52.822 INFO: JdwpEventCenterDelegate: THREAD_RESUMED: thread (33, main, main)
17:16:52.824 INFO: JdwpEventCenterDelegate: THREAD_RESUMED: thread (33, main, main)
17:16:52.826 INFO: JdwpEventCenterDelegate: THREAD_RESUMED: thread (33, main, main)
17:16:52.831 INFO: JdwpEventCenterDelegate: THREAD_RESUMED: thread (33, main, main)
17:16:52.850 INFO: JdwpEventCenterDelegate: THREAD_RESUMED: thread (33, main, main)
17:16:52.853 INFO: JdwpEventCenterDelegate: THREAD_RESUMED: thread (33, main, main)
17:16:52.855 INFO: JdwpEventCenterDelegate: THREAD_RESUMED: thread (33, main, main)
17:16:52.857 INFO: JdwpEventCenterDelegate: THREAD_RESUMED: thread (33, main, main)
17:16:52.859 INFO: JdwpEventCenterDelegate: THREAD_RESUMED: thread (33, main, main)
17:16:52.864 INFO: JdwpEventCenterDelegate: THREAD_RESUMED: thread (33, main, main)
17:16:52.878 INFO: JdwpEventCenterDelegate: THREAD_RESUMED: thread (33, main, main)
17:16:52.880 INFO: JdwpEventCenterDelegate: THREAD_RESUMED: thread (33, main, main)
17:16:52.882 INFO: JdwpEventCenterDelegate: THREAD_RESUMED: thread (33, main, main)
17:16:52.884 INFO: JdwpEventCenterDelegate: THREAD_RESUMED: thread (33, main, main)
17:16:52.886 INFO: JdwpEventCenterDelegate: THREAD_RESUMED: thread (33, main, main)
17:16:52.892 INFO: JdwpEventCenterDelegate: THREAD_RESUMED: thread (33, main, main)
17:16:52.894 INFO: JdwpEventCenterDelegate: THREAD_RESUMED: thread (33, main, main)
17:16:52.896 INFO: JdwpEventCenterDelegate: THREAD_RESUMED: thread (33, main, main)
17:16:52.898 INFO: JdwpEventCenterDelegate: THREAD_RESUMED: thread (33, main, main)
17:16:52.900 INFO: JdwpEventCenterDelegate: THREAD_RESUMED: thread (33, main, main)
17:16:52.902 INFO: JdwpEventCenterDelegate: THREAD_RESUMED: thread (33, main, main)
17:16:52.904 INFO: JdwpEventCenterDelegate: THREAD_RESUMED: thread (33, main, main)
17:16:52.909 INFO: JdwpEventCenterDelegate: THREAD_RESUMED: thread (33, main, main)
17:16:52.911 INFO: JdwpEventCenterDelegate: THREAD_RESUMED: thread (33, main, main)
17:16:52.914 INFO: JdwpEventCenterDelegate: THREAD_RESUMED: thread (33, main, main)
17:16:52.916 INFO: JdwpEventCenterDelegate: THREAD_RESUMED: thread (33, main, main)
17:16:52.927 INFO: JdwpEventCenterDelegate: THREAD_RESUMED: thread (33, main, main)
17:16:52.929 INFO: JdwpEventCenterDelegate: THREAD_RESUMED: thread (33, main, main)
17:16:52.931 INFO: JdwpEventCenterDelegate: THREAD_RESUMED: thread (33, main, main)
17:16:52.933 INFO: JdwpEventCenterDelegate: THREAD_RESUMED: thread (33, main, main)
17:16:52.935 INFO: JdwpEventCenterDelegate: THREAD_RESUMED: thread (33, main, main)
17:16:52.940 INFO: JdwpEventCenterDelegate: THREAD_RESUMED: thread (33, main, main)
17:16:52.953 INFO: JdwpEventCenterDelegate: THREAD_RESUMED: thread (33, main, main)
17:16:52.966 INFO: JdwpEventCenterDelegate: THREAD_RESUMED: thread (33, main, main)
17:16:52.977 INFO: JdwpEventCenterDelegate: THREAD_RESUMED: thread (33, main, main)
17:16:52.990 INFO: JdwpEventCenterDelegate: THREAD_RESUMED: thread (33, main, main)
17:16:53.020 INFO: JdwpEventCenterDelegate: THREAD_RESUMED: thread (33, main, main)
17:16:53.022 INFO: JdwpEventCenterDelegate: THREAD_RESUMED: thread (33, main, main)
17:16:53.024 INFO: JdwpEventCenterDelegate: THREAD_RESUMED: thread (33, main, main)
17:16:53.026 INFO: JdwpEventCenterDelegate: THREAD_RESUMED: thread (33, main, main)
17:16:53.028 INFO: JdwpEventCenterDelegate: THREAD_RESUMED: thread (33, main, main)
17:16:53.033 INFO: JdwpEventCenterDelegate: THREAD_RESUMED: thread (33, main, main)
17:16:53.044 INFO: JdwpEventCenterDelegate: THREAD_RESUMED: thread (33, main, main)
17:16:53.046 INFO: JdwpEventCenterDelegate: THREAD_RESUMED: thread (33, main, main)
17:16:53.048 INFO: JdwpEventCenterDelegate: THREAD_RESUMED: thread (33, main, main)
17:16:53.050 INFO: JdwpEventCenterDelegate: THREAD_RESUMED: thread (33, main, main)
17:16:53.052 INFO: JdwpEventCenterDelegate: THREAD_RESUMED: thread (33, main, main)
17:16:53.057 INFO: JdwpEventCenterDelegate: THREAD_RESUMED: thread (33, main, main)
17:16:53.074 INFO: JdwpEventCenterDelegate: THREAD_RESUMED: thread (33, main, main)
17:16:53.076 INFO: JdwpEventCenterDelegate: THREAD_RESUMED: thread (33, main, main)
17:16:53.078 INFO: JdwpEventCenterDelegate: THREAD_RESUMED: thread (33, main, main)
17:16:53.080 INFO: JdwpEventCenterDelegate: THREAD_RESUMED: thread (33, main, main)
17:16:53.082 INFO: JdwpEventCenterDelegate: THREAD_RESUMED: thread (33, main, main)
17:16:53.087 INFO: JdwpEventCenterDelegate: THREAD_RESUMED: thread (33, main, main)
17:16:53.104 INFO: JdwpEventCenterDelegate: THREAD_RESUMED: thread (33, main, main)
17:16:53.107 INFO: JdwpEventCenterDelegate: THREAD_RESUMED: thread (33, main, main)
17:16:53.109 INFO: JdwpEventCenterDelegate: THREAD_RESUMED: thread (33, main, main)
17:16:53.111 INFO: JdwpEventCenterDelegate: THREAD_RESUMED: thread (33, main, main)
17:16:53.113 INFO: JdwpEventCenterDelegate: THREAD_RESUMED: thread (33, main, main)
17:16:53.117 INFO: JdwpEventCenterDelegate: THREAD_RESUMED: thread (33, main, main)
17:16:53.132 INFO: JdwpEventCenterDelegate: THREAD_RESUMED: thread (33, main, main)
17:16:53.134 INFO: JdwpEventCenterDelegate: THREAD_RESUMED: thread (33, main, main)
17:16:53.136 INFO: JdwpEventCenterDelegate: THREAD_RESUMED: thread (33, main, main)
17:16:53.139 INFO: JdwpEventCenterDelegate: THREAD_RESUMED: thread (33, main, main)
17:16:53.141 INFO: JdwpEventCenterDelegate: THREAD_RESUMED: thread (33, main, main)
17:16:53.145 INFO: JdwpEventCenterDelegate: THREAD_RESUMED: thread (33, main, main)
17:16:53.160 INFO: JdwpEventCenterDelegate: THREAD_RESUMED: thread (33, main, main)
17:16:53.162 INFO: JdwpEventCenterDelegate: THREAD_RESUMED: thread (33, main, main)
17:16:53.164 INFO: JdwpEventCenterDelegate: THREAD_RESUMED: thread (33, main, main)
17:16:53.166 INFO: JdwpEventCenterDelegate: THREAD_RESUMED: thread (33, main, main)
17:16:53.168 INFO: JdwpEventCenterDelegate: THREAD_RESUMED: thread (33, main, main)
17:16:53.173 INFO: JdwpEventCenterDelegate: THREAD_RESUMED: thread (33, main, main)
17:16:53.191 INFO: JdwpEventCenterDelegate: THREAD_RESUMED: thread (33, main, main)
17:16:53.193 INFO: JdwpEventCenterDelegate: THREAD_RESUMED: thread (33, main, main)
17:16:53.195 INFO: JdwpEventCenterDelegate: THREAD_RESUMED: thread (33, main, main)
17:16:53.197 INFO: JdwpEventCenterDelegate: THREAD_RESUMED: thread (33, main, main)
17:16:53.199 INFO: JdwpEventCenterDelegate: THREAD_RESUMED: thread (33, main, main)
17:16:53.203 INFO: JdwpEventCenterDelegate: THREAD_RESUMED: thread (33, main, main)
17:16:53.221 INFO: JdwpEventCenterDelegate: THREAD_RESUMED: thread (33, main, main)
17:16:53.223 INFO: JdwpEventCenterDelegate: THREAD_RESUMED: thread (33, main, main)
17:16:53.225 INFO: JdwpEventCenterDelegate: THREAD_RESUMED: thread (33, main, main)
17:16:53.226 INFO: JdwpEventCenterDelegate: THREAD_RESUMED: thread (33, main, main)
17:16:53.228 INFO: JdwpEventCenterDelegate: THREAD_RESUMED: thread (33, main, main)
17:16:53.233 INFO: JdwpEventCenterDelegate: THREAD_RESUMED: thread (33, main, main)
17:16:53.250 INFO: JdwpEventCenterDelegate: THREAD_RESUMED: thread (33, main, main)
17:16:53.252 INFO: JdwpEventCenterDelegate: THREAD_RESUMED: thread (33, main, main)
17:16:53.254 INFO: JdwpEventCenterDelegate: THREAD_RESUMED: thread (33, main, main)
17:16:53.256 INFO: JdwpEventCenterDelegate: THREAD_RESUMED: thread (33, main, main)
17:16:53.257 INFO: JdwpEventCenterDelegate: THREAD_RESUMED: thread (33, main, main)
17:16:53.261 INFO: JdwpEventCenterDelegate: THREAD_RESUMED: thread (33, main, main)
17:16:53.276 INFO: JdwpEventCenterDelegate: THREAD_RESUMED: thread (33, main, main)
17:16:53.277 INFO: JdwpEventCenterDelegate: THREAD_RESUMED: thread (33, main, main)
17:16:53.280 INFO: JdwpEventCenterDelegate: THREAD_RESUMED: thread (33, main, main)
17:16:53.282 INFO: JdwpEventCenterDelegate: THREAD_RESUMED: thread (33, main, main)
17:16:53.284 INFO: JdwpEventCenterDelegate: THREAD_RESUMED: thread (33, main, main)
17:16:53.289 INFO: JdwpEventCenterDelegate: THREAD_RESUMED: thread (33, main, main)
17:16:53.302 INFO: JdwpEventCenterDelegate: THREAD_RESUMED: thread (33, main, main)
17:16:53.305 INFO: JdwpEventCenterDelegate: THREAD_RESUMED: thread (33, main, main)
17:16:53.307 INFO: JdwpEventCenterDelegate: THREAD_RESUMED: thread (33, main, main)
17:16:53.309 INFO: JdwpEventCenterDelegate: THREAD_RESUMED: thread (33, main, main)
17:16:53.311 INFO: JdwpEventCenterDelegate: THREAD_RESUMED: thread (33, main, main)
17:16:53.316 INFO: JdwpEventCenterDelegate: THREAD_RESUMED: thread (33, main, main)
17:16:53.339 INFO: JdwpEventCenterDelegate: THREAD_RESUMED: thread (33, main, main)
17:16:53.341 INFO: JdwpEventCenterDelegate: THREAD_RESUMED: thread (33, main, main)
17:16:53.343 INFO: JdwpEventCenterDelegate: THREAD_RESUMED: thread (33, main, main)
17:16:53.345 INFO: JdwpEventCenterDelegate: THREAD_RESUMED: thread (33, main, main)
17:16:53.347 INFO: JdwpEventCenterDelegate: THREAD_RESUMED: thread (33, main, main)
17:16:53.352 INFO: JdwpEventCenterDelegate: THREAD_RESUMED: thread (33, main, main)
17:16:53.373 INFO: JdwpEventCenterDelegate: THREAD_RESUMED: thread (33, main, main)
17:16:53.375 INFO: JdwpEventCenterDelegate: THREAD_RESUMED: thread (33, main, main)
17:16:53.377 INFO: JdwpEventCenterDelegate: THREAD_RESUMED: thread (33, main, main)
17:16:53.379 INFO: JdwpEventCenterDelegate: THREAD_RESUMED: thread (33, main, main)
17:16:53.382 INFO: JdwpEventCenterDelegate: THREAD_RESUMED: thread (33, main, main)
17:16:53.386 INFO: JdwpEventCenterDelegate: THREAD_RESUMED: thread (33, main, main)
17:16:53.404 INFO: JdwpEventCenterDelegate: THREAD_RESUMED: thread (33, main, main)
17:16:53.406 INFO: JdwpEventCenterDelegate: THREAD_RESUMED: thread (33, main, main)
17:16:53.409 INFO: JdwpEventCenterDelegate: THREAD_RESUMED: thread (33, main, main)
17:16:53.411 INFO: JdwpEventCenterDelegate: THREAD_RESUMED: thread (33, main, main)
17:16:53.413 INFO: JdwpEventCenterDelegate: THREAD_RESUMED: thread (33, main, main)
17:16:53.418 INFO: JdwpEventCenterDelegate: THREAD_RESUMED: thread (33, main, main)
17:16:53.430 INFO: JdwpEventCenterDelegate: THREAD_RESUMED: thread (33, main, main)
17:16:53.432 INFO: JdwpEventCenterDelegate: THREAD_RESUMED: thread (33, main, main)
17:16:53.435 INFO: JdwpEventCenterDelegate: THREAD_RESUMED: thread (33, main, main)
17:16:53.437 INFO: JdwpEventCenterDelegate: THREAD_RESUMED: thread (33, main, main)
17:16:53.439 INFO: JdwpEventCenterDelegate: THREAD_RESUMED: thread (33, main, main)
17:16:55.163 INFO: JdwpEventCenterDelegate: THREAD_STARTED: thread (108, Timer, main)
17:16:56.036 INFO: JdwpEventCenterDelegate: THREAD_RESUMED: thread (33, main, main)
17:16:56.070 INFO: JdwpEventCenterDelegate: THREAD_RESUMED: thread (33, main, main)
17:16:56.095 INFO: JdwpEventCenterDelegate: THREAD_RESUMED: thread (33, main, main)
17:16:56.114 INFO: JdwpEventCenterDelegate: THREAD_RESUMED: thread (33, main, main)
17:16:56.153 INFO: JdwpEventCenterDelegate: THREAD_RESUMED: thread (33, main, main)
17:16:56.190 INFO: JdwpEventCenterDelegate: THREAD_RESUMED: thread (33, main, main)
17:16:56.207 INFO: JdwpEventCenterDelegate: THREAD_RESUMED: thread (33, main, main)
17:16:56.223 INFO: JdwpEventCenterDelegate: THREAD_RESUMED: thread (33, main, main)
17:16:56.230 INFO: JdwpEventCenterDelegate: THREAD_RESUMED: thread (33, main, main)
17:16:56.244 INFO: JdwpEventCenterDelegate: THREAD_RESUMED: thread (33, main, main)
17:16:56.275 INFO: JdwpEventCenterDelegate: THREAD_RESUMED: thread (33, main, main)
17:16:56.287 INFO: JdwpEventCenterDelegate: THREAD_RESUMED: thread (33, main, main)
17:16:56.299 INFO: JdwpEventCenterDelegate: THREAD_RESUMED: thread (33, main, main)
17:16:56.311 INFO: JdwpEventCenterDelegate: THREAD_RESUMED: thread (33, main, main)
17:16:56.346 INFO: JdwpEventCenterDelegate: THREAD_RESUMED: thread (33, main, main)
17:16:56.379 INFO: JdwpEventCenterDelegate: THREAD_RESUMED: thread (33, main, main)
17:16:56.394 INFO: JdwpEventCenterDelegate: THREAD_RESUMED: thread (33, main, main)
17:16:56.409 INFO: JdwpEventCenterDelegate: THREAD_RESUMED: thread (33, main, main)
17:16:56.415 INFO: JdwpEventCenterDelegate: THREAD_RESUMED: thread (33, main, main)
17:16:56.428 INFO: JdwpEventCenterDelegate: THREAD_RESUMED: thread (33, main, main)
17:20:21.078 INFO: JdwpDebugServer: handling req: VirtualMachine(1).Exit(10)
17:20:21.078 SEVERE: Debugger: Thread JDWP server socket thread crashed
org.robovm.debugger.DebuggerException: Terminating due exit command
	at org.robovm.debugger.jdwp.JdwpDebugServer.doSocketWork(JdwpDebugServer.java:211)
	at java.base/java.lang.Thread.run(Thread.java:834)
	at org.robovm.debugger.utils.DebuggerThread.run(DebuggerThread.java:42)
17:20:21.581 SEVERE: Debugger: Thread HooksChannel socket thread crashed
org.robovm.debugger.DebuggerException: java.io.IOException: org.robovm.libimobiledevice.LibIMobileDeviceException: IDEVICE_E_UNKNOWN_ERROR
	at org.robovm.debugger.hooks.HooksChannel.doSocketWork(HooksChannel.java:149)
	at java.base/java.lang.Thread.run(Thread.java:834)
	at org.robovm.debugger.utils.DebuggerThread.run(DebuggerThread.java:42)
Caused by: java.io.IOException: org.robovm.libimobiledevice.LibIMobileDeviceException: IDEVICE_E_UNKNOWN_ERROR
	at org.robovm.libimobiledevice.IDeviceConnection$DeviceInputStream.read(IDeviceConnection.java:203)
	at org.robovm.debugger.utils.bytebuffer.DataBufferWriter.writeFromStream(DataBufferWriter.java:89)
	at org.robovm.debugger.hooks.HooksChannel.doSocketWork(HooksChannel.java:116)
	... 2 more
Caused by: org.robovm.libimobiledevice.LibIMobileDeviceException: IDEVICE_E_UNKNOWN_ERROR
	at org.robovm.libimobiledevice.IDevice.checkResult(IDevice.java:206)
	at org.robovm.libimobiledevice.IDeviceConnection.receive(IDeviceConnection.java:110)
	at org.robovm.libimobiledevice.IDeviceConnection.receive(IDeviceConnection.java:81)
	at org.robovm.libimobiledevice.IDeviceConnection$DeviceInputStream.read(IDeviceConnection.java:201)
	... 4 more
