18:12:27.070 INFO: JdwpDebugServer: handling req: VirtualMachine(1).IDSizes(7)
18:12:27.071 INFO: JdwpDebugServer: handling req: EventRequest(15).Set(1)
18:12:27.071 INFO: JdwpEventCenterDelegate: jdwpSetEventRequest: JdwpEventRequest{requestId=100, eventKind=CLASS_PREPARE, suspendPolicy=NONE, predicates=[]}
18:12:27.071 INFO: JdwpDebugServer: handling req: EventRequest(15).Set(1)
18:12:27.071 INFO: JdwpEventCenterDelegate: jdwpSetEventRequest: JdwpEventRequest{requestId=101, eventKind=CLASS_UNLOAD, suspendPolicy=NONE, predicates=[]}
18:12:27.085 INFO: JdwpDebugServer: handling req: VirtualMachine(1).Version(1)
18:12:27.085 INFO: JdwpDebugServer: handling req: VirtualMachine(1).capabilitiesNew(17)
18:12:27.085 INFO: JdwpDebugServer: handling req: VirtualMachine(1).capabilities(12)
18:12:27.085 INFO: JdwpDebugServer: handling req: VirtualMachine(1).AllClassesWithGeneric(20)
18:12:27.089 INFO: JdwpDebugServer: handling req: VirtualMachine(1).TopLevelThreadGroups(5)
18:12:27.089 INFO: JdwpDebugServer: handling req: EventRequest(15).Set(1)
18:12:27.089 INFO: JdwpEventCenterDelegate: jdwpSetEventRequest: JdwpEventRequest{requestId=102, eventKind=THREAD_START, suspendPolicy=NONE, predicates=[]}
18:12:27.090 INFO: JdwpDebugServer: handling req: EventRequest(15).Set(1)
18:12:27.090 INFO: JdwpEventCenterDelegate: jdwpSetEventRequest: JdwpEventRequest{requestId=103, eventKind=THREAD_DEATH, suspendPolicy=NONE, predicates=[]}
18:12:27.091 INFO: JdwpDebugServer: handling req: EventRequest(15).Set(1)
18:12:27.091 INFO: JdwpEventCenterDelegate: jdwpSetEventRequest: JdwpEventRequest{requestId=104, eventKind=CLASS_PREPARE, suspendPolicy=EVENT_THREAD, predicates=[className=sun.instrument.InstrumentationImpl]}
18:12:27.091 INFO: JdwpDebugServer: handling req: EventRequest(15).Set(1)
18:12:27.091 INFO: JdwpEventCenterDelegate: jdwpSetEventRequest: JdwpEventRequest{requestId=105, eventKind=CLASS_PREPARE, suspendPolicy=EVENT_THREAD, predicates=[className=sun.instrument.InstrumentationImpl]}
18:12:27.688 INFO: JdwpDebugServer: handling req: VirtualMachine(1).Resume(9)
18:12:27.741 INFO: JdwpEventCenterDelegate: THREAD_STARTED: thread (33, main, main)
18:12:27.763 INFO: JdwpEventCenterDelegate: THREAD_STARTED: thread (48, ReferenceQueueDaemon, main)
18:12:27.768 INFO: JdwpEventCenterDelegate: THREAD_STARTED: thread (63, FinalizerDaemon, main)
18:12:27.774 INFO: JdwpEventCenterDelegate: THREAD_STARTED: thread (78, FinalizerWatchdogDaemon, main)
18:12:27.777 INFO: JdwpEventCenterDelegate: THREAD_RESUMED: thread (33, main, main)
18:12:27.778 INFO: JdwpEventCenterDelegate: THREAD_RESUMED: thread (33, main, main)
18:12:27.779 INFO: JdwpEventCenterDelegate: THREAD_RESUMED: thread (33, main, main)
18:12:27.781 INFO: JdwpEventCenterDelegate: THREAD_RESUMED: thread (33, main, main)
18:12:27.782 INFO: JdwpEventCenterDelegate: THREAD_RESUMED: thread (33, main, main)
18:12:27.783 INFO: JdwpEventCenterDelegate: THREAD_RESUMED: thread (33, main, main)
18:12:27.784 INFO: JdwpEventCenterDelegate: THREAD_RESUMED: thread (33, main, main)
18:12:27.785 INFO: JdwpEventCenterDelegate: THREAD_RESUMED: thread (33, main, main)
18:12:27.787 INFO: JdwpEventCenterDelegate: THREAD_RESUMED: thread (33, main, main)
18:12:27.788 INFO: JdwpEventCenterDelegate: THREAD_RESUMED: thread (33, main, main)
18:12:27.789 INFO: JdwpEventCenterDelegate: THREAD_RESUMED: thread (33, main, main)
18:12:27.790 INFO: JdwpEventCenterDelegate: THREAD_RESUMED: thread (33, main, main)
18:12:27.791 INFO: JdwpEventCenterDelegate: THREAD_RESUMED: thread (33, main, main)
18:12:27.792 INFO: JdwpEventCenterDelegate: THREAD_RESUMED: thread (33, main, main)
18:12:27.794 INFO: JdwpEventCenterDelegate: THREAD_RESUMED: thread (33, main, main)
18:12:27.795 INFO: JdwpEventCenterDelegate: THREAD_RESUMED: thread (33, main, main)
18:12:27.797 INFO: JdwpEventCenterDelegate: THREAD_RESUMED: thread (33, main, main)
18:12:27.798 INFO: JdwpEventCenterDelegate: THREAD_RESUMED: thread (33, main, main)
18:12:27.802 INFO: JdwpEventCenterDelegate: THREAD_RESUMED: thread (33, main, main)
18:12:27.803 INFO: JdwpEventCenterDelegate: THREAD_RESUMED: thread (33, main, main)
18:12:27.805 INFO: JdwpEventCenterDelegate: THREAD_RESUMED: thread (33, main, main)
18:12:27.806 INFO: JdwpEventCenterDelegate: THREAD_RESUMED: thread (33, main, main)
18:12:27.808 INFO: JdwpEventCenterDelegate: THREAD_RESUMED: thread (33, main, main)
18:12:27.809 INFO: JdwpEventCenterDelegate: THREAD_RESUMED: thread (33, main, main)
18:12:27.811 INFO: JdwpEventCenterDelegate: THREAD_RESUMED: thread (33, main, main)
18:12:27.843 INFO: JdwpEventCenterDelegate: THREAD_RESUMED: thread (33, main, main)
18:12:27.844 INFO: JdwpEventCenterDelegate: THREAD_RESUMED: thread (33, main, main)
18:12:27.845 INFO: JdwpEventCenterDelegate: THREAD_RESUMED: thread (33, main, main)
18:12:27.846 INFO: JdwpEventCenterDelegate: THREAD_RESUMED: thread (33, main, main)
18:12:27.848 INFO: JdwpEventCenterDelegate: THREAD_RESUMED: thread (33, main, main)
18:12:27.849 INFO: JdwpEventCenterDelegate: THREAD_RESUMED: thread (33, main, main)
18:12:27.851 INFO: JdwpEventCenterDelegate: THREAD_RESUMED: thread (33, main, main)
18:12:27.853 INFO: JdwpEventCenterDelegate: THREAD_RESUMED: thread (33, main, main)
18:12:27.854 INFO: JdwpEventCenterDelegate: THREAD_RESUMED: thread (33, main, main)
18:12:27.856 INFO: JdwpEventCenterDelegate: THREAD_RESUMED: thread (33, main, main)
18:12:27.857 INFO: JdwpEventCenterDelegate: THREAD_RESUMED: thread (33, main, main)
18:12:27.858 INFO: JdwpEventCenterDelegate: THREAD_RESUMED: thread (33, main, main)
18:12:27.860 INFO: JdwpEventCenterDelegate: THREAD_RESUMED: thread (33, main, main)
18:12:27.861 INFO: JdwpEventCenterDelegate: THREAD_RESUMED: thread (33, main, main)
18:12:27.876 INFO: JdwpEventCenterDelegate: THREAD_RESUMED: thread (33, main, main)
18:12:27.877 INFO: JdwpEventCenterDelegate: THREAD_RESUMED: thread (33, main, main)
18:12:27.878 INFO: JdwpEventCenterDelegate: THREAD_RESUMED: thread (33, main, main)
18:12:27.880 INFO: JdwpEventCenterDelegate: THREAD_RESUMED: thread (33, main, main)
18:12:27.881 INFO: JdwpEventCenterDelegate: THREAD_RESUMED: thread (33, main, main)
18:12:27.882 INFO: JdwpEventCenterDelegate: THREAD_RESUMED: thread (33, main, main)
18:12:27.883 INFO: JdwpEventCenterDelegate: THREAD_RESUMED: thread (33, main, main)
18:12:27.922 INFO: JdwpEventCenterDelegate: THREAD_RESUMED: thread (33, main, main)
18:12:27.923 INFO: JdwpEventCenterDelegate: THREAD_RESUMED: thread (33, main, main)
18:12:27.925 INFO: JdwpEventCenterDelegate: THREAD_RESUMED: thread (33, main, main)
18:12:27.926 INFO: JdwpEventCenterDelegate: THREAD_RESUMED: thread (33, main, main)
18:12:27.927 INFO: JdwpEventCenterDelegate: THREAD_RESUMED: thread (33, main, main)
18:12:27.928 INFO: JdwpEventCenterDelegate: THREAD_RESUMED: thread (33, main, main)
18:12:27.930 INFO: JdwpEventCenterDelegate: THREAD_RESUMED: thread (33, main, main)
18:12:27.941 INFO: JdwpEventCenterDelegate: THREAD_RESUMED: thread (33, main, main)
18:12:27.943 INFO: JdwpEventCenterDelegate: THREAD_RESUMED: thread (33, main, main)
18:12:27.944 INFO: JdwpEventCenterDelegate: THREAD_RESUMED: thread (33, main, main)
18:12:27.945 INFO: JdwpEventCenterDelegate: THREAD_RESUMED: thread (33, main, main)
18:12:27.946 INFO: JdwpEventCenterDelegate: THREAD_RESUMED: thread (33, main, main)
18:12:27.948 INFO: JdwpEventCenterDelegate: THREAD_RESUMED: thread (33, main, main)
18:12:27.949 INFO: JdwpEventCenterDelegate: THREAD_RESUMED: thread (33, main, main)
18:12:27.958 INFO: JdwpEventCenterDelegate: THREAD_RESUMED: thread (33, main, main)
18:12:27.959 INFO: JdwpEventCenterDelegate: THREAD_RESUMED: thread (33, main, main)
18:12:27.960 INFO: JdwpEventCenterDelegate: THREAD_RESUMED: thread (33, main, main)
18:12:27.961 INFO: JdwpEventCenterDelegate: THREAD_RESUMED: thread (33, main, main)
18:12:27.963 INFO: JdwpEventCenterDelegate: THREAD_RESUMED: thread (33, main, main)
18:12:27.965 INFO: JdwpEventCenterDelegate: THREAD_RESUMED: thread (33, main, main)
18:12:27.966 INFO: JdwpEventCenterDelegate: THREAD_RESUMED: thread (33, main, main)
18:12:27.967 INFO: JdwpEventCenterDelegate: THREAD_RESUMED: thread (33, main, main)
18:12:27.969 INFO: JdwpEventCenterDelegate: THREAD_RESUMED: thread (33, main, main)
18:12:27.970 INFO: JdwpEventCenterDelegate: THREAD_RESUMED: thread (33, main, main)
18:12:27.971 INFO: JdwpEventCenterDelegate: THREAD_RESUMED: thread (33, main, main)
18:12:27.973 INFO: JdwpEventCenterDelegate: THREAD_RESUMED: thread (33, main, main)
18:12:27.974 INFO: JdwpEventCenterDelegate: THREAD_RESUMED: thread (33, main, main)
18:12:27.975 INFO: JdwpEventCenterDelegate: THREAD_RESUMED: thread (33, main, main)
18:12:27.977 INFO: JdwpEventCenterDelegate: THREAD_RESUMED: thread (33, main, main)
18:12:27.978 INFO: JdwpEventCenterDelegate: THREAD_RESUMED: thread (33, main, main)
18:12:27.979 INFO: JdwpEventCenterDelegate: THREAD_RESUMED: thread (33, main, main)
18:12:27.981 INFO: JdwpEventCenterDelegate: THREAD_RESUMED: thread (33, main, main)
18:12:27.985 INFO: JdwpEventCenterDelegate: THREAD_RESUMED: thread (33, main, main)
18:12:27.986 INFO: JdwpEventCenterDelegate: THREAD_RESUMED: thread (33, main, main)
18:12:28.111 INFO: JdwpEventCenterDelegate: THREAD_STARTED: thread (93, AssetManager, main)
18:12:28.217 INFO: JdwpEventCenterDelegate: THREAD_RESUMED: thread (33, main, main)
18:12:28.219 INFO: JdwpEventCenterDelegate: THREAD_RESUMED: thread (33, main, main)
18:12:30.784 INFO: JdwpEventCenterDelegate: THREAD_RESUMED: thread (33, main, main)
18:12:30.883 INFO: JdwpEventCenterDelegate: THREAD_RESUMED: thread (33, main, main)
18:12:30.885 INFO: JdwpEventCenterDelegate: THREAD_RESUMED: thread (33, main, main)
18:12:30.886 INFO: JdwpEventCenterDelegate: THREAD_RESUMED: thread (33, main, main)
18:12:30.888 INFO: JdwpEventCenterDelegate: THREAD_RESUMED: thread (33, main, main)
18:12:30.890 INFO: JdwpEventCenterDelegate: THREAD_RESUMED: thread (33, main, main)
18:12:30.895 INFO: JdwpEventCenterDelegate: THREAD_RESUMED: thread (33, main, main)
18:12:30.907 INFO: JdwpEventCenterDelegate: THREAD_RESUMED: thread (33, main, main)
18:12:30.910 INFO: JdwpEventCenterDelegate: THREAD_RESUMED: thread (33, main, main)
18:12:30.912 INFO: JdwpEventCenterDelegate: THREAD_RESUMED: thread (33, main, main)
18:12:30.914 INFO: JdwpEventCenterDelegate: THREAD_RESUMED: thread (33, main, main)
18:12:30.916 INFO: JdwpEventCenterDelegate: THREAD_RESUMED: thread (33, main, main)
18:12:30.921 INFO: JdwpEventCenterDelegate: THREAD_RESUMED: thread (33, main, main)
18:12:30.936 INFO: JdwpEventCenterDelegate: THREAD_RESUMED: thread (33, main, main)
18:12:30.938 INFO: JdwpEventCenterDelegate: THREAD_RESUMED: thread (33, main, main)
18:12:30.940 INFO: JdwpEventCenterDelegate: THREAD_RESUMED: thread (33, main, main)
18:12:30.942 INFO: JdwpEventCenterDelegate: THREAD_RESUMED: thread (33, main, main)
18:12:30.945 INFO: JdwpEventCenterDelegate: THREAD_RESUMED: thread (33, main, main)
18:12:30.950 INFO: JdwpEventCenterDelegate: THREAD_RESUMED: thread (33, main, main)
18:12:30.968 INFO: JdwpEventCenterDelegate: THREAD_RESUMED: thread (33, main, main)
18:12:30.970 INFO: JdwpEventCenterDelegate: THREAD_RESUMED: thread (33, main, main)
18:12:30.972 INFO: JdwpEventCenterDelegate: THREAD_RESUMED: thread (33, main, main)
18:12:30.975 INFO: JdwpEventCenterDelegate: THREAD_RESUMED: thread (33, main, main)
18:12:30.977 INFO: JdwpEventCenterDelegate: THREAD_RESUMED: thread (33, main, main)
18:12:30.982 INFO: JdwpEventCenterDelegate: THREAD_RESUMED: thread (33, main, main)
18:12:30.997 INFO: JdwpEventCenterDelegate: THREAD_RESUMED: thread (33, main, main)
18:12:30.999 INFO: JdwpEventCenterDelegate: THREAD_RESUMED: thread (33, main, main)
18:12:31.002 INFO: JdwpEventCenterDelegate: THREAD_RESUMED: thread (33, main, main)
18:12:31.004 INFO: JdwpEventCenterDelegate: THREAD_RESUMED: thread (33, main, main)
18:12:31.006 INFO: JdwpEventCenterDelegate: THREAD_RESUMED: thread (33, main, main)
18:12:31.011 INFO: JdwpEventCenterDelegate: THREAD_RESUMED: thread (33, main, main)
18:12:31.027 INFO: JdwpEventCenterDelegate: THREAD_RESUMED: thread (33, main, main)
18:12:31.029 INFO: JdwpEventCenterDelegate: THREAD_RESUMED: thread (33, main, main)
18:12:31.031 INFO: JdwpEventCenterDelegate: THREAD_RESUMED: thread (33, main, main)
18:12:31.033 INFO: JdwpEventCenterDelegate: THREAD_RESUMED: thread (33, main, main)
18:12:31.035 INFO: JdwpEventCenterDelegate: THREAD_RESUMED: thread (33, main, main)
18:12:31.040 INFO: JdwpEventCenterDelegate: THREAD_RESUMED: thread (33, main, main)
18:12:31.064 INFO: JdwpEventCenterDelegate: THREAD_RESUMED: thread (33, main, main)
18:12:31.066 INFO: JdwpEventCenterDelegate: THREAD_RESUMED: thread (33, main, main)
18:12:31.068 INFO: JdwpEventCenterDelegate: THREAD_RESUMED: thread (33, main, main)
18:12:31.070 INFO: JdwpEventCenterDelegate: THREAD_RESUMED: thread (33, main, main)
18:12:31.072 INFO: JdwpEventCenterDelegate: THREAD_RESUMED: thread (33, main, main)
18:12:31.077 INFO: JdwpEventCenterDelegate: THREAD_RESUMED: thread (33, main, main)
18:12:31.096 INFO: JdwpEventCenterDelegate: THREAD_RESUMED: thread (33, main, main)
18:12:31.098 INFO: JdwpEventCenterDelegate: THREAD_RESUMED: thread (33, main, main)
18:12:31.100 INFO: JdwpEventCenterDelegate: THREAD_RESUMED: thread (33, main, main)
18:12:31.102 INFO: JdwpEventCenterDelegate: THREAD_RESUMED: thread (33, main, main)
18:12:31.104 INFO: JdwpEventCenterDelegate: THREAD_RESUMED: thread (33, main, main)
18:12:31.109 INFO: JdwpEventCenterDelegate: THREAD_RESUMED: thread (33, main, main)
18:12:31.128 INFO: JdwpEventCenterDelegate: THREAD_RESUMED: thread (33, main, main)
18:12:31.131 INFO: JdwpEventCenterDelegate: THREAD_RESUMED: thread (33, main, main)
18:12:31.133 INFO: JdwpEventCenterDelegate: THREAD_RESUMED: thread (33, main, main)
18:12:31.135 INFO: JdwpEventCenterDelegate: THREAD_RESUMED: thread (33, main, main)
18:12:31.136 INFO: JdwpEventCenterDelegate: THREAD_RESUMED: thread (33, main, main)
18:12:31.141 INFO: JdwpEventCenterDelegate: THREAD_RESUMED: thread (33, main, main)
18:12:31.156 INFO: JdwpEventCenterDelegate: THREAD_RESUMED: thread (33, main, main)
18:12:31.159 INFO: JdwpEventCenterDelegate: THREAD_RESUMED: thread (33, main, main)
18:12:31.161 INFO: JdwpEventCenterDelegate: THREAD_RESUMED: thread (33, main, main)
18:12:31.163 INFO: JdwpEventCenterDelegate: THREAD_RESUMED: thread (33, main, main)
18:12:31.166 INFO: JdwpEventCenterDelegate: THREAD_RESUMED: thread (33, main, main)
18:12:31.170 INFO: JdwpEventCenterDelegate: THREAD_RESUMED: thread (33, main, main)
18:12:31.185 INFO: JdwpEventCenterDelegate: THREAD_RESUMED: thread (33, main, main)
18:12:31.187 INFO: JdwpEventCenterDelegate: THREAD_RESUMED: thread (33, main, main)
18:12:31.189 INFO: JdwpEventCenterDelegate: THREAD_RESUMED: thread (33, main, main)
18:12:31.191 INFO: JdwpEventCenterDelegate: THREAD_RESUMED: thread (33, main, main)
18:12:31.193 INFO: JdwpEventCenterDelegate: THREAD_RESUMED: thread (33, main, main)
18:12:31.198 INFO: JdwpEventCenterDelegate: THREAD_RESUMED: thread (33, main, main)
18:12:31.220 INFO: JdwpEventCenterDelegate: THREAD_RESUMED: thread (33, main, main)
18:12:31.223 INFO: JdwpEventCenterDelegate: THREAD_RESUMED: thread (33, main, main)
18:12:31.225 INFO: JdwpEventCenterDelegate: THREAD_RESUMED: thread (33, main, main)
18:12:31.227 INFO: JdwpEventCenterDelegate: THREAD_RESUMED: thread (33, main, main)
18:12:31.229 INFO: JdwpEventCenterDelegate: THREAD_RESUMED: thread (33, main, main)
18:12:31.234 INFO: JdwpEventCenterDelegate: THREAD_RESUMED: thread (33, main, main)
18:12:31.256 INFO: JdwpEventCenterDelegate: THREAD_RESUMED: thread (33, main, main)
18:12:31.259 INFO: JdwpEventCenterDelegate: THREAD_RESUMED: thread (33, main, main)
18:12:31.261 INFO: JdwpEventCenterDelegate: THREAD_RESUMED: thread (33, main, main)
18:12:31.263 INFO: JdwpEventCenterDelegate: THREAD_RESUMED: thread (33, main, main)
18:12:31.265 INFO: JdwpEventCenterDelegate: THREAD_RESUMED: thread (33, main, main)
18:12:31.270 INFO: JdwpEventCenterDelegate: THREAD_RESUMED: thread (33, main, main)
18:12:31.289 INFO: JdwpEventCenterDelegate: THREAD_RESUMED: thread (33, main, main)
18:12:31.291 INFO: JdwpEventCenterDelegate: THREAD_RESUMED: thread (33, main, main)
18:12:31.294 INFO: JdwpEventCenterDelegate: THREAD_RESUMED: thread (33, main, main)
18:12:31.296 INFO: JdwpEventCenterDelegate: THREAD_RESUMED: thread (33, main, main)
18:12:31.298 INFO: JdwpEventCenterDelegate: THREAD_RESUMED: thread (33, main, main)
18:12:31.303 INFO: JdwpEventCenterDelegate: THREAD_RESUMED: thread (33, main, main)
18:12:31.316 INFO: JdwpEventCenterDelegate: THREAD_RESUMED: thread (33, main, main)
18:12:31.318 INFO: JdwpEventCenterDelegate: THREAD_RESUMED: thread (33, main, main)
18:12:31.320 INFO: JdwpEventCenterDelegate: THREAD_RESUMED: thread (33, main, main)
18:12:31.322 INFO: JdwpEventCenterDelegate: THREAD_RESUMED: thread (33, main, main)
18:12:31.324 INFO: JdwpEventCenterDelegate: THREAD_RESUMED: thread (33, main, main)
18:12:31.330 INFO: JdwpEventCenterDelegate: THREAD_RESUMED: thread (33, main, main)
18:12:31.332 INFO: JdwpEventCenterDelegate: THREAD_RESUMED: thread (33, main, main)
18:12:31.334 INFO: JdwpEventCenterDelegate: THREAD_RESUMED: thread (33, main, main)
18:12:31.336 INFO: JdwpEventCenterDelegate: THREAD_RESUMED: thread (33, main, main)
18:12:31.339 INFO: JdwpEventCenterDelegate: THREAD_RESUMED: thread (33, main, main)
18:12:31.341 INFO: JdwpEventCenterDelegate: THREAD_RESUMED: thread (33, main, main)
18:12:31.343 INFO: JdwpEventCenterDelegate: THREAD_RESUMED: thread (33, main, main)
18:12:31.347 INFO: JdwpEventCenterDelegate: THREAD_RESUMED: thread (33, main, main)
18:12:31.349 INFO: JdwpEventCenterDelegate: THREAD_RESUMED: thread (33, main, main)
18:12:31.351 INFO: JdwpEventCenterDelegate: THREAD_RESUMED: thread (33, main, main)
18:12:31.354 INFO: JdwpEventCenterDelegate: THREAD_RESUMED: thread (33, main, main)
18:12:31.365 INFO: JdwpEventCenterDelegate: THREAD_RESUMED: thread (33, main, main)
18:12:31.367 INFO: JdwpEventCenterDelegate: THREAD_RESUMED: thread (33, main, main)
18:12:31.369 INFO: JdwpEventCenterDelegate: THREAD_RESUMED: thread (33, main, main)
18:12:31.371 INFO: JdwpEventCenterDelegate: THREAD_RESUMED: thread (33, main, main)
18:12:31.373 INFO: JdwpEventCenterDelegate: THREAD_RESUMED: thread (33, main, main)
18:12:31.378 INFO: JdwpEventCenterDelegate: THREAD_RESUMED: thread (33, main, main)
18:12:31.390 INFO: JdwpEventCenterDelegate: THREAD_RESUMED: thread (33, main, main)
18:12:31.403 INFO: JdwpEventCenterDelegate: THREAD_RESUMED: thread (33, main, main)
18:12:31.414 INFO: JdwpEventCenterDelegate: THREAD_RESUMED: thread (33, main, main)
18:12:31.427 INFO: JdwpEventCenterDelegate: THREAD_RESUMED: thread (33, main, main)
18:12:31.457 INFO: JdwpEventCenterDelegate: THREAD_RESUMED: thread (33, main, main)
18:12:31.459 INFO: JdwpEventCenterDelegate: THREAD_RESUMED: thread (33, main, main)
18:12:31.461 INFO: JdwpEventCenterDelegate: THREAD_RESUMED: thread (33, main, main)
18:12:31.463 INFO: JdwpEventCenterDelegate: THREAD_RESUMED: thread (33, main, main)
18:12:31.466 INFO: JdwpEventCenterDelegate: THREAD_RESUMED: thread (33, main, main)
18:12:31.470 INFO: JdwpEventCenterDelegate: THREAD_RESUMED: thread (33, main, main)
18:12:31.482 INFO: JdwpEventCenterDelegate: THREAD_RESUMED: thread (33, main, main)
18:12:31.484 INFO: JdwpEventCenterDelegate: THREAD_RESUMED: thread (33, main, main)
18:12:31.486 INFO: JdwpEventCenterDelegate: THREAD_RESUMED: thread (33, main, main)
18:12:31.488 INFO: JdwpEventCenterDelegate: THREAD_RESUMED: thread (33, main, main)
18:12:31.490 INFO: JdwpEventCenterDelegate: THREAD_RESUMED: thread (33, main, main)
18:12:31.495 INFO: JdwpEventCenterDelegate: THREAD_RESUMED: thread (33, main, main)
18:12:31.512 INFO: JdwpEventCenterDelegate: THREAD_RESUMED: thread (33, main, main)
18:12:31.514 INFO: JdwpEventCenterDelegate: THREAD_RESUMED: thread (33, main, main)
18:12:31.516 INFO: JdwpEventCenterDelegate: THREAD_RESUMED: thread (33, main, main)
18:12:31.518 INFO: JdwpEventCenterDelegate: THREAD_RESUMED: thread (33, main, main)
18:12:31.520 INFO: JdwpEventCenterDelegate: THREAD_RESUMED: thread (33, main, main)
18:12:31.525 INFO: JdwpEventCenterDelegate: THREAD_RESUMED: thread (33, main, main)
18:12:31.543 INFO: JdwpEventCenterDelegate: THREAD_RESUMED: thread (33, main, main)
18:12:31.545 INFO: JdwpEventCenterDelegate: THREAD_RESUMED: thread (33, main, main)
18:12:31.547 INFO: JdwpEventCenterDelegate: THREAD_RESUMED: thread (33, main, main)
18:12:31.549 INFO: JdwpEventCenterDelegate: THREAD_RESUMED: thread (33, main, main)
18:12:31.552 INFO: JdwpEventCenterDelegate: THREAD_RESUMED: thread (33, main, main)
18:12:31.556 INFO: JdwpEventCenterDelegate: THREAD_RESUMED: thread (33, main, main)
18:12:31.571 INFO: JdwpEventCenterDelegate: THREAD_RESUMED: thread (33, main, main)
18:12:31.573 INFO: JdwpEventCenterDelegate: THREAD_RESUMED: thread (33, main, main)
18:12:31.576 INFO: JdwpEventCenterDelegate: THREAD_RESUMED: thread (33, main, main)
18:12:31.578 INFO: JdwpEventCenterDelegate: THREAD_RESUMED: thread (33, main, main)
18:12:31.579 INFO: JdwpEventCenterDelegate: THREAD_RESUMED: thread (33, main, main)
18:12:31.584 INFO: JdwpEventCenterDelegate: THREAD_RESUMED: thread (33, main, main)
18:12:31.598 INFO: JdwpEventCenterDelegate: THREAD_RESUMED: thread (33, main, main)
18:12:31.601 INFO: JdwpEventCenterDelegate: THREAD_RESUMED: thread (33, main, main)
18:12:31.602 INFO: JdwpEventCenterDelegate: THREAD_RESUMED: thread (33, main, main)
18:12:31.604 INFO: JdwpEventCenterDelegate: THREAD_RESUMED: thread (33, main, main)
18:12:31.606 INFO: JdwpEventCenterDelegate: THREAD_RESUMED: thread (33, main, main)
18:12:31.610 INFO: JdwpEventCenterDelegate: THREAD_RESUMED: thread (33, main, main)
18:12:31.628 INFO: JdwpEventCenterDelegate: THREAD_RESUMED: thread (33, main, main)
18:12:31.630 INFO: JdwpEventCenterDelegate: THREAD_RESUMED: thread (33, main, main)
18:12:31.632 INFO: JdwpEventCenterDelegate: THREAD_RESUMED: thread (33, main, main)
18:12:31.634 INFO: JdwpEventCenterDelegate: THREAD_RESUMED: thread (33, main, main)
18:12:31.636 INFO: JdwpEventCenterDelegate: THREAD_RESUMED: thread (33, main, main)
18:12:31.640 INFO: JdwpEventCenterDelegate: THREAD_RESUMED: thread (33, main, main)
18:12:31.658 INFO: JdwpEventCenterDelegate: THREAD_RESUMED: thread (33, main, main)
18:12:31.660 INFO: JdwpEventCenterDelegate: THREAD_RESUMED: thread (33, main, main)
18:12:31.662 INFO: JdwpEventCenterDelegate: THREAD_RESUMED: thread (33, main, main)
18:12:31.664 INFO: JdwpEventCenterDelegate: THREAD_RESUMED: thread (33, main, main)
18:12:31.667 INFO: JdwpEventCenterDelegate: THREAD_RESUMED: thread (33, main, main)
18:12:31.671 INFO: JdwpEventCenterDelegate: THREAD_RESUMED: thread (33, main, main)
18:12:31.688 INFO: JdwpEventCenterDelegate: THREAD_RESUMED: thread (33, main, main)
18:12:31.690 INFO: JdwpEventCenterDelegate: THREAD_RESUMED: thread (33, main, main)
18:12:31.692 INFO: JdwpEventCenterDelegate: THREAD_RESUMED: thread (33, main, main)
18:12:31.694 INFO: JdwpEventCenterDelegate: THREAD_RESUMED: thread (33, main, main)
18:12:31.696 INFO: JdwpEventCenterDelegate: THREAD_RESUMED: thread (33, main, main)
18:12:31.699 INFO: JdwpEventCenterDelegate: THREAD_RESUMED: thread (33, main, main)
18:12:31.718 INFO: JdwpEventCenterDelegate: THREAD_RESUMED: thread (33, main, main)
18:12:31.721 INFO: JdwpEventCenterDelegate: THREAD_RESUMED: thread (33, main, main)
18:12:31.723 INFO: JdwpEventCenterDelegate: THREAD_RESUMED: thread (33, main, main)
18:12:31.725 INFO: JdwpEventCenterDelegate: THREAD_RESUMED: thread (33, main, main)
18:12:31.727 INFO: JdwpEventCenterDelegate: THREAD_RESUMED: thread (33, main, main)
18:12:31.732 INFO: JdwpEventCenterDelegate: THREAD_RESUMED: thread (33, main, main)
18:12:31.746 INFO: JdwpEventCenterDelegate: THREAD_RESUMED: thread (33, main, main)
18:12:31.748 INFO: JdwpEventCenterDelegate: THREAD_RESUMED: thread (33, main, main)
18:12:31.750 INFO: JdwpEventCenterDelegate: THREAD_RESUMED: thread (33, main, main)
18:12:31.752 INFO: JdwpEventCenterDelegate: THREAD_RESUMED: thread (33, main, main)
18:12:31.754 INFO: JdwpEventCenterDelegate: THREAD_RESUMED: thread (33, main, main)
18:12:31.759 INFO: JdwpEventCenterDelegate: THREAD_RESUMED: thread (33, main, main)
18:12:31.777 INFO: JdwpEventCenterDelegate: THREAD_RESUMED: thread (33, main, main)
18:12:31.780 INFO: JdwpEventCenterDelegate: THREAD_RESUMED: thread (33, main, main)
18:12:31.782 INFO: JdwpEventCenterDelegate: THREAD_RESUMED: thread (33, main, main)
18:12:31.784 INFO: JdwpEventCenterDelegate: THREAD_RESUMED: thread (33, main, main)
18:12:31.786 INFO: JdwpEventCenterDelegate: THREAD_RESUMED: thread (33, main, main)
18:12:31.791 INFO: JdwpEventCenterDelegate: THREAD_RESUMED: thread (33, main, main)
18:12:31.812 INFO: JdwpEventCenterDelegate: THREAD_RESUMED: thread (33, main, main)
18:12:31.814 INFO: JdwpEventCenterDelegate: THREAD_RESUMED: thread (33, main, main)
18:12:31.816 INFO: JdwpEventCenterDelegate: THREAD_RESUMED: thread (33, main, main)
18:12:31.818 INFO: JdwpEventCenterDelegate: THREAD_RESUMED: thread (33, main, main)
18:12:31.820 INFO: JdwpEventCenterDelegate: THREAD_RESUMED: thread (33, main, main)
18:12:31.825 INFO: JdwpEventCenterDelegate: THREAD_RESUMED: thread (33, main, main)
18:12:31.842 INFO: JdwpEventCenterDelegate: THREAD_RESUMED: thread (33, main, main)
18:12:31.844 INFO: JdwpEventCenterDelegate: THREAD_RESUMED: thread (33, main, main)
18:12:31.847 INFO: JdwpEventCenterDelegate: THREAD_RESUMED: thread (33, main, main)
18:12:31.849 INFO: JdwpEventCenterDelegate: THREAD_RESUMED: thread (33, main, main)
18:12:31.851 INFO: JdwpEventCenterDelegate: THREAD_RESUMED: thread (33, main, main)
18:12:31.856 INFO: JdwpEventCenterDelegate: THREAD_RESUMED: thread (33, main, main)
18:12:31.868 INFO: JdwpEventCenterDelegate: THREAD_RESUMED: thread (33, main, main)
18:12:31.870 INFO: JdwpEventCenterDelegate: THREAD_RESUMED: thread (33, main, main)
18:12:31.873 INFO: JdwpEventCenterDelegate: THREAD_RESUMED: thread (33, main, main)
18:12:31.875 INFO: JdwpEventCenterDelegate: THREAD_RESUMED: thread (33, main, main)
18:12:31.877 INFO: JdwpEventCenterDelegate: THREAD_RESUMED: thread (33, main, main)
18:12:34.368 INFO: JdwpEventCenterDelegate: THREAD_STARTED: thread (108, Timer, main)
18:12:35.259 INFO: JdwpEventCenterDelegate: THREAD_RESUMED: thread (33, main, main)
18:12:35.293 INFO: JdwpEventCenterDelegate: THREAD_RESUMED: thread (33, main, main)
18:12:35.318 INFO: JdwpEventCenterDelegate: THREAD_RESUMED: thread (33, main, main)
18:12:35.336 INFO: JdwpEventCenterDelegate: THREAD_RESUMED: thread (33, main, main)
18:12:35.378 INFO: JdwpEventCenterDelegate: THREAD_RESUMED: thread (33, main, main)
18:12:35.412 INFO: JdwpEventCenterDelegate: THREAD_RESUMED: thread (33, main, main)
18:12:35.429 INFO: JdwpEventCenterDelegate: THREAD_RESUMED: thread (33, main, main)
18:12:35.445 INFO: JdwpEventCenterDelegate: THREAD_RESUMED: thread (33, main, main)
18:12:35.452 INFO: JdwpEventCenterDelegate: THREAD_RESUMED: thread (33, main, main)
18:12:35.466 INFO: JdwpEventCenterDelegate: THREAD_RESUMED: thread (33, main, main)
18:12:35.497 INFO: JdwpEventCenterDelegate: THREAD_RESUMED: thread (33, main, main)
18:12:35.509 INFO: JdwpEventCenterDelegate: THREAD_RESUMED: thread (33, main, main)
18:12:35.522 INFO: JdwpEventCenterDelegate: THREAD_RESUMED: thread (33, main, main)
18:12:35.534 INFO: JdwpEventCenterDelegate: THREAD_RESUMED: thread (33, main, main)
18:12:35.569 INFO: JdwpEventCenterDelegate: THREAD_RESUMED: thread (33, main, main)
18:12:35.602 INFO: JdwpEventCenterDelegate: THREAD_RESUMED: thread (33, main, main)
18:12:35.618 INFO: JdwpEventCenterDelegate: THREAD_RESUMED: thread (33, main, main)
18:12:35.632 INFO: JdwpEventCenterDelegate: THREAD_RESUMED: thread (33, main, main)
18:12:35.638 INFO: JdwpEventCenterDelegate: THREAD_RESUMED: thread (33, main, main)
18:12:35.651 INFO: JdwpEventCenterDelegate: THREAD_RESUMED: thread (33, main, main)
18:13:03.837 INFO: JdwpEventCenterDelegate: THREAD_RESUMED: thread (33, main, main)
18:13:03.882 INFO: JdwpEventCenterDelegate: THREAD_RESUMED: thread (33, main, main)
18:13:03.909 INFO: JdwpEventCenterDelegate: THREAD_RESUMED: thread (33, main, main)
18:13:03.930 INFO: JdwpEventCenterDelegate: THREAD_RESUMED: thread (33, main, main)
18:13:03.970 INFO: JdwpEventCenterDelegate: THREAD_RESUMED: thread (33, main, main)
18:13:04.005 INFO: JdwpEventCenterDelegate: THREAD_RESUMED: thread (33, main, main)
18:13:04.022 INFO: JdwpEventCenterDelegate: THREAD_RESUMED: thread (33, main, main)
18:13:04.038 INFO: JdwpEventCenterDelegate: THREAD_RESUMED: thread (33, main, main)
18:13:04.044 INFO: JdwpEventCenterDelegate: THREAD_RESUMED: thread (33, main, main)
18:13:04.058 INFO: JdwpEventCenterDelegate: THREAD_RESUMED: thread (33, main, main)
18:13:04.088 INFO: JdwpEventCenterDelegate: THREAD_RESUMED: thread (33, main, main)
18:13:04.100 INFO: JdwpEventCenterDelegate: THREAD_RESUMED: thread (33, main, main)
18:13:04.113 INFO: JdwpEventCenterDelegate: THREAD_RESUMED: thread (33, main, main)
18:13:04.125 INFO: JdwpEventCenterDelegate: THREAD_RESUMED: thread (33, main, main)
18:13:04.161 INFO: JdwpEventCenterDelegate: THREAD_RESUMED: thread (33, main, main)
18:13:04.195 INFO: JdwpEventCenterDelegate: THREAD_RESUMED: thread (33, main, main)
18:13:04.215 INFO: JdwpEventCenterDelegate: THREAD_RESUMED: thread (33, main, main)
18:13:04.230 INFO: JdwpEventCenterDelegate: THREAD_RESUMED: thread (33, main, main)
18:13:04.236 INFO: JdwpEventCenterDelegate: THREAD_RESUMED: thread (33, main, main)
18:13:04.253 INFO: JdwpEventCenterDelegate: THREAD_RESUMED: thread (33, main, main)
18:13:04.286 INFO: JdwpEventCenterDelegate: THREAD_RESUMED: thread (33, main, main)
18:14:52.979 INFO: JdwpDebugServer: handling req: VirtualMachine(1).Exit(10)
18:14:52.980 SEVERE: Debugger: Thread JDWP server socket thread crashed
org.robovm.debugger.DebuggerException: Terminating due exit command
	at org.robovm.debugger.jdwp.JdwpDebugServer.doSocketWork(JdwpDebugServer.java:211)
	at java.base/java.lang.Thread.run(Thread.java:834)
	at org.robovm.debugger.utils.DebuggerThread.run(DebuggerThread.java:42)
18:14:53.486 SEVERE: Debugger: Thread HooksChannel socket thread crashed
org.robovm.debugger.DebuggerException: java.io.IOException: org.robovm.libimobiledevice.LibIMobileDeviceException: IDEVICE_E_UNKNOWN_ERROR
	at org.robovm.debugger.hooks.HooksChannel.doSocketWork(HooksChannel.java:149)
	at java.base/java.lang.Thread.run(Thread.java:834)
	at org.robovm.debugger.utils.DebuggerThread.run(DebuggerThread.java:42)
Caused by: java.io.IOException: org.robovm.libimobiledevice.LibIMobileDeviceException: IDEVICE_E_UNKNOWN_ERROR
	at org.robovm.libimobiledevice.IDeviceConnection$DeviceInputStream.read(IDeviceConnection.java:203)
	at org.robovm.debugger.utils.bytebuffer.DataBufferWriter.writeFromStream(DataBufferWriter.java:89)
	at org.robovm.debugger.hooks.HooksChannel.doSocketWork(HooksChannel.java:116)
	... 2 more
Caused by: org.robovm.libimobiledevice.LibIMobileDeviceException: IDEVICE_E_UNKNOWN_ERROR
	at org.robovm.libimobiledevice.IDevice.checkResult(IDevice.java:206)
	at org.robovm.libimobiledevice.IDeviceConnection.receive(IDeviceConnection.java:110)
	at org.robovm.libimobiledevice.IDeviceConnection.receive(IDeviceConnection.java:81)
	at org.robovm.libimobiledevice.IDeviceConnection$DeviceInputStream.read(IDeviceConnection.java:201)
	... 4 more
