20:12:27.017 INFO: JdwpDebugServer: handling req: VirtualMachine(1).IDSizes(7)
20:12:27.018 INFO: JdwpDebugServer: handling req: EventRequest(15).Set(1)
20:12:27.018 INFO: JdwpEventCenterDelegate: jdwpSetEventRequest: JdwpEventRequest{requestId=100, eventKind=CLASS_PREPARE, suspendPolicy=NONE, predicates=[]}
20:12:27.018 INFO: JdwpDebugServer: handling req: EventRequest(15).Set(1)
20:12:27.018 INFO: JdwpEventCenterDelegate: jdwpSetEventRequest: JdwpEventRequest{requestId=101, eventKind=CLASS_UNLOAD, suspendPolicy=NONE, predicates=[]}
20:12:27.032 INFO: JdwpDebugServer: handling req: VirtualMachine(1).Version(1)
20:12:27.033 INFO: JdwpDebugServer: handling req: VirtualMachine(1).capabilitiesNew(17)
20:12:27.033 INFO: JdwpDebugServer: handling req: VirtualMachine(1).capabilities(12)
20:12:27.033 INFO: JdwpDebugServer: handling req: VirtualMachine(1).AllClassesWithGeneric(20)
20:12:27.037 INFO: JdwpDebugServer: handling req: VirtualMachine(1).TopLevelThreadGroups(5)
20:12:27.037 INFO: JdwpDebugServer: handling req: EventRequest(15).Set(1)
20:12:27.037 INFO: JdwpEventCenterDelegate: jdwpSetEventRequest: JdwpEventRequest{requestId=102, eventKind=THREAD_START, suspendPolicy=NONE, predicates=[]}
20:12:27.037 INFO: JdwpDebugServer: handling req: EventRequest(15).Set(1)
20:12:27.037 INFO: JdwpEventCenterDelegate: jdwpSetEventRequest: JdwpEventRequest{requestId=103, eventKind=THREAD_DEATH, suspendPolicy=NONE, predicates=[]}
20:12:27.038 INFO: JdwpDebugServer: handling req: EventRequest(15).Set(1)
20:12:27.038 INFO: JdwpEventCenterDelegate: jdwpSetEventRequest: JdwpEventRequest{requestId=104, eventKind=CLASS_PREPARE, suspendPolicy=EVENT_THREAD, predicates=[className=sun.instrument.InstrumentationImpl]}
20:12:27.038 INFO: JdwpDebugServer: handling req: EventRequest(15).Set(1)
20:12:27.038 INFO: JdwpEventCenterDelegate: jdwpSetEventRequest: JdwpEventRequest{requestId=105, eventKind=CLASS_PREPARE, suspendPolicy=EVENT_THREAD, predicates=[className=sun.instrument.InstrumentationImpl]}
20:12:27.630 INFO: JdwpDebugServer: handling req: VirtualMachine(1).Resume(9)
20:12:27.685 INFO: JdwpEventCenterDelegate: THREAD_STARTED: thread (33, main, main)
20:12:27.707 INFO: JdwpEventCenterDelegate: THREAD_STARTED: thread (48, ReferenceQueueDaemon, main)
20:12:27.715 INFO: JdwpEventCenterDelegate: THREAD_STARTED: thread (63, FinalizerDaemon, main)
20:12:27.722 INFO: JdwpEventCenterDelegate: THREAD_STARTED: thread (78, FinalizerWatchdogDaemon, main)
20:12:27.725 INFO: JdwpEventCenterDelegate: THREAD_RESUMED: thread (33, main, main)
20:12:27.727 INFO: JdwpEventCenterDelegate: THREAD_RESUMED: thread (33, main, main)
20:12:27.728 INFO: JdwpEventCenterDelegate: THREAD_RESUMED: thread (33, main, main)
20:12:27.730 INFO: JdwpEventCenterDelegate: THREAD_RESUMED: thread (33, main, main)
20:12:27.732 INFO: JdwpEventCenterDelegate: THREAD_RESUMED: thread (33, main, main)
20:12:27.733 INFO: JdwpEventCenterDelegate: THREAD_RESUMED: thread (33, main, main)
20:12:27.735 INFO: JdwpEventCenterDelegate: THREAD_RESUMED: thread (33, main, main)
20:12:27.736 INFO: JdwpEventCenterDelegate: THREAD_RESUMED: thread (33, main, main)
20:12:27.738 INFO: JdwpEventCenterDelegate: THREAD_RESUMED: thread (33, main, main)
20:12:27.739 INFO: JdwpEventCenterDelegate: THREAD_RESUMED: thread (33, main, main)
20:12:27.740 INFO: JdwpEventCenterDelegate: THREAD_RESUMED: thread (33, main, main)
20:12:27.742 INFO: JdwpEventCenterDelegate: THREAD_RESUMED: thread (33, main, main)
20:12:27.743 INFO: JdwpEventCenterDelegate: THREAD_RESUMED: thread (33, main, main)
20:12:27.745 INFO: JdwpEventCenterDelegate: THREAD_RESUMED: thread (33, main, main)
20:12:27.746 INFO: JdwpEventCenterDelegate: THREAD_RESUMED: thread (33, main, main)
20:12:27.747 INFO: JdwpEventCenterDelegate: THREAD_RESUMED: thread (33, main, main)
20:12:27.748 INFO: JdwpEventCenterDelegate: THREAD_RESUMED: thread (33, main, main)
20:12:27.750 INFO: JdwpEventCenterDelegate: THREAD_RESUMED: thread (33, main, main)
20:12:27.755 INFO: JdwpEventCenterDelegate: THREAD_RESUMED: thread (33, main, main)
20:12:27.756 INFO: JdwpEventCenterDelegate: THREAD_RESUMED: thread (33, main, main)
20:12:27.758 INFO: JdwpEventCenterDelegate: THREAD_RESUMED: thread (33, main, main)
20:12:27.760 INFO: JdwpEventCenterDelegate: THREAD_RESUMED: thread (33, main, main)
20:12:27.762 INFO: JdwpEventCenterDelegate: THREAD_RESUMED: thread (33, main, main)
20:12:27.763 INFO: JdwpEventCenterDelegate: THREAD_RESUMED: thread (33, main, main)
20:12:27.765 INFO: JdwpEventCenterDelegate: THREAD_RESUMED: thread (33, main, main)
20:12:27.802 INFO: JdwpEventCenterDelegate: THREAD_RESUMED: thread (33, main, main)
20:12:27.803 INFO: JdwpEventCenterDelegate: THREAD_RESUMED: thread (33, main, main)
20:12:27.804 INFO: JdwpEventCenterDelegate: THREAD_RESUMED: thread (33, main, main)
20:12:27.806 INFO: JdwpEventCenterDelegate: THREAD_RESUMED: thread (33, main, main)
20:12:27.807 INFO: JdwpEventCenterDelegate: THREAD_RESUMED: thread (33, main, main)
20:12:27.808 INFO: JdwpEventCenterDelegate: THREAD_RESUMED: thread (33, main, main)
20:12:27.810 INFO: JdwpEventCenterDelegate: THREAD_RESUMED: thread (33, main, main)
20:12:27.812 INFO: JdwpEventCenterDelegate: THREAD_RESUMED: thread (33, main, main)
20:12:27.813 INFO: JdwpEventCenterDelegate: THREAD_RESUMED: thread (33, main, main)
20:12:27.815 INFO: JdwpEventCenterDelegate: THREAD_RESUMED: thread (33, main, main)
20:12:27.815 INFO: JdwpEventCenterDelegate: THREAD_RESUMED: thread (33, main, main)
20:12:27.817 INFO: JdwpEventCenterDelegate: THREAD_RESUMED: thread (33, main, main)
20:12:27.818 INFO: JdwpEventCenterDelegate: THREAD_RESUMED: thread (33, main, main)
20:12:27.819 INFO: JdwpEventCenterDelegate: THREAD_RESUMED: thread (33, main, main)
20:12:27.835 INFO: JdwpEventCenterDelegate: THREAD_RESUMED: thread (33, main, main)
20:12:27.837 INFO: JdwpEventCenterDelegate: THREAD_RESUMED: thread (33, main, main)
20:12:27.838 INFO: JdwpEventCenterDelegate: THREAD_RESUMED: thread (33, main, main)
20:12:27.840 INFO: JdwpEventCenterDelegate: THREAD_RESUMED: thread (33, main, main)
20:12:27.841 INFO: JdwpEventCenterDelegate: THREAD_RESUMED: thread (33, main, main)
20:12:27.843 INFO: JdwpEventCenterDelegate: THREAD_RESUMED: thread (33, main, main)
20:12:27.844 INFO: JdwpEventCenterDelegate: THREAD_RESUMED: thread (33, main, main)
20:12:27.868 INFO: JdwpEventCenterDelegate: THREAD_RESUMED: thread (33, main, main)
20:12:27.869 INFO: JdwpEventCenterDelegate: THREAD_RESUMED: thread (33, main, main)
20:12:27.870 INFO: JdwpEventCenterDelegate: THREAD_RESUMED: thread (33, main, main)
20:12:27.872 INFO: JdwpEventCenterDelegate: THREAD_RESUMED: thread (33, main, main)
20:12:27.873 INFO: JdwpEventCenterDelegate: THREAD_RESUMED: thread (33, main, main)
20:12:27.875 INFO: JdwpEventCenterDelegate: THREAD_RESUMED: thread (33, main, main)
20:12:27.876 INFO: JdwpEventCenterDelegate: THREAD_RESUMED: thread (33, main, main)
20:12:27.879 INFO: JdwpEventCenterDelegate: THREAD_RESUMED: thread (33, main, main)
20:12:27.880 INFO: JdwpEventCenterDelegate: THREAD_RESUMED: thread (33, main, main)
20:12:27.882 INFO: JdwpEventCenterDelegate: THREAD_RESUMED: thread (33, main, main)
20:12:27.883 INFO: JdwpEventCenterDelegate: THREAD_RESUMED: thread (33, main, main)
20:12:27.884 INFO: JdwpEventCenterDelegate: THREAD_RESUMED: thread (33, main, main)
20:12:27.886 INFO: JdwpEventCenterDelegate: THREAD_RESUMED: thread (33, main, main)
20:12:27.887 INFO: JdwpEventCenterDelegate: THREAD_RESUMED: thread (33, main, main)
20:12:27.917 INFO: JdwpEventCenterDelegate: THREAD_RESUMED: thread (33, main, main)
20:12:27.918 INFO: JdwpEventCenterDelegate: THREAD_RESUMED: thread (33, main, main)
20:12:27.920 INFO: JdwpEventCenterDelegate: THREAD_RESUMED: thread (33, main, main)
20:12:27.922 INFO: JdwpEventCenterDelegate: THREAD_RESUMED: thread (33, main, main)
20:12:27.923 INFO: JdwpEventCenterDelegate: THREAD_RESUMED: thread (33, main, main)
20:12:27.925 INFO: JdwpEventCenterDelegate: THREAD_RESUMED: thread (33, main, main)
20:12:27.926 INFO: JdwpEventCenterDelegate: THREAD_RESUMED: thread (33, main, main)
20:12:27.940 INFO: JdwpEventCenterDelegate: THREAD_RESUMED: thread (33, main, main)
20:12:27.942 INFO: JdwpEventCenterDelegate: THREAD_RESUMED: thread (33, main, main)
20:12:27.943 INFO: JdwpEventCenterDelegate: THREAD_RESUMED: thread (33, main, main)
20:12:27.944 INFO: JdwpEventCenterDelegate: THREAD_RESUMED: thread (33, main, main)
20:12:27.946 INFO: JdwpEventCenterDelegate: THREAD_RESUMED: thread (33, main, main)
20:12:27.947 INFO: JdwpEventCenterDelegate: THREAD_RESUMED: thread (33, main, main)
20:12:27.949 INFO: JdwpEventCenterDelegate: THREAD_RESUMED: thread (33, main, main)
20:12:27.959 INFO: JdwpEventCenterDelegate: THREAD_RESUMED: thread (33, main, main)
20:12:27.960 INFO: JdwpEventCenterDelegate: THREAD_RESUMED: thread (33, main, main)
20:12:27.962 INFO: JdwpEventCenterDelegate: THREAD_RESUMED: thread (33, main, main)
20:12:27.963 INFO: JdwpEventCenterDelegate: THREAD_RESUMED: thread (33, main, main)
20:12:27.965 INFO: JdwpEventCenterDelegate: THREAD_RESUMED: thread (33, main, main)
20:12:27.966 INFO: JdwpEventCenterDelegate: THREAD_RESUMED: thread (33, main, main)
20:12:27.967 INFO: JdwpEventCenterDelegate: THREAD_RESUMED: thread (33, main, main)
20:12:27.969 INFO: JdwpEventCenterDelegate: THREAD_RESUMED: thread (33, main, main)
20:12:27.970 INFO: JdwpEventCenterDelegate: THREAD_RESUMED: thread (33, main, main)
20:12:27.971 INFO: JdwpEventCenterDelegate: THREAD_RESUMED: thread (33, main, main)
20:12:27.973 INFO: JdwpEventCenterDelegate: THREAD_RESUMED: thread (33, main, main)
20:12:27.975 INFO: JdwpEventCenterDelegate: THREAD_RESUMED: thread (33, main, main)
20:12:27.977 INFO: JdwpEventCenterDelegate: THREAD_RESUMED: thread (33, main, main)
20:12:27.978 INFO: JdwpEventCenterDelegate: THREAD_RESUMED: thread (33, main, main)
20:12:27.980 INFO: JdwpEventCenterDelegate: THREAD_RESUMED: thread (33, main, main)
20:12:27.981 INFO: JdwpEventCenterDelegate: THREAD_RESUMED: thread (33, main, main)
20:12:27.982 INFO: JdwpEventCenterDelegate: THREAD_RESUMED: thread (33, main, main)
20:12:27.984 INFO: JdwpEventCenterDelegate: THREAD_RESUMED: thread (33, main, main)
20:12:27.988 INFO: JdwpEventCenterDelegate: THREAD_RESUMED: thread (33, main, main)
20:12:27.989 INFO: JdwpEventCenterDelegate: THREAD_RESUMED: thread (33, main, main)
20:12:28.116 INFO: JdwpEventCenterDelegate: THREAD_STARTED: thread (93, AssetManager, main)
20:12:28.220 INFO: JdwpEventCenterDelegate: THREAD_RESUMED: thread (33, main, main)
20:12:28.222 INFO: JdwpEventCenterDelegate: THREAD_RESUMED: thread (33, main, main)
20:12:30.793 INFO: JdwpEventCenterDelegate: THREAD_RESUMED: thread (33, main, main)
20:12:30.884 INFO: JdwpEventCenterDelegate: THREAD_RESUMED: thread (33, main, main)
20:12:30.886 INFO: JdwpEventCenterDelegate: THREAD_RESUMED: thread (33, main, main)
20:12:30.887 INFO: JdwpEventCenterDelegate: THREAD_RESUMED: thread (33, main, main)
20:12:30.889 INFO: JdwpEventCenterDelegate: THREAD_RESUMED: thread (33, main, main)
20:12:30.891 INFO: JdwpEventCenterDelegate: THREAD_RESUMED: thread (33, main, main)
20:12:30.896 INFO: JdwpEventCenterDelegate: THREAD_RESUMED: thread (33, main, main)
20:12:30.908 INFO: JdwpEventCenterDelegate: THREAD_RESUMED: thread (33, main, main)
20:12:30.910 INFO: JdwpEventCenterDelegate: THREAD_RESUMED: thread (33, main, main)
20:12:30.912 INFO: JdwpEventCenterDelegate: THREAD_RESUMED: thread (33, main, main)
20:12:30.913 INFO: JdwpEventCenterDelegate: THREAD_RESUMED: thread (33, main, main)
20:12:30.915 INFO: JdwpEventCenterDelegate: THREAD_RESUMED: thread (33, main, main)
20:12:30.920 INFO: JdwpEventCenterDelegate: THREAD_RESUMED: thread (33, main, main)
20:12:30.935 INFO: JdwpEventCenterDelegate: THREAD_RESUMED: thread (33, main, main)
20:12:30.937 INFO: JdwpEventCenterDelegate: THREAD_RESUMED: thread (33, main, main)
20:12:30.939 INFO: JdwpEventCenterDelegate: THREAD_RESUMED: thread (33, main, main)
20:12:30.942 INFO: JdwpEventCenterDelegate: THREAD_RESUMED: thread (33, main, main)
20:12:30.944 INFO: JdwpEventCenterDelegate: THREAD_RESUMED: thread (33, main, main)
20:12:30.949 INFO: JdwpEventCenterDelegate: THREAD_RESUMED: thread (33, main, main)
20:12:30.967 INFO: JdwpEventCenterDelegate: THREAD_RESUMED: thread (33, main, main)
20:12:30.969 INFO: JdwpEventCenterDelegate: THREAD_RESUMED: thread (33, main, main)
20:12:30.972 INFO: JdwpEventCenterDelegate: THREAD_RESUMED: thread (33, main, main)
20:12:30.974 INFO: JdwpEventCenterDelegate: THREAD_RESUMED: thread (33, main, main)
20:12:30.976 INFO: JdwpEventCenterDelegate: THREAD_RESUMED: thread (33, main, main)
20:12:30.981 INFO: JdwpEventCenterDelegate: THREAD_RESUMED: thread (33, main, main)
20:12:30.996 INFO: JdwpEventCenterDelegate: THREAD_RESUMED: thread (33, main, main)
20:12:30.998 INFO: JdwpEventCenterDelegate: THREAD_RESUMED: thread (33, main, main)
20:12:31.000 INFO: JdwpEventCenterDelegate: THREAD_RESUMED: thread (33, main, main)
20:12:31.003 INFO: JdwpEventCenterDelegate: THREAD_RESUMED: thread (33, main, main)
20:12:31.005 INFO: JdwpEventCenterDelegate: THREAD_RESUMED: thread (33, main, main)
20:12:31.010 INFO: JdwpEventCenterDelegate: THREAD_RESUMED: thread (33, main, main)
20:12:31.025 INFO: JdwpEventCenterDelegate: THREAD_RESUMED: thread (33, main, main)
20:12:31.027 INFO: JdwpEventCenterDelegate: THREAD_RESUMED: thread (33, main, main)
20:12:31.029 INFO: JdwpEventCenterDelegate: THREAD_RESUMED: thread (33, main, main)
20:12:31.031 INFO: JdwpEventCenterDelegate: THREAD_RESUMED: thread (33, main, main)
20:12:31.033 INFO: JdwpEventCenterDelegate: THREAD_RESUMED: thread (33, main, main)
20:12:31.038 INFO: JdwpEventCenterDelegate: THREAD_RESUMED: thread (33, main, main)
20:12:31.057 INFO: JdwpEventCenterDelegate: THREAD_RESUMED: thread (33, main, main)
20:12:31.059 INFO: JdwpEventCenterDelegate: THREAD_RESUMED: thread (33, main, main)
20:12:31.061 INFO: JdwpEventCenterDelegate: THREAD_RESUMED: thread (33, main, main)
20:12:31.063 INFO: JdwpEventCenterDelegate: THREAD_RESUMED: thread (33, main, main)
20:12:31.066 INFO: JdwpEventCenterDelegate: THREAD_RESUMED: thread (33, main, main)
20:12:31.070 INFO: JdwpEventCenterDelegate: THREAD_RESUMED: thread (33, main, main)
20:12:31.090 INFO: JdwpEventCenterDelegate: THREAD_RESUMED: thread (33, main, main)
20:12:31.091 INFO: JdwpEventCenterDelegate: THREAD_RESUMED: thread (33, main, main)
20:12:31.093 INFO: JdwpEventCenterDelegate: THREAD_RESUMED: thread (33, main, main)
20:12:31.095 INFO: JdwpEventCenterDelegate: THREAD_RESUMED: thread (33, main, main)
20:12:31.097 INFO: JdwpEventCenterDelegate: THREAD_RESUMED: thread (33, main, main)
20:12:31.101 INFO: JdwpEventCenterDelegate: THREAD_RESUMED: thread (33, main, main)
20:12:31.120 INFO: JdwpEventCenterDelegate: THREAD_RESUMED: thread (33, main, main)
20:12:31.122 INFO: JdwpEventCenterDelegate: THREAD_RESUMED: thread (33, main, main)
20:12:31.125 INFO: JdwpEventCenterDelegate: THREAD_RESUMED: thread (33, main, main)
20:12:31.127 INFO: JdwpEventCenterDelegate: THREAD_RESUMED: thread (33, main, main)
20:12:31.129 INFO: JdwpEventCenterDelegate: THREAD_RESUMED: thread (33, main, main)
20:12:31.134 INFO: JdwpEventCenterDelegate: THREAD_RESUMED: thread (33, main, main)
20:12:31.152 INFO: JdwpEventCenterDelegate: THREAD_RESUMED: thread (33, main, main)
20:12:31.155 INFO: JdwpEventCenterDelegate: THREAD_RESUMED: thread (33, main, main)
20:12:31.157 INFO: JdwpEventCenterDelegate: THREAD_RESUMED: thread (33, main, main)
20:12:31.159 INFO: JdwpEventCenterDelegate: THREAD_RESUMED: thread (33, main, main)
20:12:31.162 INFO: JdwpEventCenterDelegate: THREAD_RESUMED: thread (33, main, main)
20:12:31.166 INFO: JdwpEventCenterDelegate: THREAD_RESUMED: thread (33, main, main)
20:12:31.181 INFO: JdwpEventCenterDelegate: THREAD_RESUMED: thread (33, main, main)
20:12:31.184 INFO: JdwpEventCenterDelegate: THREAD_RESUMED: thread (33, main, main)
20:12:31.186 INFO: JdwpEventCenterDelegate: THREAD_RESUMED: thread (33, main, main)
20:12:31.188 INFO: JdwpEventCenterDelegate: THREAD_RESUMED: thread (33, main, main)
20:12:31.190 INFO: JdwpEventCenterDelegate: THREAD_RESUMED: thread (33, main, main)
20:12:31.196 INFO: JdwpEventCenterDelegate: THREAD_RESUMED: thread (33, main, main)
20:12:31.216 INFO: JdwpEventCenterDelegate: THREAD_RESUMED: thread (33, main, main)
20:12:31.218 INFO: JdwpEventCenterDelegate: THREAD_RESUMED: thread (33, main, main)
20:12:31.221 INFO: JdwpEventCenterDelegate: THREAD_RESUMED: thread (33, main, main)
20:12:31.223 INFO: JdwpEventCenterDelegate: THREAD_RESUMED: thread (33, main, main)
20:12:31.225 INFO: JdwpEventCenterDelegate: THREAD_RESUMED: thread (33, main, main)
20:12:31.229 INFO: JdwpEventCenterDelegate: THREAD_RESUMED: thread (33, main, main)
20:12:31.252 INFO: JdwpEventCenterDelegate: THREAD_RESUMED: thread (33, main, main)
20:12:31.254 INFO: JdwpEventCenterDelegate: THREAD_RESUMED: thread (33, main, main)
20:12:31.256 INFO: JdwpEventCenterDelegate: THREAD_RESUMED: thread (33, main, main)
20:12:31.259 INFO: JdwpEventCenterDelegate: THREAD_RESUMED: thread (33, main, main)
20:12:31.261 INFO: JdwpEventCenterDelegate: THREAD_RESUMED: thread (33, main, main)
20:12:31.266 INFO: JdwpEventCenterDelegate: THREAD_RESUMED: thread (33, main, main)
20:12:31.286 INFO: JdwpEventCenterDelegate: THREAD_RESUMED: thread (33, main, main)
20:12:31.287 INFO: JdwpEventCenterDelegate: THREAD_RESUMED: thread (33, main, main)
20:12:31.289 INFO: JdwpEventCenterDelegate: THREAD_RESUMED: thread (33, main, main)
20:12:31.291 INFO: JdwpEventCenterDelegate: THREAD_RESUMED: thread (33, main, main)
20:12:31.293 INFO: JdwpEventCenterDelegate: THREAD_RESUMED: thread (33, main, main)
20:12:31.297 INFO: JdwpEventCenterDelegate: THREAD_RESUMED: thread (33, main, main)
20:12:31.311 INFO: JdwpEventCenterDelegate: THREAD_RESUMED: thread (33, main, main)
20:12:31.313 INFO: JdwpEventCenterDelegate: THREAD_RESUMED: thread (33, main, main)
20:12:31.316 INFO: JdwpEventCenterDelegate: THREAD_RESUMED: thread (33, main, main)
20:12:31.318 INFO: JdwpEventCenterDelegate: THREAD_RESUMED: thread (33, main, main)
20:12:31.321 INFO: JdwpEventCenterDelegate: THREAD_RESUMED: thread (33, main, main)
20:12:31.326 INFO: JdwpEventCenterDelegate: THREAD_RESUMED: thread (33, main, main)
20:12:31.328 INFO: JdwpEventCenterDelegate: THREAD_RESUMED: thread (33, main, main)
20:12:31.330 INFO: JdwpEventCenterDelegate: THREAD_RESUMED: thread (33, main, main)
20:12:31.333 INFO: JdwpEventCenterDelegate: THREAD_RESUMED: thread (33, main, main)
20:12:31.335 INFO: JdwpEventCenterDelegate: THREAD_RESUMED: thread (33, main, main)
20:12:31.337 INFO: JdwpEventCenterDelegate: THREAD_RESUMED: thread (33, main, main)
20:12:31.340 INFO: JdwpEventCenterDelegate: THREAD_RESUMED: thread (33, main, main)
20:12:31.345 INFO: JdwpEventCenterDelegate: THREAD_RESUMED: thread (33, main, main)
20:12:31.347 INFO: JdwpEventCenterDelegate: THREAD_RESUMED: thread (33, main, main)
20:12:31.349 INFO: JdwpEventCenterDelegate: THREAD_RESUMED: thread (33, main, main)
20:12:31.351 INFO: JdwpEventCenterDelegate: THREAD_RESUMED: thread (33, main, main)
20:12:31.364 INFO: JdwpEventCenterDelegate: THREAD_RESUMED: thread (33, main, main)
20:12:31.366 INFO: JdwpEventCenterDelegate: THREAD_RESUMED: thread (33, main, main)
20:12:31.368 INFO: JdwpEventCenterDelegate: THREAD_RESUMED: thread (33, main, main)
20:12:31.370 INFO: JdwpEventCenterDelegate: THREAD_RESUMED: thread (33, main, main)
20:12:31.371 INFO: JdwpEventCenterDelegate: THREAD_RESUMED: thread (33, main, main)
20:12:31.374 INFO: JdwpEventCenterDelegate: THREAD_RESUMED: thread (33, main, main)
20:12:31.375 INFO: JdwpEventCenterDelegate: THREAD_RESUMED: thread (33, main, main)
20:12:31.391 INFO: JdwpEventCenterDelegate: THREAD_RESUMED: thread (33, main, main)
20:12:31.393 INFO: JdwpEventCenterDelegate: THREAD_RESUMED: thread (33, main, main)
20:12:31.395 INFO: JdwpEventCenterDelegate: THREAD_RESUMED: thread (33, main, main)
20:12:31.397 INFO: JdwpEventCenterDelegate: THREAD_RESUMED: thread (33, main, main)
20:12:31.399 INFO: JdwpEventCenterDelegate: THREAD_RESUMED: thread (33, main, main)
20:12:31.404 INFO: JdwpEventCenterDelegate: THREAD_RESUMED: thread (33, main, main)
20:12:31.417 INFO: JdwpEventCenterDelegate: THREAD_RESUMED: thread (33, main, main)
20:12:31.430 INFO: JdwpEventCenterDelegate: THREAD_RESUMED: thread (33, main, main)
20:12:31.441 INFO: JdwpEventCenterDelegate: THREAD_RESUMED: thread (33, main, main)
20:12:31.454 INFO: JdwpEventCenterDelegate: THREAD_RESUMED: thread (33, main, main)
20:12:31.489 INFO: JdwpEventCenterDelegate: THREAD_RESUMED: thread (33, main, main)
20:12:31.491 INFO: JdwpEventCenterDelegate: THREAD_RESUMED: thread (33, main, main)
20:12:31.493 INFO: JdwpEventCenterDelegate: THREAD_RESUMED: thread (33, main, main)
20:12:31.495 INFO: JdwpEventCenterDelegate: THREAD_RESUMED: thread (33, main, main)
20:12:31.497 INFO: JdwpEventCenterDelegate: THREAD_RESUMED: thread (33, main, main)
20:12:31.503 INFO: JdwpEventCenterDelegate: THREAD_RESUMED: thread (33, main, main)
20:12:31.514 INFO: JdwpEventCenterDelegate: THREAD_RESUMED: thread (33, main, main)
20:12:31.516 INFO: JdwpEventCenterDelegate: THREAD_RESUMED: thread (33, main, main)
20:12:31.519 INFO: JdwpEventCenterDelegate: THREAD_RESUMED: thread (33, main, main)
20:12:31.521 INFO: JdwpEventCenterDelegate: THREAD_RESUMED: thread (33, main, main)
20:12:31.523 INFO: JdwpEventCenterDelegate: THREAD_RESUMED: thread (33, main, main)
20:12:31.528 INFO: JdwpEventCenterDelegate: THREAD_RESUMED: thread (33, main, main)
20:12:31.542 INFO: JdwpEventCenterDelegate: THREAD_RESUMED: thread (33, main, main)
20:12:31.544 INFO: JdwpEventCenterDelegate: THREAD_RESUMED: thread (33, main, main)
20:12:31.546 INFO: JdwpEventCenterDelegate: THREAD_RESUMED: thread (33, main, main)
20:12:31.547 INFO: JdwpEventCenterDelegate: THREAD_RESUMED: thread (33, main, main)
20:12:31.549 INFO: JdwpEventCenterDelegate: THREAD_RESUMED: thread (33, main, main)
20:12:31.554 INFO: JdwpEventCenterDelegate: THREAD_RESUMED: thread (33, main, main)
20:12:31.571 INFO: JdwpEventCenterDelegate: THREAD_RESUMED: thread (33, main, main)
20:12:31.573 INFO: JdwpEventCenterDelegate: THREAD_RESUMED: thread (33, main, main)
20:12:31.575 INFO: JdwpEventCenterDelegate: THREAD_RESUMED: thread (33, main, main)
20:12:31.577 INFO: JdwpEventCenterDelegate: THREAD_RESUMED: thread (33, main, main)
20:12:31.580 INFO: JdwpEventCenterDelegate: THREAD_RESUMED: thread (33, main, main)
20:12:31.584 INFO: JdwpEventCenterDelegate: THREAD_RESUMED: thread (33, main, main)
20:12:31.600 INFO: JdwpEventCenterDelegate: THREAD_RESUMED: thread (33, main, main)
20:12:31.602 INFO: JdwpEventCenterDelegate: THREAD_RESUMED: thread (33, main, main)
20:12:31.605 INFO: JdwpEventCenterDelegate: THREAD_RESUMED: thread (33, main, main)
20:12:31.607 INFO: JdwpEventCenterDelegate: THREAD_RESUMED: thread (33, main, main)
20:12:31.610 INFO: JdwpEventCenterDelegate: THREAD_RESUMED: thread (33, main, main)
20:12:31.614 INFO: JdwpEventCenterDelegate: THREAD_RESUMED: thread (33, main, main)
20:12:31.629 INFO: JdwpEventCenterDelegate: THREAD_RESUMED: thread (33, main, main)
20:12:31.631 INFO: JdwpEventCenterDelegate: THREAD_RESUMED: thread (33, main, main)
20:12:31.634 INFO: JdwpEventCenterDelegate: THREAD_RESUMED: thread (33, main, main)
20:12:31.636 INFO: JdwpEventCenterDelegate: THREAD_RESUMED: thread (33, main, main)
20:12:31.638 INFO: JdwpEventCenterDelegate: THREAD_RESUMED: thread (33, main, main)
20:12:31.643 INFO: JdwpEventCenterDelegate: THREAD_RESUMED: thread (33, main, main)
20:12:31.665 INFO: JdwpEventCenterDelegate: THREAD_RESUMED: thread (33, main, main)
20:12:31.667 INFO: JdwpEventCenterDelegate: THREAD_RESUMED: thread (33, main, main)
20:12:31.669 INFO: JdwpEventCenterDelegate: THREAD_RESUMED: thread (33, main, main)
20:12:31.672 INFO: JdwpEventCenterDelegate: THREAD_RESUMED: thread (33, main, main)
20:12:31.674 INFO: JdwpEventCenterDelegate: THREAD_RESUMED: thread (33, main, main)
20:12:31.679 INFO: JdwpEventCenterDelegate: THREAD_RESUMED: thread (33, main, main)
20:12:31.696 INFO: JdwpEventCenterDelegate: THREAD_RESUMED: thread (33, main, main)
20:12:31.699 INFO: JdwpEventCenterDelegate: THREAD_RESUMED: thread (33, main, main)
20:12:31.701 INFO: JdwpEventCenterDelegate: THREAD_RESUMED: thread (33, main, main)
20:12:31.703 INFO: JdwpEventCenterDelegate: THREAD_RESUMED: thread (33, main, main)
20:12:31.705 INFO: JdwpEventCenterDelegate: THREAD_RESUMED: thread (33, main, main)
20:12:31.711 INFO: JdwpEventCenterDelegate: THREAD_RESUMED: thread (33, main, main)
20:12:31.728 INFO: JdwpEventCenterDelegate: THREAD_RESUMED: thread (33, main, main)
20:12:31.731 INFO: JdwpEventCenterDelegate: THREAD_RESUMED: thread (33, main, main)
20:12:31.733 INFO: JdwpEventCenterDelegate: THREAD_RESUMED: thread (33, main, main)
20:12:31.735 INFO: JdwpEventCenterDelegate: THREAD_RESUMED: thread (33, main, main)
20:12:31.737 INFO: JdwpEventCenterDelegate: THREAD_RESUMED: thread (33, main, main)
20:12:31.742 INFO: JdwpEventCenterDelegate: THREAD_RESUMED: thread (33, main, main)
20:12:31.756 INFO: JdwpEventCenterDelegate: THREAD_RESUMED: thread (33, main, main)
20:12:31.759 INFO: JdwpEventCenterDelegate: THREAD_RESUMED: thread (33, main, main)
20:12:31.761 INFO: JdwpEventCenterDelegate: THREAD_RESUMED: thread (33, main, main)
20:12:31.763 INFO: JdwpEventCenterDelegate: THREAD_RESUMED: thread (33, main, main)
20:12:31.765 INFO: JdwpEventCenterDelegate: THREAD_RESUMED: thread (33, main, main)
20:12:31.770 INFO: JdwpEventCenterDelegate: THREAD_RESUMED: thread (33, main, main)
20:12:31.784 INFO: JdwpEventCenterDelegate: THREAD_RESUMED: thread (33, main, main)
20:12:31.786 INFO: JdwpEventCenterDelegate: THREAD_RESUMED: thread (33, main, main)
20:12:31.788 INFO: JdwpEventCenterDelegate: THREAD_RESUMED: thread (33, main, main)
20:12:31.790 INFO: JdwpEventCenterDelegate: THREAD_RESUMED: thread (33, main, main)
20:12:31.792 INFO: JdwpEventCenterDelegate: THREAD_RESUMED: thread (33, main, main)
20:12:31.796 INFO: JdwpEventCenterDelegate: THREAD_RESUMED: thread (33, main, main)
20:12:31.815 INFO: JdwpEventCenterDelegate: THREAD_RESUMED: thread (33, main, main)
20:12:31.817 INFO: JdwpEventCenterDelegate: THREAD_RESUMED: thread (33, main, main)
20:12:31.819 INFO: JdwpEventCenterDelegate: THREAD_RESUMED: thread (33, main, main)
20:12:31.822 INFO: JdwpEventCenterDelegate: THREAD_RESUMED: thread (33, main, main)
20:12:31.824 INFO: JdwpEventCenterDelegate: THREAD_RESUMED: thread (33, main, main)
20:12:31.829 INFO: JdwpEventCenterDelegate: THREAD_RESUMED: thread (33, main, main)
20:12:31.853 INFO: JdwpEventCenterDelegate: THREAD_RESUMED: thread (33, main, main)
20:12:31.855 INFO: JdwpEventCenterDelegate: THREAD_RESUMED: thread (33, main, main)
20:12:31.858 INFO: JdwpEventCenterDelegate: THREAD_RESUMED: thread (33, main, main)
20:12:31.860 INFO: JdwpEventCenterDelegate: THREAD_RESUMED: thread (33, main, main)
20:12:31.862 INFO: JdwpEventCenterDelegate: THREAD_RESUMED: thread (33, main, main)
20:12:31.867 INFO: JdwpEventCenterDelegate: THREAD_RESUMED: thread (33, main, main)
20:12:31.885 INFO: JdwpEventCenterDelegate: THREAD_RESUMED: thread (33, main, main)
20:12:31.887 INFO: JdwpEventCenterDelegate: THREAD_RESUMED: thread (33, main, main)
20:12:31.889 INFO: JdwpEventCenterDelegate: THREAD_RESUMED: thread (33, main, main)
20:12:31.892 INFO: JdwpEventCenterDelegate: THREAD_RESUMED: thread (33, main, main)
20:12:31.894 INFO: JdwpEventCenterDelegate: THREAD_RESUMED: thread (33, main, main)
20:12:31.899 INFO: JdwpEventCenterDelegate: THREAD_RESUMED: thread (33, main, main)
20:12:31.911 INFO: JdwpEventCenterDelegate: THREAD_RESUMED: thread (33, main, main)
20:12:31.914 INFO: JdwpEventCenterDelegate: THREAD_RESUMED: thread (33, main, main)
20:12:31.916 INFO: JdwpEventCenterDelegate: THREAD_RESUMED: thread (33, main, main)
20:12:31.918 INFO: JdwpEventCenterDelegate: THREAD_RESUMED: thread (33, main, main)
20:12:31.921 INFO: JdwpEventCenterDelegate: THREAD_RESUMED: thread (33, main, main)
20:12:35.687 INFO: JdwpEventCenterDelegate: THREAD_STARTED: thread (108, Timer, main)
20:12:36.560 INFO: JdwpEventCenterDelegate: THREAD_RESUMED: thread (33, main, main)
20:12:36.593 INFO: JdwpEventCenterDelegate: THREAD_RESUMED: thread (33, main, main)
20:12:36.616 INFO: JdwpEventCenterDelegate: THREAD_RESUMED: thread (33, main, main)
20:12:36.633 INFO: JdwpEventCenterDelegate: THREAD_RESUMED: thread (33, main, main)
20:12:36.674 INFO: JdwpEventCenterDelegate: THREAD_RESUMED: thread (33, main, main)
20:12:36.708 INFO: JdwpEventCenterDelegate: THREAD_RESUMED: thread (33, main, main)
20:12:36.725 INFO: JdwpEventCenterDelegate: THREAD_RESUMED: thread (33, main, main)
20:12:36.740 INFO: JdwpEventCenterDelegate: THREAD_RESUMED: thread (33, main, main)
20:12:36.747 INFO: JdwpEventCenterDelegate: THREAD_RESUMED: thread (33, main, main)
20:12:36.761 INFO: JdwpEventCenterDelegate: THREAD_RESUMED: thread (33, main, main)
20:12:36.793 INFO: JdwpEventCenterDelegate: THREAD_RESUMED: thread (33, main, main)
20:12:36.805 INFO: JdwpEventCenterDelegate: THREAD_RESUMED: thread (33, main, main)
20:12:36.818 INFO: JdwpEventCenterDelegate: THREAD_RESUMED: thread (33, main, main)
20:12:36.830 INFO: JdwpEventCenterDelegate: THREAD_RESUMED: thread (33, main, main)
20:12:36.865 INFO: JdwpEventCenterDelegate: THREAD_RESUMED: thread (33, main, main)
20:12:36.898 INFO: JdwpEventCenterDelegate: THREAD_RESUMED: thread (33, main, main)
20:12:36.914 INFO: JdwpEventCenterDelegate: THREAD_RESUMED: thread (33, main, main)
20:12:36.928 INFO: JdwpEventCenterDelegate: THREAD_RESUMED: thread (33, main, main)
20:12:36.934 INFO: JdwpEventCenterDelegate: THREAD_RESUMED: thread (33, main, main)
20:12:36.948 INFO: JdwpEventCenterDelegate: THREAD_RESUMED: thread (33, main, main)
20:12:38.142 INFO: JdwpEventCenterDelegate: THREAD_STARTED: thread (123, Thread-7, main)
20:12:39.439 INFO: JdwpEventCenterDelegate: THREAD_STARTED: thread (138, Thread-8, main)
20:12:47.812 INFO: JdwpEventCenterDelegate: THREAD_STARTED: thread (153, Thread-9, main)
20:12:53.052 INFO: JdwpEventCenterDelegate: THREAD_STARTED: thread (168, Thread-10, main)
20:12:57.940 INFO: JdwpEventCenterDelegate: THREAD_RESUMED: thread (33, main, main)
20:12:57.979 INFO: JdwpEventCenterDelegate: THREAD_RESUMED: thread (33, main, main)
20:12:58.001 INFO: JdwpEventCenterDelegate: THREAD_RESUMED: thread (33, main, main)
20:12:58.021 INFO: JdwpEventCenterDelegate: THREAD_RESUMED: thread (33, main, main)
20:12:58.036 INFO: JdwpEventCenterDelegate: THREAD_RESUMED: thread (33, main, main)
20:12:58.050 INFO: JdwpEventCenterDelegate: THREAD_RESUMED: thread (33, main, main)
20:12:58.062 INFO: JdwpEventCenterDelegate: THREAD_RESUMED: thread (33, main, main)
20:12:58.075 INFO: JdwpEventCenterDelegate: THREAD_RESUMED: thread (33, main, main)
20:12:58.089 INFO: JdwpEventCenterDelegate: THREAD_RESUMED: thread (33, main, main)
20:13:06.391 INFO: JdwpEventCenterDelegate: THREAD_DETTACHED: thread (153, Thread-9, main)
20:13:15.881 INFO: JdwpEventCenterDelegate: THREAD_DETTACHED: thread (138, Thread-8, main)
20:13:33.469 INFO: JdwpEventCenterDelegate: THREAD_DETTACHED: thread (168, Thread-10, main)
20:17:47.608 INFO: JdwpDebugServer: handling req: VirtualMachine(1).Exit(10)
20:17:47.608 SEVERE: Debugger: Thread JDWP server socket thread crashed
org.robovm.debugger.DebuggerException: Terminating due exit command
	at org.robovm.debugger.jdwp.JdwpDebugServer.doSocketWork(JdwpDebugServer.java:211)
	at java.base/java.lang.Thread.run(Thread.java:834)
	at org.robovm.debugger.utils.DebuggerThread.run(DebuggerThread.java:42)
20:17:48.115 SEVERE: Debugger: Thread HooksChannel socket thread crashed
org.robovm.debugger.DebuggerException: java.io.IOException: org.robovm.libimobiledevice.LibIMobileDeviceException: IDEVICE_E_UNKNOWN_ERROR
	at org.robovm.debugger.hooks.HooksChannel.doSocketWork(HooksChannel.java:149)
	at java.base/java.lang.Thread.run(Thread.java:834)
	at org.robovm.debugger.utils.DebuggerThread.run(DebuggerThread.java:42)
Caused by: java.io.IOException: org.robovm.libimobiledevice.LibIMobileDeviceException: IDEVICE_E_UNKNOWN_ERROR
	at org.robovm.libimobiledevice.IDeviceConnection$DeviceInputStream.read(IDeviceConnection.java:203)
	at org.robovm.debugger.utils.bytebuffer.DataBufferWriter.writeFromStream(DataBufferWriter.java:89)
	at org.robovm.debugger.hooks.HooksChannel.doSocketWork(HooksChannel.java:116)
	... 2 more
Caused by: org.robovm.libimobiledevice.LibIMobileDeviceException: IDEVICE_E_UNKNOWN_ERROR
	at org.robovm.libimobiledevice.IDevice.checkResult(IDevice.java:206)
	at org.robovm.libimobiledevice.IDeviceConnection.receive(IDeviceConnection.java:110)
	at org.robovm.libimobiledevice.IDeviceConnection.receive(IDeviceConnection.java:81)
	at org.robovm.libimobiledevice.IDeviceConnection$DeviceInputStream.read(IDeviceConnection.java:201)
	... 4 more
