16:41:40.317 INFO: JdwpDebugServer: handling req: VirtualMachine(1).IDSizes(7)
16:41:40.318 INFO: JdwpDebugServer: handling req: EventRequest(15).Set(1)
16:41:40.318 INFO: JdwpEventCenterDelegate: jdwpSetEventRequest: JdwpEventRequest{requestId=100, eventKind=CLASS_PREPARE, suspendPolicy=NONE, predicates=[]}
16:41:40.318 INFO: JdwpDebugServer: handling req: EventRequest(15).Set(1)
16:41:40.318 INFO: JdwpEventCenterDelegate: jdwpSetEventRequest: JdwpEventRequest{requestId=101, eventKind=CLASS_UNLOAD, suspendPolicy=NONE, predicates=[]}
16:41:40.336 INFO: JdwpDebugServer: handling req: VirtualMachine(1).Version(1)
16:41:40.336 INFO: JdwpDebugServer: handling req: VirtualMachine(1).capabilitiesNew(17)
16:41:40.336 INFO: JdwpDebugServer: handling req: VirtualMachine(1).capabilities(12)
16:41:40.336 INFO: JdwpDebugServer: handling req: VirtualMachine(1).AllClassesWithGeneric(20)
16:41:40.340 INFO: JdwpDebugServer: handling req: VirtualMachine(1).TopLevelThreadGroups(5)
16:41:40.341 INFO: JdwpDebugServer: handling req: EventRequest(15).Set(1)
16:41:40.341 INFO: JdwpEventCenterDelegate: jdwpSetEventRequest: JdwpEventRequest{requestId=102, eventKind=THREAD_START, suspendPolicy=NONE, predicates=[]}
16:41:40.341 INFO: JdwpDebugServer: handling req: EventRequest(15).Set(1)
16:41:40.341 INFO: JdwpEventCenterDelegate: jdwpSetEventRequest: JdwpEventRequest{requestId=103, eventKind=THREAD_DEATH, suspendPolicy=NONE, predicates=[]}
16:41:40.343 INFO: JdwpDebugServer: handling req: EventRequest(15).Set(1)
16:41:40.343 INFO: JdwpEventCenterDelegate: jdwpSetEventRequest: JdwpEventRequest{requestId=104, eventKind=CLASS_PREPARE, suspendPolicy=EVENT_THREAD, predicates=[className=sun.instrument.InstrumentationImpl]}
16:41:40.343 INFO: JdwpDebugServer: handling req: EventRequest(15).Set(1)
16:41:40.343 INFO: JdwpEventCenterDelegate: jdwpSetEventRequest: JdwpEventRequest{requestId=105, eventKind=CLASS_PREPARE, suspendPolicy=EVENT_THREAD, predicates=[className=sun.instrument.InstrumentationImpl]}
16:41:40.935 INFO: JdwpDebugServer: handling req: VirtualMachine(1).Resume(9)
16:41:40.988 INFO: JdwpEventCenterDelegate: THREAD_STARTED: thread (33, main, main)
16:41:41.006 INFO: JdwpEventCenterDelegate: THREAD_STARTED: thread (48, ReferenceQueueDaemon, main)
16:41:41.012 INFO: JdwpEventCenterDelegate: THREAD_STARTED: thread (63, FinalizerWatchdogDaemon, main)
16:41:41.017 INFO: JdwpEventCenterDelegate: THREAD_STARTED: thread (78, FinalizerDaemon, main)
16:41:41.019 INFO: JdwpEventCenterDelegate: THREAD_RESUMED: thread (33, main, main)
16:41:41.020 INFO: JdwpEventCenterDelegate: THREAD_RESUMED: thread (33, main, main)
16:41:41.021 INFO: JdwpEventCenterDelegate: THREAD_RESUMED: thread (33, main, main)
16:41:41.023 INFO: JdwpEventCenterDelegate: THREAD_RESUMED: thread (33, main, main)
16:41:41.025 INFO: JdwpEventCenterDelegate: THREAD_RESUMED: thread (33, main, main)
16:41:41.026 INFO: JdwpEventCenterDelegate: THREAD_RESUMED: thread (33, main, main)
16:41:41.027 INFO: JdwpEventCenterDelegate: THREAD_RESUMED: thread (33, main, main)
16:41:41.029 INFO: JdwpEventCenterDelegate: THREAD_RESUMED: thread (33, main, main)
16:41:41.030 INFO: JdwpEventCenterDelegate: THREAD_RESUMED: thread (33, main, main)
16:41:41.032 INFO: JdwpEventCenterDelegate: THREAD_RESUMED: thread (33, main, main)
16:41:41.034 INFO: JdwpEventCenterDelegate: THREAD_RESUMED: thread (33, main, main)
16:41:41.035 INFO: JdwpEventCenterDelegate: THREAD_RESUMED: thread (33, main, main)
16:41:41.036 INFO: JdwpEventCenterDelegate: THREAD_RESUMED: thread (33, main, main)
16:41:41.038 INFO: JdwpEventCenterDelegate: THREAD_RESUMED: thread (33, main, main)
16:41:41.039 INFO: JdwpEventCenterDelegate: THREAD_RESUMED: thread (33, main, main)
16:41:41.041 INFO: JdwpEventCenterDelegate: THREAD_RESUMED: thread (33, main, main)
16:41:41.042 INFO: JdwpEventCenterDelegate: THREAD_RESUMED: thread (33, main, main)
16:41:41.044 INFO: JdwpEventCenterDelegate: THREAD_RESUMED: thread (33, main, main)
16:41:41.047 INFO: JdwpEventCenterDelegate: THREAD_RESUMED: thread (33, main, main)
16:41:41.049 INFO: JdwpEventCenterDelegate: THREAD_RESUMED: thread (33, main, main)
16:41:41.050 INFO: JdwpEventCenterDelegate: THREAD_RESUMED: thread (33, main, main)
16:41:41.052 INFO: JdwpEventCenterDelegate: THREAD_RESUMED: thread (33, main, main)
16:41:41.053 INFO: JdwpEventCenterDelegate: THREAD_RESUMED: thread (33, main, main)
16:41:41.054 INFO: JdwpEventCenterDelegate: THREAD_RESUMED: thread (33, main, main)
16:41:41.056 INFO: JdwpEventCenterDelegate: THREAD_RESUMED: thread (33, main, main)
16:41:41.085 INFO: JdwpEventCenterDelegate: THREAD_RESUMED: thread (33, main, main)
16:41:41.087 INFO: JdwpEventCenterDelegate: THREAD_RESUMED: thread (33, main, main)
16:41:41.088 INFO: JdwpEventCenterDelegate: THREAD_RESUMED: thread (33, main, main)
16:41:41.090 INFO: JdwpEventCenterDelegate: THREAD_RESUMED: thread (33, main, main)
16:41:41.091 INFO: JdwpEventCenterDelegate: THREAD_RESUMED: thread (33, main, main)
16:41:41.092 INFO: JdwpEventCenterDelegate: THREAD_RESUMED: thread (33, main, main)
16:41:41.094 INFO: JdwpEventCenterDelegate: THREAD_RESUMED: thread (33, main, main)
16:41:41.096 INFO: JdwpEventCenterDelegate: THREAD_RESUMED: thread (33, main, main)
16:41:41.097 INFO: JdwpEventCenterDelegate: THREAD_RESUMED: thread (33, main, main)
16:41:41.099 INFO: JdwpEventCenterDelegate: THREAD_RESUMED: thread (33, main, main)
16:41:41.100 INFO: JdwpEventCenterDelegate: THREAD_RESUMED: thread (33, main, main)
16:41:41.102 INFO: JdwpEventCenterDelegate: THREAD_RESUMED: thread (33, main, main)
16:41:41.103 INFO: JdwpEventCenterDelegate: THREAD_RESUMED: thread (33, main, main)
16:41:41.105 INFO: JdwpEventCenterDelegate: THREAD_RESUMED: thread (33, main, main)
16:41:41.119 INFO: JdwpEventCenterDelegate: THREAD_RESUMED: thread (33, main, main)
16:41:41.121 INFO: JdwpEventCenterDelegate: THREAD_RESUMED: thread (33, main, main)
16:41:41.123 INFO: JdwpEventCenterDelegate: THREAD_RESUMED: thread (33, main, main)
16:41:41.124 INFO: JdwpEventCenterDelegate: THREAD_RESUMED: thread (33, main, main)
16:41:41.126 INFO: JdwpEventCenterDelegate: THREAD_RESUMED: thread (33, main, main)
16:41:41.127 INFO: JdwpEventCenterDelegate: THREAD_RESUMED: thread (33, main, main)
16:41:41.129 INFO: JdwpEventCenterDelegate: THREAD_RESUMED: thread (33, main, main)
16:41:41.150 INFO: JdwpEventCenterDelegate: THREAD_RESUMED: thread (33, main, main)
16:41:41.151 INFO: JdwpEventCenterDelegate: THREAD_RESUMED: thread (33, main, main)
16:41:41.153 INFO: JdwpEventCenterDelegate: THREAD_RESUMED: thread (33, main, main)
16:41:41.154 INFO: JdwpEventCenterDelegate: THREAD_RESUMED: thread (33, main, main)
16:41:41.155 INFO: JdwpEventCenterDelegate: THREAD_RESUMED: thread (33, main, main)
16:41:41.156 INFO: JdwpEventCenterDelegate: THREAD_RESUMED: thread (33, main, main)
16:41:41.157 INFO: JdwpEventCenterDelegate: THREAD_RESUMED: thread (33, main, main)
16:41:41.162 INFO: JdwpEventCenterDelegate: THREAD_RESUMED: thread (33, main, main)
16:41:41.164 INFO: JdwpEventCenterDelegate: THREAD_RESUMED: thread (33, main, main)
16:41:41.165 INFO: JdwpEventCenterDelegate: THREAD_RESUMED: thread (33, main, main)
16:41:41.166 INFO: JdwpEventCenterDelegate: THREAD_RESUMED: thread (33, main, main)
16:41:41.168 INFO: JdwpEventCenterDelegate: THREAD_RESUMED: thread (33, main, main)
16:41:41.169 INFO: JdwpEventCenterDelegate: THREAD_RESUMED: thread (33, main, main)
16:41:41.170 INFO: JdwpEventCenterDelegate: THREAD_RESUMED: thread (33, main, main)
16:41:41.191 INFO: JdwpEventCenterDelegate: THREAD_RESUMED: thread (33, main, main)
16:41:41.193 INFO: JdwpEventCenterDelegate: THREAD_RESUMED: thread (33, main, main)
16:41:41.194 INFO: JdwpEventCenterDelegate: THREAD_RESUMED: thread (33, main, main)
16:41:41.196 INFO: JdwpEventCenterDelegate: THREAD_RESUMED: thread (33, main, main)
16:41:41.197 INFO: JdwpEventCenterDelegate: THREAD_RESUMED: thread (33, main, main)
16:41:41.198 INFO: JdwpEventCenterDelegate: THREAD_RESUMED: thread (33, main, main)
16:41:41.200 INFO: JdwpEventCenterDelegate: THREAD_RESUMED: thread (33, main, main)
16:41:41.216 INFO: JdwpEventCenterDelegate: THREAD_RESUMED: thread (33, main, main)
16:41:41.217 INFO: JdwpEventCenterDelegate: THREAD_RESUMED: thread (33, main, main)
16:41:41.218 INFO: JdwpEventCenterDelegate: THREAD_RESUMED: thread (33, main, main)
16:41:41.219 INFO: JdwpEventCenterDelegate: THREAD_RESUMED: thread (33, main, main)
16:41:41.221 INFO: JdwpEventCenterDelegate: THREAD_RESUMED: thread (33, main, main)
16:41:41.222 INFO: JdwpEventCenterDelegate: THREAD_RESUMED: thread (33, main, main)
16:41:41.223 INFO: JdwpEventCenterDelegate: THREAD_RESUMED: thread (33, main, main)
16:41:41.233 INFO: JdwpEventCenterDelegate: THREAD_RESUMED: thread (33, main, main)
16:41:41.234 INFO: JdwpEventCenterDelegate: THREAD_RESUMED: thread (33, main, main)
16:41:41.236 INFO: JdwpEventCenterDelegate: THREAD_RESUMED: thread (33, main, main)
16:41:41.238 INFO: JdwpEventCenterDelegate: THREAD_RESUMED: thread (33, main, main)
16:41:41.239 INFO: JdwpEventCenterDelegate: THREAD_RESUMED: thread (33, main, main)
16:41:41.240 INFO: JdwpEventCenterDelegate: THREAD_RESUMED: thread (33, main, main)
16:41:41.242 INFO: JdwpEventCenterDelegate: THREAD_RESUMED: thread (33, main, main)
16:41:41.243 INFO: JdwpEventCenterDelegate: THREAD_RESUMED: thread (33, main, main)
16:41:41.244 INFO: JdwpEventCenterDelegate: THREAD_RESUMED: thread (33, main, main)
16:41:41.246 INFO: JdwpEventCenterDelegate: THREAD_RESUMED: thread (33, main, main)
16:41:41.247 INFO: JdwpEventCenterDelegate: THREAD_RESUMED: thread (33, main, main)
16:41:41.248 INFO: JdwpEventCenterDelegate: THREAD_RESUMED: thread (33, main, main)
16:41:41.250 INFO: JdwpEventCenterDelegate: THREAD_RESUMED: thread (33, main, main)
16:41:41.251 INFO: JdwpEventCenterDelegate: THREAD_RESUMED: thread (33, main, main)
16:41:41.252 INFO: JdwpEventCenterDelegate: THREAD_RESUMED: thread (33, main, main)
16:41:41.253 INFO: JdwpEventCenterDelegate: THREAD_RESUMED: thread (33, main, main)
16:41:41.255 INFO: JdwpEventCenterDelegate: THREAD_RESUMED: thread (33, main, main)
16:41:41.256 INFO: JdwpEventCenterDelegate: THREAD_RESUMED: thread (33, main, main)
16:41:41.259 INFO: JdwpEventCenterDelegate: THREAD_RESUMED: thread (33, main, main)
16:41:41.261 INFO: JdwpEventCenterDelegate: THREAD_RESUMED: thread (33, main, main)
16:41:41.386 INFO: JdwpEventCenterDelegate: THREAD_STARTED: thread (93, AssetManager, main)
16:41:41.494 INFO: JdwpEventCenterDelegate: THREAD_RESUMED: thread (33, main, main)
16:41:41.496 INFO: JdwpEventCenterDelegate: THREAD_RESUMED: thread (33, main, main)
16:41:44.062 INFO: JdwpEventCenterDelegate: THREAD_RESUMED: thread (33, main, main)
16:41:44.161 INFO: JdwpEventCenterDelegate: THREAD_RESUMED: thread (33, main, main)
16:41:44.163 INFO: JdwpEventCenterDelegate: THREAD_RESUMED: thread (33, main, main)
16:41:44.165 INFO: JdwpEventCenterDelegate: THREAD_RESUMED: thread (33, main, main)
16:41:44.167 INFO: JdwpEventCenterDelegate: THREAD_RESUMED: thread (33, main, main)
16:41:44.169 INFO: JdwpEventCenterDelegate: THREAD_RESUMED: thread (33, main, main)
16:41:44.176 INFO: JdwpEventCenterDelegate: THREAD_RESUMED: thread (33, main, main)
16:41:44.188 INFO: JdwpEventCenterDelegate: THREAD_RESUMED: thread (33, main, main)
16:41:44.190 INFO: JdwpEventCenterDelegate: THREAD_RESUMED: thread (33, main, main)
16:41:44.192 INFO: JdwpEventCenterDelegate: THREAD_RESUMED: thread (33, main, main)
16:41:44.194 INFO: JdwpEventCenterDelegate: THREAD_RESUMED: thread (33, main, main)
16:41:44.197 INFO: JdwpEventCenterDelegate: THREAD_RESUMED: thread (33, main, main)
16:41:44.202 INFO: JdwpEventCenterDelegate: THREAD_RESUMED: thread (33, main, main)
16:41:44.216 INFO: JdwpEventCenterDelegate: THREAD_RESUMED: thread (33, main, main)
16:41:44.219 INFO: JdwpEventCenterDelegate: THREAD_RESUMED: thread (33, main, main)
16:41:44.221 INFO: JdwpEventCenterDelegate: THREAD_RESUMED: thread (33, main, main)
16:41:44.223 INFO: JdwpEventCenterDelegate: THREAD_RESUMED: thread (33, main, main)
16:41:44.225 INFO: JdwpEventCenterDelegate: THREAD_RESUMED: thread (33, main, main)
16:41:44.230 INFO: JdwpEventCenterDelegate: THREAD_RESUMED: thread (33, main, main)
16:41:44.248 INFO: JdwpEventCenterDelegate: THREAD_RESUMED: thread (33, main, main)
16:41:44.250 INFO: JdwpEventCenterDelegate: THREAD_RESUMED: thread (33, main, main)
16:41:44.253 INFO: JdwpEventCenterDelegate: THREAD_RESUMED: thread (33, main, main)
16:41:44.255 INFO: JdwpEventCenterDelegate: THREAD_RESUMED: thread (33, main, main)
16:41:44.257 INFO: JdwpEventCenterDelegate: THREAD_RESUMED: thread (33, main, main)
16:41:44.262 INFO: JdwpEventCenterDelegate: THREAD_RESUMED: thread (33, main, main)
16:41:44.278 INFO: JdwpEventCenterDelegate: THREAD_RESUMED: thread (33, main, main)
16:41:44.280 INFO: JdwpEventCenterDelegate: THREAD_RESUMED: thread (33, main, main)
16:41:44.282 INFO: JdwpEventCenterDelegate: THREAD_RESUMED: thread (33, main, main)
16:41:44.284 INFO: JdwpEventCenterDelegate: THREAD_RESUMED: thread (33, main, main)
16:41:44.286 INFO: JdwpEventCenterDelegate: THREAD_RESUMED: thread (33, main, main)
16:41:44.291 INFO: JdwpEventCenterDelegate: THREAD_RESUMED: thread (33, main, main)
16:41:44.307 INFO: JdwpEventCenterDelegate: THREAD_RESUMED: thread (33, main, main)
16:41:44.309 INFO: JdwpEventCenterDelegate: THREAD_RESUMED: thread (33, main, main)
16:41:44.311 INFO: JdwpEventCenterDelegate: THREAD_RESUMED: thread (33, main, main)
16:41:44.313 INFO: JdwpEventCenterDelegate: THREAD_RESUMED: thread (33, main, main)
16:41:44.315 INFO: JdwpEventCenterDelegate: THREAD_RESUMED: thread (33, main, main)
16:41:44.320 INFO: JdwpEventCenterDelegate: THREAD_RESUMED: thread (33, main, main)
16:41:44.339 INFO: JdwpEventCenterDelegate: THREAD_RESUMED: thread (33, main, main)
16:41:44.341 INFO: JdwpEventCenterDelegate: THREAD_RESUMED: thread (33, main, main)
16:41:44.344 INFO: JdwpEventCenterDelegate: THREAD_RESUMED: thread (33, main, main)
16:41:44.346 INFO: JdwpEventCenterDelegate: THREAD_RESUMED: thread (33, main, main)
16:41:44.348 INFO: JdwpEventCenterDelegate: THREAD_RESUMED: thread (33, main, main)
16:41:44.353 INFO: JdwpEventCenterDelegate: THREAD_RESUMED: thread (33, main, main)
16:41:44.372 INFO: JdwpEventCenterDelegate: THREAD_RESUMED: thread (33, main, main)
16:41:44.374 INFO: JdwpEventCenterDelegate: THREAD_RESUMED: thread (33, main, main)
16:41:44.376 INFO: JdwpEventCenterDelegate: THREAD_RESUMED: thread (33, main, main)
16:41:44.377 INFO: JdwpEventCenterDelegate: THREAD_RESUMED: thread (33, main, main)
16:41:44.380 INFO: JdwpEventCenterDelegate: THREAD_RESUMED: thread (33, main, main)
16:41:44.385 INFO: JdwpEventCenterDelegate: THREAD_RESUMED: thread (33, main, main)
16:41:44.403 INFO: JdwpEventCenterDelegate: THREAD_RESUMED: thread (33, main, main)
16:41:44.405 INFO: JdwpEventCenterDelegate: THREAD_RESUMED: thread (33, main, main)
16:41:44.408 INFO: JdwpEventCenterDelegate: THREAD_RESUMED: thread (33, main, main)
16:41:44.409 INFO: JdwpEventCenterDelegate: THREAD_RESUMED: thread (33, main, main)
16:41:44.412 INFO: JdwpEventCenterDelegate: THREAD_RESUMED: thread (33, main, main)
16:41:44.416 INFO: JdwpEventCenterDelegate: THREAD_RESUMED: thread (33, main, main)
16:41:44.436 INFO: JdwpEventCenterDelegate: THREAD_RESUMED: thread (33, main, main)
16:41:44.437 INFO: JdwpEventCenterDelegate: THREAD_RESUMED: thread (33, main, main)
16:41:44.439 INFO: JdwpEventCenterDelegate: THREAD_RESUMED: thread (33, main, main)
16:41:44.441 INFO: JdwpEventCenterDelegate: THREAD_RESUMED: thread (33, main, main)
16:41:44.442 INFO: JdwpEventCenterDelegate: THREAD_RESUMED: thread (33, main, main)
16:41:44.447 INFO: JdwpEventCenterDelegate: THREAD_RESUMED: thread (33, main, main)
16:41:44.462 INFO: JdwpEventCenterDelegate: THREAD_RESUMED: thread (33, main, main)
16:41:44.464 INFO: JdwpEventCenterDelegate: THREAD_RESUMED: thread (33, main, main)
16:41:44.466 INFO: JdwpEventCenterDelegate: THREAD_RESUMED: thread (33, main, main)
16:41:44.468 INFO: JdwpEventCenterDelegate: THREAD_RESUMED: thread (33, main, main)
16:41:44.470 INFO: JdwpEventCenterDelegate: THREAD_RESUMED: thread (33, main, main)
16:41:44.475 INFO: JdwpEventCenterDelegate: THREAD_RESUMED: thread (33, main, main)
16:41:44.495 INFO: JdwpEventCenterDelegate: THREAD_RESUMED: thread (33, main, main)
16:41:44.497 INFO: JdwpEventCenterDelegate: THREAD_RESUMED: thread (33, main, main)
16:41:44.499 INFO: JdwpEventCenterDelegate: THREAD_RESUMED: thread (33, main, main)
16:41:44.501 INFO: JdwpEventCenterDelegate: THREAD_RESUMED: thread (33, main, main)
16:41:44.504 INFO: JdwpEventCenterDelegate: THREAD_RESUMED: thread (33, main, main)
16:41:44.508 INFO: JdwpEventCenterDelegate: THREAD_RESUMED: thread (33, main, main)
16:41:44.530 INFO: JdwpEventCenterDelegate: THREAD_RESUMED: thread (33, main, main)
16:41:44.532 INFO: JdwpEventCenterDelegate: THREAD_RESUMED: thread (33, main, main)
16:41:44.534 INFO: JdwpEventCenterDelegate: THREAD_RESUMED: thread (33, main, main)
16:41:44.536 INFO: JdwpEventCenterDelegate: THREAD_RESUMED: thread (33, main, main)
16:41:44.538 INFO: JdwpEventCenterDelegate: THREAD_RESUMED: thread (33, main, main)
16:41:44.543 INFO: JdwpEventCenterDelegate: THREAD_RESUMED: thread (33, main, main)
16:41:44.562 INFO: JdwpEventCenterDelegate: THREAD_RESUMED: thread (33, main, main)
16:41:44.564 INFO: JdwpEventCenterDelegate: THREAD_RESUMED: thread (33, main, main)
16:41:44.566 INFO: JdwpEventCenterDelegate: THREAD_RESUMED: thread (33, main, main)
16:41:44.569 INFO: JdwpEventCenterDelegate: THREAD_RESUMED: thread (33, main, main)
16:41:44.571 INFO: JdwpEventCenterDelegate: THREAD_RESUMED: thread (33, main, main)
16:41:44.576 INFO: JdwpEventCenterDelegate: THREAD_RESUMED: thread (33, main, main)
16:41:44.589 INFO: JdwpEventCenterDelegate: THREAD_RESUMED: thread (33, main, main)
16:41:44.591 INFO: JdwpEventCenterDelegate: THREAD_RESUMED: thread (33, main, main)
16:41:44.594 INFO: JdwpEventCenterDelegate: THREAD_RESUMED: thread (33, main, main)
16:41:44.595 INFO: JdwpEventCenterDelegate: THREAD_RESUMED: thread (33, main, main)
16:41:44.598 INFO: JdwpEventCenterDelegate: THREAD_RESUMED: thread (33, main, main)
16:41:44.604 INFO: JdwpEventCenterDelegate: THREAD_RESUMED: thread (33, main, main)
16:41:44.606 INFO: JdwpEventCenterDelegate: THREAD_RESUMED: thread (33, main, main)
16:41:44.609 INFO: JdwpEventCenterDelegate: THREAD_RESUMED: thread (33, main, main)
16:41:44.611 INFO: JdwpEventCenterDelegate: THREAD_RESUMED: thread (33, main, main)
16:41:44.613 INFO: JdwpEventCenterDelegate: THREAD_RESUMED: thread (33, main, main)
16:41:44.615 INFO: JdwpEventCenterDelegate: THREAD_RESUMED: thread (33, main, main)
16:41:44.618 INFO: JdwpEventCenterDelegate: THREAD_RESUMED: thread (33, main, main)
16:41:44.622 INFO: JdwpEventCenterDelegate: THREAD_RESUMED: thread (33, main, main)
16:41:44.624 INFO: JdwpEventCenterDelegate: THREAD_RESUMED: thread (33, main, main)
16:41:44.626 INFO: JdwpEventCenterDelegate: THREAD_RESUMED: thread (33, main, main)
16:41:44.628 INFO: JdwpEventCenterDelegate: THREAD_RESUMED: thread (33, main, main)
16:41:44.644 INFO: JdwpEventCenterDelegate: THREAD_STARTED: thread (108, Thread-6, main)
16:41:44.647 INFO: JdwpEventCenterDelegate: THREAD_RESUMED: thread (33, main, main)
16:41:44.649 INFO: JdwpEventCenterDelegate: THREAD_RESUMED: thread (33, main, main)
16:41:44.651 INFO: JdwpEventCenterDelegate: THREAD_RESUMED: thread (33, main, main)
16:41:44.652 INFO: JdwpEventCenterDelegate: THREAD_RESUMED: thread (33, main, main)
16:41:44.654 INFO: JdwpEventCenterDelegate: THREAD_RESUMED: thread (33, main, main)
16:41:44.659 INFO: JdwpEventCenterDelegate: THREAD_RESUMED: thread (33, main, main)
16:41:44.671 INFO: JdwpEventCenterDelegate: THREAD_RESUMED: thread (33, main, main)
16:41:44.684 INFO: JdwpEventCenterDelegate: THREAD_RESUMED: thread (33, main, main)
16:41:44.695 INFO: JdwpEventCenterDelegate: THREAD_RESUMED: thread (33, main, main)
16:41:44.708 INFO: JdwpEventCenterDelegate: THREAD_RESUMED: thread (33, main, main)
16:41:44.742 INFO: JdwpEventCenterDelegate: THREAD_RESUMED: thread (33, main, main)
16:41:44.744 INFO: JdwpEventCenterDelegate: THREAD_RESUMED: thread (33, main, main)
16:41:44.747 INFO: JdwpEventCenterDelegate: THREAD_RESUMED: thread (33, main, main)
16:41:44.749 INFO: JdwpEventCenterDelegate: THREAD_RESUMED: thread (33, main, main)
16:41:44.751 INFO: JdwpEventCenterDelegate: THREAD_RESUMED: thread (33, main, main)
16:41:44.756 INFO: JdwpEventCenterDelegate: THREAD_RESUMED: thread (33, main, main)
16:41:44.767 INFO: JdwpEventCenterDelegate: THREAD_RESUMED: thread (33, main, main)
16:41:44.770 INFO: JdwpEventCenterDelegate: THREAD_RESUMED: thread (33, main, main)
16:41:44.772 INFO: JdwpEventCenterDelegate: THREAD_RESUMED: thread (33, main, main)
16:41:44.774 INFO: JdwpEventCenterDelegate: THREAD_RESUMED: thread (33, main, main)
16:41:44.776 INFO: JdwpEventCenterDelegate: THREAD_RESUMED: thread (33, main, main)
16:41:44.781 INFO: JdwpEventCenterDelegate: THREAD_RESUMED: thread (33, main, main)
16:41:44.795 INFO: JdwpEventCenterDelegate: THREAD_RESUMED: thread (33, main, main)
16:41:44.797 INFO: JdwpEventCenterDelegate: THREAD_RESUMED: thread (33, main, main)
16:41:44.800 INFO: JdwpEventCenterDelegate: THREAD_RESUMED: thread (33, main, main)
16:41:44.802 INFO: JdwpEventCenterDelegate: THREAD_RESUMED: thread (33, main, main)
16:41:44.804 INFO: JdwpEventCenterDelegate: THREAD_RESUMED: thread (33, main, main)
16:41:44.809 INFO: JdwpEventCenterDelegate: THREAD_RESUMED: thread (33, main, main)
16:41:44.827 INFO: JdwpEventCenterDelegate: THREAD_RESUMED: thread (33, main, main)
16:41:44.829 INFO: JdwpEventCenterDelegate: THREAD_RESUMED: thread (33, main, main)
16:41:44.831 INFO: JdwpEventCenterDelegate: THREAD_RESUMED: thread (33, main, main)
16:41:44.833 INFO: JdwpEventCenterDelegate: THREAD_RESUMED: thread (33, main, main)
16:41:44.835 INFO: JdwpEventCenterDelegate: THREAD_RESUMED: thread (33, main, main)
16:41:44.839 INFO: JdwpEventCenterDelegate: THREAD_RESUMED: thread (33, main, main)
16:41:44.854 INFO: JdwpEventCenterDelegate: THREAD_RESUMED: thread (33, main, main)
16:41:44.856 INFO: JdwpEventCenterDelegate: THREAD_RESUMED: thread (33, main, main)
16:41:44.857 INFO: JdwpEventCenterDelegate: THREAD_RESUMED: thread (33, main, main)
16:41:44.859 INFO: JdwpEventCenterDelegate: THREAD_RESUMED: thread (33, main, main)
16:41:44.861 INFO: JdwpEventCenterDelegate: THREAD_RESUMED: thread (33, main, main)
16:41:44.865 INFO: JdwpEventCenterDelegate: THREAD_RESUMED: thread (33, main, main)
16:41:44.880 INFO: JdwpEventCenterDelegate: THREAD_RESUMED: thread (33, main, main)
16:41:44.882 INFO: JdwpEventCenterDelegate: THREAD_RESUMED: thread (33, main, main)
16:41:44.884 INFO: JdwpEventCenterDelegate: THREAD_RESUMED: thread (33, main, main)
16:41:44.886 INFO: JdwpEventCenterDelegate: THREAD_RESUMED: thread (33, main, main)
16:41:44.888 INFO: JdwpEventCenterDelegate: THREAD_RESUMED: thread (33, main, main)
16:41:44.893 INFO: JdwpEventCenterDelegate: THREAD_RESUMED: thread (33, main, main)
16:41:44.910 INFO: JdwpEventCenterDelegate: THREAD_RESUMED: thread (33, main, main)
16:41:44.912 INFO: JdwpEventCenterDelegate: THREAD_RESUMED: thread (33, main, main)
16:41:44.915 INFO: JdwpEventCenterDelegate: THREAD_RESUMED: thread (33, main, main)
16:41:44.917 INFO: JdwpEventCenterDelegate: THREAD_RESUMED: thread (33, main, main)
16:41:44.919 INFO: JdwpEventCenterDelegate: THREAD_RESUMED: thread (33, main, main)
16:41:44.924 INFO: JdwpEventCenterDelegate: THREAD_RESUMED: thread (33, main, main)
16:41:44.941 INFO: JdwpEventCenterDelegate: THREAD_RESUMED: thread (33, main, main)
16:41:44.944 INFO: JdwpEventCenterDelegate: THREAD_RESUMED: thread (33, main, main)
16:41:44.946 INFO: JdwpEventCenterDelegate: THREAD_RESUMED: thread (33, main, main)
16:41:44.948 INFO: JdwpEventCenterDelegate: THREAD_RESUMED: thread (33, main, main)
16:41:44.950 INFO: JdwpEventCenterDelegate: THREAD_RESUMED: thread (33, main, main)
16:41:44.955 INFO: JdwpEventCenterDelegate: THREAD_RESUMED: thread (33, main, main)
16:41:44.972 INFO: JdwpEventCenterDelegate: THREAD_RESUMED: thread (33, main, main)
16:41:44.974 INFO: JdwpEventCenterDelegate: THREAD_RESUMED: thread (33, main, main)
16:41:44.976 INFO: JdwpEventCenterDelegate: THREAD_RESUMED: thread (33, main, main)
16:41:44.978 INFO: JdwpEventCenterDelegate: THREAD_RESUMED: thread (33, main, main)
16:41:44.980 INFO: JdwpEventCenterDelegate: THREAD_RESUMED: thread (33, main, main)
16:41:44.984 INFO: JdwpEventCenterDelegate: THREAD_RESUMED: thread (33, main, main)
16:41:44.999 INFO: JdwpEventCenterDelegate: THREAD_RESUMED: thread (33, main, main)
16:41:45.001 INFO: JdwpEventCenterDelegate: THREAD_RESUMED: thread (33, main, main)
16:41:45.003 INFO: JdwpEventCenterDelegate: THREAD_RESUMED: thread (33, main, main)
16:41:45.005 INFO: JdwpEventCenterDelegate: THREAD_RESUMED: thread (33, main, main)
16:41:45.007 INFO: JdwpEventCenterDelegate: THREAD_RESUMED: thread (33, main, main)
16:41:45.011 INFO: JdwpEventCenterDelegate: THREAD_RESUMED: thread (33, main, main)
16:41:45.026 INFO: JdwpEventCenterDelegate: THREAD_RESUMED: thread (33, main, main)
16:41:45.028 INFO: JdwpEventCenterDelegate: THREAD_RESUMED: thread (33, main, main)
16:41:45.030 INFO: JdwpEventCenterDelegate: THREAD_RESUMED: thread (33, main, main)
16:41:45.032 INFO: JdwpEventCenterDelegate: THREAD_RESUMED: thread (33, main, main)
16:41:45.035 INFO: JdwpEventCenterDelegate: THREAD_RESUMED: thread (33, main, main)
16:41:45.040 INFO: JdwpEventCenterDelegate: THREAD_RESUMED: thread (33, main, main)
16:41:45.058 INFO: JdwpEventCenterDelegate: THREAD_RESUMED: thread (33, main, main)
16:41:45.060 INFO: JdwpEventCenterDelegate: THREAD_RESUMED: thread (33, main, main)
16:41:45.063 INFO: JdwpEventCenterDelegate: THREAD_RESUMED: thread (33, main, main)
16:41:45.064 INFO: JdwpEventCenterDelegate: THREAD_RESUMED: thread (33, main, main)
16:41:45.066 INFO: JdwpEventCenterDelegate: THREAD_RESUMED: thread (33, main, main)
16:41:45.071 INFO: JdwpEventCenterDelegate: THREAD_RESUMED: thread (33, main, main)
16:41:45.092 INFO: JdwpEventCenterDelegate: THREAD_RESUMED: thread (33, main, main)
16:41:45.094 INFO: JdwpEventCenterDelegate: THREAD_RESUMED: thread (33, main, main)
16:41:45.096 INFO: JdwpEventCenterDelegate: THREAD_RESUMED: thread (33, main, main)
16:41:45.098 INFO: JdwpEventCenterDelegate: THREAD_RESUMED: thread (33, main, main)
16:41:45.101 INFO: JdwpEventCenterDelegate: THREAD_RESUMED: thread (33, main, main)
16:41:45.106 INFO: JdwpEventCenterDelegate: THREAD_RESUMED: thread (33, main, main)
16:41:45.123 INFO: JdwpEventCenterDelegate: THREAD_RESUMED: thread (33, main, main)
16:41:45.126 INFO: JdwpEventCenterDelegate: THREAD_RESUMED: thread (33, main, main)
16:41:45.128 INFO: JdwpEventCenterDelegate: THREAD_RESUMED: thread (33, main, main)
16:41:45.130 INFO: JdwpEventCenterDelegate: THREAD_RESUMED: thread (33, main, main)
16:41:45.132 INFO: JdwpEventCenterDelegate: THREAD_RESUMED: thread (33, main, main)
16:41:45.137 INFO: JdwpEventCenterDelegate: THREAD_RESUMED: thread (33, main, main)
16:41:45.152 INFO: JdwpEventCenterDelegate: THREAD_RESUMED: thread (33, main, main)
16:41:45.154 INFO: JdwpEventCenterDelegate: THREAD_RESUMED: thread (33, main, main)
16:41:45.157 INFO: JdwpEventCenterDelegate: THREAD_RESUMED: thread (33, main, main)
16:41:45.159 INFO: JdwpEventCenterDelegate: THREAD_RESUMED: thread (33, main, main)
16:41:45.161 INFO: JdwpEventCenterDelegate: THREAD_RESUMED: thread (33, main, main)
16:41:51.746 INFO: JdwpEventCenterDelegate: THREAD_STARTED: thread (123, Timer, main)
16:41:52.621 INFO: JdwpEventCenterDelegate: THREAD_RESUMED: thread (33, main, main)
16:41:52.656 INFO: JdwpEventCenterDelegate: THREAD_RESUMED: thread (33, main, main)
16:41:52.678 INFO: JdwpEventCenterDelegate: THREAD_RESUMED: thread (33, main, main)
16:41:52.697 INFO: JdwpEventCenterDelegate: THREAD_RESUMED: thread (33, main, main)
16:41:52.736 INFO: JdwpEventCenterDelegate: THREAD_RESUMED: thread (33, main, main)
16:41:52.771 INFO: JdwpEventCenterDelegate: THREAD_RESUMED: thread (33, main, main)
16:41:52.788 INFO: JdwpEventCenterDelegate: THREAD_RESUMED: thread (33, main, main)
16:41:52.803 INFO: JdwpEventCenterDelegate: THREAD_RESUMED: thread (33, main, main)
16:41:52.810 INFO: JdwpEventCenterDelegate: THREAD_RESUMED: thread (33, main, main)
16:41:52.824 INFO: JdwpEventCenterDelegate: THREAD_RESUMED: thread (33, main, main)
16:41:52.855 INFO: JdwpEventCenterDelegate: THREAD_RESUMED: thread (33, main, main)
16:41:52.867 INFO: JdwpEventCenterDelegate: THREAD_RESUMED: thread (33, main, main)
16:41:52.879 INFO: JdwpEventCenterDelegate: THREAD_RESUMED: thread (33, main, main)
16:41:52.891 INFO: JdwpEventCenterDelegate: THREAD_RESUMED: thread (33, main, main)
16:41:52.929 INFO: JdwpEventCenterDelegate: THREAD_RESUMED: thread (33, main, main)
16:41:52.962 INFO: JdwpEventCenterDelegate: THREAD_RESUMED: thread (33, main, main)
16:41:52.979 INFO: JdwpEventCenterDelegate: THREAD_RESUMED: thread (33, main, main)
16:41:52.994 INFO: JdwpEventCenterDelegate: THREAD_RESUMED: thread (33, main, main)
16:41:53.000 INFO: JdwpEventCenterDelegate: THREAD_RESUMED: thread (33, main, main)
16:41:53.014 INFO: JdwpEventCenterDelegate: THREAD_RESUMED: thread (33, main, main)
16:41:54.035 SEVERE: Debugger: Thread HooksChannel socket thread crashed
org.robovm.debugger.DebuggerException: java.io.IOException: org.robovm.libimobiledevice.LibIMobileDeviceException: IDEVICE_E_UNKNOWN_ERROR
	at org.robovm.debugger.hooks.HooksChannel.doSocketWork(HooksChannel.java:149)
	at java.base/java.lang.Thread.run(Thread.java:834)
	at org.robovm.debugger.utils.DebuggerThread.run(DebuggerThread.java:42)
Caused by: java.io.IOException: org.robovm.libimobiledevice.LibIMobileDeviceException: IDEVICE_E_UNKNOWN_ERROR
	at org.robovm.libimobiledevice.IDeviceConnection$DeviceInputStream.read(IDeviceConnection.java:203)
	at org.robovm.debugger.utils.bytebuffer.DataBufferWriter.writeFromStream(DataBufferWriter.java:89)
	at org.robovm.debugger.hooks.HooksChannel.doSocketWork(HooksChannel.java:116)
	... 2 more
Caused by: org.robovm.libimobiledevice.LibIMobileDeviceException: IDEVICE_E_UNKNOWN_ERROR
	at org.robovm.libimobiledevice.IDevice.checkResult(IDevice.java:206)
	at org.robovm.libimobiledevice.IDeviceConnection.receive(IDeviceConnection.java:110)
	at org.robovm.libimobiledevice.IDeviceConnection.receive(IDeviceConnection.java:81)
	at org.robovm.libimobiledevice.IDeviceConnection$DeviceInputStream.read(IDeviceConnection.java:201)
	... 4 more
16:41:54.047 INFO: JdwpDebugServer: handling req: VirtualMachine(1).Exit(10)
16:41:54.047 SEVERE: Debugger: Thread JDWP server socket thread crashed
org.robovm.debugger.DebuggerException: Terminating due exit command
	at org.robovm.debugger.jdwp.JdwpDebugServer.doSocketWork(JdwpDebugServer.java:211)
	at java.base/java.lang.Thread.run(Thread.java:834)
	at org.robovm.debugger.utils.DebuggerThread.run(DebuggerThread.java:42)
16:41:54.048 SEVERE: Debugger: Thread EventCenterThread crashed
org.robovm.debugger.DebuggerException: java.lang.InterruptedException
	at org.robovm.debugger.hooks.HooksChannel.sendCommand(HooksChannel.java:183)
	at org.robovm.debugger.hooks.HooksChannel.readMemory(HooksChannel.java:196)
	at org.robovm.debugger.hooks.unitls.TargetByteBufferReader.readLong(TargetByteBufferReader.java:68)
	at org.robovm.debugger.utils.bytebuffer.DataBufferReader.readPointer(DataBufferReader.java:220)
	at org.robovm.debugger.utils.bytebuffer.DataBufferReader.readPointer(DataBufferReader.java:205)
	at org.robovm.debugger.delegates.InstanceUtils$Manipulator.lambda$new$0(InstanceUtils.java:795)
	at org.robovm.debugger.runtime.ValueManipulator.readFromDevice(ValueManipulator.java:82)
	at org.robovm.debugger.delegates.InstanceUtils.getMemoryValue(InstanceUtils.java:223)
	at org.robovm.debugger.delegates.InstanceUtils.getFieldValue(InstanceUtils.java:203)
	at org.robovm.debugger.delegates.InstanceUtils.getFieldValue(InstanceUtils.java:168)
	at org.robovm.debugger.delegates.InstanceUtils.getFieldValue(InstanceUtils.java:155)
	at org.robovm.debugger.delegates.InstanceUtils.createThreadInstance(InstanceUtils.java:675)
	at org.robovm.debugger.delegates.InstanceUtils.instanceByPointer(InstanceUtils.java:441)
	at org.robovm.debugger.delegates.InstanceUtils.instanceByPointer(InstanceUtils.java:451)
	at org.robovm.debugger.delegates.JdwpEventCenterDelegate.processThreadEvent(JdwpEventCenterDelegate.java:652)
	at org.robovm.debugger.delegates.JdwpEventCenterDelegate.processSingleEvent(JdwpEventCenterDelegate.java:514)
	at org.robovm.debugger.delegates.JdwpEventCenterDelegate.processEventsCycle(JdwpEventCenterDelegate.java:486)
	at java.base/java.lang.Thread.run(Thread.java:834)
	at org.robovm.debugger.utils.DebuggerThread.run(DebuggerThread.java:42)
Caused by: java.lang.InterruptedException
	at java.base/java.util.concurrent.locks.AbstractQueuedSynchronizer.doAcquireSharedNanos(AbstractQueuedSynchronizer.java:1081)
	at java.base/java.util.concurrent.locks.AbstractQueuedSynchronizer.tryAcquireSharedNanos(AbstractQueuedSynchronizer.java:1369)
	at java.base/java.util.concurrent.Semaphore.tryAcquire(Semaphore.java:415)
	at org.robovm.debugger.hooks.HookReqHolder.aquire(HookReqHolder.java:41)
	at org.robovm.debugger.hooks.HooksChannel.sendCommand(HooksChannel.java:179)
	... 18 more
