07:13:10.975 INFO: JdwpDebugServer: handling req: VirtualMachine(1).IDSizes(7)
07:13:10.976 INFO: JdwpDebugServer: handling req: EventRequest(15).Set(1)
07:13:10.976 INFO: JdwpEventCenterDelegate: jdwpSetEventRequest: JdwpEventRequest{requestId=100, eventKind=CLASS_PREPARE, suspendPolicy=NONE, predicates=[]}
07:13:10.976 INFO: JdwpDebugServer: handling req: EventRequest(15).Set(1)
07:13:10.976 INFO: JdwpEventCenterDelegate: jdwpSetEventRequest: JdwpEventRequest{requestId=101, eventKind=CLASS_UNLOAD, suspendPolicy=NONE, predicates=[]}
07:13:10.990 INFO: JdwpDebugServer: handling req: VirtualMachine(1).Version(1)
07:13:10.990 INFO: JdwpDebugServer: handling req: VirtualMachine(1).capabilitiesNew(17)
07:13:10.991 INFO: JdwpDebugServer: handling req: VirtualMachine(1).capabilities(12)
07:13:10.991 INFO: JdwpDebugServer: handling req: VirtualMachine(1).AllClassesWithGeneric(20)
07:13:10.994 INFO: JdwpDebugServer: handling req: VirtualMachine(1).TopLevelThreadGroups(5)
07:13:10.995 INFO: JdwpDebugServer: handling req: EventRequest(15).Set(1)
07:13:10.995 INFO: JdwpEventCenterDelegate: jdwpSetEventRequest: JdwpEventRequest{requestId=102, eventKind=THREAD_START, suspendPolicy=NONE, predicates=[]}
07:13:10.995 INFO: JdwpDebugServer: handling req: EventRequest(15).Set(1)
07:13:10.995 INFO: JdwpEventCenterDelegate: jdwpSetEventRequest: JdwpEventRequest{requestId=103, eventKind=THREAD_DEATH, suspendPolicy=NONE, predicates=[]}
07:13:10.996 INFO: JdwpDebugServer: handling req: EventRequest(15).Set(1)
07:13:10.996 INFO: JdwpEventCenterDelegate: jdwpSetEventRequest: JdwpEventRequest{requestId=104, eventKind=CLASS_PREPARE, suspendPolicy=EVENT_THREAD, predicates=[className=sun.instrument.InstrumentationImpl]}
07:13:10.996 INFO: JdwpDebugServer: handling req: EventRequest(15).Set(1)
07:13:10.996 INFO: JdwpEventCenterDelegate: jdwpSetEventRequest: JdwpEventRequest{requestId=105, eventKind=CLASS_PREPARE, suspendPolicy=EVENT_THREAD, predicates=[className=sun.instrument.InstrumentationImpl]}
07:13:11.593 INFO: JdwpDebugServer: handling req: VirtualMachine(1).Resume(9)
07:13:11.643 INFO: JdwpEventCenterDelegate: THREAD_STARTED: thread (33, main, main)
07:13:11.665 INFO: JdwpEventCenterDelegate: THREAD_STARTED: thread (48, ReferenceQueueDaemon, main)
07:13:11.671 INFO: JdwpEventCenterDelegate: THREAD_STARTED: thread (63, FinalizerDaemon, main)
07:13:11.677 INFO: JdwpEventCenterDelegate: THREAD_STARTED: thread (78, FinalizerWatchdogDaemon, main)
07:13:11.680 INFO: JdwpEventCenterDelegate: THREAD_RESUMED: thread (33, main, main)
07:13:11.681 INFO: JdwpEventCenterDelegate: THREAD_RESUMED: thread (33, main, main)
07:13:11.683 INFO: JdwpEventCenterDelegate: THREAD_RESUMED: thread (33, main, main)
07:13:11.684 INFO: JdwpEventCenterDelegate: THREAD_RESUMED: thread (33, main, main)
07:13:11.686 INFO: JdwpEventCenterDelegate: THREAD_RESUMED: thread (33, main, main)
07:13:11.687 INFO: JdwpEventCenterDelegate: THREAD_RESUMED: thread (33, main, main)
07:13:11.689 INFO: JdwpEventCenterDelegate: THREAD_RESUMED: thread (33, main, main)
07:13:11.690 INFO: JdwpEventCenterDelegate: THREAD_RESUMED: thread (33, main, main)
07:13:11.691 INFO: JdwpEventCenterDelegate: THREAD_RESUMED: thread (33, main, main)
07:13:11.692 INFO: JdwpEventCenterDelegate: THREAD_RESUMED: thread (33, main, main)
07:13:11.693 INFO: JdwpEventCenterDelegate: THREAD_RESUMED: thread (33, main, main)
07:13:11.695 INFO: JdwpEventCenterDelegate: THREAD_RESUMED: thread (33, main, main)
07:13:11.696 INFO: JdwpEventCenterDelegate: THREAD_RESUMED: thread (33, main, main)
07:13:11.697 INFO: JdwpEventCenterDelegate: THREAD_RESUMED: thread (33, main, main)
07:13:11.698 INFO: JdwpEventCenterDelegate: THREAD_RESUMED: thread (33, main, main)
07:13:11.699 INFO: JdwpEventCenterDelegate: THREAD_RESUMED: thread (33, main, main)
07:13:11.700 INFO: JdwpEventCenterDelegate: THREAD_RESUMED: thread (33, main, main)
07:13:11.701 INFO: JdwpEventCenterDelegate: THREAD_RESUMED: thread (33, main, main)
07:13:11.705 INFO: JdwpEventCenterDelegate: THREAD_RESUMED: thread (33, main, main)
07:13:11.706 INFO: JdwpEventCenterDelegate: THREAD_RESUMED: thread (33, main, main)
07:13:11.707 INFO: JdwpEventCenterDelegate: THREAD_RESUMED: thread (33, main, main)
07:13:11.708 INFO: JdwpEventCenterDelegate: THREAD_RESUMED: thread (33, main, main)
07:13:11.710 INFO: JdwpEventCenterDelegate: THREAD_RESUMED: thread (33, main, main)
07:13:11.711 INFO: JdwpEventCenterDelegate: THREAD_RESUMED: thread (33, main, main)
07:13:11.712 INFO: JdwpEventCenterDelegate: THREAD_RESUMED: thread (33, main, main)
07:13:11.745 INFO: JdwpEventCenterDelegate: THREAD_RESUMED: thread (33, main, main)
07:13:11.746 INFO: JdwpEventCenterDelegate: THREAD_RESUMED: thread (33, main, main)
07:13:11.748 INFO: JdwpEventCenterDelegate: THREAD_RESUMED: thread (33, main, main)
07:13:11.749 INFO: JdwpEventCenterDelegate: THREAD_RESUMED: thread (33, main, main)
07:13:11.751 INFO: JdwpEventCenterDelegate: THREAD_RESUMED: thread (33, main, main)
07:13:11.752 INFO: JdwpEventCenterDelegate: THREAD_RESUMED: thread (33, main, main)
07:13:11.753 INFO: JdwpEventCenterDelegate: THREAD_RESUMED: thread (33, main, main)
07:13:11.756 INFO: JdwpEventCenterDelegate: THREAD_RESUMED: thread (33, main, main)
07:13:11.758 INFO: JdwpEventCenterDelegate: THREAD_RESUMED: thread (33, main, main)
07:13:11.759 INFO: JdwpEventCenterDelegate: THREAD_RESUMED: thread (33, main, main)
07:13:11.760 INFO: JdwpEventCenterDelegate: THREAD_RESUMED: thread (33, main, main)
07:13:11.761 INFO: JdwpEventCenterDelegate: THREAD_RESUMED: thread (33, main, main)
07:13:11.763 INFO: JdwpEventCenterDelegate: THREAD_RESUMED: thread (33, main, main)
07:13:11.764 INFO: JdwpEventCenterDelegate: THREAD_RESUMED: thread (33, main, main)
07:13:11.781 INFO: JdwpEventCenterDelegate: THREAD_RESUMED: thread (33, main, main)
07:13:11.782 INFO: JdwpEventCenterDelegate: THREAD_RESUMED: thread (33, main, main)
07:13:11.783 INFO: JdwpEventCenterDelegate: THREAD_RESUMED: thread (33, main, main)
07:13:11.785 INFO: JdwpEventCenterDelegate: THREAD_RESUMED: thread (33, main, main)
07:13:11.786 INFO: JdwpEventCenterDelegate: THREAD_RESUMED: thread (33, main, main)
07:13:11.788 INFO: JdwpEventCenterDelegate: THREAD_RESUMED: thread (33, main, main)
07:13:11.789 INFO: JdwpEventCenterDelegate: THREAD_RESUMED: thread (33, main, main)
07:13:11.810 INFO: JdwpEventCenterDelegate: THREAD_RESUMED: thread (33, main, main)
07:13:11.811 INFO: JdwpEventCenterDelegate: THREAD_RESUMED: thread (33, main, main)
07:13:11.812 INFO: JdwpEventCenterDelegate: THREAD_RESUMED: thread (33, main, main)
07:13:11.814 INFO: JdwpEventCenterDelegate: THREAD_RESUMED: thread (33, main, main)
07:13:11.815 INFO: JdwpEventCenterDelegate: THREAD_RESUMED: thread (33, main, main)
07:13:11.817 INFO: JdwpEventCenterDelegate: THREAD_RESUMED: thread (33, main, main)
07:13:11.818 INFO: JdwpEventCenterDelegate: THREAD_RESUMED: thread (33, main, main)
07:13:11.845 INFO: JdwpEventCenterDelegate: THREAD_RESUMED: thread (33, main, main)
07:13:11.846 INFO: JdwpEventCenterDelegate: THREAD_RESUMED: thread (33, main, main)
07:13:11.847 INFO: JdwpEventCenterDelegate: THREAD_RESUMED: thread (33, main, main)
07:13:11.848 INFO: JdwpEventCenterDelegate: THREAD_RESUMED: thread (33, main, main)
07:13:11.850 INFO: JdwpEventCenterDelegate: THREAD_RESUMED: thread (33, main, main)
07:13:11.852 INFO: JdwpEventCenterDelegate: THREAD_RESUMED: thread (33, main, main)
07:13:11.852 INFO: JdwpEventCenterDelegate: THREAD_RESUMED: thread (33, main, main)
07:13:11.863 INFO: JdwpEventCenterDelegate: THREAD_RESUMED: thread (33, main, main)
07:13:11.865 INFO: JdwpEventCenterDelegate: THREAD_RESUMED: thread (33, main, main)
07:13:11.866 INFO: JdwpEventCenterDelegate: THREAD_RESUMED: thread (33, main, main)
07:13:11.867 INFO: JdwpEventCenterDelegate: THREAD_RESUMED: thread (33, main, main)
07:13:11.868 INFO: JdwpEventCenterDelegate: THREAD_RESUMED: thread (33, main, main)
07:13:11.870 INFO: JdwpEventCenterDelegate: THREAD_RESUMED: thread (33, main, main)
07:13:11.871 INFO: JdwpEventCenterDelegate: THREAD_RESUMED: thread (33, main, main)
07:13:11.881 INFO: JdwpEventCenterDelegate: THREAD_RESUMED: thread (33, main, main)
07:13:11.882 INFO: JdwpEventCenterDelegate: THREAD_RESUMED: thread (33, main, main)
07:13:11.884 INFO: JdwpEventCenterDelegate: THREAD_RESUMED: thread (33, main, main)
07:13:11.885 INFO: JdwpEventCenterDelegate: THREAD_RESUMED: thread (33, main, main)
07:13:11.886 INFO: JdwpEventCenterDelegate: THREAD_RESUMED: thread (33, main, main)
07:13:11.888 INFO: JdwpEventCenterDelegate: THREAD_RESUMED: thread (33, main, main)
07:13:11.889 INFO: JdwpEventCenterDelegate: THREAD_RESUMED: thread (33, main, main)
07:13:11.891 INFO: JdwpEventCenterDelegate: THREAD_RESUMED: thread (33, main, main)
07:13:11.892 INFO: JdwpEventCenterDelegate: THREAD_RESUMED: thread (33, main, main)
07:13:11.893 INFO: JdwpEventCenterDelegate: THREAD_RESUMED: thread (33, main, main)
07:13:11.894 INFO: JdwpEventCenterDelegate: THREAD_RESUMED: thread (33, main, main)
07:13:11.896 INFO: JdwpEventCenterDelegate: THREAD_RESUMED: thread (33, main, main)
07:13:11.897 INFO: JdwpEventCenterDelegate: THREAD_RESUMED: thread (33, main, main)
07:13:11.899 INFO: JdwpEventCenterDelegate: THREAD_RESUMED: thread (33, main, main)
07:13:11.900 INFO: JdwpEventCenterDelegate: THREAD_RESUMED: thread (33, main, main)
07:13:11.901 INFO: JdwpEventCenterDelegate: THREAD_RESUMED: thread (33, main, main)
07:13:11.903 INFO: JdwpEventCenterDelegate: THREAD_RESUMED: thread (33, main, main)
07:13:11.904 INFO: JdwpEventCenterDelegate: THREAD_RESUMED: thread (33, main, main)
07:13:11.908 INFO: JdwpEventCenterDelegate: THREAD_RESUMED: thread (33, main, main)
07:13:11.909 INFO: JdwpEventCenterDelegate: THREAD_RESUMED: thread (33, main, main)
07:13:12.048 INFO: JdwpEventCenterDelegate: THREAD_STARTED: thread (93, AssetManager, main)
07:13:12.154 INFO: JdwpEventCenterDelegate: THREAD_RESUMED: thread (33, main, main)
07:13:12.156 INFO: JdwpEventCenterDelegate: THREAD_RESUMED: thread (33, main, main)
07:13:14.723 INFO: JdwpEventCenterDelegate: THREAD_RESUMED: thread (33, main, main)
07:13:14.819 INFO: JdwpEventCenterDelegate: THREAD_RESUMED: thread (33, main, main)
07:13:14.820 INFO: JdwpEventCenterDelegate: THREAD_RESUMED: thread (33, main, main)
07:13:14.822 INFO: JdwpEventCenterDelegate: THREAD_RESUMED: thread (33, main, main)
07:13:14.824 INFO: JdwpEventCenterDelegate: THREAD_RESUMED: thread (33, main, main)
07:13:14.826 INFO: JdwpEventCenterDelegate: THREAD_RESUMED: thread (33, main, main)
07:13:14.832 INFO: JdwpEventCenterDelegate: THREAD_RESUMED: thread (33, main, main)
07:13:14.843 INFO: JdwpEventCenterDelegate: THREAD_RESUMED: thread (33, main, main)
07:13:14.846 INFO: JdwpEventCenterDelegate: THREAD_RESUMED: thread (33, main, main)
07:13:14.848 INFO: JdwpEventCenterDelegate: THREAD_RESUMED: thread (33, main, main)
07:13:14.850 INFO: JdwpEventCenterDelegate: THREAD_RESUMED: thread (33, main, main)
07:13:14.852 INFO: JdwpEventCenterDelegate: THREAD_RESUMED: thread (33, main, main)
07:13:14.857 INFO: JdwpEventCenterDelegate: THREAD_RESUMED: thread (33, main, main)
07:13:14.872 INFO: JdwpEventCenterDelegate: THREAD_RESUMED: thread (33, main, main)
07:13:14.875 INFO: JdwpEventCenterDelegate: THREAD_RESUMED: thread (33, main, main)
07:13:14.877 INFO: JdwpEventCenterDelegate: THREAD_RESUMED: thread (33, main, main)
07:13:14.879 INFO: JdwpEventCenterDelegate: THREAD_RESUMED: thread (33, main, main)
07:13:14.882 INFO: JdwpEventCenterDelegate: THREAD_RESUMED: thread (33, main, main)
07:13:14.887 INFO: JdwpEventCenterDelegate: THREAD_RESUMED: thread (33, main, main)
07:13:14.905 INFO: JdwpEventCenterDelegate: THREAD_RESUMED: thread (33, main, main)
07:13:14.907 INFO: JdwpEventCenterDelegate: THREAD_RESUMED: thread (33, main, main)
07:13:14.910 INFO: JdwpEventCenterDelegate: THREAD_RESUMED: thread (33, main, main)
07:13:14.912 INFO: JdwpEventCenterDelegate: THREAD_RESUMED: thread (33, main, main)
07:13:14.915 INFO: JdwpEventCenterDelegate: THREAD_RESUMED: thread (33, main, main)
07:13:14.920 INFO: JdwpEventCenterDelegate: THREAD_RESUMED: thread (33, main, main)
07:13:14.935 INFO: JdwpEventCenterDelegate: THREAD_RESUMED: thread (33, main, main)
07:13:14.937 INFO: JdwpEventCenterDelegate: THREAD_RESUMED: thread (33, main, main)
07:13:14.940 INFO: JdwpEventCenterDelegate: THREAD_RESUMED: thread (33, main, main)
07:13:14.942 INFO: JdwpEventCenterDelegate: THREAD_RESUMED: thread (33, main, main)
07:13:14.945 INFO: JdwpEventCenterDelegate: THREAD_RESUMED: thread (33, main, main)
07:13:14.950 INFO: JdwpEventCenterDelegate: THREAD_RESUMED: thread (33, main, main)
07:13:14.965 INFO: JdwpEventCenterDelegate: THREAD_RESUMED: thread (33, main, main)
07:13:14.968 INFO: JdwpEventCenterDelegate: THREAD_RESUMED: thread (33, main, main)
07:13:14.971 INFO: JdwpEventCenterDelegate: THREAD_RESUMED: thread (33, main, main)
07:13:14.973 INFO: JdwpEventCenterDelegate: THREAD_RESUMED: thread (33, main, main)
07:13:14.975 INFO: JdwpEventCenterDelegate: THREAD_RESUMED: thread (33, main, main)
07:13:14.981 INFO: JdwpEventCenterDelegate: THREAD_RESUMED: thread (33, main, main)
07:13:15.003 INFO: JdwpEventCenterDelegate: THREAD_RESUMED: thread (33, main, main)
07:13:15.005 INFO: JdwpEventCenterDelegate: THREAD_RESUMED: thread (33, main, main)
07:13:15.007 INFO: JdwpEventCenterDelegate: THREAD_RESUMED: thread (33, main, main)
07:13:15.009 INFO: JdwpEventCenterDelegate: THREAD_RESUMED: thread (33, main, main)
07:13:15.012 INFO: JdwpEventCenterDelegate: THREAD_RESUMED: thread (33, main, main)
07:13:15.017 INFO: JdwpEventCenterDelegate: THREAD_RESUMED: thread (33, main, main)
07:13:15.037 INFO: JdwpEventCenterDelegate: THREAD_RESUMED: thread (33, main, main)
07:13:15.039 INFO: JdwpEventCenterDelegate: THREAD_RESUMED: thread (33, main, main)
07:13:15.041 INFO: JdwpEventCenterDelegate: THREAD_RESUMED: thread (33, main, main)
07:13:15.043 INFO: JdwpEventCenterDelegate: THREAD_RESUMED: thread (33, main, main)
07:13:15.046 INFO: JdwpEventCenterDelegate: THREAD_RESUMED: thread (33, main, main)
07:13:15.051 INFO: JdwpEventCenterDelegate: THREAD_RESUMED: thread (33, main, main)
07:13:15.070 INFO: JdwpEventCenterDelegate: THREAD_RESUMED: thread (33, main, main)
07:13:15.072 INFO: JdwpEventCenterDelegate: THREAD_RESUMED: thread (33, main, main)
07:13:15.074 INFO: JdwpEventCenterDelegate: THREAD_RESUMED: thread (33, main, main)
07:13:15.076 INFO: JdwpEventCenterDelegate: THREAD_RESUMED: thread (33, main, main)
07:13:15.079 INFO: JdwpEventCenterDelegate: THREAD_RESUMED: thread (33, main, main)
07:13:15.084 INFO: JdwpEventCenterDelegate: THREAD_RESUMED: thread (33, main, main)
07:13:15.099 INFO: JdwpEventCenterDelegate: THREAD_RESUMED: thread (33, main, main)
07:13:15.101 INFO: JdwpEventCenterDelegate: THREAD_RESUMED: thread (33, main, main)
07:13:15.103 INFO: JdwpEventCenterDelegate: THREAD_RESUMED: thread (33, main, main)
07:13:15.105 INFO: JdwpEventCenterDelegate: THREAD_RESUMED: thread (33, main, main)
07:13:15.107 INFO: JdwpEventCenterDelegate: THREAD_RESUMED: thread (33, main, main)
07:13:15.112 INFO: JdwpEventCenterDelegate: THREAD_RESUMED: thread (33, main, main)
07:13:15.127 INFO: JdwpEventCenterDelegate: THREAD_RESUMED: thread (33, main, main)
07:13:15.129 INFO: JdwpEventCenterDelegate: THREAD_RESUMED: thread (33, main, main)
07:13:15.131 INFO: JdwpEventCenterDelegate: THREAD_RESUMED: thread (33, main, main)
07:13:15.134 INFO: JdwpEventCenterDelegate: THREAD_RESUMED: thread (33, main, main)
07:13:15.136 INFO: JdwpEventCenterDelegate: THREAD_RESUMED: thread (33, main, main)
07:13:15.141 INFO: JdwpEventCenterDelegate: THREAD_RESUMED: thread (33, main, main)
07:13:15.163 INFO: JdwpEventCenterDelegate: THREAD_RESUMED: thread (33, main, main)
07:13:15.166 INFO: JdwpEventCenterDelegate: THREAD_RESUMED: thread (33, main, main)
07:13:15.168 INFO: JdwpEventCenterDelegate: THREAD_RESUMED: thread (33, main, main)
07:13:15.170 INFO: JdwpEventCenterDelegate: THREAD_RESUMED: thread (33, main, main)
07:13:15.172 INFO: JdwpEventCenterDelegate: THREAD_RESUMED: thread (33, main, main)
07:13:15.177 INFO: JdwpEventCenterDelegate: THREAD_RESUMED: thread (33, main, main)
07:13:15.199 INFO: JdwpEventCenterDelegate: THREAD_RESUMED: thread (33, main, main)
07:13:15.202 INFO: JdwpEventCenterDelegate: THREAD_RESUMED: thread (33, main, main)
07:13:15.204 INFO: JdwpEventCenterDelegate: THREAD_RESUMED: thread (33, main, main)
07:13:15.206 INFO: JdwpEventCenterDelegate: THREAD_RESUMED: thread (33, main, main)
07:13:15.208 INFO: JdwpEventCenterDelegate: THREAD_RESUMED: thread (33, main, main)
07:13:15.214 INFO: JdwpEventCenterDelegate: THREAD_RESUMED: thread (33, main, main)
07:13:15.233 INFO: JdwpEventCenterDelegate: THREAD_RESUMED: thread (33, main, main)
07:13:15.235 INFO: JdwpEventCenterDelegate: THREAD_RESUMED: thread (33, main, main)
07:13:15.237 INFO: JdwpEventCenterDelegate: THREAD_RESUMED: thread (33, main, main)
07:13:15.239 INFO: JdwpEventCenterDelegate: THREAD_RESUMED: thread (33, main, main)
07:13:15.242 INFO: JdwpEventCenterDelegate: THREAD_RESUMED: thread (33, main, main)
07:13:15.246 INFO: JdwpEventCenterDelegate: THREAD_RESUMED: thread (33, main, main)
07:13:15.260 INFO: JdwpEventCenterDelegate: THREAD_RESUMED: thread (33, main, main)
07:13:15.262 INFO: JdwpEventCenterDelegate: THREAD_RESUMED: thread (33, main, main)
07:13:15.264 INFO: JdwpEventCenterDelegate: THREAD_RESUMED: thread (33, main, main)
07:13:15.266 INFO: JdwpEventCenterDelegate: THREAD_RESUMED: thread (33, main, main)
07:13:15.268 INFO: JdwpEventCenterDelegate: THREAD_RESUMED: thread (33, main, main)
07:13:15.274 INFO: JdwpEventCenterDelegate: THREAD_RESUMED: thread (33, main, main)
07:13:15.276 INFO: JdwpEventCenterDelegate: THREAD_RESUMED: thread (33, main, main)
07:13:15.278 INFO: JdwpEventCenterDelegate: THREAD_RESUMED: thread (33, main, main)
07:13:15.281 INFO: JdwpEventCenterDelegate: THREAD_RESUMED: thread (33, main, main)
07:13:15.283 INFO: JdwpEventCenterDelegate: THREAD_RESUMED: thread (33, main, main)
07:13:15.286 INFO: JdwpEventCenterDelegate: THREAD_RESUMED: thread (33, main, main)
07:13:15.288 INFO: JdwpEventCenterDelegate: THREAD_RESUMED: thread (33, main, main)
07:13:15.292 INFO: JdwpEventCenterDelegate: THREAD_RESUMED: thread (33, main, main)
07:13:15.294 INFO: JdwpEventCenterDelegate: THREAD_RESUMED: thread (33, main, main)
07:13:15.296 INFO: JdwpEventCenterDelegate: THREAD_RESUMED: thread (33, main, main)
07:13:15.298 INFO: JdwpEventCenterDelegate: THREAD_RESUMED: thread (33, main, main)
07:13:15.309 INFO: JdwpEventCenterDelegate: THREAD_RESUMED: thread (33, main, main)
07:13:15.312 INFO: JdwpEventCenterDelegate: THREAD_RESUMED: thread (33, main, main)
07:13:15.314 INFO: JdwpEventCenterDelegate: THREAD_RESUMED: thread (33, main, main)
07:13:15.316 INFO: JdwpEventCenterDelegate: THREAD_RESUMED: thread (33, main, main)
07:13:15.319 INFO: JdwpEventCenterDelegate: THREAD_RESUMED: thread (33, main, main)
07:13:15.324 INFO: JdwpEventCenterDelegate: THREAD_RESUMED: thread (33, main, main)
07:13:15.336 INFO: JdwpEventCenterDelegate: THREAD_RESUMED: thread (33, main, main)
07:13:15.350 INFO: JdwpEventCenterDelegate: THREAD_RESUMED: thread (33, main, main)
07:13:15.361 INFO: JdwpEventCenterDelegate: THREAD_RESUMED: thread (33, main, main)
07:13:15.374 INFO: JdwpEventCenterDelegate: THREAD_RESUMED: thread (33, main, main)
07:13:15.404 INFO: JdwpEventCenterDelegate: THREAD_RESUMED: thread (33, main, main)
07:13:15.407 INFO: JdwpEventCenterDelegate: THREAD_RESUMED: thread (33, main, main)
07:13:15.409 INFO: JdwpEventCenterDelegate: THREAD_RESUMED: thread (33, main, main)
07:13:15.411 INFO: JdwpEventCenterDelegate: THREAD_RESUMED: thread (33, main, main)
07:13:15.413 INFO: JdwpEventCenterDelegate: THREAD_RESUMED: thread (33, main, main)
07:13:15.419 INFO: JdwpEventCenterDelegate: THREAD_RESUMED: thread (33, main, main)
07:13:15.430 INFO: JdwpEventCenterDelegate: THREAD_RESUMED: thread (33, main, main)
07:13:15.433 INFO: JdwpEventCenterDelegate: THREAD_RESUMED: thread (33, main, main)
07:13:15.435 INFO: JdwpEventCenterDelegate: THREAD_RESUMED: thread (33, main, main)
07:13:15.437 INFO: JdwpEventCenterDelegate: THREAD_RESUMED: thread (33, main, main)
07:13:15.440 INFO: JdwpEventCenterDelegate: THREAD_RESUMED: thread (33, main, main)
07:13:15.444 INFO: JdwpEventCenterDelegate: THREAD_RESUMED: thread (33, main, main)
07:13:15.462 INFO: JdwpEventCenterDelegate: THREAD_RESUMED: thread (33, main, main)
07:13:15.464 INFO: JdwpEventCenterDelegate: THREAD_RESUMED: thread (33, main, main)
07:13:15.465 INFO: JdwpEventCenterDelegate: THREAD_RESUMED: thread (33, main, main)
07:13:15.467 INFO: JdwpEventCenterDelegate: THREAD_RESUMED: thread (33, main, main)
07:13:15.470 INFO: JdwpEventCenterDelegate: THREAD_RESUMED: thread (33, main, main)
07:13:15.474 INFO: JdwpEventCenterDelegate: THREAD_RESUMED: thread (33, main, main)
07:13:15.492 INFO: JdwpEventCenterDelegate: THREAD_RESUMED: thread (33, main, main)
07:13:15.494 INFO: JdwpEventCenterDelegate: THREAD_RESUMED: thread (33, main, main)
07:13:15.496 INFO: JdwpEventCenterDelegate: THREAD_RESUMED: thread (33, main, main)
07:13:15.498 INFO: JdwpEventCenterDelegate: THREAD_RESUMED: thread (33, main, main)
07:13:15.501 INFO: JdwpEventCenterDelegate: THREAD_RESUMED: thread (33, main, main)
07:13:15.505 INFO: JdwpEventCenterDelegate: THREAD_RESUMED: thread (33, main, main)
07:13:15.521 INFO: JdwpEventCenterDelegate: THREAD_RESUMED: thread (33, main, main)
07:13:15.522 INFO: JdwpEventCenterDelegate: THREAD_RESUMED: thread (33, main, main)
07:13:15.525 INFO: JdwpEventCenterDelegate: THREAD_RESUMED: thread (33, main, main)
07:13:15.527 INFO: JdwpEventCenterDelegate: THREAD_RESUMED: thread (33, main, main)
07:13:15.529 INFO: JdwpEventCenterDelegate: THREAD_RESUMED: thread (33, main, main)
07:13:15.533 INFO: JdwpEventCenterDelegate: THREAD_RESUMED: thread (33, main, main)
07:13:15.548 INFO: JdwpEventCenterDelegate: THREAD_RESUMED: thread (33, main, main)
07:13:15.550 INFO: JdwpEventCenterDelegate: THREAD_RESUMED: thread (33, main, main)
07:13:15.552 INFO: JdwpEventCenterDelegate: THREAD_RESUMED: thread (33, main, main)
07:13:15.555 INFO: JdwpEventCenterDelegate: THREAD_RESUMED: thread (33, main, main)
07:13:15.557 INFO: JdwpEventCenterDelegate: THREAD_RESUMED: thread (33, main, main)
07:13:15.561 INFO: JdwpEventCenterDelegate: THREAD_RESUMED: thread (33, main, main)
07:13:15.579 INFO: JdwpEventCenterDelegate: THREAD_RESUMED: thread (33, main, main)
07:13:15.581 INFO: JdwpEventCenterDelegate: THREAD_RESUMED: thread (33, main, main)
07:13:15.583 INFO: JdwpEventCenterDelegate: THREAD_RESUMED: thread (33, main, main)
07:13:15.585 INFO: JdwpEventCenterDelegate: THREAD_RESUMED: thread (33, main, main)
07:13:15.587 INFO: JdwpEventCenterDelegate: THREAD_RESUMED: thread (33, main, main)
07:13:15.591 INFO: JdwpEventCenterDelegate: THREAD_RESUMED: thread (33, main, main)
07:13:15.609 INFO: JdwpEventCenterDelegate: THREAD_RESUMED: thread (33, main, main)
07:13:15.611 INFO: JdwpEventCenterDelegate: THREAD_RESUMED: thread (33, main, main)
07:13:15.613 INFO: JdwpEventCenterDelegate: THREAD_RESUMED: thread (33, main, main)
07:13:15.614 INFO: JdwpEventCenterDelegate: THREAD_RESUMED: thread (33, main, main)
07:13:15.617 INFO: JdwpEventCenterDelegate: THREAD_RESUMED: thread (33, main, main)
07:13:15.621 INFO: JdwpEventCenterDelegate: THREAD_RESUMED: thread (33, main, main)
07:13:15.639 INFO: JdwpEventCenterDelegate: THREAD_RESUMED: thread (33, main, main)
07:13:15.641 INFO: JdwpEventCenterDelegate: THREAD_RESUMED: thread (33, main, main)
07:13:15.643 INFO: JdwpEventCenterDelegate: THREAD_RESUMED: thread (33, main, main)
07:13:15.645 INFO: JdwpEventCenterDelegate: THREAD_RESUMED: thread (33, main, main)
07:13:15.647 INFO: JdwpEventCenterDelegate: THREAD_RESUMED: thread (33, main, main)
07:13:15.651 INFO: JdwpEventCenterDelegate: THREAD_RESUMED: thread (33, main, main)
07:13:15.666 INFO: JdwpEventCenterDelegate: THREAD_RESUMED: thread (33, main, main)
07:13:15.668 INFO: JdwpEventCenterDelegate: THREAD_RESUMED: thread (33, main, main)
07:13:15.671 INFO: JdwpEventCenterDelegate: THREAD_RESUMED: thread (33, main, main)
07:13:15.673 INFO: JdwpEventCenterDelegate: THREAD_RESUMED: thread (33, main, main)
07:13:15.675 INFO: JdwpEventCenterDelegate: THREAD_RESUMED: thread (33, main, main)
07:13:15.679 INFO: JdwpEventCenterDelegate: THREAD_RESUMED: thread (33, main, main)
07:13:15.693 INFO: JdwpEventCenterDelegate: THREAD_RESUMED: thread (33, main, main)
07:13:15.696 INFO: JdwpEventCenterDelegate: THREAD_RESUMED: thread (33, main, main)
07:13:15.698 INFO: JdwpEventCenterDelegate: THREAD_RESUMED: thread (33, main, main)
07:13:15.700 INFO: JdwpEventCenterDelegate: THREAD_RESUMED: thread (33, main, main)
07:13:15.702 INFO: JdwpEventCenterDelegate: THREAD_RESUMED: thread (33, main, main)
07:13:15.706 INFO: JdwpEventCenterDelegate: THREAD_RESUMED: thread (33, main, main)
07:13:15.729 INFO: JdwpEventCenterDelegate: THREAD_RESUMED: thread (33, main, main)
07:13:15.731 INFO: JdwpEventCenterDelegate: THREAD_RESUMED: thread (33, main, main)
07:13:15.734 INFO: JdwpEventCenterDelegate: THREAD_RESUMED: thread (33, main, main)
07:13:15.736 INFO: JdwpEventCenterDelegate: THREAD_RESUMED: thread (33, main, main)
07:13:15.738 INFO: JdwpEventCenterDelegate: THREAD_RESUMED: thread (33, main, main)
07:13:15.743 INFO: JdwpEventCenterDelegate: THREAD_RESUMED: thread (33, main, main)
07:13:15.764 INFO: JdwpEventCenterDelegate: THREAD_RESUMED: thread (33, main, main)
07:13:15.767 INFO: JdwpEventCenterDelegate: THREAD_RESUMED: thread (33, main, main)
07:13:15.769 INFO: JdwpEventCenterDelegate: THREAD_RESUMED: thread (33, main, main)
07:13:15.771 INFO: JdwpEventCenterDelegate: THREAD_RESUMED: thread (33, main, main)
07:13:15.774 INFO: JdwpEventCenterDelegate: THREAD_RESUMED: thread (33, main, main)
07:13:15.779 INFO: JdwpEventCenterDelegate: THREAD_RESUMED: thread (33, main, main)
07:13:15.796 INFO: JdwpEventCenterDelegate: THREAD_RESUMED: thread (33, main, main)
07:13:15.799 INFO: JdwpEventCenterDelegate: THREAD_RESUMED: thread (33, main, main)
07:13:15.801 INFO: JdwpEventCenterDelegate: THREAD_RESUMED: thread (33, main, main)
07:13:15.803 INFO: JdwpEventCenterDelegate: THREAD_RESUMED: thread (33, main, main)
07:13:15.806 INFO: JdwpEventCenterDelegate: THREAD_RESUMED: thread (33, main, main)
07:13:15.810 INFO: JdwpEventCenterDelegate: THREAD_RESUMED: thread (33, main, main)
07:13:15.823 INFO: JdwpEventCenterDelegate: THREAD_RESUMED: thread (33, main, main)
07:13:15.825 INFO: JdwpEventCenterDelegate: THREAD_RESUMED: thread (33, main, main)
07:13:15.827 INFO: JdwpEventCenterDelegate: THREAD_RESUMED: thread (33, main, main)
07:13:15.830 INFO: JdwpEventCenterDelegate: THREAD_RESUMED: thread (33, main, main)
07:13:15.832 INFO: JdwpEventCenterDelegate: THREAD_RESUMED: thread (33, main, main)
07:13:55.543 INFO: JdwpEventCenterDelegate: THREAD_STARTED: thread (108, Timer, main)
07:13:56.434 INFO: JdwpEventCenterDelegate: THREAD_RESUMED: thread (33, main, main)
07:13:56.466 INFO: JdwpEventCenterDelegate: THREAD_RESUMED: thread (33, main, main)
07:13:56.490 INFO: JdwpEventCenterDelegate: THREAD_RESUMED: thread (33, main, main)
07:13:56.508 INFO: JdwpEventCenterDelegate: THREAD_RESUMED: thread (33, main, main)
07:13:56.551 INFO: JdwpEventCenterDelegate: THREAD_RESUMED: thread (33, main, main)
07:13:56.585 INFO: JdwpEventCenterDelegate: THREAD_RESUMED: thread (33, main, main)
07:13:56.603 INFO: JdwpEventCenterDelegate: THREAD_RESUMED: thread (33, main, main)
07:13:56.618 INFO: JdwpEventCenterDelegate: THREAD_RESUMED: thread (33, main, main)
07:13:56.625 INFO: JdwpEventCenterDelegate: THREAD_RESUMED: thread (33, main, main)
07:13:56.639 INFO: JdwpEventCenterDelegate: THREAD_RESUMED: thread (33, main, main)
07:13:56.670 INFO: JdwpEventCenterDelegate: THREAD_RESUMED: thread (33, main, main)
07:13:56.682 INFO: JdwpEventCenterDelegate: THREAD_RESUMED: thread (33, main, main)
07:13:56.695 INFO: JdwpEventCenterDelegate: THREAD_RESUMED: thread (33, main, main)
07:13:56.707 INFO: JdwpEventCenterDelegate: THREAD_RESUMED: thread (33, main, main)
07:13:56.744 INFO: JdwpEventCenterDelegate: THREAD_RESUMED: thread (33, main, main)
07:13:56.782 INFO: JdwpEventCenterDelegate: THREAD_RESUMED: thread (33, main, main)
07:13:56.800 INFO: JdwpEventCenterDelegate: THREAD_RESUMED: thread (33, main, main)
07:13:56.815 INFO: JdwpEventCenterDelegate: THREAD_RESUMED: thread (33, main, main)
07:13:56.821 INFO: JdwpEventCenterDelegate: THREAD_RESUMED: thread (33, main, main)
07:13:56.835 INFO: JdwpEventCenterDelegate: THREAD_RESUMED: thread (33, main, main)
07:13:58.227 INFO: JdwpEventCenterDelegate: THREAD_RESUMED: thread (33, main, main)
07:13:58.231 INFO: JdwpEventCenterDelegate: THREAD_RESUMED: thread (33, main, main)
07:13:58.235 INFO: JdwpEventCenterDelegate: THREAD_RESUMED: thread (33, main, main)
07:13:58.238 INFO: JdwpEventCenterDelegate: THREAD_RESUMED: thread (33, main, main)
07:13:58.242 INFO: JdwpEventCenterDelegate: THREAD_RESUMED: thread (33, main, main)
07:13:58.245 INFO: JdwpEventCenterDelegate: THREAD_RESUMED: thread (33, main, main)
07:13:58.248 INFO: JdwpEventCenterDelegate: THREAD_RESUMED: thread (33, main, main)
07:13:58.271 INFO: JdwpEventCenterDelegate: THREAD_RESUMED: thread (33, main, main)
07:13:58.273 INFO: JdwpEventCenterDelegate: THREAD_RESUMED: thread (33, main, main)
07:13:58.275 INFO: JdwpEventCenterDelegate: THREAD_RESUMED: thread (33, main, main)
07:13:58.277 INFO: JdwpEventCenterDelegate: THREAD_RESUMED: thread (33, main, main)
07:13:58.279 INFO: JdwpEventCenterDelegate: THREAD_RESUMED: thread (33, main, main)
07:13:58.281 INFO: JdwpEventCenterDelegate: THREAD_RESUMED: thread (33, main, main)
07:13:58.284 INFO: JdwpEventCenterDelegate: THREAD_RESUMED: thread (33, main, main)
07:15:36.232 INFO: JdwpDebugServer: handling req: VirtualMachine(1).Exit(10)
07:15:36.232 SEVERE: Debugger: Thread JDWP server socket thread crashed
org.robovm.debugger.DebuggerException: Terminating due exit command
	at org.robovm.debugger.jdwp.JdwpDebugServer.doSocketWork(JdwpDebugServer.java:211)
	at java.base/java.lang.Thread.run(Thread.java:834)
	at org.robovm.debugger.utils.DebuggerThread.run(DebuggerThread.java:42)
07:15:36.737 SEVERE: Debugger: Thread HooksChannel socket thread crashed
org.robovm.debugger.DebuggerException: java.io.IOException: org.robovm.libimobiledevice.LibIMobileDeviceException: IDEVICE_E_UNKNOWN_ERROR
	at org.robovm.debugger.hooks.HooksChannel.doSocketWork(HooksChannel.java:149)
	at java.base/java.lang.Thread.run(Thread.java:834)
	at org.robovm.debugger.utils.DebuggerThread.run(DebuggerThread.java:42)
Caused by: java.io.IOException: org.robovm.libimobiledevice.LibIMobileDeviceException: IDEVICE_E_UNKNOWN_ERROR
	at org.robovm.libimobiledevice.IDeviceConnection$DeviceInputStream.read(IDeviceConnection.java:203)
	at org.robovm.debugger.utils.bytebuffer.DataBufferWriter.writeFromStream(DataBufferWriter.java:89)
	at org.robovm.debugger.hooks.HooksChannel.doSocketWork(HooksChannel.java:116)
	... 2 more
Caused by: org.robovm.libimobiledevice.LibIMobileDeviceException: IDEVICE_E_UNKNOWN_ERROR
	at org.robovm.libimobiledevice.IDevice.checkResult(IDevice.java:206)
	at org.robovm.libimobiledevice.IDeviceConnection.receive(IDeviceConnection.java:110)
	at org.robovm.libimobiledevice.IDeviceConnection.receive(IDeviceConnection.java:81)
	at org.robovm.libimobiledevice.IDeviceConnection$DeviceInputStream.read(IDeviceConnection.java:201)
	... 4 more
