00:00:39.190 INFO: JdwpDebugServer: handling req: VirtualMachine(1).IDSizes(7)
00:00:39.191 INFO: JdwpDebugServer: handling req: EventRequest(15).Set(1)
00:00:39.191 INFO: JdwpEventCenterDelegate: jdwpSetEventRequest: JdwpEventRequest{requestId=100, eventKind=CLASS_PREPARE, suspendPolicy=NONE, predicates=[]}
00:00:39.191 INFO: JdwpDebugServer: handling req: EventRequest(15).Set(1)
00:00:39.191 INFO: JdwpEventCenterDelegate: jdwpSetEventRequest: JdwpEventRequest{requestId=101, eventKind=CLASS_UNLOAD, suspendPolicy=NONE, predicates=[]}
00:00:39.214 INFO: JdwpDebugServer: handling req: VirtualMachine(1).Version(1)
00:00:39.214 INFO: JdwpDebugServer: handling req: VirtualMachine(1).capabilitiesNew(17)
00:00:39.214 INFO: JdwpDebugServer: handling req: VirtualMachine(1).capabilities(12)
00:00:39.214 INFO: JdwpDebugServer: handling req: VirtualMachine(1).AllClassesWithGeneric(20)
00:00:39.219 INFO: JdwpDebugServer: handling req: VirtualMachine(1).TopLevelThreadGroups(5)
00:00:39.219 INFO: JdwpDebugServer: handling req: EventRequest(15).Set(1)
00:00:39.219 INFO: JdwpEventCenterDelegate: jdwpSetEventRequest: JdwpEventRequest{requestId=102, eventKind=THREAD_START, suspendPolicy=NONE, predicates=[]}
00:00:39.219 INFO: JdwpDebugServer: handling req: EventRequest(15).Set(1)
00:00:39.219 INFO: JdwpEventCenterDelegate: jdwpSetEventRequest: JdwpEventRequest{requestId=103, eventKind=THREAD_DEATH, suspendPolicy=NONE, predicates=[]}
00:00:39.220 INFO: JdwpDebugServer: handling req: EventRequest(15).Set(1)
00:00:39.220 INFO: JdwpEventCenterDelegate: jdwpSetEventRequest: JdwpEventRequest{requestId=104, eventKind=CLASS_PREPARE, suspendPolicy=EVENT_THREAD, predicates=[className=sun.instrument.InstrumentationImpl]}
00:00:39.220 INFO: JdwpDebugServer: handling req: EventRequest(15).Set(1)
00:00:39.220 INFO: JdwpEventCenterDelegate: jdwpSetEventRequest: JdwpEventRequest{requestId=105, eventKind=CLASS_PREPARE, suspendPolicy=EVENT_THREAD, predicates=[className=sun.instrument.InstrumentationImpl]}
00:00:39.603 INFO: JdwpDebugServer: handling req: VirtualMachine(1).Resume(9)
00:00:39.640 INFO: JdwpEventCenterDelegate: THREAD_STARTED: thread (33, main, main)
00:00:39.656 INFO: JdwpEventCenterDelegate: THREAD_STARTED: thread (48, ReferenceQueueDaemon, main)
00:00:39.662 INFO: JdwpEventCenterDelegate: THREAD_STARTED: thread (63, FinalizerDaemon, main)
00:00:39.667 INFO: JdwpEventCenterDelegate: THREAD_STARTED: thread (78, FinalizerWatchdogDaemon, main)
00:00:39.669 INFO: JdwpEventCenterDelegate: THREAD_RESUMED: thread (33, main, main)
00:00:39.670 INFO: JdwpEventCenterDelegate: THREAD_RESUMED: thread (33, main, main)
00:00:39.671 INFO: JdwpEventCenterDelegate: THREAD_RESUMED: thread (33, main, main)
00:00:39.673 INFO: JdwpEventCenterDelegate: THREAD_RESUMED: thread (33, main, main)
00:00:39.674 INFO: JdwpEventCenterDelegate: THREAD_RESUMED: thread (33, main, main)
00:00:39.675 INFO: JdwpEventCenterDelegate: THREAD_RESUMED: thread (33, main, main)
00:00:39.676 INFO: JdwpEventCenterDelegate: THREAD_RESUMED: thread (33, main, main)
00:00:39.677 INFO: JdwpEventCenterDelegate: THREAD_RESUMED: thread (33, main, main)
00:00:39.679 INFO: JdwpEventCenterDelegate: THREAD_RESUMED: thread (33, main, main)
00:00:39.680 INFO: JdwpEventCenterDelegate: THREAD_RESUMED: thread (33, main, main)
00:00:39.682 INFO: JdwpEventCenterDelegate: THREAD_RESUMED: thread (33, main, main)
00:00:39.683 INFO: JdwpEventCenterDelegate: THREAD_RESUMED: thread (33, main, main)
00:00:39.684 INFO: JdwpEventCenterDelegate: THREAD_RESUMED: thread (33, main, main)
00:00:39.685 INFO: JdwpEventCenterDelegate: THREAD_RESUMED: thread (33, main, main)
00:00:39.803 INFO: JdwpEventCenterDelegate: THREAD_RESUMED: thread (33, main, main)
00:00:39.804 INFO: JdwpEventCenterDelegate: THREAD_RESUMED: thread (33, main, main)
00:00:39.806 INFO: JdwpEventCenterDelegate: THREAD_RESUMED: thread (33, main, main)
00:00:39.807 INFO: JdwpEventCenterDelegate: THREAD_RESUMED: thread (33, main, main)
00:00:39.813 INFO: JdwpEventCenterDelegate: THREAD_RESUMED: thread (33, main, main)
00:00:39.814 INFO: JdwpEventCenterDelegate: THREAD_RESUMED: thread (33, main, main)
00:00:39.815 INFO: JdwpEventCenterDelegate: THREAD_RESUMED: thread (33, main, main)
00:00:39.816 INFO: JdwpEventCenterDelegate: THREAD_RESUMED: thread (33, main, main)
00:00:39.818 INFO: JdwpEventCenterDelegate: THREAD_RESUMED: thread (33, main, main)
00:00:39.819 INFO: JdwpEventCenterDelegate: THREAD_RESUMED: thread (33, main, main)
00:00:39.821 INFO: JdwpEventCenterDelegate: THREAD_RESUMED: thread (33, main, main)
00:00:39.863 INFO: JdwpEventCenterDelegate: THREAD_RESUMED: thread (33, main, main)
00:00:39.864 INFO: JdwpEventCenterDelegate: THREAD_RESUMED: thread (33, main, main)
00:00:39.866 INFO: JdwpEventCenterDelegate: THREAD_RESUMED: thread (33, main, main)
00:00:39.867 INFO: JdwpEventCenterDelegate: THREAD_RESUMED: thread (33, main, main)
00:00:39.868 INFO: JdwpEventCenterDelegate: THREAD_RESUMED: thread (33, main, main)
00:00:39.869 INFO: JdwpEventCenterDelegate: THREAD_RESUMED: thread (33, main, main)
00:00:39.871 INFO: JdwpEventCenterDelegate: THREAD_RESUMED: thread (33, main, main)
00:00:39.874 INFO: JdwpEventCenterDelegate: THREAD_RESUMED: thread (33, main, main)
00:00:39.875 INFO: JdwpEventCenterDelegate: THREAD_RESUMED: thread (33, main, main)
00:00:39.876 INFO: JdwpEventCenterDelegate: THREAD_RESUMED: thread (33, main, main)
00:00:39.877 INFO: JdwpEventCenterDelegate: THREAD_RESUMED: thread (33, main, main)
00:00:39.878 INFO: JdwpEventCenterDelegate: THREAD_RESUMED: thread (33, main, main)
00:00:39.880 INFO: JdwpEventCenterDelegate: THREAD_RESUMED: thread (33, main, main)
00:00:39.881 INFO: JdwpEventCenterDelegate: THREAD_RESUMED: thread (33, main, main)
00:00:39.899 INFO: JdwpEventCenterDelegate: THREAD_RESUMED: thread (33, main, main)
00:00:39.900 INFO: JdwpEventCenterDelegate: THREAD_RESUMED: thread (33, main, main)
00:00:39.901 INFO: JdwpEventCenterDelegate: THREAD_RESUMED: thread (33, main, main)
00:00:39.903 INFO: JdwpEventCenterDelegate: THREAD_RESUMED: thread (33, main, main)
00:00:39.904 INFO: JdwpEventCenterDelegate: THREAD_RESUMED: thread (33, main, main)
00:00:39.905 INFO: JdwpEventCenterDelegate: THREAD_RESUMED: thread (33, main, main)
00:00:39.906 INFO: JdwpEventCenterDelegate: THREAD_RESUMED: thread (33, main, main)
00:00:39.931 INFO: JdwpEventCenterDelegate: THREAD_RESUMED: thread (33, main, main)
00:00:39.932 INFO: JdwpEventCenterDelegate: THREAD_RESUMED: thread (33, main, main)
00:00:39.934 INFO: JdwpEventCenterDelegate: THREAD_RESUMED: thread (33, main, main)
00:00:39.935 INFO: JdwpEventCenterDelegate: THREAD_RESUMED: thread (33, main, main)
00:00:39.936 INFO: JdwpEventCenterDelegate: THREAD_RESUMED: thread (33, main, main)
00:00:39.937 INFO: JdwpEventCenterDelegate: THREAD_RESUMED: thread (33, main, main)
00:00:39.938 INFO: JdwpEventCenterDelegate: THREAD_RESUMED: thread (33, main, main)
00:00:39.947 INFO: JdwpEventCenterDelegate: THREAD_RESUMED: thread (33, main, main)
00:00:39.948 INFO: JdwpEventCenterDelegate: THREAD_RESUMED: thread (33, main, main)
00:00:39.949 INFO: JdwpEventCenterDelegate: THREAD_RESUMED: thread (33, main, main)
00:00:39.951 INFO: JdwpEventCenterDelegate: THREAD_RESUMED: thread (33, main, main)
00:00:39.953 INFO: JdwpEventCenterDelegate: THREAD_RESUMED: thread (33, main, main)
00:00:39.954 INFO: JdwpEventCenterDelegate: THREAD_RESUMED: thread (33, main, main)
00:00:39.956 INFO: JdwpEventCenterDelegate: THREAD_RESUMED: thread (33, main, main)
00:00:39.995 INFO: JdwpEventCenterDelegate: THREAD_RESUMED: thread (33, main, main)
00:00:39.996 INFO: JdwpEventCenterDelegate: THREAD_RESUMED: thread (33, main, main)
00:00:39.998 INFO: JdwpEventCenterDelegate: THREAD_RESUMED: thread (33, main, main)
00:00:39.999 INFO: JdwpEventCenterDelegate: THREAD_RESUMED: thread (33, main, main)
00:00:40.000 INFO: JdwpEventCenterDelegate: THREAD_RESUMED: thread (33, main, main)
00:00:40.001 INFO: JdwpEventCenterDelegate: THREAD_RESUMED: thread (33, main, main)
00:00:40.002 INFO: JdwpEventCenterDelegate: THREAD_RESUMED: thread (33, main, main)
00:00:40.013 INFO: JdwpEventCenterDelegate: THREAD_RESUMED: thread (33, main, main)
00:00:40.014 INFO: JdwpEventCenterDelegate: THREAD_RESUMED: thread (33, main, main)
00:00:40.015 INFO: JdwpEventCenterDelegate: THREAD_RESUMED: thread (33, main, main)
00:00:40.016 INFO: JdwpEventCenterDelegate: THREAD_RESUMED: thread (33, main, main)
00:00:40.018 INFO: JdwpEventCenterDelegate: THREAD_RESUMED: thread (33, main, main)
00:00:40.019 INFO: JdwpEventCenterDelegate: THREAD_RESUMED: thread (33, main, main)
00:00:40.020 INFO: JdwpEventCenterDelegate: THREAD_RESUMED: thread (33, main, main)
00:00:40.029 INFO: JdwpEventCenterDelegate: THREAD_RESUMED: thread (33, main, main)
00:00:40.030 INFO: JdwpEventCenterDelegate: THREAD_RESUMED: thread (33, main, main)
00:00:40.031 INFO: JdwpEventCenterDelegate: THREAD_RESUMED: thread (33, main, main)
00:00:40.033 INFO: JdwpEventCenterDelegate: THREAD_RESUMED: thread (33, main, main)
00:00:40.033 INFO: JdwpEventCenterDelegate: THREAD_RESUMED: thread (33, main, main)
00:00:40.035 INFO: JdwpEventCenterDelegate: THREAD_RESUMED: thread (33, main, main)
00:00:40.036 INFO: JdwpEventCenterDelegate: THREAD_RESUMED: thread (33, main, main)
00:00:40.037 INFO: JdwpEventCenterDelegate: THREAD_RESUMED: thread (33, main, main)
00:00:40.039 INFO: JdwpEventCenterDelegate: THREAD_RESUMED: thread (33, main, main)
00:00:40.040 INFO: JdwpEventCenterDelegate: THREAD_RESUMED: thread (33, main, main)
00:00:40.041 INFO: JdwpEventCenterDelegate: THREAD_RESUMED: thread (33, main, main)
00:00:40.042 INFO: JdwpEventCenterDelegate: THREAD_RESUMED: thread (33, main, main)
00:00:40.044 INFO: JdwpEventCenterDelegate: THREAD_RESUMED: thread (33, main, main)
00:00:40.045 INFO: JdwpEventCenterDelegate: THREAD_RESUMED: thread (33, main, main)
00:00:40.046 INFO: JdwpEventCenterDelegate: THREAD_RESUMED: thread (33, main, main)
00:00:40.047 INFO: JdwpEventCenterDelegate: THREAD_RESUMED: thread (33, main, main)
00:00:40.049 INFO: JdwpEventCenterDelegate: THREAD_RESUMED: thread (33, main, main)
00:00:40.050 INFO: JdwpEventCenterDelegate: THREAD_RESUMED: thread (33, main, main)
00:00:40.054 INFO: JdwpEventCenterDelegate: THREAD_RESUMED: thread (33, main, main)
00:00:40.055 INFO: JdwpEventCenterDelegate: THREAD_RESUMED: thread (33, main, main)
00:00:40.151 INFO: JdwpEventCenterDelegate: THREAD_STARTED: thread (93, AssetManager, main)
00:00:40.253 INFO: JdwpEventCenterDelegate: THREAD_RESUMED: thread (33, main, main)
00:00:40.255 INFO: JdwpEventCenterDelegate: THREAD_RESUMED: thread (33, main, main)
00:00:42.836 INFO: JdwpEventCenterDelegate: THREAD_RESUMED: thread (33, main, main)
00:00:42.937 INFO: JdwpEventCenterDelegate: THREAD_RESUMED: thread (33, main, main)
00:00:42.939 INFO: JdwpEventCenterDelegate: THREAD_RESUMED: thread (33, main, main)
00:00:42.941 INFO: JdwpEventCenterDelegate: THREAD_RESUMED: thread (33, main, main)
00:00:42.943 INFO: JdwpEventCenterDelegate: THREAD_RESUMED: thread (33, main, main)
00:00:42.945 INFO: JdwpEventCenterDelegate: THREAD_RESUMED: thread (33, main, main)
00:00:42.951 INFO: JdwpEventCenterDelegate: THREAD_RESUMED: thread (33, main, main)
00:00:42.963 INFO: JdwpEventCenterDelegate: THREAD_RESUMED: thread (33, main, main)
00:00:42.966 INFO: JdwpEventCenterDelegate: THREAD_RESUMED: thread (33, main, main)
00:00:42.968 INFO: JdwpEventCenterDelegate: THREAD_RESUMED: thread (33, main, main)
00:00:42.970 INFO: JdwpEventCenterDelegate: THREAD_RESUMED: thread (33, main, main)
00:00:42.973 INFO: JdwpEventCenterDelegate: THREAD_RESUMED: thread (33, main, main)
00:00:42.978 INFO: JdwpEventCenterDelegate: THREAD_RESUMED: thread (33, main, main)
00:00:42.992 INFO: JdwpEventCenterDelegate: THREAD_RESUMED: thread (33, main, main)
00:00:42.995 INFO: JdwpEventCenterDelegate: THREAD_RESUMED: thread (33, main, main)
00:00:42.997 INFO: JdwpEventCenterDelegate: THREAD_RESUMED: thread (33, main, main)
00:00:42.999 INFO: JdwpEventCenterDelegate: THREAD_RESUMED: thread (33, main, main)
00:00:43.002 INFO: JdwpEventCenterDelegate: THREAD_RESUMED: thread (33, main, main)
00:00:43.007 INFO: JdwpEventCenterDelegate: THREAD_RESUMED: thread (33, main, main)
00:00:43.025 INFO: JdwpEventCenterDelegate: THREAD_RESUMED: thread (33, main, main)
00:00:43.027 INFO: JdwpEventCenterDelegate: THREAD_RESUMED: thread (33, main, main)
00:00:43.030 INFO: JdwpEventCenterDelegate: THREAD_RESUMED: thread (33, main, main)
00:00:43.032 INFO: JdwpEventCenterDelegate: THREAD_RESUMED: thread (33, main, main)
00:00:43.035 INFO: JdwpEventCenterDelegate: THREAD_RESUMED: thread (33, main, main)
00:00:43.039 INFO: JdwpEventCenterDelegate: THREAD_RESUMED: thread (33, main, main)
00:00:43.054 INFO: JdwpEventCenterDelegate: THREAD_RESUMED: thread (33, main, main)
00:00:43.057 INFO: JdwpEventCenterDelegate: THREAD_RESUMED: thread (33, main, main)
00:00:43.059 INFO: JdwpEventCenterDelegate: THREAD_RESUMED: thread (33, main, main)
00:00:43.061 INFO: JdwpEventCenterDelegate: THREAD_RESUMED: thread (33, main, main)
00:00:43.063 INFO: JdwpEventCenterDelegate: THREAD_RESUMED: thread (33, main, main)
00:00:43.068 INFO: JdwpEventCenterDelegate: THREAD_RESUMED: thread (33, main, main)
00:00:43.084 INFO: JdwpEventCenterDelegate: THREAD_RESUMED: thread (33, main, main)
00:00:43.086 INFO: JdwpEventCenterDelegate: THREAD_RESUMED: thread (33, main, main)
00:00:43.088 INFO: JdwpEventCenterDelegate: THREAD_RESUMED: thread (33, main, main)
00:00:43.090 INFO: JdwpEventCenterDelegate: THREAD_RESUMED: thread (33, main, main)
00:00:43.092 INFO: JdwpEventCenterDelegate: THREAD_RESUMED: thread (33, main, main)
00:00:43.097 INFO: JdwpEventCenterDelegate: THREAD_RESUMED: thread (33, main, main)
00:00:43.116 INFO: JdwpEventCenterDelegate: THREAD_RESUMED: thread (33, main, main)
00:00:43.119 INFO: JdwpEventCenterDelegate: THREAD_RESUMED: thread (33, main, main)
00:00:43.121 INFO: JdwpEventCenterDelegate: THREAD_RESUMED: thread (33, main, main)
00:00:43.123 INFO: JdwpEventCenterDelegate: THREAD_RESUMED: thread (33, main, main)
00:00:43.125 INFO: JdwpEventCenterDelegate: THREAD_RESUMED: thread (33, main, main)
00:00:43.130 INFO: JdwpEventCenterDelegate: THREAD_RESUMED: thread (33, main, main)
00:00:43.149 INFO: JdwpEventCenterDelegate: THREAD_RESUMED: thread (33, main, main)
00:00:43.151 INFO: JdwpEventCenterDelegate: THREAD_RESUMED: thread (33, main, main)
00:00:43.154 INFO: JdwpEventCenterDelegate: THREAD_RESUMED: thread (33, main, main)
00:00:43.156 INFO: JdwpEventCenterDelegate: THREAD_RESUMED: thread (33, main, main)
00:00:43.158 INFO: JdwpEventCenterDelegate: THREAD_RESUMED: thread (33, main, main)
00:00:43.163 INFO: JdwpEventCenterDelegate: THREAD_RESUMED: thread (33, main, main)
00:00:43.182 INFO: JdwpEventCenterDelegate: THREAD_RESUMED: thread (33, main, main)
00:00:43.184 INFO: JdwpEventCenterDelegate: THREAD_RESUMED: thread (33, main, main)
00:00:43.187 INFO: JdwpEventCenterDelegate: THREAD_RESUMED: thread (33, main, main)
00:00:43.189 INFO: JdwpEventCenterDelegate: THREAD_RESUMED: thread (33, main, main)
00:00:43.191 INFO: JdwpEventCenterDelegate: THREAD_RESUMED: thread (33, main, main)
00:00:43.196 INFO: JdwpEventCenterDelegate: THREAD_RESUMED: thread (33, main, main)
00:00:43.215 INFO: JdwpEventCenterDelegate: THREAD_RESUMED: thread (33, main, main)
00:00:43.217 INFO: JdwpEventCenterDelegate: THREAD_RESUMED: thread (33, main, main)
00:00:43.219 INFO: JdwpEventCenterDelegate: THREAD_RESUMED: thread (33, main, main)
00:00:43.221 INFO: JdwpEventCenterDelegate: THREAD_RESUMED: thread (33, main, main)
00:00:43.224 INFO: JdwpEventCenterDelegate: THREAD_RESUMED: thread (33, main, main)
00:00:43.229 INFO: JdwpEventCenterDelegate: THREAD_RESUMED: thread (33, main, main)
00:00:43.244 INFO: JdwpEventCenterDelegate: THREAD_RESUMED: thread (33, main, main)
00:00:43.246 INFO: JdwpEventCenterDelegate: THREAD_RESUMED: thread (33, main, main)
00:00:43.249 INFO: JdwpEventCenterDelegate: THREAD_RESUMED: thread (33, main, main)
00:00:43.251 INFO: JdwpEventCenterDelegate: THREAD_RESUMED: thread (33, main, main)
00:00:43.253 INFO: JdwpEventCenterDelegate: THREAD_RESUMED: thread (33, main, main)
00:00:43.258 INFO: JdwpEventCenterDelegate: THREAD_RESUMED: thread (33, main, main)
00:00:43.278 INFO: JdwpEventCenterDelegate: THREAD_RESUMED: thread (33, main, main)
00:00:43.280 INFO: JdwpEventCenterDelegate: THREAD_RESUMED: thread (33, main, main)
00:00:43.282 INFO: JdwpEventCenterDelegate: THREAD_RESUMED: thread (33, main, main)
00:00:43.283 INFO: JdwpEventCenterDelegate: THREAD_RESUMED: thread (33, main, main)
00:00:43.285 INFO: JdwpEventCenterDelegate: THREAD_RESUMED: thread (33, main, main)
00:00:43.290 INFO: JdwpEventCenterDelegate: THREAD_RESUMED: thread (33, main, main)
00:00:43.312 INFO: JdwpEventCenterDelegate: THREAD_RESUMED: thread (33, main, main)
00:00:43.314 INFO: JdwpEventCenterDelegate: THREAD_RESUMED: thread (33, main, main)
00:00:43.317 INFO: JdwpEventCenterDelegate: THREAD_RESUMED: thread (33, main, main)
00:00:43.319 INFO: JdwpEventCenterDelegate: THREAD_RESUMED: thread (33, main, main)
00:00:43.321 INFO: JdwpEventCenterDelegate: THREAD_RESUMED: thread (33, main, main)
00:00:43.326 INFO: JdwpEventCenterDelegate: THREAD_RESUMED: thread (33, main, main)
00:00:43.345 INFO: JdwpEventCenterDelegate: THREAD_RESUMED: thread (33, main, main)
00:00:43.347 INFO: JdwpEventCenterDelegate: THREAD_RESUMED: thread (33, main, main)
00:00:43.348 INFO: JdwpEventCenterDelegate: THREAD_RESUMED: thread (33, main, main)
00:00:43.350 INFO: JdwpEventCenterDelegate: THREAD_RESUMED: thread (33, main, main)
00:00:43.352 INFO: JdwpEventCenterDelegate: THREAD_RESUMED: thread (33, main, main)
00:00:43.357 INFO: JdwpEventCenterDelegate: THREAD_RESUMED: thread (33, main, main)
00:00:43.370 INFO: JdwpEventCenterDelegate: THREAD_RESUMED: thread (33, main, main)
00:00:43.372 INFO: JdwpEventCenterDelegate: THREAD_RESUMED: thread (33, main, main)
00:00:43.375 INFO: JdwpEventCenterDelegate: THREAD_RESUMED: thread (33, main, main)
00:00:43.377 INFO: JdwpEventCenterDelegate: THREAD_RESUMED: thread (33, main, main)
00:00:43.379 INFO: JdwpEventCenterDelegate: THREAD_RESUMED: thread (33, main, main)
00:00:43.384 INFO: JdwpEventCenterDelegate: THREAD_RESUMED: thread (33, main, main)
00:00:43.386 INFO: JdwpEventCenterDelegate: THREAD_RESUMED: thread (33, main, main)
00:00:43.389 INFO: JdwpEventCenterDelegate: THREAD_RESUMED: thread (33, main, main)
00:00:43.391 INFO: JdwpEventCenterDelegate: THREAD_RESUMED: thread (33, main, main)
00:00:43.394 INFO: JdwpEventCenterDelegate: THREAD_RESUMED: thread (33, main, main)
00:00:43.396 INFO: JdwpEventCenterDelegate: THREAD_RESUMED: thread (33, main, main)
00:00:43.399 INFO: JdwpEventCenterDelegate: THREAD_RESUMED: thread (33, main, main)
00:00:43.403 INFO: JdwpEventCenterDelegate: THREAD_RESUMED: thread (33, main, main)
00:00:43.405 INFO: JdwpEventCenterDelegate: THREAD_RESUMED: thread (33, main, main)
00:00:43.408 INFO: JdwpEventCenterDelegate: THREAD_RESUMED: thread (33, main, main)
00:00:43.410 INFO: JdwpEventCenterDelegate: THREAD_RESUMED: thread (33, main, main)
00:00:43.414 INFO: JdwpEventCenterDelegate: THREAD_RESUMED: thread (33, main, main)
00:00:43.416 INFO: JdwpEventCenterDelegate: THREAD_RESUMED: thread (33, main, main)
00:00:43.418 INFO: JdwpEventCenterDelegate: THREAD_RESUMED: thread (33, main, main)
00:00:43.420 INFO: JdwpEventCenterDelegate: THREAD_RESUMED: thread (33, main, main)
00:00:43.421 INFO: JdwpEventCenterDelegate: THREAD_RESUMED: thread (33, main, main)
00:00:43.426 INFO: JdwpEventCenterDelegate: THREAD_RESUMED: thread (33, main, main)
00:00:43.439 INFO: JdwpEventCenterDelegate: THREAD_RESUMED: thread (33, main, main)
00:00:43.452 INFO: JdwpEventCenterDelegate: THREAD_RESUMED: thread (33, main, main)
00:00:43.463 INFO: JdwpEventCenterDelegate: THREAD_RESUMED: thread (33, main, main)
00:00:43.476 INFO: JdwpEventCenterDelegate: THREAD_RESUMED: thread (33, main, main)
00:00:43.510 INFO: JdwpEventCenterDelegate: THREAD_RESUMED: thread (33, main, main)
00:00:43.512 INFO: JdwpEventCenterDelegate: THREAD_RESUMED: thread (33, main, main)
00:00:43.514 INFO: JdwpEventCenterDelegate: THREAD_RESUMED: thread (33, main, main)
00:00:43.516 INFO: JdwpEventCenterDelegate: THREAD_RESUMED: thread (33, main, main)
00:00:43.518 INFO: JdwpEventCenterDelegate: THREAD_RESUMED: thread (33, main, main)
00:00:43.523 INFO: JdwpEventCenterDelegate: THREAD_RESUMED: thread (33, main, main)
00:00:43.534 INFO: JdwpEventCenterDelegate: THREAD_RESUMED: thread (33, main, main)
00:00:43.537 INFO: JdwpEventCenterDelegate: THREAD_RESUMED: thread (33, main, main)
00:00:43.539 INFO: JdwpEventCenterDelegate: THREAD_RESUMED: thread (33, main, main)
00:00:43.541 INFO: JdwpEventCenterDelegate: THREAD_RESUMED: thread (33, main, main)
00:00:43.544 INFO: JdwpEventCenterDelegate: THREAD_RESUMED: thread (33, main, main)
00:00:43.548 INFO: JdwpEventCenterDelegate: THREAD_RESUMED: thread (33, main, main)
00:00:43.562 INFO: JdwpEventCenterDelegate: THREAD_RESUMED: thread (33, main, main)
00:00:43.565 INFO: JdwpEventCenterDelegate: THREAD_RESUMED: thread (33, main, main)
00:00:43.567 INFO: JdwpEventCenterDelegate: THREAD_RESUMED: thread (33, main, main)
00:00:43.569 INFO: JdwpEventCenterDelegate: THREAD_RESUMED: thread (33, main, main)
00:00:43.572 INFO: JdwpEventCenterDelegate: THREAD_RESUMED: thread (33, main, main)
00:00:43.577 INFO: JdwpEventCenterDelegate: THREAD_RESUMED: thread (33, main, main)
00:00:43.594 INFO: JdwpEventCenterDelegate: THREAD_RESUMED: thread (33, main, main)
00:00:43.596 INFO: JdwpEventCenterDelegate: THREAD_RESUMED: thread (33, main, main)
00:00:43.599 INFO: JdwpEventCenterDelegate: THREAD_RESUMED: thread (33, main, main)
00:00:43.601 INFO: JdwpEventCenterDelegate: THREAD_RESUMED: thread (33, main, main)
00:00:43.603 INFO: JdwpEventCenterDelegate: THREAD_RESUMED: thread (33, main, main)
00:00:43.608 INFO: JdwpEventCenterDelegate: THREAD_RESUMED: thread (33, main, main)
00:00:43.623 INFO: JdwpEventCenterDelegate: THREAD_RESUMED: thread (33, main, main)
00:00:43.625 INFO: JdwpEventCenterDelegate: THREAD_RESUMED: thread (33, main, main)
00:00:43.627 INFO: JdwpEventCenterDelegate: THREAD_RESUMED: thread (33, main, main)
00:00:43.629 INFO: JdwpEventCenterDelegate: THREAD_RESUMED: thread (33, main, main)
00:00:43.631 INFO: JdwpEventCenterDelegate: THREAD_RESUMED: thread (33, main, main)
00:00:43.635 INFO: JdwpEventCenterDelegate: THREAD_RESUMED: thread (33, main, main)
00:00:43.650 INFO: JdwpEventCenterDelegate: THREAD_RESUMED: thread (33, main, main)
00:00:43.652 INFO: JdwpEventCenterDelegate: THREAD_RESUMED: thread (33, main, main)
00:00:43.654 INFO: JdwpEventCenterDelegate: THREAD_RESUMED: thread (33, main, main)
00:00:43.657 INFO: JdwpEventCenterDelegate: THREAD_RESUMED: thread (33, main, main)
00:00:43.659 INFO: JdwpEventCenterDelegate: THREAD_RESUMED: thread (33, main, main)
00:00:43.664 INFO: JdwpEventCenterDelegate: THREAD_RESUMED: thread (33, main, main)
00:00:43.685 INFO: JdwpEventCenterDelegate: THREAD_RESUMED: thread (33, main, main)
00:00:43.687 INFO: JdwpEventCenterDelegate: THREAD_RESUMED: thread (33, main, main)
00:00:43.690 INFO: JdwpEventCenterDelegate: THREAD_RESUMED: thread (33, main, main)
00:00:43.692 INFO: JdwpEventCenterDelegate: THREAD_RESUMED: thread (33, main, main)
00:00:43.694 INFO: JdwpEventCenterDelegate: THREAD_RESUMED: thread (33, main, main)
00:00:43.699 INFO: JdwpEventCenterDelegate: THREAD_RESUMED: thread (33, main, main)
00:00:43.717 INFO: JdwpEventCenterDelegate: THREAD_RESUMED: thread (33, main, main)
00:00:43.719 INFO: JdwpEventCenterDelegate: THREAD_RESUMED: thread (33, main, main)
00:00:43.722 INFO: JdwpEventCenterDelegate: THREAD_RESUMED: thread (33, main, main)
00:00:43.724 INFO: JdwpEventCenterDelegate: THREAD_RESUMED: thread (33, main, main)
00:00:43.726 INFO: JdwpEventCenterDelegate: THREAD_RESUMED: thread (33, main, main)
00:00:43.730 INFO: JdwpEventCenterDelegate: THREAD_RESUMED: thread (33, main, main)
00:00:43.748 INFO: JdwpEventCenterDelegate: THREAD_RESUMED: thread (33, main, main)
00:00:43.749 INFO: JdwpEventCenterDelegate: THREAD_RESUMED: thread (33, main, main)
00:00:43.752 INFO: JdwpEventCenterDelegate: THREAD_RESUMED: thread (33, main, main)
00:00:43.753 INFO: JdwpEventCenterDelegate: THREAD_RESUMED: thread (33, main, main)
00:00:43.755 INFO: JdwpEventCenterDelegate: THREAD_RESUMED: thread (33, main, main)
00:00:43.759 INFO: JdwpEventCenterDelegate: THREAD_RESUMED: thread (33, main, main)
00:00:43.774 INFO: JdwpEventCenterDelegate: THREAD_RESUMED: thread (33, main, main)
00:00:43.776 INFO: JdwpEventCenterDelegate: THREAD_RESUMED: thread (33, main, main)
00:00:43.778 INFO: JdwpEventCenterDelegate: THREAD_RESUMED: thread (33, main, main)
00:00:43.780 INFO: JdwpEventCenterDelegate: THREAD_RESUMED: thread (33, main, main)
00:00:43.782 INFO: JdwpEventCenterDelegate: THREAD_RESUMED: thread (33, main, main)
00:00:43.786 INFO: JdwpEventCenterDelegate: THREAD_RESUMED: thread (33, main, main)
00:00:43.799 INFO: JdwpEventCenterDelegate: THREAD_RESUMED: thread (33, main, main)
00:00:43.802 INFO: JdwpEventCenterDelegate: THREAD_RESUMED: thread (33, main, main)
00:00:43.804 INFO: JdwpEventCenterDelegate: THREAD_RESUMED: thread (33, main, main)
00:00:43.807 INFO: JdwpEventCenterDelegate: THREAD_RESUMED: thread (33, main, main)
00:00:43.809 INFO: JdwpEventCenterDelegate: THREAD_RESUMED: thread (33, main, main)
00:00:43.814 INFO: JdwpEventCenterDelegate: THREAD_RESUMED: thread (33, main, main)
00:00:43.832 INFO: JdwpEventCenterDelegate: THREAD_RESUMED: thread (33, main, main)
00:00:43.834 INFO: JdwpEventCenterDelegate: THREAD_RESUMED: thread (33, main, main)
00:00:43.836 INFO: JdwpEventCenterDelegate: THREAD_RESUMED: thread (33, main, main)
00:00:43.838 INFO: JdwpEventCenterDelegate: THREAD_RESUMED: thread (33, main, main)
00:00:43.840 INFO: JdwpEventCenterDelegate: THREAD_RESUMED: thread (33, main, main)
00:00:43.844 INFO: JdwpEventCenterDelegate: THREAD_RESUMED: thread (33, main, main)
00:00:43.870 INFO: JdwpEventCenterDelegate: THREAD_RESUMED: thread (33, main, main)
00:00:43.872 INFO: JdwpEventCenterDelegate: THREAD_RESUMED: thread (33, main, main)
00:00:43.874 INFO: JdwpEventCenterDelegate: THREAD_RESUMED: thread (33, main, main)
00:00:43.876 INFO: JdwpEventCenterDelegate: THREAD_RESUMED: thread (33, main, main)
00:00:43.879 INFO: JdwpEventCenterDelegate: THREAD_RESUMED: thread (33, main, main)
00:00:43.884 INFO: JdwpEventCenterDelegate: THREAD_RESUMED: thread (33, main, main)
00:00:43.902 INFO: JdwpEventCenterDelegate: THREAD_RESUMED: thread (33, main, main)
00:00:43.904 INFO: JdwpEventCenterDelegate: THREAD_RESUMED: thread (33, main, main)
00:00:43.906 INFO: JdwpEventCenterDelegate: THREAD_RESUMED: thread (33, main, main)
00:00:43.908 INFO: JdwpEventCenterDelegate: THREAD_RESUMED: thread (33, main, main)
00:00:43.911 INFO: JdwpEventCenterDelegate: THREAD_RESUMED: thread (33, main, main)
00:00:43.916 INFO: JdwpEventCenterDelegate: THREAD_RESUMED: thread (33, main, main)
00:00:43.928 INFO: JdwpEventCenterDelegate: THREAD_RESUMED: thread (33, main, main)
00:00:43.930 INFO: JdwpEventCenterDelegate: THREAD_RESUMED: thread (33, main, main)
00:00:43.932 INFO: JdwpEventCenterDelegate: THREAD_RESUMED: thread (33, main, main)
00:00:43.934 INFO: JdwpEventCenterDelegate: THREAD_RESUMED: thread (33, main, main)
00:00:43.937 INFO: JdwpEventCenterDelegate: THREAD_RESUMED: thread (33, main, main)
00:00:50.435 INFO: JdwpEventCenterDelegate: THREAD_STARTED: thread (108, Timer, main)
00:00:51.327 INFO: JdwpEventCenterDelegate: THREAD_RESUMED: thread (33, main, main)
00:00:51.358 INFO: JdwpEventCenterDelegate: THREAD_RESUMED: thread (33, main, main)
00:00:51.381 INFO: JdwpEventCenterDelegate: THREAD_RESUMED: thread (33, main, main)
00:00:51.398 INFO: JdwpEventCenterDelegate: THREAD_RESUMED: thread (33, main, main)
00:00:51.439 INFO: JdwpEventCenterDelegate: THREAD_RESUMED: thread (33, main, main)
00:00:51.473 INFO: JdwpEventCenterDelegate: THREAD_RESUMED: thread (33, main, main)
00:00:51.490 INFO: JdwpEventCenterDelegate: THREAD_RESUMED: thread (33, main, main)
00:00:51.504 INFO: JdwpEventCenterDelegate: THREAD_RESUMED: thread (33, main, main)
00:00:51.511 INFO: JdwpEventCenterDelegate: THREAD_RESUMED: thread (33, main, main)
00:00:51.525 INFO: JdwpEventCenterDelegate: THREAD_RESUMED: thread (33, main, main)
00:00:51.556 INFO: JdwpEventCenterDelegate: THREAD_RESUMED: thread (33, main, main)
00:00:51.568 INFO: JdwpEventCenterDelegate: THREAD_RESUMED: thread (33, main, main)
00:00:51.580 INFO: JdwpEventCenterDelegate: THREAD_RESUMED: thread (33, main, main)
00:00:51.592 INFO: JdwpEventCenterDelegate: THREAD_RESUMED: thread (33, main, main)
00:00:51.627 INFO: JdwpEventCenterDelegate: THREAD_RESUMED: thread (33, main, main)
00:00:51.661 INFO: JdwpEventCenterDelegate: THREAD_RESUMED: thread (33, main, main)
00:00:51.678 INFO: JdwpEventCenterDelegate: THREAD_RESUMED: thread (33, main, main)
00:00:51.693 INFO: JdwpEventCenterDelegate: THREAD_RESUMED: thread (33, main, main)
00:00:51.699 INFO: JdwpEventCenterDelegate: THREAD_RESUMED: thread (33, main, main)
00:00:51.714 INFO: JdwpEventCenterDelegate: THREAD_RESUMED: thread (33, main, main)
00:05:23.599 INFO: JdwpDebugServer: handling req: VirtualMachine(1).Exit(10)
00:05:23.599 SEVERE: Debugger: Thread JDWP server socket thread crashed
org.robovm.debugger.DebuggerException: Terminating due exit command
	at org.robovm.debugger.jdwp.JdwpDebugServer.doSocketWork(JdwpDebugServer.java:211)
	at java.base/java.lang.Thread.run(Thread.java:834)
	at org.robovm.debugger.utils.DebuggerThread.run(DebuggerThread.java:42)
00:05:24.107 SEVERE: Debugger: Thread HooksChannel socket thread crashed
org.robovm.debugger.DebuggerException: java.io.IOException: org.robovm.libimobiledevice.LibIMobileDeviceException: IDEVICE_E_UNKNOWN_ERROR
	at org.robovm.debugger.hooks.HooksChannel.doSocketWork(HooksChannel.java:149)
	at java.base/java.lang.Thread.run(Thread.java:834)
	at org.robovm.debugger.utils.DebuggerThread.run(DebuggerThread.java:42)
Caused by: java.io.IOException: org.robovm.libimobiledevice.LibIMobileDeviceException: IDEVICE_E_UNKNOWN_ERROR
	at org.robovm.libimobiledevice.IDeviceConnection$DeviceInputStream.read(IDeviceConnection.java:203)
	at org.robovm.debugger.utils.bytebuffer.DataBufferWriter.writeFromStream(DataBufferWriter.java:89)
	at org.robovm.debugger.hooks.HooksChannel.doSocketWork(HooksChannel.java:116)
	... 2 more
Caused by: org.robovm.libimobiledevice.LibIMobileDeviceException: IDEVICE_E_UNKNOWN_ERROR
	at org.robovm.libimobiledevice.IDevice.checkResult(IDevice.java:206)
	at org.robovm.libimobiledevice.IDeviceConnection.receive(IDeviceConnection.java:110)
	at org.robovm.libimobiledevice.IDeviceConnection.receive(IDeviceConnection.java:81)
	at org.robovm.libimobiledevice.IDeviceConnection$DeviceInputStream.read(IDeviceConnection.java:201)
	... 4 more
