10:18:09.894 INFO: JdwpDebugServer: handling req: VirtualMachine(1).IDSizes(7)
10:18:09.895 INFO: JdwpDebugServer: handling req: EventRequest(15).Set(1)
10:18:09.895 INFO: JdwpEventCenterDelegate: jdwpSetEventRequest: JdwpEventRequest{requestId=100, eventKind=CLASS_PREPARE, suspendPolicy=NONE, predicates=[]}
10:18:09.895 INFO: JdwpDebugServer: handling req: EventRequest(15).Set(1)
10:18:09.895 INFO: JdwpEventCenterDelegate: jdwpSetEventRequest: JdwpEventRequest{requestId=101, eventKind=CLASS_UNLOAD, suspendPolicy=NONE, predicates=[]}
10:18:09.910 INFO: JdwpDebugServer: handling req: VirtualMachine(1).Version(1)
10:18:09.910 INFO: JdwpDebugServer: handling req: VirtualMachine(1).capabilitiesNew(17)
10:18:09.910 INFO: JdwpDebugServer: handling req: VirtualMachine(1).capabilities(12)
10:18:09.910 INFO: JdwpDebugServer: handling req: VirtualMachine(1).AllClassesWithGeneric(20)
10:18:09.914 INFO: JdwpDebugServer: handling req: VirtualMachine(1).TopLevelThreadGroups(5)
10:18:09.914 INFO: JdwpDebugServer: handling req: EventRequest(15).Set(1)
10:18:09.914 INFO: JdwpEventCenterDelegate: jdwpSetEventRequest: JdwpEventRequest{requestId=102, eventKind=THREAD_START, suspendPolicy=NONE, predicates=[]}
10:18:09.914 INFO: JdwpDebugServer: handling req: EventRequest(15).Set(1)
10:18:09.914 INFO: JdwpEventCenterDelegate: jdwpSetEventRequest: JdwpEventRequest{requestId=103, eventKind=THREAD_DEATH, suspendPolicy=NONE, predicates=[]}
10:18:09.915 INFO: JdwpDebugServer: handling req: EventRequest(15).Set(1)
10:18:09.915 INFO: JdwpEventCenterDelegate: jdwpSetEventRequest: JdwpEventRequest{requestId=104, eventKind=CLASS_PREPARE, suspendPolicy=EVENT_THREAD, predicates=[className=sun.instrument.InstrumentationImpl]}
10:18:09.916 INFO: JdwpDebugServer: handling req: EventRequest(15).Set(1)
10:18:09.916 INFO: JdwpEventCenterDelegate: jdwpSetEventRequest: JdwpEventRequest{requestId=105, eventKind=CLASS_PREPARE, suspendPolicy=EVENT_THREAD, predicates=[className=sun.instrument.InstrumentationImpl]}
10:18:10.515 INFO: JdwpDebugServer: handling req: VirtualMachine(1).Resume(9)
10:18:10.570 INFO: JdwpEventCenterDelegate: THREAD_STARTED: thread (33, main, main)
10:18:10.591 INFO: JdwpEventCenterDelegate: THREAD_STARTED: thread (48, ReferenceQueueDaemon, main)
10:18:10.597 INFO: JdwpEventCenterDelegate: THREAD_STARTED: thread (63, FinalizerDaemon, main)
10:18:10.602 INFO: JdwpEventCenterDelegate: THREAD_STARTED: thread (78, FinalizerWatchdogDaemon, main)
10:18:10.605 INFO: JdwpEventCenterDelegate: THREAD_RESUMED: thread (33, main, main)
10:18:10.606 INFO: JdwpEventCenterDelegate: THREAD_RESUMED: thread (33, main, main)
10:18:10.607 INFO: JdwpEventCenterDelegate: THREAD_RESUMED: thread (33, main, main)
10:18:10.608 INFO: JdwpEventCenterDelegate: THREAD_RESUMED: thread (33, main, main)
10:18:10.609 INFO: JdwpEventCenterDelegate: THREAD_RESUMED: thread (33, main, main)
10:18:10.611 INFO: JdwpEventCenterDelegate: THREAD_RESUMED: thread (33, main, main)
10:18:10.612 INFO: JdwpEventCenterDelegate: THREAD_RESUMED: thread (33, main, main)
10:18:10.613 INFO: JdwpEventCenterDelegate: THREAD_RESUMED: thread (33, main, main)
10:18:10.615 INFO: JdwpEventCenterDelegate: THREAD_RESUMED: thread (33, main, main)
10:18:10.616 INFO: JdwpEventCenterDelegate: THREAD_RESUMED: thread (33, main, main)
10:18:10.617 INFO: JdwpEventCenterDelegate: THREAD_RESUMED: thread (33, main, main)
10:18:10.618 INFO: JdwpEventCenterDelegate: THREAD_RESUMED: thread (33, main, main)
10:18:10.620 INFO: JdwpEventCenterDelegate: THREAD_RESUMED: thread (33, main, main)
10:18:10.621 INFO: JdwpEventCenterDelegate: THREAD_RESUMED: thread (33, main, main)
10:18:10.622 INFO: JdwpEventCenterDelegate: THREAD_RESUMED: thread (33, main, main)
10:18:10.623 INFO: JdwpEventCenterDelegate: THREAD_RESUMED: thread (33, main, main)
10:18:10.624 INFO: JdwpEventCenterDelegate: THREAD_RESUMED: thread (33, main, main)
10:18:10.625 INFO: JdwpEventCenterDelegate: THREAD_RESUMED: thread (33, main, main)
10:18:10.630 INFO: JdwpEventCenterDelegate: THREAD_RESUMED: thread (33, main, main)
10:18:10.631 INFO: JdwpEventCenterDelegate: THREAD_RESUMED: thread (33, main, main)
10:18:10.632 INFO: JdwpEventCenterDelegate: THREAD_RESUMED: thread (33, main, main)
10:18:10.633 INFO: JdwpEventCenterDelegate: THREAD_RESUMED: thread (33, main, main)
10:18:10.634 INFO: JdwpEventCenterDelegate: THREAD_RESUMED: thread (33, main, main)
10:18:10.636 INFO: JdwpEventCenterDelegate: THREAD_RESUMED: thread (33, main, main)
10:18:10.637 INFO: JdwpEventCenterDelegate: THREAD_RESUMED: thread (33, main, main)
10:18:10.668 INFO: JdwpEventCenterDelegate: THREAD_RESUMED: thread (33, main, main)
10:18:10.670 INFO: JdwpEventCenterDelegate: THREAD_RESUMED: thread (33, main, main)
10:18:10.672 INFO: JdwpEventCenterDelegate: THREAD_RESUMED: thread (33, main, main)
10:18:10.674 INFO: JdwpEventCenterDelegate: THREAD_RESUMED: thread (33, main, main)
10:18:10.676 INFO: JdwpEventCenterDelegate: THREAD_RESUMED: thread (33, main, main)
10:18:10.677 INFO: JdwpEventCenterDelegate: THREAD_RESUMED: thread (33, main, main)
10:18:10.678 INFO: JdwpEventCenterDelegate: THREAD_RESUMED: thread (33, main, main)
10:18:10.680 INFO: JdwpEventCenterDelegate: THREAD_RESUMED: thread (33, main, main)
10:18:10.682 INFO: JdwpEventCenterDelegate: THREAD_RESUMED: thread (33, main, main)
10:18:10.683 INFO: JdwpEventCenterDelegate: THREAD_RESUMED: thread (33, main, main)
10:18:10.685 INFO: JdwpEventCenterDelegate: THREAD_RESUMED: thread (33, main, main)
10:18:10.686 INFO: JdwpEventCenterDelegate: THREAD_RESUMED: thread (33, main, main)
10:18:10.687 INFO: JdwpEventCenterDelegate: THREAD_RESUMED: thread (33, main, main)
10:18:10.689 INFO: JdwpEventCenterDelegate: THREAD_RESUMED: thread (33, main, main)
10:18:10.704 INFO: JdwpEventCenterDelegate: THREAD_RESUMED: thread (33, main, main)
10:18:10.705 INFO: JdwpEventCenterDelegate: THREAD_RESUMED: thread (33, main, main)
10:18:10.706 INFO: JdwpEventCenterDelegate: THREAD_RESUMED: thread (33, main, main)
10:18:10.707 INFO: JdwpEventCenterDelegate: THREAD_RESUMED: thread (33, main, main)
10:18:10.709 INFO: JdwpEventCenterDelegate: THREAD_RESUMED: thread (33, main, main)
10:18:10.710 INFO: JdwpEventCenterDelegate: THREAD_RESUMED: thread (33, main, main)
10:18:10.712 INFO: JdwpEventCenterDelegate: THREAD_RESUMED: thread (33, main, main)
10:18:10.751 INFO: JdwpEventCenterDelegate: THREAD_RESUMED: thread (33, main, main)
10:18:10.752 INFO: JdwpEventCenterDelegate: THREAD_RESUMED: thread (33, main, main)
10:18:10.753 INFO: JdwpEventCenterDelegate: THREAD_RESUMED: thread (33, main, main)
10:18:10.754 INFO: JdwpEventCenterDelegate: THREAD_RESUMED: thread (33, main, main)
10:18:10.755 INFO: JdwpEventCenterDelegate: THREAD_RESUMED: thread (33, main, main)
10:18:10.757 INFO: JdwpEventCenterDelegate: THREAD_RESUMED: thread (33, main, main)
10:18:10.758 INFO: JdwpEventCenterDelegate: THREAD_RESUMED: thread (33, main, main)
10:18:10.772 INFO: JdwpEventCenterDelegate: THREAD_RESUMED: thread (33, main, main)
10:18:10.773 INFO: JdwpEventCenterDelegate: THREAD_RESUMED: thread (33, main, main)
10:18:10.774 INFO: JdwpEventCenterDelegate: THREAD_RESUMED: thread (33, main, main)
10:18:10.776 INFO: JdwpEventCenterDelegate: THREAD_RESUMED: thread (33, main, main)
10:18:10.777 INFO: JdwpEventCenterDelegate: THREAD_RESUMED: thread (33, main, main)
10:18:10.779 INFO: JdwpEventCenterDelegate: THREAD_RESUMED: thread (33, main, main)
10:18:10.780 INFO: JdwpEventCenterDelegate: THREAD_RESUMED: thread (33, main, main)
10:18:10.789 INFO: JdwpEventCenterDelegate: THREAD_RESUMED: thread (33, main, main)
10:18:10.791 INFO: JdwpEventCenterDelegate: THREAD_RESUMED: thread (33, main, main)
10:18:10.793 INFO: JdwpEventCenterDelegate: THREAD_RESUMED: thread (33, main, main)
10:18:10.794 INFO: JdwpEventCenterDelegate: THREAD_RESUMED: thread (33, main, main)
10:18:10.795 INFO: JdwpEventCenterDelegate: THREAD_RESUMED: thread (33, main, main)
10:18:10.796 INFO: JdwpEventCenterDelegate: THREAD_RESUMED: thread (33, main, main)
10:18:10.798 INFO: JdwpEventCenterDelegate: THREAD_RESUMED: thread (33, main, main)
10:18:10.799 INFO: JdwpEventCenterDelegate: THREAD_RESUMED: thread (33, main, main)
10:18:10.801 INFO: JdwpEventCenterDelegate: THREAD_RESUMED: thread (33, main, main)
10:18:10.802 INFO: JdwpEventCenterDelegate: THREAD_RESUMED: thread (33, main, main)
10:18:10.803 INFO: JdwpEventCenterDelegate: THREAD_RESUMED: thread (33, main, main)
10:18:10.804 INFO: JdwpEventCenterDelegate: THREAD_RESUMED: thread (33, main, main)
10:18:10.806 INFO: JdwpEventCenterDelegate: THREAD_RESUMED: thread (33, main, main)
10:18:10.807 INFO: JdwpEventCenterDelegate: THREAD_RESUMED: thread (33, main, main)
10:18:10.809 INFO: JdwpEventCenterDelegate: THREAD_RESUMED: thread (33, main, main)
10:18:10.811 INFO: JdwpEventCenterDelegate: THREAD_RESUMED: thread (33, main, main)
10:18:10.812 INFO: JdwpEventCenterDelegate: THREAD_RESUMED: thread (33, main, main)
10:18:10.814 INFO: JdwpEventCenterDelegate: THREAD_RESUMED: thread (33, main, main)
10:18:10.819 INFO: JdwpEventCenterDelegate: THREAD_RESUMED: thread (33, main, main)
10:18:10.821 INFO: JdwpEventCenterDelegate: THREAD_RESUMED: thread (33, main, main)
10:18:10.961 INFO: JdwpEventCenterDelegate: THREAD_STARTED: thread (93, AssetManager, main)
10:18:11.068 INFO: JdwpEventCenterDelegate: THREAD_RESUMED: thread (33, main, main)
10:18:11.070 INFO: JdwpEventCenterDelegate: THREAD_RESUMED: thread (33, main, main)
10:18:13.636 INFO: JdwpEventCenterDelegate: THREAD_RESUMED: thread (33, main, main)
10:18:13.734 INFO: JdwpEventCenterDelegate: THREAD_RESUMED: thread (33, main, main)
10:18:13.735 INFO: JdwpEventCenterDelegate: THREAD_RESUMED: thread (33, main, main)
10:18:13.737 INFO: JdwpEventCenterDelegate: THREAD_RESUMED: thread (33, main, main)
10:18:13.738 INFO: JdwpEventCenterDelegate: THREAD_RESUMED: thread (33, main, main)
10:18:13.739 INFO: JdwpEventCenterDelegate: THREAD_RESUMED: thread (33, main, main)
10:18:13.745 INFO: JdwpEventCenterDelegate: THREAD_RESUMED: thread (33, main, main)
10:18:13.757 INFO: JdwpEventCenterDelegate: THREAD_RESUMED: thread (33, main, main)
10:18:13.759 INFO: JdwpEventCenterDelegate: THREAD_RESUMED: thread (33, main, main)
10:18:13.761 INFO: JdwpEventCenterDelegate: THREAD_RESUMED: thread (33, main, main)
10:18:13.764 INFO: JdwpEventCenterDelegate: THREAD_RESUMED: thread (33, main, main)
10:18:13.766 INFO: JdwpEventCenterDelegate: THREAD_RESUMED: thread (33, main, main)
10:18:13.771 INFO: JdwpEventCenterDelegate: THREAD_RESUMED: thread (33, main, main)
10:18:13.785 INFO: JdwpEventCenterDelegate: THREAD_RESUMED: thread (33, main, main)
10:18:13.787 INFO: JdwpEventCenterDelegate: THREAD_RESUMED: thread (33, main, main)
10:18:13.790 INFO: JdwpEventCenterDelegate: THREAD_RESUMED: thread (33, main, main)
10:18:13.792 INFO: JdwpEventCenterDelegate: THREAD_RESUMED: thread (33, main, main)
10:18:13.794 INFO: JdwpEventCenterDelegate: THREAD_RESUMED: thread (33, main, main)
10:18:13.798 INFO: JdwpEventCenterDelegate: THREAD_RESUMED: thread (33, main, main)
10:18:13.817 INFO: JdwpEventCenterDelegate: THREAD_RESUMED: thread (33, main, main)
10:18:13.819 INFO: JdwpEventCenterDelegate: THREAD_RESUMED: thread (33, main, main)
10:18:13.821 INFO: JdwpEventCenterDelegate: THREAD_RESUMED: thread (33, main, main)
10:18:13.823 INFO: JdwpEventCenterDelegate: THREAD_RESUMED: thread (33, main, main)
10:18:13.825 INFO: JdwpEventCenterDelegate: THREAD_RESUMED: thread (33, main, main)
10:18:13.829 INFO: JdwpEventCenterDelegate: THREAD_RESUMED: thread (33, main, main)
10:18:13.845 INFO: JdwpEventCenterDelegate: THREAD_RESUMED: thread (33, main, main)
10:18:13.847 INFO: JdwpEventCenterDelegate: THREAD_RESUMED: thread (33, main, main)
10:18:13.849 INFO: JdwpEventCenterDelegate: THREAD_RESUMED: thread (33, main, main)
10:18:13.851 INFO: JdwpEventCenterDelegate: THREAD_RESUMED: thread (33, main, main)
10:18:13.853 INFO: JdwpEventCenterDelegate: THREAD_RESUMED: thread (33, main, main)
10:18:13.858 INFO: JdwpEventCenterDelegate: THREAD_RESUMED: thread (33, main, main)
10:18:13.873 INFO: JdwpEventCenterDelegate: THREAD_RESUMED: thread (33, main, main)
10:18:13.876 INFO: JdwpEventCenterDelegate: THREAD_RESUMED: thread (33, main, main)
10:18:13.878 INFO: JdwpEventCenterDelegate: THREAD_RESUMED: thread (33, main, main)
10:18:13.880 INFO: JdwpEventCenterDelegate: THREAD_RESUMED: thread (33, main, main)
10:18:13.882 INFO: JdwpEventCenterDelegate: THREAD_RESUMED: thread (33, main, main)
10:18:13.887 INFO: JdwpEventCenterDelegate: THREAD_RESUMED: thread (33, main, main)
10:18:13.909 INFO: JdwpEventCenterDelegate: THREAD_RESUMED: thread (33, main, main)
10:18:13.911 INFO: JdwpEventCenterDelegate: THREAD_RESUMED: thread (33, main, main)
10:18:13.913 INFO: JdwpEventCenterDelegate: THREAD_RESUMED: thread (33, main, main)
10:18:13.916 INFO: JdwpEventCenterDelegate: THREAD_RESUMED: thread (33, main, main)
10:18:13.918 INFO: JdwpEventCenterDelegate: THREAD_RESUMED: thread (33, main, main)
10:18:13.923 INFO: JdwpEventCenterDelegate: THREAD_RESUMED: thread (33, main, main)
10:18:13.942 INFO: JdwpEventCenterDelegate: THREAD_RESUMED: thread (33, main, main)
10:18:13.944 INFO: JdwpEventCenterDelegate: THREAD_RESUMED: thread (33, main, main)
10:18:13.947 INFO: JdwpEventCenterDelegate: THREAD_RESUMED: thread (33, main, main)
10:18:13.949 INFO: JdwpEventCenterDelegate: THREAD_RESUMED: thread (33, main, main)
10:18:13.951 INFO: JdwpEventCenterDelegate: THREAD_RESUMED: thread (33, main, main)
10:18:13.956 INFO: JdwpEventCenterDelegate: THREAD_RESUMED: thread (33, main, main)
10:18:13.974 INFO: JdwpEventCenterDelegate: THREAD_RESUMED: thread (33, main, main)
10:18:13.977 INFO: JdwpEventCenterDelegate: THREAD_RESUMED: thread (33, main, main)
10:18:13.979 INFO: JdwpEventCenterDelegate: THREAD_RESUMED: thread (33, main, main)
10:18:13.981 INFO: JdwpEventCenterDelegate: THREAD_RESUMED: thread (33, main, main)
10:18:13.984 INFO: JdwpEventCenterDelegate: THREAD_RESUMED: thread (33, main, main)
10:18:13.988 INFO: JdwpEventCenterDelegate: THREAD_RESUMED: thread (33, main, main)
10:18:14.004 INFO: JdwpEventCenterDelegate: THREAD_RESUMED: thread (33, main, main)
10:18:14.006 INFO: JdwpEventCenterDelegate: THREAD_RESUMED: thread (33, main, main)
10:18:14.008 INFO: JdwpEventCenterDelegate: THREAD_RESUMED: thread (33, main, main)
10:18:14.010 INFO: JdwpEventCenterDelegate: THREAD_RESUMED: thread (33, main, main)
10:18:14.012 INFO: JdwpEventCenterDelegate: THREAD_RESUMED: thread (33, main, main)
10:18:14.016 INFO: JdwpEventCenterDelegate: THREAD_RESUMED: thread (33, main, main)
10:18:14.031 INFO: JdwpEventCenterDelegate: THREAD_RESUMED: thread (33, main, main)
10:18:14.034 INFO: JdwpEventCenterDelegate: THREAD_RESUMED: thread (33, main, main)
10:18:14.036 INFO: JdwpEventCenterDelegate: THREAD_RESUMED: thread (33, main, main)
10:18:14.038 INFO: JdwpEventCenterDelegate: THREAD_RESUMED: thread (33, main, main)
10:18:14.040 INFO: JdwpEventCenterDelegate: THREAD_RESUMED: thread (33, main, main)
10:18:14.045 INFO: JdwpEventCenterDelegate: THREAD_RESUMED: thread (33, main, main)
10:18:14.068 INFO: JdwpEventCenterDelegate: THREAD_RESUMED: thread (33, main, main)
10:18:14.070 INFO: JdwpEventCenterDelegate: THREAD_RESUMED: thread (33, main, main)
10:18:14.072 INFO: JdwpEventCenterDelegate: THREAD_RESUMED: thread (33, main, main)
10:18:14.074 INFO: JdwpEventCenterDelegate: THREAD_RESUMED: thread (33, main, main)
10:18:14.076 INFO: JdwpEventCenterDelegate: THREAD_RESUMED: thread (33, main, main)
10:18:14.081 INFO: JdwpEventCenterDelegate: THREAD_RESUMED: thread (33, main, main)
10:18:14.103 INFO: JdwpEventCenterDelegate: THREAD_RESUMED: thread (33, main, main)
10:18:14.105 INFO: JdwpEventCenterDelegate: THREAD_RESUMED: thread (33, main, main)
10:18:14.107 INFO: JdwpEventCenterDelegate: THREAD_RESUMED: thread (33, main, main)
10:18:14.109 INFO: JdwpEventCenterDelegate: THREAD_RESUMED: thread (33, main, main)
10:18:14.112 INFO: JdwpEventCenterDelegate: THREAD_RESUMED: thread (33, main, main)
10:18:14.117 INFO: JdwpEventCenterDelegate: THREAD_RESUMED: thread (33, main, main)
10:18:14.136 INFO: JdwpEventCenterDelegate: THREAD_RESUMED: thread (33, main, main)
10:18:14.138 INFO: JdwpEventCenterDelegate: THREAD_RESUMED: thread (33, main, main)
10:18:14.140 INFO: JdwpEventCenterDelegate: THREAD_RESUMED: thread (33, main, main)
10:18:14.142 INFO: JdwpEventCenterDelegate: THREAD_RESUMED: thread (33, main, main)
10:18:14.145 INFO: JdwpEventCenterDelegate: THREAD_RESUMED: thread (33, main, main)
10:18:14.150 INFO: JdwpEventCenterDelegate: THREAD_RESUMED: thread (33, main, main)
10:18:14.163 INFO: JdwpEventCenterDelegate: THREAD_RESUMED: thread (33, main, main)
10:18:14.165 INFO: JdwpEventCenterDelegate: THREAD_RESUMED: thread (33, main, main)
10:18:14.167 INFO: JdwpEventCenterDelegate: THREAD_RESUMED: thread (33, main, main)
10:18:14.169 INFO: JdwpEventCenterDelegate: THREAD_RESUMED: thread (33, main, main)
10:18:14.171 INFO: JdwpEventCenterDelegate: THREAD_RESUMED: thread (33, main, main)
10:18:14.176 INFO: JdwpEventCenterDelegate: THREAD_RESUMED: thread (33, main, main)
10:18:14.179 INFO: JdwpEventCenterDelegate: THREAD_RESUMED: thread (33, main, main)
10:18:14.181 INFO: JdwpEventCenterDelegate: THREAD_RESUMED: thread (33, main, main)
10:18:14.183 INFO: JdwpEventCenterDelegate: THREAD_RESUMED: thread (33, main, main)
10:18:14.186 INFO: JdwpEventCenterDelegate: THREAD_RESUMED: thread (33, main, main)
10:18:14.188 INFO: JdwpEventCenterDelegate: THREAD_RESUMED: thread (33, main, main)
10:18:14.190 INFO: JdwpEventCenterDelegate: THREAD_RESUMED: thread (33, main, main)
10:18:14.195 INFO: JdwpEventCenterDelegate: THREAD_RESUMED: thread (33, main, main)
10:18:14.197 INFO: JdwpEventCenterDelegate: THREAD_RESUMED: thread (33, main, main)
10:18:14.199 INFO: JdwpEventCenterDelegate: THREAD_RESUMED: thread (33, main, main)
10:18:14.201 INFO: JdwpEventCenterDelegate: THREAD_RESUMED: thread (33, main, main)
10:18:14.214 INFO: JdwpEventCenterDelegate: THREAD_RESUMED: thread (33, main, main)
10:18:14.215 INFO: JdwpEventCenterDelegate: THREAD_RESUMED: thread (33, main, main)
10:18:14.217 INFO: JdwpEventCenterDelegate: THREAD_RESUMED: thread (33, main, main)
10:18:14.219 INFO: JdwpEventCenterDelegate: THREAD_RESUMED: thread (33, main, main)
10:18:14.221 INFO: JdwpEventCenterDelegate: THREAD_RESUMED: thread (33, main, main)
10:18:14.223 INFO: JdwpEventCenterDelegate: THREAD_RESUMED: thread (33, main, main)
10:18:14.225 INFO: JdwpEventCenterDelegate: THREAD_RESUMED: thread (33, main, main)
10:18:14.232 INFO: JdwpEventCenterDelegate: THREAD_RESUMED: thread (33, main, main)
10:18:14.233 INFO: JdwpEventCenterDelegate: THREAD_RESUMED: thread (33, main, main)
10:18:14.235 INFO: JdwpEventCenterDelegate: THREAD_RESUMED: thread (33, main, main)
10:18:14.236 INFO: JdwpEventCenterDelegate: THREAD_RESUMED: thread (33, main, main)
10:18:14.237 INFO: JdwpEventCenterDelegate: THREAD_RESUMED: thread (33, main, main)
10:18:14.241 INFO: JdwpEventCenterDelegate: THREAD_RESUMED: thread (33, main, main)
10:18:14.253 INFO: JdwpEventCenterDelegate: THREAD_RESUMED: thread (33, main, main)
10:18:14.266 INFO: JdwpEventCenterDelegate: THREAD_RESUMED: thread (33, main, main)
10:18:14.277 INFO: JdwpEventCenterDelegate: THREAD_RESUMED: thread (33, main, main)
10:18:14.290 INFO: JdwpEventCenterDelegate: THREAD_RESUMED: thread (33, main, main)
10:18:14.320 INFO: JdwpEventCenterDelegate: THREAD_RESUMED: thread (33, main, main)
10:18:14.323 INFO: JdwpEventCenterDelegate: THREAD_RESUMED: thread (33, main, main)
10:18:14.325 INFO: JdwpEventCenterDelegate: THREAD_RESUMED: thread (33, main, main)
10:18:14.327 INFO: JdwpEventCenterDelegate: THREAD_RESUMED: thread (33, main, main)
10:18:14.329 INFO: JdwpEventCenterDelegate: THREAD_RESUMED: thread (33, main, main)
10:18:14.334 INFO: JdwpEventCenterDelegate: THREAD_RESUMED: thread (33, main, main)
10:18:14.345 INFO: JdwpEventCenterDelegate: THREAD_RESUMED: thread (33, main, main)
10:18:14.347 INFO: JdwpEventCenterDelegate: THREAD_RESUMED: thread (33, main, main)
10:18:14.349 INFO: JdwpEventCenterDelegate: THREAD_RESUMED: thread (33, main, main)
10:18:14.352 INFO: JdwpEventCenterDelegate: THREAD_RESUMED: thread (33, main, main)
10:18:14.354 INFO: JdwpEventCenterDelegate: THREAD_RESUMED: thread (33, main, main)
10:18:14.358 INFO: JdwpEventCenterDelegate: THREAD_RESUMED: thread (33, main, main)
10:18:14.376 INFO: JdwpEventCenterDelegate: THREAD_RESUMED: thread (33, main, main)
10:18:14.379 INFO: JdwpEventCenterDelegate: THREAD_RESUMED: thread (33, main, main)
10:18:14.381 INFO: JdwpEventCenterDelegate: THREAD_RESUMED: thread (33, main, main)
10:18:14.383 INFO: JdwpEventCenterDelegate: THREAD_RESUMED: thread (33, main, main)
10:18:14.385 INFO: JdwpEventCenterDelegate: THREAD_RESUMED: thread (33, main, main)
10:18:14.390 INFO: JdwpEventCenterDelegate: THREAD_RESUMED: thread (33, main, main)
10:18:14.407 INFO: JdwpEventCenterDelegate: THREAD_RESUMED: thread (33, main, main)
10:18:14.409 INFO: JdwpEventCenterDelegate: THREAD_RESUMED: thread (33, main, main)
10:18:14.412 INFO: JdwpEventCenterDelegate: THREAD_RESUMED: thread (33, main, main)
10:18:14.414 INFO: JdwpEventCenterDelegate: THREAD_RESUMED: thread (33, main, main)
10:18:14.416 INFO: JdwpEventCenterDelegate: THREAD_RESUMED: thread (33, main, main)
10:18:14.421 INFO: JdwpEventCenterDelegate: THREAD_RESUMED: thread (33, main, main)
10:18:14.436 INFO: JdwpEventCenterDelegate: THREAD_RESUMED: thread (33, main, main)
10:18:14.438 INFO: JdwpEventCenterDelegate: THREAD_RESUMED: thread (33, main, main)
10:18:14.440 INFO: JdwpEventCenterDelegate: THREAD_RESUMED: thread (33, main, main)
10:18:14.442 INFO: JdwpEventCenterDelegate: THREAD_RESUMED: thread (33, main, main)
10:18:14.444 INFO: JdwpEventCenterDelegate: THREAD_RESUMED: thread (33, main, main)
10:18:14.448 INFO: JdwpEventCenterDelegate: THREAD_RESUMED: thread (33, main, main)
10:18:14.462 INFO: JdwpEventCenterDelegate: THREAD_RESUMED: thread (33, main, main)
10:18:14.465 INFO: JdwpEventCenterDelegate: THREAD_RESUMED: thread (33, main, main)
10:18:14.467 INFO: JdwpEventCenterDelegate: THREAD_RESUMED: thread (33, main, main)
10:18:14.469 INFO: JdwpEventCenterDelegate: THREAD_RESUMED: thread (33, main, main)
10:18:14.471 INFO: JdwpEventCenterDelegate: THREAD_RESUMED: thread (33, main, main)
10:18:14.475 INFO: JdwpEventCenterDelegate: THREAD_RESUMED: thread (33, main, main)
10:18:14.493 INFO: JdwpEventCenterDelegate: THREAD_RESUMED: thread (33, main, main)
10:18:14.495 INFO: JdwpEventCenterDelegate: THREAD_RESUMED: thread (33, main, main)
10:18:14.497 INFO: JdwpEventCenterDelegate: THREAD_RESUMED: thread (33, main, main)
10:18:14.499 INFO: JdwpEventCenterDelegate: THREAD_RESUMED: thread (33, main, main)
10:18:14.501 INFO: JdwpEventCenterDelegate: THREAD_RESUMED: thread (33, main, main)
10:18:14.506 INFO: JdwpEventCenterDelegate: THREAD_RESUMED: thread (33, main, main)
10:18:14.524 INFO: JdwpEventCenterDelegate: THREAD_RESUMED: thread (33, main, main)
10:18:14.526 INFO: JdwpEventCenterDelegate: THREAD_RESUMED: thread (33, main, main)
10:18:14.528 INFO: JdwpEventCenterDelegate: THREAD_RESUMED: thread (33, main, main)
10:18:14.530 INFO: JdwpEventCenterDelegate: THREAD_RESUMED: thread (33, main, main)
10:18:14.531 INFO: JdwpEventCenterDelegate: THREAD_RESUMED: thread (33, main, main)
10:18:14.535 INFO: JdwpEventCenterDelegate: THREAD_RESUMED: thread (33, main, main)
10:18:14.556 INFO: JdwpEventCenterDelegate: THREAD_RESUMED: thread (33, main, main)
10:18:14.558 INFO: JdwpEventCenterDelegate: THREAD_RESUMED: thread (33, main, main)
10:18:14.559 INFO: JdwpEventCenterDelegate: THREAD_RESUMED: thread (33, main, main)
10:18:14.561 INFO: JdwpEventCenterDelegate: THREAD_RESUMED: thread (33, main, main)
10:18:14.563 INFO: JdwpEventCenterDelegate: THREAD_RESUMED: thread (33, main, main)
10:18:14.567 INFO: JdwpEventCenterDelegate: THREAD_RESUMED: thread (33, main, main)
10:18:14.581 INFO: JdwpEventCenterDelegate: THREAD_RESUMED: thread (33, main, main)
10:18:14.583 INFO: JdwpEventCenterDelegate: THREAD_RESUMED: thread (33, main, main)
10:18:14.585 INFO: JdwpEventCenterDelegate: THREAD_RESUMED: thread (33, main, main)
10:18:14.587 INFO: JdwpEventCenterDelegate: THREAD_RESUMED: thread (33, main, main)
10:18:14.589 INFO: JdwpEventCenterDelegate: THREAD_RESUMED: thread (33, main, main)
10:18:14.593 INFO: JdwpEventCenterDelegate: THREAD_RESUMED: thread (33, main, main)
10:18:14.607 INFO: JdwpEventCenterDelegate: THREAD_RESUMED: thread (33, main, main)
10:18:14.609 INFO: JdwpEventCenterDelegate: THREAD_RESUMED: thread (33, main, main)
10:18:14.610 INFO: JdwpEventCenterDelegate: THREAD_RESUMED: thread (33, main, main)
10:18:14.612 INFO: JdwpEventCenterDelegate: THREAD_RESUMED: thread (33, main, main)
10:18:14.614 INFO: JdwpEventCenterDelegate: THREAD_RESUMED: thread (33, main, main)
10:18:14.618 INFO: JdwpEventCenterDelegate: THREAD_RESUMED: thread (33, main, main)
10:18:14.636 INFO: JdwpEventCenterDelegate: THREAD_RESUMED: thread (33, main, main)
10:18:14.639 INFO: JdwpEventCenterDelegate: THREAD_RESUMED: thread (33, main, main)
10:18:14.641 INFO: JdwpEventCenterDelegate: THREAD_RESUMED: thread (33, main, main)
10:18:14.643 INFO: JdwpEventCenterDelegate: THREAD_RESUMED: thread (33, main, main)
10:18:14.645 INFO: JdwpEventCenterDelegate: THREAD_RESUMED: thread (33, main, main)
10:18:14.650 INFO: JdwpEventCenterDelegate: THREAD_RESUMED: thread (33, main, main)
10:18:14.670 INFO: JdwpEventCenterDelegate: THREAD_RESUMED: thread (33, main, main)
10:18:14.673 INFO: JdwpEventCenterDelegate: THREAD_RESUMED: thread (33, main, main)
10:18:14.675 INFO: JdwpEventCenterDelegate: THREAD_RESUMED: thread (33, main, main)
10:18:14.677 INFO: JdwpEventCenterDelegate: THREAD_RESUMED: thread (33, main, main)
10:18:14.679 INFO: JdwpEventCenterDelegate: THREAD_RESUMED: thread (33, main, main)
10:18:14.683 INFO: JdwpEventCenterDelegate: THREAD_RESUMED: thread (33, main, main)
10:18:14.705 INFO: JdwpEventCenterDelegate: THREAD_RESUMED: thread (33, main, main)
10:18:14.707 INFO: JdwpEventCenterDelegate: THREAD_RESUMED: thread (33, main, main)
10:18:14.710 INFO: JdwpEventCenterDelegate: THREAD_RESUMED: thread (33, main, main)
10:18:14.712 INFO: JdwpEventCenterDelegate: THREAD_RESUMED: thread (33, main, main)
10:18:14.714 INFO: JdwpEventCenterDelegate: THREAD_RESUMED: thread (33, main, main)
10:18:14.719 INFO: JdwpEventCenterDelegate: THREAD_RESUMED: thread (33, main, main)
10:18:14.731 INFO: JdwpEventCenterDelegate: THREAD_RESUMED: thread (33, main, main)
10:18:14.734 INFO: JdwpEventCenterDelegate: THREAD_RESUMED: thread (33, main, main)
10:18:14.736 INFO: JdwpEventCenterDelegate: THREAD_RESUMED: thread (33, main, main)
10:18:14.738 INFO: JdwpEventCenterDelegate: THREAD_RESUMED: thread (33, main, main)
10:18:14.741 INFO: JdwpEventCenterDelegate: THREAD_RESUMED: thread (33, main, main)
10:18:17.770 INFO: JdwpEventCenterDelegate: THREAD_STARTED: thread (108, Timer, main)
10:18:18.696 INFO: JdwpEventCenterDelegate: THREAD_RESUMED: thread (33, main, main)
10:18:18.727 INFO: JdwpEventCenterDelegate: THREAD_RESUMED: thread (33, main, main)
10:18:18.750 INFO: JdwpEventCenterDelegate: THREAD_RESUMED: thread (33, main, main)
10:18:18.768 INFO: JdwpEventCenterDelegate: THREAD_RESUMED: thread (33, main, main)
10:18:18.808 INFO: JdwpEventCenterDelegate: THREAD_RESUMED: thread (33, main, main)
10:18:18.842 INFO: JdwpEventCenterDelegate: THREAD_RESUMED: thread (33, main, main)
10:18:18.858 INFO: JdwpEventCenterDelegate: THREAD_RESUMED: thread (33, main, main)
10:18:18.873 INFO: JdwpEventCenterDelegate: THREAD_RESUMED: thread (33, main, main)
10:18:18.880 INFO: JdwpEventCenterDelegate: THREAD_RESUMED: thread (33, main, main)
10:18:18.894 INFO: JdwpEventCenterDelegate: THREAD_RESUMED: thread (33, main, main)
10:18:18.925 INFO: JdwpEventCenterDelegate: THREAD_RESUMED: thread (33, main, main)
10:18:18.936 INFO: JdwpEventCenterDelegate: THREAD_RESUMED: thread (33, main, main)
10:18:18.949 INFO: JdwpEventCenterDelegate: THREAD_RESUMED: thread (33, main, main)
10:18:18.961 INFO: JdwpEventCenterDelegate: THREAD_RESUMED: thread (33, main, main)
10:18:18.996 INFO: JdwpEventCenterDelegate: THREAD_RESUMED: thread (33, main, main)
10:18:19.029 INFO: JdwpEventCenterDelegate: THREAD_RESUMED: thread (33, main, main)
10:18:19.045 INFO: JdwpEventCenterDelegate: THREAD_RESUMED: thread (33, main, main)
10:18:19.061 INFO: JdwpEventCenterDelegate: THREAD_RESUMED: thread (33, main, main)
10:18:19.067 INFO: JdwpEventCenterDelegate: THREAD_RESUMED: thread (33, main, main)
10:18:19.084 INFO: JdwpEventCenterDelegate: THREAD_RESUMED: thread (33, main, main)
10:18:20.397 INFO: JdwpEventCenterDelegate: THREAD_RESUMED: thread (33, main, main)
10:18:20.400 INFO: JdwpEventCenterDelegate: THREAD_RESUMED: thread (33, main, main)
10:18:20.402 INFO: JdwpEventCenterDelegate: THREAD_RESUMED: thread (33, main, main)
10:18:20.405 INFO: JdwpEventCenterDelegate: THREAD_RESUMED: thread (33, main, main)
10:18:20.408 INFO: JdwpEventCenterDelegate: THREAD_RESUMED: thread (33, main, main)
10:18:20.410 INFO: JdwpEventCenterDelegate: THREAD_RESUMED: thread (33, main, main)
10:18:20.413 INFO: JdwpEventCenterDelegate: THREAD_RESUMED: thread (33, main, main)
10:18:20.455 INFO: JdwpEventCenterDelegate: THREAD_STARTED: thread (123, Thread-7, main)
10:18:30.439 INFO: JdwpEventCenterDelegate: THREAD_STARTED: thread (138, Thread-8, main)
10:18:32.018 INFO: JdwpEventCenterDelegate: THREAD_STARTED: thread (153, Thread-9, main)
10:18:35.236 INFO: JdwpDebugServer: handling req: VirtualMachine(1).Exit(10)
10:18:35.237 SEVERE: Debugger: Thread JDWP server socket thread crashed
org.robovm.debugger.DebuggerException: Terminating due exit command
	at org.robovm.debugger.jdwp.JdwpDebugServer.doSocketWork(JdwpDebugServer.java:211)
	at java.base/java.lang.Thread.run(Thread.java:834)
	at org.robovm.debugger.utils.DebuggerThread.run(DebuggerThread.java:42)
10:18:35.741 SEVERE: Debugger: Thread HooksChannel socket thread crashed
org.robovm.debugger.DebuggerException: java.io.IOException: org.robovm.libimobiledevice.LibIMobileDeviceException: IDEVICE_E_UNKNOWN_ERROR
	at org.robovm.debugger.hooks.HooksChannel.doSocketWork(HooksChannel.java:149)
	at java.base/java.lang.Thread.run(Thread.java:834)
	at org.robovm.debugger.utils.DebuggerThread.run(DebuggerThread.java:42)
Caused by: java.io.IOException: org.robovm.libimobiledevice.LibIMobileDeviceException: IDEVICE_E_UNKNOWN_ERROR
	at org.robovm.libimobiledevice.IDeviceConnection$DeviceInputStream.read(IDeviceConnection.java:203)
	at org.robovm.debugger.utils.bytebuffer.DataBufferWriter.writeFromStream(DataBufferWriter.java:89)
	at org.robovm.debugger.hooks.HooksChannel.doSocketWork(HooksChannel.java:116)
	... 2 more
Caused by: org.robovm.libimobiledevice.LibIMobileDeviceException: IDEVICE_E_UNKNOWN_ERROR
	at org.robovm.libimobiledevice.IDevice.checkResult(IDevice.java:206)
	at org.robovm.libimobiledevice.IDeviceConnection.receive(IDeviceConnection.java:110)
	at org.robovm.libimobiledevice.IDeviceConnection.receive(IDeviceConnection.java:81)
	at org.robovm.libimobiledevice.IDeviceConnection$DeviceInputStream.read(IDeviceConnection.java:201)
	... 4 more
