20:52:27.888 INFO: JdwpDebugServer: handling req: VirtualMachine(1).IDSizes(7)
20:52:27.889 INFO: JdwpDebugServer: handling req: EventRequest(15).Set(1)
20:52:27.889 INFO: JdwpEventCenterDelegate: jdwpSetEventRequest: JdwpEventRequest{requestId=100, eventKind=CLASS_PREPARE, suspendPolicy=NONE, predicates=[]}
20:52:27.889 INFO: JdwpDebugServer: handling req: EventRequest(15).Set(1)
20:52:27.889 INFO: JdwpEventCenterDelegate: jdwpSetEventRequest: JdwpEventRequest{requestId=101, eventKind=CLASS_UNLOAD, suspendPolicy=NONE, predicates=[]}
20:52:27.914 INFO: JdwpDebugServer: handling req: VirtualMachine(1).Version(1)
20:52:27.914 INFO: JdwpDebugServer: handling req: VirtualMachine(1).capabilitiesNew(17)
20:52:27.915 INFO: JdwpDebugServer: handling req: VirtualMachine(1).capabilities(12)
20:52:27.915 INFO: JdwpDebugServer: handling req: VirtualMachine(1).AllClassesWithGeneric(20)
20:52:27.918 INFO: JdwpDebugServer: handling req: VirtualMachine(1).TopLevelThreadGroups(5)
20:52:27.919 INFO: JdwpDebugServer: handling req: EventRequest(15).Set(1)
20:52:27.919 INFO: JdwpEventCenterDelegate: jdwpSetEventRequest: JdwpEventRequest{requestId=102, eventKind=THREAD_START, suspendPolicy=NONE, predicates=[]}
20:52:27.919 INFO: JdwpDebugServer: handling req: EventRequest(15).Set(1)
20:52:27.919 INFO: JdwpEventCenterDelegate: jdwpSetEventRequest: JdwpEventRequest{requestId=103, eventKind=THREAD_DEATH, suspendPolicy=NONE, predicates=[]}
20:52:27.921 INFO: JdwpDebugServer: handling req: EventRequest(15).Set(1)
20:52:27.922 INFO: JdwpEventCenterDelegate: jdwpSetEventRequest: JdwpEventRequest{requestId=104, eventKind=CLASS_PREPARE, suspendPolicy=EVENT_THREAD, predicates=[className=sun.instrument.InstrumentationImpl]}
20:52:27.922 INFO: JdwpDebugServer: handling req: EventRequest(15).Set(1)
20:52:27.922 INFO: JdwpEventCenterDelegate: jdwpSetEventRequest: JdwpEventRequest{requestId=105, eventKind=CLASS_PREPARE, suspendPolicy=EVENT_THREAD, predicates=[className=sun.instrument.InstrumentationImpl]}
20:52:28.302 INFO: JdwpDebugServer: handling req: VirtualMachine(1).Resume(9)
20:52:28.339 INFO: JdwpEventCenterDelegate: THREAD_STARTED: thread (33, main, main)
20:52:28.351 INFO: JdwpEventCenterDelegate: THREAD_STARTED: thread (48, ReferenceQueueDaemon, main)
20:52:28.358 INFO: JdwpEventCenterDelegate: THREAD_STARTED: thread (63, FinalizerDaemon, main)
20:52:28.367 INFO: JdwpEventCenterDelegate: THREAD_STARTED: thread (78, FinalizerWatchdogDaemon, main)
20:52:28.369 INFO: JdwpEventCenterDelegate: THREAD_RESUMED: thread (33, main, main)
20:52:28.370 INFO: JdwpEventCenterDelegate: THREAD_RESUMED: thread (33, main, main)
20:52:28.371 INFO: JdwpEventCenterDelegate: THREAD_RESUMED: thread (33, main, main)
20:52:28.372 INFO: JdwpEventCenterDelegate: THREAD_RESUMED: thread (33, main, main)
20:52:28.373 INFO: JdwpEventCenterDelegate: THREAD_RESUMED: thread (33, main, main)
20:52:28.374 INFO: JdwpEventCenterDelegate: THREAD_RESUMED: thread (33, main, main)
20:52:28.376 INFO: JdwpEventCenterDelegate: THREAD_RESUMED: thread (33, main, main)
20:52:28.377 INFO: JdwpEventCenterDelegate: THREAD_RESUMED: thread (33, main, main)
20:52:28.379 INFO: JdwpEventCenterDelegate: THREAD_RESUMED: thread (33, main, main)
20:52:28.380 INFO: JdwpEventCenterDelegate: THREAD_RESUMED: thread (33, main, main)
20:52:28.381 INFO: JdwpEventCenterDelegate: THREAD_RESUMED: thread (33, main, main)
20:52:28.383 INFO: JdwpEventCenterDelegate: THREAD_RESUMED: thread (33, main, main)
20:52:28.384 INFO: JdwpEventCenterDelegate: THREAD_RESUMED: thread (33, main, main)
20:52:28.386 INFO: JdwpEventCenterDelegate: THREAD_RESUMED: thread (33, main, main)
20:52:28.387 INFO: JdwpEventCenterDelegate: THREAD_RESUMED: thread (33, main, main)
20:52:28.389 INFO: JdwpEventCenterDelegate: THREAD_RESUMED: thread (33, main, main)
20:52:28.390 INFO: JdwpEventCenterDelegate: THREAD_RESUMED: thread (33, main, main)
20:52:28.392 INFO: JdwpEventCenterDelegate: THREAD_RESUMED: thread (33, main, main)
20:52:28.395 INFO: JdwpEventCenterDelegate: THREAD_RESUMED: thread (33, main, main)
20:52:28.396 INFO: JdwpEventCenterDelegate: THREAD_RESUMED: thread (33, main, main)
20:52:28.398 INFO: JdwpEventCenterDelegate: THREAD_RESUMED: thread (33, main, main)
20:52:28.400 INFO: JdwpEventCenterDelegate: THREAD_RESUMED: thread (33, main, main)
20:52:28.401 INFO: JdwpEventCenterDelegate: THREAD_RESUMED: thread (33, main, main)
20:52:28.403 INFO: JdwpEventCenterDelegate: THREAD_RESUMED: thread (33, main, main)
20:52:28.404 INFO: JdwpEventCenterDelegate: THREAD_RESUMED: thread (33, main, main)
20:52:28.431 INFO: JdwpEventCenterDelegate: THREAD_RESUMED: thread (33, main, main)
20:52:28.432 INFO: JdwpEventCenterDelegate: THREAD_RESUMED: thread (33, main, main)
20:52:28.434 INFO: JdwpEventCenterDelegate: THREAD_RESUMED: thread (33, main, main)
20:52:28.436 INFO: JdwpEventCenterDelegate: THREAD_RESUMED: thread (33, main, main)
20:52:28.437 INFO: JdwpEventCenterDelegate: THREAD_RESUMED: thread (33, main, main)
20:52:28.439 INFO: JdwpEventCenterDelegate: THREAD_RESUMED: thread (33, main, main)
20:52:28.441 INFO: JdwpEventCenterDelegate: THREAD_RESUMED: thread (33, main, main)
20:52:28.443 INFO: JdwpEventCenterDelegate: THREAD_RESUMED: thread (33, main, main)
20:52:28.444 INFO: JdwpEventCenterDelegate: THREAD_RESUMED: thread (33, main, main)
20:52:28.445 INFO: JdwpEventCenterDelegate: THREAD_RESUMED: thread (33, main, main)
20:52:28.446 INFO: JdwpEventCenterDelegate: THREAD_RESUMED: thread (33, main, main)
20:52:28.448 INFO: JdwpEventCenterDelegate: THREAD_RESUMED: thread (33, main, main)
20:52:28.449 INFO: JdwpEventCenterDelegate: THREAD_RESUMED: thread (33, main, main)
20:52:28.451 INFO: JdwpEventCenterDelegate: THREAD_RESUMED: thread (33, main, main)
20:52:28.465 INFO: JdwpEventCenterDelegate: THREAD_RESUMED: thread (33, main, main)
20:52:28.466 INFO: JdwpEventCenterDelegate: THREAD_RESUMED: thread (33, main, main)
20:52:28.468 INFO: JdwpEventCenterDelegate: THREAD_RESUMED: thread (33, main, main)
20:52:28.470 INFO: JdwpEventCenterDelegate: THREAD_RESUMED: thread (33, main, main)
20:52:28.471 INFO: JdwpEventCenterDelegate: THREAD_RESUMED: thread (33, main, main)
20:52:28.473 INFO: JdwpEventCenterDelegate: THREAD_RESUMED: thread (33, main, main)
20:52:28.474 INFO: JdwpEventCenterDelegate: THREAD_RESUMED: thread (33, main, main)
20:52:28.510 INFO: JdwpEventCenterDelegate: THREAD_RESUMED: thread (33, main, main)
20:52:28.512 INFO: JdwpEventCenterDelegate: THREAD_RESUMED: thread (33, main, main)
20:52:28.513 INFO: JdwpEventCenterDelegate: THREAD_RESUMED: thread (33, main, main)
20:52:28.515 INFO: JdwpEventCenterDelegate: THREAD_RESUMED: thread (33, main, main)
20:52:28.516 INFO: JdwpEventCenterDelegate: THREAD_RESUMED: thread (33, main, main)
20:52:28.518 INFO: JdwpEventCenterDelegate: THREAD_RESUMED: thread (33, main, main)
20:52:28.519 INFO: JdwpEventCenterDelegate: THREAD_RESUMED: thread (33, main, main)
20:52:28.531 INFO: JdwpEventCenterDelegate: THREAD_RESUMED: thread (33, main, main)
20:52:28.533 INFO: JdwpEventCenterDelegate: THREAD_RESUMED: thread (33, main, main)
20:52:28.534 INFO: JdwpEventCenterDelegate: THREAD_RESUMED: thread (33, main, main)
20:52:28.536 INFO: JdwpEventCenterDelegate: THREAD_RESUMED: thread (33, main, main)
20:52:28.537 INFO: JdwpEventCenterDelegate: THREAD_RESUMED: thread (33, main, main)
20:52:28.539 INFO: JdwpEventCenterDelegate: THREAD_RESUMED: thread (33, main, main)
20:52:28.540 INFO: JdwpEventCenterDelegate: THREAD_RESUMED: thread (33, main, main)
20:52:28.549 INFO: JdwpEventCenterDelegate: THREAD_RESUMED: thread (33, main, main)
20:52:28.551 INFO: JdwpEventCenterDelegate: THREAD_RESUMED: thread (33, main, main)
20:52:28.553 INFO: JdwpEventCenterDelegate: THREAD_RESUMED: thread (33, main, main)
20:52:28.554 INFO: JdwpEventCenterDelegate: THREAD_RESUMED: thread (33, main, main)
20:52:28.556 INFO: JdwpEventCenterDelegate: THREAD_RESUMED: thread (33, main, main)
20:52:28.558 INFO: JdwpEventCenterDelegate: THREAD_RESUMED: thread (33, main, main)
20:52:28.560 INFO: JdwpEventCenterDelegate: THREAD_RESUMED: thread (33, main, main)
20:52:28.561 INFO: JdwpEventCenterDelegate: THREAD_RESUMED: thread (33, main, main)
20:52:28.563 INFO: JdwpEventCenterDelegate: THREAD_RESUMED: thread (33, main, main)
20:52:28.565 INFO: JdwpEventCenterDelegate: THREAD_RESUMED: thread (33, main, main)
20:52:28.566 INFO: JdwpEventCenterDelegate: THREAD_RESUMED: thread (33, main, main)
20:52:28.568 INFO: JdwpEventCenterDelegate: THREAD_RESUMED: thread (33, main, main)
20:52:28.570 INFO: JdwpEventCenterDelegate: THREAD_RESUMED: thread (33, main, main)
20:52:28.572 INFO: JdwpEventCenterDelegate: THREAD_RESUMED: thread (33, main, main)
20:52:28.573 INFO: JdwpEventCenterDelegate: THREAD_RESUMED: thread (33, main, main)
20:52:28.575 INFO: JdwpEventCenterDelegate: THREAD_RESUMED: thread (33, main, main)
20:52:28.577 INFO: JdwpEventCenterDelegate: THREAD_RESUMED: thread (33, main, main)
20:52:28.578 INFO: JdwpEventCenterDelegate: THREAD_RESUMED: thread (33, main, main)
20:52:28.582 INFO: JdwpEventCenterDelegate: THREAD_RESUMED: thread (33, main, main)
20:52:28.584 INFO: JdwpEventCenterDelegate: THREAD_RESUMED: thread (33, main, main)
20:52:28.714 INFO: JdwpEventCenterDelegate: THREAD_STARTED: thread (93, AssetManager, main)
20:52:28.818 INFO: JdwpEventCenterDelegate: THREAD_RESUMED: thread (33, main, main)
20:52:28.820 INFO: JdwpEventCenterDelegate: THREAD_RESUMED: thread (33, main, main)
20:52:31.402 INFO: JdwpEventCenterDelegate: THREAD_RESUMED: thread (33, main, main)
20:52:31.498 INFO: JdwpEventCenterDelegate: THREAD_RESUMED: thread (33, main, main)
20:52:31.500 INFO: JdwpEventCenterDelegate: THREAD_RESUMED: thread (33, main, main)
20:52:31.502 INFO: JdwpEventCenterDelegate: THREAD_RESUMED: thread (33, main, main)
20:52:31.503 INFO: JdwpEventCenterDelegate: THREAD_RESUMED: thread (33, main, main)
20:52:31.505 INFO: JdwpEventCenterDelegate: THREAD_RESUMED: thread (33, main, main)
20:52:31.511 INFO: JdwpEventCenterDelegate: THREAD_RESUMED: thread (33, main, main)
20:52:31.523 INFO: JdwpEventCenterDelegate: THREAD_RESUMED: thread (33, main, main)
20:52:31.525 INFO: JdwpEventCenterDelegate: THREAD_RESUMED: thread (33, main, main)
20:52:31.528 INFO: JdwpEventCenterDelegate: THREAD_RESUMED: thread (33, main, main)
20:52:31.530 INFO: JdwpEventCenterDelegate: THREAD_RESUMED: thread (33, main, main)
20:52:31.532 INFO: JdwpEventCenterDelegate: THREAD_RESUMED: thread (33, main, main)
20:52:31.537 INFO: JdwpEventCenterDelegate: THREAD_RESUMED: thread (33, main, main)
20:52:31.552 INFO: JdwpEventCenterDelegate: THREAD_RESUMED: thread (33, main, main)
20:52:31.554 INFO: JdwpEventCenterDelegate: THREAD_RESUMED: thread (33, main, main)
20:52:31.557 INFO: JdwpEventCenterDelegate: THREAD_RESUMED: thread (33, main, main)
20:52:31.559 INFO: JdwpEventCenterDelegate: THREAD_RESUMED: thread (33, main, main)
20:52:31.561 INFO: JdwpEventCenterDelegate: THREAD_RESUMED: thread (33, main, main)
20:52:31.566 INFO: JdwpEventCenterDelegate: THREAD_RESUMED: thread (33, main, main)
20:52:31.585 INFO: JdwpEventCenterDelegate: THREAD_RESUMED: thread (33, main, main)
20:52:31.587 INFO: JdwpEventCenterDelegate: THREAD_RESUMED: thread (33, main, main)
20:52:31.589 INFO: JdwpEventCenterDelegate: THREAD_RESUMED: thread (33, main, main)
20:52:31.592 INFO: JdwpEventCenterDelegate: THREAD_RESUMED: thread (33, main, main)
20:52:31.594 INFO: JdwpEventCenterDelegate: THREAD_RESUMED: thread (33, main, main)
20:52:31.599 INFO: JdwpEventCenterDelegate: THREAD_RESUMED: thread (33, main, main)
20:52:31.614 INFO: JdwpEventCenterDelegate: THREAD_RESUMED: thread (33, main, main)
20:52:31.616 INFO: JdwpEventCenterDelegate: THREAD_RESUMED: thread (33, main, main)
20:52:31.618 INFO: JdwpEventCenterDelegate: THREAD_RESUMED: thread (33, main, main)
20:52:31.620 INFO: JdwpEventCenterDelegate: THREAD_RESUMED: thread (33, main, main)
20:52:31.623 INFO: JdwpEventCenterDelegate: THREAD_RESUMED: thread (33, main, main)
20:52:31.628 INFO: JdwpEventCenterDelegate: THREAD_RESUMED: thread (33, main, main)
20:52:31.643 INFO: JdwpEventCenterDelegate: THREAD_RESUMED: thread (33, main, main)
20:52:31.645 INFO: JdwpEventCenterDelegate: THREAD_RESUMED: thread (33, main, main)
20:52:31.648 INFO: JdwpEventCenterDelegate: THREAD_RESUMED: thread (33, main, main)
20:52:31.650 INFO: JdwpEventCenterDelegate: THREAD_RESUMED: thread (33, main, main)
20:52:31.652 INFO: JdwpEventCenterDelegate: THREAD_RESUMED: thread (33, main, main)
20:52:31.657 INFO: JdwpEventCenterDelegate: THREAD_RESUMED: thread (33, main, main)
20:52:31.679 INFO: JdwpEventCenterDelegate: THREAD_RESUMED: thread (33, main, main)
20:52:31.680 INFO: JdwpEventCenterDelegate: THREAD_RESUMED: thread (33, main, main)
20:52:31.682 INFO: JdwpEventCenterDelegate: THREAD_RESUMED: thread (33, main, main)
20:52:31.685 INFO: JdwpEventCenterDelegate: THREAD_RESUMED: thread (33, main, main)
20:52:31.687 INFO: JdwpEventCenterDelegate: THREAD_RESUMED: thread (33, main, main)
20:52:31.692 INFO: JdwpEventCenterDelegate: THREAD_RESUMED: thread (33, main, main)
20:52:31.711 INFO: JdwpEventCenterDelegate: THREAD_RESUMED: thread (33, main, main)
20:52:31.713 INFO: JdwpEventCenterDelegate: THREAD_RESUMED: thread (33, main, main)
20:52:31.716 INFO: JdwpEventCenterDelegate: THREAD_RESUMED: thread (33, main, main)
20:52:31.718 INFO: JdwpEventCenterDelegate: THREAD_RESUMED: thread (33, main, main)
20:52:31.720 INFO: JdwpEventCenterDelegate: THREAD_RESUMED: thread (33, main, main)
20:52:31.725 INFO: JdwpEventCenterDelegate: THREAD_RESUMED: thread (33, main, main)
20:52:31.743 INFO: JdwpEventCenterDelegate: THREAD_RESUMED: thread (33, main, main)
20:52:31.746 INFO: JdwpEventCenterDelegate: THREAD_RESUMED: thread (33, main, main)
20:52:31.748 INFO: JdwpEventCenterDelegate: THREAD_RESUMED: thread (33, main, main)
20:52:31.750 INFO: JdwpEventCenterDelegate: THREAD_RESUMED: thread (33, main, main)
20:52:31.752 INFO: JdwpEventCenterDelegate: THREAD_RESUMED: thread (33, main, main)
20:52:31.757 INFO: JdwpEventCenterDelegate: THREAD_RESUMED: thread (33, main, main)
20:52:31.772 INFO: JdwpEventCenterDelegate: THREAD_RESUMED: thread (33, main, main)
20:52:31.774 INFO: JdwpEventCenterDelegate: THREAD_RESUMED: thread (33, main, main)
20:52:31.776 INFO: JdwpEventCenterDelegate: THREAD_RESUMED: thread (33, main, main)
20:52:31.779 INFO: JdwpEventCenterDelegate: THREAD_RESUMED: thread (33, main, main)
20:52:31.781 INFO: JdwpEventCenterDelegate: THREAD_RESUMED: thread (33, main, main)
20:52:31.785 INFO: JdwpEventCenterDelegate: THREAD_RESUMED: thread (33, main, main)
20:52:31.800 INFO: JdwpEventCenterDelegate: THREAD_RESUMED: thread (33, main, main)
20:52:31.802 INFO: JdwpEventCenterDelegate: THREAD_RESUMED: thread (33, main, main)
20:52:31.804 INFO: JdwpEventCenterDelegate: THREAD_RESUMED: thread (33, main, main)
20:52:31.807 INFO: JdwpEventCenterDelegate: THREAD_RESUMED: thread (33, main, main)
20:52:31.809 INFO: JdwpEventCenterDelegate: THREAD_RESUMED: thread (33, main, main)
20:52:31.814 INFO: JdwpEventCenterDelegate: THREAD_RESUMED: thread (33, main, main)
20:52:31.836 INFO: JdwpEventCenterDelegate: THREAD_RESUMED: thread (33, main, main)
20:52:31.838 INFO: JdwpEventCenterDelegate: THREAD_RESUMED: thread (33, main, main)
20:52:31.841 INFO: JdwpEventCenterDelegate: THREAD_RESUMED: thread (33, main, main)
20:52:31.843 INFO: JdwpEventCenterDelegate: THREAD_RESUMED: thread (33, main, main)
20:52:31.845 INFO: JdwpEventCenterDelegate: THREAD_RESUMED: thread (33, main, main)
20:52:31.850 INFO: JdwpEventCenterDelegate: THREAD_RESUMED: thread (33, main, main)
20:52:31.872 INFO: JdwpEventCenterDelegate: THREAD_RESUMED: thread (33, main, main)
20:52:31.874 INFO: JdwpEventCenterDelegate: THREAD_RESUMED: thread (33, main, main)
20:52:31.877 INFO: JdwpEventCenterDelegate: THREAD_RESUMED: thread (33, main, main)
20:52:31.879 INFO: JdwpEventCenterDelegate: THREAD_RESUMED: thread (33, main, main)
20:52:31.881 INFO: JdwpEventCenterDelegate: THREAD_RESUMED: thread (33, main, main)
20:52:31.886 INFO: JdwpEventCenterDelegate: THREAD_RESUMED: thread (33, main, main)
20:52:31.905 INFO: JdwpEventCenterDelegate: THREAD_RESUMED: thread (33, main, main)
20:52:31.908 INFO: JdwpEventCenterDelegate: THREAD_RESUMED: thread (33, main, main)
20:52:31.910 INFO: JdwpEventCenterDelegate: THREAD_RESUMED: thread (33, main, main)
20:52:31.912 INFO: JdwpEventCenterDelegate: THREAD_RESUMED: thread (33, main, main)
20:52:31.914 INFO: JdwpEventCenterDelegate: THREAD_RESUMED: thread (33, main, main)
20:52:31.919 INFO: JdwpEventCenterDelegate: THREAD_RESUMED: thread (33, main, main)
20:52:31.932 INFO: JdwpEventCenterDelegate: THREAD_RESUMED: thread (33, main, main)
20:52:31.934 INFO: JdwpEventCenterDelegate: THREAD_RESUMED: thread (33, main, main)
20:52:31.937 INFO: JdwpEventCenterDelegate: THREAD_RESUMED: thread (33, main, main)
20:52:31.938 INFO: JdwpEventCenterDelegate: THREAD_RESUMED: thread (33, main, main)
20:52:31.941 INFO: JdwpEventCenterDelegate: THREAD_RESUMED: thread (33, main, main)
20:52:31.946 INFO: JdwpEventCenterDelegate: THREAD_RESUMED: thread (33, main, main)
20:52:31.948 INFO: JdwpEventCenterDelegate: THREAD_RESUMED: thread (33, main, main)
20:52:31.951 INFO: JdwpEventCenterDelegate: THREAD_RESUMED: thread (33, main, main)
20:52:31.953 INFO: JdwpEventCenterDelegate: THREAD_RESUMED: thread (33, main, main)
20:52:31.956 INFO: JdwpEventCenterDelegate: THREAD_RESUMED: thread (33, main, main)
20:52:31.958 INFO: JdwpEventCenterDelegate: THREAD_RESUMED: thread (33, main, main)
20:52:31.960 INFO: JdwpEventCenterDelegate: THREAD_RESUMED: thread (33, main, main)
20:52:31.964 INFO: JdwpEventCenterDelegate: THREAD_RESUMED: thread (33, main, main)
20:52:31.967 INFO: JdwpEventCenterDelegate: THREAD_RESUMED: thread (33, main, main)
20:52:31.970 INFO: JdwpEventCenterDelegate: THREAD_RESUMED: thread (33, main, main)
20:52:31.972 INFO: JdwpEventCenterDelegate: THREAD_RESUMED: thread (33, main, main)
20:52:31.983 INFO: JdwpEventCenterDelegate: THREAD_RESUMED: thread (33, main, main)
20:52:31.985 INFO: JdwpEventCenterDelegate: THREAD_RESUMED: thread (33, main, main)
20:52:31.987 INFO: JdwpEventCenterDelegate: THREAD_RESUMED: thread (33, main, main)
20:52:31.989 INFO: JdwpEventCenterDelegate: THREAD_RESUMED: thread (33, main, main)
20:52:31.990 INFO: JdwpEventCenterDelegate: THREAD_RESUMED: thread (33, main, main)
20:52:31.995 INFO: JdwpEventCenterDelegate: THREAD_RESUMED: thread (33, main, main)
20:52:32.007 INFO: JdwpEventCenterDelegate: THREAD_RESUMED: thread (33, main, main)
20:52:32.020 INFO: JdwpEventCenterDelegate: THREAD_RESUMED: thread (33, main, main)
20:52:32.031 INFO: JdwpEventCenterDelegate: THREAD_RESUMED: thread (33, main, main)
20:52:32.045 INFO: JdwpEventCenterDelegate: THREAD_RESUMED: thread (33, main, main)
20:52:32.075 INFO: JdwpEventCenterDelegate: THREAD_RESUMED: thread (33, main, main)
20:52:32.078 INFO: JdwpEventCenterDelegate: THREAD_RESUMED: thread (33, main, main)
20:52:32.080 INFO: JdwpEventCenterDelegate: THREAD_RESUMED: thread (33, main, main)
20:52:32.082 INFO: JdwpEventCenterDelegate: THREAD_RESUMED: thread (33, main, main)
20:52:32.085 INFO: JdwpEventCenterDelegate: THREAD_RESUMED: thread (33, main, main)
20:52:32.089 INFO: JdwpEventCenterDelegate: THREAD_RESUMED: thread (33, main, main)
20:52:32.101 INFO: JdwpEventCenterDelegate: THREAD_RESUMED: thread (33, main, main)
20:52:32.103 INFO: JdwpEventCenterDelegate: THREAD_RESUMED: thread (33, main, main)
20:52:32.105 INFO: JdwpEventCenterDelegate: THREAD_RESUMED: thread (33, main, main)
20:52:32.108 INFO: JdwpEventCenterDelegate: THREAD_RESUMED: thread (33, main, main)
20:52:32.110 INFO: JdwpEventCenterDelegate: THREAD_RESUMED: thread (33, main, main)
20:52:32.115 INFO: JdwpEventCenterDelegate: THREAD_RESUMED: thread (33, main, main)
20:52:32.132 INFO: JdwpEventCenterDelegate: THREAD_RESUMED: thread (33, main, main)
20:52:32.134 INFO: JdwpEventCenterDelegate: THREAD_RESUMED: thread (33, main, main)
20:52:32.136 INFO: JdwpEventCenterDelegate: THREAD_RESUMED: thread (33, main, main)
20:52:32.138 INFO: JdwpEventCenterDelegate: THREAD_RESUMED: thread (33, main, main)
20:52:32.140 INFO: JdwpEventCenterDelegate: THREAD_RESUMED: thread (33, main, main)
20:52:32.145 INFO: JdwpEventCenterDelegate: THREAD_RESUMED: thread (33, main, main)
20:52:32.162 INFO: JdwpEventCenterDelegate: THREAD_RESUMED: thread (33, main, main)
20:52:32.164 INFO: JdwpEventCenterDelegate: THREAD_RESUMED: thread (33, main, main)
20:52:32.166 INFO: JdwpEventCenterDelegate: THREAD_RESUMED: thread (33, main, main)
20:52:32.169 INFO: JdwpEventCenterDelegate: THREAD_RESUMED: thread (33, main, main)
20:52:32.171 INFO: JdwpEventCenterDelegate: THREAD_RESUMED: thread (33, main, main)
20:52:32.176 INFO: JdwpEventCenterDelegate: THREAD_RESUMED: thread (33, main, main)
20:52:32.190 INFO: JdwpEventCenterDelegate: THREAD_RESUMED: thread (33, main, main)
20:52:32.193 INFO: JdwpEventCenterDelegate: THREAD_RESUMED: thread (33, main, main)
20:52:32.195 INFO: JdwpEventCenterDelegate: THREAD_RESUMED: thread (33, main, main)
20:52:32.197 INFO: JdwpEventCenterDelegate: THREAD_RESUMED: thread (33, main, main)
20:52:32.199 INFO: JdwpEventCenterDelegate: THREAD_RESUMED: thread (33, main, main)
20:52:32.204 INFO: JdwpEventCenterDelegate: THREAD_RESUMED: thread (33, main, main)
20:52:32.219 INFO: JdwpEventCenterDelegate: THREAD_RESUMED: thread (33, main, main)
20:52:32.221 INFO: JdwpEventCenterDelegate: THREAD_RESUMED: thread (33, main, main)
20:52:32.223 INFO: JdwpEventCenterDelegate: THREAD_RESUMED: thread (33, main, main)
20:52:32.226 INFO: JdwpEventCenterDelegate: THREAD_RESUMED: thread (33, main, main)
20:52:32.227 INFO: JdwpEventCenterDelegate: THREAD_RESUMED: thread (33, main, main)
20:52:32.232 INFO: JdwpEventCenterDelegate: THREAD_RESUMED: thread (33, main, main)
20:52:32.250 INFO: JdwpEventCenterDelegate: THREAD_RESUMED: thread (33, main, main)
20:52:32.252 INFO: JdwpEventCenterDelegate: THREAD_RESUMED: thread (33, main, main)
20:52:32.254 INFO: JdwpEventCenterDelegate: THREAD_RESUMED: thread (33, main, main)
20:52:32.256 INFO: JdwpEventCenterDelegate: THREAD_RESUMED: thread (33, main, main)
20:52:32.258 INFO: JdwpEventCenterDelegate: THREAD_RESUMED: thread (33, main, main)
20:52:32.262 INFO: JdwpEventCenterDelegate: THREAD_RESUMED: thread (33, main, main)
20:52:32.280 INFO: JdwpEventCenterDelegate: THREAD_RESUMED: thread (33, main, main)
20:52:32.282 INFO: JdwpEventCenterDelegate: THREAD_RESUMED: thread (33, main, main)
20:52:32.284 INFO: JdwpEventCenterDelegate: THREAD_RESUMED: thread (33, main, main)
20:52:32.286 INFO: JdwpEventCenterDelegate: THREAD_RESUMED: thread (33, main, main)
20:52:32.287 INFO: JdwpEventCenterDelegate: THREAD_RESUMED: thread (33, main, main)
20:52:32.292 INFO: JdwpEventCenterDelegate: THREAD_RESUMED: thread (33, main, main)
20:52:32.309 INFO: JdwpEventCenterDelegate: THREAD_RESUMED: thread (33, main, main)
20:52:32.311 INFO: JdwpEventCenterDelegate: THREAD_RESUMED: thread (33, main, main)
20:52:32.313 INFO: JdwpEventCenterDelegate: THREAD_RESUMED: thread (33, main, main)
20:52:32.314 INFO: JdwpEventCenterDelegate: THREAD_RESUMED: thread (33, main, main)
20:52:32.316 INFO: JdwpEventCenterDelegate: THREAD_RESUMED: thread (33, main, main)
20:52:32.320 INFO: JdwpEventCenterDelegate: THREAD_RESUMED: thread (33, main, main)
20:52:32.335 INFO: JdwpEventCenterDelegate: THREAD_RESUMED: thread (33, main, main)
20:52:32.337 INFO: JdwpEventCenterDelegate: THREAD_RESUMED: thread (33, main, main)
20:52:32.339 INFO: JdwpEventCenterDelegate: THREAD_RESUMED: thread (33, main, main)
20:52:32.342 INFO: JdwpEventCenterDelegate: THREAD_RESUMED: thread (33, main, main)
20:52:32.344 INFO: JdwpEventCenterDelegate: THREAD_RESUMED: thread (33, main, main)
20:52:32.348 INFO: JdwpEventCenterDelegate: THREAD_RESUMED: thread (33, main, main)
20:52:32.362 INFO: JdwpEventCenterDelegate: THREAD_RESUMED: thread (33, main, main)
20:52:32.364 INFO: JdwpEventCenterDelegate: THREAD_RESUMED: thread (33, main, main)
20:52:32.367 INFO: JdwpEventCenterDelegate: THREAD_RESUMED: thread (33, main, main)
20:52:32.368 INFO: JdwpEventCenterDelegate: THREAD_RESUMED: thread (33, main, main)
20:52:32.370 INFO: JdwpEventCenterDelegate: THREAD_RESUMED: thread (33, main, main)
20:52:32.375 INFO: JdwpEventCenterDelegate: THREAD_RESUMED: thread (33, main, main)
20:52:32.397 INFO: JdwpEventCenterDelegate: THREAD_RESUMED: thread (33, main, main)
20:52:32.400 INFO: JdwpEventCenterDelegate: THREAD_RESUMED: thread (33, main, main)
20:52:32.402 INFO: JdwpEventCenterDelegate: THREAD_RESUMED: thread (33, main, main)
20:52:32.404 INFO: JdwpEventCenterDelegate: THREAD_RESUMED: thread (33, main, main)
20:52:32.406 INFO: JdwpEventCenterDelegate: THREAD_RESUMED: thread (33, main, main)
20:52:32.411 INFO: JdwpEventCenterDelegate: THREAD_RESUMED: thread (33, main, main)
20:52:32.432 INFO: JdwpEventCenterDelegate: THREAD_RESUMED: thread (33, main, main)
20:52:32.434 INFO: JdwpEventCenterDelegate: THREAD_RESUMED: thread (33, main, main)
20:52:32.437 INFO: JdwpEventCenterDelegate: THREAD_RESUMED: thread (33, main, main)
20:52:32.439 INFO: JdwpEventCenterDelegate: THREAD_RESUMED: thread (33, main, main)
20:52:32.441 INFO: JdwpEventCenterDelegate: THREAD_RESUMED: thread (33, main, main)
20:52:32.445 INFO: JdwpEventCenterDelegate: THREAD_RESUMED: thread (33, main, main)
20:52:32.463 INFO: JdwpEventCenterDelegate: THREAD_RESUMED: thread (33, main, main)
20:52:32.465 INFO: JdwpEventCenterDelegate: THREAD_RESUMED: thread (33, main, main)
20:52:32.468 INFO: JdwpEventCenterDelegate: THREAD_RESUMED: thread (33, main, main)
20:52:32.470 INFO: JdwpEventCenterDelegate: THREAD_RESUMED: thread (33, main, main)
20:52:32.472 INFO: JdwpEventCenterDelegate: THREAD_RESUMED: thread (33, main, main)
20:52:32.477 INFO: JdwpEventCenterDelegate: THREAD_RESUMED: thread (33, main, main)
20:52:32.490 INFO: JdwpEventCenterDelegate: THREAD_RESUMED: thread (33, main, main)
20:52:32.492 INFO: JdwpEventCenterDelegate: THREAD_RESUMED: thread (33, main, main)
20:52:32.494 INFO: JdwpEventCenterDelegate: THREAD_RESUMED: thread (33, main, main)
20:52:32.496 INFO: JdwpEventCenterDelegate: THREAD_RESUMED: thread (33, main, main)
20:52:32.498 INFO: JdwpEventCenterDelegate: THREAD_RESUMED: thread (33, main, main)
20:52:50.626 INFO: JdwpEventCenterDelegate: THREAD_STARTED: thread (108, Timer, main)
20:52:51.501 INFO: JdwpEventCenterDelegate: THREAD_RESUMED: thread (33, main, main)
20:52:51.534 INFO: JdwpEventCenterDelegate: THREAD_RESUMED: thread (33, main, main)
20:52:51.558 INFO: JdwpEventCenterDelegate: THREAD_RESUMED: thread (33, main, main)
20:52:51.577 INFO: JdwpEventCenterDelegate: THREAD_RESUMED: thread (33, main, main)
20:52:51.614 INFO: JdwpEventCenterDelegate: THREAD_RESUMED: thread (33, main, main)
20:52:51.652 INFO: JdwpEventCenterDelegate: THREAD_RESUMED: thread (33, main, main)
20:52:51.670 INFO: JdwpEventCenterDelegate: THREAD_RESUMED: thread (33, main, main)
20:52:51.685 INFO: JdwpEventCenterDelegate: THREAD_RESUMED: thread (33, main, main)
20:52:51.692 INFO: JdwpEventCenterDelegate: THREAD_RESUMED: thread (33, main, main)
20:52:51.706 INFO: JdwpEventCenterDelegate: THREAD_RESUMED: thread (33, main, main)
20:52:51.737 INFO: JdwpEventCenterDelegate: THREAD_RESUMED: thread (33, main, main)
20:52:51.749 INFO: JdwpEventCenterDelegate: THREAD_RESUMED: thread (33, main, main)
20:52:51.763 INFO: JdwpEventCenterDelegate: THREAD_RESUMED: thread (33, main, main)
20:52:51.775 INFO: JdwpEventCenterDelegate: THREAD_RESUMED: thread (33, main, main)
20:52:51.811 INFO: JdwpEventCenterDelegate: THREAD_RESUMED: thread (33, main, main)
20:52:51.846 INFO: JdwpEventCenterDelegate: THREAD_RESUMED: thread (33, main, main)
20:52:51.862 INFO: JdwpEventCenterDelegate: THREAD_RESUMED: thread (33, main, main)
20:52:51.878 INFO: JdwpEventCenterDelegate: THREAD_RESUMED: thread (33, main, main)
20:52:51.883 INFO: JdwpEventCenterDelegate: THREAD_RESUMED: thread (33, main, main)
20:52:51.898 INFO: JdwpEventCenterDelegate: THREAD_RESUMED: thread (33, main, main)
20:52:53.076 INFO: JdwpEventCenterDelegate: THREAD_RESUMED: thread (33, main, main)
20:56:40.060 INFO: JdwpDebugServer: handling req: VirtualMachine(1).Exit(10)
20:56:40.060 SEVERE: Debugger: Thread JDWP server socket thread crashed
org.robovm.debugger.DebuggerException: Terminating due exit command
	at org.robovm.debugger.jdwp.JdwpDebugServer.doSocketWork(JdwpDebugServer.java:211)
	at java.base/java.lang.Thread.run(Thread.java:834)
	at org.robovm.debugger.utils.DebuggerThread.run(DebuggerThread.java:42)
20:56:40.567 SEVERE: Debugger: Thread HooksChannel socket thread crashed
org.robovm.debugger.DebuggerException: java.io.IOException: org.robovm.libimobiledevice.LibIMobileDeviceException: IDEVICE_E_UNKNOWN_ERROR
	at org.robovm.debugger.hooks.HooksChannel.doSocketWork(HooksChannel.java:149)
	at java.base/java.lang.Thread.run(Thread.java:834)
	at org.robovm.debugger.utils.DebuggerThread.run(DebuggerThread.java:42)
Caused by: java.io.IOException: org.robovm.libimobiledevice.LibIMobileDeviceException: IDEVICE_E_UNKNOWN_ERROR
	at org.robovm.libimobiledevice.IDeviceConnection$DeviceInputStream.read(IDeviceConnection.java:203)
	at org.robovm.debugger.utils.bytebuffer.DataBufferWriter.writeFromStream(DataBufferWriter.java:89)
	at org.robovm.debugger.hooks.HooksChannel.doSocketWork(HooksChannel.java:116)
	... 2 more
Caused by: org.robovm.libimobiledevice.LibIMobileDeviceException: IDEVICE_E_UNKNOWN_ERROR
	at org.robovm.libimobiledevice.IDevice.checkResult(IDevice.java:206)
	at org.robovm.libimobiledevice.IDeviceConnection.receive(IDeviceConnection.java:110)
	at org.robovm.libimobiledevice.IDeviceConnection.receive(IDeviceConnection.java:81)
	at org.robovm.libimobiledevice.IDeviceConnection$DeviceInputStream.read(IDeviceConnection.java:201)
	... 4 more
