21:45:38.497 INFO: JdwpDebugServer: handling req: VirtualMachine(1).IDSizes(7)
21:45:38.498 INFO: JdwpDebugServer: handling req: EventRequest(15).Set(1)
21:45:38.498 INFO: JdwpEventCenterDelegate: jdwpSetEventRequest: JdwpEventRequest{requestId=100, eventKind=CLASS_PREPARE, suspendPolicy=NONE, predicates=[]}
21:45:38.498 INFO: JdwpDebugServer: handling req: EventRequest(15).Set(1)
21:45:38.498 INFO: JdwpEventCenterDelegate: jdwpSetEventRequest: JdwpEventRequest{requestId=101, eventKind=CLASS_UNLOAD, suspendPolicy=NONE, predicates=[]}
21:45:38.531 INFO: JdwpDebugServer: handling req: VirtualMachine(1).Version(1)
21:45:38.531 INFO: JdwpDebugServer: handling req: VirtualMachine(1).capabilitiesNew(17)
21:45:38.532 INFO: JdwpDebugServer: handling req: VirtualMachine(1).capabilities(12)
21:45:38.532 INFO: JdwpDebugServer: handling req: VirtualMachine(1).AllClassesWithGeneric(20)
21:45:38.535 INFO: JdwpDebugServer: handling req: VirtualMachine(1).TopLevelThreadGroups(5)
21:45:38.535 INFO: JdwpDebugServer: handling req: EventRequest(15).Set(1)
21:45:38.535 INFO: JdwpEventCenterDelegate: jdwpSetEventRequest: JdwpEventRequest{requestId=102, eventKind=THREAD_START, suspendPolicy=NONE, predicates=[]}
21:45:38.535 INFO: JdwpDebugServer: handling req: EventRequest(15).Set(1)
21:45:38.535 INFO: JdwpEventCenterDelegate: jdwpSetEventRequest: JdwpEventRequest{requestId=103, eventKind=THREAD_DEATH, suspendPolicy=NONE, predicates=[]}
21:45:38.537 INFO: JdwpDebugServer: handling req: EventRequest(15).Set(1)
21:45:38.537 INFO: JdwpEventCenterDelegate: jdwpSetEventRequest: JdwpEventRequest{requestId=104, eventKind=CLASS_PREPARE, suspendPolicy=EVENT_THREAD, predicates=[className=sun.instrument.InstrumentationImpl]}
21:45:38.537 INFO: JdwpDebugServer: handling req: EventRequest(15).Set(1)
21:45:38.537 INFO: JdwpEventCenterDelegate: jdwpSetEventRequest: JdwpEventRequest{requestId=105, eventKind=CLASS_PREPARE, suspendPolicy=EVENT_THREAD, predicates=[className=sun.instrument.InstrumentationImpl]}
21:45:39.119 INFO: JdwpDebugServer: handling req: VirtualMachine(1).Resume(9)
21:45:39.170 INFO: JdwpEventCenterDelegate: THREAD_STARTED: thread (33, main, main)
21:45:39.192 INFO: JdwpEventCenterDelegate: THREAD_STARTED: thread (48, ReferenceQueueDaemon, main)
21:45:39.198 INFO: JdwpEventCenterDelegate: THREAD_STARTED: thread (63, FinalizerDaemon, main)
21:45:39.205 INFO: JdwpEventCenterDelegate: THREAD_STARTED: thread (78, FinalizerWatchdogDaemon, main)
21:45:39.209 INFO: JdwpEventCenterDelegate: THREAD_RESUMED: thread (33, main, main)
21:45:39.210 INFO: JdwpEventCenterDelegate: THREAD_RESUMED: thread (33, main, main)
21:45:39.211 INFO: JdwpEventCenterDelegate: THREAD_RESUMED: thread (33, main, main)
21:45:39.213 INFO: JdwpEventCenterDelegate: THREAD_RESUMED: thread (33, main, main)
21:45:39.214 INFO: JdwpEventCenterDelegate: THREAD_RESUMED: thread (33, main, main)
21:45:39.216 INFO: JdwpEventCenterDelegate: THREAD_RESUMED: thread (33, main, main)
21:45:39.218 INFO: JdwpEventCenterDelegate: THREAD_RESUMED: thread (33, main, main)
21:45:39.219 INFO: JdwpEventCenterDelegate: THREAD_RESUMED: thread (33, main, main)
21:45:39.221 INFO: JdwpEventCenterDelegate: THREAD_RESUMED: thread (33, main, main)
21:45:39.222 INFO: JdwpEventCenterDelegate: THREAD_RESUMED: thread (33, main, main)
21:45:39.224 INFO: JdwpEventCenterDelegate: THREAD_RESUMED: thread (33, main, main)
21:45:39.225 INFO: JdwpEventCenterDelegate: THREAD_RESUMED: thread (33, main, main)
21:45:39.227 INFO: JdwpEventCenterDelegate: THREAD_RESUMED: thread (33, main, main)
21:45:39.228 INFO: JdwpEventCenterDelegate: THREAD_RESUMED: thread (33, main, main)
21:45:39.229 INFO: JdwpEventCenterDelegate: THREAD_RESUMED: thread (33, main, main)
21:45:39.230 INFO: JdwpEventCenterDelegate: THREAD_RESUMED: thread (33, main, main)
21:45:39.232 INFO: JdwpEventCenterDelegate: THREAD_RESUMED: thread (33, main, main)
21:45:39.233 INFO: JdwpEventCenterDelegate: THREAD_RESUMED: thread (33, main, main)
21:45:39.237 INFO: JdwpEventCenterDelegate: THREAD_RESUMED: thread (33, main, main)
21:45:39.238 INFO: JdwpEventCenterDelegate: THREAD_RESUMED: thread (33, main, main)
21:45:39.239 INFO: JdwpEventCenterDelegate: THREAD_RESUMED: thread (33, main, main)
21:45:39.241 INFO: JdwpEventCenterDelegate: THREAD_RESUMED: thread (33, main, main)
21:45:39.242 INFO: JdwpEventCenterDelegate: THREAD_RESUMED: thread (33, main, main)
21:45:39.243 INFO: JdwpEventCenterDelegate: THREAD_RESUMED: thread (33, main, main)
21:45:39.244 INFO: JdwpEventCenterDelegate: THREAD_RESUMED: thread (33, main, main)
21:45:39.275 INFO: JdwpEventCenterDelegate: THREAD_RESUMED: thread (33, main, main)
21:45:39.276 INFO: JdwpEventCenterDelegate: THREAD_RESUMED: thread (33, main, main)
21:45:39.278 INFO: JdwpEventCenterDelegate: THREAD_RESUMED: thread (33, main, main)
21:45:39.280 INFO: JdwpEventCenterDelegate: THREAD_RESUMED: thread (33, main, main)
21:45:39.281 INFO: JdwpEventCenterDelegate: THREAD_RESUMED: thread (33, main, main)
21:45:39.282 INFO: JdwpEventCenterDelegate: THREAD_RESUMED: thread (33, main, main)
21:45:39.284 INFO: JdwpEventCenterDelegate: THREAD_RESUMED: thread (33, main, main)
21:45:39.286 INFO: JdwpEventCenterDelegate: THREAD_RESUMED: thread (33, main, main)
21:45:39.288 INFO: JdwpEventCenterDelegate: THREAD_RESUMED: thread (33, main, main)
21:45:39.289 INFO: JdwpEventCenterDelegate: THREAD_RESUMED: thread (33, main, main)
21:45:39.290 INFO: JdwpEventCenterDelegate: THREAD_RESUMED: thread (33, main, main)
21:45:39.292 INFO: JdwpEventCenterDelegate: THREAD_RESUMED: thread (33, main, main)
21:45:39.293 INFO: JdwpEventCenterDelegate: THREAD_RESUMED: thread (33, main, main)
21:45:39.294 INFO: JdwpEventCenterDelegate: THREAD_RESUMED: thread (33, main, main)
21:45:39.311 INFO: JdwpEventCenterDelegate: THREAD_RESUMED: thread (33, main, main)
21:45:39.312 INFO: JdwpEventCenterDelegate: THREAD_RESUMED: thread (33, main, main)
21:45:39.314 INFO: JdwpEventCenterDelegate: THREAD_RESUMED: thread (33, main, main)
21:45:39.316 INFO: JdwpEventCenterDelegate: THREAD_RESUMED: thread (33, main, main)
21:45:39.317 INFO: JdwpEventCenterDelegate: THREAD_RESUMED: thread (33, main, main)
21:45:39.319 INFO: JdwpEventCenterDelegate: THREAD_RESUMED: thread (33, main, main)
21:45:39.321 INFO: JdwpEventCenterDelegate: THREAD_RESUMED: thread (33, main, main)
21:45:39.357 INFO: JdwpEventCenterDelegate: THREAD_RESUMED: thread (33, main, main)
21:45:39.358 INFO: JdwpEventCenterDelegate: THREAD_RESUMED: thread (33, main, main)
21:45:39.359 INFO: JdwpEventCenterDelegate: THREAD_RESUMED: thread (33, main, main)
21:45:39.361 INFO: JdwpEventCenterDelegate: THREAD_RESUMED: thread (33, main, main)
21:45:39.362 INFO: JdwpEventCenterDelegate: THREAD_RESUMED: thread (33, main, main)
21:45:39.364 INFO: JdwpEventCenterDelegate: THREAD_RESUMED: thread (33, main, main)
21:45:39.365 INFO: JdwpEventCenterDelegate: THREAD_RESUMED: thread (33, main, main)
21:45:39.378 INFO: JdwpEventCenterDelegate: THREAD_RESUMED: thread (33, main, main)
21:45:39.379 INFO: JdwpEventCenterDelegate: THREAD_RESUMED: thread (33, main, main)
21:45:39.380 INFO: JdwpEventCenterDelegate: THREAD_RESUMED: thread (33, main, main)
21:45:39.382 INFO: JdwpEventCenterDelegate: THREAD_RESUMED: thread (33, main, main)
21:45:39.383 INFO: JdwpEventCenterDelegate: THREAD_RESUMED: thread (33, main, main)
21:45:39.385 INFO: JdwpEventCenterDelegate: THREAD_RESUMED: thread (33, main, main)
21:45:39.386 INFO: JdwpEventCenterDelegate: THREAD_RESUMED: thread (33, main, main)
21:45:39.395 INFO: JdwpEventCenterDelegate: THREAD_RESUMED: thread (33, main, main)
21:45:39.397 INFO: JdwpEventCenterDelegate: THREAD_RESUMED: thread (33, main, main)
21:45:39.398 INFO: JdwpEventCenterDelegate: THREAD_RESUMED: thread (33, main, main)
21:45:39.399 INFO: JdwpEventCenterDelegate: THREAD_RESUMED: thread (33, main, main)
21:45:39.401 INFO: JdwpEventCenterDelegate: THREAD_RESUMED: thread (33, main, main)
21:45:39.402 INFO: JdwpEventCenterDelegate: THREAD_RESUMED: thread (33, main, main)
21:45:39.404 INFO: JdwpEventCenterDelegate: THREAD_RESUMED: thread (33, main, main)
21:45:39.405 INFO: JdwpEventCenterDelegate: THREAD_RESUMED: thread (33, main, main)
21:45:39.407 INFO: JdwpEventCenterDelegate: THREAD_RESUMED: thread (33, main, main)
21:45:39.408 INFO: JdwpEventCenterDelegate: THREAD_RESUMED: thread (33, main, main)
21:45:39.410 INFO: JdwpEventCenterDelegate: THREAD_RESUMED: thread (33, main, main)
21:45:39.411 INFO: JdwpEventCenterDelegate: THREAD_RESUMED: thread (33, main, main)
21:45:39.413 INFO: JdwpEventCenterDelegate: THREAD_RESUMED: thread (33, main, main)
21:45:39.415 INFO: JdwpEventCenterDelegate: THREAD_RESUMED: thread (33, main, main)
21:45:39.416 INFO: JdwpEventCenterDelegate: THREAD_RESUMED: thread (33, main, main)
21:45:39.418 INFO: JdwpEventCenterDelegate: THREAD_RESUMED: thread (33, main, main)
21:45:39.420 INFO: JdwpEventCenterDelegate: THREAD_RESUMED: thread (33, main, main)
21:45:39.421 INFO: JdwpEventCenterDelegate: THREAD_RESUMED: thread (33, main, main)
21:45:39.426 INFO: JdwpEventCenterDelegate: THREAD_RESUMED: thread (33, main, main)
21:45:39.428 INFO: JdwpEventCenterDelegate: THREAD_RESUMED: thread (33, main, main)
21:45:39.562 INFO: JdwpEventCenterDelegate: THREAD_STARTED: thread (93, AssetManager, main)
21:45:39.667 INFO: JdwpEventCenterDelegate: THREAD_RESUMED: thread (33, main, main)
21:45:39.669 INFO: JdwpEventCenterDelegate: THREAD_RESUMED: thread (33, main, main)
21:45:42.225 INFO: JdwpEventCenterDelegate: THREAD_RESUMED: thread (33, main, main)
21:45:42.323 INFO: JdwpEventCenterDelegate: THREAD_RESUMED: thread (33, main, main)
21:45:42.325 INFO: JdwpEventCenterDelegate: THREAD_RESUMED: thread (33, main, main)
21:45:42.327 INFO: JdwpEventCenterDelegate: THREAD_RESUMED: thread (33, main, main)
21:45:42.329 INFO: JdwpEventCenterDelegate: THREAD_RESUMED: thread (33, main, main)
21:45:42.331 INFO: JdwpEventCenterDelegate: THREAD_RESUMED: thread (33, main, main)
21:45:42.337 INFO: JdwpEventCenterDelegate: THREAD_RESUMED: thread (33, main, main)
21:45:42.349 INFO: JdwpEventCenterDelegate: THREAD_RESUMED: thread (33, main, main)
21:45:42.351 INFO: JdwpEventCenterDelegate: THREAD_RESUMED: thread (33, main, main)
21:45:42.353 INFO: JdwpEventCenterDelegate: THREAD_RESUMED: thread (33, main, main)
21:45:42.355 INFO: JdwpEventCenterDelegate: THREAD_RESUMED: thread (33, main, main)
21:45:42.357 INFO: JdwpEventCenterDelegate: THREAD_RESUMED: thread (33, main, main)
21:45:42.362 INFO: JdwpEventCenterDelegate: THREAD_RESUMED: thread (33, main, main)
21:45:42.376 INFO: JdwpEventCenterDelegate: THREAD_RESUMED: thread (33, main, main)
21:45:42.379 INFO: JdwpEventCenterDelegate: THREAD_RESUMED: thread (33, main, main)
21:45:42.381 INFO: JdwpEventCenterDelegate: THREAD_RESUMED: thread (33, main, main)
21:45:42.383 INFO: JdwpEventCenterDelegate: THREAD_RESUMED: thread (33, main, main)
21:45:42.385 INFO: JdwpEventCenterDelegate: THREAD_RESUMED: thread (33, main, main)
21:45:42.390 INFO: JdwpEventCenterDelegate: THREAD_RESUMED: thread (33, main, main)
21:45:42.409 INFO: JdwpEventCenterDelegate: THREAD_RESUMED: thread (33, main, main)
21:45:42.411 INFO: JdwpEventCenterDelegate: THREAD_RESUMED: thread (33, main, main)
21:45:42.413 INFO: JdwpEventCenterDelegate: THREAD_RESUMED: thread (33, main, main)
21:45:42.415 INFO: JdwpEventCenterDelegate: THREAD_RESUMED: thread (33, main, main)
21:45:42.417 INFO: JdwpEventCenterDelegate: THREAD_RESUMED: thread (33, main, main)
21:45:42.422 INFO: JdwpEventCenterDelegate: THREAD_RESUMED: thread (33, main, main)
21:45:42.438 INFO: JdwpEventCenterDelegate: THREAD_RESUMED: thread (33, main, main)
21:45:42.440 INFO: JdwpEventCenterDelegate: THREAD_RESUMED: thread (33, main, main)
21:45:42.442 INFO: JdwpEventCenterDelegate: THREAD_RESUMED: thread (33, main, main)
21:45:42.444 INFO: JdwpEventCenterDelegate: THREAD_RESUMED: thread (33, main, main)
21:45:42.447 INFO: JdwpEventCenterDelegate: THREAD_RESUMED: thread (33, main, main)
21:45:42.451 INFO: JdwpEventCenterDelegate: THREAD_RESUMED: thread (33, main, main)
21:45:42.467 INFO: JdwpEventCenterDelegate: THREAD_RESUMED: thread (33, main, main)
21:45:42.469 INFO: JdwpEventCenterDelegate: THREAD_RESUMED: thread (33, main, main)
21:45:42.471 INFO: JdwpEventCenterDelegate: THREAD_RESUMED: thread (33, main, main)
21:45:42.474 INFO: JdwpEventCenterDelegate: THREAD_RESUMED: thread (33, main, main)
21:45:42.475 INFO: JdwpEventCenterDelegate: THREAD_RESUMED: thread (33, main, main)
21:45:42.480 INFO: JdwpEventCenterDelegate: THREAD_RESUMED: thread (33, main, main)
21:45:42.502 INFO: JdwpEventCenterDelegate: THREAD_RESUMED: thread (33, main, main)
21:45:42.505 INFO: JdwpEventCenterDelegate: THREAD_RESUMED: thread (33, main, main)
21:45:42.507 INFO: JdwpEventCenterDelegate: THREAD_RESUMED: thread (33, main, main)
21:45:42.509 INFO: JdwpEventCenterDelegate: THREAD_RESUMED: thread (33, main, main)
21:45:42.512 INFO: JdwpEventCenterDelegate: THREAD_RESUMED: thread (33, main, main)
21:45:42.517 INFO: JdwpEventCenterDelegate: THREAD_RESUMED: thread (33, main, main)
21:45:42.536 INFO: JdwpEventCenterDelegate: THREAD_RESUMED: thread (33, main, main)
21:45:42.538 INFO: JdwpEventCenterDelegate: THREAD_RESUMED: thread (33, main, main)
21:45:42.540 INFO: JdwpEventCenterDelegate: THREAD_RESUMED: thread (33, main, main)
21:45:42.542 INFO: JdwpEventCenterDelegate: THREAD_RESUMED: thread (33, main, main)
21:45:42.544 INFO: JdwpEventCenterDelegate: THREAD_RESUMED: thread (33, main, main)
21:45:42.549 INFO: JdwpEventCenterDelegate: THREAD_RESUMED: thread (33, main, main)
21:45:42.568 INFO: JdwpEventCenterDelegate: THREAD_RESUMED: thread (33, main, main)
21:45:42.570 INFO: JdwpEventCenterDelegate: THREAD_RESUMED: thread (33, main, main)
21:45:42.572 INFO: JdwpEventCenterDelegate: THREAD_RESUMED: thread (33, main, main)
21:45:42.574 INFO: JdwpEventCenterDelegate: THREAD_RESUMED: thread (33, main, main)
21:45:42.577 INFO: JdwpEventCenterDelegate: THREAD_RESUMED: thread (33, main, main)
21:45:42.582 INFO: JdwpEventCenterDelegate: THREAD_RESUMED: thread (33, main, main)
21:45:42.597 INFO: JdwpEventCenterDelegate: THREAD_RESUMED: thread (33, main, main)
21:45:42.599 INFO: JdwpEventCenterDelegate: THREAD_RESUMED: thread (33, main, main)
21:45:42.601 INFO: JdwpEventCenterDelegate: THREAD_RESUMED: thread (33, main, main)
21:45:42.604 INFO: JdwpEventCenterDelegate: THREAD_RESUMED: thread (33, main, main)
21:45:42.606 INFO: JdwpEventCenterDelegate: THREAD_RESUMED: thread (33, main, main)
21:45:42.611 INFO: JdwpEventCenterDelegate: THREAD_RESUMED: thread (33, main, main)
21:45:42.625 INFO: JdwpEventCenterDelegate: THREAD_RESUMED: thread (33, main, main)
21:45:42.627 INFO: JdwpEventCenterDelegate: THREAD_RESUMED: thread (33, main, main)
21:45:42.630 INFO: JdwpEventCenterDelegate: THREAD_RESUMED: thread (33, main, main)
21:45:42.632 INFO: JdwpEventCenterDelegate: THREAD_RESUMED: thread (33, main, main)
21:45:42.634 INFO: JdwpEventCenterDelegate: THREAD_RESUMED: thread (33, main, main)
21:45:42.639 INFO: JdwpEventCenterDelegate: THREAD_RESUMED: thread (33, main, main)
21:45:42.662 INFO: JdwpEventCenterDelegate: THREAD_RESUMED: thread (33, main, main)
21:45:42.664 INFO: JdwpEventCenterDelegate: THREAD_RESUMED: thread (33, main, main)
21:45:42.666 INFO: JdwpEventCenterDelegate: THREAD_RESUMED: thread (33, main, main)
21:45:42.668 INFO: JdwpEventCenterDelegate: THREAD_RESUMED: thread (33, main, main)
21:45:42.670 INFO: JdwpEventCenterDelegate: THREAD_RESUMED: thread (33, main, main)
21:45:42.675 INFO: JdwpEventCenterDelegate: THREAD_RESUMED: thread (33, main, main)
21:45:42.697 INFO: JdwpEventCenterDelegate: THREAD_RESUMED: thread (33, main, main)
21:45:42.700 INFO: JdwpEventCenterDelegate: THREAD_RESUMED: thread (33, main, main)
21:45:42.702 INFO: JdwpEventCenterDelegate: THREAD_RESUMED: thread (33, main, main)
21:45:42.704 INFO: JdwpEventCenterDelegate: THREAD_RESUMED: thread (33, main, main)
21:45:42.706 INFO: JdwpEventCenterDelegate: THREAD_RESUMED: thread (33, main, main)
21:45:42.711 INFO: JdwpEventCenterDelegate: THREAD_RESUMED: thread (33, main, main)
21:45:42.730 INFO: JdwpEventCenterDelegate: THREAD_RESUMED: thread (33, main, main)
21:45:42.732 INFO: JdwpEventCenterDelegate: THREAD_RESUMED: thread (33, main, main)
21:45:42.734 INFO: JdwpEventCenterDelegate: THREAD_RESUMED: thread (33, main, main)
21:45:42.737 INFO: JdwpEventCenterDelegate: THREAD_RESUMED: thread (33, main, main)
21:45:42.739 INFO: JdwpEventCenterDelegate: THREAD_RESUMED: thread (33, main, main)
21:45:42.744 INFO: JdwpEventCenterDelegate: THREAD_RESUMED: thread (33, main, main)
21:45:42.757 INFO: JdwpEventCenterDelegate: THREAD_RESUMED: thread (33, main, main)
21:45:42.759 INFO: JdwpEventCenterDelegate: THREAD_RESUMED: thread (33, main, main)
21:45:42.761 INFO: JdwpEventCenterDelegate: THREAD_RESUMED: thread (33, main, main)
21:45:42.763 INFO: JdwpEventCenterDelegate: THREAD_RESUMED: thread (33, main, main)
21:45:42.766 INFO: JdwpEventCenterDelegate: THREAD_RESUMED: thread (33, main, main)
21:45:42.771 INFO: JdwpEventCenterDelegate: THREAD_RESUMED: thread (33, main, main)
21:45:42.773 INFO: JdwpEventCenterDelegate: THREAD_RESUMED: thread (33, main, main)
21:45:42.776 INFO: JdwpEventCenterDelegate: THREAD_RESUMED: thread (33, main, main)
21:45:42.778 INFO: JdwpEventCenterDelegate: THREAD_RESUMED: thread (33, main, main)
21:45:42.780 INFO: JdwpEventCenterDelegate: THREAD_RESUMED: thread (33, main, main)
21:45:42.782 INFO: JdwpEventCenterDelegate: THREAD_RESUMED: thread (33, main, main)
21:45:42.784 INFO: JdwpEventCenterDelegate: THREAD_RESUMED: thread (33, main, main)
21:45:42.788 INFO: JdwpEventCenterDelegate: THREAD_RESUMED: thread (33, main, main)
21:45:42.791 INFO: JdwpEventCenterDelegate: THREAD_RESUMED: thread (33, main, main)
21:45:42.793 INFO: JdwpEventCenterDelegate: THREAD_RESUMED: thread (33, main, main)
21:45:42.795 INFO: JdwpEventCenterDelegate: THREAD_RESUMED: thread (33, main, main)
21:45:42.806 INFO: JdwpEventCenterDelegate: THREAD_RESUMED: thread (33, main, main)
21:45:42.809 INFO: JdwpEventCenterDelegate: THREAD_RESUMED: thread (33, main, main)
21:45:42.811 INFO: JdwpEventCenterDelegate: THREAD_RESUMED: thread (33, main, main)
21:45:42.813 INFO: JdwpEventCenterDelegate: THREAD_RESUMED: thread (33, main, main)
21:45:42.815 INFO: JdwpEventCenterDelegate: THREAD_RESUMED: thread (33, main, main)
21:45:42.820 INFO: JdwpEventCenterDelegate: THREAD_RESUMED: thread (33, main, main)
21:45:42.832 INFO: JdwpEventCenterDelegate: THREAD_RESUMED: thread (33, main, main)
21:45:42.845 INFO: JdwpEventCenterDelegate: THREAD_RESUMED: thread (33, main, main)
21:45:42.856 INFO: JdwpEventCenterDelegate: THREAD_RESUMED: thread (33, main, main)
21:45:42.870 INFO: JdwpEventCenterDelegate: THREAD_RESUMED: thread (33, main, main)
21:45:42.900 INFO: JdwpEventCenterDelegate: THREAD_RESUMED: thread (33, main, main)
21:45:42.903 INFO: JdwpEventCenterDelegate: THREAD_RESUMED: thread (33, main, main)
21:45:42.905 INFO: JdwpEventCenterDelegate: THREAD_RESUMED: thread (33, main, main)
21:45:42.907 INFO: JdwpEventCenterDelegate: THREAD_RESUMED: thread (33, main, main)
21:45:42.909 INFO: JdwpEventCenterDelegate: THREAD_RESUMED: thread (33, main, main)
21:45:42.914 INFO: JdwpEventCenterDelegate: THREAD_RESUMED: thread (33, main, main)
21:45:42.926 INFO: JdwpEventCenterDelegate: THREAD_RESUMED: thread (33, main, main)
21:45:42.928 INFO: JdwpEventCenterDelegate: THREAD_RESUMED: thread (33, main, main)
21:45:42.930 INFO: JdwpEventCenterDelegate: THREAD_RESUMED: thread (33, main, main)
21:45:42.932 INFO: JdwpEventCenterDelegate: THREAD_RESUMED: thread (33, main, main)
21:45:42.935 INFO: JdwpEventCenterDelegate: THREAD_RESUMED: thread (33, main, main)
21:45:42.940 INFO: JdwpEventCenterDelegate: THREAD_RESUMED: thread (33, main, main)
21:45:42.957 INFO: JdwpEventCenterDelegate: THREAD_RESUMED: thread (33, main, main)
21:45:42.960 INFO: JdwpEventCenterDelegate: THREAD_RESUMED: thread (33, main, main)
21:45:42.962 INFO: JdwpEventCenterDelegate: THREAD_RESUMED: thread (33, main, main)
21:45:42.964 INFO: JdwpEventCenterDelegate: THREAD_RESUMED: thread (33, main, main)
21:45:42.966 INFO: JdwpEventCenterDelegate: THREAD_RESUMED: thread (33, main, main)
21:45:42.971 INFO: JdwpEventCenterDelegate: THREAD_RESUMED: thread (33, main, main)
21:45:42.989 INFO: JdwpEventCenterDelegate: THREAD_RESUMED: thread (33, main, main)
21:45:42.991 INFO: JdwpEventCenterDelegate: THREAD_RESUMED: thread (33, main, main)
21:45:42.993 INFO: JdwpEventCenterDelegate: THREAD_RESUMED: thread (33, main, main)
21:45:42.996 INFO: JdwpEventCenterDelegate: THREAD_RESUMED: thread (33, main, main)
21:45:42.998 INFO: JdwpEventCenterDelegate: THREAD_RESUMED: thread (33, main, main)
21:45:43.003 INFO: JdwpEventCenterDelegate: THREAD_RESUMED: thread (33, main, main)
21:45:43.018 INFO: JdwpEventCenterDelegate: THREAD_RESUMED: thread (33, main, main)
21:45:43.020 INFO: JdwpEventCenterDelegate: THREAD_RESUMED: thread (33, main, main)
21:45:43.022 INFO: JdwpEventCenterDelegate: THREAD_RESUMED: thread (33, main, main)
21:45:43.024 INFO: JdwpEventCenterDelegate: THREAD_RESUMED: thread (33, main, main)
21:45:43.027 INFO: JdwpEventCenterDelegate: THREAD_RESUMED: thread (33, main, main)
21:45:43.032 INFO: JdwpEventCenterDelegate: THREAD_RESUMED: thread (33, main, main)
21:45:43.046 INFO: JdwpEventCenterDelegate: THREAD_RESUMED: thread (33, main, main)
21:45:43.048 INFO: JdwpEventCenterDelegate: THREAD_RESUMED: thread (33, main, main)
21:45:43.050 INFO: JdwpEventCenterDelegate: THREAD_RESUMED: thread (33, main, main)
21:45:43.052 INFO: JdwpEventCenterDelegate: THREAD_RESUMED: thread (33, main, main)
21:45:43.054 INFO: JdwpEventCenterDelegate: THREAD_RESUMED: thread (33, main, main)
21:45:43.058 INFO: JdwpEventCenterDelegate: THREAD_RESUMED: thread (33, main, main)
21:45:43.076 INFO: JdwpEventCenterDelegate: THREAD_RESUMED: thread (33, main, main)
21:45:43.078 INFO: JdwpEventCenterDelegate: THREAD_RESUMED: thread (33, main, main)
21:45:43.080 INFO: JdwpEventCenterDelegate: THREAD_RESUMED: thread (33, main, main)
21:45:43.082 INFO: JdwpEventCenterDelegate: THREAD_RESUMED: thread (33, main, main)
21:45:43.084 INFO: JdwpEventCenterDelegate: THREAD_RESUMED: thread (33, main, main)
21:45:43.088 INFO: JdwpEventCenterDelegate: THREAD_RESUMED: thread (33, main, main)
21:45:43.105 INFO: JdwpEventCenterDelegate: THREAD_RESUMED: thread (33, main, main)
21:45:43.107 INFO: JdwpEventCenterDelegate: THREAD_RESUMED: thread (33, main, main)
21:45:43.109 INFO: JdwpEventCenterDelegate: THREAD_RESUMED: thread (33, main, main)
21:45:43.110 INFO: JdwpEventCenterDelegate: THREAD_RESUMED: thread (33, main, main)
21:45:43.112 INFO: JdwpEventCenterDelegate: THREAD_RESUMED: thread (33, main, main)
21:45:43.117 INFO: JdwpEventCenterDelegate: THREAD_RESUMED: thread (33, main, main)
21:45:43.134 INFO: JdwpEventCenterDelegate: THREAD_RESUMED: thread (33, main, main)
21:45:43.137 INFO: JdwpEventCenterDelegate: THREAD_RESUMED: thread (33, main, main)
21:45:43.139 INFO: JdwpEventCenterDelegate: THREAD_RESUMED: thread (33, main, main)
21:45:43.141 INFO: JdwpEventCenterDelegate: THREAD_RESUMED: thread (33, main, main)
21:45:43.142 INFO: JdwpEventCenterDelegate: THREAD_RESUMED: thread (33, main, main)
21:45:43.147 INFO: JdwpEventCenterDelegate: THREAD_RESUMED: thread (33, main, main)
21:45:43.161 INFO: JdwpEventCenterDelegate: THREAD_RESUMED: thread (33, main, main)
21:45:43.163 INFO: JdwpEventCenterDelegate: THREAD_RESUMED: thread (33, main, main)
21:45:43.166 INFO: JdwpEventCenterDelegate: THREAD_RESUMED: thread (33, main, main)
21:45:43.168 INFO: JdwpEventCenterDelegate: THREAD_RESUMED: thread (33, main, main)
21:45:43.170 INFO: JdwpEventCenterDelegate: THREAD_RESUMED: thread (33, main, main)
21:45:43.175 INFO: JdwpEventCenterDelegate: THREAD_RESUMED: thread (33, main, main)
21:45:43.193 INFO: JdwpEventCenterDelegate: THREAD_RESUMED: thread (33, main, main)
21:45:43.194 INFO: JdwpEventCenterDelegate: THREAD_RESUMED: thread (33, main, main)
21:45:43.196 INFO: JdwpEventCenterDelegate: THREAD_RESUMED: thread (33, main, main)
21:45:43.198 INFO: JdwpEventCenterDelegate: THREAD_RESUMED: thread (33, main, main)
21:45:43.200 INFO: JdwpEventCenterDelegate: THREAD_RESUMED: thread (33, main, main)
21:45:43.204 INFO: JdwpEventCenterDelegate: THREAD_RESUMED: thread (33, main, main)
21:45:43.223 INFO: JdwpEventCenterDelegate: THREAD_RESUMED: thread (33, main, main)
21:45:43.225 INFO: JdwpEventCenterDelegate: THREAD_RESUMED: thread (33, main, main)
21:45:43.228 INFO: JdwpEventCenterDelegate: THREAD_RESUMED: thread (33, main, main)
21:45:43.230 INFO: JdwpEventCenterDelegate: THREAD_RESUMED: thread (33, main, main)
21:45:43.232 INFO: JdwpEventCenterDelegate: THREAD_RESUMED: thread (33, main, main)
21:45:43.237 INFO: JdwpEventCenterDelegate: THREAD_RESUMED: thread (33, main, main)
21:45:43.258 INFO: JdwpEventCenterDelegate: THREAD_RESUMED: thread (33, main, main)
21:45:43.260 INFO: JdwpEventCenterDelegate: THREAD_RESUMED: thread (33, main, main)
21:45:43.262 INFO: JdwpEventCenterDelegate: THREAD_RESUMED: thread (33, main, main)
21:45:43.265 INFO: JdwpEventCenterDelegate: THREAD_RESUMED: thread (33, main, main)
21:45:43.267 INFO: JdwpEventCenterDelegate: THREAD_RESUMED: thread (33, main, main)
21:45:43.272 INFO: JdwpEventCenterDelegate: THREAD_RESUMED: thread (33, main, main)
21:45:43.289 INFO: JdwpEventCenterDelegate: THREAD_RESUMED: thread (33, main, main)
21:45:43.292 INFO: JdwpEventCenterDelegate: THREAD_RESUMED: thread (33, main, main)
21:45:43.294 INFO: JdwpEventCenterDelegate: THREAD_RESUMED: thread (33, main, main)
21:45:43.296 INFO: JdwpEventCenterDelegate: THREAD_RESUMED: thread (33, main, main)
21:45:43.299 INFO: JdwpEventCenterDelegate: THREAD_RESUMED: thread (33, main, main)
21:45:43.303 INFO: JdwpEventCenterDelegate: THREAD_RESUMED: thread (33, main, main)
21:45:43.315 INFO: JdwpEventCenterDelegate: THREAD_RESUMED: thread (33, main, main)
21:45:43.318 INFO: JdwpEventCenterDelegate: THREAD_RESUMED: thread (33, main, main)
21:45:43.320 INFO: JdwpEventCenterDelegate: THREAD_RESUMED: thread (33, main, main)
21:45:43.322 INFO: JdwpEventCenterDelegate: THREAD_RESUMED: thread (33, main, main)
21:45:43.325 INFO: JdwpEventCenterDelegate: THREAD_RESUMED: thread (33, main, main)
21:45:45.624 INFO: JdwpEventCenterDelegate: THREAD_STARTED: thread (108, Timer, main)
21:45:46.514 INFO: JdwpEventCenterDelegate: THREAD_RESUMED: thread (33, main, main)
21:45:46.547 INFO: JdwpEventCenterDelegate: THREAD_RESUMED: thread (33, main, main)
21:45:46.569 INFO: JdwpEventCenterDelegate: THREAD_RESUMED: thread (33, main, main)
21:45:46.587 INFO: JdwpEventCenterDelegate: THREAD_RESUMED: thread (33, main, main)
21:45:46.630 INFO: JdwpEventCenterDelegate: THREAD_RESUMED: thread (33, main, main)
21:45:46.665 INFO: JdwpEventCenterDelegate: THREAD_RESUMED: thread (33, main, main)
21:45:46.682 INFO: JdwpEventCenterDelegate: THREAD_RESUMED: thread (33, main, main)
21:45:46.697 INFO: JdwpEventCenterDelegate: THREAD_RESUMED: thread (33, main, main)
21:45:46.704 INFO: JdwpEventCenterDelegate: THREAD_RESUMED: thread (33, main, main)
21:45:46.718 INFO: JdwpEventCenterDelegate: THREAD_RESUMED: thread (33, main, main)
21:45:46.749 INFO: JdwpEventCenterDelegate: THREAD_RESUMED: thread (33, main, main)
21:45:46.761 INFO: JdwpEventCenterDelegate: THREAD_RESUMED: thread (33, main, main)
21:45:46.774 INFO: JdwpEventCenterDelegate: THREAD_RESUMED: thread (33, main, main)
21:45:46.786 INFO: JdwpEventCenterDelegate: THREAD_RESUMED: thread (33, main, main)
21:45:46.820 INFO: JdwpEventCenterDelegate: THREAD_RESUMED: thread (33, main, main)
21:45:46.853 INFO: JdwpEventCenterDelegate: THREAD_RESUMED: thread (33, main, main)
21:45:46.869 INFO: JdwpEventCenterDelegate: THREAD_RESUMED: thread (33, main, main)
21:45:46.883 INFO: JdwpEventCenterDelegate: THREAD_RESUMED: thread (33, main, main)
21:45:46.889 INFO: JdwpEventCenterDelegate: THREAD_RESUMED: thread (33, main, main)
21:45:46.903 INFO: JdwpEventCenterDelegate: THREAD_RESUMED: thread (33, main, main)
21:45:48.131 INFO: JdwpEventCenterDelegate: THREAD_RESUMED: thread (33, main, main)
21:45:48.134 INFO: JdwpEventCenterDelegate: THREAD_RESUMED: thread (33, main, main)
21:45:48.137 INFO: JdwpEventCenterDelegate: THREAD_RESUMED: thread (33, main, main)
21:45:48.140 INFO: JdwpEventCenterDelegate: THREAD_RESUMED: thread (33, main, main)
21:45:48.142 INFO: JdwpEventCenterDelegate: THREAD_RESUMED: thread (33, main, main)
21:45:48.145 INFO: JdwpEventCenterDelegate: THREAD_RESUMED: thread (33, main, main)
21:45:48.148 INFO: JdwpEventCenterDelegate: THREAD_RESUMED: thread (33, main, main)
21:45:48.172 INFO: JdwpEventCenterDelegate: THREAD_RESUMED: thread (33, main, main)
21:45:48.175 INFO: JdwpEventCenterDelegate: THREAD_RESUMED: thread (33, main, main)
21:45:48.178 INFO: JdwpEventCenterDelegate: THREAD_RESUMED: thread (33, main, main)
21:45:48.180 INFO: JdwpEventCenterDelegate: THREAD_RESUMED: thread (33, main, main)
21:45:48.183 INFO: JdwpEventCenterDelegate: THREAD_RESUMED: thread (33, main, main)
21:45:48.186 INFO: JdwpEventCenterDelegate: THREAD_RESUMED: thread (33, main, main)
21:45:48.188 INFO: JdwpEventCenterDelegate: THREAD_RESUMED: thread (33, main, main)
21:45:48.223 INFO: JdwpEventCenterDelegate: THREAD_STARTED: thread (123, Thread-7, main)
21:51:13.134 INFO: JdwpDebugServer: handling req: VirtualMachine(1).Exit(10)
21:51:13.134 SEVERE: Debugger: Thread JDWP server socket thread crashed
org.robovm.debugger.DebuggerException: Terminating due exit command
	at org.robovm.debugger.jdwp.JdwpDebugServer.doSocketWork(JdwpDebugServer.java:211)
	at java.base/java.lang.Thread.run(Thread.java:834)
	at org.robovm.debugger.utils.DebuggerThread.run(DebuggerThread.java:42)
21:51:13.640 SEVERE: Debugger: Thread HooksChannel socket thread crashed
org.robovm.debugger.DebuggerException: java.io.IOException: org.robovm.libimobiledevice.LibIMobileDeviceException: IDEVICE_E_UNKNOWN_ERROR
	at org.robovm.debugger.hooks.HooksChannel.doSocketWork(HooksChannel.java:149)
	at java.base/java.lang.Thread.run(Thread.java:834)
	at org.robovm.debugger.utils.DebuggerThread.run(DebuggerThread.java:42)
Caused by: java.io.IOException: org.robovm.libimobiledevice.LibIMobileDeviceException: IDEVICE_E_UNKNOWN_ERROR
	at org.robovm.libimobiledevice.IDeviceConnection$DeviceInputStream.read(IDeviceConnection.java:203)
	at org.robovm.debugger.utils.bytebuffer.DataBufferWriter.writeFromStream(DataBufferWriter.java:89)
	at org.robovm.debugger.hooks.HooksChannel.doSocketWork(HooksChannel.java:116)
	... 2 more
Caused by: org.robovm.libimobiledevice.LibIMobileDeviceException: IDEVICE_E_UNKNOWN_ERROR
	at org.robovm.libimobiledevice.IDevice.checkResult(IDevice.java:206)
	at org.robovm.libimobiledevice.IDeviceConnection.receive(IDeviceConnection.java:110)
	at org.robovm.libimobiledevice.IDeviceConnection.receive(IDeviceConnection.java:81)
	at org.robovm.libimobiledevice.IDeviceConnection$DeviceInputStream.read(IDeviceConnection.java:201)
	... 4 more
