19:07:58.428 INFO: JdwpDebugServer: handling req: VirtualMachine(1).IDSizes(7)
19:07:58.429 INFO: JdwpDebugServer: handling req: EventRequest(15).Set(1)
19:07:58.429 INFO: JdwpEventCenterDelegate: jdwpSetEventRequest: JdwpEventRequest{requestId=100, eventKind=CLASS_PREPARE, suspendPolicy=NONE, predicates=[]}
19:07:58.429 INFO: JdwpDebugServer: handling req: EventRequest(15).Set(1)
19:07:58.429 INFO: JdwpEventCenterDelegate: jdwpSetEventRequest: JdwpEventRequest{requestId=101, eventKind=CLASS_UNLOAD, suspendPolicy=NONE, predicates=[]}
19:07:58.449 INFO: JdwpDebugServer: handling req: VirtualMachine(1).Version(1)
19:07:58.455 INFO: JdwpDebugServer: handling req: VirtualMachine(1).capabilitiesNew(17)
19:07:58.455 INFO: JdwpDebugServer: handling req: VirtualMachine(1).capabilities(12)
19:07:58.456 INFO: JdwpDebugServer: handling req: VirtualMachine(1).AllClassesWithGeneric(20)
19:07:58.459 INFO: JdwpDebugServer: handling req: VirtualMachine(1).TopLevelThreadGroups(5)
19:07:58.459 INFO: JdwpDebugServer: handling req: EventRequest(15).Set(1)
19:07:58.459 INFO: JdwpEventCenterDelegate: jdwpSetEventRequest: JdwpEventRequest{requestId=102, eventKind=THREAD_START, suspendPolicy=NONE, predicates=[]}
19:07:58.460 INFO: JdwpDebugServer: handling req: EventRequest(15).Set(1)
19:07:58.460 INFO: JdwpEventCenterDelegate: jdwpSetEventRequest: JdwpEventRequest{requestId=103, eventKind=THREAD_DEATH, suspendPolicy=NONE, predicates=[]}
19:07:58.462 INFO: JdwpDebugServer: handling req: EventRequest(15).Set(1)
19:07:58.462 INFO: JdwpEventCenterDelegate: jdwpSetEventRequest: JdwpEventRequest{requestId=104, eventKind=CLASS_PREPARE, suspendPolicy=EVENT_THREAD, predicates=[className=sun.instrument.InstrumentationImpl]}
19:07:58.462 INFO: JdwpDebugServer: handling req: EventRequest(15).Set(1)
19:07:58.462 INFO: JdwpEventCenterDelegate: jdwpSetEventRequest: JdwpEventRequest{requestId=105, eventKind=CLASS_PREPARE, suspendPolicy=EVENT_THREAD, predicates=[className=sun.instrument.InstrumentationImpl]}
19:07:59.044 INFO: JdwpDebugServer: handling req: VirtualMachine(1).Resume(9)
19:07:59.094 INFO: JdwpEventCenterDelegate: THREAD_STARTED: thread (33, main, main)
19:07:59.118 INFO: JdwpEventCenterDelegate: THREAD_STARTED: thread (48, ReferenceQueueDaemon, main)
19:07:59.124 INFO: JdwpEventCenterDelegate: THREAD_STARTED: thread (63, FinalizerWatchdogDaemon, main)
19:07:59.129 INFO: JdwpEventCenterDelegate: THREAD_STARTED: thread (78, FinalizerDaemon, main)
19:07:59.132 INFO: JdwpEventCenterDelegate: THREAD_RESUMED: thread (33, main, main)
19:07:59.133 INFO: JdwpEventCenterDelegate: THREAD_RESUMED: thread (33, main, main)
19:07:59.135 INFO: JdwpEventCenterDelegate: THREAD_RESUMED: thread (33, main, main)
19:07:59.136 INFO: JdwpEventCenterDelegate: THREAD_RESUMED: thread (33, main, main)
19:07:59.137 INFO: JdwpEventCenterDelegate: THREAD_RESUMED: thread (33, main, main)
19:07:59.138 INFO: JdwpEventCenterDelegate: THREAD_RESUMED: thread (33, main, main)
19:07:59.139 INFO: JdwpEventCenterDelegate: THREAD_RESUMED: thread (33, main, main)
19:07:59.140 INFO: JdwpEventCenterDelegate: THREAD_RESUMED: thread (33, main, main)
19:07:59.142 INFO: JdwpEventCenterDelegate: THREAD_RESUMED: thread (33, main, main)
19:07:59.143 INFO: JdwpEventCenterDelegate: THREAD_RESUMED: thread (33, main, main)
19:07:59.144 INFO: JdwpEventCenterDelegate: THREAD_RESUMED: thread (33, main, main)
19:07:59.145 INFO: JdwpEventCenterDelegate: THREAD_RESUMED: thread (33, main, main)
19:07:59.147 INFO: JdwpEventCenterDelegate: THREAD_RESUMED: thread (33, main, main)
19:07:59.148 INFO: JdwpEventCenterDelegate: THREAD_RESUMED: thread (33, main, main)
19:07:59.149 INFO: JdwpEventCenterDelegate: THREAD_RESUMED: thread (33, main, main)
19:07:59.150 INFO: JdwpEventCenterDelegate: THREAD_RESUMED: thread (33, main, main)
19:07:59.152 INFO: JdwpEventCenterDelegate: THREAD_RESUMED: thread (33, main, main)
19:07:59.153 INFO: JdwpEventCenterDelegate: THREAD_RESUMED: thread (33, main, main)
19:07:59.156 INFO: JdwpEventCenterDelegate: THREAD_RESUMED: thread (33, main, main)
19:07:59.157 INFO: JdwpEventCenterDelegate: THREAD_RESUMED: thread (33, main, main)
19:07:59.158 INFO: JdwpEventCenterDelegate: THREAD_RESUMED: thread (33, main, main)
19:07:59.160 INFO: JdwpEventCenterDelegate: THREAD_RESUMED: thread (33, main, main)
19:07:59.161 INFO: JdwpEventCenterDelegate: THREAD_RESUMED: thread (33, main, main)
19:07:59.162 INFO: JdwpEventCenterDelegate: THREAD_RESUMED: thread (33, main, main)
19:07:59.163 INFO: JdwpEventCenterDelegate: THREAD_RESUMED: thread (33, main, main)
19:07:59.196 INFO: JdwpEventCenterDelegate: THREAD_RESUMED: thread (33, main, main)
19:07:59.197 INFO: JdwpEventCenterDelegate: THREAD_RESUMED: thread (33, main, main)
19:07:59.199 INFO: JdwpEventCenterDelegate: THREAD_RESUMED: thread (33, main, main)
19:07:59.200 INFO: JdwpEventCenterDelegate: THREAD_RESUMED: thread (33, main, main)
19:07:59.202 INFO: JdwpEventCenterDelegate: THREAD_RESUMED: thread (33, main, main)
19:07:59.203 INFO: JdwpEventCenterDelegate: THREAD_RESUMED: thread (33, main, main)
19:07:59.205 INFO: JdwpEventCenterDelegate: THREAD_RESUMED: thread (33, main, main)
19:07:59.208 INFO: JdwpEventCenterDelegate: THREAD_RESUMED: thread (33, main, main)
19:07:59.209 INFO: JdwpEventCenterDelegate: THREAD_RESUMED: thread (33, main, main)
19:07:59.210 INFO: JdwpEventCenterDelegate: THREAD_RESUMED: thread (33, main, main)
19:07:59.212 INFO: JdwpEventCenterDelegate: THREAD_RESUMED: thread (33, main, main)
19:07:59.213 INFO: JdwpEventCenterDelegate: THREAD_RESUMED: thread (33, main, main)
19:07:59.214 INFO: JdwpEventCenterDelegate: THREAD_RESUMED: thread (33, main, main)
19:07:59.216 INFO: JdwpEventCenterDelegate: THREAD_RESUMED: thread (33, main, main)
19:07:59.232 INFO: JdwpEventCenterDelegate: THREAD_RESUMED: thread (33, main, main)
19:07:59.233 INFO: JdwpEventCenterDelegate: THREAD_RESUMED: thread (33, main, main)
19:07:59.234 INFO: JdwpEventCenterDelegate: THREAD_RESUMED: thread (33, main, main)
19:07:59.236 INFO: JdwpEventCenterDelegate: THREAD_RESUMED: thread (33, main, main)
19:07:59.237 INFO: JdwpEventCenterDelegate: THREAD_RESUMED: thread (33, main, main)
19:07:59.239 INFO: JdwpEventCenterDelegate: THREAD_RESUMED: thread (33, main, main)
19:07:59.240 INFO: JdwpEventCenterDelegate: THREAD_RESUMED: thread (33, main, main)
19:07:59.264 INFO: JdwpEventCenterDelegate: THREAD_RESUMED: thread (33, main, main)
19:07:59.265 INFO: JdwpEventCenterDelegate: THREAD_RESUMED: thread (33, main, main)
19:07:59.267 INFO: JdwpEventCenterDelegate: THREAD_RESUMED: thread (33, main, main)
19:07:59.268 INFO: JdwpEventCenterDelegate: THREAD_RESUMED: thread (33, main, main)
19:07:59.270 INFO: JdwpEventCenterDelegate: THREAD_RESUMED: thread (33, main, main)
19:07:59.271 INFO: JdwpEventCenterDelegate: THREAD_RESUMED: thread (33, main, main)
19:07:59.272 INFO: JdwpEventCenterDelegate: THREAD_RESUMED: thread (33, main, main)
19:07:59.301 INFO: JdwpEventCenterDelegate: THREAD_RESUMED: thread (33, main, main)
19:07:59.302 INFO: JdwpEventCenterDelegate: THREAD_RESUMED: thread (33, main, main)
19:07:59.304 INFO: JdwpEventCenterDelegate: THREAD_RESUMED: thread (33, main, main)
19:07:59.305 INFO: JdwpEventCenterDelegate: THREAD_RESUMED: thread (33, main, main)
19:07:59.306 INFO: JdwpEventCenterDelegate: THREAD_RESUMED: thread (33, main, main)
19:07:59.308 INFO: JdwpEventCenterDelegate: THREAD_RESUMED: thread (33, main, main)
19:07:59.309 INFO: JdwpEventCenterDelegate: THREAD_RESUMED: thread (33, main, main)
19:07:59.320 INFO: JdwpEventCenterDelegate: THREAD_RESUMED: thread (33, main, main)
19:07:59.322 INFO: JdwpEventCenterDelegate: THREAD_RESUMED: thread (33, main, main)
19:07:59.323 INFO: JdwpEventCenterDelegate: THREAD_RESUMED: thread (33, main, main)
19:07:59.324 INFO: JdwpEventCenterDelegate: THREAD_RESUMED: thread (33, main, main)
19:07:59.326 INFO: JdwpEventCenterDelegate: THREAD_RESUMED: thread (33, main, main)
19:07:59.327 INFO: JdwpEventCenterDelegate: THREAD_RESUMED: thread (33, main, main)
19:07:59.328 INFO: JdwpEventCenterDelegate: THREAD_RESUMED: thread (33, main, main)
19:07:59.337 INFO: JdwpEventCenterDelegate: THREAD_RESUMED: thread (33, main, main)
19:07:59.338 INFO: JdwpEventCenterDelegate: THREAD_RESUMED: thread (33, main, main)
19:07:59.339 INFO: JdwpEventCenterDelegate: THREAD_RESUMED: thread (33, main, main)
19:07:59.340 INFO: JdwpEventCenterDelegate: THREAD_RESUMED: thread (33, main, main)
19:07:59.342 INFO: JdwpEventCenterDelegate: THREAD_RESUMED: thread (33, main, main)
19:07:59.343 INFO: JdwpEventCenterDelegate: THREAD_RESUMED: thread (33, main, main)
19:07:59.344 INFO: JdwpEventCenterDelegate: THREAD_RESUMED: thread (33, main, main)
19:07:59.346 INFO: JdwpEventCenterDelegate: THREAD_RESUMED: thread (33, main, main)
19:07:59.348 INFO: JdwpEventCenterDelegate: THREAD_RESUMED: thread (33, main, main)
19:07:59.349 INFO: JdwpEventCenterDelegate: THREAD_RESUMED: thread (33, main, main)
19:07:59.351 INFO: JdwpEventCenterDelegate: THREAD_RESUMED: thread (33, main, main)
19:07:59.352 INFO: JdwpEventCenterDelegate: THREAD_RESUMED: thread (33, main, main)
19:07:59.353 INFO: JdwpEventCenterDelegate: THREAD_RESUMED: thread (33, main, main)
19:07:59.355 INFO: JdwpEventCenterDelegate: THREAD_RESUMED: thread (33, main, main)
19:07:59.356 INFO: JdwpEventCenterDelegate: THREAD_RESUMED: thread (33, main, main)
19:07:59.357 INFO: JdwpEventCenterDelegate: THREAD_RESUMED: thread (33, main, main)
19:07:59.359 INFO: JdwpEventCenterDelegate: THREAD_RESUMED: thread (33, main, main)
19:07:59.360 INFO: JdwpEventCenterDelegate: THREAD_RESUMED: thread (33, main, main)
19:07:59.362 INFO: JdwpEventCenterDelegate: THREAD_RESUMED: thread (33, main, main)
19:07:59.364 INFO: JdwpEventCenterDelegate: THREAD_RESUMED: thread (33, main, main)
19:07:59.500 INFO: JdwpEventCenterDelegate: THREAD_STARTED: thread (93, AssetManager, main)
19:07:59.606 INFO: JdwpEventCenterDelegate: THREAD_RESUMED: thread (33, main, main)
19:07:59.608 INFO: JdwpEventCenterDelegate: THREAD_RESUMED: thread (33, main, main)
19:08:02.176 INFO: JdwpEventCenterDelegate: THREAD_RESUMED: thread (33, main, main)
19:08:02.281 INFO: JdwpEventCenterDelegate: THREAD_RESUMED: thread (33, main, main)
19:08:02.282 INFO: JdwpEventCenterDelegate: THREAD_RESUMED: thread (33, main, main)
19:08:02.284 INFO: JdwpEventCenterDelegate: THREAD_RESUMED: thread (33, main, main)
19:08:02.286 INFO: JdwpEventCenterDelegate: THREAD_RESUMED: thread (33, main, main)
19:08:02.288 INFO: JdwpEventCenterDelegate: THREAD_RESUMED: thread (33, main, main)
19:08:02.294 INFO: JdwpEventCenterDelegate: THREAD_RESUMED: thread (33, main, main)
19:08:02.306 INFO: JdwpEventCenterDelegate: THREAD_RESUMED: thread (33, main, main)
19:08:02.308 INFO: JdwpEventCenterDelegate: THREAD_RESUMED: thread (33, main, main)
19:08:02.310 INFO: JdwpEventCenterDelegate: THREAD_RESUMED: thread (33, main, main)
19:08:02.312 INFO: JdwpEventCenterDelegate: THREAD_RESUMED: thread (33, main, main)
19:08:02.314 INFO: JdwpEventCenterDelegate: THREAD_RESUMED: thread (33, main, main)
19:08:02.319 INFO: JdwpEventCenterDelegate: THREAD_RESUMED: thread (33, main, main)
19:08:02.333 INFO: JdwpEventCenterDelegate: THREAD_RESUMED: thread (33, main, main)
19:08:02.335 INFO: JdwpEventCenterDelegate: THREAD_RESUMED: thread (33, main, main)
19:08:02.337 INFO: JdwpEventCenterDelegate: THREAD_RESUMED: thread (33, main, main)
19:08:02.339 INFO: JdwpEventCenterDelegate: THREAD_RESUMED: thread (33, main, main)
19:08:02.341 INFO: JdwpEventCenterDelegate: THREAD_RESUMED: thread (33, main, main)
19:08:02.345 INFO: JdwpEventCenterDelegate: THREAD_RESUMED: thread (33, main, main)
19:08:02.363 INFO: JdwpEventCenterDelegate: THREAD_RESUMED: thread (33, main, main)
19:08:02.366 INFO: JdwpEventCenterDelegate: THREAD_RESUMED: thread (33, main, main)
19:08:02.368 INFO: JdwpEventCenterDelegate: THREAD_RESUMED: thread (33, main, main)
19:08:02.371 INFO: JdwpEventCenterDelegate: THREAD_RESUMED: thread (33, main, main)
19:08:02.373 INFO: JdwpEventCenterDelegate: THREAD_RESUMED: thread (33, main, main)
19:08:02.378 INFO: JdwpEventCenterDelegate: THREAD_RESUMED: thread (33, main, main)
19:08:02.394 INFO: JdwpEventCenterDelegate: THREAD_RESUMED: thread (33, main, main)
19:08:02.396 INFO: JdwpEventCenterDelegate: THREAD_RESUMED: thread (33, main, main)
19:08:02.398 INFO: JdwpEventCenterDelegate: THREAD_RESUMED: thread (33, main, main)
19:08:02.401 INFO: JdwpEventCenterDelegate: THREAD_RESUMED: thread (33, main, main)
19:08:02.403 INFO: JdwpEventCenterDelegate: THREAD_RESUMED: thread (33, main, main)
19:08:02.408 INFO: JdwpEventCenterDelegate: THREAD_RESUMED: thread (33, main, main)
19:08:02.424 INFO: JdwpEventCenterDelegate: THREAD_RESUMED: thread (33, main, main)
19:08:02.426 INFO: JdwpEventCenterDelegate: THREAD_RESUMED: thread (33, main, main)
19:08:02.428 INFO: JdwpEventCenterDelegate: THREAD_RESUMED: thread (33, main, main)
19:08:02.430 INFO: JdwpEventCenterDelegate: THREAD_RESUMED: thread (33, main, main)
19:08:02.433 INFO: JdwpEventCenterDelegate: THREAD_RESUMED: thread (33, main, main)
19:08:02.438 INFO: JdwpEventCenterDelegate: THREAD_RESUMED: thread (33, main, main)
19:08:02.457 INFO: JdwpEventCenterDelegate: THREAD_RESUMED: thread (33, main, main)
19:08:02.459 INFO: JdwpEventCenterDelegate: THREAD_RESUMED: thread (33, main, main)
19:08:02.461 INFO: JdwpEventCenterDelegate: THREAD_RESUMED: thread (33, main, main)
19:08:02.463 INFO: JdwpEventCenterDelegate: THREAD_RESUMED: thread (33, main, main)
19:08:02.465 INFO: JdwpEventCenterDelegate: THREAD_RESUMED: thread (33, main, main)
19:08:02.504 INFO: JdwpEventCenterDelegate: THREAD_RESUMED: thread (33, main, main)
19:08:02.525 INFO: JdwpEventCenterDelegate: THREAD_RESUMED: thread (33, main, main)
19:08:02.527 INFO: JdwpEventCenterDelegate: THREAD_RESUMED: thread (33, main, main)
19:08:02.529 INFO: JdwpEventCenterDelegate: THREAD_RESUMED: thread (33, main, main)
19:08:02.531 INFO: JdwpEventCenterDelegate: THREAD_RESUMED: thread (33, main, main)
19:08:02.533 INFO: JdwpEventCenterDelegate: THREAD_RESUMED: thread (33, main, main)
19:08:02.538 INFO: JdwpEventCenterDelegate: THREAD_RESUMED: thread (33, main, main)
19:08:02.556 INFO: JdwpEventCenterDelegate: THREAD_RESUMED: thread (33, main, main)
19:08:02.558 INFO: JdwpEventCenterDelegate: THREAD_RESUMED: thread (33, main, main)
19:08:02.560 INFO: JdwpEventCenterDelegate: THREAD_RESUMED: thread (33, main, main)
19:08:02.562 INFO: JdwpEventCenterDelegate: THREAD_RESUMED: thread (33, main, main)
19:08:02.564 INFO: JdwpEventCenterDelegate: THREAD_RESUMED: thread (33, main, main)
19:08:02.569 INFO: JdwpEventCenterDelegate: THREAD_RESUMED: thread (33, main, main)
19:08:02.587 INFO: JdwpEventCenterDelegate: THREAD_RESUMED: thread (33, main, main)
19:08:02.589 INFO: JdwpEventCenterDelegate: THREAD_RESUMED: thread (33, main, main)
19:08:02.591 INFO: JdwpEventCenterDelegate: THREAD_RESUMED: thread (33, main, main)
19:08:02.592 INFO: JdwpEventCenterDelegate: THREAD_RESUMED: thread (33, main, main)
19:08:02.594 INFO: JdwpEventCenterDelegate: THREAD_RESUMED: thread (33, main, main)
19:08:02.600 INFO: JdwpEventCenterDelegate: THREAD_RESUMED: thread (33, main, main)
19:08:02.615 INFO: JdwpEventCenterDelegate: THREAD_RESUMED: thread (33, main, main)
19:08:02.617 INFO: JdwpEventCenterDelegate: THREAD_RESUMED: thread (33, main, main)
19:08:02.619 INFO: JdwpEventCenterDelegate: THREAD_RESUMED: thread (33, main, main)
19:08:02.621 INFO: JdwpEventCenterDelegate: THREAD_RESUMED: thread (33, main, main)
19:08:02.623 INFO: JdwpEventCenterDelegate: THREAD_RESUMED: thread (33, main, main)
19:08:02.628 INFO: JdwpEventCenterDelegate: THREAD_RESUMED: thread (33, main, main)
19:08:02.647 INFO: JdwpEventCenterDelegate: THREAD_RESUMED: thread (33, main, main)
19:08:02.649 INFO: JdwpEventCenterDelegate: THREAD_RESUMED: thread (33, main, main)
19:08:02.652 INFO: JdwpEventCenterDelegate: THREAD_RESUMED: thread (33, main, main)
19:08:02.653 INFO: JdwpEventCenterDelegate: THREAD_RESUMED: thread (33, main, main)
19:08:02.655 INFO: JdwpEventCenterDelegate: THREAD_RESUMED: thread (33, main, main)
19:08:02.660 INFO: JdwpEventCenterDelegate: THREAD_RESUMED: thread (33, main, main)
19:08:02.682 INFO: JdwpEventCenterDelegate: THREAD_RESUMED: thread (33, main, main)
19:08:02.684 INFO: JdwpEventCenterDelegate: THREAD_RESUMED: thread (33, main, main)
19:08:02.686 INFO: JdwpEventCenterDelegate: THREAD_RESUMED: thread (33, main, main)
19:08:02.689 INFO: JdwpEventCenterDelegate: THREAD_RESUMED: thread (33, main, main)
19:08:02.691 INFO: JdwpEventCenterDelegate: THREAD_RESUMED: thread (33, main, main)
19:08:02.696 INFO: JdwpEventCenterDelegate: THREAD_RESUMED: thread (33, main, main)
19:08:02.715 INFO: JdwpEventCenterDelegate: THREAD_RESUMED: thread (33, main, main)
19:08:02.717 INFO: JdwpEventCenterDelegate: THREAD_RESUMED: thread (33, main, main)
19:08:02.719 INFO: JdwpEventCenterDelegate: THREAD_RESUMED: thread (33, main, main)
19:08:02.721 INFO: JdwpEventCenterDelegate: THREAD_RESUMED: thread (33, main, main)
19:08:02.724 INFO: JdwpEventCenterDelegate: THREAD_RESUMED: thread (33, main, main)
19:08:02.729 INFO: JdwpEventCenterDelegate: THREAD_RESUMED: thread (33, main, main)
19:08:02.742 INFO: JdwpEventCenterDelegate: THREAD_RESUMED: thread (33, main, main)
19:08:02.744 INFO: JdwpEventCenterDelegate: THREAD_RESUMED: thread (33, main, main)
19:08:02.747 INFO: JdwpEventCenterDelegate: THREAD_RESUMED: thread (33, main, main)
19:08:02.749 INFO: JdwpEventCenterDelegate: THREAD_RESUMED: thread (33, main, main)
19:08:02.751 INFO: JdwpEventCenterDelegate: THREAD_RESUMED: thread (33, main, main)
19:08:02.756 INFO: JdwpEventCenterDelegate: THREAD_RESUMED: thread (33, main, main)
19:08:02.759 INFO: JdwpEventCenterDelegate: THREAD_RESUMED: thread (33, main, main)
19:08:02.761 INFO: JdwpEventCenterDelegate: THREAD_RESUMED: thread (33, main, main)
19:08:02.764 INFO: JdwpEventCenterDelegate: THREAD_RESUMED: thread (33, main, main)
19:08:02.766 INFO: JdwpEventCenterDelegate: THREAD_RESUMED: thread (33, main, main)
19:08:02.768 INFO: JdwpEventCenterDelegate: THREAD_RESUMED: thread (33, main, main)
19:08:02.770 INFO: JdwpEventCenterDelegate: THREAD_RESUMED: thread (33, main, main)
19:08:02.774 INFO: JdwpEventCenterDelegate: THREAD_RESUMED: thread (33, main, main)
19:08:02.776 INFO: JdwpEventCenterDelegate: THREAD_RESUMED: thread (33, main, main)
19:08:02.779 INFO: JdwpEventCenterDelegate: THREAD_RESUMED: thread (33, main, main)
19:08:02.781 INFO: JdwpEventCenterDelegate: THREAD_RESUMED: thread (33, main, main)
19:08:02.805 INFO: JdwpEventCenterDelegate: THREAD_RESUMED: thread (33, main, main)
19:08:02.807 INFO: JdwpEventCenterDelegate: THREAD_RESUMED: thread (33, main, main)
19:08:02.809 INFO: JdwpEventCenterDelegate: THREAD_RESUMED: thread (33, main, main)
19:08:02.811 INFO: JdwpEventCenterDelegate: THREAD_RESUMED: thread (33, main, main)
19:08:02.813 INFO: JdwpEventCenterDelegate: THREAD_RESUMED: thread (33, main, main)
19:08:02.815 INFO: JdwpEventCenterDelegate: THREAD_RESUMED: thread (33, main, main)
19:08:02.817 INFO: JdwpEventCenterDelegate: THREAD_RESUMED: thread (33, main, main)
19:08:02.831 INFO: JdwpEventCenterDelegate: THREAD_RESUMED: thread (33, main, main)
19:08:02.833 INFO: JdwpEventCenterDelegate: THREAD_RESUMED: thread (33, main, main)
19:08:02.835 INFO: JdwpEventCenterDelegate: THREAD_RESUMED: thread (33, main, main)
19:08:02.836 INFO: JdwpEventCenterDelegate: THREAD_RESUMED: thread (33, main, main)
19:08:02.839 INFO: JdwpEventCenterDelegate: THREAD_RESUMED: thread (33, main, main)
19:08:02.844 INFO: JdwpEventCenterDelegate: THREAD_RESUMED: thread (33, main, main)
19:08:02.856 INFO: JdwpEventCenterDelegate: THREAD_RESUMED: thread (33, main, main)
19:08:02.869 INFO: JdwpEventCenterDelegate: THREAD_RESUMED: thread (33, main, main)
19:08:02.880 INFO: JdwpEventCenterDelegate: THREAD_RESUMED: thread (33, main, main)
19:08:02.894 INFO: JdwpEventCenterDelegate: THREAD_RESUMED: thread (33, main, main)
19:08:02.928 INFO: JdwpEventCenterDelegate: THREAD_RESUMED: thread (33, main, main)
19:08:02.930 INFO: JdwpEventCenterDelegate: THREAD_RESUMED: thread (33, main, main)
19:08:02.932 INFO: JdwpEventCenterDelegate: THREAD_RESUMED: thread (33, main, main)
19:08:02.935 INFO: JdwpEventCenterDelegate: THREAD_RESUMED: thread (33, main, main)
19:08:02.937 INFO: JdwpEventCenterDelegate: THREAD_RESUMED: thread (33, main, main)
19:08:02.942 INFO: JdwpEventCenterDelegate: THREAD_RESUMED: thread (33, main, main)
19:08:02.954 INFO: JdwpEventCenterDelegate: THREAD_RESUMED: thread (33, main, main)
19:08:02.956 INFO: JdwpEventCenterDelegate: THREAD_RESUMED: thread (33, main, main)
19:08:02.959 INFO: JdwpEventCenterDelegate: THREAD_RESUMED: thread (33, main, main)
19:08:02.961 INFO: JdwpEventCenterDelegate: THREAD_RESUMED: thread (33, main, main)
19:08:02.963 INFO: JdwpEventCenterDelegate: THREAD_RESUMED: thread (33, main, main)
19:08:02.968 INFO: JdwpEventCenterDelegate: THREAD_RESUMED: thread (33, main, main)
19:08:02.982 INFO: JdwpEventCenterDelegate: THREAD_RESUMED: thread (33, main, main)
19:08:02.985 INFO: JdwpEventCenterDelegate: THREAD_RESUMED: thread (33, main, main)
19:08:02.987 INFO: JdwpEventCenterDelegate: THREAD_RESUMED: thread (33, main, main)
19:08:02.989 INFO: JdwpEventCenterDelegate: THREAD_RESUMED: thread (33, main, main)
19:08:02.991 INFO: JdwpEventCenterDelegate: THREAD_RESUMED: thread (33, main, main)
19:08:02.996 INFO: JdwpEventCenterDelegate: THREAD_RESUMED: thread (33, main, main)
19:08:03.014 INFO: JdwpEventCenterDelegate: THREAD_RESUMED: thread (33, main, main)
19:08:03.017 INFO: JdwpEventCenterDelegate: THREAD_RESUMED: thread (33, main, main)
19:08:03.019 INFO: JdwpEventCenterDelegate: THREAD_RESUMED: thread (33, main, main)
19:08:03.021 INFO: JdwpEventCenterDelegate: THREAD_RESUMED: thread (33, main, main)
19:08:03.024 INFO: JdwpEventCenterDelegate: THREAD_RESUMED: thread (33, main, main)
19:08:03.029 INFO: JdwpEventCenterDelegate: THREAD_RESUMED: thread (33, main, main)
19:08:03.044 INFO: JdwpEventCenterDelegate: THREAD_RESUMED: thread (33, main, main)
19:08:03.046 INFO: JdwpEventCenterDelegate: THREAD_RESUMED: thread (33, main, main)
19:08:03.048 INFO: JdwpEventCenterDelegate: THREAD_RESUMED: thread (33, main, main)
19:08:03.051 INFO: JdwpEventCenterDelegate: THREAD_RESUMED: thread (33, main, main)
19:08:03.053 INFO: JdwpEventCenterDelegate: THREAD_RESUMED: thread (33, main, main)
19:08:03.058 INFO: JdwpEventCenterDelegate: THREAD_RESUMED: thread (33, main, main)
19:08:03.072 INFO: JdwpEventCenterDelegate: THREAD_RESUMED: thread (33, main, main)
19:08:03.074 INFO: JdwpEventCenterDelegate: THREAD_RESUMED: thread (33, main, main)
19:08:03.077 INFO: JdwpEventCenterDelegate: THREAD_RESUMED: thread (33, main, main)
19:08:03.079 INFO: JdwpEventCenterDelegate: THREAD_RESUMED: thread (33, main, main)
19:08:03.081 INFO: JdwpEventCenterDelegate: THREAD_RESUMED: thread (33, main, main)
19:08:03.085 INFO: JdwpEventCenterDelegate: THREAD_RESUMED: thread (33, main, main)
19:08:03.107 INFO: JdwpEventCenterDelegate: THREAD_RESUMED: thread (33, main, main)
19:08:03.109 INFO: JdwpEventCenterDelegate: THREAD_RESUMED: thread (33, main, main)
19:08:03.111 INFO: JdwpEventCenterDelegate: THREAD_RESUMED: thread (33, main, main)
19:08:03.113 INFO: JdwpEventCenterDelegate: THREAD_RESUMED: thread (33, main, main)
19:08:03.115 INFO: JdwpEventCenterDelegate: THREAD_RESUMED: thread (33, main, main)
19:08:03.120 INFO: JdwpEventCenterDelegate: THREAD_RESUMED: thread (33, main, main)
19:08:03.138 INFO: JdwpEventCenterDelegate: THREAD_RESUMED: thread (33, main, main)
19:08:03.140 INFO: JdwpEventCenterDelegate: THREAD_RESUMED: thread (33, main, main)
19:08:03.142 INFO: JdwpEventCenterDelegate: THREAD_RESUMED: thread (33, main, main)
19:08:03.145 INFO: JdwpEventCenterDelegate: THREAD_RESUMED: thread (33, main, main)
19:08:03.147 INFO: JdwpEventCenterDelegate: THREAD_RESUMED: thread (33, main, main)
19:08:03.151 INFO: JdwpEventCenterDelegate: THREAD_RESUMED: thread (33, main, main)
19:08:03.169 INFO: JdwpEventCenterDelegate: THREAD_RESUMED: thread (33, main, main)
19:08:03.170 INFO: JdwpEventCenterDelegate: THREAD_RESUMED: thread (33, main, main)
19:08:03.172 INFO: JdwpEventCenterDelegate: THREAD_RESUMED: thread (33, main, main)
19:08:03.174 INFO: JdwpEventCenterDelegate: THREAD_RESUMED: thread (33, main, main)
19:08:03.176 INFO: JdwpEventCenterDelegate: THREAD_RESUMED: thread (33, main, main)
19:08:03.180 INFO: JdwpEventCenterDelegate: THREAD_RESUMED: thread (33, main, main)
19:08:03.195 INFO: JdwpEventCenterDelegate: THREAD_RESUMED: thread (33, main, main)
19:08:03.197 INFO: JdwpEventCenterDelegate: THREAD_RESUMED: thread (33, main, main)
19:08:03.199 INFO: JdwpEventCenterDelegate: THREAD_RESUMED: thread (33, main, main)
19:08:03.201 INFO: JdwpEventCenterDelegate: THREAD_RESUMED: thread (33, main, main)
19:08:03.202 INFO: JdwpEventCenterDelegate: THREAD_RESUMED: thread (33, main, main)
19:08:03.207 INFO: JdwpEventCenterDelegate: THREAD_RESUMED: thread (33, main, main)
19:08:03.221 INFO: JdwpEventCenterDelegate: THREAD_RESUMED: thread (33, main, main)
19:08:03.223 INFO: JdwpEventCenterDelegate: THREAD_RESUMED: thread (33, main, main)
19:08:03.225 INFO: JdwpEventCenterDelegate: THREAD_RESUMED: thread (33, main, main)
19:08:03.228 INFO: JdwpEventCenterDelegate: THREAD_RESUMED: thread (33, main, main)
19:08:03.230 INFO: JdwpEventCenterDelegate: THREAD_RESUMED: thread (33, main, main)
19:08:03.235 INFO: JdwpEventCenterDelegate: THREAD_RESUMED: thread (33, main, main)
19:08:03.253 INFO: JdwpEventCenterDelegate: THREAD_RESUMED: thread (33, main, main)
19:08:03.256 INFO: JdwpEventCenterDelegate: THREAD_RESUMED: thread (33, main, main)
19:08:03.258 INFO: JdwpEventCenterDelegate: THREAD_RESUMED: thread (33, main, main)
19:08:03.260 INFO: JdwpEventCenterDelegate: THREAD_RESUMED: thread (33, main, main)
19:08:03.262 INFO: JdwpEventCenterDelegate: THREAD_RESUMED: thread (33, main, main)
19:08:03.267 INFO: JdwpEventCenterDelegate: THREAD_RESUMED: thread (33, main, main)
19:08:03.292 INFO: JdwpEventCenterDelegate: THREAD_RESUMED: thread (33, main, main)
19:08:03.294 INFO: JdwpEventCenterDelegate: THREAD_RESUMED: thread (33, main, main)
19:08:03.296 INFO: JdwpEventCenterDelegate: THREAD_RESUMED: thread (33, main, main)
19:08:03.298 INFO: JdwpEventCenterDelegate: THREAD_RESUMED: thread (33, main, main)
19:08:03.300 INFO: JdwpEventCenterDelegate: THREAD_RESUMED: thread (33, main, main)
19:08:03.305 INFO: JdwpEventCenterDelegate: THREAD_RESUMED: thread (33, main, main)
19:08:03.323 INFO: JdwpEventCenterDelegate: THREAD_RESUMED: thread (33, main, main)
19:08:03.325 INFO: JdwpEventCenterDelegate: THREAD_RESUMED: thread (33, main, main)
19:08:03.327 INFO: JdwpEventCenterDelegate: THREAD_RESUMED: thread (33, main, main)
19:08:03.329 INFO: JdwpEventCenterDelegate: THREAD_RESUMED: thread (33, main, main)
19:08:03.331 INFO: JdwpEventCenterDelegate: THREAD_RESUMED: thread (33, main, main)
19:08:03.335 INFO: JdwpEventCenterDelegate: THREAD_RESUMED: thread (33, main, main)
19:08:03.348 INFO: JdwpEventCenterDelegate: THREAD_RESUMED: thread (33, main, main)
19:08:03.351 INFO: JdwpEventCenterDelegate: THREAD_RESUMED: thread (33, main, main)
19:08:03.353 INFO: JdwpEventCenterDelegate: THREAD_RESUMED: thread (33, main, main)
19:08:03.355 INFO: JdwpEventCenterDelegate: THREAD_RESUMED: thread (33, main, main)
19:08:03.357 INFO: JdwpEventCenterDelegate: THREAD_RESUMED: thread (33, main, main)
19:08:06.696 INFO: JdwpEventCenterDelegate: THREAD_STARTED: thread (108, Timer, main)
19:08:07.588 INFO: JdwpEventCenterDelegate: THREAD_RESUMED: thread (33, main, main)
19:08:07.621 INFO: JdwpEventCenterDelegate: THREAD_RESUMED: thread (33, main, main)
19:08:07.644 INFO: JdwpEventCenterDelegate: THREAD_RESUMED: thread (33, main, main)
19:08:07.662 INFO: JdwpEventCenterDelegate: THREAD_RESUMED: thread (33, main, main)
19:08:07.702 INFO: JdwpEventCenterDelegate: THREAD_RESUMED: thread (33, main, main)
19:08:07.736 INFO: JdwpEventCenterDelegate: THREAD_RESUMED: thread (33, main, main)
19:08:07.753 INFO: JdwpEventCenterDelegate: THREAD_RESUMED: thread (33, main, main)
19:08:07.768 INFO: JdwpEventCenterDelegate: THREAD_RESUMED: thread (33, main, main)
19:08:07.775 INFO: JdwpEventCenterDelegate: THREAD_RESUMED: thread (33, main, main)
19:08:07.789 INFO: JdwpEventCenterDelegate: THREAD_RESUMED: thread (33, main, main)
19:08:07.821 INFO: JdwpEventCenterDelegate: THREAD_RESUMED: thread (33, main, main)
19:08:07.833 INFO: JdwpEventCenterDelegate: THREAD_RESUMED: thread (33, main, main)
19:08:07.846 INFO: JdwpEventCenterDelegate: THREAD_RESUMED: thread (33, main, main)
19:08:07.859 INFO: JdwpEventCenterDelegate: THREAD_RESUMED: thread (33, main, main)
19:08:07.894 INFO: JdwpEventCenterDelegate: THREAD_RESUMED: thread (33, main, main)
19:08:07.929 INFO: JdwpEventCenterDelegate: THREAD_RESUMED: thread (33, main, main)
19:08:07.946 INFO: JdwpEventCenterDelegate: THREAD_RESUMED: thread (33, main, main)
19:08:07.962 INFO: JdwpEventCenterDelegate: THREAD_RESUMED: thread (33, main, main)
19:08:07.968 INFO: JdwpEventCenterDelegate: THREAD_RESUMED: thread (33, main, main)
19:08:07.983 INFO: JdwpEventCenterDelegate: THREAD_RESUMED: thread (33, main, main)
19:08:10.926 INFO: JdwpEventCenterDelegate: THREAD_STARTED: thread (123, Thread-7, main)
19:08:12.877 INFO: JdwpEventCenterDelegate: THREAD_STARTED: thread (138, Thread-8, main)
19:08:20.122 INFO: JdwpEventCenterDelegate: THREAD_STARTED: thread (153, Thread-9, main)
19:08:26.736 INFO: JdwpEventCenterDelegate: THREAD_DETTACHED: thread (123, Thread-7, main)
19:08:27.641 INFO: JdwpEventCenterDelegate: THREAD_STARTED: thread (168, Thread-10, main)
19:08:28.498 INFO: JdwpEventCenterDelegate: THREAD_STARTED: thread (183, Thread-11, main)
19:08:32.991 INFO: JdwpEventCenterDelegate: THREAD_RESUMED: thread (33, main, main)
19:08:33.014 INFO: JdwpEventCenterDelegate: THREAD_RESUMED: thread (33, main, main)
19:08:33.029 INFO: JdwpEventCenterDelegate: THREAD_RESUMED: thread (33, main, main)
19:08:33.042 INFO: JdwpEventCenterDelegate: THREAD_RESUMED: thread (33, main, main)
19:08:33.055 INFO: JdwpEventCenterDelegate: THREAD_RESUMED: thread (33, main, main)
19:08:33.069 INFO: JdwpEventCenterDelegate: THREAD_RESUMED: thread (33, main, main)
19:08:33.083 INFO: JdwpEventCenterDelegate: THREAD_RESUMED: thread (33, main, main)
19:08:33.099 INFO: JdwpEventCenterDelegate: THREAD_RESUMED: thread (33, main, main)
19:08:33.116 INFO: JdwpEventCenterDelegate: THREAD_RESUMED: thread (33, main, main)
19:08:33.130 INFO: JdwpEventCenterDelegate: THREAD_RESUMED: thread (33, main, main)
19:08:33.148 INFO: JdwpEventCenterDelegate: THREAD_RESUMED: thread (33, main, main)
19:08:33.161 INFO: JdwpEventCenterDelegate: THREAD_RESUMED: thread (33, main, main)
19:08:33.174 INFO: JdwpEventCenterDelegate: THREAD_RESUMED: thread (33, main, main)
19:08:33.188 INFO: JdwpEventCenterDelegate: THREAD_RESUMED: thread (33, main, main)
19:08:33.202 INFO: JdwpEventCenterDelegate: THREAD_RESUMED: thread (33, main, main)
19:08:33.216 INFO: JdwpEventCenterDelegate: THREAD_RESUMED: thread (33, main, main)
19:08:33.229 INFO: JdwpEventCenterDelegate: THREAD_RESUMED: thread (33, main, main)
19:08:33.244 INFO: JdwpEventCenterDelegate: THREAD_RESUMED: thread (33, main, main)
19:08:36.165 INFO: JdwpEventCenterDelegate: THREAD_DETTACHED: thread (183, Thread-11, main)
19:08:41.103 INFO: JdwpEventCenterDelegate: THREAD_RESUMED: thread (33, main, main)
19:08:41.135 INFO: JdwpEventCenterDelegate: THREAD_RESUMED: thread (33, main, main)
19:08:41.153 INFO: JdwpEventCenterDelegate: THREAD_RESUMED: thread (33, main, main)
19:08:41.167 INFO: JdwpEventCenterDelegate: THREAD_RESUMED: thread (33, main, main)
19:08:41.180 INFO: JdwpEventCenterDelegate: THREAD_RESUMED: thread (33, main, main)
19:08:41.193 INFO: JdwpEventCenterDelegate: THREAD_RESUMED: thread (33, main, main)
19:08:41.206 INFO: JdwpEventCenterDelegate: THREAD_RESUMED: thread (33, main, main)
19:08:41.220 INFO: JdwpEventCenterDelegate: THREAD_RESUMED: thread (33, main, main)
19:08:41.234 INFO: JdwpEventCenterDelegate: THREAD_RESUMED: thread (33, main, main)
19:08:41.248 INFO: JdwpEventCenterDelegate: THREAD_RESUMED: thread (33, main, main)
19:08:41.266 INFO: JdwpEventCenterDelegate: THREAD_RESUMED: thread (33, main, main)
19:08:41.280 INFO: JdwpEventCenterDelegate: THREAD_RESUMED: thread (33, main, main)
19:08:41.292 INFO: JdwpEventCenterDelegate: THREAD_RESUMED: thread (33, main, main)
19:08:41.304 INFO: JdwpEventCenterDelegate: THREAD_RESUMED: thread (33, main, main)
19:08:41.318 INFO: JdwpEventCenterDelegate: THREAD_RESUMED: thread (33, main, main)
19:08:41.330 INFO: JdwpEventCenterDelegate: THREAD_RESUMED: thread (33, main, main)
19:08:41.343 INFO: JdwpEventCenterDelegate: THREAD_RESUMED: thread (33, main, main)
19:08:41.357 INFO: JdwpEventCenterDelegate: THREAD_RESUMED: thread (33, main, main)
19:10:19.864 INFO: JdwpEventCenterDelegate: THREAD_DETTACHED: thread (168, Thread-10, main)
19:12:18.264 INFO: JdwpEventCenterDelegate: THREAD_RESUMED: thread (33, main, main)
19:12:18.330 INFO: JdwpEventCenterDelegate: THREAD_RESUMED: thread (33, main, main)
19:12:18.333 INFO: JdwpEventCenterDelegate: THREAD_RESUMED: thread (33, main, main)
19:12:18.335 INFO: JdwpEventCenterDelegate: THREAD_RESUMED: thread (33, main, main)
19:12:18.337 INFO: JdwpEventCenterDelegate: THREAD_RESUMED: thread (33, main, main)
19:12:18.339 INFO: JdwpEventCenterDelegate: THREAD_RESUMED: thread (33, main, main)
19:12:18.346 INFO: JdwpEventCenterDelegate: THREAD_RESUMED: thread (33, main, main)
19:12:18.364 INFO: JdwpEventCenterDelegate: THREAD_RESUMED: thread (33, main, main)
19:12:18.367 INFO: JdwpEventCenterDelegate: THREAD_RESUMED: thread (33, main, main)
19:12:18.369 INFO: JdwpEventCenterDelegate: THREAD_RESUMED: thread (33, main, main)
19:12:18.371 INFO: JdwpEventCenterDelegate: THREAD_RESUMED: thread (33, main, main)
19:12:18.373 INFO: JdwpEventCenterDelegate: THREAD_RESUMED: thread (33, main, main)
19:12:18.379 INFO: JdwpEventCenterDelegate: THREAD_RESUMED: thread (33, main, main)
19:12:18.394 INFO: JdwpEventCenterDelegate: THREAD_RESUMED: thread (33, main, main)
19:12:18.396 INFO: JdwpEventCenterDelegate: THREAD_RESUMED: thread (33, main, main)
19:12:18.399 INFO: JdwpEventCenterDelegate: THREAD_RESUMED: thread (33, main, main)
19:12:18.401 INFO: JdwpEventCenterDelegate: THREAD_RESUMED: thread (33, main, main)
19:12:18.403 INFO: JdwpEventCenterDelegate: THREAD_RESUMED: thread (33, main, main)
19:12:18.407 INFO: JdwpEventCenterDelegate: THREAD_RESUMED: thread (33, main, main)
19:12:18.425 INFO: JdwpEventCenterDelegate: THREAD_RESUMED: thread (33, main, main)
19:12:18.428 INFO: JdwpEventCenterDelegate: THREAD_RESUMED: thread (33, main, main)
19:12:18.430 INFO: JdwpEventCenterDelegate: THREAD_RESUMED: thread (33, main, main)
19:12:18.432 INFO: JdwpEventCenterDelegate: THREAD_RESUMED: thread (33, main, main)
19:12:18.435 INFO: JdwpEventCenterDelegate: THREAD_RESUMED: thread (33, main, main)
19:12:18.440 INFO: JdwpEventCenterDelegate: THREAD_RESUMED: thread (33, main, main)
19:12:18.455 INFO: JdwpEventCenterDelegate: THREAD_RESUMED: thread (33, main, main)
19:12:18.457 INFO: JdwpEventCenterDelegate: THREAD_RESUMED: thread (33, main, main)
19:12:18.459 INFO: JdwpEventCenterDelegate: THREAD_RESUMED: thread (33, main, main)
19:12:18.461 INFO: JdwpEventCenterDelegate: THREAD_RESUMED: thread (33, main, main)
19:12:18.464 INFO: JdwpEventCenterDelegate: THREAD_RESUMED: thread (33, main, main)
19:12:18.469 INFO: JdwpEventCenterDelegate: THREAD_RESUMED: thread (33, main, main)
19:12:18.484 INFO: JdwpEventCenterDelegate: THREAD_RESUMED: thread (33, main, main)
19:12:18.487 INFO: JdwpEventCenterDelegate: THREAD_RESUMED: thread (33, main, main)
19:12:18.489 INFO: JdwpEventCenterDelegate: THREAD_RESUMED: thread (33, main, main)
19:12:18.491 INFO: JdwpEventCenterDelegate: THREAD_RESUMED: thread (33, main, main)
19:12:18.493 INFO: JdwpEventCenterDelegate: THREAD_RESUMED: thread (33, main, main)
19:12:18.498 INFO: JdwpEventCenterDelegate: THREAD_RESUMED: thread (33, main, main)
19:12:18.517 INFO: JdwpEventCenterDelegate: THREAD_RESUMED: thread (33, main, main)
19:12:18.519 INFO: JdwpEventCenterDelegate: THREAD_RESUMED: thread (33, main, main)
19:12:18.522 INFO: JdwpEventCenterDelegate: THREAD_RESUMED: thread (33, main, main)
19:12:18.524 INFO: JdwpEventCenterDelegate: THREAD_RESUMED: thread (33, main, main)
19:12:18.526 INFO: JdwpEventCenterDelegate: THREAD_RESUMED: thread (33, main, main)
19:12:18.531 INFO: JdwpEventCenterDelegate: THREAD_RESUMED: thread (33, main, main)
19:12:18.550 INFO: JdwpEventCenterDelegate: THREAD_RESUMED: thread (33, main, main)
19:12:18.552 INFO: JdwpEventCenterDelegate: THREAD_RESUMED: thread (33, main, main)
19:12:18.554 INFO: JdwpEventCenterDelegate: THREAD_RESUMED: thread (33, main, main)
19:12:18.557 INFO: JdwpEventCenterDelegate: THREAD_RESUMED: thread (33, main, main)
19:12:18.558 INFO: JdwpEventCenterDelegate: THREAD_RESUMED: thread (33, main, main)
19:12:18.563 INFO: JdwpEventCenterDelegate: THREAD_RESUMED: thread (33, main, main)
19:12:18.586 INFO: JdwpEventCenterDelegate: THREAD_RESUMED: thread (33, main, main)
19:12:18.588 INFO: JdwpEventCenterDelegate: THREAD_RESUMED: thread (33, main, main)
19:12:18.590 INFO: JdwpEventCenterDelegate: THREAD_RESUMED: thread (33, main, main)
19:12:18.593 INFO: JdwpEventCenterDelegate: THREAD_RESUMED: thread (33, main, main)
19:12:18.595 INFO: JdwpEventCenterDelegate: THREAD_RESUMED: thread (33, main, main)
19:12:18.600 INFO: JdwpEventCenterDelegate: THREAD_RESUMED: thread (33, main, main)
19:12:18.615 INFO: JdwpEventCenterDelegate: THREAD_RESUMED: thread (33, main, main)
19:12:18.618 INFO: JdwpEventCenterDelegate: THREAD_RESUMED: thread (33, main, main)
19:12:18.620 INFO: JdwpEventCenterDelegate: THREAD_RESUMED: thread (33, main, main)
19:12:18.623 INFO: JdwpEventCenterDelegate: THREAD_RESUMED: thread (33, main, main)
19:12:18.625 INFO: JdwpEventCenterDelegate: THREAD_RESUMED: thread (33, main, main)
19:12:18.630 INFO: JdwpEventCenterDelegate: THREAD_RESUMED: thread (33, main, main)
19:12:18.645 INFO: JdwpEventCenterDelegate: THREAD_RESUMED: thread (33, main, main)
19:12:18.647 INFO: JdwpEventCenterDelegate: THREAD_RESUMED: thread (33, main, main)
19:12:18.649 INFO: JdwpEventCenterDelegate: THREAD_RESUMED: thread (33, main, main)
19:12:18.651 INFO: JdwpEventCenterDelegate: THREAD_RESUMED: thread (33, main, main)
19:12:18.654 INFO: JdwpEventCenterDelegate: THREAD_RESUMED: thread (33, main, main)
19:12:18.659 INFO: JdwpEventCenterDelegate: THREAD_RESUMED: thread (33, main, main)
19:12:18.678 INFO: JdwpEventCenterDelegate: THREAD_RESUMED: thread (33, main, main)
19:12:18.681 INFO: JdwpEventCenterDelegate: THREAD_RESUMED: thread (33, main, main)
19:12:18.683 INFO: JdwpEventCenterDelegate: THREAD_RESUMED: thread (33, main, main)
19:12:18.685 INFO: JdwpEventCenterDelegate: THREAD_RESUMED: thread (33, main, main)
19:12:18.688 INFO: JdwpEventCenterDelegate: THREAD_RESUMED: thread (33, main, main)
19:12:18.693 INFO: JdwpEventCenterDelegate: THREAD_RESUMED: thread (33, main, main)
19:12:18.715 INFO: JdwpEventCenterDelegate: THREAD_RESUMED: thread (33, main, main)
19:12:18.717 INFO: JdwpEventCenterDelegate: THREAD_RESUMED: thread (33, main, main)
19:12:18.719 INFO: JdwpEventCenterDelegate: THREAD_RESUMED: thread (33, main, main)
19:12:18.722 INFO: JdwpEventCenterDelegate: THREAD_RESUMED: thread (33, main, main)
19:12:18.724 INFO: JdwpEventCenterDelegate: THREAD_RESUMED: thread (33, main, main)
19:12:18.729 INFO: JdwpEventCenterDelegate: THREAD_RESUMED: thread (33, main, main)
19:12:18.752 INFO: JdwpEventCenterDelegate: THREAD_RESUMED: thread (33, main, main)
19:12:18.755 INFO: JdwpEventCenterDelegate: THREAD_RESUMED: thread (33, main, main)
19:12:18.757 INFO: JdwpEventCenterDelegate: THREAD_RESUMED: thread (33, main, main)
19:12:18.759 INFO: JdwpEventCenterDelegate: THREAD_RESUMED: thread (33, main, main)
19:12:18.762 INFO: JdwpEventCenterDelegate: THREAD_RESUMED: thread (33, main, main)
19:12:18.766 INFO: JdwpEventCenterDelegate: THREAD_RESUMED: thread (33, main, main)
19:12:18.780 INFO: JdwpEventCenterDelegate: THREAD_RESUMED: thread (33, main, main)
19:12:18.782 INFO: JdwpEventCenterDelegate: THREAD_RESUMED: thread (33, main, main)
19:12:18.784 INFO: JdwpEventCenterDelegate: THREAD_RESUMED: thread (33, main, main)
19:12:18.787 INFO: JdwpEventCenterDelegate: THREAD_RESUMED: thread (33, main, main)
19:12:18.789 INFO: JdwpEventCenterDelegate: THREAD_RESUMED: thread (33, main, main)
19:12:20.578 INFO: JdwpEventCenterDelegate: THREAD_RESUMED: thread (33, main, main)
19:12:20.626 INFO: JdwpEventCenterDelegate: THREAD_RESUMED: thread (33, main, main)
19:12:20.646 INFO: JdwpEventCenterDelegate: THREAD_RESUMED: thread (33, main, main)
19:12:20.662 INFO: JdwpEventCenterDelegate: THREAD_RESUMED: thread (33, main, main)
19:12:20.680 INFO: JdwpEventCenterDelegate: THREAD_RESUMED: thread (33, main, main)
19:12:20.694 INFO: JdwpEventCenterDelegate: THREAD_RESUMED: thread (33, main, main)
19:12:20.711 INFO: JdwpEventCenterDelegate: THREAD_RESUMED: thread (33, main, main)
19:12:20.726 INFO: JdwpEventCenterDelegate: THREAD_RESUMED: thread (33, main, main)
19:12:20.758 INFO: JdwpEventCenterDelegate: THREAD_RESUMED: thread (33, main, main)
19:12:20.778 INFO: JdwpEventCenterDelegate: THREAD_RESUMED: thread (33, main, main)
19:12:20.790 INFO: JdwpEventCenterDelegate: THREAD_RESUMED: thread (33, main, main)
19:12:20.803 INFO: JdwpEventCenterDelegate: THREAD_RESUMED: thread (33, main, main)
19:12:20.819 INFO: JdwpEventCenterDelegate: THREAD_RESUMED: thread (33, main, main)
19:12:20.832 INFO: JdwpEventCenterDelegate: THREAD_RESUMED: thread (33, main, main)
19:12:20.847 INFO: JdwpEventCenterDelegate: THREAD_RESUMED: thread (33, main, main)
19:12:20.861 INFO: JdwpEventCenterDelegate: THREAD_RESUMED: thread (33, main, main)
19:12:40.933 INFO: JdwpEventCenterDelegate: THREAD_RESUMED: thread (33, main, main)
19:12:41.005 INFO: JdwpEventCenterDelegate: THREAD_RESUMED: thread (33, main, main)
19:12:41.007 INFO: JdwpEventCenterDelegate: THREAD_RESUMED: thread (33, main, main)
19:12:41.010 INFO: JdwpEventCenterDelegate: THREAD_RESUMED: thread (33, main, main)
19:12:41.012 INFO: JdwpEventCenterDelegate: THREAD_RESUMED: thread (33, main, main)
19:12:41.014 INFO: JdwpEventCenterDelegate: THREAD_RESUMED: thread (33, main, main)
19:12:41.020 INFO: JdwpEventCenterDelegate: THREAD_RESUMED: thread (33, main, main)
19:12:41.036 INFO: JdwpEventCenterDelegate: THREAD_RESUMED: thread (33, main, main)
19:12:41.038 INFO: JdwpEventCenterDelegate: THREAD_RESUMED: thread (33, main, main)
19:12:41.040 INFO: JdwpEventCenterDelegate: THREAD_RESUMED: thread (33, main, main)
19:12:41.043 INFO: JdwpEventCenterDelegate: THREAD_RESUMED: thread (33, main, main)
19:12:41.045 INFO: JdwpEventCenterDelegate: THREAD_RESUMED: thread (33, main, main)
19:12:41.050 INFO: JdwpEventCenterDelegate: THREAD_RESUMED: thread (33, main, main)
19:12:41.066 INFO: JdwpEventCenterDelegate: THREAD_RESUMED: thread (33, main, main)
19:12:41.069 INFO: JdwpEventCenterDelegate: THREAD_RESUMED: thread (33, main, main)
19:12:41.071 INFO: JdwpEventCenterDelegate: THREAD_RESUMED: thread (33, main, main)
19:12:41.073 INFO: JdwpEventCenterDelegate: THREAD_RESUMED: thread (33, main, main)
19:12:41.075 INFO: JdwpEventCenterDelegate: THREAD_RESUMED: thread (33, main, main)
19:12:41.080 INFO: JdwpEventCenterDelegate: THREAD_RESUMED: thread (33, main, main)
19:12:41.098 INFO: JdwpEventCenterDelegate: THREAD_RESUMED: thread (33, main, main)
19:12:41.101 INFO: JdwpEventCenterDelegate: THREAD_RESUMED: thread (33, main, main)
19:12:41.103 INFO: JdwpEventCenterDelegate: THREAD_RESUMED: thread (33, main, main)
19:12:41.105 INFO: JdwpEventCenterDelegate: THREAD_RESUMED: thread (33, main, main)
19:12:41.107 INFO: JdwpEventCenterDelegate: THREAD_RESUMED: thread (33, main, main)
19:12:41.112 INFO: JdwpEventCenterDelegate: THREAD_RESUMED: thread (33, main, main)
19:12:41.127 INFO: JdwpEventCenterDelegate: THREAD_RESUMED: thread (33, main, main)
19:12:41.129 INFO: JdwpEventCenterDelegate: THREAD_RESUMED: thread (33, main, main)
19:12:41.131 INFO: JdwpEventCenterDelegate: THREAD_RESUMED: thread (33, main, main)
19:12:41.134 INFO: JdwpEventCenterDelegate: THREAD_RESUMED: thread (33, main, main)
19:12:41.136 INFO: JdwpEventCenterDelegate: THREAD_RESUMED: thread (33, main, main)
19:12:41.141 INFO: JdwpEventCenterDelegate: THREAD_RESUMED: thread (33, main, main)
19:12:41.155 INFO: JdwpEventCenterDelegate: THREAD_RESUMED: thread (33, main, main)
19:12:41.158 INFO: JdwpEventCenterDelegate: THREAD_RESUMED: thread (33, main, main)
19:12:41.160 INFO: JdwpEventCenterDelegate: THREAD_RESUMED: thread (33, main, main)
19:12:41.162 INFO: JdwpEventCenterDelegate: THREAD_RESUMED: thread (33, main, main)
19:12:41.164 INFO: JdwpEventCenterDelegate: THREAD_RESUMED: thread (33, main, main)
19:12:41.169 INFO: JdwpEventCenterDelegate: THREAD_RESUMED: thread (33, main, main)
19:12:41.191 INFO: JdwpEventCenterDelegate: THREAD_RESUMED: thread (33, main, main)
19:12:41.193 INFO: JdwpEventCenterDelegate: THREAD_RESUMED: thread (33, main, main)
19:12:41.195 INFO: JdwpEventCenterDelegate: THREAD_RESUMED: thread (33, main, main)
19:12:41.197 INFO: JdwpEventCenterDelegate: THREAD_RESUMED: thread (33, main, main)
19:12:41.199 INFO: JdwpEventCenterDelegate: THREAD_RESUMED: thread (33, main, main)
19:12:41.204 INFO: JdwpEventCenterDelegate: THREAD_RESUMED: thread (33, main, main)
19:12:41.222 INFO: JdwpEventCenterDelegate: THREAD_RESUMED: thread (33, main, main)
19:12:41.224 INFO: JdwpEventCenterDelegate: THREAD_RESUMED: thread (33, main, main)
19:12:41.227 INFO: JdwpEventCenterDelegate: THREAD_RESUMED: thread (33, main, main)
19:12:41.229 INFO: JdwpEventCenterDelegate: THREAD_RESUMED: thread (33, main, main)
19:12:41.231 INFO: JdwpEventCenterDelegate: THREAD_RESUMED: thread (33, main, main)
19:12:41.236 INFO: JdwpEventCenterDelegate: THREAD_RESUMED: thread (33, main, main)
19:12:41.253 INFO: JdwpEventCenterDelegate: THREAD_RESUMED: thread (33, main, main)
19:12:41.256 INFO: JdwpEventCenterDelegate: THREAD_RESUMED: thread (33, main, main)
19:12:41.258 INFO: JdwpEventCenterDelegate: THREAD_RESUMED: thread (33, main, main)
19:12:41.260 INFO: JdwpEventCenterDelegate: THREAD_RESUMED: thread (33, main, main)
19:12:41.262 INFO: JdwpEventCenterDelegate: THREAD_RESUMED: thread (33, main, main)
19:12:41.266 INFO: JdwpEventCenterDelegate: THREAD_RESUMED: thread (33, main, main)
19:12:41.281 INFO: JdwpEventCenterDelegate: THREAD_RESUMED: thread (33, main, main)
19:12:41.283 INFO: JdwpEventCenterDelegate: THREAD_RESUMED: thread (33, main, main)
19:12:41.285 INFO: JdwpEventCenterDelegate: THREAD_RESUMED: thread (33, main, main)
19:12:41.287 INFO: JdwpEventCenterDelegate: THREAD_RESUMED: thread (33, main, main)
19:12:41.289 INFO: JdwpEventCenterDelegate: THREAD_RESUMED: thread (33, main, main)
19:12:41.294 INFO: JdwpEventCenterDelegate: THREAD_RESUMED: thread (33, main, main)
19:12:41.308 INFO: JdwpEventCenterDelegate: THREAD_RESUMED: thread (33, main, main)
19:12:41.310 INFO: JdwpEventCenterDelegate: THREAD_RESUMED: thread (33, main, main)
19:12:41.312 INFO: JdwpEventCenterDelegate: THREAD_RESUMED: thread (33, main, main)
19:12:41.314 INFO: JdwpEventCenterDelegate: THREAD_RESUMED: thread (33, main, main)
19:12:41.317 INFO: JdwpEventCenterDelegate: THREAD_RESUMED: thread (33, main, main)
19:12:41.321 INFO: JdwpEventCenterDelegate: THREAD_RESUMED: thread (33, main, main)
19:12:41.340 INFO: JdwpEventCenterDelegate: THREAD_RESUMED: thread (33, main, main)
19:12:41.342 INFO: JdwpEventCenterDelegate: THREAD_RESUMED: thread (33, main, main)
19:12:41.345 INFO: JdwpEventCenterDelegate: THREAD_RESUMED: thread (33, main, main)
19:12:41.347 INFO: JdwpEventCenterDelegate: THREAD_RESUMED: thread (33, main, main)
19:12:41.349 INFO: JdwpEventCenterDelegate: THREAD_RESUMED: thread (33, main, main)
19:12:41.353 INFO: JdwpEventCenterDelegate: THREAD_RESUMED: thread (33, main, main)
19:12:41.378 INFO: JdwpEventCenterDelegate: THREAD_RESUMED: thread (33, main, main)
19:12:41.380 INFO: JdwpEventCenterDelegate: THREAD_RESUMED: thread (33, main, main)
19:12:41.382 INFO: JdwpEventCenterDelegate: THREAD_RESUMED: thread (33, main, main)
19:12:41.384 INFO: JdwpEventCenterDelegate: THREAD_RESUMED: thread (33, main, main)
19:12:41.386 INFO: JdwpEventCenterDelegate: THREAD_RESUMED: thread (33, main, main)
19:12:41.391 INFO: JdwpEventCenterDelegate: THREAD_RESUMED: thread (33, main, main)
19:12:41.409 INFO: JdwpEventCenterDelegate: THREAD_RESUMED: thread (33, main, main)
19:12:41.411 INFO: JdwpEventCenterDelegate: THREAD_RESUMED: thread (33, main, main)
19:12:41.413 INFO: JdwpEventCenterDelegate: THREAD_RESUMED: thread (33, main, main)
19:12:41.415 INFO: JdwpEventCenterDelegate: THREAD_RESUMED: thread (33, main, main)
19:12:41.417 INFO: JdwpEventCenterDelegate: THREAD_RESUMED: thread (33, main, main)
19:12:41.422 INFO: JdwpEventCenterDelegate: THREAD_RESUMED: thread (33, main, main)
19:12:41.435 INFO: JdwpEventCenterDelegate: THREAD_RESUMED: thread (33, main, main)
19:12:41.437 INFO: JdwpEventCenterDelegate: THREAD_RESUMED: thread (33, main, main)
19:12:41.439 INFO: JdwpEventCenterDelegate: THREAD_RESUMED: thread (33, main, main)
19:12:41.441 INFO: JdwpEventCenterDelegate: THREAD_RESUMED: thread (33, main, main)
19:12:41.443 INFO: JdwpEventCenterDelegate: THREAD_RESUMED: thread (33, main, main)
19:12:57.213 INFO: JdwpDebugServer: handling req: VirtualMachine(1).Exit(10)
19:12:57.213 SEVERE: Debugger: Thread JDWP server socket thread crashed
org.robovm.debugger.DebuggerException: Terminating due exit command
	at org.robovm.debugger.jdwp.JdwpDebugServer.doSocketWork(JdwpDebugServer.java:211)
	at java.base/java.lang.Thread.run(Thread.java:834)
	at org.robovm.debugger.utils.DebuggerThread.run(DebuggerThread.java:42)
19:12:57.722 SEVERE: Debugger: Thread HooksChannel socket thread crashed
org.robovm.debugger.DebuggerException: java.io.IOException: org.robovm.libimobiledevice.LibIMobileDeviceException: IDEVICE_E_UNKNOWN_ERROR
	at org.robovm.debugger.hooks.HooksChannel.doSocketWork(HooksChannel.java:149)
	at java.base/java.lang.Thread.run(Thread.java:834)
	at org.robovm.debugger.utils.DebuggerThread.run(DebuggerThread.java:42)
Caused by: java.io.IOException: org.robovm.libimobiledevice.LibIMobileDeviceException: IDEVICE_E_UNKNOWN_ERROR
	at org.robovm.libimobiledevice.IDeviceConnection$DeviceInputStream.read(IDeviceConnection.java:203)
	at org.robovm.debugger.utils.bytebuffer.DataBufferWriter.writeFromStream(DataBufferWriter.java:89)
	at org.robovm.debugger.hooks.HooksChannel.doSocketWork(HooksChannel.java:116)
	... 2 more
Caused by: org.robovm.libimobiledevice.LibIMobileDeviceException: IDEVICE_E_UNKNOWN_ERROR
	at org.robovm.libimobiledevice.IDevice.checkResult(IDevice.java:206)
	at org.robovm.libimobiledevice.IDeviceConnection.receive(IDeviceConnection.java:110)
	at org.robovm.libimobiledevice.IDeviceConnection.receive(IDeviceConnection.java:81)
	at org.robovm.libimobiledevice.IDeviceConnection$DeviceInputStream.read(IDeviceConnection.java:201)
	... 4 more
