21:53:08.618 INFO: JdwpDebugServer: handling req: VirtualMachine(1).IDSizes(7)
21:53:08.619 INFO: JdwpDebugServer: handling req: EventRequest(15).Set(1)
21:53:08.619 INFO: JdwpEventCenterDelegate: jdwpSetEventRequest: JdwpEventRequest{requestId=100, eventKind=CLASS_PREPARE, suspendPolicy=NONE, predicates=[]}
21:53:08.620 INFO: JdwpDebugServer: handling req: EventRequest(15).Set(1)
21:53:08.620 INFO: JdwpEventCenterDelegate: jdwpSetEventRequest: JdwpEventRequest{requestId=101, eventKind=CLASS_UNLOAD, suspendPolicy=NONE, predicates=[]}
21:53:08.641 INFO: JdwpDebugServer: handling req: VirtualMachine(1).Version(1)
21:53:08.642 INFO: JdwpDebugServer: handling req: VirtualMachine(1).capabilitiesNew(17)
21:53:08.642 INFO: JdwpDebugServer: handling req: VirtualMachine(1).capabilities(12)
21:53:08.642 INFO: JdwpDebugServer: handling req: VirtualMachine(1).AllClassesWithGeneric(20)
21:53:08.645 INFO: JdwpDebugServer: handling req: VirtualMachine(1).TopLevelThreadGroups(5)
21:53:08.646 INFO: JdwpDebugServer: handling req: EventRequest(15).Set(1)
21:53:08.646 INFO: JdwpEventCenterDelegate: jdwpSetEventRequest: JdwpEventRequest{requestId=102, eventKind=THREAD_START, suspendPolicy=NONE, predicates=[]}
21:53:08.646 INFO: JdwpDebugServer: handling req: EventRequest(15).Set(1)
21:53:08.646 INFO: JdwpEventCenterDelegate: jdwpSetEventRequest: JdwpEventRequest{requestId=103, eventKind=THREAD_DEATH, suspendPolicy=NONE, predicates=[]}
21:53:08.648 INFO: JdwpDebugServer: handling req: EventRequest(15).Set(1)
21:53:08.648 INFO: JdwpEventCenterDelegate: jdwpSetEventRequest: JdwpEventRequest{requestId=104, eventKind=CLASS_PREPARE, suspendPolicy=EVENT_THREAD, predicates=[className=sun.instrument.InstrumentationImpl]}
21:53:08.648 INFO: JdwpDebugServer: handling req: EventRequest(15).Set(1)
21:53:08.648 INFO: JdwpEventCenterDelegate: jdwpSetEventRequest: JdwpEventRequest{requestId=105, eventKind=CLASS_PREPARE, suspendPolicy=EVENT_THREAD, predicates=[className=sun.instrument.InstrumentationImpl]}
21:53:09.232 INFO: JdwpDebugServer: handling req: VirtualMachine(1).Resume(9)
21:53:09.283 INFO: JdwpEventCenterDelegate: THREAD_STARTED: thread (33, main, main)
21:53:09.304 INFO: JdwpEventCenterDelegate: THREAD_STARTED: thread (48, ReferenceQueueDaemon, main)
21:53:09.310 INFO: JdwpEventCenterDelegate: THREAD_STARTED: thread (63, FinalizerDaemon, main)
21:53:09.316 INFO: JdwpEventCenterDelegate: THREAD_STARTED: thread (78, FinalizerWatchdogDaemon, main)
21:53:09.319 INFO: JdwpEventCenterDelegate: THREAD_RESUMED: thread (33, main, main)
21:53:09.320 INFO: JdwpEventCenterDelegate: THREAD_RESUMED: thread (33, main, main)
21:53:09.321 INFO: JdwpEventCenterDelegate: THREAD_RESUMED: thread (33, main, main)
21:53:09.322 INFO: JdwpEventCenterDelegate: THREAD_RESUMED: thread (33, main, main)
21:53:09.323 INFO: JdwpEventCenterDelegate: THREAD_RESUMED: thread (33, main, main)
21:53:09.325 INFO: JdwpEventCenterDelegate: THREAD_RESUMED: thread (33, main, main)
21:53:09.326 INFO: JdwpEventCenterDelegate: THREAD_RESUMED: thread (33, main, main)
21:53:09.327 INFO: JdwpEventCenterDelegate: THREAD_RESUMED: thread (33, main, main)
21:53:09.328 INFO: JdwpEventCenterDelegate: THREAD_RESUMED: thread (33, main, main)
21:53:09.329 INFO: JdwpEventCenterDelegate: THREAD_RESUMED: thread (33, main, main)
21:53:09.331 INFO: JdwpEventCenterDelegate: THREAD_RESUMED: thread (33, main, main)
21:53:09.332 INFO: JdwpEventCenterDelegate: THREAD_RESUMED: thread (33, main, main)
21:53:09.333 INFO: JdwpEventCenterDelegate: THREAD_RESUMED: thread (33, main, main)
21:53:09.335 INFO: JdwpEventCenterDelegate: THREAD_RESUMED: thread (33, main, main)
21:53:09.336 INFO: JdwpEventCenterDelegate: THREAD_RESUMED: thread (33, main, main)
21:53:09.338 INFO: JdwpEventCenterDelegate: THREAD_RESUMED: thread (33, main, main)
21:53:09.339 INFO: JdwpEventCenterDelegate: THREAD_RESUMED: thread (33, main, main)
21:53:09.340 INFO: JdwpEventCenterDelegate: THREAD_RESUMED: thread (33, main, main)
21:53:09.344 INFO: JdwpEventCenterDelegate: THREAD_RESUMED: thread (33, main, main)
21:53:09.345 INFO: JdwpEventCenterDelegate: THREAD_RESUMED: thread (33, main, main)
21:53:09.347 INFO: JdwpEventCenterDelegate: THREAD_RESUMED: thread (33, main, main)
21:53:09.348 INFO: JdwpEventCenterDelegate: THREAD_RESUMED: thread (33, main, main)
21:53:09.349 INFO: JdwpEventCenterDelegate: THREAD_RESUMED: thread (33, main, main)
21:53:09.351 INFO: JdwpEventCenterDelegate: THREAD_RESUMED: thread (33, main, main)
21:53:09.352 INFO: JdwpEventCenterDelegate: THREAD_RESUMED: thread (33, main, main)
21:53:09.384 INFO: JdwpEventCenterDelegate: THREAD_RESUMED: thread (33, main, main)
21:53:09.385 INFO: JdwpEventCenterDelegate: THREAD_RESUMED: thread (33, main, main)
21:53:09.387 INFO: JdwpEventCenterDelegate: THREAD_RESUMED: thread (33, main, main)
21:53:09.388 INFO: JdwpEventCenterDelegate: THREAD_RESUMED: thread (33, main, main)
21:53:09.390 INFO: JdwpEventCenterDelegate: THREAD_RESUMED: thread (33, main, main)
21:53:09.391 INFO: JdwpEventCenterDelegate: THREAD_RESUMED: thread (33, main, main)
21:53:09.393 INFO: JdwpEventCenterDelegate: THREAD_RESUMED: thread (33, main, main)
21:53:09.395 INFO: JdwpEventCenterDelegate: THREAD_RESUMED: thread (33, main, main)
21:53:09.396 INFO: JdwpEventCenterDelegate: THREAD_RESUMED: thread (33, main, main)
21:53:09.398 INFO: JdwpEventCenterDelegate: THREAD_RESUMED: thread (33, main, main)
21:53:09.399 INFO: JdwpEventCenterDelegate: THREAD_RESUMED: thread (33, main, main)
21:53:09.400 INFO: JdwpEventCenterDelegate: THREAD_RESUMED: thread (33, main, main)
21:53:09.401 INFO: JdwpEventCenterDelegate: THREAD_RESUMED: thread (33, main, main)
21:53:09.402 INFO: JdwpEventCenterDelegate: THREAD_RESUMED: thread (33, main, main)
21:53:09.417 INFO: JdwpEventCenterDelegate: THREAD_RESUMED: thread (33, main, main)
21:53:09.419 INFO: JdwpEventCenterDelegate: THREAD_RESUMED: thread (33, main, main)
21:53:09.420 INFO: JdwpEventCenterDelegate: THREAD_RESUMED: thread (33, main, main)
21:53:09.420 INFO: JdwpEventCenterDelegate: THREAD_RESUMED: thread (33, main, main)
21:53:09.422 INFO: JdwpEventCenterDelegate: THREAD_RESUMED: thread (33, main, main)
21:53:09.423 INFO: JdwpEventCenterDelegate: THREAD_RESUMED: thread (33, main, main)
21:53:09.424 INFO: JdwpEventCenterDelegate: THREAD_RESUMED: thread (33, main, main)
21:53:09.462 INFO: JdwpEventCenterDelegate: THREAD_RESUMED: thread (33, main, main)
21:53:09.463 INFO: JdwpEventCenterDelegate: THREAD_RESUMED: thread (33, main, main)
21:53:09.465 INFO: JdwpEventCenterDelegate: THREAD_RESUMED: thread (33, main, main)
21:53:09.466 INFO: JdwpEventCenterDelegate: THREAD_RESUMED: thread (33, main, main)
21:53:09.468 INFO: JdwpEventCenterDelegate: THREAD_RESUMED: thread (33, main, main)
21:53:09.469 INFO: JdwpEventCenterDelegate: THREAD_RESUMED: thread (33, main, main)
21:53:09.470 INFO: JdwpEventCenterDelegate: THREAD_RESUMED: thread (33, main, main)
21:53:09.482 INFO: JdwpEventCenterDelegate: THREAD_RESUMED: thread (33, main, main)
21:53:09.484 INFO: JdwpEventCenterDelegate: THREAD_RESUMED: thread (33, main, main)
21:53:09.485 INFO: JdwpEventCenterDelegate: THREAD_RESUMED: thread (33, main, main)
21:53:09.486 INFO: JdwpEventCenterDelegate: THREAD_RESUMED: thread (33, main, main)
21:53:09.487 INFO: JdwpEventCenterDelegate: THREAD_RESUMED: thread (33, main, main)
21:53:09.489 INFO: JdwpEventCenterDelegate: THREAD_RESUMED: thread (33, main, main)
21:53:09.490 INFO: JdwpEventCenterDelegate: THREAD_RESUMED: thread (33, main, main)
21:53:09.499 INFO: JdwpEventCenterDelegate: THREAD_RESUMED: thread (33, main, main)
21:53:09.501 INFO: JdwpEventCenterDelegate: THREAD_RESUMED: thread (33, main, main)
21:53:09.502 INFO: JdwpEventCenterDelegate: THREAD_RESUMED: thread (33, main, main)
21:53:09.504 INFO: JdwpEventCenterDelegate: THREAD_RESUMED: thread (33, main, main)
21:53:09.505 INFO: JdwpEventCenterDelegate: THREAD_RESUMED: thread (33, main, main)
21:53:09.506 INFO: JdwpEventCenterDelegate: THREAD_RESUMED: thread (33, main, main)
21:53:09.508 INFO: JdwpEventCenterDelegate: THREAD_RESUMED: thread (33, main, main)
21:53:09.509 INFO: JdwpEventCenterDelegate: THREAD_RESUMED: thread (33, main, main)
21:53:09.510 INFO: JdwpEventCenterDelegate: THREAD_RESUMED: thread (33, main, main)
21:53:09.512 INFO: JdwpEventCenterDelegate: THREAD_RESUMED: thread (33, main, main)
21:53:09.513 INFO: JdwpEventCenterDelegate: THREAD_RESUMED: thread (33, main, main)
21:53:09.515 INFO: JdwpEventCenterDelegate: THREAD_RESUMED: thread (33, main, main)
21:53:09.516 INFO: JdwpEventCenterDelegate: THREAD_RESUMED: thread (33, main, main)
21:53:09.518 INFO: JdwpEventCenterDelegate: THREAD_RESUMED: thread (33, main, main)
21:53:09.519 INFO: JdwpEventCenterDelegate: THREAD_RESUMED: thread (33, main, main)
21:53:09.521 INFO: JdwpEventCenterDelegate: THREAD_RESUMED: thread (33, main, main)
21:53:09.523 INFO: JdwpEventCenterDelegate: THREAD_RESUMED: thread (33, main, main)
21:53:09.524 INFO: JdwpEventCenterDelegate: THREAD_RESUMED: thread (33, main, main)
21:53:09.530 INFO: JdwpEventCenterDelegate: THREAD_RESUMED: thread (33, main, main)
21:53:09.531 INFO: JdwpEventCenterDelegate: THREAD_RESUMED: thread (33, main, main)
21:53:09.658 INFO: JdwpEventCenterDelegate: THREAD_STARTED: thread (93, AssetManager, main)
21:53:09.777 INFO: JdwpEventCenterDelegate: THREAD_RESUMED: thread (33, main, main)
21:53:09.779 INFO: JdwpEventCenterDelegate: THREAD_RESUMED: thread (33, main, main)
21:53:12.340 INFO: JdwpEventCenterDelegate: THREAD_RESUMED: thread (33, main, main)
21:53:12.438 INFO: JdwpEventCenterDelegate: THREAD_RESUMED: thread (33, main, main)
21:53:12.440 INFO: JdwpEventCenterDelegate: THREAD_RESUMED: thread (33, main, main)
21:53:12.442 INFO: JdwpEventCenterDelegate: THREAD_RESUMED: thread (33, main, main)
21:53:12.443 INFO: JdwpEventCenterDelegate: THREAD_RESUMED: thread (33, main, main)
21:53:12.445 INFO: JdwpEventCenterDelegate: THREAD_RESUMED: thread (33, main, main)
21:53:12.451 INFO: JdwpEventCenterDelegate: THREAD_RESUMED: thread (33, main, main)
21:53:12.463 INFO: JdwpEventCenterDelegate: THREAD_RESUMED: thread (33, main, main)
21:53:12.465 INFO: JdwpEventCenterDelegate: THREAD_RESUMED: thread (33, main, main)
21:53:12.467 INFO: JdwpEventCenterDelegate: THREAD_RESUMED: thread (33, main, main)
21:53:12.470 INFO: JdwpEventCenterDelegate: THREAD_RESUMED: thread (33, main, main)
21:53:12.472 INFO: JdwpEventCenterDelegate: THREAD_RESUMED: thread (33, main, main)
21:53:12.477 INFO: JdwpEventCenterDelegate: THREAD_RESUMED: thread (33, main, main)
21:53:12.491 INFO: JdwpEventCenterDelegate: THREAD_RESUMED: thread (33, main, main)
21:53:12.494 INFO: JdwpEventCenterDelegate: THREAD_RESUMED: thread (33, main, main)
21:53:12.496 INFO: JdwpEventCenterDelegate: THREAD_RESUMED: thread (33, main, main)
21:53:12.498 INFO: JdwpEventCenterDelegate: THREAD_RESUMED: thread (33, main, main)
21:53:12.500 INFO: JdwpEventCenterDelegate: THREAD_RESUMED: thread (33, main, main)
21:53:12.505 INFO: JdwpEventCenterDelegate: THREAD_RESUMED: thread (33, main, main)
21:53:12.523 INFO: JdwpEventCenterDelegate: THREAD_RESUMED: thread (33, main, main)
21:53:12.525 INFO: JdwpEventCenterDelegate: THREAD_RESUMED: thread (33, main, main)
21:53:12.528 INFO: JdwpEventCenterDelegate: THREAD_RESUMED: thread (33, main, main)
21:53:12.530 INFO: JdwpEventCenterDelegate: THREAD_RESUMED: thread (33, main, main)
21:53:12.532 INFO: JdwpEventCenterDelegate: THREAD_RESUMED: thread (33, main, main)
21:53:12.537 INFO: JdwpEventCenterDelegate: THREAD_RESUMED: thread (33, main, main)
21:53:12.552 INFO: JdwpEventCenterDelegate: THREAD_RESUMED: thread (33, main, main)
21:53:12.555 INFO: JdwpEventCenterDelegate: THREAD_RESUMED: thread (33, main, main)
21:53:12.557 INFO: JdwpEventCenterDelegate: THREAD_RESUMED: thread (33, main, main)
21:53:12.559 INFO: JdwpEventCenterDelegate: THREAD_RESUMED: thread (33, main, main)
21:53:12.561 INFO: JdwpEventCenterDelegate: THREAD_RESUMED: thread (33, main, main)
21:53:12.566 INFO: JdwpEventCenterDelegate: THREAD_RESUMED: thread (33, main, main)
21:53:12.582 INFO: JdwpEventCenterDelegate: THREAD_RESUMED: thread (33, main, main)
21:53:12.584 INFO: JdwpEventCenterDelegate: THREAD_RESUMED: thread (33, main, main)
21:53:12.586 INFO: JdwpEventCenterDelegate: THREAD_RESUMED: thread (33, main, main)
21:53:12.588 INFO: JdwpEventCenterDelegate: THREAD_RESUMED: thread (33, main, main)
21:53:12.591 INFO: JdwpEventCenterDelegate: THREAD_RESUMED: thread (33, main, main)
21:53:12.596 INFO: JdwpEventCenterDelegate: THREAD_RESUMED: thread (33, main, main)
21:53:12.618 INFO: JdwpEventCenterDelegate: THREAD_RESUMED: thread (33, main, main)
21:53:12.620 INFO: JdwpEventCenterDelegate: THREAD_RESUMED: thread (33, main, main)
21:53:12.622 INFO: JdwpEventCenterDelegate: THREAD_RESUMED: thread (33, main, main)
21:53:12.625 INFO: JdwpEventCenterDelegate: THREAD_RESUMED: thread (33, main, main)
21:53:12.627 INFO: JdwpEventCenterDelegate: THREAD_RESUMED: thread (33, main, main)
21:53:12.632 INFO: JdwpEventCenterDelegate: THREAD_RESUMED: thread (33, main, main)
21:53:12.651 INFO: JdwpEventCenterDelegate: THREAD_RESUMED: thread (33, main, main)
21:53:12.653 INFO: JdwpEventCenterDelegate: THREAD_RESUMED: thread (33, main, main)
21:53:12.655 INFO: JdwpEventCenterDelegate: THREAD_RESUMED: thread (33, main, main)
21:53:12.657 INFO: JdwpEventCenterDelegate: THREAD_RESUMED: thread (33, main, main)
21:53:12.659 INFO: JdwpEventCenterDelegate: THREAD_RESUMED: thread (33, main, main)
21:53:12.664 INFO: JdwpEventCenterDelegate: THREAD_RESUMED: thread (33, main, main)
21:53:12.683 INFO: JdwpEventCenterDelegate: THREAD_RESUMED: thread (33, main, main)
21:53:12.685 INFO: JdwpEventCenterDelegate: THREAD_RESUMED: thread (33, main, main)
21:53:12.687 INFO: JdwpEventCenterDelegate: THREAD_RESUMED: thread (33, main, main)
21:53:12.689 INFO: JdwpEventCenterDelegate: THREAD_RESUMED: thread (33, main, main)
21:53:12.692 INFO: JdwpEventCenterDelegate: THREAD_RESUMED: thread (33, main, main)
21:53:12.697 INFO: JdwpEventCenterDelegate: THREAD_RESUMED: thread (33, main, main)
21:53:12.711 INFO: JdwpEventCenterDelegate: THREAD_RESUMED: thread (33, main, main)
21:53:12.714 INFO: JdwpEventCenterDelegate: THREAD_RESUMED: thread (33, main, main)
21:53:12.716 INFO: JdwpEventCenterDelegate: THREAD_RESUMED: thread (33, main, main)
21:53:12.718 INFO: JdwpEventCenterDelegate: THREAD_RESUMED: thread (33, main, main)
21:53:12.720 INFO: JdwpEventCenterDelegate: THREAD_RESUMED: thread (33, main, main)
21:53:12.725 INFO: JdwpEventCenterDelegate: THREAD_RESUMED: thread (33, main, main)
21:53:12.739 INFO: JdwpEventCenterDelegate: THREAD_RESUMED: thread (33, main, main)
21:53:12.742 INFO: JdwpEventCenterDelegate: THREAD_RESUMED: thread (33, main, main)
21:53:12.744 INFO: JdwpEventCenterDelegate: THREAD_RESUMED: thread (33, main, main)
21:53:12.746 INFO: JdwpEventCenterDelegate: THREAD_RESUMED: thread (33, main, main)
21:53:12.748 INFO: JdwpEventCenterDelegate: THREAD_RESUMED: thread (33, main, main)
21:53:12.753 INFO: JdwpEventCenterDelegate: THREAD_RESUMED: thread (33, main, main)
21:53:12.776 INFO: JdwpEventCenterDelegate: THREAD_RESUMED: thread (33, main, main)
21:53:12.778 INFO: JdwpEventCenterDelegate: THREAD_RESUMED: thread (33, main, main)
21:53:12.780 INFO: JdwpEventCenterDelegate: THREAD_RESUMED: thread (33, main, main)
21:53:12.782 INFO: JdwpEventCenterDelegate: THREAD_RESUMED: thread (33, main, main)
21:53:12.784 INFO: JdwpEventCenterDelegate: THREAD_RESUMED: thread (33, main, main)
21:53:12.789 INFO: JdwpEventCenterDelegate: THREAD_RESUMED: thread (33, main, main)
21:53:12.811 INFO: JdwpEventCenterDelegate: THREAD_RESUMED: thread (33, main, main)
21:53:12.814 INFO: JdwpEventCenterDelegate: THREAD_RESUMED: thread (33, main, main)
21:53:12.816 INFO: JdwpEventCenterDelegate: THREAD_RESUMED: thread (33, main, main)
21:53:12.818 INFO: JdwpEventCenterDelegate: THREAD_RESUMED: thread (33, main, main)
21:53:12.820 INFO: JdwpEventCenterDelegate: THREAD_RESUMED: thread (33, main, main)
21:53:12.825 INFO: JdwpEventCenterDelegate: THREAD_RESUMED: thread (33, main, main)
21:53:12.844 INFO: JdwpEventCenterDelegate: THREAD_RESUMED: thread (33, main, main)
21:53:12.846 INFO: JdwpEventCenterDelegate: THREAD_RESUMED: thread (33, main, main)
21:53:12.849 INFO: JdwpEventCenterDelegate: THREAD_RESUMED: thread (33, main, main)
21:53:12.851 INFO: JdwpEventCenterDelegate: THREAD_RESUMED: thread (33, main, main)
21:53:12.853 INFO: JdwpEventCenterDelegate: THREAD_RESUMED: thread (33, main, main)
21:53:12.858 INFO: JdwpEventCenterDelegate: THREAD_RESUMED: thread (33, main, main)
21:53:12.871 INFO: JdwpEventCenterDelegate: THREAD_RESUMED: thread (33, main, main)
21:53:12.873 INFO: JdwpEventCenterDelegate: THREAD_RESUMED: thread (33, main, main)
21:53:12.875 INFO: JdwpEventCenterDelegate: THREAD_RESUMED: thread (33, main, main)
21:53:12.877 INFO: JdwpEventCenterDelegate: THREAD_RESUMED: thread (33, main, main)
21:53:12.880 INFO: JdwpEventCenterDelegate: THREAD_RESUMED: thread (33, main, main)
21:53:12.884 INFO: JdwpEventCenterDelegate: THREAD_RESUMED: thread (33, main, main)
21:53:12.886 INFO: JdwpEventCenterDelegate: THREAD_RESUMED: thread (33, main, main)
21:53:12.889 INFO: JdwpEventCenterDelegate: THREAD_RESUMED: thread (33, main, main)
21:53:12.891 INFO: JdwpEventCenterDelegate: THREAD_RESUMED: thread (33, main, main)
21:53:12.894 INFO: JdwpEventCenterDelegate: THREAD_RESUMED: thread (33, main, main)
21:53:12.896 INFO: JdwpEventCenterDelegate: THREAD_RESUMED: thread (33, main, main)
21:53:12.898 INFO: JdwpEventCenterDelegate: THREAD_RESUMED: thread (33, main, main)
21:53:12.902 INFO: JdwpEventCenterDelegate: THREAD_RESUMED: thread (33, main, main)
21:53:12.904 INFO: JdwpEventCenterDelegate: THREAD_RESUMED: thread (33, main, main)
21:53:12.906 INFO: JdwpEventCenterDelegate: THREAD_RESUMED: thread (33, main, main)
21:53:12.908 INFO: JdwpEventCenterDelegate: THREAD_RESUMED: thread (33, main, main)
21:53:12.919 INFO: JdwpEventCenterDelegate: THREAD_RESUMED: thread (33, main, main)
21:53:12.922 INFO: JdwpEventCenterDelegate: THREAD_RESUMED: thread (33, main, main)
21:53:12.923 INFO: JdwpEventCenterDelegate: THREAD_RESUMED: thread (33, main, main)
21:53:12.925 INFO: JdwpEventCenterDelegate: THREAD_RESUMED: thread (33, main, main)
21:53:12.927 INFO: JdwpEventCenterDelegate: THREAD_RESUMED: thread (33, main, main)
21:53:12.932 INFO: JdwpEventCenterDelegate: THREAD_RESUMED: thread (33, main, main)
21:53:12.944 INFO: JdwpEventCenterDelegate: THREAD_RESUMED: thread (33, main, main)
21:53:12.958 INFO: JdwpEventCenterDelegate: THREAD_RESUMED: thread (33, main, main)
21:53:12.968 INFO: JdwpEventCenterDelegate: THREAD_RESUMED: thread (33, main, main)
21:53:12.981 INFO: JdwpEventCenterDelegate: THREAD_RESUMED: thread (33, main, main)
21:53:13.012 INFO: JdwpEventCenterDelegate: THREAD_RESUMED: thread (33, main, main)
21:53:13.014 INFO: JdwpEventCenterDelegate: THREAD_RESUMED: thread (33, main, main)
21:53:13.016 INFO: JdwpEventCenterDelegate: THREAD_RESUMED: thread (33, main, main)
21:53:13.019 INFO: JdwpEventCenterDelegate: THREAD_RESUMED: thread (33, main, main)
21:53:13.021 INFO: JdwpEventCenterDelegate: THREAD_RESUMED: thread (33, main, main)
21:53:13.026 INFO: JdwpEventCenterDelegate: THREAD_RESUMED: thread (33, main, main)
21:53:13.037 INFO: JdwpEventCenterDelegate: THREAD_RESUMED: thread (33, main, main)
21:53:13.039 INFO: JdwpEventCenterDelegate: THREAD_RESUMED: thread (33, main, main)
21:53:13.041 INFO: JdwpEventCenterDelegate: THREAD_RESUMED: thread (33, main, main)
21:53:13.043 INFO: JdwpEventCenterDelegate: THREAD_RESUMED: thread (33, main, main)
21:53:13.046 INFO: JdwpEventCenterDelegate: THREAD_RESUMED: thread (33, main, main)
21:53:13.050 INFO: JdwpEventCenterDelegate: THREAD_RESUMED: thread (33, main, main)
21:53:13.067 INFO: JdwpEventCenterDelegate: THREAD_RESUMED: thread (33, main, main)
21:53:13.069 INFO: JdwpEventCenterDelegate: THREAD_RESUMED: thread (33, main, main)
21:53:13.071 INFO: JdwpEventCenterDelegate: THREAD_RESUMED: thread (33, main, main)
21:53:13.073 INFO: JdwpEventCenterDelegate: THREAD_RESUMED: thread (33, main, main)
21:53:13.075 INFO: JdwpEventCenterDelegate: THREAD_RESUMED: thread (33, main, main)
21:53:13.080 INFO: JdwpEventCenterDelegate: THREAD_RESUMED: thread (33, main, main)
21:53:13.097 INFO: JdwpEventCenterDelegate: THREAD_RESUMED: thread (33, main, main)
21:53:13.099 INFO: JdwpEventCenterDelegate: THREAD_RESUMED: thread (33, main, main)
21:53:13.102 INFO: JdwpEventCenterDelegate: THREAD_RESUMED: thread (33, main, main)
21:53:13.104 INFO: JdwpEventCenterDelegate: THREAD_RESUMED: thread (33, main, main)
21:53:13.106 INFO: JdwpEventCenterDelegate: THREAD_RESUMED: thread (33, main, main)
21:53:13.111 INFO: JdwpEventCenterDelegate: THREAD_RESUMED: thread (33, main, main)
21:53:13.126 INFO: JdwpEventCenterDelegate: THREAD_RESUMED: thread (33, main, main)
21:53:13.128 INFO: JdwpEventCenterDelegate: THREAD_RESUMED: thread (33, main, main)
21:53:13.130 INFO: JdwpEventCenterDelegate: THREAD_RESUMED: thread (33, main, main)
21:53:13.132 INFO: JdwpEventCenterDelegate: THREAD_RESUMED: thread (33, main, main)
21:53:13.135 INFO: JdwpEventCenterDelegate: THREAD_RESUMED: thread (33, main, main)
21:53:13.139 INFO: JdwpEventCenterDelegate: THREAD_RESUMED: thread (33, main, main)
21:53:13.154 INFO: JdwpEventCenterDelegate: THREAD_RESUMED: thread (33, main, main)
21:53:13.156 INFO: JdwpEventCenterDelegate: THREAD_RESUMED: thread (33, main, main)
21:53:13.158 INFO: JdwpEventCenterDelegate: THREAD_RESUMED: thread (33, main, main)
21:53:13.160 INFO: JdwpEventCenterDelegate: THREAD_RESUMED: thread (33, main, main)
21:53:13.161 INFO: JdwpEventCenterDelegate: THREAD_RESUMED: thread (33, main, main)
21:53:13.166 INFO: JdwpEventCenterDelegate: THREAD_RESUMED: thread (33, main, main)
21:53:13.184 INFO: JdwpEventCenterDelegate: THREAD_RESUMED: thread (33, main, main)
21:53:13.186 INFO: JdwpEventCenterDelegate: THREAD_RESUMED: thread (33, main, main)
21:53:13.188 INFO: JdwpEventCenterDelegate: THREAD_RESUMED: thread (33, main, main)
21:53:13.190 INFO: JdwpEventCenterDelegate: THREAD_RESUMED: thread (33, main, main)
21:53:13.192 INFO: JdwpEventCenterDelegate: THREAD_RESUMED: thread (33, main, main)
21:53:13.197 INFO: JdwpEventCenterDelegate: THREAD_RESUMED: thread (33, main, main)
21:53:13.214 INFO: JdwpEventCenterDelegate: THREAD_RESUMED: thread (33, main, main)
21:53:13.216 INFO: JdwpEventCenterDelegate: THREAD_RESUMED: thread (33, main, main)
21:53:13.218 INFO: JdwpEventCenterDelegate: THREAD_RESUMED: thread (33, main, main)
21:53:13.220 INFO: JdwpEventCenterDelegate: THREAD_RESUMED: thread (33, main, main)
21:53:13.222 INFO: JdwpEventCenterDelegate: THREAD_RESUMED: thread (33, main, main)
21:53:13.227 INFO: JdwpEventCenterDelegate: THREAD_RESUMED: thread (33, main, main)
21:53:13.243 INFO: JdwpEventCenterDelegate: THREAD_RESUMED: thread (33, main, main)
21:53:13.245 INFO: JdwpEventCenterDelegate: THREAD_RESUMED: thread (33, main, main)
21:53:13.247 INFO: JdwpEventCenterDelegate: THREAD_RESUMED: thread (33, main, main)
21:53:13.249 INFO: JdwpEventCenterDelegate: THREAD_RESUMED: thread (33, main, main)
21:53:13.251 INFO: JdwpEventCenterDelegate: THREAD_RESUMED: thread (33, main, main)
21:53:13.255 INFO: JdwpEventCenterDelegate: THREAD_RESUMED: thread (33, main, main)
21:53:13.270 INFO: JdwpEventCenterDelegate: THREAD_RESUMED: thread (33, main, main)
21:53:13.272 INFO: JdwpEventCenterDelegate: THREAD_RESUMED: thread (33, main, main)
21:53:13.274 INFO: JdwpEventCenterDelegate: THREAD_RESUMED: thread (33, main, main)
21:53:13.276 INFO: JdwpEventCenterDelegate: THREAD_RESUMED: thread (33, main, main)
21:53:13.277 INFO: JdwpEventCenterDelegate: THREAD_RESUMED: thread (33, main, main)
21:53:13.282 INFO: JdwpEventCenterDelegate: THREAD_RESUMED: thread (33, main, main)
21:53:13.296 INFO: JdwpEventCenterDelegate: THREAD_RESUMED: thread (33, main, main)
21:53:13.298 INFO: JdwpEventCenterDelegate: THREAD_RESUMED: thread (33, main, main)
21:53:13.301 INFO: JdwpEventCenterDelegate: THREAD_RESUMED: thread (33, main, main)
21:53:13.303 INFO: JdwpEventCenterDelegate: THREAD_RESUMED: thread (33, main, main)
21:53:13.305 INFO: JdwpEventCenterDelegate: THREAD_RESUMED: thread (33, main, main)
21:53:13.310 INFO: JdwpEventCenterDelegate: THREAD_RESUMED: thread (33, main, main)
21:53:13.332 INFO: JdwpEventCenterDelegate: THREAD_RESUMED: thread (33, main, main)
21:53:13.335 INFO: JdwpEventCenterDelegate: THREAD_RESUMED: thread (33, main, main)
21:53:13.336 INFO: JdwpEventCenterDelegate: THREAD_RESUMED: thread (33, main, main)
21:53:13.339 INFO: JdwpEventCenterDelegate: THREAD_RESUMED: thread (33, main, main)
21:53:13.340 INFO: JdwpEventCenterDelegate: THREAD_RESUMED: thread (33, main, main)
21:53:13.345 INFO: JdwpEventCenterDelegate: THREAD_RESUMED: thread (33, main, main)
21:53:13.366 INFO: JdwpEventCenterDelegate: THREAD_RESUMED: thread (33, main, main)
21:53:13.368 INFO: JdwpEventCenterDelegate: THREAD_RESUMED: thread (33, main, main)
21:53:13.370 INFO: JdwpEventCenterDelegate: THREAD_RESUMED: thread (33, main, main)
21:53:13.372 INFO: JdwpEventCenterDelegate: THREAD_RESUMED: thread (33, main, main)
21:53:13.374 INFO: JdwpEventCenterDelegate: THREAD_RESUMED: thread (33, main, main)
21:53:13.379 INFO: JdwpEventCenterDelegate: THREAD_RESUMED: thread (33, main, main)
21:53:13.397 INFO: JdwpEventCenterDelegate: THREAD_RESUMED: thread (33, main, main)
21:53:13.399 INFO: JdwpEventCenterDelegate: THREAD_RESUMED: thread (33, main, main)
21:53:13.401 INFO: JdwpEventCenterDelegate: THREAD_RESUMED: thread (33, main, main)
21:53:13.403 INFO: JdwpEventCenterDelegate: THREAD_RESUMED: thread (33, main, main)
21:53:13.406 INFO: JdwpEventCenterDelegate: THREAD_RESUMED: thread (33, main, main)
21:53:13.410 INFO: JdwpEventCenterDelegate: THREAD_RESUMED: thread (33, main, main)
21:53:13.423 INFO: JdwpEventCenterDelegate: THREAD_RESUMED: thread (33, main, main)
21:53:13.425 INFO: JdwpEventCenterDelegate: THREAD_RESUMED: thread (33, main, main)
21:53:13.427 INFO: JdwpEventCenterDelegate: THREAD_RESUMED: thread (33, main, main)
21:53:13.429 INFO: JdwpEventCenterDelegate: THREAD_RESUMED: thread (33, main, main)
21:53:13.432 INFO: JdwpEventCenterDelegate: THREAD_RESUMED: thread (33, main, main)
22:03:54.499 INFO: JdwpDebugServer: handling req: VirtualMachine(1).Exit(10)
22:03:54.500 SEVERE: Debugger: Thread JDWP server socket thread crashed
org.robovm.debugger.DebuggerException: Terminating due exit command
	at org.robovm.debugger.jdwp.JdwpDebugServer.doSocketWork(JdwpDebugServer.java:211)
	at java.base/java.lang.Thread.run(Thread.java:834)
	at org.robovm.debugger.utils.DebuggerThread.run(DebuggerThread.java:42)
22:03:55.007 SEVERE: Debugger: Thread HooksChannel socket thread crashed
org.robovm.debugger.DebuggerException: java.io.IOException: org.robovm.libimobiledevice.LibIMobileDeviceException: IDEVICE_E_UNKNOWN_ERROR
	at org.robovm.debugger.hooks.HooksChannel.doSocketWork(HooksChannel.java:149)
	at java.base/java.lang.Thread.run(Thread.java:834)
	at org.robovm.debugger.utils.DebuggerThread.run(DebuggerThread.java:42)
Caused by: java.io.IOException: org.robovm.libimobiledevice.LibIMobileDeviceException: IDEVICE_E_UNKNOWN_ERROR
	at org.robovm.libimobiledevice.IDeviceConnection$DeviceInputStream.read(IDeviceConnection.java:203)
	at org.robovm.debugger.utils.bytebuffer.DataBufferWriter.writeFromStream(DataBufferWriter.java:89)
	at org.robovm.debugger.hooks.HooksChannel.doSocketWork(HooksChannel.java:116)
	... 2 more
Caused by: org.robovm.libimobiledevice.LibIMobileDeviceException: IDEVICE_E_UNKNOWN_ERROR
	at org.robovm.libimobiledevice.IDevice.checkResult(IDevice.java:206)
	at org.robovm.libimobiledevice.IDeviceConnection.receive(IDeviceConnection.java:110)
	at org.robovm.libimobiledevice.IDeviceConnection.receive(IDeviceConnection.java:81)
	at org.robovm.libimobiledevice.IDeviceConnection$DeviceInputStream.read(IDeviceConnection.java:201)
	... 4 more
