01:18:17.039 INFO: JdwpDebugServer: handling req: VirtualMachine(1).IDSizes(7)
01:18:17.040 INFO: JdwpDebugServer: handling req: EventRequest(15).Set(1)
01:18:17.040 INFO: JdwpEventCenterDelegate: jdwpSetEventRequest: JdwpEventRequest{requestId=100, eventKind=CLASS_PREPARE, suspendPolicy=NONE, predicates=[]}
01:18:17.040 INFO: JdwpDebugServer: handling req: EventRequest(15).Set(1)
01:18:17.040 INFO: JdwpEventCenterDelegate: jdwpSetEventRequest: JdwpEventRequest{requestId=101, eventKind=CLASS_UNLOAD, suspendPolicy=NONE, predicates=[]}
01:18:17.062 INFO: JdwpDebugServer: handling req: VirtualMachine(1).Version(1)
01:18:17.062 INFO: JdwpDebugServer: handling req: VirtualMachine(1).capabilitiesNew(17)
01:18:17.062 INFO: JdwpDebugServer: handling req: VirtualMachine(1).capabilities(12)
01:18:17.063 INFO: JdwpDebugServer: handling req: VirtualMachine(1).AllClassesWithGeneric(20)
01:18:17.066 INFO: JdwpDebugServer: handling req: VirtualMachine(1).TopLevelThreadGroups(5)
01:18:17.067 INFO: JdwpDebugServer: handling req: EventRequest(15).Set(1)
01:18:17.067 INFO: JdwpEventCenterDelegate: jdwpSetEventRequest: JdwpEventRequest{requestId=102, eventKind=THREAD_START, suspendPolicy=NONE, predicates=[]}
01:18:17.067 INFO: JdwpDebugServer: handling req: EventRequest(15).Set(1)
01:18:17.067 INFO: JdwpEventCenterDelegate: jdwpSetEventRequest: JdwpEventRequest{requestId=103, eventKind=THREAD_DEATH, suspendPolicy=NONE, predicates=[]}
01:18:17.110 INFO: JdwpDebugServer: handling req: EventRequest(15).Set(1)
01:18:17.111 INFO: JdwpEventCenterDelegate: jdwpSetEventRequest: JdwpEventRequest{requestId=104, eventKind=CLASS_PREPARE, suspendPolicy=EVENT_THREAD, predicates=[className=sun.instrument.InstrumentationImpl]}
01:18:17.111 INFO: JdwpDebugServer: handling req: EventRequest(15).Set(1)
01:18:17.111 INFO: JdwpEventCenterDelegate: jdwpSetEventRequest: JdwpEventRequest{requestId=105, eventKind=CLASS_PREPARE, suspendPolicy=EVENT_THREAD, predicates=[className=sun.instrument.InstrumentationImpl]}
01:18:17.658 INFO: JdwpDebugServer: handling req: VirtualMachine(1).Resume(9)
01:18:17.707 INFO: JdwpEventCenterDelegate: THREAD_STARTED: thread (33, main, main)
01:18:17.731 INFO: JdwpEventCenterDelegate: THREAD_STARTED: thread (48, ReferenceQueueDaemon, main)
01:18:17.737 INFO: JdwpEventCenterDelegate: THREAD_STARTED: thread (63, FinalizerDaemon, main)
01:18:17.742 INFO: JdwpEventCenterDelegate: THREAD_STARTED: thread (78, FinalizerWatchdogDaemon, main)
01:18:17.744 INFO: JdwpEventCenterDelegate: THREAD_RESUMED: thread (33, main, main)
01:18:17.745 INFO: JdwpEventCenterDelegate: THREAD_RESUMED: thread (33, main, main)
01:18:17.747 INFO: JdwpEventCenterDelegate: THREAD_RESUMED: thread (33, main, main)
01:18:17.748 INFO: JdwpEventCenterDelegate: THREAD_RESUMED: thread (33, main, main)
01:18:17.749 INFO: JdwpEventCenterDelegate: THREAD_RESUMED: thread (33, main, main)
01:18:17.750 INFO: JdwpEventCenterDelegate: THREAD_RESUMED: thread (33, main, main)
01:18:17.751 INFO: JdwpEventCenterDelegate: THREAD_RESUMED: thread (33, main, main)
01:18:17.752 INFO: JdwpEventCenterDelegate: THREAD_RESUMED: thread (33, main, main)
01:18:17.754 INFO: JdwpEventCenterDelegate: THREAD_RESUMED: thread (33, main, main)
01:18:17.755 INFO: JdwpEventCenterDelegate: THREAD_RESUMED: thread (33, main, main)
01:18:17.757 INFO: JdwpEventCenterDelegate: THREAD_RESUMED: thread (33, main, main)
01:18:17.758 INFO: JdwpEventCenterDelegate: THREAD_RESUMED: thread (33, main, main)
01:18:17.759 INFO: JdwpEventCenterDelegate: THREAD_RESUMED: thread (33, main, main)
01:18:17.760 INFO: JdwpEventCenterDelegate: THREAD_RESUMED: thread (33, main, main)
01:18:17.761 INFO: JdwpEventCenterDelegate: THREAD_RESUMED: thread (33, main, main)
01:18:17.762 INFO: JdwpEventCenterDelegate: THREAD_RESUMED: thread (33, main, main)
01:18:17.763 INFO: JdwpEventCenterDelegate: THREAD_RESUMED: thread (33, main, main)
01:18:17.765 INFO: JdwpEventCenterDelegate: THREAD_RESUMED: thread (33, main, main)
01:18:17.768 INFO: JdwpEventCenterDelegate: THREAD_RESUMED: thread (33, main, main)
01:18:17.769 INFO: JdwpEventCenterDelegate: THREAD_RESUMED: thread (33, main, main)
01:18:17.770 INFO: JdwpEventCenterDelegate: THREAD_RESUMED: thread (33, main, main)
01:18:17.771 INFO: JdwpEventCenterDelegate: THREAD_RESUMED: thread (33, main, main)
01:18:17.773 INFO: JdwpEventCenterDelegate: THREAD_RESUMED: thread (33, main, main)
01:18:17.773 INFO: JdwpEventCenterDelegate: THREAD_RESUMED: thread (33, main, main)
01:18:17.775 INFO: JdwpEventCenterDelegate: THREAD_RESUMED: thread (33, main, main)
01:18:17.805 INFO: JdwpEventCenterDelegate: THREAD_RESUMED: thread (33, main, main)
01:18:17.806 INFO: JdwpEventCenterDelegate: THREAD_RESUMED: thread (33, main, main)
01:18:17.807 INFO: JdwpEventCenterDelegate: THREAD_RESUMED: thread (33, main, main)
01:18:17.809 INFO: JdwpEventCenterDelegate: THREAD_RESUMED: thread (33, main, main)
01:18:17.810 INFO: JdwpEventCenterDelegate: THREAD_RESUMED: thread (33, main, main)
01:18:17.811 INFO: JdwpEventCenterDelegate: THREAD_RESUMED: thread (33, main, main)
01:18:17.812 INFO: JdwpEventCenterDelegate: THREAD_RESUMED: thread (33, main, main)
01:18:17.815 INFO: JdwpEventCenterDelegate: THREAD_RESUMED: thread (33, main, main)
01:18:17.816 INFO: JdwpEventCenterDelegate: THREAD_RESUMED: thread (33, main, main)
01:18:17.817 INFO: JdwpEventCenterDelegate: THREAD_RESUMED: thread (33, main, main)
01:18:17.818 INFO: JdwpEventCenterDelegate: THREAD_RESUMED: thread (33, main, main)
01:18:17.819 INFO: JdwpEventCenterDelegate: THREAD_RESUMED: thread (33, main, main)
01:18:17.820 INFO: JdwpEventCenterDelegate: THREAD_RESUMED: thread (33, main, main)
01:18:17.821 INFO: JdwpEventCenterDelegate: THREAD_RESUMED: thread (33, main, main)
01:18:17.836 INFO: JdwpEventCenterDelegate: THREAD_RESUMED: thread (33, main, main)
01:18:17.837 INFO: JdwpEventCenterDelegate: THREAD_RESUMED: thread (33, main, main)
01:18:17.838 INFO: JdwpEventCenterDelegate: THREAD_RESUMED: thread (33, main, main)
01:18:17.839 INFO: JdwpEventCenterDelegate: THREAD_RESUMED: thread (33, main, main)
01:18:17.841 INFO: JdwpEventCenterDelegate: THREAD_RESUMED: thread (33, main, main)
01:18:17.842 INFO: JdwpEventCenterDelegate: THREAD_RESUMED: thread (33, main, main)
01:18:17.843 INFO: JdwpEventCenterDelegate: THREAD_RESUMED: thread (33, main, main)
01:18:17.864 INFO: JdwpEventCenterDelegate: THREAD_RESUMED: thread (33, main, main)
01:18:17.864 INFO: JdwpEventCenterDelegate: THREAD_RESUMED: thread (33, main, main)
01:18:17.865 INFO: JdwpEventCenterDelegate: THREAD_RESUMED: thread (33, main, main)
01:18:17.867 INFO: JdwpEventCenterDelegate: THREAD_RESUMED: thread (33, main, main)
01:18:17.868 INFO: JdwpEventCenterDelegate: THREAD_RESUMED: thread (33, main, main)
01:18:17.869 INFO: JdwpEventCenterDelegate: THREAD_RESUMED: thread (33, main, main)
01:18:17.870 INFO: JdwpEventCenterDelegate: THREAD_RESUMED: thread (33, main, main)
01:18:17.883 INFO: JdwpEventCenterDelegate: THREAD_RESUMED: thread (33, main, main)
01:18:17.886 INFO: JdwpEventCenterDelegate: THREAD_RESUMED: thread (33, main, main)
01:18:17.887 INFO: JdwpEventCenterDelegate: THREAD_RESUMED: thread (33, main, main)
01:18:17.888 INFO: JdwpEventCenterDelegate: THREAD_RESUMED: thread (33, main, main)
01:18:17.890 INFO: JdwpEventCenterDelegate: THREAD_RESUMED: thread (33, main, main)
01:18:17.890 INFO: JdwpEventCenterDelegate: THREAD_RESUMED: thread (33, main, main)
01:18:17.892 INFO: JdwpEventCenterDelegate: THREAD_RESUMED: thread (33, main, main)
01:18:17.919 INFO: JdwpEventCenterDelegate: THREAD_RESUMED: thread (33, main, main)
01:18:17.921 INFO: JdwpEventCenterDelegate: THREAD_RESUMED: thread (33, main, main)
01:18:17.922 INFO: JdwpEventCenterDelegate: THREAD_RESUMED: thread (33, main, main)
01:18:17.923 INFO: JdwpEventCenterDelegate: THREAD_RESUMED: thread (33, main, main)
01:18:17.925 INFO: JdwpEventCenterDelegate: THREAD_RESUMED: thread (33, main, main)
01:18:17.926 INFO: JdwpEventCenterDelegate: THREAD_RESUMED: thread (33, main, main)
01:18:17.927 INFO: JdwpEventCenterDelegate: THREAD_RESUMED: thread (33, main, main)
01:18:17.942 INFO: JdwpEventCenterDelegate: THREAD_RESUMED: thread (33, main, main)
01:18:17.943 INFO: JdwpEventCenterDelegate: THREAD_RESUMED: thread (33, main, main)
01:18:17.944 INFO: JdwpEventCenterDelegate: THREAD_RESUMED: thread (33, main, main)
01:18:17.946 INFO: JdwpEventCenterDelegate: THREAD_RESUMED: thread (33, main, main)
01:18:17.947 INFO: JdwpEventCenterDelegate: THREAD_RESUMED: thread (33, main, main)
01:18:17.948 INFO: JdwpEventCenterDelegate: THREAD_RESUMED: thread (33, main, main)
01:18:17.949 INFO: JdwpEventCenterDelegate: THREAD_RESUMED: thread (33, main, main)
01:18:17.958 INFO: JdwpEventCenterDelegate: THREAD_RESUMED: thread (33, main, main)
01:18:17.960 INFO: JdwpEventCenterDelegate: THREAD_RESUMED: thread (33, main, main)
01:18:17.961 INFO: JdwpEventCenterDelegate: THREAD_RESUMED: thread (33, main, main)
01:18:17.963 INFO: JdwpEventCenterDelegate: THREAD_RESUMED: thread (33, main, main)
01:18:17.964 INFO: JdwpEventCenterDelegate: THREAD_RESUMED: thread (33, main, main)
01:18:17.965 INFO: JdwpEventCenterDelegate: THREAD_RESUMED: thread (33, main, main)
01:18:17.966 INFO: JdwpEventCenterDelegate: THREAD_RESUMED: thread (33, main, main)
01:18:17.968 INFO: JdwpEventCenterDelegate: THREAD_RESUMED: thread (33, main, main)
01:18:17.969 INFO: JdwpEventCenterDelegate: THREAD_RESUMED: thread (33, main, main)
01:18:17.970 INFO: JdwpEventCenterDelegate: THREAD_RESUMED: thread (33, main, main)
01:18:17.972 INFO: JdwpEventCenterDelegate: THREAD_RESUMED: thread (33, main, main)
01:18:17.973 INFO: JdwpEventCenterDelegate: THREAD_RESUMED: thread (33, main, main)
01:18:17.974 INFO: JdwpEventCenterDelegate: THREAD_RESUMED: thread (33, main, main)
01:18:17.976 INFO: JdwpEventCenterDelegate: THREAD_RESUMED: thread (33, main, main)
01:18:17.977 INFO: JdwpEventCenterDelegate: THREAD_RESUMED: thread (33, main, main)
01:18:17.978 INFO: JdwpEventCenterDelegate: THREAD_RESUMED: thread (33, main, main)
01:18:17.979 INFO: JdwpEventCenterDelegate: THREAD_RESUMED: thread (33, main, main)
01:18:17.980 INFO: JdwpEventCenterDelegate: THREAD_RESUMED: thread (33, main, main)
01:18:17.984 INFO: JdwpEventCenterDelegate: THREAD_RESUMED: thread (33, main, main)
01:18:17.985 INFO: JdwpEventCenterDelegate: THREAD_RESUMED: thread (33, main, main)
01:18:18.120 INFO: JdwpEventCenterDelegate: THREAD_STARTED: thread (93, AssetManager, main)
01:18:18.222 INFO: JdwpEventCenterDelegate: THREAD_RESUMED: thread (33, main, main)
01:18:18.224 INFO: JdwpEventCenterDelegate: THREAD_RESUMED: thread (33, main, main)
01:18:20.783 INFO: JdwpEventCenterDelegate: THREAD_RESUMED: thread (33, main, main)
01:18:20.886 INFO: JdwpEventCenterDelegate: THREAD_RESUMED: thread (33, main, main)
01:18:20.888 INFO: JdwpEventCenterDelegate: THREAD_RESUMED: thread (33, main, main)
01:18:20.890 INFO: JdwpEventCenterDelegate: THREAD_RESUMED: thread (33, main, main)
01:18:20.891 INFO: JdwpEventCenterDelegate: THREAD_RESUMED: thread (33, main, main)
01:18:20.893 INFO: JdwpEventCenterDelegate: THREAD_RESUMED: thread (33, main, main)
01:18:20.899 INFO: JdwpEventCenterDelegate: THREAD_RESUMED: thread (33, main, main)
01:18:20.911 INFO: JdwpEventCenterDelegate: THREAD_RESUMED: thread (33, main, main)
01:18:20.912 INFO: JdwpEventCenterDelegate: THREAD_RESUMED: thread (33, main, main)
01:18:20.914 INFO: JdwpEventCenterDelegate: THREAD_RESUMED: thread (33, main, main)
01:18:20.916 INFO: JdwpEventCenterDelegate: THREAD_RESUMED: thread (33, main, main)
01:18:20.918 INFO: JdwpEventCenterDelegate: THREAD_RESUMED: thread (33, main, main)
01:18:20.922 INFO: JdwpEventCenterDelegate: THREAD_RESUMED: thread (33, main, main)
01:18:20.937 INFO: JdwpEventCenterDelegate: THREAD_RESUMED: thread (33, main, main)
01:18:20.939 INFO: JdwpEventCenterDelegate: THREAD_RESUMED: thread (33, main, main)
01:18:20.941 INFO: JdwpEventCenterDelegate: THREAD_RESUMED: thread (33, main, main)
01:18:20.944 INFO: JdwpEventCenterDelegate: THREAD_RESUMED: thread (33, main, main)
01:18:20.945 INFO: JdwpEventCenterDelegate: THREAD_RESUMED: thread (33, main, main)
01:18:20.950 INFO: JdwpEventCenterDelegate: THREAD_RESUMED: thread (33, main, main)
01:18:20.969 INFO: JdwpEventCenterDelegate: THREAD_RESUMED: thread (33, main, main)
01:18:20.971 INFO: JdwpEventCenterDelegate: THREAD_RESUMED: thread (33, main, main)
01:18:20.973 INFO: JdwpEventCenterDelegate: THREAD_RESUMED: thread (33, main, main)
01:18:20.976 INFO: JdwpEventCenterDelegate: THREAD_RESUMED: thread (33, main, main)
01:18:20.978 INFO: JdwpEventCenterDelegate: THREAD_RESUMED: thread (33, main, main)
01:18:20.983 INFO: JdwpEventCenterDelegate: THREAD_RESUMED: thread (33, main, main)
01:18:20.999 INFO: JdwpEventCenterDelegate: THREAD_RESUMED: thread (33, main, main)
01:18:21.001 INFO: JdwpEventCenterDelegate: THREAD_RESUMED: thread (33, main, main)
01:18:21.003 INFO: JdwpEventCenterDelegate: THREAD_RESUMED: thread (33, main, main)
01:18:21.006 INFO: JdwpEventCenterDelegate: THREAD_RESUMED: thread (33, main, main)
01:18:21.008 INFO: JdwpEventCenterDelegate: THREAD_RESUMED: thread (33, main, main)
01:18:21.013 INFO: JdwpEventCenterDelegate: THREAD_RESUMED: thread (33, main, main)
01:18:21.028 INFO: JdwpEventCenterDelegate: THREAD_RESUMED: thread (33, main, main)
01:18:21.030 INFO: JdwpEventCenterDelegate: THREAD_RESUMED: thread (33, main, main)
01:18:21.031 INFO: JdwpEventCenterDelegate: THREAD_RESUMED: thread (33, main, main)
01:18:21.033 INFO: JdwpEventCenterDelegate: THREAD_RESUMED: thread (33, main, main)
01:18:21.035 INFO: JdwpEventCenterDelegate: THREAD_RESUMED: thread (33, main, main)
01:18:21.039 INFO: JdwpEventCenterDelegate: THREAD_RESUMED: thread (33, main, main)
01:18:21.059 INFO: JdwpEventCenterDelegate: THREAD_RESUMED: thread (33, main, main)
01:18:21.061 INFO: JdwpEventCenterDelegate: THREAD_RESUMED: thread (33, main, main)
01:18:21.063 INFO: JdwpEventCenterDelegate: THREAD_RESUMED: thread (33, main, main)
01:18:21.066 INFO: JdwpEventCenterDelegate: THREAD_RESUMED: thread (33, main, main)
01:18:21.068 INFO: JdwpEventCenterDelegate: THREAD_RESUMED: thread (33, main, main)
01:18:21.073 INFO: JdwpEventCenterDelegate: THREAD_RESUMED: thread (33, main, main)
01:18:21.092 INFO: JdwpEventCenterDelegate: THREAD_RESUMED: thread (33, main, main)
01:18:21.094 INFO: JdwpEventCenterDelegate: THREAD_RESUMED: thread (33, main, main)
01:18:21.096 INFO: JdwpEventCenterDelegate: THREAD_RESUMED: thread (33, main, main)
01:18:21.099 INFO: JdwpEventCenterDelegate: THREAD_RESUMED: thread (33, main, main)
01:18:21.101 INFO: JdwpEventCenterDelegate: THREAD_RESUMED: thread (33, main, main)
01:18:21.106 INFO: JdwpEventCenterDelegate: THREAD_RESUMED: thread (33, main, main)
01:18:21.124 INFO: JdwpEventCenterDelegate: THREAD_RESUMED: thread (33, main, main)
01:18:21.127 INFO: JdwpEventCenterDelegate: THREAD_RESUMED: thread (33, main, main)
01:18:21.129 INFO: JdwpEventCenterDelegate: THREAD_RESUMED: thread (33, main, main)
01:18:21.131 INFO: JdwpEventCenterDelegate: THREAD_RESUMED: thread (33, main, main)
01:18:21.134 INFO: JdwpEventCenterDelegate: THREAD_RESUMED: thread (33, main, main)
01:18:21.138 INFO: JdwpEventCenterDelegate: THREAD_RESUMED: thread (33, main, main)
01:18:21.157 INFO: JdwpEventCenterDelegate: THREAD_RESUMED: thread (33, main, main)
01:18:21.159 INFO: JdwpEventCenterDelegate: THREAD_RESUMED: thread (33, main, main)
01:18:21.161 INFO: JdwpEventCenterDelegate: THREAD_RESUMED: thread (33, main, main)
01:18:21.163 INFO: JdwpEventCenterDelegate: THREAD_RESUMED: thread (33, main, main)
01:18:21.165 INFO: JdwpEventCenterDelegate: THREAD_RESUMED: thread (33, main, main)
01:18:21.170 INFO: JdwpEventCenterDelegate: THREAD_RESUMED: thread (33, main, main)
01:18:21.185 INFO: JdwpEventCenterDelegate: THREAD_RESUMED: thread (33, main, main)
01:18:21.187 INFO: JdwpEventCenterDelegate: THREAD_RESUMED: thread (33, main, main)
01:18:21.190 INFO: JdwpEventCenterDelegate: THREAD_RESUMED: thread (33, main, main)
01:18:21.192 INFO: JdwpEventCenterDelegate: THREAD_RESUMED: thread (33, main, main)
01:18:21.194 INFO: JdwpEventCenterDelegate: THREAD_RESUMED: thread (33, main, main)
01:18:21.199 INFO: JdwpEventCenterDelegate: THREAD_RESUMED: thread (33, main, main)
01:18:21.219 INFO: JdwpEventCenterDelegate: THREAD_RESUMED: thread (33, main, main)
01:18:21.222 INFO: JdwpEventCenterDelegate: THREAD_RESUMED: thread (33, main, main)
01:18:21.224 INFO: JdwpEventCenterDelegate: THREAD_RESUMED: thread (33, main, main)
01:18:21.226 INFO: JdwpEventCenterDelegate: THREAD_RESUMED: thread (33, main, main)
01:18:21.228 INFO: JdwpEventCenterDelegate: THREAD_RESUMED: thread (33, main, main)
01:18:21.233 INFO: JdwpEventCenterDelegate: THREAD_RESUMED: thread (33, main, main)
01:18:21.255 INFO: JdwpEventCenterDelegate: THREAD_RESUMED: thread (33, main, main)
01:18:21.258 INFO: JdwpEventCenterDelegate: THREAD_RESUMED: thread (33, main, main)
01:18:21.260 INFO: JdwpEventCenterDelegate: THREAD_RESUMED: thread (33, main, main)
01:18:21.263 INFO: JdwpEventCenterDelegate: THREAD_RESUMED: thread (33, main, main)
01:18:21.265 INFO: JdwpEventCenterDelegate: THREAD_RESUMED: thread (33, main, main)
01:18:21.270 INFO: JdwpEventCenterDelegate: THREAD_RESUMED: thread (33, main, main)
01:18:21.289 INFO: JdwpEventCenterDelegate: THREAD_RESUMED: thread (33, main, main)
01:18:21.291 INFO: JdwpEventCenterDelegate: THREAD_RESUMED: thread (33, main, main)
01:18:21.294 INFO: JdwpEventCenterDelegate: THREAD_RESUMED: thread (33, main, main)
01:18:21.296 INFO: JdwpEventCenterDelegate: THREAD_RESUMED: thread (33, main, main)
01:18:21.298 INFO: JdwpEventCenterDelegate: THREAD_RESUMED: thread (33, main, main)
01:18:21.303 INFO: JdwpEventCenterDelegate: THREAD_RESUMED: thread (33, main, main)
01:18:21.316 INFO: JdwpEventCenterDelegate: THREAD_RESUMED: thread (33, main, main)
01:18:21.319 INFO: JdwpEventCenterDelegate: THREAD_RESUMED: thread (33, main, main)
01:18:21.321 INFO: JdwpEventCenterDelegate: THREAD_RESUMED: thread (33, main, main)
01:18:21.323 INFO: JdwpEventCenterDelegate: THREAD_RESUMED: thread (33, main, main)
01:18:21.326 INFO: JdwpEventCenterDelegate: THREAD_RESUMED: thread (33, main, main)
01:18:21.331 INFO: JdwpEventCenterDelegate: THREAD_RESUMED: thread (33, main, main)
01:18:21.333 INFO: JdwpEventCenterDelegate: THREAD_RESUMED: thread (33, main, main)
01:18:21.335 INFO: JdwpEventCenterDelegate: THREAD_RESUMED: thread (33, main, main)
01:18:21.338 INFO: JdwpEventCenterDelegate: THREAD_RESUMED: thread (33, main, main)
01:18:21.341 INFO: JdwpEventCenterDelegate: THREAD_RESUMED: thread (33, main, main)
01:18:21.343 INFO: JdwpEventCenterDelegate: THREAD_RESUMED: thread (33, main, main)
01:18:21.346 INFO: JdwpEventCenterDelegate: THREAD_RESUMED: thread (33, main, main)
01:18:21.350 INFO: JdwpEventCenterDelegate: THREAD_RESUMED: thread (33, main, main)
01:18:21.353 INFO: JdwpEventCenterDelegate: THREAD_RESUMED: thread (33, main, main)
01:18:21.355 INFO: JdwpEventCenterDelegate: THREAD_RESUMED: thread (33, main, main)
01:18:21.358 INFO: JdwpEventCenterDelegate: THREAD_RESUMED: thread (33, main, main)
01:18:21.362 INFO: JdwpEventCenterDelegate: THREAD_RESUMED: thread (33, main, main)
01:18:21.364 INFO: JdwpEventCenterDelegate: THREAD_RESUMED: thread (33, main, main)
01:18:21.366 INFO: JdwpEventCenterDelegate: THREAD_RESUMED: thread (33, main, main)
01:18:21.368 INFO: JdwpEventCenterDelegate: THREAD_RESUMED: thread (33, main, main)
01:18:21.369 INFO: JdwpEventCenterDelegate: THREAD_RESUMED: thread (33, main, main)
01:18:21.374 INFO: JdwpEventCenterDelegate: THREAD_RESUMED: thread (33, main, main)
01:18:21.388 INFO: JdwpEventCenterDelegate: THREAD_RESUMED: thread (33, main, main)
01:18:21.401 INFO: JdwpEventCenterDelegate: THREAD_RESUMED: thread (33, main, main)
01:18:21.412 INFO: JdwpEventCenterDelegate: THREAD_RESUMED: thread (33, main, main)
01:18:21.425 INFO: JdwpEventCenterDelegate: THREAD_RESUMED: thread (33, main, main)
01:18:21.458 INFO: JdwpEventCenterDelegate: THREAD_RESUMED: thread (33, main, main)
01:18:21.461 INFO: JdwpEventCenterDelegate: THREAD_RESUMED: thread (33, main, main)
01:18:21.463 INFO: JdwpEventCenterDelegate: THREAD_RESUMED: thread (33, main, main)
01:18:21.465 INFO: JdwpEventCenterDelegate: THREAD_RESUMED: thread (33, main, main)
01:18:21.468 INFO: JdwpEventCenterDelegate: THREAD_RESUMED: thread (33, main, main)
01:18:21.473 INFO: JdwpEventCenterDelegate: THREAD_RESUMED: thread (33, main, main)
01:18:21.484 INFO: JdwpEventCenterDelegate: THREAD_RESUMED: thread (33, main, main)
01:18:21.487 INFO: JdwpEventCenterDelegate: THREAD_RESUMED: thread (33, main, main)
01:18:21.489 INFO: JdwpEventCenterDelegate: THREAD_RESUMED: thread (33, main, main)
01:18:21.491 INFO: JdwpEventCenterDelegate: THREAD_RESUMED: thread (33, main, main)
01:18:21.494 INFO: JdwpEventCenterDelegate: THREAD_RESUMED: thread (33, main, main)
01:18:21.499 INFO: JdwpEventCenterDelegate: THREAD_RESUMED: thread (33, main, main)
01:18:21.513 INFO: JdwpEventCenterDelegate: THREAD_RESUMED: thread (33, main, main)
01:18:21.516 INFO: JdwpEventCenterDelegate: THREAD_RESUMED: thread (33, main, main)
01:18:21.518 INFO: JdwpEventCenterDelegate: THREAD_RESUMED: thread (33, main, main)
01:18:21.520 INFO: JdwpEventCenterDelegate: THREAD_RESUMED: thread (33, main, main)
01:18:21.522 INFO: JdwpEventCenterDelegate: THREAD_RESUMED: thread (33, main, main)
01:18:21.527 INFO: JdwpEventCenterDelegate: THREAD_RESUMED: thread (33, main, main)
01:18:21.545 INFO: JdwpEventCenterDelegate: THREAD_RESUMED: thread (33, main, main)
01:18:21.547 INFO: JdwpEventCenterDelegate: THREAD_RESUMED: thread (33, main, main)
01:18:21.549 INFO: JdwpEventCenterDelegate: THREAD_RESUMED: thread (33, main, main)
01:18:21.552 INFO: JdwpEventCenterDelegate: THREAD_RESUMED: thread (33, main, main)
01:18:21.554 INFO: JdwpEventCenterDelegate: THREAD_RESUMED: thread (33, main, main)
01:18:21.559 INFO: JdwpEventCenterDelegate: THREAD_RESUMED: thread (33, main, main)
01:18:21.573 INFO: JdwpEventCenterDelegate: THREAD_RESUMED: thread (33, main, main)
01:18:21.575 INFO: JdwpEventCenterDelegate: THREAD_RESUMED: thread (33, main, main)
01:18:21.577 INFO: JdwpEventCenterDelegate: THREAD_RESUMED: thread (33, main, main)
01:18:21.579 INFO: JdwpEventCenterDelegate: THREAD_RESUMED: thread (33, main, main)
01:18:21.581 INFO: JdwpEventCenterDelegate: THREAD_RESUMED: thread (33, main, main)
01:18:21.586 INFO: JdwpEventCenterDelegate: THREAD_RESUMED: thread (33, main, main)
01:18:21.600 INFO: JdwpEventCenterDelegate: THREAD_RESUMED: thread (33, main, main)
01:18:21.603 INFO: JdwpEventCenterDelegate: THREAD_RESUMED: thread (33, main, main)
01:18:21.605 INFO: JdwpEventCenterDelegate: THREAD_RESUMED: thread (33, main, main)
01:18:21.607 INFO: JdwpEventCenterDelegate: THREAD_RESUMED: thread (33, main, main)
01:18:21.610 INFO: JdwpEventCenterDelegate: THREAD_RESUMED: thread (33, main, main)
01:18:21.615 INFO: JdwpEventCenterDelegate: THREAD_RESUMED: thread (33, main, main)
01:18:21.636 INFO: JdwpEventCenterDelegate: THREAD_RESUMED: thread (33, main, main)
01:18:21.638 INFO: JdwpEventCenterDelegate: THREAD_RESUMED: thread (33, main, main)
01:18:21.640 INFO: JdwpEventCenterDelegate: THREAD_RESUMED: thread (33, main, main)
01:18:21.642 INFO: JdwpEventCenterDelegate: THREAD_RESUMED: thread (33, main, main)
01:18:21.644 INFO: JdwpEventCenterDelegate: THREAD_RESUMED: thread (33, main, main)
01:18:21.649 INFO: JdwpEventCenterDelegate: THREAD_RESUMED: thread (33, main, main)
01:18:21.667 INFO: JdwpEventCenterDelegate: THREAD_RESUMED: thread (33, main, main)
01:18:21.669 INFO: JdwpEventCenterDelegate: THREAD_RESUMED: thread (33, main, main)
01:18:21.672 INFO: JdwpEventCenterDelegate: THREAD_RESUMED: thread (33, main, main)
01:18:21.674 INFO: JdwpEventCenterDelegate: THREAD_RESUMED: thread (33, main, main)
01:18:21.676 INFO: JdwpEventCenterDelegate: THREAD_RESUMED: thread (33, main, main)
01:18:21.680 INFO: JdwpEventCenterDelegate: THREAD_RESUMED: thread (33, main, main)
01:18:21.697 INFO: JdwpEventCenterDelegate: THREAD_RESUMED: thread (33, main, main)
01:18:21.700 INFO: JdwpEventCenterDelegate: THREAD_RESUMED: thread (33, main, main)
01:18:21.701 INFO: JdwpEventCenterDelegate: THREAD_RESUMED: thread (33, main, main)
01:18:21.703 INFO: JdwpEventCenterDelegate: THREAD_RESUMED: thread (33, main, main)
01:18:21.705 INFO: JdwpEventCenterDelegate: THREAD_RESUMED: thread (33, main, main)
01:18:21.709 INFO: JdwpEventCenterDelegate: THREAD_RESUMED: thread (33, main, main)
01:18:21.724 INFO: JdwpEventCenterDelegate: THREAD_RESUMED: thread (33, main, main)
01:18:21.726 INFO: JdwpEventCenterDelegate: THREAD_RESUMED: thread (33, main, main)
01:18:21.728 INFO: JdwpEventCenterDelegate: THREAD_RESUMED: thread (33, main, main)
01:18:21.730 INFO: JdwpEventCenterDelegate: THREAD_RESUMED: thread (33, main, main)
01:18:21.732 INFO: JdwpEventCenterDelegate: THREAD_RESUMED: thread (33, main, main)
01:18:21.737 INFO: JdwpEventCenterDelegate: THREAD_RESUMED: thread (33, main, main)
01:18:21.750 INFO: JdwpEventCenterDelegate: THREAD_RESUMED: thread (33, main, main)
01:18:21.753 INFO: JdwpEventCenterDelegate: THREAD_RESUMED: thread (33, main, main)
01:18:21.755 INFO: JdwpEventCenterDelegate: THREAD_RESUMED: thread (33, main, main)
01:18:21.757 INFO: JdwpEventCenterDelegate: THREAD_RESUMED: thread (33, main, main)
01:18:21.760 INFO: JdwpEventCenterDelegate: THREAD_RESUMED: thread (33, main, main)
01:18:21.765 INFO: JdwpEventCenterDelegate: THREAD_RESUMED: thread (33, main, main)
01:18:21.783 INFO: JdwpEventCenterDelegate: THREAD_RESUMED: thread (33, main, main)
01:18:21.786 INFO: JdwpEventCenterDelegate: THREAD_RESUMED: thread (33, main, main)
01:18:21.788 INFO: JdwpEventCenterDelegate: THREAD_RESUMED: thread (33, main, main)
01:18:21.790 INFO: JdwpEventCenterDelegate: THREAD_RESUMED: thread (33, main, main)
01:18:21.792 INFO: JdwpEventCenterDelegate: THREAD_RESUMED: thread (33, main, main)
01:18:21.796 INFO: JdwpEventCenterDelegate: THREAD_RESUMED: thread (33, main, main)
01:18:21.821 INFO: JdwpEventCenterDelegate: THREAD_RESUMED: thread (33, main, main)
01:18:21.823 INFO: JdwpEventCenterDelegate: THREAD_RESUMED: thread (33, main, main)
01:18:21.825 INFO: JdwpEventCenterDelegate: THREAD_RESUMED: thread (33, main, main)
01:18:21.828 INFO: JdwpEventCenterDelegate: THREAD_RESUMED: thread (33, main, main)
01:18:21.830 INFO: JdwpEventCenterDelegate: THREAD_RESUMED: thread (33, main, main)
01:18:21.834 INFO: JdwpEventCenterDelegate: THREAD_RESUMED: thread (33, main, main)
01:18:21.852 INFO: JdwpEventCenterDelegate: THREAD_RESUMED: thread (33, main, main)
01:18:21.854 INFO: JdwpEventCenterDelegate: THREAD_RESUMED: thread (33, main, main)
01:18:21.857 INFO: JdwpEventCenterDelegate: THREAD_RESUMED: thread (33, main, main)
01:18:21.859 INFO: JdwpEventCenterDelegate: THREAD_RESUMED: thread (33, main, main)
01:18:21.861 INFO: JdwpEventCenterDelegate: THREAD_RESUMED: thread (33, main, main)
01:18:21.866 INFO: JdwpEventCenterDelegate: THREAD_RESUMED: thread (33, main, main)
01:18:21.878 INFO: JdwpEventCenterDelegate: THREAD_RESUMED: thread (33, main, main)
01:18:21.881 INFO: JdwpEventCenterDelegate: THREAD_RESUMED: thread (33, main, main)
01:18:21.883 INFO: JdwpEventCenterDelegate: THREAD_RESUMED: thread (33, main, main)
01:18:21.885 INFO: JdwpEventCenterDelegate: THREAD_RESUMED: thread (33, main, main)
01:18:21.887 INFO: JdwpEventCenterDelegate: THREAD_RESUMED: thread (33, main, main)
01:18:23.259 INFO: JdwpEventCenterDelegate: THREAD_STARTED: thread (108, Timer, main)
01:18:24.136 INFO: JdwpEventCenterDelegate: THREAD_RESUMED: thread (33, main, main)
01:18:24.170 INFO: JdwpEventCenterDelegate: THREAD_RESUMED: thread (33, main, main)
01:18:24.195 INFO: JdwpEventCenterDelegate: THREAD_RESUMED: thread (33, main, main)
01:18:24.215 INFO: JdwpEventCenterDelegate: THREAD_RESUMED: thread (33, main, main)
01:18:24.253 INFO: JdwpEventCenterDelegate: THREAD_RESUMED: thread (33, main, main)
01:18:24.288 INFO: JdwpEventCenterDelegate: THREAD_RESUMED: thread (33, main, main)
01:18:24.306 INFO: JdwpEventCenterDelegate: THREAD_RESUMED: thread (33, main, main)
01:18:24.321 INFO: JdwpEventCenterDelegate: THREAD_RESUMED: thread (33, main, main)
01:18:24.328 INFO: JdwpEventCenterDelegate: THREAD_RESUMED: thread (33, main, main)
01:18:24.342 INFO: JdwpEventCenterDelegate: THREAD_RESUMED: thread (33, main, main)
01:18:24.373 INFO: JdwpEventCenterDelegate: THREAD_RESUMED: thread (33, main, main)
01:18:24.384 INFO: JdwpEventCenterDelegate: THREAD_RESUMED: thread (33, main, main)
01:18:24.396 INFO: JdwpEventCenterDelegate: THREAD_RESUMED: thread (33, main, main)
01:18:24.408 INFO: JdwpEventCenterDelegate: THREAD_RESUMED: thread (33, main, main)
01:18:24.443 INFO: JdwpEventCenterDelegate: THREAD_RESUMED: thread (33, main, main)
01:18:24.476 INFO: JdwpEventCenterDelegate: THREAD_RESUMED: thread (33, main, main)
01:18:24.492 INFO: JdwpEventCenterDelegate: THREAD_RESUMED: thread (33, main, main)
01:18:24.507 INFO: JdwpEventCenterDelegate: THREAD_RESUMED: thread (33, main, main)
01:18:24.513 INFO: JdwpEventCenterDelegate: THREAD_RESUMED: thread (33, main, main)
01:18:24.526 INFO: JdwpEventCenterDelegate: THREAD_RESUMED: thread (33, main, main)
01:18:34.833 INFO: JdwpDebugServer: handling req: VirtualMachine(1).Exit(10)
01:18:34.834 SEVERE: Debugger: Thread JDWP server socket thread crashed
org.robovm.debugger.DebuggerException: Terminating due exit command
	at org.robovm.debugger.jdwp.JdwpDebugServer.doSocketWork(JdwpDebugServer.java:211)
	at java.base/java.lang.Thread.run(Thread.java:834)
	at org.robovm.debugger.utils.DebuggerThread.run(DebuggerThread.java:42)
01:18:35.339 SEVERE: Debugger: Thread HooksChannel socket thread crashed
org.robovm.debugger.DebuggerException: java.io.IOException: org.robovm.libimobiledevice.LibIMobileDeviceException: IDEVICE_E_UNKNOWN_ERROR
	at org.robovm.debugger.hooks.HooksChannel.doSocketWork(HooksChannel.java:149)
	at java.base/java.lang.Thread.run(Thread.java:834)
	at org.robovm.debugger.utils.DebuggerThread.run(DebuggerThread.java:42)
Caused by: java.io.IOException: org.robovm.libimobiledevice.LibIMobileDeviceException: IDEVICE_E_UNKNOWN_ERROR
	at org.robovm.libimobiledevice.IDeviceConnection$DeviceInputStream.read(IDeviceConnection.java:203)
	at org.robovm.debugger.utils.bytebuffer.DataBufferWriter.writeFromStream(DataBufferWriter.java:89)
	at org.robovm.debugger.hooks.HooksChannel.doSocketWork(HooksChannel.java:116)
	... 2 more
Caused by: org.robovm.libimobiledevice.LibIMobileDeviceException: IDEVICE_E_UNKNOWN_ERROR
	at org.robovm.libimobiledevice.IDevice.checkResult(IDevice.java:206)
	at org.robovm.libimobiledevice.IDeviceConnection.receive(IDeviceConnection.java:110)
	at org.robovm.libimobiledevice.IDeviceConnection.receive(IDeviceConnection.java:81)
	at org.robovm.libimobiledevice.IDeviceConnection$DeviceInputStream.read(IDeviceConnection.java:201)
	... 4 more
