15:27:34.818 INFO: JdwpDebugServer: handling req: VirtualMachine(1).IDSizes(7)
15:27:34.818 INFO: JdwpDebugServer: handling req: EventRequest(15).Set(1)
15:27:34.818 INFO: JdwpEventCenterDelegate: jdwpSetEventRequest: JdwpEventRequest{requestId=100, eventKind=CLASS_PREPARE, suspendPolicy=NONE, predicates=[]}
15:27:34.818 INFO: JdwpDebugServer: handling req: EventRequest(15).Set(1)
15:27:34.818 INFO: JdwpEventCenterDelegate: jdwpSetEventRequest: JdwpEventRequest{requestId=101, eventKind=CLASS_UNLOAD, suspendPolicy=NONE, predicates=[]}
15:27:34.844 INFO: JdwpDebugServer: handling req: VirtualMachine(1).Version(1)
15:27:34.845 INFO: JdwpDebugServer: handling req: VirtualMachine(1).capabilitiesNew(17)
15:27:34.845 INFO: JdwpDebugServer: handling req: VirtualMachine(1).capabilities(12)
15:27:34.848 INFO: JdwpDebugServer: handling req: VirtualMachine(1).AllClassesWithGeneric(20)
15:27:34.852 INFO: JdwpDebugServer: handling req: VirtualMachine(1).TopLevelThreadGroups(5)
15:27:34.853 INFO: JdwpDebugServer: handling req: EventRequest(15).Set(1)
15:27:34.853 INFO: JdwpEventCenterDelegate: jdwpSetEventRequest: JdwpEventRequest{requestId=102, eventKind=THREAD_START, suspendPolicy=NONE, predicates=[]}
15:27:34.853 INFO: JdwpDebugServer: handling req: EventRequest(15).Set(1)
15:27:34.853 INFO: JdwpEventCenterDelegate: jdwpSetEventRequest: JdwpEventRequest{requestId=103, eventKind=THREAD_DEATH, suspendPolicy=NONE, predicates=[]}
15:27:34.856 INFO: JdwpDebugServer: handling req: EventRequest(15).Set(1)
15:27:34.856 INFO: JdwpEventCenterDelegate: jdwpSetEventRequest: JdwpEventRequest{requestId=104, eventKind=CLASS_PREPARE, suspendPolicy=EVENT_THREAD, predicates=[className=sun.instrument.InstrumentationImpl]}
15:27:34.856 INFO: JdwpDebugServer: handling req: EventRequest(15).Set(1)
15:27:34.856 INFO: JdwpEventCenterDelegate: jdwpSetEventRequest: JdwpEventRequest{requestId=105, eventKind=CLASS_PREPARE, suspendPolicy=EVENT_THREAD, predicates=[className=sun.instrument.InstrumentationImpl]}
15:27:35.442 INFO: JdwpDebugServer: handling req: VirtualMachine(1).Resume(9)
15:27:35.493 INFO: JdwpEventCenterDelegate: THREAD_STARTED: thread (33, main, main)
15:27:35.518 INFO: JdwpEventCenterDelegate: THREAD_STARTED: thread (48, ReferenceQueueDaemon, main)
15:27:35.523 INFO: JdwpEventCenterDelegate: THREAD_STARTED: thread (63, FinalizerDaemon, main)
15:27:35.529 INFO: JdwpEventCenterDelegate: THREAD_STARTED: thread (78, FinalizerWatchdogDaemon, main)
15:27:35.530 INFO: JdwpEventCenterDelegate: THREAD_RESUMED: thread (33, main, main)
15:27:35.532 INFO: JdwpEventCenterDelegate: THREAD_RESUMED: thread (33, main, main)
15:27:35.533 INFO: JdwpEventCenterDelegate: THREAD_RESUMED: thread (33, main, main)
15:27:35.534 INFO: JdwpEventCenterDelegate: THREAD_RESUMED: thread (33, main, main)
15:27:35.535 INFO: JdwpEventCenterDelegate: THREAD_RESUMED: thread (33, main, main)
15:27:35.536 INFO: JdwpEventCenterDelegate: THREAD_RESUMED: thread (33, main, main)
15:27:35.538 INFO: JdwpEventCenterDelegate: THREAD_RESUMED: thread (33, main, main)
15:27:35.539 INFO: JdwpEventCenterDelegate: THREAD_RESUMED: thread (33, main, main)
15:27:35.540 INFO: JdwpEventCenterDelegate: THREAD_RESUMED: thread (33, main, main)
15:27:35.541 INFO: JdwpEventCenterDelegate: THREAD_RESUMED: thread (33, main, main)
15:27:35.542 INFO: JdwpEventCenterDelegate: THREAD_RESUMED: thread (33, main, main)
15:27:35.543 INFO: JdwpEventCenterDelegate: THREAD_RESUMED: thread (33, main, main)
15:27:35.545 INFO: JdwpEventCenterDelegate: THREAD_RESUMED: thread (33, main, main)
15:27:35.546 INFO: JdwpEventCenterDelegate: THREAD_RESUMED: thread (33, main, main)
15:27:35.547 INFO: JdwpEventCenterDelegate: THREAD_RESUMED: thread (33, main, main)
15:27:35.548 INFO: JdwpEventCenterDelegate: THREAD_RESUMED: thread (33, main, main)
15:27:35.549 INFO: JdwpEventCenterDelegate: THREAD_RESUMED: thread (33, main, main)
15:27:35.551 INFO: JdwpEventCenterDelegate: THREAD_RESUMED: thread (33, main, main)
15:27:35.554 INFO: JdwpEventCenterDelegate: THREAD_RESUMED: thread (33, main, main)
15:27:35.555 INFO: JdwpEventCenterDelegate: THREAD_RESUMED: thread (33, main, main)
15:27:35.556 INFO: JdwpEventCenterDelegate: THREAD_RESUMED: thread (33, main, main)
15:27:35.557 INFO: JdwpEventCenterDelegate: THREAD_RESUMED: thread (33, main, main)
15:27:35.558 INFO: JdwpEventCenterDelegate: THREAD_RESUMED: thread (33, main, main)
15:27:35.559 INFO: JdwpEventCenterDelegate: THREAD_RESUMED: thread (33, main, main)
15:27:35.561 INFO: JdwpEventCenterDelegate: THREAD_RESUMED: thread (33, main, main)
15:27:35.589 INFO: JdwpEventCenterDelegate: THREAD_RESUMED: thread (33, main, main)
15:27:35.590 INFO: JdwpEventCenterDelegate: THREAD_RESUMED: thread (33, main, main)
15:27:35.592 INFO: JdwpEventCenterDelegate: THREAD_RESUMED: thread (33, main, main)
15:27:35.593 INFO: JdwpEventCenterDelegate: THREAD_RESUMED: thread (33, main, main)
15:27:35.595 INFO: JdwpEventCenterDelegate: THREAD_RESUMED: thread (33, main, main)
15:27:35.596 INFO: JdwpEventCenterDelegate: THREAD_RESUMED: thread (33, main, main)
15:27:35.597 INFO: JdwpEventCenterDelegate: THREAD_RESUMED: thread (33, main, main)
15:27:35.600 INFO: JdwpEventCenterDelegate: THREAD_RESUMED: thread (33, main, main)
15:27:35.601 INFO: JdwpEventCenterDelegate: THREAD_RESUMED: thread (33, main, main)
15:27:35.602 INFO: JdwpEventCenterDelegate: THREAD_RESUMED: thread (33, main, main)
15:27:35.603 INFO: JdwpEventCenterDelegate: THREAD_RESUMED: thread (33, main, main)
15:27:35.604 INFO: JdwpEventCenterDelegate: THREAD_RESUMED: thread (33, main, main)
15:27:35.605 INFO: JdwpEventCenterDelegate: THREAD_RESUMED: thread (33, main, main)
15:27:35.607 INFO: JdwpEventCenterDelegate: THREAD_RESUMED: thread (33, main, main)
15:27:35.620 INFO: JdwpEventCenterDelegate: THREAD_RESUMED: thread (33, main, main)
15:27:35.621 INFO: JdwpEventCenterDelegate: THREAD_RESUMED: thread (33, main, main)
15:27:35.623 INFO: JdwpEventCenterDelegate: THREAD_RESUMED: thread (33, main, main)
15:27:35.624 INFO: JdwpEventCenterDelegate: THREAD_RESUMED: thread (33, main, main)
15:27:35.625 INFO: JdwpEventCenterDelegate: THREAD_RESUMED: thread (33, main, main)
15:27:35.627 INFO: JdwpEventCenterDelegate: THREAD_RESUMED: thread (33, main, main)
15:27:35.628 INFO: JdwpEventCenterDelegate: THREAD_RESUMED: thread (33, main, main)
15:27:35.667 INFO: JdwpEventCenterDelegate: THREAD_RESUMED: thread (33, main, main)
15:27:35.668 INFO: JdwpEventCenterDelegate: THREAD_RESUMED: thread (33, main, main)
15:27:35.669 INFO: JdwpEventCenterDelegate: THREAD_RESUMED: thread (33, main, main)
15:27:35.670 INFO: JdwpEventCenterDelegate: THREAD_RESUMED: thread (33, main, main)
15:27:35.671 INFO: JdwpEventCenterDelegate: THREAD_RESUMED: thread (33, main, main)
15:27:35.673 INFO: JdwpEventCenterDelegate: THREAD_RESUMED: thread (33, main, main)
15:27:35.674 INFO: JdwpEventCenterDelegate: THREAD_RESUMED: thread (33, main, main)
15:27:35.686 INFO: JdwpEventCenterDelegate: THREAD_RESUMED: thread (33, main, main)
15:27:35.687 INFO: JdwpEventCenterDelegate: THREAD_RESUMED: thread (33, main, main)
15:27:35.688 INFO: JdwpEventCenterDelegate: THREAD_RESUMED: thread (33, main, main)
15:27:35.690 INFO: JdwpEventCenterDelegate: THREAD_RESUMED: thread (33, main, main)
15:27:35.691 INFO: JdwpEventCenterDelegate: THREAD_RESUMED: thread (33, main, main)
15:27:35.692 INFO: JdwpEventCenterDelegate: THREAD_RESUMED: thread (33, main, main)
15:27:35.693 INFO: JdwpEventCenterDelegate: THREAD_RESUMED: thread (33, main, main)
15:27:35.702 INFO: JdwpEventCenterDelegate: THREAD_RESUMED: thread (33, main, main)
15:27:35.703 INFO: JdwpEventCenterDelegate: THREAD_RESUMED: thread (33, main, main)
15:27:35.704 INFO: JdwpEventCenterDelegate: THREAD_RESUMED: thread (33, main, main)
15:27:35.705 INFO: JdwpEventCenterDelegate: THREAD_RESUMED: thread (33, main, main)
15:27:35.707 INFO: JdwpEventCenterDelegate: THREAD_RESUMED: thread (33, main, main)
15:27:35.708 INFO: JdwpEventCenterDelegate: THREAD_RESUMED: thread (33, main, main)
15:27:35.709 INFO: JdwpEventCenterDelegate: THREAD_RESUMED: thread (33, main, main)
15:27:35.710 INFO: JdwpEventCenterDelegate: THREAD_RESUMED: thread (33, main, main)
15:27:35.711 INFO: JdwpEventCenterDelegate: THREAD_RESUMED: thread (33, main, main)
15:27:35.713 INFO: JdwpEventCenterDelegate: THREAD_RESUMED: thread (33, main, main)
15:27:35.714 INFO: JdwpEventCenterDelegate: THREAD_RESUMED: thread (33, main, main)
15:27:35.715 INFO: JdwpEventCenterDelegate: THREAD_RESUMED: thread (33, main, main)
15:27:35.716 INFO: JdwpEventCenterDelegate: THREAD_RESUMED: thread (33, main, main)
15:27:35.718 INFO: JdwpEventCenterDelegate: THREAD_RESUMED: thread (33, main, main)
15:27:35.719 INFO: JdwpEventCenterDelegate: THREAD_RESUMED: thread (33, main, main)
15:27:35.720 INFO: JdwpEventCenterDelegate: THREAD_RESUMED: thread (33, main, main)
15:27:35.722 INFO: JdwpEventCenterDelegate: THREAD_RESUMED: thread (33, main, main)
15:27:35.723 INFO: JdwpEventCenterDelegate: THREAD_RESUMED: thread (33, main, main)
15:27:35.727 INFO: JdwpEventCenterDelegate: THREAD_RESUMED: thread (33, main, main)
15:27:35.728 INFO: JdwpEventCenterDelegate: THREAD_RESUMED: thread (33, main, main)
15:27:35.858 INFO: JdwpEventCenterDelegate: THREAD_STARTED: thread (93, AssetManager, main)
15:27:35.961 INFO: JdwpEventCenterDelegate: THREAD_RESUMED: thread (33, main, main)
15:27:35.964 INFO: JdwpEventCenterDelegate: THREAD_RESUMED: thread (33, main, main)
15:27:38.672 INFO: JdwpEventCenterDelegate: THREAD_RESUMED: thread (33, main, main)
15:27:38.772 INFO: JdwpEventCenterDelegate: THREAD_RESUMED: thread (33, main, main)
15:27:38.774 INFO: JdwpEventCenterDelegate: THREAD_RESUMED: thread (33, main, main)
15:27:38.775 INFO: JdwpEventCenterDelegate: THREAD_RESUMED: thread (33, main, main)
15:27:38.777 INFO: JdwpEventCenterDelegate: THREAD_RESUMED: thread (33, main, main)
15:27:38.778 INFO: JdwpEventCenterDelegate: THREAD_RESUMED: thread (33, main, main)
15:27:38.784 INFO: JdwpEventCenterDelegate: THREAD_RESUMED: thread (33, main, main)
15:27:38.796 INFO: JdwpEventCenterDelegate: THREAD_RESUMED: thread (33, main, main)
15:27:38.797 INFO: JdwpEventCenterDelegate: THREAD_RESUMED: thread (33, main, main)
15:27:38.799 INFO: JdwpEventCenterDelegate: THREAD_RESUMED: thread (33, main, main)
15:27:38.801 INFO: JdwpEventCenterDelegate: THREAD_RESUMED: thread (33, main, main)
15:27:38.803 INFO: JdwpEventCenterDelegate: THREAD_RESUMED: thread (33, main, main)
15:27:38.808 INFO: JdwpEventCenterDelegate: THREAD_RESUMED: thread (33, main, main)
15:27:38.823 INFO: JdwpEventCenterDelegate: THREAD_RESUMED: thread (33, main, main)
15:27:38.825 INFO: JdwpEventCenterDelegate: THREAD_RESUMED: thread (33, main, main)
15:27:38.827 INFO: JdwpEventCenterDelegate: THREAD_RESUMED: thread (33, main, main)
15:27:38.830 INFO: JdwpEventCenterDelegate: THREAD_RESUMED: thread (33, main, main)
15:27:38.832 INFO: JdwpEventCenterDelegate: THREAD_RESUMED: thread (33, main, main)
15:27:38.837 INFO: JdwpEventCenterDelegate: THREAD_RESUMED: thread (33, main, main)
15:27:38.855 INFO: JdwpEventCenterDelegate: THREAD_RESUMED: thread (33, main, main)
15:27:38.857 INFO: JdwpEventCenterDelegate: THREAD_RESUMED: thread (33, main, main)
15:27:38.860 INFO: JdwpEventCenterDelegate: THREAD_RESUMED: thread (33, main, main)
15:27:38.861 INFO: JdwpEventCenterDelegate: THREAD_RESUMED: thread (33, main, main)
15:27:38.863 INFO: JdwpEventCenterDelegate: THREAD_RESUMED: thread (33, main, main)
15:27:38.867 INFO: JdwpEventCenterDelegate: THREAD_RESUMED: thread (33, main, main)
15:27:38.883 INFO: JdwpEventCenterDelegate: THREAD_RESUMED: thread (33, main, main)
15:27:38.884 INFO: JdwpEventCenterDelegate: THREAD_RESUMED: thread (33, main, main)
15:27:38.886 INFO: JdwpEventCenterDelegate: THREAD_RESUMED: thread (33, main, main)
15:27:38.888 INFO: JdwpEventCenterDelegate: THREAD_RESUMED: thread (33, main, main)
15:27:38.890 INFO: JdwpEventCenterDelegate: THREAD_RESUMED: thread (33, main, main)
15:27:38.894 INFO: JdwpEventCenterDelegate: THREAD_RESUMED: thread (33, main, main)
15:27:38.909 INFO: JdwpEventCenterDelegate: THREAD_RESUMED: thread (33, main, main)
15:27:38.912 INFO: JdwpEventCenterDelegate: THREAD_RESUMED: thread (33, main, main)
15:27:38.914 INFO: JdwpEventCenterDelegate: THREAD_RESUMED: thread (33, main, main)
15:27:38.916 INFO: JdwpEventCenterDelegate: THREAD_RESUMED: thread (33, main, main)
15:27:38.918 INFO: JdwpEventCenterDelegate: THREAD_RESUMED: thread (33, main, main)
15:27:38.922 INFO: JdwpEventCenterDelegate: THREAD_RESUMED: thread (33, main, main)
15:27:38.944 INFO: JdwpEventCenterDelegate: THREAD_RESUMED: thread (33, main, main)
15:27:38.946 INFO: JdwpEventCenterDelegate: THREAD_RESUMED: thread (33, main, main)
15:27:38.949 INFO: JdwpEventCenterDelegate: THREAD_RESUMED: thread (33, main, main)
15:27:38.951 INFO: JdwpEventCenterDelegate: THREAD_RESUMED: thread (33, main, main)
15:27:38.953 INFO: JdwpEventCenterDelegate: THREAD_RESUMED: thread (33, main, main)
15:27:38.957 INFO: JdwpEventCenterDelegate: THREAD_RESUMED: thread (33, main, main)
15:27:38.976 INFO: JdwpEventCenterDelegate: THREAD_RESUMED: thread (33, main, main)
15:27:38.978 INFO: JdwpEventCenterDelegate: THREAD_RESUMED: thread (33, main, main)
15:27:38.980 INFO: JdwpEventCenterDelegate: THREAD_RESUMED: thread (33, main, main)
15:27:38.982 INFO: JdwpEventCenterDelegate: THREAD_RESUMED: thread (33, main, main)
15:27:38.983 INFO: JdwpEventCenterDelegate: THREAD_RESUMED: thread (33, main, main)
15:27:38.987 INFO: JdwpEventCenterDelegate: THREAD_RESUMED: thread (33, main, main)
15:27:39.006 INFO: JdwpEventCenterDelegate: THREAD_RESUMED: thread (33, main, main)
15:27:39.008 INFO: JdwpEventCenterDelegate: THREAD_RESUMED: thread (33, main, main)
15:27:39.010 INFO: JdwpEventCenterDelegate: THREAD_RESUMED: thread (33, main, main)
15:27:39.012 INFO: JdwpEventCenterDelegate: THREAD_RESUMED: thread (33, main, main)
15:27:39.014 INFO: JdwpEventCenterDelegate: THREAD_RESUMED: thread (33, main, main)
15:27:39.019 INFO: JdwpEventCenterDelegate: THREAD_RESUMED: thread (33, main, main)
15:27:39.034 INFO: JdwpEventCenterDelegate: THREAD_RESUMED: thread (33, main, main)
15:27:39.036 INFO: JdwpEventCenterDelegate: THREAD_RESUMED: thread (33, main, main)
15:27:39.038 INFO: JdwpEventCenterDelegate: THREAD_RESUMED: thread (33, main, main)
15:27:39.041 INFO: JdwpEventCenterDelegate: THREAD_RESUMED: thread (33, main, main)
15:27:39.043 INFO: JdwpEventCenterDelegate: THREAD_RESUMED: thread (33, main, main)
15:27:39.047 INFO: JdwpEventCenterDelegate: THREAD_RESUMED: thread (33, main, main)
15:27:39.062 INFO: JdwpEventCenterDelegate: THREAD_RESUMED: thread (33, main, main)
15:27:39.064 INFO: JdwpEventCenterDelegate: THREAD_RESUMED: thread (33, main, main)
15:27:39.065 INFO: JdwpEventCenterDelegate: THREAD_RESUMED: thread (33, main, main)
15:27:39.068 INFO: JdwpEventCenterDelegate: THREAD_RESUMED: thread (33, main, main)
15:27:39.069 INFO: JdwpEventCenterDelegate: THREAD_RESUMED: thread (33, main, main)
15:27:39.073 INFO: JdwpEventCenterDelegate: THREAD_RESUMED: thread (33, main, main)
15:27:39.092 INFO: JdwpEventCenterDelegate: THREAD_RESUMED: thread (33, main, main)
15:27:39.094 INFO: JdwpEventCenterDelegate: THREAD_RESUMED: thread (33, main, main)
15:27:39.096 INFO: JdwpEventCenterDelegate: THREAD_RESUMED: thread (33, main, main)
15:27:39.098 INFO: JdwpEventCenterDelegate: THREAD_RESUMED: thread (33, main, main)
15:27:39.100 INFO: JdwpEventCenterDelegate: THREAD_RESUMED: thread (33, main, main)
15:27:39.104 INFO: JdwpEventCenterDelegate: THREAD_RESUMED: thread (33, main, main)
15:27:39.126 INFO: JdwpEventCenterDelegate: THREAD_RESUMED: thread (33, main, main)
15:27:39.128 INFO: JdwpEventCenterDelegate: THREAD_RESUMED: thread (33, main, main)
15:27:39.130 INFO: JdwpEventCenterDelegate: THREAD_RESUMED: thread (33, main, main)
15:27:39.132 INFO: JdwpEventCenterDelegate: THREAD_RESUMED: thread (33, main, main)
15:27:39.134 INFO: JdwpEventCenterDelegate: THREAD_RESUMED: thread (33, main, main)
15:27:39.138 INFO: JdwpEventCenterDelegate: THREAD_RESUMED: thread (33, main, main)
15:27:39.157 INFO: JdwpEventCenterDelegate: THREAD_RESUMED: thread (33, main, main)
15:27:39.159 INFO: JdwpEventCenterDelegate: THREAD_RESUMED: thread (33, main, main)
15:27:39.160 INFO: JdwpEventCenterDelegate: THREAD_RESUMED: thread (33, main, main)
15:27:39.163 INFO: JdwpEventCenterDelegate: THREAD_RESUMED: thread (33, main, main)
15:27:39.165 INFO: JdwpEventCenterDelegate: THREAD_RESUMED: thread (33, main, main)
15:27:39.169 INFO: JdwpEventCenterDelegate: THREAD_RESUMED: thread (33, main, main)
15:27:39.182 INFO: JdwpEventCenterDelegate: THREAD_RESUMED: thread (33, main, main)
15:27:39.184 INFO: JdwpEventCenterDelegate: THREAD_RESUMED: thread (33, main, main)
15:27:39.186 INFO: JdwpEventCenterDelegate: THREAD_RESUMED: thread (33, main, main)
15:27:39.187 INFO: JdwpEventCenterDelegate: THREAD_RESUMED: thread (33, main, main)
15:27:39.189 INFO: JdwpEventCenterDelegate: THREAD_RESUMED: thread (33, main, main)
15:27:39.194 INFO: JdwpEventCenterDelegate: THREAD_RESUMED: thread (33, main, main)
15:27:39.196 INFO: JdwpEventCenterDelegate: THREAD_RESUMED: thread (33, main, main)
15:27:39.198 INFO: JdwpEventCenterDelegate: THREAD_RESUMED: thread (33, main, main)
15:27:39.200 INFO: JdwpEventCenterDelegate: THREAD_RESUMED: thread (33, main, main)
15:27:39.204 INFO: JdwpEventCenterDelegate: THREAD_RESUMED: thread (33, main, main)
15:27:39.208 INFO: JdwpEventCenterDelegate: THREAD_RESUMED: thread (33, main, main)
15:27:39.210 INFO: JdwpEventCenterDelegate: THREAD_RESUMED: thread (33, main, main)
15:27:39.214 INFO: JdwpEventCenterDelegate: THREAD_RESUMED: thread (33, main, main)
15:27:39.215 INFO: JdwpEventCenterDelegate: THREAD_RESUMED: thread (33, main, main)
15:27:39.217 INFO: JdwpEventCenterDelegate: THREAD_RESUMED: thread (33, main, main)
15:27:39.219 INFO: JdwpEventCenterDelegate: THREAD_RESUMED: thread (33, main, main)
15:27:39.221 INFO: JdwpEventCenterDelegate: THREAD_RESUMED: thread (33, main, main)
15:27:39.223 INFO: JdwpEventCenterDelegate: THREAD_RESUMED: thread (33, main, main)
15:27:39.225 INFO: JdwpEventCenterDelegate: THREAD_RESUMED: thread (33, main, main)
15:27:39.226 INFO: JdwpEventCenterDelegate: THREAD_RESUMED: thread (33, main, main)
15:27:39.228 INFO: JdwpEventCenterDelegate: THREAD_RESUMED: thread (33, main, main)
15:27:39.232 INFO: JdwpEventCenterDelegate: THREAD_RESUMED: thread (33, main, main)
15:27:39.244 INFO: JdwpEventCenterDelegate: THREAD_RESUMED: thread (33, main, main)
15:27:39.262 INFO: JdwpEventCenterDelegate: THREAD_RESUMED: thread (33, main, main)
15:27:39.273 INFO: JdwpEventCenterDelegate: THREAD_RESUMED: thread (33, main, main)
15:27:39.285 INFO: JdwpEventCenterDelegate: THREAD_RESUMED: thread (33, main, main)
15:27:39.316 INFO: JdwpEventCenterDelegate: THREAD_RESUMED: thread (33, main, main)
15:27:39.318 INFO: JdwpEventCenterDelegate: THREAD_RESUMED: thread (33, main, main)
15:27:39.320 INFO: JdwpEventCenterDelegate: THREAD_RESUMED: thread (33, main, main)
15:27:39.322 INFO: JdwpEventCenterDelegate: THREAD_RESUMED: thread (33, main, main)
15:27:39.324 INFO: JdwpEventCenterDelegate: THREAD_RESUMED: thread (33, main, main)
15:27:39.328 INFO: JdwpEventCenterDelegate: THREAD_RESUMED: thread (33, main, main)
15:27:39.340 INFO: JdwpEventCenterDelegate: THREAD_RESUMED: thread (33, main, main)
15:27:39.342 INFO: JdwpEventCenterDelegate: THREAD_RESUMED: thread (33, main, main)
15:27:39.344 INFO: JdwpEventCenterDelegate: THREAD_RESUMED: thread (33, main, main)
15:27:39.346 INFO: JdwpEventCenterDelegate: THREAD_RESUMED: thread (33, main, main)
15:27:39.348 INFO: JdwpEventCenterDelegate: THREAD_RESUMED: thread (33, main, main)
15:27:39.353 INFO: JdwpEventCenterDelegate: THREAD_RESUMED: thread (33, main, main)
15:27:39.366 INFO: JdwpEventCenterDelegate: THREAD_RESUMED: thread (33, main, main)
15:27:39.368 INFO: JdwpEventCenterDelegate: THREAD_RESUMED: thread (33, main, main)
15:27:39.371 INFO: JdwpEventCenterDelegate: THREAD_RESUMED: thread (33, main, main)
15:27:39.373 INFO: JdwpEventCenterDelegate: THREAD_RESUMED: thread (33, main, main)
15:27:39.375 INFO: JdwpEventCenterDelegate: THREAD_RESUMED: thread (33, main, main)
15:27:39.379 INFO: JdwpEventCenterDelegate: THREAD_RESUMED: thread (33, main, main)
15:27:39.396 INFO: JdwpEventCenterDelegate: THREAD_RESUMED: thread (33, main, main)
15:27:39.398 INFO: JdwpEventCenterDelegate: THREAD_RESUMED: thread (33, main, main)
15:27:39.400 INFO: JdwpEventCenterDelegate: THREAD_RESUMED: thread (33, main, main)
15:27:39.402 INFO: JdwpEventCenterDelegate: THREAD_RESUMED: thread (33, main, main)
15:27:39.404 INFO: JdwpEventCenterDelegate: THREAD_RESUMED: thread (33, main, main)
15:27:39.408 INFO: JdwpEventCenterDelegate: THREAD_RESUMED: thread (33, main, main)
15:27:39.423 INFO: JdwpEventCenterDelegate: THREAD_RESUMED: thread (33, main, main)
15:27:39.425 INFO: JdwpEventCenterDelegate: THREAD_RESUMED: thread (33, main, main)
15:27:39.427 INFO: JdwpEventCenterDelegate: THREAD_RESUMED: thread (33, main, main)
15:27:39.430 INFO: JdwpEventCenterDelegate: THREAD_RESUMED: thread (33, main, main)
15:27:39.432 INFO: JdwpEventCenterDelegate: THREAD_RESUMED: thread (33, main, main)
15:27:39.436 INFO: JdwpEventCenterDelegate: THREAD_RESUMED: thread (33, main, main)
15:27:39.451 INFO: JdwpEventCenterDelegate: THREAD_RESUMED: thread (33, main, main)
15:27:39.453 INFO: JdwpEventCenterDelegate: THREAD_RESUMED: thread (33, main, main)
15:27:39.455 INFO: JdwpEventCenterDelegate: THREAD_RESUMED: thread (33, main, main)
15:27:39.457 INFO: JdwpEventCenterDelegate: THREAD_RESUMED: thread (33, main, main)
15:27:39.459 INFO: JdwpEventCenterDelegate: THREAD_RESUMED: thread (33, main, main)
15:27:39.463 INFO: JdwpEventCenterDelegate: THREAD_RESUMED: thread (33, main, main)
15:27:39.485 INFO: JdwpEventCenterDelegate: THREAD_RESUMED: thread (33, main, main)
15:27:39.487 INFO: JdwpEventCenterDelegate: THREAD_RESUMED: thread (33, main, main)
15:27:39.489 INFO: JdwpEventCenterDelegate: THREAD_RESUMED: thread (33, main, main)
15:27:39.491 INFO: JdwpEventCenterDelegate: THREAD_RESUMED: thread (33, main, main)
15:27:39.493 INFO: JdwpEventCenterDelegate: THREAD_RESUMED: thread (33, main, main)
15:27:39.498 INFO: JdwpEventCenterDelegate: THREAD_RESUMED: thread (33, main, main)
15:27:39.515 INFO: JdwpEventCenterDelegate: THREAD_RESUMED: thread (33, main, main)
15:27:39.517 INFO: JdwpEventCenterDelegate: THREAD_RESUMED: thread (33, main, main)
15:27:39.519 INFO: JdwpEventCenterDelegate: THREAD_RESUMED: thread (33, main, main)
15:27:39.521 INFO: JdwpEventCenterDelegate: THREAD_RESUMED: thread (33, main, main)
15:27:39.523 INFO: JdwpEventCenterDelegate: THREAD_RESUMED: thread (33, main, main)
15:27:39.527 INFO: JdwpEventCenterDelegate: THREAD_RESUMED: thread (33, main, main)
15:27:39.544 INFO: JdwpEventCenterDelegate: THREAD_RESUMED: thread (33, main, main)
15:27:39.546 INFO: JdwpEventCenterDelegate: THREAD_RESUMED: thread (33, main, main)
15:27:39.549 INFO: JdwpEventCenterDelegate: THREAD_RESUMED: thread (33, main, main)
15:27:39.551 INFO: JdwpEventCenterDelegate: THREAD_RESUMED: thread (33, main, main)
15:27:39.553 INFO: JdwpEventCenterDelegate: THREAD_RESUMED: thread (33, main, main)
15:27:39.558 INFO: JdwpEventCenterDelegate: THREAD_RESUMED: thread (33, main, main)
15:27:39.572 INFO: JdwpEventCenterDelegate: THREAD_RESUMED: thread (33, main, main)
15:27:39.574 INFO: JdwpEventCenterDelegate: THREAD_RESUMED: thread (33, main, main)
15:27:39.577 INFO: JdwpEventCenterDelegate: THREAD_RESUMED: thread (33, main, main)
15:27:39.579 INFO: JdwpEventCenterDelegate: THREAD_RESUMED: thread (33, main, main)
15:27:39.581 INFO: JdwpEventCenterDelegate: THREAD_RESUMED: thread (33, main, main)
15:27:39.586 INFO: JdwpEventCenterDelegate: THREAD_RESUMED: thread (33, main, main)
15:27:39.600 INFO: JdwpEventCenterDelegate: THREAD_RESUMED: thread (33, main, main)
15:27:39.601 INFO: JdwpEventCenterDelegate: THREAD_RESUMED: thread (33, main, main)
15:27:39.603 INFO: JdwpEventCenterDelegate: THREAD_RESUMED: thread (33, main, main)
15:27:39.605 INFO: JdwpEventCenterDelegate: THREAD_RESUMED: thread (33, main, main)
15:27:39.607 INFO: JdwpEventCenterDelegate: THREAD_RESUMED: thread (33, main, main)
15:27:39.611 INFO: JdwpEventCenterDelegate: THREAD_RESUMED: thread (33, main, main)
15:27:39.630 INFO: JdwpEventCenterDelegate: THREAD_RESUMED: thread (33, main, main)
15:27:39.632 INFO: JdwpEventCenterDelegate: THREAD_RESUMED: thread (33, main, main)
15:27:39.635 INFO: JdwpEventCenterDelegate: THREAD_RESUMED: thread (33, main, main)
15:27:39.637 INFO: JdwpEventCenterDelegate: THREAD_RESUMED: thread (33, main, main)
15:27:39.639 INFO: JdwpEventCenterDelegate: THREAD_RESUMED: thread (33, main, main)
15:27:39.644 INFO: JdwpEventCenterDelegate: THREAD_RESUMED: thread (33, main, main)
15:27:39.668 INFO: JdwpEventCenterDelegate: THREAD_RESUMED: thread (33, main, main)
15:27:39.670 INFO: JdwpEventCenterDelegate: THREAD_RESUMED: thread (33, main, main)
15:27:39.672 INFO: JdwpEventCenterDelegate: THREAD_RESUMED: thread (33, main, main)
15:27:39.674 INFO: JdwpEventCenterDelegate: THREAD_RESUMED: thread (33, main, main)
15:27:39.676 INFO: JdwpEventCenterDelegate: THREAD_RESUMED: thread (33, main, main)
15:27:39.680 INFO: JdwpEventCenterDelegate: THREAD_RESUMED: thread (33, main, main)
15:27:39.698 INFO: JdwpEventCenterDelegate: THREAD_RESUMED: thread (33, main, main)
15:27:39.700 INFO: JdwpEventCenterDelegate: THREAD_RESUMED: thread (33, main, main)
15:27:39.702 INFO: JdwpEventCenterDelegate: THREAD_RESUMED: thread (33, main, main)
15:27:39.704 INFO: JdwpEventCenterDelegate: THREAD_RESUMED: thread (33, main, main)
15:27:39.707 INFO: JdwpEventCenterDelegate: THREAD_RESUMED: thread (33, main, main)
15:27:39.711 INFO: JdwpEventCenterDelegate: THREAD_RESUMED: thread (33, main, main)
15:27:39.724 INFO: JdwpEventCenterDelegate: THREAD_RESUMED: thread (33, main, main)
15:27:39.726 INFO: JdwpEventCenterDelegate: THREAD_RESUMED: thread (33, main, main)
15:27:39.728 INFO: JdwpEventCenterDelegate: THREAD_RESUMED: thread (33, main, main)
15:27:39.730 INFO: JdwpEventCenterDelegate: THREAD_RESUMED: thread (33, main, main)
15:27:39.732 INFO: JdwpEventCenterDelegate: THREAD_RESUMED: thread (33, main, main)
15:27:43.006 INFO: JdwpDebugServer: handling req: VirtualMachine(1).Exit(10)
15:27:43.006 SEVERE: Debugger: Thread JDWP server socket thread crashed
org.robovm.debugger.DebuggerException: Terminating due exit command
	at org.robovm.debugger.jdwp.JdwpDebugServer.doSocketWork(JdwpDebugServer.java:211)
	at java.base/java.lang.Thread.run(Thread.java:834)
	at org.robovm.debugger.utils.DebuggerThread.run(DebuggerThread.java:42)
15:27:43.511 SEVERE: Debugger: Thread HooksChannel socket thread crashed
org.robovm.debugger.DebuggerException: java.io.IOException: org.robovm.libimobiledevice.LibIMobileDeviceException: IDEVICE_E_UNKNOWN_ERROR
	at org.robovm.debugger.hooks.HooksChannel.doSocketWork(HooksChannel.java:149)
	at java.base/java.lang.Thread.run(Thread.java:834)
	at org.robovm.debugger.utils.DebuggerThread.run(DebuggerThread.java:42)
Caused by: java.io.IOException: org.robovm.libimobiledevice.LibIMobileDeviceException: IDEVICE_E_UNKNOWN_ERROR
	at org.robovm.libimobiledevice.IDeviceConnection$DeviceInputStream.read(IDeviceConnection.java:203)
	at org.robovm.debugger.utils.bytebuffer.DataBufferWriter.writeFromStream(DataBufferWriter.java:89)
	at org.robovm.debugger.hooks.HooksChannel.doSocketWork(HooksChannel.java:116)
	... 2 more
Caused by: org.robovm.libimobiledevice.LibIMobileDeviceException: IDEVICE_E_UNKNOWN_ERROR
	at org.robovm.libimobiledevice.IDevice.checkResult(IDevice.java:206)
	at org.robovm.libimobiledevice.IDeviceConnection.receive(IDeviceConnection.java:110)
	at org.robovm.libimobiledevice.IDeviceConnection.receive(IDeviceConnection.java:81)
	at org.robovm.libimobiledevice.IDeviceConnection$DeviceInputStream.read(IDeviceConnection.java:201)
	... 4 more
