22:29:29.268 INFO: JdwpDebugServer: handling req: VirtualMachine(1).IDSizes(7)
22:29:29.268 INFO: JdwpDebugServer: handling req: EventRequest(15).Set(1)
22:29:29.268 INFO: JdwpEventCenterDelegate: jdwpSetEventRequest: JdwpEventRequest{requestId=100, eventKind=CLASS_PREPARE, suspendPolicy=NONE, predicates=[]}
22:29:29.268 INFO: JdwpDebugServer: handling req: EventRequest(15).Set(1)
22:29:29.268 INFO: JdwpEventCenterDelegate: jdwpSetEventRequest: JdwpEventRequest{requestId=101, eventKind=CLASS_UNLOAD, suspendPolicy=NONE, predicates=[]}
22:29:29.289 INFO: JdwpDebugServer: handling req: VirtualMachine(1).Version(1)
22:29:29.289 INFO: JdwpDebugServer: handling req: VirtualMachine(1).capabilitiesNew(17)
22:29:29.289 INFO: JdwpDebugServer: handling req: VirtualMachine(1).capabilities(12)
22:29:29.289 INFO: JdwpDebugServer: handling req: VirtualMachine(1).AllClassesWithGeneric(20)
22:29:29.292 INFO: JdwpDebugServer: handling req: VirtualMachine(1).TopLevelThreadGroups(5)
22:29:29.293 INFO: JdwpDebugServer: handling req: EventRequest(15).Set(1)
22:29:29.293 INFO: JdwpEventCenterDelegate: jdwpSetEventRequest: JdwpEventRequest{requestId=102, eventKind=THREAD_START, suspendPolicy=NONE, predicates=[]}
22:29:29.293 INFO: JdwpDebugServer: handling req: EventRequest(15).Set(1)
22:29:29.293 INFO: JdwpEventCenterDelegate: jdwpSetEventRequest: JdwpEventRequest{requestId=103, eventKind=THREAD_DEATH, suspendPolicy=NONE, predicates=[]}
22:29:29.295 INFO: JdwpDebugServer: handling req: EventRequest(15).Set(1)
22:29:29.295 INFO: JdwpEventCenterDelegate: jdwpSetEventRequest: JdwpEventRequest{requestId=104, eventKind=CLASS_PREPARE, suspendPolicy=EVENT_THREAD, predicates=[className=sun.instrument.InstrumentationImpl]}
22:29:29.295 INFO: JdwpDebugServer: handling req: EventRequest(15).Set(1)
22:29:29.295 INFO: JdwpEventCenterDelegate: jdwpSetEventRequest: JdwpEventRequest{requestId=105, eventKind=CLASS_PREPARE, suspendPolicy=EVENT_THREAD, predicates=[className=sun.instrument.InstrumentationImpl]}
22:29:29.883 INFO: JdwpDebugServer: handling req: VirtualMachine(1).Resume(9)
22:29:29.936 INFO: JdwpEventCenterDelegate: THREAD_STARTED: thread (33, main, main)
22:29:29.956 INFO: JdwpEventCenterDelegate: THREAD_STARTED: thread (48, ReferenceQueueDaemon, main)
22:29:29.964 INFO: JdwpEventCenterDelegate: THREAD_STARTED: thread (63, FinalizerDaemon, main)
22:29:29.971 INFO: JdwpEventCenterDelegate: THREAD_STARTED: thread (78, FinalizerWatchdogDaemon, main)
22:29:29.974 INFO: JdwpEventCenterDelegate: THREAD_RESUMED: thread (33, main, main)
22:29:29.975 INFO: JdwpEventCenterDelegate: THREAD_RESUMED: thread (33, main, main)
22:29:29.977 INFO: JdwpEventCenterDelegate: THREAD_RESUMED: thread (33, main, main)
22:29:29.978 INFO: JdwpEventCenterDelegate: THREAD_RESUMED: thread (33, main, main)
22:29:29.979 INFO: JdwpEventCenterDelegate: THREAD_RESUMED: thread (33, main, main)
22:29:29.980 INFO: JdwpEventCenterDelegate: THREAD_RESUMED: thread (33, main, main)
22:29:29.981 INFO: JdwpEventCenterDelegate: THREAD_RESUMED: thread (33, main, main)
22:29:29.982 INFO: JdwpEventCenterDelegate: THREAD_RESUMED: thread (33, main, main)
22:29:29.983 INFO: JdwpEventCenterDelegate: THREAD_RESUMED: thread (33, main, main)
22:29:29.985 INFO: JdwpEventCenterDelegate: THREAD_RESUMED: thread (33, main, main)
22:29:29.986 INFO: JdwpEventCenterDelegate: THREAD_RESUMED: thread (33, main, main)
22:29:29.987 INFO: JdwpEventCenterDelegate: THREAD_RESUMED: thread (33, main, main)
22:29:29.988 INFO: JdwpEventCenterDelegate: THREAD_RESUMED: thread (33, main, main)
22:29:29.989 INFO: JdwpEventCenterDelegate: THREAD_RESUMED: thread (33, main, main)
22:29:29.990 INFO: JdwpEventCenterDelegate: THREAD_RESUMED: thread (33, main, main)
22:29:29.992 INFO: JdwpEventCenterDelegate: THREAD_RESUMED: thread (33, main, main)
22:29:29.993 INFO: JdwpEventCenterDelegate: THREAD_RESUMED: thread (33, main, main)
22:29:29.994 INFO: JdwpEventCenterDelegate: THREAD_RESUMED: thread (33, main, main)
22:29:29.998 INFO: JdwpEventCenterDelegate: THREAD_RESUMED: thread (33, main, main)
22:29:29.999 INFO: JdwpEventCenterDelegate: THREAD_RESUMED: thread (33, main, main)
22:29:30.000 INFO: JdwpEventCenterDelegate: THREAD_RESUMED: thread (33, main, main)
22:29:30.001 INFO: JdwpEventCenterDelegate: THREAD_RESUMED: thread (33, main, main)
22:29:30.003 INFO: JdwpEventCenterDelegate: THREAD_RESUMED: thread (33, main, main)
22:29:30.004 INFO: JdwpEventCenterDelegate: THREAD_RESUMED: thread (33, main, main)
22:29:30.005 INFO: JdwpEventCenterDelegate: THREAD_RESUMED: thread (33, main, main)
22:29:30.037 INFO: JdwpEventCenterDelegate: THREAD_RESUMED: thread (33, main, main)
22:29:30.038 INFO: JdwpEventCenterDelegate: THREAD_RESUMED: thread (33, main, main)
22:29:30.040 INFO: JdwpEventCenterDelegate: THREAD_RESUMED: thread (33, main, main)
22:29:30.041 INFO: JdwpEventCenterDelegate: THREAD_RESUMED: thread (33, main, main)
22:29:30.043 INFO: JdwpEventCenterDelegate: THREAD_RESUMED: thread (33, main, main)
22:29:30.044 INFO: JdwpEventCenterDelegate: THREAD_RESUMED: thread (33, main, main)
22:29:30.046 INFO: JdwpEventCenterDelegate: THREAD_RESUMED: thread (33, main, main)
22:29:30.048 INFO: JdwpEventCenterDelegate: THREAD_RESUMED: thread (33, main, main)
22:29:30.049 INFO: JdwpEventCenterDelegate: THREAD_RESUMED: thread (33, main, main)
22:29:30.050 INFO: JdwpEventCenterDelegate: THREAD_RESUMED: thread (33, main, main)
22:29:30.051 INFO: JdwpEventCenterDelegate: THREAD_RESUMED: thread (33, main, main)
22:29:30.053 INFO: JdwpEventCenterDelegate: THREAD_RESUMED: thread (33, main, main)
22:29:30.054 INFO: JdwpEventCenterDelegate: THREAD_RESUMED: thread (33, main, main)
22:29:30.055 INFO: JdwpEventCenterDelegate: THREAD_RESUMED: thread (33, main, main)
22:29:30.070 INFO: JdwpEventCenterDelegate: THREAD_RESUMED: thread (33, main, main)
22:29:30.072 INFO: JdwpEventCenterDelegate: THREAD_RESUMED: thread (33, main, main)
22:29:30.074 INFO: JdwpEventCenterDelegate: THREAD_RESUMED: thread (33, main, main)
22:29:30.075 INFO: JdwpEventCenterDelegate: THREAD_RESUMED: thread (33, main, main)
22:29:30.077 INFO: JdwpEventCenterDelegate: THREAD_RESUMED: thread (33, main, main)
22:29:30.078 INFO: JdwpEventCenterDelegate: THREAD_RESUMED: thread (33, main, main)
22:29:30.079 INFO: JdwpEventCenterDelegate: THREAD_RESUMED: thread (33, main, main)
22:29:30.118 INFO: JdwpEventCenterDelegate: THREAD_RESUMED: thread (33, main, main)
22:29:30.119 INFO: JdwpEventCenterDelegate: THREAD_RESUMED: thread (33, main, main)
22:29:30.120 INFO: JdwpEventCenterDelegate: THREAD_RESUMED: thread (33, main, main)
22:29:30.121 INFO: JdwpEventCenterDelegate: THREAD_RESUMED: thread (33, main, main)
22:29:30.123 INFO: JdwpEventCenterDelegate: THREAD_RESUMED: thread (33, main, main)
22:29:30.124 INFO: JdwpEventCenterDelegate: THREAD_RESUMED: thread (33, main, main)
22:29:30.126 INFO: JdwpEventCenterDelegate: THREAD_RESUMED: thread (33, main, main)
22:29:30.139 INFO: JdwpEventCenterDelegate: THREAD_RESUMED: thread (33, main, main)
22:29:30.140 INFO: JdwpEventCenterDelegate: THREAD_RESUMED: thread (33, main, main)
22:29:30.142 INFO: JdwpEventCenterDelegate: THREAD_RESUMED: thread (33, main, main)
22:29:30.143 INFO: JdwpEventCenterDelegate: THREAD_RESUMED: thread (33, main, main)
22:29:30.144 INFO: JdwpEventCenterDelegate: THREAD_RESUMED: thread (33, main, main)
22:29:30.145 INFO: JdwpEventCenterDelegate: THREAD_RESUMED: thread (33, main, main)
22:29:30.146 INFO: JdwpEventCenterDelegate: THREAD_RESUMED: thread (33, main, main)
22:29:30.156 INFO: JdwpEventCenterDelegate: THREAD_RESUMED: thread (33, main, main)
22:29:30.157 INFO: JdwpEventCenterDelegate: THREAD_RESUMED: thread (33, main, main)
22:29:30.159 INFO: JdwpEventCenterDelegate: THREAD_RESUMED: thread (33, main, main)
22:29:30.160 INFO: JdwpEventCenterDelegate: THREAD_RESUMED: thread (33, main, main)
22:29:30.161 INFO: JdwpEventCenterDelegate: THREAD_RESUMED: thread (33, main, main)
22:29:30.162 INFO: JdwpEventCenterDelegate: THREAD_RESUMED: thread (33, main, main)
22:29:30.164 INFO: JdwpEventCenterDelegate: THREAD_RESUMED: thread (33, main, main)
22:29:30.165 INFO: JdwpEventCenterDelegate: THREAD_RESUMED: thread (33, main, main)
22:29:30.166 INFO: JdwpEventCenterDelegate: THREAD_RESUMED: thread (33, main, main)
22:29:30.168 INFO: JdwpEventCenterDelegate: THREAD_RESUMED: thread (33, main, main)
22:29:30.169 INFO: JdwpEventCenterDelegate: THREAD_RESUMED: thread (33, main, main)
22:29:30.171 INFO: JdwpEventCenterDelegate: THREAD_RESUMED: thread (33, main, main)
22:29:30.172 INFO: JdwpEventCenterDelegate: THREAD_RESUMED: thread (33, main, main)
22:29:30.174 INFO: JdwpEventCenterDelegate: THREAD_RESUMED: thread (33, main, main)
22:29:30.175 INFO: JdwpEventCenterDelegate: THREAD_RESUMED: thread (33, main, main)
22:29:30.176 INFO: JdwpEventCenterDelegate: THREAD_RESUMED: thread (33, main, main)
22:29:30.178 INFO: JdwpEventCenterDelegate: THREAD_RESUMED: thread (33, main, main)
22:29:30.179 INFO: JdwpEventCenterDelegate: THREAD_RESUMED: thread (33, main, main)
22:29:30.183 INFO: JdwpEventCenterDelegate: THREAD_RESUMED: thread (33, main, main)
22:29:30.185 INFO: JdwpEventCenterDelegate: THREAD_RESUMED: thread (33, main, main)
22:29:30.311 INFO: JdwpEventCenterDelegate: THREAD_STARTED: thread (93, AssetManager, main)
22:29:30.413 INFO: JdwpEventCenterDelegate: THREAD_RESUMED: thread (33, main, main)
22:29:30.415 INFO: JdwpEventCenterDelegate: THREAD_RESUMED: thread (33, main, main)
22:29:32.975 INFO: JdwpEventCenterDelegate: THREAD_RESUMED: thread (33, main, main)
22:29:33.074 INFO: JdwpEventCenterDelegate: THREAD_RESUMED: thread (33, main, main)
22:29:33.075 INFO: JdwpEventCenterDelegate: THREAD_RESUMED: thread (33, main, main)
22:29:33.077 INFO: JdwpEventCenterDelegate: THREAD_RESUMED: thread (33, main, main)
22:29:33.079 INFO: JdwpEventCenterDelegate: THREAD_RESUMED: thread (33, main, main)
22:29:33.080 INFO: JdwpEventCenterDelegate: THREAD_RESUMED: thread (33, main, main)
22:29:33.086 INFO: JdwpEventCenterDelegate: THREAD_RESUMED: thread (33, main, main)
22:29:33.098 INFO: JdwpEventCenterDelegate: THREAD_RESUMED: thread (33, main, main)
22:29:33.100 INFO: JdwpEventCenterDelegate: THREAD_RESUMED: thread (33, main, main)
22:29:33.103 INFO: JdwpEventCenterDelegate: THREAD_RESUMED: thread (33, main, main)
22:29:33.105 INFO: JdwpEventCenterDelegate: THREAD_RESUMED: thread (33, main, main)
22:29:33.107 INFO: JdwpEventCenterDelegate: THREAD_RESUMED: thread (33, main, main)
22:29:33.112 INFO: JdwpEventCenterDelegate: THREAD_RESUMED: thread (33, main, main)
22:29:33.127 INFO: JdwpEventCenterDelegate: THREAD_RESUMED: thread (33, main, main)
22:29:33.129 INFO: JdwpEventCenterDelegate: THREAD_RESUMED: thread (33, main, main)
22:29:33.131 INFO: JdwpEventCenterDelegate: THREAD_RESUMED: thread (33, main, main)
22:29:33.133 INFO: JdwpEventCenterDelegate: THREAD_RESUMED: thread (33, main, main)
22:29:33.135 INFO: JdwpEventCenterDelegate: THREAD_RESUMED: thread (33, main, main)
22:29:33.140 INFO: JdwpEventCenterDelegate: THREAD_RESUMED: thread (33, main, main)
22:29:33.158 INFO: JdwpEventCenterDelegate: THREAD_RESUMED: thread (33, main, main)
22:29:33.161 INFO: JdwpEventCenterDelegate: THREAD_RESUMED: thread (33, main, main)
22:29:33.163 INFO: JdwpEventCenterDelegate: THREAD_RESUMED: thread (33, main, main)
22:29:33.165 INFO: JdwpEventCenterDelegate: THREAD_RESUMED: thread (33, main, main)
22:29:33.168 INFO: JdwpEventCenterDelegate: THREAD_RESUMED: thread (33, main, main)
22:29:33.173 INFO: JdwpEventCenterDelegate: THREAD_RESUMED: thread (33, main, main)
22:29:33.188 INFO: JdwpEventCenterDelegate: THREAD_RESUMED: thread (33, main, main)
22:29:33.190 INFO: JdwpEventCenterDelegate: THREAD_RESUMED: thread (33, main, main)
22:29:33.193 INFO: JdwpEventCenterDelegate: THREAD_RESUMED: thread (33, main, main)
22:29:33.195 INFO: JdwpEventCenterDelegate: THREAD_RESUMED: thread (33, main, main)
22:29:33.197 INFO: JdwpEventCenterDelegate: THREAD_RESUMED: thread (33, main, main)
22:29:33.202 INFO: JdwpEventCenterDelegate: THREAD_RESUMED: thread (33, main, main)
22:29:33.217 INFO: JdwpEventCenterDelegate: THREAD_RESUMED: thread (33, main, main)
22:29:33.220 INFO: JdwpEventCenterDelegate: THREAD_RESUMED: thread (33, main, main)
22:29:33.221 INFO: JdwpEventCenterDelegate: THREAD_RESUMED: thread (33, main, main)
22:29:33.224 INFO: JdwpEventCenterDelegate: THREAD_RESUMED: thread (33, main, main)
22:29:33.226 INFO: JdwpEventCenterDelegate: THREAD_RESUMED: thread (33, main, main)
22:29:33.231 INFO: JdwpEventCenterDelegate: THREAD_RESUMED: thread (33, main, main)
22:29:33.253 INFO: JdwpEventCenterDelegate: THREAD_RESUMED: thread (33, main, main)
22:29:33.255 INFO: JdwpEventCenterDelegate: THREAD_RESUMED: thread (33, main, main)
22:29:33.258 INFO: JdwpEventCenterDelegate: THREAD_RESUMED: thread (33, main, main)
22:29:33.260 INFO: JdwpEventCenterDelegate: THREAD_RESUMED: thread (33, main, main)
22:29:33.262 INFO: JdwpEventCenterDelegate: THREAD_RESUMED: thread (33, main, main)
22:29:33.267 INFO: JdwpEventCenterDelegate: THREAD_RESUMED: thread (33, main, main)
22:29:33.286 INFO: JdwpEventCenterDelegate: THREAD_RESUMED: thread (33, main, main)
22:29:33.288 INFO: JdwpEventCenterDelegate: THREAD_RESUMED: thread (33, main, main)
22:29:33.290 INFO: JdwpEventCenterDelegate: THREAD_RESUMED: thread (33, main, main)
22:29:33.293 INFO: JdwpEventCenterDelegate: THREAD_RESUMED: thread (33, main, main)
22:29:33.294 INFO: JdwpEventCenterDelegate: THREAD_RESUMED: thread (33, main, main)
22:29:33.299 INFO: JdwpEventCenterDelegate: THREAD_RESUMED: thread (33, main, main)
22:29:33.318 INFO: JdwpEventCenterDelegate: THREAD_RESUMED: thread (33, main, main)
22:29:33.320 INFO: JdwpEventCenterDelegate: THREAD_RESUMED: thread (33, main, main)
22:29:33.323 INFO: JdwpEventCenterDelegate: THREAD_RESUMED: thread (33, main, main)
22:29:33.325 INFO: JdwpEventCenterDelegate: THREAD_RESUMED: thread (33, main, main)
22:29:33.327 INFO: JdwpEventCenterDelegate: THREAD_RESUMED: thread (33, main, main)
22:29:33.332 INFO: JdwpEventCenterDelegate: THREAD_RESUMED: thread (33, main, main)
22:29:33.347 INFO: JdwpEventCenterDelegate: THREAD_RESUMED: thread (33, main, main)
22:29:33.349 INFO: JdwpEventCenterDelegate: THREAD_RESUMED: thread (33, main, main)
22:29:33.351 INFO: JdwpEventCenterDelegate: THREAD_RESUMED: thread (33, main, main)
22:29:33.353 INFO: JdwpEventCenterDelegate: THREAD_RESUMED: thread (33, main, main)
22:29:33.355 INFO: JdwpEventCenterDelegate: THREAD_RESUMED: thread (33, main, main)
22:29:33.360 INFO: JdwpEventCenterDelegate: THREAD_RESUMED: thread (33, main, main)
22:29:33.375 INFO: JdwpEventCenterDelegate: THREAD_RESUMED: thread (33, main, main)
22:29:33.377 INFO: JdwpEventCenterDelegate: THREAD_RESUMED: thread (33, main, main)
22:29:33.379 INFO: JdwpEventCenterDelegate: THREAD_RESUMED: thread (33, main, main)
22:29:33.381 INFO: JdwpEventCenterDelegate: THREAD_RESUMED: thread (33, main, main)
22:29:33.383 INFO: JdwpEventCenterDelegate: THREAD_RESUMED: thread (33, main, main)
22:29:33.387 INFO: JdwpEventCenterDelegate: THREAD_RESUMED: thread (33, main, main)
22:29:33.410 INFO: JdwpEventCenterDelegate: THREAD_RESUMED: thread (33, main, main)
22:29:33.412 INFO: JdwpEventCenterDelegate: THREAD_RESUMED: thread (33, main, main)
22:29:33.415 INFO: JdwpEventCenterDelegate: THREAD_RESUMED: thread (33, main, main)
22:29:33.417 INFO: JdwpEventCenterDelegate: THREAD_RESUMED: thread (33, main, main)
22:29:33.419 INFO: JdwpEventCenterDelegate: THREAD_RESUMED: thread (33, main, main)
22:29:33.424 INFO: JdwpEventCenterDelegate: THREAD_RESUMED: thread (33, main, main)
22:29:33.446 INFO: JdwpEventCenterDelegate: THREAD_RESUMED: thread (33, main, main)
22:29:33.448 INFO: JdwpEventCenterDelegate: THREAD_RESUMED: thread (33, main, main)
22:29:33.451 INFO: JdwpEventCenterDelegate: THREAD_RESUMED: thread (33, main, main)
22:29:33.452 INFO: JdwpEventCenterDelegate: THREAD_RESUMED: thread (33, main, main)
22:29:33.455 INFO: JdwpEventCenterDelegate: THREAD_RESUMED: thread (33, main, main)
22:29:33.460 INFO: JdwpEventCenterDelegate: THREAD_RESUMED: thread (33, main, main)
22:29:33.479 INFO: JdwpEventCenterDelegate: THREAD_RESUMED: thread (33, main, main)
22:29:33.481 INFO: JdwpEventCenterDelegate: THREAD_RESUMED: thread (33, main, main)
22:29:33.483 INFO: JdwpEventCenterDelegate: THREAD_RESUMED: thread (33, main, main)
22:29:33.485 INFO: JdwpEventCenterDelegate: THREAD_RESUMED: thread (33, main, main)
22:29:33.487 INFO: JdwpEventCenterDelegate: THREAD_RESUMED: thread (33, main, main)
22:29:33.491 INFO: JdwpEventCenterDelegate: THREAD_RESUMED: thread (33, main, main)
22:29:33.504 INFO: JdwpEventCenterDelegate: THREAD_RESUMED: thread (33, main, main)
22:29:33.507 INFO: JdwpEventCenterDelegate: THREAD_RESUMED: thread (33, main, main)
22:29:33.509 INFO: JdwpEventCenterDelegate: THREAD_RESUMED: thread (33, main, main)
22:29:33.511 INFO: JdwpEventCenterDelegate: THREAD_RESUMED: thread (33, main, main)
22:29:33.512 INFO: JdwpEventCenterDelegate: THREAD_RESUMED: thread (33, main, main)
22:29:33.517 INFO: JdwpEventCenterDelegate: THREAD_RESUMED: thread (33, main, main)
22:29:33.519 INFO: JdwpEventCenterDelegate: THREAD_RESUMED: thread (33, main, main)
22:29:33.521 INFO: JdwpEventCenterDelegate: THREAD_RESUMED: thread (33, main, main)
22:29:33.523 INFO: JdwpEventCenterDelegate: THREAD_RESUMED: thread (33, main, main)
22:29:33.525 INFO: JdwpEventCenterDelegate: THREAD_RESUMED: thread (33, main, main)
22:29:33.527 INFO: JdwpEventCenterDelegate: THREAD_RESUMED: thread (33, main, main)
22:29:33.529 INFO: JdwpEventCenterDelegate: THREAD_RESUMED: thread (33, main, main)
22:29:33.533 INFO: JdwpEventCenterDelegate: THREAD_RESUMED: thread (33, main, main)
22:29:33.535 INFO: JdwpEventCenterDelegate: THREAD_RESUMED: thread (33, main, main)
22:29:33.537 INFO: JdwpEventCenterDelegate: THREAD_RESUMED: thread (33, main, main)
22:29:33.539 INFO: JdwpEventCenterDelegate: THREAD_RESUMED: thread (33, main, main)
22:29:33.549 INFO: JdwpEventCenterDelegate: THREAD_RESUMED: thread (33, main, main)
22:29:33.551 INFO: JdwpEventCenterDelegate: THREAD_RESUMED: thread (33, main, main)
22:29:33.553 INFO: JdwpEventCenterDelegate: THREAD_RESUMED: thread (33, main, main)
22:29:33.555 INFO: JdwpEventCenterDelegate: THREAD_RESUMED: thread (33, main, main)
22:29:33.557 INFO: JdwpEventCenterDelegate: THREAD_RESUMED: thread (33, main, main)
22:29:33.562 INFO: JdwpEventCenterDelegate: THREAD_RESUMED: thread (33, main, main)
22:29:33.574 INFO: JdwpEventCenterDelegate: THREAD_RESUMED: thread (33, main, main)
22:29:33.588 INFO: JdwpEventCenterDelegate: THREAD_RESUMED: thread (33, main, main)
22:29:33.599 INFO: JdwpEventCenterDelegate: THREAD_RESUMED: thread (33, main, main)
22:29:33.612 INFO: JdwpEventCenterDelegate: THREAD_RESUMED: thread (33, main, main)
22:29:33.642 INFO: JdwpEventCenterDelegate: THREAD_RESUMED: thread (33, main, main)
22:29:33.645 INFO: JdwpEventCenterDelegate: THREAD_RESUMED: thread (33, main, main)
22:29:33.647 INFO: JdwpEventCenterDelegate: THREAD_RESUMED: thread (33, main, main)
22:29:33.648 INFO: JdwpEventCenterDelegate: THREAD_RESUMED: thread (33, main, main)
22:29:33.651 INFO: JdwpEventCenterDelegate: THREAD_RESUMED: thread (33, main, main)
22:29:33.655 INFO: JdwpEventCenterDelegate: THREAD_RESUMED: thread (33, main, main)
22:29:33.667 INFO: JdwpEventCenterDelegate: THREAD_RESUMED: thread (33, main, main)
22:29:33.669 INFO: JdwpEventCenterDelegate: THREAD_RESUMED: thread (33, main, main)
22:29:33.671 INFO: JdwpEventCenterDelegate: THREAD_RESUMED: thread (33, main, main)
22:29:33.673 INFO: JdwpEventCenterDelegate: THREAD_RESUMED: thread (33, main, main)
22:29:33.675 INFO: JdwpEventCenterDelegate: THREAD_RESUMED: thread (33, main, main)
22:29:33.680 INFO: JdwpEventCenterDelegate: THREAD_RESUMED: thread (33, main, main)
22:29:33.698 INFO: JdwpEventCenterDelegate: THREAD_RESUMED: thread (33, main, main)
22:29:33.700 INFO: JdwpEventCenterDelegate: THREAD_RESUMED: thread (33, main, main)
22:29:33.703 INFO: JdwpEventCenterDelegate: THREAD_RESUMED: thread (33, main, main)
22:29:33.705 INFO: JdwpEventCenterDelegate: THREAD_RESUMED: thread (33, main, main)
22:29:33.707 INFO: JdwpEventCenterDelegate: THREAD_RESUMED: thread (33, main, main)
22:29:33.712 INFO: JdwpEventCenterDelegate: THREAD_RESUMED: thread (33, main, main)
22:29:33.729 INFO: JdwpEventCenterDelegate: THREAD_RESUMED: thread (33, main, main)
22:29:33.732 INFO: JdwpEventCenterDelegate: THREAD_RESUMED: thread (33, main, main)
22:29:33.734 INFO: JdwpEventCenterDelegate: THREAD_RESUMED: thread (33, main, main)
22:29:33.736 INFO: JdwpEventCenterDelegate: THREAD_RESUMED: thread (33, main, main)
22:29:33.738 INFO: JdwpEventCenterDelegate: THREAD_RESUMED: thread (33, main, main)
22:29:33.743 INFO: JdwpEventCenterDelegate: THREAD_RESUMED: thread (33, main, main)
22:29:33.758 INFO: JdwpEventCenterDelegate: THREAD_RESUMED: thread (33, main, main)
22:29:33.760 INFO: JdwpEventCenterDelegate: THREAD_RESUMED: thread (33, main, main)
22:29:33.762 INFO: JdwpEventCenterDelegate: THREAD_RESUMED: thread (33, main, main)
22:29:33.763 INFO: JdwpEventCenterDelegate: THREAD_RESUMED: thread (33, main, main)
22:29:33.765 INFO: JdwpEventCenterDelegate: THREAD_RESUMED: thread (33, main, main)
22:29:33.770 INFO: JdwpEventCenterDelegate: THREAD_RESUMED: thread (33, main, main)
22:29:33.785 INFO: JdwpEventCenterDelegate: THREAD_RESUMED: thread (33, main, main)
22:29:33.787 INFO: JdwpEventCenterDelegate: THREAD_RESUMED: thread (33, main, main)
22:29:33.789 INFO: JdwpEventCenterDelegate: THREAD_RESUMED: thread (33, main, main)
22:29:33.791 INFO: JdwpEventCenterDelegate: THREAD_RESUMED: thread (33, main, main)
22:29:33.793 INFO: JdwpEventCenterDelegate: THREAD_RESUMED: thread (33, main, main)
22:29:33.797 INFO: JdwpEventCenterDelegate: THREAD_RESUMED: thread (33, main, main)
22:29:33.815 INFO: JdwpEventCenterDelegate: THREAD_RESUMED: thread (33, main, main)
22:29:33.817 INFO: JdwpEventCenterDelegate: THREAD_RESUMED: thread (33, main, main)
22:29:33.819 INFO: JdwpEventCenterDelegate: THREAD_RESUMED: thread (33, main, main)
22:29:33.821 INFO: JdwpEventCenterDelegate: THREAD_RESUMED: thread (33, main, main)
22:29:33.823 INFO: JdwpEventCenterDelegate: THREAD_RESUMED: thread (33, main, main)
22:29:33.828 INFO: JdwpEventCenterDelegate: THREAD_RESUMED: thread (33, main, main)
22:29:33.845 INFO: JdwpEventCenterDelegate: THREAD_RESUMED: thread (33, main, main)
22:29:33.848 INFO: JdwpEventCenterDelegate: THREAD_RESUMED: thread (33, main, main)
22:29:33.849 INFO: JdwpEventCenterDelegate: THREAD_RESUMED: thread (33, main, main)
22:29:33.851 INFO: JdwpEventCenterDelegate: THREAD_RESUMED: thread (33, main, main)
22:29:33.854 INFO: JdwpEventCenterDelegate: THREAD_RESUMED: thread (33, main, main)
22:29:33.859 INFO: JdwpEventCenterDelegate: THREAD_RESUMED: thread (33, main, main)
22:29:33.876 INFO: JdwpEventCenterDelegate: THREAD_RESUMED: thread (33, main, main)
22:29:33.878 INFO: JdwpEventCenterDelegate: THREAD_RESUMED: thread (33, main, main)
22:29:33.880 INFO: JdwpEventCenterDelegate: THREAD_RESUMED: thread (33, main, main)
22:29:33.882 INFO: JdwpEventCenterDelegate: THREAD_RESUMED: thread (33, main, main)
22:29:33.884 INFO: JdwpEventCenterDelegate: THREAD_RESUMED: thread (33, main, main)
22:29:33.889 INFO: JdwpEventCenterDelegate: THREAD_RESUMED: thread (33, main, main)
22:29:33.907 INFO: JdwpEventCenterDelegate: THREAD_RESUMED: thread (33, main, main)
22:29:33.909 INFO: JdwpEventCenterDelegate: THREAD_RESUMED: thread (33, main, main)
22:29:33.911 INFO: JdwpEventCenterDelegate: THREAD_RESUMED: thread (33, main, main)
22:29:33.913 INFO: JdwpEventCenterDelegate: THREAD_RESUMED: thread (33, main, main)
22:29:33.915 INFO: JdwpEventCenterDelegate: THREAD_RESUMED: thread (33, main, main)
22:29:33.919 INFO: JdwpEventCenterDelegate: THREAD_RESUMED: thread (33, main, main)
22:29:33.933 INFO: JdwpEventCenterDelegate: THREAD_RESUMED: thread (33, main, main)
22:29:33.936 INFO: JdwpEventCenterDelegate: THREAD_RESUMED: thread (33, main, main)
22:29:33.938 INFO: JdwpEventCenterDelegate: THREAD_RESUMED: thread (33, main, main)
22:29:33.940 INFO: JdwpEventCenterDelegate: THREAD_RESUMED: thread (33, main, main)
22:29:33.942 INFO: JdwpEventCenterDelegate: THREAD_RESUMED: thread (33, main, main)
22:29:33.947 INFO: JdwpEventCenterDelegate: THREAD_RESUMED: thread (33, main, main)
22:29:33.965 INFO: JdwpEventCenterDelegate: THREAD_RESUMED: thread (33, main, main)
22:29:33.968 INFO: JdwpEventCenterDelegate: THREAD_RESUMED: thread (33, main, main)
22:29:33.970 INFO: JdwpEventCenterDelegate: THREAD_RESUMED: thread (33, main, main)
22:29:33.972 INFO: JdwpEventCenterDelegate: THREAD_RESUMED: thread (33, main, main)
22:29:33.974 INFO: JdwpEventCenterDelegate: THREAD_RESUMED: thread (33, main, main)
22:29:33.979 INFO: JdwpEventCenterDelegate: THREAD_RESUMED: thread (33, main, main)
22:29:34.000 INFO: JdwpEventCenterDelegate: THREAD_RESUMED: thread (33, main, main)
22:29:34.002 INFO: JdwpEventCenterDelegate: THREAD_RESUMED: thread (33, main, main)
22:29:34.004 INFO: JdwpEventCenterDelegate: THREAD_RESUMED: thread (33, main, main)
22:29:34.006 INFO: JdwpEventCenterDelegate: THREAD_RESUMED: thread (33, main, main)
22:29:34.008 INFO: JdwpEventCenterDelegate: THREAD_RESUMED: thread (33, main, main)
22:29:34.013 INFO: JdwpEventCenterDelegate: THREAD_RESUMED: thread (33, main, main)
22:29:34.031 INFO: JdwpEventCenterDelegate: THREAD_RESUMED: thread (33, main, main)
22:29:34.033 INFO: JdwpEventCenterDelegate: THREAD_RESUMED: thread (33, main, main)
22:29:34.035 INFO: JdwpEventCenterDelegate: THREAD_RESUMED: thread (33, main, main)
22:29:34.038 INFO: JdwpEventCenterDelegate: THREAD_RESUMED: thread (33, main, main)
22:29:34.040 INFO: JdwpEventCenterDelegate: THREAD_RESUMED: thread (33, main, main)
22:29:34.044 INFO: JdwpEventCenterDelegate: THREAD_RESUMED: thread (33, main, main)
22:29:34.057 INFO: JdwpEventCenterDelegate: THREAD_RESUMED: thread (33, main, main)
22:29:34.059 INFO: JdwpEventCenterDelegate: THREAD_RESUMED: thread (33, main, main)
22:29:34.061 INFO: JdwpEventCenterDelegate: THREAD_RESUMED: thread (33, main, main)
22:29:34.063 INFO: JdwpEventCenterDelegate: THREAD_RESUMED: thread (33, main, main)
22:29:34.065 INFO: JdwpEventCenterDelegate: THREAD_RESUMED: thread (33, main, main)
22:29:35.086 INFO: JdwpEventCenterDelegate: THREAD_STARTED: thread (108, Timer, main)
22:29:35.977 INFO: JdwpEventCenterDelegate: THREAD_RESUMED: thread (33, main, main)
22:29:36.009 INFO: JdwpEventCenterDelegate: THREAD_RESUMED: thread (33, main, main)
22:29:36.031 INFO: JdwpEventCenterDelegate: THREAD_RESUMED: thread (33, main, main)
22:29:36.050 INFO: JdwpEventCenterDelegate: THREAD_RESUMED: thread (33, main, main)
22:29:36.092 INFO: JdwpEventCenterDelegate: THREAD_RESUMED: thread (33, main, main)
22:29:36.126 INFO: JdwpEventCenterDelegate: THREAD_RESUMED: thread (33, main, main)
22:29:36.143 INFO: JdwpEventCenterDelegate: THREAD_RESUMED: thread (33, main, main)
22:29:36.158 INFO: JdwpEventCenterDelegate: THREAD_RESUMED: thread (33, main, main)
22:29:36.164 INFO: JdwpEventCenterDelegate: THREAD_RESUMED: thread (33, main, main)
22:29:36.178 INFO: JdwpEventCenterDelegate: THREAD_RESUMED: thread (33, main, main)
22:29:36.209 INFO: JdwpEventCenterDelegate: THREAD_RESUMED: thread (33, main, main)
22:29:36.222 INFO: JdwpEventCenterDelegate: THREAD_RESUMED: thread (33, main, main)
22:29:36.234 INFO: JdwpEventCenterDelegate: THREAD_RESUMED: thread (33, main, main)
22:29:36.246 INFO: JdwpEventCenterDelegate: THREAD_RESUMED: thread (33, main, main)
22:29:36.281 INFO: JdwpEventCenterDelegate: THREAD_RESUMED: thread (33, main, main)
22:29:36.314 INFO: JdwpEventCenterDelegate: THREAD_RESUMED: thread (33, main, main)
22:29:36.330 INFO: JdwpEventCenterDelegate: THREAD_RESUMED: thread (33, main, main)
22:29:36.345 INFO: JdwpEventCenterDelegate: THREAD_RESUMED: thread (33, main, main)
22:29:36.351 INFO: JdwpEventCenterDelegate: THREAD_RESUMED: thread (33, main, main)
22:29:36.364 INFO: JdwpEventCenterDelegate: THREAD_RESUMED: thread (33, main, main)
22:29:37.294 INFO: JdwpEventCenterDelegate: THREAD_RESUMED: thread (33, main, main)
22:29:37.297 INFO: JdwpEventCenterDelegate: THREAD_RESUMED: thread (33, main, main)
22:29:37.300 INFO: JdwpEventCenterDelegate: THREAD_RESUMED: thread (33, main, main)
22:29:37.303 INFO: JdwpEventCenterDelegate: THREAD_RESUMED: thread (33, main, main)
22:29:37.306 INFO: JdwpEventCenterDelegate: THREAD_RESUMED: thread (33, main, main)
22:29:37.309 INFO: JdwpEventCenterDelegate: THREAD_RESUMED: thread (33, main, main)
22:29:37.313 INFO: JdwpEventCenterDelegate: THREAD_RESUMED: thread (33, main, main)
22:29:37.379 INFO: JdwpEventCenterDelegate: THREAD_RESUMED: thread (33, main, main)
22:29:37.381 INFO: JdwpEventCenterDelegate: THREAD_RESUMED: thread (33, main, main)
22:29:37.385 INFO: JdwpEventCenterDelegate: THREAD_RESUMED: thread (33, main, main)
22:29:37.387 INFO: JdwpEventCenterDelegate: THREAD_RESUMED: thread (33, main, main)
22:29:37.390 INFO: JdwpEventCenterDelegate: THREAD_RESUMED: thread (33, main, main)
22:29:37.393 INFO: JdwpEventCenterDelegate: THREAD_RESUMED: thread (33, main, main)
22:29:37.395 INFO: JdwpEventCenterDelegate: THREAD_RESUMED: thread (33, main, main)
22:29:37.425 INFO: JdwpEventCenterDelegate: THREAD_STARTED: thread (123, Thread-7, main)
22:29:59.391 INFO: JdwpEventCenterDelegate: THREAD_DETTACHED: thread (123, Thread-7, main)
22:30:43.101 INFO: JdwpEventCenterDelegate: THREAD_STARTED: thread (138, Thread-8, main)
22:30:58.712 INFO: JdwpDebugServer: handling req: VirtualMachine(1).Exit(10)
22:30:58.712 SEVERE: Debugger: Thread JDWP server socket thread crashed
org.robovm.debugger.DebuggerException: Terminating due exit command
	at org.robovm.debugger.jdwp.JdwpDebugServer.doSocketWork(JdwpDebugServer.java:211)
	at java.base/java.lang.Thread.run(Thread.java:834)
	at org.robovm.debugger.utils.DebuggerThread.run(DebuggerThread.java:42)
22:30:59.217 SEVERE: Debugger: Thread HooksChannel socket thread crashed
org.robovm.debugger.DebuggerException: java.io.IOException: org.robovm.libimobiledevice.LibIMobileDeviceException: IDEVICE_E_UNKNOWN_ERROR
	at org.robovm.debugger.hooks.HooksChannel.doSocketWork(HooksChannel.java:149)
	at java.base/java.lang.Thread.run(Thread.java:834)
	at org.robovm.debugger.utils.DebuggerThread.run(DebuggerThread.java:42)
Caused by: java.io.IOException: org.robovm.libimobiledevice.LibIMobileDeviceException: IDEVICE_E_UNKNOWN_ERROR
	at org.robovm.libimobiledevice.IDeviceConnection$DeviceInputStream.read(IDeviceConnection.java:203)
	at org.robovm.debugger.utils.bytebuffer.DataBufferWriter.writeFromStream(DataBufferWriter.java:89)
	at org.robovm.debugger.hooks.HooksChannel.doSocketWork(HooksChannel.java:116)
	... 2 more
Caused by: org.robovm.libimobiledevice.LibIMobileDeviceException: IDEVICE_E_UNKNOWN_ERROR
	at org.robovm.libimobiledevice.IDevice.checkResult(IDevice.java:206)
	at org.robovm.libimobiledevice.IDeviceConnection.receive(IDeviceConnection.java:110)
	at org.robovm.libimobiledevice.IDeviceConnection.receive(IDeviceConnection.java:81)
	at org.robovm.libimobiledevice.IDeviceConnection$DeviceInputStream.read(IDeviceConnection.java:201)
	... 4 more
