16:10:05.744 INFO: JdwpDebugServer: handling req: VirtualMachine(1).IDSizes(7)
16:10:05.744 INFO: JdwpDebugServer: handling req: EventRequest(15).Set(1)
16:10:05.744 INFO: JdwpEventCenterDelegate: jdwpSetEventRequest: JdwpEventRequest{requestId=100, eventKind=CLASS_PREPARE, suspendPolicy=NONE, predicates=[]}
16:10:05.744 INFO: JdwpDebugServer: handling req: EventRequest(15).Set(1)
16:10:05.744 INFO: JdwpEventCenterDelegate: jdwpSetEventRequest: JdwpEventRequest{requestId=101, eventKind=CLASS_UNLOAD, suspendPolicy=NONE, predicates=[]}
16:10:05.767 INFO: JdwpDebugServer: handling req: VirtualMachine(1).Version(1)
16:10:05.767 INFO: JdwpDebugServer: handling req: VirtualMachine(1).capabilitiesNew(17)
16:10:05.767 INFO: JdwpDebugServer: handling req: VirtualMachine(1).capabilities(12)
16:10:05.767 INFO: JdwpDebugServer: handling req: VirtualMachine(1).AllClassesWithGeneric(20)
16:10:05.773 INFO: JdwpDebugServer: handling req: VirtualMachine(1).TopLevelThreadGroups(5)
16:10:05.774 INFO: JdwpDebugServer: handling req: EventRequest(15).Set(1)
16:10:05.774 INFO: JdwpEventCenterDelegate: jdwpSetEventRequest: JdwpEventRequest{requestId=102, eventKind=THREAD_START, suspendPolicy=NONE, predicates=[]}
16:10:05.774 INFO: JdwpDebugServer: handling req: EventRequest(15).Set(1)
16:10:05.774 INFO: JdwpEventCenterDelegate: jdwpSetEventRequest: JdwpEventRequest{requestId=103, eventKind=THREAD_DEATH, suspendPolicy=NONE, predicates=[]}
16:10:05.775 INFO: JdwpDebugServer: handling req: EventRequest(15).Set(1)
16:10:05.776 INFO: JdwpEventCenterDelegate: jdwpSetEventRequest: JdwpEventRequest{requestId=104, eventKind=CLASS_PREPARE, suspendPolicy=EVENT_THREAD, predicates=[className=sun.instrument.InstrumentationImpl]}
16:10:05.776 INFO: JdwpDebugServer: handling req: EventRequest(15).Set(1)
16:10:05.776 INFO: JdwpEventCenterDelegate: jdwpSetEventRequest: JdwpEventRequest{requestId=105, eventKind=CLASS_PREPARE, suspendPolicy=EVENT_THREAD, predicates=[className=sun.instrument.InstrumentationImpl]}
16:10:06.148 INFO: JdwpDebugServer: handling req: VirtualMachine(1).Resume(9)
16:10:06.185 INFO: JdwpEventCenterDelegate: THREAD_STARTED: thread (33, main, main)
16:10:06.201 INFO: JdwpEventCenterDelegate: THREAD_STARTED: thread (48, ReferenceQueueDaemon, main)
16:10:06.208 INFO: JdwpEventCenterDelegate: THREAD_STARTED: thread (63, FinalizerDaemon, main)
16:10:06.215 INFO: JdwpEventCenterDelegate: THREAD_STARTED: thread (78, FinalizerWatchdogDaemon, main)
16:10:06.216 INFO: JdwpEventCenterDelegate: THREAD_RESUMED: thread (33, main, main)
16:10:06.218 INFO: JdwpEventCenterDelegate: THREAD_RESUMED: thread (33, main, main)
16:10:06.219 INFO: JdwpEventCenterDelegate: THREAD_RESUMED: thread (33, main, main)
16:10:06.220 INFO: JdwpEventCenterDelegate: THREAD_RESUMED: thread (33, main, main)
16:10:06.221 INFO: JdwpEventCenterDelegate: THREAD_RESUMED: thread (33, main, main)
16:10:06.222 INFO: JdwpEventCenterDelegate: THREAD_RESUMED: thread (33, main, main)
16:10:06.223 INFO: JdwpEventCenterDelegate: THREAD_RESUMED: thread (33, main, main)
16:10:06.224 INFO: JdwpEventCenterDelegate: THREAD_RESUMED: thread (33, main, main)
16:10:06.226 INFO: JdwpEventCenterDelegate: THREAD_RESUMED: thread (33, main, main)
16:10:06.227 INFO: JdwpEventCenterDelegate: THREAD_RESUMED: thread (33, main, main)
16:10:06.228 INFO: JdwpEventCenterDelegate: THREAD_RESUMED: thread (33, main, main)
16:10:06.229 INFO: JdwpEventCenterDelegate: THREAD_RESUMED: thread (33, main, main)
16:10:06.230 INFO: JdwpEventCenterDelegate: THREAD_RESUMED: thread (33, main, main)
16:10:06.231 INFO: JdwpEventCenterDelegate: THREAD_RESUMED: thread (33, main, main)
16:10:06.232 INFO: JdwpEventCenterDelegate: THREAD_RESUMED: thread (33, main, main)
16:10:06.234 INFO: JdwpEventCenterDelegate: THREAD_RESUMED: thread (33, main, main)
16:10:06.234 INFO: JdwpEventCenterDelegate: THREAD_RESUMED: thread (33, main, main)
16:10:06.236 INFO: JdwpEventCenterDelegate: THREAD_RESUMED: thread (33, main, main)
16:10:06.239 INFO: JdwpEventCenterDelegate: THREAD_RESUMED: thread (33, main, main)
16:10:06.240 INFO: JdwpEventCenterDelegate: THREAD_RESUMED: thread (33, main, main)
16:10:06.241 INFO: JdwpEventCenterDelegate: THREAD_RESUMED: thread (33, main, main)
16:10:06.242 INFO: JdwpEventCenterDelegate: THREAD_RESUMED: thread (33, main, main)
16:10:06.243 INFO: JdwpEventCenterDelegate: THREAD_RESUMED: thread (33, main, main)
16:10:06.245 INFO: JdwpEventCenterDelegate: THREAD_RESUMED: thread (33, main, main)
16:10:06.246 INFO: JdwpEventCenterDelegate: THREAD_RESUMED: thread (33, main, main)
16:10:06.272 INFO: JdwpEventCenterDelegate: THREAD_RESUMED: thread (33, main, main)
16:10:06.273 INFO: JdwpEventCenterDelegate: THREAD_RESUMED: thread (33, main, main)
16:10:06.275 INFO: JdwpEventCenterDelegate: THREAD_RESUMED: thread (33, main, main)
16:10:06.275 INFO: JdwpEventCenterDelegate: THREAD_RESUMED: thread (33, main, main)
16:10:06.277 INFO: JdwpEventCenterDelegate: THREAD_RESUMED: thread (33, main, main)
16:10:06.278 INFO: JdwpEventCenterDelegate: THREAD_RESUMED: thread (33, main, main)
16:10:06.279 INFO: JdwpEventCenterDelegate: THREAD_RESUMED: thread (33, main, main)
16:10:06.281 INFO: JdwpEventCenterDelegate: THREAD_RESUMED: thread (33, main, main)
16:10:06.282 INFO: JdwpEventCenterDelegate: THREAD_RESUMED: thread (33, main, main)
16:10:06.284 INFO: JdwpEventCenterDelegate: THREAD_RESUMED: thread (33, main, main)
16:10:06.285 INFO: JdwpEventCenterDelegate: THREAD_RESUMED: thread (33, main, main)
16:10:06.286 INFO: JdwpEventCenterDelegate: THREAD_RESUMED: thread (33, main, main)
16:10:06.287 INFO: JdwpEventCenterDelegate: THREAD_RESUMED: thread (33, main, main)
16:10:06.288 INFO: JdwpEventCenterDelegate: THREAD_RESUMED: thread (33, main, main)
16:10:06.399 INFO: JdwpEventCenterDelegate: THREAD_RESUMED: thread (33, main, main)
16:10:06.400 INFO: JdwpEventCenterDelegate: THREAD_RESUMED: thread (33, main, main)
16:10:06.401 INFO: JdwpEventCenterDelegate: THREAD_RESUMED: thread (33, main, main)
16:10:06.403 INFO: JdwpEventCenterDelegate: THREAD_RESUMED: thread (33, main, main)
16:10:06.404 INFO: JdwpEventCenterDelegate: THREAD_RESUMED: thread (33, main, main)
16:10:06.406 INFO: JdwpEventCenterDelegate: THREAD_RESUMED: thread (33, main, main)
16:10:06.407 INFO: JdwpEventCenterDelegate: THREAD_RESUMED: thread (33, main, main)
16:10:06.454 INFO: JdwpEventCenterDelegate: THREAD_RESUMED: thread (33, main, main)
16:10:06.456 INFO: JdwpEventCenterDelegate: THREAD_RESUMED: thread (33, main, main)
16:10:06.457 INFO: JdwpEventCenterDelegate: THREAD_RESUMED: thread (33, main, main)
16:10:06.458 INFO: JdwpEventCenterDelegate: THREAD_RESUMED: thread (33, main, main)
16:10:06.460 INFO: JdwpEventCenterDelegate: THREAD_RESUMED: thread (33, main, main)
16:10:06.461 INFO: JdwpEventCenterDelegate: THREAD_RESUMED: thread (33, main, main)
16:10:06.462 INFO: JdwpEventCenterDelegate: THREAD_RESUMED: thread (33, main, main)
16:10:06.474 INFO: JdwpEventCenterDelegate: THREAD_RESUMED: thread (33, main, main)
16:10:06.476 INFO: JdwpEventCenterDelegate: THREAD_RESUMED: thread (33, main, main)
16:10:06.477 INFO: JdwpEventCenterDelegate: THREAD_RESUMED: thread (33, main, main)
16:10:06.478 INFO: JdwpEventCenterDelegate: THREAD_RESUMED: thread (33, main, main)
16:10:06.480 INFO: JdwpEventCenterDelegate: THREAD_RESUMED: thread (33, main, main)
16:10:06.481 INFO: JdwpEventCenterDelegate: THREAD_RESUMED: thread (33, main, main)
16:10:06.482 INFO: JdwpEventCenterDelegate: THREAD_RESUMED: thread (33, main, main)
16:10:06.491 INFO: JdwpEventCenterDelegate: THREAD_RESUMED: thread (33, main, main)
16:10:06.492 INFO: JdwpEventCenterDelegate: THREAD_RESUMED: thread (33, main, main)
16:10:06.494 INFO: JdwpEventCenterDelegate: THREAD_RESUMED: thread (33, main, main)
16:10:06.495 INFO: JdwpEventCenterDelegate: THREAD_RESUMED: thread (33, main, main)
16:10:06.496 INFO: JdwpEventCenterDelegate: THREAD_RESUMED: thread (33, main, main)
16:10:06.497 INFO: JdwpEventCenterDelegate: THREAD_RESUMED: thread (33, main, main)
16:10:06.499 INFO: JdwpEventCenterDelegate: THREAD_RESUMED: thread (33, main, main)
16:10:06.500 INFO: JdwpEventCenterDelegate: THREAD_RESUMED: thread (33, main, main)
16:10:06.502 INFO: JdwpEventCenterDelegate: THREAD_RESUMED: thread (33, main, main)
16:10:06.504 INFO: JdwpEventCenterDelegate: THREAD_RESUMED: thread (33, main, main)
16:10:06.505 INFO: JdwpEventCenterDelegate: THREAD_RESUMED: thread (33, main, main)
16:10:06.506 INFO: JdwpEventCenterDelegate: THREAD_RESUMED: thread (33, main, main)
16:10:06.507 INFO: JdwpEventCenterDelegate: THREAD_RESUMED: thread (33, main, main)
16:10:06.508 INFO: JdwpEventCenterDelegate: THREAD_RESUMED: thread (33, main, main)
16:10:06.510 INFO: JdwpEventCenterDelegate: THREAD_RESUMED: thread (33, main, main)
16:10:06.511 INFO: JdwpEventCenterDelegate: THREAD_RESUMED: thread (33, main, main)
16:10:06.513 INFO: JdwpEventCenterDelegate: THREAD_RESUMED: thread (33, main, main)
16:10:06.515 INFO: JdwpEventCenterDelegate: THREAD_RESUMED: thread (33, main, main)
16:10:06.519 INFO: JdwpEventCenterDelegate: THREAD_RESUMED: thread (33, main, main)
16:10:06.520 INFO: JdwpEventCenterDelegate: THREAD_RESUMED: thread (33, main, main)
16:10:06.644 INFO: JdwpEventCenterDelegate: THREAD_STARTED: thread (93, AssetManager, main)
16:10:06.749 INFO: JdwpEventCenterDelegate: THREAD_RESUMED: thread (33, main, main)
16:10:06.752 INFO: JdwpEventCenterDelegate: THREAD_RESUMED: thread (33, main, main)
16:10:09.316 INFO: JdwpEventCenterDelegate: THREAD_RESUMED: thread (33, main, main)
16:10:09.412 INFO: JdwpEventCenterDelegate: THREAD_RESUMED: thread (33, main, main)
16:10:09.414 INFO: JdwpEventCenterDelegate: THREAD_RESUMED: thread (33, main, main)
16:10:09.415 INFO: JdwpEventCenterDelegate: THREAD_RESUMED: thread (33, main, main)
16:10:09.417 INFO: JdwpEventCenterDelegate: THREAD_RESUMED: thread (33, main, main)
16:10:09.419 INFO: JdwpEventCenterDelegate: THREAD_RESUMED: thread (33, main, main)
16:10:09.425 INFO: JdwpEventCenterDelegate: THREAD_RESUMED: thread (33, main, main)
16:10:09.437 INFO: JdwpEventCenterDelegate: THREAD_RESUMED: thread (33, main, main)
16:10:09.439 INFO: JdwpEventCenterDelegate: THREAD_RESUMED: thread (33, main, main)
16:10:09.442 INFO: JdwpEventCenterDelegate: THREAD_RESUMED: thread (33, main, main)
16:10:09.444 INFO: JdwpEventCenterDelegate: THREAD_RESUMED: thread (33, main, main)
16:10:09.446 INFO: JdwpEventCenterDelegate: THREAD_RESUMED: thread (33, main, main)
16:10:09.451 INFO: JdwpEventCenterDelegate: THREAD_RESUMED: thread (33, main, main)
16:10:09.465 INFO: JdwpEventCenterDelegate: THREAD_RESUMED: thread (33, main, main)
16:10:09.468 INFO: JdwpEventCenterDelegate: THREAD_RESUMED: thread (33, main, main)
16:10:09.470 INFO: JdwpEventCenterDelegate: THREAD_RESUMED: thread (33, main, main)
16:10:09.473 INFO: JdwpEventCenterDelegate: THREAD_RESUMED: thread (33, main, main)
16:10:09.475 INFO: JdwpEventCenterDelegate: THREAD_RESUMED: thread (33, main, main)
16:10:09.480 INFO: JdwpEventCenterDelegate: THREAD_RESUMED: thread (33, main, main)
16:10:09.498 INFO: JdwpEventCenterDelegate: THREAD_RESUMED: thread (33, main, main)
16:10:09.501 INFO: JdwpEventCenterDelegate: THREAD_RESUMED: thread (33, main, main)
16:10:09.503 INFO: JdwpEventCenterDelegate: THREAD_RESUMED: thread (33, main, main)
16:10:09.505 INFO: JdwpEventCenterDelegate: THREAD_RESUMED: thread (33, main, main)
16:10:09.507 INFO: JdwpEventCenterDelegate: THREAD_RESUMED: thread (33, main, main)
16:10:09.512 INFO: JdwpEventCenterDelegate: THREAD_RESUMED: thread (33, main, main)
16:10:09.527 INFO: JdwpEventCenterDelegate: THREAD_RESUMED: thread (33, main, main)
16:10:09.529 INFO: JdwpEventCenterDelegate: THREAD_RESUMED: thread (33, main, main)
16:10:09.532 INFO: JdwpEventCenterDelegate: THREAD_RESUMED: thread (33, main, main)
16:10:09.534 INFO: JdwpEventCenterDelegate: THREAD_RESUMED: thread (33, main, main)
16:10:09.536 INFO: JdwpEventCenterDelegate: THREAD_RESUMED: thread (33, main, main)
16:10:09.541 INFO: JdwpEventCenterDelegate: THREAD_RESUMED: thread (33, main, main)
16:10:09.557 INFO: JdwpEventCenterDelegate: THREAD_RESUMED: thread (33, main, main)
16:10:09.559 INFO: JdwpEventCenterDelegate: THREAD_RESUMED: thread (33, main, main)
16:10:09.561 INFO: JdwpEventCenterDelegate: THREAD_RESUMED: thread (33, main, main)
16:10:09.563 INFO: JdwpEventCenterDelegate: THREAD_RESUMED: thread (33, main, main)
16:10:09.565 INFO: JdwpEventCenterDelegate: THREAD_RESUMED: thread (33, main, main)
16:10:09.570 INFO: JdwpEventCenterDelegate: THREAD_RESUMED: thread (33, main, main)
16:10:09.592 INFO: JdwpEventCenterDelegate: THREAD_RESUMED: thread (33, main, main)
16:10:09.594 INFO: JdwpEventCenterDelegate: THREAD_RESUMED: thread (33, main, main)
16:10:09.596 INFO: JdwpEventCenterDelegate: THREAD_RESUMED: thread (33, main, main)
16:10:09.599 INFO: JdwpEventCenterDelegate: THREAD_RESUMED: thread (33, main, main)
16:10:09.601 INFO: JdwpEventCenterDelegate: THREAD_RESUMED: thread (33, main, main)
16:10:09.606 INFO: JdwpEventCenterDelegate: THREAD_RESUMED: thread (33, main, main)
16:10:09.625 INFO: JdwpEventCenterDelegate: THREAD_RESUMED: thread (33, main, main)
16:10:09.627 INFO: JdwpEventCenterDelegate: THREAD_RESUMED: thread (33, main, main)
16:10:09.630 INFO: JdwpEventCenterDelegate: THREAD_RESUMED: thread (33, main, main)
16:10:09.632 INFO: JdwpEventCenterDelegate: THREAD_RESUMED: thread (33, main, main)
16:10:09.634 INFO: JdwpEventCenterDelegate: THREAD_RESUMED: thread (33, main, main)
16:10:09.639 INFO: JdwpEventCenterDelegate: THREAD_RESUMED: thread (33, main, main)
16:10:09.657 INFO: JdwpEventCenterDelegate: THREAD_RESUMED: thread (33, main, main)
16:10:09.659 INFO: JdwpEventCenterDelegate: THREAD_RESUMED: thread (33, main, main)
16:10:09.661 INFO: JdwpEventCenterDelegate: THREAD_RESUMED: thread (33, main, main)
16:10:09.664 INFO: JdwpEventCenterDelegate: THREAD_RESUMED: thread (33, main, main)
16:10:09.666 INFO: JdwpEventCenterDelegate: THREAD_RESUMED: thread (33, main, main)
16:10:09.671 INFO: JdwpEventCenterDelegate: THREAD_RESUMED: thread (33, main, main)
16:10:09.686 INFO: JdwpEventCenterDelegate: THREAD_RESUMED: thread (33, main, main)
16:10:09.688 INFO: JdwpEventCenterDelegate: THREAD_RESUMED: thread (33, main, main)
16:10:09.690 INFO: JdwpEventCenterDelegate: THREAD_RESUMED: thread (33, main, main)
16:10:09.691 INFO: JdwpEventCenterDelegate: THREAD_RESUMED: thread (33, main, main)
16:10:09.693 INFO: JdwpEventCenterDelegate: THREAD_RESUMED: thread (33, main, main)
16:10:09.698 INFO: JdwpEventCenterDelegate: THREAD_RESUMED: thread (33, main, main)
16:10:09.713 INFO: JdwpEventCenterDelegate: THREAD_RESUMED: thread (33, main, main)
16:10:09.715 INFO: JdwpEventCenterDelegate: THREAD_RESUMED: thread (33, main, main)
16:10:09.718 INFO: JdwpEventCenterDelegate: THREAD_RESUMED: thread (33, main, main)
16:10:09.720 INFO: JdwpEventCenterDelegate: THREAD_RESUMED: thread (33, main, main)
16:10:09.722 INFO: JdwpEventCenterDelegate: THREAD_RESUMED: thread (33, main, main)
16:10:09.727 INFO: JdwpEventCenterDelegate: THREAD_RESUMED: thread (33, main, main)
16:10:09.746 INFO: JdwpEventCenterDelegate: THREAD_RESUMED: thread (33, main, main)
16:10:09.749 INFO: JdwpEventCenterDelegate: THREAD_RESUMED: thread (33, main, main)
16:10:09.751 INFO: JdwpEventCenterDelegate: THREAD_RESUMED: thread (33, main, main)
16:10:09.753 INFO: JdwpEventCenterDelegate: THREAD_RESUMED: thread (33, main, main)
16:10:09.755 INFO: JdwpEventCenterDelegate: THREAD_RESUMED: thread (33, main, main)
16:10:09.760 INFO: JdwpEventCenterDelegate: THREAD_RESUMED: thread (33, main, main)
16:10:09.782 INFO: JdwpEventCenterDelegate: THREAD_RESUMED: thread (33, main, main)
16:10:09.785 INFO: JdwpEventCenterDelegate: THREAD_RESUMED: thread (33, main, main)
16:10:09.787 INFO: JdwpEventCenterDelegate: THREAD_RESUMED: thread (33, main, main)
16:10:09.789 INFO: JdwpEventCenterDelegate: THREAD_RESUMED: thread (33, main, main)
16:10:09.790 INFO: JdwpEventCenterDelegate: THREAD_RESUMED: thread (33, main, main)
16:10:09.795 INFO: JdwpEventCenterDelegate: THREAD_RESUMED: thread (33, main, main)
16:10:09.814 INFO: JdwpEventCenterDelegate: THREAD_RESUMED: thread (33, main, main)
16:10:09.817 INFO: JdwpEventCenterDelegate: THREAD_RESUMED: thread (33, main, main)
16:10:09.819 INFO: JdwpEventCenterDelegate: THREAD_RESUMED: thread (33, main, main)
16:10:09.821 INFO: JdwpEventCenterDelegate: THREAD_RESUMED: thread (33, main, main)
16:10:09.823 INFO: JdwpEventCenterDelegate: THREAD_RESUMED: thread (33, main, main)
16:10:09.828 INFO: JdwpEventCenterDelegate: THREAD_RESUMED: thread (33, main, main)
16:10:09.841 INFO: JdwpEventCenterDelegate: THREAD_RESUMED: thread (33, main, main)
16:10:09.844 INFO: JdwpEventCenterDelegate: THREAD_RESUMED: thread (33, main, main)
16:10:09.846 INFO: JdwpEventCenterDelegate: THREAD_RESUMED: thread (33, main, main)
16:10:09.848 INFO: JdwpEventCenterDelegate: THREAD_RESUMED: thread (33, main, main)
16:10:09.851 INFO: JdwpEventCenterDelegate: THREAD_RESUMED: thread (33, main, main)
16:10:09.856 INFO: JdwpEventCenterDelegate: THREAD_RESUMED: thread (33, main, main)
16:10:09.858 INFO: JdwpEventCenterDelegate: THREAD_RESUMED: thread (33, main, main)
16:10:09.861 INFO: JdwpEventCenterDelegate: THREAD_RESUMED: thread (33, main, main)
16:10:09.863 INFO: JdwpEventCenterDelegate: THREAD_RESUMED: thread (33, main, main)
16:10:09.866 INFO: JdwpEventCenterDelegate: THREAD_RESUMED: thread (33, main, main)
16:10:09.868 INFO: JdwpEventCenterDelegate: THREAD_RESUMED: thread (33, main, main)
16:10:09.871 INFO: JdwpEventCenterDelegate: THREAD_RESUMED: thread (33, main, main)
16:10:09.875 INFO: JdwpEventCenterDelegate: THREAD_RESUMED: thread (33, main, main)
16:10:09.877 INFO: JdwpEventCenterDelegate: THREAD_RESUMED: thread (33, main, main)
16:10:09.879 INFO: JdwpEventCenterDelegate: THREAD_RESUMED: thread (33, main, main)
16:10:09.881 INFO: JdwpEventCenterDelegate: THREAD_RESUMED: thread (33, main, main)
16:10:09.884 INFO: JdwpEventCenterDelegate: THREAD_RESUMED: thread (33, main, main)
16:10:09.886 INFO: JdwpEventCenterDelegate: THREAD_RESUMED: thread (33, main, main)
16:10:09.888 INFO: JdwpEventCenterDelegate: THREAD_RESUMED: thread (33, main, main)
16:10:09.890 INFO: JdwpEventCenterDelegate: THREAD_RESUMED: thread (33, main, main)
16:10:09.891 INFO: JdwpEventCenterDelegate: THREAD_RESUMED: thread (33, main, main)
16:10:09.896 INFO: JdwpEventCenterDelegate: THREAD_RESUMED: thread (33, main, main)
16:10:09.909 INFO: JdwpEventCenterDelegate: THREAD_RESUMED: thread (33, main, main)
16:10:09.926 INFO: JdwpEventCenterDelegate: THREAD_RESUMED: thread (33, main, main)
16:10:09.937 INFO: JdwpEventCenterDelegate: THREAD_RESUMED: thread (33, main, main)
16:10:09.950 INFO: JdwpEventCenterDelegate: THREAD_RESUMED: thread (33, main, main)
16:10:09.980 INFO: JdwpEventCenterDelegate: THREAD_RESUMED: thread (33, main, main)
16:10:09.983 INFO: JdwpEventCenterDelegate: THREAD_RESUMED: thread (33, main, main)
16:10:09.985 INFO: JdwpEventCenterDelegate: THREAD_RESUMED: thread (33, main, main)
16:10:09.987 INFO: JdwpEventCenterDelegate: THREAD_RESUMED: thread (33, main, main)
16:10:09.990 INFO: JdwpEventCenterDelegate: THREAD_RESUMED: thread (33, main, main)
16:10:09.995 INFO: JdwpEventCenterDelegate: THREAD_RESUMED: thread (33, main, main)
16:10:10.006 INFO: JdwpEventCenterDelegate: THREAD_RESUMED: thread (33, main, main)
16:10:10.009 INFO: JdwpEventCenterDelegate: THREAD_RESUMED: thread (33, main, main)
16:10:10.011 INFO: JdwpEventCenterDelegate: THREAD_RESUMED: thread (33, main, main)
16:10:10.013 INFO: JdwpEventCenterDelegate: THREAD_RESUMED: thread (33, main, main)
16:10:10.015 INFO: JdwpEventCenterDelegate: THREAD_RESUMED: thread (33, main, main)
16:10:10.020 INFO: JdwpEventCenterDelegate: THREAD_RESUMED: thread (33, main, main)
16:10:10.034 INFO: JdwpEventCenterDelegate: THREAD_RESUMED: thread (33, main, main)
16:10:10.037 INFO: JdwpEventCenterDelegate: THREAD_RESUMED: thread (33, main, main)
16:10:10.039 INFO: JdwpEventCenterDelegate: THREAD_RESUMED: thread (33, main, main)
16:10:10.041 INFO: JdwpEventCenterDelegate: THREAD_RESUMED: thread (33, main, main)
16:10:10.043 INFO: JdwpEventCenterDelegate: THREAD_RESUMED: thread (33, main, main)
16:10:10.048 INFO: JdwpEventCenterDelegate: THREAD_RESUMED: thread (33, main, main)
16:10:10.065 INFO: JdwpEventCenterDelegate: THREAD_RESUMED: thread (33, main, main)
16:10:10.068 INFO: JdwpEventCenterDelegate: THREAD_RESUMED: thread (33, main, main)
16:10:10.070 INFO: JdwpEventCenterDelegate: THREAD_RESUMED: thread (33, main, main)
16:10:10.072 INFO: JdwpEventCenterDelegate: THREAD_RESUMED: thread (33, main, main)
16:10:10.074 INFO: JdwpEventCenterDelegate: THREAD_RESUMED: thread (33, main, main)
16:10:10.078 INFO: JdwpEventCenterDelegate: THREAD_RESUMED: thread (33, main, main)
16:10:10.093 INFO: JdwpEventCenterDelegate: THREAD_RESUMED: thread (33, main, main)
16:10:10.095 INFO: JdwpEventCenterDelegate: THREAD_RESUMED: thread (33, main, main)
16:10:10.097 INFO: JdwpEventCenterDelegate: THREAD_RESUMED: thread (33, main, main)
16:10:10.100 INFO: JdwpEventCenterDelegate: THREAD_RESUMED: thread (33, main, main)
16:10:10.102 INFO: JdwpEventCenterDelegate: THREAD_RESUMED: thread (33, main, main)
16:10:10.107 INFO: JdwpEventCenterDelegate: THREAD_RESUMED: thread (33, main, main)
16:10:10.121 INFO: JdwpEventCenterDelegate: THREAD_RESUMED: thread (33, main, main)
16:10:10.124 INFO: JdwpEventCenterDelegate: THREAD_RESUMED: thread (33, main, main)
16:10:10.126 INFO: JdwpEventCenterDelegate: THREAD_RESUMED: thread (33, main, main)
16:10:10.128 INFO: JdwpEventCenterDelegate: THREAD_RESUMED: thread (33, main, main)
16:10:10.131 INFO: JdwpEventCenterDelegate: THREAD_RESUMED: thread (33, main, main)
16:10:10.135 INFO: JdwpEventCenterDelegate: THREAD_RESUMED: thread (33, main, main)
16:10:10.157 INFO: JdwpEventCenterDelegate: THREAD_RESUMED: thread (33, main, main)
16:10:10.159 INFO: JdwpEventCenterDelegate: THREAD_RESUMED: thread (33, main, main)
16:10:10.161 INFO: JdwpEventCenterDelegate: THREAD_RESUMED: thread (33, main, main)
16:10:10.163 INFO: JdwpEventCenterDelegate: THREAD_RESUMED: thread (33, main, main)
16:10:10.165 INFO: JdwpEventCenterDelegate: THREAD_RESUMED: thread (33, main, main)
16:10:10.170 INFO: JdwpEventCenterDelegate: THREAD_RESUMED: thread (33, main, main)
16:10:10.187 INFO: JdwpEventCenterDelegate: THREAD_RESUMED: thread (33, main, main)
16:10:10.189 INFO: JdwpEventCenterDelegate: THREAD_RESUMED: thread (33, main, main)
16:10:10.191 INFO: JdwpEventCenterDelegate: THREAD_RESUMED: thread (33, main, main)
16:10:10.193 INFO: JdwpEventCenterDelegate: THREAD_RESUMED: thread (33, main, main)
16:10:10.194 INFO: JdwpEventCenterDelegate: THREAD_RESUMED: thread (33, main, main)
16:10:10.199 INFO: JdwpEventCenterDelegate: THREAD_RESUMED: thread (33, main, main)
16:10:10.217 INFO: JdwpEventCenterDelegate: THREAD_RESUMED: thread (33, main, main)
16:10:10.219 INFO: JdwpEventCenterDelegate: THREAD_RESUMED: thread (33, main, main)
16:10:10.221 INFO: JdwpEventCenterDelegate: THREAD_RESUMED: thread (33, main, main)
16:10:10.223 INFO: JdwpEventCenterDelegate: THREAD_RESUMED: thread (33, main, main)
16:10:10.225 INFO: JdwpEventCenterDelegate: THREAD_RESUMED: thread (33, main, main)
16:10:10.230 INFO: JdwpEventCenterDelegate: THREAD_RESUMED: thread (33, main, main)
16:10:10.244 INFO: JdwpEventCenterDelegate: THREAD_RESUMED: thread (33, main, main)
16:10:10.246 INFO: JdwpEventCenterDelegate: THREAD_RESUMED: thread (33, main, main)
16:10:10.248 INFO: JdwpEventCenterDelegate: THREAD_RESUMED: thread (33, main, main)
16:10:10.250 INFO: JdwpEventCenterDelegate: THREAD_RESUMED: thread (33, main, main)
16:10:10.252 INFO: JdwpEventCenterDelegate: THREAD_RESUMED: thread (33, main, main)
16:10:10.256 INFO: JdwpEventCenterDelegate: THREAD_RESUMED: thread (33, main, main)
16:10:10.270 INFO: JdwpEventCenterDelegate: THREAD_RESUMED: thread (33, main, main)
16:10:10.272 INFO: JdwpEventCenterDelegate: THREAD_RESUMED: thread (33, main, main)
16:10:10.275 INFO: JdwpEventCenterDelegate: THREAD_RESUMED: thread (33, main, main)
16:10:10.277 INFO: JdwpEventCenterDelegate: THREAD_RESUMED: thread (33, main, main)
16:10:10.279 INFO: JdwpEventCenterDelegate: THREAD_RESUMED: thread (33, main, main)
16:10:10.284 INFO: JdwpEventCenterDelegate: THREAD_RESUMED: thread (33, main, main)
16:10:10.303 INFO: JdwpEventCenterDelegate: THREAD_RESUMED: thread (33, main, main)
16:10:10.305 INFO: JdwpEventCenterDelegate: THREAD_RESUMED: thread (33, main, main)
16:10:10.307 INFO: JdwpEventCenterDelegate: THREAD_RESUMED: thread (33, main, main)
16:10:10.310 INFO: JdwpEventCenterDelegate: THREAD_RESUMED: thread (33, main, main)
16:10:10.312 INFO: JdwpEventCenterDelegate: THREAD_RESUMED: thread (33, main, main)
16:10:10.317 INFO: JdwpEventCenterDelegate: THREAD_RESUMED: thread (33, main, main)
16:10:10.341 INFO: JdwpEventCenterDelegate: THREAD_RESUMED: thread (33, main, main)
16:10:10.343 INFO: JdwpEventCenterDelegate: THREAD_RESUMED: thread (33, main, main)
16:10:10.346 INFO: JdwpEventCenterDelegate: THREAD_RESUMED: thread (33, main, main)
16:10:10.348 INFO: JdwpEventCenterDelegate: THREAD_RESUMED: thread (33, main, main)
16:10:10.350 INFO: JdwpEventCenterDelegate: THREAD_RESUMED: thread (33, main, main)
16:10:10.355 INFO: JdwpEventCenterDelegate: THREAD_RESUMED: thread (33, main, main)
16:10:10.372 INFO: JdwpEventCenterDelegate: THREAD_RESUMED: thread (33, main, main)
16:10:10.375 INFO: JdwpEventCenterDelegate: THREAD_RESUMED: thread (33, main, main)
16:10:10.377 INFO: JdwpEventCenterDelegate: THREAD_RESUMED: thread (33, main, main)
16:10:10.379 INFO: JdwpEventCenterDelegate: THREAD_RESUMED: thread (33, main, main)
16:10:10.381 INFO: JdwpEventCenterDelegate: THREAD_RESUMED: thread (33, main, main)
16:10:10.385 INFO: JdwpEventCenterDelegate: THREAD_RESUMED: thread (33, main, main)
16:10:10.398 INFO: JdwpEventCenterDelegate: THREAD_RESUMED: thread (33, main, main)
16:10:10.400 INFO: JdwpEventCenterDelegate: THREAD_RESUMED: thread (33, main, main)
16:10:10.402 INFO: JdwpEventCenterDelegate: THREAD_RESUMED: thread (33, main, main)
16:10:10.404 INFO: JdwpEventCenterDelegate: THREAD_RESUMED: thread (33, main, main)
16:10:10.406 INFO: JdwpEventCenterDelegate: THREAD_RESUMED: thread (33, main, main)
16:10:12.629 INFO: JdwpEventCenterDelegate: THREAD_STARTED: thread (108, Timer, main)
16:10:13.522 INFO: JdwpEventCenterDelegate: THREAD_RESUMED: thread (33, main, main)
16:10:13.564 INFO: JdwpEventCenterDelegate: THREAD_RESUMED: thread (33, main, main)
16:10:13.587 INFO: JdwpEventCenterDelegate: THREAD_RESUMED: thread (33, main, main)
16:10:13.607 INFO: JdwpEventCenterDelegate: THREAD_RESUMED: thread (33, main, main)
16:10:13.625 INFO: JdwpEventCenterDelegate: THREAD_RESUMED: thread (33, main, main)
16:10:13.640 INFO: JdwpEventCenterDelegate: THREAD_RESUMED: thread (33, main, main)
16:10:13.654 INFO: JdwpEventCenterDelegate: THREAD_RESUMED: thread (33, main, main)
16:10:13.671 INFO: JdwpEventCenterDelegate: THREAD_RESUMED: thread (33, main, main)
16:10:13.686 INFO: JdwpEventCenterDelegate: THREAD_RESUMED: thread (33, main, main)
16:10:13.702 INFO: JdwpEventCenterDelegate: THREAD_RESUMED: thread (33, main, main)
16:10:13.718 INFO: JdwpEventCenterDelegate: THREAD_RESUMED: thread (33, main, main)
16:10:13.732 INFO: JdwpEventCenterDelegate: THREAD_RESUMED: thread (33, main, main)
16:10:23.337 INFO: JdwpDebugServer: handling req: VirtualMachine(1).Exit(10)
16:10:23.337 SEVERE: Debugger: Thread JDWP server socket thread crashed
org.robovm.debugger.DebuggerException: Terminating due exit command
	at org.robovm.debugger.jdwp.JdwpDebugServer.doSocketWork(JdwpDebugServer.java:211)
	at java.base/java.lang.Thread.run(Thread.java:834)
	at org.robovm.debugger.utils.DebuggerThread.run(DebuggerThread.java:42)
16:10:23.840 SEVERE: Debugger: Thread HooksChannel socket thread crashed
org.robovm.debugger.DebuggerException: java.io.IOException: org.robovm.libimobiledevice.LibIMobileDeviceException: IDEVICE_E_UNKNOWN_ERROR
	at org.robovm.debugger.hooks.HooksChannel.doSocketWork(HooksChannel.java:149)
	at java.base/java.lang.Thread.run(Thread.java:834)
	at org.robovm.debugger.utils.DebuggerThread.run(DebuggerThread.java:42)
Caused by: java.io.IOException: org.robovm.libimobiledevice.LibIMobileDeviceException: IDEVICE_E_UNKNOWN_ERROR
	at org.robovm.libimobiledevice.IDeviceConnection$DeviceInputStream.read(IDeviceConnection.java:203)
	at org.robovm.debugger.utils.bytebuffer.DataBufferWriter.writeFromStream(DataBufferWriter.java:89)
	at org.robovm.debugger.hooks.HooksChannel.doSocketWork(HooksChannel.java:116)
	... 2 more
Caused by: org.robovm.libimobiledevice.LibIMobileDeviceException: IDEVICE_E_UNKNOWN_ERROR
	at org.robovm.libimobiledevice.IDevice.checkResult(IDevice.java:206)
	at org.robovm.libimobiledevice.IDeviceConnection.receive(IDeviceConnection.java:110)
	at org.robovm.libimobiledevice.IDeviceConnection.receive(IDeviceConnection.java:81)
	at org.robovm.libimobiledevice.IDeviceConnection$DeviceInputStream.read(IDeviceConnection.java:201)
	... 4 more
