17:01:27.955 INFO: JdwpDebugServer: handling req: VirtualMachine(1).IDSizes(7)
17:01:27.956 INFO: JdwpDebugServer: handling req: EventRequest(15).Set(1)
17:01:27.956 INFO: JdwpEventCenterDelegate: jdwpSetEventRequest: JdwpEventRequest{requestId=100, eventKind=CLASS_PREPARE, suspendPolicy=NONE, predicates=[]}
17:01:27.956 INFO: JdwpDebugServer: handling req: EventRequest(15).Set(1)
17:01:27.956 INFO: JdwpEventCenterDelegate: jdwpSetEventRequest: JdwpEventRequest{requestId=101, eventKind=CLASS_UNLOAD, suspendPolicy=NONE, predicates=[]}
17:01:27.973 INFO: JdwpDebugServer: handling req: VirtualMachine(1).Version(1)
17:01:27.973 INFO: JdwpDebugServer: handling req: VirtualMachine(1).capabilitiesNew(17)
17:01:27.974 INFO: JdwpDebugServer: handling req: VirtualMachine(1).capabilities(12)
17:01:27.974 INFO: JdwpDebugServer: handling req: VirtualMachine(1).AllClassesWithGeneric(20)
17:01:27.977 INFO: JdwpDebugServer: handling req: VirtualMachine(1).TopLevelThreadGroups(5)
17:01:27.978 INFO: JdwpDebugServer: handling req: EventRequest(15).Set(1)
17:01:27.978 INFO: JdwpEventCenterDelegate: jdwpSetEventRequest: JdwpEventRequest{requestId=102, eventKind=THREAD_START, suspendPolicy=NONE, predicates=[]}
17:01:27.978 INFO: JdwpDebugServer: handling req: EventRequest(15).Set(1)
17:01:27.978 INFO: JdwpEventCenterDelegate: jdwpSetEventRequest: JdwpEventRequest{requestId=103, eventKind=THREAD_DEATH, suspendPolicy=NONE, predicates=[]}
17:01:27.979 INFO: JdwpDebugServer: handling req: EventRequest(15).Set(1)
17:01:27.979 INFO: JdwpEventCenterDelegate: jdwpSetEventRequest: JdwpEventRequest{requestId=104, eventKind=CLASS_PREPARE, suspendPolicy=EVENT_THREAD, predicates=[className=sun.instrument.InstrumentationImpl]}
17:01:27.979 INFO: JdwpDebugServer: handling req: EventRequest(15).Set(1)
17:01:27.979 INFO: JdwpEventCenterDelegate: jdwpSetEventRequest: JdwpEventRequest{requestId=105, eventKind=CLASS_PREPARE, suspendPolicy=EVENT_THREAD, predicates=[className=sun.instrument.InstrumentationImpl]}
17:01:28.575 INFO: JdwpDebugServer: handling req: VirtualMachine(1).Resume(9)
17:01:28.624 INFO: JdwpEventCenterDelegate: THREAD_STARTED: thread (33, main, main)
17:01:28.648 INFO: JdwpEventCenterDelegate: THREAD_STARTED: thread (48, ReferenceQueueDaemon, main)
17:01:28.655 INFO: JdwpEventCenterDelegate: THREAD_STARTED: thread (63, FinalizerDaemon, main)
17:01:28.661 INFO: JdwpEventCenterDelegate: THREAD_STARTED: thread (78, FinalizerWatchdogDaemon, main)
17:01:28.666 INFO: JdwpEventCenterDelegate: THREAD_RESUMED: thread (33, main, main)
17:01:28.668 INFO: JdwpEventCenterDelegate: THREAD_RESUMED: thread (33, main, main)
17:01:28.669 INFO: JdwpEventCenterDelegate: THREAD_RESUMED: thread (33, main, main)
17:01:28.671 INFO: JdwpEventCenterDelegate: THREAD_RESUMED: thread (33, main, main)
17:01:28.672 INFO: JdwpEventCenterDelegate: THREAD_RESUMED: thread (33, main, main)
17:01:28.674 INFO: JdwpEventCenterDelegate: THREAD_RESUMED: thread (33, main, main)
17:01:28.675 INFO: JdwpEventCenterDelegate: THREAD_RESUMED: thread (33, main, main)
17:01:28.676 INFO: JdwpEventCenterDelegate: THREAD_RESUMED: thread (33, main, main)
17:01:28.678 INFO: JdwpEventCenterDelegate: THREAD_RESUMED: thread (33, main, main)
17:01:28.680 INFO: JdwpEventCenterDelegate: THREAD_RESUMED: thread (33, main, main)
17:01:28.681 INFO: JdwpEventCenterDelegate: THREAD_RESUMED: thread (33, main, main)
17:01:28.683 INFO: JdwpEventCenterDelegate: THREAD_RESUMED: thread (33, main, main)
17:01:28.684 INFO: JdwpEventCenterDelegate: THREAD_RESUMED: thread (33, main, main)
17:01:28.686 INFO: JdwpEventCenterDelegate: THREAD_RESUMED: thread (33, main, main)
17:01:28.687 INFO: JdwpEventCenterDelegate: THREAD_RESUMED: thread (33, main, main)
17:01:28.689 INFO: JdwpEventCenterDelegate: THREAD_RESUMED: thread (33, main, main)
17:01:28.691 INFO: JdwpEventCenterDelegate: THREAD_RESUMED: thread (33, main, main)
17:01:28.692 INFO: JdwpEventCenterDelegate: THREAD_RESUMED: thread (33, main, main)
17:01:28.696 INFO: JdwpEventCenterDelegate: THREAD_RESUMED: thread (33, main, main)
17:01:28.698 INFO: JdwpEventCenterDelegate: THREAD_RESUMED: thread (33, main, main)
17:01:28.699 INFO: JdwpEventCenterDelegate: THREAD_RESUMED: thread (33, main, main)
17:01:28.701 INFO: JdwpEventCenterDelegate: THREAD_RESUMED: thread (33, main, main)
17:01:28.702 INFO: JdwpEventCenterDelegate: THREAD_RESUMED: thread (33, main, main)
17:01:28.703 INFO: JdwpEventCenterDelegate: THREAD_RESUMED: thread (33, main, main)
17:01:28.704 INFO: JdwpEventCenterDelegate: THREAD_RESUMED: thread (33, main, main)
17:01:28.736 INFO: JdwpEventCenterDelegate: THREAD_RESUMED: thread (33, main, main)
17:01:28.737 INFO: JdwpEventCenterDelegate: THREAD_RESUMED: thread (33, main, main)
17:01:28.738 INFO: JdwpEventCenterDelegate: THREAD_RESUMED: thread (33, main, main)
17:01:28.739 INFO: JdwpEventCenterDelegate: THREAD_RESUMED: thread (33, main, main)
17:01:28.741 INFO: JdwpEventCenterDelegate: THREAD_RESUMED: thread (33, main, main)
17:01:28.742 INFO: JdwpEventCenterDelegate: THREAD_RESUMED: thread (33, main, main)
17:01:28.743 INFO: JdwpEventCenterDelegate: THREAD_RESUMED: thread (33, main, main)
17:01:28.746 INFO: JdwpEventCenterDelegate: THREAD_RESUMED: thread (33, main, main)
17:01:28.747 INFO: JdwpEventCenterDelegate: THREAD_RESUMED: thread (33, main, main)
17:01:28.749 INFO: JdwpEventCenterDelegate: THREAD_RESUMED: thread (33, main, main)
17:01:28.750 INFO: JdwpEventCenterDelegate: THREAD_RESUMED: thread (33, main, main)
17:01:28.752 INFO: JdwpEventCenterDelegate: THREAD_RESUMED: thread (33, main, main)
17:01:28.753 INFO: JdwpEventCenterDelegate: THREAD_RESUMED: thread (33, main, main)
17:01:28.755 INFO: JdwpEventCenterDelegate: THREAD_RESUMED: thread (33, main, main)
17:01:28.772 INFO: JdwpEventCenterDelegate: THREAD_RESUMED: thread (33, main, main)
17:01:28.773 INFO: JdwpEventCenterDelegate: THREAD_RESUMED: thread (33, main, main)
17:01:28.774 INFO: JdwpEventCenterDelegate: THREAD_RESUMED: thread (33, main, main)
17:01:28.775 INFO: JdwpEventCenterDelegate: THREAD_RESUMED: thread (33, main, main)
17:01:28.777 INFO: JdwpEventCenterDelegate: THREAD_RESUMED: thread (33, main, main)
17:01:28.779 INFO: JdwpEventCenterDelegate: THREAD_RESUMED: thread (33, main, main)
17:01:28.780 INFO: JdwpEventCenterDelegate: THREAD_RESUMED: thread (33, main, main)
17:01:28.818 INFO: JdwpEventCenterDelegate: THREAD_RESUMED: thread (33, main, main)
17:01:28.819 INFO: JdwpEventCenterDelegate: THREAD_RESUMED: thread (33, main, main)
17:01:28.821 INFO: JdwpEventCenterDelegate: THREAD_RESUMED: thread (33, main, main)
17:01:28.822 INFO: JdwpEventCenterDelegate: THREAD_RESUMED: thread (33, main, main)
17:01:28.823 INFO: JdwpEventCenterDelegate: THREAD_RESUMED: thread (33, main, main)
17:01:28.825 INFO: JdwpEventCenterDelegate: THREAD_RESUMED: thread (33, main, main)
17:01:28.827 INFO: JdwpEventCenterDelegate: THREAD_RESUMED: thread (33, main, main)
17:01:28.837 INFO: JdwpEventCenterDelegate: THREAD_RESUMED: thread (33, main, main)
17:01:28.839 INFO: JdwpEventCenterDelegate: THREAD_RESUMED: thread (33, main, main)
17:01:28.840 INFO: JdwpEventCenterDelegate: THREAD_RESUMED: thread (33, main, main)
17:01:28.842 INFO: JdwpEventCenterDelegate: THREAD_RESUMED: thread (33, main, main)
17:01:28.843 INFO: JdwpEventCenterDelegate: THREAD_RESUMED: thread (33, main, main)
17:01:28.844 INFO: JdwpEventCenterDelegate: THREAD_RESUMED: thread (33, main, main)
17:01:28.846 INFO: JdwpEventCenterDelegate: THREAD_RESUMED: thread (33, main, main)
17:01:28.855 INFO: JdwpEventCenterDelegate: THREAD_RESUMED: thread (33, main, main)
17:01:28.857 INFO: JdwpEventCenterDelegate: THREAD_RESUMED: thread (33, main, main)
17:01:28.858 INFO: JdwpEventCenterDelegate: THREAD_RESUMED: thread (33, main, main)
17:01:28.859 INFO: JdwpEventCenterDelegate: THREAD_RESUMED: thread (33, main, main)
17:01:28.861 INFO: JdwpEventCenterDelegate: THREAD_RESUMED: thread (33, main, main)
17:01:28.863 INFO: JdwpEventCenterDelegate: THREAD_RESUMED: thread (33, main, main)
17:01:28.864 INFO: JdwpEventCenterDelegate: THREAD_RESUMED: thread (33, main, main)
17:01:28.866 INFO: JdwpEventCenterDelegate: THREAD_RESUMED: thread (33, main, main)
17:01:28.867 INFO: JdwpEventCenterDelegate: THREAD_RESUMED: thread (33, main, main)
17:01:28.869 INFO: JdwpEventCenterDelegate: THREAD_RESUMED: thread (33, main, main)
17:01:28.870 INFO: JdwpEventCenterDelegate: THREAD_RESUMED: thread (33, main, main)
17:01:28.871 INFO: JdwpEventCenterDelegate: THREAD_RESUMED: thread (33, main, main)
17:01:28.873 INFO: JdwpEventCenterDelegate: THREAD_RESUMED: thread (33, main, main)
17:01:28.874 INFO: JdwpEventCenterDelegate: THREAD_RESUMED: thread (33, main, main)
17:01:28.875 INFO: JdwpEventCenterDelegate: THREAD_RESUMED: thread (33, main, main)
17:01:28.877 INFO: JdwpEventCenterDelegate: THREAD_RESUMED: thread (33, main, main)
17:01:28.879 INFO: JdwpEventCenterDelegate: THREAD_RESUMED: thread (33, main, main)
17:01:28.880 INFO: JdwpEventCenterDelegate: THREAD_RESUMED: thread (33, main, main)
17:01:28.884 INFO: JdwpEventCenterDelegate: THREAD_RESUMED: thread (33, main, main)
17:01:28.886 INFO: JdwpEventCenterDelegate: THREAD_RESUMED: thread (33, main, main)
17:01:29.018 INFO: JdwpEventCenterDelegate: THREAD_STARTED: thread (93, AssetManager, main)
17:01:29.122 INFO: JdwpEventCenterDelegate: THREAD_RESUMED: thread (33, main, main)
17:01:29.125 INFO: JdwpEventCenterDelegate: THREAD_RESUMED: thread (33, main, main)
17:01:31.690 INFO: JdwpEventCenterDelegate: THREAD_RESUMED: thread (33, main, main)
17:01:31.790 INFO: JdwpEventCenterDelegate: THREAD_RESUMED: thread (33, main, main)
17:01:31.792 INFO: JdwpEventCenterDelegate: THREAD_RESUMED: thread (33, main, main)
17:01:31.794 INFO: JdwpEventCenterDelegate: THREAD_RESUMED: thread (33, main, main)
17:01:31.796 INFO: JdwpEventCenterDelegate: THREAD_RESUMED: thread (33, main, main)
17:01:31.798 INFO: JdwpEventCenterDelegate: THREAD_RESUMED: thread (33, main, main)
17:01:31.804 INFO: JdwpEventCenterDelegate: THREAD_RESUMED: thread (33, main, main)
17:01:31.816 INFO: JdwpEventCenterDelegate: THREAD_RESUMED: thread (33, main, main)
17:01:31.818 INFO: JdwpEventCenterDelegate: THREAD_RESUMED: thread (33, main, main)
17:01:31.820 INFO: JdwpEventCenterDelegate: THREAD_RESUMED: thread (33, main, main)
17:01:31.822 INFO: JdwpEventCenterDelegate: THREAD_RESUMED: thread (33, main, main)
17:01:31.824 INFO: JdwpEventCenterDelegate: THREAD_RESUMED: thread (33, main, main)
17:01:31.829 INFO: JdwpEventCenterDelegate: THREAD_RESUMED: thread (33, main, main)
17:01:31.844 INFO: JdwpEventCenterDelegate: THREAD_RESUMED: thread (33, main, main)
17:01:31.846 INFO: JdwpEventCenterDelegate: THREAD_RESUMED: thread (33, main, main)
17:01:31.849 INFO: JdwpEventCenterDelegate: THREAD_RESUMED: thread (33, main, main)
17:01:31.851 INFO: JdwpEventCenterDelegate: THREAD_RESUMED: thread (33, main, main)
17:01:31.853 INFO: JdwpEventCenterDelegate: THREAD_RESUMED: thread (33, main, main)
17:01:31.858 INFO: JdwpEventCenterDelegate: THREAD_RESUMED: thread (33, main, main)
17:01:31.876 INFO: JdwpEventCenterDelegate: THREAD_RESUMED: thread (33, main, main)
17:01:31.879 INFO: JdwpEventCenterDelegate: THREAD_RESUMED: thread (33, main, main)
17:01:31.881 INFO: JdwpEventCenterDelegate: THREAD_RESUMED: thread (33, main, main)
17:01:31.883 INFO: JdwpEventCenterDelegate: THREAD_RESUMED: thread (33, main, main)
17:01:31.885 INFO: JdwpEventCenterDelegate: THREAD_RESUMED: thread (33, main, main)
17:01:31.891 INFO: JdwpEventCenterDelegate: THREAD_RESUMED: thread (33, main, main)
17:01:31.906 INFO: JdwpEventCenterDelegate: THREAD_RESUMED: thread (33, main, main)
17:01:31.908 INFO: JdwpEventCenterDelegate: THREAD_RESUMED: thread (33, main, main)
17:01:31.910 INFO: JdwpEventCenterDelegate: THREAD_RESUMED: thread (33, main, main)
17:01:31.912 INFO: JdwpEventCenterDelegate: THREAD_RESUMED: thread (33, main, main)
17:01:31.914 INFO: JdwpEventCenterDelegate: THREAD_RESUMED: thread (33, main, main)
17:01:31.919 INFO: JdwpEventCenterDelegate: THREAD_RESUMED: thread (33, main, main)
17:01:31.935 INFO: JdwpEventCenterDelegate: THREAD_RESUMED: thread (33, main, main)
17:01:31.937 INFO: JdwpEventCenterDelegate: THREAD_RESUMED: thread (33, main, main)
17:01:31.939 INFO: JdwpEventCenterDelegate: THREAD_RESUMED: thread (33, main, main)
17:01:31.941 INFO: JdwpEventCenterDelegate: THREAD_RESUMED: thread (33, main, main)
17:01:31.943 INFO: JdwpEventCenterDelegate: THREAD_RESUMED: thread (33, main, main)
17:01:31.948 INFO: JdwpEventCenterDelegate: THREAD_RESUMED: thread (33, main, main)
17:01:31.970 INFO: JdwpEventCenterDelegate: THREAD_RESUMED: thread (33, main, main)
17:01:31.972 INFO: JdwpEventCenterDelegate: THREAD_RESUMED: thread (33, main, main)
17:01:31.974 INFO: JdwpEventCenterDelegate: THREAD_RESUMED: thread (33, main, main)
17:01:31.976 INFO: JdwpEventCenterDelegate: THREAD_RESUMED: thread (33, main, main)
17:01:31.978 INFO: JdwpEventCenterDelegate: THREAD_RESUMED: thread (33, main, main)
17:01:31.983 INFO: JdwpEventCenterDelegate: THREAD_RESUMED: thread (33, main, main)
17:01:32.003 INFO: JdwpEventCenterDelegate: THREAD_RESUMED: thread (33, main, main)
17:01:32.005 INFO: JdwpEventCenterDelegate: THREAD_RESUMED: thread (33, main, main)
17:01:32.007 INFO: JdwpEventCenterDelegate: THREAD_RESUMED: thread (33, main, main)
17:01:32.009 INFO: JdwpEventCenterDelegate: THREAD_RESUMED: thread (33, main, main)
17:01:32.011 INFO: JdwpEventCenterDelegate: THREAD_RESUMED: thread (33, main, main)
17:01:32.016 INFO: JdwpEventCenterDelegate: THREAD_RESUMED: thread (33, main, main)
17:01:32.034 INFO: JdwpEventCenterDelegate: THREAD_RESUMED: thread (33, main, main)
17:01:32.036 INFO: JdwpEventCenterDelegate: THREAD_RESUMED: thread (33, main, main)
17:01:32.038 INFO: JdwpEventCenterDelegate: THREAD_RESUMED: thread (33, main, main)
17:01:32.041 INFO: JdwpEventCenterDelegate: THREAD_RESUMED: thread (33, main, main)
17:01:32.043 INFO: JdwpEventCenterDelegate: THREAD_RESUMED: thread (33, main, main)
17:01:32.047 INFO: JdwpEventCenterDelegate: THREAD_RESUMED: thread (33, main, main)
17:01:32.062 INFO: JdwpEventCenterDelegate: THREAD_RESUMED: thread (33, main, main)
17:01:32.064 INFO: JdwpEventCenterDelegate: THREAD_RESUMED: thread (33, main, main)
17:01:32.066 INFO: JdwpEventCenterDelegate: THREAD_RESUMED: thread (33, main, main)
17:01:32.068 INFO: JdwpEventCenterDelegate: THREAD_RESUMED: thread (33, main, main)
17:01:32.070 INFO: JdwpEventCenterDelegate: THREAD_RESUMED: thread (33, main, main)
17:01:32.074 INFO: JdwpEventCenterDelegate: THREAD_RESUMED: thread (33, main, main)
17:01:32.089 INFO: JdwpEventCenterDelegate: THREAD_RESUMED: thread (33, main, main)
17:01:32.091 INFO: JdwpEventCenterDelegate: THREAD_RESUMED: thread (33, main, main)
17:01:32.093 INFO: JdwpEventCenterDelegate: THREAD_RESUMED: thread (33, main, main)
17:01:32.095 INFO: JdwpEventCenterDelegate: THREAD_RESUMED: thread (33, main, main)
17:01:32.097 INFO: JdwpEventCenterDelegate: THREAD_RESUMED: thread (33, main, main)
17:01:32.102 INFO: JdwpEventCenterDelegate: THREAD_RESUMED: thread (33, main, main)
17:01:32.125 INFO: JdwpEventCenterDelegate: THREAD_RESUMED: thread (33, main, main)
17:01:32.127 INFO: JdwpEventCenterDelegate: THREAD_RESUMED: thread (33, main, main)
17:01:32.129 INFO: JdwpEventCenterDelegate: THREAD_RESUMED: thread (33, main, main)
17:01:32.131 INFO: JdwpEventCenterDelegate: THREAD_RESUMED: thread (33, main, main)
17:01:32.134 INFO: JdwpEventCenterDelegate: THREAD_RESUMED: thread (33, main, main)
17:01:32.139 INFO: JdwpEventCenterDelegate: THREAD_RESUMED: thread (33, main, main)
17:01:32.161 INFO: JdwpEventCenterDelegate: THREAD_RESUMED: thread (33, main, main)
17:01:32.163 INFO: JdwpEventCenterDelegate: THREAD_RESUMED: thread (33, main, main)
17:01:32.165 INFO: JdwpEventCenterDelegate: THREAD_RESUMED: thread (33, main, main)
17:01:32.168 INFO: JdwpEventCenterDelegate: THREAD_RESUMED: thread (33, main, main)
17:01:32.170 INFO: JdwpEventCenterDelegate: THREAD_RESUMED: thread (33, main, main)
17:01:32.175 INFO: JdwpEventCenterDelegate: THREAD_RESUMED: thread (33, main, main)
17:01:32.194 INFO: JdwpEventCenterDelegate: THREAD_RESUMED: thread (33, main, main)
17:01:32.196 INFO: JdwpEventCenterDelegate: THREAD_RESUMED: thread (33, main, main)
17:01:32.198 INFO: JdwpEventCenterDelegate: THREAD_RESUMED: thread (33, main, main)
17:01:32.199 INFO: JdwpEventCenterDelegate: THREAD_RESUMED: thread (33, main, main)
17:01:32.201 INFO: JdwpEventCenterDelegate: THREAD_RESUMED: thread (33, main, main)
17:01:32.205 INFO: JdwpEventCenterDelegate: THREAD_RESUMED: thread (33, main, main)
17:01:32.218 INFO: JdwpEventCenterDelegate: THREAD_RESUMED: thread (33, main, main)
17:01:32.220 INFO: JdwpEventCenterDelegate: THREAD_RESUMED: thread (33, main, main)
17:01:32.222 INFO: JdwpEventCenterDelegate: THREAD_RESUMED: thread (33, main, main)
17:01:32.224 INFO: JdwpEventCenterDelegate: THREAD_RESUMED: thread (33, main, main)
17:01:32.225 INFO: JdwpEventCenterDelegate: THREAD_RESUMED: thread (33, main, main)
17:01:32.231 INFO: JdwpEventCenterDelegate: THREAD_RESUMED: thread (33, main, main)
17:01:32.233 INFO: JdwpEventCenterDelegate: THREAD_RESUMED: thread (33, main, main)
17:01:32.235 INFO: JdwpEventCenterDelegate: THREAD_RESUMED: thread (33, main, main)
17:01:32.237 INFO: JdwpEventCenterDelegate: THREAD_RESUMED: thread (33, main, main)
17:01:32.239 INFO: JdwpEventCenterDelegate: THREAD_RESUMED: thread (33, main, main)
17:01:32.241 INFO: JdwpEventCenterDelegate: THREAD_RESUMED: thread (33, main, main)
17:01:32.243 INFO: JdwpEventCenterDelegate: THREAD_RESUMED: thread (33, main, main)
17:01:32.247 INFO: JdwpEventCenterDelegate: THREAD_RESUMED: thread (33, main, main)
17:01:32.248 INFO: JdwpEventCenterDelegate: THREAD_RESUMED: thread (33, main, main)
17:01:32.250 INFO: JdwpEventCenterDelegate: THREAD_RESUMED: thread (33, main, main)
17:01:32.251 INFO: JdwpEventCenterDelegate: THREAD_RESUMED: thread (33, main, main)
17:01:32.261 INFO: JdwpEventCenterDelegate: THREAD_RESUMED: thread (33, main, main)
17:01:32.263 INFO: JdwpEventCenterDelegate: THREAD_RESUMED: thread (33, main, main)
17:01:32.265 INFO: JdwpEventCenterDelegate: THREAD_RESUMED: thread (33, main, main)
17:01:32.266 INFO: JdwpEventCenterDelegate: THREAD_RESUMED: thread (33, main, main)
17:01:32.268 INFO: JdwpEventCenterDelegate: THREAD_RESUMED: thread (33, main, main)
17:01:32.273 INFO: JdwpEventCenterDelegate: THREAD_RESUMED: thread (33, main, main)
17:01:32.285 INFO: JdwpEventCenterDelegate: THREAD_RESUMED: thread (33, main, main)
17:01:32.299 INFO: JdwpEventCenterDelegate: THREAD_RESUMED: thread (33, main, main)
17:01:32.310 INFO: JdwpEventCenterDelegate: THREAD_RESUMED: thread (33, main, main)
17:01:32.323 INFO: JdwpEventCenterDelegate: THREAD_RESUMED: thread (33, main, main)
17:01:32.353 INFO: JdwpEventCenterDelegate: THREAD_RESUMED: thread (33, main, main)
17:01:32.355 INFO: JdwpEventCenterDelegate: THREAD_RESUMED: thread (33, main, main)
17:01:32.357 INFO: JdwpEventCenterDelegate: THREAD_RESUMED: thread (33, main, main)
17:01:32.359 INFO: JdwpEventCenterDelegate: THREAD_RESUMED: thread (33, main, main)
17:01:32.361 INFO: JdwpEventCenterDelegate: THREAD_RESUMED: thread (33, main, main)
17:01:32.366 INFO: JdwpEventCenterDelegate: THREAD_RESUMED: thread (33, main, main)
17:01:32.377 INFO: JdwpEventCenterDelegate: THREAD_RESUMED: thread (33, main, main)
17:01:32.380 INFO: JdwpEventCenterDelegate: THREAD_RESUMED: thread (33, main, main)
17:01:32.381 INFO: JdwpEventCenterDelegate: THREAD_RESUMED: thread (33, main, main)
17:01:32.383 INFO: JdwpEventCenterDelegate: THREAD_RESUMED: thread (33, main, main)
17:01:32.385 INFO: JdwpEventCenterDelegate: THREAD_RESUMED: thread (33, main, main)
17:01:32.389 INFO: JdwpEventCenterDelegate: THREAD_RESUMED: thread (33, main, main)
17:01:32.407 INFO: JdwpEventCenterDelegate: THREAD_RESUMED: thread (33, main, main)
17:01:32.408 INFO: JdwpEventCenterDelegate: THREAD_RESUMED: thread (33, main, main)
17:01:32.411 INFO: JdwpEventCenterDelegate: THREAD_RESUMED: thread (33, main, main)
17:01:32.413 INFO: JdwpEventCenterDelegate: THREAD_RESUMED: thread (33, main, main)
17:01:32.415 INFO: JdwpEventCenterDelegate: THREAD_RESUMED: thread (33, main, main)
17:01:32.420 INFO: JdwpEventCenterDelegate: THREAD_RESUMED: thread (33, main, main)
17:01:32.437 INFO: JdwpEventCenterDelegate: THREAD_RESUMED: thread (33, main, main)
17:01:32.439 INFO: JdwpEventCenterDelegate: THREAD_RESUMED: thread (33, main, main)
17:01:32.441 INFO: JdwpEventCenterDelegate: THREAD_RESUMED: thread (33, main, main)
17:01:32.442 INFO: JdwpEventCenterDelegate: THREAD_RESUMED: thread (33, main, main)
17:01:32.444 INFO: JdwpEventCenterDelegate: THREAD_RESUMED: thread (33, main, main)
17:01:32.448 INFO: JdwpEventCenterDelegate: THREAD_RESUMED: thread (33, main, main)
17:01:32.463 INFO: JdwpEventCenterDelegate: THREAD_RESUMED: thread (33, main, main)
17:01:32.465 INFO: JdwpEventCenterDelegate: THREAD_RESUMED: thread (33, main, main)
17:01:32.467 INFO: JdwpEventCenterDelegate: THREAD_RESUMED: thread (33, main, main)
17:01:32.469 INFO: JdwpEventCenterDelegate: THREAD_RESUMED: thread (33, main, main)
17:01:32.471 INFO: JdwpEventCenterDelegate: THREAD_RESUMED: thread (33, main, main)
17:01:32.475 INFO: JdwpEventCenterDelegate: THREAD_RESUMED: thread (33, main, main)
17:01:32.490 INFO: JdwpEventCenterDelegate: THREAD_RESUMED: thread (33, main, main)
17:01:32.491 INFO: JdwpEventCenterDelegate: THREAD_RESUMED: thread (33, main, main)
17:01:32.493 INFO: JdwpEventCenterDelegate: THREAD_RESUMED: thread (33, main, main)
17:01:32.495 INFO: JdwpEventCenterDelegate: THREAD_RESUMED: thread (33, main, main)
17:01:32.497 INFO: JdwpEventCenterDelegate: THREAD_RESUMED: thread (33, main, main)
17:01:32.501 INFO: JdwpEventCenterDelegate: THREAD_RESUMED: thread (33, main, main)
17:01:32.519 INFO: JdwpEventCenterDelegate: THREAD_RESUMED: thread (33, main, main)
17:01:32.521 INFO: JdwpEventCenterDelegate: THREAD_RESUMED: thread (33, main, main)
17:01:32.522 INFO: JdwpEventCenterDelegate: THREAD_RESUMED: thread (33, main, main)
17:01:32.525 INFO: JdwpEventCenterDelegate: THREAD_RESUMED: thread (33, main, main)
17:01:32.527 INFO: JdwpEventCenterDelegate: THREAD_RESUMED: thread (33, main, main)
17:01:32.531 INFO: JdwpEventCenterDelegate: THREAD_RESUMED: thread (33, main, main)
17:01:32.549 INFO: JdwpEventCenterDelegate: THREAD_RESUMED: thread (33, main, main)
17:01:32.551 INFO: JdwpEventCenterDelegate: THREAD_RESUMED: thread (33, main, main)
17:01:32.553 INFO: JdwpEventCenterDelegate: THREAD_RESUMED: thread (33, main, main)
17:01:32.555 INFO: JdwpEventCenterDelegate: THREAD_RESUMED: thread (33, main, main)
17:01:32.557 INFO: JdwpEventCenterDelegate: THREAD_RESUMED: thread (33, main, main)
17:01:32.561 INFO: JdwpEventCenterDelegate: THREAD_RESUMED: thread (33, main, main)
17:01:32.578 INFO: JdwpEventCenterDelegate: THREAD_RESUMED: thread (33, main, main)
17:01:32.580 INFO: JdwpEventCenterDelegate: THREAD_RESUMED: thread (33, main, main)
17:01:32.582 INFO: JdwpEventCenterDelegate: THREAD_RESUMED: thread (33, main, main)
17:01:32.583 INFO: JdwpEventCenterDelegate: THREAD_RESUMED: thread (33, main, main)
17:01:32.585 INFO: JdwpEventCenterDelegate: THREAD_RESUMED: thread (33, main, main)
17:01:32.589 INFO: JdwpEventCenterDelegate: THREAD_RESUMED: thread (33, main, main)
17:01:32.607 INFO: JdwpEventCenterDelegate: THREAD_RESUMED: thread (33, main, main)
17:01:32.609 INFO: JdwpEventCenterDelegate: THREAD_RESUMED: thread (33, main, main)
17:01:32.611 INFO: JdwpEventCenterDelegate: THREAD_RESUMED: thread (33, main, main)
17:01:32.613 INFO: JdwpEventCenterDelegate: THREAD_RESUMED: thread (33, main, main)
17:01:32.616 INFO: JdwpEventCenterDelegate: THREAD_RESUMED: thread (33, main, main)
17:01:32.620 INFO: JdwpEventCenterDelegate: THREAD_RESUMED: thread (33, main, main)
17:01:32.634 INFO: JdwpEventCenterDelegate: THREAD_RESUMED: thread (33, main, main)
17:01:32.636 INFO: JdwpEventCenterDelegate: THREAD_RESUMED: thread (33, main, main)
17:01:32.638 INFO: JdwpEventCenterDelegate: THREAD_RESUMED: thread (33, main, main)
17:01:32.640 INFO: JdwpEventCenterDelegate: THREAD_RESUMED: thread (33, main, main)
17:01:32.642 INFO: JdwpEventCenterDelegate: THREAD_RESUMED: thread (33, main, main)
17:01:32.647 INFO: JdwpEventCenterDelegate: THREAD_RESUMED: thread (33, main, main)
17:01:32.666 INFO: JdwpEventCenterDelegate: THREAD_RESUMED: thread (33, main, main)
17:01:32.668 INFO: JdwpEventCenterDelegate: THREAD_RESUMED: thread (33, main, main)
17:01:32.670 INFO: JdwpEventCenterDelegate: THREAD_RESUMED: thread (33, main, main)
17:01:32.672 INFO: JdwpEventCenterDelegate: THREAD_RESUMED: thread (33, main, main)
17:01:32.674 INFO: JdwpEventCenterDelegate: THREAD_RESUMED: thread (33, main, main)
17:01:32.679 INFO: JdwpEventCenterDelegate: THREAD_RESUMED: thread (33, main, main)
17:01:32.700 INFO: JdwpEventCenterDelegate: THREAD_RESUMED: thread (33, main, main)
17:01:32.702 INFO: JdwpEventCenterDelegate: THREAD_RESUMED: thread (33, main, main)
17:01:32.704 INFO: JdwpEventCenterDelegate: THREAD_RESUMED: thread (33, main, main)
17:01:32.706 INFO: JdwpEventCenterDelegate: THREAD_RESUMED: thread (33, main, main)
17:01:32.708 INFO: JdwpEventCenterDelegate: THREAD_RESUMED: thread (33, main, main)
17:01:32.712 INFO: JdwpEventCenterDelegate: THREAD_RESUMED: thread (33, main, main)
17:01:32.730 INFO: JdwpEventCenterDelegate: THREAD_RESUMED: thread (33, main, main)
17:01:32.732 INFO: JdwpEventCenterDelegate: THREAD_RESUMED: thread (33, main, main)
17:01:32.734 INFO: JdwpEventCenterDelegate: THREAD_RESUMED: thread (33, main, main)
17:01:32.736 INFO: JdwpEventCenterDelegate: THREAD_RESUMED: thread (33, main, main)
17:01:32.738 INFO: JdwpEventCenterDelegate: THREAD_RESUMED: thread (33, main, main)
17:01:32.742 INFO: JdwpEventCenterDelegate: THREAD_RESUMED: thread (33, main, main)
17:01:32.754 INFO: JdwpEventCenterDelegate: THREAD_RESUMED: thread (33, main, main)
17:01:32.756 INFO: JdwpEventCenterDelegate: THREAD_RESUMED: thread (33, main, main)
17:01:32.758 INFO: JdwpEventCenterDelegate: THREAD_RESUMED: thread (33, main, main)
17:01:32.760 INFO: JdwpEventCenterDelegate: THREAD_RESUMED: thread (33, main, main)
17:01:32.762 INFO: JdwpEventCenterDelegate: THREAD_RESUMED: thread (33, main, main)
17:01:35.026 INFO: JdwpEventCenterDelegate: THREAD_STARTED: thread (108, Timer, main)
17:01:35.897 INFO: JdwpEventCenterDelegate: THREAD_RESUMED: thread (33, main, main)
17:01:35.931 INFO: JdwpEventCenterDelegate: THREAD_RESUMED: thread (33, main, main)
17:01:35.955 INFO: JdwpEventCenterDelegate: THREAD_RESUMED: thread (33, main, main)
17:01:35.975 INFO: JdwpEventCenterDelegate: THREAD_RESUMED: thread (33, main, main)
17:01:36.018 INFO: JdwpEventCenterDelegate: THREAD_RESUMED: thread (33, main, main)
17:01:36.051 INFO: JdwpEventCenterDelegate: THREAD_RESUMED: thread (33, main, main)
17:01:36.069 INFO: JdwpEventCenterDelegate: THREAD_RESUMED: thread (33, main, main)
17:01:36.084 INFO: JdwpEventCenterDelegate: THREAD_RESUMED: thread (33, main, main)
17:01:36.091 INFO: JdwpEventCenterDelegate: THREAD_RESUMED: thread (33, main, main)
17:01:36.105 INFO: JdwpEventCenterDelegate: THREAD_RESUMED: thread (33, main, main)
17:01:36.136 INFO: JdwpEventCenterDelegate: THREAD_RESUMED: thread (33, main, main)
17:01:36.148 INFO: JdwpEventCenterDelegate: THREAD_RESUMED: thread (33, main, main)
17:01:36.160 INFO: JdwpEventCenterDelegate: THREAD_RESUMED: thread (33, main, main)
17:01:36.172 INFO: JdwpEventCenterDelegate: THREAD_RESUMED: thread (33, main, main)
17:01:36.207 INFO: JdwpEventCenterDelegate: THREAD_RESUMED: thread (33, main, main)
17:01:36.240 INFO: JdwpEventCenterDelegate: THREAD_RESUMED: thread (33, main, main)
17:01:36.256 INFO: JdwpEventCenterDelegate: THREAD_RESUMED: thread (33, main, main)
17:01:36.270 INFO: JdwpEventCenterDelegate: THREAD_RESUMED: thread (33, main, main)
17:01:36.276 INFO: JdwpEventCenterDelegate: THREAD_RESUMED: thread (33, main, main)
17:01:36.290 INFO: JdwpEventCenterDelegate: THREAD_RESUMED: thread (33, main, main)
17:04:01.409 INFO: JdwpDebugServer: handling req: VirtualMachine(1).Exit(10)
17:04:01.410 SEVERE: Debugger: Thread JDWP server socket thread crashed
org.robovm.debugger.DebuggerException: Terminating due exit command
	at org.robovm.debugger.jdwp.JdwpDebugServer.doSocketWork(JdwpDebugServer.java:211)
	at java.base/java.lang.Thread.run(Thread.java:834)
	at org.robovm.debugger.utils.DebuggerThread.run(DebuggerThread.java:42)
17:04:01.916 SEVERE: Debugger: Thread HooksChannel socket thread crashed
org.robovm.debugger.DebuggerException: java.io.IOException: org.robovm.libimobiledevice.LibIMobileDeviceException: IDEVICE_E_UNKNOWN_ERROR
	at org.robovm.debugger.hooks.HooksChannel.doSocketWork(HooksChannel.java:149)
	at java.base/java.lang.Thread.run(Thread.java:834)
	at org.robovm.debugger.utils.DebuggerThread.run(DebuggerThread.java:42)
Caused by: java.io.IOException: org.robovm.libimobiledevice.LibIMobileDeviceException: IDEVICE_E_UNKNOWN_ERROR
	at org.robovm.libimobiledevice.IDeviceConnection$DeviceInputStream.read(IDeviceConnection.java:203)
	at org.robovm.debugger.utils.bytebuffer.DataBufferWriter.writeFromStream(DataBufferWriter.java:89)
	at org.robovm.debugger.hooks.HooksChannel.doSocketWork(HooksChannel.java:116)
	... 2 more
Caused by: org.robovm.libimobiledevice.LibIMobileDeviceException: IDEVICE_E_UNKNOWN_ERROR
	at org.robovm.libimobiledevice.IDevice.checkResult(IDevice.java:206)
	at org.robovm.libimobiledevice.IDeviceConnection.receive(IDeviceConnection.java:110)
	at org.robovm.libimobiledevice.IDeviceConnection.receive(IDeviceConnection.java:81)
	at org.robovm.libimobiledevice.IDeviceConnection$DeviceInputStream.read(IDeviceConnection.java:201)
	... 4 more
