20:08:54.834 INFO: JdwpDebugServer: handling req: VirtualMachine(1).IDSizes(7)
20:08:54.835 INFO: JdwpDebugServer: handling req: EventRequest(15).Set(1)
20:08:54.835 INFO: JdwpEventCenterDelegate: jdwpSetEventRequest: JdwpEventRequest{requestId=100, eventKind=CLASS_PREPARE, suspendPolicy=NONE, predicates=[]}
20:08:54.835 INFO: JdwpDebugServer: handling req: EventRequest(15).Set(1)
20:08:54.835 INFO: JdwpEventCenterDelegate: jdwpSetEventRequest: JdwpEventRequest{requestId=101, eventKind=CLASS_UNLOAD, suspendPolicy=NONE, predicates=[]}
20:08:54.854 INFO: JdwpDebugServer: handling req: VirtualMachine(1).Version(1)
20:08:54.854 INFO: JdwpDebugServer: handling req: VirtualMachine(1).capabilitiesNew(17)
20:08:54.854 INFO: JdwpDebugServer: handling req: VirtualMachine(1).capabilities(12)
20:08:54.854 INFO: JdwpDebugServer: handling req: VirtualMachine(1).AllClassesWithGeneric(20)
20:08:54.857 INFO: JdwpDebugServer: handling req: VirtualMachine(1).TopLevelThreadGroups(5)
20:08:54.858 INFO: JdwpDebugServer: handling req: EventRequest(15).Set(1)
20:08:54.858 INFO: JdwpEventCenterDelegate: jdwpSetEventRequest: JdwpEventRequest{requestId=102, eventKind=THREAD_START, suspendPolicy=NONE, predicates=[]}
20:08:54.858 INFO: JdwpDebugServer: handling req: EventRequest(15).Set(1)
20:08:54.858 INFO: JdwpEventCenterDelegate: jdwpSetEventRequest: JdwpEventRequest{requestId=103, eventKind=THREAD_DEATH, suspendPolicy=NONE, predicates=[]}
20:08:54.859 INFO: JdwpDebugServer: handling req: EventRequest(15).Set(1)
20:08:54.859 INFO: JdwpEventCenterDelegate: jdwpSetEventRequest: JdwpEventRequest{requestId=104, eventKind=CLASS_PREPARE, suspendPolicy=EVENT_THREAD, predicates=[className=sun.instrument.InstrumentationImpl]}
20:08:54.859 INFO: JdwpDebugServer: handling req: EventRequest(15).Set(1)
20:08:54.859 INFO: JdwpEventCenterDelegate: jdwpSetEventRequest: JdwpEventRequest{requestId=105, eventKind=CLASS_PREPARE, suspendPolicy=EVENT_THREAD, predicates=[className=sun.instrument.InstrumentationImpl]}
20:08:55.455 INFO: JdwpDebugServer: handling req: VirtualMachine(1).Resume(9)
20:08:55.509 INFO: JdwpEventCenterDelegate: THREAD_STARTED: thread (33, main, main)
20:08:55.530 INFO: JdwpEventCenterDelegate: THREAD_STARTED: thread (48, ReferenceQueueDaemon, main)
20:08:55.537 INFO: JdwpEventCenterDelegate: THREAD_STARTED: thread (63, FinalizerDaemon, main)
20:08:55.544 INFO: JdwpEventCenterDelegate: THREAD_STARTED: thread (78, FinalizerWatchdogDaemon, main)
20:08:55.547 INFO: JdwpEventCenterDelegate: THREAD_RESUMED: thread (33, main, main)
20:08:55.549 INFO: JdwpEventCenterDelegate: THREAD_RESUMED: thread (33, main, main)
20:08:55.550 INFO: JdwpEventCenterDelegate: THREAD_RESUMED: thread (33, main, main)
20:08:55.551 INFO: JdwpEventCenterDelegate: THREAD_RESUMED: thread (33, main, main)
20:08:55.553 INFO: JdwpEventCenterDelegate: THREAD_RESUMED: thread (33, main, main)
20:08:55.554 INFO: JdwpEventCenterDelegate: THREAD_RESUMED: thread (33, main, main)
20:08:55.556 INFO: JdwpEventCenterDelegate: THREAD_RESUMED: thread (33, main, main)
20:08:55.558 INFO: JdwpEventCenterDelegate: THREAD_RESUMED: thread (33, main, main)
20:08:55.559 INFO: JdwpEventCenterDelegate: THREAD_RESUMED: thread (33, main, main)
20:08:55.561 INFO: JdwpEventCenterDelegate: THREAD_RESUMED: thread (33, main, main)
20:08:55.562 INFO: JdwpEventCenterDelegate: THREAD_RESUMED: thread (33, main, main)
20:08:55.563 INFO: JdwpEventCenterDelegate: THREAD_RESUMED: thread (33, main, main)
20:08:55.564 INFO: JdwpEventCenterDelegate: THREAD_RESUMED: thread (33, main, main)
20:08:55.566 INFO: JdwpEventCenterDelegate: THREAD_RESUMED: thread (33, main, main)
20:08:55.567 INFO: JdwpEventCenterDelegate: THREAD_RESUMED: thread (33, main, main)
20:08:55.568 INFO: JdwpEventCenterDelegate: THREAD_RESUMED: thread (33, main, main)
20:08:55.569 INFO: JdwpEventCenterDelegate: THREAD_RESUMED: thread (33, main, main)
20:08:55.570 INFO: JdwpEventCenterDelegate: THREAD_RESUMED: thread (33, main, main)
20:08:55.574 INFO: JdwpEventCenterDelegate: THREAD_RESUMED: thread (33, main, main)
20:08:55.575 INFO: JdwpEventCenterDelegate: THREAD_RESUMED: thread (33, main, main)
20:08:55.576 INFO: JdwpEventCenterDelegate: THREAD_RESUMED: thread (33, main, main)
20:08:55.577 INFO: JdwpEventCenterDelegate: THREAD_RESUMED: thread (33, main, main)
20:08:55.579 INFO: JdwpEventCenterDelegate: THREAD_RESUMED: thread (33, main, main)
20:08:55.580 INFO: JdwpEventCenterDelegate: THREAD_RESUMED: thread (33, main, main)
20:08:55.581 INFO: JdwpEventCenterDelegate: THREAD_RESUMED: thread (33, main, main)
20:08:55.612 INFO: JdwpEventCenterDelegate: THREAD_RESUMED: thread (33, main, main)
20:08:55.613 INFO: JdwpEventCenterDelegate: THREAD_RESUMED: thread (33, main, main)
20:08:55.614 INFO: JdwpEventCenterDelegate: THREAD_RESUMED: thread (33, main, main)
20:08:55.616 INFO: JdwpEventCenterDelegate: THREAD_RESUMED: thread (33, main, main)
20:08:55.617 INFO: JdwpEventCenterDelegate: THREAD_RESUMED: thread (33, main, main)
20:08:55.619 INFO: JdwpEventCenterDelegate: THREAD_RESUMED: thread (33, main, main)
20:08:55.620 INFO: JdwpEventCenterDelegate: THREAD_RESUMED: thread (33, main, main)
20:08:55.623 INFO: JdwpEventCenterDelegate: THREAD_RESUMED: thread (33, main, main)
20:08:55.624 INFO: JdwpEventCenterDelegate: THREAD_RESUMED: thread (33, main, main)
20:08:55.624 INFO: JdwpEventCenterDelegate: THREAD_RESUMED: thread (33, main, main)
20:08:55.626 INFO: JdwpEventCenterDelegate: THREAD_RESUMED: thread (33, main, main)
20:08:55.628 INFO: JdwpEventCenterDelegate: THREAD_RESUMED: thread (33, main, main)
20:08:55.629 INFO: JdwpEventCenterDelegate: THREAD_RESUMED: thread (33, main, main)
20:08:55.630 INFO: JdwpEventCenterDelegate: THREAD_RESUMED: thread (33, main, main)
20:08:55.645 INFO: JdwpEventCenterDelegate: THREAD_RESUMED: thread (33, main, main)
20:08:55.646 INFO: JdwpEventCenterDelegate: THREAD_RESUMED: thread (33, main, main)
20:08:55.648 INFO: JdwpEventCenterDelegate: THREAD_RESUMED: thread (33, main, main)
20:08:55.649 INFO: JdwpEventCenterDelegate: THREAD_RESUMED: thread (33, main, main)
20:08:55.650 INFO: JdwpEventCenterDelegate: THREAD_RESUMED: thread (33, main, main)
20:08:55.652 INFO: JdwpEventCenterDelegate: THREAD_RESUMED: thread (33, main, main)
20:08:55.653 INFO: JdwpEventCenterDelegate: THREAD_RESUMED: thread (33, main, main)
20:08:55.690 INFO: JdwpEventCenterDelegate: THREAD_RESUMED: thread (33, main, main)
20:08:55.692 INFO: JdwpEventCenterDelegate: THREAD_RESUMED: thread (33, main, main)
20:08:55.694 INFO: JdwpEventCenterDelegate: THREAD_RESUMED: thread (33, main, main)
20:08:55.696 INFO: JdwpEventCenterDelegate: THREAD_RESUMED: thread (33, main, main)
20:08:55.697 INFO: JdwpEventCenterDelegate: THREAD_RESUMED: thread (33, main, main)
20:08:55.699 INFO: JdwpEventCenterDelegate: THREAD_RESUMED: thread (33, main, main)
20:08:55.700 INFO: JdwpEventCenterDelegate: THREAD_RESUMED: thread (33, main, main)
20:08:55.712 INFO: JdwpEventCenterDelegate: THREAD_RESUMED: thread (33, main, main)
20:08:55.714 INFO: JdwpEventCenterDelegate: THREAD_RESUMED: thread (33, main, main)
20:08:55.715 INFO: JdwpEventCenterDelegate: THREAD_RESUMED: thread (33, main, main)
20:08:55.716 INFO: JdwpEventCenterDelegate: THREAD_RESUMED: thread (33, main, main)
20:08:55.717 INFO: JdwpEventCenterDelegate: THREAD_RESUMED: thread (33, main, main)
20:08:55.718 INFO: JdwpEventCenterDelegate: THREAD_RESUMED: thread (33, main, main)
20:08:55.719 INFO: JdwpEventCenterDelegate: THREAD_RESUMED: thread (33, main, main)
20:08:55.728 INFO: JdwpEventCenterDelegate: THREAD_RESUMED: thread (33, main, main)
20:08:55.730 INFO: JdwpEventCenterDelegate: THREAD_RESUMED: thread (33, main, main)
20:08:55.731 INFO: JdwpEventCenterDelegate: THREAD_RESUMED: thread (33, main, main)
20:08:55.732 INFO: JdwpEventCenterDelegate: THREAD_RESUMED: thread (33, main, main)
20:08:55.734 INFO: JdwpEventCenterDelegate: THREAD_RESUMED: thread (33, main, main)
20:08:55.736 INFO: JdwpEventCenterDelegate: THREAD_RESUMED: thread (33, main, main)
20:08:55.737 INFO: JdwpEventCenterDelegate: THREAD_RESUMED: thread (33, main, main)
20:08:55.739 INFO: JdwpEventCenterDelegate: THREAD_RESUMED: thread (33, main, main)
20:08:55.740 INFO: JdwpEventCenterDelegate: THREAD_RESUMED: thread (33, main, main)
20:08:55.742 INFO: JdwpEventCenterDelegate: THREAD_RESUMED: thread (33, main, main)
20:08:55.744 INFO: JdwpEventCenterDelegate: THREAD_RESUMED: thread (33, main, main)
20:08:55.745 INFO: JdwpEventCenterDelegate: THREAD_RESUMED: thread (33, main, main)
20:08:55.747 INFO: JdwpEventCenterDelegate: THREAD_RESUMED: thread (33, main, main)
20:08:55.749 INFO: JdwpEventCenterDelegate: THREAD_RESUMED: thread (33, main, main)
20:08:55.750 INFO: JdwpEventCenterDelegate: THREAD_RESUMED: thread (33, main, main)
20:08:55.751 INFO: JdwpEventCenterDelegate: THREAD_RESUMED: thread (33, main, main)
20:08:55.753 INFO: JdwpEventCenterDelegate: THREAD_RESUMED: thread (33, main, main)
20:08:55.754 INFO: JdwpEventCenterDelegate: THREAD_RESUMED: thread (33, main, main)
20:08:55.759 INFO: JdwpEventCenterDelegate: THREAD_RESUMED: thread (33, main, main)
20:08:55.760 INFO: JdwpEventCenterDelegate: THREAD_RESUMED: thread (33, main, main)
20:08:55.885 INFO: JdwpEventCenterDelegate: THREAD_STARTED: thread (93, AssetManager, main)
20:08:55.991 INFO: JdwpEventCenterDelegate: THREAD_RESUMED: thread (33, main, main)
20:08:55.993 INFO: JdwpEventCenterDelegate: THREAD_RESUMED: thread (33, main, main)
20:08:58.556 INFO: JdwpEventCenterDelegate: THREAD_RESUMED: thread (33, main, main)
20:08:58.654 INFO: JdwpEventCenterDelegate: THREAD_RESUMED: thread (33, main, main)
20:08:58.656 INFO: JdwpEventCenterDelegate: THREAD_RESUMED: thread (33, main, main)
20:08:58.658 INFO: JdwpEventCenterDelegate: THREAD_RESUMED: thread (33, main, main)
20:08:58.660 INFO: JdwpEventCenterDelegate: THREAD_RESUMED: thread (33, main, main)
20:08:58.661 INFO: JdwpEventCenterDelegate: THREAD_RESUMED: thread (33, main, main)
20:08:58.667 INFO: JdwpEventCenterDelegate: THREAD_RESUMED: thread (33, main, main)
20:08:58.679 INFO: JdwpEventCenterDelegate: THREAD_RESUMED: thread (33, main, main)
20:08:58.681 INFO: JdwpEventCenterDelegate: THREAD_RESUMED: thread (33, main, main)
20:08:58.683 INFO: JdwpEventCenterDelegate: THREAD_RESUMED: thread (33, main, main)
20:08:58.686 INFO: JdwpEventCenterDelegate: THREAD_RESUMED: thread (33, main, main)
20:08:58.688 INFO: JdwpEventCenterDelegate: THREAD_RESUMED: thread (33, main, main)
20:08:58.693 INFO: JdwpEventCenterDelegate: THREAD_RESUMED: thread (33, main, main)
20:08:58.708 INFO: JdwpEventCenterDelegate: THREAD_RESUMED: thread (33, main, main)
20:08:58.710 INFO: JdwpEventCenterDelegate: THREAD_RESUMED: thread (33, main, main)
20:08:58.712 INFO: JdwpEventCenterDelegate: THREAD_RESUMED: thread (33, main, main)
20:08:58.715 INFO: JdwpEventCenterDelegate: THREAD_RESUMED: thread (33, main, main)
20:08:58.717 INFO: JdwpEventCenterDelegate: THREAD_RESUMED: thread (33, main, main)
20:08:58.722 INFO: JdwpEventCenterDelegate: THREAD_RESUMED: thread (33, main, main)
20:08:58.740 INFO: JdwpEventCenterDelegate: THREAD_RESUMED: thread (33, main, main)
20:08:58.743 INFO: JdwpEventCenterDelegate: THREAD_RESUMED: thread (33, main, main)
20:08:58.745 INFO: JdwpEventCenterDelegate: THREAD_RESUMED: thread (33, main, main)
20:08:58.747 INFO: JdwpEventCenterDelegate: THREAD_RESUMED: thread (33, main, main)
20:08:58.749 INFO: JdwpEventCenterDelegate: THREAD_RESUMED: thread (33, main, main)
20:08:58.754 INFO: JdwpEventCenterDelegate: THREAD_RESUMED: thread (33, main, main)
20:08:58.770 INFO: JdwpEventCenterDelegate: THREAD_RESUMED: thread (33, main, main)
20:08:58.772 INFO: JdwpEventCenterDelegate: THREAD_RESUMED: thread (33, main, main)
20:08:58.774 INFO: JdwpEventCenterDelegate: THREAD_RESUMED: thread (33, main, main)
20:08:58.776 INFO: JdwpEventCenterDelegate: THREAD_RESUMED: thread (33, main, main)
20:08:58.778 INFO: JdwpEventCenterDelegate: THREAD_RESUMED: thread (33, main, main)
20:08:58.783 INFO: JdwpEventCenterDelegate: THREAD_RESUMED: thread (33, main, main)
20:08:58.799 INFO: JdwpEventCenterDelegate: THREAD_RESUMED: thread (33, main, main)
20:08:58.801 INFO: JdwpEventCenterDelegate: THREAD_RESUMED: thread (33, main, main)
20:08:58.803 INFO: JdwpEventCenterDelegate: THREAD_RESUMED: thread (33, main, main)
20:08:58.805 INFO: JdwpEventCenterDelegate: THREAD_RESUMED: thread (33, main, main)
20:08:58.807 INFO: JdwpEventCenterDelegate: THREAD_RESUMED: thread (33, main, main)
20:08:58.812 INFO: JdwpEventCenterDelegate: THREAD_RESUMED: thread (33, main, main)
20:08:58.834 INFO: JdwpEventCenterDelegate: THREAD_RESUMED: thread (33, main, main)
20:08:58.837 INFO: JdwpEventCenterDelegate: THREAD_RESUMED: thread (33, main, main)
20:08:58.839 INFO: JdwpEventCenterDelegate: THREAD_RESUMED: thread (33, main, main)
20:08:58.841 INFO: JdwpEventCenterDelegate: THREAD_RESUMED: thread (33, main, main)
20:08:58.844 INFO: JdwpEventCenterDelegate: THREAD_RESUMED: thread (33, main, main)
20:08:58.849 INFO: JdwpEventCenterDelegate: THREAD_RESUMED: thread (33, main, main)
20:08:58.868 INFO: JdwpEventCenterDelegate: THREAD_RESUMED: thread (33, main, main)
20:08:58.870 INFO: JdwpEventCenterDelegate: THREAD_RESUMED: thread (33, main, main)
20:08:58.872 INFO: JdwpEventCenterDelegate: THREAD_RESUMED: thread (33, main, main)
20:08:58.875 INFO: JdwpEventCenterDelegate: THREAD_RESUMED: thread (33, main, main)
20:08:58.877 INFO: JdwpEventCenterDelegate: THREAD_RESUMED: thread (33, main, main)
20:08:58.882 INFO: JdwpEventCenterDelegate: THREAD_RESUMED: thread (33, main, main)
20:08:58.900 INFO: JdwpEventCenterDelegate: THREAD_RESUMED: thread (33, main, main)
20:08:58.902 INFO: JdwpEventCenterDelegate: THREAD_RESUMED: thread (33, main, main)
20:08:58.905 INFO: JdwpEventCenterDelegate: THREAD_RESUMED: thread (33, main, main)
20:08:58.907 INFO: JdwpEventCenterDelegate: THREAD_RESUMED: thread (33, main, main)
20:08:58.909 INFO: JdwpEventCenterDelegate: THREAD_RESUMED: thread (33, main, main)
20:08:58.914 INFO: JdwpEventCenterDelegate: THREAD_RESUMED: thread (33, main, main)
20:08:58.930 INFO: JdwpEventCenterDelegate: THREAD_RESUMED: thread (33, main, main)
20:08:58.932 INFO: JdwpEventCenterDelegate: THREAD_RESUMED: thread (33, main, main)
20:08:58.934 INFO: JdwpEventCenterDelegate: THREAD_RESUMED: thread (33, main, main)
20:08:58.936 INFO: JdwpEventCenterDelegate: THREAD_RESUMED: thread (33, main, main)
20:08:58.939 INFO: JdwpEventCenterDelegate: THREAD_RESUMED: thread (33, main, main)
20:08:58.944 INFO: JdwpEventCenterDelegate: THREAD_RESUMED: thread (33, main, main)
20:08:58.959 INFO: JdwpEventCenterDelegate: THREAD_RESUMED: thread (33, main, main)
20:08:58.961 INFO: JdwpEventCenterDelegate: THREAD_RESUMED: thread (33, main, main)
20:08:58.963 INFO: JdwpEventCenterDelegate: THREAD_RESUMED: thread (33, main, main)
20:08:58.965 INFO: JdwpEventCenterDelegate: THREAD_RESUMED: thread (33, main, main)
20:08:58.967 INFO: JdwpEventCenterDelegate: THREAD_RESUMED: thread (33, main, main)
20:08:58.972 INFO: JdwpEventCenterDelegate: THREAD_RESUMED: thread (33, main, main)
20:08:58.995 INFO: JdwpEventCenterDelegate: THREAD_RESUMED: thread (33, main, main)
20:08:58.997 INFO: JdwpEventCenterDelegate: THREAD_RESUMED: thread (33, main, main)
20:08:58.999 INFO: JdwpEventCenterDelegate: THREAD_RESUMED: thread (33, main, main)
20:08:59.001 INFO: JdwpEventCenterDelegate: THREAD_RESUMED: thread (33, main, main)
20:08:59.003 INFO: JdwpEventCenterDelegate: THREAD_RESUMED: thread (33, main, main)
20:08:59.008 INFO: JdwpEventCenterDelegate: THREAD_RESUMED: thread (33, main, main)
20:08:59.030 INFO: JdwpEventCenterDelegate: THREAD_RESUMED: thread (33, main, main)
20:08:59.033 INFO: JdwpEventCenterDelegate: THREAD_RESUMED: thread (33, main, main)
20:08:59.035 INFO: JdwpEventCenterDelegate: THREAD_RESUMED: thread (33, main, main)
20:08:59.037 INFO: JdwpEventCenterDelegate: THREAD_RESUMED: thread (33, main, main)
20:08:59.040 INFO: JdwpEventCenterDelegate: THREAD_RESUMED: thread (33, main, main)
20:08:59.045 INFO: JdwpEventCenterDelegate: THREAD_RESUMED: thread (33, main, main)
20:08:59.064 INFO: JdwpEventCenterDelegate: THREAD_RESUMED: thread (33, main, main)
20:08:59.066 INFO: JdwpEventCenterDelegate: THREAD_RESUMED: thread (33, main, main)
20:08:59.069 INFO: JdwpEventCenterDelegate: THREAD_RESUMED: thread (33, main, main)
20:08:59.071 INFO: JdwpEventCenterDelegate: THREAD_RESUMED: thread (33, main, main)
20:08:59.073 INFO: JdwpEventCenterDelegate: THREAD_RESUMED: thread (33, main, main)
20:08:59.078 INFO: JdwpEventCenterDelegate: THREAD_RESUMED: thread (33, main, main)
20:08:59.092 INFO: JdwpEventCenterDelegate: THREAD_RESUMED: thread (33, main, main)
20:08:59.094 INFO: JdwpEventCenterDelegate: THREAD_RESUMED: thread (33, main, main)
20:08:59.096 INFO: JdwpEventCenterDelegate: THREAD_RESUMED: thread (33, main, main)
20:08:59.098 INFO: JdwpEventCenterDelegate: THREAD_RESUMED: thread (33, main, main)
20:08:59.100 INFO: JdwpEventCenterDelegate: THREAD_RESUMED: thread (33, main, main)
20:08:59.106 INFO: JdwpEventCenterDelegate: THREAD_RESUMED: thread (33, main, main)
20:08:59.108 INFO: JdwpEventCenterDelegate: THREAD_RESUMED: thread (33, main, main)
20:08:59.110 INFO: JdwpEventCenterDelegate: THREAD_RESUMED: thread (33, main, main)
20:08:59.112 INFO: JdwpEventCenterDelegate: THREAD_RESUMED: thread (33, main, main)
20:08:59.114 INFO: JdwpEventCenterDelegate: THREAD_RESUMED: thread (33, main, main)
20:08:59.116 INFO: JdwpEventCenterDelegate: THREAD_RESUMED: thread (33, main, main)
20:08:59.118 INFO: JdwpEventCenterDelegate: THREAD_RESUMED: thread (33, main, main)
20:08:59.123 INFO: JdwpEventCenterDelegate: THREAD_RESUMED: thread (33, main, main)
20:08:59.125 INFO: JdwpEventCenterDelegate: THREAD_RESUMED: thread (33, main, main)
20:08:59.127 INFO: JdwpEventCenterDelegate: THREAD_RESUMED: thread (33, main, main)
20:08:59.130 INFO: JdwpEventCenterDelegate: THREAD_RESUMED: thread (33, main, main)
20:08:59.141 INFO: JdwpEventCenterDelegate: THREAD_RESUMED: thread (33, main, main)
20:08:59.144 INFO: JdwpEventCenterDelegate: THREAD_RESUMED: thread (33, main, main)
20:08:59.146 INFO: JdwpEventCenterDelegate: THREAD_RESUMED: thread (33, main, main)
20:08:59.148 INFO: JdwpEventCenterDelegate: THREAD_RESUMED: thread (33, main, main)
20:08:59.150 INFO: JdwpEventCenterDelegate: THREAD_RESUMED: thread (33, main, main)
20:08:59.155 INFO: JdwpEventCenterDelegate: THREAD_RESUMED: thread (33, main, main)
20:08:59.168 INFO: JdwpEventCenterDelegate: THREAD_RESUMED: thread (33, main, main)
20:08:59.181 INFO: JdwpEventCenterDelegate: THREAD_RESUMED: thread (33, main, main)
20:08:59.192 INFO: JdwpEventCenterDelegate: THREAD_RESUMED: thread (33, main, main)
20:08:59.204 INFO: JdwpEventCenterDelegate: THREAD_RESUMED: thread (33, main, main)
20:08:59.235 INFO: JdwpEventCenterDelegate: THREAD_RESUMED: thread (33, main, main)
20:08:59.237 INFO: JdwpEventCenterDelegate: THREAD_RESUMED: thread (33, main, main)
20:08:59.239 INFO: JdwpEventCenterDelegate: THREAD_RESUMED: thread (33, main, main)
20:08:59.242 INFO: JdwpEventCenterDelegate: THREAD_RESUMED: thread (33, main, main)
20:08:59.244 INFO: JdwpEventCenterDelegate: THREAD_RESUMED: thread (33, main, main)
20:08:59.249 INFO: JdwpEventCenterDelegate: THREAD_RESUMED: thread (33, main, main)
20:08:59.260 INFO: JdwpEventCenterDelegate: THREAD_RESUMED: thread (33, main, main)
20:08:59.262 INFO: JdwpEventCenterDelegate: THREAD_RESUMED: thread (33, main, main)
20:08:59.265 INFO: JdwpEventCenterDelegate: THREAD_RESUMED: thread (33, main, main)
20:08:59.267 INFO: JdwpEventCenterDelegate: THREAD_RESUMED: thread (33, main, main)
20:08:59.269 INFO: JdwpEventCenterDelegate: THREAD_RESUMED: thread (33, main, main)
20:08:59.274 INFO: JdwpEventCenterDelegate: THREAD_RESUMED: thread (33, main, main)
20:08:59.291 INFO: JdwpEventCenterDelegate: THREAD_RESUMED: thread (33, main, main)
20:08:59.292 INFO: JdwpEventCenterDelegate: THREAD_RESUMED: thread (33, main, main)
20:08:59.294 INFO: JdwpEventCenterDelegate: THREAD_RESUMED: thread (33, main, main)
20:08:59.296 INFO: JdwpEventCenterDelegate: THREAD_RESUMED: thread (33, main, main)
20:08:59.298 INFO: JdwpEventCenterDelegate: THREAD_RESUMED: thread (33, main, main)
20:08:59.304 INFO: JdwpEventCenterDelegate: THREAD_RESUMED: thread (33, main, main)
20:08:59.321 INFO: JdwpEventCenterDelegate: THREAD_RESUMED: thread (33, main, main)
20:08:59.323 INFO: JdwpEventCenterDelegate: THREAD_RESUMED: thread (33, main, main)
20:08:59.326 INFO: JdwpEventCenterDelegate: THREAD_RESUMED: thread (33, main, main)
20:08:59.328 INFO: JdwpEventCenterDelegate: THREAD_RESUMED: thread (33, main, main)
20:08:59.330 INFO: JdwpEventCenterDelegate: THREAD_RESUMED: thread (33, main, main)
20:08:59.335 INFO: JdwpEventCenterDelegate: THREAD_RESUMED: thread (33, main, main)
20:08:59.349 INFO: JdwpEventCenterDelegate: THREAD_RESUMED: thread (33, main, main)
20:08:59.351 INFO: JdwpEventCenterDelegate: THREAD_RESUMED: thread (33, main, main)
20:08:59.353 INFO: JdwpEventCenterDelegate: THREAD_RESUMED: thread (33, main, main)
20:08:59.355 INFO: JdwpEventCenterDelegate: THREAD_RESUMED: thread (33, main, main)
20:08:59.357 INFO: JdwpEventCenterDelegate: THREAD_RESUMED: thread (33, main, main)
20:08:59.361 INFO: JdwpEventCenterDelegate: THREAD_RESUMED: thread (33, main, main)
20:08:59.376 INFO: JdwpEventCenterDelegate: THREAD_RESUMED: thread (33, main, main)
20:08:59.378 INFO: JdwpEventCenterDelegate: THREAD_RESUMED: thread (33, main, main)
20:08:59.380 INFO: JdwpEventCenterDelegate: THREAD_RESUMED: thread (33, main, main)
20:08:59.382 INFO: JdwpEventCenterDelegate: THREAD_RESUMED: thread (33, main, main)
20:08:59.384 INFO: JdwpEventCenterDelegate: THREAD_RESUMED: thread (33, main, main)
20:08:59.389 INFO: JdwpEventCenterDelegate: THREAD_RESUMED: thread (33, main, main)
20:08:59.406 INFO: JdwpEventCenterDelegate: THREAD_RESUMED: thread (33, main, main)
20:08:59.409 INFO: JdwpEventCenterDelegate: THREAD_RESUMED: thread (33, main, main)
20:08:59.411 INFO: JdwpEventCenterDelegate: THREAD_RESUMED: thread (33, main, main)
20:08:59.413 INFO: JdwpEventCenterDelegate: THREAD_RESUMED: thread (33, main, main)
20:08:59.415 INFO: JdwpEventCenterDelegate: THREAD_RESUMED: thread (33, main, main)
20:08:59.420 INFO: JdwpEventCenterDelegate: THREAD_RESUMED: thread (33, main, main)
20:08:59.437 INFO: JdwpEventCenterDelegate: THREAD_RESUMED: thread (33, main, main)
20:08:59.439 INFO: JdwpEventCenterDelegate: THREAD_RESUMED: thread (33, main, main)
20:08:59.441 INFO: JdwpEventCenterDelegate: THREAD_RESUMED: thread (33, main, main)
20:08:59.444 INFO: JdwpEventCenterDelegate: THREAD_RESUMED: thread (33, main, main)
20:08:59.446 INFO: JdwpEventCenterDelegate: THREAD_RESUMED: thread (33, main, main)
20:08:59.451 INFO: JdwpEventCenterDelegate: THREAD_RESUMED: thread (33, main, main)
20:08:59.468 INFO: JdwpEventCenterDelegate: THREAD_RESUMED: thread (33, main, main)
20:08:59.470 INFO: JdwpEventCenterDelegate: THREAD_RESUMED: thread (33, main, main)
20:08:59.472 INFO: JdwpEventCenterDelegate: THREAD_RESUMED: thread (33, main, main)
20:08:59.474 INFO: JdwpEventCenterDelegate: THREAD_RESUMED: thread (33, main, main)
20:08:59.476 INFO: JdwpEventCenterDelegate: THREAD_RESUMED: thread (33, main, main)
20:08:59.480 INFO: JdwpEventCenterDelegate: THREAD_RESUMED: thread (33, main, main)
20:08:59.499 INFO: JdwpEventCenterDelegate: THREAD_RESUMED: thread (33, main, main)
20:08:59.501 INFO: JdwpEventCenterDelegate: THREAD_RESUMED: thread (33, main, main)
20:08:59.503 INFO: JdwpEventCenterDelegate: THREAD_RESUMED: thread (33, main, main)
20:08:59.505 INFO: JdwpEventCenterDelegate: THREAD_RESUMED: thread (33, main, main)
20:08:59.507 INFO: JdwpEventCenterDelegate: THREAD_RESUMED: thread (33, main, main)
20:08:59.512 INFO: JdwpEventCenterDelegate: THREAD_RESUMED: thread (33, main, main)
20:08:59.526 INFO: JdwpEventCenterDelegate: THREAD_RESUMED: thread (33, main, main)
20:08:59.528 INFO: JdwpEventCenterDelegate: THREAD_RESUMED: thread (33, main, main)
20:08:59.531 INFO: JdwpEventCenterDelegate: THREAD_RESUMED: thread (33, main, main)
20:08:59.533 INFO: JdwpEventCenterDelegate: THREAD_RESUMED: thread (33, main, main)
20:08:59.535 INFO: JdwpEventCenterDelegate: THREAD_RESUMED: thread (33, main, main)
20:08:59.540 INFO: JdwpEventCenterDelegate: THREAD_RESUMED: thread (33, main, main)
20:08:59.559 INFO: JdwpEventCenterDelegate: THREAD_RESUMED: thread (33, main, main)
20:08:59.561 INFO: JdwpEventCenterDelegate: THREAD_RESUMED: thread (33, main, main)
20:08:59.563 INFO: JdwpEventCenterDelegate: THREAD_RESUMED: thread (33, main, main)
20:08:59.565 INFO: JdwpEventCenterDelegate: THREAD_RESUMED: thread (33, main, main)
20:08:59.567 INFO: JdwpEventCenterDelegate: THREAD_RESUMED: thread (33, main, main)
20:08:59.572 INFO: JdwpEventCenterDelegate: THREAD_RESUMED: thread (33, main, main)
20:08:59.593 INFO: JdwpEventCenterDelegate: THREAD_RESUMED: thread (33, main, main)
20:08:59.595 INFO: JdwpEventCenterDelegate: THREAD_RESUMED: thread (33, main, main)
20:08:59.597 INFO: JdwpEventCenterDelegate: THREAD_RESUMED: thread (33, main, main)
20:08:59.600 INFO: JdwpEventCenterDelegate: THREAD_RESUMED: thread (33, main, main)
20:08:59.602 INFO: JdwpEventCenterDelegate: THREAD_RESUMED: thread (33, main, main)
20:08:59.607 INFO: JdwpEventCenterDelegate: THREAD_RESUMED: thread (33, main, main)
20:08:59.624 INFO: JdwpEventCenterDelegate: THREAD_RESUMED: thread (33, main, main)
20:08:59.627 INFO: JdwpEventCenterDelegate: THREAD_RESUMED: thread (33, main, main)
20:08:59.629 INFO: JdwpEventCenterDelegate: THREAD_RESUMED: thread (33, main, main)
20:08:59.631 INFO: JdwpEventCenterDelegate: THREAD_RESUMED: thread (33, main, main)
20:08:59.633 INFO: JdwpEventCenterDelegate: THREAD_RESUMED: thread (33, main, main)
20:08:59.638 INFO: JdwpEventCenterDelegate: THREAD_RESUMED: thread (33, main, main)
20:08:59.651 INFO: JdwpEventCenterDelegate: THREAD_RESUMED: thread (33, main, main)
20:08:59.653 INFO: JdwpEventCenterDelegate: THREAD_RESUMED: thread (33, main, main)
20:08:59.655 INFO: JdwpEventCenterDelegate: THREAD_RESUMED: thread (33, main, main)
20:08:59.657 INFO: JdwpEventCenterDelegate: THREAD_RESUMED: thread (33, main, main)
20:08:59.660 INFO: JdwpEventCenterDelegate: THREAD_RESUMED: thread (33, main, main)
20:09:00.616 INFO: JdwpEventCenterDelegate: THREAD_STARTED: thread (108, Timer, main)
20:09:01.508 INFO: JdwpEventCenterDelegate: THREAD_RESUMED: thread (33, main, main)
20:09:01.542 INFO: JdwpEventCenterDelegate: THREAD_RESUMED: thread (33, main, main)
20:09:01.567 INFO: JdwpEventCenterDelegate: THREAD_RESUMED: thread (33, main, main)
20:09:01.584 INFO: JdwpEventCenterDelegate: THREAD_RESUMED: thread (33, main, main)
20:09:01.626 INFO: JdwpEventCenterDelegate: THREAD_RESUMED: thread (33, main, main)
20:09:01.661 INFO: JdwpEventCenterDelegate: THREAD_RESUMED: thread (33, main, main)
20:09:01.678 INFO: JdwpEventCenterDelegate: THREAD_RESUMED: thread (33, main, main)
20:09:01.693 INFO: JdwpEventCenterDelegate: THREAD_RESUMED: thread (33, main, main)
20:09:01.700 INFO: JdwpEventCenterDelegate: THREAD_RESUMED: thread (33, main, main)
20:09:01.713 INFO: JdwpEventCenterDelegate: THREAD_RESUMED: thread (33, main, main)
20:09:01.745 INFO: JdwpEventCenterDelegate: THREAD_RESUMED: thread (33, main, main)
20:09:01.757 INFO: JdwpEventCenterDelegate: THREAD_RESUMED: thread (33, main, main)
20:09:01.769 INFO: JdwpEventCenterDelegate: THREAD_RESUMED: thread (33, main, main)
20:09:01.781 INFO: JdwpEventCenterDelegate: THREAD_RESUMED: thread (33, main, main)
20:09:01.816 INFO: JdwpEventCenterDelegate: THREAD_RESUMED: thread (33, main, main)
20:09:01.849 INFO: JdwpEventCenterDelegate: THREAD_RESUMED: thread (33, main, main)
20:09:01.865 INFO: JdwpEventCenterDelegate: THREAD_RESUMED: thread (33, main, main)
20:09:01.880 INFO: JdwpEventCenterDelegate: THREAD_RESUMED: thread (33, main, main)
20:09:01.885 INFO: JdwpEventCenterDelegate: THREAD_RESUMED: thread (33, main, main)
20:09:01.899 INFO: JdwpEventCenterDelegate: THREAD_RESUMED: thread (33, main, main)
20:09:03.059 INFO: JdwpEventCenterDelegate: THREAD_RESUMED: thread (33, main, main)
20:09:03.060 INFO: JdwpEventCenterDelegate: THREAD_RESUMED: thread (33, main, main)
20:09:03.062 INFO: JdwpEventCenterDelegate: THREAD_RESUMED: thread (33, main, main)
20:09:03.063 INFO: JdwpEventCenterDelegate: THREAD_RESUMED: thread (33, main, main)
20:09:03.063 INFO: JdwpEventCenterDelegate: THREAD_DETTACHED: thread (33, main, main)
20:09:03.069 SEVERE: Debugger: Thread HooksChannel socket thread crashed
org.robovm.debugger.DebuggerException: java.io.IOException: org.robovm.libimobiledevice.LibIMobileDeviceException: IDEVICE_E_UNKNOWN_ERROR
	at org.robovm.debugger.hooks.HooksChannel.doSocketWork(HooksChannel.java:149)
	at java.base/java.lang.Thread.run(Thread.java:834)
	at org.robovm.debugger.utils.DebuggerThread.run(DebuggerThread.java:42)
Caused by: java.io.IOException: org.robovm.libimobiledevice.LibIMobileDeviceException: IDEVICE_E_UNKNOWN_ERROR
	at org.robovm.libimobiledevice.IDeviceConnection$DeviceInputStream.read(IDeviceConnection.java:203)
	at org.robovm.debugger.utils.bytebuffer.DataBufferWriter.writeFromStream(DataBufferWriter.java:89)
	at org.robovm.debugger.hooks.HooksChannel.doSocketWork(HooksChannel.java:116)
	... 2 more
Caused by: org.robovm.libimobiledevice.LibIMobileDeviceException: IDEVICE_E_UNKNOWN_ERROR
	at org.robovm.libimobiledevice.IDevice.checkResult(IDevice.java:206)
	at org.robovm.libimobiledevice.IDeviceConnection.receive(IDeviceConnection.java:110)
	at org.robovm.libimobiledevice.IDeviceConnection.receive(IDeviceConnection.java:81)
	at org.robovm.libimobiledevice.IDeviceConnection$DeviceInputStream.read(IDeviceConnection.java:201)
	... 4 more
20:09:03.080 INFO: JdwpDebugServer: handling req: VirtualMachine(1).Exit(10)
20:09:03.080 SEVERE: Debugger: Thread JDWP server socket thread crashed
org.robovm.debugger.DebuggerException: Terminating due exit command
	at org.robovm.debugger.jdwp.JdwpDebugServer.doSocketWork(JdwpDebugServer.java:211)
	at java.base/java.lang.Thread.run(Thread.java:834)
	at org.robovm.debugger.utils.DebuggerThread.run(DebuggerThread.java:42)
