09:38:01.091 INFO: JdwpDebugServer: handling req: VirtualMachine(1).IDSizes(7)
09:38:01.092 INFO: JdwpDebugServer: handling req: EventRequest(15).Set(1)
09:38:01.092 INFO: JdwpEventCenterDelegate: jdwpSetEventRequest: JdwpEventRequest{requestId=100, eventKind=CLASS_PREPARE, suspendPolicy=NONE, predicates=[]}
09:38:01.092 INFO: JdwpDebugServer: handling req: EventRequest(15).Set(1)
09:38:01.092 INFO: JdwpEventCenterDelegate: jdwpSetEventRequest: JdwpEventRequest{requestId=101, eventKind=CLASS_UNLOAD, suspendPolicy=NONE, predicates=[]}
09:38:01.106 INFO: JdwpDebugServer: handling req: VirtualMachine(1).Version(1)
09:38:01.107 INFO: JdwpDebugServer: handling req: VirtualMachine(1).capabilitiesNew(17)
09:38:01.107 INFO: JdwpDebugServer: handling req: VirtualMachine(1).capabilities(12)
09:38:01.107 INFO: JdwpDebugServer: handling req: VirtualMachine(1).AllClassesWithGeneric(20)
09:38:01.110 INFO: JdwpDebugServer: handling req: VirtualMachine(1).TopLevelThreadGroups(5)
09:38:01.111 INFO: JdwpDebugServer: handling req: EventRequest(15).Set(1)
09:38:01.111 INFO: JdwpEventCenterDelegate: jdwpSetEventRequest: JdwpEventRequest{requestId=102, eventKind=THREAD_START, suspendPolicy=NONE, predicates=[]}
09:38:01.111 INFO: JdwpDebugServer: handling req: EventRequest(15).Set(1)
09:38:01.111 INFO: JdwpEventCenterDelegate: jdwpSetEventRequest: JdwpEventRequest{requestId=103, eventKind=THREAD_DEATH, suspendPolicy=NONE, predicates=[]}
09:38:01.112 INFO: JdwpDebugServer: handling req: EventRequest(15).Set(1)
09:38:01.112 INFO: JdwpEventCenterDelegate: jdwpSetEventRequest: JdwpEventRequest{requestId=104, eventKind=CLASS_PREPARE, suspendPolicy=EVENT_THREAD, predicates=[className=sun.instrument.InstrumentationImpl]}
09:38:01.112 INFO: JdwpDebugServer: handling req: EventRequest(15).Set(1)
09:38:01.112 INFO: JdwpEventCenterDelegate: jdwpSetEventRequest: JdwpEventRequest{requestId=105, eventKind=CLASS_PREPARE, suspendPolicy=EVENT_THREAD, predicates=[className=sun.instrument.InstrumentationImpl]}
09:38:01.714 INFO: JdwpDebugServer: handling req: VirtualMachine(1).Resume(9)
09:38:01.749 INFO: JdwpEventCenterDelegate: THREAD_STARTED: thread (33, main, main)
09:38:01.768 INFO: JdwpEventCenterDelegate: THREAD_STARTED: thread (48, ReferenceQueueDaemon, main)
09:38:01.774 INFO: JdwpEventCenterDelegate: THREAD_STARTED: thread (63, FinalizerDaemon, main)
09:38:01.780 INFO: JdwpEventCenterDelegate: THREAD_STARTED: thread (78, FinalizerWatchdogDaemon, main)
09:38:01.783 INFO: JdwpEventCenterDelegate: THREAD_RESUMED: thread (33, main, main)
09:38:01.784 INFO: JdwpEventCenterDelegate: THREAD_RESUMED: thread (33, main, main)
09:38:01.785 INFO: JdwpEventCenterDelegate: THREAD_RESUMED: thread (33, main, main)
09:38:01.787 INFO: JdwpEventCenterDelegate: THREAD_RESUMED: thread (33, main, main)
09:38:01.788 INFO: JdwpEventCenterDelegate: THREAD_RESUMED: thread (33, main, main)
09:38:01.789 INFO: JdwpEventCenterDelegate: THREAD_RESUMED: thread (33, main, main)
09:38:01.790 INFO: JdwpEventCenterDelegate: THREAD_RESUMED: thread (33, main, main)
09:38:01.791 INFO: JdwpEventCenterDelegate: THREAD_RESUMED: thread (33, main, main)
09:38:01.792 INFO: JdwpEventCenterDelegate: THREAD_RESUMED: thread (33, main, main)
09:38:01.794 INFO: JdwpEventCenterDelegate: THREAD_RESUMED: thread (33, main, main)
09:38:01.795 INFO: JdwpEventCenterDelegate: THREAD_RESUMED: thread (33, main, main)
09:38:01.796 INFO: JdwpEventCenterDelegate: THREAD_RESUMED: thread (33, main, main)
09:38:01.797 INFO: JdwpEventCenterDelegate: THREAD_RESUMED: thread (33, main, main)
09:38:01.799 INFO: JdwpEventCenterDelegate: THREAD_RESUMED: thread (33, main, main)
09:38:01.800 INFO: JdwpEventCenterDelegate: THREAD_RESUMED: thread (33, main, main)
09:38:01.802 INFO: JdwpEventCenterDelegate: THREAD_RESUMED: thread (33, main, main)
09:38:01.804 INFO: JdwpEventCenterDelegate: THREAD_RESUMED: thread (33, main, main)
09:38:01.805 INFO: JdwpEventCenterDelegate: THREAD_RESUMED: thread (33, main, main)
09:38:01.810 INFO: JdwpEventCenterDelegate: THREAD_RESUMED: thread (33, main, main)
09:38:01.811 INFO: JdwpEventCenterDelegate: THREAD_RESUMED: thread (33, main, main)
09:38:01.812 INFO: JdwpEventCenterDelegate: THREAD_RESUMED: thread (33, main, main)
09:38:01.813 INFO: JdwpEventCenterDelegate: THREAD_RESUMED: thread (33, main, main)
09:38:01.815 INFO: JdwpEventCenterDelegate: THREAD_RESUMED: thread (33, main, main)
09:38:01.816 INFO: JdwpEventCenterDelegate: THREAD_RESUMED: thread (33, main, main)
09:38:01.817 INFO: JdwpEventCenterDelegate: THREAD_RESUMED: thread (33, main, main)
09:38:01.844 INFO: JdwpEventCenterDelegate: THREAD_RESUMED: thread (33, main, main)
09:38:01.846 INFO: JdwpEventCenterDelegate: THREAD_RESUMED: thread (33, main, main)
09:38:01.847 INFO: JdwpEventCenterDelegate: THREAD_RESUMED: thread (33, main, main)
09:38:01.849 INFO: JdwpEventCenterDelegate: THREAD_RESUMED: thread (33, main, main)
09:38:01.850 INFO: JdwpEventCenterDelegate: THREAD_RESUMED: thread (33, main, main)
09:38:01.851 INFO: JdwpEventCenterDelegate: THREAD_RESUMED: thread (33, main, main)
09:38:01.852 INFO: JdwpEventCenterDelegate: THREAD_RESUMED: thread (33, main, main)
09:38:01.855 INFO: JdwpEventCenterDelegate: THREAD_RESUMED: thread (33, main, main)
09:38:01.856 INFO: JdwpEventCenterDelegate: THREAD_RESUMED: thread (33, main, main)
09:38:01.857 INFO: JdwpEventCenterDelegate: THREAD_RESUMED: thread (33, main, main)
09:38:01.859 INFO: JdwpEventCenterDelegate: THREAD_RESUMED: thread (33, main, main)
09:38:01.860 INFO: JdwpEventCenterDelegate: THREAD_RESUMED: thread (33, main, main)
09:38:01.861 INFO: JdwpEventCenterDelegate: THREAD_RESUMED: thread (33, main, main)
09:38:01.862 INFO: JdwpEventCenterDelegate: THREAD_RESUMED: thread (33, main, main)
09:38:01.877 INFO: JdwpEventCenterDelegate: THREAD_RESUMED: thread (33, main, main)
09:38:01.878 INFO: JdwpEventCenterDelegate: THREAD_RESUMED: thread (33, main, main)
09:38:01.879 INFO: JdwpEventCenterDelegate: THREAD_RESUMED: thread (33, main, main)
09:38:01.880 INFO: JdwpEventCenterDelegate: THREAD_RESUMED: thread (33, main, main)
09:38:01.882 INFO: JdwpEventCenterDelegate: THREAD_RESUMED: thread (33, main, main)
09:38:01.883 INFO: JdwpEventCenterDelegate: THREAD_RESUMED: thread (33, main, main)
09:38:01.884 INFO: JdwpEventCenterDelegate: THREAD_RESUMED: thread (33, main, main)
09:38:01.923 INFO: JdwpEventCenterDelegate: THREAD_RESUMED: thread (33, main, main)
09:38:01.924 INFO: JdwpEventCenterDelegate: THREAD_RESUMED: thread (33, main, main)
09:38:01.925 INFO: JdwpEventCenterDelegate: THREAD_RESUMED: thread (33, main, main)
09:38:01.927 INFO: JdwpEventCenterDelegate: THREAD_RESUMED: thread (33, main, main)
09:38:01.928 INFO: JdwpEventCenterDelegate: THREAD_RESUMED: thread (33, main, main)
09:38:01.930 INFO: JdwpEventCenterDelegate: THREAD_RESUMED: thread (33, main, main)
09:38:01.931 INFO: JdwpEventCenterDelegate: THREAD_RESUMED: thread (33, main, main)
09:38:01.943 INFO: JdwpEventCenterDelegate: THREAD_RESUMED: thread (33, main, main)
09:38:01.944 INFO: JdwpEventCenterDelegate: THREAD_RESUMED: thread (33, main, main)
09:38:01.946 INFO: JdwpEventCenterDelegate: THREAD_RESUMED: thread (33, main, main)
09:38:01.947 INFO: JdwpEventCenterDelegate: THREAD_RESUMED: thread (33, main, main)
09:38:01.948 INFO: JdwpEventCenterDelegate: THREAD_RESUMED: thread (33, main, main)
09:38:01.949 INFO: JdwpEventCenterDelegate: THREAD_RESUMED: thread (33, main, main)
09:38:01.951 INFO: JdwpEventCenterDelegate: THREAD_RESUMED: thread (33, main, main)
09:38:01.960 INFO: JdwpEventCenterDelegate: THREAD_RESUMED: thread (33, main, main)
09:38:01.962 INFO: JdwpEventCenterDelegate: THREAD_RESUMED: thread (33, main, main)
09:38:01.963 INFO: JdwpEventCenterDelegate: THREAD_RESUMED: thread (33, main, main)
09:38:01.964 INFO: JdwpEventCenterDelegate: THREAD_RESUMED: thread (33, main, main)
09:38:01.965 INFO: JdwpEventCenterDelegate: THREAD_RESUMED: thread (33, main, main)
09:38:01.967 INFO: JdwpEventCenterDelegate: THREAD_RESUMED: thread (33, main, main)
09:38:01.969 INFO: JdwpEventCenterDelegate: THREAD_RESUMED: thread (33, main, main)
09:38:01.971 INFO: JdwpEventCenterDelegate: THREAD_RESUMED: thread (33, main, main)
09:38:01.973 INFO: JdwpEventCenterDelegate: THREAD_RESUMED: thread (33, main, main)
09:38:01.975 INFO: JdwpEventCenterDelegate: THREAD_RESUMED: thread (33, main, main)
09:38:01.977 INFO: JdwpEventCenterDelegate: THREAD_RESUMED: thread (33, main, main)
09:38:01.978 INFO: JdwpEventCenterDelegate: THREAD_RESUMED: thread (33, main, main)
09:38:01.980 INFO: JdwpEventCenterDelegate: THREAD_RESUMED: thread (33, main, main)
09:38:01.982 INFO: JdwpEventCenterDelegate: THREAD_RESUMED: thread (33, main, main)
09:38:01.983 INFO: JdwpEventCenterDelegate: THREAD_RESUMED: thread (33, main, main)
09:38:01.985 INFO: JdwpEventCenterDelegate: THREAD_RESUMED: thread (33, main, main)
09:38:01.987 INFO: JdwpEventCenterDelegate: THREAD_RESUMED: thread (33, main, main)
09:38:01.988 INFO: JdwpEventCenterDelegate: THREAD_RESUMED: thread (33, main, main)
09:38:01.992 INFO: JdwpEventCenterDelegate: THREAD_RESUMED: thread (33, main, main)
09:38:01.994 INFO: JdwpEventCenterDelegate: THREAD_RESUMED: thread (33, main, main)
09:38:02.125 INFO: JdwpEventCenterDelegate: THREAD_STARTED: thread (93, AssetManager, main)
09:38:02.233 INFO: JdwpEventCenterDelegate: THREAD_RESUMED: thread (33, main, main)
09:38:02.236 INFO: JdwpEventCenterDelegate: THREAD_RESUMED: thread (33, main, main)
09:38:04.817 INFO: JdwpEventCenterDelegate: THREAD_RESUMED: thread (33, main, main)
09:38:04.917 INFO: JdwpEventCenterDelegate: THREAD_RESUMED: thread (33, main, main)
09:38:04.918 INFO: JdwpEventCenterDelegate: THREAD_RESUMED: thread (33, main, main)
09:38:04.920 INFO: JdwpEventCenterDelegate: THREAD_RESUMED: thread (33, main, main)
09:38:04.922 INFO: JdwpEventCenterDelegate: THREAD_RESUMED: thread (33, main, main)
09:38:04.924 INFO: JdwpEventCenterDelegate: THREAD_RESUMED: thread (33, main, main)
09:38:04.929 INFO: JdwpEventCenterDelegate: THREAD_RESUMED: thread (33, main, main)
09:38:04.941 INFO: JdwpEventCenterDelegate: THREAD_RESUMED: thread (33, main, main)
09:38:04.944 INFO: JdwpEventCenterDelegate: THREAD_RESUMED: thread (33, main, main)
09:38:04.946 INFO: JdwpEventCenterDelegate: THREAD_RESUMED: thread (33, main, main)
09:38:04.948 INFO: JdwpEventCenterDelegate: THREAD_RESUMED: thread (33, main, main)
09:38:04.950 INFO: JdwpEventCenterDelegate: THREAD_RESUMED: thread (33, main, main)
09:38:04.955 INFO: JdwpEventCenterDelegate: THREAD_RESUMED: thread (33, main, main)
09:38:04.970 INFO: JdwpEventCenterDelegate: THREAD_RESUMED: thread (33, main, main)
09:38:04.972 INFO: JdwpEventCenterDelegate: THREAD_RESUMED: thread (33, main, main)
09:38:04.974 INFO: JdwpEventCenterDelegate: THREAD_RESUMED: thread (33, main, main)
09:38:04.976 INFO: JdwpEventCenterDelegate: THREAD_RESUMED: thread (33, main, main)
09:38:04.978 INFO: JdwpEventCenterDelegate: THREAD_RESUMED: thread (33, main, main)
09:38:04.983 INFO: JdwpEventCenterDelegate: THREAD_RESUMED: thread (33, main, main)
09:38:05.001 INFO: JdwpEventCenterDelegate: THREAD_RESUMED: thread (33, main, main)
09:38:05.003 INFO: JdwpEventCenterDelegate: THREAD_RESUMED: thread (33, main, main)
09:38:05.005 INFO: JdwpEventCenterDelegate: THREAD_RESUMED: thread (33, main, main)
09:38:05.007 INFO: JdwpEventCenterDelegate: THREAD_RESUMED: thread (33, main, main)
09:38:05.010 INFO: JdwpEventCenterDelegate: THREAD_RESUMED: thread (33, main, main)
09:38:05.014 INFO: JdwpEventCenterDelegate: THREAD_RESUMED: thread (33, main, main)
09:38:05.030 INFO: JdwpEventCenterDelegate: THREAD_RESUMED: thread (33, main, main)
09:38:05.032 INFO: JdwpEventCenterDelegate: THREAD_RESUMED: thread (33, main, main)
09:38:05.034 INFO: JdwpEventCenterDelegate: THREAD_RESUMED: thread (33, main, main)
09:38:05.036 INFO: JdwpEventCenterDelegate: THREAD_RESUMED: thread (33, main, main)
09:38:05.038 INFO: JdwpEventCenterDelegate: THREAD_RESUMED: thread (33, main, main)
09:38:05.043 INFO: JdwpEventCenterDelegate: THREAD_RESUMED: thread (33, main, main)
09:38:05.058 INFO: JdwpEventCenterDelegate: THREAD_RESUMED: thread (33, main, main)
09:38:05.061 INFO: JdwpEventCenterDelegate: THREAD_RESUMED: thread (33, main, main)
09:38:05.062 INFO: JdwpEventCenterDelegate: THREAD_RESUMED: thread (33, main, main)
09:38:05.064 INFO: JdwpEventCenterDelegate: THREAD_RESUMED: thread (33, main, main)
09:38:05.066 INFO: JdwpEventCenterDelegate: THREAD_RESUMED: thread (33, main, main)
09:38:05.071 INFO: JdwpEventCenterDelegate: THREAD_RESUMED: thread (33, main, main)
09:38:05.093 INFO: JdwpEventCenterDelegate: THREAD_RESUMED: thread (33, main, main)
09:38:05.095 INFO: JdwpEventCenterDelegate: THREAD_RESUMED: thread (33, main, main)
09:38:05.097 INFO: JdwpEventCenterDelegate: THREAD_RESUMED: thread (33, main, main)
09:38:05.099 INFO: JdwpEventCenterDelegate: THREAD_RESUMED: thread (33, main, main)
09:38:05.101 INFO: JdwpEventCenterDelegate: THREAD_RESUMED: thread (33, main, main)
09:38:05.107 INFO: JdwpEventCenterDelegate: THREAD_RESUMED: thread (33, main, main)
09:38:05.126 INFO: JdwpEventCenterDelegate: THREAD_RESUMED: thread (33, main, main)
09:38:05.128 INFO: JdwpEventCenterDelegate: THREAD_RESUMED: thread (33, main, main)
09:38:05.130 INFO: JdwpEventCenterDelegate: THREAD_RESUMED: thread (33, main, main)
09:38:05.132 INFO: JdwpEventCenterDelegate: THREAD_RESUMED: thread (33, main, main)
09:38:05.134 INFO: JdwpEventCenterDelegate: THREAD_RESUMED: thread (33, main, main)
09:38:05.139 INFO: JdwpEventCenterDelegate: THREAD_RESUMED: thread (33, main, main)
09:38:05.158 INFO: JdwpEventCenterDelegate: THREAD_RESUMED: thread (33, main, main)
09:38:05.161 INFO: JdwpEventCenterDelegate: THREAD_RESUMED: thread (33, main, main)
09:38:05.163 INFO: JdwpEventCenterDelegate: THREAD_RESUMED: thread (33, main, main)
09:38:05.165 INFO: JdwpEventCenterDelegate: THREAD_RESUMED: thread (33, main, main)
09:38:05.167 INFO: JdwpEventCenterDelegate: THREAD_RESUMED: thread (33, main, main)
09:38:05.172 INFO: JdwpEventCenterDelegate: THREAD_RESUMED: thread (33, main, main)
09:38:05.187 INFO: JdwpEventCenterDelegate: THREAD_RESUMED: thread (33, main, main)
09:38:05.189 INFO: JdwpEventCenterDelegate: THREAD_RESUMED: thread (33, main, main)
09:38:05.191 INFO: JdwpEventCenterDelegate: THREAD_RESUMED: thread (33, main, main)
09:38:05.193 INFO: JdwpEventCenterDelegate: THREAD_RESUMED: thread (33, main, main)
09:38:05.195 INFO: JdwpEventCenterDelegate: THREAD_RESUMED: thread (33, main, main)
09:38:05.199 INFO: JdwpEventCenterDelegate: THREAD_RESUMED: thread (33, main, main)
09:38:05.214 INFO: JdwpEventCenterDelegate: THREAD_RESUMED: thread (33, main, main)
09:38:05.216 INFO: JdwpEventCenterDelegate: THREAD_RESUMED: thread (33, main, main)
09:38:05.218 INFO: JdwpEventCenterDelegate: THREAD_RESUMED: thread (33, main, main)
09:38:05.221 INFO: JdwpEventCenterDelegate: THREAD_RESUMED: thread (33, main, main)
09:38:05.223 INFO: JdwpEventCenterDelegate: THREAD_RESUMED: thread (33, main, main)
09:38:05.228 INFO: JdwpEventCenterDelegate: THREAD_RESUMED: thread (33, main, main)
09:38:05.251 INFO: JdwpEventCenterDelegate: THREAD_RESUMED: thread (33, main, main)
09:38:05.253 INFO: JdwpEventCenterDelegate: THREAD_RESUMED: thread (33, main, main)
09:38:05.255 INFO: JdwpEventCenterDelegate: THREAD_RESUMED: thread (33, main, main)
09:38:05.257 INFO: JdwpEventCenterDelegate: THREAD_RESUMED: thread (33, main, main)
09:38:05.259 INFO: JdwpEventCenterDelegate: THREAD_RESUMED: thread (33, main, main)
09:38:05.264 INFO: JdwpEventCenterDelegate: THREAD_RESUMED: thread (33, main, main)
09:38:05.286 INFO: JdwpEventCenterDelegate: THREAD_RESUMED: thread (33, main, main)
09:38:05.288 INFO: JdwpEventCenterDelegate: THREAD_RESUMED: thread (33, main, main)
09:38:05.291 INFO: JdwpEventCenterDelegate: THREAD_RESUMED: thread (33, main, main)
09:38:05.293 INFO: JdwpEventCenterDelegate: THREAD_RESUMED: thread (33, main, main)
09:38:05.295 INFO: JdwpEventCenterDelegate: THREAD_RESUMED: thread (33, main, main)
09:38:05.300 INFO: JdwpEventCenterDelegate: THREAD_RESUMED: thread (33, main, main)
09:38:05.319 INFO: JdwpEventCenterDelegate: THREAD_RESUMED: thread (33, main, main)
09:38:05.321 INFO: JdwpEventCenterDelegate: THREAD_RESUMED: thread (33, main, main)
09:38:05.323 INFO: JdwpEventCenterDelegate: THREAD_RESUMED: thread (33, main, main)
09:38:05.325 INFO: JdwpEventCenterDelegate: THREAD_RESUMED: thread (33, main, main)
09:38:05.327 INFO: JdwpEventCenterDelegate: THREAD_RESUMED: thread (33, main, main)
09:38:05.332 INFO: JdwpEventCenterDelegate: THREAD_RESUMED: thread (33, main, main)
09:38:05.345 INFO: JdwpEventCenterDelegate: THREAD_RESUMED: thread (33, main, main)
09:38:05.347 INFO: JdwpEventCenterDelegate: THREAD_RESUMED: thread (33, main, main)
09:38:05.349 INFO: JdwpEventCenterDelegate: THREAD_RESUMED: thread (33, main, main)
09:38:05.352 INFO: JdwpEventCenterDelegate: THREAD_RESUMED: thread (33, main, main)
09:38:05.354 INFO: JdwpEventCenterDelegate: THREAD_RESUMED: thread (33, main, main)
09:38:05.359 INFO: JdwpEventCenterDelegate: THREAD_RESUMED: thread (33, main, main)
09:38:05.362 INFO: JdwpEventCenterDelegate: THREAD_RESUMED: thread (33, main, main)
09:38:05.364 INFO: JdwpEventCenterDelegate: THREAD_RESUMED: thread (33, main, main)
09:38:05.367 INFO: JdwpEventCenterDelegate: THREAD_RESUMED: thread (33, main, main)
09:38:05.369 INFO: JdwpEventCenterDelegate: THREAD_RESUMED: thread (33, main, main)
09:38:05.371 INFO: JdwpEventCenterDelegate: THREAD_RESUMED: thread (33, main, main)
09:38:05.373 INFO: JdwpEventCenterDelegate: THREAD_RESUMED: thread (33, main, main)
09:38:05.377 INFO: JdwpEventCenterDelegate: THREAD_RESUMED: thread (33, main, main)
09:38:05.379 INFO: JdwpEventCenterDelegate: THREAD_RESUMED: thread (33, main, main)
09:38:05.381 INFO: JdwpEventCenterDelegate: THREAD_RESUMED: thread (33, main, main)
09:38:05.383 INFO: JdwpEventCenterDelegate: THREAD_RESUMED: thread (33, main, main)
09:38:05.395 INFO: JdwpEventCenterDelegate: THREAD_RESUMED: thread (33, main, main)
09:38:05.397 INFO: JdwpEventCenterDelegate: THREAD_RESUMED: thread (33, main, main)
09:38:05.399 INFO: JdwpEventCenterDelegate: THREAD_RESUMED: thread (33, main, main)
09:38:05.400 INFO: JdwpEventCenterDelegate: THREAD_RESUMED: thread (33, main, main)
09:38:05.403 INFO: JdwpEventCenterDelegate: THREAD_RESUMED: thread (33, main, main)
09:38:05.405 INFO: JdwpEventCenterDelegate: THREAD_RESUMED: thread (33, main, main)
09:38:05.407 INFO: JdwpEventCenterDelegate: THREAD_RESUMED: thread (33, main, main)
09:38:05.414 INFO: JdwpEventCenterDelegate: THREAD_RESUMED: thread (33, main, main)
09:38:05.416 INFO: JdwpEventCenterDelegate: THREAD_RESUMED: thread (33, main, main)
09:38:05.418 INFO: JdwpEventCenterDelegate: THREAD_RESUMED: thread (33, main, main)
09:38:05.420 INFO: JdwpEventCenterDelegate: THREAD_RESUMED: thread (33, main, main)
09:38:05.421 INFO: JdwpEventCenterDelegate: THREAD_RESUMED: thread (33, main, main)
09:38:05.426 INFO: JdwpEventCenterDelegate: THREAD_RESUMED: thread (33, main, main)
09:38:05.438 INFO: JdwpEventCenterDelegate: THREAD_RESUMED: thread (33, main, main)
09:38:05.451 INFO: JdwpEventCenterDelegate: THREAD_RESUMED: thread (33, main, main)
09:38:05.462 INFO: JdwpEventCenterDelegate: THREAD_RESUMED: thread (33, main, main)
09:38:05.475 INFO: JdwpEventCenterDelegate: THREAD_RESUMED: thread (33, main, main)
09:38:05.505 INFO: JdwpEventCenterDelegate: THREAD_RESUMED: thread (33, main, main)
09:38:05.507 INFO: JdwpEventCenterDelegate: THREAD_RESUMED: thread (33, main, main)
09:38:05.509 INFO: JdwpEventCenterDelegate: THREAD_RESUMED: thread (33, main, main)
09:38:05.512 INFO: JdwpEventCenterDelegate: THREAD_RESUMED: thread (33, main, main)
09:38:05.514 INFO: JdwpEventCenterDelegate: THREAD_RESUMED: thread (33, main, main)
09:38:05.519 INFO: JdwpEventCenterDelegate: THREAD_RESUMED: thread (33, main, main)
09:38:05.530 INFO: JdwpEventCenterDelegate: THREAD_RESUMED: thread (33, main, main)
09:38:05.532 INFO: JdwpEventCenterDelegate: THREAD_RESUMED: thread (33, main, main)
09:38:05.535 INFO: JdwpEventCenterDelegate: THREAD_RESUMED: thread (33, main, main)
09:38:05.537 INFO: JdwpEventCenterDelegate: THREAD_RESUMED: thread (33, main, main)
09:38:05.539 INFO: JdwpEventCenterDelegate: THREAD_RESUMED: thread (33, main, main)
09:38:05.544 INFO: JdwpEventCenterDelegate: THREAD_RESUMED: thread (33, main, main)
09:38:05.562 INFO: JdwpEventCenterDelegate: THREAD_RESUMED: thread (33, main, main)
09:38:05.564 INFO: JdwpEventCenterDelegate: THREAD_RESUMED: thread (33, main, main)
09:38:05.566 INFO: JdwpEventCenterDelegate: THREAD_RESUMED: thread (33, main, main)
09:38:05.569 INFO: JdwpEventCenterDelegate: THREAD_RESUMED: thread (33, main, main)
09:38:05.571 INFO: JdwpEventCenterDelegate: THREAD_RESUMED: thread (33, main, main)
09:38:05.575 INFO: JdwpEventCenterDelegate: THREAD_RESUMED: thread (33, main, main)
09:38:05.593 INFO: JdwpEventCenterDelegate: THREAD_RESUMED: thread (33, main, main)
09:38:05.595 INFO: JdwpEventCenterDelegate: THREAD_RESUMED: thread (33, main, main)
09:38:05.597 INFO: JdwpEventCenterDelegate: THREAD_RESUMED: thread (33, main, main)
09:38:05.599 INFO: JdwpEventCenterDelegate: THREAD_RESUMED: thread (33, main, main)
09:38:05.601 INFO: JdwpEventCenterDelegate: THREAD_RESUMED: thread (33, main, main)
09:38:05.606 INFO: JdwpEventCenterDelegate: THREAD_RESUMED: thread (33, main, main)
09:38:05.621 INFO: JdwpEventCenterDelegate: THREAD_RESUMED: thread (33, main, main)
09:38:05.623 INFO: JdwpEventCenterDelegate: THREAD_RESUMED: thread (33, main, main)
09:38:05.625 INFO: JdwpEventCenterDelegate: THREAD_RESUMED: thread (33, main, main)
09:38:05.627 INFO: JdwpEventCenterDelegate: THREAD_RESUMED: thread (33, main, main)
09:38:05.629 INFO: JdwpEventCenterDelegate: THREAD_RESUMED: thread (33, main, main)
09:38:05.633 INFO: JdwpEventCenterDelegate: THREAD_RESUMED: thread (33, main, main)
09:38:05.648 INFO: JdwpEventCenterDelegate: THREAD_RESUMED: thread (33, main, main)
09:38:05.650 INFO: JdwpEventCenterDelegate: THREAD_RESUMED: thread (33, main, main)
09:38:05.652 INFO: JdwpEventCenterDelegate: THREAD_RESUMED: thread (33, main, main)
09:38:05.654 INFO: JdwpEventCenterDelegate: THREAD_RESUMED: thread (33, main, main)
09:38:05.656 INFO: JdwpEventCenterDelegate: THREAD_RESUMED: thread (33, main, main)
09:38:05.661 INFO: JdwpEventCenterDelegate: THREAD_RESUMED: thread (33, main, main)
09:38:05.679 INFO: JdwpEventCenterDelegate: THREAD_RESUMED: thread (33, main, main)
09:38:05.681 INFO: JdwpEventCenterDelegate: THREAD_RESUMED: thread (33, main, main)
09:38:05.683 INFO: JdwpEventCenterDelegate: THREAD_RESUMED: thread (33, main, main)
09:38:05.685 INFO: JdwpEventCenterDelegate: THREAD_RESUMED: thread (33, main, main)
09:38:05.687 INFO: JdwpEventCenterDelegate: THREAD_RESUMED: thread (33, main, main)
09:38:05.691 INFO: JdwpEventCenterDelegate: THREAD_RESUMED: thread (33, main, main)
09:38:05.709 INFO: JdwpEventCenterDelegate: THREAD_RESUMED: thread (33, main, main)
09:38:05.711 INFO: JdwpEventCenterDelegate: THREAD_RESUMED: thread (33, main, main)
09:38:05.714 INFO: JdwpEventCenterDelegate: THREAD_RESUMED: thread (33, main, main)
09:38:05.716 INFO: JdwpEventCenterDelegate: THREAD_RESUMED: thread (33, main, main)
09:38:05.718 INFO: JdwpEventCenterDelegate: THREAD_RESUMED: thread (33, main, main)
09:38:05.723 INFO: JdwpEventCenterDelegate: THREAD_RESUMED: thread (33, main, main)
09:38:05.740 INFO: JdwpEventCenterDelegate: THREAD_RESUMED: thread (33, main, main)
09:38:05.743 INFO: JdwpEventCenterDelegate: THREAD_RESUMED: thread (33, main, main)
09:38:05.745 INFO: JdwpEventCenterDelegate: THREAD_RESUMED: thread (33, main, main)
09:38:05.747 INFO: JdwpEventCenterDelegate: THREAD_RESUMED: thread (33, main, main)
09:38:05.749 INFO: JdwpEventCenterDelegate: THREAD_RESUMED: thread (33, main, main)
09:38:05.753 INFO: JdwpEventCenterDelegate: THREAD_RESUMED: thread (33, main, main)
09:38:05.768 INFO: JdwpEventCenterDelegate: THREAD_RESUMED: thread (33, main, main)
09:38:05.770 INFO: JdwpEventCenterDelegate: THREAD_RESUMED: thread (33, main, main)
09:38:05.772 INFO: JdwpEventCenterDelegate: THREAD_RESUMED: thread (33, main, main)
09:38:05.774 INFO: JdwpEventCenterDelegate: THREAD_RESUMED: thread (33, main, main)
09:38:05.776 INFO: JdwpEventCenterDelegate: THREAD_RESUMED: thread (33, main, main)
09:38:05.780 INFO: JdwpEventCenterDelegate: THREAD_RESUMED: thread (33, main, main)
09:38:05.794 INFO: JdwpEventCenterDelegate: THREAD_RESUMED: thread (33, main, main)
09:38:05.796 INFO: JdwpEventCenterDelegate: THREAD_RESUMED: thread (33, main, main)
09:38:05.798 INFO: JdwpEventCenterDelegate: THREAD_RESUMED: thread (33, main, main)
09:38:05.800 INFO: JdwpEventCenterDelegate: THREAD_RESUMED: thread (33, main, main)
09:38:05.802 INFO: JdwpEventCenterDelegate: THREAD_RESUMED: thread (33, main, main)
09:38:05.806 INFO: JdwpEventCenterDelegate: THREAD_RESUMED: thread (33, main, main)
09:38:05.829 INFO: JdwpEventCenterDelegate: THREAD_RESUMED: thread (33, main, main)
09:38:05.831 INFO: JdwpEventCenterDelegate: THREAD_RESUMED: thread (33, main, main)
09:38:05.833 INFO: JdwpEventCenterDelegate: THREAD_RESUMED: thread (33, main, main)
09:38:05.835 INFO: JdwpEventCenterDelegate: THREAD_RESUMED: thread (33, main, main)
09:38:05.838 INFO: JdwpEventCenterDelegate: THREAD_RESUMED: thread (33, main, main)
09:38:05.842 INFO: JdwpEventCenterDelegate: THREAD_RESUMED: thread (33, main, main)
09:38:05.863 INFO: JdwpEventCenterDelegate: THREAD_RESUMED: thread (33, main, main)
09:38:05.866 INFO: JdwpEventCenterDelegate: THREAD_RESUMED: thread (33, main, main)
09:38:05.868 INFO: JdwpEventCenterDelegate: THREAD_RESUMED: thread (33, main, main)
09:38:05.870 INFO: JdwpEventCenterDelegate: THREAD_RESUMED: thread (33, main, main)
09:38:05.872 INFO: JdwpEventCenterDelegate: THREAD_RESUMED: thread (33, main, main)
09:38:05.876 INFO: JdwpEventCenterDelegate: THREAD_RESUMED: thread (33, main, main)
09:38:05.894 INFO: JdwpEventCenterDelegate: THREAD_RESUMED: thread (33, main, main)
09:38:05.897 INFO: JdwpEventCenterDelegate: THREAD_RESUMED: thread (33, main, main)
09:38:05.899 INFO: JdwpEventCenterDelegate: THREAD_RESUMED: thread (33, main, main)
09:38:05.901 INFO: JdwpEventCenterDelegate: THREAD_RESUMED: thread (33, main, main)
09:38:05.903 INFO: JdwpEventCenterDelegate: THREAD_RESUMED: thread (33, main, main)
09:38:05.908 INFO: JdwpEventCenterDelegate: THREAD_RESUMED: thread (33, main, main)
09:38:05.920 INFO: JdwpEventCenterDelegate: THREAD_RESUMED: thread (33, main, main)
09:38:05.922 INFO: JdwpEventCenterDelegate: THREAD_RESUMED: thread (33, main, main)
09:38:05.925 INFO: JdwpEventCenterDelegate: THREAD_RESUMED: thread (33, main, main)
09:38:05.927 INFO: JdwpEventCenterDelegate: THREAD_RESUMED: thread (33, main, main)
09:38:05.929 INFO: JdwpEventCenterDelegate: THREAD_RESUMED: thread (33, main, main)
09:38:28.742 INFO: JdwpEventCenterDelegate: THREAD_STARTED: thread (108, Timer, main)
09:38:29.634 INFO: JdwpEventCenterDelegate: THREAD_RESUMED: thread (33, main, main)
09:38:29.664 INFO: JdwpEventCenterDelegate: THREAD_RESUMED: thread (33, main, main)
09:38:29.686 INFO: JdwpEventCenterDelegate: THREAD_RESUMED: thread (33, main, main)
09:38:29.704 INFO: JdwpEventCenterDelegate: THREAD_RESUMED: thread (33, main, main)
09:38:29.746 INFO: JdwpEventCenterDelegate: THREAD_RESUMED: thread (33, main, main)
09:38:29.780 INFO: JdwpEventCenterDelegate: THREAD_RESUMED: thread (33, main, main)
09:38:29.797 INFO: JdwpEventCenterDelegate: THREAD_RESUMED: thread (33, main, main)
09:38:29.812 INFO: JdwpEventCenterDelegate: THREAD_RESUMED: thread (33, main, main)
09:38:29.819 INFO: JdwpEventCenterDelegate: THREAD_RESUMED: thread (33, main, main)
09:38:29.833 INFO: JdwpEventCenterDelegate: THREAD_RESUMED: thread (33, main, main)
09:38:29.864 INFO: JdwpEventCenterDelegate: THREAD_RESUMED: thread (33, main, main)
09:38:29.875 INFO: JdwpEventCenterDelegate: THREAD_RESUMED: thread (33, main, main)
09:38:29.888 INFO: JdwpEventCenterDelegate: THREAD_RESUMED: thread (33, main, main)
09:38:29.899 INFO: JdwpEventCenterDelegate: THREAD_RESUMED: thread (33, main, main)
09:38:29.934 INFO: JdwpEventCenterDelegate: THREAD_RESUMED: thread (33, main, main)
09:38:29.967 INFO: JdwpEventCenterDelegate: THREAD_RESUMED: thread (33, main, main)
09:38:29.983 INFO: JdwpEventCenterDelegate: THREAD_RESUMED: thread (33, main, main)
09:38:29.998 INFO: JdwpEventCenterDelegate: THREAD_RESUMED: thread (33, main, main)
09:38:30.004 INFO: JdwpEventCenterDelegate: THREAD_RESUMED: thread (33, main, main)
09:38:30.017 INFO: JdwpEventCenterDelegate: THREAD_RESUMED: thread (33, main, main)
09:38:31.302 INFO: JdwpEventCenterDelegate: THREAD_RESUMED: thread (33, main, main)
09:38:31.306 INFO: JdwpEventCenterDelegate: THREAD_RESUMED: thread (33, main, main)
09:38:31.309 INFO: JdwpEventCenterDelegate: THREAD_RESUMED: thread (33, main, main)
09:38:31.313 INFO: JdwpEventCenterDelegate: THREAD_RESUMED: thread (33, main, main)
09:38:31.316 INFO: JdwpEventCenterDelegate: THREAD_RESUMED: thread (33, main, main)
09:38:31.319 INFO: JdwpEventCenterDelegate: THREAD_RESUMED: thread (33, main, main)
09:38:31.322 INFO: JdwpEventCenterDelegate: THREAD_RESUMED: thread (33, main, main)
09:38:31.371 INFO: JdwpEventCenterDelegate: THREAD_STARTED: thread (123, Thread-7, main)
09:38:53.030 INFO: JdwpEventCenterDelegate: THREAD_DETTACHED: thread (123, Thread-7, main)
09:39:04.260 INFO: JdwpDebugServer: handling req: VirtualMachine(1).Exit(10)
09:39:04.260 SEVERE: Debugger: Thread JDWP server socket thread crashed
org.robovm.debugger.DebuggerException: Terminating due exit command
	at org.robovm.debugger.jdwp.JdwpDebugServer.doSocketWork(JdwpDebugServer.java:211)
	at java.base/java.lang.Thread.run(Thread.java:834)
	at org.robovm.debugger.utils.DebuggerThread.run(DebuggerThread.java:42)
09:39:04.769 SEVERE: Debugger: Thread HooksChannel socket thread crashed
org.robovm.debugger.DebuggerException: java.io.IOException: org.robovm.libimobiledevice.LibIMobileDeviceException: IDEVICE_E_UNKNOWN_ERROR
	at org.robovm.debugger.hooks.HooksChannel.doSocketWork(HooksChannel.java:149)
	at java.base/java.lang.Thread.run(Thread.java:834)
	at org.robovm.debugger.utils.DebuggerThread.run(DebuggerThread.java:42)
Caused by: java.io.IOException: org.robovm.libimobiledevice.LibIMobileDeviceException: IDEVICE_E_UNKNOWN_ERROR
	at org.robovm.libimobiledevice.IDeviceConnection$DeviceInputStream.read(IDeviceConnection.java:203)
	at org.robovm.debugger.utils.bytebuffer.DataBufferWriter.writeFromStream(DataBufferWriter.java:89)
	at org.robovm.debugger.hooks.HooksChannel.doSocketWork(HooksChannel.java:116)
	... 2 more
Caused by: org.robovm.libimobiledevice.LibIMobileDeviceException: IDEVICE_E_UNKNOWN_ERROR
	at org.robovm.libimobiledevice.IDevice.checkResult(IDevice.java:206)
	at org.robovm.libimobiledevice.IDeviceConnection.receive(IDeviceConnection.java:110)
	at org.robovm.libimobiledevice.IDeviceConnection.receive(IDeviceConnection.java:81)
	at org.robovm.libimobiledevice.IDeviceConnection$DeviceInputStream.read(IDeviceConnection.java:201)
	... 4 more
