23:19:30.224 INFO: JdwpDebugServer: handling req: VirtualMachine(1).IDSizes(7)
23:19:30.225 INFO: JdwpDebugServer: handling req: EventRequest(15).Set(1)
23:19:30.225 INFO: JdwpEventCenterDelegate: jdwpSetEventRequest: JdwpEventRequest{requestId=100, eventKind=CLASS_PREPARE, suspendPolicy=NONE, predicates=[]}
23:19:30.225 INFO: JdwpDebugServer: handling req: EventRequest(15).Set(1)
23:19:30.225 INFO: JdwpEventCenterDelegate: jdwpSetEventRequest: JdwpEventRequest{requestId=101, eventKind=CLASS_UNLOAD, suspendPolicy=NONE, predicates=[]}
23:19:30.238 INFO: JdwpDebugServer: handling req: VirtualMachine(1).Version(1)
23:19:30.239 INFO: JdwpDebugServer: handling req: VirtualMachine(1).capabilitiesNew(17)
23:19:30.239 INFO: JdwpDebugServer: handling req: VirtualMachine(1).capabilities(12)
23:19:30.239 INFO: JdwpDebugServer: handling req: VirtualMachine(1).AllClassesWithGeneric(20)
23:19:30.242 INFO: JdwpDebugServer: handling req: VirtualMachine(1).TopLevelThreadGroups(5)
23:19:30.242 INFO: JdwpDebugServer: handling req: EventRequest(15).Set(1)
23:19:30.242 INFO: JdwpEventCenterDelegate: jdwpSetEventRequest: JdwpEventRequest{requestId=102, eventKind=THREAD_START, suspendPolicy=NONE, predicates=[]}
23:19:30.243 INFO: JdwpDebugServer: handling req: EventRequest(15).Set(1)
23:19:30.243 INFO: JdwpEventCenterDelegate: jdwpSetEventRequest: JdwpEventRequest{requestId=103, eventKind=THREAD_DEATH, suspendPolicy=NONE, predicates=[]}
23:19:30.244 INFO: JdwpDebugServer: handling req: EventRequest(15).Set(1)
23:19:30.244 INFO: JdwpEventCenterDelegate: jdwpSetEventRequest: JdwpEventRequest{requestId=104, eventKind=CLASS_PREPARE, suspendPolicy=EVENT_THREAD, predicates=[className=sun.instrument.InstrumentationImpl]}
23:19:30.244 INFO: JdwpDebugServer: handling req: EventRequest(15).Set(1)
23:19:30.244 INFO: JdwpEventCenterDelegate: jdwpSetEventRequest: JdwpEventRequest{requestId=105, eventKind=CLASS_PREPARE, suspendPolicy=EVENT_THREAD, predicates=[className=sun.instrument.InstrumentationImpl]}
23:19:30.638 INFO: JdwpDebugServer: handling req: VirtualMachine(1).Resume(9)
23:19:30.680 INFO: JdwpEventCenterDelegate: THREAD_STARTED: thread (33, main, main)
23:19:30.691 INFO: JdwpEventCenterDelegate: THREAD_STARTED: thread (48, ReferenceQueueDaemon, main)
23:19:30.697 INFO: JdwpEventCenterDelegate: THREAD_STARTED: thread (63, FinalizerDaemon, main)
23:19:30.705 INFO: JdwpEventCenterDelegate: THREAD_STARTED: thread (78, FinalizerWatchdogDaemon, main)
23:19:30.708 INFO: JdwpEventCenterDelegate: THREAD_RESUMED: thread (33, main, main)
23:19:30.710 INFO: JdwpEventCenterDelegate: THREAD_RESUMED: thread (33, main, main)
23:19:30.711 INFO: JdwpEventCenterDelegate: THREAD_RESUMED: thread (33, main, main)
23:19:30.712 INFO: JdwpEventCenterDelegate: THREAD_RESUMED: thread (33, main, main)
23:19:30.714 INFO: JdwpEventCenterDelegate: THREAD_RESUMED: thread (33, main, main)
23:19:30.715 INFO: JdwpEventCenterDelegate: THREAD_RESUMED: thread (33, main, main)
23:19:30.716 INFO: JdwpEventCenterDelegate: THREAD_RESUMED: thread (33, main, main)
23:19:30.718 INFO: JdwpEventCenterDelegate: THREAD_RESUMED: thread (33, main, main)
23:19:30.719 INFO: JdwpEventCenterDelegate: THREAD_RESUMED: thread (33, main, main)
23:19:30.721 INFO: JdwpEventCenterDelegate: THREAD_RESUMED: thread (33, main, main)
23:19:30.722 INFO: JdwpEventCenterDelegate: THREAD_RESUMED: thread (33, main, main)
23:19:30.723 INFO: JdwpEventCenterDelegate: THREAD_RESUMED: thread (33, main, main)
23:19:30.724 INFO: JdwpEventCenterDelegate: THREAD_RESUMED: thread (33, main, main)
23:19:30.726 INFO: JdwpEventCenterDelegate: THREAD_RESUMED: thread (33, main, main)
23:19:30.727 INFO: JdwpEventCenterDelegate: THREAD_RESUMED: thread (33, main, main)
23:19:30.728 INFO: JdwpEventCenterDelegate: THREAD_RESUMED: thread (33, main, main)
23:19:30.729 INFO: JdwpEventCenterDelegate: THREAD_RESUMED: thread (33, main, main)
23:19:30.730 INFO: JdwpEventCenterDelegate: THREAD_RESUMED: thread (33, main, main)
23:19:30.733 INFO: JdwpEventCenterDelegate: THREAD_RESUMED: thread (33, main, main)
23:19:30.734 INFO: JdwpEventCenterDelegate: THREAD_RESUMED: thread (33, main, main)
23:19:30.735 INFO: JdwpEventCenterDelegate: THREAD_RESUMED: thread (33, main, main)
23:19:30.737 INFO: JdwpEventCenterDelegate: THREAD_RESUMED: thread (33, main, main)
23:19:30.738 INFO: JdwpEventCenterDelegate: THREAD_RESUMED: thread (33, main, main)
23:19:30.739 INFO: JdwpEventCenterDelegate: THREAD_RESUMED: thread (33, main, main)
23:19:30.740 INFO: JdwpEventCenterDelegate: THREAD_RESUMED: thread (33, main, main)
23:19:30.766 INFO: JdwpEventCenterDelegate: THREAD_RESUMED: thread (33, main, main)
23:19:30.768 INFO: JdwpEventCenterDelegate: THREAD_RESUMED: thread (33, main, main)
23:19:30.769 INFO: JdwpEventCenterDelegate: THREAD_RESUMED: thread (33, main, main)
23:19:30.770 INFO: JdwpEventCenterDelegate: THREAD_RESUMED: thread (33, main, main)
23:19:30.772 INFO: JdwpEventCenterDelegate: THREAD_RESUMED: thread (33, main, main)
23:19:30.773 INFO: JdwpEventCenterDelegate: THREAD_RESUMED: thread (33, main, main)
23:19:30.775 INFO: JdwpEventCenterDelegate: THREAD_RESUMED: thread (33, main, main)
23:19:30.777 INFO: JdwpEventCenterDelegate: THREAD_RESUMED: thread (33, main, main)
23:19:30.778 INFO: JdwpEventCenterDelegate: THREAD_RESUMED: thread (33, main, main)
23:19:30.780 INFO: JdwpEventCenterDelegate: THREAD_RESUMED: thread (33, main, main)
23:19:30.781 INFO: JdwpEventCenterDelegate: THREAD_RESUMED: thread (33, main, main)
23:19:30.782 INFO: JdwpEventCenterDelegate: THREAD_RESUMED: thread (33, main, main)
23:19:30.783 INFO: JdwpEventCenterDelegate: THREAD_RESUMED: thread (33, main, main)
23:19:30.784 INFO: JdwpEventCenterDelegate: THREAD_RESUMED: thread (33, main, main)
23:19:30.800 INFO: JdwpEventCenterDelegate: THREAD_RESUMED: thread (33, main, main)
23:19:30.801 INFO: JdwpEventCenterDelegate: THREAD_RESUMED: thread (33, main, main)
23:19:30.802 INFO: JdwpEventCenterDelegate: THREAD_RESUMED: thread (33, main, main)
23:19:30.804 INFO: JdwpEventCenterDelegate: THREAD_RESUMED: thread (33, main, main)
23:19:30.805 INFO: JdwpEventCenterDelegate: THREAD_RESUMED: thread (33, main, main)
23:19:30.806 INFO: JdwpEventCenterDelegate: THREAD_RESUMED: thread (33, main, main)
23:19:30.808 INFO: JdwpEventCenterDelegate: THREAD_RESUMED: thread (33, main, main)
23:19:30.830 INFO: JdwpEventCenterDelegate: THREAD_RESUMED: thread (33, main, main)
23:19:30.831 INFO: JdwpEventCenterDelegate: THREAD_RESUMED: thread (33, main, main)
23:19:30.833 INFO: JdwpEventCenterDelegate: THREAD_RESUMED: thread (33, main, main)
23:19:30.834 INFO: JdwpEventCenterDelegate: THREAD_RESUMED: thread (33, main, main)
23:19:30.835 INFO: JdwpEventCenterDelegate: THREAD_RESUMED: thread (33, main, main)
23:19:30.836 INFO: JdwpEventCenterDelegate: THREAD_RESUMED: thread (33, main, main)
23:19:30.838 INFO: JdwpEventCenterDelegate: THREAD_RESUMED: thread (33, main, main)
23:19:30.867 INFO: JdwpEventCenterDelegate: THREAD_RESUMED: thread (33, main, main)
23:19:30.868 INFO: JdwpEventCenterDelegate: THREAD_RESUMED: thread (33, main, main)
23:19:30.870 INFO: JdwpEventCenterDelegate: THREAD_RESUMED: thread (33, main, main)
23:19:30.871 INFO: JdwpEventCenterDelegate: THREAD_RESUMED: thread (33, main, main)
23:19:30.872 INFO: JdwpEventCenterDelegate: THREAD_RESUMED: thread (33, main, main)
23:19:30.873 INFO: JdwpEventCenterDelegate: THREAD_RESUMED: thread (33, main, main)
23:19:30.875 INFO: JdwpEventCenterDelegate: THREAD_RESUMED: thread (33, main, main)
23:19:30.886 INFO: JdwpEventCenterDelegate: THREAD_RESUMED: thread (33, main, main)
23:19:30.888 INFO: JdwpEventCenterDelegate: THREAD_RESUMED: thread (33, main, main)
23:19:30.889 INFO: JdwpEventCenterDelegate: THREAD_RESUMED: thread (33, main, main)
23:19:30.890 INFO: JdwpEventCenterDelegate: THREAD_RESUMED: thread (33, main, main)
23:19:30.892 INFO: JdwpEventCenterDelegate: THREAD_RESUMED: thread (33, main, main)
23:19:30.893 INFO: JdwpEventCenterDelegate: THREAD_RESUMED: thread (33, main, main)
23:19:30.894 INFO: JdwpEventCenterDelegate: THREAD_RESUMED: thread (33, main, main)
23:19:30.903 INFO: JdwpEventCenterDelegate: THREAD_RESUMED: thread (33, main, main)
23:19:30.905 INFO: JdwpEventCenterDelegate: THREAD_RESUMED: thread (33, main, main)
23:19:30.906 INFO: JdwpEventCenterDelegate: THREAD_RESUMED: thread (33, main, main)
23:19:30.907 INFO: JdwpEventCenterDelegate: THREAD_RESUMED: thread (33, main, main)
23:19:30.909 INFO: JdwpEventCenterDelegate: THREAD_RESUMED: thread (33, main, main)
23:19:30.910 INFO: JdwpEventCenterDelegate: THREAD_RESUMED: thread (33, main, main)
23:19:30.911 INFO: JdwpEventCenterDelegate: THREAD_RESUMED: thread (33, main, main)
23:19:30.912 INFO: JdwpEventCenterDelegate: THREAD_RESUMED: thread (33, main, main)
23:19:30.914 INFO: JdwpEventCenterDelegate: THREAD_RESUMED: thread (33, main, main)
23:19:30.915 INFO: JdwpEventCenterDelegate: THREAD_RESUMED: thread (33, main, main)
23:19:30.916 INFO: JdwpEventCenterDelegate: THREAD_RESUMED: thread (33, main, main)
23:19:30.918 INFO: JdwpEventCenterDelegate: THREAD_RESUMED: thread (33, main, main)
23:19:30.919 INFO: JdwpEventCenterDelegate: THREAD_RESUMED: thread (33, main, main)
23:19:30.920 INFO: JdwpEventCenterDelegate: THREAD_RESUMED: thread (33, main, main)
23:19:30.921 INFO: JdwpEventCenterDelegate: THREAD_RESUMED: thread (33, main, main)
23:19:30.923 INFO: JdwpEventCenterDelegate: THREAD_RESUMED: thread (33, main, main)
23:19:30.924 INFO: JdwpEventCenterDelegate: THREAD_RESUMED: thread (33, main, main)
23:19:30.925 INFO: JdwpEventCenterDelegate: THREAD_RESUMED: thread (33, main, main)
23:19:30.928 INFO: JdwpEventCenterDelegate: THREAD_RESUMED: thread (33, main, main)
23:19:30.929 INFO: JdwpEventCenterDelegate: THREAD_RESUMED: thread (33, main, main)
23:19:31.057 INFO: JdwpEventCenterDelegate: THREAD_STARTED: thread (93, AssetManager, main)
23:19:31.161 INFO: JdwpEventCenterDelegate: THREAD_RESUMED: thread (33, main, main)
23:19:31.163 INFO: JdwpEventCenterDelegate: THREAD_RESUMED: thread (33, main, main)
23:19:33.726 INFO: JdwpEventCenterDelegate: THREAD_RESUMED: thread (33, main, main)
23:19:33.829 INFO: JdwpEventCenterDelegate: THREAD_RESUMED: thread (33, main, main)
23:19:33.831 INFO: JdwpEventCenterDelegate: THREAD_RESUMED: thread (33, main, main)
23:19:33.833 INFO: JdwpEventCenterDelegate: THREAD_RESUMED: thread (33, main, main)
23:19:33.835 INFO: JdwpEventCenterDelegate: THREAD_RESUMED: thread (33, main, main)
23:19:33.837 INFO: JdwpEventCenterDelegate: THREAD_RESUMED: thread (33, main, main)
23:19:33.843 INFO: JdwpEventCenterDelegate: THREAD_RESUMED: thread (33, main, main)
23:19:33.856 INFO: JdwpEventCenterDelegate: THREAD_RESUMED: thread (33, main, main)
23:19:33.858 INFO: JdwpEventCenterDelegate: THREAD_RESUMED: thread (33, main, main)
23:19:33.861 INFO: JdwpEventCenterDelegate: THREAD_RESUMED: thread (33, main, main)
23:19:33.863 INFO: JdwpEventCenterDelegate: THREAD_RESUMED: thread (33, main, main)
23:19:33.866 INFO: JdwpEventCenterDelegate: THREAD_RESUMED: thread (33, main, main)
23:19:33.871 INFO: JdwpEventCenterDelegate: THREAD_RESUMED: thread (33, main, main)
23:19:33.886 INFO: JdwpEventCenterDelegate: THREAD_RESUMED: thread (33, main, main)
23:19:33.889 INFO: JdwpEventCenterDelegate: THREAD_RESUMED: thread (33, main, main)
23:19:33.891 INFO: JdwpEventCenterDelegate: THREAD_RESUMED: thread (33, main, main)
23:19:33.893 INFO: JdwpEventCenterDelegate: THREAD_RESUMED: thread (33, main, main)
23:19:33.896 INFO: JdwpEventCenterDelegate: THREAD_RESUMED: thread (33, main, main)
23:19:33.901 INFO: JdwpEventCenterDelegate: THREAD_RESUMED: thread (33, main, main)
23:19:33.919 INFO: JdwpEventCenterDelegate: THREAD_RESUMED: thread (33, main, main)
23:19:33.922 INFO: JdwpEventCenterDelegate: THREAD_RESUMED: thread (33, main, main)
23:19:33.924 INFO: JdwpEventCenterDelegate: THREAD_RESUMED: thread (33, main, main)
23:19:33.926 INFO: JdwpEventCenterDelegate: THREAD_RESUMED: thread (33, main, main)
23:19:33.929 INFO: JdwpEventCenterDelegate: THREAD_RESUMED: thread (33, main, main)
23:19:33.933 INFO: JdwpEventCenterDelegate: THREAD_RESUMED: thread (33, main, main)
23:19:33.949 INFO: JdwpEventCenterDelegate: THREAD_RESUMED: thread (33, main, main)
23:19:33.952 INFO: JdwpEventCenterDelegate: THREAD_RESUMED: thread (33, main, main)
23:19:33.954 INFO: JdwpEventCenterDelegate: THREAD_RESUMED: thread (33, main, main)
23:19:33.956 INFO: JdwpEventCenterDelegate: THREAD_RESUMED: thread (33, main, main)
23:19:33.959 INFO: JdwpEventCenterDelegate: THREAD_RESUMED: thread (33, main, main)
23:19:33.964 INFO: JdwpEventCenterDelegate: THREAD_RESUMED: thread (33, main, main)
23:19:33.980 INFO: JdwpEventCenterDelegate: THREAD_RESUMED: thread (33, main, main)
23:19:33.982 INFO: JdwpEventCenterDelegate: THREAD_RESUMED: thread (33, main, main)
23:19:33.985 INFO: JdwpEventCenterDelegate: THREAD_RESUMED: thread (33, main, main)
23:19:33.987 INFO: JdwpEventCenterDelegate: THREAD_RESUMED: thread (33, main, main)
23:19:33.989 INFO: JdwpEventCenterDelegate: THREAD_RESUMED: thread (33, main, main)
23:19:33.994 INFO: JdwpEventCenterDelegate: THREAD_RESUMED: thread (33, main, main)
23:19:34.013 INFO: JdwpEventCenterDelegate: THREAD_RESUMED: thread (33, main, main)
23:19:34.016 INFO: JdwpEventCenterDelegate: THREAD_RESUMED: thread (33, main, main)
23:19:34.018 INFO: JdwpEventCenterDelegate: THREAD_RESUMED: thread (33, main, main)
23:19:34.020 INFO: JdwpEventCenterDelegate: THREAD_RESUMED: thread (33, main, main)
23:19:34.022 INFO: JdwpEventCenterDelegate: THREAD_RESUMED: thread (33, main, main)
23:19:34.026 INFO: JdwpEventCenterDelegate: THREAD_RESUMED: thread (33, main, main)
23:19:34.045 INFO: JdwpEventCenterDelegate: THREAD_RESUMED: thread (33, main, main)
23:19:34.048 INFO: JdwpEventCenterDelegate: THREAD_RESUMED: thread (33, main, main)
23:19:34.050 INFO: JdwpEventCenterDelegate: THREAD_RESUMED: thread (33, main, main)
23:19:34.053 INFO: JdwpEventCenterDelegate: THREAD_RESUMED: thread (33, main, main)
23:19:34.055 INFO: JdwpEventCenterDelegate: THREAD_RESUMED: thread (33, main, main)
23:19:34.060 INFO: JdwpEventCenterDelegate: THREAD_RESUMED: thread (33, main, main)
23:19:34.079 INFO: JdwpEventCenterDelegate: THREAD_RESUMED: thread (33, main, main)
23:19:34.081 INFO: JdwpEventCenterDelegate: THREAD_RESUMED: thread (33, main, main)
23:19:34.084 INFO: JdwpEventCenterDelegate: THREAD_RESUMED: thread (33, main, main)
23:19:34.086 INFO: JdwpEventCenterDelegate: THREAD_RESUMED: thread (33, main, main)
23:19:34.089 INFO: JdwpEventCenterDelegate: THREAD_RESUMED: thread (33, main, main)
23:19:34.094 INFO: JdwpEventCenterDelegate: THREAD_RESUMED: thread (33, main, main)
23:19:34.113 INFO: JdwpEventCenterDelegate: THREAD_RESUMED: thread (33, main, main)
23:19:34.115 INFO: JdwpEventCenterDelegate: THREAD_RESUMED: thread (33, main, main)
23:19:34.117 INFO: JdwpEventCenterDelegate: THREAD_RESUMED: thread (33, main, main)
23:19:34.119 INFO: JdwpEventCenterDelegate: THREAD_RESUMED: thread (33, main, main)
23:19:34.121 INFO: JdwpEventCenterDelegate: THREAD_RESUMED: thread (33, main, main)
23:19:34.127 INFO: JdwpEventCenterDelegate: THREAD_RESUMED: thread (33, main, main)
23:19:34.142 INFO: JdwpEventCenterDelegate: THREAD_RESUMED: thread (33, main, main)
23:19:34.144 INFO: JdwpEventCenterDelegate: THREAD_RESUMED: thread (33, main, main)
23:19:34.147 INFO: JdwpEventCenterDelegate: THREAD_RESUMED: thread (33, main, main)
23:19:34.149 INFO: JdwpEventCenterDelegate: THREAD_RESUMED: thread (33, main, main)
23:19:34.151 INFO: JdwpEventCenterDelegate: THREAD_RESUMED: thread (33, main, main)
23:19:34.156 INFO: JdwpEventCenterDelegate: THREAD_RESUMED: thread (33, main, main)
23:19:34.176 INFO: JdwpEventCenterDelegate: THREAD_RESUMED: thread (33, main, main)
23:19:34.178 INFO: JdwpEventCenterDelegate: THREAD_RESUMED: thread (33, main, main)
23:19:34.181 INFO: JdwpEventCenterDelegate: THREAD_RESUMED: thread (33, main, main)
23:19:34.183 INFO: JdwpEventCenterDelegate: THREAD_RESUMED: thread (33, main, main)
23:19:34.186 INFO: JdwpEventCenterDelegate: THREAD_RESUMED: thread (33, main, main)
23:19:34.191 INFO: JdwpEventCenterDelegate: THREAD_RESUMED: thread (33, main, main)
23:19:34.213 INFO: JdwpEventCenterDelegate: THREAD_RESUMED: thread (33, main, main)
23:19:34.215 INFO: JdwpEventCenterDelegate: THREAD_RESUMED: thread (33, main, main)
23:19:34.217 INFO: JdwpEventCenterDelegate: THREAD_RESUMED: thread (33, main, main)
23:19:34.219 INFO: JdwpEventCenterDelegate: THREAD_RESUMED: thread (33, main, main)
23:19:34.222 INFO: JdwpEventCenterDelegate: THREAD_RESUMED: thread (33, main, main)
23:19:34.226 INFO: JdwpEventCenterDelegate: THREAD_RESUMED: thread (33, main, main)
23:19:34.245 INFO: JdwpEventCenterDelegate: THREAD_RESUMED: thread (33, main, main)
23:19:34.248 INFO: JdwpEventCenterDelegate: THREAD_RESUMED: thread (33, main, main)
23:19:34.250 INFO: JdwpEventCenterDelegate: THREAD_RESUMED: thread (33, main, main)
23:19:34.252 INFO: JdwpEventCenterDelegate: THREAD_RESUMED: thread (33, main, main)
23:19:34.255 INFO: JdwpEventCenterDelegate: THREAD_RESUMED: thread (33, main, main)
23:19:34.259 INFO: JdwpEventCenterDelegate: THREAD_RESUMED: thread (33, main, main)
23:19:34.273 INFO: JdwpEventCenterDelegate: THREAD_RESUMED: thread (33, main, main)
23:19:34.276 INFO: JdwpEventCenterDelegate: THREAD_RESUMED: thread (33, main, main)
23:19:34.278 INFO: JdwpEventCenterDelegate: THREAD_RESUMED: thread (33, main, main)
23:19:34.280 INFO: JdwpEventCenterDelegate: THREAD_RESUMED: thread (33, main, main)
23:19:34.282 INFO: JdwpEventCenterDelegate: THREAD_RESUMED: thread (33, main, main)
23:19:34.288 INFO: JdwpEventCenterDelegate: THREAD_RESUMED: thread (33, main, main)
23:19:34.290 INFO: JdwpEventCenterDelegate: THREAD_RESUMED: thread (33, main, main)
23:19:34.292 INFO: JdwpEventCenterDelegate: THREAD_RESUMED: thread (33, main, main)
23:19:34.294 INFO: JdwpEventCenterDelegate: THREAD_RESUMED: thread (33, main, main)
23:19:34.297 INFO: JdwpEventCenterDelegate: THREAD_RESUMED: thread (33, main, main)
23:19:34.299 INFO: JdwpEventCenterDelegate: THREAD_RESUMED: thread (33, main, main)
23:19:34.301 INFO: JdwpEventCenterDelegate: THREAD_RESUMED: thread (33, main, main)
23:19:34.306 INFO: JdwpEventCenterDelegate: THREAD_RESUMED: thread (33, main, main)
23:19:34.308 INFO: JdwpEventCenterDelegate: THREAD_RESUMED: thread (33, main, main)
23:19:34.311 INFO: JdwpEventCenterDelegate: THREAD_RESUMED: thread (33, main, main)
23:19:34.313 INFO: JdwpEventCenterDelegate: THREAD_RESUMED: thread (33, main, main)
23:19:34.338 INFO: JdwpEventCenterDelegate: THREAD_RESUMED: thread (33, main, main)
23:19:34.340 INFO: JdwpEventCenterDelegate: THREAD_RESUMED: thread (33, main, main)
23:19:34.342 INFO: JdwpEventCenterDelegate: THREAD_RESUMED: thread (33, main, main)
23:19:34.344 INFO: JdwpEventCenterDelegate: THREAD_RESUMED: thread (33, main, main)
23:19:34.346 INFO: JdwpEventCenterDelegate: THREAD_RESUMED: thread (33, main, main)
23:19:34.348 INFO: JdwpEventCenterDelegate: THREAD_RESUMED: thread (33, main, main)
23:19:34.350 INFO: JdwpEventCenterDelegate: THREAD_RESUMED: thread (33, main, main)
23:19:34.364 INFO: JdwpEventCenterDelegate: THREAD_RESUMED: thread (33, main, main)
23:19:34.366 INFO: JdwpEventCenterDelegate: THREAD_RESUMED: thread (33, main, main)
23:19:34.368 INFO: JdwpEventCenterDelegate: THREAD_RESUMED: thread (33, main, main)
23:19:34.369 INFO: JdwpEventCenterDelegate: THREAD_RESUMED: thread (33, main, main)
23:19:34.371 INFO: JdwpEventCenterDelegate: THREAD_RESUMED: thread (33, main, main)
23:19:34.377 INFO: JdwpEventCenterDelegate: THREAD_RESUMED: thread (33, main, main)
23:19:34.389 INFO: JdwpEventCenterDelegate: THREAD_RESUMED: thread (33, main, main)
23:19:34.403 INFO: JdwpEventCenterDelegate: THREAD_RESUMED: thread (33, main, main)
23:19:34.414 INFO: JdwpEventCenterDelegate: THREAD_RESUMED: thread (33, main, main)
23:19:34.427 INFO: JdwpEventCenterDelegate: THREAD_RESUMED: thread (33, main, main)
23:19:34.461 INFO: JdwpEventCenterDelegate: THREAD_RESUMED: thread (33, main, main)
23:19:34.463 INFO: JdwpEventCenterDelegate: THREAD_RESUMED: thread (33, main, main)
23:19:34.465 INFO: JdwpEventCenterDelegate: THREAD_RESUMED: thread (33, main, main)
23:19:34.468 INFO: JdwpEventCenterDelegate: THREAD_RESUMED: thread (33, main, main)
23:19:34.470 INFO: JdwpEventCenterDelegate: THREAD_RESUMED: thread (33, main, main)
23:19:34.475 INFO: JdwpEventCenterDelegate: THREAD_RESUMED: thread (33, main, main)
23:19:34.487 INFO: JdwpEventCenterDelegate: THREAD_RESUMED: thread (33, main, main)
23:19:34.489 INFO: JdwpEventCenterDelegate: THREAD_RESUMED: thread (33, main, main)
23:19:34.491 INFO: JdwpEventCenterDelegate: THREAD_RESUMED: thread (33, main, main)
23:19:34.493 INFO: JdwpEventCenterDelegate: THREAD_RESUMED: thread (33, main, main)
23:19:34.496 INFO: JdwpEventCenterDelegate: THREAD_RESUMED: thread (33, main, main)
23:19:34.501 INFO: JdwpEventCenterDelegate: THREAD_RESUMED: thread (33, main, main)
23:19:34.515 INFO: JdwpEventCenterDelegate: THREAD_RESUMED: thread (33, main, main)
23:19:34.517 INFO: JdwpEventCenterDelegate: THREAD_RESUMED: thread (33, main, main)
23:19:34.519 INFO: JdwpEventCenterDelegate: THREAD_RESUMED: thread (33, main, main)
23:19:34.521 INFO: JdwpEventCenterDelegate: THREAD_RESUMED: thread (33, main, main)
23:19:34.524 INFO: JdwpEventCenterDelegate: THREAD_RESUMED: thread (33, main, main)
23:19:34.528 INFO: JdwpEventCenterDelegate: THREAD_RESUMED: thread (33, main, main)
23:19:34.546 INFO: JdwpEventCenterDelegate: THREAD_RESUMED: thread (33, main, main)
23:19:34.548 INFO: JdwpEventCenterDelegate: THREAD_RESUMED: thread (33, main, main)
23:19:34.551 INFO: JdwpEventCenterDelegate: THREAD_RESUMED: thread (33, main, main)
23:19:34.553 INFO: JdwpEventCenterDelegate: THREAD_RESUMED: thread (33, main, main)
23:19:34.555 INFO: JdwpEventCenterDelegate: THREAD_RESUMED: thread (33, main, main)
23:19:34.560 INFO: JdwpEventCenterDelegate: THREAD_RESUMED: thread (33, main, main)
23:19:34.575 INFO: JdwpEventCenterDelegate: THREAD_RESUMED: thread (33, main, main)
23:19:34.577 INFO: JdwpEventCenterDelegate: THREAD_RESUMED: thread (33, main, main)
23:19:34.580 INFO: JdwpEventCenterDelegate: THREAD_RESUMED: thread (33, main, main)
23:19:34.582 INFO: JdwpEventCenterDelegate: THREAD_RESUMED: thread (33, main, main)
23:19:34.584 INFO: JdwpEventCenterDelegate: THREAD_RESUMED: thread (33, main, main)
23:19:34.589 INFO: JdwpEventCenterDelegate: THREAD_RESUMED: thread (33, main, main)
23:19:34.604 INFO: JdwpEventCenterDelegate: THREAD_RESUMED: thread (33, main, main)
23:19:34.606 INFO: JdwpEventCenterDelegate: THREAD_RESUMED: thread (33, main, main)
23:19:34.608 INFO: JdwpEventCenterDelegate: THREAD_RESUMED: thread (33, main, main)
23:19:34.611 INFO: JdwpEventCenterDelegate: THREAD_RESUMED: thread (33, main, main)
23:19:34.613 INFO: JdwpEventCenterDelegate: THREAD_RESUMED: thread (33, main, main)
23:19:34.618 INFO: JdwpEventCenterDelegate: THREAD_RESUMED: thread (33, main, main)
23:19:34.640 INFO: JdwpEventCenterDelegate: THREAD_RESUMED: thread (33, main, main)
23:19:34.642 INFO: JdwpEventCenterDelegate: THREAD_RESUMED: thread (33, main, main)
23:19:34.645 INFO: JdwpEventCenterDelegate: THREAD_RESUMED: thread (33, main, main)
23:19:34.646 INFO: JdwpEventCenterDelegate: THREAD_RESUMED: thread (33, main, main)
23:19:34.649 INFO: JdwpEventCenterDelegate: THREAD_RESUMED: thread (33, main, main)
23:19:34.653 INFO: JdwpEventCenterDelegate: THREAD_RESUMED: thread (33, main, main)
23:19:34.671 INFO: JdwpEventCenterDelegate: THREAD_RESUMED: thread (33, main, main)
23:19:34.673 INFO: JdwpEventCenterDelegate: THREAD_RESUMED: thread (33, main, main)
23:19:34.676 INFO: JdwpEventCenterDelegate: THREAD_RESUMED: thread (33, main, main)
23:19:34.678 INFO: JdwpEventCenterDelegate: THREAD_RESUMED: thread (33, main, main)
23:19:34.680 INFO: JdwpEventCenterDelegate: THREAD_RESUMED: thread (33, main, main)
23:19:34.685 INFO: JdwpEventCenterDelegate: THREAD_RESUMED: thread (33, main, main)
23:19:34.702 INFO: JdwpEventCenterDelegate: THREAD_RESUMED: thread (33, main, main)
23:19:34.705 INFO: JdwpEventCenterDelegate: THREAD_RESUMED: thread (33, main, main)
23:19:34.707 INFO: JdwpEventCenterDelegate: THREAD_RESUMED: thread (33, main, main)
23:19:34.709 INFO: JdwpEventCenterDelegate: THREAD_RESUMED: thread (33, main, main)
23:19:34.712 INFO: JdwpEventCenterDelegate: THREAD_RESUMED: thread (33, main, main)
23:19:34.717 INFO: JdwpEventCenterDelegate: THREAD_RESUMED: thread (33, main, main)
23:19:34.731 INFO: JdwpEventCenterDelegate: THREAD_RESUMED: thread (33, main, main)
23:19:34.733 INFO: JdwpEventCenterDelegate: THREAD_RESUMED: thread (33, main, main)
23:19:34.735 INFO: JdwpEventCenterDelegate: THREAD_RESUMED: thread (33, main, main)
23:19:34.737 INFO: JdwpEventCenterDelegate: THREAD_RESUMED: thread (33, main, main)
23:19:34.739 INFO: JdwpEventCenterDelegate: THREAD_RESUMED: thread (33, main, main)
23:19:34.744 INFO: JdwpEventCenterDelegate: THREAD_RESUMED: thread (33, main, main)
23:19:34.758 INFO: JdwpEventCenterDelegate: THREAD_RESUMED: thread (33, main, main)
23:19:34.760 INFO: JdwpEventCenterDelegate: THREAD_RESUMED: thread (33, main, main)
23:19:34.762 INFO: JdwpEventCenterDelegate: THREAD_RESUMED: thread (33, main, main)
23:19:34.765 INFO: JdwpEventCenterDelegate: THREAD_RESUMED: thread (33, main, main)
23:19:34.767 INFO: JdwpEventCenterDelegate: THREAD_RESUMED: thread (33, main, main)
23:19:34.771 INFO: JdwpEventCenterDelegate: THREAD_RESUMED: thread (33, main, main)
23:19:34.790 INFO: JdwpEventCenterDelegate: THREAD_RESUMED: thread (33, main, main)
23:19:34.792 INFO: JdwpEventCenterDelegate: THREAD_RESUMED: thread (33, main, main)
23:19:34.795 INFO: JdwpEventCenterDelegate: THREAD_RESUMED: thread (33, main, main)
23:19:34.797 INFO: JdwpEventCenterDelegate: THREAD_RESUMED: thread (33, main, main)
23:19:34.799 INFO: JdwpEventCenterDelegate: THREAD_RESUMED: thread (33, main, main)
23:19:34.803 INFO: JdwpEventCenterDelegate: THREAD_RESUMED: thread (33, main, main)
23:19:34.828 INFO: JdwpEventCenterDelegate: THREAD_RESUMED: thread (33, main, main)
23:19:34.830 INFO: JdwpEventCenterDelegate: THREAD_RESUMED: thread (33, main, main)
23:19:34.832 INFO: JdwpEventCenterDelegate: THREAD_RESUMED: thread (33, main, main)
23:19:34.835 INFO: JdwpEventCenterDelegate: THREAD_RESUMED: thread (33, main, main)
23:19:34.837 INFO: JdwpEventCenterDelegate: THREAD_RESUMED: thread (33, main, main)
23:19:34.843 INFO: JdwpEventCenterDelegate: THREAD_RESUMED: thread (33, main, main)
23:19:34.860 INFO: JdwpEventCenterDelegate: THREAD_RESUMED: thread (33, main, main)
23:19:34.863 INFO: JdwpEventCenterDelegate: THREAD_RESUMED: thread (33, main, main)
23:19:34.865 INFO: JdwpEventCenterDelegate: THREAD_RESUMED: thread (33, main, main)
23:19:34.867 INFO: JdwpEventCenterDelegate: THREAD_RESUMED: thread (33, main, main)
23:19:34.870 INFO: JdwpEventCenterDelegate: THREAD_RESUMED: thread (33, main, main)
23:19:34.874 INFO: JdwpEventCenterDelegate: THREAD_RESUMED: thread (33, main, main)
23:19:34.887 INFO: JdwpEventCenterDelegate: THREAD_RESUMED: thread (33, main, main)
23:19:34.889 INFO: JdwpEventCenterDelegate: THREAD_RESUMED: thread (33, main, main)
23:19:34.891 INFO: JdwpEventCenterDelegate: THREAD_RESUMED: thread (33, main, main)
23:19:34.893 INFO: JdwpEventCenterDelegate: THREAD_RESUMED: thread (33, main, main)
23:19:34.895 INFO: JdwpEventCenterDelegate: THREAD_RESUMED: thread (33, main, main)
23:19:37.797 INFO: JdwpEventCenterDelegate: THREAD_STARTED: thread (108, Timer, main)
23:19:38.687 INFO: JdwpEventCenterDelegate: THREAD_RESUMED: thread (33, main, main)
23:19:38.718 INFO: JdwpEventCenterDelegate: THREAD_RESUMED: thread (33, main, main)
23:19:38.740 INFO: JdwpEventCenterDelegate: THREAD_RESUMED: thread (33, main, main)
23:19:38.758 INFO: JdwpEventCenterDelegate: THREAD_RESUMED: thread (33, main, main)
23:19:38.798 INFO: JdwpEventCenterDelegate: THREAD_RESUMED: thread (33, main, main)
23:19:38.832 INFO: JdwpEventCenterDelegate: THREAD_RESUMED: thread (33, main, main)
23:19:38.849 INFO: JdwpEventCenterDelegate: THREAD_RESUMED: thread (33, main, main)
23:19:38.864 INFO: JdwpEventCenterDelegate: THREAD_RESUMED: thread (33, main, main)
23:19:38.871 INFO: JdwpEventCenterDelegate: THREAD_RESUMED: thread (33, main, main)
23:19:38.885 INFO: JdwpEventCenterDelegate: THREAD_RESUMED: thread (33, main, main)
23:19:38.916 INFO: JdwpEventCenterDelegate: THREAD_RESUMED: thread (33, main, main)
23:19:38.928 INFO: JdwpEventCenterDelegate: THREAD_RESUMED: thread (33, main, main)
23:19:38.941 INFO: JdwpEventCenterDelegate: THREAD_RESUMED: thread (33, main, main)
23:19:38.953 INFO: JdwpEventCenterDelegate: THREAD_RESUMED: thread (33, main, main)
23:19:38.988 INFO: JdwpEventCenterDelegate: THREAD_RESUMED: thread (33, main, main)
23:19:39.021 INFO: JdwpEventCenterDelegate: THREAD_RESUMED: thread (33, main, main)
23:19:39.037 INFO: JdwpEventCenterDelegate: THREAD_RESUMED: thread (33, main, main)
23:19:39.051 INFO: JdwpEventCenterDelegate: THREAD_RESUMED: thread (33, main, main)
23:19:39.057 INFO: JdwpEventCenterDelegate: THREAD_RESUMED: thread (33, main, main)
23:19:39.071 INFO: JdwpEventCenterDelegate: THREAD_RESUMED: thread (33, main, main)
23:19:41.280 INFO: JdwpEventCenterDelegate: THREAD_RESUMED: thread (33, main, main)
23:19:41.318 INFO: JdwpEventCenterDelegate: THREAD_RESUMED: thread (33, main, main)
23:19:41.343 INFO: JdwpEventCenterDelegate: THREAD_RESUMED: thread (33, main, main)
23:19:41.362 INFO: JdwpEventCenterDelegate: THREAD_RESUMED: thread (33, main, main)
23:19:41.403 INFO: JdwpEventCenterDelegate: THREAD_RESUMED: thread (33, main, main)
23:19:41.436 INFO: JdwpEventCenterDelegate: THREAD_RESUMED: thread (33, main, main)
23:19:41.452 INFO: JdwpEventCenterDelegate: THREAD_RESUMED: thread (33, main, main)
23:19:41.467 INFO: JdwpEventCenterDelegate: THREAD_RESUMED: thread (33, main, main)
23:19:41.472 INFO: JdwpEventCenterDelegate: THREAD_RESUMED: thread (33, main, main)
23:19:41.485 INFO: JdwpEventCenterDelegate: THREAD_RESUMED: thread (33, main, main)
23:19:44.549 INFO: JdwpEventCenterDelegate: THREAD_RESUMED: thread (33, main, main)
23:19:44.590 INFO: JdwpEventCenterDelegate: THREAD_RESUMED: thread (33, main, main)
23:19:44.613 INFO: JdwpEventCenterDelegate: THREAD_RESUMED: thread (33, main, main)
23:19:44.632 INFO: JdwpEventCenterDelegate: THREAD_RESUMED: thread (33, main, main)
23:19:44.672 INFO: JdwpEventCenterDelegate: THREAD_RESUMED: thread (33, main, main)
23:19:44.705 INFO: JdwpEventCenterDelegate: THREAD_RESUMED: thread (33, main, main)
23:19:44.721 INFO: JdwpEventCenterDelegate: THREAD_RESUMED: thread (33, main, main)
23:19:44.736 INFO: JdwpEventCenterDelegate: THREAD_RESUMED: thread (33, main, main)
23:19:44.742 INFO: JdwpEventCenterDelegate: THREAD_RESUMED: thread (33, main, main)
23:19:44.755 INFO: JdwpEventCenterDelegate: THREAD_RESUMED: thread (33, main, main)
23:19:44.786 INFO: JdwpEventCenterDelegate: THREAD_RESUMED: thread (33, main, main)
23:19:44.798 INFO: JdwpEventCenterDelegate: THREAD_RESUMED: thread (33, main, main)
23:19:44.810 INFO: JdwpEventCenterDelegate: THREAD_RESUMED: thread (33, main, main)
23:19:44.822 INFO: JdwpEventCenterDelegate: THREAD_RESUMED: thread (33, main, main)
23:19:44.858 INFO: JdwpEventCenterDelegate: THREAD_RESUMED: thread (33, main, main)
23:19:44.894 INFO: JdwpEventCenterDelegate: THREAD_RESUMED: thread (33, main, main)
23:19:44.915 INFO: JdwpEventCenterDelegate: THREAD_RESUMED: thread (33, main, main)
23:19:44.930 INFO: JdwpEventCenterDelegate: THREAD_RESUMED: thread (33, main, main)
23:19:44.937 INFO: JdwpEventCenterDelegate: THREAD_RESUMED: thread (33, main, main)
23:19:44.956 INFO: JdwpEventCenterDelegate: THREAD_RESUMED: thread (33, main, main)
23:19:44.987 INFO: JdwpEventCenterDelegate: THREAD_RESUMED: thread (33, main, main)
23:19:46.223 INFO: JdwpEventCenterDelegate: THREAD_STARTED: thread (123, Thread-7, main)
23:19:49.623 INFO: JdwpEventCenterDelegate: THREAD_STARTED: thread (138, Thread-8, main)
23:19:52.331 INFO: JdwpEventCenterDelegate: THREAD_STARTED: thread (153, Thread-9, main)
23:20:08.166 INFO: JdwpEventCenterDelegate: THREAD_RESUMED: thread (33, main, main)
23:20:08.216 INFO: JdwpEventCenterDelegate: THREAD_RESUMED: thread (33, main, main)
23:20:08.239 INFO: JdwpEventCenterDelegate: THREAD_RESUMED: thread (33, main, main)
23:20:08.258 INFO: JdwpEventCenterDelegate: THREAD_RESUMED: thread (33, main, main)
23:20:08.273 INFO: JdwpEventCenterDelegate: THREAD_RESUMED: thread (33, main, main)
23:20:08.287 INFO: JdwpEventCenterDelegate: THREAD_RESUMED: thread (33, main, main)
23:20:08.301 INFO: JdwpEventCenterDelegate: THREAD_RESUMED: thread (33, main, main)
23:20:08.314 INFO: JdwpEventCenterDelegate: THREAD_RESUMED: thread (33, main, main)
23:20:08.329 INFO: JdwpEventCenterDelegate: THREAD_RESUMED: thread (33, main, main)
23:20:08.343 INFO: JdwpEventCenterDelegate: THREAD_RESUMED: thread (33, main, main)
23:20:08.362 INFO: JdwpEventCenterDelegate: THREAD_RESUMED: thread (33, main, main)
23:20:08.375 INFO: JdwpEventCenterDelegate: THREAD_RESUMED: thread (33, main, main)
23:20:08.388 INFO: JdwpEventCenterDelegate: THREAD_RESUMED: thread (33, main, main)
23:20:08.404 INFO: JdwpEventCenterDelegate: THREAD_RESUMED: thread (33, main, main)
23:20:08.423 INFO: JdwpEventCenterDelegate: THREAD_RESUMED: thread (33, main, main)
23:20:08.436 INFO: JdwpEventCenterDelegate: THREAD_RESUMED: thread (33, main, main)
23:20:08.453 INFO: JdwpEventCenterDelegate: THREAD_RESUMED: thread (33, main, main)
23:20:08.474 INFO: JdwpEventCenterDelegate: THREAD_RESUMED: thread (33, main, main)
23:20:15.493 INFO: JdwpEventCenterDelegate: THREAD_RESUMED: thread (33, main, main)
23:20:15.540 INFO: JdwpEventCenterDelegate: THREAD_RESUMED: thread (33, main, main)
23:20:15.561 INFO: JdwpEventCenterDelegate: THREAD_RESUMED: thread (33, main, main)
23:20:15.582 INFO: JdwpEventCenterDelegate: THREAD_RESUMED: thread (33, main, main)
23:20:15.596 INFO: JdwpEventCenterDelegate: THREAD_RESUMED: thread (33, main, main)
23:20:15.610 INFO: JdwpEventCenterDelegate: THREAD_RESUMED: thread (33, main, main)
23:20:15.622 INFO: JdwpEventCenterDelegate: THREAD_RESUMED: thread (33, main, main)
23:20:15.635 INFO: JdwpEventCenterDelegate: THREAD_RESUMED: thread (33, main, main)
23:20:15.649 INFO: JdwpEventCenterDelegate: THREAD_RESUMED: thread (33, main, main)
23:20:15.653 INFO: JdwpEventCenterDelegate: THREAD_RESUMED: thread (33, main, main)
23:20:15.674 INFO: JdwpEventCenterDelegate: THREAD_RESUMED: thread (33, main, main)
23:20:15.686 INFO: JdwpEventCenterDelegate: THREAD_RESUMED: thread (33, main, main)
23:20:15.699 INFO: JdwpEventCenterDelegate: THREAD_RESUMED: thread (33, main, main)
23:20:15.711 INFO: JdwpEventCenterDelegate: THREAD_RESUMED: thread (33, main, main)
23:20:15.724 INFO: JdwpEventCenterDelegate: THREAD_RESUMED: thread (33, main, main)
23:20:15.736 INFO: JdwpEventCenterDelegate: THREAD_RESUMED: thread (33, main, main)
23:20:15.748 INFO: JdwpEventCenterDelegate: THREAD_RESUMED: thread (33, main, main)
23:20:15.761 INFO: JdwpEventCenterDelegate: THREAD_RESUMED: thread (33, main, main)
23:20:17.819 INFO: JdwpEventCenterDelegate: THREAD_DETTACHED: thread (138, Thread-8, main)
23:20:20.003 INFO: JdwpEventCenterDelegate: THREAD_STARTED: thread (168, Thread-10, main)
23:20:23.723 INFO: JdwpEventCenterDelegate: THREAD_RESUMED: thread (33, main, main)
23:20:23.767 INFO: JdwpEventCenterDelegate: THREAD_RESUMED: thread (33, main, main)
23:20:23.791 INFO: JdwpEventCenterDelegate: THREAD_RESUMED: thread (33, main, main)
23:20:23.811 INFO: JdwpEventCenterDelegate: THREAD_RESUMED: thread (33, main, main)
23:20:23.825 INFO: JdwpEventCenterDelegate: THREAD_RESUMED: thread (33, main, main)
23:20:23.838 INFO: JdwpEventCenterDelegate: THREAD_RESUMED: thread (33, main, main)
23:20:23.853 INFO: JdwpEventCenterDelegate: THREAD_RESUMED: thread (33, main, main)
23:20:23.866 INFO: JdwpEventCenterDelegate: THREAD_RESUMED: thread (33, main, main)
23:20:23.880 INFO: JdwpEventCenterDelegate: THREAD_RESUMED: thread (33, main, main)
23:20:23.882 INFO: JdwpEventCenterDelegate: THREAD_RESUMED: thread (33, main, main)
23:20:23.900 INFO: JdwpEventCenterDelegate: THREAD_RESUMED: thread (33, main, main)
23:20:23.912 INFO: JdwpEventCenterDelegate: THREAD_RESUMED: thread (33, main, main)
23:20:23.926 INFO: JdwpEventCenterDelegate: THREAD_RESUMED: thread (33, main, main)
23:20:23.937 INFO: JdwpEventCenterDelegate: THREAD_RESUMED: thread (33, main, main)
23:20:23.949 INFO: JdwpEventCenterDelegate: THREAD_RESUMED: thread (33, main, main)
23:20:23.961 INFO: JdwpEventCenterDelegate: THREAD_RESUMED: thread (33, main, main)
23:20:23.973 INFO: JdwpEventCenterDelegate: THREAD_RESUMED: thread (33, main, main)
23:20:23.987 INFO: JdwpEventCenterDelegate: THREAD_RESUMED: thread (33, main, main)
23:20:25.132 INFO: JdwpEventCenterDelegate: THREAD_DETTACHED: thread (168, Thread-10, main)
23:20:29.578 INFO: JdwpEventCenterDelegate: THREAD_RESUMED: thread (33, main, main)
23:20:29.617 INFO: JdwpEventCenterDelegate: THREAD_RESUMED: thread (33, main, main)
23:20:29.642 INFO: JdwpEventCenterDelegate: THREAD_RESUMED: thread (33, main, main)
23:20:29.672 INFO: JdwpEventCenterDelegate: THREAD_RESUMED: thread (33, main, main)
23:20:29.715 INFO: JdwpEventCenterDelegate: THREAD_RESUMED: thread (33, main, main)
23:20:29.750 INFO: JdwpEventCenterDelegate: THREAD_RESUMED: thread (33, main, main)
23:20:29.772 INFO: JdwpEventCenterDelegate: THREAD_RESUMED: thread (33, main, main)
23:20:29.787 INFO: JdwpEventCenterDelegate: THREAD_RESUMED: thread (33, main, main)
23:20:29.794 INFO: JdwpEventCenterDelegate: THREAD_RESUMED: thread (33, main, main)
23:20:29.810 INFO: JdwpEventCenterDelegate: THREAD_RESUMED: thread (33, main, main)
23:20:58.521 INFO: JdwpDebugServer: handling req: VirtualMachine(1).Exit(10)
23:20:58.521 SEVERE: Debugger: Thread JDWP server socket thread crashed
org.robovm.debugger.DebuggerException: Terminating due exit command
	at org.robovm.debugger.jdwp.JdwpDebugServer.doSocketWork(JdwpDebugServer.java:211)
	at java.base/java.lang.Thread.run(Thread.java:834)
	at org.robovm.debugger.utils.DebuggerThread.run(DebuggerThread.java:42)
23:20:59.027 SEVERE: Debugger: Thread HooksChannel socket thread crashed
org.robovm.debugger.DebuggerException: java.io.IOException: org.robovm.libimobiledevice.LibIMobileDeviceException: IDEVICE_E_UNKNOWN_ERROR
	at org.robovm.debugger.hooks.HooksChannel.doSocketWork(HooksChannel.java:149)
	at java.base/java.lang.Thread.run(Thread.java:834)
	at org.robovm.debugger.utils.DebuggerThread.run(DebuggerThread.java:42)
Caused by: java.io.IOException: org.robovm.libimobiledevice.LibIMobileDeviceException: IDEVICE_E_UNKNOWN_ERROR
	at org.robovm.libimobiledevice.IDeviceConnection$DeviceInputStream.read(IDeviceConnection.java:203)
	at org.robovm.debugger.utils.bytebuffer.DataBufferWriter.writeFromStream(DataBufferWriter.java:89)
	at org.robovm.debugger.hooks.HooksChannel.doSocketWork(HooksChannel.java:116)
	... 2 more
Caused by: org.robovm.libimobiledevice.LibIMobileDeviceException: IDEVICE_E_UNKNOWN_ERROR
	at org.robovm.libimobiledevice.IDevice.checkResult(IDevice.java:206)
	at org.robovm.libimobiledevice.IDeviceConnection.receive(IDeviceConnection.java:110)
	at org.robovm.libimobiledevice.IDeviceConnection.receive(IDeviceConnection.java:81)
	at org.robovm.libimobiledevice.IDeviceConnection$DeviceInputStream.read(IDeviceConnection.java:201)
	... 4 more
