21:17:12.535 INFO: JdwpDebugServer: handling req: VirtualMachine(1).IDSizes(7)
21:17:12.535 INFO: JdwpDebugServer: handling req: EventRequest(15).Set(1)
21:17:12.535 INFO: JdwpEventCenterDelegate: jdwpSetEventRequest: JdwpEventRequest{requestId=100, eventKind=CLASS_PREPARE, suspendPolicy=NONE, predicates=[]}
21:17:12.535 INFO: JdwpDebugServer: handling req: EventRequest(15).Set(1)
21:17:12.535 INFO: JdwpEventCenterDelegate: jdwpSetEventRequest: JdwpEventRequest{requestId=101, eventKind=CLASS_UNLOAD, suspendPolicy=NONE, predicates=[]}
21:17:12.548 INFO: JdwpDebugServer: handling req: VirtualMachine(1).Version(1)
21:17:12.549 INFO: JdwpDebugServer: handling req: VirtualMachine(1).capabilitiesNew(17)
21:17:12.549 INFO: JdwpDebugServer: handling req: VirtualMachine(1).capabilities(12)
21:17:12.549 INFO: JdwpDebugServer: handling req: VirtualMachine(1).AllClassesWithGeneric(20)
21:17:12.553 INFO: JdwpDebugServer: handling req: VirtualMachine(1).TopLevelThreadGroups(5)
21:17:12.554 INFO: JdwpDebugServer: handling req: EventRequest(15).Set(1)
21:17:12.554 INFO: JdwpEventCenterDelegate: jdwpSetEventRequest: JdwpEventRequest{requestId=102, eventKind=THREAD_START, suspendPolicy=NONE, predicates=[]}
21:17:12.554 INFO: JdwpDebugServer: handling req: EventRequest(15).Set(1)
21:17:12.554 INFO: JdwpEventCenterDelegate: jdwpSetEventRequest: JdwpEventRequest{requestId=103, eventKind=THREAD_DEATH, suspendPolicy=NONE, predicates=[]}
21:17:12.555 INFO: JdwpDebugServer: handling req: EventRequest(15).Set(1)
21:17:12.555 INFO: JdwpEventCenterDelegate: jdwpSetEventRequest: JdwpEventRequest{requestId=104, eventKind=CLASS_PREPARE, suspendPolicy=EVENT_THREAD, predicates=[className=sun.instrument.InstrumentationImpl]}
21:17:12.555 INFO: JdwpDebugServer: handling req: EventRequest(15).Set(1)
21:17:12.555 INFO: JdwpEventCenterDelegate: jdwpSetEventRequest: JdwpEventRequest{requestId=105, eventKind=CLASS_PREPARE, suspendPolicy=EVENT_THREAD, predicates=[className=sun.instrument.InstrumentationImpl]}
21:17:12.949 INFO: JdwpDebugServer: handling req: VirtualMachine(1).Resume(9)
21:17:12.988 INFO: JdwpEventCenterDelegate: THREAD_STARTED: thread (33, main, main)
21:17:13.003 INFO: JdwpEventCenterDelegate: THREAD_STARTED: thread (48, ReferenceQueueDaemon, main)
21:17:13.009 INFO: JdwpEventCenterDelegate: THREAD_STARTED: thread (63, FinalizerDaemon, main)
21:17:13.016 INFO: JdwpEventCenterDelegate: THREAD_STARTED: thread (78, FinalizerWatchdogDaemon, main)
21:17:13.019 INFO: JdwpEventCenterDelegate: THREAD_RESUMED: thread (33, main, main)
21:17:13.020 INFO: JdwpEventCenterDelegate: THREAD_RESUMED: thread (33, main, main)
21:17:13.022 INFO: JdwpEventCenterDelegate: THREAD_RESUMED: thread (33, main, main)
21:17:13.024 INFO: JdwpEventCenterDelegate: THREAD_RESUMED: thread (33, main, main)
21:17:13.025 INFO: JdwpEventCenterDelegate: THREAD_RESUMED: thread (33, main, main)
21:17:13.026 INFO: JdwpEventCenterDelegate: THREAD_RESUMED: thread (33, main, main)
21:17:13.028 INFO: JdwpEventCenterDelegate: THREAD_RESUMED: thread (33, main, main)
21:17:13.029 INFO: JdwpEventCenterDelegate: THREAD_RESUMED: thread (33, main, main)
21:17:13.030 INFO: JdwpEventCenterDelegate: THREAD_RESUMED: thread (33, main, main)
21:17:13.031 INFO: JdwpEventCenterDelegate: THREAD_RESUMED: thread (33, main, main)
21:17:13.033 INFO: JdwpEventCenterDelegate: THREAD_RESUMED: thread (33, main, main)
21:17:13.035 INFO: JdwpEventCenterDelegate: THREAD_RESUMED: thread (33, main, main)
21:17:13.037 INFO: JdwpEventCenterDelegate: THREAD_RESUMED: thread (33, main, main)
21:17:13.038 INFO: JdwpEventCenterDelegate: THREAD_RESUMED: thread (33, main, main)
21:17:13.039 INFO: JdwpEventCenterDelegate: THREAD_RESUMED: thread (33, main, main)
21:17:13.041 INFO: JdwpEventCenterDelegate: THREAD_RESUMED: thread (33, main, main)
21:17:13.042 INFO: JdwpEventCenterDelegate: THREAD_RESUMED: thread (33, main, main)
21:17:13.043 INFO: JdwpEventCenterDelegate: THREAD_RESUMED: thread (33, main, main)
21:17:13.047 INFO: JdwpEventCenterDelegate: THREAD_RESUMED: thread (33, main, main)
21:17:13.048 INFO: JdwpEventCenterDelegate: THREAD_RESUMED: thread (33, main, main)
21:17:13.049 INFO: JdwpEventCenterDelegate: THREAD_RESUMED: thread (33, main, main)
21:17:13.050 INFO: JdwpEventCenterDelegate: THREAD_RESUMED: thread (33, main, main)
21:17:13.052 INFO: JdwpEventCenterDelegate: THREAD_RESUMED: thread (33, main, main)
21:17:13.053 INFO: JdwpEventCenterDelegate: THREAD_RESUMED: thread (33, main, main)
21:17:13.055 INFO: JdwpEventCenterDelegate: THREAD_RESUMED: thread (33, main, main)
21:17:13.083 INFO: JdwpEventCenterDelegate: THREAD_RESUMED: thread (33, main, main)
21:17:13.084 INFO: JdwpEventCenterDelegate: THREAD_RESUMED: thread (33, main, main)
21:17:13.086 INFO: JdwpEventCenterDelegate: THREAD_RESUMED: thread (33, main, main)
21:17:13.087 INFO: JdwpEventCenterDelegate: THREAD_RESUMED: thread (33, main, main)
21:17:13.088 INFO: JdwpEventCenterDelegate: THREAD_RESUMED: thread (33, main, main)
21:17:13.090 INFO: JdwpEventCenterDelegate: THREAD_RESUMED: thread (33, main, main)
21:17:13.091 INFO: JdwpEventCenterDelegate: THREAD_RESUMED: thread (33, main, main)
21:17:13.093 INFO: JdwpEventCenterDelegate: THREAD_RESUMED: thread (33, main, main)
21:17:13.095 INFO: JdwpEventCenterDelegate: THREAD_RESUMED: thread (33, main, main)
21:17:13.096 INFO: JdwpEventCenterDelegate: THREAD_RESUMED: thread (33, main, main)
21:17:13.097 INFO: JdwpEventCenterDelegate: THREAD_RESUMED: thread (33, main, main)
21:17:13.099 INFO: JdwpEventCenterDelegate: THREAD_RESUMED: thread (33, main, main)
21:17:13.100 INFO: JdwpEventCenterDelegate: THREAD_RESUMED: thread (33, main, main)
21:17:13.101 INFO: JdwpEventCenterDelegate: THREAD_RESUMED: thread (33, main, main)
21:17:13.115 INFO: JdwpEventCenterDelegate: THREAD_RESUMED: thread (33, main, main)
21:17:13.117 INFO: JdwpEventCenterDelegate: THREAD_RESUMED: thread (33, main, main)
21:17:13.134 INFO: JdwpEventCenterDelegate: THREAD_RESUMED: thread (33, main, main)
21:17:13.137 INFO: JdwpEventCenterDelegate: THREAD_RESUMED: thread (33, main, main)
21:17:13.138 INFO: JdwpEventCenterDelegate: THREAD_RESUMED: thread (33, main, main)
21:17:13.139 INFO: JdwpEventCenterDelegate: THREAD_RESUMED: thread (33, main, main)
21:17:13.140 INFO: JdwpEventCenterDelegate: THREAD_RESUMED: thread (33, main, main)
21:17:13.163 INFO: JdwpEventCenterDelegate: THREAD_RESUMED: thread (33, main, main)
21:17:13.164 INFO: JdwpEventCenterDelegate: THREAD_RESUMED: thread (33, main, main)
21:17:13.166 INFO: JdwpEventCenterDelegate: THREAD_RESUMED: thread (33, main, main)
21:17:13.167 INFO: JdwpEventCenterDelegate: THREAD_RESUMED: thread (33, main, main)
21:17:13.168 INFO: JdwpEventCenterDelegate: THREAD_RESUMED: thread (33, main, main)
21:17:13.170 INFO: JdwpEventCenterDelegate: THREAD_RESUMED: thread (33, main, main)
21:17:13.171 INFO: JdwpEventCenterDelegate: THREAD_RESUMED: thread (33, main, main)
21:17:13.198 INFO: JdwpEventCenterDelegate: THREAD_RESUMED: thread (33, main, main)
21:17:13.199 INFO: JdwpEventCenterDelegate: THREAD_RESUMED: thread (33, main, main)
21:17:13.200 INFO: JdwpEventCenterDelegate: THREAD_RESUMED: thread (33, main, main)
21:17:13.201 INFO: JdwpEventCenterDelegate: THREAD_RESUMED: thread (33, main, main)
21:17:13.202 INFO: JdwpEventCenterDelegate: THREAD_RESUMED: thread (33, main, main)
21:17:13.203 INFO: JdwpEventCenterDelegate: THREAD_RESUMED: thread (33, main, main)
21:17:13.204 INFO: JdwpEventCenterDelegate: THREAD_RESUMED: thread (33, main, main)
21:17:13.216 INFO: JdwpEventCenterDelegate: THREAD_RESUMED: thread (33, main, main)
21:17:13.218 INFO: JdwpEventCenterDelegate: THREAD_RESUMED: thread (33, main, main)
21:17:13.219 INFO: JdwpEventCenterDelegate: THREAD_RESUMED: thread (33, main, main)
21:17:13.221 INFO: JdwpEventCenterDelegate: THREAD_RESUMED: thread (33, main, main)
21:17:13.222 INFO: JdwpEventCenterDelegate: THREAD_RESUMED: thread (33, main, main)
21:17:13.224 INFO: JdwpEventCenterDelegate: THREAD_RESUMED: thread (33, main, main)
21:17:13.225 INFO: JdwpEventCenterDelegate: THREAD_RESUMED: thread (33, main, main)
21:17:13.235 INFO: JdwpEventCenterDelegate: THREAD_RESUMED: thread (33, main, main)
21:17:13.236 INFO: JdwpEventCenterDelegate: THREAD_RESUMED: thread (33, main, main)
21:17:13.238 INFO: JdwpEventCenterDelegate: THREAD_RESUMED: thread (33, main, main)
21:17:13.239 INFO: JdwpEventCenterDelegate: THREAD_RESUMED: thread (33, main, main)
21:17:13.240 INFO: JdwpEventCenterDelegate: THREAD_RESUMED: thread (33, main, main)
21:17:13.242 INFO: JdwpEventCenterDelegate: THREAD_RESUMED: thread (33, main, main)
21:17:13.243 INFO: JdwpEventCenterDelegate: THREAD_RESUMED: thread (33, main, main)
21:17:13.244 INFO: JdwpEventCenterDelegate: THREAD_RESUMED: thread (33, main, main)
21:17:13.245 INFO: JdwpEventCenterDelegate: THREAD_RESUMED: thread (33, main, main)
21:17:13.247 INFO: JdwpEventCenterDelegate: THREAD_RESUMED: thread (33, main, main)
21:17:13.248 INFO: JdwpEventCenterDelegate: THREAD_RESUMED: thread (33, main, main)
21:17:13.250 INFO: JdwpEventCenterDelegate: THREAD_RESUMED: thread (33, main, main)
21:17:13.251 INFO: JdwpEventCenterDelegate: THREAD_RESUMED: thread (33, main, main)
21:17:13.253 INFO: JdwpEventCenterDelegate: THREAD_RESUMED: thread (33, main, main)
21:17:13.254 INFO: JdwpEventCenterDelegate: THREAD_RESUMED: thread (33, main, main)
21:17:13.255 INFO: JdwpEventCenterDelegate: THREAD_RESUMED: thread (33, main, main)
21:17:13.256 INFO: JdwpEventCenterDelegate: THREAD_RESUMED: thread (33, main, main)
21:17:13.257 INFO: JdwpEventCenterDelegate: THREAD_RESUMED: thread (33, main, main)
21:17:13.260 INFO: JdwpEventCenterDelegate: THREAD_RESUMED: thread (33, main, main)
21:17:13.262 INFO: JdwpEventCenterDelegate: THREAD_RESUMED: thread (33, main, main)
21:17:13.396 INFO: JdwpEventCenterDelegate: THREAD_STARTED: thread (93, AssetManager, main)
21:17:13.501 INFO: JdwpEventCenterDelegate: THREAD_RESUMED: thread (33, main, main)
21:17:13.504 INFO: JdwpEventCenterDelegate: THREAD_RESUMED: thread (33, main, main)
21:17:16.072 INFO: JdwpEventCenterDelegate: THREAD_RESUMED: thread (33, main, main)
21:17:16.175 INFO: JdwpEventCenterDelegate: THREAD_RESUMED: thread (33, main, main)
21:17:16.176 INFO: JdwpEventCenterDelegate: THREAD_RESUMED: thread (33, main, main)
21:17:16.178 INFO: JdwpEventCenterDelegate: THREAD_RESUMED: thread (33, main, main)
21:17:16.180 INFO: JdwpEventCenterDelegate: THREAD_RESUMED: thread (33, main, main)
21:17:16.181 INFO: JdwpEventCenterDelegate: THREAD_RESUMED: thread (33, main, main)
21:17:16.187 INFO: JdwpEventCenterDelegate: THREAD_RESUMED: thread (33, main, main)
21:17:16.199 INFO: JdwpEventCenterDelegate: THREAD_RESUMED: thread (33, main, main)
21:17:16.202 INFO: JdwpEventCenterDelegate: THREAD_RESUMED: thread (33, main, main)
21:17:16.204 INFO: JdwpEventCenterDelegate: THREAD_RESUMED: thread (33, main, main)
21:17:16.206 INFO: JdwpEventCenterDelegate: THREAD_RESUMED: thread (33, main, main)
21:17:16.208 INFO: JdwpEventCenterDelegate: THREAD_RESUMED: thread (33, main, main)
21:17:16.213 INFO: JdwpEventCenterDelegate: THREAD_RESUMED: thread (33, main, main)
21:17:16.229 INFO: JdwpEventCenterDelegate: THREAD_RESUMED: thread (33, main, main)
21:17:16.231 INFO: JdwpEventCenterDelegate: THREAD_RESUMED: thread (33, main, main)
21:17:16.233 INFO: JdwpEventCenterDelegate: THREAD_RESUMED: thread (33, main, main)
21:17:16.235 INFO: JdwpEventCenterDelegate: THREAD_RESUMED: thread (33, main, main)
21:17:16.238 INFO: JdwpEventCenterDelegate: THREAD_RESUMED: thread (33, main, main)
21:17:16.243 INFO: JdwpEventCenterDelegate: THREAD_RESUMED: thread (33, main, main)
21:17:16.261 INFO: JdwpEventCenterDelegate: THREAD_RESUMED: thread (33, main, main)
21:17:16.264 INFO: JdwpEventCenterDelegate: THREAD_RESUMED: thread (33, main, main)
21:17:16.266 INFO: JdwpEventCenterDelegate: THREAD_RESUMED: thread (33, main, main)
21:17:16.268 INFO: JdwpEventCenterDelegate: THREAD_RESUMED: thread (33, main, main)
21:17:16.270 INFO: JdwpEventCenterDelegate: THREAD_RESUMED: thread (33, main, main)
21:17:16.275 INFO: JdwpEventCenterDelegate: THREAD_RESUMED: thread (33, main, main)
21:17:16.290 INFO: JdwpEventCenterDelegate: THREAD_RESUMED: thread (33, main, main)
21:17:16.293 INFO: JdwpEventCenterDelegate: THREAD_RESUMED: thread (33, main, main)
21:17:16.295 INFO: JdwpEventCenterDelegate: THREAD_RESUMED: thread (33, main, main)
21:17:16.297 INFO: JdwpEventCenterDelegate: THREAD_RESUMED: thread (33, main, main)
21:17:16.299 INFO: JdwpEventCenterDelegate: THREAD_RESUMED: thread (33, main, main)
21:17:16.304 INFO: JdwpEventCenterDelegate: THREAD_RESUMED: thread (33, main, main)
21:17:16.319 INFO: JdwpEventCenterDelegate: THREAD_RESUMED: thread (33, main, main)
21:17:16.321 INFO: JdwpEventCenterDelegate: THREAD_RESUMED: thread (33, main, main)
21:17:16.323 INFO: JdwpEventCenterDelegate: THREAD_RESUMED: thread (33, main, main)
21:17:16.326 INFO: JdwpEventCenterDelegate: THREAD_RESUMED: thread (33, main, main)
21:17:16.328 INFO: JdwpEventCenterDelegate: THREAD_RESUMED: thread (33, main, main)
21:17:16.333 INFO: JdwpEventCenterDelegate: THREAD_RESUMED: thread (33, main, main)
21:17:16.352 INFO: JdwpEventCenterDelegate: THREAD_RESUMED: thread (33, main, main)
21:17:16.354 INFO: JdwpEventCenterDelegate: THREAD_RESUMED: thread (33, main, main)
21:17:16.356 INFO: JdwpEventCenterDelegate: THREAD_RESUMED: thread (33, main, main)
21:17:16.358 INFO: JdwpEventCenterDelegate: THREAD_RESUMED: thread (33, main, main)
21:17:16.361 INFO: JdwpEventCenterDelegate: THREAD_RESUMED: thread (33, main, main)
21:17:16.366 INFO: JdwpEventCenterDelegate: THREAD_RESUMED: thread (33, main, main)
21:17:16.385 INFO: JdwpEventCenterDelegate: THREAD_RESUMED: thread (33, main, main)
21:17:16.387 INFO: JdwpEventCenterDelegate: THREAD_RESUMED: thread (33, main, main)
21:17:16.390 INFO: JdwpEventCenterDelegate: THREAD_RESUMED: thread (33, main, main)
21:17:16.392 INFO: JdwpEventCenterDelegate: THREAD_RESUMED: thread (33, main, main)
21:17:16.394 INFO: JdwpEventCenterDelegate: THREAD_RESUMED: thread (33, main, main)
21:17:16.399 INFO: JdwpEventCenterDelegate: THREAD_RESUMED: thread (33, main, main)
21:17:16.418 INFO: JdwpEventCenterDelegate: THREAD_RESUMED: thread (33, main, main)
21:17:16.421 INFO: JdwpEventCenterDelegate: THREAD_RESUMED: thread (33, main, main)
21:17:16.423 INFO: JdwpEventCenterDelegate: THREAD_RESUMED: thread (33, main, main)
21:17:16.425 INFO: JdwpEventCenterDelegate: THREAD_RESUMED: thread (33, main, main)
21:17:16.427 INFO: JdwpEventCenterDelegate: THREAD_RESUMED: thread (33, main, main)
21:17:16.432 INFO: JdwpEventCenterDelegate: THREAD_RESUMED: thread (33, main, main)
21:17:16.451 INFO: JdwpEventCenterDelegate: THREAD_RESUMED: thread (33, main, main)
21:17:16.453 INFO: JdwpEventCenterDelegate: THREAD_RESUMED: thread (33, main, main)
21:17:16.455 INFO: JdwpEventCenterDelegate: THREAD_RESUMED: thread (33, main, main)
21:17:16.457 INFO: JdwpEventCenterDelegate: THREAD_RESUMED: thread (33, main, main)
21:17:16.459 INFO: JdwpEventCenterDelegate: THREAD_RESUMED: thread (33, main, main)
21:17:16.464 INFO: JdwpEventCenterDelegate: THREAD_RESUMED: thread (33, main, main)
21:17:16.479 INFO: JdwpEventCenterDelegate: THREAD_RESUMED: thread (33, main, main)
21:17:16.481 INFO: JdwpEventCenterDelegate: THREAD_RESUMED: thread (33, main, main)
21:17:16.484 INFO: JdwpEventCenterDelegate: THREAD_RESUMED: thread (33, main, main)
21:17:16.486 INFO: JdwpEventCenterDelegate: THREAD_RESUMED: thread (33, main, main)
21:17:16.488 INFO: JdwpEventCenterDelegate: THREAD_RESUMED: thread (33, main, main)
21:17:16.493 INFO: JdwpEventCenterDelegate: THREAD_RESUMED: thread (33, main, main)
21:17:16.513 INFO: JdwpEventCenterDelegate: THREAD_RESUMED: thread (33, main, main)
21:17:16.516 INFO: JdwpEventCenterDelegate: THREAD_RESUMED: thread (33, main, main)
21:17:16.518 INFO: JdwpEventCenterDelegate: THREAD_RESUMED: thread (33, main, main)
21:17:16.520 INFO: JdwpEventCenterDelegate: THREAD_RESUMED: thread (33, main, main)
21:17:16.522 INFO: JdwpEventCenterDelegate: THREAD_RESUMED: thread (33, main, main)
21:17:16.527 INFO: JdwpEventCenterDelegate: THREAD_RESUMED: thread (33, main, main)
21:17:16.550 INFO: JdwpEventCenterDelegate: THREAD_RESUMED: thread (33, main, main)
21:17:16.552 INFO: JdwpEventCenterDelegate: THREAD_RESUMED: thread (33, main, main)
21:17:16.554 INFO: JdwpEventCenterDelegate: THREAD_RESUMED: thread (33, main, main)
21:17:16.556 INFO: JdwpEventCenterDelegate: THREAD_RESUMED: thread (33, main, main)
21:17:16.557 INFO: JdwpEventCenterDelegate: THREAD_RESUMED: thread (33, main, main)
21:17:16.562 INFO: JdwpEventCenterDelegate: THREAD_RESUMED: thread (33, main, main)
21:17:16.581 INFO: JdwpEventCenterDelegate: THREAD_RESUMED: thread (33, main, main)
21:17:16.583 INFO: JdwpEventCenterDelegate: THREAD_RESUMED: thread (33, main, main)
21:17:16.585 INFO: JdwpEventCenterDelegate: THREAD_RESUMED: thread (33, main, main)
21:17:16.587 INFO: JdwpEventCenterDelegate: THREAD_RESUMED: thread (33, main, main)
21:17:16.590 INFO: JdwpEventCenterDelegate: THREAD_RESUMED: thread (33, main, main)
21:17:16.594 INFO: JdwpEventCenterDelegate: THREAD_RESUMED: thread (33, main, main)
21:17:16.608 INFO: JdwpEventCenterDelegate: THREAD_RESUMED: thread (33, main, main)
21:17:16.610 INFO: JdwpEventCenterDelegate: THREAD_RESUMED: thread (33, main, main)
21:17:16.612 INFO: JdwpEventCenterDelegate: THREAD_RESUMED: thread (33, main, main)
21:17:16.615 INFO: JdwpEventCenterDelegate: THREAD_RESUMED: thread (33, main, main)
21:17:16.617 INFO: JdwpEventCenterDelegate: THREAD_RESUMED: thread (33, main, main)
21:17:16.622 INFO: JdwpEventCenterDelegate: THREAD_RESUMED: thread (33, main, main)
21:17:16.624 INFO: JdwpEventCenterDelegate: THREAD_RESUMED: thread (33, main, main)
21:17:16.627 INFO: JdwpEventCenterDelegate: THREAD_RESUMED: thread (33, main, main)
21:17:16.629 INFO: JdwpEventCenterDelegate: THREAD_RESUMED: thread (33, main, main)
21:17:16.630 INFO: JdwpEventCenterDelegate: THREAD_RESUMED: thread (33, main, main)
21:17:16.633 INFO: JdwpEventCenterDelegate: THREAD_RESUMED: thread (33, main, main)
21:17:16.635 INFO: JdwpEventCenterDelegate: THREAD_RESUMED: thread (33, main, main)
21:17:16.639 INFO: JdwpEventCenterDelegate: THREAD_RESUMED: thread (33, main, main)
21:17:16.641 INFO: JdwpEventCenterDelegate: THREAD_RESUMED: thread (33, main, main)
21:17:16.643 INFO: JdwpEventCenterDelegate: THREAD_RESUMED: thread (33, main, main)
21:17:16.645 INFO: JdwpEventCenterDelegate: THREAD_RESUMED: thread (33, main, main)
21:17:16.669 INFO: JdwpEventCenterDelegate: THREAD_RESUMED: thread (33, main, main)
21:17:16.671 INFO: JdwpEventCenterDelegate: THREAD_RESUMED: thread (33, main, main)
21:17:16.673 INFO: JdwpEventCenterDelegate: THREAD_RESUMED: thread (33, main, main)
21:17:16.675 INFO: JdwpEventCenterDelegate: THREAD_RESUMED: thread (33, main, main)
21:17:16.677 INFO: JdwpEventCenterDelegate: THREAD_RESUMED: thread (33, main, main)
21:17:16.679 INFO: JdwpEventCenterDelegate: THREAD_RESUMED: thread (33, main, main)
21:17:16.681 INFO: JdwpEventCenterDelegate: THREAD_RESUMED: thread (33, main, main)
21:17:16.695 INFO: JdwpEventCenterDelegate: THREAD_RESUMED: thread (33, main, main)
21:17:16.696 INFO: JdwpEventCenterDelegate: THREAD_RESUMED: thread (33, main, main)
21:17:16.698 INFO: JdwpEventCenterDelegate: THREAD_RESUMED: thread (33, main, main)
21:17:16.700 INFO: JdwpEventCenterDelegate: THREAD_RESUMED: thread (33, main, main)
21:17:16.702 INFO: JdwpEventCenterDelegate: THREAD_RESUMED: thread (33, main, main)
21:17:16.708 INFO: JdwpEventCenterDelegate: THREAD_RESUMED: thread (33, main, main)
21:17:16.720 INFO: JdwpEventCenterDelegate: THREAD_RESUMED: thread (33, main, main)
21:17:16.733 INFO: JdwpEventCenterDelegate: THREAD_RESUMED: thread (33, main, main)
21:17:16.744 INFO: JdwpEventCenterDelegate: THREAD_RESUMED: thread (33, main, main)
21:17:16.757 INFO: JdwpEventCenterDelegate: THREAD_RESUMED: thread (33, main, main)
21:17:16.790 INFO: JdwpEventCenterDelegate: THREAD_RESUMED: thread (33, main, main)
21:17:16.793 INFO: JdwpEventCenterDelegate: THREAD_RESUMED: thread (33, main, main)
21:17:16.795 INFO: JdwpEventCenterDelegate: THREAD_RESUMED: thread (33, main, main)
21:17:16.798 INFO: JdwpEventCenterDelegate: THREAD_RESUMED: thread (33, main, main)
21:17:16.800 INFO: JdwpEventCenterDelegate: THREAD_RESUMED: thread (33, main, main)
21:17:16.805 INFO: JdwpEventCenterDelegate: THREAD_RESUMED: thread (33, main, main)
21:17:16.816 INFO: JdwpEventCenterDelegate: THREAD_RESUMED: thread (33, main, main)
21:17:16.818 INFO: JdwpEventCenterDelegate: THREAD_RESUMED: thread (33, main, main)
21:17:16.820 INFO: JdwpEventCenterDelegate: THREAD_RESUMED: thread (33, main, main)
21:17:16.823 INFO: JdwpEventCenterDelegate: THREAD_RESUMED: thread (33, main, main)
21:17:16.825 INFO: JdwpEventCenterDelegate: THREAD_RESUMED: thread (33, main, main)
21:17:16.830 INFO: JdwpEventCenterDelegate: THREAD_RESUMED: thread (33, main, main)
21:17:16.844 INFO: JdwpEventCenterDelegate: THREAD_RESUMED: thread (33, main, main)
21:17:16.846 INFO: JdwpEventCenterDelegate: THREAD_RESUMED: thread (33, main, main)
21:17:16.849 INFO: JdwpEventCenterDelegate: THREAD_RESUMED: thread (33, main, main)
21:17:16.851 INFO: JdwpEventCenterDelegate: THREAD_RESUMED: thread (33, main, main)
21:17:16.853 INFO: JdwpEventCenterDelegate: THREAD_RESUMED: thread (33, main, main)
21:17:16.857 INFO: JdwpEventCenterDelegate: THREAD_RESUMED: thread (33, main, main)
21:17:16.874 INFO: JdwpEventCenterDelegate: THREAD_RESUMED: thread (33, main, main)
21:17:16.877 INFO: JdwpEventCenterDelegate: THREAD_RESUMED: thread (33, main, main)
21:17:16.879 INFO: JdwpEventCenterDelegate: THREAD_RESUMED: thread (33, main, main)
21:17:16.882 INFO: JdwpEventCenterDelegate: THREAD_RESUMED: thread (33, main, main)
21:17:16.883 INFO: JdwpEventCenterDelegate: THREAD_RESUMED: thread (33, main, main)
21:17:16.888 INFO: JdwpEventCenterDelegate: THREAD_RESUMED: thread (33, main, main)
21:17:16.903 INFO: JdwpEventCenterDelegate: THREAD_RESUMED: thread (33, main, main)
21:17:16.905 INFO: JdwpEventCenterDelegate: THREAD_RESUMED: thread (33, main, main)
21:17:16.908 INFO: JdwpEventCenterDelegate: THREAD_RESUMED: thread (33, main, main)
21:17:16.910 INFO: JdwpEventCenterDelegate: THREAD_RESUMED: thread (33, main, main)
21:17:16.912 INFO: JdwpEventCenterDelegate: THREAD_RESUMED: thread (33, main, main)
21:17:16.917 INFO: JdwpEventCenterDelegate: THREAD_RESUMED: thread (33, main, main)
21:17:16.932 INFO: JdwpEventCenterDelegate: THREAD_RESUMED: thread (33, main, main)
21:17:16.934 INFO: JdwpEventCenterDelegate: THREAD_RESUMED: thread (33, main, main)
21:17:16.937 INFO: JdwpEventCenterDelegate: THREAD_RESUMED: thread (33, main, main)
21:17:16.939 INFO: JdwpEventCenterDelegate: THREAD_RESUMED: thread (33, main, main)
21:17:16.942 INFO: JdwpEventCenterDelegate: THREAD_RESUMED: thread (33, main, main)
21:17:16.947 INFO: JdwpEventCenterDelegate: THREAD_RESUMED: thread (33, main, main)
21:17:16.968 INFO: JdwpEventCenterDelegate: THREAD_RESUMED: thread (33, main, main)
21:17:16.970 INFO: JdwpEventCenterDelegate: THREAD_RESUMED: thread (33, main, main)
21:17:16.973 INFO: JdwpEventCenterDelegate: THREAD_RESUMED: thread (33, main, main)
21:17:16.975 INFO: JdwpEventCenterDelegate: THREAD_RESUMED: thread (33, main, main)
21:17:16.977 INFO: JdwpEventCenterDelegate: THREAD_RESUMED: thread (33, main, main)
21:17:16.982 INFO: JdwpEventCenterDelegate: THREAD_RESUMED: thread (33, main, main)
21:17:17.000 INFO: JdwpEventCenterDelegate: THREAD_RESUMED: thread (33, main, main)
21:17:17.002 INFO: JdwpEventCenterDelegate: THREAD_RESUMED: thread (33, main, main)
21:17:17.004 INFO: JdwpEventCenterDelegate: THREAD_RESUMED: thread (33, main, main)
21:17:17.006 INFO: JdwpEventCenterDelegate: THREAD_RESUMED: thread (33, main, main)
21:17:17.007 INFO: JdwpEventCenterDelegate: THREAD_RESUMED: thread (33, main, main)
21:17:17.011 INFO: JdwpEventCenterDelegate: THREAD_RESUMED: thread (33, main, main)
21:17:17.029 INFO: JdwpEventCenterDelegate: THREAD_RESUMED: thread (33, main, main)
21:17:17.031 INFO: JdwpEventCenterDelegate: THREAD_RESUMED: thread (33, main, main)
21:17:17.033 INFO: JdwpEventCenterDelegate: THREAD_RESUMED: thread (33, main, main)
21:17:17.034 INFO: JdwpEventCenterDelegate: THREAD_RESUMED: thread (33, main, main)
21:17:17.036 INFO: JdwpEventCenterDelegate: THREAD_RESUMED: thread (33, main, main)
21:17:17.041 INFO: JdwpEventCenterDelegate: THREAD_RESUMED: thread (33, main, main)
21:17:17.055 INFO: JdwpEventCenterDelegate: THREAD_RESUMED: thread (33, main, main)
21:17:17.057 INFO: JdwpEventCenterDelegate: THREAD_RESUMED: thread (33, main, main)
21:17:17.059 INFO: JdwpEventCenterDelegate: THREAD_RESUMED: thread (33, main, main)
21:17:17.061 INFO: JdwpEventCenterDelegate: THREAD_RESUMED: thread (33, main, main)
21:17:17.063 INFO: JdwpEventCenterDelegate: THREAD_RESUMED: thread (33, main, main)
21:17:17.067 INFO: JdwpEventCenterDelegate: THREAD_RESUMED: thread (33, main, main)
21:17:17.082 INFO: JdwpEventCenterDelegate: THREAD_RESUMED: thread (33, main, main)
21:17:17.084 INFO: JdwpEventCenterDelegate: THREAD_RESUMED: thread (33, main, main)
21:17:17.086 INFO: JdwpEventCenterDelegate: THREAD_RESUMED: thread (33, main, main)
21:17:17.088 INFO: JdwpEventCenterDelegate: THREAD_RESUMED: thread (33, main, main)
21:17:17.090 INFO: JdwpEventCenterDelegate: THREAD_RESUMED: thread (33, main, main)
21:17:17.095 INFO: JdwpEventCenterDelegate: THREAD_RESUMED: thread (33, main, main)
21:17:17.113 INFO: JdwpEventCenterDelegate: THREAD_RESUMED: thread (33, main, main)
21:17:17.116 INFO: JdwpEventCenterDelegate: THREAD_RESUMED: thread (33, main, main)
21:17:17.118 INFO: JdwpEventCenterDelegate: THREAD_RESUMED: thread (33, main, main)
21:17:17.120 INFO: JdwpEventCenterDelegate: THREAD_RESUMED: thread (33, main, main)
21:17:17.122 INFO: JdwpEventCenterDelegate: THREAD_RESUMED: thread (33, main, main)
21:17:17.127 INFO: JdwpEventCenterDelegate: THREAD_RESUMED: thread (33, main, main)
21:17:17.151 INFO: JdwpEventCenterDelegate: THREAD_RESUMED: thread (33, main, main)
21:17:17.153 INFO: JdwpEventCenterDelegate: THREAD_RESUMED: thread (33, main, main)
21:17:17.156 INFO: JdwpEventCenterDelegate: THREAD_RESUMED: thread (33, main, main)
21:17:17.158 INFO: JdwpEventCenterDelegate: THREAD_RESUMED: thread (33, main, main)
21:17:17.160 INFO: JdwpEventCenterDelegate: THREAD_RESUMED: thread (33, main, main)
21:17:17.165 INFO: JdwpEventCenterDelegate: THREAD_RESUMED: thread (33, main, main)
21:17:17.183 INFO: JdwpEventCenterDelegate: THREAD_RESUMED: thread (33, main, main)
21:17:17.185 INFO: JdwpEventCenterDelegate: THREAD_RESUMED: thread (33, main, main)
21:17:17.187 INFO: JdwpEventCenterDelegate: THREAD_RESUMED: thread (33, main, main)
21:17:17.190 INFO: JdwpEventCenterDelegate: THREAD_RESUMED: thread (33, main, main)
21:17:17.192 INFO: JdwpEventCenterDelegate: THREAD_RESUMED: thread (33, main, main)
21:17:17.197 INFO: JdwpEventCenterDelegate: THREAD_RESUMED: thread (33, main, main)
21:17:17.210 INFO: JdwpEventCenterDelegate: THREAD_RESUMED: thread (33, main, main)
21:17:17.212 INFO: JdwpEventCenterDelegate: THREAD_RESUMED: thread (33, main, main)
21:17:17.214 INFO: JdwpEventCenterDelegate: THREAD_RESUMED: thread (33, main, main)
21:17:17.217 INFO: JdwpEventCenterDelegate: THREAD_RESUMED: thread (33, main, main)
21:17:17.219 INFO: JdwpEventCenterDelegate: THREAD_RESUMED: thread (33, main, main)
21:17:52.700 INFO: JdwpEventCenterDelegate: THREAD_STARTED: thread (108, Timer, main)
21:17:53.559 INFO: JdwpEventCenterDelegate: THREAD_RESUMED: thread (33, main, main)
21:17:53.597 INFO: JdwpEventCenterDelegate: THREAD_RESUMED: thread (33, main, main)
21:17:53.620 INFO: JdwpEventCenterDelegate: THREAD_RESUMED: thread (33, main, main)
21:17:53.639 INFO: JdwpEventCenterDelegate: THREAD_RESUMED: thread (33, main, main)
21:17:53.683 INFO: JdwpEventCenterDelegate: THREAD_RESUMED: thread (33, main, main)
21:17:53.718 INFO: JdwpEventCenterDelegate: THREAD_RESUMED: thread (33, main, main)
21:17:53.735 INFO: JdwpEventCenterDelegate: THREAD_RESUMED: thread (33, main, main)
21:17:53.750 INFO: JdwpEventCenterDelegate: THREAD_RESUMED: thread (33, main, main)
21:17:53.757 INFO: JdwpEventCenterDelegate: THREAD_RESUMED: thread (33, main, main)
21:17:53.771 INFO: JdwpEventCenterDelegate: THREAD_RESUMED: thread (33, main, main)
21:17:53.802 INFO: JdwpEventCenterDelegate: THREAD_RESUMED: thread (33, main, main)
21:17:53.814 INFO: JdwpEventCenterDelegate: THREAD_RESUMED: thread (33, main, main)
21:17:53.827 INFO: JdwpEventCenterDelegate: THREAD_RESUMED: thread (33, main, main)
21:17:53.839 INFO: JdwpEventCenterDelegate: THREAD_RESUMED: thread (33, main, main)
21:17:53.874 INFO: JdwpEventCenterDelegate: THREAD_RESUMED: thread (33, main, main)
21:17:53.907 INFO: JdwpEventCenterDelegate: THREAD_RESUMED: thread (33, main, main)
21:17:53.923 INFO: JdwpEventCenterDelegate: THREAD_RESUMED: thread (33, main, main)
21:17:53.937 INFO: JdwpEventCenterDelegate: THREAD_RESUMED: thread (33, main, main)
21:17:53.943 INFO: JdwpEventCenterDelegate: THREAD_RESUMED: thread (33, main, main)
21:17:53.956 INFO: JdwpEventCenterDelegate: THREAD_RESUMED: thread (33, main, main)
21:17:54.857 INFO: JdwpEventCenterDelegate: THREAD_RESUMED: thread (33, main, main)
21:17:54.861 INFO: JdwpEventCenterDelegate: THREAD_RESUMED: thread (33, main, main)
21:17:54.863 INFO: JdwpEventCenterDelegate: THREAD_RESUMED: thread (33, main, main)
21:17:54.866 INFO: JdwpEventCenterDelegate: THREAD_RESUMED: thread (33, main, main)
21:17:54.869 INFO: JdwpEventCenterDelegate: THREAD_RESUMED: thread (33, main, main)
21:17:54.872 INFO: JdwpEventCenterDelegate: THREAD_RESUMED: thread (33, main, main)
21:17:54.874 INFO: JdwpEventCenterDelegate: THREAD_RESUMED: thread (33, main, main)
21:17:54.898 INFO: JdwpEventCenterDelegate: THREAD_STARTED: thread (123, Thread-7, main)
21:17:57.196 INFO: JdwpEventCenterDelegate: THREAD_STARTED: thread (138, Thread-8, main)
21:17:57.796 INFO: JdwpEventCenterDelegate: THREAD_STARTED: thread (153, Thread-9, main)
21:17:58.859 INFO: JdwpEventCenterDelegate: THREAD_STARTED: thread (168, Thread-10, main)
21:18:07.374 INFO: JdwpDebugServer: handling req: VirtualMachine(1).Exit(10)
21:18:07.375 SEVERE: Debugger: Thread JDWP server socket thread crashed
org.robovm.debugger.DebuggerException: Terminating due exit command
	at org.robovm.debugger.jdwp.JdwpDebugServer.doSocketWork(JdwpDebugServer.java:211)
	at java.base/java.lang.Thread.run(Thread.java:834)
	at org.robovm.debugger.utils.DebuggerThread.run(DebuggerThread.java:42)
21:18:07.880 SEVERE: Debugger: Thread HooksChannel socket thread crashed
org.robovm.debugger.DebuggerException: java.io.IOException: org.robovm.libimobiledevice.LibIMobileDeviceException: IDEVICE_E_UNKNOWN_ERROR
	at org.robovm.debugger.hooks.HooksChannel.doSocketWork(HooksChannel.java:149)
	at java.base/java.lang.Thread.run(Thread.java:834)
	at org.robovm.debugger.utils.DebuggerThread.run(DebuggerThread.java:42)
Caused by: java.io.IOException: org.robovm.libimobiledevice.LibIMobileDeviceException: IDEVICE_E_UNKNOWN_ERROR
	at org.robovm.libimobiledevice.IDeviceConnection$DeviceInputStream.read(IDeviceConnection.java:203)
	at org.robovm.debugger.utils.bytebuffer.DataBufferWriter.writeFromStream(DataBufferWriter.java:89)
	at org.robovm.debugger.hooks.HooksChannel.doSocketWork(HooksChannel.java:116)
	... 2 more
Caused by: org.robovm.libimobiledevice.LibIMobileDeviceException: IDEVICE_E_UNKNOWN_ERROR
	at org.robovm.libimobiledevice.IDevice.checkResult(IDevice.java:206)
	at org.robovm.libimobiledevice.IDeviceConnection.receive(IDeviceConnection.java:110)
	at org.robovm.libimobiledevice.IDeviceConnection.receive(IDeviceConnection.java:81)
	at org.robovm.libimobiledevice.IDeviceConnection$DeviceInputStream.read(IDeviceConnection.java:201)
	... 4 more
