16:56:00.219 INFO: JdwpDebugServer: handling req: VirtualMachine(1).IDSizes(7)
16:56:00.220 INFO: JdwpDebugServer: handling req: EventRequest(15).Set(1)
16:56:00.220 INFO: JdwpEventCenterDelegate: jdwpSetEventRequest: JdwpEventRequest{requestId=100, eventKind=CLASS_PREPARE, suspendPolicy=NONE, predicates=[]}
16:56:00.220 INFO: JdwpDebugServer: handling req: EventRequest(15).Set(1)
16:56:00.220 INFO: JdwpEventCenterDelegate: jdwpSetEventRequest: JdwpEventRequest{requestId=101, eventKind=CLASS_UNLOAD, suspendPolicy=NONE, predicates=[]}
16:56:00.241 INFO: JdwpDebugServer: handling req: VirtualMachine(1).Version(1)
16:56:00.242 INFO: JdwpDebugServer: handling req: VirtualMachine(1).capabilitiesNew(17)
16:56:00.242 INFO: JdwpDebugServer: handling req: VirtualMachine(1).capabilities(12)
16:56:00.242 INFO: JdwpDebugServer: handling req: VirtualMachine(1).AllClassesWithGeneric(20)
16:56:00.246 INFO: JdwpDebugServer: handling req: VirtualMachine(1).TopLevelThreadGroups(5)
16:56:00.247 INFO: JdwpDebugServer: handling req: EventRequest(15).Set(1)
16:56:00.247 INFO: JdwpEventCenterDelegate: jdwpSetEventRequest: JdwpEventRequest{requestId=102, eventKind=THREAD_START, suspendPolicy=NONE, predicates=[]}
16:56:00.247 INFO: JdwpDebugServer: handling req: EventRequest(15).Set(1)
16:56:00.247 INFO: JdwpEventCenterDelegate: jdwpSetEventRequest: JdwpEventRequest{requestId=103, eventKind=THREAD_DEATH, suspendPolicy=NONE, predicates=[]}
16:56:00.248 INFO: JdwpDebugServer: handling req: EventRequest(15).Set(1)
16:56:00.248 INFO: JdwpEventCenterDelegate: jdwpSetEventRequest: JdwpEventRequest{requestId=104, eventKind=CLASS_PREPARE, suspendPolicy=EVENT_THREAD, predicates=[className=sun.instrument.InstrumentationImpl]}
16:56:00.248 INFO: JdwpDebugServer: handling req: EventRequest(15).Set(1)
16:56:00.248 INFO: JdwpEventCenterDelegate: jdwpSetEventRequest: JdwpEventRequest{requestId=105, eventKind=CLASS_PREPARE, suspendPolicy=EVENT_THREAD, predicates=[className=sun.instrument.InstrumentationImpl]}
16:56:00.839 INFO: JdwpDebugServer: handling req: VirtualMachine(1).Resume(9)
16:56:00.892 INFO: JdwpEventCenterDelegate: THREAD_STARTED: thread (33, main, main)
16:56:00.914 INFO: JdwpEventCenterDelegate: THREAD_STARTED: thread (48, ReferenceQueueDaemon, main)
16:56:00.920 INFO: JdwpEventCenterDelegate: THREAD_STARTED: thread (63, FinalizerDaemon, main)
16:56:00.926 INFO: JdwpEventCenterDelegate: THREAD_STARTED: thread (78, FinalizerWatchdogDaemon, main)
16:56:00.929 INFO: JdwpEventCenterDelegate: THREAD_RESUMED: thread (33, main, main)
16:56:00.930 INFO: JdwpEventCenterDelegate: THREAD_RESUMED: thread (33, main, main)
16:56:00.931 INFO: JdwpEventCenterDelegate: THREAD_RESUMED: thread (33, main, main)
16:56:00.932 INFO: JdwpEventCenterDelegate: THREAD_RESUMED: thread (33, main, main)
16:56:00.933 INFO: JdwpEventCenterDelegate: THREAD_RESUMED: thread (33, main, main)
16:56:00.935 INFO: JdwpEventCenterDelegate: THREAD_RESUMED: thread (33, main, main)
16:56:00.936 INFO: JdwpEventCenterDelegate: THREAD_RESUMED: thread (33, main, main)
16:56:00.937 INFO: JdwpEventCenterDelegate: THREAD_RESUMED: thread (33, main, main)
16:56:00.938 INFO: JdwpEventCenterDelegate: THREAD_RESUMED: thread (33, main, main)
16:56:00.940 INFO: JdwpEventCenterDelegate: THREAD_RESUMED: thread (33, main, main)
16:56:00.941 INFO: JdwpEventCenterDelegate: THREAD_RESUMED: thread (33, main, main)
16:56:00.942 INFO: JdwpEventCenterDelegate: THREAD_RESUMED: thread (33, main, main)
16:56:00.943 INFO: JdwpEventCenterDelegate: THREAD_RESUMED: thread (33, main, main)
16:56:00.944 INFO: JdwpEventCenterDelegate: THREAD_RESUMED: thread (33, main, main)
16:56:00.946 INFO: JdwpEventCenterDelegate: THREAD_RESUMED: thread (33, main, main)
16:56:00.947 INFO: JdwpEventCenterDelegate: THREAD_RESUMED: thread (33, main, main)
16:56:00.948 INFO: JdwpEventCenterDelegate: THREAD_RESUMED: thread (33, main, main)
16:56:00.950 INFO: JdwpEventCenterDelegate: THREAD_RESUMED: thread (33, main, main)
16:56:00.953 INFO: JdwpEventCenterDelegate: THREAD_RESUMED: thread (33, main, main)
16:56:00.954 INFO: JdwpEventCenterDelegate: THREAD_RESUMED: thread (33, main, main)
16:56:00.955 INFO: JdwpEventCenterDelegate: THREAD_RESUMED: thread (33, main, main)
16:56:00.956 INFO: JdwpEventCenterDelegate: THREAD_RESUMED: thread (33, main, main)
16:56:00.958 INFO: JdwpEventCenterDelegate: THREAD_RESUMED: thread (33, main, main)
16:56:00.959 INFO: JdwpEventCenterDelegate: THREAD_RESUMED: thread (33, main, main)
16:56:00.960 INFO: JdwpEventCenterDelegate: THREAD_RESUMED: thread (33, main, main)
16:56:00.990 INFO: JdwpEventCenterDelegate: THREAD_RESUMED: thread (33, main, main)
16:56:00.992 INFO: JdwpEventCenterDelegate: THREAD_RESUMED: thread (33, main, main)
16:56:00.993 INFO: JdwpEventCenterDelegate: THREAD_RESUMED: thread (33, main, main)
16:56:00.994 INFO: JdwpEventCenterDelegate: THREAD_RESUMED: thread (33, main, main)
16:56:00.996 INFO: JdwpEventCenterDelegate: THREAD_RESUMED: thread (33, main, main)
16:56:00.997 INFO: JdwpEventCenterDelegate: THREAD_RESUMED: thread (33, main, main)
16:56:00.999 INFO: JdwpEventCenterDelegate: THREAD_RESUMED: thread (33, main, main)
16:56:01.001 INFO: JdwpEventCenterDelegate: THREAD_RESUMED: thread (33, main, main)
16:56:01.003 INFO: JdwpEventCenterDelegate: THREAD_RESUMED: thread (33, main, main)
16:56:01.004 INFO: JdwpEventCenterDelegate: THREAD_RESUMED: thread (33, main, main)
16:56:01.006 INFO: JdwpEventCenterDelegate: THREAD_RESUMED: thread (33, main, main)
16:56:01.008 INFO: JdwpEventCenterDelegate: THREAD_RESUMED: thread (33, main, main)
16:56:01.009 INFO: JdwpEventCenterDelegate: THREAD_RESUMED: thread (33, main, main)
16:56:01.010 INFO: JdwpEventCenterDelegate: THREAD_RESUMED: thread (33, main, main)
16:56:01.026 INFO: JdwpEventCenterDelegate: THREAD_RESUMED: thread (33, main, main)
16:56:01.027 INFO: JdwpEventCenterDelegate: THREAD_RESUMED: thread (33, main, main)
16:56:01.029 INFO: JdwpEventCenterDelegate: THREAD_RESUMED: thread (33, main, main)
16:56:01.030 INFO: JdwpEventCenterDelegate: THREAD_RESUMED: thread (33, main, main)
16:56:01.032 INFO: JdwpEventCenterDelegate: THREAD_RESUMED: thread (33, main, main)
16:56:01.034 INFO: JdwpEventCenterDelegate: THREAD_RESUMED: thread (33, main, main)
16:56:01.035 INFO: JdwpEventCenterDelegate: THREAD_RESUMED: thread (33, main, main)
16:56:01.072 INFO: JdwpEventCenterDelegate: THREAD_RESUMED: thread (33, main, main)
16:56:01.073 INFO: JdwpEventCenterDelegate: THREAD_RESUMED: thread (33, main, main)
16:56:01.074 INFO: JdwpEventCenterDelegate: THREAD_RESUMED: thread (33, main, main)
16:56:01.076 INFO: JdwpEventCenterDelegate: THREAD_RESUMED: thread (33, main, main)
16:56:01.077 INFO: JdwpEventCenterDelegate: THREAD_RESUMED: thread (33, main, main)
16:56:01.079 INFO: JdwpEventCenterDelegate: THREAD_RESUMED: thread (33, main, main)
16:56:01.080 INFO: JdwpEventCenterDelegate: THREAD_RESUMED: thread (33, main, main)
16:56:01.091 INFO: JdwpEventCenterDelegate: THREAD_RESUMED: thread (33, main, main)
16:56:01.093 INFO: JdwpEventCenterDelegate: THREAD_RESUMED: thread (33, main, main)
16:56:01.094 INFO: JdwpEventCenterDelegate: THREAD_RESUMED: thread (33, main, main)
16:56:01.095 INFO: JdwpEventCenterDelegate: THREAD_RESUMED: thread (33, main, main)
16:56:01.097 INFO: JdwpEventCenterDelegate: THREAD_RESUMED: thread (33, main, main)
16:56:01.098 INFO: JdwpEventCenterDelegate: THREAD_RESUMED: thread (33, main, main)
16:56:01.099 INFO: JdwpEventCenterDelegate: THREAD_RESUMED: thread (33, main, main)
16:56:01.108 INFO: JdwpEventCenterDelegate: THREAD_RESUMED: thread (33, main, main)
16:56:01.110 INFO: JdwpEventCenterDelegate: THREAD_RESUMED: thread (33, main, main)
16:56:01.111 INFO: JdwpEventCenterDelegate: THREAD_RESUMED: thread (33, main, main)
16:56:01.112 INFO: JdwpEventCenterDelegate: THREAD_RESUMED: thread (33, main, main)
16:56:01.114 INFO: JdwpEventCenterDelegate: THREAD_RESUMED: thread (33, main, main)
16:56:01.115 INFO: JdwpEventCenterDelegate: THREAD_RESUMED: thread (33, main, main)
16:56:01.117 INFO: JdwpEventCenterDelegate: THREAD_RESUMED: thread (33, main, main)
16:56:01.119 INFO: JdwpEventCenterDelegate: THREAD_RESUMED: thread (33, main, main)
16:56:01.120 INFO: JdwpEventCenterDelegate: THREAD_RESUMED: thread (33, main, main)
16:56:01.122 INFO: JdwpEventCenterDelegate: THREAD_RESUMED: thread (33, main, main)
16:56:01.123 INFO: JdwpEventCenterDelegate: THREAD_RESUMED: thread (33, main, main)
16:56:01.124 INFO: JdwpEventCenterDelegate: THREAD_RESUMED: thread (33, main, main)
16:56:01.126 INFO: JdwpEventCenterDelegate: THREAD_RESUMED: thread (33, main, main)
16:56:01.128 INFO: JdwpEventCenterDelegate: THREAD_RESUMED: thread (33, main, main)
16:56:01.129 INFO: JdwpEventCenterDelegate: THREAD_RESUMED: thread (33, main, main)
16:56:01.131 INFO: JdwpEventCenterDelegate: THREAD_RESUMED: thread (33, main, main)
16:56:01.133 INFO: JdwpEventCenterDelegate: THREAD_RESUMED: thread (33, main, main)
16:56:01.134 INFO: JdwpEventCenterDelegate: THREAD_RESUMED: thread (33, main, main)
16:56:01.138 INFO: JdwpEventCenterDelegate: THREAD_RESUMED: thread (33, main, main)
16:56:01.140 INFO: JdwpEventCenterDelegate: THREAD_RESUMED: thread (33, main, main)
16:56:01.278 INFO: JdwpEventCenterDelegate: THREAD_STARTED: thread (93, AssetManager, main)
16:56:01.384 INFO: JdwpEventCenterDelegate: THREAD_RESUMED: thread (33, main, main)
16:56:01.387 INFO: JdwpEventCenterDelegate: THREAD_RESUMED: thread (33, main, main)
16:56:03.955 INFO: JdwpEventCenterDelegate: THREAD_RESUMED: thread (33, main, main)
16:56:04.055 INFO: JdwpEventCenterDelegate: THREAD_RESUMED: thread (33, main, main)
16:56:04.056 INFO: JdwpEventCenterDelegate: THREAD_RESUMED: thread (33, main, main)
16:56:04.058 INFO: JdwpEventCenterDelegate: THREAD_RESUMED: thread (33, main, main)
16:56:04.060 INFO: JdwpEventCenterDelegate: THREAD_RESUMED: thread (33, main, main)
16:56:04.062 INFO: JdwpEventCenterDelegate: THREAD_RESUMED: thread (33, main, main)
16:56:04.068 INFO: JdwpEventCenterDelegate: THREAD_RESUMED: thread (33, main, main)
16:56:04.080 INFO: JdwpEventCenterDelegate: THREAD_RESUMED: thread (33, main, main)
16:56:04.082 INFO: JdwpEventCenterDelegate: THREAD_RESUMED: thread (33, main, main)
16:56:04.085 INFO: JdwpEventCenterDelegate: THREAD_RESUMED: thread (33, main, main)
16:56:04.087 INFO: JdwpEventCenterDelegate: THREAD_RESUMED: thread (33, main, main)
16:56:04.090 INFO: JdwpEventCenterDelegate: THREAD_RESUMED: thread (33, main, main)
16:56:04.095 INFO: JdwpEventCenterDelegate: THREAD_RESUMED: thread (33, main, main)
16:56:04.109 INFO: JdwpEventCenterDelegate: THREAD_RESUMED: thread (33, main, main)
16:56:04.112 INFO: JdwpEventCenterDelegate: THREAD_RESUMED: thread (33, main, main)
16:56:04.114 INFO: JdwpEventCenterDelegate: THREAD_RESUMED: thread (33, main, main)
16:56:04.116 INFO: JdwpEventCenterDelegate: THREAD_RESUMED: thread (33, main, main)
16:56:04.118 INFO: JdwpEventCenterDelegate: THREAD_RESUMED: thread (33, main, main)
16:56:04.123 INFO: JdwpEventCenterDelegate: THREAD_RESUMED: thread (33, main, main)
16:56:04.141 INFO: JdwpEventCenterDelegate: THREAD_RESUMED: thread (33, main, main)
16:56:04.144 INFO: JdwpEventCenterDelegate: THREAD_RESUMED: thread (33, main, main)
16:56:04.146 INFO: JdwpEventCenterDelegate: THREAD_RESUMED: thread (33, main, main)
16:56:04.148 INFO: JdwpEventCenterDelegate: THREAD_RESUMED: thread (33, main, main)
16:56:04.150 INFO: JdwpEventCenterDelegate: THREAD_RESUMED: thread (33, main, main)
16:56:04.155 INFO: JdwpEventCenterDelegate: THREAD_RESUMED: thread (33, main, main)
16:56:04.171 INFO: JdwpEventCenterDelegate: THREAD_RESUMED: thread (33, main, main)
16:56:04.173 INFO: JdwpEventCenterDelegate: THREAD_RESUMED: thread (33, main, main)
16:56:04.176 INFO: JdwpEventCenterDelegate: THREAD_RESUMED: thread (33, main, main)
16:56:04.178 INFO: JdwpEventCenterDelegate: THREAD_RESUMED: thread (33, main, main)
16:56:04.180 INFO: JdwpEventCenterDelegate: THREAD_RESUMED: thread (33, main, main)
16:56:04.184 INFO: JdwpEventCenterDelegate: THREAD_RESUMED: thread (33, main, main)
16:56:04.199 INFO: JdwpEventCenterDelegate: THREAD_RESUMED: thread (33, main, main)
16:56:04.201 INFO: JdwpEventCenterDelegate: THREAD_RESUMED: thread (33, main, main)
16:56:04.203 INFO: JdwpEventCenterDelegate: THREAD_RESUMED: thread (33, main, main)
16:56:04.205 INFO: JdwpEventCenterDelegate: THREAD_RESUMED: thread (33, main, main)
16:56:04.207 INFO: JdwpEventCenterDelegate: THREAD_RESUMED: thread (33, main, main)
16:56:04.212 INFO: JdwpEventCenterDelegate: THREAD_RESUMED: thread (33, main, main)
16:56:04.234 INFO: JdwpEventCenterDelegate: THREAD_RESUMED: thread (33, main, main)
16:56:04.236 INFO: JdwpEventCenterDelegate: THREAD_RESUMED: thread (33, main, main)
16:56:04.238 INFO: JdwpEventCenterDelegate: THREAD_RESUMED: thread (33, main, main)
16:56:04.240 INFO: JdwpEventCenterDelegate: THREAD_RESUMED: thread (33, main, main)
16:56:04.243 INFO: JdwpEventCenterDelegate: THREAD_RESUMED: thread (33, main, main)
16:56:04.248 INFO: JdwpEventCenterDelegate: THREAD_RESUMED: thread (33, main, main)
16:56:04.267 INFO: JdwpEventCenterDelegate: THREAD_RESUMED: thread (33, main, main)
16:56:04.269 INFO: JdwpEventCenterDelegate: THREAD_RESUMED: thread (33, main, main)
16:56:04.272 INFO: JdwpEventCenterDelegate: THREAD_RESUMED: thread (33, main, main)
16:56:04.274 INFO: JdwpEventCenterDelegate: THREAD_RESUMED: thread (33, main, main)
16:56:04.276 INFO: JdwpEventCenterDelegate: THREAD_RESUMED: thread (33, main, main)
16:56:04.281 INFO: JdwpEventCenterDelegate: THREAD_RESUMED: thread (33, main, main)
16:56:04.299 INFO: JdwpEventCenterDelegate: THREAD_RESUMED: thread (33, main, main)
16:56:04.302 INFO: JdwpEventCenterDelegate: THREAD_RESUMED: thread (33, main, main)
16:56:04.304 INFO: JdwpEventCenterDelegate: THREAD_RESUMED: thread (33, main, main)
16:56:04.306 INFO: JdwpEventCenterDelegate: THREAD_RESUMED: thread (33, main, main)
16:56:04.309 INFO: JdwpEventCenterDelegate: THREAD_RESUMED: thread (33, main, main)
16:56:04.314 INFO: JdwpEventCenterDelegate: THREAD_RESUMED: thread (33, main, main)
16:56:04.329 INFO: JdwpEventCenterDelegate: THREAD_RESUMED: thread (33, main, main)
16:56:04.331 INFO: JdwpEventCenterDelegate: THREAD_RESUMED: thread (33, main, main)
16:56:04.333 INFO: JdwpEventCenterDelegate: THREAD_RESUMED: thread (33, main, main)
16:56:04.335 INFO: JdwpEventCenterDelegate: THREAD_RESUMED: thread (33, main, main)
16:56:04.337 INFO: JdwpEventCenterDelegate: THREAD_RESUMED: thread (33, main, main)
16:56:04.342 INFO: JdwpEventCenterDelegate: THREAD_RESUMED: thread (33, main, main)
16:56:04.357 INFO: JdwpEventCenterDelegate: THREAD_RESUMED: thread (33, main, main)
16:56:04.359 INFO: JdwpEventCenterDelegate: THREAD_RESUMED: thread (33, main, main)
16:56:04.361 INFO: JdwpEventCenterDelegate: THREAD_RESUMED: thread (33, main, main)
16:56:04.363 INFO: JdwpEventCenterDelegate: THREAD_RESUMED: thread (33, main, main)
16:56:04.365 INFO: JdwpEventCenterDelegate: THREAD_RESUMED: thread (33, main, main)
16:56:04.370 INFO: JdwpEventCenterDelegate: THREAD_RESUMED: thread (33, main, main)
16:56:04.392 INFO: JdwpEventCenterDelegate: THREAD_RESUMED: thread (33, main, main)
16:56:04.395 INFO: JdwpEventCenterDelegate: THREAD_RESUMED: thread (33, main, main)
16:56:04.397 INFO: JdwpEventCenterDelegate: THREAD_RESUMED: thread (33, main, main)
16:56:04.399 INFO: JdwpEventCenterDelegate: THREAD_RESUMED: thread (33, main, main)
16:56:04.401 INFO: JdwpEventCenterDelegate: THREAD_RESUMED: thread (33, main, main)
16:56:04.406 INFO: JdwpEventCenterDelegate: THREAD_RESUMED: thread (33, main, main)
16:56:04.428 INFO: JdwpEventCenterDelegate: THREAD_RESUMED: thread (33, main, main)
16:56:04.431 INFO: JdwpEventCenterDelegate: THREAD_RESUMED: thread (33, main, main)
16:56:04.433 INFO: JdwpEventCenterDelegate: THREAD_RESUMED: thread (33, main, main)
16:56:04.435 INFO: JdwpEventCenterDelegate: THREAD_RESUMED: thread (33, main, main)
16:56:04.437 INFO: JdwpEventCenterDelegate: THREAD_RESUMED: thread (33, main, main)
16:56:04.442 INFO: JdwpEventCenterDelegate: THREAD_RESUMED: thread (33, main, main)
16:56:04.461 INFO: JdwpEventCenterDelegate: THREAD_RESUMED: thread (33, main, main)
16:56:04.464 INFO: JdwpEventCenterDelegate: THREAD_RESUMED: thread (33, main, main)
16:56:04.466 INFO: JdwpEventCenterDelegate: THREAD_RESUMED: thread (33, main, main)
16:56:04.468 INFO: JdwpEventCenterDelegate: THREAD_RESUMED: thread (33, main, main)
16:56:04.470 INFO: JdwpEventCenterDelegate: THREAD_RESUMED: thread (33, main, main)
16:56:04.475 INFO: JdwpEventCenterDelegate: THREAD_RESUMED: thread (33, main, main)
16:56:04.489 INFO: JdwpEventCenterDelegate: THREAD_RESUMED: thread (33, main, main)
16:56:04.491 INFO: JdwpEventCenterDelegate: THREAD_RESUMED: thread (33, main, main)
16:56:04.493 INFO: JdwpEventCenterDelegate: THREAD_RESUMED: thread (33, main, main)
16:56:04.495 INFO: JdwpEventCenterDelegate: THREAD_RESUMED: thread (33, main, main)
16:56:04.497 INFO: JdwpEventCenterDelegate: THREAD_RESUMED: thread (33, main, main)
16:56:04.502 INFO: JdwpEventCenterDelegate: THREAD_RESUMED: thread (33, main, main)
16:56:04.504 INFO: JdwpEventCenterDelegate: THREAD_RESUMED: thread (33, main, main)
16:56:04.507 INFO: JdwpEventCenterDelegate: THREAD_RESUMED: thread (33, main, main)
16:56:04.509 INFO: JdwpEventCenterDelegate: THREAD_RESUMED: thread (33, main, main)
16:56:04.511 INFO: JdwpEventCenterDelegate: THREAD_RESUMED: thread (33, main, main)
16:56:04.513 INFO: JdwpEventCenterDelegate: THREAD_RESUMED: thread (33, main, main)
16:56:04.515 INFO: JdwpEventCenterDelegate: THREAD_RESUMED: thread (33, main, main)
16:56:04.519 INFO: JdwpEventCenterDelegate: THREAD_RESUMED: thread (33, main, main)
16:56:04.521 INFO: JdwpEventCenterDelegate: THREAD_RESUMED: thread (33, main, main)
16:56:04.524 INFO: JdwpEventCenterDelegate: THREAD_RESUMED: thread (33, main, main)
16:56:04.526 INFO: JdwpEventCenterDelegate: THREAD_RESUMED: thread (33, main, main)
16:56:04.537 INFO: JdwpEventCenterDelegate: THREAD_RESUMED: thread (33, main, main)
16:56:04.539 INFO: JdwpEventCenterDelegate: THREAD_RESUMED: thread (33, main, main)
16:56:04.542 INFO: JdwpEventCenterDelegate: THREAD_RESUMED: thread (33, main, main)
16:56:04.544 INFO: JdwpEventCenterDelegate: THREAD_RESUMED: thread (33, main, main)
16:56:04.546 INFO: JdwpEventCenterDelegate: THREAD_RESUMED: thread (33, main, main)
16:56:04.551 INFO: JdwpEventCenterDelegate: THREAD_RESUMED: thread (33, main, main)
16:56:04.563 INFO: JdwpEventCenterDelegate: THREAD_RESUMED: thread (33, main, main)
16:56:04.577 INFO: JdwpEventCenterDelegate: THREAD_RESUMED: thread (33, main, main)
16:56:04.588 INFO: JdwpEventCenterDelegate: THREAD_RESUMED: thread (33, main, main)
16:56:04.601 INFO: JdwpEventCenterDelegate: THREAD_RESUMED: thread (33, main, main)
16:56:04.631 INFO: JdwpEventCenterDelegate: THREAD_RESUMED: thread (33, main, main)
16:56:04.633 INFO: JdwpEventCenterDelegate: THREAD_RESUMED: thread (33, main, main)
16:56:04.636 INFO: JdwpEventCenterDelegate: THREAD_RESUMED: thread (33, main, main)
16:56:04.638 INFO: JdwpEventCenterDelegate: THREAD_RESUMED: thread (33, main, main)
16:56:04.640 INFO: JdwpEventCenterDelegate: THREAD_RESUMED: thread (33, main, main)
16:56:04.645 INFO: JdwpEventCenterDelegate: THREAD_RESUMED: thread (33, main, main)
16:56:04.657 INFO: JdwpEventCenterDelegate: THREAD_RESUMED: thread (33, main, main)
16:56:04.659 INFO: JdwpEventCenterDelegate: THREAD_RESUMED: thread (33, main, main)
16:56:04.661 INFO: JdwpEventCenterDelegate: THREAD_RESUMED: thread (33, main, main)
16:56:04.663 INFO: JdwpEventCenterDelegate: THREAD_RESUMED: thread (33, main, main)
16:56:04.666 INFO: JdwpEventCenterDelegate: THREAD_RESUMED: thread (33, main, main)
16:56:04.671 INFO: JdwpEventCenterDelegate: THREAD_RESUMED: thread (33, main, main)
16:56:04.688 INFO: JdwpEventCenterDelegate: THREAD_RESUMED: thread (33, main, main)
16:56:04.690 INFO: JdwpEventCenterDelegate: THREAD_RESUMED: thread (33, main, main)
16:56:04.692 INFO: JdwpEventCenterDelegate: THREAD_RESUMED: thread (33, main, main)
16:56:04.694 INFO: JdwpEventCenterDelegate: THREAD_RESUMED: thread (33, main, main)
16:56:04.696 INFO: JdwpEventCenterDelegate: THREAD_RESUMED: thread (33, main, main)
16:56:04.701 INFO: JdwpEventCenterDelegate: THREAD_RESUMED: thread (33, main, main)
16:56:04.718 INFO: JdwpEventCenterDelegate: THREAD_RESUMED: thread (33, main, main)
16:56:04.720 INFO: JdwpEventCenterDelegate: THREAD_RESUMED: thread (33, main, main)
16:56:04.722 INFO: JdwpEventCenterDelegate: THREAD_RESUMED: thread (33, main, main)
16:56:04.725 INFO: JdwpEventCenterDelegate: THREAD_RESUMED: thread (33, main, main)
16:56:04.727 INFO: JdwpEventCenterDelegate: THREAD_RESUMED: thread (33, main, main)
16:56:04.732 INFO: JdwpEventCenterDelegate: THREAD_RESUMED: thread (33, main, main)
16:56:04.746 INFO: JdwpEventCenterDelegate: THREAD_RESUMED: thread (33, main, main)
16:56:04.748 INFO: JdwpEventCenterDelegate: THREAD_RESUMED: thread (33, main, main)
16:56:04.750 INFO: JdwpEventCenterDelegate: THREAD_RESUMED: thread (33, main, main)
16:56:04.752 INFO: JdwpEventCenterDelegate: THREAD_RESUMED: thread (33, main, main)
16:56:04.754 INFO: JdwpEventCenterDelegate: THREAD_RESUMED: thread (33, main, main)
16:56:04.758 INFO: JdwpEventCenterDelegate: THREAD_RESUMED: thread (33, main, main)
16:56:04.773 INFO: JdwpEventCenterDelegate: THREAD_RESUMED: thread (33, main, main)
16:56:04.775 INFO: JdwpEventCenterDelegate: THREAD_RESUMED: thread (33, main, main)
16:56:04.777 INFO: JdwpEventCenterDelegate: THREAD_RESUMED: thread (33, main, main)
16:56:04.779 INFO: JdwpEventCenterDelegate: THREAD_RESUMED: thread (33, main, main)
16:56:04.781 INFO: JdwpEventCenterDelegate: THREAD_RESUMED: thread (33, main, main)
16:56:04.786 INFO: JdwpEventCenterDelegate: THREAD_RESUMED: thread (33, main, main)
16:56:04.803 INFO: JdwpEventCenterDelegate: THREAD_RESUMED: thread (33, main, main)
16:56:04.805 INFO: JdwpEventCenterDelegate: THREAD_RESUMED: thread (33, main, main)
16:56:04.807 INFO: JdwpEventCenterDelegate: THREAD_RESUMED: thread (33, main, main)
16:56:04.809 INFO: JdwpEventCenterDelegate: THREAD_RESUMED: thread (33, main, main)
16:56:04.812 INFO: JdwpEventCenterDelegate: THREAD_RESUMED: thread (33, main, main)
16:56:04.816 INFO: JdwpEventCenterDelegate: THREAD_RESUMED: thread (33, main, main)
16:56:04.834 INFO: JdwpEventCenterDelegate: THREAD_RESUMED: thread (33, main, main)
16:56:04.835 INFO: JdwpEventCenterDelegate: THREAD_RESUMED: thread (33, main, main)
16:56:04.837 INFO: JdwpEventCenterDelegate: THREAD_RESUMED: thread (33, main, main)
16:56:04.838 INFO: JdwpEventCenterDelegate: THREAD_RESUMED: thread (33, main, main)
16:56:04.840 INFO: JdwpEventCenterDelegate: THREAD_RESUMED: thread (33, main, main)
16:56:04.844 INFO: JdwpEventCenterDelegate: THREAD_RESUMED: thread (33, main, main)
16:56:04.862 INFO: JdwpEventCenterDelegate: THREAD_RESUMED: thread (33, main, main)
16:56:04.864 INFO: JdwpEventCenterDelegate: THREAD_RESUMED: thread (33, main, main)
16:56:04.865 INFO: JdwpEventCenterDelegate: THREAD_RESUMED: thread (33, main, main)
16:56:04.867 INFO: JdwpEventCenterDelegate: THREAD_RESUMED: thread (33, main, main)
16:56:04.869 INFO: JdwpEventCenterDelegate: THREAD_RESUMED: thread (33, main, main)
16:56:04.873 INFO: JdwpEventCenterDelegate: THREAD_RESUMED: thread (33, main, main)
16:56:04.891 INFO: JdwpEventCenterDelegate: THREAD_RESUMED: thread (33, main, main)
16:56:04.893 INFO: JdwpEventCenterDelegate: THREAD_RESUMED: thread (33, main, main)
16:56:04.895 INFO: JdwpEventCenterDelegate: THREAD_RESUMED: thread (33, main, main)
16:56:04.898 INFO: JdwpEventCenterDelegate: THREAD_RESUMED: thread (33, main, main)
16:56:04.900 INFO: JdwpEventCenterDelegate: THREAD_RESUMED: thread (33, main, main)
16:56:04.905 INFO: JdwpEventCenterDelegate: THREAD_RESUMED: thread (33, main, main)
16:56:04.918 INFO: JdwpEventCenterDelegate: THREAD_RESUMED: thread (33, main, main)
16:56:04.921 INFO: JdwpEventCenterDelegate: THREAD_RESUMED: thread (33, main, main)
16:56:04.923 INFO: JdwpEventCenterDelegate: THREAD_RESUMED: thread (33, main, main)
16:56:04.925 INFO: JdwpEventCenterDelegate: THREAD_RESUMED: thread (33, main, main)
16:56:04.927 INFO: JdwpEventCenterDelegate: THREAD_RESUMED: thread (33, main, main)
16:56:04.931 INFO: JdwpEventCenterDelegate: THREAD_RESUMED: thread (33, main, main)
16:56:04.950 INFO: JdwpEventCenterDelegate: THREAD_RESUMED: thread (33, main, main)
16:56:04.952 INFO: JdwpEventCenterDelegate: THREAD_RESUMED: thread (33, main, main)
16:56:04.955 INFO: JdwpEventCenterDelegate: THREAD_RESUMED: thread (33, main, main)
16:56:04.957 INFO: JdwpEventCenterDelegate: THREAD_RESUMED: thread (33, main, main)
16:56:04.959 INFO: JdwpEventCenterDelegate: THREAD_RESUMED: thread (33, main, main)
16:56:04.964 INFO: JdwpEventCenterDelegate: THREAD_RESUMED: thread (33, main, main)
16:56:04.984 INFO: JdwpEventCenterDelegate: THREAD_RESUMED: thread (33, main, main)
16:56:04.987 INFO: JdwpEventCenterDelegate: THREAD_RESUMED: thread (33, main, main)
16:56:04.989 INFO: JdwpEventCenterDelegate: THREAD_RESUMED: thread (33, main, main)
16:56:04.991 INFO: JdwpEventCenterDelegate: THREAD_RESUMED: thread (33, main, main)
16:56:04.993 INFO: JdwpEventCenterDelegate: THREAD_RESUMED: thread (33, main, main)
16:56:04.998 INFO: JdwpEventCenterDelegate: THREAD_RESUMED: thread (33, main, main)
16:56:05.016 INFO: JdwpEventCenterDelegate: THREAD_RESUMED: thread (33, main, main)
16:56:05.018 INFO: JdwpEventCenterDelegate: THREAD_RESUMED: thread (33, main, main)
16:56:05.020 INFO: JdwpEventCenterDelegate: THREAD_RESUMED: thread (33, main, main)
16:56:05.023 INFO: JdwpEventCenterDelegate: THREAD_RESUMED: thread (33, main, main)
16:56:05.025 INFO: JdwpEventCenterDelegate: THREAD_RESUMED: thread (33, main, main)
16:56:05.029 INFO: JdwpEventCenterDelegate: THREAD_RESUMED: thread (33, main, main)
16:56:05.042 INFO: JdwpEventCenterDelegate: THREAD_RESUMED: thread (33, main, main)
16:56:05.044 INFO: JdwpEventCenterDelegate: THREAD_RESUMED: thread (33, main, main)
16:56:05.046 INFO: JdwpEventCenterDelegate: THREAD_RESUMED: thread (33, main, main)
16:56:05.048 INFO: JdwpEventCenterDelegate: THREAD_RESUMED: thread (33, main, main)
16:56:05.050 INFO: JdwpEventCenterDelegate: THREAD_RESUMED: thread (33, main, main)
16:56:06.769 INFO: JdwpEventCenterDelegate: THREAD_STARTED: thread (108, Timer, main)
16:56:07.643 INFO: JdwpEventCenterDelegate: THREAD_RESUMED: thread (33, main, main)
16:56:07.678 INFO: JdwpEventCenterDelegate: THREAD_RESUMED: thread (33, main, main)
16:56:07.703 INFO: JdwpEventCenterDelegate: THREAD_RESUMED: thread (33, main, main)
16:56:07.724 INFO: JdwpEventCenterDelegate: THREAD_RESUMED: thread (33, main, main)
16:56:07.766 INFO: JdwpEventCenterDelegate: THREAD_RESUMED: thread (33, main, main)
16:56:07.800 INFO: JdwpEventCenterDelegate: THREAD_RESUMED: thread (33, main, main)
16:56:07.817 INFO: JdwpEventCenterDelegate: THREAD_RESUMED: thread (33, main, main)
16:56:07.832 INFO: JdwpEventCenterDelegate: THREAD_RESUMED: thread (33, main, main)
16:56:07.839 INFO: JdwpEventCenterDelegate: THREAD_RESUMED: thread (33, main, main)
16:56:07.853 INFO: JdwpEventCenterDelegate: THREAD_RESUMED: thread (33, main, main)
16:56:07.885 INFO: JdwpEventCenterDelegate: THREAD_RESUMED: thread (33, main, main)
16:56:07.897 INFO: JdwpEventCenterDelegate: THREAD_RESUMED: thread (33, main, main)
16:56:07.909 INFO: JdwpEventCenterDelegate: THREAD_RESUMED: thread (33, main, main)
16:56:07.921 INFO: JdwpEventCenterDelegate: THREAD_RESUMED: thread (33, main, main)
16:56:07.956 INFO: JdwpEventCenterDelegate: THREAD_RESUMED: thread (33, main, main)
16:56:07.989 INFO: JdwpEventCenterDelegate: THREAD_RESUMED: thread (33, main, main)
16:56:08.005 INFO: JdwpEventCenterDelegate: THREAD_RESUMED: thread (33, main, main)
16:56:08.019 INFO: JdwpEventCenterDelegate: THREAD_RESUMED: thread (33, main, main)
16:56:08.025 INFO: JdwpEventCenterDelegate: THREAD_RESUMED: thread (33, main, main)
16:56:08.038 INFO: JdwpEventCenterDelegate: THREAD_RESUMED: thread (33, main, main)
16:56:09.270 SEVERE: Debugger: Thread HooksChannel socket thread crashed
org.robovm.debugger.DebuggerException: java.io.IOException: org.robovm.libimobiledevice.LibIMobileDeviceException: IDEVICE_E_UNKNOWN_ERROR
	at org.robovm.debugger.hooks.HooksChannel.doSocketWork(HooksChannel.java:149)
	at java.base/java.lang.Thread.run(Thread.java:834)
	at org.robovm.debugger.utils.DebuggerThread.run(DebuggerThread.java:42)
Caused by: java.io.IOException: org.robovm.libimobiledevice.LibIMobileDeviceException: IDEVICE_E_UNKNOWN_ERROR
	at org.robovm.libimobiledevice.IDeviceConnection$DeviceInputStream.read(IDeviceConnection.java:203)
	at org.robovm.debugger.utils.bytebuffer.DataBufferWriter.writeFromStream(DataBufferWriter.java:89)
	at org.robovm.debugger.hooks.HooksChannel.doSocketWork(HooksChannel.java:116)
	... 2 more
Caused by: org.robovm.libimobiledevice.LibIMobileDeviceException: IDEVICE_E_UNKNOWN_ERROR
	at org.robovm.libimobiledevice.IDevice.checkResult(IDevice.java:206)
	at org.robovm.libimobiledevice.IDeviceConnection.receive(IDeviceConnection.java:110)
	at org.robovm.libimobiledevice.IDeviceConnection.receive(IDeviceConnection.java:81)
	at org.robovm.libimobiledevice.IDeviceConnection$DeviceInputStream.read(IDeviceConnection.java:201)
	... 4 more
16:56:09.281 INFO: JdwpDebugServer: handling req: VirtualMachine(1).Exit(10)
16:56:09.282 SEVERE: Debugger: Thread JDWP server socket thread crashed
org.robovm.debugger.DebuggerException: Terminating due exit command
	at org.robovm.debugger.jdwp.JdwpDebugServer.doSocketWork(JdwpDebugServer.java:211)
	at java.base/java.lang.Thread.run(Thread.java:834)
	at org.robovm.debugger.utils.DebuggerThread.run(DebuggerThread.java:42)
