23:54:53.849 INFO: JdwpDebugServer: handling req: VirtualMachine(1).IDSizes(7)
23:54:53.850 INFO: JdwpDebugServer: handling req: EventRequest(15).Set(1)
23:54:53.850 INFO: JdwpEventCenterDelegate: jdwpSetEventRequest: JdwpEventRequest{requestId=100, eventKind=CLASS_PREPARE, suspendPolicy=NONE, predicates=[]}
23:54:53.850 INFO: JdwpDebugServer: handling req: EventRequest(15).Set(1)
23:54:53.850 INFO: JdwpEventCenterDelegate: jdwpSetEventRequest: JdwpEventRequest{requestId=101, eventKind=CLASS_UNLOAD, suspendPolicy=NONE, predicates=[]}
23:54:53.874 INFO: JdwpDebugServer: handling req: VirtualMachine(1).Version(1)
23:54:53.875 INFO: JdwpDebugServer: handling req: VirtualMachine(1).capabilitiesNew(17)
23:54:53.875 INFO: JdwpDebugServer: handling req: VirtualMachine(1).capabilities(12)
23:54:53.875 INFO: JdwpDebugServer: handling req: VirtualMachine(1).AllClassesWithGeneric(20)
23:54:53.878 INFO: JdwpDebugServer: handling req: VirtualMachine(1).TopLevelThreadGroups(5)
23:54:53.879 INFO: JdwpDebugServer: handling req: EventRequest(15).Set(1)
23:54:53.879 INFO: JdwpEventCenterDelegate: jdwpSetEventRequest: JdwpEventRequest{requestId=102, eventKind=THREAD_START, suspendPolicy=NONE, predicates=[]}
23:54:53.879 INFO: JdwpDebugServer: handling req: EventRequest(15).Set(1)
23:54:53.879 INFO: JdwpEventCenterDelegate: jdwpSetEventRequest: JdwpEventRequest{requestId=103, eventKind=THREAD_DEATH, suspendPolicy=NONE, predicates=[]}
23:54:53.880 INFO: JdwpDebugServer: handling req: EventRequest(15).Set(1)
23:54:53.880 INFO: JdwpEventCenterDelegate: jdwpSetEventRequest: JdwpEventRequest{requestId=104, eventKind=CLASS_PREPARE, suspendPolicy=EVENT_THREAD, predicates=[className=sun.instrument.InstrumentationImpl]}
23:54:53.880 INFO: JdwpDebugServer: handling req: EventRequest(15).Set(1)
23:54:53.880 INFO: JdwpEventCenterDelegate: jdwpSetEventRequest: JdwpEventRequest{requestId=105, eventKind=CLASS_PREPARE, suspendPolicy=EVENT_THREAD, predicates=[className=sun.instrument.InstrumentationImpl]}
23:54:54.467 INFO: JdwpDebugServer: handling req: VirtualMachine(1).Resume(9)
23:54:54.517 INFO: JdwpEventCenterDelegate: THREAD_STARTED: thread (33, main, main)
23:54:54.539 INFO: JdwpEventCenterDelegate: THREAD_STARTED: thread (48, ReferenceQueueDaemon, main)
23:54:54.545 INFO: JdwpEventCenterDelegate: THREAD_STARTED: thread (63, FinalizerDaemon, main)
23:54:54.551 INFO: JdwpEventCenterDelegate: THREAD_STARTED: thread (78, FinalizerWatchdogDaemon, main)
23:54:54.554 INFO: JdwpEventCenterDelegate: THREAD_RESUMED: thread (33, main, main)
23:54:54.555 INFO: JdwpEventCenterDelegate: THREAD_RESUMED: thread (33, main, main)
23:54:54.556 INFO: JdwpEventCenterDelegate: THREAD_RESUMED: thread (33, main, main)
23:54:54.558 INFO: JdwpEventCenterDelegate: THREAD_RESUMED: thread (33, main, main)
23:54:54.559 INFO: JdwpEventCenterDelegate: THREAD_RESUMED: thread (33, main, main)
23:54:54.560 INFO: JdwpEventCenterDelegate: THREAD_RESUMED: thread (33, main, main)
23:54:54.561 INFO: JdwpEventCenterDelegate: THREAD_RESUMED: thread (33, main, main)
23:54:54.562 INFO: JdwpEventCenterDelegate: THREAD_RESUMED: thread (33, main, main)
23:54:54.563 INFO: JdwpEventCenterDelegate: THREAD_RESUMED: thread (33, main, main)
23:54:54.565 INFO: JdwpEventCenterDelegate: THREAD_RESUMED: thread (33, main, main)
23:54:54.566 INFO: JdwpEventCenterDelegate: THREAD_RESUMED: thread (33, main, main)
23:54:54.567 INFO: JdwpEventCenterDelegate: THREAD_RESUMED: thread (33, main, main)
23:54:54.568 INFO: JdwpEventCenterDelegate: THREAD_RESUMED: thread (33, main, main)
23:54:54.569 INFO: JdwpEventCenterDelegate: THREAD_RESUMED: thread (33, main, main)
23:54:54.570 INFO: JdwpEventCenterDelegate: THREAD_RESUMED: thread (33, main, main)
23:54:54.572 INFO: JdwpEventCenterDelegate: THREAD_RESUMED: thread (33, main, main)
23:54:54.573 INFO: JdwpEventCenterDelegate: THREAD_RESUMED: thread (33, main, main)
23:54:54.574 INFO: JdwpEventCenterDelegate: THREAD_RESUMED: thread (33, main, main)
23:54:54.578 INFO: JdwpEventCenterDelegate: THREAD_RESUMED: thread (33, main, main)
23:54:54.580 INFO: JdwpEventCenterDelegate: THREAD_RESUMED: thread (33, main, main)
23:54:54.581 INFO: JdwpEventCenterDelegate: THREAD_RESUMED: thread (33, main, main)
23:54:54.582 INFO: JdwpEventCenterDelegate: THREAD_RESUMED: thread (33, main, main)
23:54:54.584 INFO: JdwpEventCenterDelegate: THREAD_RESUMED: thread (33, main, main)
23:54:54.585 INFO: JdwpEventCenterDelegate: THREAD_RESUMED: thread (33, main, main)
23:54:54.587 INFO: JdwpEventCenterDelegate: THREAD_RESUMED: thread (33, main, main)
23:54:54.618 INFO: JdwpEventCenterDelegate: THREAD_RESUMED: thread (33, main, main)
23:54:54.620 INFO: JdwpEventCenterDelegate: THREAD_RESUMED: thread (33, main, main)
23:54:54.621 INFO: JdwpEventCenterDelegate: THREAD_RESUMED: thread (33, main, main)
23:54:54.622 INFO: JdwpEventCenterDelegate: THREAD_RESUMED: thread (33, main, main)
23:54:54.624 INFO: JdwpEventCenterDelegate: THREAD_RESUMED: thread (33, main, main)
23:54:54.625 INFO: JdwpEventCenterDelegate: THREAD_RESUMED: thread (33, main, main)
23:54:54.627 INFO: JdwpEventCenterDelegate: THREAD_RESUMED: thread (33, main, main)
23:54:54.629 INFO: JdwpEventCenterDelegate: THREAD_RESUMED: thread (33, main, main)
23:54:54.631 INFO: JdwpEventCenterDelegate: THREAD_RESUMED: thread (33, main, main)
23:54:54.632 INFO: JdwpEventCenterDelegate: THREAD_RESUMED: thread (33, main, main)
23:54:54.634 INFO: JdwpEventCenterDelegate: THREAD_RESUMED: thread (33, main, main)
23:54:54.635 INFO: JdwpEventCenterDelegate: THREAD_RESUMED: thread (33, main, main)
23:54:54.636 INFO: JdwpEventCenterDelegate: THREAD_RESUMED: thread (33, main, main)
23:54:54.638 INFO: JdwpEventCenterDelegate: THREAD_RESUMED: thread (33, main, main)
23:54:54.653 INFO: JdwpEventCenterDelegate: THREAD_RESUMED: thread (33, main, main)
23:54:54.655 INFO: JdwpEventCenterDelegate: THREAD_RESUMED: thread (33, main, main)
23:54:54.656 INFO: JdwpEventCenterDelegate: THREAD_RESUMED: thread (33, main, main)
23:54:54.657 INFO: JdwpEventCenterDelegate: THREAD_RESUMED: thread (33, main, main)
23:54:54.659 INFO: JdwpEventCenterDelegate: THREAD_RESUMED: thread (33, main, main)
23:54:54.660 INFO: JdwpEventCenterDelegate: THREAD_RESUMED: thread (33, main, main)
23:54:54.661 INFO: JdwpEventCenterDelegate: THREAD_RESUMED: thread (33, main, main)
23:54:54.700 INFO: JdwpEventCenterDelegate: THREAD_RESUMED: thread (33, main, main)
23:54:54.702 INFO: JdwpEventCenterDelegate: THREAD_RESUMED: thread (33, main, main)
23:54:54.703 INFO: JdwpEventCenterDelegate: THREAD_RESUMED: thread (33, main, main)
23:54:54.704 INFO: JdwpEventCenterDelegate: THREAD_RESUMED: thread (33, main, main)
23:54:54.706 INFO: JdwpEventCenterDelegate: THREAD_RESUMED: thread (33, main, main)
23:54:54.707 INFO: JdwpEventCenterDelegate: THREAD_RESUMED: thread (33, main, main)
23:54:54.708 INFO: JdwpEventCenterDelegate: THREAD_RESUMED: thread (33, main, main)
23:54:54.720 INFO: JdwpEventCenterDelegate: THREAD_RESUMED: thread (33, main, main)
23:54:54.721 INFO: JdwpEventCenterDelegate: THREAD_RESUMED: thread (33, main, main)
23:54:54.723 INFO: JdwpEventCenterDelegate: THREAD_RESUMED: thread (33, main, main)
23:54:54.724 INFO: JdwpEventCenterDelegate: THREAD_RESUMED: thread (33, main, main)
23:54:54.725 INFO: JdwpEventCenterDelegate: THREAD_RESUMED: thread (33, main, main)
23:54:54.727 INFO: JdwpEventCenterDelegate: THREAD_RESUMED: thread (33, main, main)
23:54:54.729 INFO: JdwpEventCenterDelegate: THREAD_RESUMED: thread (33, main, main)
23:54:54.738 INFO: JdwpEventCenterDelegate: THREAD_RESUMED: thread (33, main, main)
23:54:54.740 INFO: JdwpEventCenterDelegate: THREAD_RESUMED: thread (33, main, main)
23:54:54.741 INFO: JdwpEventCenterDelegate: THREAD_RESUMED: thread (33, main, main)
23:54:54.743 INFO: JdwpEventCenterDelegate: THREAD_RESUMED: thread (33, main, main)
23:54:54.744 INFO: JdwpEventCenterDelegate: THREAD_RESUMED: thread (33, main, main)
23:54:54.745 INFO: JdwpEventCenterDelegate: THREAD_RESUMED: thread (33, main, main)
23:54:54.747 INFO: JdwpEventCenterDelegate: THREAD_RESUMED: thread (33, main, main)
23:54:54.749 INFO: JdwpEventCenterDelegate: THREAD_RESUMED: thread (33, main, main)
23:54:54.750 INFO: JdwpEventCenterDelegate: THREAD_RESUMED: thread (33, main, main)
23:54:54.752 INFO: JdwpEventCenterDelegate: THREAD_RESUMED: thread (33, main, main)
23:54:54.754 INFO: JdwpEventCenterDelegate: THREAD_RESUMED: thread (33, main, main)
23:54:54.755 INFO: JdwpEventCenterDelegate: THREAD_RESUMED: thread (33, main, main)
23:54:54.757 INFO: JdwpEventCenterDelegate: THREAD_RESUMED: thread (33, main, main)
23:54:54.759 INFO: JdwpEventCenterDelegate: THREAD_RESUMED: thread (33, main, main)
23:54:54.761 INFO: JdwpEventCenterDelegate: THREAD_RESUMED: thread (33, main, main)
23:54:54.763 INFO: JdwpEventCenterDelegate: THREAD_RESUMED: thread (33, main, main)
23:54:54.764 INFO: JdwpEventCenterDelegate: THREAD_RESUMED: thread (33, main, main)
23:54:54.765 INFO: JdwpEventCenterDelegate: THREAD_RESUMED: thread (33, main, main)
23:54:54.771 INFO: JdwpEventCenterDelegate: THREAD_RESUMED: thread (33, main, main)
23:54:54.772 INFO: JdwpEventCenterDelegate: THREAD_RESUMED: thread (33, main, main)
23:54:54.911 INFO: JdwpEventCenterDelegate: THREAD_STARTED: thread (93, AssetManager, main)
23:54:55.017 INFO: JdwpEventCenterDelegate: THREAD_RESUMED: thread (33, main, main)
23:54:55.019 INFO: JdwpEventCenterDelegate: THREAD_RESUMED: thread (33, main, main)
23:54:57.585 INFO: JdwpEventCenterDelegate: THREAD_RESUMED: thread (33, main, main)
23:54:57.684 INFO: JdwpEventCenterDelegate: THREAD_RESUMED: thread (33, main, main)
23:54:57.686 INFO: JdwpEventCenterDelegate: THREAD_RESUMED: thread (33, main, main)
23:54:57.688 INFO: JdwpEventCenterDelegate: THREAD_RESUMED: thread (33, main, main)
23:54:57.689 INFO: JdwpEventCenterDelegate: THREAD_RESUMED: thread (33, main, main)
23:54:57.691 INFO: JdwpEventCenterDelegate: THREAD_RESUMED: thread (33, main, main)
23:54:57.697 INFO: JdwpEventCenterDelegate: THREAD_RESUMED: thread (33, main, main)
23:54:57.709 INFO: JdwpEventCenterDelegate: THREAD_RESUMED: thread (33, main, main)
23:54:57.711 INFO: JdwpEventCenterDelegate: THREAD_RESUMED: thread (33, main, main)
23:54:57.713 INFO: JdwpEventCenterDelegate: THREAD_RESUMED: thread (33, main, main)
23:54:57.715 INFO: JdwpEventCenterDelegate: THREAD_RESUMED: thread (33, main, main)
23:54:57.718 INFO: JdwpEventCenterDelegate: THREAD_RESUMED: thread (33, main, main)
23:54:57.722 INFO: JdwpEventCenterDelegate: THREAD_RESUMED: thread (33, main, main)
23:54:57.737 INFO: JdwpEventCenterDelegate: THREAD_RESUMED: thread (33, main, main)
23:54:57.739 INFO: JdwpEventCenterDelegate: THREAD_RESUMED: thread (33, main, main)
23:54:57.741 INFO: JdwpEventCenterDelegate: THREAD_RESUMED: thread (33, main, main)
23:54:57.743 INFO: JdwpEventCenterDelegate: THREAD_RESUMED: thread (33, main, main)
23:54:57.745 INFO: JdwpEventCenterDelegate: THREAD_RESUMED: thread (33, main, main)
23:54:57.750 INFO: JdwpEventCenterDelegate: THREAD_RESUMED: thread (33, main, main)
23:54:57.768 INFO: JdwpEventCenterDelegate: THREAD_RESUMED: thread (33, main, main)
23:54:57.771 INFO: JdwpEventCenterDelegate: THREAD_RESUMED: thread (33, main, main)
23:54:57.773 INFO: JdwpEventCenterDelegate: THREAD_RESUMED: thread (33, main, main)
23:54:57.775 INFO: JdwpEventCenterDelegate: THREAD_RESUMED: thread (33, main, main)
23:54:57.777 INFO: JdwpEventCenterDelegate: THREAD_RESUMED: thread (33, main, main)
23:54:57.781 INFO: JdwpEventCenterDelegate: THREAD_RESUMED: thread (33, main, main)
23:54:57.797 INFO: JdwpEventCenterDelegate: THREAD_RESUMED: thread (33, main, main)
23:54:57.800 INFO: JdwpEventCenterDelegate: THREAD_RESUMED: thread (33, main, main)
23:54:57.802 INFO: JdwpEventCenterDelegate: THREAD_RESUMED: thread (33, main, main)
23:54:57.804 INFO: JdwpEventCenterDelegate: THREAD_RESUMED: thread (33, main, main)
23:54:57.806 INFO: JdwpEventCenterDelegate: THREAD_RESUMED: thread (33, main, main)
23:54:57.811 INFO: JdwpEventCenterDelegate: THREAD_RESUMED: thread (33, main, main)
23:54:57.827 INFO: JdwpEventCenterDelegate: THREAD_RESUMED: thread (33, main, main)
23:54:57.829 INFO: JdwpEventCenterDelegate: THREAD_RESUMED: thread (33, main, main)
23:54:57.832 INFO: JdwpEventCenterDelegate: THREAD_RESUMED: thread (33, main, main)
23:54:57.834 INFO: JdwpEventCenterDelegate: THREAD_RESUMED: thread (33, main, main)
23:54:57.836 INFO: JdwpEventCenterDelegate: THREAD_RESUMED: thread (33, main, main)
23:54:57.841 INFO: JdwpEventCenterDelegate: THREAD_RESUMED: thread (33, main, main)
23:54:57.864 INFO: JdwpEventCenterDelegate: THREAD_RESUMED: thread (33, main, main)
23:54:57.867 INFO: JdwpEventCenterDelegate: THREAD_RESUMED: thread (33, main, main)
23:54:57.869 INFO: JdwpEventCenterDelegate: THREAD_RESUMED: thread (33, main, main)
23:54:57.871 INFO: JdwpEventCenterDelegate: THREAD_RESUMED: thread (33, main, main)
23:54:57.874 INFO: JdwpEventCenterDelegate: THREAD_RESUMED: thread (33, main, main)
23:54:57.879 INFO: JdwpEventCenterDelegate: THREAD_RESUMED: thread (33, main, main)
23:54:57.897 INFO: JdwpEventCenterDelegate: THREAD_RESUMED: thread (33, main, main)
23:54:57.899 INFO: JdwpEventCenterDelegate: THREAD_RESUMED: thread (33, main, main)
23:54:57.901 INFO: JdwpEventCenterDelegate: THREAD_RESUMED: thread (33, main, main)
23:54:57.903 INFO: JdwpEventCenterDelegate: THREAD_RESUMED: thread (33, main, main)
23:54:57.904 INFO: JdwpEventCenterDelegate: THREAD_RESUMED: thread (33, main, main)
23:54:57.909 INFO: JdwpEventCenterDelegate: THREAD_RESUMED: thread (33, main, main)
23:54:57.928 INFO: JdwpEventCenterDelegate: THREAD_RESUMED: thread (33, main, main)
23:54:57.930 INFO: JdwpEventCenterDelegate: THREAD_RESUMED: thread (33, main, main)
23:54:57.932 INFO: JdwpEventCenterDelegate: THREAD_RESUMED: thread (33, main, main)
23:54:57.934 INFO: JdwpEventCenterDelegate: THREAD_RESUMED: thread (33, main, main)
23:54:57.937 INFO: JdwpEventCenterDelegate: THREAD_RESUMED: thread (33, main, main)
23:54:57.942 INFO: JdwpEventCenterDelegate: THREAD_RESUMED: thread (33, main, main)
23:54:57.957 INFO: JdwpEventCenterDelegate: THREAD_RESUMED: thread (33, main, main)
23:54:57.959 INFO: JdwpEventCenterDelegate: THREAD_RESUMED: thread (33, main, main)
23:54:57.962 INFO: JdwpEventCenterDelegate: THREAD_RESUMED: thread (33, main, main)
23:54:57.964 INFO: JdwpEventCenterDelegate: THREAD_RESUMED: thread (33, main, main)
23:54:57.966 INFO: JdwpEventCenterDelegate: THREAD_RESUMED: thread (33, main, main)
23:54:57.971 INFO: JdwpEventCenterDelegate: THREAD_RESUMED: thread (33, main, main)
23:54:57.986 INFO: JdwpEventCenterDelegate: THREAD_RESUMED: thread (33, main, main)
23:54:57.988 INFO: JdwpEventCenterDelegate: THREAD_RESUMED: thread (33, main, main)
23:54:57.991 INFO: JdwpEventCenterDelegate: THREAD_RESUMED: thread (33, main, main)
23:54:57.993 INFO: JdwpEventCenterDelegate: THREAD_RESUMED: thread (33, main, main)
23:54:57.995 INFO: JdwpEventCenterDelegate: THREAD_RESUMED: thread (33, main, main)
23:54:58.000 INFO: JdwpEventCenterDelegate: THREAD_RESUMED: thread (33, main, main)
23:54:58.023 INFO: JdwpEventCenterDelegate: THREAD_RESUMED: thread (33, main, main)
23:54:58.025 INFO: JdwpEventCenterDelegate: THREAD_RESUMED: thread (33, main, main)
23:54:58.028 INFO: JdwpEventCenterDelegate: THREAD_RESUMED: thread (33, main, main)
23:54:58.030 INFO: JdwpEventCenterDelegate: THREAD_RESUMED: thread (33, main, main)
23:54:58.033 INFO: JdwpEventCenterDelegate: THREAD_RESUMED: thread (33, main, main)
23:54:58.038 INFO: JdwpEventCenterDelegate: THREAD_RESUMED: thread (33, main, main)
23:54:58.060 INFO: JdwpEventCenterDelegate: THREAD_RESUMED: thread (33, main, main)
23:54:58.062 INFO: JdwpEventCenterDelegate: THREAD_RESUMED: thread (33, main, main)
23:54:58.065 INFO: JdwpEventCenterDelegate: THREAD_RESUMED: thread (33, main, main)
23:54:58.067 INFO: JdwpEventCenterDelegate: THREAD_RESUMED: thread (33, main, main)
23:54:58.069 INFO: JdwpEventCenterDelegate: THREAD_RESUMED: thread (33, main, main)
23:54:58.074 INFO: JdwpEventCenterDelegate: THREAD_RESUMED: thread (33, main, main)
23:54:58.094 INFO: JdwpEventCenterDelegate: THREAD_RESUMED: thread (33, main, main)
23:54:58.096 INFO: JdwpEventCenterDelegate: THREAD_RESUMED: thread (33, main, main)
23:54:58.098 INFO: JdwpEventCenterDelegate: THREAD_RESUMED: thread (33, main, main)
23:54:58.100 INFO: JdwpEventCenterDelegate: THREAD_RESUMED: thread (33, main, main)
23:54:58.102 INFO: JdwpEventCenterDelegate: THREAD_RESUMED: thread (33, main, main)
23:54:58.107 INFO: JdwpEventCenterDelegate: THREAD_RESUMED: thread (33, main, main)
23:54:58.121 INFO: JdwpEventCenterDelegate: THREAD_RESUMED: thread (33, main, main)
23:54:58.123 INFO: JdwpEventCenterDelegate: THREAD_RESUMED: thread (33, main, main)
23:54:58.125 INFO: JdwpEventCenterDelegate: THREAD_RESUMED: thread (33, main, main)
23:54:58.127 INFO: JdwpEventCenterDelegate: THREAD_RESUMED: thread (33, main, main)
23:54:58.128 INFO: JdwpEventCenterDelegate: THREAD_RESUMED: thread (33, main, main)
23:54:58.134 INFO: JdwpEventCenterDelegate: THREAD_RESUMED: thread (33, main, main)
23:54:58.136 INFO: JdwpEventCenterDelegate: THREAD_RESUMED: thread (33, main, main)
23:54:58.138 INFO: JdwpEventCenterDelegate: THREAD_RESUMED: thread (33, main, main)
23:54:58.140 INFO: JdwpEventCenterDelegate: THREAD_RESUMED: thread (33, main, main)
23:54:58.142 INFO: JdwpEventCenterDelegate: THREAD_RESUMED: thread (33, main, main)
23:54:58.144 INFO: JdwpEventCenterDelegate: THREAD_RESUMED: thread (33, main, main)
23:54:58.146 INFO: JdwpEventCenterDelegate: THREAD_RESUMED: thread (33, main, main)
23:54:58.150 INFO: JdwpEventCenterDelegate: THREAD_RESUMED: thread (33, main, main)
23:54:58.152 INFO: JdwpEventCenterDelegate: THREAD_RESUMED: thread (33, main, main)
23:54:58.154 INFO: JdwpEventCenterDelegate: THREAD_RESUMED: thread (33, main, main)
23:54:58.156 INFO: JdwpEventCenterDelegate: THREAD_RESUMED: thread (33, main, main)
23:54:58.168 INFO: JdwpEventCenterDelegate: THREAD_RESUMED: thread (33, main, main)
23:54:58.170 INFO: JdwpEventCenterDelegate: THREAD_RESUMED: thread (33, main, main)
23:54:58.172 INFO: JdwpEventCenterDelegate: THREAD_RESUMED: thread (33, main, main)
23:54:58.174 INFO: JdwpEventCenterDelegate: THREAD_RESUMED: thread (33, main, main)
23:54:58.176 INFO: JdwpEventCenterDelegate: THREAD_RESUMED: thread (33, main, main)
23:54:58.178 INFO: JdwpEventCenterDelegate: THREAD_RESUMED: thread (33, main, main)
23:54:58.180 INFO: JdwpEventCenterDelegate: THREAD_RESUMED: thread (33, main, main)
23:54:58.188 INFO: JdwpEventCenterDelegate: THREAD_RESUMED: thread (33, main, main)
23:54:58.190 INFO: JdwpEventCenterDelegate: THREAD_RESUMED: thread (33, main, main)
23:54:58.192 INFO: JdwpEventCenterDelegate: THREAD_RESUMED: thread (33, main, main)
23:54:58.194 INFO: JdwpEventCenterDelegate: THREAD_RESUMED: thread (33, main, main)
23:54:58.195 INFO: JdwpEventCenterDelegate: THREAD_RESUMED: thread (33, main, main)
23:54:58.200 INFO: JdwpEventCenterDelegate: THREAD_RESUMED: thread (33, main, main)
23:54:58.212 INFO: JdwpEventCenterDelegate: THREAD_RESUMED: thread (33, main, main)
23:54:58.226 INFO: JdwpEventCenterDelegate: THREAD_RESUMED: thread (33, main, main)
23:54:58.237 INFO: JdwpEventCenterDelegate: THREAD_RESUMED: thread (33, main, main)
23:54:58.251 INFO: JdwpEventCenterDelegate: THREAD_RESUMED: thread (33, main, main)
23:54:58.281 INFO: JdwpEventCenterDelegate: THREAD_RESUMED: thread (33, main, main)
23:54:58.283 INFO: JdwpEventCenterDelegate: THREAD_RESUMED: thread (33, main, main)
23:54:58.285 INFO: JdwpEventCenterDelegate: THREAD_RESUMED: thread (33, main, main)
23:54:58.287 INFO: JdwpEventCenterDelegate: THREAD_RESUMED: thread (33, main, main)
23:54:58.289 INFO: JdwpEventCenterDelegate: THREAD_RESUMED: thread (33, main, main)
23:54:58.294 INFO: JdwpEventCenterDelegate: THREAD_RESUMED: thread (33, main, main)
23:54:58.306 INFO: JdwpEventCenterDelegate: THREAD_RESUMED: thread (33, main, main)
23:54:58.308 INFO: JdwpEventCenterDelegate: THREAD_RESUMED: thread (33, main, main)
23:54:58.310 INFO: JdwpEventCenterDelegate: THREAD_RESUMED: thread (33, main, main)
23:54:58.312 INFO: JdwpEventCenterDelegate: THREAD_RESUMED: thread (33, main, main)
23:54:58.314 INFO: JdwpEventCenterDelegate: THREAD_RESUMED: thread (33, main, main)
23:54:58.319 INFO: JdwpEventCenterDelegate: THREAD_RESUMED: thread (33, main, main)
23:54:58.338 INFO: JdwpEventCenterDelegate: THREAD_RESUMED: thread (33, main, main)
23:54:58.340 INFO: JdwpEventCenterDelegate: THREAD_RESUMED: thread (33, main, main)
23:54:58.342 INFO: JdwpEventCenterDelegate: THREAD_RESUMED: thread (33, main, main)
23:54:58.344 INFO: JdwpEventCenterDelegate: THREAD_RESUMED: thread (33, main, main)
23:54:58.347 INFO: JdwpEventCenterDelegate: THREAD_RESUMED: thread (33, main, main)
23:54:58.352 INFO: JdwpEventCenterDelegate: THREAD_RESUMED: thread (33, main, main)
23:54:58.370 INFO: JdwpEventCenterDelegate: THREAD_RESUMED: thread (33, main, main)
23:54:58.372 INFO: JdwpEventCenterDelegate: THREAD_RESUMED: thread (33, main, main)
23:54:58.376 INFO: JdwpEventCenterDelegate: THREAD_RESUMED: thread (33, main, main)
23:54:58.378 INFO: JdwpEventCenterDelegate: THREAD_RESUMED: thread (33, main, main)
23:54:58.380 INFO: JdwpEventCenterDelegate: THREAD_RESUMED: thread (33, main, main)
23:54:58.385 INFO: JdwpEventCenterDelegate: THREAD_RESUMED: thread (33, main, main)
23:54:58.399 INFO: JdwpEventCenterDelegate: THREAD_RESUMED: thread (33, main, main)
23:54:58.401 INFO: JdwpEventCenterDelegate: THREAD_RESUMED: thread (33, main, main)
23:54:58.403 INFO: JdwpEventCenterDelegate: THREAD_RESUMED: thread (33, main, main)
23:54:58.405 INFO: JdwpEventCenterDelegate: THREAD_RESUMED: thread (33, main, main)
23:54:58.407 INFO: JdwpEventCenterDelegate: THREAD_RESUMED: thread (33, main, main)
23:54:58.411 INFO: JdwpEventCenterDelegate: THREAD_RESUMED: thread (33, main, main)
23:54:58.426 INFO: JdwpEventCenterDelegate: THREAD_RESUMED: thread (33, main, main)
23:54:58.428 INFO: JdwpEventCenterDelegate: THREAD_RESUMED: thread (33, main, main)
23:54:58.430 INFO: JdwpEventCenterDelegate: THREAD_RESUMED: thread (33, main, main)
23:54:58.432 INFO: JdwpEventCenterDelegate: THREAD_RESUMED: thread (33, main, main)
23:54:58.433 INFO: JdwpEventCenterDelegate: THREAD_RESUMED: thread (33, main, main)
23:54:58.438 INFO: JdwpEventCenterDelegate: THREAD_RESUMED: thread (33, main, main)
23:54:58.456 INFO: JdwpEventCenterDelegate: THREAD_RESUMED: thread (33, main, main)
23:54:58.458 INFO: JdwpEventCenterDelegate: THREAD_RESUMED: thread (33, main, main)
23:54:58.460 INFO: JdwpEventCenterDelegate: THREAD_RESUMED: thread (33, main, main)
23:54:58.461 INFO: JdwpEventCenterDelegate: THREAD_RESUMED: thread (33, main, main)
23:54:58.463 INFO: JdwpEventCenterDelegate: THREAD_RESUMED: thread (33, main, main)
23:54:58.468 INFO: JdwpEventCenterDelegate: THREAD_RESUMED: thread (33, main, main)
23:54:58.485 INFO: JdwpEventCenterDelegate: THREAD_RESUMED: thread (33, main, main)
23:54:58.487 INFO: JdwpEventCenterDelegate: THREAD_RESUMED: thread (33, main, main)
23:54:58.489 INFO: JdwpEventCenterDelegate: THREAD_RESUMED: thread (33, main, main)
23:54:58.491 INFO: JdwpEventCenterDelegate: THREAD_RESUMED: thread (33, main, main)
23:54:58.493 INFO: JdwpEventCenterDelegate: THREAD_RESUMED: thread (33, main, main)
23:54:58.498 INFO: JdwpEventCenterDelegate: THREAD_RESUMED: thread (33, main, main)
23:54:58.519 INFO: JdwpEventCenterDelegate: THREAD_RESUMED: thread (33, main, main)
23:54:58.521 INFO: JdwpEventCenterDelegate: THREAD_RESUMED: thread (33, main, main)
23:54:58.523 INFO: JdwpEventCenterDelegate: THREAD_RESUMED: thread (33, main, main)
23:54:58.525 INFO: JdwpEventCenterDelegate: THREAD_RESUMED: thread (33, main, main)
23:54:58.526 INFO: JdwpEventCenterDelegate: THREAD_RESUMED: thread (33, main, main)
23:54:58.530 INFO: JdwpEventCenterDelegate: THREAD_RESUMED: thread (33, main, main)
23:54:58.545 INFO: JdwpEventCenterDelegate: THREAD_RESUMED: thread (33, main, main)
23:54:58.547 INFO: JdwpEventCenterDelegate: THREAD_RESUMED: thread (33, main, main)
23:54:58.549 INFO: JdwpEventCenterDelegate: THREAD_RESUMED: thread (33, main, main)
23:54:58.551 INFO: JdwpEventCenterDelegate: THREAD_RESUMED: thread (33, main, main)
23:54:58.553 INFO: JdwpEventCenterDelegate: THREAD_RESUMED: thread (33, main, main)
23:54:58.558 INFO: JdwpEventCenterDelegate: THREAD_RESUMED: thread (33, main, main)
23:54:58.572 INFO: JdwpEventCenterDelegate: THREAD_RESUMED: thread (33, main, main)
23:54:58.574 INFO: JdwpEventCenterDelegate: THREAD_RESUMED: thread (33, main, main)
23:54:58.576 INFO: JdwpEventCenterDelegate: THREAD_RESUMED: thread (33, main, main)
23:54:58.579 INFO: JdwpEventCenterDelegate: THREAD_RESUMED: thread (33, main, main)
23:54:58.581 INFO: JdwpEventCenterDelegate: THREAD_RESUMED: thread (33, main, main)
23:54:58.585 INFO: JdwpEventCenterDelegate: THREAD_RESUMED: thread (33, main, main)
23:54:58.604 INFO: JdwpEventCenterDelegate: THREAD_RESUMED: thread (33, main, main)
23:54:58.606 INFO: JdwpEventCenterDelegate: THREAD_RESUMED: thread (33, main, main)
23:54:58.609 INFO: JdwpEventCenterDelegate: THREAD_RESUMED: thread (33, main, main)
23:54:58.611 INFO: JdwpEventCenterDelegate: THREAD_RESUMED: thread (33, main, main)
23:54:58.613 INFO: JdwpEventCenterDelegate: THREAD_RESUMED: thread (33, main, main)
23:54:58.618 INFO: JdwpEventCenterDelegate: THREAD_RESUMED: thread (33, main, main)
23:54:58.639 INFO: JdwpEventCenterDelegate: THREAD_RESUMED: thread (33, main, main)
23:54:58.641 INFO: JdwpEventCenterDelegate: THREAD_RESUMED: thread (33, main, main)
23:54:58.643 INFO: JdwpEventCenterDelegate: THREAD_RESUMED: thread (33, main, main)
23:54:58.645 INFO: JdwpEventCenterDelegate: THREAD_RESUMED: thread (33, main, main)
23:54:58.647 INFO: JdwpEventCenterDelegate: THREAD_RESUMED: thread (33, main, main)
23:54:58.652 INFO: JdwpEventCenterDelegate: THREAD_RESUMED: thread (33, main, main)
23:54:58.670 INFO: JdwpEventCenterDelegate: THREAD_RESUMED: thread (33, main, main)
23:54:58.672 INFO: JdwpEventCenterDelegate: THREAD_RESUMED: thread (33, main, main)
23:54:58.674 INFO: JdwpEventCenterDelegate: THREAD_RESUMED: thread (33, main, main)
23:54:58.676 INFO: JdwpEventCenterDelegate: THREAD_RESUMED: thread (33, main, main)
23:54:58.679 INFO: JdwpEventCenterDelegate: THREAD_RESUMED: thread (33, main, main)
23:54:58.684 INFO: JdwpEventCenterDelegate: THREAD_RESUMED: thread (33, main, main)
23:54:58.700 INFO: JdwpEventCenterDelegate: THREAD_RESUMED: thread (33, main, main)
23:54:58.702 INFO: JdwpEventCenterDelegate: THREAD_RESUMED: thread (33, main, main)
23:54:58.704 INFO: JdwpEventCenterDelegate: THREAD_RESUMED: thread (33, main, main)
23:54:58.707 INFO: JdwpEventCenterDelegate: THREAD_RESUMED: thread (33, main, main)
23:54:58.709 INFO: JdwpEventCenterDelegate: THREAD_RESUMED: thread (33, main, main)
23:55:00.197 INFO: JdwpEventCenterDelegate: THREAD_STARTED: thread (108, Timer, main)
23:55:01.055 INFO: JdwpEventCenterDelegate: THREAD_RESUMED: thread (33, main, main)
23:55:01.085 INFO: JdwpEventCenterDelegate: THREAD_RESUMED: thread (33, main, main)
23:55:01.108 INFO: JdwpEventCenterDelegate: THREAD_RESUMED: thread (33, main, main)
23:55:01.127 INFO: JdwpEventCenterDelegate: THREAD_RESUMED: thread (33, main, main)
23:55:01.166 INFO: JdwpEventCenterDelegate: THREAD_RESUMED: thread (33, main, main)
23:55:01.200 INFO: JdwpEventCenterDelegate: THREAD_RESUMED: thread (33, main, main)
23:55:01.217 INFO: JdwpEventCenterDelegate: THREAD_RESUMED: thread (33, main, main)
23:55:01.232 INFO: JdwpEventCenterDelegate: THREAD_RESUMED: thread (33, main, main)
23:55:01.239 INFO: JdwpEventCenterDelegate: THREAD_RESUMED: thread (33, main, main)
23:55:01.253 INFO: JdwpEventCenterDelegate: THREAD_RESUMED: thread (33, main, main)
23:55:01.284 INFO: JdwpEventCenterDelegate: THREAD_RESUMED: thread (33, main, main)
23:55:01.296 INFO: JdwpEventCenterDelegate: THREAD_RESUMED: thread (33, main, main)
23:55:01.308 INFO: JdwpEventCenterDelegate: THREAD_RESUMED: thread (33, main, main)
23:55:01.320 INFO: JdwpEventCenterDelegate: THREAD_RESUMED: thread (33, main, main)
23:55:01.355 INFO: JdwpEventCenterDelegate: THREAD_RESUMED: thread (33, main, main)
23:55:01.388 INFO: JdwpEventCenterDelegate: THREAD_RESUMED: thread (33, main, main)
23:55:01.404 INFO: JdwpEventCenterDelegate: THREAD_RESUMED: thread (33, main, main)
23:55:01.418 INFO: JdwpEventCenterDelegate: THREAD_RESUMED: thread (33, main, main)
23:55:01.424 INFO: JdwpEventCenterDelegate: THREAD_RESUMED: thread (33, main, main)
23:55:01.437 INFO: JdwpEventCenterDelegate: THREAD_RESUMED: thread (33, main, main)
23:55:07.806 INFO: JdwpEventCenterDelegate: THREAD_RESUMED: thread (33, main, main)
23:55:07.809 INFO: JdwpEventCenterDelegate: THREAD_RESUMED: thread (33, main, main)
23:55:07.812 INFO: JdwpEventCenterDelegate: THREAD_RESUMED: thread (33, main, main)
23:55:07.816 INFO: JdwpEventCenterDelegate: THREAD_RESUMED: thread (33, main, main)
23:55:07.819 INFO: JdwpEventCenterDelegate: THREAD_RESUMED: thread (33, main, main)
23:55:07.822 INFO: JdwpEventCenterDelegate: THREAD_RESUMED: thread (33, main, main)
23:55:07.826 INFO: JdwpEventCenterDelegate: THREAD_RESUMED: thread (33, main, main)
23:55:07.836 INFO: JdwpEventCenterDelegate: THREAD_RESUMED: thread (33, main, main)
23:55:07.838 INFO: JdwpEventCenterDelegate: THREAD_RESUMED: thread (33, main, main)
23:55:07.841 INFO: JdwpEventCenterDelegate: THREAD_RESUMED: thread (33, main, main)
23:55:07.843 INFO: JdwpEventCenterDelegate: THREAD_RESUMED: thread (33, main, main)
23:55:07.845 INFO: JdwpEventCenterDelegate: THREAD_RESUMED: thread (33, main, main)
23:55:07.848 INFO: JdwpEventCenterDelegate: THREAD_RESUMED: thread (33, main, main)
23:55:07.850 INFO: JdwpEventCenterDelegate: THREAD_RESUMED: thread (33, main, main)
23:55:07.891 INFO: JdwpEventCenterDelegate: THREAD_STARTED: thread (123, Thread-7, main)
23:55:11.660 INFO: JdwpEventCenterDelegate: THREAD_STARTED: thread (138, Thread-8, main)
23:55:12.168 INFO: JdwpEventCenterDelegate: THREAD_STARTED: thread (153, Thread-9, main)
23:55:18.629 INFO: JdwpEventCenterDelegate: THREAD_DETTACHED: thread (123, Thread-7, main)
23:55:27.657 INFO: JdwpEventCenterDelegate: THREAD_DETTACHED: thread (153, Thread-9, main)
23:55:59.847 INFO: JdwpEventCenterDelegate: THREAD_DETTACHED: thread (138, Thread-8, main)
23:56:07.701 INFO: JdwpEventCenterDelegate: THREAD_STARTED: thread (168, Thread-10, main)
23:56:17.772 INFO: JdwpEventCenterDelegate: THREAD_DETTACHED: thread (168, Thread-10, main)
23:57:36.612 INFO: JdwpDebugServer: handling req: VirtualMachine(1).Exit(10)
23:57:36.612 SEVERE: Debugger: Thread JDWP server socket thread crashed
org.robovm.debugger.DebuggerException: Terminating due exit command
	at org.robovm.debugger.jdwp.JdwpDebugServer.doSocketWork(JdwpDebugServer.java:211)
	at java.base/java.lang.Thread.run(Thread.java:834)
	at org.robovm.debugger.utils.DebuggerThread.run(DebuggerThread.java:42)
23:57:37.119 SEVERE: Debugger: Thread HooksChannel socket thread crashed
org.robovm.debugger.DebuggerException: java.io.IOException: org.robovm.libimobiledevice.LibIMobileDeviceException: IDEVICE_E_UNKNOWN_ERROR
	at org.robovm.debugger.hooks.HooksChannel.doSocketWork(HooksChannel.java:149)
	at java.base/java.lang.Thread.run(Thread.java:834)
	at org.robovm.debugger.utils.DebuggerThread.run(DebuggerThread.java:42)
Caused by: java.io.IOException: org.robovm.libimobiledevice.LibIMobileDeviceException: IDEVICE_E_UNKNOWN_ERROR
	at org.robovm.libimobiledevice.IDeviceConnection$DeviceInputStream.read(IDeviceConnection.java:203)
	at org.robovm.debugger.utils.bytebuffer.DataBufferWriter.writeFromStream(DataBufferWriter.java:89)
	at org.robovm.debugger.hooks.HooksChannel.doSocketWork(HooksChannel.java:116)
	... 2 more
Caused by: org.robovm.libimobiledevice.LibIMobileDeviceException: IDEVICE_E_UNKNOWN_ERROR
	at org.robovm.libimobiledevice.IDevice.checkResult(IDevice.java:206)
	at org.robovm.libimobiledevice.IDeviceConnection.receive(IDeviceConnection.java:110)
	at org.robovm.libimobiledevice.IDeviceConnection.receive(IDeviceConnection.java:81)
	at org.robovm.libimobiledevice.IDeviceConnection$DeviceInputStream.read(IDeviceConnection.java:201)
	... 4 more
