20:33:47.161 INFO: JdwpDebugServer: handling req: VirtualMachine(1).IDSizes(7)
20:33:47.161 INFO: JdwpDebugServer: handling req: EventRequest(15).Set(1)
20:33:47.161 INFO: JdwpEventCenterDelegate: jdwpSetEventRequest: JdwpEventRequest{requestId=100, eventKind=CLASS_PREPARE, suspendPolicy=NONE, predicates=[]}
20:33:47.161 INFO: JdwpDebugServer: handling req: EventRequest(15).Set(1)
20:33:47.161 INFO: JdwpEventCenterDelegate: jdwpSetEventRequest: JdwpEventRequest{requestId=101, eventKind=CLASS_UNLOAD, suspendPolicy=NONE, predicates=[]}
20:33:47.181 INFO: JdwpDebugServer: handling req: VirtualMachine(1).Version(1)
20:33:47.181 INFO: JdwpDebugServer: handling req: VirtualMachine(1).capabilitiesNew(17)
20:33:47.181 INFO: JdwpDebugServer: handling req: VirtualMachine(1).capabilities(12)
20:33:47.182 INFO: JdwpDebugServer: handling req: VirtualMachine(1).AllClassesWithGeneric(20)
20:33:47.185 INFO: JdwpDebugServer: handling req: VirtualMachine(1).TopLevelThreadGroups(5)
20:33:47.186 INFO: JdwpDebugServer: handling req: EventRequest(15).Set(1)
20:33:47.186 INFO: JdwpEventCenterDelegate: jdwpSetEventRequest: JdwpEventRequest{requestId=102, eventKind=THREAD_START, suspendPolicy=NONE, predicates=[]}
20:33:47.186 INFO: JdwpDebugServer: handling req: EventRequest(15).Set(1)
20:33:47.186 INFO: JdwpEventCenterDelegate: jdwpSetEventRequest: JdwpEventRequest{requestId=103, eventKind=THREAD_DEATH, suspendPolicy=NONE, predicates=[]}
20:33:47.189 INFO: JdwpDebugServer: handling req: EventRequest(15).Set(1)
20:33:47.189 INFO: JdwpEventCenterDelegate: jdwpSetEventRequest: JdwpEventRequest{requestId=104, eventKind=CLASS_PREPARE, suspendPolicy=EVENT_THREAD, predicates=[className=sun.instrument.InstrumentationImpl]}
20:33:47.189 INFO: JdwpDebugServer: handling req: EventRequest(15).Set(1)
20:33:47.190 INFO: JdwpEventCenterDelegate: jdwpSetEventRequest: JdwpEventRequest{requestId=105, eventKind=CLASS_PREPARE, suspendPolicy=EVENT_THREAD, predicates=[className=sun.instrument.InstrumentationImpl]}
20:33:47.781 INFO: JdwpDebugServer: handling req: VirtualMachine(1).Resume(9)
20:33:47.831 INFO: JdwpEventCenterDelegate: THREAD_STARTED: thread (33, main, main)
20:33:47.854 INFO: JdwpEventCenterDelegate: THREAD_STARTED: thread (48, ReferenceQueueDaemon, main)
20:33:47.860 INFO: JdwpEventCenterDelegate: THREAD_STARTED: thread (63, FinalizerDaemon, main)
20:33:47.867 INFO: JdwpEventCenterDelegate: THREAD_STARTED: thread (78, FinalizerWatchdogDaemon, main)
20:33:47.870 INFO: JdwpEventCenterDelegate: THREAD_RESUMED: thread (33, main, main)
20:33:47.871 INFO: JdwpEventCenterDelegate: THREAD_RESUMED: thread (33, main, main)
20:33:47.872 INFO: JdwpEventCenterDelegate: THREAD_RESUMED: thread (33, main, main)
20:33:47.873 INFO: JdwpEventCenterDelegate: THREAD_RESUMED: thread (33, main, main)
20:33:47.874 INFO: JdwpEventCenterDelegate: THREAD_RESUMED: thread (33, main, main)
20:33:47.875 INFO: JdwpEventCenterDelegate: THREAD_RESUMED: thread (33, main, main)
20:33:47.877 INFO: JdwpEventCenterDelegate: THREAD_RESUMED: thread (33, main, main)
20:33:47.878 INFO: JdwpEventCenterDelegate: THREAD_RESUMED: thread (33, main, main)
20:33:47.879 INFO: JdwpEventCenterDelegate: THREAD_RESUMED: thread (33, main, main)
20:33:47.880 INFO: JdwpEventCenterDelegate: THREAD_RESUMED: thread (33, main, main)
20:33:47.882 INFO: JdwpEventCenterDelegate: THREAD_RESUMED: thread (33, main, main)
20:33:47.883 INFO: JdwpEventCenterDelegate: THREAD_RESUMED: thread (33, main, main)
20:33:47.884 INFO: JdwpEventCenterDelegate: THREAD_RESUMED: thread (33, main, main)
20:33:47.886 INFO: JdwpEventCenterDelegate: THREAD_RESUMED: thread (33, main, main)
20:33:47.888 INFO: JdwpEventCenterDelegate: THREAD_RESUMED: thread (33, main, main)
20:33:47.889 INFO: JdwpEventCenterDelegate: THREAD_RESUMED: thread (33, main, main)
20:33:47.891 INFO: JdwpEventCenterDelegate: THREAD_RESUMED: thread (33, main, main)
20:33:47.892 INFO: JdwpEventCenterDelegate: THREAD_RESUMED: thread (33, main, main)
20:33:47.896 INFO: JdwpEventCenterDelegate: THREAD_RESUMED: thread (33, main, main)
20:33:47.897 INFO: JdwpEventCenterDelegate: THREAD_RESUMED: thread (33, main, main)
20:33:47.898 INFO: JdwpEventCenterDelegate: THREAD_RESUMED: thread (33, main, main)
20:33:47.900 INFO: JdwpEventCenterDelegate: THREAD_RESUMED: thread (33, main, main)
20:33:47.901 INFO: JdwpEventCenterDelegate: THREAD_RESUMED: thread (33, main, main)
20:33:47.903 INFO: JdwpEventCenterDelegate: THREAD_RESUMED: thread (33, main, main)
20:33:47.904 INFO: JdwpEventCenterDelegate: THREAD_RESUMED: thread (33, main, main)
20:33:47.941 INFO: JdwpEventCenterDelegate: THREAD_RESUMED: thread (33, main, main)
20:33:47.942 INFO: JdwpEventCenterDelegate: THREAD_RESUMED: thread (33, main, main)
20:33:47.943 INFO: JdwpEventCenterDelegate: THREAD_RESUMED: thread (33, main, main)
20:33:47.945 INFO: JdwpEventCenterDelegate: THREAD_RESUMED: thread (33, main, main)
20:33:47.946 INFO: JdwpEventCenterDelegate: THREAD_RESUMED: thread (33, main, main)
20:33:47.947 INFO: JdwpEventCenterDelegate: THREAD_RESUMED: thread (33, main, main)
20:33:47.949 INFO: JdwpEventCenterDelegate: THREAD_RESUMED: thread (33, main, main)
20:33:47.951 INFO: JdwpEventCenterDelegate: THREAD_RESUMED: thread (33, main, main)
20:33:47.953 INFO: JdwpEventCenterDelegate: THREAD_RESUMED: thread (33, main, main)
20:33:47.954 INFO: JdwpEventCenterDelegate: THREAD_RESUMED: thread (33, main, main)
20:33:47.955 INFO: JdwpEventCenterDelegate: THREAD_RESUMED: thread (33, main, main)
20:33:47.956 INFO: JdwpEventCenterDelegate: THREAD_RESUMED: thread (33, main, main)
20:33:47.958 INFO: JdwpEventCenterDelegate: THREAD_RESUMED: thread (33, main, main)
20:33:47.959 INFO: JdwpEventCenterDelegate: THREAD_RESUMED: thread (33, main, main)
20:33:47.974 INFO: JdwpEventCenterDelegate: THREAD_RESUMED: thread (33, main, main)
20:33:47.975 INFO: JdwpEventCenterDelegate: THREAD_RESUMED: thread (33, main, main)
20:33:47.976 INFO: JdwpEventCenterDelegate: THREAD_RESUMED: thread (33, main, main)
20:33:47.978 INFO: JdwpEventCenterDelegate: THREAD_RESUMED: thread (33, main, main)
20:33:47.980 INFO: JdwpEventCenterDelegate: THREAD_RESUMED: thread (33, main, main)
20:33:47.980 INFO: JdwpEventCenterDelegate: THREAD_RESUMED: thread (33, main, main)
20:33:47.981 INFO: JdwpEventCenterDelegate: THREAD_RESUMED: thread (33, main, main)
20:33:48.005 INFO: JdwpEventCenterDelegate: THREAD_RESUMED: thread (33, main, main)
20:33:48.006 INFO: JdwpEventCenterDelegate: THREAD_RESUMED: thread (33, main, main)
20:33:48.007 INFO: JdwpEventCenterDelegate: THREAD_RESUMED: thread (33, main, main)
20:33:48.009 INFO: JdwpEventCenterDelegate: THREAD_RESUMED: thread (33, main, main)
20:33:48.010 INFO: JdwpEventCenterDelegate: THREAD_RESUMED: thread (33, main, main)
20:33:48.011 INFO: JdwpEventCenterDelegate: THREAD_RESUMED: thread (33, main, main)
20:33:48.013 INFO: JdwpEventCenterDelegate: THREAD_RESUMED: thread (33, main, main)
20:33:48.041 INFO: JdwpEventCenterDelegate: THREAD_RESUMED: thread (33, main, main)
20:33:48.043 INFO: JdwpEventCenterDelegate: THREAD_RESUMED: thread (33, main, main)
20:33:48.044 INFO: JdwpEventCenterDelegate: THREAD_RESUMED: thread (33, main, main)
20:33:48.045 INFO: JdwpEventCenterDelegate: THREAD_RESUMED: thread (33, main, main)
20:33:48.046 INFO: JdwpEventCenterDelegate: THREAD_RESUMED: thread (33, main, main)
20:33:48.048 INFO: JdwpEventCenterDelegate: THREAD_RESUMED: thread (33, main, main)
20:33:48.049 INFO: JdwpEventCenterDelegate: THREAD_RESUMED: thread (33, main, main)
20:33:48.060 INFO: JdwpEventCenterDelegate: THREAD_RESUMED: thread (33, main, main)
20:33:48.061 INFO: JdwpEventCenterDelegate: THREAD_RESUMED: thread (33, main, main)
20:33:48.063 INFO: JdwpEventCenterDelegate: THREAD_RESUMED: thread (33, main, main)
20:33:48.064 INFO: JdwpEventCenterDelegate: THREAD_RESUMED: thread (33, main, main)
20:33:48.065 INFO: JdwpEventCenterDelegate: THREAD_RESUMED: thread (33, main, main)
20:33:48.067 INFO: JdwpEventCenterDelegate: THREAD_RESUMED: thread (33, main, main)
20:33:48.069 INFO: JdwpEventCenterDelegate: THREAD_RESUMED: thread (33, main, main)
20:33:48.078 INFO: JdwpEventCenterDelegate: THREAD_RESUMED: thread (33, main, main)
20:33:48.080 INFO: JdwpEventCenterDelegate: THREAD_RESUMED: thread (33, main, main)
20:33:48.082 INFO: JdwpEventCenterDelegate: THREAD_RESUMED: thread (33, main, main)
20:33:48.084 INFO: JdwpEventCenterDelegate: THREAD_RESUMED: thread (33, main, main)
20:33:48.086 INFO: JdwpEventCenterDelegate: THREAD_RESUMED: thread (33, main, main)
20:33:48.088 INFO: JdwpEventCenterDelegate: THREAD_RESUMED: thread (33, main, main)
20:33:48.089 INFO: JdwpEventCenterDelegate: THREAD_RESUMED: thread (33, main, main)
20:33:48.091 INFO: JdwpEventCenterDelegate: THREAD_RESUMED: thread (33, main, main)
20:33:48.092 INFO: JdwpEventCenterDelegate: THREAD_RESUMED: thread (33, main, main)
20:33:48.094 INFO: JdwpEventCenterDelegate: THREAD_RESUMED: thread (33, main, main)
20:33:48.096 INFO: JdwpEventCenterDelegate: THREAD_RESUMED: thread (33, main, main)
20:33:48.098 INFO: JdwpEventCenterDelegate: THREAD_RESUMED: thread (33, main, main)
20:33:48.099 INFO: JdwpEventCenterDelegate: THREAD_RESUMED: thread (33, main, main)
20:33:48.100 INFO: JdwpEventCenterDelegate: THREAD_RESUMED: thread (33, main, main)
20:33:48.102 INFO: JdwpEventCenterDelegate: THREAD_RESUMED: thread (33, main, main)
20:33:48.103 INFO: JdwpEventCenterDelegate: THREAD_RESUMED: thread (33, main, main)
20:33:48.105 INFO: JdwpEventCenterDelegate: THREAD_RESUMED: thread (33, main, main)
20:33:48.106 INFO: JdwpEventCenterDelegate: THREAD_RESUMED: thread (33, main, main)
20:33:48.110 INFO: JdwpEventCenterDelegate: THREAD_RESUMED: thread (33, main, main)
20:33:48.111 INFO: JdwpEventCenterDelegate: THREAD_RESUMED: thread (33, main, main)
20:33:48.240 INFO: JdwpEventCenterDelegate: THREAD_STARTED: thread (93, AssetManager, main)
20:33:48.343 INFO: JdwpEventCenterDelegate: THREAD_RESUMED: thread (33, main, main)
20:33:48.345 INFO: JdwpEventCenterDelegate: THREAD_RESUMED: thread (33, main, main)
20:33:50.911 INFO: JdwpEventCenterDelegate: THREAD_RESUMED: thread (33, main, main)
20:33:51.013 INFO: JdwpEventCenterDelegate: THREAD_RESUMED: thread (33, main, main)
20:33:51.014 INFO: JdwpEventCenterDelegate: THREAD_RESUMED: thread (33, main, main)
20:33:51.016 INFO: JdwpEventCenterDelegate: THREAD_RESUMED: thread (33, main, main)
20:33:51.017 INFO: JdwpEventCenterDelegate: THREAD_RESUMED: thread (33, main, main)
20:33:51.019 INFO: JdwpEventCenterDelegate: THREAD_RESUMED: thread (33, main, main)
20:33:51.025 INFO: JdwpEventCenterDelegate: THREAD_RESUMED: thread (33, main, main)
20:33:51.037 INFO: JdwpEventCenterDelegate: THREAD_RESUMED: thread (33, main, main)
20:33:51.039 INFO: JdwpEventCenterDelegate: THREAD_RESUMED: thread (33, main, main)
20:33:51.041 INFO: JdwpEventCenterDelegate: THREAD_RESUMED: thread (33, main, main)
20:33:51.043 INFO: JdwpEventCenterDelegate: THREAD_RESUMED: thread (33, main, main)
20:33:51.046 INFO: JdwpEventCenterDelegate: THREAD_RESUMED: thread (33, main, main)
20:33:51.051 INFO: JdwpEventCenterDelegate: THREAD_RESUMED: thread (33, main, main)
20:33:51.066 INFO: JdwpEventCenterDelegate: THREAD_RESUMED: thread (33, main, main)
20:33:51.068 INFO: JdwpEventCenterDelegate: THREAD_RESUMED: thread (33, main, main)
20:33:51.070 INFO: JdwpEventCenterDelegate: THREAD_RESUMED: thread (33, main, main)
20:33:51.073 INFO: JdwpEventCenterDelegate: THREAD_RESUMED: thread (33, main, main)
20:33:51.075 INFO: JdwpEventCenterDelegate: THREAD_RESUMED: thread (33, main, main)
20:33:51.080 INFO: JdwpEventCenterDelegate: THREAD_RESUMED: thread (33, main, main)
20:33:51.098 INFO: JdwpEventCenterDelegate: THREAD_RESUMED: thread (33, main, main)
20:33:51.100 INFO: JdwpEventCenterDelegate: THREAD_RESUMED: thread (33, main, main)
20:33:51.102 INFO: JdwpEventCenterDelegate: THREAD_RESUMED: thread (33, main, main)
20:33:51.105 INFO: JdwpEventCenterDelegate: THREAD_RESUMED: thread (33, main, main)
20:33:51.107 INFO: JdwpEventCenterDelegate: THREAD_RESUMED: thread (33, main, main)
20:33:51.111 INFO: JdwpEventCenterDelegate: THREAD_RESUMED: thread (33, main, main)
20:33:51.127 INFO: JdwpEventCenterDelegate: THREAD_RESUMED: thread (33, main, main)
20:33:51.129 INFO: JdwpEventCenterDelegate: THREAD_RESUMED: thread (33, main, main)
20:33:51.132 INFO: JdwpEventCenterDelegate: THREAD_RESUMED: thread (33, main, main)
20:33:51.134 INFO: JdwpEventCenterDelegate: THREAD_RESUMED: thread (33, main, main)
20:33:51.136 INFO: JdwpEventCenterDelegate: THREAD_RESUMED: thread (33, main, main)
20:33:51.141 INFO: JdwpEventCenterDelegate: THREAD_RESUMED: thread (33, main, main)
20:33:51.156 INFO: JdwpEventCenterDelegate: THREAD_RESUMED: thread (33, main, main)
20:33:51.159 INFO: JdwpEventCenterDelegate: THREAD_RESUMED: thread (33, main, main)
20:33:51.161 INFO: JdwpEventCenterDelegate: THREAD_RESUMED: thread (33, main, main)
20:33:51.163 INFO: JdwpEventCenterDelegate: THREAD_RESUMED: thread (33, main, main)
20:33:51.165 INFO: JdwpEventCenterDelegate: THREAD_RESUMED: thread (33, main, main)
20:33:51.170 INFO: JdwpEventCenterDelegate: THREAD_RESUMED: thread (33, main, main)
20:33:51.190 INFO: JdwpEventCenterDelegate: THREAD_RESUMED: thread (33, main, main)
20:33:51.192 INFO: JdwpEventCenterDelegate: THREAD_RESUMED: thread (33, main, main)
20:33:51.194 INFO: JdwpEventCenterDelegate: THREAD_RESUMED: thread (33, main, main)
20:33:51.196 INFO: JdwpEventCenterDelegate: THREAD_RESUMED: thread (33, main, main)
20:33:51.198 INFO: JdwpEventCenterDelegate: THREAD_RESUMED: thread (33, main, main)
20:33:51.203 INFO: JdwpEventCenterDelegate: THREAD_RESUMED: thread (33, main, main)
20:33:51.222 INFO: JdwpEventCenterDelegate: THREAD_RESUMED: thread (33, main, main)
20:33:51.224 INFO: JdwpEventCenterDelegate: THREAD_RESUMED: thread (33, main, main)
20:33:51.226 INFO: JdwpEventCenterDelegate: THREAD_RESUMED: thread (33, main, main)
20:33:51.228 INFO: JdwpEventCenterDelegate: THREAD_RESUMED: thread (33, main, main)
20:33:51.230 INFO: JdwpEventCenterDelegate: THREAD_RESUMED: thread (33, main, main)
20:33:51.234 INFO: JdwpEventCenterDelegate: THREAD_RESUMED: thread (33, main, main)
20:33:51.253 INFO: JdwpEventCenterDelegate: THREAD_RESUMED: thread (33, main, main)
20:33:51.256 INFO: JdwpEventCenterDelegate: THREAD_RESUMED: thread (33, main, main)
20:33:51.258 INFO: JdwpEventCenterDelegate: THREAD_RESUMED: thread (33, main, main)
20:33:51.260 INFO: JdwpEventCenterDelegate: THREAD_RESUMED: thread (33, main, main)
20:33:51.262 INFO: JdwpEventCenterDelegate: THREAD_RESUMED: thread (33, main, main)
20:33:51.266 INFO: JdwpEventCenterDelegate: THREAD_RESUMED: thread (33, main, main)
20:33:51.285 INFO: JdwpEventCenterDelegate: THREAD_RESUMED: thread (33, main, main)
20:33:51.287 INFO: JdwpEventCenterDelegate: THREAD_RESUMED: thread (33, main, main)
20:33:51.289 INFO: JdwpEventCenterDelegate: THREAD_RESUMED: thread (33, main, main)
20:33:51.291 INFO: JdwpEventCenterDelegate: THREAD_RESUMED: thread (33, main, main)
20:33:51.293 INFO: JdwpEventCenterDelegate: THREAD_RESUMED: thread (33, main, main)
20:33:51.298 INFO: JdwpEventCenterDelegate: THREAD_RESUMED: thread (33, main, main)
20:33:51.313 INFO: JdwpEventCenterDelegate: THREAD_RESUMED: thread (33, main, main)
20:33:51.316 INFO: JdwpEventCenterDelegate: THREAD_RESUMED: thread (33, main, main)
20:33:51.318 INFO: JdwpEventCenterDelegate: THREAD_RESUMED: thread (33, main, main)
20:33:51.320 INFO: JdwpEventCenterDelegate: THREAD_RESUMED: thread (33, main, main)
20:33:51.322 INFO: JdwpEventCenterDelegate: THREAD_RESUMED: thread (33, main, main)
20:33:51.327 INFO: JdwpEventCenterDelegate: THREAD_RESUMED: thread (33, main, main)
20:33:51.347 INFO: JdwpEventCenterDelegate: THREAD_RESUMED: thread (33, main, main)
20:33:51.349 INFO: JdwpEventCenterDelegate: THREAD_RESUMED: thread (33, main, main)
20:33:51.352 INFO: JdwpEventCenterDelegate: THREAD_RESUMED: thread (33, main, main)
20:33:51.354 INFO: JdwpEventCenterDelegate: THREAD_RESUMED: thread (33, main, main)
20:33:51.357 INFO: JdwpEventCenterDelegate: THREAD_RESUMED: thread (33, main, main)
20:33:51.361 INFO: JdwpEventCenterDelegate: THREAD_RESUMED: thread (33, main, main)
20:33:51.383 INFO: JdwpEventCenterDelegate: THREAD_RESUMED: thread (33, main, main)
20:33:51.385 INFO: JdwpEventCenterDelegate: THREAD_RESUMED: thread (33, main, main)
20:33:51.388 INFO: JdwpEventCenterDelegate: THREAD_RESUMED: thread (33, main, main)
20:33:51.390 INFO: JdwpEventCenterDelegate: THREAD_RESUMED: thread (33, main, main)
20:33:51.392 INFO: JdwpEventCenterDelegate: THREAD_RESUMED: thread (33, main, main)
20:33:51.397 INFO: JdwpEventCenterDelegate: THREAD_RESUMED: thread (33, main, main)
20:33:51.416 INFO: JdwpEventCenterDelegate: THREAD_RESUMED: thread (33, main, main)
20:33:51.418 INFO: JdwpEventCenterDelegate: THREAD_RESUMED: thread (33, main, main)
20:33:51.421 INFO: JdwpEventCenterDelegate: THREAD_RESUMED: thread (33, main, main)
20:33:51.423 INFO: JdwpEventCenterDelegate: THREAD_RESUMED: thread (33, main, main)
20:33:51.425 INFO: JdwpEventCenterDelegate: THREAD_RESUMED: thread (33, main, main)
20:33:51.430 INFO: JdwpEventCenterDelegate: THREAD_RESUMED: thread (33, main, main)
20:33:51.443 INFO: JdwpEventCenterDelegate: THREAD_RESUMED: thread (33, main, main)
20:33:51.446 INFO: JdwpEventCenterDelegate: THREAD_RESUMED: thread (33, main, main)
20:33:51.448 INFO: JdwpEventCenterDelegate: THREAD_RESUMED: thread (33, main, main)
20:33:51.450 INFO: JdwpEventCenterDelegate: THREAD_RESUMED: thread (33, main, main)
20:33:51.453 INFO: JdwpEventCenterDelegate: THREAD_RESUMED: thread (33, main, main)
20:33:51.458 INFO: JdwpEventCenterDelegate: THREAD_RESUMED: thread (33, main, main)
20:33:51.460 INFO: JdwpEventCenterDelegate: THREAD_RESUMED: thread (33, main, main)
20:33:51.462 INFO: JdwpEventCenterDelegate: THREAD_RESUMED: thread (33, main, main)
20:33:51.464 INFO: JdwpEventCenterDelegate: THREAD_RESUMED: thread (33, main, main)
20:33:51.467 INFO: JdwpEventCenterDelegate: THREAD_RESUMED: thread (33, main, main)
20:33:51.469 INFO: JdwpEventCenterDelegate: THREAD_RESUMED: thread (33, main, main)
20:33:51.471 INFO: JdwpEventCenterDelegate: THREAD_RESUMED: thread (33, main, main)
20:33:51.475 INFO: JdwpEventCenterDelegate: THREAD_RESUMED: thread (33, main, main)
20:33:51.477 INFO: JdwpEventCenterDelegate: THREAD_RESUMED: thread (33, main, main)
20:33:51.479 INFO: JdwpEventCenterDelegate: THREAD_RESUMED: thread (33, main, main)
20:33:51.480 INFO: JdwpEventCenterDelegate: THREAD_RESUMED: thread (33, main, main)
20:33:51.491 INFO: JdwpEventCenterDelegate: THREAD_RESUMED: thread (33, main, main)
20:33:51.493 INFO: JdwpEventCenterDelegate: THREAD_RESUMED: thread (33, main, main)
20:33:51.494 INFO: JdwpEventCenterDelegate: THREAD_RESUMED: thread (33, main, main)
20:33:51.495 INFO: JdwpEventCenterDelegate: THREAD_RESUMED: thread (33, main, main)
20:33:51.498 INFO: JdwpEventCenterDelegate: THREAD_RESUMED: thread (33, main, main)
20:33:51.500 INFO: JdwpEventCenterDelegate: THREAD_RESUMED: thread (33, main, main)
20:33:51.502 INFO: JdwpEventCenterDelegate: THREAD_RESUMED: thread (33, main, main)
20:33:51.515 INFO: JdwpEventCenterDelegate: THREAD_RESUMED: thread (33, main, main)
20:33:51.517 INFO: JdwpEventCenterDelegate: THREAD_RESUMED: thread (33, main, main)
20:33:51.518 INFO: JdwpEventCenterDelegate: THREAD_RESUMED: thread (33, main, main)
20:33:51.519 INFO: JdwpEventCenterDelegate: THREAD_RESUMED: thread (33, main, main)
20:33:51.521 INFO: JdwpEventCenterDelegate: THREAD_RESUMED: thread (33, main, main)
20:33:51.526 INFO: JdwpEventCenterDelegate: THREAD_RESUMED: thread (33, main, main)
20:33:51.539 INFO: JdwpEventCenterDelegate: THREAD_RESUMED: thread (33, main, main)
20:33:51.552 INFO: JdwpEventCenterDelegate: THREAD_RESUMED: thread (33, main, main)
20:33:51.563 INFO: JdwpEventCenterDelegate: THREAD_RESUMED: thread (33, main, main)
20:33:51.577 INFO: JdwpEventCenterDelegate: THREAD_RESUMED: thread (33, main, main)
20:33:51.610 INFO: JdwpEventCenterDelegate: THREAD_RESUMED: thread (33, main, main)
20:33:51.612 INFO: JdwpEventCenterDelegate: THREAD_RESUMED: thread (33, main, main)
20:33:51.615 INFO: JdwpEventCenterDelegate: THREAD_RESUMED: thread (33, main, main)
20:33:51.617 INFO: JdwpEventCenterDelegate: THREAD_RESUMED: thread (33, main, main)
20:33:51.619 INFO: JdwpEventCenterDelegate: THREAD_RESUMED: thread (33, main, main)
20:33:51.624 INFO: JdwpEventCenterDelegate: THREAD_RESUMED: thread (33, main, main)
20:33:51.636 INFO: JdwpEventCenterDelegate: THREAD_RESUMED: thread (33, main, main)
20:33:51.638 INFO: JdwpEventCenterDelegate: THREAD_RESUMED: thread (33, main, main)
20:33:51.640 INFO: JdwpEventCenterDelegate: THREAD_RESUMED: thread (33, main, main)
20:33:51.643 INFO: JdwpEventCenterDelegate: THREAD_RESUMED: thread (33, main, main)
20:33:51.645 INFO: JdwpEventCenterDelegate: THREAD_RESUMED: thread (33, main, main)
20:33:51.650 INFO: JdwpEventCenterDelegate: THREAD_RESUMED: thread (33, main, main)
20:33:51.664 INFO: JdwpEventCenterDelegate: THREAD_RESUMED: thread (33, main, main)
20:33:51.666 INFO: JdwpEventCenterDelegate: THREAD_RESUMED: thread (33, main, main)
20:33:51.669 INFO: JdwpEventCenterDelegate: THREAD_RESUMED: thread (33, main, main)
20:33:51.671 INFO: JdwpEventCenterDelegate: THREAD_RESUMED: thread (33, main, main)
20:33:51.673 INFO: JdwpEventCenterDelegate: THREAD_RESUMED: thread (33, main, main)
20:33:51.678 INFO: JdwpEventCenterDelegate: THREAD_RESUMED: thread (33, main, main)
20:33:51.695 INFO: JdwpEventCenterDelegate: THREAD_RESUMED: thread (33, main, main)
20:33:51.697 INFO: JdwpEventCenterDelegate: THREAD_RESUMED: thread (33, main, main)
20:33:51.700 INFO: JdwpEventCenterDelegate: THREAD_RESUMED: thread (33, main, main)
20:33:51.702 INFO: JdwpEventCenterDelegate: THREAD_RESUMED: thread (33, main, main)
20:33:51.704 INFO: JdwpEventCenterDelegate: THREAD_RESUMED: thread (33, main, main)
20:33:51.708 INFO: JdwpEventCenterDelegate: THREAD_RESUMED: thread (33, main, main)
20:33:51.723 INFO: JdwpEventCenterDelegate: THREAD_RESUMED: thread (33, main, main)
20:33:51.726 INFO: JdwpEventCenterDelegate: THREAD_RESUMED: thread (33, main, main)
20:33:51.728 INFO: JdwpEventCenterDelegate: THREAD_RESUMED: thread (33, main, main)
20:33:51.730 INFO: JdwpEventCenterDelegate: THREAD_RESUMED: thread (33, main, main)
20:33:51.731 INFO: JdwpEventCenterDelegate: THREAD_RESUMED: thread (33, main, main)
20:33:51.736 INFO: JdwpEventCenterDelegate: THREAD_RESUMED: thread (33, main, main)
20:33:51.750 INFO: JdwpEventCenterDelegate: THREAD_RESUMED: thread (33, main, main)
20:33:51.753 INFO: JdwpEventCenterDelegate: THREAD_RESUMED: thread (33, main, main)
20:33:51.755 INFO: JdwpEventCenterDelegate: THREAD_RESUMED: thread (33, main, main)
20:33:51.757 INFO: JdwpEventCenterDelegate: THREAD_RESUMED: thread (33, main, main)
20:33:51.759 INFO: JdwpEventCenterDelegate: THREAD_RESUMED: thread (33, main, main)
20:33:51.764 INFO: JdwpEventCenterDelegate: THREAD_RESUMED: thread (33, main, main)
20:33:51.786 INFO: JdwpEventCenterDelegate: THREAD_RESUMED: thread (33, main, main)
20:33:51.788 INFO: JdwpEventCenterDelegate: THREAD_RESUMED: thread (33, main, main)
20:33:51.790 INFO: JdwpEventCenterDelegate: THREAD_RESUMED: thread (33, main, main)
20:33:51.792 INFO: JdwpEventCenterDelegate: THREAD_RESUMED: thread (33, main, main)
20:33:51.794 INFO: JdwpEventCenterDelegate: THREAD_RESUMED: thread (33, main, main)
20:33:51.799 INFO: JdwpEventCenterDelegate: THREAD_RESUMED: thread (33, main, main)
20:33:51.817 INFO: JdwpEventCenterDelegate: THREAD_RESUMED: thread (33, main, main)
20:33:51.819 INFO: JdwpEventCenterDelegate: THREAD_RESUMED: thread (33, main, main)
20:33:51.821 INFO: JdwpEventCenterDelegate: THREAD_RESUMED: thread (33, main, main)
20:33:51.823 INFO: JdwpEventCenterDelegate: THREAD_RESUMED: thread (33, main, main)
20:33:51.825 INFO: JdwpEventCenterDelegate: THREAD_RESUMED: thread (33, main, main)
20:33:51.830 INFO: JdwpEventCenterDelegate: THREAD_RESUMED: thread (33, main, main)
20:33:51.849 INFO: JdwpEventCenterDelegate: THREAD_RESUMED: thread (33, main, main)
20:33:51.852 INFO: JdwpEventCenterDelegate: THREAD_RESUMED: thread (33, main, main)
20:33:51.854 INFO: JdwpEventCenterDelegate: THREAD_RESUMED: thread (33, main, main)
20:33:51.856 INFO: JdwpEventCenterDelegate: THREAD_RESUMED: thread (33, main, main)
20:33:51.859 INFO: JdwpEventCenterDelegate: THREAD_RESUMED: thread (33, main, main)
20:33:51.863 INFO: JdwpEventCenterDelegate: THREAD_RESUMED: thread (33, main, main)
20:33:51.878 INFO: JdwpEventCenterDelegate: THREAD_RESUMED: thread (33, main, main)
20:33:51.881 INFO: JdwpEventCenterDelegate: THREAD_RESUMED: thread (33, main, main)
20:33:51.883 INFO: JdwpEventCenterDelegate: THREAD_RESUMED: thread (33, main, main)
20:33:51.885 INFO: JdwpEventCenterDelegate: THREAD_RESUMED: thread (33, main, main)
20:33:51.888 INFO: JdwpEventCenterDelegate: THREAD_RESUMED: thread (33, main, main)
20:33:51.892 INFO: JdwpEventCenterDelegate: THREAD_RESUMED: thread (33, main, main)
20:33:51.907 INFO: JdwpEventCenterDelegate: THREAD_RESUMED: thread (33, main, main)
20:33:51.909 INFO: JdwpEventCenterDelegate: THREAD_RESUMED: thread (33, main, main)
20:33:51.911 INFO: JdwpEventCenterDelegate: THREAD_RESUMED: thread (33, main, main)
20:33:51.913 INFO: JdwpEventCenterDelegate: THREAD_RESUMED: thread (33, main, main)
20:33:51.915 INFO: JdwpEventCenterDelegate: THREAD_RESUMED: thread (33, main, main)
20:33:51.920 INFO: JdwpEventCenterDelegate: THREAD_RESUMED: thread (33, main, main)
20:33:51.939 INFO: JdwpEventCenterDelegate: THREAD_RESUMED: thread (33, main, main)
20:33:51.942 INFO: JdwpEventCenterDelegate: THREAD_RESUMED: thread (33, main, main)
20:33:51.944 INFO: JdwpEventCenterDelegate: THREAD_RESUMED: thread (33, main, main)
20:33:51.946 INFO: JdwpEventCenterDelegate: THREAD_RESUMED: thread (33, main, main)
20:33:51.948 INFO: JdwpEventCenterDelegate: THREAD_RESUMED: thread (33, main, main)
20:33:51.953 INFO: JdwpEventCenterDelegate: THREAD_RESUMED: thread (33, main, main)
20:33:51.977 INFO: JdwpEventCenterDelegate: THREAD_RESUMED: thread (33, main, main)
20:33:51.979 INFO: JdwpEventCenterDelegate: THREAD_RESUMED: thread (33, main, main)
20:33:51.981 INFO: JdwpEventCenterDelegate: THREAD_RESUMED: thread (33, main, main)
20:33:51.983 INFO: JdwpEventCenterDelegate: THREAD_RESUMED: thread (33, main, main)
20:33:51.984 INFO: JdwpEventCenterDelegate: THREAD_RESUMED: thread (33, main, main)
20:33:51.988 INFO: JdwpEventCenterDelegate: THREAD_RESUMED: thread (33, main, main)
20:33:52.006 INFO: JdwpEventCenterDelegate: THREAD_RESUMED: thread (33, main, main)
20:33:52.009 INFO: JdwpEventCenterDelegate: THREAD_RESUMED: thread (33, main, main)
20:33:52.011 INFO: JdwpEventCenterDelegate: THREAD_RESUMED: thread (33, main, main)
20:33:52.013 INFO: JdwpEventCenterDelegate: THREAD_RESUMED: thread (33, main, main)
20:33:52.015 INFO: JdwpEventCenterDelegate: THREAD_RESUMED: thread (33, main, main)
20:33:52.020 INFO: JdwpEventCenterDelegate: THREAD_RESUMED: thread (33, main, main)
20:33:52.032 INFO: JdwpEventCenterDelegate: THREAD_RESUMED: thread (33, main, main)
20:33:52.034 INFO: JdwpEventCenterDelegate: THREAD_RESUMED: thread (33, main, main)
20:33:52.036 INFO: JdwpEventCenterDelegate: THREAD_RESUMED: thread (33, main, main)
20:33:52.038 INFO: JdwpEventCenterDelegate: THREAD_RESUMED: thread (33, main, main)
20:33:52.041 INFO: JdwpEventCenterDelegate: THREAD_RESUMED: thread (33, main, main)
20:33:54.178 INFO: JdwpEventCenterDelegate: THREAD_STARTED: thread (108, Timer, main)
20:33:55.052 INFO: JdwpEventCenterDelegate: THREAD_RESUMED: thread (33, main, main)
20:33:55.084 INFO: JdwpEventCenterDelegate: THREAD_RESUMED: thread (33, main, main)
20:33:55.108 INFO: JdwpEventCenterDelegate: THREAD_RESUMED: thread (33, main, main)
20:33:55.126 INFO: JdwpEventCenterDelegate: THREAD_RESUMED: thread (33, main, main)
20:33:55.166 INFO: JdwpEventCenterDelegate: THREAD_RESUMED: thread (33, main, main)
20:33:55.200 INFO: JdwpEventCenterDelegate: THREAD_RESUMED: thread (33, main, main)
20:33:55.217 INFO: JdwpEventCenterDelegate: THREAD_RESUMED: thread (33, main, main)
20:33:55.233 INFO: JdwpEventCenterDelegate: THREAD_RESUMED: thread (33, main, main)
20:33:55.239 INFO: JdwpEventCenterDelegate: THREAD_RESUMED: thread (33, main, main)
20:33:55.253 INFO: JdwpEventCenterDelegate: THREAD_RESUMED: thread (33, main, main)
20:33:55.284 INFO: JdwpEventCenterDelegate: THREAD_RESUMED: thread (33, main, main)
20:33:55.296 INFO: JdwpEventCenterDelegate: THREAD_RESUMED: thread (33, main, main)
20:33:55.309 INFO: JdwpEventCenterDelegate: THREAD_RESUMED: thread (33, main, main)
20:33:55.321 INFO: JdwpEventCenterDelegate: THREAD_RESUMED: thread (33, main, main)
20:33:55.356 INFO: JdwpEventCenterDelegate: THREAD_RESUMED: thread (33, main, main)
20:33:55.390 INFO: JdwpEventCenterDelegate: THREAD_RESUMED: thread (33, main, main)
20:33:55.406 INFO: JdwpEventCenterDelegate: THREAD_RESUMED: thread (33, main, main)
20:33:55.420 INFO: JdwpEventCenterDelegate: THREAD_RESUMED: thread (33, main, main)
20:33:55.426 INFO: JdwpEventCenterDelegate: THREAD_RESUMED: thread (33, main, main)
20:33:55.439 INFO: JdwpEventCenterDelegate: THREAD_RESUMED: thread (33, main, main)
20:33:56.383 INFO: JdwpEventCenterDelegate: THREAD_RESUMED: thread (33, main, main)
20:33:56.385 INFO: JdwpEventCenterDelegate: THREAD_RESUMED: thread (33, main, main)
20:33:56.389 INFO: JdwpEventCenterDelegate: THREAD_RESUMED: thread (33, main, main)
20:33:56.392 INFO: JdwpEventCenterDelegate: THREAD_RESUMED: thread (33, main, main)
20:33:56.395 INFO: JdwpEventCenterDelegate: THREAD_RESUMED: thread (33, main, main)
20:33:56.397 INFO: JdwpEventCenterDelegate: THREAD_RESUMED: thread (33, main, main)
20:33:56.401 INFO: JdwpEventCenterDelegate: THREAD_RESUMED: thread (33, main, main)
20:33:56.459 INFO: JdwpEventCenterDelegate: THREAD_STARTED: thread (123, Thread-7, main)
20:34:09.654 INFO: JdwpEventCenterDelegate: THREAD_RESUMED: thread (33, main, main)
20:34:09.656 INFO: JdwpEventCenterDelegate: THREAD_RESUMED: thread (33, main, main)
20:34:09.658 INFO: JdwpEventCenterDelegate: THREAD_RESUMED: thread (33, main, main)
20:34:09.660 INFO: JdwpEventCenterDelegate: THREAD_RESUMED: thread (33, main, main)
20:34:09.662 INFO: JdwpEventCenterDelegate: THREAD_RESUMED: thread (33, main, main)
20:34:09.662 INFO: JdwpEventCenterDelegate: THREAD_DETTACHED: thread (33, main, main)
20:34:09.673 SEVERE: Debugger: Thread HooksChannel socket thread crashed
org.robovm.debugger.DebuggerException: java.io.IOException: org.robovm.libimobiledevice.LibIMobileDeviceException: IDEVICE_E_UNKNOWN_ERROR
	at org.robovm.debugger.hooks.HooksChannel.doSocketWork(HooksChannel.java:149)
	at java.base/java.lang.Thread.run(Thread.java:834)
	at org.robovm.debugger.utils.DebuggerThread.run(DebuggerThread.java:42)
Caused by: java.io.IOException: org.robovm.libimobiledevice.LibIMobileDeviceException: IDEVICE_E_UNKNOWN_ERROR
	at org.robovm.libimobiledevice.IDeviceConnection$DeviceInputStream.read(IDeviceConnection.java:203)
	at org.robovm.debugger.utils.bytebuffer.DataBufferWriter.writeFromStream(DataBufferWriter.java:89)
	at org.robovm.debugger.hooks.HooksChannel.doSocketWork(HooksChannel.java:116)
	... 2 more
Caused by: org.robovm.libimobiledevice.LibIMobileDeviceException: IDEVICE_E_UNKNOWN_ERROR
	at org.robovm.libimobiledevice.IDevice.checkResult(IDevice.java:206)
	at org.robovm.libimobiledevice.IDeviceConnection.receive(IDeviceConnection.java:110)
	at org.robovm.libimobiledevice.IDeviceConnection.receive(IDeviceConnection.java:81)
	at org.robovm.libimobiledevice.IDeviceConnection$DeviceInputStream.read(IDeviceConnection.java:201)
	... 4 more
20:34:09.680 INFO: JdwpDebugServer: handling req: VirtualMachine(1).Exit(10)
20:34:09.681 SEVERE: Debugger: Thread JDWP server socket thread crashed
org.robovm.debugger.DebuggerException: Terminating due exit command
	at org.robovm.debugger.jdwp.JdwpDebugServer.doSocketWork(JdwpDebugServer.java:211)
	at java.base/java.lang.Thread.run(Thread.java:834)
	at org.robovm.debugger.utils.DebuggerThread.run(DebuggerThread.java:42)
