01:33:12.377 INFO: JdwpDebugServer: handling req: VirtualMachine(1).IDSizes(7)
01:33:12.378 INFO: JdwpDebugServer: handling req: EventRequest(15).Set(1)
01:33:12.378 INFO: JdwpEventCenterDelegate: jdwpSetEventRequest: JdwpEventRequest{requestId=100, eventKind=CLASS_PREPARE, suspendPolicy=NONE, predicates=[]}
01:33:12.378 INFO: JdwpDebugServer: handling req: EventRequest(15).Set(1)
01:33:12.378 INFO: JdwpEventCenterDelegate: jdwpSetEventRequest: JdwpEventRequest{requestId=101, eventKind=CLASS_UNLOAD, suspendPolicy=NONE, predicates=[]}
01:33:12.399 INFO: JdwpDebugServer: handling req: VirtualMachine(1).Version(1)
01:33:12.400 INFO: JdwpDebugServer: handling req: VirtualMachine(1).capabilitiesNew(17)
01:33:12.400 INFO: JdwpDebugServer: handling req: VirtualMachine(1).capabilities(12)
01:33:12.400 INFO: JdwpDebugServer: handling req: VirtualMachine(1).AllClassesWithGeneric(20)
01:33:12.404 INFO: JdwpDebugServer: handling req: VirtualMachine(1).TopLevelThreadGroups(5)
01:33:12.404 INFO: JdwpDebugServer: handling req: EventRequest(15).Set(1)
01:33:12.404 INFO: JdwpEventCenterDelegate: jdwpSetEventRequest: JdwpEventRequest{requestId=102, eventKind=THREAD_START, suspendPolicy=NONE, predicates=[]}
01:33:12.404 INFO: JdwpDebugServer: handling req: EventRequest(15).Set(1)
01:33:12.404 INFO: JdwpEventCenterDelegate: jdwpSetEventRequest: JdwpEventRequest{requestId=103, eventKind=THREAD_DEATH, suspendPolicy=NONE, predicates=[]}
01:33:12.406 INFO: JdwpDebugServer: handling req: EventRequest(15).Set(1)
01:33:12.406 INFO: JdwpEventCenterDelegate: jdwpSetEventRequest: JdwpEventRequest{requestId=104, eventKind=CLASS_PREPARE, suspendPolicy=EVENT_THREAD, predicates=[className=sun.instrument.InstrumentationImpl]}
01:33:12.406 INFO: JdwpDebugServer: handling req: EventRequest(15).Set(1)
01:33:12.406 INFO: JdwpEventCenterDelegate: jdwpSetEventRequest: JdwpEventRequest{requestId=105, eventKind=CLASS_PREPARE, suspendPolicy=EVENT_THREAD, predicates=[className=sun.instrument.InstrumentationImpl]}
01:33:12.789 INFO: JdwpDebugServer: handling req: VirtualMachine(1).Resume(9)
01:33:12.827 INFO: JdwpEventCenterDelegate: THREAD_STARTED: thread (33, main, main)
01:33:12.843 INFO: JdwpEventCenterDelegate: THREAD_STARTED: thread (48, ReferenceQueueDaemon, main)
01:33:12.849 INFO: JdwpEventCenterDelegate: THREAD_STARTED: thread (63, FinalizerDaemon, main)
01:33:12.855 INFO: JdwpEventCenterDelegate: THREAD_STARTED: thread (78, FinalizerWatchdogDaemon, main)
01:33:12.858 INFO: JdwpEventCenterDelegate: THREAD_RESUMED: thread (33, main, main)
01:33:12.859 INFO: JdwpEventCenterDelegate: THREAD_RESUMED: thread (33, main, main)
01:33:12.860 INFO: JdwpEventCenterDelegate: THREAD_RESUMED: thread (33, main, main)
01:33:12.861 INFO: JdwpEventCenterDelegate: THREAD_RESUMED: thread (33, main, main)
01:33:12.862 INFO: JdwpEventCenterDelegate: THREAD_RESUMED: thread (33, main, main)
01:33:12.863 INFO: JdwpEventCenterDelegate: THREAD_RESUMED: thread (33, main, main)
01:33:12.865 INFO: JdwpEventCenterDelegate: THREAD_RESUMED: thread (33, main, main)
01:33:12.866 INFO: JdwpEventCenterDelegate: THREAD_RESUMED: thread (33, main, main)
01:33:12.868 INFO: JdwpEventCenterDelegate: THREAD_RESUMED: thread (33, main, main)
01:33:12.869 INFO: JdwpEventCenterDelegate: THREAD_RESUMED: thread (33, main, main)
01:33:12.870 INFO: JdwpEventCenterDelegate: THREAD_RESUMED: thread (33, main, main)
01:33:12.871 INFO: JdwpEventCenterDelegate: THREAD_RESUMED: thread (33, main, main)
01:33:12.872 INFO: JdwpEventCenterDelegate: THREAD_RESUMED: thread (33, main, main)
01:33:12.873 INFO: JdwpEventCenterDelegate: THREAD_RESUMED: thread (33, main, main)
01:33:12.874 INFO: JdwpEventCenterDelegate: THREAD_RESUMED: thread (33, main, main)
01:33:12.875 INFO: JdwpEventCenterDelegate: THREAD_RESUMED: thread (33, main, main)
01:33:12.877 INFO: JdwpEventCenterDelegate: THREAD_RESUMED: thread (33, main, main)
01:33:12.878 INFO: JdwpEventCenterDelegate: THREAD_RESUMED: thread (33, main, main)
01:33:12.881 INFO: JdwpEventCenterDelegate: THREAD_RESUMED: thread (33, main, main)
01:33:12.882 INFO: JdwpEventCenterDelegate: THREAD_RESUMED: thread (33, main, main)
01:33:12.883 INFO: JdwpEventCenterDelegate: THREAD_RESUMED: thread (33, main, main)
01:33:13.000 INFO: JdwpEventCenterDelegate: THREAD_RESUMED: thread (33, main, main)
01:33:13.002 INFO: JdwpEventCenterDelegate: THREAD_RESUMED: thread (33, main, main)
01:33:13.003 INFO: JdwpEventCenterDelegate: THREAD_RESUMED: thread (33, main, main)
01:33:13.004 INFO: JdwpEventCenterDelegate: THREAD_RESUMED: thread (33, main, main)
01:33:13.049 INFO: JdwpEventCenterDelegate: THREAD_RESUMED: thread (33, main, main)
01:33:13.051 INFO: JdwpEventCenterDelegate: THREAD_RESUMED: thread (33, main, main)
01:33:13.052 INFO: JdwpEventCenterDelegate: THREAD_RESUMED: thread (33, main, main)
01:33:13.053 INFO: JdwpEventCenterDelegate: THREAD_RESUMED: thread (33, main, main)
01:33:13.054 INFO: JdwpEventCenterDelegate: THREAD_RESUMED: thread (33, main, main)
01:33:13.056 INFO: JdwpEventCenterDelegate: THREAD_RESUMED: thread (33, main, main)
01:33:13.057 INFO: JdwpEventCenterDelegate: THREAD_RESUMED: thread (33, main, main)
01:33:13.060 INFO: JdwpEventCenterDelegate: THREAD_RESUMED: thread (33, main, main)
01:33:13.061 INFO: JdwpEventCenterDelegate: THREAD_RESUMED: thread (33, main, main)
01:33:13.063 INFO: JdwpEventCenterDelegate: THREAD_RESUMED: thread (33, main, main)
01:33:13.064 INFO: JdwpEventCenterDelegate: THREAD_RESUMED: thread (33, main, main)
01:33:13.066 INFO: JdwpEventCenterDelegate: THREAD_RESUMED: thread (33, main, main)
01:33:13.067 INFO: JdwpEventCenterDelegate: THREAD_RESUMED: thread (33, main, main)
01:33:13.068 INFO: JdwpEventCenterDelegate: THREAD_RESUMED: thread (33, main, main)
01:33:13.086 INFO: JdwpEventCenterDelegate: THREAD_RESUMED: thread (33, main, main)
01:33:13.087 INFO: JdwpEventCenterDelegate: THREAD_RESUMED: thread (33, main, main)
01:33:13.088 INFO: JdwpEventCenterDelegate: THREAD_RESUMED: thread (33, main, main)
01:33:13.090 INFO: JdwpEventCenterDelegate: THREAD_RESUMED: thread (33, main, main)
01:33:13.091 INFO: JdwpEventCenterDelegate: THREAD_RESUMED: thread (33, main, main)
01:33:13.092 INFO: JdwpEventCenterDelegate: THREAD_RESUMED: thread (33, main, main)
01:33:13.093 INFO: JdwpEventCenterDelegate: THREAD_RESUMED: thread (33, main, main)
01:33:13.117 INFO: JdwpEventCenterDelegate: THREAD_RESUMED: thread (33, main, main)
01:33:13.118 INFO: JdwpEventCenterDelegate: THREAD_RESUMED: thread (33, main, main)
01:33:13.119 INFO: JdwpEventCenterDelegate: THREAD_RESUMED: thread (33, main, main)
01:33:13.121 INFO: JdwpEventCenterDelegate: THREAD_RESUMED: thread (33, main, main)
01:33:13.122 INFO: JdwpEventCenterDelegate: THREAD_RESUMED: thread (33, main, main)
01:33:13.123 INFO: JdwpEventCenterDelegate: THREAD_RESUMED: thread (33, main, main)
01:33:13.124 INFO: JdwpEventCenterDelegate: THREAD_RESUMED: thread (33, main, main)
01:33:13.137 INFO: JdwpEventCenterDelegate: THREAD_RESUMED: thread (33, main, main)
01:33:13.138 INFO: JdwpEventCenterDelegate: THREAD_RESUMED: thread (33, main, main)
01:33:13.139 INFO: JdwpEventCenterDelegate: THREAD_RESUMED: thread (33, main, main)
01:33:13.141 INFO: JdwpEventCenterDelegate: THREAD_RESUMED: thread (33, main, main)
01:33:13.142 INFO: JdwpEventCenterDelegate: THREAD_RESUMED: thread (33, main, main)
01:33:13.143 INFO: JdwpEventCenterDelegate: THREAD_RESUMED: thread (33, main, main)
01:33:13.144 INFO: JdwpEventCenterDelegate: THREAD_RESUMED: thread (33, main, main)
01:33:13.168 INFO: JdwpEventCenterDelegate: THREAD_RESUMED: thread (33, main, main)
01:33:13.170 INFO: JdwpEventCenterDelegate: THREAD_RESUMED: thread (33, main, main)
01:33:13.171 INFO: JdwpEventCenterDelegate: THREAD_RESUMED: thread (33, main, main)
01:33:13.172 INFO: JdwpEventCenterDelegate: THREAD_RESUMED: thread (33, main, main)
01:33:13.173 INFO: JdwpEventCenterDelegate: THREAD_RESUMED: thread (33, main, main)
01:33:13.175 INFO: JdwpEventCenterDelegate: THREAD_RESUMED: thread (33, main, main)
01:33:13.176 INFO: JdwpEventCenterDelegate: THREAD_RESUMED: thread (33, main, main)
01:33:13.188 INFO: JdwpEventCenterDelegate: THREAD_RESUMED: thread (33, main, main)
01:33:13.189 INFO: JdwpEventCenterDelegate: THREAD_RESUMED: thread (33, main, main)
01:33:13.190 INFO: JdwpEventCenterDelegate: THREAD_RESUMED: thread (33, main, main)
01:33:13.192 INFO: JdwpEventCenterDelegate: THREAD_RESUMED: thread (33, main, main)
01:33:13.193 INFO: JdwpEventCenterDelegate: THREAD_RESUMED: thread (33, main, main)
01:33:13.194 INFO: JdwpEventCenterDelegate: THREAD_RESUMED: thread (33, main, main)
01:33:13.195 INFO: JdwpEventCenterDelegate: THREAD_RESUMED: thread (33, main, main)
01:33:13.204 INFO: JdwpEventCenterDelegate: THREAD_RESUMED: thread (33, main, main)
01:33:13.205 INFO: JdwpEventCenterDelegate: THREAD_RESUMED: thread (33, main, main)
01:33:13.206 INFO: JdwpEventCenterDelegate: THREAD_RESUMED: thread (33, main, main)
01:33:13.207 INFO: JdwpEventCenterDelegate: THREAD_RESUMED: thread (33, main, main)
01:33:13.208 INFO: JdwpEventCenterDelegate: THREAD_RESUMED: thread (33, main, main)
01:33:13.210 INFO: JdwpEventCenterDelegate: THREAD_RESUMED: thread (33, main, main)
01:33:13.211 INFO: JdwpEventCenterDelegate: THREAD_RESUMED: thread (33, main, main)
01:33:13.212 INFO: JdwpEventCenterDelegate: THREAD_RESUMED: thread (33, main, main)
01:33:13.213 INFO: JdwpEventCenterDelegate: THREAD_RESUMED: thread (33, main, main)
01:33:13.215 INFO: JdwpEventCenterDelegate: THREAD_RESUMED: thread (33, main, main)
01:33:13.216 INFO: JdwpEventCenterDelegate: THREAD_RESUMED: thread (33, main, main)
01:33:13.217 INFO: JdwpEventCenterDelegate: THREAD_RESUMED: thread (33, main, main)
01:33:13.218 INFO: JdwpEventCenterDelegate: THREAD_RESUMED: thread (33, main, main)
01:33:13.219 INFO: JdwpEventCenterDelegate: THREAD_RESUMED: thread (33, main, main)
01:33:13.221 INFO: JdwpEventCenterDelegate: THREAD_RESUMED: thread (33, main, main)
01:33:13.222 INFO: JdwpEventCenterDelegate: THREAD_RESUMED: thread (33, main, main)
01:33:13.223 INFO: JdwpEventCenterDelegate: THREAD_RESUMED: thread (33, main, main)
01:33:13.224 INFO: JdwpEventCenterDelegate: THREAD_RESUMED: thread (33, main, main)
01:33:13.228 INFO: JdwpEventCenterDelegate: THREAD_RESUMED: thread (33, main, main)
01:33:13.229 INFO: JdwpEventCenterDelegate: THREAD_RESUMED: thread (33, main, main)
01:33:13.358 INFO: JdwpEventCenterDelegate: THREAD_STARTED: thread (93, AssetManager, main)
01:33:13.463 INFO: JdwpEventCenterDelegate: THREAD_RESUMED: thread (33, main, main)
01:33:13.465 INFO: JdwpEventCenterDelegate: THREAD_RESUMED: thread (33, main, main)
01:33:16.036 INFO: JdwpEventCenterDelegate: THREAD_RESUMED: thread (33, main, main)
01:33:16.137 INFO: JdwpEventCenterDelegate: THREAD_RESUMED: thread (33, main, main)
01:33:16.139 INFO: JdwpEventCenterDelegate: THREAD_RESUMED: thread (33, main, main)
01:33:16.140 INFO: JdwpEventCenterDelegate: THREAD_RESUMED: thread (33, main, main)
01:33:16.142 INFO: JdwpEventCenterDelegate: THREAD_RESUMED: thread (33, main, main)
01:33:16.143 INFO: JdwpEventCenterDelegate: THREAD_RESUMED: thread (33, main, main)
01:33:16.149 INFO: JdwpEventCenterDelegate: THREAD_RESUMED: thread (33, main, main)
01:33:16.161 INFO: JdwpEventCenterDelegate: THREAD_RESUMED: thread (33, main, main)
01:33:16.163 INFO: JdwpEventCenterDelegate: THREAD_RESUMED: thread (33, main, main)
01:33:16.165 INFO: JdwpEventCenterDelegate: THREAD_RESUMED: thread (33, main, main)
01:33:16.168 INFO: JdwpEventCenterDelegate: THREAD_RESUMED: thread (33, main, main)
01:33:16.170 INFO: JdwpEventCenterDelegate: THREAD_RESUMED: thread (33, main, main)
01:33:16.175 INFO: JdwpEventCenterDelegate: THREAD_RESUMED: thread (33, main, main)
01:33:16.190 INFO: JdwpEventCenterDelegate: THREAD_RESUMED: thread (33, main, main)
01:33:16.192 INFO: JdwpEventCenterDelegate: THREAD_RESUMED: thread (33, main, main)
01:33:16.194 INFO: JdwpEventCenterDelegate: THREAD_RESUMED: thread (33, main, main)
01:33:16.196 INFO: JdwpEventCenterDelegate: THREAD_RESUMED: thread (33, main, main)
01:33:16.199 INFO: JdwpEventCenterDelegate: THREAD_RESUMED: thread (33, main, main)
01:33:16.203 INFO: JdwpEventCenterDelegate: THREAD_RESUMED: thread (33, main, main)
01:33:16.221 INFO: JdwpEventCenterDelegate: THREAD_RESUMED: thread (33, main, main)
01:33:16.224 INFO: JdwpEventCenterDelegate: THREAD_RESUMED: thread (33, main, main)
01:33:16.226 INFO: JdwpEventCenterDelegate: THREAD_RESUMED: thread (33, main, main)
01:33:16.228 INFO: JdwpEventCenterDelegate: THREAD_RESUMED: thread (33, main, main)
01:33:16.231 INFO: JdwpEventCenterDelegate: THREAD_RESUMED: thread (33, main, main)
01:33:16.236 INFO: JdwpEventCenterDelegate: THREAD_RESUMED: thread (33, main, main)
01:33:16.251 INFO: JdwpEventCenterDelegate: THREAD_RESUMED: thread (33, main, main)
01:33:16.254 INFO: JdwpEventCenterDelegate: THREAD_RESUMED: thread (33, main, main)
01:33:16.256 INFO: JdwpEventCenterDelegate: THREAD_RESUMED: thread (33, main, main)
01:33:16.258 INFO: JdwpEventCenterDelegate: THREAD_RESUMED: thread (33, main, main)
01:33:16.261 INFO: JdwpEventCenterDelegate: THREAD_RESUMED: thread (33, main, main)
01:33:16.266 INFO: JdwpEventCenterDelegate: THREAD_RESUMED: thread (33, main, main)
01:33:16.282 INFO: JdwpEventCenterDelegate: THREAD_RESUMED: thread (33, main, main)
01:33:16.284 INFO: JdwpEventCenterDelegate: THREAD_RESUMED: thread (33, main, main)
01:33:16.286 INFO: JdwpEventCenterDelegate: THREAD_RESUMED: thread (33, main, main)
01:33:16.289 INFO: JdwpEventCenterDelegate: THREAD_RESUMED: thread (33, main, main)
01:33:16.291 INFO: JdwpEventCenterDelegate: THREAD_RESUMED: thread (33, main, main)
01:33:16.296 INFO: JdwpEventCenterDelegate: THREAD_RESUMED: thread (33, main, main)
01:33:16.315 INFO: JdwpEventCenterDelegate: THREAD_RESUMED: thread (33, main, main)
01:33:16.317 INFO: JdwpEventCenterDelegate: THREAD_RESUMED: thread (33, main, main)
01:33:16.319 INFO: JdwpEventCenterDelegate: THREAD_RESUMED: thread (33, main, main)
01:33:16.322 INFO: JdwpEventCenterDelegate: THREAD_RESUMED: thread (33, main, main)
01:33:16.324 INFO: JdwpEventCenterDelegate: THREAD_RESUMED: thread (33, main, main)
01:33:16.329 INFO: JdwpEventCenterDelegate: THREAD_RESUMED: thread (33, main, main)
01:33:16.348 INFO: JdwpEventCenterDelegate: THREAD_RESUMED: thread (33, main, main)
01:33:16.350 INFO: JdwpEventCenterDelegate: THREAD_RESUMED: thread (33, main, main)
01:33:16.352 INFO: JdwpEventCenterDelegate: THREAD_RESUMED: thread (33, main, main)
01:33:16.355 INFO: JdwpEventCenterDelegate: THREAD_RESUMED: thread (33, main, main)
01:33:16.357 INFO: JdwpEventCenterDelegate: THREAD_RESUMED: thread (33, main, main)
01:33:16.362 INFO: JdwpEventCenterDelegate: THREAD_RESUMED: thread (33, main, main)
01:33:16.381 INFO: JdwpEventCenterDelegate: THREAD_RESUMED: thread (33, main, main)
01:33:16.383 INFO: JdwpEventCenterDelegate: THREAD_RESUMED: thread (33, main, main)
01:33:16.385 INFO: JdwpEventCenterDelegate: THREAD_RESUMED: thread (33, main, main)
01:33:16.387 INFO: JdwpEventCenterDelegate: THREAD_RESUMED: thread (33, main, main)
01:33:16.390 INFO: JdwpEventCenterDelegate: THREAD_RESUMED: thread (33, main, main)
01:33:16.395 INFO: JdwpEventCenterDelegate: THREAD_RESUMED: thread (33, main, main)
01:33:16.414 INFO: JdwpEventCenterDelegate: THREAD_RESUMED: thread (33, main, main)
01:33:16.416 INFO: JdwpEventCenterDelegate: THREAD_RESUMED: thread (33, main, main)
01:33:16.419 INFO: JdwpEventCenterDelegate: THREAD_RESUMED: thread (33, main, main)
01:33:16.421 INFO: JdwpEventCenterDelegate: THREAD_RESUMED: thread (33, main, main)
01:33:16.423 INFO: JdwpEventCenterDelegate: THREAD_RESUMED: thread (33, main, main)
01:33:16.428 INFO: JdwpEventCenterDelegate: THREAD_RESUMED: thread (33, main, main)
01:33:16.443 INFO: JdwpEventCenterDelegate: THREAD_RESUMED: thread (33, main, main)
01:33:16.445 INFO: JdwpEventCenterDelegate: THREAD_RESUMED: thread (33, main, main)
01:33:16.448 INFO: JdwpEventCenterDelegate: THREAD_RESUMED: thread (33, main, main)
01:33:16.450 INFO: JdwpEventCenterDelegate: THREAD_RESUMED: thread (33, main, main)
01:33:16.452 INFO: JdwpEventCenterDelegate: THREAD_RESUMED: thread (33, main, main)
01:33:16.457 INFO: JdwpEventCenterDelegate: THREAD_RESUMED: thread (33, main, main)
01:33:16.477 INFO: JdwpEventCenterDelegate: THREAD_RESUMED: thread (33, main, main)
01:33:16.479 INFO: JdwpEventCenterDelegate: THREAD_RESUMED: thread (33, main, main)
01:33:16.482 INFO: JdwpEventCenterDelegate: THREAD_RESUMED: thread (33, main, main)
01:33:16.484 INFO: JdwpEventCenterDelegate: THREAD_RESUMED: thread (33, main, main)
01:33:16.486 INFO: JdwpEventCenterDelegate: THREAD_RESUMED: thread (33, main, main)
01:33:16.491 INFO: JdwpEventCenterDelegate: THREAD_RESUMED: thread (33, main, main)
01:33:16.513 INFO: JdwpEventCenterDelegate: THREAD_RESUMED: thread (33, main, main)
01:33:16.515 INFO: JdwpEventCenterDelegate: THREAD_RESUMED: thread (33, main, main)
01:33:16.517 INFO: JdwpEventCenterDelegate: THREAD_RESUMED: thread (33, main, main)
01:33:16.519 INFO: JdwpEventCenterDelegate: THREAD_RESUMED: thread (33, main, main)
01:33:16.521 INFO: JdwpEventCenterDelegate: THREAD_RESUMED: thread (33, main, main)
01:33:16.527 INFO: JdwpEventCenterDelegate: THREAD_RESUMED: thread (33, main, main)
01:33:16.546 INFO: JdwpEventCenterDelegate: THREAD_RESUMED: thread (33, main, main)
01:33:16.548 INFO: JdwpEventCenterDelegate: THREAD_RESUMED: thread (33, main, main)
01:33:16.550 INFO: JdwpEventCenterDelegate: THREAD_RESUMED: thread (33, main, main)
01:33:16.552 INFO: JdwpEventCenterDelegate: THREAD_RESUMED: thread (33, main, main)
01:33:16.553 INFO: JdwpEventCenterDelegate: THREAD_RESUMED: thread (33, main, main)
01:33:16.558 INFO: JdwpEventCenterDelegate: THREAD_RESUMED: thread (33, main, main)
01:33:16.572 INFO: JdwpEventCenterDelegate: THREAD_RESUMED: thread (33, main, main)
01:33:16.574 INFO: JdwpEventCenterDelegate: THREAD_RESUMED: thread (33, main, main)
01:33:16.577 INFO: JdwpEventCenterDelegate: THREAD_RESUMED: thread (33, main, main)
01:33:16.579 INFO: JdwpEventCenterDelegate: THREAD_RESUMED: thread (33, main, main)
01:33:16.581 INFO: JdwpEventCenterDelegate: THREAD_RESUMED: thread (33, main, main)
01:33:16.587 INFO: JdwpEventCenterDelegate: THREAD_RESUMED: thread (33, main, main)
01:33:16.589 INFO: JdwpEventCenterDelegate: THREAD_RESUMED: thread (33, main, main)
01:33:16.591 INFO: JdwpEventCenterDelegate: THREAD_RESUMED: thread (33, main, main)
01:33:16.594 INFO: JdwpEventCenterDelegate: THREAD_RESUMED: thread (33, main, main)
01:33:16.596 INFO: JdwpEventCenterDelegate: THREAD_RESUMED: thread (33, main, main)
01:33:16.598 INFO: JdwpEventCenterDelegate: THREAD_RESUMED: thread (33, main, main)
01:33:16.601 INFO: JdwpEventCenterDelegate: THREAD_RESUMED: thread (33, main, main)
01:33:16.605 INFO: JdwpEventCenterDelegate: THREAD_RESUMED: thread (33, main, main)
01:33:16.608 INFO: JdwpEventCenterDelegate: THREAD_RESUMED: thread (33, main, main)
01:33:16.611 INFO: JdwpEventCenterDelegate: THREAD_RESUMED: thread (33, main, main)
01:33:16.613 INFO: JdwpEventCenterDelegate: THREAD_RESUMED: thread (33, main, main)
01:33:16.617 INFO: JdwpEventCenterDelegate: THREAD_RESUMED: thread (33, main, main)
01:33:16.619 INFO: JdwpEventCenterDelegate: THREAD_RESUMED: thread (33, main, main)
01:33:16.621 INFO: JdwpEventCenterDelegate: THREAD_RESUMED: thread (33, main, main)
01:33:16.624 INFO: JdwpEventCenterDelegate: THREAD_RESUMED: thread (33, main, main)
01:33:16.626 INFO: JdwpEventCenterDelegate: THREAD_RESUMED: thread (33, main, main)
01:33:16.631 INFO: JdwpEventCenterDelegate: THREAD_RESUMED: thread (33, main, main)
01:33:16.645 INFO: JdwpEventCenterDelegate: THREAD_RESUMED: thread (33, main, main)
01:33:16.658 INFO: JdwpEventCenterDelegate: THREAD_RESUMED: thread (33, main, main)
01:33:16.669 INFO: JdwpEventCenterDelegate: THREAD_RESUMED: thread (33, main, main)
01:33:16.682 INFO: JdwpEventCenterDelegate: THREAD_RESUMED: thread (33, main, main)
01:33:16.715 INFO: JdwpEventCenterDelegate: THREAD_RESUMED: thread (33, main, main)
01:33:16.717 INFO: JdwpEventCenterDelegate: THREAD_RESUMED: thread (33, main, main)
01:33:16.719 INFO: JdwpEventCenterDelegate: THREAD_RESUMED: thread (33, main, main)
01:33:16.721 INFO: JdwpEventCenterDelegate: THREAD_RESUMED: thread (33, main, main)
01:33:16.723 INFO: JdwpEventCenterDelegate: THREAD_RESUMED: thread (33, main, main)
01:33:16.728 INFO: JdwpEventCenterDelegate: THREAD_RESUMED: thread (33, main, main)
01:33:16.740 INFO: JdwpEventCenterDelegate: THREAD_RESUMED: thread (33, main, main)
01:33:16.742 INFO: JdwpEventCenterDelegate: THREAD_RESUMED: thread (33, main, main)
01:33:16.745 INFO: JdwpEventCenterDelegate: THREAD_RESUMED: thread (33, main, main)
01:33:16.747 INFO: JdwpEventCenterDelegate: THREAD_RESUMED: thread (33, main, main)
01:33:16.749 INFO: JdwpEventCenterDelegate: THREAD_RESUMED: thread (33, main, main)
01:33:16.754 INFO: JdwpEventCenterDelegate: THREAD_RESUMED: thread (33, main, main)
01:33:16.768 INFO: JdwpEventCenterDelegate: THREAD_RESUMED: thread (33, main, main)
01:33:16.770 INFO: JdwpEventCenterDelegate: THREAD_RESUMED: thread (33, main, main)
01:33:16.773 INFO: JdwpEventCenterDelegate: THREAD_RESUMED: thread (33, main, main)
01:33:16.775 INFO: JdwpEventCenterDelegate: THREAD_RESUMED: thread (33, main, main)
01:33:16.777 INFO: JdwpEventCenterDelegate: THREAD_RESUMED: thread (33, main, main)
01:33:16.782 INFO: JdwpEventCenterDelegate: THREAD_RESUMED: thread (33, main, main)
01:33:16.799 INFO: JdwpEventCenterDelegate: THREAD_RESUMED: thread (33, main, main)
01:33:16.801 INFO: JdwpEventCenterDelegate: THREAD_RESUMED: thread (33, main, main)
01:33:16.804 INFO: JdwpEventCenterDelegate: THREAD_RESUMED: thread (33, main, main)
01:33:16.806 INFO: JdwpEventCenterDelegate: THREAD_RESUMED: thread (33, main, main)
01:33:16.808 INFO: JdwpEventCenterDelegate: THREAD_RESUMED: thread (33, main, main)
01:33:16.813 INFO: JdwpEventCenterDelegate: THREAD_RESUMED: thread (33, main, main)
01:33:16.828 INFO: JdwpEventCenterDelegate: THREAD_RESUMED: thread (33, main, main)
01:33:16.830 INFO: JdwpEventCenterDelegate: THREAD_RESUMED: thread (33, main, main)
01:33:16.832 INFO: JdwpEventCenterDelegate: THREAD_RESUMED: thread (33, main, main)
01:33:16.834 INFO: JdwpEventCenterDelegate: THREAD_RESUMED: thread (33, main, main)
01:33:16.836 INFO: JdwpEventCenterDelegate: THREAD_RESUMED: thread (33, main, main)
01:33:16.840 INFO: JdwpEventCenterDelegate: THREAD_RESUMED: thread (33, main, main)
01:33:16.855 INFO: JdwpEventCenterDelegate: THREAD_RESUMED: thread (33, main, main)
01:33:16.858 INFO: JdwpEventCenterDelegate: THREAD_RESUMED: thread (33, main, main)
01:33:16.860 INFO: JdwpEventCenterDelegate: THREAD_RESUMED: thread (33, main, main)
01:33:16.862 INFO: JdwpEventCenterDelegate: THREAD_RESUMED: thread (33, main, main)
01:33:16.864 INFO: JdwpEventCenterDelegate: THREAD_RESUMED: thread (33, main, main)
01:33:16.868 INFO: JdwpEventCenterDelegate: THREAD_RESUMED: thread (33, main, main)
01:33:16.890 INFO: JdwpEventCenterDelegate: THREAD_RESUMED: thread (33, main, main)
01:33:16.892 INFO: JdwpEventCenterDelegate: THREAD_RESUMED: thread (33, main, main)
01:33:16.894 INFO: JdwpEventCenterDelegate: THREAD_RESUMED: thread (33, main, main)
01:33:16.895 INFO: JdwpEventCenterDelegate: THREAD_RESUMED: thread (33, main, main)
01:33:16.897 INFO: JdwpEventCenterDelegate: THREAD_RESUMED: thread (33, main, main)
01:33:16.901 INFO: JdwpEventCenterDelegate: THREAD_RESUMED: thread (33, main, main)
01:33:16.919 INFO: JdwpEventCenterDelegate: THREAD_RESUMED: thread (33, main, main)
01:33:16.921 INFO: JdwpEventCenterDelegate: THREAD_RESUMED: thread (33, main, main)
01:33:16.923 INFO: JdwpEventCenterDelegate: THREAD_RESUMED: thread (33, main, main)
01:33:16.925 INFO: JdwpEventCenterDelegate: THREAD_RESUMED: thread (33, main, main)
01:33:16.927 INFO: JdwpEventCenterDelegate: THREAD_RESUMED: thread (33, main, main)
01:33:16.931 INFO: JdwpEventCenterDelegate: THREAD_RESUMED: thread (33, main, main)
01:33:16.949 INFO: JdwpEventCenterDelegate: THREAD_RESUMED: thread (33, main, main)
01:33:16.951 INFO: JdwpEventCenterDelegate: THREAD_RESUMED: thread (33, main, main)
01:33:16.953 INFO: JdwpEventCenterDelegate: THREAD_RESUMED: thread (33, main, main)
01:33:16.955 INFO: JdwpEventCenterDelegate: THREAD_RESUMED: thread (33, main, main)
01:33:16.957 INFO: JdwpEventCenterDelegate: THREAD_RESUMED: thread (33, main, main)
01:33:16.961 INFO: JdwpEventCenterDelegate: THREAD_RESUMED: thread (33, main, main)
01:33:16.975 INFO: JdwpEventCenterDelegate: THREAD_RESUMED: thread (33, main, main)
01:33:16.977 INFO: JdwpEventCenterDelegate: THREAD_RESUMED: thread (33, main, main)
01:33:16.979 INFO: JdwpEventCenterDelegate: THREAD_RESUMED: thread (33, main, main)
01:33:16.981 INFO: JdwpEventCenterDelegate: THREAD_RESUMED: thread (33, main, main)
01:33:16.983 INFO: JdwpEventCenterDelegate: THREAD_RESUMED: thread (33, main, main)
01:33:16.987 INFO: JdwpEventCenterDelegate: THREAD_RESUMED: thread (33, main, main)
01:33:17.001 INFO: JdwpEventCenterDelegate: THREAD_RESUMED: thread (33, main, main)
01:33:17.003 INFO: JdwpEventCenterDelegate: THREAD_RESUMED: thread (33, main, main)
01:33:17.005 INFO: JdwpEventCenterDelegate: THREAD_RESUMED: thread (33, main, main)
01:33:17.007 INFO: JdwpEventCenterDelegate: THREAD_RESUMED: thread (33, main, main)
01:33:17.009 INFO: JdwpEventCenterDelegate: THREAD_RESUMED: thread (33, main, main)
01:33:17.013 INFO: JdwpEventCenterDelegate: THREAD_RESUMED: thread (33, main, main)
01:33:17.032 INFO: JdwpEventCenterDelegate: THREAD_RESUMED: thread (33, main, main)
01:33:17.034 INFO: JdwpEventCenterDelegate: THREAD_RESUMED: thread (33, main, main)
01:33:17.037 INFO: JdwpEventCenterDelegate: THREAD_RESUMED: thread (33, main, main)
01:33:17.039 INFO: JdwpEventCenterDelegate: THREAD_RESUMED: thread (33, main, main)
01:33:17.041 INFO: JdwpEventCenterDelegate: THREAD_RESUMED: thread (33, main, main)
01:33:17.046 INFO: JdwpEventCenterDelegate: THREAD_RESUMED: thread (33, main, main)
01:33:17.070 INFO: JdwpEventCenterDelegate: THREAD_RESUMED: thread (33, main, main)
01:33:17.072 INFO: JdwpEventCenterDelegate: THREAD_RESUMED: thread (33, main, main)
01:33:17.075 INFO: JdwpEventCenterDelegate: THREAD_RESUMED: thread (33, main, main)
01:33:17.077 INFO: JdwpEventCenterDelegate: THREAD_RESUMED: thread (33, main, main)
01:33:17.079 INFO: JdwpEventCenterDelegate: THREAD_RESUMED: thread (33, main, main)
01:33:17.084 INFO: JdwpEventCenterDelegate: THREAD_RESUMED: thread (33, main, main)
01:33:17.101 INFO: JdwpEventCenterDelegate: THREAD_RESUMED: thread (33, main, main)
01:33:17.104 INFO: JdwpEventCenterDelegate: THREAD_RESUMED: thread (33, main, main)
01:33:17.106 INFO: JdwpEventCenterDelegate: THREAD_RESUMED: thread (33, main, main)
01:33:17.108 INFO: JdwpEventCenterDelegate: THREAD_RESUMED: thread (33, main, main)
01:33:17.110 INFO: JdwpEventCenterDelegate: THREAD_RESUMED: thread (33, main, main)
01:33:17.115 INFO: JdwpEventCenterDelegate: THREAD_RESUMED: thread (33, main, main)
01:33:17.127 INFO: JdwpEventCenterDelegate: THREAD_RESUMED: thread (33, main, main)
01:33:17.130 INFO: JdwpEventCenterDelegate: THREAD_RESUMED: thread (33, main, main)
01:33:17.132 INFO: JdwpEventCenterDelegate: THREAD_RESUMED: thread (33, main, main)
01:33:17.134 INFO: JdwpEventCenterDelegate: THREAD_RESUMED: thread (33, main, main)
01:33:17.136 INFO: JdwpEventCenterDelegate: THREAD_RESUMED: thread (33, main, main)
01:33:18.713 INFO: JdwpEventCenterDelegate: THREAD_STARTED: thread (108, Timer, main)
01:33:19.606 INFO: JdwpEventCenterDelegate: THREAD_RESUMED: thread (33, main, main)
01:33:19.641 INFO: JdwpEventCenterDelegate: THREAD_RESUMED: thread (33, main, main)
01:33:19.665 INFO: JdwpEventCenterDelegate: THREAD_RESUMED: thread (33, main, main)
01:33:19.685 INFO: JdwpEventCenterDelegate: THREAD_RESUMED: thread (33, main, main)
01:33:19.722 INFO: JdwpEventCenterDelegate: THREAD_RESUMED: thread (33, main, main)
01:33:19.757 INFO: JdwpEventCenterDelegate: THREAD_RESUMED: thread (33, main, main)
01:33:19.774 INFO: JdwpEventCenterDelegate: THREAD_RESUMED: thread (33, main, main)
01:33:19.789 INFO: JdwpEventCenterDelegate: THREAD_RESUMED: thread (33, main, main)
01:33:19.796 INFO: JdwpEventCenterDelegate: THREAD_RESUMED: thread (33, main, main)
01:33:19.810 INFO: JdwpEventCenterDelegate: THREAD_RESUMED: thread (33, main, main)
01:33:19.841 INFO: JdwpEventCenterDelegate: THREAD_RESUMED: thread (33, main, main)
01:33:19.853 INFO: JdwpEventCenterDelegate: THREAD_RESUMED: thread (33, main, main)
01:33:19.865 INFO: JdwpEventCenterDelegate: THREAD_RESUMED: thread (33, main, main)
01:33:19.877 INFO: JdwpEventCenterDelegate: THREAD_RESUMED: thread (33, main, main)
01:33:19.912 INFO: JdwpEventCenterDelegate: THREAD_RESUMED: thread (33, main, main)
01:33:19.945 INFO: JdwpEventCenterDelegate: THREAD_RESUMED: thread (33, main, main)
01:33:19.961 INFO: JdwpEventCenterDelegate: THREAD_RESUMED: thread (33, main, main)
01:33:19.975 INFO: JdwpEventCenterDelegate: THREAD_RESUMED: thread (33, main, main)
01:33:19.981 INFO: JdwpEventCenterDelegate: THREAD_RESUMED: thread (33, main, main)
01:33:19.995 INFO: JdwpEventCenterDelegate: THREAD_RESUMED: thread (33, main, main)
01:33:50.569 SEVERE: Debugger: Thread HooksChannel socket thread crashed
org.robovm.debugger.DebuggerException: java.io.IOException: org.robovm.libimobiledevice.LibIMobileDeviceException: IDEVICE_E_UNKNOWN_ERROR
	at org.robovm.debugger.hooks.HooksChannel.doSocketWork(HooksChannel.java:149)
	at java.base/java.lang.Thread.run(Thread.java:834)
	at org.robovm.debugger.utils.DebuggerThread.run(DebuggerThread.java:42)
Caused by: java.io.IOException: org.robovm.libimobiledevice.LibIMobileDeviceException: IDEVICE_E_UNKNOWN_ERROR
	at org.robovm.libimobiledevice.IDeviceConnection$DeviceInputStream.read(IDeviceConnection.java:203)
	at org.robovm.debugger.utils.bytebuffer.DataBufferWriter.writeFromStream(DataBufferWriter.java:89)
	at org.robovm.debugger.hooks.HooksChannel.doSocketWork(HooksChannel.java:116)
	... 2 more
Caused by: org.robovm.libimobiledevice.LibIMobileDeviceException: IDEVICE_E_UNKNOWN_ERROR
	at org.robovm.libimobiledevice.IDevice.checkResult(IDevice.java:206)
	at org.robovm.libimobiledevice.IDeviceConnection.receive(IDeviceConnection.java:110)
	at org.robovm.libimobiledevice.IDeviceConnection.receive(IDeviceConnection.java:81)
	at org.robovm.libimobiledevice.IDeviceConnection$DeviceInputStream.read(IDeviceConnection.java:201)
	... 4 more
01:33:50.574 INFO: JdwpDebugServer: handling req: VirtualMachine(1).Exit(10)
01:33:50.574 SEVERE: Debugger: Thread JDWP server socket thread crashed
org.robovm.debugger.DebuggerException: Terminating due exit command
	at org.robovm.debugger.jdwp.JdwpDebugServer.doSocketWork(JdwpDebugServer.java:211)
	at java.base/java.lang.Thread.run(Thread.java:834)
	at org.robovm.debugger.utils.DebuggerThread.run(DebuggerThread.java:42)
