14:51:47.475 INFO: JdwpDebugServer: handling req: VirtualMachine(1).IDSizes(7)
14:51:47.475 INFO: JdwpDebugServer: handling req: EventRequest(15).Set(1)
14:51:47.475 INFO: JdwpEventCenterDelegate: jdwpSetEventRequest: JdwpEventRequest{requestId=100, eventKind=CLASS_PREPARE, suspendPolicy=NONE, predicates=[]}
14:51:47.476 INFO: JdwpDebugServer: handling req: EventRequest(15).Set(1)
14:51:47.476 INFO: JdwpEventCenterDelegate: jdwpSetEventRequest: JdwpEventRequest{requestId=101, eventKind=CLASS_UNLOAD, suspendPolicy=NONE, predicates=[]}
14:51:47.492 INFO: JdwpDebugServer: handling req: VirtualMachine(1).Version(1)
14:51:47.492 INFO: JdwpDebugServer: handling req: VirtualMachine(1).capabilitiesNew(17)
14:51:47.492 INFO: JdwpDebugServer: handling req: VirtualMachine(1).capabilities(12)
14:51:47.492 INFO: JdwpDebugServer: handling req: VirtualMachine(1).AllClassesWithGeneric(20)
14:51:47.512 INFO: JdwpDebugServer: handling req: VirtualMachine(1).TopLevelThreadGroups(5)
14:51:47.513 INFO: JdwpDebugServer: handling req: EventRequest(15).Set(1)
14:51:47.513 INFO: JdwpEventCenterDelegate: jdwpSetEventRequest: JdwpEventRequest{requestId=102, eventKind=THREAD_START, suspendPolicy=NONE, predicates=[]}
14:51:47.513 INFO: JdwpDebugServer: handling req: EventRequest(15).Set(1)
14:51:47.513 INFO: JdwpEventCenterDelegate: jdwpSetEventRequest: JdwpEventRequest{requestId=103, eventKind=THREAD_DEATH, suspendPolicy=NONE, predicates=[]}
14:51:47.514 INFO: JdwpDebugServer: handling req: EventRequest(15).Set(1)
14:51:47.514 INFO: JdwpEventCenterDelegate: jdwpSetEventRequest: JdwpEventRequest{requestId=104, eventKind=CLASS_PREPARE, suspendPolicy=EVENT_THREAD, predicates=[className=sun.instrument.InstrumentationImpl]}
14:51:47.515 INFO: JdwpDebugServer: handling req: EventRequest(15).Set(1)
14:51:47.515 INFO: JdwpEventCenterDelegate: jdwpSetEventRequest: JdwpEventRequest{requestId=105, eventKind=CLASS_PREPARE, suspendPolicy=EVENT_THREAD, predicates=[className=sun.instrument.InstrumentationImpl]}
14:51:48.093 INFO: JdwpDebugServer: handling req: VirtualMachine(1).Resume(9)
14:51:48.166 INFO: JdwpEventCenterDelegate: THREAD_STARTED: thread (33, main, main)
14:51:48.228 INFO: JdwpEventCenterDelegate: THREAD_STARTED: thread (48, FinalizerDaemon, main)
14:51:48.236 INFO: JdwpEventCenterDelegate: THREAD_STARTED: thread (63, ReferenceQueueDaemon, main)
14:51:48.243 INFO: JdwpEventCenterDelegate: THREAD_STARTED: thread (78, FinalizerWatchdogDaemon, main)
14:51:48.245 INFO: JdwpEventCenterDelegate: THREAD_RESUMED: thread (33, main, main)
14:51:48.247 INFO: JdwpEventCenterDelegate: THREAD_RESUMED: thread (33, main, main)
14:51:48.248 INFO: JdwpEventCenterDelegate: THREAD_RESUMED: thread (33, main, main)
14:51:48.249 INFO: JdwpEventCenterDelegate: THREAD_RESUMED: thread (33, main, main)
14:51:48.250 INFO: JdwpEventCenterDelegate: THREAD_RESUMED: thread (33, main, main)
14:51:48.252 INFO: JdwpEventCenterDelegate: THREAD_RESUMED: thread (33, main, main)
14:51:48.253 INFO: JdwpEventCenterDelegate: THREAD_RESUMED: thread (33, main, main)
14:51:48.254 INFO: JdwpEventCenterDelegate: THREAD_RESUMED: thread (33, main, main)
14:51:48.255 INFO: JdwpEventCenterDelegate: THREAD_RESUMED: thread (33, main, main)
14:51:48.257 INFO: JdwpEventCenterDelegate: THREAD_RESUMED: thread (33, main, main)
14:51:48.258 INFO: JdwpEventCenterDelegate: THREAD_RESUMED: thread (33, main, main)
14:51:48.259 INFO: JdwpEventCenterDelegate: THREAD_RESUMED: thread (33, main, main)
14:51:48.260 INFO: JdwpEventCenterDelegate: THREAD_RESUMED: thread (33, main, main)
14:51:48.261 INFO: JdwpEventCenterDelegate: THREAD_RESUMED: thread (33, main, main)
14:51:48.263 INFO: JdwpEventCenterDelegate: THREAD_RESUMED: thread (33, main, main)
14:51:48.264 INFO: JdwpEventCenterDelegate: THREAD_RESUMED: thread (33, main, main)
14:51:48.265 INFO: JdwpEventCenterDelegate: THREAD_RESUMED: thread (33, main, main)
14:51:48.266 INFO: JdwpEventCenterDelegate: THREAD_RESUMED: thread (33, main, main)
14:51:48.271 INFO: JdwpEventCenterDelegate: THREAD_RESUMED: thread (33, main, main)
14:51:48.272 INFO: JdwpEventCenterDelegate: THREAD_RESUMED: thread (33, main, main)
14:51:48.273 INFO: JdwpEventCenterDelegate: THREAD_RESUMED: thread (33, main, main)
14:51:48.274 INFO: JdwpEventCenterDelegate: THREAD_RESUMED: thread (33, main, main)
14:51:48.275 INFO: JdwpEventCenterDelegate: THREAD_RESUMED: thread (33, main, main)
14:51:48.276 INFO: JdwpEventCenterDelegate: THREAD_RESUMED: thread (33, main, main)
14:51:48.278 INFO: JdwpEventCenterDelegate: THREAD_RESUMED: thread (33, main, main)
14:51:48.330 INFO: JdwpEventCenterDelegate: THREAD_RESUMED: thread (33, main, main)
14:51:48.331 INFO: JdwpEventCenterDelegate: THREAD_RESUMED: thread (33, main, main)
14:51:48.333 INFO: JdwpEventCenterDelegate: THREAD_RESUMED: thread (33, main, main)
14:51:48.334 INFO: JdwpEventCenterDelegate: THREAD_RESUMED: thread (33, main, main)
14:51:48.335 INFO: JdwpEventCenterDelegate: THREAD_RESUMED: thread (33, main, main)
14:51:48.336 INFO: JdwpEventCenterDelegate: THREAD_RESUMED: thread (33, main, main)
14:51:48.338 INFO: JdwpEventCenterDelegate: THREAD_RESUMED: thread (33, main, main)
14:51:48.340 INFO: JdwpEventCenterDelegate: THREAD_RESUMED: thread (33, main, main)
14:51:48.341 INFO: JdwpEventCenterDelegate: THREAD_RESUMED: thread (33, main, main)
14:51:48.342 INFO: JdwpEventCenterDelegate: THREAD_RESUMED: thread (33, main, main)
14:51:48.344 INFO: JdwpEventCenterDelegate: THREAD_RESUMED: thread (33, main, main)
14:51:48.345 INFO: JdwpEventCenterDelegate: THREAD_RESUMED: thread (33, main, main)
14:51:48.346 INFO: JdwpEventCenterDelegate: THREAD_RESUMED: thread (33, main, main)
14:51:48.347 INFO: JdwpEventCenterDelegate: THREAD_RESUMED: thread (33, main, main)
14:51:48.375 INFO: JdwpEventCenterDelegate: THREAD_RESUMED: thread (33, main, main)
14:51:48.376 INFO: JdwpEventCenterDelegate: THREAD_RESUMED: thread (33, main, main)
14:51:48.378 INFO: JdwpEventCenterDelegate: THREAD_RESUMED: thread (33, main, main)
14:51:48.379 INFO: JdwpEventCenterDelegate: THREAD_RESUMED: thread (33, main, main)
14:51:48.381 INFO: JdwpEventCenterDelegate: THREAD_RESUMED: thread (33, main, main)
14:51:48.382 INFO: JdwpEventCenterDelegate: THREAD_RESUMED: thread (33, main, main)
14:51:48.383 INFO: JdwpEventCenterDelegate: THREAD_RESUMED: thread (33, main, main)
14:51:48.427 INFO: JdwpEventCenterDelegate: THREAD_RESUMED: thread (33, main, main)
14:51:48.428 INFO: JdwpEventCenterDelegate: THREAD_RESUMED: thread (33, main, main)
14:51:48.430 INFO: JdwpEventCenterDelegate: THREAD_RESUMED: thread (33, main, main)
14:51:48.431 INFO: JdwpEventCenterDelegate: THREAD_RESUMED: thread (33, main, main)
14:51:48.432 INFO: JdwpEventCenterDelegate: THREAD_RESUMED: thread (33, main, main)
14:51:48.434 INFO: JdwpEventCenterDelegate: THREAD_RESUMED: thread (33, main, main)
14:51:48.435 INFO: JdwpEventCenterDelegate: THREAD_RESUMED: thread (33, main, main)
14:51:48.503 INFO: JdwpEventCenterDelegate: THREAD_RESUMED: thread (33, main, main)
14:51:48.504 INFO: JdwpEventCenterDelegate: THREAD_RESUMED: thread (33, main, main)
14:51:48.506 INFO: JdwpEventCenterDelegate: THREAD_RESUMED: thread (33, main, main)
14:51:48.507 INFO: JdwpEventCenterDelegate: THREAD_RESUMED: thread (33, main, main)
14:51:48.509 INFO: JdwpEventCenterDelegate: THREAD_RESUMED: thread (33, main, main)
14:51:48.510 INFO: JdwpEventCenterDelegate: THREAD_RESUMED: thread (33, main, main)
14:51:48.512 INFO: JdwpEventCenterDelegate: THREAD_RESUMED: thread (33, main, main)
14:51:48.540 INFO: JdwpEventCenterDelegate: THREAD_RESUMED: thread (33, main, main)
14:51:48.541 INFO: JdwpEventCenterDelegate: THREAD_RESUMED: thread (33, main, main)
14:51:48.542 INFO: JdwpEventCenterDelegate: THREAD_RESUMED: thread (33, main, main)
14:51:48.544 INFO: JdwpEventCenterDelegate: THREAD_RESUMED: thread (33, main, main)
14:51:48.545 INFO: JdwpEventCenterDelegate: THREAD_RESUMED: thread (33, main, main)
14:51:48.547 INFO: JdwpEventCenterDelegate: THREAD_RESUMED: thread (33, main, main)
14:51:48.548 INFO: JdwpEventCenterDelegate: THREAD_RESUMED: thread (33, main, main)
14:51:48.565 INFO: JdwpEventCenterDelegate: THREAD_RESUMED: thread (33, main, main)
14:51:48.566 INFO: JdwpEventCenterDelegate: THREAD_RESUMED: thread (33, main, main)
14:51:48.568 INFO: JdwpEventCenterDelegate: THREAD_RESUMED: thread (33, main, main)
14:51:48.569 INFO: JdwpEventCenterDelegate: THREAD_RESUMED: thread (33, main, main)
14:51:48.571 INFO: JdwpEventCenterDelegate: THREAD_RESUMED: thread (33, main, main)
14:51:48.572 INFO: JdwpEventCenterDelegate: THREAD_RESUMED: thread (33, main, main)
14:51:48.573 INFO: JdwpEventCenterDelegate: THREAD_RESUMED: thread (33, main, main)
14:51:48.575 INFO: JdwpEventCenterDelegate: THREAD_RESUMED: thread (33, main, main)
14:51:48.577 INFO: JdwpEventCenterDelegate: THREAD_RESUMED: thread (33, main, main)
14:51:48.578 INFO: JdwpEventCenterDelegate: THREAD_RESUMED: thread (33, main, main)
14:51:48.580 INFO: JdwpEventCenterDelegate: THREAD_RESUMED: thread (33, main, main)
14:51:48.581 INFO: JdwpEventCenterDelegate: THREAD_RESUMED: thread (33, main, main)
14:51:48.583 INFO: JdwpEventCenterDelegate: THREAD_RESUMED: thread (33, main, main)
14:51:48.584 INFO: JdwpEventCenterDelegate: THREAD_RESUMED: thread (33, main, main)
14:51:48.585 INFO: JdwpEventCenterDelegate: THREAD_RESUMED: thread (33, main, main)
14:51:48.587 INFO: JdwpEventCenterDelegate: THREAD_RESUMED: thread (33, main, main)
14:51:48.588 INFO: JdwpEventCenterDelegate: THREAD_RESUMED: thread (33, main, main)
14:51:48.589 INFO: JdwpEventCenterDelegate: THREAD_RESUMED: thread (33, main, main)
14:51:48.592 INFO: JdwpEventCenterDelegate: THREAD_RESUMED: thread (33, main, main)
14:51:48.594 INFO: JdwpEventCenterDelegate: THREAD_RESUMED: thread (33, main, main)
14:51:48.742 INFO: JdwpEventCenterDelegate: THREAD_STARTED: thread (93, AssetManager, main)
14:51:48.847 INFO: JdwpEventCenterDelegate: THREAD_RESUMED: thread (33, main, main)
14:51:48.850 INFO: JdwpEventCenterDelegate: THREAD_RESUMED: thread (33, main, main)
14:51:51.416 INFO: JdwpEventCenterDelegate: THREAD_RESUMED: thread (33, main, main)
14:51:51.517 INFO: JdwpEventCenterDelegate: THREAD_RESUMED: thread (33, main, main)
14:51:51.519 INFO: JdwpEventCenterDelegate: THREAD_RESUMED: thread (33, main, main)
14:51:51.522 INFO: JdwpEventCenterDelegate: THREAD_RESUMED: thread (33, main, main)
14:51:51.523 INFO: JdwpEventCenterDelegate: THREAD_RESUMED: thread (33, main, main)
14:51:51.525 INFO: JdwpEventCenterDelegate: THREAD_RESUMED: thread (33, main, main)
14:51:51.532 INFO: JdwpEventCenterDelegate: THREAD_RESUMED: thread (33, main, main)
14:51:51.544 INFO: JdwpEventCenterDelegate: THREAD_RESUMED: thread (33, main, main)
14:51:51.546 INFO: JdwpEventCenterDelegate: THREAD_RESUMED: thread (33, main, main)
14:51:51.548 INFO: JdwpEventCenterDelegate: THREAD_RESUMED: thread (33, main, main)
14:51:51.551 INFO: JdwpEventCenterDelegate: THREAD_RESUMED: thread (33, main, main)
14:51:51.553 INFO: JdwpEventCenterDelegate: THREAD_RESUMED: thread (33, main, main)
14:51:51.558 INFO: JdwpEventCenterDelegate: THREAD_RESUMED: thread (33, main, main)
14:51:51.573 INFO: JdwpEventCenterDelegate: THREAD_RESUMED: thread (33, main, main)
14:51:51.575 INFO: JdwpEventCenterDelegate: THREAD_RESUMED: thread (33, main, main)
14:51:51.577 INFO: JdwpEventCenterDelegate: THREAD_RESUMED: thread (33, main, main)
14:51:51.580 INFO: JdwpEventCenterDelegate: THREAD_RESUMED: thread (33, main, main)
14:51:51.582 INFO: JdwpEventCenterDelegate: THREAD_RESUMED: thread (33, main, main)
14:51:51.587 INFO: JdwpEventCenterDelegate: THREAD_RESUMED: thread (33, main, main)
14:51:51.605 INFO: JdwpEventCenterDelegate: THREAD_RESUMED: thread (33, main, main)
14:51:51.608 INFO: JdwpEventCenterDelegate: THREAD_RESUMED: thread (33, main, main)
14:51:51.610 INFO: JdwpEventCenterDelegate: THREAD_RESUMED: thread (33, main, main)
14:51:51.612 INFO: JdwpEventCenterDelegate: THREAD_RESUMED: thread (33, main, main)
14:51:51.614 INFO: JdwpEventCenterDelegate: THREAD_RESUMED: thread (33, main, main)
14:51:51.619 INFO: JdwpEventCenterDelegate: THREAD_RESUMED: thread (33, main, main)
14:51:51.635 INFO: JdwpEventCenterDelegate: THREAD_RESUMED: thread (33, main, main)
14:51:51.637 INFO: JdwpEventCenterDelegate: THREAD_RESUMED: thread (33, main, main)
14:51:51.640 INFO: JdwpEventCenterDelegate: THREAD_RESUMED: thread (33, main, main)
14:51:51.642 INFO: JdwpEventCenterDelegate: THREAD_RESUMED: thread (33, main, main)
14:51:51.644 INFO: JdwpEventCenterDelegate: THREAD_RESUMED: thread (33, main, main)
14:51:51.650 INFO: JdwpEventCenterDelegate: THREAD_RESUMED: thread (33, main, main)
14:51:51.665 INFO: JdwpEventCenterDelegate: THREAD_RESUMED: thread (33, main, main)
14:51:51.667 INFO: JdwpEventCenterDelegate: THREAD_RESUMED: thread (33, main, main)
14:51:51.669 INFO: JdwpEventCenterDelegate: THREAD_RESUMED: thread (33, main, main)
14:51:51.672 INFO: JdwpEventCenterDelegate: THREAD_RESUMED: thread (33, main, main)
14:51:51.674 INFO: JdwpEventCenterDelegate: THREAD_RESUMED: thread (33, main, main)
14:51:51.679 INFO: JdwpEventCenterDelegate: THREAD_RESUMED: thread (33, main, main)
14:51:51.698 INFO: JdwpEventCenterDelegate: THREAD_RESUMED: thread (33, main, main)
14:51:51.700 INFO: JdwpEventCenterDelegate: THREAD_RESUMED: thread (33, main, main)
14:51:51.702 INFO: JdwpEventCenterDelegate: THREAD_RESUMED: thread (33, main, main)
14:51:51.703 INFO: JdwpEventCenterDelegate: THREAD_RESUMED: thread (33, main, main)
14:51:51.705 INFO: JdwpEventCenterDelegate: THREAD_RESUMED: thread (33, main, main)
14:51:51.709 INFO: JdwpEventCenterDelegate: THREAD_RESUMED: thread (33, main, main)
14:51:51.729 INFO: JdwpEventCenterDelegate: THREAD_RESUMED: thread (33, main, main)
14:51:51.731 INFO: JdwpEventCenterDelegate: THREAD_RESUMED: thread (33, main, main)
14:51:51.733 INFO: JdwpEventCenterDelegate: THREAD_RESUMED: thread (33, main, main)
14:51:51.736 INFO: JdwpEventCenterDelegate: THREAD_RESUMED: thread (33, main, main)
14:51:51.738 INFO: JdwpEventCenterDelegate: THREAD_RESUMED: thread (33, main, main)
14:51:51.743 INFO: JdwpEventCenterDelegate: THREAD_RESUMED: thread (33, main, main)
14:51:51.762 INFO: JdwpEventCenterDelegate: THREAD_RESUMED: thread (33, main, main)
14:51:51.764 INFO: JdwpEventCenterDelegate: THREAD_RESUMED: thread (33, main, main)
14:51:51.766 INFO: JdwpEventCenterDelegate: THREAD_RESUMED: thread (33, main, main)
14:51:51.768 INFO: JdwpEventCenterDelegate: THREAD_RESUMED: thread (33, main, main)
14:51:51.770 INFO: JdwpEventCenterDelegate: THREAD_RESUMED: thread (33, main, main)
14:51:51.775 INFO: JdwpEventCenterDelegate: THREAD_RESUMED: thread (33, main, main)
14:51:51.794 INFO: JdwpEventCenterDelegate: THREAD_RESUMED: thread (33, main, main)
14:51:51.796 INFO: JdwpEventCenterDelegate: THREAD_RESUMED: thread (33, main, main)
14:51:51.798 INFO: JdwpEventCenterDelegate: THREAD_RESUMED: thread (33, main, main)
14:51:51.800 INFO: JdwpEventCenterDelegate: THREAD_RESUMED: thread (33, main, main)
14:51:51.802 INFO: JdwpEventCenterDelegate: THREAD_RESUMED: thread (33, main, main)
14:51:51.807 INFO: JdwpEventCenterDelegate: THREAD_RESUMED: thread (33, main, main)
14:51:51.822 INFO: JdwpEventCenterDelegate: THREAD_RESUMED: thread (33, main, main)
14:51:51.825 INFO: JdwpEventCenterDelegate: THREAD_RESUMED: thread (33, main, main)
14:51:51.827 INFO: JdwpEventCenterDelegate: THREAD_RESUMED: thread (33, main, main)
14:51:51.830 INFO: JdwpEventCenterDelegate: THREAD_RESUMED: thread (33, main, main)
14:51:51.832 INFO: JdwpEventCenterDelegate: THREAD_RESUMED: thread (33, main, main)
14:51:51.837 INFO: JdwpEventCenterDelegate: THREAD_RESUMED: thread (33, main, main)
14:51:51.857 INFO: JdwpEventCenterDelegate: THREAD_RESUMED: thread (33, main, main)
14:51:51.859 INFO: JdwpEventCenterDelegate: THREAD_RESUMED: thread (33, main, main)
14:51:51.861 INFO: JdwpEventCenterDelegate: THREAD_RESUMED: thread (33, main, main)
14:51:51.864 INFO: JdwpEventCenterDelegate: THREAD_RESUMED: thread (33, main, main)
14:51:51.866 INFO: JdwpEventCenterDelegate: THREAD_RESUMED: thread (33, main, main)
14:51:51.870 INFO: JdwpEventCenterDelegate: THREAD_RESUMED: thread (33, main, main)
14:51:51.892 INFO: JdwpEventCenterDelegate: THREAD_RESUMED: thread (33, main, main)
14:51:51.895 INFO: JdwpEventCenterDelegate: THREAD_RESUMED: thread (33, main, main)
14:51:51.897 INFO: JdwpEventCenterDelegate: THREAD_RESUMED: thread (33, main, main)
14:51:51.899 INFO: JdwpEventCenterDelegate: THREAD_RESUMED: thread (33, main, main)
14:51:51.901 INFO: JdwpEventCenterDelegate: THREAD_RESUMED: thread (33, main, main)
14:51:51.906 INFO: JdwpEventCenterDelegate: THREAD_RESUMED: thread (33, main, main)
14:51:51.925 INFO: JdwpEventCenterDelegate: THREAD_RESUMED: thread (33, main, main)
14:51:51.928 INFO: JdwpEventCenterDelegate: THREAD_RESUMED: thread (33, main, main)
14:51:51.930 INFO: JdwpEventCenterDelegate: THREAD_RESUMED: thread (33, main, main)
14:51:51.932 INFO: JdwpEventCenterDelegate: THREAD_RESUMED: thread (33, main, main)
14:51:51.934 INFO: JdwpEventCenterDelegate: THREAD_RESUMED: thread (33, main, main)
14:51:51.939 INFO: JdwpEventCenterDelegate: THREAD_RESUMED: thread (33, main, main)
14:51:51.952 INFO: JdwpEventCenterDelegate: THREAD_RESUMED: thread (33, main, main)
14:51:51.954 INFO: JdwpEventCenterDelegate: THREAD_RESUMED: thread (33, main, main)
14:51:51.956 INFO: JdwpEventCenterDelegate: THREAD_RESUMED: thread (33, main, main)
14:51:51.957 INFO: JdwpEventCenterDelegate: THREAD_RESUMED: thread (33, main, main)
14:51:51.959 INFO: JdwpEventCenterDelegate: THREAD_RESUMED: thread (33, main, main)
14:51:51.963 INFO: JdwpEventCenterDelegate: THREAD_RESUMED: thread (33, main, main)
14:51:51.965 INFO: JdwpEventCenterDelegate: THREAD_RESUMED: thread (33, main, main)
14:51:51.967 INFO: JdwpEventCenterDelegate: THREAD_RESUMED: thread (33, main, main)
14:51:51.969 INFO: JdwpEventCenterDelegate: THREAD_RESUMED: thread (33, main, main)
14:51:51.971 INFO: JdwpEventCenterDelegate: THREAD_RESUMED: thread (33, main, main)
14:51:51.972 INFO: JdwpEventCenterDelegate: THREAD_RESUMED: thread (33, main, main)
14:51:51.974 INFO: JdwpEventCenterDelegate: THREAD_RESUMED: thread (33, main, main)
14:51:51.978 INFO: JdwpEventCenterDelegate: THREAD_RESUMED: thread (33, main, main)
14:51:51.981 INFO: JdwpEventCenterDelegate: THREAD_RESUMED: thread (33, main, main)
14:51:51.983 INFO: JdwpEventCenterDelegate: THREAD_RESUMED: thread (33, main, main)
14:51:51.985 INFO: JdwpEventCenterDelegate: THREAD_RESUMED: thread (33, main, main)
14:51:52.010 INFO: JdwpEventCenterDelegate: THREAD_RESUMED: thread (33, main, main)
14:51:52.012 INFO: JdwpEventCenterDelegate: THREAD_RESUMED: thread (33, main, main)
14:51:52.013 INFO: JdwpEventCenterDelegate: THREAD_RESUMED: thread (33, main, main)
14:51:52.015 INFO: JdwpEventCenterDelegate: THREAD_RESUMED: thread (33, main, main)
14:51:52.016 INFO: JdwpEventCenterDelegate: THREAD_RESUMED: thread (33, main, main)
14:51:52.017 INFO: JdwpEventCenterDelegate: THREAD_RESUMED: thread (33, main, main)
14:51:52.019 INFO: JdwpEventCenterDelegate: THREAD_RESUMED: thread (33, main, main)
14:51:52.023 INFO: JdwpEventCenterDelegate: THREAD_RESUMED: thread (33, main, main)
14:51:52.025 INFO: JdwpEventCenterDelegate: THREAD_RESUMED: thread (33, main, main)
14:51:52.026 INFO: JdwpEventCenterDelegate: THREAD_RESUMED: thread (33, main, main)
14:51:52.027 INFO: JdwpEventCenterDelegate: THREAD_RESUMED: thread (33, main, main)
14:51:52.029 INFO: JdwpEventCenterDelegate: THREAD_RESUMED: thread (33, main, main)
14:51:52.033 INFO: JdwpEventCenterDelegate: THREAD_RESUMED: thread (33, main, main)
14:51:52.045 INFO: JdwpEventCenterDelegate: THREAD_RESUMED: thread (33, main, main)
14:51:52.057 INFO: JdwpEventCenterDelegate: THREAD_RESUMED: thread (33, main, main)
14:51:52.067 INFO: JdwpEventCenterDelegate: THREAD_RESUMED: thread (33, main, main)
14:51:52.082 INFO: JdwpEventCenterDelegate: THREAD_RESUMED: thread (33, main, main)
14:51:52.113 INFO: JdwpEventCenterDelegate: THREAD_RESUMED: thread (33, main, main)
14:51:52.115 INFO: JdwpEventCenterDelegate: THREAD_RESUMED: thread (33, main, main)
14:51:52.116 INFO: JdwpEventCenterDelegate: THREAD_RESUMED: thread (33, main, main)
14:51:52.118 INFO: JdwpEventCenterDelegate: THREAD_RESUMED: thread (33, main, main)
14:51:52.119 INFO: JdwpEventCenterDelegate: THREAD_RESUMED: thread (33, main, main)
14:51:52.123 INFO: JdwpEventCenterDelegate: THREAD_RESUMED: thread (33, main, main)
14:51:52.134 INFO: JdwpEventCenterDelegate: THREAD_RESUMED: thread (33, main, main)
14:51:52.136 INFO: JdwpEventCenterDelegate: THREAD_RESUMED: thread (33, main, main)
14:51:52.137 INFO: JdwpEventCenterDelegate: THREAD_RESUMED: thread (33, main, main)
14:51:52.139 INFO: JdwpEventCenterDelegate: THREAD_RESUMED: thread (33, main, main)
14:51:52.140 INFO: JdwpEventCenterDelegate: THREAD_RESUMED: thread (33, main, main)
14:51:52.144 INFO: JdwpEventCenterDelegate: THREAD_RESUMED: thread (33, main, main)
14:51:52.158 INFO: JdwpEventCenterDelegate: THREAD_RESUMED: thread (33, main, main)
14:51:52.159 INFO: JdwpEventCenterDelegate: THREAD_RESUMED: thread (33, main, main)
14:51:52.162 INFO: JdwpEventCenterDelegate: THREAD_RESUMED: thread (33, main, main)
14:51:52.164 INFO: JdwpEventCenterDelegate: THREAD_RESUMED: thread (33, main, main)
14:51:52.166 INFO: JdwpEventCenterDelegate: THREAD_RESUMED: thread (33, main, main)
14:51:52.170 INFO: JdwpEventCenterDelegate: THREAD_RESUMED: thread (33, main, main)
14:51:52.187 INFO: JdwpEventCenterDelegate: THREAD_RESUMED: thread (33, main, main)
14:51:52.189 INFO: JdwpEventCenterDelegate: THREAD_RESUMED: thread (33, main, main)
14:51:52.191 INFO: JdwpEventCenterDelegate: THREAD_RESUMED: thread (33, main, main)
14:51:52.193 INFO: JdwpEventCenterDelegate: THREAD_RESUMED: thread (33, main, main)
14:51:52.195 INFO: JdwpEventCenterDelegate: THREAD_RESUMED: thread (33, main, main)
14:51:52.199 INFO: JdwpEventCenterDelegate: THREAD_RESUMED: thread (33, main, main)
14:51:52.214 INFO: JdwpEventCenterDelegate: THREAD_RESUMED: thread (33, main, main)
14:51:52.215 INFO: JdwpEventCenterDelegate: THREAD_RESUMED: thread (33, main, main)
14:51:52.217 INFO: JdwpEventCenterDelegate: THREAD_RESUMED: thread (33, main, main)
14:51:52.219 INFO: JdwpEventCenterDelegate: THREAD_RESUMED: thread (33, main, main)
14:51:52.221 INFO: JdwpEventCenterDelegate: THREAD_RESUMED: thread (33, main, main)
14:51:52.225 INFO: JdwpEventCenterDelegate: THREAD_RESUMED: thread (33, main, main)
14:51:52.244 INFO: JdwpEventCenterDelegate: THREAD_RESUMED: thread (33, main, main)
14:51:52.246 INFO: JdwpEventCenterDelegate: THREAD_RESUMED: thread (33, main, main)
14:51:52.248 INFO: JdwpEventCenterDelegate: THREAD_RESUMED: thread (33, main, main)
14:51:52.250 INFO: JdwpEventCenterDelegate: THREAD_RESUMED: thread (33, main, main)
14:51:52.253 INFO: JdwpEventCenterDelegate: THREAD_RESUMED: thread (33, main, main)
14:51:52.257 INFO: JdwpEventCenterDelegate: THREAD_RESUMED: thread (33, main, main)
14:51:52.275 INFO: JdwpEventCenterDelegate: THREAD_RESUMED: thread (33, main, main)
14:51:52.277 INFO: JdwpEventCenterDelegate: THREAD_RESUMED: thread (33, main, main)
14:51:52.278 INFO: JdwpEventCenterDelegate: THREAD_RESUMED: thread (33, main, main)
14:51:52.281 INFO: JdwpEventCenterDelegate: THREAD_RESUMED: thread (33, main, main)
14:51:52.282 INFO: JdwpEventCenterDelegate: THREAD_RESUMED: thread (33, main, main)
14:51:52.286 INFO: JdwpEventCenterDelegate: THREAD_RESUMED: thread (33, main, main)
14:51:52.304 INFO: JdwpEventCenterDelegate: THREAD_RESUMED: thread (33, main, main)
14:51:52.305 INFO: JdwpEventCenterDelegate: THREAD_RESUMED: thread (33, main, main)
14:51:52.307 INFO: JdwpEventCenterDelegate: THREAD_RESUMED: thread (33, main, main)
14:51:52.309 INFO: JdwpEventCenterDelegate: THREAD_RESUMED: thread (33, main, main)
14:51:52.311 INFO: JdwpEventCenterDelegate: THREAD_RESUMED: thread (33, main, main)
14:51:52.315 INFO: JdwpEventCenterDelegate: THREAD_RESUMED: thread (33, main, main)
14:51:52.332 INFO: JdwpEventCenterDelegate: THREAD_RESUMED: thread (33, main, main)
14:51:52.334 INFO: JdwpEventCenterDelegate: THREAD_RESUMED: thread (33, main, main)
14:51:52.336 INFO: JdwpEventCenterDelegate: THREAD_RESUMED: thread (33, main, main)
14:51:52.338 INFO: JdwpEventCenterDelegate: THREAD_RESUMED: thread (33, main, main)
14:51:52.339 INFO: JdwpEventCenterDelegate: THREAD_RESUMED: thread (33, main, main)
14:51:52.344 INFO: JdwpEventCenterDelegate: THREAD_RESUMED: thread (33, main, main)
14:51:52.358 INFO: JdwpEventCenterDelegate: THREAD_RESUMED: thread (33, main, main)
14:51:52.361 INFO: JdwpEventCenterDelegate: THREAD_RESUMED: thread (33, main, main)
14:51:52.363 INFO: JdwpEventCenterDelegate: THREAD_RESUMED: thread (33, main, main)
14:51:52.365 INFO: JdwpEventCenterDelegate: THREAD_RESUMED: thread (33, main, main)
14:51:52.367 INFO: JdwpEventCenterDelegate: THREAD_RESUMED: thread (33, main, main)
14:51:52.372 INFO: JdwpEventCenterDelegate: THREAD_RESUMED: thread (33, main, main)
14:51:52.386 INFO: JdwpEventCenterDelegate: THREAD_RESUMED: thread (33, main, main)
14:51:52.388 INFO: JdwpEventCenterDelegate: THREAD_RESUMED: thread (33, main, main)
14:51:52.390 INFO: JdwpEventCenterDelegate: THREAD_RESUMED: thread (33, main, main)
14:51:52.392 INFO: JdwpEventCenterDelegate: THREAD_RESUMED: thread (33, main, main)
14:51:52.394 INFO: JdwpEventCenterDelegate: THREAD_RESUMED: thread (33, main, main)
14:51:52.399 INFO: JdwpEventCenterDelegate: THREAD_RESUMED: thread (33, main, main)
14:51:52.421 INFO: JdwpEventCenterDelegate: THREAD_RESUMED: thread (33, main, main)
14:51:52.423 INFO: JdwpEventCenterDelegate: THREAD_RESUMED: thread (33, main, main)
14:51:52.425 INFO: JdwpEventCenterDelegate: THREAD_RESUMED: thread (33, main, main)
14:51:52.427 INFO: JdwpEventCenterDelegate: THREAD_RESUMED: thread (33, main, main)
14:51:52.429 INFO: JdwpEventCenterDelegate: THREAD_RESUMED: thread (33, main, main)
14:51:52.434 INFO: JdwpEventCenterDelegate: THREAD_RESUMED: thread (33, main, main)
14:51:52.454 INFO: JdwpEventCenterDelegate: THREAD_RESUMED: thread (33, main, main)
14:51:52.456 INFO: JdwpEventCenterDelegate: THREAD_RESUMED: thread (33, main, main)
14:51:52.457 INFO: JdwpEventCenterDelegate: THREAD_RESUMED: thread (33, main, main)
14:51:52.459 INFO: JdwpEventCenterDelegate: THREAD_RESUMED: thread (33, main, main)
14:51:52.461 INFO: JdwpEventCenterDelegate: THREAD_RESUMED: thread (33, main, main)
14:51:52.466 INFO: JdwpEventCenterDelegate: THREAD_RESUMED: thread (33, main, main)
14:51:52.483 INFO: JdwpEventCenterDelegate: THREAD_RESUMED: thread (33, main, main)
14:51:52.485 INFO: JdwpEventCenterDelegate: THREAD_RESUMED: thread (33, main, main)
14:51:52.487 INFO: JdwpEventCenterDelegate: THREAD_RESUMED: thread (33, main, main)
14:51:52.489 INFO: JdwpEventCenterDelegate: THREAD_RESUMED: thread (33, main, main)
14:51:52.490 INFO: JdwpEventCenterDelegate: THREAD_RESUMED: thread (33, main, main)
14:51:52.494 INFO: JdwpEventCenterDelegate: THREAD_RESUMED: thread (33, main, main)
14:51:52.506 INFO: JdwpEventCenterDelegate: THREAD_RESUMED: thread (33, main, main)
14:51:52.508 INFO: JdwpEventCenterDelegate: THREAD_RESUMED: thread (33, main, main)
14:51:52.510 INFO: JdwpEventCenterDelegate: THREAD_RESUMED: thread (33, main, main)
14:51:52.513 INFO: JdwpEventCenterDelegate: THREAD_RESUMED: thread (33, main, main)
14:51:52.514 INFO: JdwpEventCenterDelegate: THREAD_RESUMED: thread (33, main, main)
14:52:14.722 INFO: JdwpEventCenterDelegate: THREAD_STARTED: thread (108, Timer, main)
14:52:15.597 INFO: JdwpEventCenterDelegate: THREAD_RESUMED: thread (33, main, main)
14:52:15.629 INFO: JdwpEventCenterDelegate: THREAD_RESUMED: thread (33, main, main)
14:52:15.651 INFO: JdwpEventCenterDelegate: THREAD_RESUMED: thread (33, main, main)
14:52:15.669 INFO: JdwpEventCenterDelegate: THREAD_RESUMED: thread (33, main, main)
14:52:15.712 INFO: JdwpEventCenterDelegate: THREAD_RESUMED: thread (33, main, main)
14:52:15.747 INFO: JdwpEventCenterDelegate: THREAD_RESUMED: thread (33, main, main)
14:52:15.764 INFO: JdwpEventCenterDelegate: THREAD_RESUMED: thread (33, main, main)
14:52:15.779 INFO: JdwpEventCenterDelegate: THREAD_RESUMED: thread (33, main, main)
14:52:15.786 INFO: JdwpEventCenterDelegate: THREAD_RESUMED: thread (33, main, main)
14:52:15.800 INFO: JdwpEventCenterDelegate: THREAD_RESUMED: thread (33, main, main)
14:52:15.832 INFO: JdwpEventCenterDelegate: THREAD_RESUMED: thread (33, main, main)
14:52:15.844 INFO: JdwpEventCenterDelegate: THREAD_RESUMED: thread (33, main, main)
14:52:15.855 INFO: JdwpEventCenterDelegate: THREAD_RESUMED: thread (33, main, main)
14:52:15.867 INFO: JdwpEventCenterDelegate: THREAD_RESUMED: thread (33, main, main)
14:52:15.902 INFO: JdwpEventCenterDelegate: THREAD_RESUMED: thread (33, main, main)
14:52:15.935 INFO: JdwpEventCenterDelegate: THREAD_RESUMED: thread (33, main, main)
14:52:15.951 INFO: JdwpEventCenterDelegate: THREAD_RESUMED: thread (33, main, main)
14:52:15.965 INFO: JdwpEventCenterDelegate: THREAD_RESUMED: thread (33, main, main)
14:52:15.972 INFO: JdwpEventCenterDelegate: THREAD_RESUMED: thread (33, main, main)
14:52:15.985 INFO: JdwpEventCenterDelegate: THREAD_RESUMED: thread (33, main, main)
14:52:17.125 INFO: JdwpEventCenterDelegate: THREAD_STARTED: thread (123, Thread-7, main)
14:52:20.466 INFO: JdwpEventCenterDelegate: THREAD_RESUMED: thread (33, main, main)
14:52:20.504 INFO: JdwpEventCenterDelegate: THREAD_RESUMED: thread (33, main, main)
14:52:20.529 INFO: JdwpEventCenterDelegate: THREAD_RESUMED: thread (33, main, main)
14:52:20.548 INFO: JdwpEventCenterDelegate: THREAD_RESUMED: thread (33, main, main)
14:52:20.589 INFO: JdwpEventCenterDelegate: THREAD_RESUMED: thread (33, main, main)
14:52:20.622 INFO: JdwpEventCenterDelegate: THREAD_RESUMED: thread (33, main, main)
14:52:20.638 INFO: JdwpEventCenterDelegate: THREAD_RESUMED: thread (33, main, main)
14:52:20.653 INFO: JdwpEventCenterDelegate: THREAD_RESUMED: thread (33, main, main)
14:52:20.659 INFO: JdwpEventCenterDelegate: THREAD_RESUMED: thread (33, main, main)
14:52:20.673 INFO: JdwpEventCenterDelegate: THREAD_RESUMED: thread (33, main, main)
14:52:20.703 INFO: JdwpEventCenterDelegate: THREAD_RESUMED: thread (33, main, main)
14:52:20.716 INFO: JdwpEventCenterDelegate: THREAD_RESUMED: thread (33, main, main)
14:52:20.728 INFO: JdwpEventCenterDelegate: THREAD_RESUMED: thread (33, main, main)
14:52:20.741 INFO: JdwpEventCenterDelegate: THREAD_RESUMED: thread (33, main, main)
14:52:20.776 INFO: JdwpEventCenterDelegate: THREAD_RESUMED: thread (33, main, main)
14:52:20.809 INFO: JdwpEventCenterDelegate: THREAD_RESUMED: thread (33, main, main)
14:52:20.825 INFO: JdwpEventCenterDelegate: THREAD_RESUMED: thread (33, main, main)
14:52:20.840 INFO: JdwpEventCenterDelegate: THREAD_RESUMED: thread (33, main, main)
14:52:20.846 INFO: JdwpEventCenterDelegate: THREAD_RESUMED: thread (33, main, main)
14:52:20.860 INFO: JdwpEventCenterDelegate: THREAD_RESUMED: thread (33, main, main)
14:52:20.970 INFO: JdwpEventCenterDelegate: THREAD_STARTED: thread (138, Thread-8, main)
14:52:25.918 INFO: JdwpEventCenterDelegate: THREAD_RESUMED: thread (33, main, main)
14:52:25.956 INFO: JdwpEventCenterDelegate: THREAD_RESUMED: thread (33, main, main)
14:52:25.982 INFO: JdwpEventCenterDelegate: THREAD_RESUMED: thread (33, main, main)
14:52:26.001 INFO: JdwpEventCenterDelegate: THREAD_RESUMED: thread (33, main, main)
14:52:26.040 INFO: JdwpEventCenterDelegate: THREAD_RESUMED: thread (33, main, main)
14:52:26.073 INFO: JdwpEventCenterDelegate: THREAD_RESUMED: thread (33, main, main)
14:52:26.093 INFO: JdwpEventCenterDelegate: THREAD_RESUMED: thread (33, main, main)
14:52:26.108 INFO: JdwpEventCenterDelegate: THREAD_RESUMED: thread (33, main, main)
14:52:26.114 INFO: JdwpEventCenterDelegate: THREAD_RESUMED: thread (33, main, main)
14:52:26.127 INFO: JdwpEventCenterDelegate: THREAD_RESUMED: thread (33, main, main)
14:52:26.158 INFO: JdwpEventCenterDelegate: THREAD_RESUMED: thread (33, main, main)
14:52:26.169 INFO: JdwpEventCenterDelegate: THREAD_RESUMED: thread (33, main, main)
14:52:26.181 INFO: JdwpEventCenterDelegate: THREAD_RESUMED: thread (33, main, main)
14:52:26.193 INFO: JdwpEventCenterDelegate: THREAD_RESUMED: thread (33, main, main)
14:52:26.228 INFO: JdwpEventCenterDelegate: THREAD_RESUMED: thread (33, main, main)
14:52:26.261 INFO: JdwpEventCenterDelegate: THREAD_RESUMED: thread (33, main, main)
14:52:26.278 INFO: JdwpEventCenterDelegate: THREAD_RESUMED: thread (33, main, main)
14:52:26.293 INFO: JdwpEventCenterDelegate: THREAD_RESUMED: thread (33, main, main)
14:52:26.299 INFO: JdwpEventCenterDelegate: THREAD_RESUMED: thread (33, main, main)
14:52:26.312 INFO: JdwpEventCenterDelegate: THREAD_RESUMED: thread (33, main, main)
14:53:59.695 INFO: JdwpDebugServer: handling req: VirtualMachine(1).Exit(10)
14:53:59.695 SEVERE: Debugger: Thread JDWP server socket thread crashed
org.robovm.debugger.DebuggerException: Terminating due exit command
	at org.robovm.debugger.jdwp.JdwpDebugServer.doSocketWork(JdwpDebugServer.java:211)
	at java.base/java.lang.Thread.run(Thread.java:834)
	at org.robovm.debugger.utils.DebuggerThread.run(DebuggerThread.java:42)
14:54:00.202 SEVERE: Debugger: Thread HooksChannel socket thread crashed
org.robovm.debugger.DebuggerException: java.io.IOException: org.robovm.libimobiledevice.LibIMobileDeviceException: IDEVICE_E_UNKNOWN_ERROR
	at org.robovm.debugger.hooks.HooksChannel.doSocketWork(HooksChannel.java:149)
	at java.base/java.lang.Thread.run(Thread.java:834)
	at org.robovm.debugger.utils.DebuggerThread.run(DebuggerThread.java:42)
Caused by: java.io.IOException: org.robovm.libimobiledevice.LibIMobileDeviceException: IDEVICE_E_UNKNOWN_ERROR
	at org.robovm.libimobiledevice.IDeviceConnection$DeviceInputStream.read(IDeviceConnection.java:203)
	at org.robovm.debugger.utils.bytebuffer.DataBufferWriter.writeFromStream(DataBufferWriter.java:89)
	at org.robovm.debugger.hooks.HooksChannel.doSocketWork(HooksChannel.java:116)
	... 2 more
Caused by: org.robovm.libimobiledevice.LibIMobileDeviceException: IDEVICE_E_UNKNOWN_ERROR
	at org.robovm.libimobiledevice.IDevice.checkResult(IDevice.java:206)
	at org.robovm.libimobiledevice.IDeviceConnection.receive(IDeviceConnection.java:110)
	at org.robovm.libimobiledevice.IDeviceConnection.receive(IDeviceConnection.java:81)
	at org.robovm.libimobiledevice.IDeviceConnection$DeviceInputStream.read(IDeviceConnection.java:201)
	... 4 more
