17:35:38.992 INFO: JdwpDebugServer: handling req: VirtualMachine(1).IDSizes(7)
17:35:38.992 INFO: JdwpDebugServer: handling req: EventRequest(15).Set(1)
17:35:38.992 INFO: JdwpEventCenterDelegate: jdwpSetEventRequest: JdwpEventRequest{requestId=100, eventKind=CLASS_PREPARE, suspendPolicy=NONE, predicates=[]}
17:35:38.993 INFO: JdwpDebugServer: handling req: EventRequest(15).Set(1)
17:35:38.993 INFO: JdwpEventCenterDelegate: jdwpSetEventRequest: JdwpEventRequest{requestId=101, eventKind=CLASS_UNLOAD, suspendPolicy=NONE, predicates=[]}
17:35:39.012 INFO: JdwpDebugServer: handling req: VirtualMachine(1).Version(1)
17:35:39.013 INFO: JdwpDebugServer: handling req: VirtualMachine(1).capabilitiesNew(17)
17:35:39.013 INFO: JdwpDebugServer: handling req: VirtualMachine(1).capabilities(12)
17:35:39.013 INFO: JdwpDebugServer: handling req: VirtualMachine(1).AllClassesWithGeneric(20)
17:35:39.017 INFO: JdwpDebugServer: handling req: VirtualMachine(1).TopLevelThreadGroups(5)
17:35:39.018 INFO: JdwpDebugServer: handling req: EventRequest(15).Set(1)
17:35:39.018 INFO: JdwpEventCenterDelegate: jdwpSetEventRequest: JdwpEventRequest{requestId=102, eventKind=THREAD_START, suspendPolicy=NONE, predicates=[]}
17:35:39.018 INFO: JdwpDebugServer: handling req: EventRequest(15).Set(1)
17:35:39.018 INFO: JdwpEventCenterDelegate: jdwpSetEventRequest: JdwpEventRequest{requestId=103, eventKind=THREAD_DEATH, suspendPolicy=NONE, predicates=[]}
17:35:39.019 INFO: JdwpDebugServer: handling req: EventRequest(15).Set(1)
17:35:39.019 INFO: JdwpEventCenterDelegate: jdwpSetEventRequest: JdwpEventRequest{requestId=104, eventKind=CLASS_PREPARE, suspendPolicy=EVENT_THREAD, predicates=[className=sun.instrument.InstrumentationImpl]}
17:35:39.020 INFO: JdwpDebugServer: handling req: EventRequest(15).Set(1)
17:35:39.020 INFO: JdwpEventCenterDelegate: jdwpSetEventRequest: JdwpEventRequest{requestId=105, eventKind=CLASS_PREPARE, suspendPolicy=EVENT_THREAD, predicates=[className=sun.instrument.InstrumentationImpl]}
17:35:39.021 INFO: JdwpDebugServer: handling req: EventRequest(15).Set(1)
17:35:39.021 INFO: JdwpEventCenterDelegate: jdwpSetEventRequest: JdwpEventRequest{requestId=106, eventKind=CLASS_PREPARE, suspendPolicy=EVENT_THREAD, predicates=[className=com.twobsoft.babymozartspacetrip.hud.HudModel$frame$1]}
17:35:39.022 INFO: JdwpDebugServer: handling req: EventRequest(15).Set(1)
17:35:39.022 INFO: JdwpEventCenterDelegate: jdwpSetEventRequest: JdwpEventRequest{requestId=107, eventKind=CLASS_PREPARE, suspendPolicy=EVENT_THREAD, predicates=[className=com.twobsoft.babymozartspacetrip.hud.HudModel$frame$1$*]}
17:35:39.022 INFO: JdwpDebugServer: handling req: EventRequest(15).Set(1)
17:35:39.022 INFO: JdwpEventCenterDelegate: jdwpSetEventRequest: JdwpEventRequest{requestId=108, eventKind=CLASS_PREPARE, suspendPolicy=EVENT_THREAD, predicates=[className=com.twobsoft.babymozartspacetrip.hud.HudModel]}
17:35:39.022 INFO: JdwpDebugServer: handling req: EventRequest(15).Set(1)
17:35:39.022 INFO: JdwpEventCenterDelegate: jdwpSetEventRequest: JdwpEventRequest{requestId=109, eventKind=CLASS_PREPARE, suspendPolicy=EVENT_THREAD, predicates=[className=com.twobsoft.babymozartspacetrip.hud.HudModel$*]}
17:35:39.022 INFO: JdwpDebugServer: handling req: EventRequest(15).Set(1)
17:35:39.022 INFO: JdwpEventCenterDelegate: jdwpSetEventRequest: JdwpEventRequest{requestId=110, eventKind=CLASS_PREPARE, suspendPolicy=EVENT_THREAD, predicates=[className=com.twobsoft.babymozartspacetrip.hud.ComposableSingletons$HudModelKt$*]}
17:35:39.613 INFO: JdwpDebugServer: handling req: VirtualMachine(1).Resume(9)
17:35:39.667 INFO: JdwpEventCenterDelegate: THREAD_STARTED: thread (33, main, main)
17:35:39.690 INFO: JdwpEventCenterDelegate: THREAD_STARTED: thread (48, ReferenceQueueDaemon, main)
17:35:39.696 INFO: JdwpEventCenterDelegate: THREAD_STARTED: thread (63, FinalizerDaemon, main)
17:35:39.703 INFO: JdwpEventCenterDelegate: THREAD_STARTED: thread (78, FinalizerWatchdogDaemon, main)
17:35:39.705 INFO: JdwpEventCenterDelegate: THREAD_RESUMED: thread (33, main, main)
17:35:39.706 INFO: JdwpEventCenterDelegate: THREAD_RESUMED: thread (33, main, main)
17:35:39.707 INFO: JdwpEventCenterDelegate: THREAD_RESUMED: thread (33, main, main)
17:35:39.708 INFO: JdwpEventCenterDelegate: THREAD_RESUMED: thread (33, main, main)
17:35:39.709 INFO: JdwpEventCenterDelegate: THREAD_RESUMED: thread (33, main, main)
17:35:39.710 INFO: JdwpEventCenterDelegate: THREAD_RESUMED: thread (33, main, main)
17:35:39.712 INFO: JdwpEventCenterDelegate: THREAD_RESUMED: thread (33, main, main)
17:35:39.713 INFO: JdwpEventCenterDelegate: THREAD_RESUMED: thread (33, main, main)
17:35:39.714 INFO: JdwpEventCenterDelegate: THREAD_RESUMED: thread (33, main, main)
17:35:39.715 INFO: JdwpEventCenterDelegate: THREAD_RESUMED: thread (33, main, main)
17:35:39.716 INFO: JdwpEventCenterDelegate: THREAD_RESUMED: thread (33, main, main)
17:35:39.717 INFO: JdwpEventCenterDelegate: THREAD_RESUMED: thread (33, main, main)
17:35:39.718 INFO: JdwpEventCenterDelegate: THREAD_RESUMED: thread (33, main, main)
17:35:39.719 INFO: JdwpEventCenterDelegate: THREAD_RESUMED: thread (33, main, main)
17:35:39.720 INFO: JdwpEventCenterDelegate: THREAD_RESUMED: thread (33, main, main)
17:35:39.721 INFO: JdwpEventCenterDelegate: THREAD_RESUMED: thread (33, main, main)
17:35:39.722 INFO: JdwpEventCenterDelegate: THREAD_RESUMED: thread (33, main, main)
17:35:39.723 INFO: JdwpEventCenterDelegate: THREAD_RESUMED: thread (33, main, main)
17:35:39.726 INFO: JdwpEventCenterDelegate: THREAD_RESUMED: thread (33, main, main)
17:35:39.728 INFO: JdwpEventCenterDelegate: THREAD_RESUMED: thread (33, main, main)
17:35:39.729 INFO: JdwpEventCenterDelegate: THREAD_RESUMED: thread (33, main, main)
17:35:39.730 INFO: JdwpEventCenterDelegate: THREAD_RESUMED: thread (33, main, main)
17:35:39.731 INFO: JdwpEventCenterDelegate: THREAD_RESUMED: thread (33, main, main)
17:35:39.732 INFO: JdwpEventCenterDelegate: THREAD_RESUMED: thread (33, main, main)
17:35:39.732 INFO: JdwpEventCenterDelegate: THREAD_RESUMED: thread (33, main, main)
17:35:39.762 INFO: JdwpEventCenterDelegate: THREAD_RESUMED: thread (33, main, main)
17:35:39.763 INFO: JdwpEventCenterDelegate: THREAD_RESUMED: thread (33, main, main)
17:35:39.764 INFO: JdwpEventCenterDelegate: THREAD_RESUMED: thread (33, main, main)
17:35:39.765 INFO: JdwpEventCenterDelegate: THREAD_RESUMED: thread (33, main, main)
17:35:39.767 INFO: JdwpEventCenterDelegate: THREAD_RESUMED: thread (33, main, main)
17:35:39.768 INFO: JdwpEventCenterDelegate: THREAD_RESUMED: thread (33, main, main)
17:35:39.769 INFO: JdwpEventCenterDelegate: THREAD_RESUMED: thread (33, main, main)
17:35:39.772 INFO: JdwpEventCenterDelegate: THREAD_RESUMED: thread (33, main, main)
17:35:39.773 INFO: JdwpEventCenterDelegate: THREAD_RESUMED: thread (33, main, main)
17:35:39.774 INFO: JdwpEventCenterDelegate: THREAD_RESUMED: thread (33, main, main)
17:35:39.775 INFO: JdwpEventCenterDelegate: THREAD_RESUMED: thread (33, main, main)
17:35:39.776 INFO: JdwpEventCenterDelegate: THREAD_RESUMED: thread (33, main, main)
17:35:39.777 INFO: JdwpEventCenterDelegate: THREAD_RESUMED: thread (33, main, main)
17:35:39.778 INFO: JdwpEventCenterDelegate: THREAD_RESUMED: thread (33, main, main)
17:35:39.792 INFO: JdwpEventCenterDelegate: THREAD_RESUMED: thread (33, main, main)
17:35:39.793 INFO: JdwpEventCenterDelegate: THREAD_RESUMED: thread (33, main, main)
17:35:39.795 INFO: JdwpEventCenterDelegate: THREAD_RESUMED: thread (33, main, main)
17:35:39.796 INFO: JdwpEventCenterDelegate: THREAD_RESUMED: thread (33, main, main)
17:35:39.797 INFO: JdwpEventCenterDelegate: THREAD_RESUMED: thread (33, main, main)
17:35:39.798 INFO: JdwpEventCenterDelegate: THREAD_RESUMED: thread (33, main, main)
17:35:39.799 INFO: JdwpEventCenterDelegate: THREAD_RESUMED: thread (33, main, main)
17:35:39.838 INFO: JdwpEventCenterDelegate: THREAD_RESUMED: thread (33, main, main)
17:35:39.839 INFO: JdwpEventCenterDelegate: THREAD_RESUMED: thread (33, main, main)
17:35:39.841 INFO: JdwpEventCenterDelegate: THREAD_RESUMED: thread (33, main, main)
17:35:39.842 INFO: JdwpEventCenterDelegate: THREAD_RESUMED: thread (33, main, main)
17:35:39.843 INFO: JdwpEventCenterDelegate: THREAD_RESUMED: thread (33, main, main)
17:35:39.844 INFO: JdwpEventCenterDelegate: THREAD_RESUMED: thread (33, main, main)
17:35:39.846 INFO: JdwpEventCenterDelegate: THREAD_RESUMED: thread (33, main, main)
17:35:39.858 INFO: JdwpEventCenterDelegate: THREAD_RESUMED: thread (33, main, main)
17:35:39.859 INFO: JdwpEventCenterDelegate: THREAD_RESUMED: thread (33, main, main)
17:35:39.860 INFO: JdwpEventCenterDelegate: THREAD_RESUMED: thread (33, main, main)
17:35:39.862 INFO: JdwpEventCenterDelegate: THREAD_RESUMED: thread (33, main, main)
17:35:39.863 INFO: JdwpEventCenterDelegate: THREAD_RESUMED: thread (33, main, main)
17:35:39.864 INFO: JdwpEventCenterDelegate: THREAD_RESUMED: thread (33, main, main)
17:35:39.866 INFO: JdwpEventCenterDelegate: THREAD_RESUMED: thread (33, main, main)
17:35:39.875 INFO: JdwpEventCenterDelegate: THREAD_RESUMED: thread (33, main, main)
17:35:39.877 INFO: JdwpEventCenterDelegate: THREAD_RESUMED: thread (33, main, main)
17:35:39.878 INFO: JdwpEventCenterDelegate: THREAD_RESUMED: thread (33, main, main)
17:35:39.879 INFO: JdwpEventCenterDelegate: THREAD_RESUMED: thread (33, main, main)
17:35:39.881 INFO: JdwpEventCenterDelegate: THREAD_RESUMED: thread (33, main, main)
17:35:39.882 INFO: JdwpEventCenterDelegate: THREAD_RESUMED: thread (33, main, main)
17:35:39.883 INFO: JdwpEventCenterDelegate: THREAD_RESUMED: thread (33, main, main)
17:35:39.884 INFO: JdwpEventCenterDelegate: THREAD_RESUMED: thread (33, main, main)
17:35:39.885 INFO: JdwpEventCenterDelegate: THREAD_RESUMED: thread (33, main, main)
17:35:39.887 INFO: JdwpEventCenterDelegate: THREAD_RESUMED: thread (33, main, main)
17:35:39.888 INFO: JdwpEventCenterDelegate: THREAD_RESUMED: thread (33, main, main)
17:35:39.889 INFO: JdwpEventCenterDelegate: THREAD_RESUMED: thread (33, main, main)
17:35:39.890 INFO: JdwpEventCenterDelegate: THREAD_RESUMED: thread (33, main, main)
17:35:39.892 INFO: JdwpEventCenterDelegate: THREAD_RESUMED: thread (33, main, main)
17:35:39.893 INFO: JdwpEventCenterDelegate: THREAD_RESUMED: thread (33, main, main)
17:35:39.894 INFO: JdwpEventCenterDelegate: THREAD_RESUMED: thread (33, main, main)
17:35:39.896 INFO: JdwpEventCenterDelegate: THREAD_RESUMED: thread (33, main, main)
17:35:39.897 INFO: JdwpEventCenterDelegate: THREAD_RESUMED: thread (33, main, main)
17:35:39.901 INFO: JdwpEventCenterDelegate: THREAD_RESUMED: thread (33, main, main)
17:35:39.902 INFO: JdwpEventCenterDelegate: THREAD_RESUMED: thread (33, main, main)
17:35:40.042 INFO: JdwpEventCenterDelegate: THREAD_STARTED: thread (93, AssetManager, main)
17:35:40.148 INFO: JdwpEventCenterDelegate: THREAD_RESUMED: thread (33, main, main)
17:35:40.150 INFO: JdwpEventCenterDelegate: THREAD_RESUMED: thread (33, main, main)
17:35:40.154 INFO: JdwpDebugServer: handling req: ReferenceType(2).MethodsWithGeneric(15)
17:35:40.155 INFO: JdwpDebugServer: handling req: Method(6).LineTable(1)
17:35:40.155 INFO: JdwpDebugServer: handling req: Method(6).LineTable(1)
17:35:40.155 INFO: JdwpDebugServer: handling req: Method(6).LineTable(1)
17:35:40.155 INFO: JdwpDebugServer: handling req: Method(6).LineTable(1)
17:35:40.156 INFO: JdwpDebugServer: handling req: Method(6).LineTable(1)
17:35:40.156 INFO: JdwpDebugServer: handling req: Method(6).LineTable(1)
17:35:40.156 INFO: JdwpDebugServer: handling req: Method(6).LineTable(1)
17:35:40.156 INFO: JdwpDebugServer: handling req: Method(6).LineTable(1)
17:35:40.156 INFO: JdwpDebugServer: handling req: Method(6).LineTable(1)
17:35:40.157 INFO: JdwpDebugServer: handling req: Method(6).LineTable(1)
17:35:40.157 INFO: JdwpDebugServer: handling req: Method(6).LineTable(1)
17:35:40.157 INFO: JdwpDebugServer: handling req: Method(6).LineTable(1)
17:35:40.158 INFO: JdwpDebugServer: handling req: Method(6).LineTable(1)
17:35:40.158 INFO: JdwpDebugServer: handling req: Method(6).LineTable(1)
17:35:40.158 INFO: JdwpDebugServer: handling req: Method(6).LineTable(1)
17:35:40.158 INFO: JdwpDebugServer: handling req: Method(6).LineTable(1)
17:35:40.158 INFO: JdwpDebugServer: handling req: Method(6).LineTable(1)
17:35:40.159 INFO: JdwpDebugServer: handling req: Method(6).LineTable(1)
17:35:40.159 INFO: JdwpDebugServer: handling req: Method(6).LineTable(1)
17:35:40.159 INFO: JdwpDebugServer: handling req: Method(6).LineTable(1)
17:35:40.159 INFO: JdwpDebugServer: handling req: Method(6).LineTable(1)
17:35:40.159 INFO: JdwpDebugServer: handling req: Method(6).LineTable(1)
17:35:40.160 INFO: JdwpDebugServer: handling req: Method(6).LineTable(1)
17:35:40.160 INFO: JdwpDebugServer: handling req: Method(6).LineTable(1)
17:35:40.160 INFO: JdwpDebugServer: handling req: Method(6).LineTable(1)
17:35:40.161 INFO: JdwpDebugServer: handling req: Method(6).LineTable(1)
17:35:40.161 INFO: JdwpDebugServer: handling req: Method(6).LineTable(1)
17:35:40.161 INFO: JdwpDebugServer: handling req: Method(6).LineTable(1)
17:35:40.161 INFO: JdwpDebugServer: handling req: Method(6).LineTable(1)
17:35:40.161 INFO: JdwpDebugServer: handling req: Method(6).LineTable(1)
17:35:40.161 INFO: JdwpDebugServer: handling req: Method(6).LineTable(1)
17:35:40.162 INFO: JdwpDebugServer: handling req: Method(6).LineTable(1)
17:35:40.162 INFO: JdwpDebugServer: handling req: Method(6).LineTable(1)
17:35:40.162 INFO: JdwpDebugServer: handling req: Method(6).LineTable(1)
17:35:40.162 INFO: JdwpDebugServer: handling req: Method(6).LineTable(1)
17:35:40.162 INFO: JdwpDebugServer: handling req: Method(6).LineTable(1)
17:35:40.162 INFO: JdwpDebugServer: handling req: Method(6).LineTable(1)
17:35:40.163 INFO: JdwpDebugServer: handling req: Method(6).LineTable(1)
17:35:40.163 INFO: JdwpDebugServer: handling req: Method(6).LineTable(1)
17:35:40.163 INFO: JdwpDebugServer: handling req: Method(6).LineTable(1)
17:35:40.163 INFO: JdwpDebugServer: handling req: Method(6).LineTable(1)
17:35:40.164 INFO: JdwpDebugServer: handling req: Method(6).LineTable(1)
17:35:40.164 INFO: JdwpDebugServer: handling req: Method(6).LineTable(1)
17:35:40.164 INFO: JdwpDebugServer: handling req: Method(6).LineTable(1)
17:35:40.164 INFO: JdwpDebugServer: handling req: Method(6).LineTable(1)
17:35:40.164 INFO: JdwpDebugServer: handling req: Method(6).LineTable(1)
17:35:40.164 INFO: JdwpDebugServer: handling req: Method(6).LineTable(1)
17:35:40.164 INFO: JdwpDebugServer: handling req: Method(6).LineTable(1)
17:35:40.165 INFO: JdwpDebugServer: handling req: Method(6).LineTable(1)
17:35:40.165 INFO: JdwpDebugServer: handling req: Method(6).LineTable(1)
17:35:40.165 INFO: JdwpDebugServer: handling req: Method(6).LineTable(1)
17:35:40.165 INFO: JdwpDebugServer: handling req: ReferenceType(2).SourceFile(7)
17:35:40.166 INFO: JdwpDebugServer: handling req: EventRequest(15).Set(1)
17:35:40.166 INFO: JdwpEventCenterDelegate: jdwpSetEventRequest: JdwpEventRequest{requestId=111, eventKind=BREAKPOINT, suspendPolicy=EVENT_THREAD, predicates=[Location{classId=27810, methodId=9682, index=115} ]}
17:35:40.167 INFO: JdwpDebugServer: handling req: ThreadReference(11).Resume(3)
17:35:40.168 INFO: JdwpEventCenterDelegate: THREAD_RESUMED: thread (33, main, main)
17:35:40.169 INFO: JdwpDebugServer: handling req: ClassType(3).Superclass(1)
17:35:40.170 INFO: JdwpDebugServer: handling req: ReferenceType(2).ClassLoader(2)
17:35:40.171 INFO: JdwpDebugServer: handling req: ReferenceType(2).ClassLoader(2)
17:35:40.171 INFO: JdwpDebugServer: handling req: ReferenceType(2).ClassLoader(2)
17:35:40.171 INFO: JdwpDebugServer: handling req: ReferenceType(2).ClassLoader(2)
17:35:40.171 INFO: JdwpDebugServer: handling req: ReferenceType(2).ClassLoader(2)
17:35:40.172 INFO: JdwpDebugServer: handling req: ReferenceType(2).ClassLoader(2)
17:35:40.172 INFO: JdwpDebugServer: handling req: ReferenceType(2).ClassLoader(2)
17:35:40.172 INFO: JdwpDebugServer: handling req: ReferenceType(2).ClassLoader(2)
17:35:40.172 INFO: JdwpDebugServer: handling req: ReferenceType(2).ClassLoader(2)
17:35:40.172 INFO: JdwpDebugServer: handling req: ReferenceType(2).ClassLoader(2)
17:35:40.173 INFO: JdwpDebugServer: handling req: ReferenceType(2).ClassLoader(2)
17:35:40.173 INFO: JdwpDebugServer: handling req: ReferenceType(2).ClassLoader(2)
17:35:40.173 INFO: JdwpDebugServer: handling req: ReferenceType(2).ClassLoader(2)
17:35:40.175 INFO: JdwpDebugServer: handling req: ReferenceType(2).MethodsWithGeneric(15)
17:35:40.176 INFO: JdwpDebugServer: handling req: Method(6).LineTable(1)
17:35:40.176 INFO: JdwpDebugServer: handling req: Method(6).LineTable(1)
17:35:40.176 INFO: JdwpDebugServer: handling req: Method(6).LineTable(1)
17:35:40.176 INFO: JdwpDebugServer: handling req: Method(6).LineTable(1)
17:35:40.176 INFO: JdwpDebugServer: handling req: Method(6).LineTable(1)
17:35:40.177 INFO: JdwpDebugServer: handling req: Method(6).LineTable(1)
17:35:40.177 INFO: JdwpDebugServer: handling req: Method(6).LineTable(1)
17:35:40.177 INFO: JdwpDebugServer: handling req: Method(6).LineTable(1)
17:35:40.177 INFO: JdwpDebugServer: handling req: Method(6).LineTable(1)
17:35:40.177 INFO: JdwpDebugServer: handling req: Method(6).LineTable(1)
17:35:40.177 INFO: JdwpDebugServer: handling req: Method(6).LineTable(1)
17:35:40.177 INFO: JdwpDebugServer: handling req: Method(6).LineTable(1)
17:35:40.178 INFO: JdwpDebugServer: handling req: Method(6).LineTable(1)
17:35:40.178 INFO: JdwpDebugServer: handling req: Method(6).LineTable(1)
17:35:40.178 INFO: JdwpDebugServer: handling req: Method(6).LineTable(1)
17:35:40.178 INFO: JdwpDebugServer: handling req: Method(6).LineTable(1)
17:35:40.178 INFO: JdwpDebugServer: handling req: Method(6).LineTable(1)
17:35:40.178 INFO: JdwpDebugServer: handling req: Method(6).LineTable(1)
17:35:40.178 INFO: JdwpDebugServer: handling req: Method(6).LineTable(1)
17:35:40.179 INFO: JdwpDebugServer: handling req: Method(6).LineTable(1)
17:35:40.179 INFO: JdwpDebugServer: handling req: Method(6).LineTable(1)
17:35:40.179 INFO: JdwpDebugServer: handling req: Method(6).LineTable(1)
17:35:40.179 INFO: JdwpDebugServer: handling req: Method(6).LineTable(1)
17:35:40.179 INFO: JdwpDebugServer: handling req: Method(6).LineTable(1)
17:35:40.180 INFO: JdwpDebugServer: handling req: Method(6).LineTable(1)
17:35:40.180 INFO: JdwpDebugServer: handling req: Method(6).LineTable(1)
17:35:40.180 INFO: JdwpDebugServer: handling req: ReferenceType(2).SourceFile(7)
17:35:40.180 INFO: JdwpDebugServer: handling req: ThreadReference(11).Resume(3)
17:35:40.181 INFO: JdwpEventCenterDelegate: THREAD_RESUMED: thread (33, main, main)
17:35:42.751 INFO: JdwpEventCenterDelegate: THREAD_RESUMED: thread (33, main, main)
17:35:42.849 INFO: JdwpEventCenterDelegate: THREAD_RESUMED: thread (33, main, main)
17:35:42.852 INFO: JdwpEventCenterDelegate: THREAD_RESUMED: thread (33, main, main)
17:35:42.854 INFO: JdwpEventCenterDelegate: THREAD_RESUMED: thread (33, main, main)
17:35:42.856 INFO: JdwpEventCenterDelegate: THREAD_RESUMED: thread (33, main, main)
17:35:42.858 INFO: JdwpEventCenterDelegate: THREAD_RESUMED: thread (33, main, main)
17:35:42.864 INFO: JdwpEventCenterDelegate: THREAD_RESUMED: thread (33, main, main)
17:35:42.876 INFO: JdwpEventCenterDelegate: THREAD_RESUMED: thread (33, main, main)
17:35:42.878 INFO: JdwpEventCenterDelegate: THREAD_RESUMED: thread (33, main, main)
17:35:42.880 INFO: JdwpEventCenterDelegate: THREAD_RESUMED: thread (33, main, main)
17:35:42.882 INFO: JdwpEventCenterDelegate: THREAD_RESUMED: thread (33, main, main)
17:35:42.885 INFO: JdwpEventCenterDelegate: THREAD_RESUMED: thread (33, main, main)
17:35:42.890 INFO: JdwpEventCenterDelegate: THREAD_RESUMED: thread (33, main, main)
17:35:42.905 INFO: JdwpEventCenterDelegate: THREAD_RESUMED: thread (33, main, main)
17:35:42.907 INFO: JdwpEventCenterDelegate: THREAD_RESUMED: thread (33, main, main)
17:35:42.909 INFO: JdwpEventCenterDelegate: THREAD_RESUMED: thread (33, main, main)
17:35:42.911 INFO: JdwpEventCenterDelegate: THREAD_RESUMED: thread (33, main, main)
17:35:42.913 INFO: JdwpEventCenterDelegate: THREAD_RESUMED: thread (33, main, main)
17:35:42.918 INFO: JdwpEventCenterDelegate: THREAD_RESUMED: thread (33, main, main)
17:35:42.937 INFO: JdwpEventCenterDelegate: THREAD_RESUMED: thread (33, main, main)
17:35:42.939 INFO: JdwpEventCenterDelegate: THREAD_RESUMED: thread (33, main, main)
17:35:42.941 INFO: JdwpEventCenterDelegate: THREAD_RESUMED: thread (33, main, main)
17:35:42.943 INFO: JdwpEventCenterDelegate: THREAD_RESUMED: thread (33, main, main)
17:35:42.945 INFO: JdwpEventCenterDelegate: THREAD_RESUMED: thread (33, main, main)
17:35:42.949 INFO: JdwpEventCenterDelegate: THREAD_RESUMED: thread (33, main, main)
17:35:42.965 INFO: JdwpEventCenterDelegate: THREAD_RESUMED: thread (33, main, main)
17:35:42.967 INFO: JdwpEventCenterDelegate: THREAD_RESUMED: thread (33, main, main)
17:35:42.969 INFO: JdwpEventCenterDelegate: THREAD_RESUMED: thread (33, main, main)
17:35:42.972 INFO: JdwpEventCenterDelegate: THREAD_RESUMED: thread (33, main, main)
17:35:42.974 INFO: JdwpEventCenterDelegate: THREAD_RESUMED: thread (33, main, main)
17:35:42.979 INFO: JdwpEventCenterDelegate: THREAD_RESUMED: thread (33, main, main)
17:35:42.994 INFO: JdwpEventCenterDelegate: THREAD_RESUMED: thread (33, main, main)
17:35:42.996 INFO: JdwpEventCenterDelegate: THREAD_RESUMED: thread (33, main, main)
17:35:42.998 INFO: JdwpEventCenterDelegate: THREAD_RESUMED: thread (33, main, main)
17:35:43.001 INFO: JdwpEventCenterDelegate: THREAD_RESUMED: thread (33, main, main)
17:35:43.003 INFO: JdwpEventCenterDelegate: THREAD_RESUMED: thread (33, main, main)
17:35:43.007 INFO: JdwpEventCenterDelegate: THREAD_RESUMED: thread (33, main, main)
17:35:43.030 INFO: JdwpEventCenterDelegate: THREAD_RESUMED: thread (33, main, main)
17:35:43.031 INFO: JdwpEventCenterDelegate: THREAD_RESUMED: thread (33, main, main)
17:35:43.034 INFO: JdwpEventCenterDelegate: THREAD_RESUMED: thread (33, main, main)
17:35:43.036 INFO: JdwpEventCenterDelegate: THREAD_RESUMED: thread (33, main, main)
17:35:43.038 INFO: JdwpEventCenterDelegate: THREAD_RESUMED: thread (33, main, main)
17:35:43.043 INFO: JdwpEventCenterDelegate: THREAD_RESUMED: thread (33, main, main)
17:35:43.062 INFO: JdwpEventCenterDelegate: THREAD_RESUMED: thread (33, main, main)
17:35:43.064 INFO: JdwpEventCenterDelegate: THREAD_RESUMED: thread (33, main, main)
17:35:43.067 INFO: JdwpEventCenterDelegate: THREAD_RESUMED: thread (33, main, main)
17:35:43.069 INFO: JdwpEventCenterDelegate: THREAD_RESUMED: thread (33, main, main)
17:35:43.071 INFO: JdwpEventCenterDelegate: THREAD_RESUMED: thread (33, main, main)
17:35:43.075 INFO: JdwpEventCenterDelegate: THREAD_RESUMED: thread (33, main, main)
17:35:43.094 INFO: JdwpEventCenterDelegate: THREAD_RESUMED: thread (33, main, main)
17:35:43.096 INFO: JdwpEventCenterDelegate: THREAD_RESUMED: thread (33, main, main)
17:35:43.098 INFO: JdwpEventCenterDelegate: THREAD_RESUMED: thread (33, main, main)
17:35:43.100 INFO: JdwpEventCenterDelegate: THREAD_RESUMED: thread (33, main, main)
17:35:43.103 INFO: JdwpEventCenterDelegate: THREAD_RESUMED: thread (33, main, main)
17:35:43.108 INFO: JdwpEventCenterDelegate: THREAD_RESUMED: thread (33, main, main)
17:35:43.123 INFO: JdwpEventCenterDelegate: THREAD_RESUMED: thread (33, main, main)
17:35:43.125 INFO: JdwpEventCenterDelegate: THREAD_RESUMED: thread (33, main, main)
17:35:43.127 INFO: JdwpEventCenterDelegate: THREAD_RESUMED: thread (33, main, main)
17:35:43.129 INFO: JdwpEventCenterDelegate: THREAD_RESUMED: thread (33, main, main)
17:35:43.132 INFO: JdwpEventCenterDelegate: THREAD_RESUMED: thread (33, main, main)
17:35:43.136 INFO: JdwpEventCenterDelegate: THREAD_RESUMED: thread (33, main, main)
17:35:43.152 INFO: JdwpEventCenterDelegate: THREAD_RESUMED: thread (33, main, main)
17:35:43.154 INFO: JdwpEventCenterDelegate: THREAD_RESUMED: thread (33, main, main)
17:35:43.156 INFO: JdwpEventCenterDelegate: THREAD_RESUMED: thread (33, main, main)
17:35:43.158 INFO: JdwpEventCenterDelegate: THREAD_RESUMED: thread (33, main, main)
17:35:43.160 INFO: JdwpEventCenterDelegate: THREAD_RESUMED: thread (33, main, main)
17:35:43.165 INFO: JdwpEventCenterDelegate: THREAD_RESUMED: thread (33, main, main)
17:35:43.185 INFO: JdwpEventCenterDelegate: THREAD_RESUMED: thread (33, main, main)
17:35:43.187 INFO: JdwpEventCenterDelegate: THREAD_RESUMED: thread (33, main, main)
17:35:43.189 INFO: JdwpEventCenterDelegate: THREAD_RESUMED: thread (33, main, main)
17:35:43.191 INFO: JdwpEventCenterDelegate: THREAD_RESUMED: thread (33, main, main)
17:35:43.193 INFO: JdwpEventCenterDelegate: THREAD_RESUMED: thread (33, main, main)
17:35:43.198 INFO: JdwpEventCenterDelegate: THREAD_RESUMED: thread (33, main, main)
17:35:43.220 INFO: JdwpEventCenterDelegate: THREAD_RESUMED: thread (33, main, main)
17:35:43.222 INFO: JdwpEventCenterDelegate: THREAD_RESUMED: thread (33, main, main)
17:35:43.224 INFO: JdwpEventCenterDelegate: THREAD_RESUMED: thread (33, main, main)
17:35:43.226 INFO: JdwpEventCenterDelegate: THREAD_RESUMED: thread (33, main, main)
17:35:43.228 INFO: JdwpEventCenterDelegate: THREAD_RESUMED: thread (33, main, main)
17:35:43.233 INFO: JdwpEventCenterDelegate: THREAD_RESUMED: thread (33, main, main)
17:35:43.252 INFO: JdwpEventCenterDelegate: THREAD_RESUMED: thread (33, main, main)
17:35:43.254 INFO: JdwpEventCenterDelegate: THREAD_RESUMED: thread (33, main, main)
17:35:43.256 INFO: JdwpEventCenterDelegate: THREAD_RESUMED: thread (33, main, main)
17:35:43.258 INFO: JdwpEventCenterDelegate: THREAD_RESUMED: thread (33, main, main)
17:35:43.260 INFO: JdwpEventCenterDelegate: THREAD_RESUMED: thread (33, main, main)
17:35:43.265 INFO: JdwpEventCenterDelegate: THREAD_RESUMED: thread (33, main, main)
17:35:43.278 INFO: JdwpEventCenterDelegate: THREAD_RESUMED: thread (33, main, main)
17:35:43.281 INFO: JdwpEventCenterDelegate: THREAD_RESUMED: thread (33, main, main)
17:35:43.283 INFO: JdwpEventCenterDelegate: THREAD_RESUMED: thread (33, main, main)
17:35:43.285 INFO: JdwpEventCenterDelegate: THREAD_RESUMED: thread (33, main, main)
17:35:43.287 INFO: JdwpEventCenterDelegate: THREAD_RESUMED: thread (33, main, main)
17:35:43.292 INFO: JdwpEventCenterDelegate: THREAD_RESUMED: thread (33, main, main)
17:35:43.294 INFO: JdwpEventCenterDelegate: THREAD_RESUMED: thread (33, main, main)
17:35:43.296 INFO: JdwpEventCenterDelegate: THREAD_RESUMED: thread (33, main, main)
17:35:43.298 INFO: JdwpEventCenterDelegate: THREAD_RESUMED: thread (33, main, main)
17:35:43.301 INFO: JdwpEventCenterDelegate: THREAD_RESUMED: thread (33, main, main)
17:35:43.303 INFO: JdwpEventCenterDelegate: THREAD_RESUMED: thread (33, main, main)
17:35:43.305 INFO: JdwpEventCenterDelegate: THREAD_RESUMED: thread (33, main, main)
17:35:43.309 INFO: JdwpEventCenterDelegate: THREAD_RESUMED: thread (33, main, main)
17:35:43.312 INFO: JdwpEventCenterDelegate: THREAD_RESUMED: thread (33, main, main)
17:35:43.314 INFO: JdwpEventCenterDelegate: THREAD_RESUMED: thread (33, main, main)
17:35:43.316 INFO: JdwpEventCenterDelegate: THREAD_RESUMED: thread (33, main, main)
17:35:43.318 INFO: JdwpDebugServer: handling req: ThreadReference(11).Status(4)
17:35:43.319 INFO: JdwpDebugServer: handling req: ThreadReference(11).FramesCount(7)
17:35:43.319 INFO: JdwpDebugServer: handling req: ThreadReference(11).Frames(6)
17:35:43.322 INFO: JdwpDebugServer: handling req: ThreadReference(11).Name(1)
17:35:43.322 INFO: JdwpDebugServer: handling req: ThreadReference(11).ThreadGroup(5)
17:35:43.322 INFO: JdwpDebugServer: handling req: ThreadGroup(12).Name(1)
17:35:43.400 INFO: JdwpDebugServer: handling req: ObjectReference(9).IsCollected(9)
17:35:43.400 INFO: JdwpDebugServer: handling req: StackFrame(16).ThisObject(3)
17:35:43.402 INFO: JdwpDebugServer: handling req: ObjectReference(9).ReferenceType(1)
17:35:43.402 INFO: JdwpDebugServer: handling req: Method(6).VariableTableWithGenerics(5)
17:35:43.403 INFO: JdwpDebugServer: handling req: ReferenceType(2).Interfaces(10)
17:35:43.403 INFO: JdwpDebugServer: handling req: ReferenceType(2).Interfaces(10)
17:35:43.403 INFO: JdwpDebugServer: handling req: ClassType(3).Superclass(1)
17:35:43.403 INFO: JdwpDebugServer: handling req: ReferenceType(2).Interfaces(10)
17:35:43.403 INFO: JdwpDebugServer: handling req: ClassType(3).Superclass(1)
17:35:43.405 INFO: JdwpDebugServer: handling req: ReferenceType(2).MethodsWithGeneric(15)
17:35:43.406 INFO: JdwpDebugServer: handling req: ClassType(3).Superclass(1)
17:35:43.406 INFO: JdwpDebugServer: handling req: Method(6).LineTable(1)
17:35:43.406 INFO: JdwpDebugServer: handling req: ReferenceType(2).SourceFile(7)
17:35:43.407 INFO: JdwpDebugServer: handling req: ReferenceType(2).MethodsWithGeneric(15)
17:35:43.407 INFO: JdwpDebugServer: handling req: ClassType(3).Superclass(1)
17:35:43.407 INFO: JdwpDebugServer: handling req: Method(6).LineTable(1)
17:35:43.407 INFO: JdwpDebugServer: handling req: ReferenceType(2).SourceFile(7)
17:35:43.410 INFO: JdwpDebugServer: handling req: ReferenceType(2).MethodsWithGeneric(15)
17:35:43.410 INFO: JdwpDebugServer: handling req: ClassType(3).Superclass(1)
17:35:43.410 INFO: JdwpDebugServer: handling req: Method(6).LineTable(1)
17:35:43.410 INFO: JdwpDebugServer: handling req: ReferenceType(2).SourceFile(7)
17:35:43.414 INFO: JdwpDebugServer: handling req: ReferenceType(2).MethodsWithGeneric(15)
17:35:43.414 INFO: JdwpDebugServer: handling req: ClassType(3).Superclass(1)
17:35:43.415 INFO: JdwpDebugServer: handling req: Method(6).LineTable(1)
17:35:43.415 INFO: JdwpDebugServer: handling req: ReferenceType(2).SourceFile(7)
17:35:43.419 INFO: JdwpDebugServer: handling req: ReferenceType(2).MethodsWithGeneric(15)
17:35:43.419 INFO: JdwpDebugServer: handling req: ClassType(3).Superclass(1)
17:35:43.419 INFO: JdwpDebugServer: handling req: Method(6).LineTable(1)
17:35:43.420 INFO: JdwpDebugServer: handling req: ReferenceType(2).SourceFile(7)
17:35:43.426 INFO: JdwpDebugServer: handling req: ReferenceType(2).MethodsWithGeneric(15)
17:35:43.426 INFO: JdwpDebugServer: handling req: ClassType(3).Superclass(1)
17:35:43.426 INFO: JdwpDebugServer: handling req: Method(6).LineTable(1)
17:35:43.426 INFO: JdwpDebugServer: handling req: ReferenceType(2).SourceFile(7)
17:35:43.432 INFO: JdwpDebugServer: handling req: ReferenceType(2).MethodsWithGeneric(15)
17:35:43.432 INFO: JdwpDebugServer: handling req: ClassType(3).Superclass(1)
17:35:43.432 INFO: JdwpDebugServer: handling req: Method(6).LineTable(1)
17:35:43.432 INFO: JdwpDebugServer: handling req: ReferenceType(2).SourceFile(7)
17:35:43.433 INFO: JdwpDebugServer: handling req: ReferenceType(2).MethodsWithGeneric(15)
17:35:43.433 INFO: JdwpDebugServer: handling req: ClassType(3).Superclass(1)
17:35:43.433 INFO: JdwpDebugServer: handling req: ReferenceType(2).SourceFile(7)
17:35:43.453 INFO: JdwpDebugServer: handling req: ReferenceType(2).MethodsWithGeneric(15)
17:35:43.453 INFO: JdwpDebugServer: handling req: ReferenceType(2).MethodsWithGeneric(15)
17:35:43.453 INFO: JdwpDebugServer: handling req: StackFrame(16).GetValues(1)
17:35:43.460 INFO: JdwpDebugServer: handling req: ObjectReference(9).ReferenceType(1)
17:35:43.460 INFO: JdwpDebugServer: handling req: ObjectReference(9).ReferenceType(1)
17:35:43.460 INFO: JdwpDebugServer: handling req: ObjectReference(9).ReferenceType(1)
17:35:43.460 INFO: JdwpDebugServer: handling req: ObjectReference(9).ReferenceType(1)
17:35:43.461 INFO: JdwpDebugServer: handling req: ClassType(3).Superclass(1)
17:35:43.461 INFO: JdwpDebugServer: handling req: ReferenceType(2).Interfaces(10)
17:35:43.461 INFO: JdwpDebugServer: handling req: ClassType(3).Superclass(1)
17:35:43.461 INFO: JdwpDebugServer: handling req: ReferenceType(2).Interfaces(10)
17:35:43.461 INFO: JdwpDebugServer: handling req: ClassType(3).Superclass(1)
17:35:43.461 INFO: JdwpDebugServer: handling req: ReferenceType(2).Interfaces(10)
17:35:43.461 INFO: JdwpDebugServer: handling req: ClassType(3).Superclass(1)
17:35:43.461 INFO: JdwpDebugServer: handling req: ReferenceType(2).Interfaces(10)
17:35:43.461 INFO: JdwpDebugServer: handling req: ClassType(3).Superclass(1)
17:35:43.461 INFO: JdwpDebugServer: handling req: ReferenceType(2).Interfaces(10)
17:35:43.461 INFO: JdwpDebugServer: handling req: ClassType(3).Superclass(1)
17:35:43.461 INFO: JdwpDebugServer: handling req: ReferenceType(2).Interfaces(10)
17:35:43.461 INFO: JdwpDebugServer: handling req: ClassType(3).Superclass(1)
17:35:43.461 INFO: JdwpDebugServer: handling req: ReferenceType(2).Interfaces(10)
17:35:43.461 INFO: JdwpDebugServer: handling req: ClassType(3).Superclass(1)
17:35:43.461 INFO: JdwpDebugServer: handling req: ReferenceType(2).Interfaces(10)
17:35:43.461 INFO: JdwpDebugServer: handling req: ClassType(3).Superclass(1)
17:35:43.461 INFO: JdwpDebugServer: handling req: ReferenceType(2).MethodsWithGeneric(15)
17:35:43.461 INFO: JdwpDebugServer: handling req: ClassType(3).Superclass(1)
17:35:43.461 INFO: JdwpDebugServer: handling req: ReferenceType(2).Interfaces(10)
17:35:43.461 INFO: JdwpDebugServer: handling req: ClassType(3).Superclass(1)
17:35:43.461 INFO: JdwpDebugServer: handling req: ReferenceType(2).Interfaces(10)
17:35:43.461 INFO: JdwpDebugServer: handling req: ClassType(3).Superclass(1)
17:35:43.461 INFO: JdwpDebugServer: handling req: ReferenceType(2).Interfaces(10)
17:35:43.461 INFO: JdwpDebugServer: handling req: ClassType(3).Superclass(1)
17:35:43.461 INFO: JdwpDebugServer: handling req: ReferenceType(2).Interfaces(10)
17:35:43.461 INFO: JdwpDebugServer: handling req: ClassType(3).Superclass(1)
17:35:43.461 INFO: JdwpDebugServer: handling req: ReferenceType(2).Interfaces(10)
17:35:43.461 INFO: JdwpDebugServer: handling req: ClassType(3).Superclass(1)
17:35:43.461 INFO: JdwpDebugServer: handling req: ReferenceType(2).Interfaces(10)
17:35:43.461 INFO: JdwpDebugServer: handling req: ClassType(3).Superclass(1)
17:35:43.461 INFO: JdwpDebugServer: handling req: ReferenceType(2).Interfaces(10)
17:35:43.461 INFO: JdwpDebugServer: handling req: ClassType(3).Superclass(1)
17:35:43.461 INFO: JdwpDebugServer: handling req: ReferenceType(2).Interfaces(10)
17:35:43.461 INFO: JdwpDebugServer: handling req: ClassType(3).Superclass(1)
17:35:43.461 INFO: JdwpDebugServer: handling req: ReferenceType(2).Interfaces(10)
17:35:43.461 INFO: JdwpDebugServer: handling req: ReferenceType(2).Interfaces(10)
17:35:43.461 INFO: JdwpDebugServer: handling req: ReferenceType(2).Interfaces(10)
17:35:43.461 INFO: JdwpDebugServer: handling req: ReferenceType(2).Interfaces(10)
17:35:43.461 INFO: JdwpDebugServer: handling req: ReferenceType(2).Interfaces(10)
17:35:43.461 INFO: JdwpDebugServer: handling req: ReferenceType(2).Interfaces(10)
17:35:43.461 INFO: JdwpDebugServer: handling req: ReferenceType(2).Interfaces(10)
17:35:43.461 INFO: JdwpDebugServer: handling req: ReferenceType(2).Interfaces(10)
17:35:43.461 INFO: JdwpDebugServer: handling req: ReferenceType(2).Interfaces(10)
17:35:43.461 INFO: JdwpDebugServer: handling req: ReferenceType(2).MethodsWithGeneric(15)
17:35:43.461 INFO: JdwpDebugServer: handling req: ReferenceType(2).MethodsWithGeneric(15)
17:35:43.461 INFO: JdwpDebugServer: handling req: ClassType(3).Superclass(1)
17:35:43.461 INFO: JdwpDebugServer: handling req: ReferenceType(2).Interfaces(10)
17:35:43.462 INFO: JdwpDebugServer: handling req: ClassType(3).Superclass(1)
17:35:43.462 INFO: JdwpDebugServer: handling req: ReferenceType(2).Interfaces(10)
17:35:43.462 INFO: JdwpDebugServer: handling req: ClassType(3).Superclass(1)
17:35:43.462 INFO: JdwpDebugServer: handling req: ReferenceType(2).Interfaces(10)
17:35:43.462 INFO: JdwpDebugServer: handling req: ClassType(3).Superclass(1)
17:35:43.462 INFO: JdwpDebugServer: handling req: ReferenceType(2).Interfaces(10)
17:35:43.462 INFO: JdwpDebugServer: handling req: ClassType(3).Superclass(1)
17:35:43.462 INFO: JdwpDebugServer: handling req: ReferenceType(2).Interfaces(10)
17:35:43.462 INFO: JdwpDebugServer: handling req: ClassType(3).Superclass(1)
17:35:43.462 INFO: JdwpDebugServer: handling req: ReferenceType(2).Interfaces(10)
17:35:43.462 INFO: JdwpDebugServer: handling req: ClassType(3).Superclass(1)
17:35:43.462 INFO: JdwpDebugServer: handling req: ReferenceType(2).Interfaces(10)
17:35:43.462 INFO: JdwpDebugServer: handling req: ClassType(3).Superclass(1)
17:35:43.462 INFO: JdwpDebugServer: handling req: ReferenceType(2).Interfaces(10)
17:35:43.462 INFO: JdwpDebugServer: handling req: ClassType(3).Superclass(1)
17:35:43.462 INFO: JdwpDebugServer: handling req: ClassType(3).Superclass(1)
17:35:43.462 INFO: JdwpDebugServer: handling req: ReferenceType(2).Interfaces(10)
17:35:43.462 INFO: JdwpDebugServer: handling req: ClassType(3).Superclass(1)
17:35:43.462 INFO: JdwpDebugServer: handling req: ReferenceType(2).Interfaces(10)
17:35:43.462 INFO: JdwpDebugServer: handling req: ClassType(3).Superclass(1)
17:35:43.462 INFO: JdwpDebugServer: handling req: ReferenceType(2).Interfaces(10)
17:35:43.462 INFO: JdwpDebugServer: handling req: ClassType(3).Superclass(1)
17:35:43.462 INFO: JdwpDebugServer: handling req: ReferenceType(2).Interfaces(10)
17:35:43.462 INFO: JdwpDebugServer: handling req: ClassType(3).Superclass(1)
17:35:43.462 INFO: JdwpDebugServer: handling req: ReferenceType(2).Interfaces(10)
17:35:43.462 INFO: JdwpDebugServer: handling req: ClassType(3).Superclass(1)
17:35:43.462 INFO: JdwpDebugServer: handling req: ReferenceType(2).Interfaces(10)
17:35:43.462 INFO: JdwpDebugServer: handling req: ClassType(3).Superclass(1)
17:35:43.462 INFO: JdwpDebugServer: handling req: ClassType(3).Superclass(1)
17:35:43.462 INFO: JdwpDebugServer: handling req: ReferenceType(2).Interfaces(10)
17:35:43.462 INFO: JdwpDebugServer: handling req: ClassType(3).Superclass(1)
17:35:43.462 INFO: JdwpDebugServer: handling req: ReferenceType(2).Interfaces(10)
17:35:43.462 INFO: JdwpDebugServer: handling req: ReferenceType(2).MethodsWithGeneric(15)
17:35:43.462 INFO: JdwpDebugServer: handling req: ReferenceType(2).MethodsWithGeneric(15)
17:35:43.462 INFO: JdwpDebugServer: handling req: ClassType(3).Superclass(1)
17:35:43.462 INFO: JdwpDebugServer: handling req: ReferenceType(2).Interfaces(10)
17:35:43.462 INFO: JdwpDebugServer: handling req: ClassType(3).Superclass(1)
17:35:43.462 INFO: JdwpDebugServer: handling req: ReferenceType(2).Interfaces(10)
17:35:43.462 INFO: JdwpDebugServer: handling req: ClassType(3).Superclass(1)
17:35:43.462 INFO: JdwpDebugServer: handling req: ReferenceType(2).Interfaces(10)
17:35:43.462 INFO: JdwpDebugServer: handling req: ClassType(3).Superclass(1)
17:35:43.462 INFO: JdwpDebugServer: handling req: ReferenceType(2).Interfaces(10)
17:35:43.462 INFO: JdwpDebugServer: handling req: ClassType(3).Superclass(1)
17:35:43.462 INFO: JdwpDebugServer: handling req: ReferenceType(2).Interfaces(10)
17:35:43.462 INFO: JdwpDebugServer: handling req: ClassType(3).Superclass(1)
17:35:43.462 INFO: JdwpDebugServer: handling req: ReferenceType(2).Interfaces(10)
17:35:43.462 INFO: JdwpDebugServer: handling req: ClassType(3).Superclass(1)
17:35:43.462 INFO: JdwpDebugServer: handling req: ReferenceType(2).Interfaces(10)
17:35:43.462 INFO: JdwpDebugServer: handling req: ClassType(3).Superclass(1)
17:35:43.462 INFO: JdwpDebugServer: handling req: ReferenceType(2).Interfaces(10)
17:35:43.462 INFO: JdwpDebugServer: handling req: ClassType(3).Superclass(1)
17:35:43.462 INFO: JdwpDebugServer: handling req: ReferenceType(2).Interfaces(10)
17:35:43.462 INFO: JdwpDebugServer: handling req: ReferenceType(2).Interfaces(10)
17:35:43.462 INFO: JdwpDebugServer: handling req: ReferenceType(2).Interfaces(10)
17:35:43.462 INFO: JdwpDebugServer: handling req: ReferenceType(2).Interfaces(10)
17:35:43.462 INFO: JdwpDebugServer: handling req: ReferenceType(2).Interfaces(10)
17:35:43.462 INFO: JdwpDebugServer: handling req: ReferenceType(2).Interfaces(10)
17:35:43.462 INFO: JdwpDebugServer: handling req: ReferenceType(2).Interfaces(10)
17:35:43.463 INFO: JdwpDebugServer: handling req: ReferenceType(2).Interfaces(10)
17:35:43.463 INFO: JdwpDebugServer: handling req: ReferenceType(2).Interfaces(10)
17:35:43.463 INFO: JdwpDebugServer: handling req: ReferenceType(2).Interfaces(10)
17:35:43.463 INFO: JdwpDebugServer: handling req: ReferenceType(2).Interfaces(10)
17:35:43.463 INFO: JdwpDebugServer: handling req: ReferenceType(2).Interfaces(10)
17:35:43.463 INFO: JdwpDebugServer: handling req: ReferenceType(2).Interfaces(10)
17:35:43.463 INFO: JdwpDebugServer: handling req: ReferenceType(2).Interfaces(10)
17:35:43.463 INFO: JdwpDebugServer: handling req: ReferenceType(2).Interfaces(10)
17:35:43.463 INFO: JdwpDebugServer: handling req: ReferenceType(2).Interfaces(10)
17:35:43.463 INFO: JdwpDebugServer: handling req: ReferenceType(2).Interfaces(10)
17:35:43.463 INFO: JdwpDebugServer: handling req: ReferenceType(2).MethodsWithGeneric(15)
17:35:43.463 INFO: JdwpDebugServer: handling req: ReferenceType(2).MethodsWithGeneric(15)
17:35:43.463 INFO: JdwpDebugServer: handling req: ReferenceType(2).MethodsWithGeneric(15)
17:35:43.463 INFO: JdwpDebugServer: handling req: ReferenceType(2).FieldsWithGeneric(14)
17:35:43.463 INFO: JdwpDebugServer: handling req: ObjectReference(9).InvokeMethod(6)
17:35:43.464 INFO: JdwpDebugServer: handling req: ReferenceType(2).FieldsWithGeneric(14)
17:35:43.464 INFO: JdwpDebugServer: handling req: ReferenceType(2).FieldsWithGeneric(14)
17:35:43.464 INFO: JdwpDebugServer: handling req: StringReference(10).Value(1)
17:35:43.468 INFO: JdwpDebugServer: handling req: ThreadReference(11).FramesCount(7)
17:35:43.468 INFO: JdwpDebugServer: handling req: ThreadReference(11).Frames(6)
17:35:43.468 INFO: JdwpDebugServer: handling req: ObjectReference(9).GetValues(2)
17:35:43.478 INFO: JdwpDebugServer: handling req: ObjectReference(9).InvokeMethod(6)
17:35:43.479 INFO: JdwpDebugServer: handling req: StringReference(10).Value(1)
17:35:44.802 INFO: JdwpDebugServer: handling req: ObjectReference(9).ReferenceType(1)
17:35:44.855 INFO: JdwpDebugServer: handling req: ClassType(3).Superclass(1)
17:35:44.855 INFO: JdwpDebugServer: handling req: ReferenceType(2).Interfaces(10)
17:35:44.856 INFO: JdwpDebugServer: handling req: ClassType(3).Superclass(1)
17:35:44.856 INFO: JdwpDebugServer: handling req: ReferenceType(2).Interfaces(10)
17:35:44.856 INFO: JdwpDebugServer: handling req: ClassType(3).Superclass(1)
17:35:44.856 INFO: JdwpDebugServer: handling req: ReferenceType(2).Interfaces(10)
17:35:44.856 INFO: JdwpDebugServer: handling req: ClassType(3).Superclass(1)
17:35:44.856 INFO: JdwpDebugServer: handling req: ReferenceType(2).Interfaces(10)
17:35:44.856 INFO: JdwpDebugServer: handling req: ClassType(3).Superclass(1)
17:35:44.856 INFO: JdwpDebugServer: handling req: ReferenceType(2).Interfaces(10)
17:35:44.856 INFO: JdwpDebugServer: handling req: ClassType(3).Superclass(1)
17:35:44.856 INFO: JdwpDebugServer: handling req: ReferenceType(2).Interfaces(10)
17:35:44.856 INFO: JdwpDebugServer: handling req: ClassType(3).Superclass(1)
17:35:44.856 INFO: JdwpDebugServer: handling req: ReferenceType(2).Interfaces(10)
17:35:44.856 INFO: JdwpDebugServer: handling req: ClassType(3).Superclass(1)
17:35:44.856 INFO: JdwpDebugServer: handling req: ReferenceType(2).Interfaces(10)
17:35:44.856 INFO: JdwpDebugServer: handling req: ClassType(3).Superclass(1)
17:35:44.856 INFO: JdwpDebugServer: handling req: ReferenceType(2).MethodsWithGeneric(15)
17:35:44.856 INFO: JdwpDebugServer: handling req: ReferenceType(2).MethodsWithGeneric(15)
17:35:44.856 INFO: JdwpDebugServer: handling req: ReferenceType(2).MethodsWithGeneric(15)
17:35:45.135 INFO: JdwpDebugServer: handling req: ObjectReference(9).InvokeMethod(6)
17:35:45.138 INFO: JdwpDebugServer: handling req: StringReference(10).Value(1)
17:35:45.156 INFO: JdwpDebugServer: handling req: ReferenceType(2).MethodsWithGeneric(15)
17:35:45.157 INFO: JdwpDebugServer: handling req: Method(6).LineTable(1)
17:35:48.529 INFO: JdwpDebugServer: handling req: ThreadReference(11).Status(4)
17:35:48.529 INFO: JdwpDebugServer: handling req: ThreadReference(11).FramesCount(7)
17:35:48.530 INFO: JdwpDebugServer: handling req: ThreadReference(11).Frames(6)
17:35:48.545 INFO: JdwpDebugServer: handling req: ReferenceType(2).ClassObject(11)
17:35:48.547 INFO: JdwpDebugServer: handling req: ObjectReference(9).ReferenceType(1)
17:35:48.547 INFO: JdwpDebugServer: handling req: Method(17).ReflectedType(1)
17:35:48.547 INFO: JdwpDebugServer: handling req: ReferenceType(2).FieldsWithGeneric(14)
17:35:48.547 INFO: JdwpDebugServer: handling req: ReferenceType(2).FieldsWithGeneric(14)
17:35:48.548 INFO: JdwpDebugServer: handling req: ReferenceType(2).FieldsWithGeneric(14)
17:35:48.548 INFO: JdwpDebugServer: handling req: ReferenceType(2).GetValues(6)
17:35:51.526 INFO: JdwpDebugServer: handling req: ReferenceType(2).GetValues(6)
17:35:54.801 INFO: JdwpDebugServer: handling req: ReferenceType(2).GetValues(6)
17:35:56.984 INFO: JdwpDebugServer: handling req: ReferenceType(2).GetValues(6)
17:36:00.744 INFO: JdwpDebugServer: handling req: ReferenceType(2).GetValues(6)
17:36:03.273 INFO: JdwpDebugServer: handling req: ReferenceType(2).GetValues(6)
17:36:06.375 INFO: JdwpDebugServer: handling req: ReferenceType(2).GetValues(6)
17:36:14.132 INFO: JdwpDebugServer: handling req: ReferenceType(2).GetValues(6)
17:36:18.904 INFO: JdwpDebugServer: handling req: ReferenceType(2).FieldsWithGeneric(14)
17:36:18.904 INFO: JdwpDebugServer: handling req: ReferenceType(2).FieldsWithGeneric(14)
17:36:18.904 INFO: JdwpDebugServer: handling req: ReferenceType(2).FieldsWithGeneric(14)
17:36:18.904 INFO: JdwpDebugServer: handling req: ReferenceType(2).GetValues(6)
17:36:50.220 INFO: JdwpDebugServer: handling req: ReferenceType(2).GetValues(6)
17:36:52.529 INFO: JdwpDebugServer: handling req: ReferenceType(2).GetValues(6)
17:37:00.509 INFO: JdwpDebugServer: handling req: ReferenceType(2).GetValues(6)
17:37:02.238 INFO: JdwpDebugServer: handling req: ReferenceType(2).GetValues(6)
17:37:07.144 INFO: JdwpDebugServer: handling req: EventRequest(15).Clear(2)
17:37:07.152 INFO: JdwpDebugServer: handling req: EventRequest(15).Clear(2)
17:37:07.152 INFO: JdwpDebugServer: handling req: EventRequest(15).Clear(2)
17:37:07.152 INFO: JdwpDebugServer: handling req: EventRequest(15).Clear(2)
17:37:07.153 INFO: JdwpDebugServer: handling req: EventRequest(15).Clear(2)
17:37:07.154 INFO: JdwpDebugServer: handling req: EventRequest(15).Clear(2)
17:37:09.718 INFO: JdwpDebugServer: handling req: ThreadReference(11).Resume(3)
17:37:09.719 INFO: JdwpEventCenterDelegate: THREAD_RESUMED: thread (33, main, main)
17:37:09.723 INFO: JdwpEventCenterDelegate: THREAD_RESUMED: thread (33, main, main)
17:37:09.726 INFO: JdwpEventCenterDelegate: THREAD_RESUMED: thread (33, main, main)
17:37:09.728 INFO: JdwpEventCenterDelegate: THREAD_RESUMED: thread (33, main, main)
17:37:09.730 INFO: JdwpEventCenterDelegate: THREAD_RESUMED: thread (33, main, main)
17:37:09.733 INFO: JdwpEventCenterDelegate: THREAD_RESUMED: thread (33, main, main)
17:37:09.751 INFO: JdwpEventCenterDelegate: THREAD_RESUMED: thread (33, main, main)
17:37:09.783 INFO: JdwpEventCenterDelegate: THREAD_RESUMED: thread (33, main, main)
17:37:09.811 INFO: JdwpEventCenterDelegate: THREAD_RESUMED: thread (33, main, main)
17:37:09.825 INFO: JdwpEventCenterDelegate: THREAD_RESUMED: thread (33, main, main)
17:37:09.839 INFO: JdwpEventCenterDelegate: THREAD_RESUMED: thread (33, main, main)
17:37:09.870 INFO: JdwpEventCenterDelegate: THREAD_RESUMED: thread (33, main, main)
17:37:09.872 INFO: JdwpEventCenterDelegate: THREAD_RESUMED: thread (33, main, main)
17:37:09.874 INFO: JdwpEventCenterDelegate: THREAD_RESUMED: thread (33, main, main)
17:37:09.876 INFO: JdwpEventCenterDelegate: THREAD_RESUMED: thread (33, main, main)
17:37:09.879 INFO: JdwpEventCenterDelegate: THREAD_RESUMED: thread (33, main, main)
17:37:09.883 INFO: JdwpEventCenterDelegate: THREAD_RESUMED: thread (33, main, main)
17:37:09.895 INFO: JdwpEventCenterDelegate: THREAD_RESUMED: thread (33, main, main)
17:37:09.896 INFO: JdwpEventCenterDelegate: THREAD_RESUMED: thread (33, main, main)
17:37:09.898 INFO: JdwpEventCenterDelegate: THREAD_RESUMED: thread (33, main, main)
17:37:09.900 INFO: JdwpEventCenterDelegate: THREAD_RESUMED: thread (33, main, main)
17:37:09.902 INFO: JdwpEventCenterDelegate: THREAD_RESUMED: thread (33, main, main)
17:37:09.906 INFO: JdwpEventCenterDelegate: THREAD_RESUMED: thread (33, main, main)
17:37:09.919 INFO: JdwpEventCenterDelegate: THREAD_RESUMED: thread (33, main, main)
17:37:09.921 INFO: JdwpEventCenterDelegate: THREAD_RESUMED: thread (33, main, main)
17:37:09.923 INFO: JdwpEventCenterDelegate: THREAD_RESUMED: thread (33, main, main)
17:37:09.925 INFO: JdwpEventCenterDelegate: THREAD_RESUMED: thread (33, main, main)
17:37:09.926 INFO: JdwpEventCenterDelegate: THREAD_RESUMED: thread (33, main, main)
17:37:09.931 INFO: JdwpEventCenterDelegate: THREAD_RESUMED: thread (33, main, main)
17:37:09.948 INFO: JdwpEventCenterDelegate: THREAD_RESUMED: thread (33, main, main)
17:37:09.950 INFO: JdwpEventCenterDelegate: THREAD_RESUMED: thread (33, main, main)
17:37:09.952 INFO: JdwpEventCenterDelegate: THREAD_RESUMED: thread (33, main, main)
17:37:09.954 INFO: JdwpEventCenterDelegate: THREAD_RESUMED: thread (33, main, main)
17:37:09.955 INFO: JdwpEventCenterDelegate: THREAD_RESUMED: thread (33, main, main)
17:37:09.960 INFO: JdwpEventCenterDelegate: THREAD_RESUMED: thread (33, main, main)
17:37:09.974 INFO: JdwpEventCenterDelegate: THREAD_RESUMED: thread (33, main, main)
17:37:09.976 INFO: JdwpEventCenterDelegate: THREAD_RESUMED: thread (33, main, main)
17:37:09.978 INFO: JdwpEventCenterDelegate: THREAD_RESUMED: thread (33, main, main)
17:37:09.980 INFO: JdwpEventCenterDelegate: THREAD_RESUMED: thread (33, main, main)
17:37:09.982 INFO: JdwpEventCenterDelegate: THREAD_RESUMED: thread (33, main, main)
17:37:09.987 INFO: JdwpEventCenterDelegate: THREAD_RESUMED: thread (33, main, main)
17:37:10.001 INFO: JdwpEventCenterDelegate: THREAD_RESUMED: thread (33, main, main)
17:37:10.003 INFO: JdwpEventCenterDelegate: THREAD_RESUMED: thread (33, main, main)
17:37:10.005 INFO: JdwpEventCenterDelegate: THREAD_RESUMED: thread (33, main, main)
17:37:10.007 INFO: JdwpEventCenterDelegate: THREAD_RESUMED: thread (33, main, main)
17:37:10.009 INFO: JdwpEventCenterDelegate: THREAD_RESUMED: thread (33, main, main)
17:37:10.013 INFO: JdwpEventCenterDelegate: THREAD_RESUMED: thread (33, main, main)
17:37:10.035 INFO: JdwpEventCenterDelegate: THREAD_RESUMED: thread (33, main, main)
17:37:10.037 INFO: JdwpEventCenterDelegate: THREAD_RESUMED: thread (33, main, main)
17:37:10.039 INFO: JdwpEventCenterDelegate: THREAD_RESUMED: thread (33, main, main)
17:37:10.041 INFO: JdwpEventCenterDelegate: THREAD_RESUMED: thread (33, main, main)
17:37:10.043 INFO: JdwpEventCenterDelegate: THREAD_RESUMED: thread (33, main, main)
17:37:10.048 INFO: JdwpEventCenterDelegate: THREAD_RESUMED: thread (33, main, main)
17:37:10.066 INFO: JdwpEventCenterDelegate: THREAD_RESUMED: thread (33, main, main)
17:37:10.068 INFO: JdwpEventCenterDelegate: THREAD_RESUMED: thread (33, main, main)
17:37:10.070 INFO: JdwpEventCenterDelegate: THREAD_RESUMED: thread (33, main, main)
17:37:10.072 INFO: JdwpEventCenterDelegate: THREAD_RESUMED: thread (33, main, main)
17:37:10.074 INFO: JdwpEventCenterDelegate: THREAD_RESUMED: thread (33, main, main)
17:37:10.078 INFO: JdwpEventCenterDelegate: THREAD_RESUMED: thread (33, main, main)
17:37:10.096 INFO: JdwpEventCenterDelegate: THREAD_RESUMED: thread (33, main, main)
17:37:10.098 INFO: JdwpEventCenterDelegate: THREAD_RESUMED: thread (33, main, main)
17:37:10.100 INFO: JdwpEventCenterDelegate: THREAD_RESUMED: thread (33, main, main)
17:37:10.102 INFO: JdwpEventCenterDelegate: THREAD_RESUMED: thread (33, main, main)
17:37:10.104 INFO: JdwpEventCenterDelegate: THREAD_RESUMED: thread (33, main, main)
17:37:10.109 INFO: JdwpEventCenterDelegate: THREAD_RESUMED: thread (33, main, main)
17:37:10.124 INFO: JdwpEventCenterDelegate: THREAD_RESUMED: thread (33, main, main)
17:37:10.126 INFO: JdwpEventCenterDelegate: THREAD_RESUMED: thread (33, main, main)
17:37:10.128 INFO: JdwpEventCenterDelegate: THREAD_RESUMED: thread (33, main, main)
17:37:10.130 INFO: JdwpEventCenterDelegate: THREAD_RESUMED: thread (33, main, main)
17:37:10.132 INFO: JdwpEventCenterDelegate: THREAD_RESUMED: thread (33, main, main)
17:37:10.137 INFO: JdwpEventCenterDelegate: THREAD_RESUMED: thread (33, main, main)
17:37:10.151 INFO: JdwpEventCenterDelegate: THREAD_RESUMED: thread (33, main, main)
17:37:10.153 INFO: JdwpEventCenterDelegate: THREAD_RESUMED: thread (33, main, main)
17:37:10.154 INFO: JdwpEventCenterDelegate: THREAD_RESUMED: thread (33, main, main)
17:37:10.156 INFO: JdwpEventCenterDelegate: THREAD_RESUMED: thread (33, main, main)
17:37:10.158 INFO: JdwpEventCenterDelegate: THREAD_RESUMED: thread (33, main, main)
17:37:10.162 INFO: JdwpEventCenterDelegate: THREAD_RESUMED: thread (33, main, main)
17:37:10.180 INFO: JdwpEventCenterDelegate: THREAD_RESUMED: thread (33, main, main)
17:37:10.183 INFO: JdwpEventCenterDelegate: THREAD_RESUMED: thread (33, main, main)
17:37:10.185 INFO: JdwpEventCenterDelegate: THREAD_RESUMED: thread (33, main, main)
17:37:10.187 INFO: JdwpEventCenterDelegate: THREAD_RESUMED: thread (33, main, main)
17:37:10.189 INFO: JdwpEventCenterDelegate: THREAD_RESUMED: thread (33, main, main)
17:37:10.194 INFO: JdwpEventCenterDelegate: THREAD_RESUMED: thread (33, main, main)
17:37:10.218 INFO: JdwpEventCenterDelegate: THREAD_RESUMED: thread (33, main, main)
17:37:10.220 INFO: JdwpEventCenterDelegate: THREAD_RESUMED: thread (33, main, main)
17:37:10.223 INFO: JdwpEventCenterDelegate: THREAD_RESUMED: thread (33, main, main)
17:37:10.225 INFO: JdwpEventCenterDelegate: THREAD_RESUMED: thread (33, main, main)
17:37:10.227 INFO: JdwpEventCenterDelegate: THREAD_RESUMED: thread (33, main, main)
17:37:10.232 INFO: JdwpEventCenterDelegate: THREAD_RESUMED: thread (33, main, main)
17:37:10.249 INFO: JdwpEventCenterDelegate: THREAD_RESUMED: thread (33, main, main)
17:37:10.252 INFO: JdwpEventCenterDelegate: THREAD_RESUMED: thread (33, main, main)
17:37:10.254 INFO: JdwpEventCenterDelegate: THREAD_RESUMED: thread (33, main, main)
17:37:10.256 INFO: JdwpEventCenterDelegate: THREAD_RESUMED: thread (33, main, main)
17:37:10.258 INFO: JdwpEventCenterDelegate: THREAD_RESUMED: thread (33, main, main)
17:37:10.263 INFO: JdwpEventCenterDelegate: THREAD_RESUMED: thread (33, main, main)
17:37:10.275 INFO: JdwpEventCenterDelegate: THREAD_RESUMED: thread (33, main, main)
17:37:10.277 INFO: JdwpEventCenterDelegate: THREAD_RESUMED: thread (33, main, main)
17:37:10.279 INFO: JdwpEventCenterDelegate: THREAD_RESUMED: thread (33, main, main)
17:37:10.282 INFO: JdwpEventCenterDelegate: THREAD_RESUMED: thread (33, main, main)
17:37:10.284 INFO: JdwpEventCenterDelegate: THREAD_RESUMED: thread (33, main, main)
17:37:11.958 INFO: JdwpEventCenterDelegate: THREAD_STARTED: thread (173, Timer, main)
17:37:12.833 INFO: JdwpEventCenterDelegate: THREAD_RESUMED: thread (33, main, main)
17:37:12.866 INFO: JdwpEventCenterDelegate: THREAD_RESUMED: thread (33, main, main)
17:37:12.888 INFO: JdwpEventCenterDelegate: THREAD_RESUMED: thread (33, main, main)
17:37:12.904 INFO: JdwpEventCenterDelegate: THREAD_RESUMED: thread (33, main, main)
17:37:12.944 INFO: JdwpEventCenterDelegate: THREAD_RESUMED: thread (33, main, main)
17:37:12.978 INFO: JdwpEventCenterDelegate: THREAD_RESUMED: thread (33, main, main)
17:37:12.995 INFO: JdwpEventCenterDelegate: THREAD_RESUMED: thread (33, main, main)
17:37:13.010 INFO: JdwpEventCenterDelegate: THREAD_RESUMED: thread (33, main, main)
17:37:13.017 INFO: JdwpEventCenterDelegate: THREAD_RESUMED: thread (33, main, main)
17:37:13.031 INFO: JdwpEventCenterDelegate: THREAD_RESUMED: thread (33, main, main)
17:37:13.063 INFO: JdwpEventCenterDelegate: THREAD_RESUMED: thread (33, main, main)
17:37:13.075 INFO: JdwpEventCenterDelegate: THREAD_RESUMED: thread (33, main, main)
17:37:13.087 INFO: JdwpEventCenterDelegate: THREAD_RESUMED: thread (33, main, main)
17:37:13.099 INFO: JdwpEventCenterDelegate: THREAD_RESUMED: thread (33, main, main)
17:37:13.134 INFO: JdwpEventCenterDelegate: THREAD_RESUMED: thread (33, main, main)
17:37:13.167 INFO: JdwpEventCenterDelegate: THREAD_RESUMED: thread (33, main, main)
17:37:13.183 INFO: JdwpEventCenterDelegate: THREAD_RESUMED: thread (33, main, main)
17:37:13.197 INFO: JdwpEventCenterDelegate: THREAD_RESUMED: thread (33, main, main)
17:37:13.203 INFO: JdwpEventCenterDelegate: THREAD_RESUMED: thread (33, main, main)
17:37:13.216 INFO: JdwpEventCenterDelegate: THREAD_RESUMED: thread (33, main, main)
17:40:46.178 INFO: JdwpDebugServer: handling req: VirtualMachine(1).Exit(10)
17:40:46.179 SEVERE: Debugger: Thread JDWP server socket thread crashed
org.robovm.debugger.DebuggerException: Terminating due exit command
	at org.robovm.debugger.jdwp.JdwpDebugServer.doSocketWork(JdwpDebugServer.java:211)
	at java.base/java.lang.Thread.run(Thread.java:834)
	at org.robovm.debugger.utils.DebuggerThread.run(DebuggerThread.java:42)
17:40:46.684 SEVERE: Debugger: Thread HooksChannel socket thread crashed
org.robovm.debugger.DebuggerException: java.io.IOException: org.robovm.libimobiledevice.LibIMobileDeviceException: IDEVICE_E_UNKNOWN_ERROR
	at org.robovm.debugger.hooks.HooksChannel.doSocketWork(HooksChannel.java:149)
	at java.base/java.lang.Thread.run(Thread.java:834)
	at org.robovm.debugger.utils.DebuggerThread.run(DebuggerThread.java:42)
Caused by: java.io.IOException: org.robovm.libimobiledevice.LibIMobileDeviceException: IDEVICE_E_UNKNOWN_ERROR
	at org.robovm.libimobiledevice.IDeviceConnection$DeviceInputStream.read(IDeviceConnection.java:203)
	at org.robovm.debugger.utils.bytebuffer.DataBufferWriter.writeFromStream(DataBufferWriter.java:89)
	at org.robovm.debugger.hooks.HooksChannel.doSocketWork(HooksChannel.java:116)
	... 2 more
Caused by: org.robovm.libimobiledevice.LibIMobileDeviceException: IDEVICE_E_UNKNOWN_ERROR
	at org.robovm.libimobiledevice.IDevice.checkResult(IDevice.java:206)
	at org.robovm.libimobiledevice.IDeviceConnection.receive(IDeviceConnection.java:110)
	at org.robovm.libimobiledevice.IDeviceConnection.receive(IDeviceConnection.java:81)
	at org.robovm.libimobiledevice.IDeviceConnection$DeviceInputStream.read(IDeviceConnection.java:201)
	... 4 more
