09:12:06.337 INFO: JdwpDebugServer: handling req: VirtualMachine(1).IDSizes(7)
09:12:06.338 INFO: JdwpDebugServer: handling req: EventRequest(15).Set(1)
09:12:06.338 INFO: JdwpEventCenterDelegate: jdwpSetEventRequest: JdwpEventRequest{requestId=100, eventKind=CLASS_PREPARE, suspendPolicy=NONE, predicates=[]}
09:12:06.338 INFO: JdwpDebugServer: handling req: EventRequest(15).Set(1)
09:12:06.338 INFO: JdwpEventCenterDelegate: jdwpSetEventRequest: JdwpEventRequest{requestId=101, eventKind=CLASS_UNLOAD, suspendPolicy=NONE, predicates=[]}
09:12:06.353 INFO: JdwpDebugServer: handling req: VirtualMachine(1).Version(1)
09:12:06.353 INFO: JdwpDebugServer: handling req: VirtualMachine(1).capabilitiesNew(17)
09:12:06.353 INFO: JdwpDebugServer: handling req: VirtualMachine(1).capabilities(12)
09:12:06.353 INFO: JdwpDebugServer: handling req: VirtualMachine(1).AllClassesWithGeneric(20)
09:12:06.356 INFO: JdwpDebugServer: handling req: VirtualMachine(1).TopLevelThreadGroups(5)
09:12:06.357 INFO: JdwpDebugServer: handling req: EventRequest(15).Set(1)
09:12:06.357 INFO: JdwpEventCenterDelegate: jdwpSetEventRequest: JdwpEventRequest{requestId=102, eventKind=THREAD_START, suspendPolicy=NONE, predicates=[]}
09:12:06.357 INFO: JdwpDebugServer: handling req: EventRequest(15).Set(1)
09:12:06.357 INFO: JdwpEventCenterDelegate: jdwpSetEventRequest: JdwpEventRequest{requestId=103, eventKind=THREAD_DEATH, suspendPolicy=NONE, predicates=[]}
09:12:06.358 INFO: JdwpDebugServer: handling req: EventRequest(15).Set(1)
09:12:06.358 INFO: JdwpEventCenterDelegate: jdwpSetEventRequest: JdwpEventRequest{requestId=104, eventKind=CLASS_PREPARE, suspendPolicy=EVENT_THREAD, predicates=[className=sun.instrument.InstrumentationImpl]}
09:12:06.358 INFO: JdwpDebugServer: handling req: EventRequest(15).Set(1)
09:12:06.358 INFO: JdwpEventCenterDelegate: jdwpSetEventRequest: JdwpEventRequest{requestId=105, eventKind=CLASS_PREPARE, suspendPolicy=EVENT_THREAD, predicates=[className=sun.instrument.InstrumentationImpl]}
09:12:06.959 INFO: JdwpDebugServer: handling req: VirtualMachine(1).Resume(9)
09:12:07.016 INFO: JdwpEventCenterDelegate: THREAD_STARTED: thread (33, main, main)
09:12:07.037 INFO: JdwpEventCenterDelegate: THREAD_STARTED: thread (48, ReferenceQueueDaemon, main)
09:12:07.042 INFO: JdwpEventCenterDelegate: THREAD_STARTED: thread (63, FinalizerDaemon, main)
09:12:07.048 INFO: JdwpEventCenterDelegate: THREAD_STARTED: thread (78, FinalizerWatchdogDaemon, main)
09:12:07.050 INFO: JdwpEventCenterDelegate: THREAD_RESUMED: thread (33, main, main)
09:12:07.052 INFO: JdwpEventCenterDelegate: THREAD_RESUMED: thread (33, main, main)
09:12:07.053 INFO: JdwpEventCenterDelegate: THREAD_RESUMED: thread (33, main, main)
09:12:07.054 INFO: JdwpEventCenterDelegate: THREAD_RESUMED: thread (33, main, main)
09:12:07.055 INFO: JdwpEventCenterDelegate: THREAD_RESUMED: thread (33, main, main)
09:12:07.056 INFO: JdwpEventCenterDelegate: THREAD_RESUMED: thread (33, main, main)
09:12:07.058 INFO: JdwpEventCenterDelegate: THREAD_RESUMED: thread (33, main, main)
09:12:07.059 INFO: JdwpEventCenterDelegate: THREAD_RESUMED: thread (33, main, main)
09:12:07.060 INFO: JdwpEventCenterDelegate: THREAD_RESUMED: thread (33, main, main)
09:12:07.061 INFO: JdwpEventCenterDelegate: THREAD_RESUMED: thread (33, main, main)
09:12:07.063 INFO: JdwpEventCenterDelegate: THREAD_RESUMED: thread (33, main, main)
09:12:07.064 INFO: JdwpEventCenterDelegate: THREAD_RESUMED: thread (33, main, main)
09:12:07.065 INFO: JdwpEventCenterDelegate: THREAD_RESUMED: thread (33, main, main)
09:12:07.066 INFO: JdwpEventCenterDelegate: THREAD_RESUMED: thread (33, main, main)
09:12:07.067 INFO: JdwpEventCenterDelegate: THREAD_RESUMED: thread (33, main, main)
09:12:07.068 INFO: JdwpEventCenterDelegate: THREAD_RESUMED: thread (33, main, main)
09:12:07.070 INFO: JdwpEventCenterDelegate: THREAD_RESUMED: thread (33, main, main)
09:12:07.071 INFO: JdwpEventCenterDelegate: THREAD_RESUMED: thread (33, main, main)
09:12:07.074 INFO: JdwpEventCenterDelegate: THREAD_RESUMED: thread (33, main, main)
09:12:07.076 INFO: JdwpEventCenterDelegate: THREAD_RESUMED: thread (33, main, main)
09:12:07.077 INFO: JdwpEventCenterDelegate: THREAD_RESUMED: thread (33, main, main)
09:12:07.078 INFO: JdwpEventCenterDelegate: THREAD_RESUMED: thread (33, main, main)
09:12:07.080 INFO: JdwpEventCenterDelegate: THREAD_RESUMED: thread (33, main, main)
09:12:07.081 INFO: JdwpEventCenterDelegate: THREAD_RESUMED: thread (33, main, main)
09:12:07.082 INFO: JdwpEventCenterDelegate: THREAD_RESUMED: thread (33, main, main)
09:12:07.111 INFO: JdwpEventCenterDelegate: THREAD_RESUMED: thread (33, main, main)
09:12:07.113 INFO: JdwpEventCenterDelegate: THREAD_RESUMED: thread (33, main, main)
09:12:07.115 INFO: JdwpEventCenterDelegate: THREAD_RESUMED: thread (33, main, main)
09:12:07.116 INFO: JdwpEventCenterDelegate: THREAD_RESUMED: thread (33, main, main)
09:12:07.118 INFO: JdwpEventCenterDelegate: THREAD_RESUMED: thread (33, main, main)
09:12:07.119 INFO: JdwpEventCenterDelegate: THREAD_RESUMED: thread (33, main, main)
09:12:07.120 INFO: JdwpEventCenterDelegate: THREAD_RESUMED: thread (33, main, main)
09:12:07.122 INFO: JdwpEventCenterDelegate: THREAD_RESUMED: thread (33, main, main)
09:12:07.124 INFO: JdwpEventCenterDelegate: THREAD_RESUMED: thread (33, main, main)
09:12:07.125 INFO: JdwpEventCenterDelegate: THREAD_RESUMED: thread (33, main, main)
09:12:07.127 INFO: JdwpEventCenterDelegate: THREAD_RESUMED: thread (33, main, main)
09:12:07.128 INFO: JdwpEventCenterDelegate: THREAD_RESUMED: thread (33, main, main)
09:12:07.129 INFO: JdwpEventCenterDelegate: THREAD_RESUMED: thread (33, main, main)
09:12:07.130 INFO: JdwpEventCenterDelegate: THREAD_RESUMED: thread (33, main, main)
09:12:07.146 INFO: JdwpEventCenterDelegate: THREAD_RESUMED: thread (33, main, main)
09:12:07.147 INFO: JdwpEventCenterDelegate: THREAD_RESUMED: thread (33, main, main)
09:12:07.149 INFO: JdwpEventCenterDelegate: THREAD_RESUMED: thread (33, main, main)
09:12:07.150 INFO: JdwpEventCenterDelegate: THREAD_RESUMED: thread (33, main, main)
09:12:07.151 INFO: JdwpEventCenterDelegate: THREAD_RESUMED: thread (33, main, main)
09:12:07.152 INFO: JdwpEventCenterDelegate: THREAD_RESUMED: thread (33, main, main)
09:12:07.153 INFO: JdwpEventCenterDelegate: THREAD_RESUMED: thread (33, main, main)
09:12:07.192 INFO: JdwpEventCenterDelegate: THREAD_RESUMED: thread (33, main, main)
09:12:07.193 INFO: JdwpEventCenterDelegate: THREAD_RESUMED: thread (33, main, main)
09:12:07.195 INFO: JdwpEventCenterDelegate: THREAD_RESUMED: thread (33, main, main)
09:12:07.196 INFO: JdwpEventCenterDelegate: THREAD_RESUMED: thread (33, main, main)
09:12:07.197 INFO: JdwpEventCenterDelegate: THREAD_RESUMED: thread (33, main, main)
09:12:07.198 INFO: JdwpEventCenterDelegate: THREAD_RESUMED: thread (33, main, main)
09:12:07.200 INFO: JdwpEventCenterDelegate: THREAD_RESUMED: thread (33, main, main)
09:12:07.211 INFO: JdwpEventCenterDelegate: THREAD_RESUMED: thread (33, main, main)
09:12:07.212 INFO: JdwpEventCenterDelegate: THREAD_RESUMED: thread (33, main, main)
09:12:07.213 INFO: JdwpEventCenterDelegate: THREAD_RESUMED: thread (33, main, main)
09:12:07.215 INFO: JdwpEventCenterDelegate: THREAD_RESUMED: thread (33, main, main)
09:12:07.216 INFO: JdwpEventCenterDelegate: THREAD_RESUMED: thread (33, main, main)
09:12:07.217 INFO: JdwpEventCenterDelegate: THREAD_RESUMED: thread (33, main, main)
09:12:07.218 INFO: JdwpEventCenterDelegate: THREAD_RESUMED: thread (33, main, main)
09:12:07.227 INFO: JdwpEventCenterDelegate: THREAD_RESUMED: thread (33, main, main)
09:12:07.228 INFO: JdwpEventCenterDelegate: THREAD_RESUMED: thread (33, main, main)
09:12:07.230 INFO: JdwpEventCenterDelegate: THREAD_RESUMED: thread (33, main, main)
09:12:07.231 INFO: JdwpEventCenterDelegate: THREAD_RESUMED: thread (33, main, main)
09:12:07.232 INFO: JdwpEventCenterDelegate: THREAD_RESUMED: thread (33, main, main)
09:12:07.234 INFO: JdwpEventCenterDelegate: THREAD_RESUMED: thread (33, main, main)
09:12:07.235 INFO: JdwpEventCenterDelegate: THREAD_RESUMED: thread (33, main, main)
09:12:07.237 INFO: JdwpEventCenterDelegate: THREAD_RESUMED: thread (33, main, main)
09:12:07.238 INFO: JdwpEventCenterDelegate: THREAD_RESUMED: thread (33, main, main)
09:12:07.239 INFO: JdwpEventCenterDelegate: THREAD_RESUMED: thread (33, main, main)
09:12:07.240 INFO: JdwpEventCenterDelegate: THREAD_RESUMED: thread (33, main, main)
09:12:07.242 INFO: JdwpEventCenterDelegate: THREAD_RESUMED: thread (33, main, main)
09:12:07.243 INFO: JdwpEventCenterDelegate: THREAD_RESUMED: thread (33, main, main)
09:12:07.244 INFO: JdwpEventCenterDelegate: THREAD_RESUMED: thread (33, main, main)
09:12:07.246 INFO: JdwpEventCenterDelegate: THREAD_RESUMED: thread (33, main, main)
09:12:07.247 INFO: JdwpEventCenterDelegate: THREAD_RESUMED: thread (33, main, main)
09:12:07.248 INFO: JdwpEventCenterDelegate: THREAD_RESUMED: thread (33, main, main)
09:12:07.250 INFO: JdwpEventCenterDelegate: THREAD_RESUMED: thread (33, main, main)
09:12:07.254 INFO: JdwpEventCenterDelegate: THREAD_RESUMED: thread (33, main, main)
09:12:07.255 INFO: JdwpEventCenterDelegate: THREAD_RESUMED: thread (33, main, main)
09:12:07.385 INFO: JdwpEventCenterDelegate: THREAD_STARTED: thread (93, AssetManager, main)
09:12:07.492 INFO: JdwpEventCenterDelegate: THREAD_RESUMED: thread (33, main, main)
09:12:07.494 INFO: JdwpEventCenterDelegate: THREAD_RESUMED: thread (33, main, main)
09:12:10.063 INFO: JdwpEventCenterDelegate: THREAD_RESUMED: thread (33, main, main)
09:12:10.160 INFO: JdwpEventCenterDelegate: THREAD_RESUMED: thread (33, main, main)
09:12:10.162 INFO: JdwpEventCenterDelegate: THREAD_RESUMED: thread (33, main, main)
09:12:10.163 INFO: JdwpEventCenterDelegate: THREAD_RESUMED: thread (33, main, main)
09:12:10.165 INFO: JdwpEventCenterDelegate: THREAD_RESUMED: thread (33, main, main)
09:12:10.167 INFO: JdwpEventCenterDelegate: THREAD_RESUMED: thread (33, main, main)
09:12:10.173 INFO: JdwpEventCenterDelegate: THREAD_RESUMED: thread (33, main, main)
09:12:10.185 INFO: JdwpEventCenterDelegate: THREAD_RESUMED: thread (33, main, main)
09:12:10.187 INFO: JdwpEventCenterDelegate: THREAD_RESUMED: thread (33, main, main)
09:12:10.189 INFO: JdwpEventCenterDelegate: THREAD_RESUMED: thread (33, main, main)
09:12:10.191 INFO: JdwpEventCenterDelegate: THREAD_RESUMED: thread (33, main, main)
09:12:10.194 INFO: JdwpEventCenterDelegate: THREAD_RESUMED: thread (33, main, main)
09:12:10.199 INFO: JdwpEventCenterDelegate: THREAD_RESUMED: thread (33, main, main)
09:12:10.213 INFO: JdwpEventCenterDelegate: THREAD_RESUMED: thread (33, main, main)
09:12:10.215 INFO: JdwpEventCenterDelegate: THREAD_RESUMED: thread (33, main, main)
09:12:10.217 INFO: JdwpEventCenterDelegate: THREAD_RESUMED: thread (33, main, main)
09:12:10.220 INFO: JdwpEventCenterDelegate: THREAD_RESUMED: thread (33, main, main)
09:12:10.222 INFO: JdwpEventCenterDelegate: THREAD_RESUMED: thread (33, main, main)
09:12:10.227 INFO: JdwpEventCenterDelegate: THREAD_RESUMED: thread (33, main, main)
09:12:10.245 INFO: JdwpEventCenterDelegate: THREAD_RESUMED: thread (33, main, main)
09:12:10.247 INFO: JdwpEventCenterDelegate: THREAD_RESUMED: thread (33, main, main)
09:12:10.250 INFO: JdwpEventCenterDelegate: THREAD_RESUMED: thread (33, main, main)
09:12:10.252 INFO: JdwpEventCenterDelegate: THREAD_RESUMED: thread (33, main, main)
09:12:10.254 INFO: JdwpEventCenterDelegate: THREAD_RESUMED: thread (33, main, main)
09:12:10.260 INFO: JdwpEventCenterDelegate: THREAD_RESUMED: thread (33, main, main)
09:12:10.275 INFO: JdwpEventCenterDelegate: THREAD_RESUMED: thread (33, main, main)
09:12:10.277 INFO: JdwpEventCenterDelegate: THREAD_RESUMED: thread (33, main, main)
09:12:10.280 INFO: JdwpEventCenterDelegate: THREAD_RESUMED: thread (33, main, main)
09:12:10.282 INFO: JdwpEventCenterDelegate: THREAD_RESUMED: thread (33, main, main)
09:12:10.284 INFO: JdwpEventCenterDelegate: THREAD_RESUMED: thread (33, main, main)
09:12:10.289 INFO: JdwpEventCenterDelegate: THREAD_RESUMED: thread (33, main, main)
09:12:10.305 INFO: JdwpEventCenterDelegate: THREAD_RESUMED: thread (33, main, main)
09:12:10.307 INFO: JdwpEventCenterDelegate: THREAD_RESUMED: thread (33, main, main)
09:12:10.309 INFO: JdwpEventCenterDelegate: THREAD_RESUMED: thread (33, main, main)
09:12:10.312 INFO: JdwpEventCenterDelegate: THREAD_RESUMED: thread (33, main, main)
09:12:10.314 INFO: JdwpEventCenterDelegate: THREAD_RESUMED: thread (33, main, main)
09:12:10.319 INFO: JdwpEventCenterDelegate: THREAD_RESUMED: thread (33, main, main)
09:12:10.341 INFO: JdwpEventCenterDelegate: THREAD_RESUMED: thread (33, main, main)
09:12:10.343 INFO: JdwpEventCenterDelegate: THREAD_RESUMED: thread (33, main, main)
09:12:10.345 INFO: JdwpEventCenterDelegate: THREAD_RESUMED: thread (33, main, main)
09:12:10.347 INFO: JdwpEventCenterDelegate: THREAD_RESUMED: thread (33, main, main)
09:12:10.350 INFO: JdwpEventCenterDelegate: THREAD_RESUMED: thread (33, main, main)
09:12:10.355 INFO: JdwpEventCenterDelegate: THREAD_RESUMED: thread (33, main, main)
09:12:10.374 INFO: JdwpEventCenterDelegate: THREAD_RESUMED: thread (33, main, main)
09:12:10.376 INFO: JdwpEventCenterDelegate: THREAD_RESUMED: thread (33, main, main)
09:12:10.379 INFO: JdwpEventCenterDelegate: THREAD_RESUMED: thread (33, main, main)
09:12:10.381 INFO: JdwpEventCenterDelegate: THREAD_RESUMED: thread (33, main, main)
09:12:10.383 INFO: JdwpEventCenterDelegate: THREAD_RESUMED: thread (33, main, main)
09:12:10.388 INFO: JdwpEventCenterDelegate: THREAD_RESUMED: thread (33, main, main)
09:12:10.407 INFO: JdwpEventCenterDelegate: THREAD_RESUMED: thread (33, main, main)
09:12:10.409 INFO: JdwpEventCenterDelegate: THREAD_RESUMED: thread (33, main, main)
09:12:10.411 INFO: JdwpEventCenterDelegate: THREAD_RESUMED: thread (33, main, main)
09:12:10.413 INFO: JdwpEventCenterDelegate: THREAD_RESUMED: thread (33, main, main)
09:12:10.415 INFO: JdwpEventCenterDelegate: THREAD_RESUMED: thread (33, main, main)
09:12:10.420 INFO: JdwpEventCenterDelegate: THREAD_RESUMED: thread (33, main, main)
09:12:10.435 INFO: JdwpEventCenterDelegate: THREAD_RESUMED: thread (33, main, main)
09:12:10.437 INFO: JdwpEventCenterDelegate: THREAD_RESUMED: thread (33, main, main)
09:12:10.439 INFO: JdwpEventCenterDelegate: THREAD_RESUMED: thread (33, main, main)
09:12:10.442 INFO: JdwpEventCenterDelegate: THREAD_RESUMED: thread (33, main, main)
09:12:10.443 INFO: JdwpEventCenterDelegate: THREAD_RESUMED: thread (33, main, main)
09:12:10.448 INFO: JdwpEventCenterDelegate: THREAD_RESUMED: thread (33, main, main)
09:12:10.463 INFO: JdwpEventCenterDelegate: THREAD_RESUMED: thread (33, main, main)
09:12:10.465 INFO: JdwpEventCenterDelegate: THREAD_RESUMED: thread (33, main, main)
09:12:10.467 INFO: JdwpEventCenterDelegate: THREAD_RESUMED: thread (33, main, main)
09:12:10.469 INFO: JdwpEventCenterDelegate: THREAD_RESUMED: thread (33, main, main)
09:12:10.471 INFO: JdwpEventCenterDelegate: THREAD_RESUMED: thread (33, main, main)
09:12:10.476 INFO: JdwpEventCenterDelegate: THREAD_RESUMED: thread (33, main, main)
09:12:10.495 INFO: JdwpEventCenterDelegate: THREAD_RESUMED: thread (33, main, main)
09:12:10.497 INFO: JdwpEventCenterDelegate: THREAD_RESUMED: thread (33, main, main)
09:12:10.499 INFO: JdwpEventCenterDelegate: THREAD_RESUMED: thread (33, main, main)
09:12:10.502 INFO: JdwpEventCenterDelegate: THREAD_RESUMED: thread (33, main, main)
09:12:10.504 INFO: JdwpEventCenterDelegate: THREAD_RESUMED: thread (33, main, main)
09:12:10.509 INFO: JdwpEventCenterDelegate: THREAD_RESUMED: thread (33, main, main)
09:12:10.531 INFO: JdwpEventCenterDelegate: THREAD_RESUMED: thread (33, main, main)
09:12:10.533 INFO: JdwpEventCenterDelegate: THREAD_RESUMED: thread (33, main, main)
09:12:10.535 INFO: JdwpEventCenterDelegate: THREAD_RESUMED: thread (33, main, main)
09:12:10.538 INFO: JdwpEventCenterDelegate: THREAD_RESUMED: thread (33, main, main)
09:12:10.540 INFO: JdwpEventCenterDelegate: THREAD_RESUMED: thread (33, main, main)
09:12:10.545 INFO: JdwpEventCenterDelegate: THREAD_RESUMED: thread (33, main, main)
09:12:10.564 INFO: JdwpEventCenterDelegate: THREAD_RESUMED: thread (33, main, main)
09:12:10.566 INFO: JdwpEventCenterDelegate: THREAD_RESUMED: thread (33, main, main)
09:12:10.568 INFO: JdwpEventCenterDelegate: THREAD_RESUMED: thread (33, main, main)
09:12:10.570 INFO: JdwpEventCenterDelegate: THREAD_RESUMED: thread (33, main, main)
09:12:10.572 INFO: JdwpEventCenterDelegate: THREAD_RESUMED: thread (33, main, main)
09:12:10.577 INFO: JdwpEventCenterDelegate: THREAD_RESUMED: thread (33, main, main)
09:12:10.590 INFO: JdwpEventCenterDelegate: THREAD_RESUMED: thread (33, main, main)
09:12:10.592 INFO: JdwpEventCenterDelegate: THREAD_RESUMED: thread (33, main, main)
09:12:10.595 INFO: JdwpEventCenterDelegate: THREAD_RESUMED: thread (33, main, main)
09:12:10.597 INFO: JdwpEventCenterDelegate: THREAD_RESUMED: thread (33, main, main)
09:12:10.599 INFO: JdwpEventCenterDelegate: THREAD_RESUMED: thread (33, main, main)
09:12:10.604 INFO: JdwpEventCenterDelegate: THREAD_RESUMED: thread (33, main, main)
09:12:10.607 INFO: JdwpEventCenterDelegate: THREAD_RESUMED: thread (33, main, main)
09:12:10.609 INFO: JdwpEventCenterDelegate: THREAD_RESUMED: thread (33, main, main)
09:12:10.612 INFO: JdwpEventCenterDelegate: THREAD_RESUMED: thread (33, main, main)
09:12:10.614 INFO: JdwpEventCenterDelegate: THREAD_RESUMED: thread (33, main, main)
09:12:10.616 INFO: JdwpEventCenterDelegate: THREAD_RESUMED: thread (33, main, main)
09:12:10.619 INFO: JdwpEventCenterDelegate: THREAD_RESUMED: thread (33, main, main)
09:12:10.623 INFO: JdwpEventCenterDelegate: THREAD_RESUMED: thread (33, main, main)
09:12:10.625 INFO: JdwpEventCenterDelegate: THREAD_RESUMED: thread (33, main, main)
09:12:10.627 INFO: JdwpEventCenterDelegate: THREAD_RESUMED: thread (33, main, main)
09:12:10.629 INFO: JdwpEventCenterDelegate: THREAD_RESUMED: thread (33, main, main)
09:12:10.641 INFO: JdwpEventCenterDelegate: THREAD_RESUMED: thread (33, main, main)
09:12:10.643 INFO: JdwpEventCenterDelegate: THREAD_RESUMED: thread (33, main, main)
09:12:10.645 INFO: JdwpEventCenterDelegate: THREAD_RESUMED: thread (33, main, main)
09:12:10.647 INFO: JdwpEventCenterDelegate: THREAD_RESUMED: thread (33, main, main)
09:12:10.649 INFO: JdwpEventCenterDelegate: THREAD_RESUMED: thread (33, main, main)
09:12:10.655 INFO: JdwpEventCenterDelegate: THREAD_RESUMED: thread (33, main, main)
09:12:10.670 INFO: JdwpEventCenterDelegate: THREAD_RESUMED: thread (33, main, main)
09:12:10.684 INFO: JdwpEventCenterDelegate: THREAD_RESUMED: thread (33, main, main)
09:12:10.695 INFO: JdwpEventCenterDelegate: THREAD_RESUMED: thread (33, main, main)
09:12:10.708 INFO: JdwpEventCenterDelegate: THREAD_RESUMED: thread (33, main, main)
09:12:10.738 INFO: JdwpEventCenterDelegate: THREAD_RESUMED: thread (33, main, main)
09:12:10.740 INFO: JdwpEventCenterDelegate: THREAD_RESUMED: thread (33, main, main)
09:12:10.743 INFO: JdwpEventCenterDelegate: THREAD_RESUMED: thread (33, main, main)
09:12:10.745 INFO: JdwpEventCenterDelegate: THREAD_RESUMED: thread (33, main, main)
09:12:10.747 INFO: JdwpEventCenterDelegate: THREAD_RESUMED: thread (33, main, main)
09:12:10.752 INFO: JdwpEventCenterDelegate: THREAD_RESUMED: thread (33, main, main)
09:12:10.763 INFO: JdwpEventCenterDelegate: THREAD_RESUMED: thread (33, main, main)
09:12:10.765 INFO: JdwpEventCenterDelegate: THREAD_RESUMED: thread (33, main, main)
09:12:10.768 INFO: JdwpEventCenterDelegate: THREAD_RESUMED: thread (33, main, main)
09:12:10.770 INFO: JdwpEventCenterDelegate: THREAD_RESUMED: thread (33, main, main)
09:12:10.772 INFO: JdwpEventCenterDelegate: THREAD_RESUMED: thread (33, main, main)
09:12:10.777 INFO: JdwpEventCenterDelegate: THREAD_RESUMED: thread (33, main, main)
09:12:10.790 INFO: JdwpEventCenterDelegate: THREAD_RESUMED: thread (33, main, main)
09:12:10.793 INFO: JdwpEventCenterDelegate: THREAD_RESUMED: thread (33, main, main)
09:12:10.795 INFO: JdwpEventCenterDelegate: THREAD_RESUMED: thread (33, main, main)
09:12:10.797 INFO: JdwpEventCenterDelegate: THREAD_RESUMED: thread (33, main, main)
09:12:10.799 INFO: JdwpEventCenterDelegate: THREAD_RESUMED: thread (33, main, main)
09:12:10.804 INFO: JdwpEventCenterDelegate: THREAD_RESUMED: thread (33, main, main)
09:12:10.821 INFO: JdwpEventCenterDelegate: THREAD_RESUMED: thread (33, main, main)
09:12:10.824 INFO: JdwpEventCenterDelegate: THREAD_RESUMED: thread (33, main, main)
09:12:10.826 INFO: JdwpEventCenterDelegate: THREAD_RESUMED: thread (33, main, main)
09:12:10.828 INFO: JdwpEventCenterDelegate: THREAD_RESUMED: thread (33, main, main)
09:12:10.830 INFO: JdwpEventCenterDelegate: THREAD_RESUMED: thread (33, main, main)
09:12:10.886 INFO: JdwpEventCenterDelegate: THREAD_RESUMED: thread (33, main, main)
09:12:10.888 INFO: JdwpEventCenterDelegate: THREAD_RESUMED: thread (33, main, main)
09:12:10.890 INFO: JdwpEventCenterDelegate: THREAD_RESUMED: thread (33, main, main)
09:12:10.892 INFO: JdwpEventCenterDelegate: THREAD_RESUMED: thread (33, main, main)
09:12:10.894 INFO: JdwpEventCenterDelegate: THREAD_RESUMED: thread (33, main, main)
09:12:10.896 INFO: JdwpEventCenterDelegate: THREAD_RESUMED: thread (33, main, main)
09:12:10.901 INFO: JdwpEventCenterDelegate: THREAD_RESUMED: thread (33, main, main)
09:12:10.918 INFO: JdwpEventCenterDelegate: THREAD_RESUMED: thread (33, main, main)
09:12:10.919 INFO: JdwpEventCenterDelegate: THREAD_RESUMED: thread (33, main, main)
09:12:10.921 INFO: JdwpEventCenterDelegate: THREAD_RESUMED: thread (33, main, main)
09:12:10.923 INFO: JdwpEventCenterDelegate: THREAD_RESUMED: thread (33, main, main)
09:12:10.925 INFO: JdwpEventCenterDelegate: THREAD_RESUMED: thread (33, main, main)
09:12:10.929 INFO: JdwpEventCenterDelegate: THREAD_RESUMED: thread (33, main, main)
09:12:10.951 INFO: JdwpEventCenterDelegate: THREAD_RESUMED: thread (33, main, main)
09:12:10.953 INFO: JdwpEventCenterDelegate: THREAD_RESUMED: thread (33, main, main)
09:12:10.955 INFO: JdwpEventCenterDelegate: THREAD_RESUMED: thread (33, main, main)
09:12:10.958 INFO: JdwpEventCenterDelegate: THREAD_RESUMED: thread (33, main, main)
09:12:10.960 INFO: JdwpEventCenterDelegate: THREAD_RESUMED: thread (33, main, main)
09:12:10.964 INFO: JdwpEventCenterDelegate: THREAD_RESUMED: thread (33, main, main)
09:12:10.982 INFO: JdwpEventCenterDelegate: THREAD_RESUMED: thread (33, main, main)
09:12:10.984 INFO: JdwpEventCenterDelegate: THREAD_RESUMED: thread (33, main, main)
09:12:10.986 INFO: JdwpEventCenterDelegate: THREAD_RESUMED: thread (33, main, main)
09:12:10.988 INFO: JdwpEventCenterDelegate: THREAD_RESUMED: thread (33, main, main)
09:12:10.990 INFO: JdwpEventCenterDelegate: THREAD_RESUMED: thread (33, main, main)
09:12:10.995 INFO: JdwpEventCenterDelegate: THREAD_RESUMED: thread (33, main, main)
09:12:11.012 INFO: JdwpEventCenterDelegate: THREAD_RESUMED: thread (33, main, main)
09:12:11.014 INFO: JdwpEventCenterDelegate: THREAD_RESUMED: thread (33, main, main)
09:12:11.016 INFO: JdwpEventCenterDelegate: THREAD_RESUMED: thread (33, main, main)
09:12:11.018 INFO: JdwpEventCenterDelegate: THREAD_RESUMED: thread (33, main, main)
09:12:11.020 INFO: JdwpEventCenterDelegate: THREAD_RESUMED: thread (33, main, main)
09:12:11.025 INFO: JdwpEventCenterDelegate: THREAD_RESUMED: thread (33, main, main)
09:12:11.039 INFO: JdwpEventCenterDelegate: THREAD_RESUMED: thread (33, main, main)
09:12:11.041 INFO: JdwpEventCenterDelegate: THREAD_RESUMED: thread (33, main, main)
09:12:11.043 INFO: JdwpEventCenterDelegate: THREAD_RESUMED: thread (33, main, main)
09:12:11.045 INFO: JdwpEventCenterDelegate: THREAD_RESUMED: thread (33, main, main)
09:12:11.047 INFO: JdwpEventCenterDelegate: THREAD_RESUMED: thread (33, main, main)
09:12:11.051 INFO: JdwpEventCenterDelegate: THREAD_RESUMED: thread (33, main, main)
09:12:11.065 INFO: JdwpEventCenterDelegate: THREAD_RESUMED: thread (33, main, main)
09:12:11.067 INFO: JdwpEventCenterDelegate: THREAD_RESUMED: thread (33, main, main)
09:12:11.069 INFO: JdwpEventCenterDelegate: THREAD_RESUMED: thread (33, main, main)
09:12:11.071 INFO: JdwpEventCenterDelegate: THREAD_RESUMED: thread (33, main, main)
09:12:11.073 INFO: JdwpEventCenterDelegate: THREAD_RESUMED: thread (33, main, main)
09:12:11.077 INFO: JdwpEventCenterDelegate: THREAD_RESUMED: thread (33, main, main)
09:12:11.095 INFO: JdwpEventCenterDelegate: THREAD_RESUMED: thread (33, main, main)
09:12:11.097 INFO: JdwpEventCenterDelegate: THREAD_RESUMED: thread (33, main, main)
09:12:11.099 INFO: JdwpEventCenterDelegate: THREAD_RESUMED: thread (33, main, main)
09:12:11.101 INFO: JdwpEventCenterDelegate: THREAD_RESUMED: thread (33, main, main)
09:12:11.103 INFO: JdwpEventCenterDelegate: THREAD_RESUMED: thread (33, main, main)
09:12:11.108 INFO: JdwpEventCenterDelegate: THREAD_RESUMED: thread (33, main, main)
09:12:11.132 INFO: JdwpEventCenterDelegate: THREAD_RESUMED: thread (33, main, main)
09:12:11.134 INFO: JdwpEventCenterDelegate: THREAD_RESUMED: thread (33, main, main)
09:12:11.136 INFO: JdwpEventCenterDelegate: THREAD_RESUMED: thread (33, main, main)
09:12:11.138 INFO: JdwpEventCenterDelegate: THREAD_RESUMED: thread (33, main, main)
09:12:11.140 INFO: JdwpEventCenterDelegate: THREAD_RESUMED: thread (33, main, main)
09:12:11.145 INFO: JdwpEventCenterDelegate: THREAD_RESUMED: thread (33, main, main)
09:12:11.163 INFO: JdwpEventCenterDelegate: THREAD_RESUMED: thread (33, main, main)
09:12:11.165 INFO: JdwpEventCenterDelegate: THREAD_RESUMED: thread (33, main, main)
09:12:11.167 INFO: JdwpEventCenterDelegate: THREAD_RESUMED: thread (33, main, main)
09:12:11.170 INFO: JdwpEventCenterDelegate: THREAD_RESUMED: thread (33, main, main)
09:12:11.172 INFO: JdwpEventCenterDelegate: THREAD_RESUMED: thread (33, main, main)
09:12:11.176 INFO: JdwpEventCenterDelegate: THREAD_RESUMED: thread (33, main, main)
09:12:11.188 INFO: JdwpEventCenterDelegate: THREAD_RESUMED: thread (33, main, main)
09:12:11.191 INFO: JdwpEventCenterDelegate: THREAD_RESUMED: thread (33, main, main)
09:12:11.193 INFO: JdwpEventCenterDelegate: THREAD_RESUMED: thread (33, main, main)
09:12:11.195 INFO: JdwpEventCenterDelegate: THREAD_RESUMED: thread (33, main, main)
09:12:11.198 INFO: JdwpEventCenterDelegate: THREAD_RESUMED: thread (33, main, main)
09:12:24.969 INFO: JdwpEventCenterDelegate: THREAD_STARTED: thread (108, Timer, main)
09:12:25.863 INFO: JdwpEventCenterDelegate: THREAD_RESUMED: thread (33, main, main)
09:12:25.895 INFO: JdwpEventCenterDelegate: THREAD_RESUMED: thread (33, main, main)
09:12:25.918 INFO: JdwpEventCenterDelegate: THREAD_RESUMED: thread (33, main, main)
09:12:25.936 INFO: JdwpEventCenterDelegate: THREAD_RESUMED: thread (33, main, main)
09:12:25.976 INFO: JdwpEventCenterDelegate: THREAD_RESUMED: thread (33, main, main)
09:12:26.011 INFO: JdwpEventCenterDelegate: THREAD_RESUMED: thread (33, main, main)
09:12:26.028 INFO: JdwpEventCenterDelegate: THREAD_RESUMED: thread (33, main, main)
09:12:26.043 INFO: JdwpEventCenterDelegate: THREAD_RESUMED: thread (33, main, main)
09:12:26.049 INFO: JdwpEventCenterDelegate: THREAD_RESUMED: thread (33, main, main)
09:12:26.063 INFO: JdwpEventCenterDelegate: THREAD_RESUMED: thread (33, main, main)
09:12:26.094 INFO: JdwpEventCenterDelegate: THREAD_RESUMED: thread (33, main, main)
09:12:26.106 INFO: JdwpEventCenterDelegate: THREAD_RESUMED: thread (33, main, main)
09:12:26.118 INFO: JdwpEventCenterDelegate: THREAD_RESUMED: thread (33, main, main)
09:12:26.131 INFO: JdwpEventCenterDelegate: THREAD_RESUMED: thread (33, main, main)
09:12:26.165 INFO: JdwpEventCenterDelegate: THREAD_RESUMED: thread (33, main, main)
09:12:26.198 INFO: JdwpEventCenterDelegate: THREAD_RESUMED: thread (33, main, main)
09:12:26.214 INFO: JdwpEventCenterDelegate: THREAD_RESUMED: thread (33, main, main)
09:12:26.229 INFO: JdwpEventCenterDelegate: THREAD_RESUMED: thread (33, main, main)
09:12:26.234 INFO: JdwpEventCenterDelegate: THREAD_RESUMED: thread (33, main, main)
09:12:26.247 INFO: JdwpEventCenterDelegate: THREAD_RESUMED: thread (33, main, main)
09:12:27.445 INFO: JdwpEventCenterDelegate: THREAD_RESUMED: thread (33, main, main)
09:12:27.447 INFO: JdwpEventCenterDelegate: THREAD_RESUMED: thread (33, main, main)
09:12:27.449 INFO: JdwpEventCenterDelegate: THREAD_RESUMED: thread (33, main, main)
09:12:27.452 INFO: JdwpEventCenterDelegate: THREAD_RESUMED: thread (33, main, main)
09:12:27.454 INFO: JdwpEventCenterDelegate: THREAD_RESUMED: thread (33, main, main)
09:12:27.456 INFO: JdwpEventCenterDelegate: THREAD_RESUMED: thread (33, main, main)
09:12:27.459 INFO: JdwpEventCenterDelegate: THREAD_RESUMED: thread (33, main, main)
09:12:27.481 INFO: JdwpEventCenterDelegate: THREAD_RESUMED: thread (33, main, main)
09:12:27.484 INFO: JdwpEventCenterDelegate: THREAD_RESUMED: thread (33, main, main)
09:12:27.487 INFO: JdwpEventCenterDelegate: THREAD_RESUMED: thread (33, main, main)
09:12:27.489 INFO: JdwpEventCenterDelegate: THREAD_RESUMED: thread (33, main, main)
09:12:27.492 INFO: JdwpEventCenterDelegate: THREAD_RESUMED: thread (33, main, main)
09:12:27.494 INFO: JdwpEventCenterDelegate: THREAD_RESUMED: thread (33, main, main)
09:12:27.496 INFO: JdwpEventCenterDelegate: THREAD_RESUMED: thread (33, main, main)
09:12:27.524 INFO: JdwpEventCenterDelegate: THREAD_STARTED: thread (123, Thread-7, main)
09:12:38.194 INFO: JdwpEventCenterDelegate: THREAD_RESUMED: thread (33, main, main)
09:12:38.196 INFO: JdwpEventCenterDelegate: THREAD_RESUMED: thread (33, main, main)
09:12:38.198 INFO: JdwpEventCenterDelegate: THREAD_RESUMED: thread (33, main, main)
09:12:38.200 INFO: JdwpEventCenterDelegate: THREAD_RESUMED: thread (33, main, main)
09:12:38.213 INFO: JdwpEventCenterDelegate: THREAD_DETTACHED: thread (93, AssetManager, main)
09:12:38.391 SEVERE: Debugger: Thread HooksChannel socket thread crashed
org.robovm.debugger.DebuggerException: java.io.IOException: org.robovm.libimobiledevice.LibIMobileDeviceException: IDEVICE_E_UNKNOWN_ERROR
	at org.robovm.debugger.hooks.HooksChannel.doSocketWork(HooksChannel.java:149)
	at java.base/java.lang.Thread.run(Thread.java:834)
	at org.robovm.debugger.utils.DebuggerThread.run(DebuggerThread.java:42)
Caused by: java.io.IOException: org.robovm.libimobiledevice.LibIMobileDeviceException: IDEVICE_E_UNKNOWN_ERROR
	at org.robovm.libimobiledevice.IDeviceConnection$DeviceInputStream.read(IDeviceConnection.java:203)
	at org.robovm.debugger.utils.bytebuffer.DataBufferWriter.writeFromStream(DataBufferWriter.java:89)
	at org.robovm.debugger.hooks.HooksChannel.doSocketWork(HooksChannel.java:116)
	... 2 more
Caused by: org.robovm.libimobiledevice.LibIMobileDeviceException: IDEVICE_E_UNKNOWN_ERROR
	at org.robovm.libimobiledevice.IDevice.checkResult(IDevice.java:206)
	at org.robovm.libimobiledevice.IDeviceConnection.receive(IDeviceConnection.java:110)
	at org.robovm.libimobiledevice.IDeviceConnection.receive(IDeviceConnection.java:81)
	at org.robovm.libimobiledevice.IDeviceConnection$DeviceInputStream.read(IDeviceConnection.java:201)
	... 4 more
09:12:38.399 INFO: JdwpDebugServer: handling req: VirtualMachine(1).Exit(10)
09:12:38.399 SEVERE: Debugger: Thread JDWP server socket thread crashed
org.robovm.debugger.DebuggerException: Terminating due exit command
	at org.robovm.debugger.jdwp.JdwpDebugServer.doSocketWork(JdwpDebugServer.java:211)
	at java.base/java.lang.Thread.run(Thread.java:834)
	at org.robovm.debugger.utils.DebuggerThread.run(DebuggerThread.java:42)
