11:53:52.336 INFO: JdwpDebugServer: handling req: VirtualMachine(1).IDSizes(7)
11:53:52.336 INFO: JdwpDebugServer: handling req: EventRequest(15).Set(1)
11:53:52.336 INFO: JdwpEventCenterDelegate: jdwpSetEventRequest: JdwpEventRequest{requestId=100, eventKind=CLASS_PREPARE, suspendPolicy=NONE, predicates=[]}
11:53:52.337 INFO: JdwpDebugServer: handling req: EventRequest(15).Set(1)
11:53:52.337 INFO: JdwpEventCenterDelegate: jdwpSetEventRequest: JdwpEventRequest{requestId=101, eventKind=CLASS_UNLOAD, suspendPolicy=NONE, predicates=[]}
11:53:52.356 INFO: JdwpDebugServer: handling req: VirtualMachine(1).Version(1)
11:53:52.356 INFO: JdwpDebugServer: handling req: VirtualMachine(1).capabilitiesNew(17)
11:53:52.356 INFO: JdwpDebugServer: handling req: VirtualMachine(1).capabilities(12)
11:53:52.356 INFO: JdwpDebugServer: handling req: VirtualMachine(1).AllClassesWithGeneric(20)
11:53:52.362 INFO: JdwpDebugServer: handling req: VirtualMachine(1).TopLevelThreadGroups(5)
11:53:52.362 INFO: JdwpDebugServer: handling req: EventRequest(15).Set(1)
11:53:52.362 INFO: JdwpEventCenterDelegate: jdwpSetEventRequest: JdwpEventRequest{requestId=102, eventKind=THREAD_START, suspendPolicy=NONE, predicates=[]}
11:53:52.362 INFO: JdwpDebugServer: handling req: EventRequest(15).Set(1)
11:53:52.362 INFO: JdwpEventCenterDelegate: jdwpSetEventRequest: JdwpEventRequest{requestId=103, eventKind=THREAD_DEATH, suspendPolicy=NONE, predicates=[]}
11:53:52.364 INFO: JdwpDebugServer: handling req: EventRequest(15).Set(1)
11:53:52.364 INFO: JdwpEventCenterDelegate: jdwpSetEventRequest: JdwpEventRequest{requestId=104, eventKind=CLASS_PREPARE, suspendPolicy=EVENT_THREAD, predicates=[className=sun.instrument.InstrumentationImpl]}
11:53:52.364 INFO: JdwpDebugServer: handling req: EventRequest(15).Set(1)
11:53:52.364 INFO: JdwpEventCenterDelegate: jdwpSetEventRequest: JdwpEventRequest{requestId=105, eventKind=CLASS_PREPARE, suspendPolicy=EVENT_THREAD, predicates=[className=sun.instrument.InstrumentationImpl]}
11:53:52.744 INFO: JdwpDebugServer: handling req: VirtualMachine(1).Resume(9)
11:53:52.814 INFO: JdwpEventCenterDelegate: THREAD_STARTED: thread (33, main, main)
11:53:52.821 INFO: JdwpEventCenterDelegate: THREAD_STARTED: thread (48, ReferenceQueueDaemon, main)
11:53:52.827 INFO: JdwpEventCenterDelegate: THREAD_STARTED: thread (63, FinalizerDaemon, main)
11:53:52.833 INFO: JdwpEventCenterDelegate: THREAD_STARTED: thread (78, FinalizerWatchdogDaemon, main)
11:53:52.835 INFO: JdwpEventCenterDelegate: THREAD_RESUMED: thread (33, main, main)
11:53:52.836 INFO: JdwpEventCenterDelegate: THREAD_RESUMED: thread (33, main, main)
11:53:52.837 INFO: JdwpEventCenterDelegate: THREAD_RESUMED: thread (33, main, main)
11:53:52.838 INFO: JdwpEventCenterDelegate: THREAD_RESUMED: thread (33, main, main)
11:53:52.839 INFO: JdwpEventCenterDelegate: THREAD_RESUMED: thread (33, main, main)
11:53:52.840 INFO: JdwpEventCenterDelegate: THREAD_RESUMED: thread (33, main, main)
11:53:52.842 INFO: JdwpEventCenterDelegate: THREAD_RESUMED: thread (33, main, main)
11:53:52.843 INFO: JdwpEventCenterDelegate: THREAD_RESUMED: thread (33, main, main)
11:53:52.844 INFO: JdwpEventCenterDelegate: THREAD_RESUMED: thread (33, main, main)
11:53:52.845 INFO: JdwpEventCenterDelegate: THREAD_RESUMED: thread (33, main, main)
11:53:52.846 INFO: JdwpEventCenterDelegate: THREAD_RESUMED: thread (33, main, main)
11:53:52.847 INFO: JdwpEventCenterDelegate: THREAD_RESUMED: thread (33, main, main)
11:53:52.848 INFO: JdwpEventCenterDelegate: THREAD_RESUMED: thread (33, main, main)
11:53:52.849 INFO: JdwpEventCenterDelegate: THREAD_RESUMED: thread (33, main, main)
11:53:52.850 INFO: JdwpEventCenterDelegate: THREAD_RESUMED: thread (33, main, main)
11:53:52.851 INFO: JdwpEventCenterDelegate: THREAD_RESUMED: thread (33, main, main)
11:53:52.852 INFO: JdwpEventCenterDelegate: THREAD_RESUMED: thread (33, main, main)
11:53:52.853 INFO: JdwpEventCenterDelegate: THREAD_RESUMED: thread (33, main, main)
11:53:52.858 INFO: JdwpEventCenterDelegate: THREAD_RESUMED: thread (33, main, main)
11:53:52.859 INFO: JdwpEventCenterDelegate: THREAD_RESUMED: thread (33, main, main)
11:53:52.860 INFO: JdwpEventCenterDelegate: THREAD_RESUMED: thread (33, main, main)
11:53:52.861 INFO: JdwpEventCenterDelegate: THREAD_RESUMED: thread (33, main, main)
11:53:52.862 INFO: JdwpEventCenterDelegate: THREAD_RESUMED: thread (33, main, main)
11:53:52.864 INFO: JdwpEventCenterDelegate: THREAD_RESUMED: thread (33, main, main)
11:53:52.866 INFO: JdwpEventCenterDelegate: THREAD_RESUMED: thread (33, main, main)
11:53:52.895 INFO: JdwpEventCenterDelegate: THREAD_RESUMED: thread (33, main, main)
11:53:52.896 INFO: JdwpEventCenterDelegate: THREAD_RESUMED: thread (33, main, main)
11:53:52.898 INFO: JdwpEventCenterDelegate: THREAD_RESUMED: thread (33, main, main)
11:53:52.899 INFO: JdwpEventCenterDelegate: THREAD_RESUMED: thread (33, main, main)
11:53:52.900 INFO: JdwpEventCenterDelegate: THREAD_RESUMED: thread (33, main, main)
11:53:52.901 INFO: JdwpEventCenterDelegate: THREAD_RESUMED: thread (33, main, main)
11:53:52.902 INFO: JdwpEventCenterDelegate: THREAD_RESUMED: thread (33, main, main)
11:53:52.905 INFO: JdwpEventCenterDelegate: THREAD_RESUMED: thread (33, main, main)
11:53:52.906 INFO: JdwpEventCenterDelegate: THREAD_RESUMED: thread (33, main, main)
11:53:52.907 INFO: JdwpEventCenterDelegate: THREAD_RESUMED: thread (33, main, main)
11:53:52.908 INFO: JdwpEventCenterDelegate: THREAD_RESUMED: thread (33, main, main)
11:53:52.909 INFO: JdwpEventCenterDelegate: THREAD_RESUMED: thread (33, main, main)
11:53:52.910 INFO: JdwpEventCenterDelegate: THREAD_RESUMED: thread (33, main, main)
11:53:52.911 INFO: JdwpEventCenterDelegate: THREAD_RESUMED: thread (33, main, main)
11:53:52.925 INFO: JdwpEventCenterDelegate: THREAD_RESUMED: thread (33, main, main)
11:53:52.926 INFO: JdwpEventCenterDelegate: THREAD_RESUMED: thread (33, main, main)
11:53:52.928 INFO: JdwpEventCenterDelegate: THREAD_RESUMED: thread (33, main, main)
11:53:52.929 INFO: JdwpEventCenterDelegate: THREAD_RESUMED: thread (33, main, main)
11:53:52.930 INFO: JdwpEventCenterDelegate: THREAD_RESUMED: thread (33, main, main)
11:53:52.931 INFO: JdwpEventCenterDelegate: THREAD_RESUMED: thread (33, main, main)
11:53:52.932 INFO: JdwpEventCenterDelegate: THREAD_RESUMED: thread (33, main, main)
11:53:52.955 INFO: JdwpEventCenterDelegate: THREAD_RESUMED: thread (33, main, main)
11:53:52.955 INFO: JdwpEventCenterDelegate: THREAD_RESUMED: thread (33, main, main)
11:53:52.956 INFO: JdwpEventCenterDelegate: THREAD_RESUMED: thread (33, main, main)
11:53:52.958 INFO: JdwpEventCenterDelegate: THREAD_RESUMED: thread (33, main, main)
11:53:52.959 INFO: JdwpEventCenterDelegate: THREAD_RESUMED: thread (33, main, main)
11:53:52.960 INFO: JdwpEventCenterDelegate: THREAD_RESUMED: thread (33, main, main)
11:53:52.961 INFO: JdwpEventCenterDelegate: THREAD_RESUMED: thread (33, main, main)
11:53:52.989 INFO: JdwpEventCenterDelegate: THREAD_RESUMED: thread (33, main, main)
11:53:52.990 INFO: JdwpEventCenterDelegate: THREAD_RESUMED: thread (33, main, main)
11:53:52.992 INFO: JdwpEventCenterDelegate: THREAD_RESUMED: thread (33, main, main)
11:53:52.993 INFO: JdwpEventCenterDelegate: THREAD_RESUMED: thread (33, main, main)
11:53:52.994 INFO: JdwpEventCenterDelegate: THREAD_RESUMED: thread (33, main, main)
11:53:52.995 INFO: JdwpEventCenterDelegate: THREAD_RESUMED: thread (33, main, main)
11:53:52.997 INFO: JdwpEventCenterDelegate: THREAD_RESUMED: thread (33, main, main)
11:53:53.008 INFO: JdwpEventCenterDelegate: THREAD_RESUMED: thread (33, main, main)
11:53:53.009 INFO: JdwpEventCenterDelegate: THREAD_RESUMED: thread (33, main, main)
11:53:53.010 INFO: JdwpEventCenterDelegate: THREAD_RESUMED: thread (33, main, main)
11:53:53.011 INFO: JdwpEventCenterDelegate: THREAD_RESUMED: thread (33, main, main)
11:53:53.013 INFO: JdwpEventCenterDelegate: THREAD_RESUMED: thread (33, main, main)
11:53:53.014 INFO: JdwpEventCenterDelegate: THREAD_RESUMED: thread (33, main, main)
11:53:53.015 INFO: JdwpEventCenterDelegate: THREAD_RESUMED: thread (33, main, main)
11:53:53.024 INFO: JdwpEventCenterDelegate: THREAD_RESUMED: thread (33, main, main)
11:53:53.025 INFO: JdwpEventCenterDelegate: THREAD_RESUMED: thread (33, main, main)
11:53:53.027 INFO: JdwpEventCenterDelegate: THREAD_RESUMED: thread (33, main, main)
11:53:53.028 INFO: JdwpEventCenterDelegate: THREAD_RESUMED: thread (33, main, main)
11:53:53.029 INFO: JdwpEventCenterDelegate: THREAD_RESUMED: thread (33, main, main)
11:53:53.030 INFO: JdwpEventCenterDelegate: THREAD_RESUMED: thread (33, main, main)
11:53:53.031 INFO: JdwpEventCenterDelegate: THREAD_RESUMED: thread (33, main, main)
11:53:53.033 INFO: JdwpEventCenterDelegate: THREAD_RESUMED: thread (33, main, main)
11:53:53.034 INFO: JdwpEventCenterDelegate: THREAD_RESUMED: thread (33, main, main)
11:53:53.035 INFO: JdwpEventCenterDelegate: THREAD_RESUMED: thread (33, main, main)
11:53:53.036 INFO: JdwpEventCenterDelegate: THREAD_RESUMED: thread (33, main, main)
11:53:53.038 INFO: JdwpEventCenterDelegate: THREAD_RESUMED: thread (33, main, main)
11:53:53.039 INFO: JdwpEventCenterDelegate: THREAD_RESUMED: thread (33, main, main)
11:53:53.040 INFO: JdwpEventCenterDelegate: THREAD_RESUMED: thread (33, main, main)
11:53:53.041 INFO: JdwpEventCenterDelegate: THREAD_RESUMED: thread (33, main, main)
11:53:53.043 INFO: JdwpEventCenterDelegate: THREAD_RESUMED: thread (33, main, main)
11:53:53.044 INFO: JdwpEventCenterDelegate: THREAD_RESUMED: thread (33, main, main)
11:53:53.045 INFO: JdwpEventCenterDelegate: THREAD_RESUMED: thread (33, main, main)
11:53:53.048 INFO: JdwpEventCenterDelegate: THREAD_RESUMED: thread (33, main, main)
11:53:53.049 INFO: JdwpEventCenterDelegate: THREAD_RESUMED: thread (33, main, main)
11:53:53.182 INFO: JdwpEventCenterDelegate: THREAD_STARTED: thread (93, AssetManager, main)
11:53:53.286 INFO: JdwpEventCenterDelegate: THREAD_RESUMED: thread (33, main, main)
11:53:53.288 INFO: JdwpEventCenterDelegate: THREAD_RESUMED: thread (33, main, main)
11:53:55.844 INFO: JdwpEventCenterDelegate: THREAD_RESUMED: thread (33, main, main)
11:53:55.945 INFO: JdwpEventCenterDelegate: THREAD_RESUMED: thread (33, main, main)
11:53:55.947 INFO: JdwpEventCenterDelegate: THREAD_RESUMED: thread (33, main, main)
11:53:55.948 INFO: JdwpEventCenterDelegate: THREAD_RESUMED: thread (33, main, main)
11:53:55.950 INFO: JdwpEventCenterDelegate: THREAD_RESUMED: thread (33, main, main)
11:53:55.952 INFO: JdwpEventCenterDelegate: THREAD_RESUMED: thread (33, main, main)
11:53:55.957 INFO: JdwpEventCenterDelegate: THREAD_RESUMED: thread (33, main, main)
11:53:55.969 INFO: JdwpEventCenterDelegate: THREAD_RESUMED: thread (33, main, main)
11:53:55.971 INFO: JdwpEventCenterDelegate: THREAD_RESUMED: thread (33, main, main)
11:53:55.974 INFO: JdwpEventCenterDelegate: THREAD_RESUMED: thread (33, main, main)
11:53:55.976 INFO: JdwpEventCenterDelegate: THREAD_RESUMED: thread (33, main, main)
11:53:55.978 INFO: JdwpEventCenterDelegate: THREAD_RESUMED: thread (33, main, main)
11:53:55.983 INFO: JdwpEventCenterDelegate: THREAD_RESUMED: thread (33, main, main)
11:53:55.998 INFO: JdwpEventCenterDelegate: THREAD_RESUMED: thread (33, main, main)
11:53:56.000 INFO: JdwpEventCenterDelegate: THREAD_RESUMED: thread (33, main, main)
11:53:56.002 INFO: JdwpEventCenterDelegate: THREAD_RESUMED: thread (33, main, main)
11:53:56.004 INFO: JdwpEventCenterDelegate: THREAD_RESUMED: thread (33, main, main)
11:53:56.006 INFO: JdwpEventCenterDelegate: THREAD_RESUMED: thread (33, main, main)
11:53:56.012 INFO: JdwpEventCenterDelegate: THREAD_RESUMED: thread (33, main, main)
11:53:56.030 INFO: JdwpEventCenterDelegate: THREAD_RESUMED: thread (33, main, main)
11:53:56.032 INFO: JdwpEventCenterDelegate: THREAD_RESUMED: thread (33, main, main)
11:53:56.034 INFO: JdwpEventCenterDelegate: THREAD_RESUMED: thread (33, main, main)
11:53:56.037 INFO: JdwpEventCenterDelegate: THREAD_RESUMED: thread (33, main, main)
11:53:56.039 INFO: JdwpEventCenterDelegate: THREAD_RESUMED: thread (33, main, main)
11:53:56.044 INFO: JdwpEventCenterDelegate: THREAD_RESUMED: thread (33, main, main)
11:53:56.060 INFO: JdwpEventCenterDelegate: THREAD_RESUMED: thread (33, main, main)
11:53:56.062 INFO: JdwpEventCenterDelegate: THREAD_RESUMED: thread (33, main, main)
11:53:56.064 INFO: JdwpEventCenterDelegate: THREAD_RESUMED: thread (33, main, main)
11:53:56.066 INFO: JdwpEventCenterDelegate: THREAD_RESUMED: thread (33, main, main)
11:53:56.069 INFO: JdwpEventCenterDelegate: THREAD_RESUMED: thread (33, main, main)
11:53:56.074 INFO: JdwpEventCenterDelegate: THREAD_RESUMED: thread (33, main, main)
11:53:56.090 INFO: JdwpEventCenterDelegate: THREAD_RESUMED: thread (33, main, main)
11:53:56.092 INFO: JdwpEventCenterDelegate: THREAD_RESUMED: thread (33, main, main)
11:53:56.094 INFO: JdwpEventCenterDelegate: THREAD_RESUMED: thread (33, main, main)
11:53:56.096 INFO: JdwpEventCenterDelegate: THREAD_RESUMED: thread (33, main, main)
11:53:56.098 INFO: JdwpEventCenterDelegate: THREAD_RESUMED: thread (33, main, main)
11:53:56.103 INFO: JdwpEventCenterDelegate: THREAD_RESUMED: thread (33, main, main)
11:53:56.122 INFO: JdwpEventCenterDelegate: THREAD_RESUMED: thread (33, main, main)
11:53:56.124 INFO: JdwpEventCenterDelegate: THREAD_RESUMED: thread (33, main, main)
11:53:56.126 INFO: JdwpEventCenterDelegate: THREAD_RESUMED: thread (33, main, main)
11:53:56.128 INFO: JdwpEventCenterDelegate: THREAD_RESUMED: thread (33, main, main)
11:53:56.130 INFO: JdwpEventCenterDelegate: THREAD_RESUMED: thread (33, main, main)
11:53:56.135 INFO: JdwpEventCenterDelegate: THREAD_RESUMED: thread (33, main, main)
11:53:56.153 INFO: JdwpEventCenterDelegate: THREAD_RESUMED: thread (33, main, main)
11:53:56.155 INFO: JdwpEventCenterDelegate: THREAD_RESUMED: thread (33, main, main)
11:53:56.158 INFO: JdwpEventCenterDelegate: THREAD_RESUMED: thread (33, main, main)
11:53:56.160 INFO: JdwpEventCenterDelegate: THREAD_RESUMED: thread (33, main, main)
11:53:56.162 INFO: JdwpEventCenterDelegate: THREAD_RESUMED: thread (33, main, main)
11:53:56.167 INFO: JdwpEventCenterDelegate: THREAD_RESUMED: thread (33, main, main)
11:53:56.185 INFO: JdwpEventCenterDelegate: THREAD_RESUMED: thread (33, main, main)
11:53:56.187 INFO: JdwpEventCenterDelegate: THREAD_RESUMED: thread (33, main, main)
11:53:56.190 INFO: JdwpEventCenterDelegate: THREAD_RESUMED: thread (33, main, main)
11:53:56.191 INFO: JdwpEventCenterDelegate: THREAD_RESUMED: thread (33, main, main)
11:53:56.194 INFO: JdwpEventCenterDelegate: THREAD_RESUMED: thread (33, main, main)
11:53:56.199 INFO: JdwpEventCenterDelegate: THREAD_RESUMED: thread (33, main, main)
11:53:56.218 INFO: JdwpEventCenterDelegate: THREAD_RESUMED: thread (33, main, main)
11:53:56.219 INFO: JdwpEventCenterDelegate: THREAD_RESUMED: thread (33, main, main)
11:53:56.221 INFO: JdwpEventCenterDelegate: THREAD_RESUMED: thread (33, main, main)
11:53:56.223 INFO: JdwpEventCenterDelegate: THREAD_RESUMED: thread (33, main, main)
11:53:56.225 INFO: JdwpEventCenterDelegate: THREAD_RESUMED: thread (33, main, main)
11:53:56.230 INFO: JdwpEventCenterDelegate: THREAD_RESUMED: thread (33, main, main)
11:53:56.245 INFO: JdwpEventCenterDelegate: THREAD_RESUMED: thread (33, main, main)
11:53:56.247 INFO: JdwpEventCenterDelegate: THREAD_RESUMED: thread (33, main, main)
11:53:56.249 INFO: JdwpEventCenterDelegate: THREAD_RESUMED: thread (33, main, main)
11:53:56.252 INFO: JdwpEventCenterDelegate: THREAD_RESUMED: thread (33, main, main)
11:53:56.254 INFO: JdwpEventCenterDelegate: THREAD_RESUMED: thread (33, main, main)
11:53:56.259 INFO: JdwpEventCenterDelegate: THREAD_RESUMED: thread (33, main, main)
11:53:56.278 INFO: JdwpEventCenterDelegate: THREAD_RESUMED: thread (33, main, main)
11:53:56.281 INFO: JdwpEventCenterDelegate: THREAD_RESUMED: thread (33, main, main)
11:53:56.283 INFO: JdwpEventCenterDelegate: THREAD_RESUMED: thread (33, main, main)
11:53:56.285 INFO: JdwpEventCenterDelegate: THREAD_RESUMED: thread (33, main, main)
11:53:56.287 INFO: JdwpEventCenterDelegate: THREAD_RESUMED: thread (33, main, main)
11:53:56.292 INFO: JdwpEventCenterDelegate: THREAD_RESUMED: thread (33, main, main)
11:53:56.314 INFO: JdwpEventCenterDelegate: THREAD_RESUMED: thread (33, main, main)
11:53:56.316 INFO: JdwpEventCenterDelegate: THREAD_RESUMED: thread (33, main, main)
11:53:56.318 INFO: JdwpEventCenterDelegate: THREAD_RESUMED: thread (33, main, main)
11:53:56.321 INFO: JdwpEventCenterDelegate: THREAD_RESUMED: thread (33, main, main)
11:53:56.323 INFO: JdwpEventCenterDelegate: THREAD_RESUMED: thread (33, main, main)
11:53:56.327 INFO: JdwpEventCenterDelegate: THREAD_RESUMED: thread (33, main, main)
11:53:56.346 INFO: JdwpEventCenterDelegate: THREAD_RESUMED: thread (33, main, main)
11:53:56.348 INFO: JdwpEventCenterDelegate: THREAD_RESUMED: thread (33, main, main)
11:53:56.350 INFO: JdwpEventCenterDelegate: THREAD_RESUMED: thread (33, main, main)
11:53:56.352 INFO: JdwpEventCenterDelegate: THREAD_RESUMED: thread (33, main, main)
11:53:56.354 INFO: JdwpEventCenterDelegate: THREAD_RESUMED: thread (33, main, main)
11:53:56.359 INFO: JdwpEventCenterDelegate: THREAD_RESUMED: thread (33, main, main)
11:53:56.373 INFO: JdwpEventCenterDelegate: THREAD_RESUMED: thread (33, main, main)
11:53:56.374 INFO: JdwpEventCenterDelegate: THREAD_RESUMED: thread (33, main, main)
11:53:56.376 INFO: JdwpEventCenterDelegate: THREAD_RESUMED: thread (33, main, main)
11:53:56.378 INFO: JdwpEventCenterDelegate: THREAD_RESUMED: thread (33, main, main)
11:53:56.380 INFO: JdwpEventCenterDelegate: THREAD_RESUMED: thread (33, main, main)
11:53:56.386 INFO: JdwpEventCenterDelegate: THREAD_RESUMED: thread (33, main, main)
11:53:56.388 INFO: JdwpEventCenterDelegate: THREAD_RESUMED: thread (33, main, main)
11:53:56.390 INFO: JdwpEventCenterDelegate: THREAD_RESUMED: thread (33, main, main)
11:53:56.393 INFO: JdwpEventCenterDelegate: THREAD_RESUMED: thread (33, main, main)
11:53:56.395 INFO: JdwpEventCenterDelegate: THREAD_RESUMED: thread (33, main, main)
11:53:56.398 INFO: JdwpEventCenterDelegate: THREAD_RESUMED: thread (33, main, main)
11:53:56.400 INFO: JdwpEventCenterDelegate: THREAD_RESUMED: thread (33, main, main)
11:53:56.405 INFO: JdwpEventCenterDelegate: THREAD_RESUMED: thread (33, main, main)
11:53:56.407 INFO: JdwpEventCenterDelegate: THREAD_RESUMED: thread (33, main, main)
11:53:56.409 INFO: JdwpEventCenterDelegate: THREAD_RESUMED: thread (33, main, main)
11:53:56.411 INFO: JdwpEventCenterDelegate: THREAD_RESUMED: thread (33, main, main)
11:53:56.422 INFO: JdwpEventCenterDelegate: THREAD_RESUMED: thread (33, main, main)
11:53:56.424 INFO: JdwpEventCenterDelegate: THREAD_RESUMED: thread (33, main, main)
11:53:56.427 INFO: JdwpEventCenterDelegate: THREAD_RESUMED: thread (33, main, main)
11:53:56.428 INFO: JdwpEventCenterDelegate: THREAD_RESUMED: thread (33, main, main)
11:53:56.430 INFO: JdwpEventCenterDelegate: THREAD_RESUMED: thread (33, main, main)
11:53:56.432 INFO: JdwpEventCenterDelegate: THREAD_RESUMED: thread (33, main, main)
11:53:56.434 INFO: JdwpEventCenterDelegate: THREAD_RESUMED: thread (33, main, main)
11:53:56.450 INFO: JdwpEventCenterDelegate: THREAD_RESUMED: thread (33, main, main)
11:53:56.452 INFO: JdwpEventCenterDelegate: THREAD_RESUMED: thread (33, main, main)
11:53:56.453 INFO: JdwpEventCenterDelegate: THREAD_RESUMED: thread (33, main, main)
11:53:56.454 INFO: JdwpEventCenterDelegate: THREAD_RESUMED: thread (33, main, main)
11:53:56.456 INFO: JdwpEventCenterDelegate: THREAD_RESUMED: thread (33, main, main)
11:53:56.461 INFO: JdwpEventCenterDelegate: THREAD_RESUMED: thread (33, main, main)
11:53:56.474 INFO: JdwpEventCenterDelegate: THREAD_RESUMED: thread (33, main, main)
11:53:56.487 INFO: JdwpEventCenterDelegate: THREAD_RESUMED: thread (33, main, main)
11:53:56.498 INFO: JdwpEventCenterDelegate: THREAD_RESUMED: thread (33, main, main)
11:53:56.511 INFO: JdwpEventCenterDelegate: THREAD_RESUMED: thread (33, main, main)
11:53:56.545 INFO: JdwpEventCenterDelegate: THREAD_RESUMED: thread (33, main, main)
11:53:56.547 INFO: JdwpEventCenterDelegate: THREAD_RESUMED: thread (33, main, main)
11:53:56.549 INFO: JdwpEventCenterDelegate: THREAD_RESUMED: thread (33, main, main)
11:53:56.551 INFO: JdwpEventCenterDelegate: THREAD_RESUMED: thread (33, main, main)
11:53:56.554 INFO: JdwpEventCenterDelegate: THREAD_RESUMED: thread (33, main, main)
11:53:56.558 INFO: JdwpEventCenterDelegate: THREAD_RESUMED: thread (33, main, main)
11:53:56.570 INFO: JdwpEventCenterDelegate: THREAD_RESUMED: thread (33, main, main)
11:53:56.572 INFO: JdwpEventCenterDelegate: THREAD_RESUMED: thread (33, main, main)
11:53:56.574 INFO: JdwpEventCenterDelegate: THREAD_RESUMED: thread (33, main, main)
11:53:56.576 INFO: JdwpEventCenterDelegate: THREAD_RESUMED: thread (33, main, main)
11:53:56.579 INFO: JdwpEventCenterDelegate: THREAD_RESUMED: thread (33, main, main)
11:53:56.584 INFO: JdwpEventCenterDelegate: THREAD_RESUMED: thread (33, main, main)
11:53:56.598 INFO: JdwpEventCenterDelegate: THREAD_RESUMED: thread (33, main, main)
11:53:56.600 INFO: JdwpEventCenterDelegate: THREAD_RESUMED: thread (33, main, main)
11:53:56.603 INFO: JdwpEventCenterDelegate: THREAD_RESUMED: thread (33, main, main)
11:53:56.605 INFO: JdwpEventCenterDelegate: THREAD_RESUMED: thread (33, main, main)
11:53:56.607 INFO: JdwpEventCenterDelegate: THREAD_RESUMED: thread (33, main, main)
11:53:56.612 INFO: JdwpEventCenterDelegate: THREAD_RESUMED: thread (33, main, main)
11:53:56.629 INFO: JdwpEventCenterDelegate: THREAD_RESUMED: thread (33, main, main)
11:53:56.631 INFO: JdwpEventCenterDelegate: THREAD_RESUMED: thread (33, main, main)
11:53:56.634 INFO: JdwpEventCenterDelegate: THREAD_RESUMED: thread (33, main, main)
11:53:56.636 INFO: JdwpEventCenterDelegate: THREAD_RESUMED: thread (33, main, main)
11:53:56.638 INFO: JdwpEventCenterDelegate: THREAD_RESUMED: thread (33, main, main)
11:53:56.643 INFO: JdwpEventCenterDelegate: THREAD_RESUMED: thread (33, main, main)
11:53:56.657 INFO: JdwpEventCenterDelegate: THREAD_RESUMED: thread (33, main, main)
11:53:56.660 INFO: JdwpEventCenterDelegate: THREAD_RESUMED: thread (33, main, main)
11:53:56.662 INFO: JdwpEventCenterDelegate: THREAD_RESUMED: thread (33, main, main)
11:53:56.664 INFO: JdwpEventCenterDelegate: THREAD_RESUMED: thread (33, main, main)
11:53:56.666 INFO: JdwpEventCenterDelegate: THREAD_RESUMED: thread (33, main, main)
11:53:56.671 INFO: JdwpEventCenterDelegate: THREAD_RESUMED: thread (33, main, main)
11:53:56.685 INFO: JdwpEventCenterDelegate: THREAD_RESUMED: thread (33, main, main)
11:53:56.688 INFO: JdwpEventCenterDelegate: THREAD_RESUMED: thread (33, main, main)
11:53:56.690 INFO: JdwpEventCenterDelegate: THREAD_RESUMED: thread (33, main, main)
11:53:56.692 INFO: JdwpEventCenterDelegate: THREAD_RESUMED: thread (33, main, main)
11:53:56.694 INFO: JdwpEventCenterDelegate: THREAD_RESUMED: thread (33, main, main)
11:53:56.699 INFO: JdwpEventCenterDelegate: THREAD_RESUMED: thread (33, main, main)
11:53:56.720 INFO: JdwpEventCenterDelegate: THREAD_RESUMED: thread (33, main, main)
11:53:56.722 INFO: JdwpEventCenterDelegate: THREAD_RESUMED: thread (33, main, main)
11:53:56.725 INFO: JdwpEventCenterDelegate: THREAD_RESUMED: thread (33, main, main)
11:53:56.727 INFO: JdwpEventCenterDelegate: THREAD_RESUMED: thread (33, main, main)
11:53:56.729 INFO: JdwpEventCenterDelegate: THREAD_RESUMED: thread (33, main, main)
11:53:56.734 INFO: JdwpEventCenterDelegate: THREAD_RESUMED: thread (33, main, main)
11:53:56.752 INFO: JdwpEventCenterDelegate: THREAD_RESUMED: thread (33, main, main)
11:53:56.755 INFO: JdwpEventCenterDelegate: THREAD_RESUMED: thread (33, main, main)
11:53:56.757 INFO: JdwpEventCenterDelegate: THREAD_RESUMED: thread (33, main, main)
11:53:56.759 INFO: JdwpEventCenterDelegate: THREAD_RESUMED: thread (33, main, main)
11:53:56.761 INFO: JdwpEventCenterDelegate: THREAD_RESUMED: thread (33, main, main)
11:53:56.766 INFO: JdwpEventCenterDelegate: THREAD_RESUMED: thread (33, main, main)
11:53:56.784 INFO: JdwpEventCenterDelegate: THREAD_RESUMED: thread (33, main, main)
11:53:56.786 INFO: JdwpEventCenterDelegate: THREAD_RESUMED: thread (33, main, main)
11:53:56.788 INFO: JdwpEventCenterDelegate: THREAD_RESUMED: thread (33, main, main)
11:53:56.791 INFO: JdwpEventCenterDelegate: THREAD_RESUMED: thread (33, main, main)
11:53:56.793 INFO: JdwpEventCenterDelegate: THREAD_RESUMED: thread (33, main, main)
11:53:56.798 INFO: JdwpEventCenterDelegate: THREAD_RESUMED: thread (33, main, main)
11:53:56.813 INFO: JdwpEventCenterDelegate: THREAD_RESUMED: thread (33, main, main)
11:53:56.815 INFO: JdwpEventCenterDelegate: THREAD_RESUMED: thread (33, main, main)
11:53:56.817 INFO: JdwpEventCenterDelegate: THREAD_RESUMED: thread (33, main, main)
11:53:56.820 INFO: JdwpEventCenterDelegate: THREAD_RESUMED: thread (33, main, main)
11:53:56.822 INFO: JdwpEventCenterDelegate: THREAD_RESUMED: thread (33, main, main)
11:53:56.827 INFO: JdwpEventCenterDelegate: THREAD_RESUMED: thread (33, main, main)
11:53:56.841 INFO: JdwpEventCenterDelegate: THREAD_RESUMED: thread (33, main, main)
11:53:56.844 INFO: JdwpEventCenterDelegate: THREAD_RESUMED: thread (33, main, main)
11:53:56.846 INFO: JdwpEventCenterDelegate: THREAD_RESUMED: thread (33, main, main)
11:53:56.848 INFO: JdwpEventCenterDelegate: THREAD_RESUMED: thread (33, main, main)
11:53:56.851 INFO: JdwpEventCenterDelegate: THREAD_RESUMED: thread (33, main, main)
11:53:56.855 INFO: JdwpEventCenterDelegate: THREAD_RESUMED: thread (33, main, main)
11:53:56.874 INFO: JdwpEventCenterDelegate: THREAD_RESUMED: thread (33, main, main)
11:53:56.876 INFO: JdwpEventCenterDelegate: THREAD_RESUMED: thread (33, main, main)
11:53:56.878 INFO: JdwpEventCenterDelegate: THREAD_RESUMED: thread (33, main, main)
11:53:56.879 INFO: JdwpEventCenterDelegate: THREAD_RESUMED: thread (33, main, main)
11:53:56.882 INFO: JdwpEventCenterDelegate: THREAD_RESUMED: thread (33, main, main)
11:53:56.886 INFO: JdwpEventCenterDelegate: THREAD_RESUMED: thread (33, main, main)
11:53:56.911 INFO: JdwpEventCenterDelegate: THREAD_RESUMED: thread (33, main, main)
11:53:56.913 INFO: JdwpEventCenterDelegate: THREAD_RESUMED: thread (33, main, main)
11:53:56.915 INFO: JdwpEventCenterDelegate: THREAD_RESUMED: thread (33, main, main)
11:53:56.917 INFO: JdwpEventCenterDelegate: THREAD_RESUMED: thread (33, main, main)
11:53:56.920 INFO: JdwpEventCenterDelegate: THREAD_RESUMED: thread (33, main, main)
11:53:56.925 INFO: JdwpEventCenterDelegate: THREAD_RESUMED: thread (33, main, main)
11:53:56.943 INFO: JdwpEventCenterDelegate: THREAD_RESUMED: thread (33, main, main)
11:53:56.945 INFO: JdwpEventCenterDelegate: THREAD_RESUMED: thread (33, main, main)
11:53:56.947 INFO: JdwpEventCenterDelegate: THREAD_RESUMED: thread (33, main, main)
11:53:56.950 INFO: JdwpEventCenterDelegate: THREAD_RESUMED: thread (33, main, main)
11:53:56.952 INFO: JdwpEventCenterDelegate: THREAD_RESUMED: thread (33, main, main)
11:53:56.956 INFO: JdwpEventCenterDelegate: THREAD_RESUMED: thread (33, main, main)
11:53:56.969 INFO: JdwpEventCenterDelegate: THREAD_RESUMED: thread (33, main, main)
11:53:56.971 INFO: JdwpEventCenterDelegate: THREAD_RESUMED: thread (33, main, main)
11:53:56.973 INFO: JdwpEventCenterDelegate: THREAD_RESUMED: thread (33, main, main)
11:53:56.976 INFO: JdwpEventCenterDelegate: THREAD_RESUMED: thread (33, main, main)
11:53:56.978 INFO: JdwpEventCenterDelegate: THREAD_RESUMED: thread (33, main, main)
11:53:59.830 INFO: JdwpEventCenterDelegate: THREAD_STARTED: thread (108, Timer, main)
11:54:00.705 INFO: JdwpEventCenterDelegate: THREAD_RESUMED: thread (33, main, main)
11:54:00.737 INFO: JdwpEventCenterDelegate: THREAD_RESUMED: thread (33, main, main)
11:54:00.760 INFO: JdwpEventCenterDelegate: THREAD_RESUMED: thread (33, main, main)
11:54:00.778 INFO: JdwpEventCenterDelegate: THREAD_RESUMED: thread (33, main, main)
11:54:00.818 INFO: JdwpEventCenterDelegate: THREAD_RESUMED: thread (33, main, main)
11:54:00.852 INFO: JdwpEventCenterDelegate: THREAD_RESUMED: thread (33, main, main)
11:54:00.870 INFO: JdwpEventCenterDelegate: THREAD_RESUMED: thread (33, main, main)
11:54:00.885 INFO: JdwpEventCenterDelegate: THREAD_RESUMED: thread (33, main, main)
11:54:00.891 INFO: JdwpEventCenterDelegate: THREAD_RESUMED: thread (33, main, main)
11:54:00.905 INFO: JdwpEventCenterDelegate: THREAD_RESUMED: thread (33, main, main)
11:54:00.937 INFO: JdwpEventCenterDelegate: THREAD_RESUMED: thread (33, main, main)
11:54:00.949 INFO: JdwpEventCenterDelegate: THREAD_RESUMED: thread (33, main, main)
11:54:00.961 INFO: JdwpEventCenterDelegate: THREAD_RESUMED: thread (33, main, main)
11:54:00.973 INFO: JdwpEventCenterDelegate: THREAD_RESUMED: thread (33, main, main)
11:54:01.008 INFO: JdwpEventCenterDelegate: THREAD_RESUMED: thread (33, main, main)
11:54:01.041 INFO: JdwpEventCenterDelegate: THREAD_RESUMED: thread (33, main, main)
11:54:01.057 INFO: JdwpEventCenterDelegate: THREAD_RESUMED: thread (33, main, main)
11:54:01.073 INFO: JdwpEventCenterDelegate: THREAD_RESUMED: thread (33, main, main)
11:54:01.079 INFO: JdwpEventCenterDelegate: THREAD_RESUMED: thread (33, main, main)
11:54:01.094 INFO: JdwpEventCenterDelegate: THREAD_RESUMED: thread (33, main, main)
11:54:02.608 INFO: JdwpEventCenterDelegate: THREAD_STARTED: thread (123, Thread-7, main)
11:54:08.435 INFO: JdwpEventCenterDelegate: THREAD_STARTED: thread (138, Thread-8, main)
11:54:14.523 INFO: JdwpEventCenterDelegate: THREAD_DETTACHED: thread (123, Thread-7, main)
11:56:46.935 INFO: JdwpDebugServer: handling req: VirtualMachine(1).Exit(10)
11:56:46.936 SEVERE: Debugger: Thread JDWP server socket thread crashed
org.robovm.debugger.DebuggerException: Terminating due exit command
	at org.robovm.debugger.jdwp.JdwpDebugServer.doSocketWork(JdwpDebugServer.java:211)
	at java.base/java.lang.Thread.run(Thread.java:834)
	at org.robovm.debugger.utils.DebuggerThread.run(DebuggerThread.java:42)
11:56:47.442 SEVERE: Debugger: Thread HooksChannel socket thread crashed
org.robovm.debugger.DebuggerException: java.io.IOException: org.robovm.libimobiledevice.LibIMobileDeviceException: IDEVICE_E_UNKNOWN_ERROR
	at org.robovm.debugger.hooks.HooksChannel.doSocketWork(HooksChannel.java:149)
	at java.base/java.lang.Thread.run(Thread.java:834)
	at org.robovm.debugger.utils.DebuggerThread.run(DebuggerThread.java:42)
Caused by: java.io.IOException: org.robovm.libimobiledevice.LibIMobileDeviceException: IDEVICE_E_UNKNOWN_ERROR
	at org.robovm.libimobiledevice.IDeviceConnection$DeviceInputStream.read(IDeviceConnection.java:203)
	at org.robovm.debugger.utils.bytebuffer.DataBufferWriter.writeFromStream(DataBufferWriter.java:89)
	at org.robovm.debugger.hooks.HooksChannel.doSocketWork(HooksChannel.java:116)
	... 2 more
Caused by: org.robovm.libimobiledevice.LibIMobileDeviceException: IDEVICE_E_UNKNOWN_ERROR
	at org.robovm.libimobiledevice.IDevice.checkResult(IDevice.java:206)
	at org.robovm.libimobiledevice.IDeviceConnection.receive(IDeviceConnection.java:110)
	at org.robovm.libimobiledevice.IDeviceConnection.receive(IDeviceConnection.java:81)
	at org.robovm.libimobiledevice.IDeviceConnection$DeviceInputStream.read(IDeviceConnection.java:201)
	... 4 more
