21:38:11.386 INFO: JdwpDebugServer: handling req: VirtualMachine(1).IDSizes(7)
21:38:11.387 INFO: JdwpDebugServer: handling req: EventRequest(15).Set(1)
21:38:11.387 INFO: JdwpEventCenterDelegate: jdwpSetEventRequest: JdwpEventRequest{requestId=100, eventKind=CLASS_PREPARE, suspendPolicy=NONE, predicates=[]}
21:38:11.387 INFO: JdwpDebugServer: handling req: EventRequest(15).Set(1)
21:38:11.387 INFO: JdwpEventCenterDelegate: jdwpSetEventRequest: JdwpEventRequest{requestId=101, eventKind=CLASS_UNLOAD, suspendPolicy=NONE, predicates=[]}
21:38:11.404 INFO: JdwpDebugServer: handling req: VirtualMachine(1).Version(1)
21:38:11.405 INFO: JdwpDebugServer: handling req: VirtualMachine(1).capabilitiesNew(17)
21:38:11.405 INFO: JdwpDebugServer: handling req: VirtualMachine(1).capabilities(12)
21:38:11.405 INFO: JdwpDebugServer: handling req: VirtualMachine(1).AllClassesWithGeneric(20)
21:38:11.409 INFO: JdwpDebugServer: handling req: VirtualMachine(1).TopLevelThreadGroups(5)
21:38:11.410 INFO: JdwpDebugServer: handling req: EventRequest(15).Set(1)
21:38:11.410 INFO: JdwpEventCenterDelegate: jdwpSetEventRequest: JdwpEventRequest{requestId=102, eventKind=THREAD_START, suspendPolicy=NONE, predicates=[]}
21:38:11.410 INFO: JdwpDebugServer: handling req: EventRequest(15).Set(1)
21:38:11.410 INFO: JdwpEventCenterDelegate: jdwpSetEventRequest: JdwpEventRequest{requestId=103, eventKind=THREAD_DEATH, suspendPolicy=NONE, predicates=[]}
21:38:11.411 INFO: JdwpDebugServer: handling req: EventRequest(15).Set(1)
21:38:11.411 INFO: JdwpEventCenterDelegate: jdwpSetEventRequest: JdwpEventRequest{requestId=104, eventKind=CLASS_PREPARE, suspendPolicy=EVENT_THREAD, predicates=[className=sun.instrument.InstrumentationImpl]}
21:38:11.411 INFO: JdwpDebugServer: handling req: EventRequest(15).Set(1)
21:38:11.411 INFO: JdwpEventCenterDelegate: jdwpSetEventRequest: JdwpEventRequest{requestId=105, eventKind=CLASS_PREPARE, suspendPolicy=EVENT_THREAD, predicates=[className=sun.instrument.InstrumentationImpl]}
21:38:11.413 INFO: JdwpDebugServer: handling req: EventRequest(15).Set(1)
21:38:11.413 INFO: JdwpEventCenterDelegate: jdwpSetEventRequest: JdwpEventRequest{requestId=106, eventKind=CLASS_PREPARE, suspendPolicy=EVENT_THREAD, predicates=[className=com.oldcaledonia.babymozartspacetrip.ios.ServicesApi]}
21:38:11.414 INFO: JdwpDebugServer: handling req: EventRequest(15).Set(1)
21:38:11.414 INFO: JdwpEventCenterDelegate: jdwpSetEventRequest: JdwpEventRequest{requestId=107, eventKind=CLASS_PREPARE, suspendPolicy=EVENT_THREAD, predicates=[className=com.oldcaledonia.babymozartspacetrip.ios.ServicesApi$*]}
21:38:11.414 INFO: JdwpDebugServer: handling req: EventRequest(15).Set(1)
21:38:11.414 INFO: JdwpEventCenterDelegate: jdwpSetEventRequest: JdwpEventRequest{requestId=108, eventKind=CLASS_PREPARE, suspendPolicy=EVENT_THREAD, predicates=[className=com.oldcaledonia.babymozartspacetrip.ios.ComposableSingletons$ServicesKt$*]}
21:38:11.799 INFO: JdwpDebugServer: handling req: VirtualMachine(1).Resume(9)
21:38:11.833 INFO: JdwpEventCenterDelegate: THREAD_STARTED: thread (33, main, main)
21:38:11.893 INFO: JdwpEventCenterDelegate: THREAD_STARTED: thread (48, ReferenceQueueDaemon, main)
21:38:11.898 INFO: JdwpEventCenterDelegate: THREAD_STARTED: thread (63, FinalizerDaemon, main)
21:38:11.904 INFO: JdwpEventCenterDelegate: THREAD_STARTED: thread (78, FinalizerWatchdogDaemon, main)
21:38:11.905 INFO: JdwpEventCenterDelegate: THREAD_RESUMED: thread (33, main, main)
21:38:11.907 INFO: JdwpEventCenterDelegate: THREAD_RESUMED: thread (33, main, main)
21:38:11.908 INFO: JdwpEventCenterDelegate: THREAD_RESUMED: thread (33, main, main)
21:38:11.909 INFO: JdwpEventCenterDelegate: THREAD_RESUMED: thread (33, main, main)
21:38:11.910 INFO: JdwpEventCenterDelegate: THREAD_RESUMED: thread (33, main, main)
21:38:11.912 INFO: JdwpEventCenterDelegate: THREAD_RESUMED: thread (33, main, main)
21:38:11.913 INFO: JdwpEventCenterDelegate: THREAD_RESUMED: thread (33, main, main)
21:38:11.914 INFO: JdwpEventCenterDelegate: THREAD_RESUMED: thread (33, main, main)
21:38:11.916 INFO: JdwpEventCenterDelegate: THREAD_RESUMED: thread (33, main, main)
21:38:11.917 INFO: JdwpEventCenterDelegate: THREAD_RESUMED: thread (33, main, main)
21:38:11.918 INFO: JdwpEventCenterDelegate: THREAD_RESUMED: thread (33, main, main)
21:38:11.920 INFO: JdwpEventCenterDelegate: THREAD_RESUMED: thread (33, main, main)
21:38:11.921 INFO: JdwpEventCenterDelegate: THREAD_RESUMED: thread (33, main, main)
21:38:11.923 INFO: JdwpEventCenterDelegate: THREAD_RESUMED: thread (33, main, main)
21:38:11.924 INFO: JdwpEventCenterDelegate: THREAD_RESUMED: thread (33, main, main)
21:38:11.925 INFO: JdwpEventCenterDelegate: THREAD_RESUMED: thread (33, main, main)
21:38:11.926 INFO: JdwpEventCenterDelegate: THREAD_RESUMED: thread (33, main, main)
21:38:11.928 INFO: JdwpEventCenterDelegate: THREAD_RESUMED: thread (33, main, main)
21:38:11.932 INFO: JdwpEventCenterDelegate: THREAD_RESUMED: thread (33, main, main)
21:38:11.933 INFO: JdwpEventCenterDelegate: THREAD_RESUMED: thread (33, main, main)
21:38:11.935 INFO: JdwpEventCenterDelegate: THREAD_RESUMED: thread (33, main, main)
21:38:11.936 INFO: JdwpEventCenterDelegate: THREAD_RESUMED: thread (33, main, main)
21:38:11.937 INFO: JdwpEventCenterDelegate: THREAD_RESUMED: thread (33, main, main)
21:38:11.938 INFO: JdwpEventCenterDelegate: THREAD_RESUMED: thread (33, main, main)
21:38:11.939 INFO: JdwpEventCenterDelegate: THREAD_RESUMED: thread (33, main, main)
21:38:11.952 INFO: JdwpDebugServer: handling req: ReferenceType(2).MethodsWithGeneric(15)
21:38:11.952 INFO: JdwpDebugServer: handling req: Method(6).LineTable(1)
21:38:11.952 INFO: JdwpDebugServer: handling req: Method(6).LineTable(1)
21:38:11.953 INFO: JdwpDebugServer: handling req: Method(6).LineTable(1)
21:38:11.953 INFO: JdwpDebugServer: handling req: Method(6).LineTable(1)
21:38:11.953 INFO: JdwpDebugServer: handling req: Method(6).LineTable(1)
21:38:11.953 INFO: JdwpDebugServer: handling req: Method(6).LineTable(1)
21:38:11.954 INFO: JdwpDebugServer: handling req: Method(6).LineTable(1)
21:38:11.954 INFO: JdwpDebugServer: handling req: Method(6).LineTable(1)
21:38:11.954 INFO: JdwpDebugServer: handling req: Method(6).LineTable(1)
21:38:11.955 INFO: JdwpDebugServer: handling req: Method(6).LineTable(1)
21:38:11.955 INFO: JdwpDebugServer: handling req: Method(6).LineTable(1)
21:38:11.955 INFO: JdwpDebugServer: handling req: Method(6).LineTable(1)
21:38:11.956 INFO: JdwpDebugServer: handling req: Method(6).LineTable(1)
21:38:11.956 INFO: JdwpDebugServer: handling req: Method(6).LineTable(1)
21:38:11.956 INFO: JdwpDebugServer: handling req: Method(6).LineTable(1)
21:38:11.956 INFO: JdwpDebugServer: handling req: Method(6).LineTable(1)
21:38:11.957 INFO: JdwpDebugServer: handling req: Method(6).LineTable(1)
21:38:11.957 INFO: JdwpDebugServer: handling req: Method(6).LineTable(1)
21:38:11.957 INFO: JdwpDebugServer: handling req: Method(6).LineTable(1)
21:38:11.957 INFO: JdwpDebugServer: handling req: Method(6).LineTable(1)
21:38:11.958 INFO: JdwpDebugServer: handling req: Method(6).LineTable(1)
21:38:11.958 INFO: JdwpDebugServer: handling req: Method(6).LineTable(1)
21:38:11.958 INFO: JdwpDebugServer: handling req: Method(6).LineTable(1)
21:38:11.958 INFO: JdwpDebugServer: handling req: Method(6).LineTable(1)
21:38:11.958 INFO: JdwpDebugServer: handling req: Method(6).LineTable(1)
21:38:11.959 INFO: JdwpDebugServer: handling req: Method(6).LineTable(1)
21:38:11.959 INFO: JdwpDebugServer: handling req: Method(6).LineTable(1)
21:38:11.959 INFO: JdwpDebugServer: handling req: Method(6).LineTable(1)
21:38:11.959 INFO: JdwpDebugServer: handling req: Method(6).LineTable(1)
21:38:11.959 INFO: JdwpDebugServer: handling req: Method(6).LineTable(1)
21:38:11.960 INFO: JdwpDebugServer: handling req: Method(6).LineTable(1)
21:38:11.960 INFO: JdwpDebugServer: handling req: Method(6).LineTable(1)
21:38:11.960 INFO: JdwpDebugServer: handling req: Method(6).LineTable(1)
21:38:11.961 INFO: JdwpDebugServer: handling req: Method(6).LineTable(1)
21:38:11.961 INFO: JdwpDebugServer: handling req: Method(6).LineTable(1)
21:38:11.961 INFO: JdwpDebugServer: handling req: Method(6).LineTable(1)
21:38:11.961 INFO: JdwpDebugServer: handling req: Method(6).LineTable(1)
21:38:11.962 INFO: JdwpDebugServer: handling req: Method(6).LineTable(1)
21:38:11.962 INFO: JdwpDebugServer: handling req: Method(6).LineTable(1)
21:38:11.962 INFO: JdwpDebugServer: handling req: Method(6).LineTable(1)
21:38:11.962 INFO: JdwpDebugServer: handling req: Method(6).LineTable(1)
21:38:11.963 INFO: JdwpDebugServer: handling req: Method(6).LineTable(1)
21:38:11.963 INFO: JdwpDebugServer: handling req: Method(6).LineTable(1)
21:38:11.963 INFO: JdwpDebugServer: handling req: Method(6).LineTable(1)
21:38:11.964 INFO: JdwpDebugServer: handling req: Method(6).LineTable(1)
21:38:11.964 INFO: JdwpDebugServer: handling req: Method(6).LineTable(1)
21:38:11.964 INFO: JdwpDebugServer: handling req: Method(6).LineTable(1)
21:38:11.964 INFO: JdwpDebugServer: handling req: Method(6).LineTable(1)
21:38:11.965 INFO: JdwpDebugServer: handling req: Method(6).LineTable(1)
21:38:11.965 INFO: JdwpDebugServer: handling req: Method(6).LineTable(1)
21:38:11.965 INFO: JdwpDebugServer: handling req: Method(6).LineTable(1)
21:38:11.965 INFO: JdwpDebugServer: handling req: Method(6).LineTable(1)
21:38:11.966 INFO: JdwpDebugServer: handling req: Method(6).LineTable(1)
21:38:11.966 INFO: JdwpDebugServer: handling req: Method(6).LineTable(1)
21:38:11.966 INFO: JdwpDebugServer: handling req: Method(6).LineTable(1)
21:38:11.966 INFO: JdwpDebugServer: handling req: Method(6).LineTable(1)
21:38:11.967 INFO: JdwpDebugServer: handling req: Method(6).LineTable(1)
21:38:11.967 INFO: JdwpDebugServer: handling req: Method(6).LineTable(1)
21:38:11.967 INFO: JdwpDebugServer: handling req: Method(6).LineTable(1)
21:38:11.967 INFO: JdwpDebugServer: handling req: Method(6).LineTable(1)
21:38:11.968 INFO: JdwpDebugServer: handling req: Method(6).LineTable(1)
21:38:11.968 INFO: JdwpDebugServer: handling req: Method(6).LineTable(1)
21:38:11.968 INFO: JdwpDebugServer: handling req: Method(6).LineTable(1)
21:38:11.968 INFO: JdwpDebugServer: handling req: Method(6).LineTable(1)
21:38:11.969 INFO: JdwpDebugServer: handling req: Method(6).LineTable(1)
21:38:11.969 INFO: JdwpDebugServer: handling req: Method(6).LineTable(1)
21:38:11.969 INFO: JdwpDebugServer: handling req: Method(6).LineTable(1)
21:38:11.969 INFO: JdwpDebugServer: handling req: Method(6).LineTable(1)
21:38:11.970 INFO: JdwpDebugServer: handling req: Method(6).LineTable(1)
21:38:11.970 INFO: JdwpDebugServer: handling req: Method(6).LineTable(1)
21:38:11.970 INFO: JdwpDebugServer: handling req: Method(6).LineTable(1)
21:38:11.971 INFO: JdwpDebugServer: handling req: Method(6).LineTable(1)
21:38:11.971 INFO: JdwpDebugServer: handling req: ReferenceType(2).SourceFile(7)
21:38:11.972 INFO: JdwpDebugServer: handling req: EventRequest(15).Set(1)
21:38:11.972 INFO: JdwpEventCenterDelegate: jdwpSetEventRequest: JdwpEventRequest{requestId=109, eventKind=BREAKPOINT, suspendPolicy=EVENT_THREAD, predicates=[Location{classId=23115, methodId=3852, index=320} ]}
21:38:11.973 INFO: JdwpDebugServer: handling req: ThreadReference(11).Resume(3)
21:38:11.973 INFO: JdwpEventCenterDelegate: THREAD_RESUMED: thread (33, main, main)
21:38:11.974 INFO: JdwpDebugServer: handling req: ClassType(3).Superclass(1)
21:38:11.975 INFO: JdwpDebugServer: handling req: ReferenceType(2).ClassLoader(2)
21:38:11.975 INFO: JdwpDebugServer: handling req: ReferenceType(2).ClassLoader(2)
21:38:11.976 INFO: JdwpDebugServer: handling req: ReferenceType(2).ClassLoader(2)
21:38:11.976 INFO: JdwpDebugServer: handling req: ReferenceType(2).ClassLoader(2)
21:38:11.976 INFO: JdwpDebugServer: handling req: ReferenceType(2).ClassLoader(2)
21:38:11.976 INFO: JdwpDebugServer: handling req: ReferenceType(2).ClassLoader(2)
21:38:11.976 INFO: JdwpDebugServer: handling req: ReferenceType(2).ClassLoader(2)
21:38:11.976 INFO: JdwpDebugServer: handling req: ReferenceType(2).ClassLoader(2)
21:38:11.976 INFO: JdwpDebugServer: handling req: ReferenceType(2).ClassLoader(2)
21:38:11.977 INFO: JdwpDebugServer: handling req: ReferenceType(2).ClassLoader(2)
21:38:11.977 INFO: JdwpDebugServer: handling req: ReferenceType(2).ClassLoader(2)
21:38:11.977 INFO: JdwpDebugServer: handling req: ReferenceType(2).ClassLoader(2)
21:38:11.977 INFO: JdwpDebugServer: handling req: ReferenceType(2).ClassLoader(2)
21:38:11.977 INFO: JdwpDebugServer: handling req: ReferenceType(2).ClassLoader(2)
21:38:11.977 INFO: JdwpDebugServer: handling req: ReferenceType(2).ClassLoader(2)
21:38:11.977 INFO: JdwpDebugServer: handling req: ReferenceType(2).ClassLoader(2)
21:38:11.977 INFO: JdwpDebugServer: handling req: ReferenceType(2).ClassLoader(2)
21:38:11.978 INFO: JdwpDebugServer: handling req: ReferenceType(2).ClassLoader(2)
21:38:11.995 INFO: JdwpEventCenterDelegate: THREAD_RESUMED: thread (33, main, main)
21:38:11.996 INFO: JdwpEventCenterDelegate: THREAD_RESUMED: thread (33, main, main)
21:38:11.998 INFO: JdwpEventCenterDelegate: THREAD_RESUMED: thread (33, main, main)
21:38:11.999 INFO: JdwpEventCenterDelegate: THREAD_RESUMED: thread (33, main, main)
21:38:12.000 INFO: JdwpEventCenterDelegate: THREAD_RESUMED: thread (33, main, main)
21:38:12.001 INFO: JdwpEventCenterDelegate: THREAD_RESUMED: thread (33, main, main)
21:38:12.003 INFO: JdwpEventCenterDelegate: THREAD_RESUMED: thread (33, main, main)
21:38:12.005 INFO: JdwpEventCenterDelegate: THREAD_RESUMED: thread (33, main, main)
21:38:12.006 INFO: JdwpEventCenterDelegate: THREAD_RESUMED: thread (33, main, main)
21:38:12.007 INFO: JdwpEventCenterDelegate: THREAD_RESUMED: thread (33, main, main)
21:38:12.009 INFO: JdwpEventCenterDelegate: THREAD_RESUMED: thread (33, main, main)
21:38:12.010 INFO: JdwpEventCenterDelegate: THREAD_RESUMED: thread (33, main, main)
21:38:12.011 INFO: JdwpEventCenterDelegate: THREAD_RESUMED: thread (33, main, main)
21:38:12.012 INFO: JdwpEventCenterDelegate: THREAD_RESUMED: thread (33, main, main)
21:38:12.028 INFO: JdwpEventCenterDelegate: THREAD_RESUMED: thread (33, main, main)
21:38:12.029 INFO: JdwpEventCenterDelegate: THREAD_RESUMED: thread (33, main, main)
21:38:12.030 INFO: JdwpEventCenterDelegate: THREAD_RESUMED: thread (33, main, main)
21:38:12.032 INFO: JdwpEventCenterDelegate: THREAD_RESUMED: thread (33, main, main)
21:38:12.033 INFO: JdwpEventCenterDelegate: THREAD_RESUMED: thread (33, main, main)
21:38:12.035 INFO: JdwpEventCenterDelegate: THREAD_RESUMED: thread (33, main, main)
21:38:12.036 INFO: JdwpEventCenterDelegate: THREAD_RESUMED: thread (33, main, main)
21:38:12.059 INFO: JdwpEventCenterDelegate: THREAD_RESUMED: thread (33, main, main)
21:38:12.060 INFO: JdwpEventCenterDelegate: THREAD_RESUMED: thread (33, main, main)
21:38:12.061 INFO: JdwpEventCenterDelegate: THREAD_RESUMED: thread (33, main, main)
21:38:12.063 INFO: JdwpEventCenterDelegate: THREAD_RESUMED: thread (33, main, main)
21:38:12.064 INFO: JdwpEventCenterDelegate: THREAD_RESUMED: thread (33, main, main)
21:38:12.065 INFO: JdwpEventCenterDelegate: THREAD_RESUMED: thread (33, main, main)
21:38:12.066 INFO: JdwpEventCenterDelegate: THREAD_RESUMED: thread (33, main, main)
21:38:12.071 INFO: JdwpDebugServer: handling req: ReferenceType(2).MethodsWithGeneric(15)
21:38:12.071 INFO: JdwpDebugServer: handling req: Method(6).LineTable(1)
21:38:12.071 INFO: JdwpDebugServer: handling req: ReferenceType(2).SourceFile(7)
21:38:12.072 INFO: JdwpDebugServer: handling req: ThreadReference(11).Resume(3)
21:38:12.072 INFO: JdwpEventCenterDelegate: THREAD_RESUMED: thread (33, main, main)
21:38:12.073 INFO: JdwpDebugServer: handling req: ReferenceType(2).MethodsWithGeneric(15)
21:38:12.073 INFO: JdwpDebugServer: handling req: Method(6).LineTable(1)
21:38:12.073 INFO: JdwpDebugServer: handling req: ReferenceType(2).SourceFile(7)
21:38:12.074 INFO: JdwpDebugServer: handling req: ThreadReference(11).Resume(3)
21:38:12.074 INFO: JdwpEventCenterDelegate: THREAD_RESUMED: thread (33, main, main)
21:38:12.074 INFO: JdwpDebugServer: handling req: ReferenceType(2).MethodsWithGeneric(15)
21:38:12.075 INFO: JdwpDebugServer: handling req: Method(6).LineTable(1)
21:38:12.075 INFO: JdwpDebugServer: handling req: ReferenceType(2).SourceFile(7)
21:38:12.075 INFO: JdwpDebugServer: handling req: ThreadReference(11).Resume(3)
21:38:12.076 INFO: JdwpEventCenterDelegate: THREAD_RESUMED: thread (33, main, main)
21:38:12.076 INFO: JdwpDebugServer: handling req: ReferenceType(2).MethodsWithGeneric(15)
21:38:12.076 INFO: JdwpDebugServer: handling req: Method(6).LineTable(1)
21:38:12.077 INFO: JdwpDebugServer: handling req: ReferenceType(2).SourceFile(7)
21:38:12.077 INFO: JdwpDebugServer: handling req: ThreadReference(11).Resume(3)
21:38:12.078 INFO: JdwpEventCenterDelegate: THREAD_RESUMED: thread (33, main, main)
21:38:12.078 INFO: JdwpDebugServer: handling req: ReferenceType(2).MethodsWithGeneric(15)
21:38:12.078 INFO: JdwpDebugServer: handling req: Method(6).LineTable(1)
21:38:12.078 INFO: JdwpDebugServer: handling req: ReferenceType(2).SourceFile(7)
21:38:12.079 INFO: JdwpDebugServer: handling req: ThreadReference(11).Resume(3)
21:38:12.079 INFO: JdwpEventCenterDelegate: THREAD_RESUMED: thread (33, main, main)
21:38:12.080 INFO: JdwpDebugServer: handling req: ReferenceType(2).MethodsWithGeneric(15)
21:38:12.080 INFO: JdwpDebugServer: handling req: Method(6).LineTable(1)
21:38:12.080 INFO: JdwpDebugServer: handling req: ReferenceType(2).SourceFile(7)
21:38:12.080 INFO: JdwpDebugServer: handling req: ThreadReference(11).Resume(3)
21:38:12.081 INFO: JdwpEventCenterDelegate: THREAD_RESUMED: thread (33, main, main)
21:38:12.104 INFO: JdwpEventCenterDelegate: THREAD_RESUMED: thread (33, main, main)
21:38:12.106 INFO: JdwpEventCenterDelegate: THREAD_RESUMED: thread (33, main, main)
21:38:12.107 INFO: JdwpEventCenterDelegate: THREAD_RESUMED: thread (33, main, main)
21:38:12.109 INFO: JdwpEventCenterDelegate: THREAD_RESUMED: thread (33, main, main)
21:38:12.110 INFO: JdwpEventCenterDelegate: THREAD_RESUMED: thread (33, main, main)
21:38:12.111 INFO: JdwpEventCenterDelegate: THREAD_RESUMED: thread (33, main, main)
21:38:12.113 INFO: JdwpEventCenterDelegate: THREAD_RESUMED: thread (33, main, main)
21:38:12.124 INFO: JdwpEventCenterDelegate: THREAD_RESUMED: thread (33, main, main)
21:38:12.125 INFO: JdwpEventCenterDelegate: THREAD_RESUMED: thread (33, main, main)
21:38:12.126 INFO: JdwpEventCenterDelegate: THREAD_RESUMED: thread (33, main, main)
21:38:12.127 INFO: JdwpEventCenterDelegate: THREAD_RESUMED: thread (33, main, main)
21:38:12.129 INFO: JdwpEventCenterDelegate: THREAD_RESUMED: thread (33, main, main)
21:38:12.130 INFO: JdwpEventCenterDelegate: THREAD_RESUMED: thread (33, main, main)
21:38:12.131 INFO: JdwpEventCenterDelegate: THREAD_RESUMED: thread (33, main, main)
21:38:12.141 INFO: JdwpEventCenterDelegate: THREAD_RESUMED: thread (33, main, main)
21:38:12.142 INFO: JdwpEventCenterDelegate: THREAD_RESUMED: thread (33, main, main)
21:38:12.143 INFO: JdwpEventCenterDelegate: THREAD_RESUMED: thread (33, main, main)
21:38:12.144 INFO: JdwpEventCenterDelegate: THREAD_RESUMED: thread (33, main, main)
21:38:12.145 INFO: JdwpEventCenterDelegate: THREAD_RESUMED: thread (33, main, main)
21:38:12.147 INFO: JdwpEventCenterDelegate: THREAD_RESUMED: thread (33, main, main)
21:38:12.148 INFO: JdwpEventCenterDelegate: THREAD_RESUMED: thread (33, main, main)
21:38:12.149 INFO: JdwpEventCenterDelegate: THREAD_RESUMED: thread (33, main, main)
21:38:12.150 INFO: JdwpEventCenterDelegate: THREAD_RESUMED: thread (33, main, main)
21:38:12.151 INFO: JdwpEventCenterDelegate: THREAD_RESUMED: thread (33, main, main)
21:38:12.153 INFO: JdwpEventCenterDelegate: THREAD_RESUMED: thread (33, main, main)
21:38:12.154 INFO: JdwpEventCenterDelegate: THREAD_RESUMED: thread (33, main, main)
21:38:12.155 INFO: JdwpEventCenterDelegate: THREAD_RESUMED: thread (33, main, main)
21:38:12.156 INFO: JdwpEventCenterDelegate: THREAD_RESUMED: thread (33, main, main)
21:38:12.157 INFO: JdwpEventCenterDelegate: THREAD_RESUMED: thread (33, main, main)
21:38:12.159 INFO: JdwpEventCenterDelegate: THREAD_RESUMED: thread (33, main, main)
21:38:12.160 INFO: JdwpEventCenterDelegate: THREAD_RESUMED: thread (33, main, main)
21:38:12.161 INFO: JdwpEventCenterDelegate: THREAD_RESUMED: thread (33, main, main)
21:38:12.163 INFO: JdwpEventCenterDelegate: THREAD_RESUMED: thread (33, main, main)
21:38:12.164 INFO: JdwpEventCenterDelegate: THREAD_RESUMED: thread (33, main, main)
21:38:12.291 INFO: JdwpEventCenterDelegate: THREAD_STARTED: thread (93, AssetManager, main)
21:38:12.395 INFO: JdwpEventCenterDelegate: THREAD_RESUMED: thread (33, main, main)
21:38:12.397 INFO: JdwpEventCenterDelegate: THREAD_RESUMED: thread (33, main, main)
21:38:14.969 INFO: JdwpEventCenterDelegate: THREAD_RESUMED: thread (33, main, main)
21:38:15.070 INFO: JdwpEventCenterDelegate: THREAD_RESUMED: thread (33, main, main)
21:38:15.072 INFO: JdwpEventCenterDelegate: THREAD_RESUMED: thread (33, main, main)
21:38:15.073 INFO: JdwpEventCenterDelegate: THREAD_RESUMED: thread (33, main, main)
21:38:15.075 INFO: JdwpEventCenterDelegate: THREAD_RESUMED: thread (33, main, main)
21:38:15.077 INFO: JdwpEventCenterDelegate: THREAD_RESUMED: thread (33, main, main)
21:38:15.083 INFO: JdwpEventCenterDelegate: THREAD_RESUMED: thread (33, main, main)
21:38:15.096 INFO: JdwpEventCenterDelegate: THREAD_RESUMED: thread (33, main, main)
21:38:15.098 INFO: JdwpEventCenterDelegate: THREAD_RESUMED: thread (33, main, main)
21:38:15.100 INFO: JdwpEventCenterDelegate: THREAD_RESUMED: thread (33, main, main)
21:38:15.103 INFO: JdwpEventCenterDelegate: THREAD_RESUMED: thread (33, main, main)
21:38:15.105 INFO: JdwpEventCenterDelegate: THREAD_RESUMED: thread (33, main, main)
21:38:15.110 INFO: JdwpEventCenterDelegate: THREAD_RESUMED: thread (33, main, main)
21:38:15.125 INFO: JdwpEventCenterDelegate: THREAD_RESUMED: thread (33, main, main)
21:38:15.127 INFO: JdwpEventCenterDelegate: THREAD_RESUMED: thread (33, main, main)
21:38:15.130 INFO: JdwpEventCenterDelegate: THREAD_RESUMED: thread (33, main, main)
21:38:15.132 INFO: JdwpEventCenterDelegate: THREAD_RESUMED: thread (33, main, main)
21:38:15.134 INFO: JdwpEventCenterDelegate: THREAD_RESUMED: thread (33, main, main)
21:38:15.139 INFO: JdwpEventCenterDelegate: THREAD_RESUMED: thread (33, main, main)
21:38:15.158 INFO: JdwpEventCenterDelegate: THREAD_RESUMED: thread (33, main, main)
21:38:15.160 INFO: JdwpEventCenterDelegate: THREAD_RESUMED: thread (33, main, main)
21:38:15.163 INFO: JdwpEventCenterDelegate: THREAD_RESUMED: thread (33, main, main)
21:38:15.165 INFO: JdwpEventCenterDelegate: THREAD_RESUMED: thread (33, main, main)
21:38:15.167 INFO: JdwpEventCenterDelegate: THREAD_RESUMED: thread (33, main, main)
21:38:15.172 INFO: JdwpEventCenterDelegate: THREAD_RESUMED: thread (33, main, main)
21:38:15.187 INFO: JdwpEventCenterDelegate: THREAD_RESUMED: thread (33, main, main)
21:38:15.190 INFO: JdwpEventCenterDelegate: THREAD_RESUMED: thread (33, main, main)
21:38:15.192 INFO: JdwpEventCenterDelegate: THREAD_RESUMED: thread (33, main, main)
21:38:15.194 INFO: JdwpEventCenterDelegate: THREAD_RESUMED: thread (33, main, main)
21:38:15.196 INFO: JdwpEventCenterDelegate: THREAD_RESUMED: thread (33, main, main)
21:38:15.201 INFO: JdwpEventCenterDelegate: THREAD_RESUMED: thread (33, main, main)
21:38:15.217 INFO: JdwpEventCenterDelegate: THREAD_RESUMED: thread (33, main, main)
21:38:15.219 INFO: JdwpEventCenterDelegate: THREAD_RESUMED: thread (33, main, main)
21:38:15.221 INFO: JdwpEventCenterDelegate: THREAD_RESUMED: thread (33, main, main)
21:38:15.224 INFO: JdwpEventCenterDelegate: THREAD_RESUMED: thread (33, main, main)
21:38:15.226 INFO: JdwpEventCenterDelegate: THREAD_RESUMED: thread (33, main, main)
21:38:15.231 INFO: JdwpEventCenterDelegate: THREAD_RESUMED: thread (33, main, main)
21:38:15.250 INFO: JdwpEventCenterDelegate: THREAD_RESUMED: thread (33, main, main)
21:38:15.253 INFO: JdwpEventCenterDelegate: THREAD_RESUMED: thread (33, main, main)
21:38:15.255 INFO: JdwpEventCenterDelegate: THREAD_RESUMED: thread (33, main, main)
21:38:15.257 INFO: JdwpEventCenterDelegate: THREAD_RESUMED: thread (33, main, main)
21:38:15.260 INFO: JdwpEventCenterDelegate: THREAD_RESUMED: thread (33, main, main)
21:38:15.264 INFO: JdwpEventCenterDelegate: THREAD_RESUMED: thread (33, main, main)
21:38:15.284 INFO: JdwpEventCenterDelegate: THREAD_RESUMED: thread (33, main, main)
21:38:15.286 INFO: JdwpEventCenterDelegate: THREAD_RESUMED: thread (33, main, main)
21:38:15.288 INFO: JdwpEventCenterDelegate: THREAD_RESUMED: thread (33, main, main)
21:38:15.290 INFO: JdwpEventCenterDelegate: THREAD_RESUMED: thread (33, main, main)
21:38:15.293 INFO: JdwpEventCenterDelegate: THREAD_RESUMED: thread (33, main, main)
21:38:15.298 INFO: JdwpEventCenterDelegate: THREAD_RESUMED: thread (33, main, main)
21:38:15.316 INFO: JdwpEventCenterDelegate: THREAD_RESUMED: thread (33, main, main)
21:38:15.318 INFO: JdwpEventCenterDelegate: THREAD_RESUMED: thread (33, main, main)
21:38:15.321 INFO: JdwpEventCenterDelegate: THREAD_RESUMED: thread (33, main, main)
21:38:15.323 INFO: JdwpEventCenterDelegate: THREAD_RESUMED: thread (33, main, main)
21:38:15.325 INFO: JdwpEventCenterDelegate: THREAD_RESUMED: thread (33, main, main)
21:38:15.329 INFO: JdwpEventCenterDelegate: THREAD_RESUMED: thread (33, main, main)
21:38:15.349 INFO: JdwpEventCenterDelegate: THREAD_RESUMED: thread (33, main, main)
21:38:15.351 INFO: JdwpEventCenterDelegate: THREAD_RESUMED: thread (33, main, main)
21:38:15.354 INFO: JdwpEventCenterDelegate: THREAD_RESUMED: thread (33, main, main)
21:38:15.356 INFO: JdwpEventCenterDelegate: THREAD_RESUMED: thread (33, main, main)
21:38:15.358 INFO: JdwpEventCenterDelegate: THREAD_RESUMED: thread (33, main, main)
21:38:15.363 INFO: JdwpEventCenterDelegate: THREAD_RESUMED: thread (33, main, main)
21:38:15.378 INFO: JdwpEventCenterDelegate: THREAD_RESUMED: thread (33, main, main)
21:38:15.381 INFO: JdwpEventCenterDelegate: THREAD_RESUMED: thread (33, main, main)
21:38:15.383 INFO: JdwpEventCenterDelegate: THREAD_RESUMED: thread (33, main, main)
21:38:15.385 INFO: JdwpEventCenterDelegate: THREAD_RESUMED: thread (33, main, main)
21:38:15.388 INFO: JdwpEventCenterDelegate: THREAD_RESUMED: thread (33, main, main)
21:38:15.393 INFO: JdwpEventCenterDelegate: THREAD_RESUMED: thread (33, main, main)
21:38:15.413 INFO: JdwpEventCenterDelegate: THREAD_RESUMED: thread (33, main, main)
21:38:15.415 INFO: JdwpEventCenterDelegate: THREAD_RESUMED: thread (33, main, main)
21:38:15.417 INFO: JdwpEventCenterDelegate: THREAD_RESUMED: thread (33, main, main)
21:38:15.420 INFO: JdwpEventCenterDelegate: THREAD_RESUMED: thread (33, main, main)
21:38:15.422 INFO: JdwpEventCenterDelegate: THREAD_RESUMED: thread (33, main, main)
21:38:15.427 INFO: JdwpEventCenterDelegate: THREAD_RESUMED: thread (33, main, main)
21:38:15.450 INFO: JdwpEventCenterDelegate: THREAD_RESUMED: thread (33, main, main)
21:38:15.452 INFO: JdwpEventCenterDelegate: THREAD_RESUMED: thread (33, main, main)
21:38:15.454 INFO: JdwpEventCenterDelegate: THREAD_RESUMED: thread (33, main, main)
21:38:15.457 INFO: JdwpEventCenterDelegate: THREAD_RESUMED: thread (33, main, main)
21:38:15.459 INFO: JdwpEventCenterDelegate: THREAD_RESUMED: thread (33, main, main)
21:38:15.464 INFO: JdwpEventCenterDelegate: THREAD_RESUMED: thread (33, main, main)
21:38:15.483 INFO: JdwpEventCenterDelegate: THREAD_RESUMED: thread (33, main, main)
21:38:15.485 INFO: JdwpEventCenterDelegate: THREAD_RESUMED: thread (33, main, main)
21:38:15.488 INFO: JdwpEventCenterDelegate: THREAD_RESUMED: thread (33, main, main)
21:38:15.490 INFO: JdwpEventCenterDelegate: THREAD_RESUMED: thread (33, main, main)
21:38:15.492 INFO: JdwpEventCenterDelegate: THREAD_RESUMED: thread (33, main, main)
21:38:15.496 INFO: JdwpEventCenterDelegate: THREAD_RESUMED: thread (33, main, main)
21:38:15.510 INFO: JdwpEventCenterDelegate: THREAD_RESUMED: thread (33, main, main)
21:38:15.512 INFO: JdwpEventCenterDelegate: THREAD_RESUMED: thread (33, main, main)
21:38:15.514 INFO: JdwpEventCenterDelegate: THREAD_RESUMED: thread (33, main, main)
21:38:15.516 INFO: JdwpEventCenterDelegate: THREAD_RESUMED: thread (33, main, main)
21:38:15.518 INFO: JdwpEventCenterDelegate: THREAD_RESUMED: thread (33, main, main)
21:38:15.523 INFO: JdwpEventCenterDelegate: THREAD_RESUMED: thread (33, main, main)
21:38:15.526 INFO: JdwpEventCenterDelegate: THREAD_RESUMED: thread (33, main, main)
21:38:15.528 INFO: JdwpEventCenterDelegate: THREAD_RESUMED: thread (33, main, main)
21:38:15.531 INFO: JdwpEventCenterDelegate: THREAD_RESUMED: thread (33, main, main)
21:38:15.533 INFO: JdwpEventCenterDelegate: THREAD_RESUMED: thread (33, main, main)
21:38:15.536 INFO: JdwpEventCenterDelegate: THREAD_RESUMED: thread (33, main, main)
21:38:15.539 INFO: JdwpEventCenterDelegate: THREAD_RESUMED: thread (33, main, main)
21:38:15.543 INFO: JdwpEventCenterDelegate: THREAD_RESUMED: thread (33, main, main)
21:38:15.545 INFO: JdwpEventCenterDelegate: THREAD_RESUMED: thread (33, main, main)
21:38:15.548 INFO: JdwpEventCenterDelegate: THREAD_RESUMED: thread (33, main, main)
21:38:15.550 INFO: JdwpEventCenterDelegate: THREAD_RESUMED: thread (33, main, main)
21:38:15.561 INFO: JdwpEventCenterDelegate: THREAD_RESUMED: thread (33, main, main)
21:38:15.563 INFO: JdwpEventCenterDelegate: THREAD_RESUMED: thread (33, main, main)
21:38:15.565 INFO: JdwpEventCenterDelegate: THREAD_RESUMED: thread (33, main, main)
21:38:15.567 INFO: JdwpEventCenterDelegate: THREAD_RESUMED: thread (33, main, main)
21:38:15.569 INFO: JdwpEventCenterDelegate: THREAD_RESUMED: thread (33, main, main)
21:38:15.571 INFO: JdwpEventCenterDelegate: THREAD_RESUMED: thread (33, main, main)
21:38:15.573 INFO: JdwpEventCenterDelegate: THREAD_RESUMED: thread (33, main, main)
21:38:15.583 INFO: JdwpDebugServer: handling req: ReferenceType(2).MethodsWithGeneric(15)
21:38:15.584 INFO: JdwpDebugServer: handling req: ThreadReference(11).Resume(3)
21:38:15.585 INFO: JdwpEventCenterDelegate: THREAD_RESUMED: thread (33, main, main)
21:38:15.586 INFO: JdwpDebugServer: handling req: ReferenceType(2).MethodsWithGeneric(15)
21:38:15.586 INFO: JdwpDebugServer: handling req: ThreadReference(11).Resume(3)
21:38:15.587 INFO: JdwpEventCenterDelegate: THREAD_RESUMED: thread (33, main, main)
21:38:15.588 INFO: JdwpDebugServer: handling req: ReferenceType(2).MethodsWithGeneric(15)
21:38:15.588 INFO: JdwpDebugServer: handling req: ThreadReference(11).Resume(3)
21:38:15.589 INFO: JdwpEventCenterDelegate: THREAD_RESUMED: thread (33, main, main)
21:38:15.590 INFO: JdwpDebugServer: handling req: ReferenceType(2).MethodsWithGeneric(15)
21:38:15.590 INFO: JdwpDebugServer: handling req: ThreadReference(11).Resume(3)
21:38:15.591 INFO: JdwpEventCenterDelegate: THREAD_RESUMED: thread (33, main, main)
21:38:15.595 INFO: JdwpEventCenterDelegate: THREAD_RESUMED: thread (33, main, main)
21:38:15.597 INFO: JdwpEventCenterDelegate: THREAD_RESUMED: thread (33, main, main)
21:38:15.599 INFO: JdwpEventCenterDelegate: THREAD_RESUMED: thread (33, main, main)
21:38:15.601 INFO: JdwpEventCenterDelegate: THREAD_RESUMED: thread (33, main, main)
21:38:15.604 INFO: JdwpEventCenterDelegate: THREAD_RESUMED: thread (33, main, main)
21:38:15.609 INFO: JdwpEventCenterDelegate: THREAD_RESUMED: thread (33, main, main)
21:38:15.622 INFO: JdwpEventCenterDelegate: THREAD_RESUMED: thread (33, main, main)
21:38:15.636 INFO: JdwpEventCenterDelegate: THREAD_RESUMED: thread (33, main, main)
21:38:15.647 INFO: JdwpEventCenterDelegate: THREAD_RESUMED: thread (33, main, main)
21:38:15.660 INFO: JdwpEventCenterDelegate: THREAD_RESUMED: thread (33, main, main)
21:38:15.694 INFO: JdwpEventCenterDelegate: THREAD_RESUMED: thread (33, main, main)
21:38:15.696 INFO: JdwpEventCenterDelegate: THREAD_RESUMED: thread (33, main, main)
21:38:15.699 INFO: JdwpEventCenterDelegate: THREAD_RESUMED: thread (33, main, main)
21:38:15.701 INFO: JdwpEventCenterDelegate: THREAD_RESUMED: thread (33, main, main)
21:38:15.703 INFO: JdwpEventCenterDelegate: THREAD_RESUMED: thread (33, main, main)
21:38:15.708 INFO: JdwpEventCenterDelegate: THREAD_RESUMED: thread (33, main, main)
21:38:15.720 INFO: JdwpEventCenterDelegate: THREAD_RESUMED: thread (33, main, main)
21:38:15.722 INFO: JdwpEventCenterDelegate: THREAD_RESUMED: thread (33, main, main)
21:38:15.724 INFO: JdwpEventCenterDelegate: THREAD_RESUMED: thread (33, main, main)
21:38:15.727 INFO: JdwpEventCenterDelegate: THREAD_RESUMED: thread (33, main, main)
21:38:15.729 INFO: JdwpEventCenterDelegate: THREAD_RESUMED: thread (33, main, main)
21:38:15.734 INFO: JdwpEventCenterDelegate: THREAD_RESUMED: thread (33, main, main)
21:38:15.747 INFO: JdwpEventCenterDelegate: THREAD_RESUMED: thread (33, main, main)
21:38:15.750 INFO: JdwpEventCenterDelegate: THREAD_RESUMED: thread (33, main, main)
21:38:15.752 INFO: JdwpEventCenterDelegate: THREAD_RESUMED: thread (33, main, main)
21:38:15.755 INFO: JdwpEventCenterDelegate: THREAD_RESUMED: thread (33, main, main)
21:38:15.757 INFO: JdwpEventCenterDelegate: THREAD_RESUMED: thread (33, main, main)
21:38:15.762 INFO: JdwpEventCenterDelegate: THREAD_RESUMED: thread (33, main, main)
21:38:15.779 INFO: JdwpEventCenterDelegate: THREAD_RESUMED: thread (33, main, main)
21:38:15.781 INFO: JdwpEventCenterDelegate: THREAD_RESUMED: thread (33, main, main)
21:38:15.784 INFO: JdwpEventCenterDelegate: THREAD_RESUMED: thread (33, main, main)
21:38:15.786 INFO: JdwpEventCenterDelegate: THREAD_RESUMED: thread (33, main, main)
21:38:15.788 INFO: JdwpEventCenterDelegate: THREAD_RESUMED: thread (33, main, main)
21:38:15.793 INFO: JdwpEventCenterDelegate: THREAD_RESUMED: thread (33, main, main)
21:38:15.808 INFO: JdwpEventCenterDelegate: THREAD_RESUMED: thread (33, main, main)
21:38:15.810 INFO: JdwpEventCenterDelegate: THREAD_RESUMED: thread (33, main, main)
21:38:15.813 INFO: JdwpEventCenterDelegate: THREAD_RESUMED: thread (33, main, main)
21:38:15.815 INFO: JdwpEventCenterDelegate: THREAD_RESUMED: thread (33, main, main)
21:38:15.818 INFO: JdwpEventCenterDelegate: THREAD_RESUMED: thread (33, main, main)
21:38:15.822 INFO: JdwpEventCenterDelegate: THREAD_RESUMED: thread (33, main, main)
21:38:15.837 INFO: JdwpEventCenterDelegate: THREAD_RESUMED: thread (33, main, main)
21:38:15.840 INFO: JdwpEventCenterDelegate: THREAD_RESUMED: thread (33, main, main)
21:38:15.842 INFO: JdwpEventCenterDelegate: THREAD_RESUMED: thread (33, main, main)
21:38:15.844 INFO: JdwpEventCenterDelegate: THREAD_RESUMED: thread (33, main, main)
21:38:15.846 INFO: JdwpEventCenterDelegate: THREAD_RESUMED: thread (33, main, main)
21:38:15.851 INFO: JdwpEventCenterDelegate: THREAD_RESUMED: thread (33, main, main)
21:38:15.872 INFO: JdwpEventCenterDelegate: THREAD_RESUMED: thread (33, main, main)
21:38:15.874 INFO: JdwpEventCenterDelegate: THREAD_RESUMED: thread (33, main, main)
21:38:15.877 INFO: JdwpEventCenterDelegate: THREAD_RESUMED: thread (33, main, main)
21:38:15.879 INFO: JdwpEventCenterDelegate: THREAD_RESUMED: thread (33, main, main)
21:38:15.882 INFO: JdwpEventCenterDelegate: THREAD_RESUMED: thread (33, main, main)
21:38:15.887 INFO: JdwpEventCenterDelegate: THREAD_RESUMED: thread (33, main, main)
21:38:15.904 INFO: JdwpEventCenterDelegate: THREAD_RESUMED: thread (33, main, main)
21:38:15.906 INFO: JdwpEventCenterDelegate: THREAD_RESUMED: thread (33, main, main)
21:38:15.908 INFO: JdwpEventCenterDelegate: THREAD_RESUMED: thread (33, main, main)
21:38:15.910 INFO: JdwpEventCenterDelegate: THREAD_RESUMED: thread (33, main, main)
21:38:15.912 INFO: JdwpEventCenterDelegate: THREAD_RESUMED: thread (33, main, main)
21:38:15.916 INFO: JdwpEventCenterDelegate: THREAD_RESUMED: thread (33, main, main)
21:38:15.934 INFO: JdwpEventCenterDelegate: THREAD_RESUMED: thread (33, main, main)
21:38:15.937 INFO: JdwpEventCenterDelegate: THREAD_RESUMED: thread (33, main, main)
21:38:15.939 INFO: JdwpEventCenterDelegate: THREAD_RESUMED: thread (33, main, main)
21:38:15.941 INFO: JdwpEventCenterDelegate: THREAD_RESUMED: thread (33, main, main)
21:38:15.944 INFO: JdwpEventCenterDelegate: THREAD_RESUMED: thread (33, main, main)
21:38:15.949 INFO: JdwpEventCenterDelegate: THREAD_RESUMED: thread (33, main, main)
21:38:15.964 INFO: JdwpEventCenterDelegate: THREAD_RESUMED: thread (33, main, main)
21:38:15.966 INFO: JdwpEventCenterDelegate: THREAD_RESUMED: thread (33, main, main)
21:38:15.969 INFO: JdwpEventCenterDelegate: THREAD_RESUMED: thread (33, main, main)
21:38:15.971 INFO: JdwpEventCenterDelegate: THREAD_RESUMED: thread (33, main, main)
21:38:15.973 INFO: JdwpEventCenterDelegate: THREAD_RESUMED: thread (33, main, main)
21:38:15.978 INFO: JdwpEventCenterDelegate: THREAD_RESUMED: thread (33, main, main)
21:38:15.992 INFO: JdwpEventCenterDelegate: THREAD_RESUMED: thread (33, main, main)
21:38:15.994 INFO: JdwpEventCenterDelegate: THREAD_RESUMED: thread (33, main, main)
21:38:15.997 INFO: JdwpEventCenterDelegate: THREAD_RESUMED: thread (33, main, main)
21:38:15.999 INFO: JdwpEventCenterDelegate: THREAD_RESUMED: thread (33, main, main)
21:38:16.001 INFO: JdwpEventCenterDelegate: THREAD_RESUMED: thread (33, main, main)
21:38:16.006 INFO: JdwpEventCenterDelegate: THREAD_RESUMED: thread (33, main, main)
21:38:16.025 INFO: JdwpEventCenterDelegate: THREAD_RESUMED: thread (33, main, main)
21:38:16.027 INFO: JdwpEventCenterDelegate: THREAD_RESUMED: thread (33, main, main)
21:38:16.029 INFO: JdwpEventCenterDelegate: THREAD_RESUMED: thread (33, main, main)
21:38:16.032 INFO: JdwpEventCenterDelegate: THREAD_RESUMED: thread (33, main, main)
21:38:16.034 INFO: JdwpEventCenterDelegate: THREAD_RESUMED: thread (33, main, main)
21:38:16.039 INFO: JdwpEventCenterDelegate: THREAD_RESUMED: thread (33, main, main)
21:38:16.063 INFO: JdwpEventCenterDelegate: THREAD_RESUMED: thread (33, main, main)
21:38:16.066 INFO: JdwpEventCenterDelegate: THREAD_RESUMED: thread (33, main, main)
21:38:16.068 INFO: JdwpEventCenterDelegate: THREAD_RESUMED: thread (33, main, main)
21:38:16.070 INFO: JdwpEventCenterDelegate: THREAD_RESUMED: thread (33, main, main)
21:38:16.073 INFO: JdwpEventCenterDelegate: THREAD_RESUMED: thread (33, main, main)
21:38:16.078 INFO: JdwpEventCenterDelegate: THREAD_RESUMED: thread (33, main, main)
21:38:16.095 INFO: JdwpEventCenterDelegate: THREAD_RESUMED: thread (33, main, main)
21:38:16.098 INFO: JdwpEventCenterDelegate: THREAD_RESUMED: thread (33, main, main)
21:38:16.100 INFO: JdwpEventCenterDelegate: THREAD_RESUMED: thread (33, main, main)
21:38:16.102 INFO: JdwpEventCenterDelegate: THREAD_RESUMED: thread (33, main, main)
21:38:16.104 INFO: JdwpEventCenterDelegate: THREAD_RESUMED: thread (33, main, main)
21:38:16.109 INFO: JdwpEventCenterDelegate: THREAD_RESUMED: thread (33, main, main)
21:38:16.122 INFO: JdwpEventCenterDelegate: THREAD_RESUMED: thread (33, main, main)
21:38:16.124 INFO: JdwpEventCenterDelegate: THREAD_RESUMED: thread (33, main, main)
21:38:16.126 INFO: JdwpEventCenterDelegate: THREAD_RESUMED: thread (33, main, main)
21:38:16.129 INFO: JdwpEventCenterDelegate: THREAD_RESUMED: thread (33, main, main)
21:38:16.131 INFO: JdwpEventCenterDelegate: THREAD_RESUMED: thread (33, main, main)
21:38:56.182 INFO: JdwpEventCenterDelegate: THREAD_STARTED: thread (108, Timer, main)
21:38:57.073 INFO: JdwpEventCenterDelegate: THREAD_RESUMED: thread (33, main, main)
21:38:57.105 INFO: JdwpEventCenterDelegate: THREAD_RESUMED: thread (33, main, main)
21:38:57.127 INFO: JdwpEventCenterDelegate: THREAD_RESUMED: thread (33, main, main)
21:38:57.145 INFO: JdwpEventCenterDelegate: THREAD_RESUMED: thread (33, main, main)
21:38:57.188 INFO: JdwpEventCenterDelegate: THREAD_RESUMED: thread (33, main, main)
21:38:57.222 INFO: JdwpEventCenterDelegate: THREAD_RESUMED: thread (33, main, main)
21:38:57.239 INFO: JdwpEventCenterDelegate: THREAD_RESUMED: thread (33, main, main)
21:38:57.254 INFO: JdwpEventCenterDelegate: THREAD_RESUMED: thread (33, main, main)
21:38:57.261 INFO: JdwpEventCenterDelegate: THREAD_RESUMED: thread (33, main, main)
21:38:57.275 INFO: JdwpEventCenterDelegate: THREAD_RESUMED: thread (33, main, main)
21:38:57.307 INFO: JdwpEventCenterDelegate: THREAD_RESUMED: thread (33, main, main)
21:38:57.319 INFO: JdwpEventCenterDelegate: THREAD_RESUMED: thread (33, main, main)
21:38:57.331 INFO: JdwpEventCenterDelegate: THREAD_RESUMED: thread (33, main, main)
21:38:57.344 INFO: JdwpEventCenterDelegate: THREAD_RESUMED: thread (33, main, main)
21:38:57.378 INFO: JdwpEventCenterDelegate: THREAD_RESUMED: thread (33, main, main)
21:38:57.411 INFO: JdwpEventCenterDelegate: THREAD_RESUMED: thread (33, main, main)
21:38:57.427 INFO: JdwpEventCenterDelegate: THREAD_RESUMED: thread (33, main, main)
21:38:57.441 INFO: JdwpEventCenterDelegate: THREAD_RESUMED: thread (33, main, main)
21:38:57.447 INFO: JdwpEventCenterDelegate: THREAD_RESUMED: thread (33, main, main)
21:38:57.460 INFO: JdwpEventCenterDelegate: THREAD_RESUMED: thread (33, main, main)
21:38:58.404 INFO: JdwpDebugServer: handling req: ReferenceType(2).MethodsWithGeneric(15)
21:38:58.405 INFO: JdwpDebugServer: handling req: ThreadReference(11).Resume(3)
21:38:58.406 INFO: JdwpEventCenterDelegate: THREAD_RESUMED: thread (33, main, main)
21:38:58.433 INFO: JdwpEventCenterDelegate: THREAD_STARTED: thread (123, Thread-7, main)
21:39:00.911 INFO: JdwpEventCenterDelegate: THREAD_STARTED: thread (138, Thread-8, main)
21:39:10.431 INFO: JdwpEventCenterDelegate: THREAD_DETTACHED: thread (138, Thread-8, main)
21:39:21.894 INFO: JdwpEventCenterDelegate: THREAD_DETTACHED: thread (123, Thread-7, main)
21:39:34.294 INFO: JdwpEventCenterDelegate: THREAD_RESUMED: thread (33, main, main)
21:39:34.333 INFO: JdwpEventCenterDelegate: THREAD_RESUMED: thread (33, main, main)
21:39:34.360 INFO: JdwpEventCenterDelegate: THREAD_RESUMED: thread (33, main, main)
21:39:34.386 INFO: JdwpEventCenterDelegate: THREAD_RESUMED: thread (33, main, main)
21:39:34.404 INFO: JdwpEventCenterDelegate: THREAD_RESUMED: thread (33, main, main)
21:39:34.419 INFO: JdwpEventCenterDelegate: THREAD_RESUMED: thread (33, main, main)
21:39:34.433 INFO: JdwpEventCenterDelegate: THREAD_RESUMED: thread (33, main, main)
21:39:34.451 INFO: JdwpEventCenterDelegate: THREAD_RESUMED: thread (33, main, main)
21:39:34.465 INFO: JdwpEventCenterDelegate: THREAD_RESUMED: thread (33, main, main)
21:39:34.481 INFO: JdwpEventCenterDelegate: THREAD_RESUMED: thread (33, main, main)
21:39:34.497 INFO: JdwpEventCenterDelegate: THREAD_RESUMED: thread (33, main, main)
21:39:34.510 INFO: JdwpEventCenterDelegate: THREAD_RESUMED: thread (33, main, main)
21:39:34.610 INFO: JdwpDebugServer: handling req: ThreadReference(11).Status(4)
21:39:34.611 INFO: JdwpDebugServer: handling req: ThreadReference(11).FramesCount(7)
21:39:34.611 INFO: JdwpDebugServer: handling req: ThreadReference(11).Frames(6)
21:39:34.613 INFO: JdwpDebugServer: handling req: ThreadReference(11).Name(1)
21:39:34.613 INFO: JdwpDebugServer: handling req: ThreadReference(11).ThreadGroup(5)
21:39:34.613 INFO: JdwpDebugServer: handling req: ThreadGroup(12).Name(1)
21:39:34.622 INFO: JdwpDebugServer: handling req: ObjectReference(9).IsCollected(9)
21:39:34.622 INFO: JdwpDebugServer: handling req: StackFrame(16).ThisObject(3)
21:39:34.624 INFO: JdwpDebugServer: handling req: ObjectReference(9).ReferenceType(1)
21:39:34.625 INFO: JdwpDebugServer: handling req: Method(6).VariableTableWithGenerics(5)
21:39:34.625 INFO: JdwpDebugServer: handling req: ReferenceType(2).Interfaces(10)
21:39:34.626 INFO: JdwpDebugServer: handling req: ReferenceType(2).Interfaces(10)
21:39:34.626 INFO: JdwpDebugServer: handling req: ReferenceType(2).Interfaces(10)
21:39:34.627 INFO: JdwpDebugServer: handling req: ReferenceType(2).Interfaces(10)
21:39:34.627 INFO: JdwpDebugServer: handling req: ReferenceType(2).Interfaces(10)
21:39:34.627 INFO: JdwpDebugServer: handling req: ReferenceType(2).Interfaces(10)
21:39:34.628 INFO: JdwpDebugServer: handling req: ReferenceType(2).Interfaces(10)
21:39:34.628 INFO: JdwpDebugServer: handling req: ClassType(3).Superclass(1)
21:39:34.629 INFO: JdwpDebugServer: handling req: ReferenceType(2).Interfaces(10)
21:39:34.629 INFO: JdwpDebugServer: handling req: ClassType(3).Superclass(1)
21:39:34.629 INFO: JdwpDebugServer: handling req: ReferenceType(2).Interfaces(10)
21:39:34.629 INFO: JdwpDebugServer: handling req: ClassType(3).Superclass(1)
21:39:34.630 INFO: JdwpDebugServer: handling req: ReferenceType(2).Interfaces(10)
21:39:34.630 INFO: JdwpDebugServer: handling req: ClassType(3).Superclass(1)
21:39:34.634 INFO: JdwpDebugServer: handling req: ReferenceType(2).MethodsWithGeneric(15)
21:39:34.637 INFO: JdwpDebugServer: handling req: ClassType(3).Superclass(1)
21:39:34.637 INFO: JdwpDebugServer: handling req: Method(6).LineTable(1)
21:39:34.639 INFO: JdwpDebugServer: handling req: ReferenceType(2).SourceFile(7)
21:39:34.663 INFO: JdwpDebugServer: handling req: ReferenceType(2).Interfaces(10)
21:39:34.663 INFO: JdwpDebugServer: handling req: ReferenceType(2).MethodsWithGeneric(15)
21:39:34.664 INFO: JdwpDebugServer: handling req: Method(6).LineTable(1)
21:39:34.664 INFO: JdwpDebugServer: handling req: ReferenceType(2).MethodsWithGeneric(15)
21:39:34.665 INFO: JdwpDebugServer: handling req: ClassType(3).Superclass(1)
21:39:34.665 INFO: JdwpDebugServer: handling req: ClassType(3).Superclass(1)
21:39:34.665 INFO: JdwpDebugServer: handling req: Method(6).LineTable(1)
21:39:34.665 INFO: JdwpDebugServer: handling req: ReferenceType(2).SourceFile(7)
21:39:34.670 INFO: JdwpDebugServer: handling req: ReferenceType(2).MethodsWithGeneric(15)
21:39:34.670 INFO: JdwpDebugServer: handling req: ClassType(3).Superclass(1)
21:39:34.671 INFO: JdwpDebugServer: handling req: Method(6).LineTable(1)
21:39:34.671 INFO: JdwpDebugServer: handling req: ReferenceType(2).SourceFile(7)
21:39:34.681 INFO: JdwpDebugServer: handling req: ReferenceType(2).MethodsWithGeneric(15)
21:39:34.681 INFO: JdwpDebugServer: handling req: ClassType(3).Superclass(1)
21:39:34.682 INFO: JdwpDebugServer: handling req: Method(6).LineTable(1)
21:39:34.682 INFO: JdwpDebugServer: handling req: ReferenceType(2).SourceFile(7)
21:39:34.684 INFO: JdwpDebugServer: handling req: ReferenceType(2).MethodsWithGeneric(15)
21:39:34.684 INFO: JdwpDebugServer: handling req: ClassType(3).Superclass(1)
21:39:34.684 INFO: JdwpDebugServer: handling req: Method(6).LineTable(1)
21:39:34.684 INFO: JdwpDebugServer: handling req: ReferenceType(2).SourceFile(7)
21:39:34.688 INFO: JdwpDebugServer: handling req: Method(6).LineTable(1)
21:39:34.688 INFO: JdwpDebugServer: handling req: ReferenceType(2).MethodsWithGeneric(15)
21:39:34.688 INFO: JdwpDebugServer: handling req: ClassType(3).Superclass(1)
21:39:34.688 INFO: JdwpDebugServer: handling req: Method(6).LineTable(1)
21:39:34.688 INFO: JdwpDebugServer: handling req: ReferenceType(2).SourceFile(7)
21:39:34.693 INFO: JdwpDebugServer: handling req: ReferenceType(2).MethodsWithGeneric(15)
21:39:34.693 INFO: JdwpDebugServer: handling req: ClassType(3).Superclass(1)
21:39:34.693 INFO: JdwpDebugServer: handling req: Method(6).LineTable(1)
21:39:34.693 INFO: JdwpDebugServer: handling req: ReferenceType(2).SourceFile(7)
21:39:34.697 INFO: JdwpDebugServer: handling req: ReferenceType(2).MethodsWithGeneric(15)
21:39:34.697 INFO: JdwpDebugServer: handling req: ReferenceType(2).MethodsWithGeneric(15)
21:39:34.697 INFO: JdwpDebugServer: handling req: ReferenceType(2).MethodsWithGeneric(15)
21:39:34.697 INFO: JdwpDebugServer: handling req: ReferenceType(2).MethodsWithGeneric(15)
21:39:34.697 INFO: JdwpDebugServer: handling req: ReferenceType(2).MethodsWithGeneric(15)
21:39:34.697 INFO: JdwpDebugServer: handling req: ReferenceType(2).MethodsWithGeneric(15)
21:39:34.697 INFO: JdwpDebugServer: handling req: ReferenceType(2).MethodsWithGeneric(15)
21:39:34.698 INFO: JdwpDebugServer: handling req: ReferenceType(2).MethodsWithGeneric(15)
21:39:34.698 INFO: JdwpDebugServer: handling req: ReferenceType(2).MethodsWithGeneric(15)
21:39:34.698 INFO: JdwpDebugServer: handling req: ReferenceType(2).MethodsWithGeneric(15)
21:39:34.698 INFO: JdwpDebugServer: handling req: StackFrame(16).GetValues(1)
21:39:34.701 INFO: JdwpDebugServer: handling req: ReferenceType(2).MethodsWithGeneric(15)
21:39:34.704 INFO: JdwpDebugServer: handling req: ClassType(3).Superclass(1)
21:39:34.704 INFO: JdwpDebugServer: handling req: Method(6).LineTable(1)
21:39:34.705 INFO: JdwpDebugServer: handling req: ReferenceType(2).SourceFile(7)
21:39:34.712 INFO: JdwpDebugServer: handling req: ReferenceType(2).MethodsWithGeneric(15)
21:39:34.715 INFO: JdwpDebugServer: handling req: ClassType(3).Superclass(1)
21:39:34.715 INFO: JdwpDebugServer: handling req: Method(6).LineTable(1)
21:39:34.717 INFO: JdwpDebugServer: handling req: ReferenceType(2).SourceFile(7)
21:39:34.722 INFO: JdwpDebugServer: handling req: ReferenceType(2).MethodsWithGeneric(15)
21:39:34.722 INFO: JdwpDebugServer: handling req: ClassType(3).Superclass(1)
21:39:34.722 INFO: JdwpDebugServer: handling req: Method(6).LineTable(1)
21:39:34.724 INFO: JdwpDebugServer: handling req: ReferenceType(2).SourceFile(7)
21:39:34.725 INFO: JdwpDebugServer: handling req: ReferenceType(2).MethodsWithGeneric(15)
21:39:34.725 INFO: JdwpDebugServer: handling req: ClassType(3).Superclass(1)
21:39:34.725 INFO: JdwpDebugServer: handling req: ReferenceType(2).SourceFile(7)
21:39:34.726 INFO: JdwpDebugServer: handling req: ReferenceType(2).FieldsWithGeneric(14)
21:39:34.726 INFO: JdwpDebugServer: handling req: ObjectReference(9).InvokeMethod(6)
21:39:34.728 INFO: JdwpDebugServer: handling req: ReferenceType(2).FieldsWithGeneric(14)
21:39:34.728 INFO: JdwpDebugServer: handling req: ReferenceType(2).FieldsWithGeneric(14)
21:39:34.728 INFO: JdwpDebugServer: handling req: ReferenceType(2).FieldsWithGeneric(14)
21:39:34.728 INFO: JdwpDebugServer: handling req: ReferenceType(2).FieldsWithGeneric(14)
21:39:34.728 INFO: JdwpDebugServer: handling req: StringReference(10).Value(1)
21:39:34.732 INFO: JdwpDebugServer: handling req: ReferenceType(2).FieldsWithGeneric(14)
21:39:34.732 INFO: JdwpDebugServer: handling req: ReferenceType(2).FieldsWithGeneric(14)
21:39:34.732 INFO: JdwpDebugServer: handling req: ReferenceType(2).FieldsWithGeneric(14)
21:39:34.732 INFO: JdwpDebugServer: handling req: ReferenceType(2).FieldsWithGeneric(14)
21:39:34.733 INFO: JdwpDebugServer: handling req: ReferenceType(2).FieldsWithGeneric(14)
21:39:34.733 INFO: JdwpDebugServer: handling req: ThreadReference(11).FramesCount(7)
21:39:34.733 INFO: JdwpDebugServer: handling req: ThreadReference(11).Frames(6)
21:39:34.733 INFO: JdwpDebugServer: handling req: ObjectReference(9).GetValues(2)
21:39:34.775 INFO: JdwpDebugServer: handling req: ObjectReference(9).ReferenceType(1)
21:39:34.775 INFO: JdwpDebugServer: handling req: ObjectReference(9).ReferenceType(1)
21:39:34.775 INFO: JdwpDebugServer: handling req: ObjectReference(9).ReferenceType(1)
21:39:34.775 INFO: JdwpDebugServer: handling req: ObjectReference(9).ReferenceType(1)
21:39:34.775 INFO: JdwpDebugServer: handling req: ObjectReference(9).ReferenceType(1)
21:39:34.775 INFO: JdwpDebugServer: handling req: ObjectReference(9).ReferenceType(1)
21:39:34.775 INFO: JdwpDebugServer: handling req: ObjectReference(9).ReferenceType(1)
21:39:34.775 INFO: JdwpDebugServer: handling req: ObjectReference(9).ReferenceType(1)
21:39:34.775 INFO: JdwpDebugServer: handling req: ObjectReference(9).ReferenceType(1)
21:39:34.775 INFO: JdwpDebugServer: handling req: ObjectReference(9).ReferenceType(1)
21:39:34.775 INFO: JdwpDebugServer: handling req: ObjectReference(9).ReferenceType(1)
21:39:34.776 INFO: JdwpDebugServer: handling req: ClassType(3).Superclass(1)
21:39:34.777 INFO: JdwpDebugServer: handling req: ReferenceType(2).Interfaces(10)
21:39:34.777 INFO: JdwpDebugServer: handling req: ClassType(3).Superclass(1)
21:39:34.777 INFO: JdwpDebugServer: handling req: ReferenceType(2).Interfaces(10)
21:39:34.777 INFO: JdwpDebugServer: handling req: ClassType(3).Superclass(1)
21:39:34.777 INFO: JdwpDebugServer: handling req: ReferenceType(2).Interfaces(10)
21:39:34.777 INFO: JdwpDebugServer: handling req: ClassType(3).Superclass(1)
21:39:34.777 INFO: JdwpDebugServer: handling req: ReferenceType(2).Interfaces(10)
21:39:34.777 INFO: JdwpDebugServer: handling req: ClassType(3).Superclass(1)
21:39:34.777 INFO: JdwpDebugServer: handling req: ReferenceType(2).Interfaces(10)
21:39:34.777 INFO: JdwpDebugServer: handling req: ClassType(3).Superclass(1)
21:39:34.777 INFO: JdwpDebugServer: handling req: ReferenceType(2).Interfaces(10)
21:39:34.777 INFO: JdwpDebugServer: handling req: ClassType(3).Superclass(1)
21:39:34.777 INFO: JdwpDebugServer: handling req: ReferenceType(2).Interfaces(10)
21:39:34.777 INFO: JdwpDebugServer: handling req: ClassType(3).Superclass(1)
21:39:34.777 INFO: JdwpDebugServer: handling req: ReferenceType(2).Interfaces(10)
21:39:34.777 INFO: JdwpDebugServer: handling req: ClassType(3).Superclass(1)
21:39:34.777 INFO: JdwpDebugServer: handling req: ReferenceType(2).MethodsWithGeneric(15)
21:39:34.777 INFO: JdwpDebugServer: handling req: ClassType(3).Superclass(1)
21:39:34.777 INFO: JdwpDebugServer: handling req: ReferenceType(2).Interfaces(10)
21:39:34.777 INFO: JdwpDebugServer: handling req: ClassType(3).Superclass(1)
21:39:34.777 INFO: JdwpDebugServer: handling req: ReferenceType(2).Interfaces(10)
21:39:34.777 INFO: JdwpDebugServer: handling req: ClassType(3).Superclass(1)
21:39:34.777 INFO: JdwpDebugServer: handling req: ReferenceType(2).Interfaces(10)
21:39:34.777 INFO: JdwpDebugServer: handling req: ClassType(3).Superclass(1)
21:39:34.777 INFO: JdwpDebugServer: handling req: ReferenceType(2).Interfaces(10)
21:39:34.777 INFO: JdwpDebugServer: handling req: ClassType(3).Superclass(1)
21:39:34.777 INFO: JdwpDebugServer: handling req: ReferenceType(2).Interfaces(10)
21:39:34.777 INFO: JdwpDebugServer: handling req: ClassType(3).Superclass(1)
21:39:34.777 INFO: JdwpDebugServer: handling req: ReferenceType(2).Interfaces(10)
21:39:34.777 INFO: JdwpDebugServer: handling req: ClassType(3).Superclass(1)
21:39:34.777 INFO: JdwpDebugServer: handling req: ReferenceType(2).Interfaces(10)
21:39:34.777 INFO: JdwpDebugServer: handling req: ClassType(3).Superclass(1)
21:39:34.777 INFO: JdwpDebugServer: handling req: ReferenceType(2).Interfaces(10)
21:39:34.777 INFO: JdwpDebugServer: handling req: ClassType(3).Superclass(1)
21:39:34.777 INFO: JdwpDebugServer: handling req: ReferenceType(2).Interfaces(10)
21:39:34.777 INFO: JdwpDebugServer: handling req: ReferenceType(2).Interfaces(10)
21:39:34.777 INFO: JdwpDebugServer: handling req: ReferenceType(2).Interfaces(10)
21:39:34.777 INFO: JdwpDebugServer: handling req: ReferenceType(2).Interfaces(10)
21:39:34.777 INFO: JdwpDebugServer: handling req: ReferenceType(2).Interfaces(10)
21:39:34.777 INFO: JdwpDebugServer: handling req: ReferenceType(2).Interfaces(10)
21:39:34.777 INFO: JdwpDebugServer: handling req: ReferenceType(2).Interfaces(10)
21:39:34.777 INFO: JdwpDebugServer: handling req: ReferenceType(2).Interfaces(10)
21:39:34.777 INFO: JdwpDebugServer: handling req: ReferenceType(2).Interfaces(10)
21:39:34.777 INFO: JdwpDebugServer: handling req: ReferenceType(2).Interfaces(10)
21:39:34.777 INFO: JdwpDebugServer: handling req: ReferenceType(2).Interfaces(10)
21:39:34.778 INFO: JdwpDebugServer: handling req: ReferenceType(2).Interfaces(10)
21:39:34.778 INFO: JdwpDebugServer: handling req: ReferenceType(2).Interfaces(10)
21:39:34.778 INFO: JdwpDebugServer: handling req: ReferenceType(2).Interfaces(10)
21:39:34.778 INFO: JdwpDebugServer: handling req: ReferenceType(2).Interfaces(10)
21:39:34.778 INFO: JdwpDebugServer: handling req: ReferenceType(2).Interfaces(10)
21:39:34.778 INFO: JdwpDebugServer: handling req: ReferenceType(2).Interfaces(10)
21:39:34.778 INFO: JdwpDebugServer: handling req: ReferenceType(2).MethodsWithGeneric(15)
21:39:34.778 INFO: JdwpDebugServer: handling req: ClassType(3).Superclass(1)
21:39:34.778 INFO: JdwpDebugServer: handling req: ReferenceType(2).Interfaces(10)
21:39:34.778 INFO: JdwpDebugServer: handling req: ClassType(3).Superclass(1)
21:39:34.778 INFO: JdwpDebugServer: handling req: ReferenceType(2).Interfaces(10)
21:39:34.778 INFO: JdwpDebugServer: handling req: ClassType(3).Superclass(1)
21:39:34.778 INFO: JdwpDebugServer: handling req: ReferenceType(2).Interfaces(10)
21:39:34.778 INFO: JdwpDebugServer: handling req: ClassType(3).Superclass(1)
21:39:34.778 INFO: JdwpDebugServer: handling req: ReferenceType(2).Interfaces(10)
21:39:34.778 INFO: JdwpDebugServer: handling req: ClassType(3).Superclass(1)
21:39:34.778 INFO: JdwpDebugServer: handling req: ReferenceType(2).Interfaces(10)
21:39:34.778 INFO: JdwpDebugServer: handling req: ClassType(3).Superclass(1)
21:39:34.778 INFO: JdwpDebugServer: handling req: ReferenceType(2).Interfaces(10)
21:39:34.778 INFO: JdwpDebugServer: handling req: ClassType(3).Superclass(1)
21:39:34.778 INFO: JdwpDebugServer: handling req: ReferenceType(2).Interfaces(10)
21:39:34.778 INFO: JdwpDebugServer: handling req: ClassType(3).Superclass(1)
21:39:34.778 INFO: JdwpDebugServer: handling req: ReferenceType(2).Interfaces(10)
21:39:34.778 INFO: JdwpDebugServer: handling req: ClassType(3).Superclass(1)
21:39:34.778 INFO: JdwpDebugServer: handling req: ReferenceType(2).MethodsWithGeneric(15)
21:39:34.778 INFO: JdwpDebugServer: handling req: ClassType(3).Superclass(1)
21:39:34.778 INFO: JdwpDebugServer: handling req: ReferenceType(2).Interfaces(10)
21:39:34.778 INFO: JdwpDebugServer: handling req: ClassType(3).Superclass(1)
21:39:34.778 INFO: JdwpDebugServer: handling req: ReferenceType(2).Interfaces(10)
21:39:34.778 INFO: JdwpDebugServer: handling req: ClassType(3).Superclass(1)
21:39:34.778 INFO: JdwpDebugServer: handling req: ReferenceType(2).Interfaces(10)
21:39:34.778 INFO: JdwpDebugServer: handling req: ClassType(3).Superclass(1)
21:39:34.778 INFO: JdwpDebugServer: handling req: ReferenceType(2).Interfaces(10)
21:39:34.778 INFO: JdwpDebugServer: handling req: ClassType(3).Superclass(1)
21:39:34.778 INFO: JdwpDebugServer: handling req: ReferenceType(2).Interfaces(10)
21:39:34.778 INFO: JdwpDebugServer: handling req: ClassType(3).Superclass(1)
21:39:34.778 INFO: JdwpDebugServer: handling req: ReferenceType(2).Interfaces(10)
21:39:34.778 INFO: JdwpDebugServer: handling req: ClassType(3).Superclass(1)
21:39:34.778 INFO: JdwpDebugServer: handling req: ReferenceType(2).Interfaces(10)
21:39:34.778 INFO: JdwpDebugServer: handling req: ClassType(3).Superclass(1)
21:39:34.778 INFO: JdwpDebugServer: handling req: ReferenceType(2).Interfaces(10)
21:39:34.778 INFO: JdwpDebugServer: handling req: ClassType(3).Superclass(1)
21:39:34.778 INFO: JdwpDebugServer: handling req: ClassType(3).Superclass(1)
21:39:34.778 INFO: JdwpDebugServer: handling req: ReferenceType(2).Interfaces(10)
21:39:34.778 INFO: JdwpDebugServer: handling req: ReferenceType(2).Interfaces(10)
21:39:34.778 INFO: JdwpDebugServer: handling req: ClassType(3).Superclass(1)
21:39:34.778 INFO: JdwpDebugServer: handling req: ReferenceType(2).Interfaces(10)
21:39:34.778 INFO: JdwpDebugServer: handling req: ReferenceType(2).Interfaces(10)
21:39:34.778 INFO: JdwpDebugServer: handling req: ClassType(3).Superclass(1)
21:39:34.778 INFO: JdwpDebugServer: handling req: ReferenceType(2).Interfaces(10)
21:39:34.778 INFO: JdwpDebugServer: handling req: ReferenceType(2).Interfaces(10)
21:39:34.778 INFO: JdwpDebugServer: handling req: ClassType(3).Superclass(1)
21:39:34.778 INFO: JdwpDebugServer: handling req: ReferenceType(2).Interfaces(10)
21:39:34.778 INFO: JdwpDebugServer: handling req: ReferenceType(2).Interfaces(10)
21:39:34.778 INFO: JdwpDebugServer: handling req: ClassType(3).Superclass(1)
21:39:34.778 INFO: JdwpDebugServer: handling req: ReferenceType(2).Interfaces(10)
21:39:34.778 INFO: JdwpDebugServer: handling req: ReferenceType(2).Interfaces(10)
21:39:34.778 INFO: JdwpDebugServer: handling req: ClassType(3).Superclass(1)
21:39:34.778 INFO: JdwpDebugServer: handling req: ReferenceType(2).Interfaces(10)
21:39:34.778 INFO: JdwpDebugServer: handling req: ReferenceType(2).Interfaces(10)
21:39:34.778 INFO: JdwpDebugServer: handling req: ClassType(3).Superclass(1)
21:39:34.778 INFO: JdwpDebugServer: handling req: ReferenceType(2).Interfaces(10)
21:39:34.778 INFO: JdwpDebugServer: handling req: ReferenceType(2).Interfaces(10)
21:39:34.778 INFO: JdwpDebugServer: handling req: ClassType(3).Superclass(1)
21:39:34.778 INFO: JdwpDebugServer: handling req: ReferenceType(2).Interfaces(10)
21:39:34.779 INFO: JdwpDebugServer: handling req: ReferenceType(2).Interfaces(10)
21:39:34.779 INFO: JdwpDebugServer: handling req: ClassType(3).Superclass(1)
21:39:34.779 INFO: JdwpDebugServer: handling req: ClassType(3).Superclass(1)
21:39:34.779 INFO: JdwpDebugServer: handling req: ReferenceType(2).Interfaces(10)
21:39:34.779 INFO: JdwpDebugServer: handling req: ReferenceType(2).Interfaces(10)
21:39:34.779 INFO: JdwpDebugServer: handling req: ClassType(3).Superclass(1)
21:39:34.779 INFO: JdwpDebugServer: handling req: ReferenceType(2).Interfaces(10)
21:39:34.779 INFO: JdwpDebugServer: handling req: ReferenceType(2).Interfaces(10)
21:39:34.779 INFO: JdwpDebugServer: handling req: ClassType(3).Superclass(1)
21:39:34.779 INFO: JdwpDebugServer: handling req: ReferenceType(2).Interfaces(10)
21:39:34.779 INFO: JdwpDebugServer: handling req: ReferenceType(2).Interfaces(10)
21:39:34.779 INFO: JdwpDebugServer: handling req: ClassType(3).Superclass(1)
21:39:34.779 INFO: JdwpDebugServer: handling req: ReferenceType(2).Interfaces(10)
21:39:34.779 INFO: JdwpDebugServer: handling req: ReferenceType(2).Interfaces(10)
21:39:34.779 INFO: JdwpDebugServer: handling req: ClassType(3).Superclass(1)
21:39:34.779 INFO: JdwpDebugServer: handling req: ReferenceType(2).Interfaces(10)
21:39:34.779 INFO: JdwpDebugServer: handling req: ReferenceType(2).Interfaces(10)
21:39:34.779 INFO: JdwpDebugServer: handling req: ClassType(3).Superclass(1)
21:39:34.779 INFO: JdwpDebugServer: handling req: ReferenceType(2).Interfaces(10)
21:39:34.779 INFO: JdwpDebugServer: handling req: ReferenceType(2).Interfaces(10)
21:39:34.779 INFO: JdwpDebugServer: handling req: ClassType(3).Superclass(1)
21:39:34.779 INFO: JdwpDebugServer: handling req: ReferenceType(2).Interfaces(10)
21:39:34.779 INFO: JdwpDebugServer: handling req: ReferenceType(2).Interfaces(10)
21:39:34.779 INFO: JdwpDebugServer: handling req: ClassType(3).Superclass(1)
21:39:34.779 INFO: JdwpDebugServer: handling req: ReferenceType(2).Interfaces(10)
21:39:34.779 INFO: JdwpDebugServer: handling req: ReferenceType(2).Interfaces(10)
21:39:34.779 INFO: JdwpDebugServer: handling req: ClassType(3).Superclass(1)
21:39:34.779 INFO: JdwpDebugServer: handling req: ReferenceType(2).Interfaces(10)
21:39:34.779 INFO: JdwpDebugServer: handling req: ReferenceType(2).Interfaces(10)
21:39:34.779 INFO: JdwpDebugServer: handling req: ReferenceType(2).Interfaces(10)
21:39:34.779 INFO: JdwpDebugServer: handling req: ClassType(3).Superclass(1)
21:39:34.779 INFO: JdwpDebugServer: handling req: ReferenceType(2).Interfaces(10)
21:39:34.779 INFO: JdwpDebugServer: handling req: ReferenceType(2).Interfaces(10)
21:39:34.779 INFO: JdwpDebugServer: handling req: ReferenceType(2).Interfaces(10)
21:39:34.779 INFO: JdwpDebugServer: handling req: ClassType(3).Superclass(1)
21:39:34.779 INFO: JdwpDebugServer: handling req: ClassType(3).Superclass(1)
21:39:34.779 INFO: JdwpDebugServer: handling req: ReferenceType(2).Interfaces(10)
21:39:34.779 INFO: JdwpDebugServer: handling req: ReferenceType(2).Interfaces(10)
21:39:34.779 INFO: JdwpDebugServer: handling req: ReferenceType(2).Interfaces(10)
21:39:34.779 INFO: JdwpDebugServer: handling req: ClassType(3).Superclass(1)
21:39:34.779 INFO: JdwpDebugServer: handling req: ReferenceType(2).Interfaces(10)
21:39:34.779 INFO: JdwpDebugServer: handling req: ReferenceType(2).Interfaces(10)
21:39:34.779 INFO: JdwpDebugServer: handling req: ReferenceType(2).Interfaces(10)
21:39:34.779 INFO: JdwpDebugServer: handling req: ClassType(3).Superclass(1)
21:39:34.779 INFO: JdwpDebugServer: handling req: ReferenceType(2).Interfaces(10)
21:39:34.779 INFO: JdwpDebugServer: handling req: ClassType(3).Superclass(1)
21:39:34.779 INFO: JdwpDebugServer: handling req: ReferenceType(2).Interfaces(10)
21:39:34.779 INFO: JdwpDebugServer: handling req: ReferenceType(2).Interfaces(10)
21:39:34.779 INFO: JdwpDebugServer: handling req: ClassType(3).Superclass(1)
21:39:34.779 INFO: JdwpDebugServer: handling req: ReferenceType(2).Interfaces(10)
21:39:34.779 INFO: JdwpDebugServer: handling req: ReferenceType(2).Interfaces(10)
21:39:34.779 INFO: JdwpDebugServer: handling req: ReferenceType(2).Interfaces(10)
21:39:34.779 INFO: JdwpDebugServer: handling req: ClassType(3).Superclass(1)
21:39:34.779 INFO: JdwpDebugServer: handling req: ReferenceType(2).Interfaces(10)
21:39:34.779 INFO: JdwpDebugServer: handling req: ReferenceType(2).Interfaces(10)
21:39:34.779 INFO: JdwpDebugServer: handling req: ReferenceType(2).Interfaces(10)
21:39:34.779 INFO: JdwpDebugServer: handling req: ClassType(3).Superclass(1)
21:39:34.779 INFO: JdwpDebugServer: handling req: ReferenceType(2).Interfaces(10)
21:39:34.779 INFO: JdwpDebugServer: handling req: ReferenceType(2).Interfaces(10)
21:39:34.779 INFO: JdwpDebugServer: handling req: ReferenceType(2).Interfaces(10)
21:39:34.779 INFO: JdwpDebugServer: handling req: ReferenceType(2).Interfaces(10)
21:39:34.779 INFO: JdwpDebugServer: handling req: ReferenceType(2).Interfaces(10)
21:39:34.779 INFO: JdwpDebugServer: handling req: ReferenceType(2).Interfaces(10)
21:39:34.779 INFO: JdwpDebugServer: handling req: ReferenceType(2).Interfaces(10)
21:39:34.779 INFO: JdwpDebugServer: handling req: ReferenceType(2).Interfaces(10)
21:39:34.779 INFO: JdwpDebugServer: handling req: ReferenceType(2).Interfaces(10)
21:39:34.779 INFO: JdwpDebugServer: handling req: ReferenceType(2).Interfaces(10)
21:39:34.779 INFO: JdwpDebugServer: handling req: ReferenceType(2).Interfaces(10)
21:39:34.779 INFO: JdwpDebugServer: handling req: ReferenceType(2).Interfaces(10)
21:39:34.779 INFO: JdwpDebugServer: handling req: ReferenceType(2).Interfaces(10)
21:39:34.779 INFO: JdwpDebugServer: handling req: ReferenceType(2).Interfaces(10)
21:39:34.779 INFO: JdwpDebugServer: handling req: ReferenceType(2).Interfaces(10)
21:39:34.779 INFO: JdwpDebugServer: handling req: ReferenceType(2).Interfaces(10)
21:39:34.779 INFO: JdwpDebugServer: handling req: ReferenceType(2).Interfaces(10)
21:39:34.779 INFO: JdwpDebugServer: handling req: ReferenceType(2).Interfaces(10)
21:39:34.779 INFO: JdwpDebugServer: handling req: ReferenceType(2).Interfaces(10)
21:39:34.779 INFO: JdwpDebugServer: handling req: ReferenceType(2).Interfaces(10)
21:39:34.779 INFO: JdwpDebugServer: handling req: ReferenceType(2).Interfaces(10)
21:39:34.779 INFO: JdwpDebugServer: handling req: ReferenceType(2).Interfaces(10)
21:39:34.779 INFO: JdwpDebugServer: handling req: ReferenceType(2).Interfaces(10)
21:39:34.779 INFO: JdwpDebugServer: handling req: ReferenceType(2).Interfaces(10)
21:39:34.779 INFO: JdwpDebugServer: handling req: ReferenceType(2).Interfaces(10)
21:39:34.779 INFO: JdwpDebugServer: handling req: ReferenceType(2).Interfaces(10)
21:39:34.779 INFO: JdwpDebugServer: handling req: ReferenceType(2).Interfaces(10)
21:39:34.779 INFO: JdwpDebugServer: handling req: ReferenceType(2).Interfaces(10)
21:39:34.779 INFO: JdwpDebugServer: handling req: ReferenceType(2).Interfaces(10)
21:39:34.780 INFO: JdwpDebugServer: handling req: ReferenceType(2).Interfaces(10)
21:39:34.780 INFO: JdwpDebugServer: handling req: ReferenceType(2).Interfaces(10)
21:39:34.780 INFO: JdwpDebugServer: handling req: ReferenceType(2).Interfaces(10)
21:39:34.780 INFO: JdwpDebugServer: handling req: ReferenceType(2).Interfaces(10)
21:39:34.780 INFO: JdwpDebugServer: handling req: ReferenceType(2).Interfaces(10)
21:39:34.780 INFO: JdwpDebugServer: handling req: ReferenceType(2).Interfaces(10)
21:39:34.780 INFO: JdwpDebugServer: handling req: ReferenceType(2).Interfaces(10)
21:39:34.780 INFO: JdwpDebugServer: handling req: ReferenceType(2).Interfaces(10)
21:39:34.780 INFO: JdwpDebugServer: handling req: ReferenceType(2).Interfaces(10)
21:39:34.780 INFO: JdwpDebugServer: handling req: ReferenceType(2).Interfaces(10)
21:39:34.780 INFO: JdwpDebugServer: handling req: ReferenceType(2).Interfaces(10)
21:39:34.780 INFO: JdwpDebugServer: handling req: ReferenceType(2).Interfaces(10)
21:39:34.780 INFO: JdwpDebugServer: handling req: ReferenceType(2).Interfaces(10)
21:39:34.780 INFO: JdwpDebugServer: handling req: ReferenceType(2).Interfaces(10)
21:39:34.780 INFO: JdwpDebugServer: handling req: ReferenceType(2).Interfaces(10)
21:39:34.780 INFO: JdwpDebugServer: handling req: ReferenceType(2).Interfaces(10)
21:39:34.780 INFO: JdwpDebugServer: handling req: ReferenceType(2).MethodsWithGeneric(15)
21:39:34.780 INFO: JdwpDebugServer: handling req: ReferenceType(2).MethodsWithGeneric(15)
21:39:34.780 INFO: JdwpDebugServer: handling req: ReferenceType(2).MethodsWithGeneric(15)
21:39:34.780 INFO: JdwpDebugServer: handling req: ReferenceType(2).MethodsWithGeneric(15)
21:39:34.780 INFO: JdwpDebugServer: handling req: ReferenceType(2).MethodsWithGeneric(15)
21:39:34.780 INFO: JdwpDebugServer: handling req: ReferenceType(2).MethodsWithGeneric(15)
21:39:34.780 INFO: JdwpDebugServer: handling req: ReferenceType(2).MethodsWithGeneric(15)
21:39:34.780 INFO: JdwpDebugServer: handling req: ReferenceType(2).MethodsWithGeneric(15)
21:39:34.780 INFO: JdwpDebugServer: handling req: ReferenceType(2).MethodsWithGeneric(15)
21:39:34.780 INFO: JdwpDebugServer: handling req: ReferenceType(2).MethodsWithGeneric(15)
21:39:34.780 INFO: JdwpDebugServer: handling req: ReferenceType(2).MethodsWithGeneric(15)
21:39:34.780 INFO: JdwpDebugServer: handling req: ReferenceType(2).MethodsWithGeneric(15)
21:39:34.780 INFO: JdwpDebugServer: handling req: ReferenceType(2).MethodsWithGeneric(15)
21:39:34.780 INFO: JdwpDebugServer: handling req: ReferenceType(2).MethodsWithGeneric(15)
21:39:34.780 INFO: JdwpDebugServer: handling req: ReferenceType(2).MethodsWithGeneric(15)
21:39:34.780 INFO: JdwpDebugServer: handling req: ClassType(3).Superclass(1)
21:39:34.780 INFO: JdwpDebugServer: handling req: ReferenceType(2).Interfaces(10)
21:39:34.780 INFO: JdwpDebugServer: handling req: ClassType(3).Superclass(1)
21:39:34.780 INFO: JdwpDebugServer: handling req: ReferenceType(2).Interfaces(10)
21:39:34.780 INFO: JdwpDebugServer: handling req: ClassType(3).Superclass(1)
21:39:34.780 INFO: JdwpDebugServer: handling req: ReferenceType(2).Interfaces(10)
21:39:34.780 INFO: JdwpDebugServer: handling req: ClassType(3).Superclass(1)
21:39:34.780 INFO: JdwpDebugServer: handling req: ReferenceType(2).Interfaces(10)
21:39:34.780 INFO: JdwpDebugServer: handling req: ClassType(3).Superclass(1)
21:39:34.780 INFO: JdwpDebugServer: handling req: ReferenceType(2).Interfaces(10)
21:39:34.780 INFO: JdwpDebugServer: handling req: ClassType(3).Superclass(1)
21:39:34.780 INFO: JdwpDebugServer: handling req: ReferenceType(2).Interfaces(10)
21:39:34.780 INFO: JdwpDebugServer: handling req: ClassType(3).Superclass(1)
21:39:34.780 INFO: JdwpDebugServer: handling req: ReferenceType(2).Interfaces(10)
21:39:34.780 INFO: JdwpDebugServer: handling req: ClassType(3).Superclass(1)
21:39:34.780 INFO: JdwpDebugServer: handling req: ReferenceType(2).Interfaces(10)
21:39:34.780 INFO: JdwpDebugServer: handling req: ClassType(3).Superclass(1)
21:39:34.780 INFO: JdwpDebugServer: handling req: ReferenceType(2).MethodsWithGeneric(15)
21:39:34.780 INFO: JdwpDebugServer: handling req: ClassType(3).Superclass(1)
21:39:34.780 INFO: JdwpDebugServer: handling req: ReferenceType(2).Interfaces(10)
21:39:34.780 INFO: JdwpDebugServer: handling req: ClassType(3).Superclass(1)
21:39:34.780 INFO: JdwpDebugServer: handling req: ReferenceType(2).Interfaces(10)
21:39:34.780 INFO: JdwpDebugServer: handling req: ClassType(3).Superclass(1)
21:39:34.780 INFO: JdwpDebugServer: handling req: ReferenceType(2).Interfaces(10)
21:39:34.780 INFO: JdwpDebugServer: handling req: ClassType(3).Superclass(1)
21:39:34.780 INFO: JdwpDebugServer: handling req: ReferenceType(2).Interfaces(10)
21:39:34.780 INFO: JdwpDebugServer: handling req: ClassType(3).Superclass(1)
21:39:34.780 INFO: JdwpDebugServer: handling req: ReferenceType(2).Interfaces(10)
21:39:34.780 INFO: JdwpDebugServer: handling req: ClassType(3).Superclass(1)
21:39:34.780 INFO: JdwpDebugServer: handling req: ReferenceType(2).Interfaces(10)
21:39:34.780 INFO: JdwpDebugServer: handling req: ClassType(3).Superclass(1)
21:39:34.780 INFO: JdwpDebugServer: handling req: ReferenceType(2).Interfaces(10)
21:39:34.780 INFO: JdwpDebugServer: handling req: ClassType(3).Superclass(1)
21:39:34.780 INFO: JdwpDebugServer: handling req: ReferenceType(2).Interfaces(10)
21:39:34.780 INFO: JdwpDebugServer: handling req: ClassType(3).Superclass(1)
21:39:34.781 INFO: JdwpDebugServer: handling req: ReferenceType(2).MethodsWithGeneric(15)
21:39:34.781 INFO: JdwpDebugServer: handling req: ClassType(3).Superclass(1)
21:39:34.781 INFO: JdwpDebugServer: handling req: ReferenceType(2).Interfaces(10)
21:39:34.781 INFO: JdwpDebugServer: handling req: ClassType(3).Superclass(1)
21:39:34.781 INFO: JdwpDebugServer: handling req: ReferenceType(2).Interfaces(10)
21:39:34.781 INFO: JdwpDebugServer: handling req: ClassType(3).Superclass(1)
21:39:34.781 INFO: JdwpDebugServer: handling req: ReferenceType(2).Interfaces(10)
21:39:34.781 INFO: JdwpDebugServer: handling req: ClassType(3).Superclass(1)
21:39:34.781 INFO: JdwpDebugServer: handling req: ReferenceType(2).Interfaces(10)
21:39:34.781 INFO: JdwpDebugServer: handling req: ClassType(3).Superclass(1)
21:39:34.781 INFO: JdwpDebugServer: handling req: ReferenceType(2).Interfaces(10)
21:39:34.781 INFO: JdwpDebugServer: handling req: ClassType(3).Superclass(1)
21:39:34.781 INFO: JdwpDebugServer: handling req: ReferenceType(2).Interfaces(10)
21:39:34.781 INFO: JdwpDebugServer: handling req: ClassType(3).Superclass(1)
21:39:34.781 INFO: JdwpDebugServer: handling req: ReferenceType(2).Interfaces(10)
21:39:34.781 INFO: JdwpDebugServer: handling req: ClassType(3).Superclass(1)
21:39:34.781 INFO: JdwpDebugServer: handling req: ReferenceType(2).Interfaces(10)
21:39:34.781 INFO: JdwpDebugServer: handling req: ClassType(3).Superclass(1)
21:39:34.781 INFO: JdwpDebugServer: handling req: ReferenceType(2).MethodsWithGeneric(15)
21:39:34.781 INFO: JdwpDebugServer: handling req: ClassType(3).Superclass(1)
21:39:34.781 INFO: JdwpDebugServer: handling req: ReferenceType(2).Interfaces(10)
21:39:34.781 INFO: JdwpDebugServer: handling req: ClassType(3).Superclass(1)
21:39:34.781 INFO: JdwpDebugServer: handling req: ReferenceType(2).Interfaces(10)
21:39:34.781 INFO: JdwpDebugServer: handling req: ClassType(3).Superclass(1)
21:39:34.781 INFO: JdwpDebugServer: handling req: ReferenceType(2).Interfaces(10)
21:39:34.781 INFO: JdwpDebugServer: handling req: ClassType(3).Superclass(1)
21:39:34.781 INFO: JdwpDebugServer: handling req: ReferenceType(2).Interfaces(10)
21:39:34.781 INFO: JdwpDebugServer: handling req: ClassType(3).Superclass(1)
21:39:34.781 INFO: JdwpDebugServer: handling req: ReferenceType(2).Interfaces(10)
21:39:34.781 INFO: JdwpDebugServer: handling req: ClassType(3).Superclass(1)
21:39:34.781 INFO: JdwpDebugServer: handling req: ReferenceType(2).Interfaces(10)
21:39:34.781 INFO: JdwpDebugServer: handling req: ClassType(3).Superclass(1)
21:39:34.781 INFO: JdwpDebugServer: handling req: ReferenceType(2).Interfaces(10)
21:39:34.781 INFO: JdwpDebugServer: handling req: ClassType(3).Superclass(1)
21:39:34.781 INFO: JdwpDebugServer: handling req: ReferenceType(2).Interfaces(10)
21:39:34.781 INFO: JdwpDebugServer: handling req: ClassType(3).Superclass(1)
21:39:34.782 INFO: JdwpDebugServer: handling req: ReferenceType(2).MethodsWithGeneric(15)
21:39:34.782 INFO: JdwpDebugServer: handling req: ClassType(3).Superclass(1)
21:39:34.782 INFO: JdwpDebugServer: handling req: ReferenceType(2).Interfaces(10)
21:39:34.782 INFO: JdwpDebugServer: handling req: ClassType(3).Superclass(1)
21:39:34.782 INFO: JdwpDebugServer: handling req: ReferenceType(2).Interfaces(10)
21:39:34.782 INFO: JdwpDebugServer: handling req: ClassType(3).Superclass(1)
21:39:34.782 INFO: JdwpDebugServer: handling req: ReferenceType(2).Interfaces(10)
21:39:34.782 INFO: JdwpDebugServer: handling req: ClassType(3).Superclass(1)
21:39:34.782 INFO: JdwpDebugServer: handling req: ReferenceType(2).Interfaces(10)
21:39:34.782 INFO: JdwpDebugServer: handling req: ClassType(3).Superclass(1)
21:39:34.782 INFO: JdwpDebugServer: handling req: ReferenceType(2).Interfaces(10)
21:39:34.782 INFO: JdwpDebugServer: handling req: ClassType(3).Superclass(1)
21:39:34.782 INFO: JdwpDebugServer: handling req: ReferenceType(2).Interfaces(10)
21:39:34.782 INFO: JdwpDebugServer: handling req: ClassType(3).Superclass(1)
21:39:34.782 INFO: JdwpDebugServer: handling req: ReferenceType(2).Interfaces(10)
21:39:34.782 INFO: JdwpDebugServer: handling req: ClassType(3).Superclass(1)
21:39:34.782 INFO: JdwpDebugServer: handling req: ReferenceType(2).Interfaces(10)
21:39:34.782 INFO: JdwpDebugServer: handling req: ClassType(3).Superclass(1)
21:39:34.782 INFO: JdwpDebugServer: handling req: ReferenceType(2).MethodsWithGeneric(15)
21:39:34.782 INFO: JdwpDebugServer: handling req: ReferenceType(2).SignatureWithGeneric(13)
21:39:34.782 INFO: JdwpDebugServer: handling req: ArrayReference(13).Length(1)
21:39:34.782 INFO: JdwpDebugServer: handling req: ArrayReference(13).Length(1)
21:39:34.782 INFO: JdwpDebugServer: handling req: ClassType(3).Superclass(1)
21:39:34.782 INFO: JdwpDebugServer: handling req: ReferenceType(2).Interfaces(10)
21:39:34.782 INFO: JdwpDebugServer: handling req: ClassType(3).Superclass(1)
21:39:34.782 INFO: JdwpDebugServer: handling req: ReferenceType(2).Interfaces(10)
21:39:34.782 INFO: JdwpDebugServer: handling req: ClassType(3).Superclass(1)
21:39:34.782 INFO: JdwpDebugServer: handling req: ReferenceType(2).Interfaces(10)
21:39:34.782 INFO: JdwpDebugServer: handling req: ClassType(3).Superclass(1)
21:39:34.782 INFO: JdwpDebugServer: handling req: ReferenceType(2).Interfaces(10)
21:39:34.782 INFO: JdwpDebugServer: handling req: ClassType(3).Superclass(1)
21:39:34.782 INFO: JdwpDebugServer: handling req: ReferenceType(2).Interfaces(10)
21:39:34.782 INFO: JdwpDebugServer: handling req: ClassType(3).Superclass(1)
21:39:34.782 INFO: JdwpDebugServer: handling req: ReferenceType(2).Interfaces(10)
21:39:34.782 INFO: JdwpDebugServer: handling req: ClassType(3).Superclass(1)
21:39:34.782 INFO: JdwpDebugServer: handling req: ReferenceType(2).Interfaces(10)
21:39:34.782 INFO: JdwpDebugServer: handling req: ClassType(3).Superclass(1)
21:39:34.782 INFO: JdwpDebugServer: handling req: ReferenceType(2).Interfaces(10)
21:39:34.782 INFO: JdwpDebugServer: handling req: ClassType(3).Superclass(1)
21:39:34.782 INFO: JdwpDebugServer: handling req: ClassType(3).Superclass(1)
21:39:34.782 INFO: JdwpDebugServer: handling req: ReferenceType(2).Interfaces(10)
21:39:34.783 INFO: JdwpDebugServer: handling req: ClassType(3).Superclass(1)
21:39:34.783 INFO: JdwpDebugServer: handling req: ReferenceType(2).Interfaces(10)
21:39:34.783 INFO: JdwpDebugServer: handling req: ClassType(3).Superclass(1)
21:39:34.783 INFO: JdwpDebugServer: handling req: ReferenceType(2).Interfaces(10)
21:39:34.783 INFO: JdwpDebugServer: handling req: ClassType(3).Superclass(1)
21:39:34.783 INFO: JdwpDebugServer: handling req: ReferenceType(2).Interfaces(10)
21:39:34.783 INFO: JdwpDebugServer: handling req: ClassType(3).Superclass(1)
21:39:34.783 INFO: JdwpDebugServer: handling req: ReferenceType(2).Interfaces(10)
21:39:34.783 INFO: JdwpDebugServer: handling req: ClassType(3).Superclass(1)
21:39:34.783 INFO: JdwpDebugServer: handling req: ReferenceType(2).Interfaces(10)
21:39:34.783 INFO: JdwpDebugServer: handling req: ClassType(3).Superclass(1)
21:39:34.783 INFO: JdwpDebugServer: handling req: ReferenceType(2).Interfaces(10)
21:39:34.783 INFO: JdwpDebugServer: handling req: ClassType(3).Superclass(1)
21:39:34.783 INFO: JdwpDebugServer: handling req: ReferenceType(2).Interfaces(10)
21:39:34.783 INFO: JdwpDebugServer: handling req: ReferenceType(2).Interfaces(10)
21:39:34.783 INFO: JdwpDebugServer: handling req: ReferenceType(2).Interfaces(10)
21:39:34.783 INFO: JdwpDebugServer: handling req: ReferenceType(2).Interfaces(10)
21:39:34.783 INFO: JdwpDebugServer: handling req: ReferenceType(2).Interfaces(10)
21:39:34.783 INFO: JdwpDebugServer: handling req: ReferenceType(2).Interfaces(10)
21:39:34.783 INFO: JdwpDebugServer: handling req: ReferenceType(2).Interfaces(10)
21:39:34.783 INFO: JdwpDebugServer: handling req: ReferenceType(2).Interfaces(10)
21:39:34.783 INFO: JdwpDebugServer: handling req: ReferenceType(2).Interfaces(10)
21:39:34.783 INFO: JdwpDebugServer: handling req: ReferenceType(2).Interfaces(10)
21:39:34.783 INFO: JdwpDebugServer: handling req: ReferenceType(2).Interfaces(10)
21:39:34.783 INFO: JdwpDebugServer: handling req: ReferenceType(2).MethodsWithGeneric(15)
21:39:34.783 INFO: JdwpDebugServer: handling req: ReferenceType(2).MethodsWithGeneric(15)
21:39:34.783 INFO: JdwpDebugServer: handling req: ReferenceType(2).MethodsWithGeneric(15)
21:39:34.784 INFO: JdwpDebugServer: handling req: ObjectReference(9).InvokeMethod(6)
21:39:34.785 INFO: JdwpDebugServer: handling req: StringReference(10).Value(1)
21:39:34.790 INFO: JdwpDebugServer: handling req: ObjectReference(9).InvokeMethod(6)
21:39:34.791 INFO: JdwpDebugServer: handling req: StringReference(10).Value(1)
21:39:34.796 INFO: JdwpDebugServer: handling req: ObjectReference(9).InvokeMethod(6)
21:39:34.798 INFO: JdwpDebugServer: handling req: StringReference(10).Value(1)
21:39:34.802 INFO: JdwpDebugServer: handling req: ObjectReference(9).InvokeMethod(6)
21:39:34.805 INFO: JdwpDebugServer: handling req: StringReference(10).Value(1)
21:39:34.809 INFO: JdwpDebugServer: handling req: ObjectReference(9).InvokeMethod(6)
21:39:34.811 INFO: JdwpDebugServer: handling req: StringReference(10).Value(1)
21:39:34.817 INFO: JdwpDebugServer: handling req: ObjectReference(9).InvokeMethod(6)
21:39:34.819 INFO: JdwpDebugServer: handling req: StringReference(10).Value(1)
21:39:34.825 INFO: JdwpDebugServer: handling req: ObjectReference(9).InvokeMethod(6)
21:39:34.827 INFO: JdwpDebugServer: handling req: StringReference(10).Value(1)
21:39:34.833 INFO: JdwpDebugServer: handling req: ObjectReference(9).InvokeMethod(6)
21:39:34.835 INFO: JdwpDebugServer: handling req: StringReference(10).Value(1)
21:39:34.842 INFO: JdwpDebugServer: handling req: ObjectReference(9).InvokeMethod(6)
21:39:34.844 INFO: JdwpDebugServer: handling req: StringReference(10).Value(1)
21:39:34.956 INFO: JdwpDebugServer: handling req: Method(6).LineTable(1)
21:39:34.956 INFO: JdwpDebugServer: handling req: ReferenceType(2).SourceFile(7)
21:39:34.962 INFO: JdwpDebugServer: handling req: Method(6).LineTable(1)
21:39:34.963 INFO: JdwpDebugServer: handling req: ReferenceType(2).SourceFile(7)
21:39:34.966 INFO: JdwpDebugServer: handling req: Method(6).LineTable(1)
21:39:34.966 INFO: JdwpDebugServer: handling req: ReferenceType(2).SourceFile(7)
21:39:37.054 INFO: JdwpDebugServer: handling req: EventRequest(15).Clear(2)
21:39:37.066 INFO: JdwpDebugServer: handling req: EventRequest(15).Clear(2)
21:39:37.066 INFO: JdwpDebugServer: handling req: EventRequest(15).Clear(2)
21:39:37.067 INFO: JdwpDebugServer: handling req: EventRequest(15).Clear(2)
21:39:40.318 INFO: JdwpDebugServer: handling req: ThreadReference(11).Resume(3)
21:39:40.320 INFO: JdwpEventCenterDelegate: THREAD_RESUMED: thread (33, main, main)
21:39:40.381 INFO: JdwpEventCenterDelegate: THREAD_STARTED: thread (313, Thread-9, main)
21:44:02.247 INFO: JdwpEventCenterDelegate: THREAD_STARTED: thread (328, Thread-10, main)
21:44:07.247 INFO: JdwpEventCenterDelegate: THREAD_DETTACHED: thread (313, Thread-9, main)
21:49:45.582 INFO: JdwpEventCenterDelegate: THREAD_STARTED: thread (343, Thread-11, main)
21:49:47.794 INFO: JdwpEventCenterDelegate: THREAD_STARTED: thread (358, Thread-12, main)
21:49:52.025 INFO: JdwpEventCenterDelegate: THREAD_STARTED: thread (373, Thread-13, main)
21:49:57.739 INFO: JdwpEventCenterDelegate: THREAD_DETTACHED: thread (358, Thread-12, main)
21:49:57.740 INFO: JdwpEventCenterDelegate: THREAD_DETTACHED: thread (373, Thread-13, main)
21:50:08.129 INFO: JdwpEventCenterDelegate: THREAD_DETTACHED: thread (343, Thread-11, main)
21:52:34.200 INFO: JdwpDebugServer: handling req: VirtualMachine(1).Exit(10)
21:52:34.200 SEVERE: Debugger: Thread JDWP server socket thread crashed
org.robovm.debugger.DebuggerException: Terminating due exit command
	at org.robovm.debugger.jdwp.JdwpDebugServer.doSocketWork(JdwpDebugServer.java:211)
	at java.base/java.lang.Thread.run(Thread.java:834)
	at org.robovm.debugger.utils.DebuggerThread.run(DebuggerThread.java:42)
21:52:34.705 SEVERE: Debugger: Thread HooksChannel socket thread crashed
org.robovm.debugger.DebuggerException: java.io.IOException: org.robovm.libimobiledevice.LibIMobileDeviceException: IDEVICE_E_UNKNOWN_ERROR
	at org.robovm.debugger.hooks.HooksChannel.doSocketWork(HooksChannel.java:149)
	at java.base/java.lang.Thread.run(Thread.java:834)
	at org.robovm.debugger.utils.DebuggerThread.run(DebuggerThread.java:42)
Caused by: java.io.IOException: org.robovm.libimobiledevice.LibIMobileDeviceException: IDEVICE_E_UNKNOWN_ERROR
	at org.robovm.libimobiledevice.IDeviceConnection$DeviceInputStream.read(IDeviceConnection.java:203)
	at org.robovm.debugger.utils.bytebuffer.DataBufferWriter.writeFromStream(DataBufferWriter.java:89)
	at org.robovm.debugger.hooks.HooksChannel.doSocketWork(HooksChannel.java:116)
	... 2 more
Caused by: org.robovm.libimobiledevice.LibIMobileDeviceException: IDEVICE_E_UNKNOWN_ERROR
	at org.robovm.libimobiledevice.IDevice.checkResult(IDevice.java:206)
	at org.robovm.libimobiledevice.IDeviceConnection.receive(IDeviceConnection.java:110)
	at org.robovm.libimobiledevice.IDeviceConnection.receive(IDeviceConnection.java:81)
	at org.robovm.libimobiledevice.IDeviceConnection$DeviceInputStream.read(IDeviceConnection.java:201)
	... 4 more
