16:30:33.963 INFO: JdwpDebugServer: handling req: VirtualMachine(1).IDSizes(7)
16:30:33.964 INFO: JdwpDebugServer: handling req: EventRequest(15).Set(1)
16:30:33.964 INFO: JdwpEventCenterDelegate: jdwpSetEventRequest: JdwpEventRequest{requestId=100, eventKind=CLASS_PREPARE, suspendPolicy=NONE, predicates=[]}
16:30:33.964 INFO: JdwpDebugServer: handling req: EventRequest(15).Set(1)
16:30:33.964 INFO: JdwpEventCenterDelegate: jdwpSetEventRequest: JdwpEventRequest{requestId=101, eventKind=CLASS_UNLOAD, suspendPolicy=NONE, predicates=[]}
16:30:33.989 INFO: JdwpDebugServer: handling req: VirtualMachine(1).Version(1)
16:30:33.989 INFO: JdwpDebugServer: handling req: VirtualMachine(1).capabilitiesNew(17)
16:30:33.989 INFO: JdwpDebugServer: handling req: VirtualMachine(1).capabilities(12)
16:30:33.989 INFO: JdwpDebugServer: handling req: VirtualMachine(1).AllClassesWithGeneric(20)
16:30:33.994 INFO: JdwpDebugServer: handling req: VirtualMachine(1).TopLevelThreadGroups(5)
16:30:33.995 INFO: JdwpDebugServer: handling req: EventRequest(15).Set(1)
16:30:33.995 INFO: JdwpEventCenterDelegate: jdwpSetEventRequest: JdwpEventRequest{requestId=102, eventKind=THREAD_START, suspendPolicy=NONE, predicates=[]}
16:30:33.995 INFO: JdwpDebugServer: handling req: EventRequest(15).Set(1)
16:30:33.995 INFO: JdwpEventCenterDelegate: jdwpSetEventRequest: JdwpEventRequest{requestId=103, eventKind=THREAD_DEATH, suspendPolicy=NONE, predicates=[]}
16:30:34.079 INFO: JdwpDebugServer: handling req: EventRequest(15).Set(1)
16:30:34.079 INFO: JdwpEventCenterDelegate: jdwpSetEventRequest: JdwpEventRequest{requestId=104, eventKind=CLASS_PREPARE, suspendPolicy=EVENT_THREAD, predicates=[className=sun.instrument.InstrumentationImpl]}
16:30:34.079 INFO: JdwpDebugServer: handling req: EventRequest(15).Set(1)
16:30:34.079 INFO: JdwpEventCenterDelegate: jdwpSetEventRequest: JdwpEventRequest{requestId=105, eventKind=CLASS_PREPARE, suspendPolicy=EVENT_THREAD, predicates=[className=sun.instrument.InstrumentationImpl]}
16:30:34.583 INFO: JdwpDebugServer: handling req: VirtualMachine(1).Resume(9)
16:30:34.635 INFO: JdwpEventCenterDelegate: THREAD_STARTED: thread (33, main, main)
16:30:34.657 INFO: JdwpEventCenterDelegate: THREAD_STARTED: thread (48, ReferenceQueueDaemon, main)
16:30:34.664 INFO: JdwpEventCenterDelegate: THREAD_STARTED: thread (63, FinalizerDaemon, main)
16:30:34.669 INFO: JdwpEventCenterDelegate: THREAD_STARTED: thread (78, FinalizerWatchdogDaemon, main)
16:30:34.671 INFO: JdwpEventCenterDelegate: THREAD_RESUMED: thread (33, main, main)
16:30:34.672 INFO: JdwpEventCenterDelegate: THREAD_RESUMED: thread (33, main, main)
16:30:34.673 INFO: JdwpEventCenterDelegate: THREAD_RESUMED: thread (33, main, main)
16:30:34.674 INFO: JdwpEventCenterDelegate: THREAD_RESUMED: thread (33, main, main)
16:30:34.676 INFO: JdwpEventCenterDelegate: THREAD_RESUMED: thread (33, main, main)
16:30:34.677 INFO: JdwpEventCenterDelegate: THREAD_RESUMED: thread (33, main, main)
16:30:34.678 INFO: JdwpEventCenterDelegate: THREAD_RESUMED: thread (33, main, main)
16:30:34.679 INFO: JdwpEventCenterDelegate: THREAD_RESUMED: thread (33, main, main)
16:30:34.681 INFO: JdwpEventCenterDelegate: THREAD_RESUMED: thread (33, main, main)
16:30:34.682 INFO: JdwpEventCenterDelegate: THREAD_RESUMED: thread (33, main, main)
16:30:34.683 INFO: JdwpEventCenterDelegate: THREAD_RESUMED: thread (33, main, main)
16:30:34.684 INFO: JdwpEventCenterDelegate: THREAD_RESUMED: thread (33, main, main)
16:30:34.685 INFO: JdwpEventCenterDelegate: THREAD_RESUMED: thread (33, main, main)
16:30:34.686 INFO: JdwpEventCenterDelegate: THREAD_RESUMED: thread (33, main, main)
16:30:34.687 INFO: JdwpEventCenterDelegate: THREAD_RESUMED: thread (33, main, main)
16:30:34.688 INFO: JdwpEventCenterDelegate: THREAD_RESUMED: thread (33, main, main)
16:30:34.690 INFO: JdwpEventCenterDelegate: THREAD_RESUMED: thread (33, main, main)
16:30:34.691 INFO: JdwpEventCenterDelegate: THREAD_RESUMED: thread (33, main, main)
16:30:34.694 INFO: JdwpEventCenterDelegate: THREAD_RESUMED: thread (33, main, main)
16:30:34.696 INFO: JdwpEventCenterDelegate: THREAD_RESUMED: thread (33, main, main)
16:30:34.696 INFO: JdwpEventCenterDelegate: THREAD_RESUMED: thread (33, main, main)
16:30:34.697 INFO: JdwpEventCenterDelegate: THREAD_RESUMED: thread (33, main, main)
16:30:34.699 INFO: JdwpEventCenterDelegate: THREAD_RESUMED: thread (33, main, main)
16:30:34.700 INFO: JdwpEventCenterDelegate: THREAD_RESUMED: thread (33, main, main)
16:30:34.701 INFO: JdwpEventCenterDelegate: THREAD_RESUMED: thread (33, main, main)
16:30:34.731 INFO: JdwpEventCenterDelegate: THREAD_RESUMED: thread (33, main, main)
16:30:34.732 INFO: JdwpEventCenterDelegate: THREAD_RESUMED: thread (33, main, main)
16:30:34.734 INFO: JdwpEventCenterDelegate: THREAD_RESUMED: thread (33, main, main)
16:30:34.735 INFO: JdwpEventCenterDelegate: THREAD_RESUMED: thread (33, main, main)
16:30:34.736 INFO: JdwpEventCenterDelegate: THREAD_RESUMED: thread (33, main, main)
16:30:34.738 INFO: JdwpEventCenterDelegate: THREAD_RESUMED: thread (33, main, main)
16:30:34.739 INFO: JdwpEventCenterDelegate: THREAD_RESUMED: thread (33, main, main)
16:30:34.741 INFO: JdwpEventCenterDelegate: THREAD_RESUMED: thread (33, main, main)
16:30:34.742 INFO: JdwpEventCenterDelegate: THREAD_RESUMED: thread (33, main, main)
16:30:34.743 INFO: JdwpEventCenterDelegate: THREAD_RESUMED: thread (33, main, main)
16:30:34.744 INFO: JdwpEventCenterDelegate: THREAD_RESUMED: thread (33, main, main)
16:30:34.745 INFO: JdwpEventCenterDelegate: THREAD_RESUMED: thread (33, main, main)
16:30:34.746 INFO: JdwpEventCenterDelegate: THREAD_RESUMED: thread (33, main, main)
16:30:34.747 INFO: JdwpEventCenterDelegate: THREAD_RESUMED: thread (33, main, main)
16:30:34.761 INFO: JdwpEventCenterDelegate: THREAD_RESUMED: thread (33, main, main)
16:30:34.762 INFO: JdwpEventCenterDelegate: THREAD_RESUMED: thread (33, main, main)
16:30:34.764 INFO: JdwpEventCenterDelegate: THREAD_RESUMED: thread (33, main, main)
16:30:34.765 INFO: JdwpEventCenterDelegate: THREAD_RESUMED: thread (33, main, main)
16:30:34.766 INFO: JdwpEventCenterDelegate: THREAD_RESUMED: thread (33, main, main)
16:30:34.769 INFO: JdwpEventCenterDelegate: THREAD_RESUMED: thread (33, main, main)
16:30:34.789 INFO: JdwpEventCenterDelegate: THREAD_RESUMED: thread (33, main, main)
16:30:34.828 INFO: JdwpEventCenterDelegate: THREAD_RESUMED: thread (33, main, main)
16:30:34.829 INFO: JdwpEventCenterDelegate: THREAD_RESUMED: thread (33, main, main)
16:30:34.830 INFO: JdwpEventCenterDelegate: THREAD_RESUMED: thread (33, main, main)
16:30:34.831 INFO: JdwpEventCenterDelegate: THREAD_RESUMED: thread (33, main, main)
16:30:34.833 INFO: JdwpEventCenterDelegate: THREAD_RESUMED: thread (33, main, main)
16:30:34.834 INFO: JdwpEventCenterDelegate: THREAD_RESUMED: thread (33, main, main)
16:30:34.835 INFO: JdwpEventCenterDelegate: THREAD_RESUMED: thread (33, main, main)
16:30:34.846 INFO: JdwpEventCenterDelegate: THREAD_RESUMED: thread (33, main, main)
16:30:34.847 INFO: JdwpEventCenterDelegate: THREAD_RESUMED: thread (33, main, main)
16:30:34.848 INFO: JdwpEventCenterDelegate: THREAD_RESUMED: thread (33, main, main)
16:30:34.849 INFO: JdwpEventCenterDelegate: THREAD_RESUMED: thread (33, main, main)
16:30:34.850 INFO: JdwpEventCenterDelegate: THREAD_RESUMED: thread (33, main, main)
16:30:34.851 INFO: JdwpEventCenterDelegate: THREAD_RESUMED: thread (33, main, main)
16:30:34.853 INFO: JdwpEventCenterDelegate: THREAD_RESUMED: thread (33, main, main)
16:30:34.862 INFO: JdwpEventCenterDelegate: THREAD_RESUMED: thread (33, main, main)
16:30:34.863 INFO: JdwpEventCenterDelegate: THREAD_RESUMED: thread (33, main, main)
16:30:34.864 INFO: JdwpEventCenterDelegate: THREAD_RESUMED: thread (33, main, main)
16:30:34.866 INFO: JdwpEventCenterDelegate: THREAD_RESUMED: thread (33, main, main)
16:30:34.867 INFO: JdwpEventCenterDelegate: THREAD_RESUMED: thread (33, main, main)
16:30:34.868 INFO: JdwpEventCenterDelegate: THREAD_RESUMED: thread (33, main, main)
16:30:34.869 INFO: JdwpEventCenterDelegate: THREAD_RESUMED: thread (33, main, main)
16:30:34.870 INFO: JdwpEventCenterDelegate: THREAD_RESUMED: thread (33, main, main)
16:30:34.871 INFO: JdwpEventCenterDelegate: THREAD_RESUMED: thread (33, main, main)
16:30:34.872 INFO: JdwpEventCenterDelegate: THREAD_RESUMED: thread (33, main, main)
16:30:34.874 INFO: JdwpEventCenterDelegate: THREAD_RESUMED: thread (33, main, main)
16:30:34.875 INFO: JdwpEventCenterDelegate: THREAD_RESUMED: thread (33, main, main)
16:30:34.876 INFO: JdwpEventCenterDelegate: THREAD_RESUMED: thread (33, main, main)
16:30:34.878 INFO: JdwpEventCenterDelegate: THREAD_RESUMED: thread (33, main, main)
16:30:34.879 INFO: JdwpEventCenterDelegate: THREAD_RESUMED: thread (33, main, main)
16:30:34.880 INFO: JdwpEventCenterDelegate: THREAD_RESUMED: thread (33, main, main)
16:30:34.881 INFO: JdwpEventCenterDelegate: THREAD_RESUMED: thread (33, main, main)
16:30:34.882 INFO: JdwpEventCenterDelegate: THREAD_RESUMED: thread (33, main, main)
16:30:34.886 INFO: JdwpEventCenterDelegate: THREAD_RESUMED: thread (33, main, main)
16:30:34.887 INFO: JdwpEventCenterDelegate: THREAD_RESUMED: thread (33, main, main)
16:30:35.024 INFO: JdwpEventCenterDelegate: THREAD_STARTED: thread (93, AssetManager, main)
16:30:35.130 INFO: JdwpEventCenterDelegate: THREAD_RESUMED: thread (33, main, main)
16:30:35.132 INFO: JdwpEventCenterDelegate: THREAD_RESUMED: thread (33, main, main)
16:30:37.834 INFO: JdwpEventCenterDelegate: THREAD_RESUMED: thread (33, main, main)
16:30:37.934 INFO: JdwpEventCenterDelegate: THREAD_RESUMED: thread (33, main, main)
16:30:37.936 INFO: JdwpEventCenterDelegate: THREAD_RESUMED: thread (33, main, main)
16:30:37.938 INFO: JdwpEventCenterDelegate: THREAD_RESUMED: thread (33, main, main)
16:30:37.939 INFO: JdwpEventCenterDelegate: THREAD_RESUMED: thread (33, main, main)
16:30:37.941 INFO: JdwpEventCenterDelegate: THREAD_RESUMED: thread (33, main, main)
16:30:37.947 INFO: JdwpEventCenterDelegate: THREAD_RESUMED: thread (33, main, main)
16:30:37.959 INFO: JdwpEventCenterDelegate: THREAD_RESUMED: thread (33, main, main)
16:30:37.961 INFO: JdwpEventCenterDelegate: THREAD_RESUMED: thread (33, main, main)
16:30:37.962 INFO: JdwpEventCenterDelegate: THREAD_RESUMED: thread (33, main, main)
16:30:37.965 INFO: JdwpEventCenterDelegate: THREAD_RESUMED: thread (33, main, main)
16:30:37.967 INFO: JdwpEventCenterDelegate: THREAD_RESUMED: thread (33, main, main)
16:30:37.971 INFO: JdwpEventCenterDelegate: THREAD_RESUMED: thread (33, main, main)
16:30:37.986 INFO: JdwpEventCenterDelegate: THREAD_RESUMED: thread (33, main, main)
16:30:37.988 INFO: JdwpEventCenterDelegate: THREAD_RESUMED: thread (33, main, main)
16:30:37.990 INFO: JdwpEventCenterDelegate: THREAD_RESUMED: thread (33, main, main)
16:30:37.993 INFO: JdwpEventCenterDelegate: THREAD_RESUMED: thread (33, main, main)
16:30:37.995 INFO: JdwpEventCenterDelegate: THREAD_RESUMED: thread (33, main, main)
16:30:38.000 INFO: JdwpEventCenterDelegate: THREAD_RESUMED: thread (33, main, main)
16:30:38.018 INFO: JdwpEventCenterDelegate: THREAD_RESUMED: thread (33, main, main)
16:30:38.021 INFO: JdwpEventCenterDelegate: THREAD_RESUMED: thread (33, main, main)
16:30:38.023 INFO: JdwpEventCenterDelegate: THREAD_RESUMED: thread (33, main, main)
16:30:38.025 INFO: JdwpEventCenterDelegate: THREAD_RESUMED: thread (33, main, main)
16:30:38.027 INFO: JdwpEventCenterDelegate: THREAD_RESUMED: thread (33, main, main)
16:30:38.032 INFO: JdwpEventCenterDelegate: THREAD_RESUMED: thread (33, main, main)
16:30:38.048 INFO: JdwpEventCenterDelegate: THREAD_RESUMED: thread (33, main, main)
16:30:38.050 INFO: JdwpEventCenterDelegate: THREAD_RESUMED: thread (33, main, main)
16:30:38.052 INFO: JdwpEventCenterDelegate: THREAD_RESUMED: thread (33, main, main)
16:30:38.054 INFO: JdwpEventCenterDelegate: THREAD_RESUMED: thread (33, main, main)
16:30:38.057 INFO: JdwpEventCenterDelegate: THREAD_RESUMED: thread (33, main, main)
16:30:38.062 INFO: JdwpEventCenterDelegate: THREAD_RESUMED: thread (33, main, main)
16:30:38.077 INFO: JdwpEventCenterDelegate: THREAD_RESUMED: thread (33, main, main)
16:30:38.080 INFO: JdwpEventCenterDelegate: THREAD_RESUMED: thread (33, main, main)
16:30:38.082 INFO: JdwpEventCenterDelegate: THREAD_RESUMED: thread (33, main, main)
16:30:38.085 INFO: JdwpEventCenterDelegate: THREAD_RESUMED: thread (33, main, main)
16:30:38.087 INFO: JdwpEventCenterDelegate: THREAD_RESUMED: thread (33, main, main)
16:30:38.092 INFO: JdwpEventCenterDelegate: THREAD_RESUMED: thread (33, main, main)
16:30:38.114 INFO: JdwpEventCenterDelegate: THREAD_RESUMED: thread (33, main, main)
16:30:38.116 INFO: JdwpEventCenterDelegate: THREAD_RESUMED: thread (33, main, main)
16:30:38.119 INFO: JdwpEventCenterDelegate: THREAD_RESUMED: thread (33, main, main)
16:30:38.121 INFO: JdwpEventCenterDelegate: THREAD_RESUMED: thread (33, main, main)
16:30:38.124 INFO: JdwpEventCenterDelegate: THREAD_RESUMED: thread (33, main, main)
16:30:38.129 INFO: JdwpEventCenterDelegate: THREAD_RESUMED: thread (33, main, main)
16:30:38.148 INFO: JdwpEventCenterDelegate: THREAD_RESUMED: thread (33, main, main)
16:30:38.150 INFO: JdwpEventCenterDelegate: THREAD_RESUMED: thread (33, main, main)
16:30:38.152 INFO: JdwpEventCenterDelegate: THREAD_RESUMED: thread (33, main, main)
16:30:38.155 INFO: JdwpEventCenterDelegate: THREAD_RESUMED: thread (33, main, main)
16:30:38.157 INFO: JdwpEventCenterDelegate: THREAD_RESUMED: thread (33, main, main)
16:30:38.162 INFO: JdwpEventCenterDelegate: THREAD_RESUMED: thread (33, main, main)
16:30:38.181 INFO: JdwpEventCenterDelegate: THREAD_RESUMED: thread (33, main, main)
16:30:38.183 INFO: JdwpEventCenterDelegate: THREAD_RESUMED: thread (33, main, main)
16:30:38.185 INFO: JdwpEventCenterDelegate: THREAD_RESUMED: thread (33, main, main)
16:30:38.187 INFO: JdwpEventCenterDelegate: THREAD_RESUMED: thread (33, main, main)
16:30:38.190 INFO: JdwpEventCenterDelegate: THREAD_RESUMED: thread (33, main, main)
16:30:38.194 INFO: JdwpEventCenterDelegate: THREAD_RESUMED: thread (33, main, main)
16:30:38.210 INFO: JdwpEventCenterDelegate: THREAD_RESUMED: thread (33, main, main)
16:30:38.212 INFO: JdwpEventCenterDelegate: THREAD_RESUMED: thread (33, main, main)
16:30:38.214 INFO: JdwpEventCenterDelegate: THREAD_RESUMED: thread (33, main, main)
16:30:38.217 INFO: JdwpEventCenterDelegate: THREAD_RESUMED: thread (33, main, main)
16:30:38.219 INFO: JdwpEventCenterDelegate: THREAD_RESUMED: thread (33, main, main)
16:30:38.223 INFO: JdwpEventCenterDelegate: THREAD_RESUMED: thread (33, main, main)
16:30:38.238 INFO: JdwpEventCenterDelegate: THREAD_RESUMED: thread (33, main, main)
16:30:38.241 INFO: JdwpEventCenterDelegate: THREAD_RESUMED: thread (33, main, main)
16:30:38.243 INFO: JdwpEventCenterDelegate: THREAD_RESUMED: thread (33, main, main)
16:30:38.245 INFO: JdwpEventCenterDelegate: THREAD_RESUMED: thread (33, main, main)
16:30:38.248 INFO: JdwpEventCenterDelegate: THREAD_RESUMED: thread (33, main, main)
16:30:38.253 INFO: JdwpEventCenterDelegate: THREAD_RESUMED: thread (33, main, main)
16:30:38.272 INFO: JdwpEventCenterDelegate: THREAD_RESUMED: thread (33, main, main)
16:30:38.275 INFO: JdwpEventCenterDelegate: THREAD_RESUMED: thread (33, main, main)
16:30:38.277 INFO: JdwpEventCenterDelegate: THREAD_RESUMED: thread (33, main, main)
16:30:38.279 INFO: JdwpEventCenterDelegate: THREAD_RESUMED: thread (33, main, main)
16:30:38.282 INFO: JdwpEventCenterDelegate: THREAD_RESUMED: thread (33, main, main)
16:30:38.287 INFO: JdwpEventCenterDelegate: THREAD_RESUMED: thread (33, main, main)
16:30:38.308 INFO: JdwpEventCenterDelegate: THREAD_RESUMED: thread (33, main, main)
16:30:38.311 INFO: JdwpEventCenterDelegate: THREAD_RESUMED: thread (33, main, main)
16:30:38.313 INFO: JdwpEventCenterDelegate: THREAD_RESUMED: thread (33, main, main)
16:30:38.315 INFO: JdwpEventCenterDelegate: THREAD_RESUMED: thread (33, main, main)
16:30:38.317 INFO: JdwpEventCenterDelegate: THREAD_RESUMED: thread (33, main, main)
16:30:38.322 INFO: JdwpEventCenterDelegate: THREAD_RESUMED: thread (33, main, main)
16:30:38.341 INFO: JdwpEventCenterDelegate: THREAD_RESUMED: thread (33, main, main)
16:30:38.343 INFO: JdwpEventCenterDelegate: THREAD_RESUMED: thread (33, main, main)
16:30:38.346 INFO: JdwpEventCenterDelegate: THREAD_RESUMED: thread (33, main, main)
16:30:38.348 INFO: JdwpEventCenterDelegate: THREAD_RESUMED: thread (33, main, main)
16:30:38.350 INFO: JdwpEventCenterDelegate: THREAD_RESUMED: thread (33, main, main)
16:30:38.355 INFO: JdwpEventCenterDelegate: THREAD_RESUMED: thread (33, main, main)
16:30:38.368 INFO: JdwpEventCenterDelegate: THREAD_RESUMED: thread (33, main, main)
16:30:38.370 INFO: JdwpEventCenterDelegate: THREAD_RESUMED: thread (33, main, main)
16:30:38.372 INFO: JdwpEventCenterDelegate: THREAD_RESUMED: thread (33, main, main)
16:30:38.374 INFO: JdwpEventCenterDelegate: THREAD_RESUMED: thread (33, main, main)
16:30:38.377 INFO: JdwpEventCenterDelegate: THREAD_RESUMED: thread (33, main, main)
16:30:38.382 INFO: JdwpEventCenterDelegate: THREAD_RESUMED: thread (33, main, main)
16:30:38.384 INFO: JdwpEventCenterDelegate: THREAD_RESUMED: thread (33, main, main)
16:30:38.387 INFO: JdwpEventCenterDelegate: THREAD_RESUMED: thread (33, main, main)
16:30:38.389 INFO: JdwpEventCenterDelegate: THREAD_RESUMED: thread (33, main, main)
16:30:38.391 INFO: JdwpEventCenterDelegate: THREAD_RESUMED: thread (33, main, main)
16:30:38.393 INFO: JdwpEventCenterDelegate: THREAD_RESUMED: thread (33, main, main)
16:30:38.395 INFO: JdwpEventCenterDelegate: THREAD_RESUMED: thread (33, main, main)
16:30:38.399 INFO: JdwpEventCenterDelegate: THREAD_RESUMED: thread (33, main, main)
16:30:38.401 INFO: JdwpEventCenterDelegate: THREAD_RESUMED: thread (33, main, main)
16:30:38.404 INFO: JdwpEventCenterDelegate: THREAD_RESUMED: thread (33, main, main)
16:30:38.405 INFO: JdwpEventCenterDelegate: THREAD_RESUMED: thread (33, main, main)
16:30:38.408 INFO: JdwpEventCenterDelegate: THREAD_RESUMED: thread (33, main, main)
16:30:38.410 INFO: JdwpEventCenterDelegate: THREAD_RESUMED: thread (33, main, main)
16:30:38.411 INFO: JdwpEventCenterDelegate: THREAD_RESUMED: thread (33, main, main)
16:30:38.413 INFO: JdwpEventCenterDelegate: THREAD_RESUMED: thread (33, main, main)
16:30:38.414 INFO: JdwpEventCenterDelegate: THREAD_RESUMED: thread (33, main, main)
16:30:38.419 INFO: JdwpEventCenterDelegate: THREAD_RESUMED: thread (33, main, main)
16:30:38.432 INFO: JdwpEventCenterDelegate: THREAD_RESUMED: thread (33, main, main)
16:30:38.449 INFO: JdwpEventCenterDelegate: THREAD_RESUMED: thread (33, main, main)
16:30:38.460 INFO: JdwpEventCenterDelegate: THREAD_RESUMED: thread (33, main, main)
16:30:38.472 INFO: JdwpEventCenterDelegate: THREAD_RESUMED: thread (33, main, main)
16:30:38.503 INFO: JdwpEventCenterDelegate: THREAD_RESUMED: thread (33, main, main)
16:30:38.505 INFO: JdwpEventCenterDelegate: THREAD_RESUMED: thread (33, main, main)
16:30:38.507 INFO: JdwpEventCenterDelegate: THREAD_RESUMED: thread (33, main, main)
16:30:38.509 INFO: JdwpEventCenterDelegate: THREAD_RESUMED: thread (33, main, main)
16:30:38.511 INFO: JdwpEventCenterDelegate: THREAD_RESUMED: thread (33, main, main)
16:30:38.516 INFO: JdwpEventCenterDelegate: THREAD_RESUMED: thread (33, main, main)
16:30:38.527 INFO: JdwpEventCenterDelegate: THREAD_RESUMED: thread (33, main, main)
16:30:38.530 INFO: JdwpEventCenterDelegate: THREAD_RESUMED: thread (33, main, main)
16:30:38.532 INFO: JdwpEventCenterDelegate: THREAD_RESUMED: thread (33, main, main)
16:30:38.534 INFO: JdwpEventCenterDelegate: THREAD_RESUMED: thread (33, main, main)
16:30:38.536 INFO: JdwpEventCenterDelegate: THREAD_RESUMED: thread (33, main, main)
16:30:38.540 INFO: JdwpEventCenterDelegate: THREAD_RESUMED: thread (33, main, main)
16:30:38.554 INFO: JdwpEventCenterDelegate: THREAD_RESUMED: thread (33, main, main)
16:30:38.556 INFO: JdwpEventCenterDelegate: THREAD_RESUMED: thread (33, main, main)
16:30:38.558 INFO: JdwpEventCenterDelegate: THREAD_RESUMED: thread (33, main, main)
16:30:38.560 INFO: JdwpEventCenterDelegate: THREAD_RESUMED: thread (33, main, main)
16:30:38.562 INFO: JdwpEventCenterDelegate: THREAD_RESUMED: thread (33, main, main)
16:30:38.567 INFO: JdwpEventCenterDelegate: THREAD_RESUMED: thread (33, main, main)
16:30:38.584 INFO: JdwpEventCenterDelegate: THREAD_RESUMED: thread (33, main, main)
16:30:38.586 INFO: JdwpEventCenterDelegate: THREAD_RESUMED: thread (33, main, main)
16:30:38.588 INFO: JdwpEventCenterDelegate: THREAD_RESUMED: thread (33, main, main)
16:30:38.591 INFO: JdwpEventCenterDelegate: THREAD_RESUMED: thread (33, main, main)
16:30:38.593 INFO: JdwpEventCenterDelegate: THREAD_RESUMED: thread (33, main, main)
16:30:38.597 INFO: JdwpEventCenterDelegate: THREAD_RESUMED: thread (33, main, main)
16:30:38.612 INFO: JdwpEventCenterDelegate: THREAD_RESUMED: thread (33, main, main)
16:30:38.614 INFO: JdwpEventCenterDelegate: THREAD_RESUMED: thread (33, main, main)
16:30:38.616 INFO: JdwpEventCenterDelegate: THREAD_RESUMED: thread (33, main, main)
16:30:38.618 INFO: JdwpEventCenterDelegate: THREAD_RESUMED: thread (33, main, main)
16:30:38.620 INFO: JdwpEventCenterDelegate: THREAD_RESUMED: thread (33, main, main)
16:30:38.625 INFO: JdwpEventCenterDelegate: THREAD_RESUMED: thread (33, main, main)
16:30:38.639 INFO: JdwpEventCenterDelegate: THREAD_RESUMED: thread (33, main, main)
16:30:38.642 INFO: JdwpEventCenterDelegate: THREAD_RESUMED: thread (33, main, main)
16:30:38.644 INFO: JdwpEventCenterDelegate: THREAD_RESUMED: thread (33, main, main)
16:30:38.646 INFO: JdwpEventCenterDelegate: THREAD_RESUMED: thread (33, main, main)
16:30:38.648 INFO: JdwpEventCenterDelegate: THREAD_RESUMED: thread (33, main, main)
16:30:38.653 INFO: JdwpEventCenterDelegate: THREAD_RESUMED: thread (33, main, main)
16:30:38.674 INFO: JdwpEventCenterDelegate: THREAD_RESUMED: thread (33, main, main)
16:30:38.676 INFO: JdwpEventCenterDelegate: THREAD_RESUMED: thread (33, main, main)
16:30:38.678 INFO: JdwpEventCenterDelegate: THREAD_RESUMED: thread (33, main, main)
16:30:38.680 INFO: JdwpEventCenterDelegate: THREAD_RESUMED: thread (33, main, main)
16:30:38.682 INFO: JdwpEventCenterDelegate: THREAD_RESUMED: thread (33, main, main)
16:30:38.686 INFO: JdwpEventCenterDelegate: THREAD_RESUMED: thread (33, main, main)
16:30:38.704 INFO: JdwpEventCenterDelegate: THREAD_RESUMED: thread (33, main, main)
16:30:38.706 INFO: JdwpEventCenterDelegate: THREAD_RESUMED: thread (33, main, main)
16:30:38.707 INFO: JdwpEventCenterDelegate: THREAD_RESUMED: thread (33, main, main)
16:30:38.710 INFO: JdwpEventCenterDelegate: THREAD_RESUMED: thread (33, main, main)
16:30:38.711 INFO: JdwpEventCenterDelegate: THREAD_RESUMED: thread (33, main, main)
16:30:38.716 INFO: JdwpEventCenterDelegate: THREAD_RESUMED: thread (33, main, main)
16:30:38.733 INFO: JdwpEventCenterDelegate: THREAD_RESUMED: thread (33, main, main)
16:30:38.735 INFO: JdwpEventCenterDelegate: THREAD_RESUMED: thread (33, main, main)
16:30:38.738 INFO: JdwpEventCenterDelegate: THREAD_RESUMED: thread (33, main, main)
16:30:38.740 INFO: JdwpEventCenterDelegate: THREAD_RESUMED: thread (33, main, main)
16:30:38.742 INFO: JdwpEventCenterDelegate: THREAD_RESUMED: thread (33, main, main)
16:30:38.747 INFO: JdwpEventCenterDelegate: THREAD_RESUMED: thread (33, main, main)
16:30:38.761 INFO: JdwpEventCenterDelegate: THREAD_RESUMED: thread (33, main, main)
16:30:38.763 INFO: JdwpEventCenterDelegate: THREAD_RESUMED: thread (33, main, main)
16:30:38.766 INFO: JdwpEventCenterDelegate: THREAD_RESUMED: thread (33, main, main)
16:30:38.768 INFO: JdwpEventCenterDelegate: THREAD_RESUMED: thread (33, main, main)
16:30:38.770 INFO: JdwpEventCenterDelegate: THREAD_RESUMED: thread (33, main, main)
16:30:38.774 INFO: JdwpEventCenterDelegate: THREAD_RESUMED: thread (33, main, main)
16:30:38.788 INFO: JdwpEventCenterDelegate: THREAD_RESUMED: thread (33, main, main)
16:30:38.790 INFO: JdwpEventCenterDelegate: THREAD_RESUMED: thread (33, main, main)
16:30:38.792 INFO: JdwpEventCenterDelegate: THREAD_RESUMED: thread (33, main, main)
16:30:38.794 INFO: JdwpEventCenterDelegate: THREAD_RESUMED: thread (33, main, main)
16:30:38.796 INFO: JdwpEventCenterDelegate: THREAD_RESUMED: thread (33, main, main)
16:30:38.801 INFO: JdwpEventCenterDelegate: THREAD_RESUMED: thread (33, main, main)
16:30:38.819 INFO: JdwpEventCenterDelegate: THREAD_RESUMED: thread (33, main, main)
16:30:38.821 INFO: JdwpEventCenterDelegate: THREAD_RESUMED: thread (33, main, main)
16:30:38.823 INFO: JdwpEventCenterDelegate: THREAD_RESUMED: thread (33, main, main)
16:30:38.825 INFO: JdwpEventCenterDelegate: THREAD_RESUMED: thread (33, main, main)
16:30:38.827 INFO: JdwpEventCenterDelegate: THREAD_RESUMED: thread (33, main, main)
16:30:38.832 INFO: JdwpEventCenterDelegate: THREAD_RESUMED: thread (33, main, main)
16:30:38.856 INFO: JdwpEventCenterDelegate: THREAD_RESUMED: thread (33, main, main)
16:30:38.858 INFO: JdwpEventCenterDelegate: THREAD_RESUMED: thread (33, main, main)
16:30:38.860 INFO: JdwpEventCenterDelegate: THREAD_RESUMED: thread (33, main, main)
16:30:38.863 INFO: JdwpEventCenterDelegate: THREAD_RESUMED: thread (33, main, main)
16:30:38.865 INFO: JdwpEventCenterDelegate: THREAD_RESUMED: thread (33, main, main)
16:30:38.869 INFO: JdwpEventCenterDelegate: THREAD_RESUMED: thread (33, main, main)
16:30:38.887 INFO: JdwpEventCenterDelegate: THREAD_RESUMED: thread (33, main, main)
16:30:38.889 INFO: JdwpEventCenterDelegate: THREAD_RESUMED: thread (33, main, main)
16:30:38.891 INFO: JdwpEventCenterDelegate: THREAD_RESUMED: thread (33, main, main)
16:30:38.893 INFO: JdwpEventCenterDelegate: THREAD_RESUMED: thread (33, main, main)
16:30:38.895 INFO: JdwpEventCenterDelegate: THREAD_RESUMED: thread (33, main, main)
16:30:38.900 INFO: JdwpEventCenterDelegate: THREAD_RESUMED: thread (33, main, main)
16:30:38.912 INFO: JdwpEventCenterDelegate: THREAD_RESUMED: thread (33, main, main)
16:30:38.915 INFO: JdwpEventCenterDelegate: THREAD_RESUMED: thread (33, main, main)
16:30:38.917 INFO: JdwpEventCenterDelegate: THREAD_RESUMED: thread (33, main, main)
16:30:38.919 INFO: JdwpEventCenterDelegate: THREAD_RESUMED: thread (33, main, main)
16:30:38.921 INFO: JdwpEventCenterDelegate: THREAD_RESUMED: thread (33, main, main)
16:30:41.533 INFO: JdwpEventCenterDelegate: THREAD_STARTED: thread (108, Timer, main)
16:30:42.408 INFO: JdwpEventCenterDelegate: THREAD_RESUMED: thread (33, main, main)
16:30:42.450 INFO: JdwpEventCenterDelegate: THREAD_RESUMED: thread (33, main, main)
16:30:42.473 INFO: JdwpEventCenterDelegate: THREAD_RESUMED: thread (33, main, main)
16:30:42.493 INFO: JdwpEventCenterDelegate: THREAD_RESUMED: thread (33, main, main)
16:30:42.511 INFO: JdwpEventCenterDelegate: THREAD_RESUMED: thread (33, main, main)
16:30:42.526 INFO: JdwpEventCenterDelegate: THREAD_RESUMED: thread (33, main, main)
16:30:42.540 INFO: JdwpEventCenterDelegate: THREAD_RESUMED: thread (33, main, main)
16:30:42.557 INFO: JdwpEventCenterDelegate: THREAD_RESUMED: thread (33, main, main)
16:30:42.572 INFO: JdwpEventCenterDelegate: THREAD_RESUMED: thread (33, main, main)
16:30:42.588 INFO: JdwpEventCenterDelegate: THREAD_RESUMED: thread (33, main, main)
16:30:42.605 INFO: JdwpEventCenterDelegate: THREAD_RESUMED: thread (33, main, main)
16:30:42.619 INFO: JdwpEventCenterDelegate: THREAD_RESUMED: thread (33, main, main)
16:31:26.109 INFO: JdwpDebugServer: handling req: EventRequest(15).Set(1)
16:31:26.110 INFO: JdwpEventCenterDelegate: jdwpSetEventRequest: JdwpEventRequest{requestId=106, eventKind=CLASS_PREPARE, suspendPolicy=EVENT_THREAD, predicates=[className=com.twobsoft.babymozartspacetrip.hud.HudModel$frame$1]}
16:31:26.110 INFO: JdwpDebugServer: handling req: EventRequest(15).Set(1)
16:31:26.110 INFO: JdwpEventCenterDelegate: jdwpSetEventRequest: JdwpEventRequest{requestId=107, eventKind=CLASS_PREPARE, suspendPolicy=EVENT_THREAD, predicates=[className=com.twobsoft.babymozartspacetrip.hud.HudModel$frame$1$*]}
16:31:26.111 INFO: JdwpDebugServer: handling req: EventRequest(15).Set(1)
16:31:26.111 INFO: JdwpEventCenterDelegate: jdwpSetEventRequest: JdwpEventRequest{requestId=108, eventKind=CLASS_PREPARE, suspendPolicy=EVENT_THREAD, predicates=[className=com.twobsoft.babymozartspacetrip.hud.HudModel]}
16:31:26.112 INFO: JdwpDebugServer: handling req: EventRequest(15).Set(1)
16:31:26.113 INFO: JdwpEventCenterDelegate: jdwpSetEventRequest: JdwpEventRequest{requestId=109, eventKind=CLASS_PREPARE, suspendPolicy=EVENT_THREAD, predicates=[className=com.twobsoft.babymozartspacetrip.hud.HudModel$*]}
16:31:26.121 INFO: JdwpDebugServer: handling req: EventRequest(15).Set(1)
16:31:26.121 INFO: JdwpEventCenterDelegate: jdwpSetEventRequest: JdwpEventRequest{requestId=110, eventKind=CLASS_PREPARE, suspendPolicy=EVENT_THREAD, predicates=[className=com.twobsoft.babymozartspacetrip.hud.ComposableSingletons$HudModelKt$*]}
16:31:26.122 INFO: JdwpDebugServer: handling req: ReferenceType(2).MethodsWithGeneric(15)
16:31:26.122 INFO: JdwpDebugServer: handling req: Method(6).LineTable(1)
16:31:26.122 INFO: JdwpDebugServer: handling req: Method(6).LineTable(1)
16:31:26.122 INFO: JdwpDebugServer: handling req: Method(6).LineTable(1)
16:31:26.122 INFO: JdwpDebugServer: handling req: Method(6).LineTable(1)
16:31:26.123 INFO: JdwpDebugServer: handling req: Method(6).LineTable(1)
16:31:26.123 INFO: JdwpDebugServer: handling req: Method(6).LineTable(1)
16:31:26.123 INFO: JdwpDebugServer: handling req: Method(6).LineTable(1)
16:31:26.123 INFO: JdwpDebugServer: handling req: Method(6).LineTable(1)
16:31:26.123 INFO: JdwpDebugServer: handling req: Method(6).LineTable(1)
16:31:26.124 INFO: JdwpDebugServer: handling req: Method(6).LineTable(1)
16:31:26.124 INFO: JdwpDebugServer: handling req: Method(6).LineTable(1)
16:31:26.124 INFO: JdwpDebugServer: handling req: Method(6).LineTable(1)
16:31:26.124 INFO: JdwpDebugServer: handling req: Method(6).LineTable(1)
16:31:26.124 INFO: JdwpDebugServer: handling req: Method(6).LineTable(1)
16:31:26.124 INFO: JdwpDebugServer: handling req: Method(6).LineTable(1)
16:31:26.124 INFO: JdwpDebugServer: handling req: Method(6).LineTable(1)
16:31:26.124 INFO: JdwpDebugServer: handling req: Method(6).LineTable(1)
16:31:26.125 INFO: JdwpDebugServer: handling req: Method(6).LineTable(1)
16:31:26.125 INFO: JdwpDebugServer: handling req: Method(6).LineTable(1)
16:31:26.125 INFO: JdwpDebugServer: handling req: Method(6).LineTable(1)
16:31:26.125 INFO: JdwpDebugServer: handling req: Method(6).LineTable(1)
16:31:26.125 INFO: JdwpDebugServer: handling req: Method(6).LineTable(1)
16:31:26.125 INFO: JdwpDebugServer: handling req: Method(6).LineTable(1)
16:31:26.125 INFO: JdwpDebugServer: handling req: Method(6).LineTable(1)
16:31:26.126 INFO: JdwpDebugServer: handling req: Method(6).LineTable(1)
16:31:26.126 INFO: JdwpDebugServer: handling req: Method(6).LineTable(1)
16:31:26.126 INFO: JdwpDebugServer: handling req: Method(6).LineTable(1)
16:31:26.126 INFO: JdwpDebugServer: handling req: Method(6).LineTable(1)
16:31:26.126 INFO: JdwpDebugServer: handling req: Method(6).LineTable(1)
16:31:26.127 INFO: JdwpDebugServer: handling req: Method(6).LineTable(1)
16:31:26.127 INFO: JdwpDebugServer: handling req: Method(6).LineTable(1)
16:31:26.127 INFO: JdwpDebugServer: handling req: Method(6).LineTable(1)
16:31:26.127 INFO: JdwpDebugServer: handling req: Method(6).LineTable(1)
16:31:26.127 INFO: JdwpDebugServer: handling req: Method(6).LineTable(1)
16:31:26.127 INFO: JdwpDebugServer: handling req: Method(6).LineTable(1)
16:31:26.127 INFO: JdwpDebugServer: handling req: Method(6).LineTable(1)
16:31:26.128 INFO: JdwpDebugServer: handling req: Method(6).LineTable(1)
16:31:26.128 INFO: JdwpDebugServer: handling req: Method(6).LineTable(1)
16:31:26.128 INFO: JdwpDebugServer: handling req: Method(6).LineTable(1)
16:31:26.128 INFO: JdwpDebugServer: handling req: Method(6).LineTable(1)
16:31:26.128 INFO: JdwpDebugServer: handling req: Method(6).LineTable(1)
16:31:26.128 INFO: JdwpDebugServer: handling req: Method(6).LineTable(1)
16:31:26.129 INFO: JdwpDebugServer: handling req: Method(6).LineTable(1)
16:31:26.129 INFO: JdwpDebugServer: handling req: Method(6).LineTable(1)
16:31:26.129 INFO: JdwpDebugServer: handling req: Method(6).LineTable(1)
16:31:26.129 INFO: JdwpDebugServer: handling req: Method(6).LineTable(1)
16:31:26.129 INFO: JdwpDebugServer: handling req: Method(6).LineTable(1)
16:31:26.129 INFO: JdwpDebugServer: handling req: Method(6).LineTable(1)
16:31:26.129 INFO: JdwpDebugServer: handling req: Method(6).LineTable(1)
16:31:26.129 INFO: JdwpDebugServer: handling req: Method(6).LineTable(1)
16:31:26.130 INFO: JdwpDebugServer: handling req: Method(6).LineTable(1)
16:31:26.130 INFO: JdwpDebugServer: handling req: ClassType(3).Superclass(1)
16:31:26.131 INFO: JdwpDebugServer: handling req: ReferenceType(2).ClassLoader(2)
16:31:26.132 INFO: JdwpDebugServer: handling req: ReferenceType(2).ClassLoader(2)
16:31:26.132 INFO: JdwpDebugServer: handling req: ReferenceType(2).ClassLoader(2)
16:31:26.132 INFO: JdwpDebugServer: handling req: ReferenceType(2).ClassLoader(2)
16:31:26.132 INFO: JdwpDebugServer: handling req: ReferenceType(2).ClassLoader(2)
16:31:26.132 INFO: JdwpDebugServer: handling req: ReferenceType(2).ClassLoader(2)
16:31:26.132 INFO: JdwpDebugServer: handling req: ReferenceType(2).ClassLoader(2)
16:31:26.132 INFO: JdwpDebugServer: handling req: ReferenceType(2).ClassLoader(2)
16:31:26.133 INFO: JdwpDebugServer: handling req: ReferenceType(2).ClassLoader(2)
16:31:26.133 INFO: JdwpDebugServer: handling req: ReferenceType(2).ClassLoader(2)
16:31:26.133 INFO: JdwpDebugServer: handling req: ReferenceType(2).ClassLoader(2)
16:31:26.133 INFO: JdwpDebugServer: handling req: ReferenceType(2).ClassLoader(2)
16:31:26.133 INFO: JdwpDebugServer: handling req: ReferenceType(2).ClassLoader(2)
16:31:26.135 INFO: JdwpDebugServer: handling req: ReferenceType(2).MethodsWithGeneric(15)
16:31:26.136 INFO: JdwpDebugServer: handling req: Method(6).LineTable(1)
16:31:26.136 INFO: JdwpDebugServer: handling req: ReferenceType(2).MethodsWithGeneric(15)
16:31:26.136 INFO: JdwpDebugServer: handling req: Method(6).LineTable(1)
16:31:26.136 INFO: JdwpDebugServer: handling req: ReferenceType(2).MethodsWithGeneric(15)
16:31:26.136 INFO: JdwpDebugServer: handling req: Method(6).LineTable(1)
16:31:26.136 INFO: JdwpDebugServer: handling req: Method(6).LineTable(1)
16:31:26.136 INFO: JdwpDebugServer: handling req: Method(6).LineTable(1)
16:31:26.137 INFO: JdwpDebugServer: handling req: Method(6).LineTable(1)
16:31:26.137 INFO: JdwpDebugServer: handling req: Method(6).LineTable(1)
16:31:26.137 INFO: JdwpDebugServer: handling req: Method(6).LineTable(1)
16:31:26.137 INFO: JdwpDebugServer: handling req: Method(6).LineTable(1)
16:31:26.137 INFO: JdwpDebugServer: handling req: Method(6).LineTable(1)
16:31:26.137 INFO: JdwpDebugServer: handling req: Method(6).LineTable(1)
16:31:26.138 INFO: JdwpDebugServer: handling req: Method(6).LineTable(1)
16:31:26.138 INFO: JdwpDebugServer: handling req: Method(6).LineTable(1)
16:31:26.138 INFO: JdwpDebugServer: handling req: Method(6).LineTable(1)
16:31:26.138 INFO: JdwpDebugServer: handling req: Method(6).LineTable(1)
16:31:26.139 INFO: JdwpDebugServer: handling req: Method(6).LineTable(1)
16:31:26.139 INFO: JdwpDebugServer: handling req: Method(6).LineTable(1)
16:31:26.139 INFO: JdwpDebugServer: handling req: Method(6).LineTable(1)
16:31:26.139 INFO: JdwpDebugServer: handling req: Method(6).LineTable(1)
16:31:26.139 INFO: JdwpDebugServer: handling req: Method(6).LineTable(1)
16:31:26.139 INFO: JdwpDebugServer: handling req: Method(6).LineTable(1)
16:31:26.140 INFO: JdwpDebugServer: handling req: Method(6).LineTable(1)
16:31:26.140 INFO: JdwpDebugServer: handling req: Method(6).LineTable(1)
16:31:26.140 INFO: JdwpDebugServer: handling req: Method(6).LineTable(1)
16:31:26.140 INFO: JdwpDebugServer: handling req: Method(6).LineTable(1)
16:31:26.140 INFO: JdwpDebugServer: handling req: Method(6).LineTable(1)
16:31:26.140 INFO: JdwpDebugServer: handling req: Method(6).LineTable(1)
16:31:26.140 INFO: JdwpDebugServer: handling req: Method(6).LineTable(1)
16:31:26.141 INFO: JdwpDebugServer: handling req: ReferenceType(2).MethodsWithGeneric(15)
16:31:26.141 INFO: JdwpDebugServer: handling req: Method(6).LineTable(1)
16:31:26.141 INFO: JdwpDebugServer: handling req: ReferenceType(2).MethodsWithGeneric(15)
16:31:26.141 INFO: JdwpDebugServer: handling req: Method(6).LineTable(1)
16:31:26.141 INFO: JdwpDebugServer: handling req: ReferenceType(2).MethodsWithGeneric(15)
16:31:26.142 INFO: JdwpDebugServer: handling req: Method(6).LineTable(1)
16:31:26.142 INFO: JdwpDebugServer: handling req: ReferenceType(2).MethodsWithGeneric(15)
16:31:26.142 INFO: JdwpDebugServer: handling req: Method(6).LineTable(1)
16:31:26.142 INFO: JdwpDebugServer: handling req: ReferenceType(2).MethodsWithGeneric(15)
16:31:26.142 INFO: JdwpDebugServer: handling req: Method(6).LineTable(1)
16:31:26.142 INFO: JdwpDebugServer: handling req: ReferenceType(2).MethodsWithGeneric(15)
16:31:26.143 INFO: JdwpDebugServer: handling req: Method(6).LineTable(1)
16:31:26.143 INFO: JdwpDebugServer: handling req: ReferenceType(2).SourceFile(7)
16:31:26.171 INFO: JdwpDebugServer: handling req: EventRequest(15).Set(1)
16:31:26.171 INFO: JdwpEventCenterDelegate: jdwpSetEventRequest: JdwpEventRequest{requestId=111, eventKind=BREAKPOINT, suspendPolicy=EVENT_THREAD, predicates=[Location{classId=27810, methodId=11677, index=107} ]}
16:31:28.678 INFO: JdwpDebugServer: handling req: VirtualMachine(1).Exit(10)
16:31:28.678 SEVERE: Debugger: Thread JDWP server socket thread crashed
org.robovm.debugger.DebuggerException: Terminating due exit command
	at org.robovm.debugger.jdwp.JdwpDebugServer.doSocketWork(JdwpDebugServer.java:211)
	at java.base/java.lang.Thread.run(Thread.java:834)
	at org.robovm.debugger.utils.DebuggerThread.run(DebuggerThread.java:42)
16:31:29.184 SEVERE: Debugger: Thread HooksChannel socket thread crashed
org.robovm.debugger.DebuggerException: java.io.IOException: org.robovm.libimobiledevice.LibIMobileDeviceException: IDEVICE_E_UNKNOWN_ERROR
	at org.robovm.debugger.hooks.HooksChannel.doSocketWork(HooksChannel.java:149)
	at java.base/java.lang.Thread.run(Thread.java:834)
	at org.robovm.debugger.utils.DebuggerThread.run(DebuggerThread.java:42)
Caused by: java.io.IOException: org.robovm.libimobiledevice.LibIMobileDeviceException: IDEVICE_E_UNKNOWN_ERROR
	at org.robovm.libimobiledevice.IDeviceConnection$DeviceInputStream.read(IDeviceConnection.java:203)
	at org.robovm.debugger.utils.bytebuffer.DataBufferWriter.writeFromStream(DataBufferWriter.java:89)
	at org.robovm.debugger.hooks.HooksChannel.doSocketWork(HooksChannel.java:116)
	... 2 more
Caused by: org.robovm.libimobiledevice.LibIMobileDeviceException: IDEVICE_E_UNKNOWN_ERROR
	at org.robovm.libimobiledevice.IDevice.checkResult(IDevice.java:206)
	at org.robovm.libimobiledevice.IDeviceConnection.receive(IDeviceConnection.java:110)
	at org.robovm.libimobiledevice.IDeviceConnection.receive(IDeviceConnection.java:81)
	at org.robovm.libimobiledevice.IDeviceConnection$DeviceInputStream.read(IDeviceConnection.java:201)
	... 4 more
