20:46:51.552 INFO: JdwpDebugServer: handling req: VirtualMachine(1).IDSizes(7)
20:46:51.553 INFO: JdwpDebugServer: handling req: EventRequest(15).Set(1)
20:46:51.553 INFO: JdwpEventCenterDelegate: jdwpSetEventRequest: JdwpEventRequest{requestId=100, eventKind=CLASS_PREPARE, suspendPolicy=NONE, predicates=[]}
20:46:51.553 INFO: JdwpDebugServer: handling req: EventRequest(15).Set(1)
20:46:51.553 INFO: JdwpEventCenterDelegate: jdwpSetEventRequest: JdwpEventRequest{requestId=101, eventKind=CLASS_UNLOAD, suspendPolicy=NONE, predicates=[]}
20:46:51.572 INFO: JdwpDebugServer: handling req: VirtualMachine(1).Version(1)
20:46:51.573 INFO: JdwpDebugServer: handling req: VirtualMachine(1).capabilitiesNew(17)
20:46:51.573 INFO: JdwpDebugServer: handling req: VirtualMachine(1).capabilities(12)
20:46:51.573 INFO: JdwpDebugServer: handling req: VirtualMachine(1).AllClassesWithGeneric(20)
20:46:51.576 INFO: JdwpDebugServer: handling req: VirtualMachine(1).TopLevelThreadGroups(5)
20:46:51.578 INFO: JdwpDebugServer: handling req: EventRequest(15).Set(1)
20:46:51.578 INFO: JdwpEventCenterDelegate: jdwpSetEventRequest: JdwpEventRequest{requestId=102, eventKind=THREAD_START, suspendPolicy=NONE, predicates=[]}
20:46:51.578 INFO: JdwpDebugServer: handling req: EventRequest(15).Set(1)
20:46:51.578 INFO: JdwpEventCenterDelegate: jdwpSetEventRequest: JdwpEventRequest{requestId=103, eventKind=THREAD_DEATH, suspendPolicy=NONE, predicates=[]}
20:46:51.580 INFO: JdwpDebugServer: handling req: EventRequest(15).Set(1)
20:46:51.580 INFO: JdwpEventCenterDelegate: jdwpSetEventRequest: JdwpEventRequest{requestId=104, eventKind=CLASS_PREPARE, suspendPolicy=EVENT_THREAD, predicates=[className=sun.instrument.InstrumentationImpl]}
20:46:51.581 INFO: JdwpDebugServer: handling req: EventRequest(15).Set(1)
20:46:51.581 INFO: JdwpEventCenterDelegate: jdwpSetEventRequest: JdwpEventRequest{requestId=105, eventKind=CLASS_PREPARE, suspendPolicy=EVENT_THREAD, predicates=[className=sun.instrument.InstrumentationImpl]}
20:46:52.173 INFO: JdwpDebugServer: handling req: VirtualMachine(1).Resume(9)
20:46:52.227 INFO: JdwpEventCenterDelegate: THREAD_STARTED: thread (33, main, main)
20:46:52.248 INFO: JdwpEventCenterDelegate: THREAD_STARTED: thread (48, ReferenceQueueDaemon, main)
20:46:52.254 INFO: JdwpEventCenterDelegate: THREAD_STARTED: thread (63, FinalizerDaemon, main)
20:46:52.261 INFO: JdwpEventCenterDelegate: THREAD_STARTED: thread (78, FinalizerWatchdogDaemon, main)
20:46:52.263 INFO: JdwpEventCenterDelegate: THREAD_RESUMED: thread (33, main, main)
20:46:52.265 INFO: JdwpEventCenterDelegate: THREAD_RESUMED: thread (33, main, main)
20:46:52.266 INFO: JdwpEventCenterDelegate: THREAD_RESUMED: thread (33, main, main)
20:46:52.267 INFO: JdwpEventCenterDelegate: THREAD_RESUMED: thread (33, main, main)
20:46:52.268 INFO: JdwpEventCenterDelegate: THREAD_RESUMED: thread (33, main, main)
20:46:52.270 INFO: JdwpEventCenterDelegate: THREAD_RESUMED: thread (33, main, main)
20:46:52.271 INFO: JdwpEventCenterDelegate: THREAD_RESUMED: thread (33, main, main)
20:46:52.272 INFO: JdwpEventCenterDelegate: THREAD_RESUMED: thread (33, main, main)
20:46:52.273 INFO: JdwpEventCenterDelegate: THREAD_RESUMED: thread (33, main, main)
20:46:52.275 INFO: JdwpEventCenterDelegate: THREAD_RESUMED: thread (33, main, main)
20:46:52.276 INFO: JdwpEventCenterDelegate: THREAD_RESUMED: thread (33, main, main)
20:46:52.277 INFO: JdwpEventCenterDelegate: THREAD_RESUMED: thread (33, main, main)
20:46:52.278 INFO: JdwpEventCenterDelegate: THREAD_RESUMED: thread (33, main, main)
20:46:52.280 INFO: JdwpEventCenterDelegate: THREAD_RESUMED: thread (33, main, main)
20:46:52.281 INFO: JdwpEventCenterDelegate: THREAD_RESUMED: thread (33, main, main)
20:46:52.282 INFO: JdwpEventCenterDelegate: THREAD_RESUMED: thread (33, main, main)
20:46:52.284 INFO: JdwpEventCenterDelegate: THREAD_RESUMED: thread (33, main, main)
20:46:52.285 INFO: JdwpEventCenterDelegate: THREAD_RESUMED: thread (33, main, main)
20:46:52.289 INFO: JdwpEventCenterDelegate: THREAD_RESUMED: thread (33, main, main)
20:46:52.290 INFO: JdwpEventCenterDelegate: THREAD_RESUMED: thread (33, main, main)
20:46:52.291 INFO: JdwpEventCenterDelegate: THREAD_RESUMED: thread (33, main, main)
20:46:52.293 INFO: JdwpEventCenterDelegate: THREAD_RESUMED: thread (33, main, main)
20:46:52.294 INFO: JdwpEventCenterDelegate: THREAD_RESUMED: thread (33, main, main)
20:46:52.295 INFO: JdwpEventCenterDelegate: THREAD_RESUMED: thread (33, main, main)
20:46:52.297 INFO: JdwpEventCenterDelegate: THREAD_RESUMED: thread (33, main, main)
20:46:52.328 INFO: JdwpEventCenterDelegate: THREAD_RESUMED: thread (33, main, main)
20:46:52.329 INFO: JdwpEventCenterDelegate: THREAD_RESUMED: thread (33, main, main)
20:46:52.330 INFO: JdwpEventCenterDelegate: THREAD_RESUMED: thread (33, main, main)
20:46:52.332 INFO: JdwpEventCenterDelegate: THREAD_RESUMED: thread (33, main, main)
20:46:52.333 INFO: JdwpEventCenterDelegate: THREAD_RESUMED: thread (33, main, main)
20:46:52.335 INFO: JdwpEventCenterDelegate: THREAD_RESUMED: thread (33, main, main)
20:46:52.336 INFO: JdwpEventCenterDelegate: THREAD_RESUMED: thread (33, main, main)
20:46:52.339 INFO: JdwpEventCenterDelegate: THREAD_RESUMED: thread (33, main, main)
20:46:52.340 INFO: JdwpEventCenterDelegate: THREAD_RESUMED: thread (33, main, main)
20:46:52.342 INFO: JdwpEventCenterDelegate: THREAD_RESUMED: thread (33, main, main)
20:46:52.343 INFO: JdwpEventCenterDelegate: THREAD_RESUMED: thread (33, main, main)
20:46:52.344 INFO: JdwpEventCenterDelegate: THREAD_RESUMED: thread (33, main, main)
20:46:52.346 INFO: JdwpEventCenterDelegate: THREAD_RESUMED: thread (33, main, main)
20:46:52.347 INFO: JdwpEventCenterDelegate: THREAD_RESUMED: thread (33, main, main)
20:46:52.363 INFO: JdwpEventCenterDelegate: THREAD_RESUMED: thread (33, main, main)
20:46:52.364 INFO: JdwpEventCenterDelegate: THREAD_RESUMED: thread (33, main, main)
20:46:52.366 INFO: JdwpEventCenterDelegate: THREAD_RESUMED: thread (33, main, main)
20:46:52.367 INFO: JdwpEventCenterDelegate: THREAD_RESUMED: thread (33, main, main)
20:46:52.369 INFO: JdwpEventCenterDelegate: THREAD_RESUMED: thread (33, main, main)
20:46:52.370 INFO: JdwpEventCenterDelegate: THREAD_RESUMED: thread (33, main, main)
20:46:52.372 INFO: JdwpEventCenterDelegate: THREAD_RESUMED: thread (33, main, main)
20:46:52.394 INFO: JdwpEventCenterDelegate: THREAD_RESUMED: thread (33, main, main)
20:46:52.395 INFO: JdwpEventCenterDelegate: THREAD_RESUMED: thread (33, main, main)
20:46:52.396 INFO: JdwpEventCenterDelegate: THREAD_RESUMED: thread (33, main, main)
20:46:52.398 INFO: JdwpEventCenterDelegate: THREAD_RESUMED: thread (33, main, main)
20:46:52.399 INFO: JdwpEventCenterDelegate: THREAD_RESUMED: thread (33, main, main)
20:46:52.400 INFO: JdwpEventCenterDelegate: THREAD_RESUMED: thread (33, main, main)
20:46:52.401 INFO: JdwpEventCenterDelegate: THREAD_RESUMED: thread (33, main, main)
20:46:52.429 INFO: JdwpEventCenterDelegate: THREAD_RESUMED: thread (33, main, main)
20:46:52.431 INFO: JdwpEventCenterDelegate: THREAD_RESUMED: thread (33, main, main)
20:46:52.432 INFO: JdwpEventCenterDelegate: THREAD_RESUMED: thread (33, main, main)
20:46:52.434 INFO: JdwpEventCenterDelegate: THREAD_RESUMED: thread (33, main, main)
20:46:52.435 INFO: JdwpEventCenterDelegate: THREAD_RESUMED: thread (33, main, main)
20:46:52.437 INFO: JdwpEventCenterDelegate: THREAD_RESUMED: thread (33, main, main)
20:46:52.438 INFO: JdwpEventCenterDelegate: THREAD_RESUMED: thread (33, main, main)
20:46:52.447 INFO: JdwpEventCenterDelegate: THREAD_RESUMED: thread (33, main, main)
20:46:52.449 INFO: JdwpEventCenterDelegate: THREAD_RESUMED: thread (33, main, main)
20:46:52.450 INFO: JdwpEventCenterDelegate: THREAD_RESUMED: thread (33, main, main)
20:46:52.452 INFO: JdwpEventCenterDelegate: THREAD_RESUMED: thread (33, main, main)
20:46:52.453 INFO: JdwpEventCenterDelegate: THREAD_RESUMED: thread (33, main, main)
20:46:52.455 INFO: JdwpEventCenterDelegate: THREAD_RESUMED: thread (33, main, main)
20:46:52.456 INFO: JdwpEventCenterDelegate: THREAD_RESUMED: thread (33, main, main)
20:46:52.465 INFO: JdwpEventCenterDelegate: THREAD_RESUMED: thread (33, main, main)
20:46:52.467 INFO: JdwpEventCenterDelegate: THREAD_RESUMED: thread (33, main, main)
20:46:52.468 INFO: JdwpEventCenterDelegate: THREAD_RESUMED: thread (33, main, main)
20:46:52.469 INFO: JdwpEventCenterDelegate: THREAD_RESUMED: thread (33, main, main)
20:46:52.471 INFO: JdwpEventCenterDelegate: THREAD_RESUMED: thread (33, main, main)
20:46:52.473 INFO: JdwpEventCenterDelegate: THREAD_RESUMED: thread (33, main, main)
20:46:52.475 INFO: JdwpEventCenterDelegate: THREAD_RESUMED: thread (33, main, main)
20:46:52.476 INFO: JdwpEventCenterDelegate: THREAD_RESUMED: thread (33, main, main)
20:46:52.478 INFO: JdwpEventCenterDelegate: THREAD_RESUMED: thread (33, main, main)
20:46:52.479 INFO: JdwpEventCenterDelegate: THREAD_RESUMED: thread (33, main, main)
20:46:52.481 INFO: JdwpEventCenterDelegate: THREAD_RESUMED: thread (33, main, main)
20:46:52.483 INFO: JdwpEventCenterDelegate: THREAD_RESUMED: thread (33, main, main)
20:46:52.484 INFO: JdwpEventCenterDelegate: THREAD_RESUMED: thread (33, main, main)
20:46:52.486 INFO: JdwpEventCenterDelegate: THREAD_RESUMED: thread (33, main, main)
20:46:52.487 INFO: JdwpEventCenterDelegate: THREAD_RESUMED: thread (33, main, main)
20:46:52.489 INFO: JdwpEventCenterDelegate: THREAD_RESUMED: thread (33, main, main)
20:46:52.490 INFO: JdwpEventCenterDelegate: THREAD_RESUMED: thread (33, main, main)
20:46:52.491 INFO: JdwpEventCenterDelegate: THREAD_RESUMED: thread (33, main, main)
20:46:52.494 INFO: JdwpEventCenterDelegate: THREAD_RESUMED: thread (33, main, main)
20:46:52.495 INFO: JdwpEventCenterDelegate: THREAD_RESUMED: thread (33, main, main)
20:46:52.620 INFO: JdwpEventCenterDelegate: THREAD_STARTED: thread (93, AssetManager, main)
20:46:52.726 INFO: JdwpEventCenterDelegate: THREAD_RESUMED: thread (33, main, main)
20:46:52.728 INFO: JdwpEventCenterDelegate: THREAD_RESUMED: thread (33, main, main)
20:46:55.285 INFO: JdwpEventCenterDelegate: THREAD_RESUMED: thread (33, main, main)
20:46:55.390 INFO: JdwpEventCenterDelegate: THREAD_RESUMED: thread (33, main, main)
20:46:55.392 INFO: JdwpEventCenterDelegate: THREAD_RESUMED: thread (33, main, main)
20:46:55.393 INFO: JdwpEventCenterDelegate: THREAD_RESUMED: thread (33, main, main)
20:46:55.395 INFO: JdwpEventCenterDelegate: THREAD_RESUMED: thread (33, main, main)
20:46:55.397 INFO: JdwpEventCenterDelegate: THREAD_RESUMED: thread (33, main, main)
20:46:55.403 INFO: JdwpEventCenterDelegate: THREAD_RESUMED: thread (33, main, main)
20:46:55.415 INFO: JdwpEventCenterDelegate: THREAD_RESUMED: thread (33, main, main)
20:46:55.417 INFO: JdwpEventCenterDelegate: THREAD_RESUMED: thread (33, main, main)
20:46:55.419 INFO: JdwpEventCenterDelegate: THREAD_RESUMED: thread (33, main, main)
20:46:55.421 INFO: JdwpEventCenterDelegate: THREAD_RESUMED: thread (33, main, main)
20:46:55.423 INFO: JdwpEventCenterDelegate: THREAD_RESUMED: thread (33, main, main)
20:46:55.427 INFO: JdwpEventCenterDelegate: THREAD_RESUMED: thread (33, main, main)
20:46:55.442 INFO: JdwpEventCenterDelegate: THREAD_RESUMED: thread (33, main, main)
20:46:55.443 INFO: JdwpEventCenterDelegate: THREAD_RESUMED: thread (33, main, main)
20:46:55.445 INFO: JdwpEventCenterDelegate: THREAD_RESUMED: thread (33, main, main)
20:46:55.447 INFO: JdwpEventCenterDelegate: THREAD_RESUMED: thread (33, main, main)
20:46:55.449 INFO: JdwpEventCenterDelegate: THREAD_RESUMED: thread (33, main, main)
20:46:55.454 INFO: JdwpEventCenterDelegate: THREAD_RESUMED: thread (33, main, main)
20:46:55.472 INFO: JdwpEventCenterDelegate: THREAD_RESUMED: thread (33, main, main)
20:46:55.475 INFO: JdwpEventCenterDelegate: THREAD_RESUMED: thread (33, main, main)
20:46:55.477 INFO: JdwpEventCenterDelegate: THREAD_RESUMED: thread (33, main, main)
20:46:55.479 INFO: JdwpEventCenterDelegate: THREAD_RESUMED: thread (33, main, main)
20:46:55.481 INFO: JdwpEventCenterDelegate: THREAD_RESUMED: thread (33, main, main)
20:46:55.486 INFO: JdwpEventCenterDelegate: THREAD_RESUMED: thread (33, main, main)
20:46:55.502 INFO: JdwpEventCenterDelegate: THREAD_RESUMED: thread (33, main, main)
20:46:55.505 INFO: JdwpEventCenterDelegate: THREAD_RESUMED: thread (33, main, main)
20:46:55.507 INFO: JdwpEventCenterDelegate: THREAD_RESUMED: thread (33, main, main)
20:46:55.509 INFO: JdwpEventCenterDelegate: THREAD_RESUMED: thread (33, main, main)
20:46:55.511 INFO: JdwpEventCenterDelegate: THREAD_RESUMED: thread (33, main, main)
20:46:55.516 INFO: JdwpEventCenterDelegate: THREAD_RESUMED: thread (33, main, main)
20:46:55.532 INFO: JdwpEventCenterDelegate: THREAD_RESUMED: thread (33, main, main)
20:46:55.534 INFO: JdwpEventCenterDelegate: THREAD_RESUMED: thread (33, main, main)
20:46:55.536 INFO: JdwpEventCenterDelegate: THREAD_RESUMED: thread (33, main, main)
20:46:55.539 INFO: JdwpEventCenterDelegate: THREAD_RESUMED: thread (33, main, main)
20:46:55.541 INFO: JdwpEventCenterDelegate: THREAD_RESUMED: thread (33, main, main)
20:46:55.546 INFO: JdwpEventCenterDelegate: THREAD_RESUMED: thread (33, main, main)
20:46:55.565 INFO: JdwpEventCenterDelegate: THREAD_RESUMED: thread (33, main, main)
20:46:55.567 INFO: JdwpEventCenterDelegate: THREAD_RESUMED: thread (33, main, main)
20:46:55.569 INFO: JdwpEventCenterDelegate: THREAD_RESUMED: thread (33, main, main)
20:46:55.571 INFO: JdwpEventCenterDelegate: THREAD_RESUMED: thread (33, main, main)
20:46:55.573 INFO: JdwpEventCenterDelegate: THREAD_RESUMED: thread (33, main, main)
20:46:55.578 INFO: JdwpEventCenterDelegate: THREAD_RESUMED: thread (33, main, main)
20:46:55.597 INFO: JdwpEventCenterDelegate: THREAD_RESUMED: thread (33, main, main)
20:46:55.599 INFO: JdwpEventCenterDelegate: THREAD_RESUMED: thread (33, main, main)
20:46:55.601 INFO: JdwpEventCenterDelegate: THREAD_RESUMED: thread (33, main, main)
20:46:55.602 INFO: JdwpEventCenterDelegate: THREAD_RESUMED: thread (33, main, main)
20:46:55.605 INFO: JdwpEventCenterDelegate: THREAD_RESUMED: thread (33, main, main)
20:46:55.609 INFO: JdwpEventCenterDelegate: THREAD_RESUMED: thread (33, main, main)
20:46:55.627 INFO: JdwpEventCenterDelegate: THREAD_RESUMED: thread (33, main, main)
20:46:55.629 INFO: JdwpEventCenterDelegate: THREAD_RESUMED: thread (33, main, main)
20:46:55.631 INFO: JdwpEventCenterDelegate: THREAD_RESUMED: thread (33, main, main)
20:46:55.633 INFO: JdwpEventCenterDelegate: THREAD_RESUMED: thread (33, main, main)
20:46:55.635 INFO: JdwpEventCenterDelegate: THREAD_RESUMED: thread (33, main, main)
20:46:55.640 INFO: JdwpEventCenterDelegate: THREAD_RESUMED: thread (33, main, main)
20:46:55.658 INFO: JdwpEventCenterDelegate: THREAD_RESUMED: thread (33, main, main)
20:46:55.659 INFO: JdwpEventCenterDelegate: THREAD_RESUMED: thread (33, main, main)
20:46:55.661 INFO: JdwpEventCenterDelegate: THREAD_RESUMED: thread (33, main, main)
20:46:55.663 INFO: JdwpEventCenterDelegate: THREAD_RESUMED: thread (33, main, main)
20:46:55.665 INFO: JdwpEventCenterDelegate: THREAD_RESUMED: thread (33, main, main)
20:46:55.670 INFO: JdwpEventCenterDelegate: THREAD_RESUMED: thread (33, main, main)
20:46:55.685 INFO: JdwpEventCenterDelegate: THREAD_RESUMED: thread (33, main, main)
20:46:55.687 INFO: JdwpEventCenterDelegate: THREAD_RESUMED: thread (33, main, main)
20:46:55.689 INFO: JdwpEventCenterDelegate: THREAD_RESUMED: thread (33, main, main)
20:46:55.691 INFO: JdwpEventCenterDelegate: THREAD_RESUMED: thread (33, main, main)
20:46:55.693 INFO: JdwpEventCenterDelegate: THREAD_RESUMED: thread (33, main, main)
20:46:55.698 INFO: JdwpEventCenterDelegate: THREAD_RESUMED: thread (33, main, main)
20:46:55.717 INFO: JdwpEventCenterDelegate: THREAD_RESUMED: thread (33, main, main)
20:46:55.720 INFO: JdwpEventCenterDelegate: THREAD_RESUMED: thread (33, main, main)
20:46:55.722 INFO: JdwpEventCenterDelegate: THREAD_RESUMED: thread (33, main, main)
20:46:55.724 INFO: JdwpEventCenterDelegate: THREAD_RESUMED: thread (33, main, main)
20:46:55.726 INFO: JdwpEventCenterDelegate: THREAD_RESUMED: thread (33, main, main)
20:46:55.731 INFO: JdwpEventCenterDelegate: THREAD_RESUMED: thread (33, main, main)
20:46:55.753 INFO: JdwpEventCenterDelegate: THREAD_RESUMED: thread (33, main, main)
20:46:55.755 INFO: JdwpEventCenterDelegate: THREAD_RESUMED: thread (33, main, main)
20:46:55.757 INFO: JdwpEventCenterDelegate: THREAD_RESUMED: thread (33, main, main)
20:46:55.759 INFO: JdwpEventCenterDelegate: THREAD_RESUMED: thread (33, main, main)
20:46:55.761 INFO: JdwpEventCenterDelegate: THREAD_RESUMED: thread (33, main, main)
20:46:55.766 INFO: JdwpEventCenterDelegate: THREAD_RESUMED: thread (33, main, main)
20:46:55.785 INFO: JdwpEventCenterDelegate: THREAD_RESUMED: thread (33, main, main)
20:46:55.787 INFO: JdwpEventCenterDelegate: THREAD_RESUMED: thread (33, main, main)
20:46:55.789 INFO: JdwpEventCenterDelegate: THREAD_RESUMED: thread (33, main, main)
20:46:55.791 INFO: JdwpEventCenterDelegate: THREAD_RESUMED: thread (33, main, main)
20:46:55.794 INFO: JdwpEventCenterDelegate: THREAD_RESUMED: thread (33, main, main)
20:46:55.799 INFO: JdwpEventCenterDelegate: THREAD_RESUMED: thread (33, main, main)
20:46:55.812 INFO: JdwpEventCenterDelegate: THREAD_RESUMED: thread (33, main, main)
20:46:55.814 INFO: JdwpEventCenterDelegate: THREAD_RESUMED: thread (33, main, main)
20:46:55.816 INFO: JdwpEventCenterDelegate: THREAD_RESUMED: thread (33, main, main)
20:46:55.819 INFO: JdwpEventCenterDelegate: THREAD_RESUMED: thread (33, main, main)
20:46:55.821 INFO: JdwpEventCenterDelegate: THREAD_RESUMED: thread (33, main, main)
20:46:55.826 INFO: JdwpEventCenterDelegate: THREAD_RESUMED: thread (33, main, main)
20:46:55.829 INFO: JdwpEventCenterDelegate: THREAD_RESUMED: thread (33, main, main)
20:46:55.831 INFO: JdwpEventCenterDelegate: THREAD_RESUMED: thread (33, main, main)
20:46:55.833 INFO: JdwpEventCenterDelegate: THREAD_RESUMED: thread (33, main, main)
20:46:55.836 INFO: JdwpEventCenterDelegate: THREAD_RESUMED: thread (33, main, main)
20:46:55.838 INFO: JdwpEventCenterDelegate: THREAD_RESUMED: thread (33, main, main)
20:46:55.840 INFO: JdwpEventCenterDelegate: THREAD_RESUMED: thread (33, main, main)
20:46:55.844 INFO: JdwpEventCenterDelegate: THREAD_RESUMED: thread (33, main, main)
20:46:55.847 INFO: JdwpEventCenterDelegate: THREAD_RESUMED: thread (33, main, main)
20:46:55.849 INFO: JdwpEventCenterDelegate: THREAD_RESUMED: thread (33, main, main)
20:46:55.851 INFO: JdwpEventCenterDelegate: THREAD_RESUMED: thread (33, main, main)
20:46:55.864 INFO: JdwpEventCenterDelegate: THREAD_RESUMED: thread (33, main, main)
20:46:55.866 INFO: JdwpEventCenterDelegate: THREAD_RESUMED: thread (33, main, main)
20:46:55.868 INFO: JdwpEventCenterDelegate: THREAD_RESUMED: thread (33, main, main)
20:46:55.870 INFO: JdwpEventCenterDelegate: THREAD_RESUMED: thread (33, main, main)
20:46:55.871 INFO: JdwpEventCenterDelegate: THREAD_RESUMED: thread (33, main, main)
20:46:55.876 INFO: JdwpEventCenterDelegate: THREAD_RESUMED: thread (33, main, main)
20:46:55.888 INFO: JdwpEventCenterDelegate: THREAD_RESUMED: thread (33, main, main)
20:46:55.901 INFO: JdwpEventCenterDelegate: THREAD_RESUMED: thread (33, main, main)
20:46:55.912 INFO: JdwpEventCenterDelegate: THREAD_RESUMED: thread (33, main, main)
20:46:55.926 INFO: JdwpEventCenterDelegate: THREAD_RESUMED: thread (33, main, main)
20:46:55.959 INFO: JdwpEventCenterDelegate: THREAD_RESUMED: thread (33, main, main)
20:46:55.962 INFO: JdwpEventCenterDelegate: THREAD_RESUMED: thread (33, main, main)
20:46:55.964 INFO: JdwpEventCenterDelegate: THREAD_RESUMED: thread (33, main, main)
20:46:55.966 INFO: JdwpEventCenterDelegate: THREAD_RESUMED: thread (33, main, main)
20:46:55.968 INFO: JdwpEventCenterDelegate: THREAD_RESUMED: thread (33, main, main)
20:46:55.973 INFO: JdwpEventCenterDelegate: THREAD_RESUMED: thread (33, main, main)
20:46:55.984 INFO: JdwpEventCenterDelegate: THREAD_RESUMED: thread (33, main, main)
20:46:55.987 INFO: JdwpEventCenterDelegate: THREAD_RESUMED: thread (33, main, main)
20:46:55.989 INFO: JdwpEventCenterDelegate: THREAD_RESUMED: thread (33, main, main)
20:46:55.991 INFO: JdwpEventCenterDelegate: THREAD_RESUMED: thread (33, main, main)
20:46:55.993 INFO: JdwpEventCenterDelegate: THREAD_RESUMED: thread (33, main, main)
20:46:55.998 INFO: JdwpEventCenterDelegate: THREAD_RESUMED: thread (33, main, main)
20:46:56.012 INFO: JdwpEventCenterDelegate: THREAD_RESUMED: thread (33, main, main)
20:46:56.015 INFO: JdwpEventCenterDelegate: THREAD_RESUMED: thread (33, main, main)
20:46:56.017 INFO: JdwpEventCenterDelegate: THREAD_RESUMED: thread (33, main, main)
20:46:56.019 INFO: JdwpEventCenterDelegate: THREAD_RESUMED: thread (33, main, main)
20:46:56.022 INFO: JdwpEventCenterDelegate: THREAD_RESUMED: thread (33, main, main)
20:46:56.026 INFO: JdwpEventCenterDelegate: THREAD_RESUMED: thread (33, main, main)
20:46:56.043 INFO: JdwpEventCenterDelegate: THREAD_RESUMED: thread (33, main, main)
20:46:56.046 INFO: JdwpEventCenterDelegate: THREAD_RESUMED: thread (33, main, main)
20:46:56.048 INFO: JdwpEventCenterDelegate: THREAD_RESUMED: thread (33, main, main)
20:46:56.050 INFO: JdwpEventCenterDelegate: THREAD_RESUMED: thread (33, main, main)
20:46:56.052 INFO: JdwpEventCenterDelegate: THREAD_RESUMED: thread (33, main, main)
20:46:56.057 INFO: JdwpEventCenterDelegate: THREAD_RESUMED: thread (33, main, main)
20:46:56.071 INFO: JdwpEventCenterDelegate: THREAD_RESUMED: thread (33, main, main)
20:46:56.074 INFO: JdwpEventCenterDelegate: THREAD_RESUMED: thread (33, main, main)
20:46:56.076 INFO: JdwpEventCenterDelegate: THREAD_RESUMED: thread (33, main, main)
20:46:56.078 INFO: JdwpEventCenterDelegate: THREAD_RESUMED: thread (33, main, main)
20:46:56.080 INFO: JdwpEventCenterDelegate: THREAD_RESUMED: thread (33, main, main)
20:46:56.085 INFO: JdwpEventCenterDelegate: THREAD_RESUMED: thread (33, main, main)
20:46:56.099 INFO: JdwpEventCenterDelegate: THREAD_RESUMED: thread (33, main, main)
20:46:56.101 INFO: JdwpEventCenterDelegate: THREAD_RESUMED: thread (33, main, main)
20:46:56.103 INFO: JdwpEventCenterDelegate: THREAD_RESUMED: thread (33, main, main)
20:46:56.105 INFO: JdwpEventCenterDelegate: THREAD_RESUMED: thread (33, main, main)
20:46:56.107 INFO: JdwpEventCenterDelegate: THREAD_RESUMED: thread (33, main, main)
20:46:56.111 INFO: JdwpEventCenterDelegate: THREAD_RESUMED: thread (33, main, main)
20:46:56.132 INFO: JdwpEventCenterDelegate: THREAD_RESUMED: thread (33, main, main)
20:46:56.134 INFO: JdwpEventCenterDelegate: THREAD_RESUMED: thread (33, main, main)
20:46:56.136 INFO: JdwpEventCenterDelegate: THREAD_RESUMED: thread (33, main, main)
20:46:56.138 INFO: JdwpEventCenterDelegate: THREAD_RESUMED: thread (33, main, main)
20:46:56.140 INFO: JdwpEventCenterDelegate: THREAD_RESUMED: thread (33, main, main)
20:46:56.144 INFO: JdwpEventCenterDelegate: THREAD_RESUMED: thread (33, main, main)
20:46:56.162 INFO: JdwpEventCenterDelegate: THREAD_RESUMED: thread (33, main, main)
20:46:56.164 INFO: JdwpEventCenterDelegate: THREAD_RESUMED: thread (33, main, main)
20:46:56.166 INFO: JdwpEventCenterDelegate: THREAD_RESUMED: thread (33, main, main)
20:46:56.168 INFO: JdwpEventCenterDelegate: THREAD_RESUMED: thread (33, main, main)
20:46:56.170 INFO: JdwpEventCenterDelegate: THREAD_RESUMED: thread (33, main, main)
20:46:56.175 INFO: JdwpEventCenterDelegate: THREAD_RESUMED: thread (33, main, main)
20:46:56.192 INFO: JdwpEventCenterDelegate: THREAD_RESUMED: thread (33, main, main)
20:46:56.195 INFO: JdwpEventCenterDelegate: THREAD_RESUMED: thread (33, main, main)
20:46:56.197 INFO: JdwpEventCenterDelegate: THREAD_RESUMED: thread (33, main, main)
20:46:56.199 INFO: JdwpEventCenterDelegate: THREAD_RESUMED: thread (33, main, main)
20:46:56.201 INFO: JdwpEventCenterDelegate: THREAD_RESUMED: thread (33, main, main)
20:46:56.206 INFO: JdwpEventCenterDelegate: THREAD_RESUMED: thread (33, main, main)
20:46:56.220 INFO: JdwpEventCenterDelegate: THREAD_RESUMED: thread (33, main, main)
20:46:56.223 INFO: JdwpEventCenterDelegate: THREAD_RESUMED: thread (33, main, main)
20:46:56.225 INFO: JdwpEventCenterDelegate: THREAD_RESUMED: thread (33, main, main)
20:46:56.227 INFO: JdwpEventCenterDelegate: THREAD_RESUMED: thread (33, main, main)
20:46:56.228 INFO: JdwpEventCenterDelegate: THREAD_RESUMED: thread (33, main, main)
20:46:56.233 INFO: JdwpEventCenterDelegate: THREAD_RESUMED: thread (33, main, main)
20:46:56.247 INFO: JdwpEventCenterDelegate: THREAD_RESUMED: thread (33, main, main)
20:46:56.250 INFO: JdwpEventCenterDelegate: THREAD_RESUMED: thread (33, main, main)
20:46:56.252 INFO: JdwpEventCenterDelegate: THREAD_RESUMED: thread (33, main, main)
20:46:56.254 INFO: JdwpEventCenterDelegate: THREAD_RESUMED: thread (33, main, main)
20:46:56.256 INFO: JdwpEventCenterDelegate: THREAD_RESUMED: thread (33, main, main)
20:46:56.261 INFO: JdwpEventCenterDelegate: THREAD_RESUMED: thread (33, main, main)
20:46:56.280 INFO: JdwpEventCenterDelegate: THREAD_RESUMED: thread (33, main, main)
20:46:56.282 INFO: JdwpEventCenterDelegate: THREAD_RESUMED: thread (33, main, main)
20:46:56.284 INFO: JdwpEventCenterDelegate: THREAD_RESUMED: thread (33, main, main)
20:46:56.286 INFO: JdwpEventCenterDelegate: THREAD_RESUMED: thread (33, main, main)
20:46:56.288 INFO: JdwpEventCenterDelegate: THREAD_RESUMED: thread (33, main, main)
20:46:56.293 INFO: JdwpEventCenterDelegate: THREAD_RESUMED: thread (33, main, main)
20:46:56.317 INFO: JdwpEventCenterDelegate: THREAD_RESUMED: thread (33, main, main)
20:46:56.319 INFO: JdwpEventCenterDelegate: THREAD_RESUMED: thread (33, main, main)
20:46:56.322 INFO: JdwpEventCenterDelegate: THREAD_RESUMED: thread (33, main, main)
20:46:56.324 INFO: JdwpEventCenterDelegate: THREAD_RESUMED: thread (33, main, main)
20:46:56.326 INFO: JdwpEventCenterDelegate: THREAD_RESUMED: thread (33, main, main)
20:46:56.331 INFO: JdwpEventCenterDelegate: THREAD_RESUMED: thread (33, main, main)
20:46:56.349 INFO: JdwpEventCenterDelegate: THREAD_RESUMED: thread (33, main, main)
20:46:56.351 INFO: JdwpEventCenterDelegate: THREAD_RESUMED: thread (33, main, main)
20:46:56.354 INFO: JdwpEventCenterDelegate: THREAD_RESUMED: thread (33, main, main)
20:46:56.356 INFO: JdwpEventCenterDelegate: THREAD_RESUMED: thread (33, main, main)
20:46:56.358 INFO: JdwpEventCenterDelegate: THREAD_RESUMED: thread (33, main, main)
20:46:56.363 INFO: JdwpEventCenterDelegate: THREAD_RESUMED: thread (33, main, main)
20:46:56.375 INFO: JdwpEventCenterDelegate: THREAD_RESUMED: thread (33, main, main)
20:46:56.377 INFO: JdwpEventCenterDelegate: THREAD_RESUMED: thread (33, main, main)
20:46:56.380 INFO: JdwpEventCenterDelegate: THREAD_RESUMED: thread (33, main, main)
20:46:56.382 INFO: JdwpEventCenterDelegate: THREAD_RESUMED: thread (33, main, main)
20:46:56.384 INFO: JdwpEventCenterDelegate: THREAD_RESUMED: thread (33, main, main)
20:47:34.421 INFO: JdwpEventCenterDelegate: THREAD_STARTED: thread (108, Timer, main)
20:47:35.296 INFO: JdwpEventCenterDelegate: THREAD_RESUMED: thread (33, main, main)
20:47:35.329 INFO: JdwpEventCenterDelegate: THREAD_RESUMED: thread (33, main, main)
20:47:35.352 INFO: JdwpEventCenterDelegate: THREAD_RESUMED: thread (33, main, main)
20:47:35.371 INFO: JdwpEventCenterDelegate: THREAD_RESUMED: thread (33, main, main)
20:47:35.415 INFO: JdwpEventCenterDelegate: THREAD_RESUMED: thread (33, main, main)
20:47:35.449 INFO: JdwpEventCenterDelegate: THREAD_RESUMED: thread (33, main, main)
20:47:35.466 INFO: JdwpEventCenterDelegate: THREAD_RESUMED: thread (33, main, main)
20:47:35.481 INFO: JdwpEventCenterDelegate: THREAD_RESUMED: thread (33, main, main)
20:47:35.488 INFO: JdwpEventCenterDelegate: THREAD_RESUMED: thread (33, main, main)
20:47:35.502 INFO: JdwpEventCenterDelegate: THREAD_RESUMED: thread (33, main, main)
20:47:35.533 INFO: JdwpEventCenterDelegate: THREAD_RESUMED: thread (33, main, main)
20:47:35.545 INFO: JdwpEventCenterDelegate: THREAD_RESUMED: thread (33, main, main)
20:47:35.557 INFO: JdwpEventCenterDelegate: THREAD_RESUMED: thread (33, main, main)
20:47:35.569 INFO: JdwpEventCenterDelegate: THREAD_RESUMED: thread (33, main, main)
20:47:35.604 INFO: JdwpEventCenterDelegate: THREAD_RESUMED: thread (33, main, main)
20:47:35.637 INFO: JdwpEventCenterDelegate: THREAD_RESUMED: thread (33, main, main)
20:47:35.653 INFO: JdwpEventCenterDelegate: THREAD_RESUMED: thread (33, main, main)
20:47:35.667 INFO: JdwpEventCenterDelegate: THREAD_RESUMED: thread (33, main, main)
20:47:35.673 INFO: JdwpEventCenterDelegate: THREAD_RESUMED: thread (33, main, main)
20:47:35.686 INFO: JdwpEventCenterDelegate: THREAD_RESUMED: thread (33, main, main)
20:47:38.520 INFO: JdwpEventCenterDelegate: THREAD_RESUMED: thread (33, main, main)
20:47:38.567 INFO: JdwpEventCenterDelegate: THREAD_RESUMED: thread (33, main, main)
20:47:38.588 INFO: JdwpEventCenterDelegate: THREAD_RESUMED: thread (33, main, main)
20:47:38.608 INFO: JdwpEventCenterDelegate: THREAD_RESUMED: thread (33, main, main)
20:47:38.622 INFO: JdwpEventCenterDelegate: THREAD_RESUMED: thread (33, main, main)
20:47:38.634 INFO: JdwpEventCenterDelegate: THREAD_RESUMED: thread (33, main, main)
20:47:38.647 INFO: JdwpEventCenterDelegate: THREAD_RESUMED: thread (33, main, main)
20:47:38.659 INFO: JdwpEventCenterDelegate: THREAD_RESUMED: thread (33, main, main)
20:47:38.674 INFO: JdwpEventCenterDelegate: THREAD_RESUMED: thread (33, main, main)
20:47:39.372 INFO: JdwpEventCenterDelegate: THREAD_RESUMED: thread (33, main, main)
20:47:39.424 INFO: JdwpEventCenterDelegate: THREAD_RESUMED: thread (33, main, main)
20:47:39.446 INFO: JdwpEventCenterDelegate: THREAD_RESUMED: thread (33, main, main)
20:47:39.461 INFO: JdwpEventCenterDelegate: THREAD_RESUMED: thread (33, main, main)
20:47:39.475 INFO: JdwpEventCenterDelegate: THREAD_RESUMED: thread (33, main, main)
20:47:39.489 INFO: JdwpEventCenterDelegate: THREAD_RESUMED: thread (33, main, main)
20:47:39.502 INFO: JdwpEventCenterDelegate: THREAD_RESUMED: thread (33, main, main)
20:47:39.516 INFO: JdwpEventCenterDelegate: THREAD_RESUMED: thread (33, main, main)
20:47:39.531 INFO: JdwpEventCenterDelegate: THREAD_RESUMED: thread (33, main, main)
20:47:41.463 INFO: JdwpEventCenterDelegate: THREAD_RESUMED: thread (33, main, main)
20:47:41.510 INFO: JdwpEventCenterDelegate: THREAD_RESUMED: thread (33, main, main)
20:47:41.535 INFO: JdwpEventCenterDelegate: THREAD_RESUMED: thread (33, main, main)
20:47:41.558 INFO: JdwpEventCenterDelegate: THREAD_RESUMED: thread (33, main, main)
20:47:41.576 INFO: JdwpEventCenterDelegate: THREAD_RESUMED: thread (33, main, main)
20:47:41.591 INFO: JdwpEventCenterDelegate: THREAD_RESUMED: thread (33, main, main)
20:47:42.252 INFO: JdwpEventCenterDelegate: THREAD_RESUMED: thread (33, main, main)
20:47:42.304 INFO: JdwpEventCenterDelegate: THREAD_RESUMED: thread (33, main, main)
20:47:42.327 INFO: JdwpEventCenterDelegate: THREAD_RESUMED: thread (33, main, main)
20:47:42.350 INFO: JdwpEventCenterDelegate: THREAD_RESUMED: thread (33, main, main)
20:47:42.365 INFO: JdwpEventCenterDelegate: THREAD_RESUMED: thread (33, main, main)
20:47:43.169 INFO: JdwpEventCenterDelegate: THREAD_RESUMED: thread (33, main, main)
20:47:43.221 INFO: JdwpEventCenterDelegate: THREAD_RESUMED: thread (33, main, main)
20:47:43.242 INFO: JdwpEventCenterDelegate: THREAD_RESUMED: thread (33, main, main)
20:47:43.277 SEVERE: Debugger: Thread HooksChannel socket thread crashed
org.robovm.debugger.DebuggerException: java.io.IOException: org.robovm.libimobiledevice.LibIMobileDeviceException: IDEVICE_E_UNKNOWN_ERROR
	at org.robovm.debugger.hooks.HooksChannel.doSocketWork(HooksChannel.java:149)
	at java.base/java.lang.Thread.run(Thread.java:834)
	at org.robovm.debugger.utils.DebuggerThread.run(DebuggerThread.java:42)
Caused by: java.io.IOException: org.robovm.libimobiledevice.LibIMobileDeviceException: IDEVICE_E_UNKNOWN_ERROR
	at org.robovm.libimobiledevice.IDeviceConnection$DeviceInputStream.read(IDeviceConnection.java:203)
	at org.robovm.debugger.utils.bytebuffer.DataBufferWriter.writeFromStream(DataBufferWriter.java:89)
	at org.robovm.debugger.hooks.HooksChannel.doSocketWork(HooksChannel.java:116)
	... 2 more
Caused by: org.robovm.libimobiledevice.LibIMobileDeviceException: IDEVICE_E_UNKNOWN_ERROR
	at org.robovm.libimobiledevice.IDevice.checkResult(IDevice.java:206)
	at org.robovm.libimobiledevice.IDeviceConnection.receive(IDeviceConnection.java:110)
	at org.robovm.libimobiledevice.IDeviceConnection.receive(IDeviceConnection.java:81)
	at org.robovm.libimobiledevice.IDeviceConnection$DeviceInputStream.read(IDeviceConnection.java:201)
	... 4 more
20:47:43.292 INFO: JdwpDebugServer: handling req: VirtualMachine(1).Exit(10)
20:47:43.292 SEVERE: Debugger: Thread JDWP server socket thread crashed
org.robovm.debugger.DebuggerException: Terminating due exit command
	at org.robovm.debugger.jdwp.JdwpDebugServer.doSocketWork(JdwpDebugServer.java:211)
	at java.base/java.lang.Thread.run(Thread.java:834)
	at org.robovm.debugger.utils.DebuggerThread.run(DebuggerThread.java:42)
