16:35:57.307 INFO: JdwpDebugServer: handling req: VirtualMachine(1).IDSizes(7)
16:35:57.307 INFO: JdwpDebugServer: handling req: EventRequest(15).Set(1)
16:35:57.307 INFO: JdwpEventCenterDelegate: jdwpSetEventRequest: JdwpEventRequest{requestId=100, eventKind=CLASS_PREPARE, suspendPolicy=NONE, predicates=[]}
16:35:57.308 INFO: JdwpDebugServer: handling req: EventRequest(15).Set(1)
16:35:57.308 INFO: JdwpEventCenterDelegate: jdwpSetEventRequest: JdwpEventRequest{requestId=101, eventKind=CLASS_UNLOAD, suspendPolicy=NONE, predicates=[]}
16:35:57.326 INFO: JdwpDebugServer: handling req: VirtualMachine(1).Version(1)
16:35:57.326 INFO: JdwpDebugServer: handling req: VirtualMachine(1).capabilitiesNew(17)
16:35:57.326 INFO: JdwpDebugServer: handling req: VirtualMachine(1).capabilities(12)
16:35:57.327 INFO: JdwpDebugServer: handling req: VirtualMachine(1).AllClassesWithGeneric(20)
16:35:57.330 INFO: JdwpDebugServer: handling req: VirtualMachine(1).TopLevelThreadGroups(5)
16:35:57.331 INFO: JdwpDebugServer: handling req: EventRequest(15).Set(1)
16:35:57.331 INFO: JdwpEventCenterDelegate: jdwpSetEventRequest: JdwpEventRequest{requestId=102, eventKind=THREAD_START, suspendPolicy=NONE, predicates=[]}
16:35:57.332 INFO: JdwpDebugServer: handling req: EventRequest(15).Set(1)
16:35:57.332 INFO: JdwpEventCenterDelegate: jdwpSetEventRequest: JdwpEventRequest{requestId=103, eventKind=THREAD_DEATH, suspendPolicy=NONE, predicates=[]}
16:35:57.334 INFO: JdwpDebugServer: handling req: EventRequest(15).Set(1)
16:35:57.334 INFO: JdwpEventCenterDelegate: jdwpSetEventRequest: JdwpEventRequest{requestId=104, eventKind=CLASS_PREPARE, suspendPolicy=EVENT_THREAD, predicates=[className=sun.instrument.InstrumentationImpl]}
16:35:57.334 INFO: JdwpDebugServer: handling req: EventRequest(15).Set(1)
16:35:57.334 INFO: JdwpEventCenterDelegate: jdwpSetEventRequest: JdwpEventRequest{requestId=105, eventKind=CLASS_PREPARE, suspendPolicy=EVENT_THREAD, predicates=[className=sun.instrument.InstrumentationImpl]}
16:35:57.928 INFO: JdwpDebugServer: handling req: VirtualMachine(1).Resume(9)
16:35:57.981 INFO: JdwpEventCenterDelegate: THREAD_STARTED: thread (33, main, main)
16:35:58.001 INFO: JdwpEventCenterDelegate: THREAD_STARTED: thread (48, ReferenceQueueDaemon, main)
16:35:58.009 INFO: JdwpEventCenterDelegate: THREAD_STARTED: thread (63, FinalizerDaemon, main)
16:35:58.017 INFO: JdwpEventCenterDelegate: THREAD_STARTED: thread (78, FinalizerWatchdogDaemon, main)
16:35:58.018 INFO: JdwpEventCenterDelegate: THREAD_RESUMED: thread (33, main, main)
16:35:58.020 INFO: JdwpEventCenterDelegate: THREAD_RESUMED: thread (33, main, main)
16:35:58.021 INFO: JdwpEventCenterDelegate: THREAD_RESUMED: thread (33, main, main)
16:35:58.023 INFO: JdwpEventCenterDelegate: THREAD_RESUMED: thread (33, main, main)
16:35:58.024 INFO: JdwpEventCenterDelegate: THREAD_RESUMED: thread (33, main, main)
16:35:58.026 INFO: JdwpEventCenterDelegate: THREAD_RESUMED: thread (33, main, main)
16:35:58.028 INFO: JdwpEventCenterDelegate: THREAD_RESUMED: thread (33, main, main)
16:35:58.030 INFO: JdwpEventCenterDelegate: THREAD_RESUMED: thread (33, main, main)
16:35:58.031 INFO: JdwpEventCenterDelegate: THREAD_RESUMED: thread (33, main, main)
16:35:58.032 INFO: JdwpEventCenterDelegate: THREAD_RESUMED: thread (33, main, main)
16:35:58.033 INFO: JdwpEventCenterDelegate: THREAD_RESUMED: thread (33, main, main)
16:35:58.034 INFO: JdwpEventCenterDelegate: THREAD_RESUMED: thread (33, main, main)
16:35:58.036 INFO: JdwpEventCenterDelegate: THREAD_RESUMED: thread (33, main, main)
16:35:58.037 INFO: JdwpEventCenterDelegate: THREAD_RESUMED: thread (33, main, main)
16:35:58.039 INFO: JdwpEventCenterDelegate: THREAD_RESUMED: thread (33, main, main)
16:35:58.041 INFO: JdwpEventCenterDelegate: THREAD_RESUMED: thread (33, main, main)
16:35:58.042 INFO: JdwpEventCenterDelegate: THREAD_RESUMED: thread (33, main, main)
16:35:58.044 INFO: JdwpEventCenterDelegate: THREAD_RESUMED: thread (33, main, main)
16:35:58.047 INFO: JdwpEventCenterDelegate: THREAD_RESUMED: thread (33, main, main)
16:35:58.049 INFO: JdwpEventCenterDelegate: THREAD_RESUMED: thread (33, main, main)
16:35:58.050 INFO: JdwpEventCenterDelegate: THREAD_RESUMED: thread (33, main, main)
16:35:58.052 INFO: JdwpEventCenterDelegate: THREAD_RESUMED: thread (33, main, main)
16:35:58.053 INFO: JdwpEventCenterDelegate: THREAD_RESUMED: thread (33, main, main)
16:35:58.054 INFO: JdwpEventCenterDelegate: THREAD_RESUMED: thread (33, main, main)
16:35:58.056 INFO: JdwpEventCenterDelegate: THREAD_RESUMED: thread (33, main, main)
16:35:58.086 INFO: JdwpEventCenterDelegate: THREAD_RESUMED: thread (33, main, main)
16:35:58.087 INFO: JdwpEventCenterDelegate: THREAD_RESUMED: thread (33, main, main)
16:35:58.088 INFO: JdwpEventCenterDelegate: THREAD_RESUMED: thread (33, main, main)
16:35:58.090 INFO: JdwpEventCenterDelegate: THREAD_RESUMED: thread (33, main, main)
16:35:58.091 INFO: JdwpEventCenterDelegate: THREAD_RESUMED: thread (33, main, main)
16:35:58.092 INFO: JdwpEventCenterDelegate: THREAD_RESUMED: thread (33, main, main)
16:35:58.094 INFO: JdwpEventCenterDelegate: THREAD_RESUMED: thread (33, main, main)
16:35:58.097 INFO: JdwpEventCenterDelegate: THREAD_RESUMED: thread (33, main, main)
16:35:58.098 INFO: JdwpEventCenterDelegate: THREAD_RESUMED: thread (33, main, main)
16:35:58.099 INFO: JdwpEventCenterDelegate: THREAD_RESUMED: thread (33, main, main)
16:35:58.100 INFO: JdwpEventCenterDelegate: THREAD_RESUMED: thread (33, main, main)
16:35:58.101 INFO: JdwpEventCenterDelegate: THREAD_RESUMED: thread (33, main, main)
16:35:58.102 INFO: JdwpEventCenterDelegate: THREAD_RESUMED: thread (33, main, main)
16:35:58.103 INFO: JdwpEventCenterDelegate: THREAD_RESUMED: thread (33, main, main)
16:35:58.118 INFO: JdwpEventCenterDelegate: THREAD_RESUMED: thread (33, main, main)
16:35:58.120 INFO: JdwpEventCenterDelegate: THREAD_RESUMED: thread (33, main, main)
16:35:58.121 INFO: JdwpEventCenterDelegate: THREAD_RESUMED: thread (33, main, main)
16:35:58.123 INFO: JdwpEventCenterDelegate: THREAD_RESUMED: thread (33, main, main)
16:35:58.124 INFO: JdwpEventCenterDelegate: THREAD_RESUMED: thread (33, main, main)
16:35:58.126 INFO: JdwpEventCenterDelegate: THREAD_RESUMED: thread (33, main, main)
16:35:58.128 INFO: JdwpEventCenterDelegate: THREAD_RESUMED: thread (33, main, main)
16:35:58.149 INFO: JdwpEventCenterDelegate: THREAD_RESUMED: thread (33, main, main)
16:35:58.150 INFO: JdwpEventCenterDelegate: THREAD_RESUMED: thread (33, main, main)
16:35:58.151 INFO: JdwpEventCenterDelegate: THREAD_RESUMED: thread (33, main, main)
16:35:58.152 INFO: JdwpEventCenterDelegate: THREAD_RESUMED: thread (33, main, main)
16:35:58.153 INFO: JdwpEventCenterDelegate: THREAD_RESUMED: thread (33, main, main)
16:35:58.155 INFO: JdwpEventCenterDelegate: THREAD_RESUMED: thread (33, main, main)
16:35:58.156 INFO: JdwpEventCenterDelegate: THREAD_RESUMED: thread (33, main, main)
16:35:58.184 INFO: JdwpEventCenterDelegate: THREAD_RESUMED: thread (33, main, main)
16:35:58.185 INFO: JdwpEventCenterDelegate: THREAD_RESUMED: thread (33, main, main)
16:35:58.187 INFO: JdwpEventCenterDelegate: THREAD_RESUMED: thread (33, main, main)
16:35:58.188 INFO: JdwpEventCenterDelegate: THREAD_RESUMED: thread (33, main, main)
16:35:58.189 INFO: JdwpEventCenterDelegate: THREAD_RESUMED: thread (33, main, main)
16:35:58.190 INFO: JdwpEventCenterDelegate: THREAD_RESUMED: thread (33, main, main)
16:35:58.192 INFO: JdwpEventCenterDelegate: THREAD_RESUMED: thread (33, main, main)
16:35:58.209 INFO: JdwpEventCenterDelegate: THREAD_RESUMED: thread (33, main, main)
16:35:58.211 INFO: JdwpEventCenterDelegate: THREAD_RESUMED: thread (33, main, main)
16:35:58.212 INFO: JdwpEventCenterDelegate: THREAD_RESUMED: thread (33, main, main)
16:35:58.213 INFO: JdwpEventCenterDelegate: THREAD_RESUMED: thread (33, main, main)
16:35:58.214 INFO: JdwpEventCenterDelegate: THREAD_RESUMED: thread (33, main, main)
16:35:58.216 INFO: JdwpEventCenterDelegate: THREAD_RESUMED: thread (33, main, main)
16:35:58.217 INFO: JdwpEventCenterDelegate: THREAD_RESUMED: thread (33, main, main)
16:35:58.227 INFO: JdwpEventCenterDelegate: THREAD_RESUMED: thread (33, main, main)
16:35:58.228 INFO: JdwpEventCenterDelegate: THREAD_RESUMED: thread (33, main, main)
16:35:58.230 INFO: JdwpEventCenterDelegate: THREAD_RESUMED: thread (33, main, main)
16:35:58.231 INFO: JdwpEventCenterDelegate: THREAD_RESUMED: thread (33, main, main)
16:35:58.233 INFO: JdwpEventCenterDelegate: THREAD_RESUMED: thread (33, main, main)
16:35:58.234 INFO: JdwpEventCenterDelegate: THREAD_RESUMED: thread (33, main, main)
16:35:58.235 INFO: JdwpEventCenterDelegate: THREAD_RESUMED: thread (33, main, main)
16:35:58.236 INFO: JdwpEventCenterDelegate: THREAD_RESUMED: thread (33, main, main)
16:35:58.237 INFO: JdwpEventCenterDelegate: THREAD_RESUMED: thread (33, main, main)
16:35:58.239 INFO: JdwpEventCenterDelegate: THREAD_RESUMED: thread (33, main, main)
16:35:58.240 INFO: JdwpEventCenterDelegate: THREAD_RESUMED: thread (33, main, main)
16:35:58.241 INFO: JdwpEventCenterDelegate: THREAD_RESUMED: thread (33, main, main)
16:35:58.243 INFO: JdwpEventCenterDelegate: THREAD_RESUMED: thread (33, main, main)
16:35:58.245 INFO: JdwpEventCenterDelegate: THREAD_RESUMED: thread (33, main, main)
16:35:58.246 INFO: JdwpEventCenterDelegate: THREAD_RESUMED: thread (33, main, main)
16:35:58.247 INFO: JdwpEventCenterDelegate: THREAD_RESUMED: thread (33, main, main)
16:35:58.248 INFO: JdwpEventCenterDelegate: THREAD_RESUMED: thread (33, main, main)
16:35:58.250 INFO: JdwpEventCenterDelegate: THREAD_RESUMED: thread (33, main, main)
16:35:58.252 INFO: JdwpEventCenterDelegate: THREAD_RESUMED: thread (33, main, main)
16:35:58.254 INFO: JdwpEventCenterDelegate: THREAD_RESUMED: thread (33, main, main)
16:35:58.371 INFO: JdwpEventCenterDelegate: THREAD_STARTED: thread (93, AssetManager, main)
16:35:58.476 INFO: JdwpEventCenterDelegate: THREAD_RESUMED: thread (33, main, main)
16:35:58.478 INFO: JdwpEventCenterDelegate: THREAD_RESUMED: thread (33, main, main)
16:36:01.052 INFO: JdwpEventCenterDelegate: THREAD_RESUMED: thread (33, main, main)
16:36:01.153 INFO: JdwpEventCenterDelegate: THREAD_RESUMED: thread (33, main, main)
16:36:01.155 INFO: JdwpEventCenterDelegate: THREAD_RESUMED: thread (33, main, main)
16:36:01.157 INFO: JdwpEventCenterDelegate: THREAD_RESUMED: thread (33, main, main)
16:36:01.159 INFO: JdwpEventCenterDelegate: THREAD_RESUMED: thread (33, main, main)
16:36:01.161 INFO: JdwpEventCenterDelegate: THREAD_RESUMED: thread (33, main, main)
16:36:01.167 INFO: JdwpEventCenterDelegate: THREAD_RESUMED: thread (33, main, main)
16:36:01.178 INFO: JdwpEventCenterDelegate: THREAD_RESUMED: thread (33, main, main)
16:36:01.181 INFO: JdwpEventCenterDelegate: THREAD_RESUMED: thread (33, main, main)
16:36:01.183 INFO: JdwpEventCenterDelegate: THREAD_RESUMED: thread (33, main, main)
16:36:01.185 INFO: JdwpEventCenterDelegate: THREAD_RESUMED: thread (33, main, main)
16:36:01.187 INFO: JdwpEventCenterDelegate: THREAD_RESUMED: thread (33, main, main)
16:36:01.192 INFO: JdwpEventCenterDelegate: THREAD_RESUMED: thread (33, main, main)
16:36:01.206 INFO: JdwpEventCenterDelegate: THREAD_RESUMED: thread (33, main, main)
16:36:01.208 INFO: JdwpEventCenterDelegate: THREAD_RESUMED: thread (33, main, main)
16:36:01.210 INFO: JdwpEventCenterDelegate: THREAD_RESUMED: thread (33, main, main)
16:36:01.213 INFO: JdwpEventCenterDelegate: THREAD_RESUMED: thread (33, main, main)
16:36:01.215 INFO: JdwpEventCenterDelegate: THREAD_RESUMED: thread (33, main, main)
16:36:01.219 INFO: JdwpEventCenterDelegate: THREAD_RESUMED: thread (33, main, main)
16:36:01.237 INFO: JdwpEventCenterDelegate: THREAD_RESUMED: thread (33, main, main)
16:36:01.240 INFO: JdwpEventCenterDelegate: THREAD_RESUMED: thread (33, main, main)
16:36:01.242 INFO: JdwpEventCenterDelegate: THREAD_RESUMED: thread (33, main, main)
16:36:01.244 INFO: JdwpEventCenterDelegate: THREAD_RESUMED: thread (33, main, main)
16:36:01.245 INFO: JdwpEventCenterDelegate: THREAD_RESUMED: thread (33, main, main)
16:36:01.250 INFO: JdwpEventCenterDelegate: THREAD_RESUMED: thread (33, main, main)
16:36:01.265 INFO: JdwpEventCenterDelegate: THREAD_RESUMED: thread (33, main, main)
16:36:01.267 INFO: JdwpEventCenterDelegate: THREAD_RESUMED: thread (33, main, main)
16:36:01.269 INFO: JdwpEventCenterDelegate: THREAD_RESUMED: thread (33, main, main)
16:36:01.271 INFO: JdwpEventCenterDelegate: THREAD_RESUMED: thread (33, main, main)
16:36:01.274 INFO: JdwpEventCenterDelegate: THREAD_RESUMED: thread (33, main, main)
16:36:01.279 INFO: JdwpEventCenterDelegate: THREAD_RESUMED: thread (33, main, main)
16:36:01.294 INFO: JdwpEventCenterDelegate: THREAD_RESUMED: thread (33, main, main)
16:36:01.296 INFO: JdwpEventCenterDelegate: THREAD_RESUMED: thread (33, main, main)
16:36:01.298 INFO: JdwpEventCenterDelegate: THREAD_RESUMED: thread (33, main, main)
16:36:01.300 INFO: JdwpEventCenterDelegate: THREAD_RESUMED: thread (33, main, main)
16:36:01.302 INFO: JdwpEventCenterDelegate: THREAD_RESUMED: thread (33, main, main)
16:36:01.307 INFO: JdwpEventCenterDelegate: THREAD_RESUMED: thread (33, main, main)
16:36:01.326 INFO: JdwpEventCenterDelegate: THREAD_RESUMED: thread (33, main, main)
16:36:01.328 INFO: JdwpEventCenterDelegate: THREAD_RESUMED: thread (33, main, main)
16:36:01.330 INFO: JdwpEventCenterDelegate: THREAD_RESUMED: thread (33, main, main)
16:36:01.332 INFO: JdwpEventCenterDelegate: THREAD_RESUMED: thread (33, main, main)
16:36:01.334 INFO: JdwpEventCenterDelegate: THREAD_RESUMED: thread (33, main, main)
16:36:01.339 INFO: JdwpEventCenterDelegate: THREAD_RESUMED: thread (33, main, main)
16:36:01.358 INFO: JdwpEventCenterDelegate: THREAD_RESUMED: thread (33, main, main)
16:36:01.360 INFO: JdwpEventCenterDelegate: THREAD_RESUMED: thread (33, main, main)
16:36:01.363 INFO: JdwpEventCenterDelegate: THREAD_RESUMED: thread (33, main, main)
16:36:01.365 INFO: JdwpEventCenterDelegate: THREAD_RESUMED: thread (33, main, main)
16:36:01.367 INFO: JdwpEventCenterDelegate: THREAD_RESUMED: thread (33, main, main)
16:36:01.372 INFO: JdwpEventCenterDelegate: THREAD_RESUMED: thread (33, main, main)
16:36:01.390 INFO: JdwpEventCenterDelegate: THREAD_RESUMED: thread (33, main, main)
16:36:01.392 INFO: JdwpEventCenterDelegate: THREAD_RESUMED: thread (33, main, main)
16:36:01.394 INFO: JdwpEventCenterDelegate: THREAD_RESUMED: thread (33, main, main)
16:36:01.396 INFO: JdwpEventCenterDelegate: THREAD_RESUMED: thread (33, main, main)
16:36:01.398 INFO: JdwpEventCenterDelegate: THREAD_RESUMED: thread (33, main, main)
16:36:01.403 INFO: JdwpEventCenterDelegate: THREAD_RESUMED: thread (33, main, main)
16:36:01.422 INFO: JdwpEventCenterDelegate: THREAD_RESUMED: thread (33, main, main)
16:36:01.423 INFO: JdwpEventCenterDelegate: THREAD_RESUMED: thread (33, main, main)
16:36:01.425 INFO: JdwpEventCenterDelegate: THREAD_RESUMED: thread (33, main, main)
16:36:01.427 INFO: JdwpEventCenterDelegate: THREAD_RESUMED: thread (33, main, main)
16:36:01.429 INFO: JdwpEventCenterDelegate: THREAD_RESUMED: thread (33, main, main)
16:36:01.433 INFO: JdwpEventCenterDelegate: THREAD_RESUMED: thread (33, main, main)
16:36:01.448 INFO: JdwpEventCenterDelegate: THREAD_RESUMED: thread (33, main, main)
16:36:01.451 INFO: JdwpEventCenterDelegate: THREAD_RESUMED: thread (33, main, main)
16:36:01.453 INFO: JdwpEventCenterDelegate: THREAD_RESUMED: thread (33, main, main)
16:36:01.455 INFO: JdwpEventCenterDelegate: THREAD_RESUMED: thread (33, main, main)
16:36:01.458 INFO: JdwpEventCenterDelegate: THREAD_RESUMED: thread (33, main, main)
16:36:01.463 INFO: JdwpEventCenterDelegate: THREAD_RESUMED: thread (33, main, main)
16:36:01.483 INFO: JdwpEventCenterDelegate: THREAD_RESUMED: thread (33, main, main)
16:36:01.485 INFO: JdwpEventCenterDelegate: THREAD_RESUMED: thread (33, main, main)
16:36:01.487 INFO: JdwpEventCenterDelegate: THREAD_RESUMED: thread (33, main, main)
16:36:01.489 INFO: JdwpEventCenterDelegate: THREAD_RESUMED: thread (33, main, main)
16:36:01.491 INFO: JdwpEventCenterDelegate: THREAD_RESUMED: thread (33, main, main)
16:36:01.496 INFO: JdwpEventCenterDelegate: THREAD_RESUMED: thread (33, main, main)
16:36:01.518 INFO: JdwpEventCenterDelegate: THREAD_RESUMED: thread (33, main, main)
16:36:01.520 INFO: JdwpEventCenterDelegate: THREAD_RESUMED: thread (33, main, main)
16:36:01.522 INFO: JdwpEventCenterDelegate: THREAD_RESUMED: thread (33, main, main)
16:36:01.525 INFO: JdwpEventCenterDelegate: THREAD_RESUMED: thread (33, main, main)
16:36:01.527 INFO: JdwpEventCenterDelegate: THREAD_RESUMED: thread (33, main, main)
16:36:01.531 INFO: JdwpEventCenterDelegate: THREAD_RESUMED: thread (33, main, main)
16:36:01.551 INFO: JdwpEventCenterDelegate: THREAD_RESUMED: thread (33, main, main)
16:36:01.553 INFO: JdwpEventCenterDelegate: THREAD_RESUMED: thread (33, main, main)
16:36:01.555 INFO: JdwpEventCenterDelegate: THREAD_RESUMED: thread (33, main, main)
16:36:01.557 INFO: JdwpEventCenterDelegate: THREAD_RESUMED: thread (33, main, main)
16:36:01.559 INFO: JdwpEventCenterDelegate: THREAD_RESUMED: thread (33, main, main)
16:36:01.564 INFO: JdwpEventCenterDelegate: THREAD_RESUMED: thread (33, main, main)
16:36:01.578 INFO: JdwpEventCenterDelegate: THREAD_RESUMED: thread (33, main, main)
16:36:01.580 INFO: JdwpEventCenterDelegate: THREAD_RESUMED: thread (33, main, main)
16:36:01.582 INFO: JdwpEventCenterDelegate: THREAD_RESUMED: thread (33, main, main)
16:36:01.584 INFO: JdwpEventCenterDelegate: THREAD_RESUMED: thread (33, main, main)
16:36:01.586 INFO: JdwpEventCenterDelegate: THREAD_RESUMED: thread (33, main, main)
16:36:01.592 INFO: JdwpEventCenterDelegate: THREAD_RESUMED: thread (33, main, main)
16:36:01.594 INFO: JdwpEventCenterDelegate: THREAD_RESUMED: thread (33, main, main)
16:36:01.597 INFO: JdwpEventCenterDelegate: THREAD_RESUMED: thread (33, main, main)
16:36:01.599 INFO: JdwpEventCenterDelegate: THREAD_RESUMED: thread (33, main, main)
16:36:01.601 INFO: JdwpEventCenterDelegate: THREAD_RESUMED: thread (33, main, main)
16:36:01.603 INFO: JdwpEventCenterDelegate: THREAD_RESUMED: thread (33, main, main)
16:36:01.606 INFO: JdwpEventCenterDelegate: THREAD_RESUMED: thread (33, main, main)
16:36:01.611 INFO: JdwpEventCenterDelegate: THREAD_RESUMED: thread (33, main, main)
16:36:01.613 INFO: JdwpEventCenterDelegate: THREAD_RESUMED: thread (33, main, main)
16:36:01.615 INFO: JdwpEventCenterDelegate: THREAD_RESUMED: thread (33, main, main)
16:36:01.617 INFO: JdwpEventCenterDelegate: THREAD_RESUMED: thread (33, main, main)
16:36:01.629 INFO: JdwpEventCenterDelegate: THREAD_RESUMED: thread (33, main, main)
16:36:01.630 INFO: JdwpEventCenterDelegate: THREAD_RESUMED: thread (33, main, main)
16:36:01.633 INFO: JdwpEventCenterDelegate: THREAD_RESUMED: thread (33, main, main)
16:36:01.634 INFO: JdwpEventCenterDelegate: THREAD_RESUMED: thread (33, main, main)
16:36:01.636 INFO: JdwpEventCenterDelegate: THREAD_RESUMED: thread (33, main, main)
16:36:01.638 INFO: JdwpEventCenterDelegate: THREAD_RESUMED: thread (33, main, main)
16:36:01.640 INFO: JdwpEventCenterDelegate: THREAD_RESUMED: thread (33, main, main)
16:36:01.653 INFO: JdwpEventCenterDelegate: THREAD_RESUMED: thread (33, main, main)
16:36:01.654 INFO: JdwpEventCenterDelegate: THREAD_RESUMED: thread (33, main, main)
16:36:01.656 INFO: JdwpEventCenterDelegate: THREAD_RESUMED: thread (33, main, main)
16:36:01.658 INFO: JdwpEventCenterDelegate: THREAD_RESUMED: thread (33, main, main)
16:36:01.660 INFO: JdwpEventCenterDelegate: THREAD_RESUMED: thread (33, main, main)
16:36:01.665 INFO: JdwpEventCenterDelegate: THREAD_RESUMED: thread (33, main, main)
16:36:01.677 INFO: JdwpEventCenterDelegate: THREAD_RESUMED: thread (33, main, main)
16:36:01.691 INFO: JdwpEventCenterDelegate: THREAD_RESUMED: thread (33, main, main)
16:36:01.702 INFO: JdwpEventCenterDelegate: THREAD_RESUMED: thread (33, main, main)
16:36:01.715 INFO: JdwpEventCenterDelegate: THREAD_RESUMED: thread (33, main, main)
16:36:01.749 INFO: JdwpEventCenterDelegate: THREAD_RESUMED: thread (33, main, main)
16:36:01.751 INFO: JdwpEventCenterDelegate: THREAD_RESUMED: thread (33, main, main)
16:36:01.754 INFO: JdwpEventCenterDelegate: THREAD_RESUMED: thread (33, main, main)
16:36:01.756 INFO: JdwpEventCenterDelegate: THREAD_RESUMED: thread (33, main, main)
16:36:01.758 INFO: JdwpEventCenterDelegate: THREAD_RESUMED: thread (33, main, main)
16:36:01.764 INFO: JdwpEventCenterDelegate: THREAD_RESUMED: thread (33, main, main)
16:36:01.775 INFO: JdwpEventCenterDelegate: THREAD_RESUMED: thread (33, main, main)
16:36:01.778 INFO: JdwpEventCenterDelegate: THREAD_RESUMED: thread (33, main, main)
16:36:01.780 INFO: JdwpEventCenterDelegate: THREAD_RESUMED: thread (33, main, main)
16:36:01.782 INFO: JdwpEventCenterDelegate: THREAD_RESUMED: thread (33, main, main)
16:36:01.784 INFO: JdwpEventCenterDelegate: THREAD_RESUMED: thread (33, main, main)
16:36:01.789 INFO: JdwpEventCenterDelegate: THREAD_RESUMED: thread (33, main, main)
16:36:01.804 INFO: JdwpEventCenterDelegate: THREAD_RESUMED: thread (33, main, main)
16:36:01.806 INFO: JdwpEventCenterDelegate: THREAD_RESUMED: thread (33, main, main)
16:36:01.809 INFO: JdwpEventCenterDelegate: THREAD_RESUMED: thread (33, main, main)
16:36:01.811 INFO: JdwpEventCenterDelegate: THREAD_RESUMED: thread (33, main, main)
16:36:01.813 INFO: JdwpEventCenterDelegate: THREAD_RESUMED: thread (33, main, main)
16:36:01.818 INFO: JdwpEventCenterDelegate: THREAD_RESUMED: thread (33, main, main)
16:36:01.836 INFO: JdwpEventCenterDelegate: THREAD_RESUMED: thread (33, main, main)
16:36:01.838 INFO: JdwpEventCenterDelegate: THREAD_RESUMED: thread (33, main, main)
16:36:01.841 INFO: JdwpEventCenterDelegate: THREAD_RESUMED: thread (33, main, main)
16:36:01.843 INFO: JdwpEventCenterDelegate: THREAD_RESUMED: thread (33, main, main)
16:36:01.845 INFO: JdwpEventCenterDelegate: THREAD_RESUMED: thread (33, main, main)
16:36:01.850 INFO: JdwpEventCenterDelegate: THREAD_RESUMED: thread (33, main, main)
16:36:01.865 INFO: JdwpEventCenterDelegate: THREAD_RESUMED: thread (33, main, main)
16:36:01.867 INFO: JdwpEventCenterDelegate: THREAD_RESUMED: thread (33, main, main)
16:36:01.888 INFO: JdwpEventCenterDelegate: THREAD_RESUMED: thread (33, main, main)
16:36:01.890 INFO: JdwpEventCenterDelegate: THREAD_RESUMED: thread (33, main, main)
16:36:01.893 INFO: JdwpEventCenterDelegate: THREAD_RESUMED: thread (33, main, main)
16:36:01.898 INFO: JdwpEventCenterDelegate: THREAD_RESUMED: thread (33, main, main)
16:36:01.913 INFO: JdwpEventCenterDelegate: THREAD_RESUMED: thread (33, main, main)
16:36:01.915 INFO: JdwpEventCenterDelegate: THREAD_RESUMED: thread (33, main, main)
16:36:01.917 INFO: JdwpEventCenterDelegate: THREAD_RESUMED: thread (33, main, main)
16:36:01.919 INFO: JdwpEventCenterDelegate: THREAD_RESUMED: thread (33, main, main)
16:36:01.922 INFO: JdwpEventCenterDelegate: THREAD_RESUMED: thread (33, main, main)
16:36:01.926 INFO: JdwpEventCenterDelegate: THREAD_RESUMED: thread (33, main, main)
16:36:01.947 INFO: JdwpEventCenterDelegate: THREAD_RESUMED: thread (33, main, main)
16:36:01.950 INFO: JdwpEventCenterDelegate: THREAD_RESUMED: thread (33, main, main)
16:36:01.952 INFO: JdwpEventCenterDelegate: THREAD_RESUMED: thread (33, main, main)
16:36:01.954 INFO: JdwpEventCenterDelegate: THREAD_RESUMED: thread (33, main, main)
16:36:01.957 INFO: JdwpEventCenterDelegate: THREAD_RESUMED: thread (33, main, main)
16:36:01.961 INFO: JdwpEventCenterDelegate: THREAD_RESUMED: thread (33, main, main)
16:36:01.979 INFO: JdwpEventCenterDelegate: THREAD_RESUMED: thread (33, main, main)
16:36:01.981 INFO: JdwpEventCenterDelegate: THREAD_RESUMED: thread (33, main, main)
16:36:01.983 INFO: JdwpEventCenterDelegate: THREAD_RESUMED: thread (33, main, main)
16:36:01.986 INFO: JdwpEventCenterDelegate: THREAD_RESUMED: thread (33, main, main)
16:36:01.988 INFO: JdwpEventCenterDelegate: THREAD_RESUMED: thread (33, main, main)
16:36:01.993 INFO: JdwpEventCenterDelegate: THREAD_RESUMED: thread (33, main, main)
16:36:02.010 INFO: JdwpEventCenterDelegate: THREAD_RESUMED: thread (33, main, main)
16:36:02.013 INFO: JdwpEventCenterDelegate: THREAD_RESUMED: thread (33, main, main)
16:36:02.015 INFO: JdwpEventCenterDelegate: THREAD_RESUMED: thread (33, main, main)
16:36:02.017 INFO: JdwpEventCenterDelegate: THREAD_RESUMED: thread (33, main, main)
16:36:02.019 INFO: JdwpEventCenterDelegate: THREAD_RESUMED: thread (33, main, main)
16:36:02.024 INFO: JdwpEventCenterDelegate: THREAD_RESUMED: thread (33, main, main)
16:36:02.039 INFO: JdwpEventCenterDelegate: THREAD_RESUMED: thread (33, main, main)
16:36:02.041 INFO: JdwpEventCenterDelegate: THREAD_RESUMED: thread (33, main, main)
16:36:02.043 INFO: JdwpEventCenterDelegate: THREAD_RESUMED: thread (33, main, main)
16:36:02.045 INFO: JdwpEventCenterDelegate: THREAD_RESUMED: thread (33, main, main)
16:36:02.048 INFO: JdwpEventCenterDelegate: THREAD_RESUMED: thread (33, main, main)
16:36:02.052 INFO: JdwpEventCenterDelegate: THREAD_RESUMED: thread (33, main, main)
16:36:02.066 INFO: JdwpEventCenterDelegate: THREAD_RESUMED: thread (33, main, main)
16:36:02.069 INFO: JdwpEventCenterDelegate: THREAD_RESUMED: thread (33, main, main)
16:36:02.071 INFO: JdwpEventCenterDelegate: THREAD_RESUMED: thread (33, main, main)
16:36:02.073 INFO: JdwpEventCenterDelegate: THREAD_RESUMED: thread (33, main, main)
16:36:02.075 INFO: JdwpEventCenterDelegate: THREAD_RESUMED: thread (33, main, main)
16:36:02.080 INFO: JdwpEventCenterDelegate: THREAD_RESUMED: thread (33, main, main)
16:36:02.098 INFO: JdwpEventCenterDelegate: THREAD_RESUMED: thread (33, main, main)
16:36:02.100 INFO: JdwpEventCenterDelegate: THREAD_RESUMED: thread (33, main, main)
16:36:02.102 INFO: JdwpEventCenterDelegate: THREAD_RESUMED: thread (33, main, main)
16:36:02.105 INFO: JdwpEventCenterDelegate: THREAD_RESUMED: thread (33, main, main)
16:36:02.107 INFO: JdwpEventCenterDelegate: THREAD_RESUMED: thread (33, main, main)
16:36:02.112 INFO: JdwpEventCenterDelegate: THREAD_RESUMED: thread (33, main, main)
16:36:02.136 INFO: JdwpEventCenterDelegate: THREAD_RESUMED: thread (33, main, main)
16:36:02.139 INFO: JdwpEventCenterDelegate: THREAD_RESUMED: thread (33, main, main)
16:36:02.141 INFO: JdwpEventCenterDelegate: THREAD_RESUMED: thread (33, main, main)
16:36:02.143 INFO: JdwpEventCenterDelegate: THREAD_RESUMED: thread (33, main, main)
16:36:02.145 INFO: JdwpEventCenterDelegate: THREAD_RESUMED: thread (33, main, main)
16:36:02.150 INFO: JdwpEventCenterDelegate: THREAD_RESUMED: thread (33, main, main)
16:36:02.168 INFO: JdwpEventCenterDelegate: THREAD_RESUMED: thread (33, main, main)
16:36:02.170 INFO: JdwpEventCenterDelegate: THREAD_RESUMED: thread (33, main, main)
16:36:02.173 INFO: JdwpEventCenterDelegate: THREAD_RESUMED: thread (33, main, main)
16:36:02.175 INFO: JdwpEventCenterDelegate: THREAD_RESUMED: thread (33, main, main)
16:36:02.178 INFO: JdwpEventCenterDelegate: THREAD_RESUMED: thread (33, main, main)
16:36:02.183 INFO: JdwpEventCenterDelegate: THREAD_RESUMED: thread (33, main, main)
16:36:02.195 INFO: JdwpEventCenterDelegate: THREAD_RESUMED: thread (33, main, main)
16:36:02.198 INFO: JdwpEventCenterDelegate: THREAD_RESUMED: thread (33, main, main)
16:36:02.200 INFO: JdwpEventCenterDelegate: THREAD_RESUMED: thread (33, main, main)
16:36:02.202 INFO: JdwpEventCenterDelegate: THREAD_RESUMED: thread (33, main, main)
16:36:02.204 INFO: JdwpEventCenterDelegate: THREAD_RESUMED: thread (33, main, main)
16:36:15.106 INFO: JdwpEventCenterDelegate: THREAD_STARTED: thread (108, Timer, main)
16:36:15.946 INFO: JdwpEventCenterDelegate: THREAD_RESUMED: thread (33, main, main)
16:36:15.978 INFO: JdwpEventCenterDelegate: THREAD_RESUMED: thread (33, main, main)
16:36:16.001 INFO: JdwpEventCenterDelegate: THREAD_RESUMED: thread (33, main, main)
16:36:16.019 INFO: JdwpEventCenterDelegate: THREAD_RESUMED: thread (33, main, main)
16:36:16.058 INFO: JdwpEventCenterDelegate: THREAD_RESUMED: thread (33, main, main)
16:36:16.093 INFO: JdwpEventCenterDelegate: THREAD_RESUMED: thread (33, main, main)
16:36:16.110 INFO: JdwpEventCenterDelegate: THREAD_RESUMED: thread (33, main, main)
16:36:16.125 INFO: JdwpEventCenterDelegate: THREAD_RESUMED: thread (33, main, main)
16:36:16.132 INFO: JdwpEventCenterDelegate: THREAD_RESUMED: thread (33, main, main)
16:36:16.145 INFO: JdwpEventCenterDelegate: THREAD_RESUMED: thread (33, main, main)
16:36:16.177 INFO: JdwpEventCenterDelegate: THREAD_RESUMED: thread (33, main, main)
16:36:16.189 INFO: JdwpEventCenterDelegate: THREAD_RESUMED: thread (33, main, main)
16:36:16.201 INFO: JdwpEventCenterDelegate: THREAD_RESUMED: thread (33, main, main)
16:36:16.213 INFO: JdwpEventCenterDelegate: THREAD_RESUMED: thread (33, main, main)
16:36:16.248 INFO: JdwpEventCenterDelegate: THREAD_RESUMED: thread (33, main, main)
16:36:16.281 INFO: JdwpEventCenterDelegate: THREAD_RESUMED: thread (33, main, main)
16:36:16.296 INFO: JdwpEventCenterDelegate: THREAD_RESUMED: thread (33, main, main)
16:36:16.311 INFO: JdwpEventCenterDelegate: THREAD_RESUMED: thread (33, main, main)
16:36:16.317 INFO: JdwpEventCenterDelegate: THREAD_RESUMED: thread (33, main, main)
16:36:16.330 INFO: JdwpEventCenterDelegate: THREAD_RESUMED: thread (33, main, main)
16:36:17.438 INFO: JdwpEventCenterDelegate: THREAD_RESUMED: thread (33, main, main)
16:36:17.519 INFO: JdwpEventCenterDelegate: THREAD_RESUMED: thread (33, main, main)
16:36:17.521 INFO: JdwpEventCenterDelegate: THREAD_RESUMED: thread (33, main, main)
16:36:17.523 INFO: JdwpEventCenterDelegate: THREAD_RESUMED: thread (33, main, main)
16:36:17.526 INFO: JdwpEventCenterDelegate: THREAD_RESUMED: thread (33, main, main)
16:36:17.528 INFO: JdwpEventCenterDelegate: THREAD_RESUMED: thread (33, main, main)
16:36:17.530 INFO: JdwpEventCenterDelegate: THREAD_RESUMED: thread (33, main, main)
16:36:17.532 INFO: JdwpEventCenterDelegate: THREAD_RESUMED: thread (33, main, main)
16:36:17.534 INFO: JdwpEventCenterDelegate: THREAD_RESUMED: thread (33, main, main)
16:36:17.537 INFO: JdwpEventCenterDelegate: THREAD_RESUMED: thread (33, main, main)
16:36:17.539 INFO: JdwpEventCenterDelegate: THREAD_RESUMED: thread (33, main, main)
16:36:17.541 INFO: JdwpEventCenterDelegate: THREAD_RESUMED: thread (33, main, main)
16:36:17.543 INFO: JdwpEventCenterDelegate: THREAD_RESUMED: thread (33, main, main)
16:36:17.545 INFO: JdwpEventCenterDelegate: THREAD_RESUMED: thread (33, main, main)
16:36:17.547 INFO: JdwpEventCenterDelegate: THREAD_RESUMED: thread (33, main, main)
16:36:17.549 INFO: JdwpEventCenterDelegate: THREAD_RESUMED: thread (33, main, main)
16:36:17.552 INFO: JdwpEventCenterDelegate: THREAD_RESUMED: thread (33, main, main)
16:36:17.554 INFO: JdwpEventCenterDelegate: THREAD_RESUMED: thread (33, main, main)
16:36:17.561 INFO: JdwpEventCenterDelegate: THREAD_RESUMED: thread (33, main, main)
16:37:18.428 INFO: JdwpDebugServer: handling req: VirtualMachine(1).Exit(10)
16:37:18.428 SEVERE: Debugger: Thread JDWP server socket thread crashed
org.robovm.debugger.DebuggerException: Terminating due exit command
	at org.robovm.debugger.jdwp.JdwpDebugServer.doSocketWork(JdwpDebugServer.java:211)
	at java.base/java.lang.Thread.run(Thread.java:834)
	at org.robovm.debugger.utils.DebuggerThread.run(DebuggerThread.java:42)
16:37:18.937 SEVERE: Debugger: Thread HooksChannel socket thread crashed
org.robovm.debugger.DebuggerException: java.io.IOException: org.robovm.libimobiledevice.LibIMobileDeviceException: IDEVICE_E_UNKNOWN_ERROR
	at org.robovm.debugger.hooks.HooksChannel.doSocketWork(HooksChannel.java:149)
	at java.base/java.lang.Thread.run(Thread.java:834)
	at org.robovm.debugger.utils.DebuggerThread.run(DebuggerThread.java:42)
Caused by: java.io.IOException: org.robovm.libimobiledevice.LibIMobileDeviceException: IDEVICE_E_UNKNOWN_ERROR
	at org.robovm.libimobiledevice.IDeviceConnection$DeviceInputStream.read(IDeviceConnection.java:203)
	at org.robovm.debugger.utils.bytebuffer.DataBufferWriter.writeFromStream(DataBufferWriter.java:89)
	at org.robovm.debugger.hooks.HooksChannel.doSocketWork(HooksChannel.java:116)
	... 2 more
Caused by: org.robovm.libimobiledevice.LibIMobileDeviceException: IDEVICE_E_UNKNOWN_ERROR
	at org.robovm.libimobiledevice.IDevice.checkResult(IDevice.java:206)
	at org.robovm.libimobiledevice.IDeviceConnection.receive(IDeviceConnection.java:110)
	at org.robovm.libimobiledevice.IDeviceConnection.receive(IDeviceConnection.java:81)
	at org.robovm.libimobiledevice.IDeviceConnection$DeviceInputStream.read(IDeviceConnection.java:201)
	... 4 more
