14:36:29.750 INFO: JdwpDebugServer: handling req: VirtualMachine(1).IDSizes(7)
14:36:29.751 INFO: JdwpDebugServer: handling req: EventRequest(15).Set(1)
14:36:29.751 INFO: JdwpEventCenterDelegate: jdwpSetEventRequest: JdwpEventRequest{requestId=100, eventKind=CLASS_PREPARE, suspendPolicy=NONE, predicates=[]}
14:36:29.751 INFO: JdwpDebugServer: handling req: EventRequest(15).Set(1)
14:36:29.751 INFO: JdwpEventCenterDelegate: jdwpSetEventRequest: JdwpEventRequest{requestId=101, eventKind=CLASS_UNLOAD, suspendPolicy=NONE, predicates=[]}
14:36:29.794 INFO: JdwpDebugServer: handling req: VirtualMachine(1).Version(1)
14:36:29.794 INFO: JdwpDebugServer: handling req: VirtualMachine(1).capabilitiesNew(17)
14:36:29.795 INFO: JdwpDebugServer: handling req: VirtualMachine(1).capabilities(12)
14:36:29.795 INFO: JdwpDebugServer: handling req: VirtualMachine(1).AllClassesWithGeneric(20)
14:36:29.799 INFO: JdwpDebugServer: handling req: VirtualMachine(1).TopLevelThreadGroups(5)
14:36:29.801 INFO: JdwpDebugServer: handling req: EventRequest(15).Set(1)
14:36:29.801 INFO: JdwpEventCenterDelegate: jdwpSetEventRequest: JdwpEventRequest{requestId=102, eventKind=THREAD_START, suspendPolicy=NONE, predicates=[]}
14:36:29.801 INFO: JdwpDebugServer: handling req: EventRequest(15).Set(1)
14:36:29.801 INFO: JdwpEventCenterDelegate: jdwpSetEventRequest: JdwpEventRequest{requestId=103, eventKind=THREAD_DEATH, suspendPolicy=NONE, predicates=[]}
14:36:29.804 INFO: JdwpDebugServer: handling req: EventRequest(15).Set(1)
14:36:29.805 INFO: JdwpEventCenterDelegate: jdwpSetEventRequest: JdwpEventRequest{requestId=104, eventKind=CLASS_PREPARE, suspendPolicy=EVENT_THREAD, predicates=[className=sun.instrument.InstrumentationImpl]}
14:36:29.805 INFO: JdwpDebugServer: handling req: EventRequest(15).Set(1)
14:36:29.805 INFO: JdwpEventCenterDelegate: jdwpSetEventRequest: JdwpEventRequest{requestId=105, eventKind=CLASS_PREPARE, suspendPolicy=EVENT_THREAD, predicates=[className=sun.instrument.InstrumentationImpl]}
14:36:30.368 INFO: JdwpDebugServer: handling req: VirtualMachine(1).Resume(9)
14:36:30.419 INFO: JdwpEventCenterDelegate: THREAD_STARTED: thread (33, main, main)
14:36:30.443 INFO: JdwpEventCenterDelegate: THREAD_STARTED: thread (48, ReferenceQueueDaemon, main)
14:36:30.451 INFO: JdwpEventCenterDelegate: THREAD_STARTED: thread (63, FinalizerDaemon, main)
14:36:30.457 INFO: JdwpEventCenterDelegate: THREAD_STARTED: thread (78, FinalizerWatchdogDaemon, main)
14:36:30.460 INFO: JdwpEventCenterDelegate: THREAD_RESUMED: thread (33, main, main)
14:36:30.462 INFO: JdwpEventCenterDelegate: THREAD_RESUMED: thread (33, main, main)
14:36:30.463 INFO: JdwpEventCenterDelegate: THREAD_RESUMED: thread (33, main, main)
14:36:30.464 INFO: JdwpEventCenterDelegate: THREAD_RESUMED: thread (33, main, main)
14:36:30.465 INFO: JdwpEventCenterDelegate: THREAD_RESUMED: thread (33, main, main)
14:36:30.466 INFO: JdwpEventCenterDelegate: THREAD_RESUMED: thread (33, main, main)
14:36:30.467 INFO: JdwpEventCenterDelegate: THREAD_RESUMED: thread (33, main, main)
14:36:30.469 INFO: JdwpEventCenterDelegate: THREAD_RESUMED: thread (33, main, main)
14:36:30.470 INFO: JdwpEventCenterDelegate: THREAD_RESUMED: thread (33, main, main)
14:36:30.471 INFO: JdwpEventCenterDelegate: THREAD_RESUMED: thread (33, main, main)
14:36:30.473 INFO: JdwpEventCenterDelegate: THREAD_RESUMED: thread (33, main, main)
14:36:30.474 INFO: JdwpEventCenterDelegate: THREAD_RESUMED: thread (33, main, main)
14:36:30.475 INFO: JdwpEventCenterDelegate: THREAD_RESUMED: thread (33, main, main)
14:36:30.476 INFO: JdwpEventCenterDelegate: THREAD_RESUMED: thread (33, main, main)
14:36:30.478 INFO: JdwpEventCenterDelegate: THREAD_RESUMED: thread (33, main, main)
14:36:30.479 INFO: JdwpEventCenterDelegate: THREAD_RESUMED: thread (33, main, main)
14:36:30.480 INFO: JdwpEventCenterDelegate: THREAD_RESUMED: thread (33, main, main)
14:36:30.481 INFO: JdwpEventCenterDelegate: THREAD_RESUMED: thread (33, main, main)
14:36:30.485 INFO: JdwpEventCenterDelegate: THREAD_RESUMED: thread (33, main, main)
14:36:30.486 INFO: JdwpEventCenterDelegate: THREAD_RESUMED: thread (33, main, main)
14:36:30.487 INFO: JdwpEventCenterDelegate: THREAD_RESUMED: thread (33, main, main)
14:36:30.488 INFO: JdwpEventCenterDelegate: THREAD_RESUMED: thread (33, main, main)
14:36:30.489 INFO: JdwpEventCenterDelegate: THREAD_RESUMED: thread (33, main, main)
14:36:30.491 INFO: JdwpEventCenterDelegate: THREAD_RESUMED: thread (33, main, main)
14:36:30.492 INFO: JdwpEventCenterDelegate: THREAD_RESUMED: thread (33, main, main)
14:36:30.524 INFO: JdwpEventCenterDelegate: THREAD_RESUMED: thread (33, main, main)
14:36:30.526 INFO: JdwpEventCenterDelegate: THREAD_RESUMED: thread (33, main, main)
14:36:30.528 INFO: JdwpEventCenterDelegate: THREAD_RESUMED: thread (33, main, main)
14:36:30.530 INFO: JdwpEventCenterDelegate: THREAD_RESUMED: thread (33, main, main)
14:36:30.532 INFO: JdwpEventCenterDelegate: THREAD_RESUMED: thread (33, main, main)
14:36:30.533 INFO: JdwpEventCenterDelegate: THREAD_RESUMED: thread (33, main, main)
14:36:30.535 INFO: JdwpEventCenterDelegate: THREAD_RESUMED: thread (33, main, main)
14:36:30.538 INFO: JdwpEventCenterDelegate: THREAD_RESUMED: thread (33, main, main)
14:36:30.539 INFO: JdwpEventCenterDelegate: THREAD_RESUMED: thread (33, main, main)
14:36:30.540 INFO: JdwpEventCenterDelegate: THREAD_RESUMED: thread (33, main, main)
14:36:30.541 INFO: JdwpEventCenterDelegate: THREAD_RESUMED: thread (33, main, main)
14:36:30.543 INFO: JdwpEventCenterDelegate: THREAD_RESUMED: thread (33, main, main)
14:36:30.544 INFO: JdwpEventCenterDelegate: THREAD_RESUMED: thread (33, main, main)
14:36:30.545 INFO: JdwpEventCenterDelegate: THREAD_RESUMED: thread (33, main, main)
14:36:30.561 INFO: JdwpEventCenterDelegate: THREAD_RESUMED: thread (33, main, main)
14:36:30.563 INFO: JdwpEventCenterDelegate: THREAD_RESUMED: thread (33, main, main)
14:36:30.564 INFO: JdwpEventCenterDelegate: THREAD_RESUMED: thread (33, main, main)
14:36:30.566 INFO: JdwpEventCenterDelegate: THREAD_RESUMED: thread (33, main, main)
14:36:30.567 INFO: JdwpEventCenterDelegate: THREAD_RESUMED: thread (33, main, main)
14:36:30.568 INFO: JdwpEventCenterDelegate: THREAD_RESUMED: thread (33, main, main)
14:36:30.570 INFO: JdwpEventCenterDelegate: THREAD_RESUMED: thread (33, main, main)
14:36:30.592 INFO: JdwpEventCenterDelegate: THREAD_RESUMED: thread (33, main, main)
14:36:30.593 INFO: JdwpEventCenterDelegate: THREAD_RESUMED: thread (33, main, main)
14:36:30.595 INFO: JdwpEventCenterDelegate: THREAD_RESUMED: thread (33, main, main)
14:36:30.596 INFO: JdwpEventCenterDelegate: THREAD_RESUMED: thread (33, main, main)
14:36:30.597 INFO: JdwpEventCenterDelegate: THREAD_RESUMED: thread (33, main, main)
14:36:30.599 INFO: JdwpEventCenterDelegate: THREAD_RESUMED: thread (33, main, main)
14:36:30.600 INFO: JdwpEventCenterDelegate: THREAD_RESUMED: thread (33, main, main)
14:36:30.628 INFO: JdwpEventCenterDelegate: THREAD_RESUMED: thread (33, main, main)
14:36:30.630 INFO: JdwpEventCenterDelegate: THREAD_RESUMED: thread (33, main, main)
14:36:30.631 INFO: JdwpEventCenterDelegate: THREAD_RESUMED: thread (33, main, main)
14:36:30.632 INFO: JdwpEventCenterDelegate: THREAD_RESUMED: thread (33, main, main)
14:36:30.634 INFO: JdwpEventCenterDelegate: THREAD_RESUMED: thread (33, main, main)
14:36:30.635 INFO: JdwpEventCenterDelegate: THREAD_RESUMED: thread (33, main, main)
14:36:30.637 INFO: JdwpEventCenterDelegate: THREAD_RESUMED: thread (33, main, main)
14:36:30.650 INFO: JdwpEventCenterDelegate: THREAD_RESUMED: thread (33, main, main)
14:36:30.652 INFO: JdwpEventCenterDelegate: THREAD_RESUMED: thread (33, main, main)
14:36:30.653 INFO: JdwpEventCenterDelegate: THREAD_RESUMED: thread (33, main, main)
14:36:30.654 INFO: JdwpEventCenterDelegate: THREAD_RESUMED: thread (33, main, main)
14:36:30.656 INFO: JdwpEventCenterDelegate: THREAD_RESUMED: thread (33, main, main)
14:36:30.657 INFO: JdwpEventCenterDelegate: THREAD_RESUMED: thread (33, main, main)
14:36:30.659 INFO: JdwpEventCenterDelegate: THREAD_RESUMED: thread (33, main, main)
14:36:30.668 INFO: JdwpEventCenterDelegate: THREAD_RESUMED: thread (33, main, main)
14:36:30.669 INFO: JdwpEventCenterDelegate: THREAD_RESUMED: thread (33, main, main)
14:36:30.671 INFO: JdwpEventCenterDelegate: THREAD_RESUMED: thread (33, main, main)
14:36:30.673 INFO: JdwpEventCenterDelegate: THREAD_RESUMED: thread (33, main, main)
14:36:30.674 INFO: JdwpEventCenterDelegate: THREAD_RESUMED: thread (33, main, main)
14:36:30.675 INFO: JdwpEventCenterDelegate: THREAD_RESUMED: thread (33, main, main)
14:36:30.676 INFO: JdwpEventCenterDelegate: THREAD_RESUMED: thread (33, main, main)
14:36:30.677 INFO: JdwpEventCenterDelegate: THREAD_RESUMED: thread (33, main, main)
14:36:30.679 INFO: JdwpEventCenterDelegate: THREAD_RESUMED: thread (33, main, main)
14:36:30.680 INFO: JdwpEventCenterDelegate: THREAD_RESUMED: thread (33, main, main)
14:36:30.681 INFO: JdwpEventCenterDelegate: THREAD_RESUMED: thread (33, main, main)
14:36:30.682 INFO: JdwpEventCenterDelegate: THREAD_RESUMED: thread (33, main, main)
14:36:30.684 INFO: JdwpEventCenterDelegate: THREAD_RESUMED: thread (33, main, main)
14:36:30.685 INFO: JdwpEventCenterDelegate: THREAD_RESUMED: thread (33, main, main)
14:36:30.687 INFO: JdwpEventCenterDelegate: THREAD_RESUMED: thread (33, main, main)
14:36:30.688 INFO: JdwpEventCenterDelegate: THREAD_RESUMED: thread (33, main, main)
14:36:30.690 INFO: JdwpEventCenterDelegate: THREAD_RESUMED: thread (33, main, main)
14:36:30.691 INFO: JdwpEventCenterDelegate: THREAD_RESUMED: thread (33, main, main)
14:36:30.694 INFO: JdwpEventCenterDelegate: THREAD_RESUMED: thread (33, main, main)
14:36:30.695 INFO: JdwpEventCenterDelegate: THREAD_RESUMED: thread (33, main, main)
14:36:30.823 INFO: JdwpEventCenterDelegate: THREAD_STARTED: thread (93, AssetManager, main)
14:36:30.927 INFO: JdwpEventCenterDelegate: THREAD_RESUMED: thread (33, main, main)
14:36:30.929 INFO: JdwpEventCenterDelegate: THREAD_RESUMED: thread (33, main, main)
14:36:33.501 INFO: JdwpEventCenterDelegate: THREAD_RESUMED: thread (33, main, main)
14:36:33.601 INFO: JdwpEventCenterDelegate: THREAD_RESUMED: thread (33, main, main)
14:36:33.602 INFO: JdwpEventCenterDelegate: THREAD_RESUMED: thread (33, main, main)
14:36:33.604 INFO: JdwpEventCenterDelegate: THREAD_RESUMED: thread (33, main, main)
14:36:33.606 INFO: JdwpEventCenterDelegate: THREAD_RESUMED: thread (33, main, main)
14:36:33.607 INFO: JdwpEventCenterDelegate: THREAD_RESUMED: thread (33, main, main)
14:36:33.613 INFO: JdwpEventCenterDelegate: THREAD_RESUMED: thread (33, main, main)
14:36:33.625 INFO: JdwpEventCenterDelegate: THREAD_RESUMED: thread (33, main, main)
14:36:33.627 INFO: JdwpEventCenterDelegate: THREAD_RESUMED: thread (33, main, main)
14:36:33.629 INFO: JdwpEventCenterDelegate: THREAD_RESUMED: thread (33, main, main)
14:36:33.631 INFO: JdwpEventCenterDelegate: THREAD_RESUMED: thread (33, main, main)
14:36:33.633 INFO: JdwpEventCenterDelegate: THREAD_RESUMED: thread (33, main, main)
14:36:33.639 INFO: JdwpEventCenterDelegate: THREAD_RESUMED: thread (33, main, main)
14:36:33.653 INFO: JdwpEventCenterDelegate: THREAD_RESUMED: thread (33, main, main)
14:36:33.656 INFO: JdwpEventCenterDelegate: THREAD_RESUMED: thread (33, main, main)
14:36:33.658 INFO: JdwpEventCenterDelegate: THREAD_RESUMED: thread (33, main, main)
14:36:33.661 INFO: JdwpEventCenterDelegate: THREAD_RESUMED: thread (33, main, main)
14:36:33.663 INFO: JdwpEventCenterDelegate: THREAD_RESUMED: thread (33, main, main)
14:36:33.668 INFO: JdwpEventCenterDelegate: THREAD_RESUMED: thread (33, main, main)
14:36:33.686 INFO: JdwpEventCenterDelegate: THREAD_RESUMED: thread (33, main, main)
14:36:33.689 INFO: JdwpEventCenterDelegate: THREAD_RESUMED: thread (33, main, main)
14:36:33.691 INFO: JdwpEventCenterDelegate: THREAD_RESUMED: thread (33, main, main)
14:36:33.693 INFO: JdwpEventCenterDelegate: THREAD_RESUMED: thread (33, main, main)
14:36:33.696 INFO: JdwpEventCenterDelegate: THREAD_RESUMED: thread (33, main, main)
14:36:33.701 INFO: JdwpEventCenterDelegate: THREAD_RESUMED: thread (33, main, main)
14:36:33.716 INFO: JdwpEventCenterDelegate: THREAD_RESUMED: thread (33, main, main)
14:36:33.719 INFO: JdwpEventCenterDelegate: THREAD_RESUMED: thread (33, main, main)
14:36:33.721 INFO: JdwpEventCenterDelegate: THREAD_RESUMED: thread (33, main, main)
14:36:33.723 INFO: JdwpEventCenterDelegate: THREAD_RESUMED: thread (33, main, main)
14:36:33.726 INFO: JdwpEventCenterDelegate: THREAD_RESUMED: thread (33, main, main)
14:36:33.731 INFO: JdwpEventCenterDelegate: THREAD_RESUMED: thread (33, main, main)
14:36:33.746 INFO: JdwpEventCenterDelegate: THREAD_RESUMED: thread (33, main, main)
14:36:33.748 INFO: JdwpEventCenterDelegate: THREAD_RESUMED: thread (33, main, main)
14:36:33.751 INFO: JdwpEventCenterDelegate: THREAD_RESUMED: thread (33, main, main)
14:36:33.753 INFO: JdwpEventCenterDelegate: THREAD_RESUMED: thread (33, main, main)
14:36:33.755 INFO: JdwpEventCenterDelegate: THREAD_RESUMED: thread (33, main, main)
14:36:33.760 INFO: JdwpEventCenterDelegate: THREAD_RESUMED: thread (33, main, main)
14:36:33.780 INFO: JdwpEventCenterDelegate: THREAD_RESUMED: thread (33, main, main)
14:36:33.782 INFO: JdwpEventCenterDelegate: THREAD_RESUMED: thread (33, main, main)
14:36:33.784 INFO: JdwpEventCenterDelegate: THREAD_RESUMED: thread (33, main, main)
14:36:33.786 INFO: JdwpEventCenterDelegate: THREAD_RESUMED: thread (33, main, main)
14:36:33.788 INFO: JdwpEventCenterDelegate: THREAD_RESUMED: thread (33, main, main)
14:36:33.793 INFO: JdwpEventCenterDelegate: THREAD_RESUMED: thread (33, main, main)
14:36:33.811 INFO: JdwpEventCenterDelegate: THREAD_RESUMED: thread (33, main, main)
14:36:33.813 INFO: JdwpEventCenterDelegate: THREAD_RESUMED: thread (33, main, main)
14:36:33.815 INFO: JdwpEventCenterDelegate: THREAD_RESUMED: thread (33, main, main)
14:36:33.817 INFO: JdwpEventCenterDelegate: THREAD_RESUMED: thread (33, main, main)
14:36:33.819 INFO: JdwpEventCenterDelegate: THREAD_RESUMED: thread (33, main, main)
14:36:33.823 INFO: JdwpEventCenterDelegate: THREAD_RESUMED: thread (33, main, main)
14:36:33.842 INFO: JdwpEventCenterDelegate: THREAD_RESUMED: thread (33, main, main)
14:36:33.845 INFO: JdwpEventCenterDelegate: THREAD_RESUMED: thread (33, main, main)
14:36:33.847 INFO: JdwpEventCenterDelegate: THREAD_RESUMED: thread (33, main, main)
14:36:33.850 INFO: JdwpEventCenterDelegate: THREAD_RESUMED: thread (33, main, main)
14:36:33.852 INFO: JdwpEventCenterDelegate: THREAD_RESUMED: thread (33, main, main)
14:36:33.857 INFO: JdwpEventCenterDelegate: THREAD_RESUMED: thread (33, main, main)
14:36:33.876 INFO: JdwpEventCenterDelegate: THREAD_RESUMED: thread (33, main, main)
14:36:33.878 INFO: JdwpEventCenterDelegate: THREAD_RESUMED: thread (33, main, main)
14:36:33.880 INFO: JdwpEventCenterDelegate: THREAD_RESUMED: thread (33, main, main)
14:36:33.882 INFO: JdwpEventCenterDelegate: THREAD_RESUMED: thread (33, main, main)
14:36:33.884 INFO: JdwpEventCenterDelegate: THREAD_RESUMED: thread (33, main, main)
14:36:33.889 INFO: JdwpEventCenterDelegate: THREAD_RESUMED: thread (33, main, main)
14:36:33.904 INFO: JdwpEventCenterDelegate: THREAD_RESUMED: thread (33, main, main)
14:36:33.906 INFO: JdwpEventCenterDelegate: THREAD_RESUMED: thread (33, main, main)
14:36:33.909 INFO: JdwpEventCenterDelegate: THREAD_RESUMED: thread (33, main, main)
14:36:33.911 INFO: JdwpEventCenterDelegate: THREAD_RESUMED: thread (33, main, main)
14:36:33.913 INFO: JdwpEventCenterDelegate: THREAD_RESUMED: thread (33, main, main)
14:36:33.918 INFO: JdwpEventCenterDelegate: THREAD_RESUMED: thread (33, main, main)
14:36:33.938 INFO: JdwpEventCenterDelegate: THREAD_RESUMED: thread (33, main, main)
14:36:33.940 INFO: JdwpEventCenterDelegate: THREAD_RESUMED: thread (33, main, main)
14:36:33.943 INFO: JdwpEventCenterDelegate: THREAD_RESUMED: thread (33, main, main)
14:36:33.945 INFO: JdwpEventCenterDelegate: THREAD_RESUMED: thread (33, main, main)
14:36:33.947 INFO: JdwpEventCenterDelegate: THREAD_RESUMED: thread (33, main, main)
14:36:33.952 INFO: JdwpEventCenterDelegate: THREAD_RESUMED: thread (33, main, main)
14:36:33.975 INFO: JdwpEventCenterDelegate: THREAD_RESUMED: thread (33, main, main)
14:36:33.977 INFO: JdwpEventCenterDelegate: THREAD_RESUMED: thread (33, main, main)
14:36:33.979 INFO: JdwpEventCenterDelegate: THREAD_RESUMED: thread (33, main, main)
14:36:33.981 INFO: JdwpEventCenterDelegate: THREAD_RESUMED: thread (33, main, main)
14:36:33.984 INFO: JdwpEventCenterDelegate: THREAD_RESUMED: thread (33, main, main)
14:36:33.989 INFO: JdwpEventCenterDelegate: THREAD_RESUMED: thread (33, main, main)
14:36:34.008 INFO: JdwpEventCenterDelegate: THREAD_RESUMED: thread (33, main, main)
14:36:34.010 INFO: JdwpEventCenterDelegate: THREAD_RESUMED: thread (33, main, main)
14:36:34.012 INFO: JdwpEventCenterDelegate: THREAD_RESUMED: thread (33, main, main)
14:36:34.015 INFO: JdwpEventCenterDelegate: THREAD_RESUMED: thread (33, main, main)
14:36:34.017 INFO: JdwpEventCenterDelegate: THREAD_RESUMED: thread (33, main, main)
14:36:34.022 INFO: JdwpEventCenterDelegate: THREAD_RESUMED: thread (33, main, main)
14:36:34.035 INFO: JdwpEventCenterDelegate: THREAD_RESUMED: thread (33, main, main)
14:36:34.038 INFO: JdwpEventCenterDelegate: THREAD_RESUMED: thread (33, main, main)
14:36:34.040 INFO: JdwpEventCenterDelegate: THREAD_RESUMED: thread (33, main, main)
14:36:34.042 INFO: JdwpEventCenterDelegate: THREAD_RESUMED: thread (33, main, main)
14:36:34.044 INFO: JdwpEventCenterDelegate: THREAD_RESUMED: thread (33, main, main)
14:36:34.049 INFO: JdwpEventCenterDelegate: THREAD_RESUMED: thread (33, main, main)
14:36:34.051 INFO: JdwpEventCenterDelegate: THREAD_RESUMED: thread (33, main, main)
14:36:34.053 INFO: JdwpEventCenterDelegate: THREAD_RESUMED: thread (33, main, main)
14:36:34.055 INFO: JdwpEventCenterDelegate: THREAD_RESUMED: thread (33, main, main)
14:36:34.057 INFO: JdwpEventCenterDelegate: THREAD_RESUMED: thread (33, main, main)
14:36:34.060 INFO: JdwpEventCenterDelegate: THREAD_RESUMED: thread (33, main, main)
14:36:34.062 INFO: JdwpEventCenterDelegate: THREAD_RESUMED: thread (33, main, main)
14:36:34.066 INFO: JdwpEventCenterDelegate: THREAD_RESUMED: thread (33, main, main)
14:36:34.068 INFO: JdwpEventCenterDelegate: THREAD_RESUMED: thread (33, main, main)
14:36:34.071 INFO: JdwpEventCenterDelegate: THREAD_RESUMED: thread (33, main, main)
14:36:34.073 INFO: JdwpEventCenterDelegate: THREAD_RESUMED: thread (33, main, main)
14:36:34.084 INFO: JdwpEventCenterDelegate: THREAD_RESUMED: thread (33, main, main)
14:36:34.086 INFO: JdwpEventCenterDelegate: THREAD_RESUMED: thread (33, main, main)
14:36:34.088 INFO: JdwpEventCenterDelegate: THREAD_RESUMED: thread (33, main, main)
14:36:34.090 INFO: JdwpEventCenterDelegate: THREAD_RESUMED: thread (33, main, main)
14:36:34.092 INFO: JdwpEventCenterDelegate: THREAD_RESUMED: thread (33, main, main)
14:36:34.094 INFO: JdwpEventCenterDelegate: THREAD_RESUMED: thread (33, main, main)
14:36:34.095 INFO: JdwpEventCenterDelegate: THREAD_RESUMED: thread (33, main, main)
14:36:34.110 INFO: JdwpEventCenterDelegate: THREAD_RESUMED: thread (33, main, main)
14:36:34.112 INFO: JdwpEventCenterDelegate: THREAD_RESUMED: thread (33, main, main)
14:36:34.114 INFO: JdwpEventCenterDelegate: THREAD_RESUMED: thread (33, main, main)
14:36:34.116 INFO: JdwpEventCenterDelegate: THREAD_RESUMED: thread (33, main, main)
14:36:34.119 INFO: JdwpEventCenterDelegate: THREAD_RESUMED: thread (33, main, main)
14:36:34.124 INFO: JdwpEventCenterDelegate: THREAD_RESUMED: thread (33, main, main)
14:36:34.137 INFO: JdwpEventCenterDelegate: THREAD_RESUMED: thread (33, main, main)
14:36:34.150 INFO: JdwpEventCenterDelegate: THREAD_RESUMED: thread (33, main, main)
14:36:34.161 INFO: JdwpEventCenterDelegate: THREAD_RESUMED: thread (33, main, main)
14:36:34.174 INFO: JdwpEventCenterDelegate: THREAD_RESUMED: thread (33, main, main)
14:36:34.208 INFO: JdwpEventCenterDelegate: THREAD_RESUMED: thread (33, main, main)
14:36:34.210 INFO: JdwpEventCenterDelegate: THREAD_RESUMED: thread (33, main, main)
14:36:34.213 INFO: JdwpEventCenterDelegate: THREAD_RESUMED: thread (33, main, main)
14:36:34.215 INFO: JdwpEventCenterDelegate: THREAD_RESUMED: thread (33, main, main)
14:36:34.217 INFO: JdwpEventCenterDelegate: THREAD_RESUMED: thread (33, main, main)
14:36:34.222 INFO: JdwpEventCenterDelegate: THREAD_RESUMED: thread (33, main, main)
14:36:34.234 INFO: JdwpEventCenterDelegate: THREAD_RESUMED: thread (33, main, main)
14:36:34.237 INFO: JdwpEventCenterDelegate: THREAD_RESUMED: thread (33, main, main)
14:36:34.239 INFO: JdwpEventCenterDelegate: THREAD_RESUMED: thread (33, main, main)
14:36:34.241 INFO: JdwpEventCenterDelegate: THREAD_RESUMED: thread (33, main, main)
14:36:34.244 INFO: JdwpEventCenterDelegate: THREAD_RESUMED: thread (33, main, main)
14:36:34.248 INFO: JdwpEventCenterDelegate: THREAD_RESUMED: thread (33, main, main)
14:36:34.263 INFO: JdwpEventCenterDelegate: THREAD_RESUMED: thread (33, main, main)
14:36:34.265 INFO: JdwpEventCenterDelegate: THREAD_RESUMED: thread (33, main, main)
14:36:34.267 INFO: JdwpEventCenterDelegate: THREAD_RESUMED: thread (33, main, main)
14:36:34.269 INFO: JdwpEventCenterDelegate: THREAD_RESUMED: thread (33, main, main)
14:36:34.272 INFO: JdwpEventCenterDelegate: THREAD_RESUMED: thread (33, main, main)
14:36:34.277 INFO: JdwpEventCenterDelegate: THREAD_RESUMED: thread (33, main, main)
14:36:34.294 INFO: JdwpEventCenterDelegate: THREAD_RESUMED: thread (33, main, main)
14:36:34.296 INFO: JdwpEventCenterDelegate: THREAD_RESUMED: thread (33, main, main)
14:36:34.298 INFO: JdwpEventCenterDelegate: THREAD_RESUMED: thread (33, main, main)
14:36:34.300 INFO: JdwpEventCenterDelegate: THREAD_RESUMED: thread (33, main, main)
14:36:34.303 INFO: JdwpEventCenterDelegate: THREAD_RESUMED: thread (33, main, main)
14:36:34.307 INFO: JdwpEventCenterDelegate: THREAD_RESUMED: thread (33, main, main)
14:36:34.322 INFO: JdwpEventCenterDelegate: THREAD_RESUMED: thread (33, main, main)
14:36:34.325 INFO: JdwpEventCenterDelegate: THREAD_RESUMED: thread (33, main, main)
14:36:34.327 INFO: JdwpEventCenterDelegate: THREAD_RESUMED: thread (33, main, main)
14:36:34.330 INFO: JdwpEventCenterDelegate: THREAD_RESUMED: thread (33, main, main)
14:36:34.332 INFO: JdwpEventCenterDelegate: THREAD_RESUMED: thread (33, main, main)
14:36:34.337 INFO: JdwpEventCenterDelegate: THREAD_RESUMED: thread (33, main, main)
14:36:34.351 INFO: JdwpEventCenterDelegate: THREAD_RESUMED: thread (33, main, main)
14:36:34.354 INFO: JdwpEventCenterDelegate: THREAD_RESUMED: thread (33, main, main)
14:36:34.356 INFO: JdwpEventCenterDelegate: THREAD_RESUMED: thread (33, main, main)
14:36:34.358 INFO: JdwpEventCenterDelegate: THREAD_RESUMED: thread (33, main, main)
14:36:34.360 INFO: JdwpEventCenterDelegate: THREAD_RESUMED: thread (33, main, main)
14:36:34.365 INFO: JdwpEventCenterDelegate: THREAD_RESUMED: thread (33, main, main)
14:36:34.386 INFO: JdwpEventCenterDelegate: THREAD_RESUMED: thread (33, main, main)
14:36:34.388 INFO: JdwpEventCenterDelegate: THREAD_RESUMED: thread (33, main, main)
14:36:34.390 INFO: JdwpEventCenterDelegate: THREAD_RESUMED: thread (33, main, main)
14:36:34.392 INFO: JdwpEventCenterDelegate: THREAD_RESUMED: thread (33, main, main)
14:36:34.394 INFO: JdwpEventCenterDelegate: THREAD_RESUMED: thread (33, main, main)
14:36:34.399 INFO: JdwpEventCenterDelegate: THREAD_RESUMED: thread (33, main, main)
14:36:34.417 INFO: JdwpEventCenterDelegate: THREAD_RESUMED: thread (33, main, main)
14:36:34.419 INFO: JdwpEventCenterDelegate: THREAD_RESUMED: thread (33, main, main)
14:36:34.422 INFO: JdwpEventCenterDelegate: THREAD_RESUMED: thread (33, main, main)
14:36:34.424 INFO: JdwpEventCenterDelegate: THREAD_RESUMED: thread (33, main, main)
14:36:34.426 INFO: JdwpEventCenterDelegate: THREAD_RESUMED: thread (33, main, main)
14:36:34.431 INFO: JdwpEventCenterDelegate: THREAD_RESUMED: thread (33, main, main)
14:36:34.449 INFO: JdwpEventCenterDelegate: THREAD_RESUMED: thread (33, main, main)
14:36:34.451 INFO: JdwpEventCenterDelegate: THREAD_RESUMED: thread (33, main, main)
14:36:34.453 INFO: JdwpEventCenterDelegate: THREAD_RESUMED: thread (33, main, main)
14:36:34.456 INFO: JdwpEventCenterDelegate: THREAD_RESUMED: thread (33, main, main)
14:36:34.458 INFO: JdwpEventCenterDelegate: THREAD_RESUMED: thread (33, main, main)
14:36:34.463 INFO: JdwpEventCenterDelegate: THREAD_RESUMED: thread (33, main, main)
14:36:34.478 INFO: JdwpEventCenterDelegate: THREAD_RESUMED: thread (33, main, main)
14:36:34.481 INFO: JdwpEventCenterDelegate: THREAD_RESUMED: thread (33, main, main)
14:36:34.483 INFO: JdwpEventCenterDelegate: THREAD_RESUMED: thread (33, main, main)
14:36:34.485 INFO: JdwpEventCenterDelegate: THREAD_RESUMED: thread (33, main, main)
14:36:34.487 INFO: JdwpEventCenterDelegate: THREAD_RESUMED: thread (33, main, main)
14:36:34.492 INFO: JdwpEventCenterDelegate: THREAD_RESUMED: thread (33, main, main)
14:36:34.506 INFO: JdwpEventCenterDelegate: THREAD_RESUMED: thread (33, main, main)
14:36:34.509 INFO: JdwpEventCenterDelegate: THREAD_RESUMED: thread (33, main, main)
14:36:34.511 INFO: JdwpEventCenterDelegate: THREAD_RESUMED: thread (33, main, main)
14:36:34.514 INFO: JdwpEventCenterDelegate: THREAD_RESUMED: thread (33, main, main)
14:36:34.516 INFO: JdwpEventCenterDelegate: THREAD_RESUMED: thread (33, main, main)
14:36:34.521 INFO: JdwpEventCenterDelegate: THREAD_RESUMED: thread (33, main, main)
14:36:34.540 INFO: JdwpEventCenterDelegate: THREAD_RESUMED: thread (33, main, main)
14:36:34.542 INFO: JdwpEventCenterDelegate: THREAD_RESUMED: thread (33, main, main)
14:36:34.544 INFO: JdwpEventCenterDelegate: THREAD_RESUMED: thread (33, main, main)
14:36:34.546 INFO: JdwpEventCenterDelegate: THREAD_RESUMED: thread (33, main, main)
14:36:34.549 INFO: JdwpEventCenterDelegate: THREAD_RESUMED: thread (33, main, main)
14:36:34.553 INFO: JdwpEventCenterDelegate: THREAD_RESUMED: thread (33, main, main)
14:36:34.578 INFO: JdwpEventCenterDelegate: THREAD_RESUMED: thread (33, main, main)
14:36:34.580 INFO: JdwpEventCenterDelegate: THREAD_RESUMED: thread (33, main, main)
14:36:34.582 INFO: JdwpEventCenterDelegate: THREAD_RESUMED: thread (33, main, main)
14:36:34.585 INFO: JdwpEventCenterDelegate: THREAD_RESUMED: thread (33, main, main)
14:36:34.587 INFO: JdwpEventCenterDelegate: THREAD_RESUMED: thread (33, main, main)
14:36:34.592 INFO: JdwpEventCenterDelegate: THREAD_RESUMED: thread (33, main, main)
14:36:34.609 INFO: JdwpEventCenterDelegate: THREAD_RESUMED: thread (33, main, main)
14:36:34.612 INFO: JdwpEventCenterDelegate: THREAD_RESUMED: thread (33, main, main)
14:36:34.614 INFO: JdwpEventCenterDelegate: THREAD_RESUMED: thread (33, main, main)
14:36:34.616 INFO: JdwpEventCenterDelegate: THREAD_RESUMED: thread (33, main, main)
14:36:34.618 INFO: JdwpEventCenterDelegate: THREAD_RESUMED: thread (33, main, main)
14:36:34.623 INFO: JdwpEventCenterDelegate: THREAD_RESUMED: thread (33, main, main)
14:36:34.635 INFO: JdwpEventCenterDelegate: THREAD_RESUMED: thread (33, main, main)
14:36:34.637 INFO: JdwpEventCenterDelegate: THREAD_RESUMED: thread (33, main, main)
14:36:34.639 INFO: JdwpEventCenterDelegate: THREAD_RESUMED: thread (33, main, main)
14:36:34.641 INFO: JdwpEventCenterDelegate: THREAD_RESUMED: thread (33, main, main)
14:36:34.643 INFO: JdwpEventCenterDelegate: THREAD_RESUMED: thread (33, main, main)
14:36:36.297 INFO: JdwpEventCenterDelegate: THREAD_STARTED: thread (108, Timer, main)
14:36:37.172 INFO: JdwpEventCenterDelegate: THREAD_RESUMED: thread (33, main, main)
14:36:37.206 INFO: JdwpEventCenterDelegate: THREAD_RESUMED: thread (33, main, main)
14:36:37.229 INFO: JdwpEventCenterDelegate: THREAD_RESUMED: thread (33, main, main)
14:36:37.247 INFO: JdwpEventCenterDelegate: THREAD_RESUMED: thread (33, main, main)
14:36:37.287 INFO: JdwpEventCenterDelegate: THREAD_RESUMED: thread (33, main, main)
14:36:37.321 INFO: JdwpEventCenterDelegate: THREAD_RESUMED: thread (33, main, main)
14:36:37.338 INFO: JdwpEventCenterDelegate: THREAD_RESUMED: thread (33, main, main)
14:36:37.354 INFO: JdwpEventCenterDelegate: THREAD_RESUMED: thread (33, main, main)
14:36:37.360 INFO: JdwpEventCenterDelegate: THREAD_RESUMED: thread (33, main, main)
14:36:37.375 INFO: JdwpEventCenterDelegate: THREAD_RESUMED: thread (33, main, main)
14:36:37.406 INFO: JdwpEventCenterDelegate: THREAD_RESUMED: thread (33, main, main)
14:36:37.418 INFO: JdwpEventCenterDelegate: THREAD_RESUMED: thread (33, main, main)
14:36:37.430 INFO: JdwpEventCenterDelegate: THREAD_RESUMED: thread (33, main, main)
14:36:37.442 INFO: JdwpEventCenterDelegate: THREAD_RESUMED: thread (33, main, main)
14:36:37.477 INFO: JdwpEventCenterDelegate: THREAD_RESUMED: thread (33, main, main)
14:36:37.510 INFO: JdwpEventCenterDelegate: THREAD_RESUMED: thread (33, main, main)
14:36:37.526 INFO: JdwpEventCenterDelegate: THREAD_RESUMED: thread (33, main, main)
14:36:37.540 INFO: JdwpEventCenterDelegate: THREAD_RESUMED: thread (33, main, main)
14:36:37.546 INFO: JdwpEventCenterDelegate: THREAD_RESUMED: thread (33, main, main)
14:36:37.559 INFO: JdwpEventCenterDelegate: THREAD_RESUMED: thread (33, main, main)
14:36:39.098 INFO: JdwpEventCenterDelegate: THREAD_RESUMED: thread (33, main, main)
14:37:36.420 INFO: JdwpDebugServer: handling req: VirtualMachine(1).Exit(10)
14:37:36.420 SEVERE: Debugger: Thread JDWP server socket thread crashed
org.robovm.debugger.DebuggerException: Terminating due exit command
	at org.robovm.debugger.jdwp.JdwpDebugServer.doSocketWork(JdwpDebugServer.java:211)
	at java.base/java.lang.Thread.run(Thread.java:834)
	at org.robovm.debugger.utils.DebuggerThread.run(DebuggerThread.java:42)
14:37:36.927 SEVERE: Debugger: Thread HooksChannel socket thread crashed
org.robovm.debugger.DebuggerException: java.io.IOException: org.robovm.libimobiledevice.LibIMobileDeviceException: IDEVICE_E_UNKNOWN_ERROR
	at org.robovm.debugger.hooks.HooksChannel.doSocketWork(HooksChannel.java:149)
	at java.base/java.lang.Thread.run(Thread.java:834)
	at org.robovm.debugger.utils.DebuggerThread.run(DebuggerThread.java:42)
Caused by: java.io.IOException: org.robovm.libimobiledevice.LibIMobileDeviceException: IDEVICE_E_UNKNOWN_ERROR
	at org.robovm.libimobiledevice.IDeviceConnection$DeviceInputStream.read(IDeviceConnection.java:203)
	at org.robovm.debugger.utils.bytebuffer.DataBufferWriter.writeFromStream(DataBufferWriter.java:89)
	at org.robovm.debugger.hooks.HooksChannel.doSocketWork(HooksChannel.java:116)
	... 2 more
Caused by: org.robovm.libimobiledevice.LibIMobileDeviceException: IDEVICE_E_UNKNOWN_ERROR
	at org.robovm.libimobiledevice.IDevice.checkResult(IDevice.java:206)
	at org.robovm.libimobiledevice.IDeviceConnection.receive(IDeviceConnection.java:110)
	at org.robovm.libimobiledevice.IDeviceConnection.receive(IDeviceConnection.java:81)
	at org.robovm.libimobiledevice.IDeviceConnection$DeviceInputStream.read(IDeviceConnection.java:201)
	... 4 more
