07:26:14.764 INFO: JdwpDebugServer: handling req: VirtualMachine(1).IDSizes(7)
07:26:14.765 INFO: JdwpDebugServer: handling req: EventRequest(15).Set(1)
07:26:14.765 INFO: JdwpEventCenterDelegate: jdwpSetEventRequest: JdwpEventRequest{requestId=100, eventKind=CLASS_PREPARE, suspendPolicy=NONE, predicates=[]}
07:26:14.765 INFO: JdwpDebugServer: handling req: EventRequest(15).Set(1)
07:26:14.765 INFO: JdwpEventCenterDelegate: jdwpSetEventRequest: JdwpEventRequest{requestId=101, eventKind=CLASS_UNLOAD, suspendPolicy=NONE, predicates=[]}
07:26:14.784 INFO: JdwpDebugServer: handling req: VirtualMachine(1).Version(1)
07:26:14.784 INFO: JdwpDebugServer: handling req: VirtualMachine(1).capabilitiesNew(17)
07:26:14.784 INFO: JdwpDebugServer: handling req: VirtualMachine(1).capabilities(12)
07:26:14.784 INFO: JdwpDebugServer: handling req: VirtualMachine(1).AllClassesWithGeneric(20)
07:26:14.787 INFO: JdwpDebugServer: handling req: VirtualMachine(1).TopLevelThreadGroups(5)
07:26:14.788 INFO: JdwpDebugServer: handling req: EventRequest(15).Set(1)
07:26:14.788 INFO: JdwpEventCenterDelegate: jdwpSetEventRequest: JdwpEventRequest{requestId=102, eventKind=THREAD_START, suspendPolicy=NONE, predicates=[]}
07:26:14.788 INFO: JdwpDebugServer: handling req: EventRequest(15).Set(1)
07:26:14.788 INFO: JdwpEventCenterDelegate: jdwpSetEventRequest: JdwpEventRequest{requestId=103, eventKind=THREAD_DEATH, suspendPolicy=NONE, predicates=[]}
07:26:14.789 INFO: JdwpDebugServer: handling req: EventRequest(15).Set(1)
07:26:14.790 INFO: JdwpEventCenterDelegate: jdwpSetEventRequest: JdwpEventRequest{requestId=104, eventKind=CLASS_PREPARE, suspendPolicy=EVENT_THREAD, predicates=[className=sun.instrument.InstrumentationImpl]}
07:26:14.790 INFO: JdwpDebugServer: handling req: EventRequest(15).Set(1)
07:26:14.790 INFO: JdwpEventCenterDelegate: jdwpSetEventRequest: JdwpEventRequest{requestId=105, eventKind=CLASS_PREPARE, suspendPolicy=EVENT_THREAD, predicates=[className=sun.instrument.InstrumentationImpl]}
07:26:15.385 INFO: JdwpDebugServer: handling req: VirtualMachine(1).Resume(9)
07:26:15.440 INFO: JdwpEventCenterDelegate: THREAD_STARTED: thread (33, main, main)
07:26:15.462 INFO: JdwpEventCenterDelegate: THREAD_STARTED: thread (48, FinalizerDaemon, main)
07:26:15.469 INFO: JdwpEventCenterDelegate: THREAD_STARTED: thread (63, ReferenceQueueDaemon, main)
07:26:15.476 INFO: JdwpEventCenterDelegate: THREAD_STARTED: thread (78, FinalizerWatchdogDaemon, main)
07:26:15.479 INFO: JdwpEventCenterDelegate: THREAD_RESUMED: thread (33, main, main)
07:26:15.480 INFO: JdwpEventCenterDelegate: THREAD_RESUMED: thread (33, main, main)
07:26:15.482 INFO: JdwpEventCenterDelegate: THREAD_RESUMED: thread (33, main, main)
07:26:15.483 INFO: JdwpEventCenterDelegate: THREAD_RESUMED: thread (33, main, main)
07:26:15.484 INFO: JdwpEventCenterDelegate: THREAD_RESUMED: thread (33, main, main)
07:26:15.486 INFO: JdwpEventCenterDelegate: THREAD_RESUMED: thread (33, main, main)
07:26:15.487 INFO: JdwpEventCenterDelegate: THREAD_RESUMED: thread (33, main, main)
07:26:15.488 INFO: JdwpEventCenterDelegate: THREAD_RESUMED: thread (33, main, main)
07:26:15.489 INFO: JdwpEventCenterDelegate: THREAD_RESUMED: thread (33, main, main)
07:26:15.490 INFO: JdwpEventCenterDelegate: THREAD_RESUMED: thread (33, main, main)
07:26:15.491 INFO: JdwpEventCenterDelegate: THREAD_RESUMED: thread (33, main, main)
07:26:15.492 INFO: JdwpEventCenterDelegate: THREAD_RESUMED: thread (33, main, main)
07:26:15.493 INFO: JdwpEventCenterDelegate: THREAD_RESUMED: thread (33, main, main)
07:26:15.494 INFO: JdwpEventCenterDelegate: THREAD_RESUMED: thread (33, main, main)
07:26:15.495 INFO: JdwpEventCenterDelegate: THREAD_RESUMED: thread (33, main, main)
07:26:15.497 INFO: JdwpEventCenterDelegate: THREAD_RESUMED: thread (33, main, main)
07:26:15.498 INFO: JdwpEventCenterDelegate: THREAD_RESUMED: thread (33, main, main)
07:26:15.499 INFO: JdwpEventCenterDelegate: THREAD_RESUMED: thread (33, main, main)
07:26:15.503 INFO: JdwpEventCenterDelegate: THREAD_RESUMED: thread (33, main, main)
07:26:15.504 INFO: JdwpEventCenterDelegate: THREAD_RESUMED: thread (33, main, main)
07:26:15.505 INFO: JdwpEventCenterDelegate: THREAD_RESUMED: thread (33, main, main)
07:26:15.506 INFO: JdwpEventCenterDelegate: THREAD_RESUMED: thread (33, main, main)
07:26:15.507 INFO: JdwpEventCenterDelegate: THREAD_RESUMED: thread (33, main, main)
07:26:15.508 INFO: JdwpEventCenterDelegate: THREAD_RESUMED: thread (33, main, main)
07:26:15.510 INFO: JdwpEventCenterDelegate: THREAD_RESUMED: thread (33, main, main)
07:26:15.542 INFO: JdwpEventCenterDelegate: THREAD_RESUMED: thread (33, main, main)
07:26:15.543 INFO: JdwpEventCenterDelegate: THREAD_RESUMED: thread (33, main, main)
07:26:15.545 INFO: JdwpEventCenterDelegate: THREAD_RESUMED: thread (33, main, main)
07:26:15.546 INFO: JdwpEventCenterDelegate: THREAD_RESUMED: thread (33, main, main)
07:26:15.548 INFO: JdwpEventCenterDelegate: THREAD_RESUMED: thread (33, main, main)
07:26:15.549 INFO: JdwpEventCenterDelegate: THREAD_RESUMED: thread (33, main, main)
07:26:15.550 INFO: JdwpEventCenterDelegate: THREAD_RESUMED: thread (33, main, main)
07:26:15.552 INFO: JdwpEventCenterDelegate: THREAD_RESUMED: thread (33, main, main)
07:26:15.553 INFO: JdwpEventCenterDelegate: THREAD_RESUMED: thread (33, main, main)
07:26:15.555 INFO: JdwpEventCenterDelegate: THREAD_RESUMED: thread (33, main, main)
07:26:15.556 INFO: JdwpEventCenterDelegate: THREAD_RESUMED: thread (33, main, main)
07:26:15.558 INFO: JdwpEventCenterDelegate: THREAD_RESUMED: thread (33, main, main)
07:26:15.559 INFO: JdwpEventCenterDelegate: THREAD_RESUMED: thread (33, main, main)
07:26:15.561 INFO: JdwpEventCenterDelegate: THREAD_RESUMED: thread (33, main, main)
07:26:15.576 INFO: JdwpEventCenterDelegate: THREAD_RESUMED: thread (33, main, main)
07:26:15.577 INFO: JdwpEventCenterDelegate: THREAD_RESUMED: thread (33, main, main)
07:26:15.578 INFO: JdwpEventCenterDelegate: THREAD_RESUMED: thread (33, main, main)
07:26:15.580 INFO: JdwpEventCenterDelegate: THREAD_RESUMED: thread (33, main, main)
07:26:15.581 INFO: JdwpEventCenterDelegate: THREAD_RESUMED: thread (33, main, main)
07:26:15.583 INFO: JdwpEventCenterDelegate: THREAD_RESUMED: thread (33, main, main)
07:26:15.584 INFO: JdwpEventCenterDelegate: THREAD_RESUMED: thread (33, main, main)
07:26:15.604 INFO: JdwpEventCenterDelegate: THREAD_RESUMED: thread (33, main, main)
07:26:15.605 INFO: JdwpEventCenterDelegate: THREAD_RESUMED: thread (33, main, main)
07:26:15.607 INFO: JdwpEventCenterDelegate: THREAD_RESUMED: thread (33, main, main)
07:26:15.608 INFO: JdwpEventCenterDelegate: THREAD_RESUMED: thread (33, main, main)
07:26:15.609 INFO: JdwpEventCenterDelegate: THREAD_RESUMED: thread (33, main, main)
07:26:15.611 INFO: JdwpEventCenterDelegate: THREAD_RESUMED: thread (33, main, main)
07:26:15.612 INFO: JdwpEventCenterDelegate: THREAD_RESUMED: thread (33, main, main)
07:26:15.640 INFO: JdwpEventCenterDelegate: THREAD_RESUMED: thread (33, main, main)
07:26:15.642 INFO: JdwpEventCenterDelegate: THREAD_RESUMED: thread (33, main, main)
07:26:15.643 INFO: JdwpEventCenterDelegate: THREAD_RESUMED: thread (33, main, main)
07:26:15.644 INFO: JdwpEventCenterDelegate: THREAD_RESUMED: thread (33, main, main)
07:26:15.645 INFO: JdwpEventCenterDelegate: THREAD_RESUMED: thread (33, main, main)
07:26:15.647 INFO: JdwpEventCenterDelegate: THREAD_RESUMED: thread (33, main, main)
07:26:15.648 INFO: JdwpEventCenterDelegate: THREAD_RESUMED: thread (33, main, main)
07:26:15.662 INFO: JdwpEventCenterDelegate: THREAD_RESUMED: thread (33, main, main)
07:26:15.663 INFO: JdwpEventCenterDelegate: THREAD_RESUMED: thread (33, main, main)
07:26:15.664 INFO: JdwpEventCenterDelegate: THREAD_RESUMED: thread (33, main, main)
07:26:15.666 INFO: JdwpEventCenterDelegate: THREAD_RESUMED: thread (33, main, main)
07:26:15.667 INFO: JdwpEventCenterDelegate: THREAD_RESUMED: thread (33, main, main)
07:26:15.669 INFO: JdwpEventCenterDelegate: THREAD_RESUMED: thread (33, main, main)
07:26:15.670 INFO: JdwpEventCenterDelegate: THREAD_RESUMED: thread (33, main, main)
07:26:15.679 INFO: JdwpEventCenterDelegate: THREAD_RESUMED: thread (33, main, main)
07:26:15.680 INFO: JdwpEventCenterDelegate: THREAD_RESUMED: thread (33, main, main)
07:26:15.682 INFO: JdwpEventCenterDelegate: THREAD_RESUMED: thread (33, main, main)
07:26:15.684 INFO: JdwpEventCenterDelegate: THREAD_RESUMED: thread (33, main, main)
07:26:15.685 INFO: JdwpEventCenterDelegate: THREAD_RESUMED: thread (33, main, main)
07:26:15.687 INFO: JdwpEventCenterDelegate: THREAD_RESUMED: thread (33, main, main)
07:26:15.688 INFO: JdwpEventCenterDelegate: THREAD_RESUMED: thread (33, main, main)
07:26:15.689 INFO: JdwpEventCenterDelegate: THREAD_RESUMED: thread (33, main, main)
07:26:15.691 INFO: JdwpEventCenterDelegate: THREAD_RESUMED: thread (33, main, main)
07:26:15.692 INFO: JdwpEventCenterDelegate: THREAD_RESUMED: thread (33, main, main)
07:26:15.693 INFO: JdwpEventCenterDelegate: THREAD_RESUMED: thread (33, main, main)
07:26:15.694 INFO: JdwpEventCenterDelegate: THREAD_RESUMED: thread (33, main, main)
07:26:15.696 INFO: JdwpEventCenterDelegate: THREAD_RESUMED: thread (33, main, main)
07:26:15.698 INFO: JdwpEventCenterDelegate: THREAD_RESUMED: thread (33, main, main)
07:26:15.699 INFO: JdwpEventCenterDelegate: THREAD_RESUMED: thread (33, main, main)
07:26:15.700 INFO: JdwpEventCenterDelegate: THREAD_RESUMED: thread (33, main, main)
07:26:15.702 INFO: JdwpEventCenterDelegate: THREAD_RESUMED: thread (33, main, main)
07:26:15.703 INFO: JdwpEventCenterDelegate: THREAD_RESUMED: thread (33, main, main)
07:26:15.708 INFO: JdwpEventCenterDelegate: THREAD_RESUMED: thread (33, main, main)
07:26:15.710 INFO: JdwpEventCenterDelegate: THREAD_RESUMED: thread (33, main, main)
07:26:15.843 INFO: JdwpEventCenterDelegate: THREAD_STARTED: thread (93, AssetManager, main)
07:26:15.949 INFO: JdwpEventCenterDelegate: THREAD_RESUMED: thread (33, main, main)
07:26:15.951 INFO: JdwpEventCenterDelegate: THREAD_RESUMED: thread (33, main, main)
07:26:18.523 INFO: JdwpEventCenterDelegate: THREAD_RESUMED: thread (33, main, main)
07:26:18.622 INFO: JdwpEventCenterDelegate: THREAD_RESUMED: thread (33, main, main)
07:26:18.623 INFO: JdwpEventCenterDelegate: THREAD_RESUMED: thread (33, main, main)
07:26:18.625 INFO: JdwpEventCenterDelegate: THREAD_RESUMED: thread (33, main, main)
07:26:18.626 INFO: JdwpEventCenterDelegate: THREAD_RESUMED: thread (33, main, main)
07:26:18.628 INFO: JdwpEventCenterDelegate: THREAD_RESUMED: thread (33, main, main)
07:26:18.633 INFO: JdwpEventCenterDelegate: THREAD_RESUMED: thread (33, main, main)
07:26:18.645 INFO: JdwpEventCenterDelegate: THREAD_RESUMED: thread (33, main, main)
07:26:18.647 INFO: JdwpEventCenterDelegate: THREAD_RESUMED: thread (33, main, main)
07:26:18.649 INFO: JdwpEventCenterDelegate: THREAD_RESUMED: thread (33, main, main)
07:26:18.650 INFO: JdwpEventCenterDelegate: THREAD_RESUMED: thread (33, main, main)
07:26:18.652 INFO: JdwpEventCenterDelegate: THREAD_RESUMED: thread (33, main, main)
07:26:18.657 INFO: JdwpEventCenterDelegate: THREAD_RESUMED: thread (33, main, main)
07:26:18.672 INFO: JdwpEventCenterDelegate: THREAD_RESUMED: thread (33, main, main)
07:26:18.674 INFO: JdwpEventCenterDelegate: THREAD_RESUMED: thread (33, main, main)
07:26:18.676 INFO: JdwpEventCenterDelegate: THREAD_RESUMED: thread (33, main, main)
07:26:18.679 INFO: JdwpEventCenterDelegate: THREAD_RESUMED: thread (33, main, main)
07:26:18.681 INFO: JdwpEventCenterDelegate: THREAD_RESUMED: thread (33, main, main)
07:26:18.686 INFO: JdwpEventCenterDelegate: THREAD_RESUMED: thread (33, main, main)
07:26:18.705 INFO: JdwpEventCenterDelegate: THREAD_RESUMED: thread (33, main, main)
07:26:18.707 INFO: JdwpEventCenterDelegate: THREAD_RESUMED: thread (33, main, main)
07:26:18.709 INFO: JdwpEventCenterDelegate: THREAD_RESUMED: thread (33, main, main)
07:26:18.712 INFO: JdwpEventCenterDelegate: THREAD_RESUMED: thread (33, main, main)
07:26:18.714 INFO: JdwpEventCenterDelegate: THREAD_RESUMED: thread (33, main, main)
07:26:18.719 INFO: JdwpEventCenterDelegate: THREAD_RESUMED: thread (33, main, main)
07:26:18.734 INFO: JdwpEventCenterDelegate: THREAD_RESUMED: thread (33, main, main)
07:26:18.737 INFO: JdwpEventCenterDelegate: THREAD_RESUMED: thread (33, main, main)
07:26:18.739 INFO: JdwpEventCenterDelegate: THREAD_RESUMED: thread (33, main, main)
07:26:18.741 INFO: JdwpEventCenterDelegate: THREAD_RESUMED: thread (33, main, main)
07:26:18.743 INFO: JdwpEventCenterDelegate: THREAD_RESUMED: thread (33, main, main)
07:26:18.747 INFO: JdwpEventCenterDelegate: THREAD_RESUMED: thread (33, main, main)
07:26:18.762 INFO: JdwpEventCenterDelegate: THREAD_RESUMED: thread (33, main, main)
07:26:18.765 INFO: JdwpEventCenterDelegate: THREAD_RESUMED: thread (33, main, main)
07:26:18.767 INFO: JdwpEventCenterDelegate: THREAD_RESUMED: thread (33, main, main)
07:26:18.769 INFO: JdwpEventCenterDelegate: THREAD_RESUMED: thread (33, main, main)
07:26:18.771 INFO: JdwpEventCenterDelegate: THREAD_RESUMED: thread (33, main, main)
07:26:18.776 INFO: JdwpEventCenterDelegate: THREAD_RESUMED: thread (33, main, main)
07:26:18.799 INFO: JdwpEventCenterDelegate: THREAD_RESUMED: thread (33, main, main)
07:26:18.802 INFO: JdwpEventCenterDelegate: THREAD_RESUMED: thread (33, main, main)
07:26:18.804 INFO: JdwpEventCenterDelegate: THREAD_RESUMED: thread (33, main, main)
07:26:18.806 INFO: JdwpEventCenterDelegate: THREAD_RESUMED: thread (33, main, main)
07:26:18.808 INFO: JdwpEventCenterDelegate: THREAD_RESUMED: thread (33, main, main)
07:26:18.813 INFO: JdwpEventCenterDelegate: THREAD_RESUMED: thread (33, main, main)
07:26:18.833 INFO: JdwpEventCenterDelegate: THREAD_RESUMED: thread (33, main, main)
07:26:18.835 INFO: JdwpEventCenterDelegate: THREAD_RESUMED: thread (33, main, main)
07:26:18.837 INFO: JdwpEventCenterDelegate: THREAD_RESUMED: thread (33, main, main)
07:26:18.839 INFO: JdwpEventCenterDelegate: THREAD_RESUMED: thread (33, main, main)
07:26:18.841 INFO: JdwpEventCenterDelegate: THREAD_RESUMED: thread (33, main, main)
07:26:18.846 INFO: JdwpEventCenterDelegate: THREAD_RESUMED: thread (33, main, main)
07:26:18.865 INFO: JdwpEventCenterDelegate: THREAD_RESUMED: thread (33, main, main)
07:26:18.868 INFO: JdwpEventCenterDelegate: THREAD_RESUMED: thread (33, main, main)
07:26:18.870 INFO: JdwpEventCenterDelegate: THREAD_RESUMED: thread (33, main, main)
07:26:18.872 INFO: JdwpEventCenterDelegate: THREAD_RESUMED: thread (33, main, main)
07:26:18.875 INFO: JdwpEventCenterDelegate: THREAD_RESUMED: thread (33, main, main)
07:26:18.880 INFO: JdwpEventCenterDelegate: THREAD_RESUMED: thread (33, main, main)
07:26:18.895 INFO: JdwpEventCenterDelegate: THREAD_RESUMED: thread (33, main, main)
07:26:18.897 INFO: JdwpEventCenterDelegate: THREAD_RESUMED: thread (33, main, main)
07:26:18.900 INFO: JdwpEventCenterDelegate: THREAD_RESUMED: thread (33, main, main)
07:26:18.902 INFO: JdwpEventCenterDelegate: THREAD_RESUMED: thread (33, main, main)
07:26:18.904 INFO: JdwpEventCenterDelegate: THREAD_RESUMED: thread (33, main, main)
07:26:18.910 INFO: JdwpEventCenterDelegate: THREAD_RESUMED: thread (33, main, main)
07:26:18.924 INFO: JdwpEventCenterDelegate: THREAD_RESUMED: thread (33, main, main)
07:26:18.926 INFO: JdwpEventCenterDelegate: THREAD_RESUMED: thread (33, main, main)
07:26:18.929 INFO: JdwpEventCenterDelegate: THREAD_RESUMED: thread (33, main, main)
07:26:18.931 INFO: JdwpEventCenterDelegate: THREAD_RESUMED: thread (33, main, main)
07:26:18.933 INFO: JdwpEventCenterDelegate: THREAD_RESUMED: thread (33, main, main)
07:26:18.938 INFO: JdwpEventCenterDelegate: THREAD_RESUMED: thread (33, main, main)
07:26:18.961 INFO: JdwpEventCenterDelegate: THREAD_RESUMED: thread (33, main, main)
07:26:18.964 INFO: JdwpEventCenterDelegate: THREAD_RESUMED: thread (33, main, main)
07:26:18.966 INFO: JdwpEventCenterDelegate: THREAD_RESUMED: thread (33, main, main)
07:26:18.968 INFO: JdwpEventCenterDelegate: THREAD_RESUMED: thread (33, main, main)
07:26:18.970 INFO: JdwpEventCenterDelegate: THREAD_RESUMED: thread (33, main, main)
07:26:18.974 INFO: JdwpEventCenterDelegate: THREAD_RESUMED: thread (33, main, main)
07:26:18.997 INFO: JdwpEventCenterDelegate: THREAD_RESUMED: thread (33, main, main)
07:26:18.999 INFO: JdwpEventCenterDelegate: THREAD_RESUMED: thread (33, main, main)
07:26:19.001 INFO: JdwpEventCenterDelegate: THREAD_RESUMED: thread (33, main, main)
07:26:19.003 INFO: JdwpEventCenterDelegate: THREAD_RESUMED: thread (33, main, main)
07:26:19.006 INFO: JdwpEventCenterDelegate: THREAD_RESUMED: thread (33, main, main)
07:26:19.010 INFO: JdwpEventCenterDelegate: THREAD_RESUMED: thread (33, main, main)
07:26:19.030 INFO: JdwpEventCenterDelegate: THREAD_RESUMED: thread (33, main, main)
07:26:19.032 INFO: JdwpEventCenterDelegate: THREAD_RESUMED: thread (33, main, main)
07:26:19.035 INFO: JdwpEventCenterDelegate: THREAD_RESUMED: thread (33, main, main)
07:26:19.037 INFO: JdwpEventCenterDelegate: THREAD_RESUMED: thread (33, main, main)
07:26:19.039 INFO: JdwpEventCenterDelegate: THREAD_RESUMED: thread (33, main, main)
07:26:19.044 INFO: JdwpEventCenterDelegate: THREAD_RESUMED: thread (33, main, main)
07:26:19.057 INFO: JdwpEventCenterDelegate: THREAD_RESUMED: thread (33, main, main)
07:26:19.060 INFO: JdwpEventCenterDelegate: THREAD_RESUMED: thread (33, main, main)
07:26:19.062 INFO: JdwpEventCenterDelegate: THREAD_RESUMED: thread (33, main, main)
07:26:19.064 INFO: JdwpEventCenterDelegate: THREAD_RESUMED: thread (33, main, main)
07:26:19.066 INFO: JdwpEventCenterDelegate: THREAD_RESUMED: thread (33, main, main)
07:26:19.071 INFO: JdwpEventCenterDelegate: THREAD_RESUMED: thread (33, main, main)
07:26:19.074 INFO: JdwpEventCenterDelegate: THREAD_RESUMED: thread (33, main, main)
07:26:19.076 INFO: JdwpEventCenterDelegate: THREAD_RESUMED: thread (33, main, main)
07:26:19.078 INFO: JdwpEventCenterDelegate: THREAD_RESUMED: thread (33, main, main)
07:26:19.080 INFO: JdwpEventCenterDelegate: THREAD_RESUMED: thread (33, main, main)
07:26:19.082 INFO: JdwpEventCenterDelegate: THREAD_RESUMED: thread (33, main, main)
07:26:19.085 INFO: JdwpEventCenterDelegate: THREAD_RESUMED: thread (33, main, main)
07:26:19.089 INFO: JdwpEventCenterDelegate: THREAD_RESUMED: thread (33, main, main)
07:26:19.092 INFO: JdwpEventCenterDelegate: THREAD_RESUMED: thread (33, main, main)
07:26:19.095 INFO: JdwpEventCenterDelegate: THREAD_RESUMED: thread (33, main, main)
07:26:19.097 INFO: JdwpEventCenterDelegate: THREAD_RESUMED: thread (33, main, main)
07:26:19.109 INFO: JdwpEventCenterDelegate: THREAD_RESUMED: thread (33, main, main)
07:26:19.112 INFO: JdwpEventCenterDelegate: THREAD_RESUMED: thread (33, main, main)
07:26:19.114 INFO: JdwpEventCenterDelegate: THREAD_RESUMED: thread (33, main, main)
07:26:19.116 INFO: JdwpEventCenterDelegate: THREAD_RESUMED: thread (33, main, main)
07:26:19.118 INFO: JdwpEventCenterDelegate: THREAD_RESUMED: thread (33, main, main)
07:26:19.124 INFO: JdwpEventCenterDelegate: THREAD_RESUMED: thread (33, main, main)
07:26:19.136 INFO: JdwpEventCenterDelegate: THREAD_RESUMED: thread (33, main, main)
07:26:19.149 INFO: JdwpEventCenterDelegate: THREAD_RESUMED: thread (33, main, main)
07:26:19.160 INFO: JdwpEventCenterDelegate: THREAD_RESUMED: thread (33, main, main)
07:26:19.173 INFO: JdwpEventCenterDelegate: THREAD_RESUMED: thread (33, main, main)
07:26:19.204 INFO: JdwpEventCenterDelegate: THREAD_RESUMED: thread (33, main, main)
07:26:19.206 INFO: JdwpEventCenterDelegate: THREAD_RESUMED: thread (33, main, main)
07:26:19.208 INFO: JdwpEventCenterDelegate: THREAD_RESUMED: thread (33, main, main)
07:26:19.211 INFO: JdwpEventCenterDelegate: THREAD_RESUMED: thread (33, main, main)
07:26:19.213 INFO: JdwpEventCenterDelegate: THREAD_RESUMED: thread (33, main, main)
07:26:19.218 INFO: JdwpEventCenterDelegate: THREAD_RESUMED: thread (33, main, main)
07:26:19.229 INFO: JdwpEventCenterDelegate: THREAD_RESUMED: thread (33, main, main)
07:26:19.232 INFO: JdwpEventCenterDelegate: THREAD_RESUMED: thread (33, main, main)
07:26:19.234 INFO: JdwpEventCenterDelegate: THREAD_RESUMED: thread (33, main, main)
07:26:19.236 INFO: JdwpEventCenterDelegate: THREAD_RESUMED: thread (33, main, main)
07:26:19.238 INFO: JdwpEventCenterDelegate: THREAD_RESUMED: thread (33, main, main)
07:26:19.243 INFO: JdwpEventCenterDelegate: THREAD_RESUMED: thread (33, main, main)
07:26:19.260 INFO: JdwpEventCenterDelegate: THREAD_RESUMED: thread (33, main, main)
07:26:19.262 INFO: JdwpEventCenterDelegate: THREAD_RESUMED: thread (33, main, main)
07:26:19.265 INFO: JdwpEventCenterDelegate: THREAD_RESUMED: thread (33, main, main)
07:26:19.267 INFO: JdwpEventCenterDelegate: THREAD_RESUMED: thread (33, main, main)
07:26:19.269 INFO: JdwpEventCenterDelegate: THREAD_RESUMED: thread (33, main, main)
07:26:19.274 INFO: JdwpEventCenterDelegate: THREAD_RESUMED: thread (33, main, main)
07:26:19.291 INFO: JdwpEventCenterDelegate: THREAD_RESUMED: thread (33, main, main)
07:26:19.293 INFO: JdwpEventCenterDelegate: THREAD_RESUMED: thread (33, main, main)
07:26:19.296 INFO: JdwpEventCenterDelegate: THREAD_RESUMED: thread (33, main, main)
07:26:19.298 INFO: JdwpEventCenterDelegate: THREAD_RESUMED: thread (33, main, main)
07:26:19.301 INFO: JdwpEventCenterDelegate: THREAD_RESUMED: thread (33, main, main)
07:26:19.305 INFO: JdwpEventCenterDelegate: THREAD_RESUMED: thread (33, main, main)
07:26:19.321 INFO: JdwpEventCenterDelegate: THREAD_RESUMED: thread (33, main, main)
07:26:19.323 INFO: JdwpEventCenterDelegate: THREAD_RESUMED: thread (33, main, main)
07:26:19.326 INFO: JdwpEventCenterDelegate: THREAD_RESUMED: thread (33, main, main)
07:26:19.328 INFO: JdwpEventCenterDelegate: THREAD_RESUMED: thread (33, main, main)
07:26:19.330 INFO: JdwpEventCenterDelegate: THREAD_RESUMED: thread (33, main, main)
07:26:19.334 INFO: JdwpEventCenterDelegate: THREAD_RESUMED: thread (33, main, main)
07:26:19.349 INFO: JdwpEventCenterDelegate: THREAD_RESUMED: thread (33, main, main)
07:26:19.351 INFO: JdwpEventCenterDelegate: THREAD_RESUMED: thread (33, main, main)
07:26:19.354 INFO: JdwpEventCenterDelegate: THREAD_RESUMED: thread (33, main, main)
07:26:19.355 INFO: JdwpEventCenterDelegate: THREAD_RESUMED: thread (33, main, main)
07:26:19.357 INFO: JdwpEventCenterDelegate: THREAD_RESUMED: thread (33, main, main)
07:26:19.362 INFO: JdwpEventCenterDelegate: THREAD_RESUMED: thread (33, main, main)
07:26:19.380 INFO: JdwpEventCenterDelegate: THREAD_RESUMED: thread (33, main, main)
07:26:19.382 INFO: JdwpEventCenterDelegate: THREAD_RESUMED: thread (33, main, main)
07:26:19.384 INFO: JdwpEventCenterDelegate: THREAD_RESUMED: thread (33, main, main)
07:26:19.386 INFO: JdwpEventCenterDelegate: THREAD_RESUMED: thread (33, main, main)
07:26:19.387 INFO: JdwpEventCenterDelegate: THREAD_RESUMED: thread (33, main, main)
07:26:19.392 INFO: JdwpEventCenterDelegate: THREAD_RESUMED: thread (33, main, main)
07:26:19.410 INFO: JdwpEventCenterDelegate: THREAD_RESUMED: thread (33, main, main)
07:26:19.412 INFO: JdwpEventCenterDelegate: THREAD_RESUMED: thread (33, main, main)
07:26:19.414 INFO: JdwpEventCenterDelegate: THREAD_RESUMED: thread (33, main, main)
07:26:19.415 INFO: JdwpEventCenterDelegate: THREAD_RESUMED: thread (33, main, main)
07:26:19.417 INFO: JdwpEventCenterDelegate: THREAD_RESUMED: thread (33, main, main)
07:26:19.422 INFO: JdwpEventCenterDelegate: THREAD_RESUMED: thread (33, main, main)
07:26:19.439 INFO: JdwpEventCenterDelegate: THREAD_RESUMED: thread (33, main, main)
07:26:19.441 INFO: JdwpEventCenterDelegate: THREAD_RESUMED: thread (33, main, main)
07:26:19.443 INFO: JdwpEventCenterDelegate: THREAD_RESUMED: thread (33, main, main)
07:26:19.445 INFO: JdwpEventCenterDelegate: THREAD_RESUMED: thread (33, main, main)
07:26:19.447 INFO: JdwpEventCenterDelegate: THREAD_RESUMED: thread (33, main, main)
07:26:19.452 INFO: JdwpEventCenterDelegate: THREAD_RESUMED: thread (33, main, main)
07:26:19.470 INFO: JdwpEventCenterDelegate: THREAD_RESUMED: thread (33, main, main)
07:26:19.473 INFO: JdwpEventCenterDelegate: THREAD_RESUMED: thread (33, main, main)
07:26:19.475 INFO: JdwpEventCenterDelegate: THREAD_RESUMED: thread (33, main, main)
07:26:19.477 INFO: JdwpEventCenterDelegate: THREAD_RESUMED: thread (33, main, main)
07:26:19.479 INFO: JdwpEventCenterDelegate: THREAD_RESUMED: thread (33, main, main)
07:26:19.484 INFO: JdwpEventCenterDelegate: THREAD_RESUMED: thread (33, main, main)
07:26:19.498 INFO: JdwpEventCenterDelegate: THREAD_RESUMED: thread (33, main, main)
07:26:19.500 INFO: JdwpEventCenterDelegate: THREAD_RESUMED: thread (33, main, main)
07:26:19.503 INFO: JdwpEventCenterDelegate: THREAD_RESUMED: thread (33, main, main)
07:26:19.505 INFO: JdwpEventCenterDelegate: THREAD_RESUMED: thread (33, main, main)
07:26:19.507 INFO: JdwpEventCenterDelegate: THREAD_RESUMED: thread (33, main, main)
07:26:19.511 INFO: JdwpEventCenterDelegate: THREAD_RESUMED: thread (33, main, main)
07:26:19.530 INFO: JdwpEventCenterDelegate: THREAD_RESUMED: thread (33, main, main)
07:26:19.533 INFO: JdwpEventCenterDelegate: THREAD_RESUMED: thread (33, main, main)
07:26:19.535 INFO: JdwpEventCenterDelegate: THREAD_RESUMED: thread (33, main, main)
07:26:19.537 INFO: JdwpEventCenterDelegate: THREAD_RESUMED: thread (33, main, main)
07:26:19.539 INFO: JdwpEventCenterDelegate: THREAD_RESUMED: thread (33, main, main)
07:26:19.544 INFO: JdwpEventCenterDelegate: THREAD_RESUMED: thread (33, main, main)
07:26:19.564 INFO: JdwpEventCenterDelegate: THREAD_RESUMED: thread (33, main, main)
07:26:19.567 INFO: JdwpEventCenterDelegate: THREAD_RESUMED: thread (33, main, main)
07:26:19.569 INFO: JdwpEventCenterDelegate: THREAD_RESUMED: thread (33, main, main)
07:26:19.571 INFO: JdwpEventCenterDelegate: THREAD_RESUMED: thread (33, main, main)
07:26:19.574 INFO: JdwpEventCenterDelegate: THREAD_RESUMED: thread (33, main, main)
07:26:19.579 INFO: JdwpEventCenterDelegate: THREAD_RESUMED: thread (33, main, main)
07:26:19.597 INFO: JdwpEventCenterDelegate: THREAD_RESUMED: thread (33, main, main)
07:26:19.599 INFO: JdwpEventCenterDelegate: THREAD_RESUMED: thread (33, main, main)
07:26:19.602 INFO: JdwpEventCenterDelegate: THREAD_RESUMED: thread (33, main, main)
07:26:19.604 INFO: JdwpEventCenterDelegate: THREAD_RESUMED: thread (33, main, main)
07:26:19.606 INFO: JdwpEventCenterDelegate: THREAD_RESUMED: thread (33, main, main)
07:26:19.611 INFO: JdwpEventCenterDelegate: THREAD_RESUMED: thread (33, main, main)
07:26:19.624 INFO: JdwpEventCenterDelegate: THREAD_RESUMED: thread (33, main, main)
07:26:19.626 INFO: JdwpEventCenterDelegate: THREAD_RESUMED: thread (33, main, main)
07:26:19.628 INFO: JdwpEventCenterDelegate: THREAD_RESUMED: thread (33, main, main)
07:26:19.630 INFO: JdwpEventCenterDelegate: THREAD_RESUMED: thread (33, main, main)
07:26:19.632 INFO: JdwpEventCenterDelegate: THREAD_RESUMED: thread (33, main, main)
07:26:22.775 INFO: JdwpEventCenterDelegate: THREAD_STARTED: thread (108, Timer, main)
07:26:23.700 INFO: JdwpEventCenterDelegate: THREAD_RESUMED: thread (33, main, main)
07:26:23.732 INFO: JdwpEventCenterDelegate: THREAD_RESUMED: thread (33, main, main)
07:26:23.754 INFO: JdwpEventCenterDelegate: THREAD_RESUMED: thread (33, main, main)
07:26:23.773 INFO: JdwpEventCenterDelegate: THREAD_RESUMED: thread (33, main, main)
07:26:23.816 INFO: JdwpEventCenterDelegate: THREAD_RESUMED: thread (33, main, main)
07:26:23.850 INFO: JdwpEventCenterDelegate: THREAD_RESUMED: thread (33, main, main)
07:26:23.868 INFO: JdwpEventCenterDelegate: THREAD_RESUMED: thread (33, main, main)
07:26:23.883 INFO: JdwpEventCenterDelegate: THREAD_RESUMED: thread (33, main, main)
07:26:23.890 INFO: JdwpEventCenterDelegate: THREAD_RESUMED: thread (33, main, main)
07:26:23.904 INFO: JdwpEventCenterDelegate: THREAD_RESUMED: thread (33, main, main)
07:26:23.935 INFO: JdwpEventCenterDelegate: THREAD_RESUMED: thread (33, main, main)
07:26:23.947 INFO: JdwpEventCenterDelegate: THREAD_RESUMED: thread (33, main, main)
07:26:23.960 INFO: JdwpEventCenterDelegate: THREAD_RESUMED: thread (33, main, main)
07:26:23.972 INFO: JdwpEventCenterDelegate: THREAD_RESUMED: thread (33, main, main)
07:26:24.007 INFO: JdwpEventCenterDelegate: THREAD_RESUMED: thread (33, main, main)
07:26:24.040 INFO: JdwpEventCenterDelegate: THREAD_RESUMED: thread (33, main, main)
07:26:24.056 INFO: JdwpEventCenterDelegate: THREAD_RESUMED: thread (33, main, main)
07:26:24.071 INFO: JdwpEventCenterDelegate: THREAD_RESUMED: thread (33, main, main)
07:26:24.077 INFO: JdwpEventCenterDelegate: THREAD_RESUMED: thread (33, main, main)
07:26:24.092 INFO: JdwpEventCenterDelegate: THREAD_RESUMED: thread (33, main, main)
07:26:25.475 INFO: JdwpEventCenterDelegate: THREAD_RESUMED: thread (33, main, main)
07:26:25.477 INFO: JdwpEventCenterDelegate: THREAD_RESUMED: thread (33, main, main)
07:26:25.479 INFO: JdwpEventCenterDelegate: THREAD_RESUMED: thread (33, main, main)
07:26:25.482 INFO: JdwpEventCenterDelegate: THREAD_RESUMED: thread (33, main, main)
07:26:25.484 INFO: JdwpEventCenterDelegate: THREAD_RESUMED: thread (33, main, main)
07:26:25.486 INFO: JdwpEventCenterDelegate: THREAD_RESUMED: thread (33, main, main)
07:26:25.488 INFO: JdwpEventCenterDelegate: THREAD_RESUMED: thread (33, main, main)
07:26:25.499 INFO: JdwpEventCenterDelegate: THREAD_RESUMED: thread (33, main, main)
07:26:25.501 INFO: JdwpEventCenterDelegate: THREAD_RESUMED: thread (33, main, main)
07:26:25.503 INFO: JdwpEventCenterDelegate: THREAD_RESUMED: thread (33, main, main)
07:26:25.505 INFO: JdwpEventCenterDelegate: THREAD_RESUMED: thread (33, main, main)
07:26:25.508 INFO: JdwpEventCenterDelegate: THREAD_RESUMED: thread (33, main, main)
07:26:25.510 INFO: JdwpEventCenterDelegate: THREAD_RESUMED: thread (33, main, main)
07:26:25.512 INFO: JdwpEventCenterDelegate: THREAD_RESUMED: thread (33, main, main)
07:26:25.597 INFO: JdwpEventCenterDelegate: THREAD_STARTED: thread (123, Thread-7, main)
07:26:30.655 INFO: JdwpEventCenterDelegate: THREAD_DETTACHED: thread (123, Thread-7, main)
07:29:01.834 INFO: JdwpDebugServer: handling req: VirtualMachine(1).Exit(10)
07:29:01.835 SEVERE: Debugger: Thread JDWP server socket thread crashed
org.robovm.debugger.DebuggerException: Terminating due exit command
	at org.robovm.debugger.jdwp.JdwpDebugServer.doSocketWork(JdwpDebugServer.java:211)
	at java.base/java.lang.Thread.run(Thread.java:834)
	at org.robovm.debugger.utils.DebuggerThread.run(DebuggerThread.java:42)
07:29:02.341 SEVERE: Debugger: Thread HooksChannel socket thread crashed
org.robovm.debugger.DebuggerException: java.io.IOException: org.robovm.libimobiledevice.LibIMobileDeviceException: IDEVICE_E_UNKNOWN_ERROR
	at org.robovm.debugger.hooks.HooksChannel.doSocketWork(HooksChannel.java:149)
	at java.base/java.lang.Thread.run(Thread.java:834)
	at org.robovm.debugger.utils.DebuggerThread.run(DebuggerThread.java:42)
Caused by: java.io.IOException: org.robovm.libimobiledevice.LibIMobileDeviceException: IDEVICE_E_UNKNOWN_ERROR
	at org.robovm.libimobiledevice.IDeviceConnection$DeviceInputStream.read(IDeviceConnection.java:203)
	at org.robovm.debugger.utils.bytebuffer.DataBufferWriter.writeFromStream(DataBufferWriter.java:89)
	at org.robovm.debugger.hooks.HooksChannel.doSocketWork(HooksChannel.java:116)
	... 2 more
Caused by: org.robovm.libimobiledevice.LibIMobileDeviceException: IDEVICE_E_UNKNOWN_ERROR
	at org.robovm.libimobiledevice.IDevice.checkResult(IDevice.java:206)
	at org.robovm.libimobiledevice.IDeviceConnection.receive(IDeviceConnection.java:110)
	at org.robovm.libimobiledevice.IDeviceConnection.receive(IDeviceConnection.java:81)
	at org.robovm.libimobiledevice.IDeviceConnection$DeviceInputStream.read(IDeviceConnection.java:201)
	... 4 more
