19:16:52.173 INFO: JdwpDebugServer: handling req: VirtualMachine(1).IDSizes(7)
19:16:52.174 INFO: JdwpDebugServer: handling req: EventRequest(15).Set(1)
19:16:52.174 INFO: JdwpEventCenterDelegate: jdwpSetEventRequest: JdwpEventRequest{requestId=100, eventKind=CLASS_PREPARE, suspendPolicy=NONE, predicates=[]}
19:16:52.174 INFO: JdwpDebugServer: handling req: EventRequest(15).Set(1)
19:16:52.174 INFO: JdwpEventCenterDelegate: jdwpSetEventRequest: JdwpEventRequest{requestId=101, eventKind=CLASS_UNLOAD, suspendPolicy=NONE, predicates=[]}
19:16:52.189 INFO: JdwpDebugServer: handling req: VirtualMachine(1).Version(1)
19:16:52.189 INFO: JdwpDebugServer: handling req: VirtualMachine(1).capabilitiesNew(17)
19:16:52.190 INFO: JdwpDebugServer: handling req: VirtualMachine(1).capabilities(12)
19:16:52.190 INFO: JdwpDebugServer: handling req: VirtualMachine(1).AllClassesWithGeneric(20)
19:16:52.195 INFO: JdwpDebugServer: handling req: VirtualMachine(1).TopLevelThreadGroups(5)
19:16:52.195 INFO: JdwpDebugServer: handling req: EventRequest(15).Set(1)
19:16:52.195 INFO: JdwpEventCenterDelegate: jdwpSetEventRequest: JdwpEventRequest{requestId=102, eventKind=THREAD_START, suspendPolicy=NONE, predicates=[]}
19:16:52.195 INFO: JdwpDebugServer: handling req: EventRequest(15).Set(1)
19:16:52.195 INFO: JdwpEventCenterDelegate: jdwpSetEventRequest: JdwpEventRequest{requestId=103, eventKind=THREAD_DEATH, suspendPolicy=NONE, predicates=[]}
19:16:52.196 INFO: JdwpDebugServer: handling req: EventRequest(15).Set(1)
19:16:52.196 INFO: JdwpEventCenterDelegate: jdwpSetEventRequest: JdwpEventRequest{requestId=104, eventKind=CLASS_PREPARE, suspendPolicy=EVENT_THREAD, predicates=[className=sun.instrument.InstrumentationImpl]}
19:16:52.196 INFO: JdwpDebugServer: handling req: EventRequest(15).Set(1)
19:16:52.196 INFO: JdwpEventCenterDelegate: jdwpSetEventRequest: JdwpEventRequest{requestId=105, eventKind=CLASS_PREPARE, suspendPolicy=EVENT_THREAD, predicates=[className=sun.instrument.InstrumentationImpl]}
19:16:52.791 INFO: JdwpDebugServer: handling req: VirtualMachine(1).Resume(9)
19:16:52.852 INFO: JdwpEventCenterDelegate: THREAD_STARTED: thread (33, main, main)
19:16:52.867 INFO: JdwpEventCenterDelegate: THREAD_STARTED: thread (48, ReferenceQueueDaemon, main)
19:16:52.876 INFO: JdwpEventCenterDelegate: THREAD_STARTED: thread (63, FinalizerDaemon, main)
19:16:52.884 INFO: JdwpEventCenterDelegate: THREAD_STARTED: thread (78, FinalizerWatchdogDaemon, main)
19:16:52.889 INFO: JdwpEventCenterDelegate: THREAD_RESUMED: thread (33, main, main)
19:16:52.891 INFO: JdwpEventCenterDelegate: THREAD_RESUMED: thread (33, main, main)
19:16:52.892 INFO: JdwpEventCenterDelegate: THREAD_RESUMED: thread (33, main, main)
19:16:52.894 INFO: JdwpEventCenterDelegate: THREAD_RESUMED: thread (33, main, main)
19:16:52.896 INFO: JdwpEventCenterDelegate: THREAD_RESUMED: thread (33, main, main)
19:16:52.898 INFO: JdwpEventCenterDelegate: THREAD_RESUMED: thread (33, main, main)
19:16:52.899 INFO: JdwpEventCenterDelegate: THREAD_RESUMED: thread (33, main, main)
19:16:52.901 INFO: JdwpEventCenterDelegate: THREAD_RESUMED: thread (33, main, main)
19:16:52.902 INFO: JdwpEventCenterDelegate: THREAD_RESUMED: thread (33, main, main)
19:16:52.904 INFO: JdwpEventCenterDelegate: THREAD_RESUMED: thread (33, main, main)
19:16:52.905 INFO: JdwpEventCenterDelegate: THREAD_RESUMED: thread (33, main, main)
19:16:52.907 INFO: JdwpEventCenterDelegate: THREAD_RESUMED: thread (33, main, main)
19:16:52.909 INFO: JdwpEventCenterDelegate: THREAD_RESUMED: thread (33, main, main)
19:16:52.911 INFO: JdwpEventCenterDelegate: THREAD_RESUMED: thread (33, main, main)
19:16:52.913 INFO: JdwpEventCenterDelegate: THREAD_RESUMED: thread (33, main, main)
19:16:52.914 INFO: JdwpEventCenterDelegate: THREAD_RESUMED: thread (33, main, main)
19:16:52.916 INFO: JdwpEventCenterDelegate: THREAD_RESUMED: thread (33, main, main)
19:16:52.917 INFO: JdwpEventCenterDelegate: THREAD_RESUMED: thread (33, main, main)
19:16:52.922 INFO: JdwpEventCenterDelegate: THREAD_RESUMED: thread (33, main, main)
19:16:52.924 INFO: JdwpEventCenterDelegate: THREAD_RESUMED: thread (33, main, main)
19:16:52.925 INFO: JdwpEventCenterDelegate: THREAD_RESUMED: thread (33, main, main)
19:16:52.927 INFO: JdwpEventCenterDelegate: THREAD_RESUMED: thread (33, main, main)
19:16:52.929 INFO: JdwpEventCenterDelegate: THREAD_RESUMED: thread (33, main, main)
19:16:52.930 INFO: JdwpEventCenterDelegate: THREAD_RESUMED: thread (33, main, main)
19:16:52.932 INFO: JdwpEventCenterDelegate: THREAD_RESUMED: thread (33, main, main)
19:16:52.966 INFO: JdwpEventCenterDelegate: THREAD_RESUMED: thread (33, main, main)
19:16:52.967 INFO: JdwpEventCenterDelegate: THREAD_RESUMED: thread (33, main, main)
19:16:52.969 INFO: JdwpEventCenterDelegate: THREAD_RESUMED: thread (33, main, main)
19:16:52.970 INFO: JdwpEventCenterDelegate: THREAD_RESUMED: thread (33, main, main)
19:16:52.972 INFO: JdwpEventCenterDelegate: THREAD_RESUMED: thread (33, main, main)
19:16:52.973 INFO: JdwpEventCenterDelegate: THREAD_RESUMED: thread (33, main, main)
19:16:52.974 INFO: JdwpEventCenterDelegate: THREAD_RESUMED: thread (33, main, main)
19:16:52.977 INFO: JdwpEventCenterDelegate: THREAD_RESUMED: thread (33, main, main)
19:16:52.978 INFO: JdwpEventCenterDelegate: THREAD_RESUMED: thread (33, main, main)
19:16:52.980 INFO: JdwpEventCenterDelegate: THREAD_RESUMED: thread (33, main, main)
19:16:52.981 INFO: JdwpEventCenterDelegate: THREAD_RESUMED: thread (33, main, main)
19:16:52.983 INFO: JdwpEventCenterDelegate: THREAD_RESUMED: thread (33, main, main)
19:16:52.984 INFO: JdwpEventCenterDelegate: THREAD_RESUMED: thread (33, main, main)
19:16:52.985 INFO: JdwpEventCenterDelegate: THREAD_RESUMED: thread (33, main, main)
19:16:53.002 INFO: JdwpEventCenterDelegate: THREAD_RESUMED: thread (33, main, main)
19:16:53.003 INFO: JdwpEventCenterDelegate: THREAD_RESUMED: thread (33, main, main)
19:16:53.005 INFO: JdwpEventCenterDelegate: THREAD_RESUMED: thread (33, main, main)
19:16:53.006 INFO: JdwpEventCenterDelegate: THREAD_RESUMED: thread (33, main, main)
19:16:53.008 INFO: JdwpEventCenterDelegate: THREAD_RESUMED: thread (33, main, main)
19:16:53.009 INFO: JdwpEventCenterDelegate: THREAD_RESUMED: thread (33, main, main)
19:16:53.010 INFO: JdwpEventCenterDelegate: THREAD_RESUMED: thread (33, main, main)
19:16:53.033 INFO: JdwpEventCenterDelegate: THREAD_RESUMED: thread (33, main, main)
19:16:53.035 INFO: JdwpEventCenterDelegate: THREAD_RESUMED: thread (33, main, main)
19:16:53.036 INFO: JdwpEventCenterDelegate: THREAD_RESUMED: thread (33, main, main)
19:16:53.037 INFO: JdwpEventCenterDelegate: THREAD_RESUMED: thread (33, main, main)
19:16:53.039 INFO: JdwpEventCenterDelegate: THREAD_RESUMED: thread (33, main, main)
19:16:53.040 INFO: JdwpEventCenterDelegate: THREAD_RESUMED: thread (33, main, main)
19:16:53.041 INFO: JdwpEventCenterDelegate: THREAD_RESUMED: thread (33, main, main)
19:16:53.071 INFO: JdwpEventCenterDelegate: THREAD_RESUMED: thread (33, main, main)
19:16:53.072 INFO: JdwpEventCenterDelegate: THREAD_RESUMED: thread (33, main, main)
19:16:53.075 INFO: JdwpEventCenterDelegate: THREAD_RESUMED: thread (33, main, main)
19:16:53.075 INFO: JdwpEventCenterDelegate: THREAD_RESUMED: thread (33, main, main)
19:16:53.077 INFO: JdwpEventCenterDelegate: THREAD_RESUMED: thread (33, main, main)
19:16:53.078 INFO: JdwpEventCenterDelegate: THREAD_RESUMED: thread (33, main, main)
19:16:53.079 INFO: JdwpEventCenterDelegate: THREAD_RESUMED: thread (33, main, main)
19:16:53.091 INFO: JdwpEventCenterDelegate: THREAD_RESUMED: thread (33, main, main)
19:16:53.092 INFO: JdwpEventCenterDelegate: THREAD_RESUMED: thread (33, main, main)
19:16:53.093 INFO: JdwpEventCenterDelegate: THREAD_RESUMED: thread (33, main, main)
19:16:53.094 INFO: JdwpEventCenterDelegate: THREAD_RESUMED: thread (33, main, main)
19:16:53.095 INFO: JdwpEventCenterDelegate: THREAD_RESUMED: thread (33, main, main)
19:16:53.096 INFO: JdwpEventCenterDelegate: THREAD_RESUMED: thread (33, main, main)
19:16:53.097 INFO: JdwpEventCenterDelegate: THREAD_RESUMED: thread (33, main, main)
19:16:53.107 INFO: JdwpEventCenterDelegate: THREAD_RESUMED: thread (33, main, main)
19:16:53.108 INFO: JdwpEventCenterDelegate: THREAD_RESUMED: thread (33, main, main)
19:16:53.110 INFO: JdwpEventCenterDelegate: THREAD_RESUMED: thread (33, main, main)
19:16:53.111 INFO: JdwpEventCenterDelegate: THREAD_RESUMED: thread (33, main, main)
19:16:53.112 INFO: JdwpEventCenterDelegate: THREAD_RESUMED: thread (33, main, main)
19:16:53.114 INFO: JdwpEventCenterDelegate: THREAD_RESUMED: thread (33, main, main)
19:16:53.115 INFO: JdwpEventCenterDelegate: THREAD_RESUMED: thread (33, main, main)
19:16:53.116 INFO: JdwpEventCenterDelegate: THREAD_RESUMED: thread (33, main, main)
19:16:53.117 INFO: JdwpEventCenterDelegate: THREAD_RESUMED: thread (33, main, main)
19:16:53.119 INFO: JdwpEventCenterDelegate: THREAD_RESUMED: thread (33, main, main)
19:16:53.120 INFO: JdwpEventCenterDelegate: THREAD_RESUMED: thread (33, main, main)
19:16:53.121 INFO: JdwpEventCenterDelegate: THREAD_RESUMED: thread (33, main, main)
19:16:53.123 INFO: JdwpEventCenterDelegate: THREAD_RESUMED: thread (33, main, main)
19:16:53.124 INFO: JdwpEventCenterDelegate: THREAD_RESUMED: thread (33, main, main)
19:16:53.125 INFO: JdwpEventCenterDelegate: THREAD_RESUMED: thread (33, main, main)
19:16:53.126 INFO: JdwpEventCenterDelegate: THREAD_RESUMED: thread (33, main, main)
19:16:53.127 INFO: JdwpEventCenterDelegate: THREAD_RESUMED: thread (33, main, main)
19:16:53.128 INFO: JdwpEventCenterDelegate: THREAD_RESUMED: thread (33, main, main)
19:16:53.131 INFO: JdwpEventCenterDelegate: THREAD_RESUMED: thread (33, main, main)
19:16:53.132 INFO: JdwpEventCenterDelegate: THREAD_RESUMED: thread (33, main, main)
19:16:53.270 INFO: JdwpEventCenterDelegate: THREAD_STARTED: thread (93, AssetManager, main)
19:16:53.374 INFO: JdwpEventCenterDelegate: THREAD_RESUMED: thread (33, main, main)
19:16:53.376 INFO: JdwpEventCenterDelegate: THREAD_RESUMED: thread (33, main, main)
19:16:55.943 INFO: JdwpEventCenterDelegate: THREAD_RESUMED: thread (33, main, main)
19:16:56.045 INFO: JdwpEventCenterDelegate: THREAD_RESUMED: thread (33, main, main)
19:16:56.047 INFO: JdwpEventCenterDelegate: THREAD_RESUMED: thread (33, main, main)
19:16:56.049 INFO: JdwpEventCenterDelegate: THREAD_RESUMED: thread (33, main, main)
19:16:56.052 INFO: JdwpEventCenterDelegate: THREAD_RESUMED: thread (33, main, main)
19:16:56.055 INFO: JdwpEventCenterDelegate: THREAD_RESUMED: thread (33, main, main)
19:16:56.060 INFO: JdwpEventCenterDelegate: THREAD_RESUMED: thread (33, main, main)
19:16:56.072 INFO: JdwpEventCenterDelegate: THREAD_RESUMED: thread (33, main, main)
19:16:56.074 INFO: JdwpEventCenterDelegate: THREAD_RESUMED: thread (33, main, main)
19:16:56.075 INFO: JdwpEventCenterDelegate: THREAD_RESUMED: thread (33, main, main)
19:16:56.077 INFO: JdwpEventCenterDelegate: THREAD_RESUMED: thread (33, main, main)
19:16:56.079 INFO: JdwpEventCenterDelegate: THREAD_RESUMED: thread (33, main, main)
19:16:56.083 INFO: JdwpEventCenterDelegate: THREAD_RESUMED: thread (33, main, main)
19:16:56.097 INFO: JdwpEventCenterDelegate: THREAD_RESUMED: thread (33, main, main)
19:16:56.099 INFO: JdwpEventCenterDelegate: THREAD_RESUMED: thread (33, main, main)
19:16:56.101 INFO: JdwpEventCenterDelegate: THREAD_RESUMED: thread (33, main, main)
19:16:56.103 INFO: JdwpEventCenterDelegate: THREAD_RESUMED: thread (33, main, main)
19:16:56.105 INFO: JdwpEventCenterDelegate: THREAD_RESUMED: thread (33, main, main)
19:16:56.110 INFO: JdwpEventCenterDelegate: THREAD_RESUMED: thread (33, main, main)
19:16:56.128 INFO: JdwpEventCenterDelegate: THREAD_RESUMED: thread (33, main, main)
19:16:56.130 INFO: JdwpEventCenterDelegate: THREAD_RESUMED: thread (33, main, main)
19:16:56.132 INFO: JdwpEventCenterDelegate: THREAD_RESUMED: thread (33, main, main)
19:16:56.134 INFO: JdwpEventCenterDelegate: THREAD_RESUMED: thread (33, main, main)
19:16:56.135 INFO: JdwpEventCenterDelegate: THREAD_RESUMED: thread (33, main, main)
19:16:56.139 INFO: JdwpEventCenterDelegate: THREAD_RESUMED: thread (33, main, main)
19:16:56.155 INFO: JdwpEventCenterDelegate: THREAD_RESUMED: thread (33, main, main)
19:16:56.157 INFO: JdwpEventCenterDelegate: THREAD_RESUMED: thread (33, main, main)
19:16:56.158 INFO: JdwpEventCenterDelegate: THREAD_RESUMED: thread (33, main, main)
19:16:56.160 INFO: JdwpEventCenterDelegate: THREAD_RESUMED: thread (33, main, main)
19:16:56.162 INFO: JdwpEventCenterDelegate: THREAD_RESUMED: thread (33, main, main)
19:16:56.166 INFO: JdwpEventCenterDelegate: THREAD_RESUMED: thread (33, main, main)
19:16:56.181 INFO: JdwpEventCenterDelegate: THREAD_RESUMED: thread (33, main, main)
19:16:56.183 INFO: JdwpEventCenterDelegate: THREAD_RESUMED: thread (33, main, main)
19:16:56.185 INFO: JdwpEventCenterDelegate: THREAD_RESUMED: thread (33, main, main)
19:16:56.187 INFO: JdwpEventCenterDelegate: THREAD_RESUMED: thread (33, main, main)
19:16:56.189 INFO: JdwpEventCenterDelegate: THREAD_RESUMED: thread (33, main, main)
19:16:56.193 INFO: JdwpEventCenterDelegate: THREAD_RESUMED: thread (33, main, main)
19:16:56.212 INFO: JdwpEventCenterDelegate: THREAD_RESUMED: thread (33, main, main)
19:16:56.213 INFO: JdwpEventCenterDelegate: THREAD_RESUMED: thread (33, main, main)
19:16:56.216 INFO: JdwpEventCenterDelegate: THREAD_RESUMED: thread (33, main, main)
19:16:56.217 INFO: JdwpEventCenterDelegate: THREAD_RESUMED: thread (33, main, main)
19:16:56.219 INFO: JdwpEventCenterDelegate: THREAD_RESUMED: thread (33, main, main)
19:16:56.223 INFO: JdwpEventCenterDelegate: THREAD_RESUMED: thread (33, main, main)
19:16:56.242 INFO: JdwpEventCenterDelegate: THREAD_RESUMED: thread (33, main, main)
19:16:56.244 INFO: JdwpEventCenterDelegate: THREAD_RESUMED: thread (33, main, main)
19:16:56.245 INFO: JdwpEventCenterDelegate: THREAD_RESUMED: thread (33, main, main)
19:16:56.247 INFO: JdwpEventCenterDelegate: THREAD_RESUMED: thread (33, main, main)
19:16:56.249 INFO: JdwpEventCenterDelegate: THREAD_RESUMED: thread (33, main, main)
19:16:56.253 INFO: JdwpEventCenterDelegate: THREAD_RESUMED: thread (33, main, main)
19:16:56.272 INFO: JdwpEventCenterDelegate: THREAD_RESUMED: thread (33, main, main)
19:16:56.274 INFO: JdwpEventCenterDelegate: THREAD_RESUMED: thread (33, main, main)
19:16:56.275 INFO: JdwpEventCenterDelegate: THREAD_RESUMED: thread (33, main, main)
19:16:56.277 INFO: JdwpEventCenterDelegate: THREAD_RESUMED: thread (33, main, main)
19:16:56.278 INFO: JdwpEventCenterDelegate: THREAD_RESUMED: thread (33, main, main)
19:16:56.283 INFO: JdwpEventCenterDelegate: THREAD_RESUMED: thread (33, main, main)
19:16:56.302 INFO: JdwpEventCenterDelegate: THREAD_RESUMED: thread (33, main, main)
19:16:56.303 INFO: JdwpEventCenterDelegate: THREAD_RESUMED: thread (33, main, main)
19:16:56.304 INFO: JdwpEventCenterDelegate: THREAD_RESUMED: thread (33, main, main)
19:16:56.306 INFO: JdwpEventCenterDelegate: THREAD_RESUMED: thread (33, main, main)
19:16:56.308 INFO: JdwpEventCenterDelegate: THREAD_RESUMED: thread (33, main, main)
19:16:56.312 INFO: JdwpEventCenterDelegate: THREAD_RESUMED: thread (33, main, main)
19:16:56.326 INFO: JdwpEventCenterDelegate: THREAD_RESUMED: thread (33, main, main)
19:16:56.328 INFO: JdwpEventCenterDelegate: THREAD_RESUMED: thread (33, main, main)
19:16:56.330 INFO: JdwpEventCenterDelegate: THREAD_RESUMED: thread (33, main, main)
19:16:56.332 INFO: JdwpEventCenterDelegate: THREAD_RESUMED: thread (33, main, main)
19:16:56.334 INFO: JdwpEventCenterDelegate: THREAD_RESUMED: thread (33, main, main)
19:16:56.338 INFO: JdwpEventCenterDelegate: THREAD_RESUMED: thread (33, main, main)
19:16:56.358 INFO: JdwpEventCenterDelegate: THREAD_RESUMED: thread (33, main, main)
19:16:56.360 INFO: JdwpEventCenterDelegate: THREAD_RESUMED: thread (33, main, main)
19:16:56.362 INFO: JdwpEventCenterDelegate: THREAD_RESUMED: thread (33, main, main)
19:16:56.363 INFO: JdwpEventCenterDelegate: THREAD_RESUMED: thread (33, main, main)
19:16:56.365 INFO: JdwpEventCenterDelegate: THREAD_RESUMED: thread (33, main, main)
19:16:56.370 INFO: JdwpEventCenterDelegate: THREAD_RESUMED: thread (33, main, main)
19:16:56.392 INFO: JdwpEventCenterDelegate: THREAD_RESUMED: thread (33, main, main)
19:16:56.393 INFO: JdwpEventCenterDelegate: THREAD_RESUMED: thread (33, main, main)
19:16:56.396 INFO: JdwpEventCenterDelegate: THREAD_RESUMED: thread (33, main, main)
19:16:56.398 INFO: JdwpEventCenterDelegate: THREAD_RESUMED: thread (33, main, main)
19:16:56.399 INFO: JdwpEventCenterDelegate: THREAD_RESUMED: thread (33, main, main)
19:16:56.404 INFO: JdwpEventCenterDelegate: THREAD_RESUMED: thread (33, main, main)
19:16:56.423 INFO: JdwpEventCenterDelegate: THREAD_RESUMED: thread (33, main, main)
19:16:56.424 INFO: JdwpEventCenterDelegate: THREAD_RESUMED: thread (33, main, main)
19:16:56.426 INFO: JdwpEventCenterDelegate: THREAD_RESUMED: thread (33, main, main)
19:16:56.428 INFO: JdwpEventCenterDelegate: THREAD_RESUMED: thread (33, main, main)
19:16:56.430 INFO: JdwpEventCenterDelegate: THREAD_RESUMED: thread (33, main, main)
19:16:56.435 INFO: JdwpEventCenterDelegate: THREAD_RESUMED: thread (33, main, main)
19:16:56.447 INFO: JdwpEventCenterDelegate: THREAD_RESUMED: thread (33, main, main)
19:16:56.449 INFO: JdwpEventCenterDelegate: THREAD_RESUMED: thread (33, main, main)
19:16:56.451 INFO: JdwpEventCenterDelegate: THREAD_RESUMED: thread (33, main, main)
19:16:56.453 INFO: JdwpEventCenterDelegate: THREAD_RESUMED: thread (33, main, main)
19:16:56.455 INFO: JdwpEventCenterDelegate: THREAD_RESUMED: thread (33, main, main)
19:16:56.460 INFO: JdwpEventCenterDelegate: THREAD_RESUMED: thread (33, main, main)
19:16:56.462 INFO: JdwpEventCenterDelegate: THREAD_RESUMED: thread (33, main, main)
19:16:56.464 INFO: JdwpEventCenterDelegate: THREAD_RESUMED: thread (33, main, main)
19:16:56.466 INFO: JdwpEventCenterDelegate: THREAD_RESUMED: thread (33, main, main)
19:16:56.468 INFO: JdwpEventCenterDelegate: THREAD_RESUMED: thread (33, main, main)
19:16:56.470 INFO: JdwpEventCenterDelegate: THREAD_RESUMED: thread (33, main, main)
19:16:56.471 INFO: JdwpEventCenterDelegate: THREAD_RESUMED: thread (33, main, main)
19:16:56.475 INFO: JdwpEventCenterDelegate: THREAD_RESUMED: thread (33, main, main)
19:16:56.477 INFO: JdwpEventCenterDelegate: THREAD_RESUMED: thread (33, main, main)
19:16:56.480 INFO: JdwpEventCenterDelegate: THREAD_RESUMED: thread (33, main, main)
19:16:56.482 INFO: JdwpEventCenterDelegate: THREAD_RESUMED: thread (33, main, main)
19:16:56.508 INFO: JdwpEventCenterDelegate: THREAD_RESUMED: thread (33, main, main)
19:16:56.510 INFO: JdwpEventCenterDelegate: THREAD_RESUMED: thread (33, main, main)
19:16:56.511 INFO: JdwpEventCenterDelegate: THREAD_RESUMED: thread (33, main, main)
19:16:56.513 INFO: JdwpEventCenterDelegate: THREAD_RESUMED: thread (33, main, main)
19:16:56.515 INFO: JdwpEventCenterDelegate: THREAD_RESUMED: thread (33, main, main)
19:16:56.516 INFO: JdwpEventCenterDelegate: THREAD_RESUMED: thread (33, main, main)
19:16:56.517 INFO: JdwpEventCenterDelegate: THREAD_RESUMED: thread (33, main, main)
19:16:56.529 INFO: JdwpEventCenterDelegate: THREAD_RESUMED: thread (33, main, main)
19:16:56.530 INFO: JdwpEventCenterDelegate: THREAD_RESUMED: thread (33, main, main)
19:16:56.532 INFO: JdwpEventCenterDelegate: THREAD_RESUMED: thread (33, main, main)
19:16:56.533 INFO: JdwpEventCenterDelegate: THREAD_RESUMED: thread (33, main, main)
19:16:56.534 INFO: JdwpEventCenterDelegate: THREAD_RESUMED: thread (33, main, main)
19:16:56.539 INFO: JdwpEventCenterDelegate: THREAD_RESUMED: thread (33, main, main)
19:16:56.551 INFO: JdwpEventCenterDelegate: THREAD_RESUMED: thread (33, main, main)
19:16:56.565 INFO: JdwpEventCenterDelegate: THREAD_RESUMED: thread (33, main, main)
19:16:56.575 INFO: JdwpEventCenterDelegate: THREAD_RESUMED: thread (33, main, main)
19:16:56.588 INFO: JdwpEventCenterDelegate: THREAD_RESUMED: thread (33, main, main)
19:16:56.622 INFO: JdwpEventCenterDelegate: THREAD_RESUMED: thread (33, main, main)
19:16:56.624 INFO: JdwpEventCenterDelegate: THREAD_RESUMED: thread (33, main, main)
19:16:56.626 INFO: JdwpEventCenterDelegate: THREAD_RESUMED: thread (33, main, main)
19:16:56.628 INFO: JdwpEventCenterDelegate: THREAD_RESUMED: thread (33, main, main)
19:16:56.630 INFO: JdwpEventCenterDelegate: THREAD_RESUMED: thread (33, main, main)
19:16:56.634 INFO: JdwpEventCenterDelegate: THREAD_RESUMED: thread (33, main, main)
19:16:56.646 INFO: JdwpEventCenterDelegate: THREAD_RESUMED: thread (33, main, main)
19:16:56.648 INFO: JdwpEventCenterDelegate: THREAD_RESUMED: thread (33, main, main)
19:16:56.650 INFO: JdwpEventCenterDelegate: THREAD_RESUMED: thread (33, main, main)
19:16:56.652 INFO: JdwpEventCenterDelegate: THREAD_RESUMED: thread (33, main, main)
19:16:56.655 INFO: JdwpEventCenterDelegate: THREAD_RESUMED: thread (33, main, main)
19:16:56.659 INFO: JdwpEventCenterDelegate: THREAD_RESUMED: thread (33, main, main)
19:16:56.674 INFO: JdwpEventCenterDelegate: THREAD_RESUMED: thread (33, main, main)
19:16:56.676 INFO: JdwpEventCenterDelegate: THREAD_RESUMED: thread (33, main, main)
19:16:56.679 INFO: JdwpEventCenterDelegate: THREAD_RESUMED: thread (33, main, main)
19:16:56.681 INFO: JdwpEventCenterDelegate: THREAD_RESUMED: thread (33, main, main)
19:16:56.683 INFO: JdwpEventCenterDelegate: THREAD_RESUMED: thread (33, main, main)
19:16:56.688 INFO: JdwpEventCenterDelegate: THREAD_RESUMED: thread (33, main, main)
19:16:56.705 INFO: JdwpEventCenterDelegate: THREAD_RESUMED: thread (33, main, main)
19:16:56.707 INFO: JdwpEventCenterDelegate: THREAD_RESUMED: thread (33, main, main)
19:16:56.709 INFO: JdwpEventCenterDelegate: THREAD_RESUMED: thread (33, main, main)
19:16:56.711 INFO: JdwpEventCenterDelegate: THREAD_RESUMED: thread (33, main, main)
19:16:56.713 INFO: JdwpEventCenterDelegate: THREAD_RESUMED: thread (33, main, main)
19:16:56.717 INFO: JdwpEventCenterDelegate: THREAD_RESUMED: thread (33, main, main)
19:16:56.732 INFO: JdwpEventCenterDelegate: THREAD_RESUMED: thread (33, main, main)
19:16:56.735 INFO: JdwpEventCenterDelegate: THREAD_RESUMED: thread (33, main, main)
19:16:56.737 INFO: JdwpEventCenterDelegate: THREAD_RESUMED: thread (33, main, main)
19:16:56.739 INFO: JdwpEventCenterDelegate: THREAD_RESUMED: thread (33, main, main)
19:16:56.741 INFO: JdwpEventCenterDelegate: THREAD_RESUMED: thread (33, main, main)
19:16:56.746 INFO: JdwpEventCenterDelegate: THREAD_RESUMED: thread (33, main, main)
19:16:56.760 INFO: JdwpEventCenterDelegate: THREAD_RESUMED: thread (33, main, main)
19:16:56.762 INFO: JdwpEventCenterDelegate: THREAD_RESUMED: thread (33, main, main)
19:16:56.764 INFO: JdwpEventCenterDelegate: THREAD_RESUMED: thread (33, main, main)
19:16:56.766 INFO: JdwpEventCenterDelegate: THREAD_RESUMED: thread (33, main, main)
19:16:56.768 INFO: JdwpEventCenterDelegate: THREAD_RESUMED: thread (33, main, main)
19:16:56.773 INFO: JdwpEventCenterDelegate: THREAD_RESUMED: thread (33, main, main)
19:16:56.794 INFO: JdwpEventCenterDelegate: THREAD_RESUMED: thread (33, main, main)
19:16:56.796 INFO: JdwpEventCenterDelegate: THREAD_RESUMED: thread (33, main, main)
19:16:56.798 INFO: JdwpEventCenterDelegate: THREAD_RESUMED: thread (33, main, main)
19:16:56.799 INFO: JdwpEventCenterDelegate: THREAD_RESUMED: thread (33, main, main)
19:16:56.801 INFO: JdwpEventCenterDelegate: THREAD_RESUMED: thread (33, main, main)
19:16:56.806 INFO: JdwpEventCenterDelegate: THREAD_RESUMED: thread (33, main, main)
19:16:56.824 INFO: JdwpEventCenterDelegate: THREAD_RESUMED: thread (33, main, main)
19:16:56.826 INFO: JdwpEventCenterDelegate: THREAD_RESUMED: thread (33, main, main)
19:16:56.828 INFO: JdwpEventCenterDelegate: THREAD_RESUMED: thread (33, main, main)
19:16:56.830 INFO: JdwpEventCenterDelegate: THREAD_RESUMED: thread (33, main, main)
19:16:56.832 INFO: JdwpEventCenterDelegate: THREAD_RESUMED: thread (33, main, main)
19:16:56.836 INFO: JdwpEventCenterDelegate: THREAD_RESUMED: thread (33, main, main)
19:16:56.854 INFO: JdwpEventCenterDelegate: THREAD_RESUMED: thread (33, main, main)
19:16:56.855 INFO: JdwpEventCenterDelegate: THREAD_RESUMED: thread (33, main, main)
19:16:56.857 INFO: JdwpEventCenterDelegate: THREAD_RESUMED: thread (33, main, main)
19:16:56.859 INFO: JdwpEventCenterDelegate: THREAD_RESUMED: thread (33, main, main)
19:16:56.861 INFO: JdwpEventCenterDelegate: THREAD_RESUMED: thread (33, main, main)
19:16:56.865 INFO: JdwpEventCenterDelegate: THREAD_RESUMED: thread (33, main, main)
19:16:56.880 INFO: JdwpEventCenterDelegate: THREAD_RESUMED: thread (33, main, main)
19:16:56.882 INFO: JdwpEventCenterDelegate: THREAD_RESUMED: thread (33, main, main)
19:16:56.883 INFO: JdwpEventCenterDelegate: THREAD_RESUMED: thread (33, main, main)
19:16:56.885 INFO: JdwpEventCenterDelegate: THREAD_RESUMED: thread (33, main, main)
19:16:56.887 INFO: JdwpEventCenterDelegate: THREAD_RESUMED: thread (33, main, main)
19:16:56.891 INFO: JdwpEventCenterDelegate: THREAD_RESUMED: thread (33, main, main)
19:16:56.905 INFO: JdwpEventCenterDelegate: THREAD_RESUMED: thread (33, main, main)
19:16:56.907 INFO: JdwpEventCenterDelegate: THREAD_RESUMED: thread (33, main, main)
19:16:56.909 INFO: JdwpEventCenterDelegate: THREAD_RESUMED: thread (33, main, main)
19:16:56.911 INFO: JdwpEventCenterDelegate: THREAD_RESUMED: thread (33, main, main)
19:16:56.913 INFO: JdwpEventCenterDelegate: THREAD_RESUMED: thread (33, main, main)
19:16:56.917 INFO: JdwpEventCenterDelegate: THREAD_RESUMED: thread (33, main, main)
19:16:56.936 INFO: JdwpEventCenterDelegate: THREAD_RESUMED: thread (33, main, main)
19:16:56.938 INFO: JdwpEventCenterDelegate: THREAD_RESUMED: thread (33, main, main)
19:16:56.940 INFO: JdwpEventCenterDelegate: THREAD_RESUMED: thread (33, main, main)
19:16:56.942 INFO: JdwpEventCenterDelegate: THREAD_RESUMED: thread (33, main, main)
19:16:56.943 INFO: JdwpEventCenterDelegate: THREAD_RESUMED: thread (33, main, main)
19:16:56.948 INFO: JdwpEventCenterDelegate: THREAD_RESUMED: thread (33, main, main)
19:16:56.972 INFO: JdwpEventCenterDelegate: THREAD_RESUMED: thread (33, main, main)
19:16:56.975 INFO: JdwpEventCenterDelegate: THREAD_RESUMED: thread (33, main, main)
19:16:56.978 INFO: JdwpEventCenterDelegate: THREAD_RESUMED: thread (33, main, main)
19:16:56.980 INFO: JdwpEventCenterDelegate: THREAD_RESUMED: thread (33, main, main)
19:16:56.982 INFO: JdwpEventCenterDelegate: THREAD_RESUMED: thread (33, main, main)
19:16:56.987 INFO: JdwpEventCenterDelegate: THREAD_RESUMED: thread (33, main, main)
19:16:57.004 INFO: JdwpEventCenterDelegate: THREAD_RESUMED: thread (33, main, main)
19:16:57.006 INFO: JdwpEventCenterDelegate: THREAD_RESUMED: thread (33, main, main)
19:16:57.009 INFO: JdwpEventCenterDelegate: THREAD_RESUMED: thread (33, main, main)
19:16:57.010 INFO: JdwpEventCenterDelegate: THREAD_RESUMED: thread (33, main, main)
19:16:57.012 INFO: JdwpEventCenterDelegate: THREAD_RESUMED: thread (33, main, main)
19:16:57.017 INFO: JdwpEventCenterDelegate: THREAD_RESUMED: thread (33, main, main)
19:16:57.029 INFO: JdwpEventCenterDelegate: THREAD_RESUMED: thread (33, main, main)
19:16:57.031 INFO: JdwpEventCenterDelegate: THREAD_RESUMED: thread (33, main, main)
19:16:57.033 INFO: JdwpEventCenterDelegate: THREAD_RESUMED: thread (33, main, main)
19:16:57.035 INFO: JdwpEventCenterDelegate: THREAD_RESUMED: thread (33, main, main)
19:16:57.036 INFO: JdwpEventCenterDelegate: THREAD_RESUMED: thread (33, main, main)
19:17:11.157 INFO: JdwpEventCenterDelegate: THREAD_STARTED: thread (108, Timer, main)
19:17:12.031 INFO: JdwpEventCenterDelegate: THREAD_RESUMED: thread (33, main, main)
19:17:12.062 INFO: JdwpEventCenterDelegate: THREAD_RESUMED: thread (33, main, main)
19:17:12.085 INFO: JdwpEventCenterDelegate: THREAD_RESUMED: thread (33, main, main)
19:17:12.104 INFO: JdwpEventCenterDelegate: THREAD_RESUMED: thread (33, main, main)
19:17:12.144 INFO: JdwpEventCenterDelegate: THREAD_RESUMED: thread (33, main, main)
19:17:12.178 INFO: JdwpEventCenterDelegate: THREAD_RESUMED: thread (33, main, main)
19:17:12.196 INFO: JdwpEventCenterDelegate: THREAD_RESUMED: thread (33, main, main)
19:17:12.211 INFO: JdwpEventCenterDelegate: THREAD_RESUMED: thread (33, main, main)
19:17:12.218 INFO: JdwpEventCenterDelegate: THREAD_RESUMED: thread (33, main, main)
19:17:12.231 INFO: JdwpEventCenterDelegate: THREAD_RESUMED: thread (33, main, main)
19:17:12.263 INFO: JdwpEventCenterDelegate: THREAD_RESUMED: thread (33, main, main)
19:17:12.275 INFO: JdwpEventCenterDelegate: THREAD_RESUMED: thread (33, main, main)
19:17:12.288 INFO: JdwpEventCenterDelegate: THREAD_RESUMED: thread (33, main, main)
19:17:12.300 INFO: JdwpEventCenterDelegate: THREAD_RESUMED: thread (33, main, main)
19:17:12.335 INFO: JdwpEventCenterDelegate: THREAD_RESUMED: thread (33, main, main)
19:17:12.368 INFO: JdwpEventCenterDelegate: THREAD_RESUMED: thread (33, main, main)
19:17:12.384 INFO: JdwpEventCenterDelegate: THREAD_RESUMED: thread (33, main, main)
19:17:12.398 INFO: JdwpEventCenterDelegate: THREAD_RESUMED: thread (33, main, main)
19:17:12.404 INFO: JdwpEventCenterDelegate: THREAD_RESUMED: thread (33, main, main)
19:17:12.417 INFO: JdwpEventCenterDelegate: THREAD_RESUMED: thread (33, main, main)
19:17:13.742 INFO: JdwpEventCenterDelegate: THREAD_STARTED: thread (123, Thread-7, main)
19:17:26.921 INFO: JdwpEventCenterDelegate: THREAD_STARTED: thread (138, Thread-8, main)
19:17:58.526 INFO: JdwpEventCenterDelegate: THREAD_DETTACHED: thread (138, Thread-8, main)
19:19:27.845 INFO: JdwpDebugServer: handling req: VirtualMachine(1).Exit(10)
19:19:27.845 SEVERE: Debugger: Thread JDWP server socket thread crashed
org.robovm.debugger.DebuggerException: Terminating due exit command
	at org.robovm.debugger.jdwp.JdwpDebugServer.doSocketWork(JdwpDebugServer.java:211)
	at java.base/java.lang.Thread.run(Thread.java:834)
	at org.robovm.debugger.utils.DebuggerThread.run(DebuggerThread.java:42)
19:19:28.351 SEVERE: Debugger: Thread HooksChannel socket thread crashed
org.robovm.debugger.DebuggerException: java.io.IOException: org.robovm.libimobiledevice.LibIMobileDeviceException: IDEVICE_E_UNKNOWN_ERROR
	at org.robovm.debugger.hooks.HooksChannel.doSocketWork(HooksChannel.java:149)
	at java.base/java.lang.Thread.run(Thread.java:834)
	at org.robovm.debugger.utils.DebuggerThread.run(DebuggerThread.java:42)
Caused by: java.io.IOException: org.robovm.libimobiledevice.LibIMobileDeviceException: IDEVICE_E_UNKNOWN_ERROR
	at org.robovm.libimobiledevice.IDeviceConnection$DeviceInputStream.read(IDeviceConnection.java:203)
	at org.robovm.debugger.utils.bytebuffer.DataBufferWriter.writeFromStream(DataBufferWriter.java:89)
	at org.robovm.debugger.hooks.HooksChannel.doSocketWork(HooksChannel.java:116)
	... 2 more
Caused by: org.robovm.libimobiledevice.LibIMobileDeviceException: IDEVICE_E_UNKNOWN_ERROR
	at org.robovm.libimobiledevice.IDevice.checkResult(IDevice.java:206)
	at org.robovm.libimobiledevice.IDeviceConnection.receive(IDeviceConnection.java:110)
	at org.robovm.libimobiledevice.IDeviceConnection.receive(IDeviceConnection.java:81)
	at org.robovm.libimobiledevice.IDeviceConnection$DeviceInputStream.read(IDeviceConnection.java:201)
	... 4 more
