18:49:22.373 INFO: JdwpDebugServer: handling req: VirtualMachine(1).IDSizes(7)
18:49:22.374 INFO: JdwpDebugServer: handling req: EventRequest(15).Set(1)
18:49:22.374 INFO: JdwpEventCenterDelegate: jdwpSetEventRequest: JdwpEventRequest{requestId=100, eventKind=CLASS_PREPARE, suspendPolicy=NONE, predicates=[]}
18:49:22.374 INFO: JdwpDebugServer: handling req: EventRequest(15).Set(1)
18:49:22.374 INFO: JdwpEventCenterDelegate: jdwpSetEventRequest: JdwpEventRequest{requestId=101, eventKind=CLASS_UNLOAD, suspendPolicy=NONE, predicates=[]}
18:49:22.395 INFO: JdwpDebugServer: handling req: VirtualMachine(1).Version(1)
18:49:22.395 INFO: JdwpDebugServer: handling req: VirtualMachine(1).capabilitiesNew(17)
18:49:22.395 INFO: JdwpDebugServer: handling req: VirtualMachine(1).capabilities(12)
18:49:22.395 INFO: JdwpDebugServer: handling req: VirtualMachine(1).AllClassesWithGeneric(20)
18:49:22.399 INFO: JdwpDebugServer: handling req: VirtualMachine(1).TopLevelThreadGroups(5)
18:49:22.399 INFO: JdwpDebugServer: handling req: EventRequest(15).Set(1)
18:49:22.399 INFO: JdwpEventCenterDelegate: jdwpSetEventRequest: JdwpEventRequest{requestId=102, eventKind=THREAD_START, suspendPolicy=NONE, predicates=[]}
18:49:22.400 INFO: JdwpDebugServer: handling req: EventRequest(15).Set(1)
18:49:22.400 INFO: JdwpEventCenterDelegate: jdwpSetEventRequest: JdwpEventRequest{requestId=103, eventKind=THREAD_DEATH, suspendPolicy=NONE, predicates=[]}
18:49:22.401 INFO: JdwpDebugServer: handling req: EventRequest(15).Set(1)
18:49:22.401 INFO: JdwpEventCenterDelegate: jdwpSetEventRequest: JdwpEventRequest{requestId=104, eventKind=CLASS_PREPARE, suspendPolicy=EVENT_THREAD, predicates=[className=sun.instrument.InstrumentationImpl]}
18:49:22.401 INFO: JdwpDebugServer: handling req: EventRequest(15).Set(1)
18:49:22.402 INFO: JdwpEventCenterDelegate: jdwpSetEventRequest: JdwpEventRequest{requestId=105, eventKind=CLASS_PREPARE, suspendPolicy=EVENT_THREAD, predicates=[className=sun.instrument.InstrumentationImpl]}
18:49:22.994 INFO: JdwpDebugServer: handling req: VirtualMachine(1).Resume(9)
18:49:23.051 INFO: JdwpEventCenterDelegate: THREAD_STARTED: thread (33, main, main)
18:49:23.069 INFO: JdwpEventCenterDelegate: THREAD_STARTED: thread (48, ReferenceQueueDaemon, main)
18:49:23.075 INFO: JdwpEventCenterDelegate: THREAD_STARTED: thread (63, FinalizerWatchdogDaemon, main)
18:49:23.081 INFO: JdwpEventCenterDelegate: THREAD_STARTED: thread (78, FinalizerDaemon, main)
18:49:23.084 INFO: JdwpEventCenterDelegate: THREAD_RESUMED: thread (33, main, main)
18:49:23.085 INFO: JdwpEventCenterDelegate: THREAD_RESUMED: thread (33, main, main)
18:49:23.086 INFO: JdwpEventCenterDelegate: THREAD_RESUMED: thread (33, main, main)
18:49:23.087 INFO: JdwpEventCenterDelegate: THREAD_RESUMED: thread (33, main, main)
18:49:23.088 INFO: JdwpEventCenterDelegate: THREAD_RESUMED: thread (33, main, main)
18:49:23.089 INFO: JdwpEventCenterDelegate: THREAD_RESUMED: thread (33, main, main)
18:49:23.091 INFO: JdwpEventCenterDelegate: THREAD_RESUMED: thread (33, main, main)
18:49:23.092 INFO: JdwpEventCenterDelegate: THREAD_RESUMED: thread (33, main, main)
18:49:23.093 INFO: JdwpEventCenterDelegate: THREAD_RESUMED: thread (33, main, main)
18:49:23.095 INFO: JdwpEventCenterDelegate: THREAD_RESUMED: thread (33, main, main)
18:49:23.096 INFO: JdwpEventCenterDelegate: THREAD_RESUMED: thread (33, main, main)
18:49:23.097 INFO: JdwpEventCenterDelegate: THREAD_RESUMED: thread (33, main, main)
18:49:23.099 INFO: JdwpEventCenterDelegate: THREAD_RESUMED: thread (33, main, main)
18:49:23.100 INFO: JdwpEventCenterDelegate: THREAD_RESUMED: thread (33, main, main)
18:49:23.101 INFO: JdwpEventCenterDelegate: THREAD_RESUMED: thread (33, main, main)
18:49:23.103 INFO: JdwpEventCenterDelegate: THREAD_RESUMED: thread (33, main, main)
18:49:23.104 INFO: JdwpEventCenterDelegate: THREAD_RESUMED: thread (33, main, main)
18:49:23.105 INFO: JdwpEventCenterDelegate: THREAD_RESUMED: thread (33, main, main)
18:49:23.109 INFO: JdwpEventCenterDelegate: THREAD_RESUMED: thread (33, main, main)
18:49:23.110 INFO: JdwpEventCenterDelegate: THREAD_RESUMED: thread (33, main, main)
18:49:23.111 INFO: JdwpEventCenterDelegate: THREAD_RESUMED: thread (33, main, main)
18:49:23.113 INFO: JdwpEventCenterDelegate: THREAD_RESUMED: thread (33, main, main)
18:49:23.114 INFO: JdwpEventCenterDelegate: THREAD_RESUMED: thread (33, main, main)
18:49:23.115 INFO: JdwpEventCenterDelegate: THREAD_RESUMED: thread (33, main, main)
18:49:23.116 INFO: JdwpEventCenterDelegate: THREAD_RESUMED: thread (33, main, main)
18:49:23.148 INFO: JdwpEventCenterDelegate: THREAD_RESUMED: thread (33, main, main)
18:49:23.149 INFO: JdwpEventCenterDelegate: THREAD_RESUMED: thread (33, main, main)
18:49:23.150 INFO: JdwpEventCenterDelegate: THREAD_RESUMED: thread (33, main, main)
18:49:23.152 INFO: JdwpEventCenterDelegate: THREAD_RESUMED: thread (33, main, main)
18:49:23.153 INFO: JdwpEventCenterDelegate: THREAD_RESUMED: thread (33, main, main)
18:49:23.155 INFO: JdwpEventCenterDelegate: THREAD_RESUMED: thread (33, main, main)
18:49:23.156 INFO: JdwpEventCenterDelegate: THREAD_RESUMED: thread (33, main, main)
18:49:23.158 INFO: JdwpEventCenterDelegate: THREAD_RESUMED: thread (33, main, main)
18:49:23.160 INFO: JdwpEventCenterDelegate: THREAD_RESUMED: thread (33, main, main)
18:49:23.161 INFO: JdwpEventCenterDelegate: THREAD_RESUMED: thread (33, main, main)
18:49:23.162 INFO: JdwpEventCenterDelegate: THREAD_RESUMED: thread (33, main, main)
18:49:23.164 INFO: JdwpEventCenterDelegate: THREAD_RESUMED: thread (33, main, main)
18:49:23.165 INFO: JdwpEventCenterDelegate: THREAD_RESUMED: thread (33, main, main)
18:49:23.166 INFO: JdwpEventCenterDelegate: THREAD_RESUMED: thread (33, main, main)
18:49:23.182 INFO: JdwpEventCenterDelegate: THREAD_RESUMED: thread (33, main, main)
18:49:23.184 INFO: JdwpEventCenterDelegate: THREAD_RESUMED: thread (33, main, main)
18:49:23.185 INFO: JdwpEventCenterDelegate: THREAD_RESUMED: thread (33, main, main)
18:49:23.186 INFO: JdwpEventCenterDelegate: THREAD_RESUMED: thread (33, main, main)
18:49:23.188 INFO: JdwpEventCenterDelegate: THREAD_RESUMED: thread (33, main, main)
18:49:23.189 INFO: JdwpEventCenterDelegate: THREAD_RESUMED: thread (33, main, main)
18:49:23.191 INFO: JdwpEventCenterDelegate: THREAD_RESUMED: thread (33, main, main)
18:49:23.213 INFO: JdwpEventCenterDelegate: THREAD_RESUMED: thread (33, main, main)
18:49:23.214 INFO: JdwpEventCenterDelegate: THREAD_RESUMED: thread (33, main, main)
18:49:23.215 INFO: JdwpEventCenterDelegate: THREAD_RESUMED: thread (33, main, main)
18:49:23.216 INFO: JdwpEventCenterDelegate: THREAD_RESUMED: thread (33, main, main)
18:49:23.218 INFO: JdwpEventCenterDelegate: THREAD_RESUMED: thread (33, main, main)
18:49:23.219 INFO: JdwpEventCenterDelegate: THREAD_RESUMED: thread (33, main, main)
18:49:23.221 INFO: JdwpEventCenterDelegate: THREAD_RESUMED: thread (33, main, main)
18:49:23.249 INFO: JdwpEventCenterDelegate: THREAD_RESUMED: thread (33, main, main)
18:49:23.250 INFO: JdwpEventCenterDelegate: THREAD_RESUMED: thread (33, main, main)
18:49:23.252 INFO: JdwpEventCenterDelegate: THREAD_RESUMED: thread (33, main, main)
18:49:23.253 INFO: JdwpEventCenterDelegate: THREAD_RESUMED: thread (33, main, main)
18:49:23.255 INFO: JdwpEventCenterDelegate: THREAD_RESUMED: thread (33, main, main)
18:49:23.257 INFO: JdwpEventCenterDelegate: THREAD_RESUMED: thread (33, main, main)
18:49:23.258 INFO: JdwpEventCenterDelegate: THREAD_RESUMED: thread (33, main, main)
18:49:23.269 INFO: JdwpEventCenterDelegate: THREAD_RESUMED: thread (33, main, main)
18:49:23.270 INFO: JdwpEventCenterDelegate: THREAD_RESUMED: thread (33, main, main)
18:49:23.272 INFO: JdwpEventCenterDelegate: THREAD_RESUMED: thread (33, main, main)
18:49:23.273 INFO: JdwpEventCenterDelegate: THREAD_RESUMED: thread (33, main, main)
18:49:23.274 INFO: JdwpEventCenterDelegate: THREAD_RESUMED: thread (33, main, main)
18:49:23.276 INFO: JdwpEventCenterDelegate: THREAD_RESUMED: thread (33, main, main)
18:49:23.277 INFO: JdwpEventCenterDelegate: THREAD_RESUMED: thread (33, main, main)
18:49:23.286 INFO: JdwpEventCenterDelegate: THREAD_RESUMED: thread (33, main, main)
18:49:23.287 INFO: JdwpEventCenterDelegate: THREAD_RESUMED: thread (33, main, main)
18:49:23.289 INFO: JdwpEventCenterDelegate: THREAD_RESUMED: thread (33, main, main)
18:49:23.290 INFO: JdwpEventCenterDelegate: THREAD_RESUMED: thread (33, main, main)
18:49:23.291 INFO: JdwpEventCenterDelegate: THREAD_RESUMED: thread (33, main, main)
18:49:23.293 INFO: JdwpEventCenterDelegate: THREAD_RESUMED: thread (33, main, main)
18:49:23.294 INFO: JdwpEventCenterDelegate: THREAD_RESUMED: thread (33, main, main)
18:49:23.295 INFO: JdwpEventCenterDelegate: THREAD_RESUMED: thread (33, main, main)
18:49:23.297 INFO: JdwpEventCenterDelegate: THREAD_RESUMED: thread (33, main, main)
18:49:23.298 INFO: JdwpEventCenterDelegate: THREAD_RESUMED: thread (33, main, main)
18:49:23.299 INFO: JdwpEventCenterDelegate: THREAD_RESUMED: thread (33, main, main)
18:49:23.300 INFO: JdwpEventCenterDelegate: THREAD_RESUMED: thread (33, main, main)
18:49:23.302 INFO: JdwpEventCenterDelegate: THREAD_RESUMED: thread (33, main, main)
18:49:23.303 INFO: JdwpEventCenterDelegate: THREAD_RESUMED: thread (33, main, main)
18:49:23.305 INFO: JdwpEventCenterDelegate: THREAD_RESUMED: thread (33, main, main)
18:49:23.306 INFO: JdwpEventCenterDelegate: THREAD_RESUMED: thread (33, main, main)
18:49:23.308 INFO: JdwpEventCenterDelegate: THREAD_RESUMED: thread (33, main, main)
18:49:23.309 INFO: JdwpEventCenterDelegate: THREAD_RESUMED: thread (33, main, main)
18:49:23.311 INFO: JdwpEventCenterDelegate: THREAD_RESUMED: thread (33, main, main)
18:49:23.313 INFO: JdwpEventCenterDelegate: THREAD_RESUMED: thread (33, main, main)
18:49:23.453 INFO: JdwpEventCenterDelegate: THREAD_STARTED: thread (93, AssetManager, main)
18:49:23.558 INFO: JdwpEventCenterDelegate: THREAD_RESUMED: thread (33, main, main)
18:49:23.560 INFO: JdwpEventCenterDelegate: THREAD_RESUMED: thread (33, main, main)
18:49:26.129 INFO: JdwpEventCenterDelegate: THREAD_RESUMED: thread (33, main, main)
18:49:26.233 INFO: JdwpEventCenterDelegate: THREAD_RESUMED: thread (33, main, main)
18:49:26.235 INFO: JdwpEventCenterDelegate: THREAD_RESUMED: thread (33, main, main)
18:49:26.237 INFO: JdwpEventCenterDelegate: THREAD_RESUMED: thread (33, main, main)
18:49:26.238 INFO: JdwpEventCenterDelegate: THREAD_RESUMED: thread (33, main, main)
18:49:26.241 INFO: JdwpEventCenterDelegate: THREAD_RESUMED: thread (33, main, main)
18:49:26.247 INFO: JdwpEventCenterDelegate: THREAD_RESUMED: thread (33, main, main)
18:49:26.259 INFO: JdwpEventCenterDelegate: THREAD_RESUMED: thread (33, main, main)
18:49:26.261 INFO: JdwpEventCenterDelegate: THREAD_RESUMED: thread (33, main, main)
18:49:26.263 INFO: JdwpEventCenterDelegate: THREAD_RESUMED: thread (33, main, main)
18:49:26.265 INFO: JdwpEventCenterDelegate: THREAD_RESUMED: thread (33, main, main)
18:49:26.268 INFO: JdwpEventCenterDelegate: THREAD_RESUMED: thread (33, main, main)
18:49:26.273 INFO: JdwpEventCenterDelegate: THREAD_RESUMED: thread (33, main, main)
18:49:26.287 INFO: JdwpEventCenterDelegate: THREAD_RESUMED: thread (33, main, main)
18:49:26.290 INFO: JdwpEventCenterDelegate: THREAD_RESUMED: thread (33, main, main)
18:49:26.292 INFO: JdwpEventCenterDelegate: THREAD_RESUMED: thread (33, main, main)
18:49:26.295 INFO: JdwpEventCenterDelegate: THREAD_RESUMED: thread (33, main, main)
18:49:26.297 INFO: JdwpEventCenterDelegate: THREAD_RESUMED: thread (33, main, main)
18:49:26.302 INFO: JdwpEventCenterDelegate: THREAD_RESUMED: thread (33, main, main)
18:49:26.321 INFO: JdwpEventCenterDelegate: THREAD_RESUMED: thread (33, main, main)
18:49:26.323 INFO: JdwpEventCenterDelegate: THREAD_RESUMED: thread (33, main, main)
18:49:26.326 INFO: JdwpEventCenterDelegate: THREAD_RESUMED: thread (33, main, main)
18:49:26.328 INFO: JdwpEventCenterDelegate: THREAD_RESUMED: thread (33, main, main)
18:49:26.330 INFO: JdwpEventCenterDelegate: THREAD_RESUMED: thread (33, main, main)
18:49:26.335 INFO: JdwpEventCenterDelegate: THREAD_RESUMED: thread (33, main, main)
18:49:26.350 INFO: JdwpEventCenterDelegate: THREAD_RESUMED: thread (33, main, main)
18:49:26.353 INFO: JdwpEventCenterDelegate: THREAD_RESUMED: thread (33, main, main)
18:49:26.355 INFO: JdwpEventCenterDelegate: THREAD_RESUMED: thread (33, main, main)
18:49:26.358 INFO: JdwpEventCenterDelegate: THREAD_RESUMED: thread (33, main, main)
18:49:26.360 INFO: JdwpEventCenterDelegate: THREAD_RESUMED: thread (33, main, main)
18:49:26.365 INFO: JdwpEventCenterDelegate: THREAD_RESUMED: thread (33, main, main)
18:49:26.381 INFO: JdwpEventCenterDelegate: THREAD_RESUMED: thread (33, main, main)
18:49:26.383 INFO: JdwpEventCenterDelegate: THREAD_RESUMED: thread (33, main, main)
18:49:26.386 INFO: JdwpEventCenterDelegate: THREAD_RESUMED: thread (33, main, main)
18:49:26.388 INFO: JdwpEventCenterDelegate: THREAD_RESUMED: thread (33, main, main)
18:49:26.390 INFO: JdwpEventCenterDelegate: THREAD_RESUMED: thread (33, main, main)
18:49:26.395 INFO: JdwpEventCenterDelegate: THREAD_RESUMED: thread (33, main, main)
18:49:26.415 INFO: JdwpEventCenterDelegate: THREAD_RESUMED: thread (33, main, main)
18:49:26.417 INFO: JdwpEventCenterDelegate: THREAD_RESUMED: thread (33, main, main)
18:49:26.420 INFO: JdwpEventCenterDelegate: THREAD_RESUMED: thread (33, main, main)
18:49:26.422 INFO: JdwpEventCenterDelegate: THREAD_RESUMED: thread (33, main, main)
18:49:26.424 INFO: JdwpEventCenterDelegate: THREAD_RESUMED: thread (33, main, main)
18:49:26.429 INFO: JdwpEventCenterDelegate: THREAD_RESUMED: thread (33, main, main)
18:49:26.448 INFO: JdwpEventCenterDelegate: THREAD_RESUMED: thread (33, main, main)
18:49:26.450 INFO: JdwpEventCenterDelegate: THREAD_RESUMED: thread (33, main, main)
18:49:26.453 INFO: JdwpEventCenterDelegate: THREAD_RESUMED: thread (33, main, main)
18:49:26.455 INFO: JdwpEventCenterDelegate: THREAD_RESUMED: thread (33, main, main)
18:49:26.457 INFO: JdwpEventCenterDelegate: THREAD_RESUMED: thread (33, main, main)
18:49:26.462 INFO: JdwpEventCenterDelegate: THREAD_RESUMED: thread (33, main, main)
18:49:26.481 INFO: JdwpEventCenterDelegate: THREAD_RESUMED: thread (33, main, main)
18:49:26.483 INFO: JdwpEventCenterDelegate: THREAD_RESUMED: thread (33, main, main)
18:49:26.486 INFO: JdwpEventCenterDelegate: THREAD_RESUMED: thread (33, main, main)
18:49:26.488 INFO: JdwpEventCenterDelegate: THREAD_RESUMED: thread (33, main, main)
18:49:26.490 INFO: JdwpEventCenterDelegate: THREAD_RESUMED: thread (33, main, main)
18:49:26.495 INFO: JdwpEventCenterDelegate: THREAD_RESUMED: thread (33, main, main)
18:49:26.513 INFO: JdwpEventCenterDelegate: THREAD_RESUMED: thread (33, main, main)
18:49:26.515 INFO: JdwpEventCenterDelegate: THREAD_RESUMED: thread (33, main, main)
18:49:26.517 INFO: JdwpEventCenterDelegate: THREAD_RESUMED: thread (33, main, main)
18:49:26.519 INFO: JdwpEventCenterDelegate: THREAD_RESUMED: thread (33, main, main)
18:49:26.521 INFO: JdwpEventCenterDelegate: THREAD_RESUMED: thread (33, main, main)
18:49:26.526 INFO: JdwpEventCenterDelegate: THREAD_RESUMED: thread (33, main, main)
18:49:26.541 INFO: JdwpEventCenterDelegate: THREAD_RESUMED: thread (33, main, main)
18:49:26.543 INFO: JdwpEventCenterDelegate: THREAD_RESUMED: thread (33, main, main)
18:49:26.544 INFO: JdwpEventCenterDelegate: THREAD_RESUMED: thread (33, main, main)
18:49:26.546 INFO: JdwpEventCenterDelegate: THREAD_RESUMED: thread (33, main, main)
18:49:26.548 INFO: JdwpEventCenterDelegate: THREAD_RESUMED: thread (33, main, main)
18:49:26.552 INFO: JdwpEventCenterDelegate: THREAD_RESUMED: thread (33, main, main)
18:49:26.572 INFO: JdwpEventCenterDelegate: THREAD_RESUMED: thread (33, main, main)
18:49:26.575 INFO: JdwpEventCenterDelegate: THREAD_RESUMED: thread (33, main, main)
18:49:26.577 INFO: JdwpEventCenterDelegate: THREAD_RESUMED: thread (33, main, main)
18:49:26.579 INFO: JdwpEventCenterDelegate: THREAD_RESUMED: thread (33, main, main)
18:49:26.581 INFO: JdwpEventCenterDelegate: THREAD_RESUMED: thread (33, main, main)
18:49:26.586 INFO: JdwpEventCenterDelegate: THREAD_RESUMED: thread (33, main, main)
18:49:26.609 INFO: JdwpEventCenterDelegate: THREAD_RESUMED: thread (33, main, main)
18:49:26.611 INFO: JdwpEventCenterDelegate: THREAD_RESUMED: thread (33, main, main)
18:49:26.613 INFO: JdwpEventCenterDelegate: THREAD_RESUMED: thread (33, main, main)
18:49:26.615 INFO: JdwpEventCenterDelegate: THREAD_RESUMED: thread (33, main, main)
18:49:26.617 INFO: JdwpEventCenterDelegate: THREAD_RESUMED: thread (33, main, main)
18:49:26.622 INFO: JdwpEventCenterDelegate: THREAD_RESUMED: thread (33, main, main)
18:49:26.641 INFO: JdwpEventCenterDelegate: THREAD_RESUMED: thread (33, main, main)
18:49:26.643 INFO: JdwpEventCenterDelegate: THREAD_RESUMED: thread (33, main, main)
18:49:26.646 INFO: JdwpEventCenterDelegate: THREAD_RESUMED: thread (33, main, main)
18:49:26.648 INFO: JdwpEventCenterDelegate: THREAD_RESUMED: thread (33, main, main)
18:49:26.651 INFO: JdwpEventCenterDelegate: THREAD_RESUMED: thread (33, main, main)
18:49:26.656 INFO: JdwpEventCenterDelegate: THREAD_RESUMED: thread (33, main, main)
18:49:26.669 INFO: JdwpEventCenterDelegate: THREAD_RESUMED: thread (33, main, main)
18:49:26.671 INFO: JdwpEventCenterDelegate: THREAD_RESUMED: thread (33, main, main)
18:49:26.673 INFO: JdwpEventCenterDelegate: THREAD_RESUMED: thread (33, main, main)
18:49:26.676 INFO: JdwpEventCenterDelegate: THREAD_RESUMED: thread (33, main, main)
18:49:26.677 INFO: JdwpEventCenterDelegate: THREAD_RESUMED: thread (33, main, main)
18:49:26.682 INFO: JdwpEventCenterDelegate: THREAD_RESUMED: thread (33, main, main)
18:49:26.685 INFO: JdwpEventCenterDelegate: THREAD_RESUMED: thread (33, main, main)
18:49:26.687 INFO: JdwpEventCenterDelegate: THREAD_RESUMED: thread (33, main, main)
18:49:26.689 INFO: JdwpEventCenterDelegate: THREAD_RESUMED: thread (33, main, main)
18:49:26.691 INFO: JdwpEventCenterDelegate: THREAD_RESUMED: thread (33, main, main)
18:49:26.694 INFO: JdwpEventCenterDelegate: THREAD_RESUMED: thread (33, main, main)
18:49:26.696 INFO: JdwpEventCenterDelegate: THREAD_RESUMED: thread (33, main, main)
18:49:26.700 INFO: JdwpEventCenterDelegate: THREAD_RESUMED: thread (33, main, main)
18:49:26.702 INFO: JdwpEventCenterDelegate: THREAD_RESUMED: thread (33, main, main)
18:49:26.705 INFO: JdwpEventCenterDelegate: THREAD_RESUMED: thread (33, main, main)
18:49:26.707 INFO: JdwpEventCenterDelegate: THREAD_RESUMED: thread (33, main, main)
18:49:26.718 INFO: JdwpEventCenterDelegate: THREAD_RESUMED: thread (33, main, main)
18:49:26.720 INFO: JdwpEventCenterDelegate: THREAD_RESUMED: thread (33, main, main)
18:49:26.722 INFO: JdwpEventCenterDelegate: THREAD_RESUMED: thread (33, main, main)
18:49:26.724 INFO: JdwpEventCenterDelegate: THREAD_RESUMED: thread (33, main, main)
18:49:26.726 INFO: JdwpEventCenterDelegate: THREAD_RESUMED: thread (33, main, main)
18:49:26.728 INFO: JdwpEventCenterDelegate: THREAD_RESUMED: thread (33, main, main)
18:49:26.730 INFO: JdwpEventCenterDelegate: THREAD_RESUMED: thread (33, main, main)
18:49:26.746 INFO: JdwpEventCenterDelegate: THREAD_RESUMED: thread (33, main, main)
18:49:26.748 INFO: JdwpEventCenterDelegate: THREAD_RESUMED: thread (33, main, main)
18:49:26.749 INFO: JdwpEventCenterDelegate: THREAD_RESUMED: thread (33, main, main)
18:49:26.751 INFO: JdwpEventCenterDelegate: THREAD_RESUMED: thread (33, main, main)
18:49:26.753 INFO: JdwpEventCenterDelegate: THREAD_RESUMED: thread (33, main, main)
18:49:26.758 INFO: JdwpEventCenterDelegate: THREAD_RESUMED: thread (33, main, main)
18:49:26.770 INFO: JdwpEventCenterDelegate: THREAD_RESUMED: thread (33, main, main)
18:49:26.784 INFO: JdwpEventCenterDelegate: THREAD_RESUMED: thread (33, main, main)
18:49:26.795 INFO: JdwpEventCenterDelegate: THREAD_RESUMED: thread (33, main, main)
18:49:26.808 INFO: JdwpEventCenterDelegate: THREAD_RESUMED: thread (33, main, main)
18:49:26.843 INFO: JdwpEventCenterDelegate: THREAD_RESUMED: thread (33, main, main)
18:49:26.845 INFO: JdwpEventCenterDelegate: THREAD_RESUMED: thread (33, main, main)
18:49:26.848 INFO: JdwpEventCenterDelegate: THREAD_RESUMED: thread (33, main, main)
18:49:26.850 INFO: JdwpEventCenterDelegate: THREAD_RESUMED: thread (33, main, main)
18:49:26.852 INFO: JdwpEventCenterDelegate: THREAD_RESUMED: thread (33, main, main)
18:49:26.857 INFO: JdwpEventCenterDelegate: THREAD_RESUMED: thread (33, main, main)
18:49:26.868 INFO: JdwpEventCenterDelegate: THREAD_RESUMED: thread (33, main, main)
18:49:26.870 INFO: JdwpEventCenterDelegate: THREAD_RESUMED: thread (33, main, main)
18:49:26.873 INFO: JdwpEventCenterDelegate: THREAD_RESUMED: thread (33, main, main)
18:49:26.875 INFO: JdwpEventCenterDelegate: THREAD_RESUMED: thread (33, main, main)
18:49:26.877 INFO: JdwpEventCenterDelegate: THREAD_RESUMED: thread (33, main, main)
18:49:26.882 INFO: JdwpEventCenterDelegate: THREAD_RESUMED: thread (33, main, main)
18:49:26.896 INFO: JdwpEventCenterDelegate: THREAD_RESUMED: thread (33, main, main)
18:49:26.899 INFO: JdwpEventCenterDelegate: THREAD_RESUMED: thread (33, main, main)
18:49:26.901 INFO: JdwpEventCenterDelegate: THREAD_RESUMED: thread (33, main, main)
18:49:26.903 INFO: JdwpEventCenterDelegate: THREAD_RESUMED: thread (33, main, main)
18:49:26.906 INFO: JdwpEventCenterDelegate: THREAD_RESUMED: thread (33, main, main)
18:49:26.910 INFO: JdwpEventCenterDelegate: THREAD_RESUMED: thread (33, main, main)
18:49:26.928 INFO: JdwpEventCenterDelegate: THREAD_RESUMED: thread (33, main, main)
18:49:26.931 INFO: JdwpEventCenterDelegate: THREAD_RESUMED: thread (33, main, main)
18:49:26.933 INFO: JdwpEventCenterDelegate: THREAD_RESUMED: thread (33, main, main)
18:49:26.936 INFO: JdwpEventCenterDelegate: THREAD_RESUMED: thread (33, main, main)
18:49:26.937 INFO: JdwpEventCenterDelegate: THREAD_RESUMED: thread (33, main, main)
18:49:26.942 INFO: JdwpEventCenterDelegate: THREAD_RESUMED: thread (33, main, main)
18:49:26.957 INFO: JdwpEventCenterDelegate: THREAD_RESUMED: thread (33, main, main)
18:49:26.959 INFO: JdwpEventCenterDelegate: THREAD_RESUMED: thread (33, main, main)
18:49:26.961 INFO: JdwpEventCenterDelegate: THREAD_RESUMED: thread (33, main, main)
18:49:26.964 INFO: JdwpEventCenterDelegate: THREAD_RESUMED: thread (33, main, main)
18:49:26.966 INFO: JdwpEventCenterDelegate: THREAD_RESUMED: thread (33, main, main)
18:49:26.970 INFO: JdwpEventCenterDelegate: THREAD_RESUMED: thread (33, main, main)
18:49:26.985 INFO: JdwpEventCenterDelegate: THREAD_RESUMED: thread (33, main, main)
18:49:26.987 INFO: JdwpEventCenterDelegate: THREAD_RESUMED: thread (33, main, main)
18:49:26.990 INFO: JdwpEventCenterDelegate: THREAD_RESUMED: thread (33, main, main)
18:49:26.992 INFO: JdwpEventCenterDelegate: THREAD_RESUMED: thread (33, main, main)
18:49:26.994 INFO: JdwpEventCenterDelegate: THREAD_RESUMED: thread (33, main, main)
18:49:26.999 INFO: JdwpEventCenterDelegate: THREAD_RESUMED: thread (33, main, main)
18:49:27.020 INFO: JdwpEventCenterDelegate: THREAD_RESUMED: thread (33, main, main)
18:49:27.022 INFO: JdwpEventCenterDelegate: THREAD_RESUMED: thread (33, main, main)
18:49:27.024 INFO: JdwpEventCenterDelegate: THREAD_RESUMED: thread (33, main, main)
18:49:27.027 INFO: JdwpEventCenterDelegate: THREAD_RESUMED: thread (33, main, main)
18:49:27.029 INFO: JdwpEventCenterDelegate: THREAD_RESUMED: thread (33, main, main)
18:49:27.034 INFO: JdwpEventCenterDelegate: THREAD_RESUMED: thread (33, main, main)
18:49:27.052 INFO: JdwpEventCenterDelegate: THREAD_RESUMED: thread (33, main, main)
18:49:27.054 INFO: JdwpEventCenterDelegate: THREAD_RESUMED: thread (33, main, main)
18:49:27.056 INFO: JdwpEventCenterDelegate: THREAD_RESUMED: thread (33, main, main)
18:49:27.058 INFO: JdwpEventCenterDelegate: THREAD_RESUMED: thread (33, main, main)
18:49:27.061 INFO: JdwpEventCenterDelegate: THREAD_RESUMED: thread (33, main, main)
18:49:27.065 INFO: JdwpEventCenterDelegate: THREAD_RESUMED: thread (33, main, main)
18:49:27.082 INFO: JdwpEventCenterDelegate: THREAD_RESUMED: thread (33, main, main)
18:49:27.085 INFO: JdwpEventCenterDelegate: THREAD_RESUMED: thread (33, main, main)
18:49:27.087 INFO: JdwpEventCenterDelegate: THREAD_RESUMED: thread (33, main, main)
18:49:27.090 INFO: JdwpEventCenterDelegate: THREAD_RESUMED: thread (33, main, main)
18:49:27.091 INFO: JdwpEventCenterDelegate: THREAD_RESUMED: thread (33, main, main)
18:49:27.096 INFO: JdwpEventCenterDelegate: THREAD_RESUMED: thread (33, main, main)
18:49:27.110 INFO: JdwpEventCenterDelegate: THREAD_RESUMED: thread (33, main, main)
18:49:27.113 INFO: JdwpEventCenterDelegate: THREAD_RESUMED: thread (33, main, main)
18:49:27.115 INFO: JdwpEventCenterDelegate: THREAD_RESUMED: thread (33, main, main)
18:49:27.117 INFO: JdwpEventCenterDelegate: THREAD_RESUMED: thread (33, main, main)
18:49:27.120 INFO: JdwpEventCenterDelegate: THREAD_RESUMED: thread (33, main, main)
18:49:27.125 INFO: JdwpEventCenterDelegate: THREAD_RESUMED: thread (33, main, main)
18:49:27.139 INFO: JdwpEventCenterDelegate: THREAD_RESUMED: thread (33, main, main)
18:49:27.142 INFO: JdwpEventCenterDelegate: THREAD_RESUMED: thread (33, main, main)
18:49:27.144 INFO: JdwpEventCenterDelegate: THREAD_RESUMED: thread (33, main, main)
18:49:27.146 INFO: JdwpEventCenterDelegate: THREAD_RESUMED: thread (33, main, main)
18:49:27.148 INFO: JdwpEventCenterDelegate: THREAD_RESUMED: thread (33, main, main)
18:49:27.153 INFO: JdwpEventCenterDelegate: THREAD_RESUMED: thread (33, main, main)
18:49:27.172 INFO: JdwpEventCenterDelegate: THREAD_RESUMED: thread (33, main, main)
18:49:27.174 INFO: JdwpEventCenterDelegate: THREAD_RESUMED: thread (33, main, main)
18:49:27.176 INFO: JdwpEventCenterDelegate: THREAD_RESUMED: thread (33, main, main)
18:49:27.179 INFO: JdwpEventCenterDelegate: THREAD_RESUMED: thread (33, main, main)
18:49:27.181 INFO: JdwpEventCenterDelegate: THREAD_RESUMED: thread (33, main, main)
18:49:27.185 INFO: JdwpEventCenterDelegate: THREAD_RESUMED: thread (33, main, main)
18:49:27.209 INFO: JdwpEventCenterDelegate: THREAD_RESUMED: thread (33, main, main)
18:49:27.212 INFO: JdwpEventCenterDelegate: THREAD_RESUMED: thread (33, main, main)
18:49:27.214 INFO: JdwpEventCenterDelegate: THREAD_RESUMED: thread (33, main, main)
18:49:27.217 INFO: JdwpEventCenterDelegate: THREAD_RESUMED: thread (33, main, main)
18:49:27.219 INFO: JdwpEventCenterDelegate: THREAD_RESUMED: thread (33, main, main)
18:49:27.223 INFO: JdwpEventCenterDelegate: THREAD_RESUMED: thread (33, main, main)
18:49:27.241 INFO: JdwpEventCenterDelegate: THREAD_RESUMED: thread (33, main, main)
18:49:27.244 INFO: JdwpEventCenterDelegate: THREAD_RESUMED: thread (33, main, main)
18:49:27.246 INFO: JdwpEventCenterDelegate: THREAD_RESUMED: thread (33, main, main)
18:49:27.248 INFO: JdwpEventCenterDelegate: THREAD_RESUMED: thread (33, main, main)
18:49:27.250 INFO: JdwpEventCenterDelegate: THREAD_RESUMED: thread (33, main, main)
18:49:27.255 INFO: JdwpEventCenterDelegate: THREAD_RESUMED: thread (33, main, main)
18:49:27.267 INFO: JdwpEventCenterDelegate: THREAD_RESUMED: thread (33, main, main)
18:49:27.269 INFO: JdwpEventCenterDelegate: THREAD_RESUMED: thread (33, main, main)
18:49:27.271 INFO: JdwpEventCenterDelegate: THREAD_RESUMED: thread (33, main, main)
18:49:27.273 INFO: JdwpEventCenterDelegate: THREAD_RESUMED: thread (33, main, main)
18:49:27.275 INFO: JdwpEventCenterDelegate: THREAD_RESUMED: thread (33, main, main)
18:49:28.156 INFO: JdwpEventCenterDelegate: THREAD_STARTED: thread (108, Timer, main)
18:49:29.048 INFO: JdwpEventCenterDelegate: THREAD_RESUMED: thread (33, main, main)
18:49:29.082 INFO: JdwpEventCenterDelegate: THREAD_RESUMED: thread (33, main, main)
18:49:29.106 INFO: JdwpEventCenterDelegate: THREAD_RESUMED: thread (33, main, main)
18:49:29.124 INFO: JdwpEventCenterDelegate: THREAD_RESUMED: thread (33, main, main)
18:49:29.165 INFO: JdwpEventCenterDelegate: THREAD_RESUMED: thread (33, main, main)
18:49:29.199 INFO: JdwpEventCenterDelegate: THREAD_RESUMED: thread (33, main, main)
18:49:29.217 INFO: JdwpEventCenterDelegate: THREAD_RESUMED: thread (33, main, main)
18:49:29.233 INFO: JdwpEventCenterDelegate: THREAD_RESUMED: thread (33, main, main)
18:49:29.239 INFO: JdwpEventCenterDelegate: THREAD_RESUMED: thread (33, main, main)
18:49:29.253 INFO: JdwpEventCenterDelegate: THREAD_RESUMED: thread (33, main, main)
18:49:29.284 INFO: JdwpEventCenterDelegate: THREAD_RESUMED: thread (33, main, main)
18:49:29.297 INFO: JdwpEventCenterDelegate: THREAD_RESUMED: thread (33, main, main)
18:49:29.309 INFO: JdwpEventCenterDelegate: THREAD_RESUMED: thread (33, main, main)
18:49:29.321 INFO: JdwpEventCenterDelegate: THREAD_RESUMED: thread (33, main, main)
18:49:29.356 INFO: JdwpEventCenterDelegate: THREAD_RESUMED: thread (33, main, main)
18:49:29.389 INFO: JdwpEventCenterDelegate: THREAD_RESUMED: thread (33, main, main)
18:49:29.405 INFO: JdwpEventCenterDelegate: THREAD_RESUMED: thread (33, main, main)
18:49:29.420 INFO: JdwpEventCenterDelegate: THREAD_RESUMED: thread (33, main, main)
18:49:29.426 INFO: JdwpEventCenterDelegate: THREAD_RESUMED: thread (33, main, main)
18:49:29.440 INFO: JdwpEventCenterDelegate: THREAD_RESUMED: thread (33, main, main)
18:49:30.463 INFO: JdwpEventCenterDelegate: THREAD_STARTED: thread (123, Thread-7, main)
18:49:34.903 INFO: JdwpEventCenterDelegate: THREAD_STARTED: thread (138, Thread-8, main)
18:49:49.350 INFO: JdwpEventCenterDelegate: THREAD_DETTACHED: thread (138, Thread-8, main)
18:49:51.668 INFO: JdwpEventCenterDelegate: THREAD_RESUMED: thread (33, main, main)
18:49:51.696 INFO: JdwpEventCenterDelegate: THREAD_RESUMED: thread (33, main, main)
18:49:51.714 INFO: JdwpEventCenterDelegate: THREAD_RESUMED: thread (33, main, main)
18:49:51.729 INFO: JdwpEventCenterDelegate: THREAD_RESUMED: thread (33, main, main)
18:49:51.767 INFO: JdwpEventCenterDelegate: THREAD_RESUMED: thread (33, main, main)
18:49:51.800 INFO: JdwpEventCenterDelegate: THREAD_RESUMED: thread (33, main, main)
18:49:51.816 INFO: JdwpEventCenterDelegate: THREAD_RESUMED: thread (33, main, main)
18:49:51.830 INFO: JdwpEventCenterDelegate: THREAD_RESUMED: thread (33, main, main)
18:49:51.836 INFO: JdwpEventCenterDelegate: THREAD_RESUMED: thread (33, main, main)
18:49:51.849 INFO: JdwpEventCenterDelegate: THREAD_RESUMED: thread (33, main, main)
18:49:51.880 INFO: JdwpEventCenterDelegate: THREAD_RESUMED: thread (33, main, main)
18:49:51.892 INFO: JdwpEventCenterDelegate: THREAD_RESUMED: thread (33, main, main)
18:49:51.904 INFO: JdwpEventCenterDelegate: THREAD_RESUMED: thread (33, main, main)
18:49:51.916 INFO: JdwpEventCenterDelegate: THREAD_RESUMED: thread (33, main, main)
18:49:51.951 INFO: JdwpEventCenterDelegate: THREAD_RESUMED: thread (33, main, main)
18:49:51.984 INFO: JdwpEventCenterDelegate: THREAD_RESUMED: thread (33, main, main)
18:49:52.002 INFO: JdwpEventCenterDelegate: THREAD_RESUMED: thread (33, main, main)
18:49:52.018 INFO: JdwpEventCenterDelegate: THREAD_RESUMED: thread (33, main, main)
18:49:52.023 INFO: JdwpEventCenterDelegate: THREAD_RESUMED: thread (33, main, main)
18:49:52.038 INFO: JdwpEventCenterDelegate: THREAD_RESUMED: thread (33, main, main)
18:49:58.259 INFO: JdwpEventCenterDelegate: THREAD_RESUMED: thread (33, main, main)
18:49:58.283 INFO: JdwpEventCenterDelegate: THREAD_RESUMED: thread (33, main, main)
18:49:58.299 INFO: JdwpEventCenterDelegate: THREAD_RESUMED: thread (33, main, main)
18:49:58.313 INFO: JdwpEventCenterDelegate: THREAD_RESUMED: thread (33, main, main)
18:49:58.354 INFO: JdwpEventCenterDelegate: THREAD_RESUMED: thread (33, main, main)
18:49:58.387 INFO: JdwpEventCenterDelegate: THREAD_RESUMED: thread (33, main, main)
18:49:58.403 INFO: JdwpEventCenterDelegate: THREAD_RESUMED: thread (33, main, main)
18:49:58.417 INFO: JdwpEventCenterDelegate: THREAD_RESUMED: thread (33, main, main)
18:49:58.423 INFO: JdwpEventCenterDelegate: THREAD_RESUMED: thread (33, main, main)
18:49:58.437 INFO: JdwpEventCenterDelegate: THREAD_RESUMED: thread (33, main, main)
18:49:58.467 INFO: JdwpEventCenterDelegate: THREAD_RESUMED: thread (33, main, main)
18:49:58.480 INFO: JdwpEventCenterDelegate: THREAD_RESUMED: thread (33, main, main)
18:49:58.492 INFO: JdwpEventCenterDelegate: THREAD_RESUMED: thread (33, main, main)
18:49:58.504 INFO: JdwpEventCenterDelegate: THREAD_RESUMED: thread (33, main, main)
18:49:58.538 INFO: JdwpEventCenterDelegate: THREAD_RESUMED: thread (33, main, main)
18:49:58.571 INFO: JdwpEventCenterDelegate: THREAD_RESUMED: thread (33, main, main)
18:49:58.589 INFO: JdwpEventCenterDelegate: THREAD_RESUMED: thread (33, main, main)
18:49:58.603 INFO: JdwpEventCenterDelegate: THREAD_RESUMED: thread (33, main, main)
18:49:58.609 INFO: JdwpEventCenterDelegate: THREAD_RESUMED: thread (33, main, main)
18:49:58.622 INFO: JdwpEventCenterDelegate: THREAD_RESUMED: thread (33, main, main)
18:50:01.317 INFO: JdwpEventCenterDelegate: THREAD_STARTED: thread (153, Thread-9, main)
18:50:04.624 INFO: JdwpDebugServer: handling req: VirtualMachine(1).Exit(10)
18:50:04.624 SEVERE: Debugger: Thread JDWP server socket thread crashed
org.robovm.debugger.DebuggerException: Terminating due exit command
	at org.robovm.debugger.jdwp.JdwpDebugServer.doSocketWork(JdwpDebugServer.java:211)
	at java.base/java.lang.Thread.run(Thread.java:834)
	at org.robovm.debugger.utils.DebuggerThread.run(DebuggerThread.java:42)
18:50:05.128 SEVERE: Debugger: Thread HooksChannel socket thread crashed
org.robovm.debugger.DebuggerException: java.io.IOException: org.robovm.libimobiledevice.LibIMobileDeviceException: IDEVICE_E_UNKNOWN_ERROR
	at org.robovm.debugger.hooks.HooksChannel.doSocketWork(HooksChannel.java:149)
	at java.base/java.lang.Thread.run(Thread.java:834)
	at org.robovm.debugger.utils.DebuggerThread.run(DebuggerThread.java:42)
Caused by: java.io.IOException: org.robovm.libimobiledevice.LibIMobileDeviceException: IDEVICE_E_UNKNOWN_ERROR
	at org.robovm.libimobiledevice.IDeviceConnection$DeviceInputStream.read(IDeviceConnection.java:203)
	at org.robovm.debugger.utils.bytebuffer.DataBufferWriter.writeFromStream(DataBufferWriter.java:89)
	at org.robovm.debugger.hooks.HooksChannel.doSocketWork(HooksChannel.java:116)
	... 2 more
Caused by: org.robovm.libimobiledevice.LibIMobileDeviceException: IDEVICE_E_UNKNOWN_ERROR
	at org.robovm.libimobiledevice.IDevice.checkResult(IDevice.java:206)
	at org.robovm.libimobiledevice.IDeviceConnection.receive(IDeviceConnection.java:110)
	at org.robovm.libimobiledevice.IDeviceConnection.receive(IDeviceConnection.java:81)
	at org.robovm.libimobiledevice.IDeviceConnection$DeviceInputStream.read(IDeviceConnection.java:201)
	... 4 more
