15:48:13.892 INFO: JdwpDebugServer: handling req: VirtualMachine(1).IDSizes(7)
15:48:13.892 INFO: JdwpDebugServer: handling req: EventRequest(15).Set(1)
15:48:13.892 INFO: JdwpEventCenterDelegate: jdwpSetEventRequest: JdwpEventRequest{requestId=100, eventKind=CLASS_PREPARE, suspendPolicy=NONE, predicates=[]}
15:48:13.892 INFO: JdwpDebugServer: handling req: EventRequest(15).Set(1)
15:48:13.892 INFO: JdwpEventCenterDelegate: jdwpSetEventRequest: JdwpEventRequest{requestId=101, eventKind=CLASS_UNLOAD, suspendPolicy=NONE, predicates=[]}
15:48:13.908 INFO: JdwpDebugServer: handling req: VirtualMachine(1).Version(1)
15:48:13.908 INFO: JdwpDebugServer: handling req: VirtualMachine(1).capabilitiesNew(17)
15:48:13.908 INFO: JdwpDebugServer: handling req: VirtualMachine(1).capabilities(12)
15:48:13.908 INFO: JdwpDebugServer: handling req: VirtualMachine(1).AllClassesWithGeneric(20)
15:48:13.911 INFO: JdwpDebugServer: handling req: VirtualMachine(1).TopLevelThreadGroups(5)
15:48:13.912 INFO: JdwpDebugServer: handling req: EventRequest(15).Set(1)
15:48:13.912 INFO: JdwpEventCenterDelegate: jdwpSetEventRequest: JdwpEventRequest{requestId=102, eventKind=THREAD_START, suspendPolicy=NONE, predicates=[]}
15:48:13.913 INFO: JdwpDebugServer: handling req: EventRequest(15).Set(1)
15:48:13.913 INFO: JdwpEventCenterDelegate: jdwpSetEventRequest: JdwpEventRequest{requestId=103, eventKind=THREAD_DEATH, suspendPolicy=NONE, predicates=[]}
15:48:13.914 INFO: JdwpDebugServer: handling req: EventRequest(15).Set(1)
15:48:13.914 INFO: JdwpEventCenterDelegate: jdwpSetEventRequest: JdwpEventRequest{requestId=104, eventKind=CLASS_PREPARE, suspendPolicy=EVENT_THREAD, predicates=[className=sun.instrument.InstrumentationImpl]}
15:48:13.914 INFO: JdwpDebugServer: handling req: EventRequest(15).Set(1)
15:48:13.914 INFO: JdwpEventCenterDelegate: jdwpSetEventRequest: JdwpEventRequest{requestId=105, eventKind=CLASS_PREPARE, suspendPolicy=EVENT_THREAD, predicates=[className=sun.instrument.InstrumentationImpl]}
15:48:13.915 INFO: JdwpDebugServer: handling req: EventRequest(15).Set(1)
15:48:13.915 INFO: JdwpEventCenterDelegate: jdwpSetEventRequest: JdwpEventRequest{requestId=106, eventKind=CLASS_PREPARE, suspendPolicy=EVENT_THREAD, predicates=[className=com.oldcaledonia.babymozartspacetrip.ios.ServicesApi]}
15:48:13.915 INFO: JdwpDebugServer: handling req: EventRequest(15).Set(1)
15:48:13.915 INFO: JdwpEventCenterDelegate: jdwpSetEventRequest: JdwpEventRequest{requestId=107, eventKind=CLASS_PREPARE, suspendPolicy=EVENT_THREAD, predicates=[className=com.oldcaledonia.babymozartspacetrip.ios.ServicesApi$*]}
15:48:13.915 INFO: JdwpDebugServer: handling req: EventRequest(15).Set(1)
15:48:13.916 INFO: JdwpEventCenterDelegate: jdwpSetEventRequest: JdwpEventRequest{requestId=108, eventKind=CLASS_PREPARE, suspendPolicy=EVENT_THREAD, predicates=[className=com.oldcaledonia.babymozartspacetrip.ios.ComposableSingletons$ServicesKt$*]}
15:48:14.509 INFO: JdwpDebugServer: handling req: VirtualMachine(1).Resume(9)
15:48:14.558 INFO: JdwpEventCenterDelegate: THREAD_STARTED: thread (33, main, main)
15:48:14.579 INFO: JdwpEventCenterDelegate: THREAD_STARTED: thread (48, ReferenceQueueDaemon, main)
15:48:14.586 INFO: JdwpEventCenterDelegate: THREAD_STARTED: thread (63, FinalizerDaemon, main)
15:48:14.592 INFO: JdwpEventCenterDelegate: THREAD_STARTED: thread (78, FinalizerWatchdogDaemon, main)
15:48:14.595 INFO: JdwpEventCenterDelegate: THREAD_RESUMED: thread (33, main, main)
15:48:14.596 INFO: JdwpEventCenterDelegate: THREAD_RESUMED: thread (33, main, main)
15:48:14.598 INFO: JdwpEventCenterDelegate: THREAD_RESUMED: thread (33, main, main)
15:48:14.599 INFO: JdwpEventCenterDelegate: THREAD_RESUMED: thread (33, main, main)
15:48:14.600 INFO: JdwpEventCenterDelegate: THREAD_RESUMED: thread (33, main, main)
15:48:14.601 INFO: JdwpEventCenterDelegate: THREAD_RESUMED: thread (33, main, main)
15:48:14.602 INFO: JdwpEventCenterDelegate: THREAD_RESUMED: thread (33, main, main)
15:48:14.604 INFO: JdwpEventCenterDelegate: THREAD_RESUMED: thread (33, main, main)
15:48:14.605 INFO: JdwpEventCenterDelegate: THREAD_RESUMED: thread (33, main, main)
15:48:14.606 INFO: JdwpEventCenterDelegate: THREAD_RESUMED: thread (33, main, main)
15:48:14.607 INFO: JdwpEventCenterDelegate: THREAD_RESUMED: thread (33, main, main)
15:48:14.609 INFO: JdwpEventCenterDelegate: THREAD_RESUMED: thread (33, main, main)
15:48:14.610 INFO: JdwpEventCenterDelegate: THREAD_RESUMED: thread (33, main, main)
15:48:14.612 INFO: JdwpEventCenterDelegate: THREAD_RESUMED: thread (33, main, main)
15:48:14.613 INFO: JdwpEventCenterDelegate: THREAD_RESUMED: thread (33, main, main)
15:48:14.615 INFO: JdwpEventCenterDelegate: THREAD_RESUMED: thread (33, main, main)
15:48:14.616 INFO: JdwpEventCenterDelegate: THREAD_RESUMED: thread (33, main, main)
15:48:14.618 INFO: JdwpEventCenterDelegate: THREAD_RESUMED: thread (33, main, main)
15:48:14.622 INFO: JdwpEventCenterDelegate: THREAD_RESUMED: thread (33, main, main)
15:48:14.623 INFO: JdwpEventCenterDelegate: THREAD_RESUMED: thread (33, main, main)
15:48:14.624 INFO: JdwpEventCenterDelegate: THREAD_RESUMED: thread (33, main, main)
15:48:14.625 INFO: JdwpEventCenterDelegate: THREAD_RESUMED: thread (33, main, main)
15:48:14.627 INFO: JdwpEventCenterDelegate: THREAD_RESUMED: thread (33, main, main)
15:48:14.628 INFO: JdwpEventCenterDelegate: THREAD_RESUMED: thread (33, main, main)
15:48:14.630 INFO: JdwpEventCenterDelegate: THREAD_RESUMED: thread (33, main, main)
15:48:14.660 INFO: JdwpEventCenterDelegate: THREAD_RESUMED: thread (33, main, main)
15:48:14.662 INFO: JdwpEventCenterDelegate: THREAD_RESUMED: thread (33, main, main)
15:48:14.663 INFO: JdwpEventCenterDelegate: THREAD_RESUMED: thread (33, main, main)
15:48:14.665 INFO: JdwpEventCenterDelegate: THREAD_RESUMED: thread (33, main, main)
15:48:14.666 INFO: JdwpEventCenterDelegate: THREAD_RESUMED: thread (33, main, main)
15:48:14.668 INFO: JdwpEventCenterDelegate: THREAD_RESUMED: thread (33, main, main)
15:48:14.669 INFO: JdwpEventCenterDelegate: THREAD_RESUMED: thread (33, main, main)
15:48:14.672 INFO: JdwpEventCenterDelegate: THREAD_RESUMED: thread (33, main, main)
15:48:14.673 INFO: JdwpEventCenterDelegate: THREAD_RESUMED: thread (33, main, main)
15:48:14.675 INFO: JdwpEventCenterDelegate: THREAD_RESUMED: thread (33, main, main)
15:48:14.676 INFO: JdwpEventCenterDelegate: THREAD_RESUMED: thread (33, main, main)
15:48:14.677 INFO: JdwpEventCenterDelegate: THREAD_RESUMED: thread (33, main, main)
15:48:14.678 INFO: JdwpEventCenterDelegate: THREAD_RESUMED: thread (33, main, main)
15:48:14.680 INFO: JdwpEventCenterDelegate: THREAD_RESUMED: thread (33, main, main)
15:48:14.696 INFO: JdwpEventCenterDelegate: THREAD_RESUMED: thread (33, main, main)
15:48:14.698 INFO: JdwpEventCenterDelegate: THREAD_RESUMED: thread (33, main, main)
15:48:14.699 INFO: JdwpEventCenterDelegate: THREAD_RESUMED: thread (33, main, main)
15:48:14.701 INFO: JdwpEventCenterDelegate: THREAD_RESUMED: thread (33, main, main)
15:48:14.702 INFO: JdwpEventCenterDelegate: THREAD_RESUMED: thread (33, main, main)
15:48:14.703 INFO: JdwpEventCenterDelegate: THREAD_RESUMED: thread (33, main, main)
15:48:14.704 INFO: JdwpEventCenterDelegate: THREAD_RESUMED: thread (33, main, main)
15:48:14.724 INFO: JdwpDebugServer: handling req: ReferenceType(2).MethodsWithGeneric(15)
15:48:14.724 INFO: JdwpDebugServer: handling req: Method(6).LineTable(1)
15:48:14.724 INFO: JdwpDebugServer: handling req: Method(6).LineTable(1)
15:48:14.725 INFO: JdwpDebugServer: handling req: Method(6).LineTable(1)
15:48:14.725 INFO: JdwpDebugServer: handling req: Method(6).LineTable(1)
15:48:14.725 INFO: JdwpDebugServer: handling req: Method(6).LineTable(1)
15:48:14.726 INFO: JdwpDebugServer: handling req: Method(6).LineTable(1)
15:48:14.726 INFO: JdwpDebugServer: handling req: Method(6).LineTable(1)
15:48:14.726 INFO: JdwpDebugServer: handling req: Method(6).LineTable(1)
15:48:14.726 INFO: JdwpDebugServer: handling req: Method(6).LineTable(1)
15:48:14.727 INFO: JdwpDebugServer: handling req: Method(6).LineTable(1)
15:48:14.727 INFO: JdwpDebugServer: handling req: Method(6).LineTable(1)
15:48:14.727 INFO: JdwpDebugServer: handling req: Method(6).LineTable(1)
15:48:14.727 INFO: JdwpDebugServer: handling req: Method(6).LineTable(1)
15:48:14.728 INFO: JdwpDebugServer: handling req: Method(6).LineTable(1)
15:48:14.728 INFO: JdwpDebugServer: handling req: Method(6).LineTable(1)
15:48:14.728 INFO: JdwpDebugServer: handling req: Method(6).LineTable(1)
15:48:14.729 INFO: JdwpDebugServer: handling req: Method(6).LineTable(1)
15:48:14.729 INFO: JdwpDebugServer: handling req: Method(6).LineTable(1)
15:48:14.729 INFO: JdwpDebugServer: handling req: Method(6).LineTable(1)
15:48:14.730 INFO: JdwpDebugServer: handling req: Method(6).LineTable(1)
15:48:14.730 INFO: JdwpDebugServer: handling req: Method(6).LineTable(1)
15:48:14.730 INFO: JdwpDebugServer: handling req: Method(6).LineTable(1)
15:48:14.730 INFO: JdwpDebugServer: handling req: Method(6).LineTable(1)
15:48:14.731 INFO: JdwpDebugServer: handling req: Method(6).LineTable(1)
15:48:14.731 INFO: JdwpDebugServer: handling req: Method(6).LineTable(1)
15:48:14.731 INFO: JdwpDebugServer: handling req: Method(6).LineTable(1)
15:48:14.731 INFO: JdwpDebugServer: handling req: Method(6).LineTable(1)
15:48:14.732 INFO: JdwpDebugServer: handling req: Method(6).LineTable(1)
15:48:14.732 INFO: JdwpDebugServer: handling req: Method(6).LineTable(1)
15:48:14.732 INFO: JdwpDebugServer: handling req: Method(6).LineTable(1)
15:48:14.732 INFO: JdwpDebugServer: handling req: Method(6).LineTable(1)
15:48:14.733 INFO: JdwpDebugServer: handling req: Method(6).LineTable(1)
15:48:14.733 INFO: JdwpDebugServer: handling req: Method(6).LineTable(1)
15:48:14.733 INFO: JdwpDebugServer: handling req: Method(6).LineTable(1)
15:48:14.734 INFO: JdwpDebugServer: handling req: Method(6).LineTable(1)
15:48:14.734 INFO: JdwpDebugServer: handling req: ReferenceType(2).SourceFile(7)
15:48:14.736 INFO: JdwpDebugServer: handling req: EventRequest(15).Set(1)
15:48:14.736 INFO: JdwpEventCenterDelegate: jdwpSetEventRequest: JdwpEventRequest{requestId=109, eventKind=BREAKPOINT, suspendPolicy=EVENT_THREAD, predicates=[Location{classId=22960, methodId=8167, index=235} ]}
15:48:14.737 INFO: JdwpDebugServer: handling req: ThreadReference(11).Resume(3)
15:48:14.738 INFO: JdwpEventCenterDelegate: THREAD_RESUMED: thread (33, main, main)
15:48:14.739 INFO: JdwpDebugServer: handling req: ClassType(3).Superclass(1)
15:48:14.742 INFO: JdwpDebugServer: handling req: ReferenceType(2).ClassLoader(2)
15:48:14.742 INFO: JdwpDebugServer: handling req: ReferenceType(2).ClassLoader(2)
15:48:14.742 INFO: JdwpDebugServer: handling req: ReferenceType(2).ClassLoader(2)
15:48:14.742 INFO: JdwpDebugServer: handling req: ReferenceType(2).ClassLoader(2)
15:48:14.743 INFO: JdwpDebugServer: handling req: ReferenceType(2).ClassLoader(2)
15:48:14.743 INFO: JdwpDebugServer: handling req: ReferenceType(2).ClassLoader(2)
15:48:14.743 INFO: JdwpDebugServer: handling req: ReferenceType(2).ClassLoader(2)
15:48:14.756 INFO: JdwpEventCenterDelegate: THREAD_RESUMED: thread (33, main, main)
15:48:14.757 INFO: JdwpEventCenterDelegate: THREAD_RESUMED: thread (33, main, main)
15:48:14.758 INFO: JdwpEventCenterDelegate: THREAD_RESUMED: thread (33, main, main)
15:48:14.759 INFO: JdwpEventCenterDelegate: THREAD_RESUMED: thread (33, main, main)
15:48:14.761 INFO: JdwpEventCenterDelegate: THREAD_RESUMED: thread (33, main, main)
15:48:14.762 INFO: JdwpEventCenterDelegate: THREAD_RESUMED: thread (33, main, main)
15:48:14.763 INFO: JdwpEventCenterDelegate: THREAD_RESUMED: thread (33, main, main)
15:48:14.776 INFO: JdwpEventCenterDelegate: THREAD_RESUMED: thread (33, main, main)
15:48:14.777 INFO: JdwpEventCenterDelegate: THREAD_RESUMED: thread (33, main, main)
15:48:14.778 INFO: JdwpEventCenterDelegate: THREAD_RESUMED: thread (33, main, main)
15:48:14.779 INFO: JdwpEventCenterDelegate: THREAD_RESUMED: thread (33, main, main)
15:48:14.780 INFO: JdwpEventCenterDelegate: THREAD_RESUMED: thread (33, main, main)
15:48:14.781 INFO: JdwpEventCenterDelegate: THREAD_RESUMED: thread (33, main, main)
15:48:14.782 INFO: JdwpEventCenterDelegate: THREAD_RESUMED: thread (33, main, main)
15:48:14.793 INFO: JdwpEventCenterDelegate: THREAD_RESUMED: thread (33, main, main)
15:48:14.794 INFO: JdwpEventCenterDelegate: THREAD_RESUMED: thread (33, main, main)
15:48:14.795 INFO: JdwpEventCenterDelegate: THREAD_RESUMED: thread (33, main, main)
15:48:14.797 INFO: JdwpEventCenterDelegate: THREAD_RESUMED: thread (33, main, main)
15:48:14.798 INFO: JdwpEventCenterDelegate: THREAD_RESUMED: thread (33, main, main)
15:48:14.800 INFO: JdwpEventCenterDelegate: THREAD_RESUMED: thread (33, main, main)
15:48:14.801 INFO: JdwpEventCenterDelegate: THREAD_RESUMED: thread (33, main, main)
15:48:14.802 INFO: JdwpEventCenterDelegate: THREAD_RESUMED: thread (33, main, main)
15:48:14.803 INFO: JdwpEventCenterDelegate: THREAD_RESUMED: thread (33, main, main)
15:48:14.805 INFO: JdwpEventCenterDelegate: THREAD_RESUMED: thread (33, main, main)
15:48:14.806 INFO: JdwpEventCenterDelegate: THREAD_RESUMED: thread (33, main, main)
15:48:14.807 INFO: JdwpEventCenterDelegate: THREAD_RESUMED: thread (33, main, main)
15:48:14.809 INFO: JdwpEventCenterDelegate: THREAD_RESUMED: thread (33, main, main)
15:48:14.810 INFO: JdwpEventCenterDelegate: THREAD_RESUMED: thread (33, main, main)
15:48:14.811 INFO: JdwpEventCenterDelegate: THREAD_RESUMED: thread (33, main, main)
15:48:14.812 INFO: JdwpEventCenterDelegate: THREAD_RESUMED: thread (33, main, main)
15:48:14.813 INFO: JdwpEventCenterDelegate: THREAD_RESUMED: thread (33, main, main)
15:48:14.814 INFO: JdwpEventCenterDelegate: THREAD_RESUMED: thread (33, main, main)
15:48:14.818 INFO: JdwpEventCenterDelegate: THREAD_RESUMED: thread (33, main, main)
15:48:14.820 INFO: JdwpEventCenterDelegate: THREAD_RESUMED: thread (33, main, main)
15:48:14.951 INFO: JdwpEventCenterDelegate: THREAD_STARTED: thread (93, AssetManager, main)
15:48:15.057 INFO: JdwpEventCenterDelegate: THREAD_RESUMED: thread (33, main, main)
15:48:15.060 INFO: JdwpEventCenterDelegate: THREAD_RESUMED: thread (33, main, main)
15:48:17.616 INFO: JdwpEventCenterDelegate: THREAD_RESUMED: thread (33, main, main)
15:48:17.716 INFO: JdwpEventCenterDelegate: THREAD_RESUMED: thread (33, main, main)
15:48:17.718 INFO: JdwpEventCenterDelegate: THREAD_RESUMED: thread (33, main, main)
15:48:17.720 INFO: JdwpEventCenterDelegate: THREAD_RESUMED: thread (33, main, main)
15:48:17.721 INFO: JdwpEventCenterDelegate: THREAD_RESUMED: thread (33, main, main)
15:48:17.723 INFO: JdwpEventCenterDelegate: THREAD_RESUMED: thread (33, main, main)
15:48:17.729 INFO: JdwpEventCenterDelegate: THREAD_RESUMED: thread (33, main, main)
15:48:17.741 INFO: JdwpEventCenterDelegate: THREAD_RESUMED: thread (33, main, main)
15:48:17.743 INFO: JdwpEventCenterDelegate: THREAD_RESUMED: thread (33, main, main)
15:48:17.746 INFO: JdwpEventCenterDelegate: THREAD_RESUMED: thread (33, main, main)
15:48:17.748 INFO: JdwpEventCenterDelegate: THREAD_RESUMED: thread (33, main, main)
15:48:17.750 INFO: JdwpEventCenterDelegate: THREAD_RESUMED: thread (33, main, main)
15:48:17.754 INFO: JdwpEventCenterDelegate: THREAD_RESUMED: thread (33, main, main)
15:48:17.769 INFO: JdwpEventCenterDelegate: THREAD_RESUMED: thread (33, main, main)
15:48:17.771 INFO: JdwpEventCenterDelegate: THREAD_RESUMED: thread (33, main, main)
15:48:17.773 INFO: JdwpEventCenterDelegate: THREAD_RESUMED: thread (33, main, main)
15:48:17.776 INFO: JdwpEventCenterDelegate: THREAD_RESUMED: thread (33, main, main)
15:48:17.778 INFO: JdwpEventCenterDelegate: THREAD_RESUMED: thread (33, main, main)
15:48:17.783 INFO: JdwpEventCenterDelegate: THREAD_RESUMED: thread (33, main, main)
15:48:17.801 INFO: JdwpEventCenterDelegate: THREAD_RESUMED: thread (33, main, main)
15:48:17.804 INFO: JdwpEventCenterDelegate: THREAD_RESUMED: thread (33, main, main)
15:48:17.806 INFO: JdwpEventCenterDelegate: THREAD_RESUMED: thread (33, main, main)
15:48:17.808 INFO: JdwpEventCenterDelegate: THREAD_RESUMED: thread (33, main, main)
15:48:17.811 INFO: JdwpEventCenterDelegate: THREAD_RESUMED: thread (33, main, main)
15:48:17.815 INFO: JdwpEventCenterDelegate: THREAD_RESUMED: thread (33, main, main)
15:48:17.831 INFO: JdwpEventCenterDelegate: THREAD_RESUMED: thread (33, main, main)
15:48:17.833 INFO: JdwpEventCenterDelegate: THREAD_RESUMED: thread (33, main, main)
15:48:17.835 INFO: JdwpEventCenterDelegate: THREAD_RESUMED: thread (33, main, main)
15:48:17.838 INFO: JdwpEventCenterDelegate: THREAD_RESUMED: thread (33, main, main)
15:48:17.840 INFO: JdwpEventCenterDelegate: THREAD_RESUMED: thread (33, main, main)
15:48:17.845 INFO: JdwpEventCenterDelegate: THREAD_RESUMED: thread (33, main, main)
15:48:17.860 INFO: JdwpEventCenterDelegate: THREAD_RESUMED: thread (33, main, main)
15:48:17.862 INFO: JdwpEventCenterDelegate: THREAD_RESUMED: thread (33, main, main)
15:48:17.864 INFO: JdwpEventCenterDelegate: THREAD_RESUMED: thread (33, main, main)
15:48:17.867 INFO: JdwpEventCenterDelegate: THREAD_RESUMED: thread (33, main, main)
15:48:17.869 INFO: JdwpEventCenterDelegate: THREAD_RESUMED: thread (33, main, main)
15:48:17.873 INFO: JdwpEventCenterDelegate: THREAD_RESUMED: thread (33, main, main)
15:48:17.895 INFO: JdwpEventCenterDelegate: THREAD_RESUMED: thread (33, main, main)
15:48:17.898 INFO: JdwpEventCenterDelegate: THREAD_RESUMED: thread (33, main, main)
15:48:17.900 INFO: JdwpEventCenterDelegate: THREAD_RESUMED: thread (33, main, main)
15:48:17.902 INFO: JdwpEventCenterDelegate: THREAD_RESUMED: thread (33, main, main)
15:48:17.905 INFO: JdwpEventCenterDelegate: THREAD_RESUMED: thread (33, main, main)
15:48:17.910 INFO: JdwpEventCenterDelegate: THREAD_RESUMED: thread (33, main, main)
15:48:17.928 INFO: JdwpEventCenterDelegate: THREAD_RESUMED: thread (33, main, main)
15:48:17.931 INFO: JdwpEventCenterDelegate: THREAD_RESUMED: thread (33, main, main)
15:48:17.933 INFO: JdwpEventCenterDelegate: THREAD_RESUMED: thread (33, main, main)
15:48:17.935 INFO: JdwpEventCenterDelegate: THREAD_RESUMED: thread (33, main, main)
15:48:17.938 INFO: JdwpEventCenterDelegate: THREAD_RESUMED: thread (33, main, main)
15:48:17.943 INFO: JdwpEventCenterDelegate: THREAD_RESUMED: thread (33, main, main)
15:48:17.961 INFO: JdwpEventCenterDelegate: THREAD_RESUMED: thread (33, main, main)
15:48:17.963 INFO: JdwpEventCenterDelegate: THREAD_RESUMED: thread (33, main, main)
15:48:17.965 INFO: JdwpEventCenterDelegate: THREAD_RESUMED: thread (33, main, main)
15:48:17.967 INFO: JdwpEventCenterDelegate: THREAD_RESUMED: thread (33, main, main)
15:48:17.969 INFO: JdwpEventCenterDelegate: THREAD_RESUMED: thread (33, main, main)
15:48:17.974 INFO: JdwpEventCenterDelegate: THREAD_RESUMED: thread (33, main, main)
15:48:17.989 INFO: JdwpEventCenterDelegate: THREAD_RESUMED: thread (33, main, main)
15:48:17.991 INFO: JdwpEventCenterDelegate: THREAD_RESUMED: thread (33, main, main)
15:48:17.994 INFO: JdwpEventCenterDelegate: THREAD_RESUMED: thread (33, main, main)
15:48:17.996 INFO: JdwpEventCenterDelegate: THREAD_RESUMED: thread (33, main, main)
15:48:17.998 INFO: JdwpEventCenterDelegate: THREAD_RESUMED: thread (33, main, main)
15:48:18.003 INFO: JdwpEventCenterDelegate: THREAD_RESUMED: thread (33, main, main)
15:48:18.018 INFO: JdwpEventCenterDelegate: THREAD_RESUMED: thread (33, main, main)
15:48:18.020 INFO: JdwpEventCenterDelegate: THREAD_RESUMED: thread (33, main, main)
15:48:18.023 INFO: JdwpEventCenterDelegate: THREAD_RESUMED: thread (33, main, main)
15:48:18.025 INFO: JdwpEventCenterDelegate: THREAD_RESUMED: thread (33, main, main)
15:48:18.027 INFO: JdwpEventCenterDelegate: THREAD_RESUMED: thread (33, main, main)
15:48:18.032 INFO: JdwpEventCenterDelegate: THREAD_RESUMED: thread (33, main, main)
15:48:18.051 INFO: JdwpEventCenterDelegate: THREAD_RESUMED: thread (33, main, main)
15:48:18.054 INFO: JdwpEventCenterDelegate: THREAD_RESUMED: thread (33, main, main)
15:48:18.056 INFO: JdwpEventCenterDelegate: THREAD_RESUMED: thread (33, main, main)
15:48:18.058 INFO: JdwpEventCenterDelegate: THREAD_RESUMED: thread (33, main, main)
15:48:18.060 INFO: JdwpEventCenterDelegate: THREAD_RESUMED: thread (33, main, main)
15:48:18.066 INFO: JdwpEventCenterDelegate: THREAD_RESUMED: thread (33, main, main)
15:48:18.088 INFO: JdwpEventCenterDelegate: THREAD_RESUMED: thread (33, main, main)
15:48:18.090 INFO: JdwpEventCenterDelegate: THREAD_RESUMED: thread (33, main, main)
15:48:18.092 INFO: JdwpEventCenterDelegate: THREAD_RESUMED: thread (33, main, main)
15:48:18.094 INFO: JdwpEventCenterDelegate: THREAD_RESUMED: thread (33, main, main)
15:48:18.096 INFO: JdwpEventCenterDelegate: THREAD_RESUMED: thread (33, main, main)
15:48:18.101 INFO: JdwpEventCenterDelegate: THREAD_RESUMED: thread (33, main, main)
15:48:18.120 INFO: JdwpEventCenterDelegate: THREAD_RESUMED: thread (33, main, main)
15:48:18.123 INFO: JdwpEventCenterDelegate: THREAD_RESUMED: thread (33, main, main)
15:48:18.125 INFO: JdwpEventCenterDelegate: THREAD_RESUMED: thread (33, main, main)
15:48:18.127 INFO: JdwpEventCenterDelegate: THREAD_RESUMED: thread (33, main, main)
15:48:18.129 INFO: JdwpEventCenterDelegate: THREAD_RESUMED: thread (33, main, main)
15:48:18.134 INFO: JdwpEventCenterDelegate: THREAD_RESUMED: thread (33, main, main)
15:48:18.147 INFO: JdwpEventCenterDelegate: THREAD_RESUMED: thread (33, main, main)
15:48:18.150 INFO: JdwpEventCenterDelegate: THREAD_RESUMED: thread (33, main, main)
15:48:18.152 INFO: JdwpEventCenterDelegate: THREAD_RESUMED: thread (33, main, main)
15:48:18.154 INFO: JdwpEventCenterDelegate: THREAD_RESUMED: thread (33, main, main)
15:48:18.156 INFO: JdwpEventCenterDelegate: THREAD_RESUMED: thread (33, main, main)
15:48:18.161 INFO: JdwpEventCenterDelegate: THREAD_RESUMED: thread (33, main, main)
15:48:18.163 INFO: JdwpEventCenterDelegate: THREAD_RESUMED: thread (33, main, main)
15:48:18.166 INFO: JdwpEventCenterDelegate: THREAD_RESUMED: thread (33, main, main)
15:48:18.168 INFO: JdwpEventCenterDelegate: THREAD_RESUMED: thread (33, main, main)
15:48:18.170 INFO: JdwpEventCenterDelegate: THREAD_RESUMED: thread (33, main, main)
15:48:18.172 INFO: JdwpEventCenterDelegate: THREAD_RESUMED: thread (33, main, main)
15:48:18.175 INFO: JdwpEventCenterDelegate: THREAD_RESUMED: thread (33, main, main)
15:48:18.178 INFO: JdwpEventCenterDelegate: THREAD_RESUMED: thread (33, main, main)
15:48:18.181 INFO: JdwpEventCenterDelegate: THREAD_RESUMED: thread (33, main, main)
15:48:18.183 INFO: JdwpEventCenterDelegate: THREAD_RESUMED: thread (33, main, main)
15:48:18.184 INFO: JdwpEventCenterDelegate: THREAD_RESUMED: thread (33, main, main)
15:48:18.196 INFO: JdwpEventCenterDelegate: THREAD_RESUMED: thread (33, main, main)
15:48:18.198 INFO: JdwpEventCenterDelegate: THREAD_RESUMED: thread (33, main, main)
15:48:18.200 INFO: JdwpEventCenterDelegate: THREAD_RESUMED: thread (33, main, main)
15:48:18.201 INFO: JdwpEventCenterDelegate: THREAD_RESUMED: thread (33, main, main)
15:48:18.204 INFO: JdwpEventCenterDelegate: THREAD_RESUMED: thread (33, main, main)
15:48:18.209 INFO: JdwpEventCenterDelegate: THREAD_RESUMED: thread (33, main, main)
15:48:18.225 INFO: JdwpEventCenterDelegate: THREAD_RESUMED: thread (33, main, main)
15:48:18.239 INFO: JdwpEventCenterDelegate: THREAD_RESUMED: thread (33, main, main)
15:48:18.250 INFO: JdwpEventCenterDelegate: THREAD_RESUMED: thread (33, main, main)
15:48:18.263 INFO: JdwpEventCenterDelegate: THREAD_RESUMED: thread (33, main, main)
15:48:18.293 INFO: JdwpEventCenterDelegate: THREAD_RESUMED: thread (33, main, main)
15:48:18.295 INFO: JdwpEventCenterDelegate: THREAD_RESUMED: thread (33, main, main)
15:48:18.297 INFO: JdwpEventCenterDelegate: THREAD_RESUMED: thread (33, main, main)
15:48:18.300 INFO: JdwpEventCenterDelegate: THREAD_RESUMED: thread (33, main, main)
15:48:18.302 INFO: JdwpEventCenterDelegate: THREAD_RESUMED: thread (33, main, main)
15:48:18.307 INFO: JdwpEventCenterDelegate: THREAD_RESUMED: thread (33, main, main)
15:48:18.318 INFO: JdwpEventCenterDelegate: THREAD_RESUMED: thread (33, main, main)
15:48:18.320 INFO: JdwpEventCenterDelegate: THREAD_RESUMED: thread (33, main, main)
15:48:18.323 INFO: JdwpEventCenterDelegate: THREAD_RESUMED: thread (33, main, main)
15:48:18.325 INFO: JdwpEventCenterDelegate: THREAD_RESUMED: thread (33, main, main)
15:48:18.327 INFO: JdwpEventCenterDelegate: THREAD_RESUMED: thread (33, main, main)
15:48:18.332 INFO: JdwpEventCenterDelegate: THREAD_RESUMED: thread (33, main, main)
15:48:18.346 INFO: JdwpEventCenterDelegate: THREAD_RESUMED: thread (33, main, main)
15:48:18.348 INFO: JdwpEventCenterDelegate: THREAD_RESUMED: thread (33, main, main)
15:48:18.350 INFO: JdwpEventCenterDelegate: THREAD_RESUMED: thread (33, main, main)
15:48:18.352 INFO: JdwpEventCenterDelegate: THREAD_RESUMED: thread (33, main, main)
15:48:18.355 INFO: JdwpEventCenterDelegate: THREAD_RESUMED: thread (33, main, main)
15:48:18.359 INFO: JdwpEventCenterDelegate: THREAD_RESUMED: thread (33, main, main)
15:48:18.376 INFO: JdwpEventCenterDelegate: THREAD_RESUMED: thread (33, main, main)
15:48:18.379 INFO: JdwpEventCenterDelegate: THREAD_RESUMED: thread (33, main, main)
15:48:18.381 INFO: JdwpEventCenterDelegate: THREAD_RESUMED: thread (33, main, main)
15:48:18.383 INFO: JdwpEventCenterDelegate: THREAD_RESUMED: thread (33, main, main)
15:48:18.385 INFO: JdwpEventCenterDelegate: THREAD_RESUMED: thread (33, main, main)
15:48:18.389 INFO: JdwpEventCenterDelegate: THREAD_RESUMED: thread (33, main, main)
15:48:18.404 INFO: JdwpEventCenterDelegate: THREAD_RESUMED: thread (33, main, main)
15:48:18.406 INFO: JdwpEventCenterDelegate: THREAD_RESUMED: thread (33, main, main)
15:48:18.408 INFO: JdwpEventCenterDelegate: THREAD_RESUMED: thread (33, main, main)
15:48:18.410 INFO: JdwpEventCenterDelegate: THREAD_RESUMED: thread (33, main, main)
15:48:18.412 INFO: JdwpEventCenterDelegate: THREAD_RESUMED: thread (33, main, main)
15:48:18.416 INFO: JdwpEventCenterDelegate: THREAD_RESUMED: thread (33, main, main)
15:48:18.431 INFO: JdwpEventCenterDelegate: THREAD_RESUMED: thread (33, main, main)
15:48:18.433 INFO: JdwpEventCenterDelegate: THREAD_RESUMED: thread (33, main, main)
15:48:18.435 INFO: JdwpEventCenterDelegate: THREAD_RESUMED: thread (33, main, main)
15:48:18.437 INFO: JdwpEventCenterDelegate: THREAD_RESUMED: thread (33, main, main)
15:48:18.440 INFO: JdwpEventCenterDelegate: THREAD_RESUMED: thread (33, main, main)
15:48:18.444 INFO: JdwpEventCenterDelegate: THREAD_RESUMED: thread (33, main, main)
15:48:18.466 INFO: JdwpEventCenterDelegate: THREAD_RESUMED: thread (33, main, main)
15:48:18.468 INFO: JdwpEventCenterDelegate: THREAD_RESUMED: thread (33, main, main)
15:48:18.470 INFO: JdwpEventCenterDelegate: THREAD_RESUMED: thread (33, main, main)
15:48:18.472 INFO: JdwpEventCenterDelegate: THREAD_RESUMED: thread (33, main, main)
15:48:18.475 INFO: JdwpEventCenterDelegate: THREAD_RESUMED: thread (33, main, main)
15:48:18.479 INFO: JdwpEventCenterDelegate: THREAD_RESUMED: thread (33, main, main)
15:48:18.497 INFO: JdwpEventCenterDelegate: THREAD_RESUMED: thread (33, main, main)
15:48:18.499 INFO: JdwpEventCenterDelegate: THREAD_RESUMED: thread (33, main, main)
15:48:18.502 INFO: JdwpEventCenterDelegate: THREAD_RESUMED: thread (33, main, main)
15:48:18.504 INFO: JdwpEventCenterDelegate: THREAD_RESUMED: thread (33, main, main)
15:48:18.506 INFO: JdwpEventCenterDelegate: THREAD_RESUMED: thread (33, main, main)
15:48:18.511 INFO: JdwpEventCenterDelegate: THREAD_RESUMED: thread (33, main, main)
15:48:18.528 INFO: JdwpEventCenterDelegate: THREAD_RESUMED: thread (33, main, main)
15:48:18.530 INFO: JdwpEventCenterDelegate: THREAD_RESUMED: thread (33, main, main)
15:48:18.532 INFO: JdwpEventCenterDelegate: THREAD_RESUMED: thread (33, main, main)
15:48:18.534 INFO: JdwpEventCenterDelegate: THREAD_RESUMED: thread (33, main, main)
15:48:18.536 INFO: JdwpEventCenterDelegate: THREAD_RESUMED: thread (33, main, main)
15:48:18.540 INFO: JdwpEventCenterDelegate: THREAD_RESUMED: thread (33, main, main)
15:48:18.554 INFO: JdwpEventCenterDelegate: THREAD_RESUMED: thread (33, main, main)
15:48:18.556 INFO: JdwpEventCenterDelegate: THREAD_RESUMED: thread (33, main, main)
15:48:18.558 INFO: JdwpEventCenterDelegate: THREAD_RESUMED: thread (33, main, main)
15:48:18.560 INFO: JdwpEventCenterDelegate: THREAD_RESUMED: thread (33, main, main)
15:48:18.562 INFO: JdwpEventCenterDelegate: THREAD_RESUMED: thread (33, main, main)
15:48:18.567 INFO: JdwpEventCenterDelegate: THREAD_RESUMED: thread (33, main, main)
15:48:18.581 INFO: JdwpEventCenterDelegate: THREAD_RESUMED: thread (33, main, main)
15:48:18.583 INFO: JdwpEventCenterDelegate: THREAD_RESUMED: thread (33, main, main)
15:48:18.585 INFO: JdwpEventCenterDelegate: THREAD_RESUMED: thread (33, main, main)
15:48:18.587 INFO: JdwpEventCenterDelegate: THREAD_RESUMED: thread (33, main, main)
15:48:18.589 INFO: JdwpEventCenterDelegate: THREAD_RESUMED: thread (33, main, main)
15:48:18.594 INFO: JdwpEventCenterDelegate: THREAD_RESUMED: thread (33, main, main)
15:48:18.613 INFO: JdwpEventCenterDelegate: THREAD_RESUMED: thread (33, main, main)
15:48:18.615 INFO: JdwpEventCenterDelegate: THREAD_RESUMED: thread (33, main, main)
15:48:18.617 INFO: JdwpEventCenterDelegate: THREAD_RESUMED: thread (33, main, main)
15:48:18.619 INFO: JdwpEventCenterDelegate: THREAD_RESUMED: thread (33, main, main)
15:48:18.621 INFO: JdwpEventCenterDelegate: THREAD_RESUMED: thread (33, main, main)
15:48:18.626 INFO: JdwpEventCenterDelegate: THREAD_RESUMED: thread (33, main, main)
15:48:18.650 INFO: JdwpEventCenterDelegate: THREAD_RESUMED: thread (33, main, main)
15:48:18.652 INFO: JdwpEventCenterDelegate: THREAD_RESUMED: thread (33, main, main)
15:48:18.654 INFO: JdwpEventCenterDelegate: THREAD_RESUMED: thread (33, main, main)
15:48:18.656 INFO: JdwpEventCenterDelegate: THREAD_RESUMED: thread (33, main, main)
15:48:18.658 INFO: JdwpEventCenterDelegate: THREAD_RESUMED: thread (33, main, main)
15:48:18.663 INFO: JdwpEventCenterDelegate: THREAD_RESUMED: thread (33, main, main)
15:48:18.681 INFO: JdwpEventCenterDelegate: THREAD_RESUMED: thread (33, main, main)
15:48:18.683 INFO: JdwpEventCenterDelegate: THREAD_RESUMED: thread (33, main, main)
15:48:18.685 INFO: JdwpEventCenterDelegate: THREAD_RESUMED: thread (33, main, main)
15:48:18.687 INFO: JdwpEventCenterDelegate: THREAD_RESUMED: thread (33, main, main)
15:48:18.689 INFO: JdwpEventCenterDelegate: THREAD_RESUMED: thread (33, main, main)
15:48:18.694 INFO: JdwpEventCenterDelegate: THREAD_RESUMED: thread (33, main, main)
15:48:18.706 INFO: JdwpEventCenterDelegate: THREAD_RESUMED: thread (33, main, main)
15:48:18.709 INFO: JdwpEventCenterDelegate: THREAD_RESUMED: thread (33, main, main)
15:48:18.711 INFO: JdwpEventCenterDelegate: THREAD_RESUMED: thread (33, main, main)
15:48:18.713 INFO: JdwpEventCenterDelegate: THREAD_RESUMED: thread (33, main, main)
15:48:18.715 INFO: JdwpEventCenterDelegate: THREAD_RESUMED: thread (33, main, main)
15:48:20.297 INFO: JdwpEventCenterDelegate: THREAD_STARTED: thread (108, Timer, main)
15:48:21.204 INFO: JdwpEventCenterDelegate: THREAD_RESUMED: thread (33, main, main)
15:48:21.238 INFO: JdwpEventCenterDelegate: THREAD_RESUMED: thread (33, main, main)
15:48:21.263 INFO: JdwpEventCenterDelegate: THREAD_RESUMED: thread (33, main, main)
15:48:21.282 INFO: JdwpEventCenterDelegate: THREAD_RESUMED: thread (33, main, main)
15:48:21.321 INFO: JdwpEventCenterDelegate: THREAD_RESUMED: thread (33, main, main)
15:48:21.355 INFO: JdwpEventCenterDelegate: THREAD_RESUMED: thread (33, main, main)
15:48:21.372 INFO: JdwpEventCenterDelegate: THREAD_RESUMED: thread (33, main, main)
15:48:21.387 INFO: JdwpEventCenterDelegate: THREAD_RESUMED: thread (33, main, main)
15:48:21.393 INFO: JdwpEventCenterDelegate: THREAD_RESUMED: thread (33, main, main)
15:48:21.407 INFO: JdwpEventCenterDelegate: THREAD_RESUMED: thread (33, main, main)
15:48:21.438 INFO: JdwpEventCenterDelegate: THREAD_RESUMED: thread (33, main, main)
15:48:21.450 INFO: JdwpEventCenterDelegate: THREAD_RESUMED: thread (33, main, main)
15:48:21.463 INFO: JdwpEventCenterDelegate: THREAD_RESUMED: thread (33, main, main)
15:48:21.475 INFO: JdwpEventCenterDelegate: THREAD_RESUMED: thread (33, main, main)
15:48:21.510 INFO: JdwpEventCenterDelegate: THREAD_RESUMED: thread (33, main, main)
15:48:21.542 INFO: JdwpEventCenterDelegate: THREAD_RESUMED: thread (33, main, main)
15:48:21.559 INFO: JdwpEventCenterDelegate: THREAD_RESUMED: thread (33, main, main)
15:48:21.573 INFO: JdwpEventCenterDelegate: THREAD_RESUMED: thread (33, main, main)
15:48:21.578 INFO: JdwpEventCenterDelegate: THREAD_RESUMED: thread (33, main, main)
15:48:21.591 INFO: JdwpEventCenterDelegate: THREAD_RESUMED: thread (33, main, main)
15:48:22.738 INFO: JdwpDebugServer: handling req: ThreadReference(11).Status(4)
15:48:22.739 INFO: JdwpDebugServer: handling req: ThreadReference(11).FramesCount(7)
15:48:22.739 INFO: JdwpDebugServer: handling req: ThreadReference(11).Frames(6)
15:48:22.742 INFO: JdwpDebugServer: handling req: ThreadReference(11).Name(1)
15:48:22.742 INFO: JdwpDebugServer: handling req: ThreadReference(11).ThreadGroup(5)
15:48:22.742 INFO: JdwpDebugServer: handling req: ThreadGroup(12).Name(1)
15:48:22.756 INFO: JdwpDebugServer: handling req: ObjectReference(9).IsCollected(9)
15:48:22.756 INFO: JdwpDebugServer: handling req: StackFrame(16).ThisObject(3)
15:48:22.759 INFO: JdwpDebugServer: handling req: ObjectReference(9).ReferenceType(1)
15:48:22.759 INFO: JdwpDebugServer: handling req: Method(6).VariableTableWithGenerics(5)
15:48:22.760 INFO: JdwpDebugServer: handling req: ReferenceType(2).Interfaces(10)
15:48:22.760 INFO: JdwpDebugServer: handling req: ReferenceType(2).Interfaces(10)
15:48:22.760 INFO: JdwpDebugServer: handling req: ReferenceType(2).Interfaces(10)
15:48:22.761 INFO: JdwpDebugServer: handling req: ReferenceType(2).Interfaces(10)
15:48:22.761 INFO: JdwpDebugServer: handling req: ClassType(3).Superclass(1)
15:48:22.762 INFO: JdwpDebugServer: handling req: ReferenceType(2).MethodsWithGeneric(15)
15:48:22.762 INFO: JdwpDebugServer: handling req: ClassType(3).Superclass(1)
15:48:22.762 INFO: JdwpDebugServer: handling req: ClassType(3).Superclass(1)
15:48:22.762 INFO: JdwpDebugServer: handling req: Method(6).LineTable(1)
15:48:22.763 INFO: JdwpDebugServer: handling req: ReferenceType(2).SourceFile(7)
15:48:23.085 INFO: JdwpDebugServer: handling req: ReferenceType(2).MethodsWithGeneric(15)
15:48:23.086 INFO: JdwpDebugServer: handling req: ReferenceType(2).MethodsWithGeneric(15)
15:48:23.086 INFO: JdwpDebugServer: handling req: ReferenceType(2).MethodsWithGeneric(15)
15:48:23.086 INFO: JdwpDebugServer: handling req: StackFrame(16).GetValues(1)
15:48:23.089 INFO: JdwpDebugServer: handling req: ObjectReference(9).ReferenceType(1)
15:48:23.089 INFO: JdwpDebugServer: handling req: ObjectReference(9).ReferenceType(1)
15:48:23.089 INFO: JdwpDebugServer: handling req: ReferenceType(2).MethodsWithGeneric(15)
15:48:23.089 INFO: JdwpDebugServer: handling req: ClassType(3).Superclass(1)
15:48:23.089 INFO: JdwpDebugServer: handling req: Method(6).LineTable(1)
15:48:23.090 INFO: JdwpDebugServer: handling req: ReferenceType(2).SourceFile(7)
15:48:23.096 INFO: JdwpDebugServer: handling req: ClassType(3).Superclass(1)
15:48:23.096 INFO: JdwpDebugServer: handling req: ReferenceType(2).Interfaces(10)
15:48:23.096 INFO: JdwpDebugServer: handling req: ClassType(3).Superclass(1)
15:48:23.096 INFO: JdwpDebugServer: handling req: ReferenceType(2).Interfaces(10)
15:48:23.096 INFO: JdwpDebugServer: handling req: ClassType(3).Superclass(1)
15:48:23.096 INFO: JdwpDebugServer: handling req: ReferenceType(2).Interfaces(10)
15:48:23.096 INFO: JdwpDebugServer: handling req: ClassType(3).Superclass(1)
15:48:23.096 INFO: JdwpDebugServer: handling req: ReferenceType(2).Interfaces(10)
15:48:23.096 INFO: JdwpDebugServer: handling req: ClassType(3).Superclass(1)
15:48:23.096 INFO: JdwpDebugServer: handling req: ReferenceType(2).Interfaces(10)
15:48:23.096 INFO: JdwpDebugServer: handling req: ClassType(3).Superclass(1)
15:48:23.096 INFO: JdwpDebugServer: handling req: ReferenceType(2).Interfaces(10)
15:48:23.096 INFO: JdwpDebugServer: handling req: ClassType(3).Superclass(1)
15:48:23.096 INFO: JdwpDebugServer: handling req: ReferenceType(2).Interfaces(10)
15:48:23.096 INFO: JdwpDebugServer: handling req: ClassType(3).Superclass(1)
15:48:23.096 INFO: JdwpDebugServer: handling req: ReferenceType(2).Interfaces(10)
15:48:23.096 INFO: JdwpDebugServer: handling req: ClassType(3).Superclass(1)
15:48:23.096 INFO: JdwpDebugServer: handling req: ClassType(3).Superclass(1)
15:48:23.096 INFO: JdwpDebugServer: handling req: ReferenceType(2).Interfaces(10)
15:48:23.096 INFO: JdwpDebugServer: handling req: ClassType(3).Superclass(1)
15:48:23.096 INFO: JdwpDebugServer: handling req: ReferenceType(2).Interfaces(10)
15:48:23.096 INFO: JdwpDebugServer: handling req: ClassType(3).Superclass(1)
15:48:23.096 INFO: JdwpDebugServer: handling req: ReferenceType(2).Interfaces(10)
15:48:23.096 INFO: JdwpDebugServer: handling req: ClassType(3).Superclass(1)
15:48:23.096 INFO: JdwpDebugServer: handling req: ReferenceType(2).Interfaces(10)
15:48:23.096 INFO: JdwpDebugServer: handling req: ClassType(3).Superclass(1)
15:48:23.096 INFO: JdwpDebugServer: handling req: ReferenceType(2).Interfaces(10)
15:48:23.096 INFO: JdwpDebugServer: handling req: ClassType(3).Superclass(1)
15:48:23.096 INFO: JdwpDebugServer: handling req: ReferenceType(2).Interfaces(10)
15:48:23.096 INFO: JdwpDebugServer: handling req: ClassType(3).Superclass(1)
15:48:23.096 INFO: JdwpDebugServer: handling req: ReferenceType(2).Interfaces(10)
15:48:23.096 INFO: JdwpDebugServer: handling req: ClassType(3).Superclass(1)
15:48:23.096 INFO: JdwpDebugServer: handling req: ReferenceType(2).Interfaces(10)
15:48:23.096 INFO: JdwpDebugServer: handling req: ClassType(3).Superclass(1)
15:48:23.096 INFO: JdwpDebugServer: handling req: ReferenceType(2).Interfaces(10)
15:48:23.096 INFO: JdwpDebugServer: handling req: ClassType(3).Superclass(1)
15:48:23.096 INFO: JdwpDebugServer: handling req: ReferenceType(2).Interfaces(10)
15:48:23.096 INFO: JdwpDebugServer: handling req: ClassType(3).Superclass(1)
15:48:23.096 INFO: JdwpDebugServer: handling req: ReferenceType(2).Interfaces(10)
15:48:23.096 INFO: JdwpDebugServer: handling req: ReferenceType(2).Interfaces(10)
15:48:23.096 INFO: JdwpDebugServer: handling req: ClassType(3).Superclass(1)
15:48:23.096 INFO: JdwpDebugServer: handling req: ReferenceType(2).Interfaces(10)
15:48:23.096 INFO: JdwpDebugServer: handling req: ReferenceType(2).Interfaces(10)
15:48:23.096 INFO: JdwpDebugServer: handling req: ClassType(3).Superclass(1)
15:48:23.096 INFO: JdwpDebugServer: handling req: ReferenceType(2).Interfaces(10)
15:48:23.096 INFO: JdwpDebugServer: handling req: ReferenceType(2).Interfaces(10)
15:48:23.096 INFO: JdwpDebugServer: handling req: ClassType(3).Superclass(1)
15:48:23.096 INFO: JdwpDebugServer: handling req: ReferenceType(2).Interfaces(10)
15:48:23.096 INFO: JdwpDebugServer: handling req: ReferenceType(2).Interfaces(10)
15:48:23.096 INFO: JdwpDebugServer: handling req: ClassType(3).Superclass(1)
15:48:23.096 INFO: JdwpDebugServer: handling req: ReferenceType(2).Interfaces(10)
15:48:23.096 INFO: JdwpDebugServer: handling req: ReferenceType(2).Interfaces(10)
15:48:23.096 INFO: JdwpDebugServer: handling req: ClassType(3).Superclass(1)
15:48:23.096 INFO: JdwpDebugServer: handling req: ReferenceType(2).Interfaces(10)
15:48:23.096 INFO: JdwpDebugServer: handling req: ReferenceType(2).Interfaces(10)
15:48:23.096 INFO: JdwpDebugServer: handling req: ClassType(3).Superclass(1)
15:48:23.096 INFO: JdwpDebugServer: handling req: ReferenceType(2).Interfaces(10)
15:48:23.096 INFO: JdwpDebugServer: handling req: ReferenceType(2).Interfaces(10)
15:48:23.096 INFO: JdwpDebugServer: handling req: ReferenceType(2).MethodsWithGeneric(15)
15:48:23.096 INFO: JdwpDebugServer: handling req: ReferenceType(2).MethodsWithGeneric(15)
15:48:23.096 INFO: JdwpDebugServer: handling req: ReferenceType(2).MethodsWithGeneric(15)
15:48:23.096 INFO: JdwpDebugServer: handling req: ReferenceType(2).MethodsWithGeneric(15)
15:48:23.096 INFO: JdwpDebugServer: handling req: ClassType(3).Superclass(1)
15:48:23.096 INFO: JdwpDebugServer: handling req: ReferenceType(2).Interfaces(10)
15:48:23.096 INFO: JdwpDebugServer: handling req: ClassType(3).Superclass(1)
15:48:23.096 INFO: JdwpDebugServer: handling req: ReferenceType(2).Interfaces(10)
15:48:23.096 INFO: JdwpDebugServer: handling req: ClassType(3).Superclass(1)
15:48:23.096 INFO: JdwpDebugServer: handling req: ReferenceType(2).Interfaces(10)
15:48:23.096 INFO: JdwpDebugServer: handling req: ClassType(3).Superclass(1)
15:48:23.096 INFO: JdwpDebugServer: handling req: ReferenceType(2).Interfaces(10)
15:48:23.096 INFO: JdwpDebugServer: handling req: ClassType(3).Superclass(1)
15:48:23.096 INFO: JdwpDebugServer: handling req: ReferenceType(2).Interfaces(10)
15:48:23.096 INFO: JdwpDebugServer: handling req: ClassType(3).Superclass(1)
15:48:23.096 INFO: JdwpDebugServer: handling req: ReferenceType(2).Interfaces(10)
15:48:23.096 INFO: JdwpDebugServer: handling req: ClassType(3).Superclass(1)
15:48:23.096 INFO: JdwpDebugServer: handling req: ReferenceType(2).Interfaces(10)
15:48:23.096 INFO: JdwpDebugServer: handling req: ClassType(3).Superclass(1)
15:48:23.096 INFO: JdwpDebugServer: handling req: ReferenceType(2).Interfaces(10)
15:48:23.096 INFO: JdwpDebugServer: handling req: ClassType(3).Superclass(1)
15:48:23.097 INFO: JdwpDebugServer: handling req: ClassType(3).Superclass(1)
15:48:23.097 INFO: JdwpDebugServer: handling req: ReferenceType(2).Interfaces(10)
15:48:23.097 INFO: JdwpDebugServer: handling req: ReferenceType(2).Interfaces(10)
15:48:23.097 INFO: JdwpDebugServer: handling req: ReferenceType(2).Interfaces(10)
15:48:23.097 INFO: JdwpDebugServer: handling req: ReferenceType(2).Interfaces(10)
15:48:23.097 INFO: JdwpDebugServer: handling req: ReferenceType(2).Interfaces(10)
15:48:23.097 INFO: JdwpDebugServer: handling req: ReferenceType(2).Interfaces(10)
15:48:23.097 INFO: JdwpDebugServer: handling req: ReferenceType(2).Interfaces(10)
15:48:23.097 INFO: JdwpDebugServer: handling req: ReferenceType(2).Interfaces(10)
15:48:23.097 INFO: JdwpDebugServer: handling req: ReferenceType(2).Interfaces(10)
15:48:23.097 INFO: JdwpDebugServer: handling req: ReferenceType(2).Interfaces(10)
15:48:23.097 INFO: JdwpDebugServer: handling req: ReferenceType(2).Interfaces(10)
15:48:23.097 INFO: JdwpDebugServer: handling req: ClassType(3).Superclass(1)
15:48:23.097 INFO: JdwpDebugServer: handling req: ReferenceType(2).Interfaces(10)
15:48:23.097 INFO: JdwpDebugServer: handling req: ReferenceType(2).Interfaces(10)
15:48:23.097 INFO: JdwpDebugServer: handling req: ReferenceType(2).Interfaces(10)
15:48:23.097 INFO: JdwpDebugServer: handling req: ReferenceType(2).Interfaces(10)
15:48:23.097 INFO: JdwpDebugServer: handling req: ReferenceType(2).Interfaces(10)
15:48:23.097 INFO: JdwpDebugServer: handling req: ReferenceType(2).Interfaces(10)
15:48:23.097 INFO: JdwpDebugServer: handling req: ReferenceType(2).Interfaces(10)
15:48:23.097 INFO: JdwpDebugServer: handling req: ReferenceType(2).Interfaces(10)
15:48:23.097 INFO: JdwpDebugServer: handling req: ReferenceType(2).Interfaces(10)
15:48:23.097 INFO: JdwpDebugServer: handling req: ReferenceType(2).Interfaces(10)
15:48:23.097 INFO: JdwpDebugServer: handling req: ReferenceType(2).Interfaces(10)
15:48:23.097 INFO: JdwpDebugServer: handling req: ClassType(3).Superclass(1)
15:48:23.097 INFO: JdwpDebugServer: handling req: ReferenceType(2).Interfaces(10)
15:48:23.097 INFO: JdwpDebugServer: handling req: ReferenceType(2).Interfaces(10)
15:48:23.097 INFO: JdwpDebugServer: handling req: ReferenceType(2).Interfaces(10)
15:48:23.097 INFO: JdwpDebugServer: handling req: ReferenceType(2).Interfaces(10)
15:48:23.097 INFO: JdwpDebugServer: handling req: ReferenceType(2).Interfaces(10)
15:48:23.097 INFO: JdwpDebugServer: handling req: ReferenceType(2).Interfaces(10)
15:48:23.097 INFO: JdwpDebugServer: handling req: ReferenceType(2).Interfaces(10)
15:48:23.097 INFO: JdwpDebugServer: handling req: ReferenceType(2).Interfaces(10)
15:48:23.097 INFO: JdwpDebugServer: handling req: ReferenceType(2).Interfaces(10)
15:48:23.097 INFO: JdwpDebugServer: handling req: ReferenceType(2).Interfaces(10)
15:48:23.097 INFO: JdwpDebugServer: handling req: ReferenceType(2).Interfaces(10)
15:48:23.097 INFO: JdwpDebugServer: handling req: ClassType(3).Superclass(1)
15:48:23.097 INFO: JdwpDebugServer: handling req: ClassType(3).Superclass(1)
15:48:23.097 INFO: JdwpDebugServer: handling req: ReferenceType(2).Interfaces(10)
15:48:23.097 INFO: JdwpDebugServer: handling req: ReferenceType(2).Interfaces(10)
15:48:23.097 INFO: JdwpDebugServer: handling req: ReferenceType(2).Interfaces(10)
15:48:23.097 INFO: JdwpDebugServer: handling req: ReferenceType(2).Interfaces(10)
15:48:23.097 INFO: JdwpDebugServer: handling req: ReferenceType(2).Interfaces(10)
15:48:23.097 INFO: JdwpDebugServer: handling req: ReferenceType(2).Interfaces(10)
15:48:23.097 INFO: JdwpDebugServer: handling req: ReferenceType(2).Interfaces(10)
15:48:23.097 INFO: JdwpDebugServer: handling req: ReferenceType(2).Interfaces(10)
15:48:23.097 INFO: JdwpDebugServer: handling req: ReferenceType(2).Interfaces(10)
15:48:23.097 INFO: JdwpDebugServer: handling req: ReferenceType(2).Interfaces(10)
15:48:23.097 INFO: JdwpDebugServer: handling req: ReferenceType(2).Interfaces(10)
15:48:23.097 INFO: JdwpDebugServer: handling req: ClassType(3).Superclass(1)
15:48:23.097 INFO: JdwpDebugServer: handling req: ReferenceType(2).Interfaces(10)
15:48:23.097 INFO: JdwpDebugServer: handling req: ReferenceType(2).Interfaces(10)
15:48:23.097 INFO: JdwpDebugServer: handling req: ReferenceType(2).Interfaces(10)
15:48:23.097 INFO: JdwpDebugServer: handling req: ReferenceType(2).Interfaces(10)
15:48:23.097 INFO: JdwpDebugServer: handling req: ReferenceType(2).Interfaces(10)
15:48:23.097 INFO: JdwpDebugServer: handling req: ReferenceType(2).Interfaces(10)
15:48:23.097 INFO: JdwpDebugServer: handling req: ReferenceType(2).Interfaces(10)
15:48:23.097 INFO: JdwpDebugServer: handling req: ReferenceType(2).Interfaces(10)
15:48:23.097 INFO: JdwpDebugServer: handling req: ReferenceType(2).Interfaces(10)
15:48:23.097 INFO: JdwpDebugServer: handling req: ReferenceType(2).Interfaces(10)
15:48:23.097 INFO: JdwpDebugServer: handling req: ReferenceType(2).Interfaces(10)
15:48:23.097 INFO: JdwpDebugServer: handling req: ClassType(3).Superclass(1)
15:48:23.097 INFO: JdwpDebugServer: handling req: ReferenceType(2).Interfaces(10)
15:48:23.097 INFO: JdwpDebugServer: handling req: ReferenceType(2).Interfaces(10)
15:48:23.097 INFO: JdwpDebugServer: handling req: ReferenceType(2).Interfaces(10)
15:48:23.097 INFO: JdwpDebugServer: handling req: ReferenceType(2).Interfaces(10)
15:48:23.097 INFO: JdwpDebugServer: handling req: ReferenceType(2).Interfaces(10)
15:48:23.097 INFO: JdwpDebugServer: handling req: ReferenceType(2).Interfaces(10)
15:48:23.097 INFO: JdwpDebugServer: handling req: ReferenceType(2).Interfaces(10)
15:48:23.097 INFO: JdwpDebugServer: handling req: ReferenceType(2).Interfaces(10)
15:48:23.097 INFO: JdwpDebugServer: handling req: ReferenceType(2).Interfaces(10)
15:48:23.097 INFO: JdwpDebugServer: handling req: ReferenceType(2).Interfaces(10)
15:48:23.097 INFO: JdwpDebugServer: handling req: ReferenceType(2).Interfaces(10)
15:48:23.097 INFO: JdwpDebugServer: handling req: ClassType(3).Superclass(1)
15:48:23.097 INFO: JdwpDebugServer: handling req: ReferenceType(2).Interfaces(10)
15:48:23.097 INFO: JdwpDebugServer: handling req: ReferenceType(2).Interfaces(10)
15:48:23.097 INFO: JdwpDebugServer: handling req: ReferenceType(2).Interfaces(10)
15:48:23.097 INFO: JdwpDebugServer: handling req: ReferenceType(2).Interfaces(10)
15:48:23.097 INFO: JdwpDebugServer: handling req: ReferenceType(2).Interfaces(10)
15:48:23.097 INFO: JdwpDebugServer: handling req: ReferenceType(2).Interfaces(10)
15:48:23.097 INFO: JdwpDebugServer: handling req: ReferenceType(2).Interfaces(10)
15:48:23.097 INFO: JdwpDebugServer: handling req: ReferenceType(2).Interfaces(10)
15:48:23.097 INFO: JdwpDebugServer: handling req: ReferenceType(2).Interfaces(10)
15:48:23.097 INFO: JdwpDebugServer: handling req: ClassType(3).Superclass(1)
15:48:23.097 INFO: JdwpDebugServer: handling req: ReferenceType(2).Interfaces(10)
15:48:23.097 INFO: JdwpDebugServer: handling req: ReferenceType(2).Interfaces(10)
15:48:23.097 INFO: JdwpDebugServer: handling req: ClassType(3).Superclass(1)
15:48:23.097 INFO: JdwpDebugServer: handling req: ReferenceType(2).Interfaces(10)
15:48:23.098 INFO: JdwpDebugServer: handling req: ReferenceType(2).Interfaces(10)
15:48:23.098 INFO: JdwpDebugServer: handling req: ReferenceType(2).Interfaces(10)
15:48:23.098 INFO: JdwpDebugServer: handling req: ReferenceType(2).Interfaces(10)
15:48:23.098 INFO: JdwpDebugServer: handling req: ReferenceType(2).Interfaces(10)
15:48:23.098 INFO: JdwpDebugServer: handling req: ReferenceType(2).Interfaces(10)
15:48:23.098 INFO: JdwpDebugServer: handling req: ReferenceType(2).Interfaces(10)
15:48:23.098 INFO: JdwpDebugServer: handling req: ReferenceType(2).Interfaces(10)
15:48:23.098 INFO: JdwpDebugServer: handling req: ReferenceType(2).Interfaces(10)
15:48:23.098 INFO: JdwpDebugServer: handling req: ReferenceType(2).Interfaces(10)
15:48:23.098 INFO: JdwpDebugServer: handling req: ReferenceType(2).Interfaces(10)
15:48:23.098 INFO: JdwpDebugServer: handling req: ReferenceType(2).Interfaces(10)
15:48:23.098 INFO: JdwpDebugServer: handling req: ClassType(3).Superclass(1)
15:48:23.098 INFO: JdwpDebugServer: handling req: ReferenceType(2).Interfaces(10)
15:48:23.098 INFO: JdwpDebugServer: handling req: ReferenceType(2).Interfaces(10)
15:48:23.098 INFO: JdwpDebugServer: handling req: ReferenceType(2).Interfaces(10)
15:48:23.098 INFO: JdwpDebugServer: handling req: ReferenceType(2).Interfaces(10)
15:48:23.098 INFO: JdwpDebugServer: handling req: ReferenceType(2).Interfaces(10)
15:48:23.098 INFO: JdwpDebugServer: handling req: ReferenceType(2).Interfaces(10)
15:48:23.098 INFO: JdwpDebugServer: handling req: ReferenceType(2).Interfaces(10)
15:48:23.098 INFO: JdwpDebugServer: handling req: ReferenceType(2).Interfaces(10)
15:48:23.098 INFO: JdwpDebugServer: handling req: ReferenceType(2).Interfaces(10)
15:48:23.098 INFO: JdwpDebugServer: handling req: ReferenceType(2).Interfaces(10)
15:48:23.098 INFO: JdwpDebugServer: handling req: ReferenceType(2).Interfaces(10)
15:48:23.098 INFO: JdwpDebugServer: handling req: ReferenceType(2).Interfaces(10)
15:48:23.098 INFO: JdwpDebugServer: handling req: ClassType(3).Superclass(1)
15:48:23.098 INFO: JdwpDebugServer: handling req: ReferenceType(2).Interfaces(10)
15:48:23.098 INFO: JdwpDebugServer: handling req: ReferenceType(2).Interfaces(10)
15:48:23.098 INFO: JdwpDebugServer: handling req: ReferenceType(2).Interfaces(10)
15:48:23.098 INFO: JdwpDebugServer: handling req: ReferenceType(2).Interfaces(10)
15:48:23.098 INFO: JdwpDebugServer: handling req: ReferenceType(2).Interfaces(10)
15:48:23.098 INFO: JdwpDebugServer: handling req: ReferenceType(2).Interfaces(10)
15:48:23.098 INFO: JdwpDebugServer: handling req: ReferenceType(2).Interfaces(10)
15:48:23.098 INFO: JdwpDebugServer: handling req: ReferenceType(2).Interfaces(10)
15:48:23.098 INFO: JdwpDebugServer: handling req: ReferenceType(2).Interfaces(10)
15:48:23.098 INFO: JdwpDebugServer: handling req: ReferenceType(2).Interfaces(10)
15:48:23.098 INFO: JdwpDebugServer: handling req: ReferenceType(2).Interfaces(10)
15:48:23.098 INFO: JdwpDebugServer: handling req: ReferenceType(2).Interfaces(10)
15:48:23.098 INFO: JdwpDebugServer: handling req: ClassType(3).Superclass(1)
15:48:23.098 INFO: JdwpDebugServer: handling req: ReferenceType(2).Interfaces(10)
15:48:23.098 INFO: JdwpDebugServer: handling req: ReferenceType(2).Interfaces(10)
15:48:23.098 INFO: JdwpDebugServer: handling req: ReferenceType(2).Interfaces(10)
15:48:23.098 INFO: JdwpDebugServer: handling req: ReferenceType(2).Interfaces(10)
15:48:23.098 INFO: JdwpDebugServer: handling req: ReferenceType(2).Interfaces(10)
15:48:23.098 INFO: JdwpDebugServer: handling req: ReferenceType(2).Interfaces(10)
15:48:23.098 INFO: JdwpDebugServer: handling req: ReferenceType(2).Interfaces(10)
15:48:23.098 INFO: JdwpDebugServer: handling req: ReferenceType(2).Interfaces(10)
15:48:23.098 INFO: JdwpDebugServer: handling req: ReferenceType(2).Interfaces(10)
15:48:23.098 INFO: JdwpDebugServer: handling req: ReferenceType(2).Interfaces(10)
15:48:23.098 INFO: JdwpDebugServer: handling req: ReferenceType(2).Interfaces(10)
15:48:23.098 INFO: JdwpDebugServer: handling req: ReferenceType(2).Interfaces(10)
15:48:23.098 INFO: JdwpDebugServer: handling req: ClassType(3).Superclass(1)
15:48:23.098 INFO: JdwpDebugServer: handling req: ReferenceType(2).Interfaces(10)
15:48:23.098 INFO: JdwpDebugServer: handling req: ReferenceType(2).Interfaces(10)
15:48:23.098 INFO: JdwpDebugServer: handling req: ReferenceType(2).Interfaces(10)
15:48:23.098 INFO: JdwpDebugServer: handling req: ReferenceType(2).Interfaces(10)
15:48:23.098 INFO: JdwpDebugServer: handling req: ReferenceType(2).Interfaces(10)
15:48:23.098 INFO: JdwpDebugServer: handling req: ReferenceType(2).Interfaces(10)
15:48:23.098 INFO: JdwpDebugServer: handling req: ReferenceType(2).Interfaces(10)
15:48:23.098 INFO: JdwpDebugServer: handling req: ReferenceType(2).Interfaces(10)
15:48:23.098 INFO: JdwpDebugServer: handling req: ReferenceType(2).Interfaces(10)
15:48:23.098 INFO: JdwpDebugServer: handling req: ReferenceType(2).Interfaces(10)
15:48:23.098 INFO: JdwpDebugServer: handling req: ReferenceType(2).Interfaces(10)
15:48:23.098 INFO: JdwpDebugServer: handling req: ReferenceType(2).Interfaces(10)
15:48:23.098 INFO: JdwpDebugServer: handling req: ClassType(3).Superclass(1)
15:48:23.098 INFO: JdwpDebugServer: handling req: ReferenceType(2).Interfaces(10)
15:48:23.098 INFO: JdwpDebugServer: handling req: ReferenceType(2).Interfaces(10)
15:48:23.098 INFO: JdwpDebugServer: handling req: ReferenceType(2).Interfaces(10)
15:48:23.098 INFO: JdwpDebugServer: handling req: ReferenceType(2).Interfaces(10)
15:48:23.098 INFO: JdwpDebugServer: handling req: ReferenceType(2).Interfaces(10)
15:48:23.098 INFO: JdwpDebugServer: handling req: ReferenceType(2).Interfaces(10)
15:48:23.098 INFO: JdwpDebugServer: handling req: ReferenceType(2).Interfaces(10)
15:48:23.098 INFO: JdwpDebugServer: handling req: ReferenceType(2).Interfaces(10)
15:48:23.098 INFO: JdwpDebugServer: handling req: ReferenceType(2).Interfaces(10)
15:48:23.098 INFO: JdwpDebugServer: handling req: ReferenceType(2).Interfaces(10)
15:48:23.098 INFO: JdwpDebugServer: handling req: ReferenceType(2).Interfaces(10)
15:48:23.098 INFO: JdwpDebugServer: handling req: ReferenceType(2).Interfaces(10)
15:48:23.098 INFO: JdwpDebugServer: handling req: ClassType(3).Superclass(1)
15:48:23.098 INFO: JdwpDebugServer: handling req: ReferenceType(2).Interfaces(10)
15:48:23.098 INFO: JdwpDebugServer: handling req: ReferenceType(2).Interfaces(10)
15:48:23.099 INFO: JdwpDebugServer: handling req: ReferenceType(2).Interfaces(10)
15:48:23.099 INFO: JdwpDebugServer: handling req: ReferenceType(2).Interfaces(10)
15:48:23.099 INFO: JdwpDebugServer: handling req: ReferenceType(2).Interfaces(10)
15:48:23.099 INFO: JdwpDebugServer: handling req: ReferenceType(2).Interfaces(10)
15:48:23.099 INFO: JdwpDebugServer: handling req: ReferenceType(2).Interfaces(10)
15:48:23.099 INFO: JdwpDebugServer: handling req: ReferenceType(2).Interfaces(10)
15:48:23.099 INFO: JdwpDebugServer: handling req: ReferenceType(2).Interfaces(10)
15:48:23.099 INFO: JdwpDebugServer: handling req: ReferenceType(2).Interfaces(10)
15:48:23.099 INFO: JdwpDebugServer: handling req: ClassType(3).Superclass(1)
15:48:23.099 INFO: JdwpDebugServer: handling req: ReferenceType(2).Interfaces(10)
15:48:23.099 INFO: JdwpDebugServer: handling req: ReferenceType(2).Interfaces(10)
15:48:23.099 INFO: JdwpDebugServer: handling req: ClassType(3).Superclass(1)
15:48:23.099 INFO: JdwpDebugServer: handling req: ReferenceType(2).Interfaces(10)
15:48:23.099 INFO: JdwpDebugServer: handling req: ReferenceType(2).Interfaces(10)
15:48:23.099 INFO: JdwpDebugServer: handling req: ReferenceType(2).Interfaces(10)
15:48:23.099 INFO: JdwpDebugServer: handling req: ReferenceType(2).Interfaces(10)
15:48:23.099 INFO: JdwpDebugServer: handling req: ReferenceType(2).Interfaces(10)
15:48:23.099 INFO: JdwpDebugServer: handling req: ReferenceType(2).Interfaces(10)
15:48:23.099 INFO: JdwpDebugServer: handling req: ReferenceType(2).Interfaces(10)
15:48:23.099 INFO: JdwpDebugServer: handling req: ReferenceType(2).Interfaces(10)
15:48:23.099 INFO: JdwpDebugServer: handling req: ReferenceType(2).Interfaces(10)
15:48:23.099 INFO: JdwpDebugServer: handling req: ReferenceType(2).Interfaces(10)
15:48:23.099 INFO: JdwpDebugServer: handling req: ReferenceType(2).Interfaces(10)
15:48:23.099 INFO: JdwpDebugServer: handling req: ReferenceType(2).Interfaces(10)
15:48:23.099 INFO: JdwpDebugServer: handling req: ReferenceType(2).Interfaces(10)
15:48:23.099 INFO: JdwpDebugServer: handling req: ClassType(3).Superclass(1)
15:48:23.099 INFO: JdwpDebugServer: handling req: ReferenceType(2).Interfaces(10)
15:48:23.099 INFO: JdwpDebugServer: handling req: ReferenceType(2).Interfaces(10)
15:48:23.099 INFO: JdwpDebugServer: handling req: ReferenceType(2).Interfaces(10)
15:48:23.099 INFO: JdwpDebugServer: handling req: ReferenceType(2).Interfaces(10)
15:48:23.099 INFO: JdwpDebugServer: handling req: ReferenceType(2).Interfaces(10)
15:48:23.099 INFO: JdwpDebugServer: handling req: ReferenceType(2).Interfaces(10)
15:48:23.099 INFO: JdwpDebugServer: handling req: ReferenceType(2).Interfaces(10)
15:48:23.099 INFO: JdwpDebugServer: handling req: ReferenceType(2).Interfaces(10)
15:48:23.099 INFO: JdwpDebugServer: handling req: ReferenceType(2).Interfaces(10)
15:48:23.099 INFO: JdwpDebugServer: handling req: ReferenceType(2).Interfaces(10)
15:48:23.099 INFO: JdwpDebugServer: handling req: ReferenceType(2).Interfaces(10)
15:48:23.099 INFO: JdwpDebugServer: handling req: ReferenceType(2).Interfaces(10)
15:48:23.099 INFO: JdwpDebugServer: handling req: ReferenceType(2).Interfaces(10)
15:48:23.099 INFO: JdwpDebugServer: handling req: ClassType(3).Superclass(1)
15:48:23.099 INFO: JdwpDebugServer: handling req: ReferenceType(2).Interfaces(10)
15:48:23.099 INFO: JdwpDebugServer: handling req: ReferenceType(2).Interfaces(10)
15:48:23.099 INFO: JdwpDebugServer: handling req: ReferenceType(2).Interfaces(10)
15:48:23.099 INFO: JdwpDebugServer: handling req: ReferenceType(2).Interfaces(10)
15:48:23.099 INFO: JdwpDebugServer: handling req: ReferenceType(2).Interfaces(10)
15:48:23.099 INFO: JdwpDebugServer: handling req: ReferenceType(2).Interfaces(10)
15:48:23.099 INFO: JdwpDebugServer: handling req: ReferenceType(2).Interfaces(10)
15:48:23.099 INFO: JdwpDebugServer: handling req: ReferenceType(2).Interfaces(10)
15:48:23.099 INFO: JdwpDebugServer: handling req: ReferenceType(2).Interfaces(10)
15:48:23.099 INFO: JdwpDebugServer: handling req: ReferenceType(2).Interfaces(10)
15:48:23.099 INFO: JdwpDebugServer: handling req: ReferenceType(2).Interfaces(10)
15:48:23.099 INFO: JdwpDebugServer: handling req: ReferenceType(2).Interfaces(10)
15:48:23.099 INFO: JdwpDebugServer: handling req: ReferenceType(2).Interfaces(10)
15:48:23.099 INFO: JdwpDebugServer: handling req: ClassType(3).Superclass(1)
15:48:23.099 INFO: JdwpDebugServer: handling req: ReferenceType(2).Interfaces(10)
15:48:23.099 INFO: JdwpDebugServer: handling req: ReferenceType(2).Interfaces(10)
15:48:23.099 INFO: JdwpDebugServer: handling req: ReferenceType(2).Interfaces(10)
15:48:23.099 INFO: JdwpDebugServer: handling req: ReferenceType(2).Interfaces(10)
15:48:23.099 INFO: JdwpDebugServer: handling req: ReferenceType(2).Interfaces(10)
15:48:23.099 INFO: JdwpDebugServer: handling req: ReferenceType(2).Interfaces(10)
15:48:23.099 INFO: JdwpDebugServer: handling req: ReferenceType(2).Interfaces(10)
15:48:23.099 INFO: JdwpDebugServer: handling req: ReferenceType(2).Interfaces(10)
15:48:23.099 INFO: JdwpDebugServer: handling req: ReferenceType(2).Interfaces(10)
15:48:23.099 INFO: JdwpDebugServer: handling req: ReferenceType(2).Interfaces(10)
15:48:23.099 INFO: JdwpDebugServer: handling req: ReferenceType(2).Interfaces(10)
15:48:23.099 INFO: JdwpDebugServer: handling req: ReferenceType(2).Interfaces(10)
15:48:23.099 INFO: JdwpDebugServer: handling req: ReferenceType(2).Interfaces(10)
15:48:23.099 INFO: JdwpDebugServer: handling req: ClassType(3).Superclass(1)
15:48:23.099 INFO: JdwpDebugServer: handling req: ReferenceType(2).Interfaces(10)
15:48:23.099 INFO: JdwpDebugServer: handling req: ReferenceType(2).Interfaces(10)
15:48:23.099 INFO: JdwpDebugServer: handling req: ReferenceType(2).Interfaces(10)
15:48:23.099 INFO: JdwpDebugServer: handling req: ReferenceType(2).Interfaces(10)
15:48:23.099 INFO: JdwpDebugServer: handling req: ReferenceType(2).Interfaces(10)
15:48:23.099 INFO: JdwpDebugServer: handling req: ReferenceType(2).Interfaces(10)
15:48:23.099 INFO: JdwpDebugServer: handling req: ReferenceType(2).Interfaces(10)
15:48:23.099 INFO: JdwpDebugServer: handling req: ReferenceType(2).Interfaces(10)
15:48:23.099 INFO: JdwpDebugServer: handling req: ReferenceType(2).Interfaces(10)
15:48:23.099 INFO: JdwpDebugServer: handling req: ReferenceType(2).Interfaces(10)
15:48:23.099 INFO: JdwpDebugServer: handling req: ReferenceType(2).Interfaces(10)
15:48:23.099 INFO: JdwpDebugServer: handling req: ReferenceType(2).Interfaces(10)
15:48:23.099 INFO: JdwpDebugServer: handling req: ReferenceType(2).Interfaces(10)
15:48:23.099 INFO: JdwpDebugServer: handling req: ClassType(3).Superclass(1)
15:48:23.099 INFO: JdwpDebugServer: handling req: ReferenceType(2).Interfaces(10)
15:48:23.099 INFO: JdwpDebugServer: handling req: ReferenceType(2).Interfaces(10)
15:48:23.099 INFO: JdwpDebugServer: handling req: ReferenceType(2).Interfaces(10)
15:48:23.099 INFO: JdwpDebugServer: handling req: ReferenceType(2).Interfaces(10)
15:48:23.099 INFO: JdwpDebugServer: handling req: ReferenceType(2).Interfaces(10)
15:48:23.099 INFO: JdwpDebugServer: handling req: ReferenceType(2).Interfaces(10)
15:48:23.099 INFO: JdwpDebugServer: handling req: ReferenceType(2).Interfaces(10)
15:48:23.099 INFO: JdwpDebugServer: handling req: ReferenceType(2).Interfaces(10)
15:48:23.099 INFO: JdwpDebugServer: handling req: ReferenceType(2).Interfaces(10)
15:48:23.099 INFO: JdwpDebugServer: handling req: ReferenceType(2).Interfaces(10)
15:48:23.099 INFO: JdwpDebugServer: handling req: ReferenceType(2).Interfaces(10)
15:48:23.099 INFO: JdwpDebugServer: handling req: ReferenceType(2).Interfaces(10)
15:48:23.099 INFO: JdwpDebugServer: handling req: ReferenceType(2).Interfaces(10)
15:48:23.099 INFO: JdwpDebugServer: handling req: ClassType(3).Superclass(1)
15:48:23.099 INFO: JdwpDebugServer: handling req: ReferenceType(2).Interfaces(10)
15:48:23.099 INFO: JdwpDebugServer: handling req: ReferenceType(2).Interfaces(10)
15:48:23.099 INFO: JdwpDebugServer: handling req: ReferenceType(2).Interfaces(10)
15:48:23.099 INFO: JdwpDebugServer: handling req: ReferenceType(2).Interfaces(10)
15:48:23.100 INFO: JdwpDebugServer: handling req: ReferenceType(2).Interfaces(10)
15:48:23.100 INFO: JdwpDebugServer: handling req: ReferenceType(2).Interfaces(10)
15:48:23.100 INFO: JdwpDebugServer: handling req: ReferenceType(2).Interfaces(10)
15:48:23.100 INFO: JdwpDebugServer: handling req: ReferenceType(2).Interfaces(10)
15:48:23.100 INFO: JdwpDebugServer: handling req: ReferenceType(2).Interfaces(10)
15:48:23.100 INFO: JdwpDebugServer: handling req: ReferenceType(2).Interfaces(10)
15:48:23.100 INFO: JdwpDebugServer: handling req: ReferenceType(2).Interfaces(10)
15:48:23.100 INFO: JdwpDebugServer: handling req: ReferenceType(2).Interfaces(10)
15:48:23.100 INFO: JdwpDebugServer: handling req: ReferenceType(2).Interfaces(10)
15:48:23.100 INFO: JdwpDebugServer: handling req: ClassType(3).Superclass(1)
15:48:23.100 INFO: JdwpDebugServer: handling req: ReferenceType(2).Interfaces(10)
15:48:23.100 INFO: JdwpDebugServer: handling req: ReferenceType(2).Interfaces(10)
15:48:23.100 INFO: JdwpDebugServer: handling req: ReferenceType(2).Interfaces(10)
15:48:23.100 INFO: JdwpDebugServer: handling req: ReferenceType(2).Interfaces(10)
15:48:23.100 INFO: JdwpDebugServer: handling req: ReferenceType(2).Interfaces(10)
15:48:23.100 INFO: JdwpDebugServer: handling req: ReferenceType(2).Interfaces(10)
15:48:23.100 INFO: JdwpDebugServer: handling req: ReferenceType(2).Interfaces(10)
15:48:23.100 INFO: JdwpDebugServer: handling req: ReferenceType(2).Interfaces(10)
15:48:23.100 INFO: JdwpDebugServer: handling req: ReferenceType(2).Interfaces(10)
15:48:23.100 INFO: JdwpDebugServer: handling req: ReferenceType(2).Interfaces(10)
15:48:23.100 INFO: JdwpDebugServer: handling req: ReferenceType(2).Interfaces(10)
15:48:23.100 INFO: JdwpDebugServer: handling req: ReferenceType(2).Interfaces(10)
15:48:23.100 INFO: JdwpDebugServer: handling req: ReferenceType(2).Interfaces(10)
15:48:23.100 INFO: JdwpDebugServer: handling req: ReferenceType(2).Interfaces(10)
15:48:23.100 INFO: JdwpDebugServer: handling req: ReferenceType(2).Interfaces(10)
15:48:23.100 INFO: JdwpDebugServer: handling req: ReferenceType(2).Interfaces(10)
15:48:23.100 INFO: JdwpDebugServer: handling req: ReferenceType(2).Interfaces(10)
15:48:23.100 INFO: JdwpDebugServer: handling req: ReferenceType(2).Interfaces(10)
15:48:23.100 INFO: JdwpDebugServer: handling req: ReferenceType(2).Interfaces(10)
15:48:23.100 INFO: JdwpDebugServer: handling req: ReferenceType(2).Interfaces(10)
15:48:23.100 INFO: JdwpDebugServer: handling req: ReferenceType(2).Interfaces(10)
15:48:23.100 INFO: JdwpDebugServer: handling req: ReferenceType(2).Interfaces(10)
15:48:23.100 INFO: JdwpDebugServer: handling req: ReferenceType(2).Interfaces(10)
15:48:23.100 INFO: JdwpDebugServer: handling req: ReferenceType(2).Interfaces(10)
15:48:23.100 INFO: JdwpDebugServer: handling req: ReferenceType(2).Interfaces(10)
15:48:23.100 INFO: JdwpDebugServer: handling req: ReferenceType(2).Interfaces(10)
15:48:23.100 INFO: JdwpDebugServer: handling req: ReferenceType(2).Interfaces(10)
15:48:23.100 INFO: JdwpDebugServer: handling req: ReferenceType(2).Interfaces(10)
15:48:23.100 INFO: JdwpDebugServer: handling req: ReferenceType(2).Interfaces(10)
15:48:23.100 INFO: JdwpDebugServer: handling req: ReferenceType(2).Interfaces(10)
15:48:23.100 INFO: JdwpDebugServer: handling req: ReferenceType(2).Interfaces(10)
15:48:23.100 INFO: JdwpDebugServer: handling req: ReferenceType(2).Interfaces(10)
15:48:23.100 INFO: JdwpDebugServer: handling req: ReferenceType(2).Interfaces(10)
15:48:23.100 INFO: JdwpDebugServer: handling req: ReferenceType(2).Interfaces(10)
15:48:23.100 INFO: JdwpDebugServer: handling req: ReferenceType(2).Interfaces(10)
15:48:23.100 INFO: JdwpDebugServer: handling req: ReferenceType(2).Interfaces(10)
15:48:23.100 INFO: JdwpDebugServer: handling req: ReferenceType(2).Interfaces(10)
15:48:23.100 INFO: JdwpDebugServer: handling req: ReferenceType(2).Interfaces(10)
15:48:23.100 INFO: JdwpDebugServer: handling req: ReferenceType(2).Interfaces(10)
15:48:23.100 INFO: JdwpDebugServer: handling req: ReferenceType(2).Interfaces(10)
15:48:23.100 INFO: JdwpDebugServer: handling req: ReferenceType(2).MethodsWithGeneric(15)
15:48:23.100 INFO: JdwpDebugServer: handling req: ReferenceType(2).MethodsWithGeneric(15)
15:48:23.100 INFO: JdwpDebugServer: handling req: ReferenceType(2).MethodsWithGeneric(15)
15:48:23.100 INFO: JdwpDebugServer: handling req: ReferenceType(2).MethodsWithGeneric(15)
15:48:23.100 INFO: JdwpDebugServer: handling req: ReferenceType(2).MethodsWithGeneric(15)
15:48:23.100 INFO: JdwpDebugServer: handling req: ReferenceType(2).MethodsWithGeneric(15)
15:48:23.100 INFO: JdwpDebugServer: handling req: ReferenceType(2).MethodsWithGeneric(15)
15:48:23.100 INFO: JdwpDebugServer: handling req: ReferenceType(2).MethodsWithGeneric(15)
15:48:23.100 INFO: JdwpDebugServer: handling req: ReferenceType(2).MethodsWithGeneric(15)
15:48:23.100 INFO: JdwpDebugServer: handling req: ReferenceType(2).MethodsWithGeneric(15)
15:48:23.100 INFO: JdwpDebugServer: handling req: ReferenceType(2).MethodsWithGeneric(15)
15:48:23.100 INFO: JdwpDebugServer: handling req: ReferenceType(2).MethodsWithGeneric(15)
15:48:23.101 INFO: JdwpDebugServer: handling req: ReferenceType(2).MethodsWithGeneric(15)
15:48:23.101 INFO: JdwpDebugServer: handling req: ReferenceType(2).MethodsWithGeneric(15)
15:48:23.101 INFO: JdwpDebugServer: handling req: ReferenceType(2).MethodsWithGeneric(15)
15:48:23.101 INFO: JdwpDebugServer: handling req: ReferenceType(2).MethodsWithGeneric(15)
15:48:23.101 INFO: JdwpDebugServer: handling req: ReferenceType(2).MethodsWithGeneric(15)
15:48:23.101 INFO: JdwpDebugServer: handling req: ReferenceType(2).MethodsWithGeneric(15)
15:48:23.101 INFO: JdwpDebugServer: handling req: ReferenceType(2).MethodsWithGeneric(15)
15:48:23.101 INFO: JdwpDebugServer: handling req: ReferenceType(2).MethodsWithGeneric(15)
15:48:23.101 INFO: JdwpDebugServer: handling req: ReferenceType(2).MethodsWithGeneric(15)
15:48:23.101 INFO: JdwpDebugServer: handling req: ReferenceType(2).MethodsWithGeneric(15)
15:48:23.101 INFO: JdwpDebugServer: handling req: ReferenceType(2).MethodsWithGeneric(15)
15:48:23.101 INFO: JdwpDebugServer: handling req: ReferenceType(2).MethodsWithGeneric(15)
15:48:23.101 INFO: JdwpDebugServer: handling req: ReferenceType(2).MethodsWithGeneric(15)
15:48:23.101 INFO: JdwpDebugServer: handling req: ReferenceType(2).MethodsWithGeneric(15)
15:48:23.101 INFO: JdwpDebugServer: handling req: ReferenceType(2).MethodsWithGeneric(15)
15:48:23.101 INFO: JdwpDebugServer: handling req: ReferenceType(2).MethodsWithGeneric(15)
15:48:23.101 INFO: JdwpDebugServer: handling req: ReferenceType(2).MethodsWithGeneric(15)
15:48:23.101 INFO: JdwpDebugServer: handling req: ReferenceType(2).MethodsWithGeneric(15)
15:48:23.101 INFO: JdwpDebugServer: handling req: ReferenceType(2).MethodsWithGeneric(15)
15:48:23.101 INFO: JdwpDebugServer: handling req: ReferenceType(2).MethodsWithGeneric(15)
15:48:23.101 INFO: JdwpDebugServer: handling req: ReferenceType(2).MethodsWithGeneric(15)
15:48:23.101 INFO: JdwpDebugServer: handling req: ReferenceType(2).MethodsWithGeneric(15)
15:48:23.101 INFO: JdwpDebugServer: handling req: ReferenceType(2).MethodsWithGeneric(15)
15:48:23.101 INFO: JdwpDebugServer: handling req: ReferenceType(2).MethodsWithGeneric(15)
15:48:23.101 INFO: JdwpDebugServer: handling req: ReferenceType(2).MethodsWithGeneric(15)
15:48:23.101 INFO: JdwpDebugServer: handling req: ReferenceType(2).MethodsWithGeneric(15)
15:48:23.101 INFO: JdwpDebugServer: handling req: ReferenceType(2).MethodsWithGeneric(15)
15:48:23.101 INFO: JdwpDebugServer: handling req: ReferenceType(2).MethodsWithGeneric(15)
15:48:23.101 INFO: JdwpDebugServer: handling req: ReferenceType(2).MethodsWithGeneric(15)
15:48:23.101 INFO: JdwpDebugServer: handling req: ClassType(3).Superclass(1)
15:48:23.101 INFO: JdwpDebugServer: handling req: Method(6).LineTable(1)
15:48:23.102 INFO: JdwpDebugServer: handling req: ReferenceType(2).SourceFile(7)
15:48:23.104 INFO: JdwpDebugServer: handling req: ReferenceType(2).MethodsWithGeneric(15)
15:48:23.104 INFO: JdwpDebugServer: handling req: ClassType(3).Superclass(1)
15:48:23.104 INFO: JdwpDebugServer: handling req: Method(6).LineTable(1)
15:48:23.104 INFO: JdwpDebugServer: handling req: ReferenceType(2).SourceFile(7)
15:48:23.107 INFO: JdwpDebugServer: handling req: Method(6).LineTable(1)
15:48:23.108 INFO: JdwpDebugServer: handling req: ReferenceType(2).MethodsWithGeneric(15)
15:48:23.108 INFO: JdwpDebugServer: handling req: ClassType(3).Superclass(1)
15:48:23.108 INFO: JdwpDebugServer: handling req: Method(6).LineTable(1)
15:48:23.108 INFO: JdwpDebugServer: handling req: ReferenceType(2).SourceFile(7)
15:48:23.112 INFO: JdwpDebugServer: handling req: ReferenceType(2).MethodsWithGeneric(15)
15:48:23.113 INFO: JdwpDebugServer: handling req: ClassType(3).Superclass(1)
15:48:23.113 INFO: JdwpDebugServer: handling req: Method(6).LineTable(1)
15:48:23.113 INFO: JdwpDebugServer: handling req: ReferenceType(2).SourceFile(7)
15:48:23.116 INFO: JdwpDebugServer: handling req: ReferenceType(2).MethodsWithGeneric(15)
15:48:23.116 INFO: JdwpDebugServer: handling req: ClassType(3).Superclass(1)
15:48:23.116 INFO: JdwpDebugServer: handling req: Method(6).LineTable(1)
15:48:23.116 INFO: JdwpDebugServer: handling req: ReferenceType(2).SourceFile(7)
15:48:23.124 INFO: JdwpDebugServer: handling req: ReferenceType(2).MethodsWithGeneric(15)
15:48:23.124 INFO: JdwpDebugServer: handling req: ClassType(3).Superclass(1)
15:48:23.124 INFO: JdwpDebugServer: handling req: Method(6).LineTable(1)
15:48:23.125 INFO: JdwpDebugServer: handling req: ReferenceType(2).SourceFile(7)
15:48:23.130 INFO: JdwpDebugServer: handling req: ReferenceType(2).MethodsWithGeneric(15)
15:48:23.130 INFO: JdwpDebugServer: handling req: ClassType(3).Superclass(1)
15:48:23.130 INFO: JdwpDebugServer: handling req: Method(6).LineTable(1)
15:48:23.131 INFO: JdwpDebugServer: handling req: ReferenceType(2).SourceFile(7)
15:48:23.131 INFO: JdwpDebugServer: handling req: ReferenceType(2).MethodsWithGeneric(15)
15:48:23.131 INFO: JdwpDebugServer: handling req: ClassType(3).Superclass(1)
15:48:23.131 INFO: JdwpDebugServer: handling req: ReferenceType(2).SourceFile(7)
15:48:23.132 INFO: JdwpDebugServer: handling req: ReferenceType(2).FieldsWithGeneric(14)
15:48:23.133 INFO: JdwpDebugServer: handling req: ReferenceType(2).FieldsWithGeneric(14)
15:48:23.133 INFO: JdwpDebugServer: handling req: ReferenceType(2).FieldsWithGeneric(14)
15:48:23.133 INFO: JdwpDebugServer: handling req: ReferenceType(2).FieldsWithGeneric(14)
15:48:23.133 INFO: JdwpDebugServer: handling req: ObjectReference(9).InvokeMethod(6)
15:48:23.142 INFO: JdwpDebugServer: handling req: StringReference(10).Value(1)
15:48:23.148 INFO: JdwpDebugServer: handling req: ObjectReference(9).InvokeMethod(6)
15:48:23.151 INFO: JdwpDebugServer: handling req: StringReference(10).Value(1)
15:48:23.160 INFO: JdwpDebugServer: handling req: ThreadReference(11).FramesCount(7)
15:48:23.161 INFO: JdwpDebugServer: handling req: ThreadReference(11).Frames(6)
15:48:23.161 INFO: JdwpDebugServer: handling req: ObjectReference(9).GetValues(2)
15:48:23.177 INFO: JdwpDebugServer: handling req: ObjectReference(9).ReferenceType(1)
15:48:23.178 INFO: JdwpDebugServer: handling req: ClassType(3).Superclass(1)
15:48:23.178 INFO: JdwpDebugServer: handling req: ReferenceType(2).Interfaces(10)
15:48:23.178 INFO: JdwpDebugServer: handling req: ClassType(3).Superclass(1)
15:48:23.178 INFO: JdwpDebugServer: handling req: ReferenceType(2).Interfaces(10)
15:48:23.178 INFO: JdwpDebugServer: handling req: ClassType(3).Superclass(1)
15:48:23.178 INFO: JdwpDebugServer: handling req: ReferenceType(2).Interfaces(10)
15:48:23.178 INFO: JdwpDebugServer: handling req: ClassType(3).Superclass(1)
15:48:23.178 INFO: JdwpDebugServer: handling req: ReferenceType(2).Interfaces(10)
15:48:23.178 INFO: JdwpDebugServer: handling req: ClassType(3).Superclass(1)
15:48:23.178 INFO: JdwpDebugServer: handling req: ReferenceType(2).Interfaces(10)
15:48:23.178 INFO: JdwpDebugServer: handling req: ClassType(3).Superclass(1)
15:48:23.178 INFO: JdwpDebugServer: handling req: ReferenceType(2).Interfaces(10)
15:48:23.178 INFO: JdwpDebugServer: handling req: ClassType(3).Superclass(1)
15:48:23.178 INFO: JdwpDebugServer: handling req: ReferenceType(2).Interfaces(10)
15:48:23.178 INFO: JdwpDebugServer: handling req: ClassType(3).Superclass(1)
15:48:23.178 INFO: JdwpDebugServer: handling req: ReferenceType(2).Interfaces(10)
15:48:23.178 INFO: JdwpDebugServer: handling req: ClassType(3).Superclass(1)
15:48:23.178 INFO: JdwpDebugServer: handling req: ReferenceType(2).MethodsWithGeneric(15)
15:48:23.179 INFO: JdwpDebugServer: handling req: ObjectReference(9).InvokeMethod(6)
15:48:23.181 INFO: JdwpDebugServer: handling req: StringReference(10).Value(1)
15:48:25.953 INFO: JdwpDebugServer: handling req: ThreadReference(11).Status(4)
15:48:25.954 INFO: JdwpDebugServer: handling req: ThreadReference(11).FramesCount(7)
15:48:25.954 INFO: JdwpDebugServer: handling req: ThreadReference(11).Frames(6)
15:48:25.984 INFO: JdwpDebugServer: handling req: ReferenceType(2).ClassLoader(2)
15:48:25.984 INFO: JdwpDebugServer: handling req: StackFrame(16).GetValues(1)
15:48:25.987 INFO: JdwpDebugServer: handling req: ObjectReference(9).DisableCollection(7)
15:48:25.988 INFO: JdwpDebugServer: handling req: ObjectReference(9).InvokeMethod(6)
15:48:25.991 INFO: JdwpDebugServer: handling req: StringReference(10).Value(1)
15:48:28.817 INFO: JdwpDebugServer: handling req: EventRequest(15).Clear(2)
15:48:28.818 INFO: JdwpDebugServer: handling req: EventRequest(15).Clear(2)
15:48:28.819 INFO: JdwpDebugServer: handling req: EventRequest(15).Clear(2)
15:48:28.823 INFO: JdwpDebugServer: handling req: EventRequest(15).Clear(2)
15:48:30.092 INFO: JdwpDebugServer: handling req: ThreadReference(11).Resume(3)
15:48:30.093 INFO: JdwpEventCenterDelegate: THREAD_RESUMED: thread (33, main, main)
15:48:30.093 INFO: JdwpDebugServer: handling req: ObjectReference(9).EnableCollection(8)
15:48:37.559 INFO: JdwpEventCenterDelegate: THREAD_RESUMED: thread (33, main, main)
15:48:37.562 INFO: JdwpEventCenterDelegate: THREAD_RESUMED: thread (33, main, main)
15:48:37.567 INFO: JdwpEventCenterDelegate: THREAD_RESUMED: thread (33, main, main)
15:48:37.570 INFO: JdwpEventCenterDelegate: THREAD_RESUMED: thread (33, main, main)
15:48:37.573 INFO: JdwpEventCenterDelegate: THREAD_RESUMED: thread (33, main, main)
15:48:37.576 INFO: JdwpEventCenterDelegate: THREAD_RESUMED: thread (33, main, main)
15:48:37.580 INFO: JdwpEventCenterDelegate: THREAD_RESUMED: thread (33, main, main)
15:48:37.603 INFO: JdwpEventCenterDelegate: THREAD_RESUMED: thread (33, main, main)
15:48:37.606 INFO: JdwpEventCenterDelegate: THREAD_RESUMED: thread (33, main, main)
15:48:37.609 INFO: JdwpEventCenterDelegate: THREAD_RESUMED: thread (33, main, main)
15:48:37.613 INFO: JdwpEventCenterDelegate: THREAD_RESUMED: thread (33, main, main)
15:48:37.615 INFO: JdwpEventCenterDelegate: THREAD_RESUMED: thread (33, main, main)
15:48:37.618 INFO: JdwpEventCenterDelegate: THREAD_RESUMED: thread (33, main, main)
15:48:37.621 INFO: JdwpEventCenterDelegate: THREAD_RESUMED: thread (33, main, main)
15:48:37.655 INFO: JdwpEventCenterDelegate: THREAD_STARTED: thread (183, Thread-7, main)
15:48:38.466 INFO: JdwpEventCenterDelegate: THREAD_STARTED: thread (198, Thread-8, main)
15:48:45.182 INFO: JdwpEventCenterDelegate: THREAD_DETTACHED: thread (183, Thread-7, main)
15:48:53.044 INFO: JdwpEventCenterDelegate: THREAD_RESUMED: thread (33, main, main)
15:48:53.046 INFO: JdwpEventCenterDelegate: THREAD_RESUMED: thread (33, main, main)
15:48:53.048 INFO: JdwpEventCenterDelegate: THREAD_RESUMED: thread (33, main, main)
15:48:53.050 INFO: JdwpEventCenterDelegate: THREAD_RESUMED: thread (33, main, main)
15:48:53.061 INFO: JdwpEventCenterDelegate: THREAD_DETTACHED: thread (93, AssetManager, main)
15:48:53.193 SEVERE: Debugger: Thread HooksChannel socket thread crashed
org.robovm.debugger.DebuggerException: java.io.IOException: org.robovm.libimobiledevice.LibIMobileDeviceException: IDEVICE_E_UNKNOWN_ERROR
	at org.robovm.debugger.hooks.HooksChannel.doSocketWork(HooksChannel.java:149)
	at java.base/java.lang.Thread.run(Thread.java:834)
	at org.robovm.debugger.utils.DebuggerThread.run(DebuggerThread.java:42)
Caused by: java.io.IOException: org.robovm.libimobiledevice.LibIMobileDeviceException: IDEVICE_E_UNKNOWN_ERROR
	at org.robovm.libimobiledevice.IDeviceConnection$DeviceInputStream.read(IDeviceConnection.java:203)
	at org.robovm.debugger.utils.bytebuffer.DataBufferWriter.writeFromStream(DataBufferWriter.java:89)
	at org.robovm.debugger.hooks.HooksChannel.doSocketWork(HooksChannel.java:116)
	... 2 more
Caused by: org.robovm.libimobiledevice.LibIMobileDeviceException: IDEVICE_E_UNKNOWN_ERROR
	at org.robovm.libimobiledevice.IDevice.checkResult(IDevice.java:206)
	at org.robovm.libimobiledevice.IDeviceConnection.receive(IDeviceConnection.java:110)
	at org.robovm.libimobiledevice.IDeviceConnection.receive(IDeviceConnection.java:81)
	at org.robovm.libimobiledevice.IDeviceConnection$DeviceInputStream.read(IDeviceConnection.java:201)
	... 4 more
15:48:53.196 INFO: JdwpDebugServer: handling req: VirtualMachine(1).Exit(10)
15:48:53.197 SEVERE: Debugger: Thread JDWP server socket thread crashed
org.robovm.debugger.DebuggerException: Terminating due exit command
	at org.robovm.debugger.jdwp.JdwpDebugServer.doSocketWork(JdwpDebugServer.java:211)
	at java.base/java.lang.Thread.run(Thread.java:834)
	at org.robovm.debugger.utils.DebuggerThread.run(DebuggerThread.java:42)
