21:15:20.035 INFO: JdwpDebugServer: handling req: VirtualMachine(1).IDSizes(7)
21:15:20.036 INFO: JdwpDebugServer: handling req: EventRequest(15).Set(1)
21:15:20.036 INFO: JdwpEventCenterDelegate: jdwpSetEventRequest: JdwpEventRequest{requestId=100, eventKind=CLASS_PREPARE, suspendPolicy=NONE, predicates=[]}
21:15:20.036 INFO: JdwpDebugServer: handling req: EventRequest(15).Set(1)
21:15:20.036 INFO: JdwpEventCenterDelegate: jdwpSetEventRequest: JdwpEventRequest{requestId=101, eventKind=CLASS_UNLOAD, suspendPolicy=NONE, predicates=[]}
21:15:20.060 INFO: JdwpDebugServer: handling req: VirtualMachine(1).Version(1)
21:15:20.060 INFO: JdwpDebugServer: handling req: VirtualMachine(1).capabilitiesNew(17)
21:15:20.061 INFO: JdwpDebugServer: handling req: VirtualMachine(1).capabilities(12)
21:15:20.061 INFO: JdwpDebugServer: handling req: VirtualMachine(1).AllClassesWithGeneric(20)
21:15:20.067 INFO: JdwpDebugServer: handling req: VirtualMachine(1).TopLevelThreadGroups(5)
21:15:20.068 INFO: JdwpDebugServer: handling req: EventRequest(15).Set(1)
21:15:20.068 INFO: JdwpEventCenterDelegate: jdwpSetEventRequest: JdwpEventRequest{requestId=102, eventKind=THREAD_START, suspendPolicy=NONE, predicates=[]}
21:15:20.068 INFO: JdwpDebugServer: handling req: EventRequest(15).Set(1)
21:15:20.068 INFO: JdwpEventCenterDelegate: jdwpSetEventRequest: JdwpEventRequest{requestId=103, eventKind=THREAD_DEATH, suspendPolicy=NONE, predicates=[]}
21:15:20.764 INFO: JdwpDebugServer: handling req: EventRequest(15).Set(1)
21:15:20.764 INFO: JdwpEventCenterDelegate: jdwpSetEventRequest: JdwpEventRequest{requestId=104, eventKind=CLASS_PREPARE, suspendPolicy=EVENT_THREAD, predicates=[className=sun.instrument.InstrumentationImpl]}
21:15:20.764 INFO: JdwpDebugServer: handling req: EventRequest(15).Set(1)
21:15:20.764 INFO: JdwpEventCenterDelegate: jdwpSetEventRequest: JdwpEventRequest{requestId=105, eventKind=CLASS_PREPARE, suspendPolicy=EVENT_THREAD, predicates=[className=sun.instrument.InstrumentationImpl]}
21:15:21.127 INFO: JdwpDebugServer: handling req: VirtualMachine(1).Resume(9)
21:15:21.183 INFO: JdwpEventCenterDelegate: THREAD_STARTED: thread (33, main, main)
21:15:21.191 INFO: JdwpEventCenterDelegate: THREAD_STARTED: thread (48, ReferenceQueueDaemon, main)
21:15:21.196 INFO: JdwpEventCenterDelegate: THREAD_STARTED: thread (63, FinalizerDaemon, main)
21:15:21.202 INFO: JdwpEventCenterDelegate: THREAD_STARTED: thread (78, FinalizerWatchdogDaemon, main)
21:15:21.204 INFO: JdwpEventCenterDelegate: THREAD_RESUMED: thread (33, main, main)
21:15:21.205 INFO: JdwpEventCenterDelegate: THREAD_RESUMED: thread (33, main, main)
21:15:21.206 INFO: JdwpEventCenterDelegate: THREAD_RESUMED: thread (33, main, main)
21:15:21.207 INFO: JdwpEventCenterDelegate: THREAD_RESUMED: thread (33, main, main)
21:15:21.208 INFO: JdwpEventCenterDelegate: THREAD_RESUMED: thread (33, main, main)
21:15:21.209 INFO: JdwpEventCenterDelegate: THREAD_RESUMED: thread (33, main, main)
21:15:21.210 INFO: JdwpEventCenterDelegate: THREAD_RESUMED: thread (33, main, main)
21:15:21.211 INFO: JdwpEventCenterDelegate: THREAD_RESUMED: thread (33, main, main)
21:15:21.212 INFO: JdwpEventCenterDelegate: THREAD_RESUMED: thread (33, main, main)
21:15:21.213 INFO: JdwpEventCenterDelegate: THREAD_RESUMED: thread (33, main, main)
21:15:21.214 INFO: JdwpEventCenterDelegate: THREAD_RESUMED: thread (33, main, main)
21:15:21.215 INFO: JdwpEventCenterDelegate: THREAD_RESUMED: thread (33, main, main)
21:15:21.217 INFO: JdwpEventCenterDelegate: THREAD_RESUMED: thread (33, main, main)
21:15:21.218 INFO: JdwpEventCenterDelegate: THREAD_RESUMED: thread (33, main, main)
21:15:21.219 INFO: JdwpEventCenterDelegate: THREAD_RESUMED: thread (33, main, main)
21:15:21.220 INFO: JdwpEventCenterDelegate: THREAD_RESUMED: thread (33, main, main)
21:15:21.221 INFO: JdwpEventCenterDelegate: THREAD_RESUMED: thread (33, main, main)
21:15:21.222 INFO: JdwpEventCenterDelegate: THREAD_RESUMED: thread (33, main, main)
21:15:21.225 INFO: JdwpEventCenterDelegate: THREAD_RESUMED: thread (33, main, main)
21:15:21.226 INFO: JdwpEventCenterDelegate: THREAD_RESUMED: thread (33, main, main)
21:15:21.227 INFO: JdwpEventCenterDelegate: THREAD_RESUMED: thread (33, main, main)
21:15:21.228 INFO: JdwpEventCenterDelegate: THREAD_RESUMED: thread (33, main, main)
21:15:21.230 INFO: JdwpEventCenterDelegate: THREAD_RESUMED: thread (33, main, main)
21:15:21.231 INFO: JdwpEventCenterDelegate: THREAD_RESUMED: thread (33, main, main)
21:15:21.233 INFO: JdwpEventCenterDelegate: THREAD_RESUMED: thread (33, main, main)
21:15:21.259 INFO: JdwpEventCenterDelegate: THREAD_RESUMED: thread (33, main, main)
21:15:21.260 INFO: JdwpEventCenterDelegate: THREAD_RESUMED: thread (33, main, main)
21:15:21.261 INFO: JdwpEventCenterDelegate: THREAD_RESUMED: thread (33, main, main)
21:15:21.262 INFO: JdwpEventCenterDelegate: THREAD_RESUMED: thread (33, main, main)
21:15:21.264 INFO: JdwpEventCenterDelegate: THREAD_RESUMED: thread (33, main, main)
21:15:21.265 INFO: JdwpEventCenterDelegate: THREAD_RESUMED: thread (33, main, main)
21:15:21.266 INFO: JdwpEventCenterDelegate: THREAD_RESUMED: thread (33, main, main)
21:15:21.268 INFO: JdwpEventCenterDelegate: THREAD_RESUMED: thread (33, main, main)
21:15:21.269 INFO: JdwpEventCenterDelegate: THREAD_RESUMED: thread (33, main, main)
21:15:21.270 INFO: JdwpEventCenterDelegate: THREAD_RESUMED: thread (33, main, main)
21:15:21.271 INFO: JdwpEventCenterDelegate: THREAD_RESUMED: thread (33, main, main)
21:15:21.273 INFO: JdwpEventCenterDelegate: THREAD_RESUMED: thread (33, main, main)
21:15:21.274 INFO: JdwpEventCenterDelegate: THREAD_RESUMED: thread (33, main, main)
21:15:21.274 INFO: JdwpEventCenterDelegate: THREAD_RESUMED: thread (33, main, main)
21:15:21.289 INFO: JdwpEventCenterDelegate: THREAD_RESUMED: thread (33, main, main)
21:15:21.291 INFO: JdwpEventCenterDelegate: THREAD_RESUMED: thread (33, main, main)
21:15:21.292 INFO: JdwpEventCenterDelegate: THREAD_RESUMED: thread (33, main, main)
21:15:21.293 INFO: JdwpEventCenterDelegate: THREAD_RESUMED: thread (33, main, main)
21:15:21.294 INFO: JdwpEventCenterDelegate: THREAD_RESUMED: thread (33, main, main)
21:15:21.295 INFO: JdwpEventCenterDelegate: THREAD_RESUMED: thread (33, main, main)
21:15:21.296 INFO: JdwpEventCenterDelegate: THREAD_RESUMED: thread (33, main, main)
21:15:21.335 INFO: JdwpEventCenterDelegate: THREAD_RESUMED: thread (33, main, main)
21:15:21.336 INFO: JdwpEventCenterDelegate: THREAD_RESUMED: thread (33, main, main)
21:15:21.337 INFO: JdwpEventCenterDelegate: THREAD_RESUMED: thread (33, main, main)
21:15:21.339 INFO: JdwpEventCenterDelegate: THREAD_RESUMED: thread (33, main, main)
21:15:21.340 INFO: JdwpEventCenterDelegate: THREAD_RESUMED: thread (33, main, main)
21:15:21.341 INFO: JdwpEventCenterDelegate: THREAD_RESUMED: thread (33, main, main)
21:15:21.342 INFO: JdwpEventCenterDelegate: THREAD_RESUMED: thread (33, main, main)
21:15:21.356 INFO: JdwpEventCenterDelegate: THREAD_RESUMED: thread (33, main, main)
21:15:21.357 INFO: JdwpEventCenterDelegate: THREAD_RESUMED: thread (33, main, main)
21:15:21.359 INFO: JdwpEventCenterDelegate: THREAD_RESUMED: thread (33, main, main)
21:15:21.360 INFO: JdwpEventCenterDelegate: THREAD_RESUMED: thread (33, main, main)
21:15:21.361 INFO: JdwpEventCenterDelegate: THREAD_RESUMED: thread (33, main, main)
21:15:21.363 INFO: JdwpEventCenterDelegate: THREAD_RESUMED: thread (33, main, main)
21:15:21.364 INFO: JdwpEventCenterDelegate: THREAD_RESUMED: thread (33, main, main)
21:15:21.374 INFO: JdwpEventCenterDelegate: THREAD_RESUMED: thread (33, main, main)
21:15:21.375 INFO: JdwpEventCenterDelegate: THREAD_RESUMED: thread (33, main, main)
21:15:21.376 INFO: JdwpEventCenterDelegate: THREAD_RESUMED: thread (33, main, main)
21:15:21.377 INFO: JdwpEventCenterDelegate: THREAD_RESUMED: thread (33, main, main)
21:15:21.379 INFO: JdwpEventCenterDelegate: THREAD_RESUMED: thread (33, main, main)
21:15:21.380 INFO: JdwpEventCenterDelegate: THREAD_RESUMED: thread (33, main, main)
21:15:21.381 INFO: JdwpEventCenterDelegate: THREAD_RESUMED: thread (33, main, main)
21:15:21.382 INFO: JdwpEventCenterDelegate: THREAD_RESUMED: thread (33, main, main)
21:15:21.383 INFO: JdwpEventCenterDelegate: THREAD_RESUMED: thread (33, main, main)
21:15:21.385 INFO: JdwpEventCenterDelegate: THREAD_RESUMED: thread (33, main, main)
21:15:21.386 INFO: JdwpEventCenterDelegate: THREAD_RESUMED: thread (33, main, main)
21:15:21.387 INFO: JdwpEventCenterDelegate: THREAD_RESUMED: thread (33, main, main)
21:15:21.388 INFO: JdwpEventCenterDelegate: THREAD_RESUMED: thread (33, main, main)
21:15:21.389 INFO: JdwpEventCenterDelegate: THREAD_RESUMED: thread (33, main, main)
21:15:21.390 INFO: JdwpEventCenterDelegate: THREAD_RESUMED: thread (33, main, main)
21:15:21.391 INFO: JdwpEventCenterDelegate: THREAD_RESUMED: thread (33, main, main)
21:15:21.393 INFO: JdwpEventCenterDelegate: THREAD_RESUMED: thread (33, main, main)
21:15:21.394 INFO: JdwpEventCenterDelegate: THREAD_RESUMED: thread (33, main, main)
21:15:21.398 INFO: JdwpEventCenterDelegate: THREAD_RESUMED: thread (33, main, main)
21:15:21.400 INFO: JdwpEventCenterDelegate: THREAD_RESUMED: thread (33, main, main)
21:15:21.547 INFO: JdwpEventCenterDelegate: THREAD_STARTED: thread (93, AssetManager, main)
21:15:21.653 INFO: JdwpEventCenterDelegate: THREAD_RESUMED: thread (33, main, main)
21:15:21.655 INFO: JdwpEventCenterDelegate: THREAD_RESUMED: thread (33, main, main)
21:15:24.440 INFO: JdwpEventCenterDelegate: THREAD_RESUMED: thread (33, main, main)
21:15:24.535 INFO: JdwpEventCenterDelegate: THREAD_RESUMED: thread (33, main, main)
21:15:24.537 INFO: JdwpEventCenterDelegate: THREAD_RESUMED: thread (33, main, main)
21:15:24.539 INFO: JdwpEventCenterDelegate: THREAD_RESUMED: thread (33, main, main)
21:15:24.541 INFO: JdwpEventCenterDelegate: THREAD_RESUMED: thread (33, main, main)
21:15:24.543 INFO: JdwpEventCenterDelegate: THREAD_RESUMED: thread (33, main, main)
21:15:24.550 INFO: JdwpEventCenterDelegate: THREAD_RESUMED: thread (33, main, main)
21:15:24.562 INFO: JdwpEventCenterDelegate: THREAD_RESUMED: thread (33, main, main)
21:15:24.564 INFO: JdwpEventCenterDelegate: THREAD_RESUMED: thread (33, main, main)
21:15:24.566 INFO: JdwpEventCenterDelegate: THREAD_RESUMED: thread (33, main, main)
21:15:24.568 INFO: JdwpEventCenterDelegate: THREAD_RESUMED: thread (33, main, main)
21:15:24.570 INFO: JdwpEventCenterDelegate: THREAD_RESUMED: thread (33, main, main)
21:15:24.575 INFO: JdwpEventCenterDelegate: THREAD_RESUMED: thread (33, main, main)
21:15:24.590 INFO: JdwpEventCenterDelegate: THREAD_RESUMED: thread (33, main, main)
21:15:24.592 INFO: JdwpEventCenterDelegate: THREAD_RESUMED: thread (33, main, main)
21:15:24.594 INFO: JdwpEventCenterDelegate: THREAD_RESUMED: thread (33, main, main)
21:15:24.597 INFO: JdwpEventCenterDelegate: THREAD_RESUMED: thread (33, main, main)
21:15:24.599 INFO: JdwpEventCenterDelegate: THREAD_RESUMED: thread (33, main, main)
21:15:24.604 INFO: JdwpEventCenterDelegate: THREAD_RESUMED: thread (33, main, main)
21:15:24.622 INFO: JdwpEventCenterDelegate: THREAD_RESUMED: thread (33, main, main)
21:15:24.624 INFO: JdwpEventCenterDelegate: THREAD_RESUMED: thread (33, main, main)
21:15:24.627 INFO: JdwpEventCenterDelegate: THREAD_RESUMED: thread (33, main, main)
21:15:24.629 INFO: JdwpEventCenterDelegate: THREAD_RESUMED: thread (33, main, main)
21:15:24.631 INFO: JdwpEventCenterDelegate: THREAD_RESUMED: thread (33, main, main)
21:15:24.636 INFO: JdwpEventCenterDelegate: THREAD_RESUMED: thread (33, main, main)
21:15:24.652 INFO: JdwpEventCenterDelegate: THREAD_RESUMED: thread (33, main, main)
21:15:24.654 INFO: JdwpEventCenterDelegate: THREAD_RESUMED: thread (33, main, main)
21:15:24.656 INFO: JdwpEventCenterDelegate: THREAD_RESUMED: thread (33, main, main)
21:15:24.658 INFO: JdwpEventCenterDelegate: THREAD_RESUMED: thread (33, main, main)
21:15:24.660 INFO: JdwpEventCenterDelegate: THREAD_RESUMED: thread (33, main, main)
21:15:24.665 INFO: JdwpEventCenterDelegate: THREAD_RESUMED: thread (33, main, main)
21:15:24.684 INFO: JdwpEventCenterDelegate: THREAD_RESUMED: thread (33, main, main)
21:15:24.686 INFO: JdwpEventCenterDelegate: THREAD_RESUMED: thread (33, main, main)
21:15:24.688 INFO: JdwpEventCenterDelegate: THREAD_RESUMED: thread (33, main, main)
21:15:24.690 INFO: JdwpEventCenterDelegate: THREAD_RESUMED: thread (33, main, main)
21:15:24.692 INFO: JdwpEventCenterDelegate: THREAD_RESUMED: thread (33, main, main)
21:15:24.698 INFO: JdwpEventCenterDelegate: THREAD_RESUMED: thread (33, main, main)
21:15:24.717 INFO: JdwpEventCenterDelegate: THREAD_RESUMED: thread (33, main, main)
21:15:24.719 INFO: JdwpEventCenterDelegate: THREAD_RESUMED: thread (33, main, main)
21:15:24.722 INFO: JdwpEventCenterDelegate: THREAD_RESUMED: thread (33, main, main)
21:15:24.724 INFO: JdwpEventCenterDelegate: THREAD_RESUMED: thread (33, main, main)
21:15:24.726 INFO: JdwpEventCenterDelegate: THREAD_RESUMED: thread (33, main, main)
21:15:24.731 INFO: JdwpEventCenterDelegate: THREAD_RESUMED: thread (33, main, main)
21:15:24.750 INFO: JdwpEventCenterDelegate: THREAD_RESUMED: thread (33, main, main)
21:15:24.752 INFO: JdwpEventCenterDelegate: THREAD_RESUMED: thread (33, main, main)
21:15:24.754 INFO: JdwpEventCenterDelegate: THREAD_RESUMED: thread (33, main, main)
21:15:24.756 INFO: JdwpEventCenterDelegate: THREAD_RESUMED: thread (33, main, main)
21:15:24.758 INFO: JdwpEventCenterDelegate: THREAD_RESUMED: thread (33, main, main)
21:15:24.763 INFO: JdwpEventCenterDelegate: THREAD_RESUMED: thread (33, main, main)
21:15:24.782 INFO: JdwpEventCenterDelegate: THREAD_RESUMED: thread (33, main, main)
21:15:24.784 INFO: JdwpEventCenterDelegate: THREAD_RESUMED: thread (33, main, main)
21:15:24.787 INFO: JdwpEventCenterDelegate: THREAD_RESUMED: thread (33, main, main)
21:15:24.789 INFO: JdwpEventCenterDelegate: THREAD_RESUMED: thread (33, main, main)
21:15:24.791 INFO: JdwpEventCenterDelegate: THREAD_RESUMED: thread (33, main, main)
21:15:24.796 INFO: JdwpEventCenterDelegate: THREAD_RESUMED: thread (33, main, main)
21:15:24.811 INFO: JdwpEventCenterDelegate: THREAD_RESUMED: thread (33, main, main)
21:15:24.813 INFO: JdwpEventCenterDelegate: THREAD_RESUMED: thread (33, main, main)
21:15:24.815 INFO: JdwpEventCenterDelegate: THREAD_RESUMED: thread (33, main, main)
21:15:24.817 INFO: JdwpEventCenterDelegate: THREAD_RESUMED: thread (33, main, main)
21:15:24.819 INFO: JdwpEventCenterDelegate: THREAD_RESUMED: thread (33, main, main)
21:15:24.824 INFO: JdwpEventCenterDelegate: THREAD_RESUMED: thread (33, main, main)
21:15:24.839 INFO: JdwpEventCenterDelegate: THREAD_RESUMED: thread (33, main, main)
21:15:24.841 INFO: JdwpEventCenterDelegate: THREAD_RESUMED: thread (33, main, main)
21:15:24.843 INFO: JdwpEventCenterDelegate: THREAD_RESUMED: thread (33, main, main)
21:15:24.845 INFO: JdwpEventCenterDelegate: THREAD_RESUMED: thread (33, main, main)
21:15:24.847 INFO: JdwpEventCenterDelegate: THREAD_RESUMED: thread (33, main, main)
21:15:24.852 INFO: JdwpEventCenterDelegate: THREAD_RESUMED: thread (33, main, main)
21:15:24.875 INFO: JdwpEventCenterDelegate: THREAD_RESUMED: thread (33, main, main)
21:15:24.877 INFO: JdwpEventCenterDelegate: THREAD_RESUMED: thread (33, main, main)
21:15:24.879 INFO: JdwpEventCenterDelegate: THREAD_RESUMED: thread (33, main, main)
21:15:24.881 INFO: JdwpEventCenterDelegate: THREAD_RESUMED: thread (33, main, main)
21:15:24.884 INFO: JdwpEventCenterDelegate: THREAD_RESUMED: thread (33, main, main)
21:15:24.889 INFO: JdwpEventCenterDelegate: THREAD_RESUMED: thread (33, main, main)
21:15:24.911 INFO: JdwpEventCenterDelegate: THREAD_RESUMED: thread (33, main, main)
21:15:24.913 INFO: JdwpEventCenterDelegate: THREAD_RESUMED: thread (33, main, main)
21:15:24.915 INFO: JdwpEventCenterDelegate: THREAD_RESUMED: thread (33, main, main)
21:15:24.917 INFO: JdwpEventCenterDelegate: THREAD_RESUMED: thread (33, main, main)
21:15:24.920 INFO: JdwpEventCenterDelegate: THREAD_RESUMED: thread (33, main, main)
21:15:24.925 INFO: JdwpEventCenterDelegate: THREAD_RESUMED: thread (33, main, main)
21:15:24.944 INFO: JdwpEventCenterDelegate: THREAD_RESUMED: thread (33, main, main)
21:15:24.946 INFO: JdwpEventCenterDelegate: THREAD_RESUMED: thread (33, main, main)
21:15:24.949 INFO: JdwpEventCenterDelegate: THREAD_RESUMED: thread (33, main, main)
21:15:24.951 INFO: JdwpEventCenterDelegate: THREAD_RESUMED: thread (33, main, main)
21:15:24.953 INFO: JdwpEventCenterDelegate: THREAD_RESUMED: thread (33, main, main)
21:15:24.958 INFO: JdwpEventCenterDelegate: THREAD_RESUMED: thread (33, main, main)
21:15:24.971 INFO: JdwpEventCenterDelegate: THREAD_RESUMED: thread (33, main, main)
21:15:24.974 INFO: JdwpEventCenterDelegate: THREAD_RESUMED: thread (33, main, main)
21:15:24.976 INFO: JdwpEventCenterDelegate: THREAD_RESUMED: thread (33, main, main)
21:15:24.978 INFO: JdwpEventCenterDelegate: THREAD_RESUMED: thread (33, main, main)
21:15:24.981 INFO: JdwpEventCenterDelegate: THREAD_RESUMED: thread (33, main, main)
21:15:24.986 INFO: JdwpEventCenterDelegate: THREAD_RESUMED: thread (33, main, main)
21:15:24.989 INFO: JdwpEventCenterDelegate: THREAD_RESUMED: thread (33, main, main)
21:15:24.991 INFO: JdwpEventCenterDelegate: THREAD_RESUMED: thread (33, main, main)
21:15:24.994 INFO: JdwpEventCenterDelegate: THREAD_RESUMED: thread (33, main, main)
21:15:24.996 INFO: JdwpEventCenterDelegate: THREAD_RESUMED: thread (33, main, main)
21:15:24.999 INFO: JdwpEventCenterDelegate: THREAD_RESUMED: thread (33, main, main)
21:15:25.001 INFO: JdwpEventCenterDelegate: THREAD_RESUMED: thread (33, main, main)
21:15:25.005 INFO: JdwpEventCenterDelegate: THREAD_RESUMED: thread (33, main, main)
21:15:25.007 INFO: JdwpEventCenterDelegate: THREAD_RESUMED: thread (33, main, main)
21:15:25.010 INFO: JdwpEventCenterDelegate: THREAD_RESUMED: thread (33, main, main)
21:15:25.011 INFO: JdwpEventCenterDelegate: THREAD_RESUMED: thread (33, main, main)
21:15:25.015 INFO: JdwpEventCenterDelegate: THREAD_RESUMED: thread (33, main, main)
21:15:25.017 INFO: JdwpEventCenterDelegate: THREAD_RESUMED: thread (33, main, main)
21:15:25.019 INFO: JdwpEventCenterDelegate: THREAD_RESUMED: thread (33, main, main)
21:15:25.022 INFO: JdwpEventCenterDelegate: THREAD_RESUMED: thread (33, main, main)
21:15:25.023 INFO: JdwpEventCenterDelegate: THREAD_RESUMED: thread (33, main, main)
21:15:25.028 INFO: JdwpEventCenterDelegate: THREAD_RESUMED: thread (33, main, main)
21:15:25.041 INFO: JdwpEventCenterDelegate: THREAD_RESUMED: thread (33, main, main)
21:15:25.054 INFO: JdwpEventCenterDelegate: THREAD_RESUMED: thread (33, main, main)
21:15:25.065 INFO: JdwpEventCenterDelegate: THREAD_RESUMED: thread (33, main, main)
21:15:25.078 INFO: JdwpEventCenterDelegate: THREAD_RESUMED: thread (33, main, main)
21:15:25.109 INFO: JdwpEventCenterDelegate: THREAD_RESUMED: thread (33, main, main)
21:15:25.111 INFO: JdwpEventCenterDelegate: THREAD_RESUMED: thread (33, main, main)
21:15:25.114 INFO: JdwpEventCenterDelegate: THREAD_RESUMED: thread (33, main, main)
21:15:25.116 INFO: JdwpEventCenterDelegate: THREAD_RESUMED: thread (33, main, main)
21:15:25.118 INFO: JdwpEventCenterDelegate: THREAD_RESUMED: thread (33, main, main)
21:15:25.123 INFO: JdwpEventCenterDelegate: THREAD_RESUMED: thread (33, main, main)
21:15:25.134 INFO: JdwpEventCenterDelegate: THREAD_RESUMED: thread (33, main, main)
21:15:25.136 INFO: JdwpEventCenterDelegate: THREAD_RESUMED: thread (33, main, main)
21:15:25.138 INFO: JdwpEventCenterDelegate: THREAD_RESUMED: thread (33, main, main)
21:15:25.141 INFO: JdwpEventCenterDelegate: THREAD_RESUMED: thread (33, main, main)
21:15:25.143 INFO: JdwpEventCenterDelegate: THREAD_RESUMED: thread (33, main, main)
21:15:25.148 INFO: JdwpEventCenterDelegate: THREAD_RESUMED: thread (33, main, main)
21:15:25.162 INFO: JdwpEventCenterDelegate: THREAD_RESUMED: thread (33, main, main)
21:15:25.164 INFO: JdwpEventCenterDelegate: THREAD_RESUMED: thread (33, main, main)
21:15:25.166 INFO: JdwpEventCenterDelegate: THREAD_RESUMED: thread (33, main, main)
21:15:25.168 INFO: JdwpEventCenterDelegate: THREAD_RESUMED: thread (33, main, main)
21:15:25.170 INFO: JdwpEventCenterDelegate: THREAD_RESUMED: thread (33, main, main)
21:15:25.174 INFO: JdwpEventCenterDelegate: THREAD_RESUMED: thread (33, main, main)
21:15:25.195 INFO: JdwpEventCenterDelegate: THREAD_RESUMED: thread (33, main, main)
21:15:25.198 INFO: JdwpEventCenterDelegate: THREAD_RESUMED: thread (33, main, main)
21:15:25.200 INFO: JdwpEventCenterDelegate: THREAD_RESUMED: thread (33, main, main)
21:15:25.202 INFO: JdwpEventCenterDelegate: THREAD_RESUMED: thread (33, main, main)
21:15:25.205 INFO: JdwpEventCenterDelegate: THREAD_RESUMED: thread (33, main, main)
21:15:25.210 INFO: JdwpEventCenterDelegate: THREAD_RESUMED: thread (33, main, main)
21:15:25.225 INFO: JdwpEventCenterDelegate: THREAD_RESUMED: thread (33, main, main)
21:15:25.227 INFO: JdwpEventCenterDelegate: THREAD_RESUMED: thread (33, main, main)
21:15:25.230 INFO: JdwpEventCenterDelegate: THREAD_RESUMED: thread (33, main, main)
21:15:25.231 INFO: JdwpEventCenterDelegate: THREAD_RESUMED: thread (33, main, main)
21:15:25.233 INFO: JdwpEventCenterDelegate: THREAD_RESUMED: thread (33, main, main)
21:15:25.238 INFO: JdwpEventCenterDelegate: THREAD_RESUMED: thread (33, main, main)
21:15:25.252 INFO: JdwpEventCenterDelegate: THREAD_RESUMED: thread (33, main, main)
21:15:25.255 INFO: JdwpEventCenterDelegate: THREAD_RESUMED: thread (33, main, main)
21:15:25.257 INFO: JdwpEventCenterDelegate: THREAD_RESUMED: thread (33, main, main)
21:15:25.259 INFO: JdwpEventCenterDelegate: THREAD_RESUMED: thread (33, main, main)
21:15:25.262 INFO: JdwpEventCenterDelegate: THREAD_RESUMED: thread (33, main, main)
21:15:25.267 INFO: JdwpEventCenterDelegate: THREAD_RESUMED: thread (33, main, main)
21:15:25.285 INFO: JdwpEventCenterDelegate: THREAD_RESUMED: thread (33, main, main)
21:15:25.287 INFO: JdwpEventCenterDelegate: THREAD_RESUMED: thread (33, main, main)
21:15:25.289 INFO: JdwpEventCenterDelegate: THREAD_RESUMED: thread (33, main, main)
21:15:25.290 INFO: JdwpEventCenterDelegate: THREAD_RESUMED: thread (33, main, main)
21:15:25.292 INFO: JdwpEventCenterDelegate: THREAD_RESUMED: thread (33, main, main)
21:15:25.296 INFO: JdwpEventCenterDelegate: THREAD_RESUMED: thread (33, main, main)
21:15:25.314 INFO: JdwpEventCenterDelegate: THREAD_RESUMED: thread (33, main, main)
21:15:25.316 INFO: JdwpEventCenterDelegate: THREAD_RESUMED: thread (33, main, main)
21:15:25.318 INFO: JdwpEventCenterDelegate: THREAD_RESUMED: thread (33, main, main)
21:15:25.320 INFO: JdwpEventCenterDelegate: THREAD_RESUMED: thread (33, main, main)
21:15:25.323 INFO: JdwpEventCenterDelegate: THREAD_RESUMED: thread (33, main, main)
21:15:25.327 INFO: JdwpEventCenterDelegate: THREAD_RESUMED: thread (33, main, main)
21:15:25.345 INFO: JdwpEventCenterDelegate: THREAD_RESUMED: thread (33, main, main)
21:15:25.347 INFO: JdwpEventCenterDelegate: THREAD_RESUMED: thread (33, main, main)
21:15:25.349 INFO: JdwpEventCenterDelegate: THREAD_RESUMED: thread (33, main, main)
21:15:25.351 INFO: JdwpEventCenterDelegate: THREAD_RESUMED: thread (33, main, main)
21:15:25.353 INFO: JdwpEventCenterDelegate: THREAD_RESUMED: thread (33, main, main)
21:15:25.357 INFO: JdwpEventCenterDelegate: THREAD_RESUMED: thread (33, main, main)
21:15:25.372 INFO: JdwpEventCenterDelegate: THREAD_RESUMED: thread (33, main, main)
21:15:25.374 INFO: JdwpEventCenterDelegate: THREAD_RESUMED: thread (33, main, main)
21:15:25.376 INFO: JdwpEventCenterDelegate: THREAD_RESUMED: thread (33, main, main)
21:15:25.378 INFO: JdwpEventCenterDelegate: THREAD_RESUMED: thread (33, main, main)
21:15:25.380 INFO: JdwpEventCenterDelegate: THREAD_RESUMED: thread (33, main, main)
21:15:25.385 INFO: JdwpEventCenterDelegate: THREAD_RESUMED: thread (33, main, main)
21:15:25.403 INFO: JdwpEventCenterDelegate: THREAD_RESUMED: thread (33, main, main)
21:15:25.405 INFO: JdwpEventCenterDelegate: THREAD_RESUMED: thread (33, main, main)
21:15:25.407 INFO: JdwpEventCenterDelegate: THREAD_RESUMED: thread (33, main, main)
21:15:25.409 INFO: JdwpEventCenterDelegate: THREAD_RESUMED: thread (33, main, main)
21:15:25.411 INFO: JdwpEventCenterDelegate: THREAD_RESUMED: thread (33, main, main)
21:15:25.416 INFO: JdwpEventCenterDelegate: THREAD_RESUMED: thread (33, main, main)
21:15:25.435 INFO: JdwpEventCenterDelegate: THREAD_RESUMED: thread (33, main, main)
21:15:25.437 INFO: JdwpEventCenterDelegate: THREAD_RESUMED: thread (33, main, main)
21:15:25.439 INFO: JdwpEventCenterDelegate: THREAD_RESUMED: thread (33, main, main)
21:15:25.441 INFO: JdwpEventCenterDelegate: THREAD_RESUMED: thread (33, main, main)
21:15:25.443 INFO: JdwpEventCenterDelegate: THREAD_RESUMED: thread (33, main, main)
21:15:25.448 INFO: JdwpEventCenterDelegate: THREAD_RESUMED: thread (33, main, main)
21:15:25.469 INFO: JdwpEventCenterDelegate: THREAD_RESUMED: thread (33, main, main)
21:15:25.472 INFO: JdwpEventCenterDelegate: THREAD_RESUMED: thread (33, main, main)
21:15:25.474 INFO: JdwpEventCenterDelegate: THREAD_RESUMED: thread (33, main, main)
21:15:25.476 INFO: JdwpEventCenterDelegate: THREAD_RESUMED: thread (33, main, main)
21:15:25.478 INFO: JdwpEventCenterDelegate: THREAD_RESUMED: thread (33, main, main)
21:15:25.483 INFO: JdwpEventCenterDelegate: THREAD_RESUMED: thread (33, main, main)
21:15:25.501 INFO: JdwpEventCenterDelegate: THREAD_RESUMED: thread (33, main, main)
21:15:25.503 INFO: JdwpEventCenterDelegate: THREAD_RESUMED: thread (33, main, main)
21:15:25.505 INFO: JdwpEventCenterDelegate: THREAD_RESUMED: thread (33, main, main)
21:15:25.508 INFO: JdwpEventCenterDelegate: THREAD_RESUMED: thread (33, main, main)
21:15:25.510 INFO: JdwpEventCenterDelegate: THREAD_RESUMED: thread (33, main, main)
21:15:25.514 INFO: JdwpEventCenterDelegate: THREAD_RESUMED: thread (33, main, main)
21:15:25.527 INFO: JdwpEventCenterDelegate: THREAD_RESUMED: thread (33, main, main)
21:15:25.529 INFO: JdwpEventCenterDelegate: THREAD_RESUMED: thread (33, main, main)
21:15:25.531 INFO: JdwpEventCenterDelegate: THREAD_RESUMED: thread (33, main, main)
21:15:25.533 INFO: JdwpEventCenterDelegate: THREAD_RESUMED: thread (33, main, main)
21:15:25.535 INFO: JdwpEventCenterDelegate: THREAD_RESUMED: thread (33, main, main)
21:15:33.410 INFO: JdwpEventCenterDelegate: THREAD_STARTED: thread (108, Timer, main)
21:15:35.639 INFO: JdwpEventCenterDelegate: THREAD_RESUMED: thread (33, main, main)
21:15:35.685 INFO: JdwpEventCenterDelegate: THREAD_RESUMED: thread (33, main, main)
21:15:35.704 INFO: JdwpEventCenterDelegate: THREAD_RESUMED: thread (33, main, main)
21:15:35.721 INFO: JdwpEventCenterDelegate: THREAD_RESUMED: thread (33, main, main)
21:15:35.734 INFO: JdwpEventCenterDelegate: THREAD_RESUMED: thread (33, main, main)
21:15:35.746 INFO: JdwpEventCenterDelegate: THREAD_RESUMED: thread (33, main, main)
21:15:35.759 INFO: JdwpEventCenterDelegate: THREAD_RESUMED: thread (33, main, main)
21:15:35.771 INFO: JdwpEventCenterDelegate: THREAD_RESUMED: thread (33, main, main)
21:15:35.785 INFO: JdwpEventCenterDelegate: THREAD_RESUMED: thread (33, main, main)
21:15:35.789 INFO: JdwpEventCenterDelegate: THREAD_RESUMED: thread (33, main, main)
21:15:35.805 INFO: JdwpEventCenterDelegate: THREAD_RESUMED: thread (33, main, main)
21:15:35.818 INFO: JdwpEventCenterDelegate: THREAD_RESUMED: thread (33, main, main)
21:15:35.831 INFO: JdwpEventCenterDelegate: THREAD_RESUMED: thread (33, main, main)
21:15:35.845 INFO: JdwpEventCenterDelegate: THREAD_RESUMED: thread (33, main, main)
21:15:35.859 INFO: JdwpEventCenterDelegate: THREAD_RESUMED: thread (33, main, main)
21:15:35.871 INFO: JdwpEventCenterDelegate: THREAD_RESUMED: thread (33, main, main)
21:15:35.885 INFO: JdwpEventCenterDelegate: THREAD_RESUMED: thread (33, main, main)
21:15:35.899 INFO: JdwpEventCenterDelegate: THREAD_RESUMED: thread (33, main, main)
21:15:39.999 INFO: JdwpEventCenterDelegate: THREAD_RESUMED: thread (33, main, main)
21:15:40.064 INFO: JdwpEventCenterDelegate: THREAD_RESUMED: thread (33, main, main)
21:15:40.066 INFO: JdwpEventCenterDelegate: THREAD_RESUMED: thread (33, main, main)
21:15:40.068 INFO: JdwpEventCenterDelegate: THREAD_RESUMED: thread (33, main, main)
21:15:40.071 INFO: JdwpEventCenterDelegate: THREAD_RESUMED: thread (33, main, main)
21:15:40.073 INFO: JdwpEventCenterDelegate: THREAD_RESUMED: thread (33, main, main)
21:15:40.079 INFO: JdwpEventCenterDelegate: THREAD_RESUMED: thread (33, main, main)
21:15:40.094 INFO: JdwpEventCenterDelegate: THREAD_RESUMED: thread (33, main, main)
21:15:40.096 INFO: JdwpEventCenterDelegate: THREAD_RESUMED: thread (33, main, main)
21:15:40.099 INFO: JdwpEventCenterDelegate: THREAD_RESUMED: thread (33, main, main)
21:15:40.101 INFO: JdwpEventCenterDelegate: THREAD_RESUMED: thread (33, main, main)
21:15:40.103 INFO: JdwpEventCenterDelegate: THREAD_RESUMED: thread (33, main, main)
21:15:40.109 INFO: JdwpEventCenterDelegate: THREAD_RESUMED: thread (33, main, main)
21:15:40.125 INFO: JdwpEventCenterDelegate: THREAD_RESUMED: thread (33, main, main)
21:15:40.128 INFO: JdwpEventCenterDelegate: THREAD_RESUMED: thread (33, main, main)
21:15:40.130 INFO: JdwpEventCenterDelegate: THREAD_RESUMED: thread (33, main, main)
21:15:40.132 INFO: JdwpEventCenterDelegate: THREAD_RESUMED: thread (33, main, main)
21:15:40.135 INFO: JdwpEventCenterDelegate: THREAD_RESUMED: thread (33, main, main)
21:15:40.140 INFO: JdwpEventCenterDelegate: THREAD_RESUMED: thread (33, main, main)
21:15:40.158 INFO: JdwpEventCenterDelegate: THREAD_RESUMED: thread (33, main, main)
21:15:40.160 INFO: JdwpEventCenterDelegate: THREAD_RESUMED: thread (33, main, main)
21:15:40.162 INFO: JdwpEventCenterDelegate: THREAD_RESUMED: thread (33, main, main)
21:15:40.164 INFO: JdwpEventCenterDelegate: THREAD_RESUMED: thread (33, main, main)
21:15:40.166 INFO: JdwpEventCenterDelegate: THREAD_RESUMED: thread (33, main, main)
21:15:40.171 INFO: JdwpEventCenterDelegate: THREAD_RESUMED: thread (33, main, main)
21:15:40.186 INFO: JdwpEventCenterDelegate: THREAD_RESUMED: thread (33, main, main)
21:15:40.188 INFO: JdwpEventCenterDelegate: THREAD_RESUMED: thread (33, main, main)
21:15:40.191 INFO: JdwpEventCenterDelegate: THREAD_RESUMED: thread (33, main, main)
21:15:40.193 INFO: JdwpEventCenterDelegate: THREAD_RESUMED: thread (33, main, main)
21:15:40.195 INFO: JdwpEventCenterDelegate: THREAD_RESUMED: thread (33, main, main)
21:15:40.200 INFO: JdwpEventCenterDelegate: THREAD_RESUMED: thread (33, main, main)
21:15:40.214 INFO: JdwpEventCenterDelegate: THREAD_RESUMED: thread (33, main, main)
21:15:40.216 INFO: JdwpEventCenterDelegate: THREAD_RESUMED: thread (33, main, main)
21:15:40.218 INFO: JdwpEventCenterDelegate: THREAD_RESUMED: thread (33, main, main)
21:15:40.220 INFO: JdwpEventCenterDelegate: THREAD_RESUMED: thread (33, main, main)
21:15:40.222 INFO: JdwpEventCenterDelegate: THREAD_RESUMED: thread (33, main, main)
21:15:40.227 INFO: JdwpEventCenterDelegate: THREAD_RESUMED: thread (33, main, main)
21:15:40.245 INFO: JdwpEventCenterDelegate: THREAD_RESUMED: thread (33, main, main)
21:15:40.247 INFO: JdwpEventCenterDelegate: THREAD_RESUMED: thread (33, main, main)
21:15:40.249 INFO: JdwpEventCenterDelegate: THREAD_RESUMED: thread (33, main, main)
21:15:40.251 INFO: JdwpEventCenterDelegate: THREAD_RESUMED: thread (33, main, main)
21:15:40.254 INFO: JdwpEventCenterDelegate: THREAD_RESUMED: thread (33, main, main)
21:15:40.259 INFO: JdwpEventCenterDelegate: THREAD_RESUMED: thread (33, main, main)
21:15:40.276 INFO: JdwpEventCenterDelegate: THREAD_RESUMED: thread (33, main, main)
21:15:40.279 INFO: JdwpEventCenterDelegate: THREAD_RESUMED: thread (33, main, main)
21:15:40.281 INFO: JdwpEventCenterDelegate: THREAD_RESUMED: thread (33, main, main)
21:15:40.283 INFO: JdwpEventCenterDelegate: THREAD_RESUMED: thread (33, main, main)
21:15:40.286 INFO: JdwpEventCenterDelegate: THREAD_RESUMED: thread (33, main, main)
21:15:40.290 INFO: JdwpEventCenterDelegate: THREAD_RESUMED: thread (33, main, main)
21:15:40.308 INFO: JdwpEventCenterDelegate: THREAD_RESUMED: thread (33, main, main)
21:15:40.310 INFO: JdwpEventCenterDelegate: THREAD_RESUMED: thread (33, main, main)
21:15:40.313 INFO: JdwpEventCenterDelegate: THREAD_RESUMED: thread (33, main, main)
21:15:40.315 INFO: JdwpEventCenterDelegate: THREAD_RESUMED: thread (33, main, main)
21:15:40.317 INFO: JdwpEventCenterDelegate: THREAD_RESUMED: thread (33, main, main)
21:15:40.322 INFO: JdwpEventCenterDelegate: THREAD_RESUMED: thread (33, main, main)
21:15:40.336 INFO: JdwpEventCenterDelegate: THREAD_RESUMED: thread (33, main, main)
21:15:40.339 INFO: JdwpEventCenterDelegate: THREAD_RESUMED: thread (33, main, main)
21:15:40.341 INFO: JdwpEventCenterDelegate: THREAD_RESUMED: thread (33, main, main)
21:15:40.343 INFO: JdwpEventCenterDelegate: THREAD_RESUMED: thread (33, main, main)
21:15:40.346 INFO: JdwpEventCenterDelegate: THREAD_RESUMED: thread (33, main, main)
21:15:40.351 INFO: JdwpEventCenterDelegate: THREAD_RESUMED: thread (33, main, main)
21:15:40.365 INFO: JdwpEventCenterDelegate: THREAD_RESUMED: thread (33, main, main)
21:15:40.367 INFO: JdwpEventCenterDelegate: THREAD_RESUMED: thread (33, main, main)
21:15:40.369 INFO: JdwpEventCenterDelegate: THREAD_RESUMED: thread (33, main, main)
21:15:40.372 INFO: JdwpEventCenterDelegate: THREAD_RESUMED: thread (33, main, main)
21:15:40.374 INFO: JdwpEventCenterDelegate: THREAD_RESUMED: thread (33, main, main)
21:15:40.378 INFO: JdwpEventCenterDelegate: THREAD_RESUMED: thread (33, main, main)
21:15:40.397 INFO: JdwpEventCenterDelegate: THREAD_RESUMED: thread (33, main, main)
21:15:40.399 INFO: JdwpEventCenterDelegate: THREAD_RESUMED: thread (33, main, main)
21:15:40.401 INFO: JdwpEventCenterDelegate: THREAD_RESUMED: thread (33, main, main)
21:15:40.403 INFO: JdwpEventCenterDelegate: THREAD_RESUMED: thread (33, main, main)
21:15:40.406 INFO: JdwpEventCenterDelegate: THREAD_RESUMED: thread (33, main, main)
21:15:40.410 INFO: JdwpEventCenterDelegate: THREAD_RESUMED: thread (33, main, main)
21:15:40.436 INFO: JdwpEventCenterDelegate: THREAD_RESUMED: thread (33, main, main)
21:15:40.438 INFO: JdwpEventCenterDelegate: THREAD_RESUMED: thread (33, main, main)
21:15:40.440 INFO: JdwpEventCenterDelegate: THREAD_RESUMED: thread (33, main, main)
21:15:40.442 INFO: JdwpEventCenterDelegate: THREAD_RESUMED: thread (33, main, main)
21:15:40.445 INFO: JdwpEventCenterDelegate: THREAD_RESUMED: thread (33, main, main)
21:15:40.450 INFO: JdwpEventCenterDelegate: THREAD_RESUMED: thread (33, main, main)
21:15:40.468 INFO: JdwpEventCenterDelegate: THREAD_RESUMED: thread (33, main, main)
21:15:40.470 INFO: JdwpEventCenterDelegate: THREAD_RESUMED: thread (33, main, main)
21:15:40.472 INFO: JdwpEventCenterDelegate: THREAD_RESUMED: thread (33, main, main)
21:15:40.474 INFO: JdwpEventCenterDelegate: THREAD_RESUMED: thread (33, main, main)
21:15:40.476 INFO: JdwpEventCenterDelegate: THREAD_RESUMED: thread (33, main, main)
21:15:40.481 INFO: JdwpEventCenterDelegate: THREAD_RESUMED: thread (33, main, main)
21:15:40.494 INFO: JdwpEventCenterDelegate: THREAD_RESUMED: thread (33, main, main)
21:15:40.496 INFO: JdwpEventCenterDelegate: THREAD_RESUMED: thread (33, main, main)
21:15:40.498 INFO: JdwpEventCenterDelegate: THREAD_RESUMED: thread (33, main, main)
21:15:40.500 INFO: JdwpEventCenterDelegate: THREAD_RESUMED: thread (33, main, main)
21:15:40.502 INFO: JdwpEventCenterDelegate: THREAD_RESUMED: thread (33, main, main)
21:15:42.213 INFO: JdwpEventCenterDelegate: THREAD_RESUMED: thread (33, main, main)
21:15:42.245 INFO: JdwpEventCenterDelegate: THREAD_RESUMED: thread (33, main, main)
21:15:42.267 INFO: JdwpEventCenterDelegate: THREAD_RESUMED: thread (33, main, main)
21:15:42.283 INFO: JdwpEventCenterDelegate: THREAD_RESUMED: thread (33, main, main)
21:15:42.323 INFO: JdwpEventCenterDelegate: THREAD_RESUMED: thread (33, main, main)
21:15:42.357 INFO: JdwpEventCenterDelegate: THREAD_RESUMED: thread (33, main, main)
21:15:42.374 INFO: JdwpEventCenterDelegate: THREAD_RESUMED: thread (33, main, main)
21:15:42.389 INFO: JdwpEventCenterDelegate: THREAD_RESUMED: thread (33, main, main)
21:15:42.396 INFO: JdwpEventCenterDelegate: THREAD_RESUMED: thread (33, main, main)
21:15:42.410 INFO: JdwpEventCenterDelegate: THREAD_RESUMED: thread (33, main, main)
21:15:42.441 INFO: JdwpEventCenterDelegate: THREAD_RESUMED: thread (33, main, main)
21:15:42.453 INFO: JdwpEventCenterDelegate: THREAD_RESUMED: thread (33, main, main)
21:15:42.466 INFO: JdwpEventCenterDelegate: THREAD_RESUMED: thread (33, main, main)
21:15:42.478 INFO: JdwpEventCenterDelegate: THREAD_RESUMED: thread (33, main, main)
21:15:42.512 INFO: JdwpEventCenterDelegate: THREAD_RESUMED: thread (33, main, main)
21:15:42.548 INFO: JdwpEventCenterDelegate: THREAD_RESUMED: thread (33, main, main)
21:15:42.566 INFO: JdwpEventCenterDelegate: THREAD_RESUMED: thread (33, main, main)
21:15:42.581 INFO: JdwpEventCenterDelegate: THREAD_RESUMED: thread (33, main, main)
21:15:42.586 INFO: JdwpEventCenterDelegate: THREAD_RESUMED: thread (33, main, main)
21:15:42.600 INFO: JdwpEventCenterDelegate: THREAD_RESUMED: thread (33, main, main)
21:15:44.283 INFO: JdwpEventCenterDelegate: THREAD_RESUMED: thread (33, main, main)
21:15:44.348 INFO: JdwpEventCenterDelegate: THREAD_RESUMED: thread (33, main, main)
21:15:44.350 INFO: JdwpEventCenterDelegate: THREAD_RESUMED: thread (33, main, main)
21:15:44.353 INFO: JdwpEventCenterDelegate: THREAD_RESUMED: thread (33, main, main)
21:15:44.355 INFO: JdwpEventCenterDelegate: THREAD_RESUMED: thread (33, main, main)
21:15:44.357 INFO: JdwpEventCenterDelegate: THREAD_RESUMED: thread (33, main, main)
21:15:44.363 INFO: JdwpEventCenterDelegate: THREAD_RESUMED: thread (33, main, main)
21:15:44.378 INFO: JdwpEventCenterDelegate: THREAD_RESUMED: thread (33, main, main)
21:15:44.381 INFO: JdwpEventCenterDelegate: THREAD_RESUMED: thread (33, main, main)
21:15:44.383 INFO: JdwpEventCenterDelegate: THREAD_RESUMED: thread (33, main, main)
21:15:44.385 INFO: JdwpEventCenterDelegate: THREAD_RESUMED: thread (33, main, main)
21:15:44.387 INFO: JdwpEventCenterDelegate: THREAD_RESUMED: thread (33, main, main)
21:15:44.393 INFO: JdwpEventCenterDelegate: THREAD_RESUMED: thread (33, main, main)
21:15:44.410 INFO: JdwpEventCenterDelegate: THREAD_RESUMED: thread (33, main, main)
21:15:44.412 INFO: JdwpEventCenterDelegate: THREAD_RESUMED: thread (33, main, main)
21:15:44.414 INFO: JdwpEventCenterDelegate: THREAD_RESUMED: thread (33, main, main)
21:15:44.417 INFO: JdwpEventCenterDelegate: THREAD_RESUMED: thread (33, main, main)
21:15:44.419 INFO: JdwpEventCenterDelegate: THREAD_RESUMED: thread (33, main, main)
21:15:44.424 INFO: JdwpEventCenterDelegate: THREAD_RESUMED: thread (33, main, main)
21:15:44.443 INFO: JdwpEventCenterDelegate: THREAD_RESUMED: thread (33, main, main)
21:15:44.445 INFO: JdwpEventCenterDelegate: THREAD_RESUMED: thread (33, main, main)
21:15:44.447 INFO: JdwpEventCenterDelegate: THREAD_RESUMED: thread (33, main, main)
21:15:44.449 INFO: JdwpEventCenterDelegate: THREAD_RESUMED: thread (33, main, main)
21:15:44.452 INFO: JdwpEventCenterDelegate: THREAD_RESUMED: thread (33, main, main)
21:15:44.456 INFO: JdwpEventCenterDelegate: THREAD_RESUMED: thread (33, main, main)
21:15:44.471 INFO: JdwpEventCenterDelegate: THREAD_RESUMED: thread (33, main, main)
21:15:44.473 INFO: JdwpEventCenterDelegate: THREAD_RESUMED: thread (33, main, main)
21:15:44.476 INFO: JdwpEventCenterDelegate: THREAD_RESUMED: thread (33, main, main)
21:15:44.478 INFO: JdwpEventCenterDelegate: THREAD_RESUMED: thread (33, main, main)
21:15:44.480 INFO: JdwpEventCenterDelegate: THREAD_RESUMED: thread (33, main, main)
21:15:44.485 INFO: JdwpEventCenterDelegate: THREAD_RESUMED: thread (33, main, main)
21:15:44.503 INFO: JdwpEventCenterDelegate: THREAD_RESUMED: thread (33, main, main)
21:15:44.505 INFO: JdwpEventCenterDelegate: THREAD_RESUMED: thread (33, main, main)
21:15:44.508 INFO: JdwpEventCenterDelegate: THREAD_RESUMED: thread (33, main, main)
21:15:44.510 INFO: JdwpEventCenterDelegate: THREAD_RESUMED: thread (33, main, main)
21:15:44.512 INFO: JdwpEventCenterDelegate: THREAD_RESUMED: thread (33, main, main)
21:15:44.517 INFO: JdwpEventCenterDelegate: THREAD_RESUMED: thread (33, main, main)
21:15:44.535 INFO: JdwpEventCenterDelegate: THREAD_RESUMED: thread (33, main, main)
21:15:44.537 INFO: JdwpEventCenterDelegate: THREAD_RESUMED: thread (33, main, main)
21:15:44.540 INFO: JdwpEventCenterDelegate: THREAD_RESUMED: thread (33, main, main)
21:15:44.542 INFO: JdwpEventCenterDelegate: THREAD_RESUMED: thread (33, main, main)
21:15:44.544 INFO: JdwpEventCenterDelegate: THREAD_RESUMED: thread (33, main, main)
21:15:44.549 INFO: JdwpEventCenterDelegate: THREAD_RESUMED: thread (33, main, main)
21:15:44.567 INFO: JdwpEventCenterDelegate: THREAD_RESUMED: thread (33, main, main)
21:15:44.570 INFO: JdwpEventCenterDelegate: THREAD_RESUMED: thread (33, main, main)
21:15:44.572 INFO: JdwpEventCenterDelegate: THREAD_RESUMED: thread (33, main, main)
21:15:44.574 INFO: JdwpEventCenterDelegate: THREAD_RESUMED: thread (33, main, main)
21:15:44.576 INFO: JdwpEventCenterDelegate: THREAD_RESUMED: thread (33, main, main)
21:15:44.581 INFO: JdwpEventCenterDelegate: THREAD_RESUMED: thread (33, main, main)
21:15:44.598 INFO: JdwpEventCenterDelegate: THREAD_RESUMED: thread (33, main, main)
21:15:44.601 INFO: JdwpEventCenterDelegate: THREAD_RESUMED: thread (33, main, main)
21:15:44.603 INFO: JdwpEventCenterDelegate: THREAD_RESUMED: thread (33, main, main)
21:15:44.605 INFO: JdwpEventCenterDelegate: THREAD_RESUMED: thread (33, main, main)
21:15:44.608 INFO: JdwpEventCenterDelegate: THREAD_RESUMED: thread (33, main, main)
21:15:44.612 INFO: JdwpEventCenterDelegate: THREAD_RESUMED: thread (33, main, main)
21:15:44.627 INFO: JdwpEventCenterDelegate: THREAD_RESUMED: thread (33, main, main)
21:15:44.629 INFO: JdwpEventCenterDelegate: THREAD_RESUMED: thread (33, main, main)
21:15:44.632 INFO: JdwpEventCenterDelegate: THREAD_RESUMED: thread (33, main, main)
21:15:44.634 INFO: JdwpEventCenterDelegate: THREAD_RESUMED: thread (33, main, main)
21:15:44.636 INFO: JdwpEventCenterDelegate: THREAD_RESUMED: thread (33, main, main)
21:15:44.641 INFO: JdwpEventCenterDelegate: THREAD_RESUMED: thread (33, main, main)
21:15:44.655 INFO: JdwpEventCenterDelegate: THREAD_RESUMED: thread (33, main, main)
21:15:44.657 INFO: JdwpEventCenterDelegate: THREAD_RESUMED: thread (33, main, main)
21:15:44.660 INFO: JdwpEventCenterDelegate: THREAD_RESUMED: thread (33, main, main)
21:15:44.662 INFO: JdwpEventCenterDelegate: THREAD_RESUMED: thread (33, main, main)
21:15:44.664 INFO: JdwpEventCenterDelegate: THREAD_RESUMED: thread (33, main, main)
21:15:44.669 INFO: JdwpEventCenterDelegate: THREAD_RESUMED: thread (33, main, main)
21:15:44.691 INFO: JdwpEventCenterDelegate: THREAD_RESUMED: thread (33, main, main)
21:15:44.694 INFO: JdwpEventCenterDelegate: THREAD_RESUMED: thread (33, main, main)
21:15:44.696 INFO: JdwpEventCenterDelegate: THREAD_RESUMED: thread (33, main, main)
21:15:44.698 INFO: JdwpEventCenterDelegate: THREAD_RESUMED: thread (33, main, main)
21:15:44.700 INFO: JdwpEventCenterDelegate: THREAD_RESUMED: thread (33, main, main)
21:15:44.705 INFO: JdwpEventCenterDelegate: THREAD_RESUMED: thread (33, main, main)
21:15:44.726 INFO: JdwpEventCenterDelegate: THREAD_RESUMED: thread (33, main, main)
21:15:44.728 INFO: JdwpEventCenterDelegate: THREAD_RESUMED: thread (33, main, main)
21:15:44.731 INFO: JdwpEventCenterDelegate: THREAD_RESUMED: thread (33, main, main)
21:15:44.733 INFO: JdwpEventCenterDelegate: THREAD_RESUMED: thread (33, main, main)
21:15:44.735 INFO: JdwpEventCenterDelegate: THREAD_RESUMED: thread (33, main, main)
21:15:44.740 INFO: JdwpEventCenterDelegate: THREAD_RESUMED: thread (33, main, main)
21:15:44.757 INFO: JdwpEventCenterDelegate: THREAD_RESUMED: thread (33, main, main)
21:15:44.760 INFO: JdwpEventCenterDelegate: THREAD_RESUMED: thread (33, main, main)
21:15:44.762 INFO: JdwpEventCenterDelegate: THREAD_RESUMED: thread (33, main, main)
21:15:44.764 INFO: JdwpEventCenterDelegate: THREAD_RESUMED: thread (33, main, main)
21:15:44.766 INFO: JdwpEventCenterDelegate: THREAD_RESUMED: thread (33, main, main)
21:15:44.771 INFO: JdwpEventCenterDelegate: THREAD_RESUMED: thread (33, main, main)
21:15:44.784 INFO: JdwpEventCenterDelegate: THREAD_RESUMED: thread (33, main, main)
21:15:44.786 INFO: JdwpEventCenterDelegate: THREAD_RESUMED: thread (33, main, main)
21:15:44.788 INFO: JdwpEventCenterDelegate: THREAD_RESUMED: thread (33, main, main)
21:15:44.790 INFO: JdwpEventCenterDelegate: THREAD_RESUMED: thread (33, main, main)
21:15:44.793 INFO: JdwpEventCenterDelegate: THREAD_RESUMED: thread (33, main, main)
21:15:46.277 INFO: JdwpEventCenterDelegate: THREAD_RESUMED: thread (33, main, main)
21:15:46.314 INFO: JdwpEventCenterDelegate: THREAD_RESUMED: thread (33, main, main)
21:15:46.335 INFO: JdwpEventCenterDelegate: THREAD_RESUMED: thread (33, main, main)
21:15:46.354 INFO: JdwpEventCenterDelegate: THREAD_RESUMED: thread (33, main, main)
21:15:46.373 INFO: JdwpEventCenterDelegate: THREAD_RESUMED: thread (33, main, main)
21:15:46.388 INFO: JdwpEventCenterDelegate: THREAD_RESUMED: thread (33, main, main)
21:15:46.403 INFO: JdwpEventCenterDelegate: THREAD_RESUMED: thread (33, main, main)
21:15:46.422 INFO: JdwpEventCenterDelegate: THREAD_RESUMED: thread (33, main, main)
21:15:46.434 INFO: JdwpEventCenterDelegate: THREAD_RESUMED: thread (33, main, main)
21:15:46.448 INFO: JdwpEventCenterDelegate: THREAD_RESUMED: thread (33, main, main)
21:15:46.460 INFO: JdwpEventCenterDelegate: THREAD_RESUMED: thread (33, main, main)
21:15:46.474 INFO: JdwpEventCenterDelegate: THREAD_RESUMED: thread (33, main, main)
21:15:46.489 INFO: JdwpEventCenterDelegate: THREAD_RESUMED: thread (33, main, main)
21:15:46.503 INFO: JdwpEventCenterDelegate: THREAD_RESUMED: thread (33, main, main)
21:15:46.518 INFO: JdwpEventCenterDelegate: THREAD_RESUMED: thread (33, main, main)
21:15:46.532 INFO: JdwpEventCenterDelegate: THREAD_RESUMED: thread (33, main, main)
21:15:49.300 INFO: JdwpEventCenterDelegate: THREAD_RESUMED: thread (33, main, main)
21:15:49.364 INFO: JdwpEventCenterDelegate: THREAD_RESUMED: thread (33, main, main)
21:15:49.367 INFO: JdwpEventCenterDelegate: THREAD_RESUMED: thread (33, main, main)
21:15:49.369 INFO: JdwpEventCenterDelegate: THREAD_RESUMED: thread (33, main, main)
21:15:49.371 INFO: JdwpEventCenterDelegate: THREAD_RESUMED: thread (33, main, main)
21:15:49.373 INFO: JdwpEventCenterDelegate: THREAD_RESUMED: thread (33, main, main)
21:15:49.379 INFO: JdwpEventCenterDelegate: THREAD_RESUMED: thread (33, main, main)
21:15:49.395 INFO: JdwpEventCenterDelegate: THREAD_RESUMED: thread (33, main, main)
21:15:49.397 INFO: JdwpEventCenterDelegate: THREAD_RESUMED: thread (33, main, main)
21:15:49.399 INFO: JdwpEventCenterDelegate: THREAD_RESUMED: thread (33, main, main)
21:15:49.401 INFO: JdwpEventCenterDelegate: THREAD_RESUMED: thread (33, main, main)
21:15:49.404 INFO: JdwpEventCenterDelegate: THREAD_RESUMED: thread (33, main, main)
21:15:49.409 INFO: JdwpEventCenterDelegate: THREAD_RESUMED: thread (33, main, main)
21:15:49.425 INFO: JdwpEventCenterDelegate: THREAD_RESUMED: thread (33, main, main)
21:15:49.428 INFO: JdwpEventCenterDelegate: THREAD_RESUMED: thread (33, main, main)
21:15:49.430 INFO: JdwpEventCenterDelegate: THREAD_RESUMED: thread (33, main, main)
21:15:49.432 INFO: JdwpEventCenterDelegate: THREAD_RESUMED: thread (33, main, main)
21:15:49.434 INFO: JdwpEventCenterDelegate: THREAD_RESUMED: thread (33, main, main)
21:15:49.439 INFO: JdwpEventCenterDelegate: THREAD_RESUMED: thread (33, main, main)
21:15:49.457 INFO: JdwpEventCenterDelegate: THREAD_RESUMED: thread (33, main, main)
21:15:49.459 INFO: JdwpEventCenterDelegate: THREAD_RESUMED: thread (33, main, main)
21:15:49.462 INFO: JdwpEventCenterDelegate: THREAD_RESUMED: thread (33, main, main)
21:15:49.464 INFO: JdwpEventCenterDelegate: THREAD_RESUMED: thread (33, main, main)
21:15:49.467 INFO: JdwpEventCenterDelegate: THREAD_RESUMED: thread (33, main, main)
21:15:49.471 INFO: JdwpEventCenterDelegate: THREAD_RESUMED: thread (33, main, main)
21:15:49.487 INFO: JdwpEventCenterDelegate: THREAD_RESUMED: thread (33, main, main)
21:15:49.489 INFO: JdwpEventCenterDelegate: THREAD_RESUMED: thread (33, main, main)
21:15:49.491 INFO: JdwpEventCenterDelegate: THREAD_RESUMED: thread (33, main, main)
21:15:49.493 INFO: JdwpEventCenterDelegate: THREAD_RESUMED: thread (33, main, main)
21:15:49.494 INFO: JdwpEventCenterDelegate: THREAD_RESUMED: thread (33, main, main)
21:15:49.499 INFO: JdwpEventCenterDelegate: THREAD_RESUMED: thread (33, main, main)
21:15:49.513 INFO: JdwpEventCenterDelegate: THREAD_RESUMED: thread (33, main, main)
21:15:49.516 INFO: JdwpEventCenterDelegate: THREAD_RESUMED: thread (33, main, main)
21:15:49.518 INFO: JdwpEventCenterDelegate: THREAD_RESUMED: thread (33, main, main)
21:15:49.520 INFO: JdwpEventCenterDelegate: THREAD_RESUMED: thread (33, main, main)
21:15:49.522 INFO: JdwpEventCenterDelegate: THREAD_RESUMED: thread (33, main, main)
21:15:49.527 INFO: JdwpEventCenterDelegate: THREAD_RESUMED: thread (33, main, main)
21:15:49.549 INFO: JdwpEventCenterDelegate: THREAD_RESUMED: thread (33, main, main)
21:15:49.551 INFO: JdwpEventCenterDelegate: THREAD_RESUMED: thread (33, main, main)
21:15:49.553 INFO: JdwpEventCenterDelegate: THREAD_RESUMED: thread (33, main, main)
21:15:49.555 INFO: JdwpEventCenterDelegate: THREAD_RESUMED: thread (33, main, main)
21:15:49.557 INFO: JdwpEventCenterDelegate: THREAD_RESUMED: thread (33, main, main)
21:15:49.562 INFO: JdwpEventCenterDelegate: THREAD_RESUMED: thread (33, main, main)
21:15:49.580 INFO: JdwpEventCenterDelegate: THREAD_RESUMED: thread (33, main, main)
21:15:49.582 INFO: JdwpEventCenterDelegate: THREAD_RESUMED: thread (33, main, main)
21:15:49.585 INFO: JdwpEventCenterDelegate: THREAD_RESUMED: thread (33, main, main)
21:15:49.587 INFO: JdwpEventCenterDelegate: THREAD_RESUMED: thread (33, main, main)
21:15:49.589 INFO: JdwpEventCenterDelegate: THREAD_RESUMED: thread (33, main, main)
21:15:49.594 INFO: JdwpEventCenterDelegate: THREAD_RESUMED: thread (33, main, main)
21:15:49.612 INFO: JdwpEventCenterDelegate: THREAD_RESUMED: thread (33, main, main)
21:15:49.614 INFO: JdwpEventCenterDelegate: THREAD_RESUMED: thread (33, main, main)
21:15:49.616 INFO: JdwpEventCenterDelegate: THREAD_RESUMED: thread (33, main, main)
21:15:49.619 INFO: JdwpEventCenterDelegate: THREAD_RESUMED: thread (33, main, main)
21:15:49.621 INFO: JdwpEventCenterDelegate: THREAD_RESUMED: thread (33, main, main)
21:15:49.626 INFO: JdwpEventCenterDelegate: THREAD_RESUMED: thread (33, main, main)
21:15:49.640 INFO: JdwpEventCenterDelegate: THREAD_RESUMED: thread (33, main, main)
21:15:49.641 INFO: JdwpEventCenterDelegate: THREAD_RESUMED: thread (33, main, main)
21:15:49.643 INFO: JdwpEventCenterDelegate: THREAD_RESUMED: thread (33, main, main)
21:15:49.645 INFO: JdwpEventCenterDelegate: THREAD_RESUMED: thread (33, main, main)
21:15:49.647 INFO: JdwpEventCenterDelegate: THREAD_RESUMED: thread (33, main, main)
21:15:49.651 INFO: JdwpEventCenterDelegate: THREAD_RESUMED: thread (33, main, main)
21:15:49.665 INFO: JdwpEventCenterDelegate: THREAD_RESUMED: thread (33, main, main)
21:15:49.667 INFO: JdwpEventCenterDelegate: THREAD_RESUMED: thread (33, main, main)
21:15:49.669 INFO: JdwpEventCenterDelegate: THREAD_RESUMED: thread (33, main, main)
21:15:49.672 INFO: JdwpEventCenterDelegate: THREAD_RESUMED: thread (33, main, main)
21:15:49.674 INFO: JdwpEventCenterDelegate: THREAD_RESUMED: thread (33, main, main)
21:15:49.678 INFO: JdwpEventCenterDelegate: THREAD_RESUMED: thread (33, main, main)
21:15:49.697 INFO: JdwpEventCenterDelegate: THREAD_RESUMED: thread (33, main, main)
21:15:49.699 INFO: JdwpEventCenterDelegate: THREAD_RESUMED: thread (33, main, main)
21:15:49.702 INFO: JdwpEventCenterDelegate: THREAD_RESUMED: thread (33, main, main)
21:15:49.704 INFO: JdwpEventCenterDelegate: THREAD_RESUMED: thread (33, main, main)
21:15:49.706 INFO: JdwpEventCenterDelegate: THREAD_RESUMED: thread (33, main, main)
21:15:49.711 INFO: JdwpEventCenterDelegate: THREAD_RESUMED: thread (33, main, main)
21:15:49.735 INFO: JdwpEventCenterDelegate: THREAD_RESUMED: thread (33, main, main)
21:15:49.737 INFO: JdwpEventCenterDelegate: THREAD_RESUMED: thread (33, main, main)
21:15:49.740 INFO: JdwpEventCenterDelegate: THREAD_RESUMED: thread (33, main, main)
21:15:49.741 INFO: JdwpEventCenterDelegate: THREAD_RESUMED: thread (33, main, main)
21:15:49.744 INFO: JdwpEventCenterDelegate: THREAD_RESUMED: thread (33, main, main)
21:15:49.748 INFO: JdwpEventCenterDelegate: THREAD_RESUMED: thread (33, main, main)
21:15:49.766 INFO: JdwpEventCenterDelegate: THREAD_RESUMED: thread (33, main, main)
21:15:49.768 INFO: JdwpEventCenterDelegate: THREAD_RESUMED: thread (33, main, main)
21:15:49.771 INFO: JdwpEventCenterDelegate: THREAD_RESUMED: thread (33, main, main)
21:15:49.773 INFO: JdwpEventCenterDelegate: THREAD_RESUMED: thread (33, main, main)
21:15:49.775 INFO: JdwpEventCenterDelegate: THREAD_RESUMED: thread (33, main, main)
21:15:49.780 INFO: JdwpEventCenterDelegate: THREAD_RESUMED: thread (33, main, main)
21:15:49.792 INFO: JdwpEventCenterDelegate: THREAD_RESUMED: thread (33, main, main)
21:15:49.795 INFO: JdwpEventCenterDelegate: THREAD_RESUMED: thread (33, main, main)
21:15:49.797 INFO: JdwpEventCenterDelegate: THREAD_RESUMED: thread (33, main, main)
21:15:49.799 INFO: JdwpEventCenterDelegate: THREAD_RESUMED: thread (33, main, main)
21:15:49.801 INFO: JdwpEventCenterDelegate: THREAD_RESUMED: thread (33, main, main)
21:18:25.598 INFO: JdwpDebugServer: handling req: VirtualMachine(1).Exit(10)
21:18:25.598 SEVERE: Debugger: Thread JDWP server socket thread crashed
org.robovm.debugger.DebuggerException: Terminating due exit command
	at org.robovm.debugger.jdwp.JdwpDebugServer.doSocketWork(JdwpDebugServer.java:211)
	at java.base/java.lang.Thread.run(Thread.java:834)
	at org.robovm.debugger.utils.DebuggerThread.run(DebuggerThread.java:42)
21:18:26.102 SEVERE: Debugger: Thread HooksChannel socket thread crashed
org.robovm.debugger.DebuggerException: java.io.IOException: org.robovm.libimobiledevice.LibIMobileDeviceException: IDEVICE_E_UNKNOWN_ERROR
	at org.robovm.debugger.hooks.HooksChannel.doSocketWork(HooksChannel.java:149)
	at java.base/java.lang.Thread.run(Thread.java:834)
	at org.robovm.debugger.utils.DebuggerThread.run(DebuggerThread.java:42)
Caused by: java.io.IOException: org.robovm.libimobiledevice.LibIMobileDeviceException: IDEVICE_E_UNKNOWN_ERROR
	at org.robovm.libimobiledevice.IDeviceConnection$DeviceInputStream.read(IDeviceConnection.java:203)
	at org.robovm.debugger.utils.bytebuffer.DataBufferWriter.writeFromStream(DataBufferWriter.java:89)
	at org.robovm.debugger.hooks.HooksChannel.doSocketWork(HooksChannel.java:116)
	... 2 more
Caused by: org.robovm.libimobiledevice.LibIMobileDeviceException: IDEVICE_E_UNKNOWN_ERROR
	at org.robovm.libimobiledevice.IDevice.checkResult(IDevice.java:206)
	at org.robovm.libimobiledevice.IDeviceConnection.receive(IDeviceConnection.java:110)
	at org.robovm.libimobiledevice.IDeviceConnection.receive(IDeviceConnection.java:81)
	at org.robovm.libimobiledevice.IDeviceConnection$DeviceInputStream.read(IDeviceConnection.java:201)
	... 4 more
