18:26:10.713 INFO: JdwpDebugServer: handling req: VirtualMachine(1).IDSizes(7)
18:26:10.713 INFO: JdwpDebugServer: handling req: EventRequest(15).Set(1)
18:26:10.713 INFO: JdwpEventCenterDelegate: jdwpSetEventRequest: JdwpEventRequest{requestId=100, eventKind=CLASS_PREPARE, suspendPolicy=NONE, predicates=[]}
18:26:10.713 INFO: JdwpDebugServer: handling req: EventRequest(15).Set(1)
18:26:10.713 INFO: JdwpEventCenterDelegate: jdwpSetEventRequest: JdwpEventRequest{requestId=101, eventKind=CLASS_UNLOAD, suspendPolicy=NONE, predicates=[]}
18:26:10.729 INFO: JdwpDebugServer: handling req: VirtualMachine(1).Version(1)
18:26:10.730 INFO: JdwpDebugServer: handling req: VirtualMachine(1).capabilitiesNew(17)
18:26:10.730 INFO: JdwpDebugServer: handling req: VirtualMachine(1).capabilities(12)
18:26:10.730 INFO: JdwpDebugServer: handling req: VirtualMachine(1).AllClassesWithGeneric(20)
18:26:10.735 INFO: JdwpDebugServer: handling req: VirtualMachine(1).TopLevelThreadGroups(5)
18:26:10.736 INFO: JdwpDebugServer: handling req: EventRequest(15).Set(1)
18:26:10.736 INFO: JdwpEventCenterDelegate: jdwpSetEventRequest: JdwpEventRequest{requestId=102, eventKind=THREAD_START, suspendPolicy=NONE, predicates=[]}
18:26:10.736 INFO: JdwpDebugServer: handling req: EventRequest(15).Set(1)
18:26:10.736 INFO: JdwpEventCenterDelegate: jdwpSetEventRequest: JdwpEventRequest{requestId=103, eventKind=THREAD_DEATH, suspendPolicy=NONE, predicates=[]}
18:26:10.737 INFO: JdwpDebugServer: handling req: EventRequest(15).Set(1)
18:26:10.737 INFO: JdwpEventCenterDelegate: jdwpSetEventRequest: JdwpEventRequest{requestId=104, eventKind=CLASS_PREPARE, suspendPolicy=EVENT_THREAD, predicates=[className=sun.instrument.InstrumentationImpl]}
18:26:10.737 INFO: JdwpDebugServer: handling req: EventRequest(15).Set(1)
18:26:10.737 INFO: JdwpEventCenterDelegate: jdwpSetEventRequest: JdwpEventRequest{requestId=105, eventKind=CLASS_PREPARE, suspendPolicy=EVENT_THREAD, predicates=[className=sun.instrument.InstrumentationImpl]}
18:26:11.333 INFO: JdwpDebugServer: handling req: VirtualMachine(1).Resume(9)
18:26:11.386 INFO: JdwpEventCenterDelegate: THREAD_STARTED: thread (33, main, main)
18:26:11.409 INFO: JdwpEventCenterDelegate: THREAD_STARTED: thread (48, ReferenceQueueDaemon, main)
18:26:11.415 INFO: JdwpEventCenterDelegate: THREAD_STARTED: thread (63, FinalizerDaemon, main)
18:26:11.421 INFO: JdwpEventCenterDelegate: THREAD_STARTED: thread (78, FinalizerWatchdogDaemon, main)
18:26:11.423 INFO: JdwpEventCenterDelegate: THREAD_RESUMED: thread (33, main, main)
18:26:11.425 INFO: JdwpEventCenterDelegate: THREAD_RESUMED: thread (33, main, main)
18:26:11.426 INFO: JdwpEventCenterDelegate: THREAD_RESUMED: thread (33, main, main)
18:26:11.427 INFO: JdwpEventCenterDelegate: THREAD_RESUMED: thread (33, main, main)
18:26:11.428 INFO: JdwpEventCenterDelegate: THREAD_RESUMED: thread (33, main, main)
18:26:11.429 INFO: JdwpEventCenterDelegate: THREAD_RESUMED: thread (33, main, main)
18:26:11.431 INFO: JdwpEventCenterDelegate: THREAD_RESUMED: thread (33, main, main)
18:26:11.432 INFO: JdwpEventCenterDelegate: THREAD_RESUMED: thread (33, main, main)
18:26:11.433 INFO: JdwpEventCenterDelegate: THREAD_RESUMED: thread (33, main, main)
18:26:11.435 INFO: JdwpEventCenterDelegate: THREAD_RESUMED: thread (33, main, main)
18:26:11.436 INFO: JdwpEventCenterDelegate: THREAD_RESUMED: thread (33, main, main)
18:26:11.437 INFO: JdwpEventCenterDelegate: THREAD_RESUMED: thread (33, main, main)
18:26:11.438 INFO: JdwpEventCenterDelegate: THREAD_RESUMED: thread (33, main, main)
18:26:11.452 INFO: JdwpEventCenterDelegate: THREAD_RESUMED: thread (33, main, main)
18:26:11.454 INFO: JdwpEventCenterDelegate: THREAD_RESUMED: thread (33, main, main)
18:26:11.455 INFO: JdwpEventCenterDelegate: THREAD_RESUMED: thread (33, main, main)
18:26:11.456 INFO: JdwpEventCenterDelegate: THREAD_RESUMED: thread (33, main, main)
18:26:11.457 INFO: JdwpEventCenterDelegate: THREAD_RESUMED: thread (33, main, main)
18:26:11.460 INFO: JdwpEventCenterDelegate: THREAD_RESUMED: thread (33, main, main)
18:26:11.461 INFO: JdwpEventCenterDelegate: THREAD_RESUMED: thread (33, main, main)
18:26:11.462 INFO: JdwpEventCenterDelegate: THREAD_RESUMED: thread (33, main, main)
18:26:11.464 INFO: JdwpEventCenterDelegate: THREAD_RESUMED: thread (33, main, main)
18:26:11.465 INFO: JdwpEventCenterDelegate: THREAD_RESUMED: thread (33, main, main)
18:26:11.466 INFO: JdwpEventCenterDelegate: THREAD_RESUMED: thread (33, main, main)
18:26:11.467 INFO: JdwpEventCenterDelegate: THREAD_RESUMED: thread (33, main, main)
18:26:11.503 INFO: JdwpEventCenterDelegate: THREAD_RESUMED: thread (33, main, main)
18:26:11.504 INFO: JdwpEventCenterDelegate: THREAD_RESUMED: thread (33, main, main)
18:26:11.505 INFO: JdwpEventCenterDelegate: THREAD_RESUMED: thread (33, main, main)
18:26:11.506 INFO: JdwpEventCenterDelegate: THREAD_RESUMED: thread (33, main, main)
18:26:11.507 INFO: JdwpEventCenterDelegate: THREAD_RESUMED: thread (33, main, main)
18:26:11.508 INFO: JdwpEventCenterDelegate: THREAD_RESUMED: thread (33, main, main)
18:26:11.509 INFO: JdwpEventCenterDelegate: THREAD_RESUMED: thread (33, main, main)
18:26:11.512 INFO: JdwpEventCenterDelegate: THREAD_RESUMED: thread (33, main, main)
18:26:11.513 INFO: JdwpEventCenterDelegate: THREAD_RESUMED: thread (33, main, main)
18:26:11.514 INFO: JdwpEventCenterDelegate: THREAD_RESUMED: thread (33, main, main)
18:26:11.515 INFO: JdwpEventCenterDelegate: THREAD_RESUMED: thread (33, main, main)
18:26:11.516 INFO: JdwpEventCenterDelegate: THREAD_RESUMED: thread (33, main, main)
18:26:11.517 INFO: JdwpEventCenterDelegate: THREAD_RESUMED: thread (33, main, main)
18:26:11.518 INFO: JdwpEventCenterDelegate: THREAD_RESUMED: thread (33, main, main)
18:26:11.532 INFO: JdwpEventCenterDelegate: THREAD_RESUMED: thread (33, main, main)
18:26:11.533 INFO: JdwpEventCenterDelegate: THREAD_RESUMED: thread (33, main, main)
18:26:11.535 INFO: JdwpEventCenterDelegate: THREAD_RESUMED: thread (33, main, main)
18:26:11.536 INFO: JdwpEventCenterDelegate: THREAD_RESUMED: thread (33, main, main)
18:26:11.537 INFO: JdwpEventCenterDelegate: THREAD_RESUMED: thread (33, main, main)
18:26:11.539 INFO: JdwpEventCenterDelegate: THREAD_RESUMED: thread (33, main, main)
18:26:11.540 INFO: JdwpEventCenterDelegate: THREAD_RESUMED: thread (33, main, main)
18:26:11.567 INFO: JdwpEventCenterDelegate: THREAD_RESUMED: thread (33, main, main)
18:26:11.568 INFO: JdwpEventCenterDelegate: THREAD_RESUMED: thread (33, main, main)
18:26:11.569 INFO: JdwpEventCenterDelegate: THREAD_RESUMED: thread (33, main, main)
18:26:11.571 INFO: JdwpEventCenterDelegate: THREAD_RESUMED: thread (33, main, main)
18:26:11.572 INFO: JdwpEventCenterDelegate: THREAD_RESUMED: thread (33, main, main)
18:26:11.573 INFO: JdwpEventCenterDelegate: THREAD_RESUMED: thread (33, main, main)
18:26:11.575 INFO: JdwpEventCenterDelegate: THREAD_RESUMED: thread (33, main, main)
18:26:11.578 INFO: JdwpEventCenterDelegate: THREAD_RESUMED: thread (33, main, main)
18:26:11.579 INFO: JdwpEventCenterDelegate: THREAD_RESUMED: thread (33, main, main)
18:26:11.580 INFO: JdwpEventCenterDelegate: THREAD_RESUMED: thread (33, main, main)
18:26:11.581 INFO: JdwpEventCenterDelegate: THREAD_RESUMED: thread (33, main, main)
18:26:11.583 INFO: JdwpEventCenterDelegate: THREAD_RESUMED: thread (33, main, main)
18:26:11.584 INFO: JdwpEventCenterDelegate: THREAD_RESUMED: thread (33, main, main)
18:26:11.585 INFO: JdwpEventCenterDelegate: THREAD_RESUMED: thread (33, main, main)
18:26:11.598 INFO: JdwpEventCenterDelegate: THREAD_RESUMED: thread (33, main, main)
18:26:11.599 INFO: JdwpEventCenterDelegate: THREAD_RESUMED: thread (33, main, main)
18:26:11.601 INFO: JdwpEventCenterDelegate: THREAD_RESUMED: thread (33, main, main)
18:26:11.603 INFO: JdwpEventCenterDelegate: THREAD_RESUMED: thread (33, main, main)
18:26:11.604 INFO: JdwpEventCenterDelegate: THREAD_RESUMED: thread (33, main, main)
18:26:11.606 INFO: JdwpEventCenterDelegate: THREAD_RESUMED: thread (33, main, main)
18:26:11.608 INFO: JdwpEventCenterDelegate: THREAD_RESUMED: thread (33, main, main)
18:26:11.630 INFO: JdwpEventCenterDelegate: THREAD_RESUMED: thread (33, main, main)
18:26:11.631 INFO: JdwpEventCenterDelegate: THREAD_RESUMED: thread (33, main, main)
18:26:11.632 INFO: JdwpEventCenterDelegate: THREAD_RESUMED: thread (33, main, main)
18:26:11.633 INFO: JdwpEventCenterDelegate: THREAD_RESUMED: thread (33, main, main)
18:26:11.635 INFO: JdwpEventCenterDelegate: THREAD_RESUMED: thread (33, main, main)
18:26:11.636 INFO: JdwpEventCenterDelegate: THREAD_RESUMED: thread (33, main, main)
18:26:11.638 INFO: JdwpEventCenterDelegate: THREAD_RESUMED: thread (33, main, main)
18:26:11.649 INFO: JdwpEventCenterDelegate: THREAD_RESUMED: thread (33, main, main)
18:26:11.650 INFO: JdwpEventCenterDelegate: THREAD_RESUMED: thread (33, main, main)
18:26:11.651 INFO: JdwpEventCenterDelegate: THREAD_RESUMED: thread (33, main, main)
18:26:11.652 INFO: JdwpEventCenterDelegate: THREAD_RESUMED: thread (33, main, main)
18:26:11.653 INFO: JdwpEventCenterDelegate: THREAD_RESUMED: thread (33, main, main)
18:26:11.655 INFO: JdwpEventCenterDelegate: THREAD_RESUMED: thread (33, main, main)
18:26:11.656 INFO: JdwpEventCenterDelegate: THREAD_RESUMED: thread (33, main, main)
18:26:11.660 INFO: JdwpEventCenterDelegate: THREAD_RESUMED: thread (33, main, main)
18:26:11.661 INFO: JdwpEventCenterDelegate: THREAD_RESUMED: thread (33, main, main)
18:26:11.662 INFO: JdwpEventCenterDelegate: THREAD_RESUMED: thread (33, main, main)
18:26:11.663 INFO: JdwpEventCenterDelegate: THREAD_RESUMED: thread (33, main, main)
18:26:11.665 INFO: JdwpEventCenterDelegate: THREAD_RESUMED: thread (33, main, main)
18:26:11.666 INFO: JdwpEventCenterDelegate: THREAD_RESUMED: thread (33, main, main)
18:26:11.667 INFO: JdwpEventCenterDelegate: THREAD_RESUMED: thread (33, main, main)
18:26:11.668 INFO: JdwpEventCenterDelegate: THREAD_RESUMED: thread (33, main, main)
18:26:11.669 INFO: JdwpEventCenterDelegate: THREAD_RESUMED: thread (33, main, main)
18:26:11.671 INFO: JdwpEventCenterDelegate: THREAD_RESUMED: thread (33, main, main)
18:26:11.672 INFO: JdwpEventCenterDelegate: THREAD_RESUMED: thread (33, main, main)
18:26:11.674 INFO: JdwpEventCenterDelegate: THREAD_RESUMED: thread (33, main, main)
18:26:11.675 INFO: JdwpEventCenterDelegate: THREAD_RESUMED: thread (33, main, main)
18:26:11.676 INFO: JdwpEventCenterDelegate: THREAD_RESUMED: thread (33, main, main)
18:26:11.678 INFO: JdwpEventCenterDelegate: THREAD_RESUMED: thread (33, main, main)
18:26:11.679 INFO: JdwpEventCenterDelegate: THREAD_RESUMED: thread (33, main, main)
18:26:11.680 INFO: JdwpEventCenterDelegate: THREAD_RESUMED: thread (33, main, main)
18:26:11.681 INFO: JdwpEventCenterDelegate: THREAD_RESUMED: thread (33, main, main)
18:26:11.687 INFO: JdwpEventCenterDelegate: THREAD_RESUMED: thread (33, main, main)
18:26:11.688 INFO: JdwpEventCenterDelegate: THREAD_RESUMED: thread (33, main, main)
18:26:11.815 INFO: JdwpEventCenterDelegate: THREAD_STARTED: thread (93, AssetManager, main)
18:26:11.921 INFO: JdwpEventCenterDelegate: THREAD_RESUMED: thread (33, main, main)
18:26:11.923 INFO: JdwpEventCenterDelegate: THREAD_RESUMED: thread (33, main, main)
18:26:14.498 INFO: JdwpEventCenterDelegate: THREAD_RESUMED: thread (33, main, main)
18:26:14.592 INFO: JdwpEventCenterDelegate: THREAD_RESUMED: thread (33, main, main)
18:26:14.594 INFO: JdwpEventCenterDelegate: THREAD_RESUMED: thread (33, main, main)
18:26:14.595 INFO: JdwpEventCenterDelegate: THREAD_RESUMED: thread (33, main, main)
18:26:14.597 INFO: JdwpEventCenterDelegate: THREAD_RESUMED: thread (33, main, main)
18:26:14.599 INFO: JdwpEventCenterDelegate: THREAD_RESUMED: thread (33, main, main)
18:26:14.604 INFO: JdwpEventCenterDelegate: THREAD_RESUMED: thread (33, main, main)
18:26:14.616 INFO: JdwpEventCenterDelegate: THREAD_RESUMED: thread (33, main, main)
18:26:14.617 INFO: JdwpEventCenterDelegate: THREAD_RESUMED: thread (33, main, main)
18:26:14.619 INFO: JdwpEventCenterDelegate: THREAD_RESUMED: thread (33, main, main)
18:26:14.621 INFO: JdwpEventCenterDelegate: THREAD_RESUMED: thread (33, main, main)
18:26:14.623 INFO: JdwpEventCenterDelegate: THREAD_RESUMED: thread (33, main, main)
18:26:14.628 INFO: JdwpEventCenterDelegate: THREAD_RESUMED: thread (33, main, main)
18:26:14.642 INFO: JdwpEventCenterDelegate: THREAD_RESUMED: thread (33, main, main)
18:26:14.643 INFO: JdwpEventCenterDelegate: THREAD_RESUMED: thread (33, main, main)
18:26:14.645 INFO: JdwpEventCenterDelegate: THREAD_RESUMED: thread (33, main, main)
18:26:14.647 INFO: JdwpEventCenterDelegate: THREAD_RESUMED: thread (33, main, main)
18:26:14.648 INFO: JdwpEventCenterDelegate: THREAD_RESUMED: thread (33, main, main)
18:26:14.652 INFO: JdwpEventCenterDelegate: THREAD_RESUMED: thread (33, main, main)
18:26:14.671 INFO: JdwpEventCenterDelegate: THREAD_RESUMED: thread (33, main, main)
18:26:14.672 INFO: JdwpEventCenterDelegate: THREAD_RESUMED: thread (33, main, main)
18:26:14.674 INFO: JdwpEventCenterDelegate: THREAD_RESUMED: thread (33, main, main)
18:26:14.676 INFO: JdwpEventCenterDelegate: THREAD_RESUMED: thread (33, main, main)
18:26:14.678 INFO: JdwpEventCenterDelegate: THREAD_RESUMED: thread (33, main, main)
18:26:14.682 INFO: JdwpEventCenterDelegate: THREAD_RESUMED: thread (33, main, main)
18:26:14.697 INFO: JdwpEventCenterDelegate: THREAD_RESUMED: thread (33, main, main)
18:26:14.699 INFO: JdwpEventCenterDelegate: THREAD_RESUMED: thread (33, main, main)
18:26:14.700 INFO: JdwpEventCenterDelegate: THREAD_RESUMED: thread (33, main, main)
18:26:14.702 INFO: JdwpEventCenterDelegate: THREAD_RESUMED: thread (33, main, main)
18:26:14.704 INFO: JdwpEventCenterDelegate: THREAD_RESUMED: thread (33, main, main)
18:26:14.708 INFO: JdwpEventCenterDelegate: THREAD_RESUMED: thread (33, main, main)
18:26:14.723 INFO: JdwpEventCenterDelegate: THREAD_RESUMED: thread (33, main, main)
18:26:14.724 INFO: JdwpEventCenterDelegate: THREAD_RESUMED: thread (33, main, main)
18:26:14.726 INFO: JdwpEventCenterDelegate: THREAD_RESUMED: thread (33, main, main)
18:26:14.727 INFO: JdwpEventCenterDelegate: THREAD_RESUMED: thread (33, main, main)
18:26:14.729 INFO: JdwpEventCenterDelegate: THREAD_RESUMED: thread (33, main, main)
18:26:14.734 INFO: JdwpEventCenterDelegate: THREAD_RESUMED: thread (33, main, main)
18:26:14.752 INFO: JdwpEventCenterDelegate: THREAD_RESUMED: thread (33, main, main)
18:26:14.754 INFO: JdwpEventCenterDelegate: THREAD_RESUMED: thread (33, main, main)
18:26:14.756 INFO: JdwpEventCenterDelegate: THREAD_RESUMED: thread (33, main, main)
18:26:14.758 INFO: JdwpEventCenterDelegate: THREAD_RESUMED: thread (33, main, main)
18:26:14.759 INFO: JdwpEventCenterDelegate: THREAD_RESUMED: thread (33, main, main)
18:26:14.763 INFO: JdwpEventCenterDelegate: THREAD_RESUMED: thread (33, main, main)
18:26:14.782 INFO: JdwpEventCenterDelegate: THREAD_RESUMED: thread (33, main, main)
18:26:14.784 INFO: JdwpEventCenterDelegate: THREAD_RESUMED: thread (33, main, main)
18:26:14.785 INFO: JdwpEventCenterDelegate: THREAD_RESUMED: thread (33, main, main)
18:26:14.787 INFO: JdwpEventCenterDelegate: THREAD_RESUMED: thread (33, main, main)
18:26:14.789 INFO: JdwpEventCenterDelegate: THREAD_RESUMED: thread (33, main, main)
18:26:14.813 INFO: JdwpEventCenterDelegate: THREAD_RESUMED: thread (33, main, main)
18:26:14.831 INFO: JdwpEventCenterDelegate: THREAD_RESUMED: thread (33, main, main)
18:26:14.833 INFO: JdwpEventCenterDelegate: THREAD_RESUMED: thread (33, main, main)
18:26:14.835 INFO: JdwpEventCenterDelegate: THREAD_RESUMED: thread (33, main, main)
18:26:14.837 INFO: JdwpEventCenterDelegate: THREAD_RESUMED: thread (33, main, main)
18:26:14.838 INFO: JdwpEventCenterDelegate: THREAD_RESUMED: thread (33, main, main)
18:26:14.842 INFO: JdwpEventCenterDelegate: THREAD_RESUMED: thread (33, main, main)
18:26:14.861 INFO: JdwpEventCenterDelegate: THREAD_RESUMED: thread (33, main, main)
18:26:14.862 INFO: JdwpEventCenterDelegate: THREAD_RESUMED: thread (33, main, main)
18:26:14.863 INFO: JdwpEventCenterDelegate: THREAD_RESUMED: thread (33, main, main)
18:26:14.865 INFO: JdwpEventCenterDelegate: THREAD_RESUMED: thread (33, main, main)
18:26:14.866 INFO: JdwpEventCenterDelegate: THREAD_RESUMED: thread (33, main, main)
18:26:14.871 INFO: JdwpEventCenterDelegate: THREAD_RESUMED: thread (33, main, main)
18:26:14.885 INFO: JdwpEventCenterDelegate: THREAD_RESUMED: thread (33, main, main)
18:26:14.887 INFO: JdwpEventCenterDelegate: THREAD_RESUMED: thread (33, main, main)
18:26:14.889 INFO: JdwpEventCenterDelegate: THREAD_RESUMED: thread (33, main, main)
18:26:14.890 INFO: JdwpEventCenterDelegate: THREAD_RESUMED: thread (33, main, main)
18:26:14.892 INFO: JdwpEventCenterDelegate: THREAD_RESUMED: thread (33, main, main)
18:26:14.896 INFO: JdwpEventCenterDelegate: THREAD_RESUMED: thread (33, main, main)
18:26:14.916 INFO: JdwpEventCenterDelegate: THREAD_RESUMED: thread (33, main, main)
18:26:14.917 INFO: JdwpEventCenterDelegate: THREAD_RESUMED: thread (33, main, main)
18:26:14.919 INFO: JdwpEventCenterDelegate: THREAD_RESUMED: thread (33, main, main)
18:26:14.920 INFO: JdwpEventCenterDelegate: THREAD_RESUMED: thread (33, main, main)
18:26:14.922 INFO: JdwpEventCenterDelegate: THREAD_RESUMED: thread (33, main, main)
18:26:14.927 INFO: JdwpEventCenterDelegate: THREAD_RESUMED: thread (33, main, main)
18:26:14.948 INFO: JdwpEventCenterDelegate: THREAD_RESUMED: thread (33, main, main)
18:26:14.950 INFO: JdwpEventCenterDelegate: THREAD_RESUMED: thread (33, main, main)
18:26:14.951 INFO: JdwpEventCenterDelegate: THREAD_RESUMED: thread (33, main, main)
18:26:14.953 INFO: JdwpEventCenterDelegate: THREAD_RESUMED: thread (33, main, main)
18:26:14.955 INFO: JdwpEventCenterDelegate: THREAD_RESUMED: thread (33, main, main)
18:26:14.960 INFO: JdwpEventCenterDelegate: THREAD_RESUMED: thread (33, main, main)
18:26:14.979 INFO: JdwpEventCenterDelegate: THREAD_RESUMED: thread (33, main, main)
18:26:14.981 INFO: JdwpEventCenterDelegate: THREAD_RESUMED: thread (33, main, main)
18:26:14.982 INFO: JdwpEventCenterDelegate: THREAD_RESUMED: thread (33, main, main)
18:26:14.984 INFO: JdwpEventCenterDelegate: THREAD_RESUMED: thread (33, main, main)
18:26:14.986 INFO: JdwpEventCenterDelegate: THREAD_RESUMED: thread (33, main, main)
18:26:14.991 INFO: JdwpEventCenterDelegate: THREAD_RESUMED: thread (33, main, main)
18:26:15.004 INFO: JdwpEventCenterDelegate: THREAD_RESUMED: thread (33, main, main)
18:26:15.006 INFO: JdwpEventCenterDelegate: THREAD_RESUMED: thread (33, main, main)
18:26:15.008 INFO: JdwpEventCenterDelegate: THREAD_RESUMED: thread (33, main, main)
18:26:15.010 INFO: JdwpEventCenterDelegate: THREAD_RESUMED: thread (33, main, main)
18:26:15.012 INFO: JdwpEventCenterDelegate: THREAD_RESUMED: thread (33, main, main)
18:26:15.016 INFO: JdwpEventCenterDelegate: THREAD_RESUMED: thread (33, main, main)
18:26:15.018 INFO: JdwpEventCenterDelegate: THREAD_RESUMED: thread (33, main, main)
18:26:15.021 INFO: JdwpEventCenterDelegate: THREAD_RESUMED: thread (33, main, main)
18:26:15.023 INFO: JdwpEventCenterDelegate: THREAD_RESUMED: thread (33, main, main)
18:26:15.025 INFO: JdwpEventCenterDelegate: THREAD_RESUMED: thread (33, main, main)
18:26:15.027 INFO: JdwpEventCenterDelegate: THREAD_RESUMED: thread (33, main, main)
18:26:15.030 INFO: JdwpEventCenterDelegate: THREAD_RESUMED: thread (33, main, main)
18:26:15.034 INFO: JdwpEventCenterDelegate: THREAD_RESUMED: thread (33, main, main)
18:26:15.036 INFO: JdwpEventCenterDelegate: THREAD_RESUMED: thread (33, main, main)
18:26:15.038 INFO: JdwpEventCenterDelegate: THREAD_RESUMED: thread (33, main, main)
18:26:15.040 INFO: JdwpEventCenterDelegate: THREAD_RESUMED: thread (33, main, main)
18:26:15.046 INFO: JdwpEventCenterDelegate: THREAD_RESUMED: thread (33, main, main)
18:26:15.047 INFO: JdwpEventCenterDelegate: THREAD_RESUMED: thread (33, main, main)
18:26:15.048 INFO: JdwpEventCenterDelegate: THREAD_RESUMED: thread (33, main, main)
18:26:15.049 INFO: JdwpEventCenterDelegate: THREAD_RESUMED: thread (33, main, main)
18:26:15.051 INFO: JdwpEventCenterDelegate: THREAD_RESUMED: thread (33, main, main)
18:26:15.056 INFO: JdwpEventCenterDelegate: THREAD_RESUMED: thread (33, main, main)
18:26:15.068 INFO: JdwpEventCenterDelegate: THREAD_RESUMED: thread (33, main, main)
18:26:15.081 INFO: JdwpEventCenterDelegate: THREAD_RESUMED: thread (33, main, main)
18:26:15.092 INFO: JdwpEventCenterDelegate: THREAD_RESUMED: thread (33, main, main)
18:26:15.104 INFO: JdwpEventCenterDelegate: THREAD_RESUMED: thread (33, main, main)
18:26:15.138 INFO: JdwpEventCenterDelegate: THREAD_RESUMED: thread (33, main, main)
18:26:15.139 INFO: JdwpEventCenterDelegate: THREAD_RESUMED: thread (33, main, main)
18:26:15.142 INFO: JdwpEventCenterDelegate: THREAD_RESUMED: thread (33, main, main)
18:26:15.144 INFO: JdwpEventCenterDelegate: THREAD_RESUMED: thread (33, main, main)
18:26:15.145 INFO: JdwpEventCenterDelegate: THREAD_RESUMED: thread (33, main, main)
18:26:15.150 INFO: JdwpEventCenterDelegate: THREAD_RESUMED: thread (33, main, main)
18:26:15.161 INFO: JdwpEventCenterDelegate: THREAD_RESUMED: thread (33, main, main)
18:26:15.163 INFO: JdwpEventCenterDelegate: THREAD_RESUMED: thread (33, main, main)
18:26:15.166 INFO: JdwpEventCenterDelegate: THREAD_RESUMED: thread (33, main, main)
18:26:15.168 INFO: JdwpEventCenterDelegate: THREAD_RESUMED: thread (33, main, main)
18:26:15.170 INFO: JdwpEventCenterDelegate: THREAD_RESUMED: thread (33, main, main)
18:26:15.175 INFO: JdwpEventCenterDelegate: THREAD_RESUMED: thread (33, main, main)
18:26:15.189 INFO: JdwpEventCenterDelegate: THREAD_RESUMED: thread (33, main, main)
18:26:15.191 INFO: JdwpEventCenterDelegate: THREAD_RESUMED: thread (33, main, main)
18:26:15.193 INFO: JdwpEventCenterDelegate: THREAD_RESUMED: thread (33, main, main)
18:26:15.194 INFO: JdwpEventCenterDelegate: THREAD_RESUMED: thread (33, main, main)
18:26:15.196 INFO: JdwpEventCenterDelegate: THREAD_RESUMED: thread (33, main, main)
18:26:15.200 INFO: JdwpEventCenterDelegate: THREAD_RESUMED: thread (33, main, main)
18:26:15.217 INFO: JdwpEventCenterDelegate: THREAD_RESUMED: thread (33, main, main)
18:26:15.219 INFO: JdwpEventCenterDelegate: THREAD_RESUMED: thread (33, main, main)
18:26:15.221 INFO: JdwpEventCenterDelegate: THREAD_RESUMED: thread (33, main, main)
18:26:15.223 INFO: JdwpEventCenterDelegate: THREAD_RESUMED: thread (33, main, main)
18:26:15.225 INFO: JdwpEventCenterDelegate: THREAD_RESUMED: thread (33, main, main)
18:26:15.229 INFO: JdwpEventCenterDelegate: THREAD_RESUMED: thread (33, main, main)
18:26:15.243 INFO: JdwpEventCenterDelegate: THREAD_RESUMED: thread (33, main, main)
18:26:15.246 INFO: JdwpEventCenterDelegate: THREAD_RESUMED: thread (33, main, main)
18:26:15.248 INFO: JdwpEventCenterDelegate: THREAD_RESUMED: thread (33, main, main)
18:26:15.250 INFO: JdwpEventCenterDelegate: THREAD_RESUMED: thread (33, main, main)
18:26:15.252 INFO: JdwpEventCenterDelegate: THREAD_RESUMED: thread (33, main, main)
18:26:15.257 INFO: JdwpEventCenterDelegate: THREAD_RESUMED: thread (33, main, main)
18:26:15.271 INFO: JdwpEventCenterDelegate: THREAD_RESUMED: thread (33, main, main)
18:26:15.274 INFO: JdwpEventCenterDelegate: THREAD_RESUMED: thread (33, main, main)
18:26:15.275 INFO: JdwpEventCenterDelegate: THREAD_RESUMED: thread (33, main, main)
18:26:15.277 INFO: JdwpEventCenterDelegate: THREAD_RESUMED: thread (33, main, main)
18:26:15.280 INFO: JdwpEventCenterDelegate: THREAD_RESUMED: thread (33, main, main)
18:26:15.285 INFO: JdwpEventCenterDelegate: THREAD_RESUMED: thread (33, main, main)
18:26:15.306 INFO: JdwpEventCenterDelegate: THREAD_RESUMED: thread (33, main, main)
18:26:15.308 INFO: JdwpEventCenterDelegate: THREAD_RESUMED: thread (33, main, main)
18:26:15.310 INFO: JdwpEventCenterDelegate: THREAD_RESUMED: thread (33, main, main)
18:26:15.312 INFO: JdwpEventCenterDelegate: THREAD_RESUMED: thread (33, main, main)
18:26:15.314 INFO: JdwpEventCenterDelegate: THREAD_RESUMED: thread (33, main, main)
18:26:15.319 INFO: JdwpEventCenterDelegate: THREAD_RESUMED: thread (33, main, main)
18:26:15.336 INFO: JdwpEventCenterDelegate: THREAD_RESUMED: thread (33, main, main)
18:26:15.338 INFO: JdwpEventCenterDelegate: THREAD_RESUMED: thread (33, main, main)
18:26:15.340 INFO: JdwpEventCenterDelegate: THREAD_RESUMED: thread (33, main, main)
18:26:15.342 INFO: JdwpEventCenterDelegate: THREAD_RESUMED: thread (33, main, main)
18:26:15.344 INFO: JdwpEventCenterDelegate: THREAD_RESUMED: thread (33, main, main)
18:26:15.348 INFO: JdwpEventCenterDelegate: THREAD_RESUMED: thread (33, main, main)
18:26:15.365 INFO: JdwpEventCenterDelegate: THREAD_RESUMED: thread (33, main, main)
18:26:15.367 INFO: JdwpEventCenterDelegate: THREAD_RESUMED: thread (33, main, main)
18:26:15.369 INFO: JdwpEventCenterDelegate: THREAD_RESUMED: thread (33, main, main)
18:26:15.371 INFO: JdwpEventCenterDelegate: THREAD_RESUMED: thread (33, main, main)
18:26:15.373 INFO: JdwpEventCenterDelegate: THREAD_RESUMED: thread (33, main, main)
18:26:15.378 INFO: JdwpEventCenterDelegate: THREAD_RESUMED: thread (33, main, main)
18:26:15.392 INFO: JdwpEventCenterDelegate: THREAD_RESUMED: thread (33, main, main)
18:26:15.394 INFO: JdwpEventCenterDelegate: THREAD_RESUMED: thread (33, main, main)
18:26:15.396 INFO: JdwpEventCenterDelegate: THREAD_RESUMED: thread (33, main, main)
18:26:15.399 INFO: JdwpEventCenterDelegate: THREAD_RESUMED: thread (33, main, main)
18:26:15.401 INFO: JdwpEventCenterDelegate: THREAD_RESUMED: thread (33, main, main)
18:26:15.405 INFO: JdwpEventCenterDelegate: THREAD_RESUMED: thread (33, main, main)
18:26:15.419 INFO: JdwpEventCenterDelegate: THREAD_RESUMED: thread (33, main, main)
18:26:15.421 INFO: JdwpEventCenterDelegate: THREAD_RESUMED: thread (33, main, main)
18:26:15.423 INFO: JdwpEventCenterDelegate: THREAD_RESUMED: thread (33, main, main)
18:26:15.425 INFO: JdwpEventCenterDelegate: THREAD_RESUMED: thread (33, main, main)
18:26:15.427 INFO: JdwpEventCenterDelegate: THREAD_RESUMED: thread (33, main, main)
18:26:15.432 INFO: JdwpEventCenterDelegate: THREAD_RESUMED: thread (33, main, main)
18:26:15.450 INFO: JdwpEventCenterDelegate: THREAD_RESUMED: thread (33, main, main)
18:26:15.452 INFO: JdwpEventCenterDelegate: THREAD_RESUMED: thread (33, main, main)
18:26:15.454 INFO: JdwpEventCenterDelegate: THREAD_RESUMED: thread (33, main, main)
18:26:15.456 INFO: JdwpEventCenterDelegate: THREAD_RESUMED: thread (33, main, main)
18:26:15.457 INFO: JdwpEventCenterDelegate: THREAD_RESUMED: thread (33, main, main)
18:26:15.462 INFO: JdwpEventCenterDelegate: THREAD_RESUMED: thread (33, main, main)
18:26:15.486 INFO: JdwpEventCenterDelegate: THREAD_RESUMED: thread (33, main, main)
18:26:15.488 INFO: JdwpEventCenterDelegate: THREAD_RESUMED: thread (33, main, main)
18:26:15.490 INFO: JdwpEventCenterDelegate: THREAD_RESUMED: thread (33, main, main)
18:26:15.492 INFO: JdwpEventCenterDelegate: THREAD_RESUMED: thread (33, main, main)
18:26:15.495 INFO: JdwpEventCenterDelegate: THREAD_RESUMED: thread (33, main, main)
18:26:15.499 INFO: JdwpEventCenterDelegate: THREAD_RESUMED: thread (33, main, main)
18:26:15.517 INFO: JdwpEventCenterDelegate: THREAD_RESUMED: thread (33, main, main)
18:26:15.519 INFO: JdwpEventCenterDelegate: THREAD_RESUMED: thread (33, main, main)
18:26:15.521 INFO: JdwpEventCenterDelegate: THREAD_RESUMED: thread (33, main, main)
18:26:15.524 INFO: JdwpEventCenterDelegate: THREAD_RESUMED: thread (33, main, main)
18:26:15.526 INFO: JdwpEventCenterDelegate: THREAD_RESUMED: thread (33, main, main)
18:26:15.530 INFO: JdwpEventCenterDelegate: THREAD_RESUMED: thread (33, main, main)
18:26:15.543 INFO: JdwpEventCenterDelegate: THREAD_RESUMED: thread (33, main, main)
18:26:15.545 INFO: JdwpEventCenterDelegate: THREAD_RESUMED: thread (33, main, main)
18:26:15.546 INFO: JdwpEventCenterDelegate: THREAD_RESUMED: thread (33, main, main)
18:26:15.548 INFO: JdwpEventCenterDelegate: THREAD_RESUMED: thread (33, main, main)
18:26:15.550 INFO: JdwpEventCenterDelegate: THREAD_RESUMED: thread (33, main, main)
18:26:20.100 INFO: JdwpEventCenterDelegate: THREAD_STARTED: thread (108, Timer, main)
18:26:20.974 INFO: JdwpEventCenterDelegate: THREAD_RESUMED: thread (33, main, main)
18:26:21.007 INFO: JdwpEventCenterDelegate: THREAD_RESUMED: thread (33, main, main)
18:26:21.031 INFO: JdwpEventCenterDelegate: THREAD_RESUMED: thread (33, main, main)
18:26:21.048 INFO: JdwpEventCenterDelegate: THREAD_RESUMED: thread (33, main, main)
18:26:21.087 INFO: JdwpEventCenterDelegate: THREAD_RESUMED: thread (33, main, main)
18:26:21.120 INFO: JdwpEventCenterDelegate: THREAD_RESUMED: thread (33, main, main)
18:26:21.138 INFO: JdwpEventCenterDelegate: THREAD_RESUMED: thread (33, main, main)
18:26:21.153 INFO: JdwpEventCenterDelegate: THREAD_RESUMED: thread (33, main, main)
18:26:21.160 INFO: JdwpEventCenterDelegate: THREAD_RESUMED: thread (33, main, main)
18:26:21.174 INFO: JdwpEventCenterDelegate: THREAD_RESUMED: thread (33, main, main)
18:26:21.206 INFO: JdwpEventCenterDelegate: THREAD_RESUMED: thread (33, main, main)
18:26:21.218 INFO: JdwpEventCenterDelegate: THREAD_RESUMED: thread (33, main, main)
18:26:21.230 INFO: JdwpEventCenterDelegate: THREAD_RESUMED: thread (33, main, main)
18:26:21.242 INFO: JdwpEventCenterDelegate: THREAD_RESUMED: thread (33, main, main)
18:26:21.277 INFO: JdwpEventCenterDelegate: THREAD_RESUMED: thread (33, main, main)
18:26:21.311 INFO: JdwpEventCenterDelegate: THREAD_RESUMED: thread (33, main, main)
18:26:21.327 INFO: JdwpEventCenterDelegate: THREAD_RESUMED: thread (33, main, main)
18:26:21.342 INFO: JdwpEventCenterDelegate: THREAD_RESUMED: thread (33, main, main)
18:26:21.348 INFO: JdwpEventCenterDelegate: THREAD_RESUMED: thread (33, main, main)
18:26:21.362 INFO: JdwpEventCenterDelegate: THREAD_RESUMED: thread (33, main, main)
18:26:22.344 INFO: JdwpEventCenterDelegate: THREAD_RESUMED: thread (33, main, main)
18:26:22.347 INFO: JdwpEventCenterDelegate: THREAD_RESUMED: thread (33, main, main)
18:26:22.349 INFO: JdwpEventCenterDelegate: THREAD_RESUMED: thread (33, main, main)
18:26:22.351 INFO: JdwpEventCenterDelegate: THREAD_RESUMED: thread (33, main, main)
18:26:22.353 INFO: JdwpEventCenterDelegate: THREAD_RESUMED: thread (33, main, main)
18:26:22.355 INFO: JdwpEventCenterDelegate: THREAD_RESUMED: thread (33, main, main)
18:26:22.358 INFO: JdwpEventCenterDelegate: THREAD_RESUMED: thread (33, main, main)
18:26:22.397 INFO: JdwpEventCenterDelegate: THREAD_STARTED: thread (123, Thread-7, main)
18:30:31.024 INFO: JdwpDebugServer: handling req: VirtualMachine(1).Exit(10)
18:30:31.024 SEVERE: Debugger: Thread JDWP server socket thread crashed
org.robovm.debugger.DebuggerException: Terminating due exit command
	at org.robovm.debugger.jdwp.JdwpDebugServer.doSocketWork(JdwpDebugServer.java:211)
	at java.base/java.lang.Thread.run(Thread.java:834)
	at org.robovm.debugger.utils.DebuggerThread.run(DebuggerThread.java:42)
18:30:31.530 SEVERE: Debugger: Thread HooksChannel socket thread crashed
org.robovm.debugger.DebuggerException: java.io.IOException: org.robovm.libimobiledevice.LibIMobileDeviceException: IDEVICE_E_UNKNOWN_ERROR
	at org.robovm.debugger.hooks.HooksChannel.doSocketWork(HooksChannel.java:149)
	at java.base/java.lang.Thread.run(Thread.java:834)
	at org.robovm.debugger.utils.DebuggerThread.run(DebuggerThread.java:42)
Caused by: java.io.IOException: org.robovm.libimobiledevice.LibIMobileDeviceException: IDEVICE_E_UNKNOWN_ERROR
	at org.robovm.libimobiledevice.IDeviceConnection$DeviceInputStream.read(IDeviceConnection.java:203)
	at org.robovm.debugger.utils.bytebuffer.DataBufferWriter.writeFromStream(DataBufferWriter.java:89)
	at org.robovm.debugger.hooks.HooksChannel.doSocketWork(HooksChannel.java:116)
	... 2 more
Caused by: org.robovm.libimobiledevice.LibIMobileDeviceException: IDEVICE_E_UNKNOWN_ERROR
	at org.robovm.libimobiledevice.IDevice.checkResult(IDevice.java:206)
	at org.robovm.libimobiledevice.IDeviceConnection.receive(IDeviceConnection.java:110)
	at org.robovm.libimobiledevice.IDeviceConnection.receive(IDeviceConnection.java:81)
	at org.robovm.libimobiledevice.IDeviceConnection$DeviceInputStream.read(IDeviceConnection.java:201)
	... 4 more
