15:56:57.563 INFO: JdwpDebugServer: handling req: VirtualMachine(1).IDSizes(7)
15:56:57.564 INFO: JdwpDebugServer: handling req: EventRequest(15).Set(1)
15:56:57.564 INFO: JdwpEventCenterDelegate: jdwpSetEventRequest: JdwpEventRequest{requestId=100, eventKind=CLASS_PREPARE, suspendPolicy=NONE, predicates=[]}
15:56:57.564 INFO: JdwpDebugServer: handling req: EventRequest(15).Set(1)
15:56:57.564 INFO: JdwpEventCenterDelegate: jdwpSetEventRequest: JdwpEventRequest{requestId=101, eventKind=CLASS_UNLOAD, suspendPolicy=NONE, predicates=[]}
15:56:57.586 INFO: JdwpDebugServer: handling req: VirtualMachine(1).Version(1)
15:56:57.586 INFO: JdwpDebugServer: handling req: VirtualMachine(1).capabilitiesNew(17)
15:56:57.586 INFO: JdwpDebugServer: handling req: VirtualMachine(1).capabilities(12)
15:56:57.586 INFO: JdwpDebugServer: handling req: VirtualMachine(1).AllClassesWithGeneric(20)
15:56:57.590 INFO: JdwpDebugServer: handling req: VirtualMachine(1).TopLevelThreadGroups(5)
15:56:57.590 INFO: JdwpDebugServer: handling req: EventRequest(15).Set(1)
15:56:57.590 INFO: JdwpEventCenterDelegate: jdwpSetEventRequest: JdwpEventRequest{requestId=102, eventKind=THREAD_START, suspendPolicy=NONE, predicates=[]}
15:56:57.590 INFO: JdwpDebugServer: handling req: EventRequest(15).Set(1)
15:56:57.591 INFO: JdwpEventCenterDelegate: jdwpSetEventRequest: JdwpEventRequest{requestId=103, eventKind=THREAD_DEATH, suspendPolicy=NONE, predicates=[]}
15:56:57.591 INFO: JdwpDebugServer: handling req: EventRequest(15).Set(1)
15:56:57.591 INFO: JdwpEventCenterDelegate: jdwpSetEventRequest: JdwpEventRequest{requestId=104, eventKind=CLASS_PREPARE, suspendPolicy=EVENT_THREAD, predicates=[className=sun.instrument.InstrumentationImpl]}
15:56:57.592 INFO: JdwpDebugServer: handling req: EventRequest(15).Set(1)
15:56:57.592 INFO: JdwpEventCenterDelegate: jdwpSetEventRequest: JdwpEventRequest{requestId=105, eventKind=CLASS_PREPARE, suspendPolicy=EVENT_THREAD, predicates=[className=sun.instrument.InstrumentationImpl]}
15:56:58.182 INFO: JdwpDebugServer: handling req: VirtualMachine(1).Resume(9)
15:56:58.234 INFO: JdwpEventCenterDelegate: THREAD_STARTED: thread (33, main, main)
15:56:58.257 INFO: JdwpEventCenterDelegate: THREAD_STARTED: thread (48, ReferenceQueueDaemon, main)
15:56:58.262 INFO: JdwpEventCenterDelegate: THREAD_STARTED: thread (63, FinalizerDaemon, main)
15:56:58.269 INFO: JdwpEventCenterDelegate: THREAD_STARTED: thread (78, FinalizerWatchdogDaemon, main)
15:56:58.270 INFO: JdwpEventCenterDelegate: THREAD_RESUMED: thread (33, main, main)
15:56:58.271 INFO: JdwpEventCenterDelegate: THREAD_RESUMED: thread (33, main, main)
15:56:58.273 INFO: JdwpEventCenterDelegate: THREAD_RESUMED: thread (33, main, main)
15:56:58.274 INFO: JdwpEventCenterDelegate: THREAD_RESUMED: thread (33, main, main)
15:56:58.275 INFO: JdwpEventCenterDelegate: THREAD_RESUMED: thread (33, main, main)
15:56:58.276 INFO: JdwpEventCenterDelegate: THREAD_RESUMED: thread (33, main, main)
15:56:58.277 INFO: JdwpEventCenterDelegate: THREAD_RESUMED: thread (33, main, main)
15:56:58.278 INFO: JdwpEventCenterDelegate: THREAD_RESUMED: thread (33, main, main)
15:56:58.279 INFO: JdwpEventCenterDelegate: THREAD_RESUMED: thread (33, main, main)
15:56:58.280 INFO: JdwpEventCenterDelegate: THREAD_RESUMED: thread (33, main, main)
15:56:58.281 INFO: JdwpEventCenterDelegate: THREAD_RESUMED: thread (33, main, main)
15:56:58.282 INFO: JdwpEventCenterDelegate: THREAD_RESUMED: thread (33, main, main)
15:56:58.283 INFO: JdwpEventCenterDelegate: THREAD_RESUMED: thread (33, main, main)
15:56:58.285 INFO: JdwpEventCenterDelegate: THREAD_RESUMED: thread (33, main, main)
15:56:58.287 INFO: JdwpEventCenterDelegate: THREAD_RESUMED: thread (33, main, main)
15:56:58.289 INFO: JdwpEventCenterDelegate: THREAD_RESUMED: thread (33, main, main)
15:56:58.290 INFO: JdwpEventCenterDelegate: THREAD_RESUMED: thread (33, main, main)
15:56:58.291 INFO: JdwpEventCenterDelegate: THREAD_RESUMED: thread (33, main, main)
15:56:58.295 INFO: JdwpEventCenterDelegate: THREAD_RESUMED: thread (33, main, main)
15:56:58.296 INFO: JdwpEventCenterDelegate: THREAD_RESUMED: thread (33, main, main)
15:56:58.297 INFO: JdwpEventCenterDelegate: THREAD_RESUMED: thread (33, main, main)
15:56:58.298 INFO: JdwpEventCenterDelegate: THREAD_RESUMED: thread (33, main, main)
15:56:58.299 INFO: JdwpEventCenterDelegate: THREAD_RESUMED: thread (33, main, main)
15:56:58.301 INFO: JdwpEventCenterDelegate: THREAD_RESUMED: thread (33, main, main)
15:56:58.302 INFO: JdwpEventCenterDelegate: THREAD_RESUMED: thread (33, main, main)
15:56:58.331 INFO: JdwpEventCenterDelegate: THREAD_RESUMED: thread (33, main, main)
15:56:58.333 INFO: JdwpEventCenterDelegate: THREAD_RESUMED: thread (33, main, main)
15:56:58.334 INFO: JdwpEventCenterDelegate: THREAD_RESUMED: thread (33, main, main)
15:56:58.335 INFO: JdwpEventCenterDelegate: THREAD_RESUMED: thread (33, main, main)
15:56:58.336 INFO: JdwpEventCenterDelegate: THREAD_RESUMED: thread (33, main, main)
15:56:58.337 INFO: JdwpEventCenterDelegate: THREAD_RESUMED: thread (33, main, main)
15:56:58.339 INFO: JdwpEventCenterDelegate: THREAD_RESUMED: thread (33, main, main)
15:56:58.341 INFO: JdwpEventCenterDelegate: THREAD_RESUMED: thread (33, main, main)
15:56:58.342 INFO: JdwpEventCenterDelegate: THREAD_RESUMED: thread (33, main, main)
15:56:58.343 INFO: JdwpEventCenterDelegate: THREAD_RESUMED: thread (33, main, main)
15:56:58.345 INFO: JdwpEventCenterDelegate: THREAD_RESUMED: thread (33, main, main)
15:56:58.346 INFO: JdwpEventCenterDelegate: THREAD_RESUMED: thread (33, main, main)
15:56:58.347 INFO: JdwpEventCenterDelegate: THREAD_RESUMED: thread (33, main, main)
15:56:58.348 INFO: JdwpEventCenterDelegate: THREAD_RESUMED: thread (33, main, main)
15:56:58.361 INFO: JdwpEventCenterDelegate: THREAD_RESUMED: thread (33, main, main)
15:56:58.363 INFO: JdwpEventCenterDelegate: THREAD_RESUMED: thread (33, main, main)
15:56:58.364 INFO: JdwpEventCenterDelegate: THREAD_RESUMED: thread (33, main, main)
15:56:58.365 INFO: JdwpEventCenterDelegate: THREAD_RESUMED: thread (33, main, main)
15:56:58.367 INFO: JdwpEventCenterDelegate: THREAD_RESUMED: thread (33, main, main)
15:56:58.368 INFO: JdwpEventCenterDelegate: THREAD_RESUMED: thread (33, main, main)
15:56:58.369 INFO: JdwpEventCenterDelegate: THREAD_RESUMED: thread (33, main, main)
15:56:58.409 INFO: JdwpEventCenterDelegate: THREAD_RESUMED: thread (33, main, main)
15:56:58.411 INFO: JdwpEventCenterDelegate: THREAD_RESUMED: thread (33, main, main)
15:56:58.412 INFO: JdwpEventCenterDelegate: THREAD_RESUMED: thread (33, main, main)
15:56:58.414 INFO: JdwpEventCenterDelegate: THREAD_RESUMED: thread (33, main, main)
15:56:58.415 INFO: JdwpEventCenterDelegate: THREAD_RESUMED: thread (33, main, main)
15:56:58.416 INFO: JdwpEventCenterDelegate: THREAD_RESUMED: thread (33, main, main)
15:56:58.417 INFO: JdwpEventCenterDelegate: THREAD_RESUMED: thread (33, main, main)
15:56:58.430 INFO: JdwpEventCenterDelegate: THREAD_RESUMED: thread (33, main, main)
15:56:58.431 INFO: JdwpEventCenterDelegate: THREAD_RESUMED: thread (33, main, main)
15:56:58.433 INFO: JdwpEventCenterDelegate: THREAD_RESUMED: thread (33, main, main)
15:56:58.434 INFO: JdwpEventCenterDelegate: THREAD_RESUMED: thread (33, main, main)
15:56:58.435 INFO: JdwpEventCenterDelegate: THREAD_RESUMED: thread (33, main, main)
15:56:58.436 INFO: JdwpEventCenterDelegate: THREAD_RESUMED: thread (33, main, main)
15:56:58.437 INFO: JdwpEventCenterDelegate: THREAD_RESUMED: thread (33, main, main)
15:56:58.447 INFO: JdwpEventCenterDelegate: THREAD_RESUMED: thread (33, main, main)
15:56:58.448 INFO: JdwpEventCenterDelegate: THREAD_RESUMED: thread (33, main, main)
15:56:58.449 INFO: JdwpEventCenterDelegate: THREAD_RESUMED: thread (33, main, main)
15:56:58.451 INFO: JdwpEventCenterDelegate: THREAD_RESUMED: thread (33, main, main)
15:56:58.452 INFO: JdwpEventCenterDelegate: THREAD_RESUMED: thread (33, main, main)
15:56:58.453 INFO: JdwpEventCenterDelegate: THREAD_RESUMED: thread (33, main, main)
15:56:58.456 INFO: JdwpEventCenterDelegate: THREAD_RESUMED: thread (33, main, main)
15:56:58.457 INFO: JdwpEventCenterDelegate: THREAD_RESUMED: thread (33, main, main)
15:56:58.458 INFO: JdwpEventCenterDelegate: THREAD_RESUMED: thread (33, main, main)
15:56:58.460 INFO: JdwpEventCenterDelegate: THREAD_RESUMED: thread (33, main, main)
15:56:58.460 INFO: JdwpEventCenterDelegate: THREAD_RESUMED: thread (33, main, main)
15:56:58.462 INFO: JdwpEventCenterDelegate: THREAD_RESUMED: thread (33, main, main)
15:56:58.463 INFO: JdwpEventCenterDelegate: THREAD_RESUMED: thread (33, main, main)
15:56:58.464 INFO: JdwpEventCenterDelegate: THREAD_RESUMED: thread (33, main, main)
15:56:58.465 INFO: JdwpEventCenterDelegate: THREAD_RESUMED: thread (33, main, main)
15:56:58.467 INFO: JdwpEventCenterDelegate: THREAD_RESUMED: thread (33, main, main)
15:56:58.468 INFO: JdwpEventCenterDelegate: THREAD_RESUMED: thread (33, main, main)
15:56:58.469 INFO: JdwpEventCenterDelegate: THREAD_RESUMED: thread (33, main, main)
15:56:58.473 INFO: JdwpEventCenterDelegate: THREAD_RESUMED: thread (33, main, main)
15:56:58.474 INFO: JdwpEventCenterDelegate: THREAD_RESUMED: thread (33, main, main)
15:56:58.603 INFO: JdwpEventCenterDelegate: THREAD_STARTED: thread (93, AssetManager, main)
15:56:58.707 INFO: JdwpEventCenterDelegate: THREAD_RESUMED: thread (33, main, main)
15:56:58.709 INFO: JdwpEventCenterDelegate: THREAD_RESUMED: thread (33, main, main)
15:57:01.308 INFO: JdwpEventCenterDelegate: THREAD_RESUMED: thread (33, main, main)
15:57:01.404 INFO: JdwpEventCenterDelegate: THREAD_RESUMED: thread (33, main, main)
15:57:01.405 INFO: JdwpEventCenterDelegate: THREAD_RESUMED: thread (33, main, main)
15:57:01.407 INFO: JdwpEventCenterDelegate: THREAD_RESUMED: thread (33, main, main)
15:57:01.408 INFO: JdwpEventCenterDelegate: THREAD_RESUMED: thread (33, main, main)
15:57:01.410 INFO: JdwpEventCenterDelegate: THREAD_RESUMED: thread (33, main, main)
15:57:01.415 INFO: JdwpEventCenterDelegate: THREAD_RESUMED: thread (33, main, main)
15:57:01.427 INFO: JdwpEventCenterDelegate: THREAD_RESUMED: thread (33, main, main)
15:57:01.429 INFO: JdwpEventCenterDelegate: THREAD_RESUMED: thread (33, main, main)
15:57:01.431 INFO: JdwpEventCenterDelegate: THREAD_RESUMED: thread (33, main, main)
15:57:01.433 INFO: JdwpEventCenterDelegate: THREAD_RESUMED: thread (33, main, main)
15:57:01.435 INFO: JdwpEventCenterDelegate: THREAD_RESUMED: thread (33, main, main)
15:57:01.440 INFO: JdwpEventCenterDelegate: THREAD_RESUMED: thread (33, main, main)
15:57:01.455 INFO: JdwpEventCenterDelegate: THREAD_RESUMED: thread (33, main, main)
15:57:01.457 INFO: JdwpEventCenterDelegate: THREAD_RESUMED: thread (33, main, main)
15:57:01.459 INFO: JdwpEventCenterDelegate: THREAD_RESUMED: thread (33, main, main)
15:57:01.461 INFO: JdwpEventCenterDelegate: THREAD_RESUMED: thread (33, main, main)
15:57:01.463 INFO: JdwpEventCenterDelegate: THREAD_RESUMED: thread (33, main, main)
15:57:01.468 INFO: JdwpEventCenterDelegate: THREAD_RESUMED: thread (33, main, main)
15:57:01.486 INFO: JdwpEventCenterDelegate: THREAD_RESUMED: thread (33, main, main)
15:57:01.489 INFO: JdwpEventCenterDelegate: THREAD_RESUMED: thread (33, main, main)
15:57:01.491 INFO: JdwpEventCenterDelegate: THREAD_RESUMED: thread (33, main, main)
15:57:01.493 INFO: JdwpEventCenterDelegate: THREAD_RESUMED: thread (33, main, main)
15:57:01.495 INFO: JdwpEventCenterDelegate: THREAD_RESUMED: thread (33, main, main)
15:57:01.500 INFO: JdwpEventCenterDelegate: THREAD_RESUMED: thread (33, main, main)
15:57:01.515 INFO: JdwpEventCenterDelegate: THREAD_RESUMED: thread (33, main, main)
15:57:01.517 INFO: JdwpEventCenterDelegate: THREAD_RESUMED: thread (33, main, main)
15:57:01.520 INFO: JdwpEventCenterDelegate: THREAD_RESUMED: thread (33, main, main)
15:57:01.522 INFO: JdwpEventCenterDelegate: THREAD_RESUMED: thread (33, main, main)
15:57:01.524 INFO: JdwpEventCenterDelegate: THREAD_RESUMED: thread (33, main, main)
15:57:01.529 INFO: JdwpEventCenterDelegate: THREAD_RESUMED: thread (33, main, main)
15:57:01.544 INFO: JdwpEventCenterDelegate: THREAD_RESUMED: thread (33, main, main)
15:57:01.546 INFO: JdwpEventCenterDelegate: THREAD_RESUMED: thread (33, main, main)
15:57:01.549 INFO: JdwpEventCenterDelegate: THREAD_RESUMED: thread (33, main, main)
15:57:01.551 INFO: JdwpEventCenterDelegate: THREAD_RESUMED: thread (33, main, main)
15:57:01.553 INFO: JdwpEventCenterDelegate: THREAD_RESUMED: thread (33, main, main)
15:57:01.558 INFO: JdwpEventCenterDelegate: THREAD_RESUMED: thread (33, main, main)
15:57:01.580 INFO: JdwpEventCenterDelegate: THREAD_RESUMED: thread (33, main, main)
15:57:01.582 INFO: JdwpEventCenterDelegate: THREAD_RESUMED: thread (33, main, main)
15:57:01.584 INFO: JdwpEventCenterDelegate: THREAD_RESUMED: thread (33, main, main)
15:57:01.586 INFO: JdwpEventCenterDelegate: THREAD_RESUMED: thread (33, main, main)
15:57:01.588 INFO: JdwpEventCenterDelegate: THREAD_RESUMED: thread (33, main, main)
15:57:01.593 INFO: JdwpEventCenterDelegate: THREAD_RESUMED: thread (33, main, main)
15:57:01.612 INFO: JdwpEventCenterDelegate: THREAD_RESUMED: thread (33, main, main)
15:57:01.614 INFO: JdwpEventCenterDelegate: THREAD_RESUMED: thread (33, main, main)
15:57:01.617 INFO: JdwpEventCenterDelegate: THREAD_RESUMED: thread (33, main, main)
15:57:01.619 INFO: JdwpEventCenterDelegate: THREAD_RESUMED: thread (33, main, main)
15:57:01.620 INFO: JdwpEventCenterDelegate: THREAD_RESUMED: thread (33, main, main)
15:57:01.625 INFO: JdwpEventCenterDelegate: THREAD_RESUMED: thread (33, main, main)
15:57:01.644 INFO: JdwpEventCenterDelegate: THREAD_RESUMED: thread (33, main, main)
15:57:01.646 INFO: JdwpEventCenterDelegate: THREAD_RESUMED: thread (33, main, main)
15:57:01.648 INFO: JdwpEventCenterDelegate: THREAD_RESUMED: thread (33, main, main)
15:57:01.650 INFO: JdwpEventCenterDelegate: THREAD_RESUMED: thread (33, main, main)
15:57:01.652 INFO: JdwpEventCenterDelegate: THREAD_RESUMED: thread (33, main, main)
15:57:01.657 INFO: JdwpEventCenterDelegate: THREAD_RESUMED: thread (33, main, main)
15:57:01.672 INFO: JdwpEventCenterDelegate: THREAD_RESUMED: thread (33, main, main)
15:57:01.675 INFO: JdwpEventCenterDelegate: THREAD_RESUMED: thread (33, main, main)
15:57:01.677 INFO: JdwpEventCenterDelegate: THREAD_RESUMED: thread (33, main, main)
15:57:01.679 INFO: JdwpEventCenterDelegate: THREAD_RESUMED: thread (33, main, main)
15:57:01.681 INFO: JdwpEventCenterDelegate: THREAD_RESUMED: thread (33, main, main)
15:57:01.686 INFO: JdwpEventCenterDelegate: THREAD_RESUMED: thread (33, main, main)
15:57:01.701 INFO: JdwpEventCenterDelegate: THREAD_RESUMED: thread (33, main, main)
15:57:01.703 INFO: JdwpEventCenterDelegate: THREAD_RESUMED: thread (33, main, main)
15:57:01.706 INFO: JdwpEventCenterDelegate: THREAD_RESUMED: thread (33, main, main)
15:57:01.707 INFO: JdwpEventCenterDelegate: THREAD_RESUMED: thread (33, main, main)
15:57:01.709 INFO: JdwpEventCenterDelegate: THREAD_RESUMED: thread (33, main, main)
15:57:01.714 INFO: JdwpEventCenterDelegate: THREAD_RESUMED: thread (33, main, main)
15:57:01.734 INFO: JdwpEventCenterDelegate: THREAD_RESUMED: thread (33, main, main)
15:57:01.736 INFO: JdwpEventCenterDelegate: THREAD_RESUMED: thread (33, main, main)
15:57:01.738 INFO: JdwpEventCenterDelegate: THREAD_RESUMED: thread (33, main, main)
15:57:01.740 INFO: JdwpEventCenterDelegate: THREAD_RESUMED: thread (33, main, main)
15:57:01.742 INFO: JdwpEventCenterDelegate: THREAD_RESUMED: thread (33, main, main)
15:57:01.747 INFO: JdwpEventCenterDelegate: THREAD_RESUMED: thread (33, main, main)
15:57:01.769 INFO: JdwpEventCenterDelegate: THREAD_RESUMED: thread (33, main, main)
15:57:01.771 INFO: JdwpEventCenterDelegate: THREAD_RESUMED: thread (33, main, main)
15:57:01.773 INFO: JdwpEventCenterDelegate: THREAD_RESUMED: thread (33, main, main)
15:57:01.775 INFO: JdwpEventCenterDelegate: THREAD_RESUMED: thread (33, main, main)
15:57:01.778 INFO: JdwpEventCenterDelegate: THREAD_RESUMED: thread (33, main, main)
15:57:01.782 INFO: JdwpEventCenterDelegate: THREAD_RESUMED: thread (33, main, main)
15:57:01.802 INFO: JdwpEventCenterDelegate: THREAD_RESUMED: thread (33, main, main)
15:57:01.804 INFO: JdwpEventCenterDelegate: THREAD_RESUMED: thread (33, main, main)
15:57:01.806 INFO: JdwpEventCenterDelegate: THREAD_RESUMED: thread (33, main, main)
15:57:01.808 INFO: JdwpEventCenterDelegate: THREAD_RESUMED: thread (33, main, main)
15:57:01.810 INFO: JdwpEventCenterDelegate: THREAD_RESUMED: thread (33, main, main)
15:57:01.815 INFO: JdwpEventCenterDelegate: THREAD_RESUMED: thread (33, main, main)
15:57:01.828 INFO: JdwpEventCenterDelegate: THREAD_RESUMED: thread (33, main, main)
15:57:01.831 INFO: JdwpEventCenterDelegate: THREAD_RESUMED: thread (33, main, main)
15:57:01.833 INFO: JdwpEventCenterDelegate: THREAD_RESUMED: thread (33, main, main)
15:57:01.835 INFO: JdwpEventCenterDelegate: THREAD_RESUMED: thread (33, main, main)
15:57:01.838 INFO: JdwpEventCenterDelegate: THREAD_RESUMED: thread (33, main, main)
15:57:01.843 INFO: JdwpEventCenterDelegate: THREAD_RESUMED: thread (33, main, main)
15:57:01.845 INFO: JdwpEventCenterDelegate: THREAD_RESUMED: thread (33, main, main)
15:57:01.848 INFO: JdwpEventCenterDelegate: THREAD_RESUMED: thread (33, main, main)
15:57:01.850 INFO: JdwpEventCenterDelegate: THREAD_RESUMED: thread (33, main, main)
15:57:01.852 INFO: JdwpEventCenterDelegate: THREAD_RESUMED: thread (33, main, main)
15:57:01.855 INFO: JdwpEventCenterDelegate: THREAD_RESUMED: thread (33, main, main)
15:57:01.857 INFO: JdwpEventCenterDelegate: THREAD_RESUMED: thread (33, main, main)
15:57:01.862 INFO: JdwpEventCenterDelegate: THREAD_RESUMED: thread (33, main, main)
15:57:01.864 INFO: JdwpEventCenterDelegate: THREAD_RESUMED: thread (33, main, main)
15:57:01.867 INFO: JdwpEventCenterDelegate: THREAD_RESUMED: thread (33, main, main)
15:57:01.869 INFO: JdwpEventCenterDelegate: THREAD_RESUMED: thread (33, main, main)
15:57:01.873 INFO: JdwpEventCenterDelegate: THREAD_RESUMED: thread (33, main, main)
15:57:01.875 INFO: JdwpEventCenterDelegate: THREAD_RESUMED: thread (33, main, main)
15:57:01.878 INFO: JdwpEventCenterDelegate: THREAD_RESUMED: thread (33, main, main)
15:57:01.880 INFO: JdwpEventCenterDelegate: THREAD_RESUMED: thread (33, main, main)
15:57:01.881 INFO: JdwpEventCenterDelegate: THREAD_RESUMED: thread (33, main, main)
15:57:01.886 INFO: JdwpEventCenterDelegate: THREAD_RESUMED: thread (33, main, main)
15:57:01.899 INFO: JdwpEventCenterDelegate: THREAD_RESUMED: thread (33, main, main)
15:57:01.916 INFO: JdwpEventCenterDelegate: THREAD_RESUMED: thread (33, main, main)
15:57:01.927 INFO: JdwpEventCenterDelegate: THREAD_RESUMED: thread (33, main, main)
15:57:01.940 INFO: JdwpEventCenterDelegate: THREAD_RESUMED: thread (33, main, main)
15:57:01.971 INFO: JdwpEventCenterDelegate: THREAD_RESUMED: thread (33, main, main)
15:57:01.973 INFO: JdwpEventCenterDelegate: THREAD_RESUMED: thread (33, main, main)
15:57:01.976 INFO: JdwpEventCenterDelegate: THREAD_RESUMED: thread (33, main, main)
15:57:01.978 INFO: JdwpEventCenterDelegate: THREAD_RESUMED: thread (33, main, main)
15:57:01.980 INFO: JdwpEventCenterDelegate: THREAD_RESUMED: thread (33, main, main)
15:57:01.984 INFO: JdwpEventCenterDelegate: THREAD_RESUMED: thread (33, main, main)
15:57:01.996 INFO: JdwpEventCenterDelegate: THREAD_RESUMED: thread (33, main, main)
15:57:01.998 INFO: JdwpEventCenterDelegate: THREAD_RESUMED: thread (33, main, main)
15:57:02.000 INFO: JdwpEventCenterDelegate: THREAD_RESUMED: thread (33, main, main)
15:57:02.002 INFO: JdwpEventCenterDelegate: THREAD_RESUMED: thread (33, main, main)
15:57:02.005 INFO: JdwpEventCenterDelegate: THREAD_RESUMED: thread (33, main, main)
15:57:02.010 INFO: JdwpEventCenterDelegate: THREAD_RESUMED: thread (33, main, main)
15:57:02.024 INFO: JdwpEventCenterDelegate: THREAD_RESUMED: thread (33, main, main)
15:57:02.026 INFO: JdwpEventCenterDelegate: THREAD_RESUMED: thread (33, main, main)
15:57:02.028 INFO: JdwpEventCenterDelegate: THREAD_RESUMED: thread (33, main, main)
15:57:02.030 INFO: JdwpEventCenterDelegate: THREAD_RESUMED: thread (33, main, main)
15:57:02.032 INFO: JdwpEventCenterDelegate: THREAD_RESUMED: thread (33, main, main)
15:57:02.037 INFO: JdwpEventCenterDelegate: THREAD_RESUMED: thread (33, main, main)
15:57:02.054 INFO: JdwpEventCenterDelegate: THREAD_RESUMED: thread (33, main, main)
15:57:02.057 INFO: JdwpEventCenterDelegate: THREAD_RESUMED: thread (33, main, main)
15:57:02.059 INFO: JdwpEventCenterDelegate: THREAD_RESUMED: thread (33, main, main)
15:57:02.061 INFO: JdwpEventCenterDelegate: THREAD_RESUMED: thread (33, main, main)
15:57:02.063 INFO: JdwpEventCenterDelegate: THREAD_RESUMED: thread (33, main, main)
15:57:02.068 INFO: JdwpEventCenterDelegate: THREAD_RESUMED: thread (33, main, main)
15:57:02.082 INFO: JdwpEventCenterDelegate: THREAD_RESUMED: thread (33, main, main)
15:57:02.085 INFO: JdwpEventCenterDelegate: THREAD_RESUMED: thread (33, main, main)
15:57:02.087 INFO: JdwpEventCenterDelegate: THREAD_RESUMED: thread (33, main, main)
15:57:02.089 INFO: JdwpEventCenterDelegate: THREAD_RESUMED: thread (33, main, main)
15:57:02.091 INFO: JdwpEventCenterDelegate: THREAD_RESUMED: thread (33, main, main)
15:57:02.095 INFO: JdwpEventCenterDelegate: THREAD_RESUMED: thread (33, main, main)
15:57:02.110 INFO: JdwpEventCenterDelegate: THREAD_RESUMED: thread (33, main, main)
15:57:02.112 INFO: JdwpEventCenterDelegate: THREAD_RESUMED: thread (33, main, main)
15:57:02.114 INFO: JdwpEventCenterDelegate: THREAD_RESUMED: thread (33, main, main)
15:57:02.116 INFO: JdwpEventCenterDelegate: THREAD_RESUMED: thread (33, main, main)
15:57:02.118 INFO: JdwpEventCenterDelegate: THREAD_RESUMED: thread (33, main, main)
15:57:02.122 INFO: JdwpEventCenterDelegate: THREAD_RESUMED: thread (33, main, main)
15:57:02.144 INFO: JdwpEventCenterDelegate: THREAD_RESUMED: thread (33, main, main)
15:57:02.146 INFO: JdwpEventCenterDelegate: THREAD_RESUMED: thread (33, main, main)
15:57:02.147 INFO: JdwpEventCenterDelegate: THREAD_RESUMED: thread (33, main, main)
15:57:02.150 INFO: JdwpEventCenterDelegate: THREAD_RESUMED: thread (33, main, main)
15:57:02.152 INFO: JdwpEventCenterDelegate: THREAD_RESUMED: thread (33, main, main)
15:57:02.156 INFO: JdwpEventCenterDelegate: THREAD_RESUMED: thread (33, main, main)
15:57:02.174 INFO: JdwpEventCenterDelegate: THREAD_RESUMED: thread (33, main, main)
15:57:02.176 INFO: JdwpEventCenterDelegate: THREAD_RESUMED: thread (33, main, main)
15:57:02.178 INFO: JdwpEventCenterDelegate: THREAD_RESUMED: thread (33, main, main)
15:57:02.180 INFO: JdwpEventCenterDelegate: THREAD_RESUMED: thread (33, main, main)
15:57:02.182 INFO: JdwpEventCenterDelegate: THREAD_RESUMED: thread (33, main, main)
15:57:02.187 INFO: JdwpEventCenterDelegate: THREAD_RESUMED: thread (33, main, main)
15:57:02.204 INFO: JdwpEventCenterDelegate: THREAD_RESUMED: thread (33, main, main)
15:57:02.206 INFO: JdwpEventCenterDelegate: THREAD_RESUMED: thread (33, main, main)
15:57:02.208 INFO: JdwpEventCenterDelegate: THREAD_RESUMED: thread (33, main, main)
15:57:02.210 INFO: JdwpEventCenterDelegate: THREAD_RESUMED: thread (33, main, main)
15:57:02.212 INFO: JdwpEventCenterDelegate: THREAD_RESUMED: thread (33, main, main)
15:57:02.216 INFO: JdwpEventCenterDelegate: THREAD_RESUMED: thread (33, main, main)
15:57:02.231 INFO: JdwpEventCenterDelegate: THREAD_RESUMED: thread (33, main, main)
15:57:02.232 INFO: JdwpEventCenterDelegate: THREAD_RESUMED: thread (33, main, main)
15:57:02.234 INFO: JdwpEventCenterDelegate: THREAD_RESUMED: thread (33, main, main)
15:57:02.236 INFO: JdwpEventCenterDelegate: THREAD_RESUMED: thread (33, main, main)
15:57:02.238 INFO: JdwpEventCenterDelegate: THREAD_RESUMED: thread (33, main, main)
15:57:02.242 INFO: JdwpEventCenterDelegate: THREAD_RESUMED: thread (33, main, main)
15:57:02.257 INFO: JdwpEventCenterDelegate: THREAD_RESUMED: thread (33, main, main)
15:57:02.259 INFO: JdwpEventCenterDelegate: THREAD_RESUMED: thread (33, main, main)
15:57:02.261 INFO: JdwpEventCenterDelegate: THREAD_RESUMED: thread (33, main, main)
15:57:02.264 INFO: JdwpEventCenterDelegate: THREAD_RESUMED: thread (33, main, main)
15:57:02.266 INFO: JdwpEventCenterDelegate: THREAD_RESUMED: thread (33, main, main)
15:57:02.271 INFO: JdwpEventCenterDelegate: THREAD_RESUMED: thread (33, main, main)
15:57:02.289 INFO: JdwpEventCenterDelegate: THREAD_RESUMED: thread (33, main, main)
15:57:02.291 INFO: JdwpEventCenterDelegate: THREAD_RESUMED: thread (33, main, main)
15:57:02.294 INFO: JdwpEventCenterDelegate: THREAD_RESUMED: thread (33, main, main)
15:57:02.295 INFO: JdwpEventCenterDelegate: THREAD_RESUMED: thread (33, main, main)
15:57:02.297 INFO: JdwpEventCenterDelegate: THREAD_RESUMED: thread (33, main, main)
15:57:02.302 INFO: JdwpEventCenterDelegate: THREAD_RESUMED: thread (33, main, main)
15:57:02.326 INFO: JdwpEventCenterDelegate: THREAD_RESUMED: thread (33, main, main)
15:57:02.328 INFO: JdwpEventCenterDelegate: THREAD_RESUMED: thread (33, main, main)
15:57:02.331 INFO: JdwpEventCenterDelegate: THREAD_RESUMED: thread (33, main, main)
15:57:02.333 INFO: JdwpEventCenterDelegate: THREAD_RESUMED: thread (33, main, main)
15:57:02.335 INFO: JdwpEventCenterDelegate: THREAD_RESUMED: thread (33, main, main)
15:57:02.339 INFO: JdwpEventCenterDelegate: THREAD_RESUMED: thread (33, main, main)
15:57:02.357 INFO: JdwpEventCenterDelegate: THREAD_RESUMED: thread (33, main, main)
15:57:02.359 INFO: JdwpEventCenterDelegate: THREAD_RESUMED: thread (33, main, main)
15:57:02.362 INFO: JdwpEventCenterDelegate: THREAD_RESUMED: thread (33, main, main)
15:57:02.364 INFO: JdwpEventCenterDelegate: THREAD_RESUMED: thread (33, main, main)
15:57:02.366 INFO: JdwpEventCenterDelegate: THREAD_RESUMED: thread (33, main, main)
15:57:02.371 INFO: JdwpEventCenterDelegate: THREAD_RESUMED: thread (33, main, main)
15:57:02.383 INFO: JdwpEventCenterDelegate: THREAD_RESUMED: thread (33, main, main)
15:57:02.386 INFO: JdwpEventCenterDelegate: THREAD_RESUMED: thread (33, main, main)
15:57:02.388 INFO: JdwpEventCenterDelegate: THREAD_RESUMED: thread (33, main, main)
15:57:02.390 INFO: JdwpEventCenterDelegate: THREAD_RESUMED: thread (33, main, main)
15:57:02.392 INFO: JdwpEventCenterDelegate: THREAD_RESUMED: thread (33, main, main)
15:57:05.944 INFO: JdwpEventCenterDelegate: THREAD_STARTED: thread (108, Timer, main)
15:57:06.853 INFO: JdwpEventCenterDelegate: THREAD_RESUMED: thread (33, main, main)
15:57:06.895 INFO: JdwpEventCenterDelegate: THREAD_RESUMED: thread (33, main, main)
15:57:06.919 INFO: JdwpEventCenterDelegate: THREAD_RESUMED: thread (33, main, main)
15:57:06.940 INFO: JdwpEventCenterDelegate: THREAD_RESUMED: thread (33, main, main)
15:57:06.958 INFO: JdwpEventCenterDelegate: THREAD_RESUMED: thread (33, main, main)
15:57:06.973 INFO: JdwpEventCenterDelegate: THREAD_RESUMED: thread (33, main, main)
15:57:06.987 INFO: JdwpEventCenterDelegate: THREAD_RESUMED: thread (33, main, main)
15:57:07.004 INFO: JdwpEventCenterDelegate: THREAD_RESUMED: thread (33, main, main)
15:57:07.018 INFO: JdwpEventCenterDelegate: THREAD_RESUMED: thread (33, main, main)
15:57:07.034 INFO: JdwpEventCenterDelegate: THREAD_RESUMED: thread (33, main, main)
15:57:07.050 INFO: JdwpEventCenterDelegate: THREAD_RESUMED: thread (33, main, main)
15:57:07.064 INFO: JdwpEventCenterDelegate: THREAD_RESUMED: thread (33, main, main)
15:57:14.290 INFO: JdwpEventCenterDelegate: THREAD_RESUMED: thread (33, main, main)
15:57:14.356 INFO: JdwpEventCenterDelegate: THREAD_RESUMED: thread (33, main, main)
15:57:14.358 INFO: JdwpEventCenterDelegate: THREAD_RESUMED: thread (33, main, main)
15:57:14.361 INFO: JdwpEventCenterDelegate: THREAD_RESUMED: thread (33, main, main)
15:57:14.363 INFO: JdwpEventCenterDelegate: THREAD_RESUMED: thread (33, main, main)
15:57:14.365 INFO: JdwpEventCenterDelegate: THREAD_RESUMED: thread (33, main, main)
15:57:14.371 INFO: JdwpEventCenterDelegate: THREAD_RESUMED: thread (33, main, main)
15:57:14.386 INFO: JdwpEventCenterDelegate: THREAD_RESUMED: thread (33, main, main)
15:57:14.389 INFO: JdwpEventCenterDelegate: THREAD_RESUMED: thread (33, main, main)
15:57:14.391 INFO: JdwpEventCenterDelegate: THREAD_RESUMED: thread (33, main, main)
15:57:14.393 INFO: JdwpEventCenterDelegate: THREAD_RESUMED: thread (33, main, main)
15:57:14.395 INFO: JdwpEventCenterDelegate: THREAD_RESUMED: thread (33, main, main)
15:57:14.400 INFO: JdwpEventCenterDelegate: THREAD_RESUMED: thread (33, main, main)
15:57:14.416 INFO: JdwpEventCenterDelegate: THREAD_RESUMED: thread (33, main, main)
15:57:14.419 INFO: JdwpEventCenterDelegate: THREAD_RESUMED: thread (33, main, main)
15:57:14.421 INFO: JdwpEventCenterDelegate: THREAD_RESUMED: thread (33, main, main)
15:57:14.423 INFO: JdwpEventCenterDelegate: THREAD_RESUMED: thread (33, main, main)
15:57:14.425 INFO: JdwpEventCenterDelegate: THREAD_RESUMED: thread (33, main, main)
15:57:14.430 INFO: JdwpEventCenterDelegate: THREAD_RESUMED: thread (33, main, main)
15:57:14.449 INFO: JdwpEventCenterDelegate: THREAD_RESUMED: thread (33, main, main)
15:57:14.451 INFO: JdwpEventCenterDelegate: THREAD_RESUMED: thread (33, main, main)
15:57:14.453 INFO: JdwpEventCenterDelegate: THREAD_RESUMED: thread (33, main, main)
15:57:14.455 INFO: JdwpEventCenterDelegate: THREAD_RESUMED: thread (33, main, main)
15:57:14.458 INFO: JdwpEventCenterDelegate: THREAD_RESUMED: thread (33, main, main)
15:57:14.462 INFO: JdwpEventCenterDelegate: THREAD_RESUMED: thread (33, main, main)
15:57:14.477 INFO: JdwpEventCenterDelegate: THREAD_RESUMED: thread (33, main, main)
15:57:14.479 INFO: JdwpEventCenterDelegate: THREAD_RESUMED: thread (33, main, main)
15:57:14.482 INFO: JdwpEventCenterDelegate: THREAD_RESUMED: thread (33, main, main)
15:57:14.484 INFO: JdwpEventCenterDelegate: THREAD_RESUMED: thread (33, main, main)
15:57:14.486 INFO: JdwpEventCenterDelegate: THREAD_RESUMED: thread (33, main, main)
15:57:14.490 INFO: JdwpEventCenterDelegate: THREAD_RESUMED: thread (33, main, main)
15:57:14.505 INFO: JdwpEventCenterDelegate: THREAD_RESUMED: thread (33, main, main)
15:57:14.507 INFO: JdwpEventCenterDelegate: THREAD_RESUMED: thread (33, main, main)
15:57:14.509 INFO: JdwpEventCenterDelegate: THREAD_RESUMED: thread (33, main, main)
15:57:14.511 INFO: JdwpEventCenterDelegate: THREAD_RESUMED: thread (33, main, main)
15:57:14.514 INFO: JdwpEventCenterDelegate: THREAD_RESUMED: thread (33, main, main)
15:57:14.518 INFO: JdwpEventCenterDelegate: THREAD_RESUMED: thread (33, main, main)
15:57:14.536 INFO: JdwpEventCenterDelegate: THREAD_RESUMED: thread (33, main, main)
15:57:14.538 INFO: JdwpEventCenterDelegate: THREAD_RESUMED: thread (33, main, main)
15:57:14.540 INFO: JdwpEventCenterDelegate: THREAD_RESUMED: thread (33, main, main)
15:57:14.542 INFO: JdwpEventCenterDelegate: THREAD_RESUMED: thread (33, main, main)
15:57:14.545 INFO: JdwpEventCenterDelegate: THREAD_RESUMED: thread (33, main, main)
15:57:14.549 INFO: JdwpEventCenterDelegate: THREAD_RESUMED: thread (33, main, main)
15:57:14.571 INFO: JdwpEventCenterDelegate: THREAD_RESUMED: thread (33, main, main)
15:57:14.574 INFO: JdwpEventCenterDelegate: THREAD_RESUMED: thread (33, main, main)
15:57:14.576 INFO: JdwpEventCenterDelegate: THREAD_RESUMED: thread (33, main, main)
15:57:14.578 INFO: JdwpEventCenterDelegate: THREAD_RESUMED: thread (33, main, main)
15:57:14.581 INFO: JdwpEventCenterDelegate: THREAD_RESUMED: thread (33, main, main)
15:57:14.585 INFO: JdwpEventCenterDelegate: THREAD_RESUMED: thread (33, main, main)
15:57:14.603 INFO: JdwpEventCenterDelegate: THREAD_RESUMED: thread (33, main, main)
15:57:14.606 INFO: JdwpEventCenterDelegate: THREAD_RESUMED: thread (33, main, main)
15:57:14.608 INFO: JdwpEventCenterDelegate: THREAD_RESUMED: thread (33, main, main)
15:57:14.610 INFO: JdwpEventCenterDelegate: THREAD_RESUMED: thread (33, main, main)
15:57:14.612 INFO: JdwpEventCenterDelegate: THREAD_RESUMED: thread (33, main, main)
15:57:14.617 INFO: JdwpEventCenterDelegate: THREAD_RESUMED: thread (33, main, main)
15:57:14.632 INFO: JdwpEventCenterDelegate: THREAD_RESUMED: thread (33, main, main)
15:57:14.634 INFO: JdwpEventCenterDelegate: THREAD_RESUMED: thread (33, main, main)
15:57:14.636 INFO: JdwpEventCenterDelegate: THREAD_RESUMED: thread (33, main, main)
15:57:14.638 INFO: JdwpEventCenterDelegate: THREAD_RESUMED: thread (33, main, main)
15:57:14.640 INFO: JdwpEventCenterDelegate: THREAD_RESUMED: thread (33, main, main)
15:57:14.645 INFO: JdwpEventCenterDelegate: THREAD_RESUMED: thread (33, main, main)
15:57:14.659 INFO: JdwpEventCenterDelegate: THREAD_RESUMED: thread (33, main, main)
15:57:14.661 INFO: JdwpEventCenterDelegate: THREAD_RESUMED: thread (33, main, main)
15:57:14.664 INFO: JdwpEventCenterDelegate: THREAD_RESUMED: thread (33, main, main)
15:57:14.666 INFO: JdwpEventCenterDelegate: THREAD_RESUMED: thread (33, main, main)
15:57:14.668 INFO: JdwpEventCenterDelegate: THREAD_RESUMED: thread (33, main, main)
15:57:14.672 INFO: JdwpEventCenterDelegate: THREAD_RESUMED: thread (33, main, main)
15:57:14.691 INFO: JdwpEventCenterDelegate: THREAD_RESUMED: thread (33, main, main)
15:57:14.693 INFO: JdwpEventCenterDelegate: THREAD_RESUMED: thread (33, main, main)
15:57:14.695 INFO: JdwpEventCenterDelegate: THREAD_RESUMED: thread (33, main, main)
15:57:14.697 INFO: JdwpEventCenterDelegate: THREAD_RESUMED: thread (33, main, main)
15:57:14.700 INFO: JdwpEventCenterDelegate: THREAD_RESUMED: thread (33, main, main)
15:57:14.705 INFO: JdwpEventCenterDelegate: THREAD_RESUMED: thread (33, main, main)
15:57:14.725 INFO: JdwpEventCenterDelegate: THREAD_RESUMED: thread (33, main, main)
15:57:14.728 INFO: JdwpEventCenterDelegate: THREAD_RESUMED: thread (33, main, main)
15:57:14.730 INFO: JdwpEventCenterDelegate: THREAD_RESUMED: thread (33, main, main)
15:57:14.732 INFO: JdwpEventCenterDelegate: THREAD_RESUMED: thread (33, main, main)
15:57:14.734 INFO: JdwpEventCenterDelegate: THREAD_RESUMED: thread (33, main, main)
15:57:14.739 INFO: JdwpEventCenterDelegate: THREAD_RESUMED: thread (33, main, main)
15:57:14.760 INFO: JdwpEventCenterDelegate: THREAD_RESUMED: thread (33, main, main)
15:57:14.763 INFO: JdwpEventCenterDelegate: THREAD_RESUMED: thread (33, main, main)
15:57:14.765 INFO: JdwpEventCenterDelegate: THREAD_RESUMED: thread (33, main, main)
15:57:14.767 INFO: JdwpEventCenterDelegate: THREAD_RESUMED: thread (33, main, main)
15:57:14.770 INFO: JdwpEventCenterDelegate: THREAD_RESUMED: thread (33, main, main)
15:57:14.775 INFO: JdwpEventCenterDelegate: THREAD_RESUMED: thread (33, main, main)
15:57:14.788 INFO: JdwpEventCenterDelegate: THREAD_RESUMED: thread (33, main, main)
15:57:14.790 INFO: JdwpEventCenterDelegate: THREAD_RESUMED: thread (33, main, main)
15:57:14.793 INFO: JdwpEventCenterDelegate: THREAD_RESUMED: thread (33, main, main)
15:57:14.795 INFO: JdwpEventCenterDelegate: THREAD_RESUMED: thread (33, main, main)
15:57:14.797 INFO: JdwpEventCenterDelegate: THREAD_RESUMED: thread (33, main, main)
15:57:16.354 INFO: JdwpEventCenterDelegate: THREAD_RESUMED: thread (33, main, main)
15:57:16.386 INFO: JdwpEventCenterDelegate: THREAD_RESUMED: thread (33, main, main)
15:57:16.409 INFO: JdwpEventCenterDelegate: THREAD_RESUMED: thread (33, main, main)
15:57:16.427 INFO: JdwpEventCenterDelegate: THREAD_RESUMED: thread (33, main, main)
15:57:16.466 INFO: JdwpEventCenterDelegate: THREAD_RESUMED: thread (33, main, main)
15:57:16.500 INFO: JdwpEventCenterDelegate: THREAD_RESUMED: thread (33, main, main)
15:57:16.517 INFO: JdwpEventCenterDelegate: THREAD_RESUMED: thread (33, main, main)
15:57:16.532 INFO: JdwpEventCenterDelegate: THREAD_RESUMED: thread (33, main, main)
15:57:16.538 INFO: JdwpEventCenterDelegate: THREAD_RESUMED: thread (33, main, main)
15:57:16.552 INFO: JdwpEventCenterDelegate: THREAD_RESUMED: thread (33, main, main)
15:57:16.583 INFO: JdwpEventCenterDelegate: THREAD_RESUMED: thread (33, main, main)
15:57:16.595 INFO: JdwpEventCenterDelegate: THREAD_RESUMED: thread (33, main, main)
15:57:16.608 INFO: JdwpEventCenterDelegate: THREAD_RESUMED: thread (33, main, main)
15:57:16.619 INFO: JdwpEventCenterDelegate: THREAD_RESUMED: thread (33, main, main)
15:57:16.654 INFO: JdwpEventCenterDelegate: THREAD_RESUMED: thread (33, main, main)
15:57:16.686 INFO: JdwpEventCenterDelegate: THREAD_RESUMED: thread (33, main, main)
15:57:16.703 INFO: JdwpEventCenterDelegate: THREAD_RESUMED: thread (33, main, main)
15:57:16.719 INFO: JdwpEventCenterDelegate: THREAD_RESUMED: thread (33, main, main)
15:57:16.728 INFO: JdwpEventCenterDelegate: THREAD_RESUMED: thread (33, main, main)
15:57:16.743 INFO: JdwpEventCenterDelegate: THREAD_RESUMED: thread (33, main, main)
16:01:31.200 INFO: JdwpDebugServer: handling req: VirtualMachine(1).Exit(10)
16:01:31.200 SEVERE: Debugger: Thread JDWP server socket thread crashed
org.robovm.debugger.DebuggerException: Terminating due exit command
	at org.robovm.debugger.jdwp.JdwpDebugServer.doSocketWork(JdwpDebugServer.java:211)
	at java.base/java.lang.Thread.run(Thread.java:834)
	at org.robovm.debugger.utils.DebuggerThread.run(DebuggerThread.java:42)
16:01:31.704 SEVERE: Debugger: Thread HooksChannel socket thread crashed
org.robovm.debugger.DebuggerException: java.io.IOException: org.robovm.libimobiledevice.LibIMobileDeviceException: IDEVICE_E_UNKNOWN_ERROR
	at org.robovm.debugger.hooks.HooksChannel.doSocketWork(HooksChannel.java:149)
	at java.base/java.lang.Thread.run(Thread.java:834)
	at org.robovm.debugger.utils.DebuggerThread.run(DebuggerThread.java:42)
Caused by: java.io.IOException: org.robovm.libimobiledevice.LibIMobileDeviceException: IDEVICE_E_UNKNOWN_ERROR
	at org.robovm.libimobiledevice.IDeviceConnection$DeviceInputStream.read(IDeviceConnection.java:203)
	at org.robovm.debugger.utils.bytebuffer.DataBufferWriter.writeFromStream(DataBufferWriter.java:89)
	at org.robovm.debugger.hooks.HooksChannel.doSocketWork(HooksChannel.java:116)
	... 2 more
Caused by: org.robovm.libimobiledevice.LibIMobileDeviceException: IDEVICE_E_UNKNOWN_ERROR
	at org.robovm.libimobiledevice.IDevice.checkResult(IDevice.java:206)
	at org.robovm.libimobiledevice.IDeviceConnection.receive(IDeviceConnection.java:110)
	at org.robovm.libimobiledevice.IDeviceConnection.receive(IDeviceConnection.java:81)
	at org.robovm.libimobiledevice.IDeviceConnection$DeviceInputStream.read(IDeviceConnection.java:201)
	... 4 more
