23:46:32.096 INFO: JdwpDebugServer: handling req: VirtualMachine(1).IDSizes(7)
23:46:32.097 INFO: JdwpDebugServer: handling req: EventRequest(15).Set(1)
23:46:32.097 INFO: JdwpEventCenterDelegate: jdwpSetEventRequest: JdwpEventRequest{requestId=100, eventKind=CLASS_PREPARE, suspendPolicy=NONE, predicates=[]}
23:46:32.097 INFO: JdwpDebugServer: handling req: EventRequest(15).Set(1)
23:46:32.097 INFO: JdwpEventCenterDelegate: jdwpSetEventRequest: JdwpEventRequest{requestId=101, eventKind=CLASS_UNLOAD, suspendPolicy=NONE, predicates=[]}
23:46:32.117 INFO: JdwpDebugServer: handling req: VirtualMachine(1).Version(1)
23:46:32.117 INFO: JdwpDebugServer: handling req: VirtualMachine(1).capabilitiesNew(17)
23:46:32.118 INFO: JdwpDebugServer: handling req: VirtualMachine(1).capabilities(12)
23:46:32.118 INFO: JdwpDebugServer: handling req: VirtualMachine(1).AllClassesWithGeneric(20)
23:46:32.122 INFO: JdwpDebugServer: handling req: VirtualMachine(1).TopLevelThreadGroups(5)
23:46:32.122 INFO: JdwpDebugServer: handling req: EventRequest(15).Set(1)
23:46:32.122 INFO: JdwpEventCenterDelegate: jdwpSetEventRequest: JdwpEventRequest{requestId=102, eventKind=THREAD_START, suspendPolicy=NONE, predicates=[]}
23:46:32.123 INFO: JdwpDebugServer: handling req: EventRequest(15).Set(1)
23:46:32.123 INFO: JdwpEventCenterDelegate: jdwpSetEventRequest: JdwpEventRequest{requestId=103, eventKind=THREAD_DEATH, suspendPolicy=NONE, predicates=[]}
23:46:32.124 INFO: JdwpDebugServer: handling req: EventRequest(15).Set(1)
23:46:32.124 INFO: JdwpEventCenterDelegate: jdwpSetEventRequest: JdwpEventRequest{requestId=104, eventKind=CLASS_PREPARE, suspendPolicy=EVENT_THREAD, predicates=[className=sun.instrument.InstrumentationImpl]}
23:46:32.125 INFO: JdwpDebugServer: handling req: EventRequest(15).Set(1)
23:46:32.125 INFO: JdwpEventCenterDelegate: jdwpSetEventRequest: JdwpEventRequest{requestId=105, eventKind=CLASS_PREPARE, suspendPolicy=EVENT_THREAD, predicates=[className=sun.instrument.InstrumentationImpl]}
23:46:32.717 INFO: JdwpDebugServer: handling req: VirtualMachine(1).Resume(9)
23:46:32.766 INFO: JdwpEventCenterDelegate: THREAD_STARTED: thread (33, main, main)
23:46:32.788 INFO: JdwpEventCenterDelegate: THREAD_STARTED: thread (48, ReferenceQueueDaemon, main)
23:46:32.796 INFO: JdwpEventCenterDelegate: THREAD_STARTED: thread (63, FinalizerDaemon, main)
23:46:32.802 INFO: JdwpEventCenterDelegate: THREAD_STARTED: thread (78, FinalizerWatchdogDaemon, main)
23:46:32.805 INFO: JdwpEventCenterDelegate: THREAD_RESUMED: thread (33, main, main)
23:46:32.806 INFO: JdwpEventCenterDelegate: THREAD_RESUMED: thread (33, main, main)
23:46:32.807 INFO: JdwpEventCenterDelegate: THREAD_RESUMED: thread (33, main, main)
23:46:32.809 INFO: JdwpEventCenterDelegate: THREAD_RESUMED: thread (33, main, main)
23:46:32.810 INFO: JdwpEventCenterDelegate: THREAD_RESUMED: thread (33, main, main)
23:46:32.811 INFO: JdwpEventCenterDelegate: THREAD_RESUMED: thread (33, main, main)
23:46:32.812 INFO: JdwpEventCenterDelegate: THREAD_RESUMED: thread (33, main, main)
23:46:32.813 INFO: JdwpEventCenterDelegate: THREAD_RESUMED: thread (33, main, main)
23:46:32.815 INFO: JdwpEventCenterDelegate: THREAD_RESUMED: thread (33, main, main)
23:46:32.816 INFO: JdwpEventCenterDelegate: THREAD_RESUMED: thread (33, main, main)
23:46:32.817 INFO: JdwpEventCenterDelegate: THREAD_RESUMED: thread (33, main, main)
23:46:32.819 INFO: JdwpEventCenterDelegate: THREAD_RESUMED: thread (33, main, main)
23:46:32.820 INFO: JdwpEventCenterDelegate: THREAD_RESUMED: thread (33, main, main)
23:46:32.821 INFO: JdwpEventCenterDelegate: THREAD_RESUMED: thread (33, main, main)
23:46:32.822 INFO: JdwpEventCenterDelegate: THREAD_RESUMED: thread (33, main, main)
23:46:32.823 INFO: JdwpEventCenterDelegate: THREAD_RESUMED: thread (33, main, main)
23:46:32.825 INFO: JdwpEventCenterDelegate: THREAD_RESUMED: thread (33, main, main)
23:46:32.826 INFO: JdwpEventCenterDelegate: THREAD_RESUMED: thread (33, main, main)
23:46:32.829 INFO: JdwpEventCenterDelegate: THREAD_RESUMED: thread (33, main, main)
23:46:32.830 INFO: JdwpEventCenterDelegate: THREAD_RESUMED: thread (33, main, main)
23:46:32.832 INFO: JdwpEventCenterDelegate: THREAD_RESUMED: thread (33, main, main)
23:46:32.833 INFO: JdwpEventCenterDelegate: THREAD_RESUMED: thread (33, main, main)
23:46:32.834 INFO: JdwpEventCenterDelegate: THREAD_RESUMED: thread (33, main, main)
23:46:32.835 INFO: JdwpEventCenterDelegate: THREAD_RESUMED: thread (33, main, main)
23:46:32.836 INFO: JdwpEventCenterDelegate: THREAD_RESUMED: thread (33, main, main)
23:46:32.870 INFO: JdwpEventCenterDelegate: THREAD_RESUMED: thread (33, main, main)
23:46:32.872 INFO: JdwpEventCenterDelegate: THREAD_RESUMED: thread (33, main, main)
23:46:32.873 INFO: JdwpEventCenterDelegate: THREAD_RESUMED: thread (33, main, main)
23:46:32.875 INFO: JdwpEventCenterDelegate: THREAD_RESUMED: thread (33, main, main)
23:46:32.876 INFO: JdwpEventCenterDelegate: THREAD_RESUMED: thread (33, main, main)
23:46:32.878 INFO: JdwpEventCenterDelegate: THREAD_RESUMED: thread (33, main, main)
23:46:32.879 INFO: JdwpEventCenterDelegate: THREAD_RESUMED: thread (33, main, main)
23:46:32.882 INFO: JdwpEventCenterDelegate: THREAD_RESUMED: thread (33, main, main)
23:46:32.883 INFO: JdwpEventCenterDelegate: THREAD_RESUMED: thread (33, main, main)
23:46:32.885 INFO: JdwpEventCenterDelegate: THREAD_RESUMED: thread (33, main, main)
23:46:32.886 INFO: JdwpEventCenterDelegate: THREAD_RESUMED: thread (33, main, main)
23:46:32.888 INFO: JdwpEventCenterDelegate: THREAD_RESUMED: thread (33, main, main)
23:46:32.889 INFO: JdwpEventCenterDelegate: THREAD_RESUMED: thread (33, main, main)
23:46:32.890 INFO: JdwpEventCenterDelegate: THREAD_RESUMED: thread (33, main, main)
23:46:32.906 INFO: JdwpEventCenterDelegate: THREAD_RESUMED: thread (33, main, main)
23:46:32.907 INFO: JdwpEventCenterDelegate: THREAD_RESUMED: thread (33, main, main)
23:46:32.909 INFO: JdwpEventCenterDelegate: THREAD_RESUMED: thread (33, main, main)
23:46:32.910 INFO: JdwpEventCenterDelegate: THREAD_RESUMED: thread (33, main, main)
23:46:32.912 INFO: JdwpEventCenterDelegate: THREAD_RESUMED: thread (33, main, main)
23:46:32.914 INFO: JdwpEventCenterDelegate: THREAD_RESUMED: thread (33, main, main)
23:46:32.915 INFO: JdwpEventCenterDelegate: THREAD_RESUMED: thread (33, main, main)
23:46:32.938 INFO: JdwpEventCenterDelegate: THREAD_RESUMED: thread (33, main, main)
23:46:32.939 INFO: JdwpEventCenterDelegate: THREAD_RESUMED: thread (33, main, main)
23:46:32.941 INFO: JdwpEventCenterDelegate: THREAD_RESUMED: thread (33, main, main)
23:46:32.942 INFO: JdwpEventCenterDelegate: THREAD_RESUMED: thread (33, main, main)
23:46:32.944 INFO: JdwpEventCenterDelegate: THREAD_RESUMED: thread (33, main, main)
23:46:32.946 INFO: JdwpEventCenterDelegate: THREAD_RESUMED: thread (33, main, main)
23:46:32.947 INFO: JdwpEventCenterDelegate: THREAD_RESUMED: thread (33, main, main)
23:46:32.975 INFO: JdwpEventCenterDelegate: THREAD_RESUMED: thread (33, main, main)
23:46:32.976 INFO: JdwpEventCenterDelegate: THREAD_RESUMED: thread (33, main, main)
23:46:32.978 INFO: JdwpEventCenterDelegate: THREAD_RESUMED: thread (33, main, main)
23:46:32.979 INFO: JdwpEventCenterDelegate: THREAD_RESUMED: thread (33, main, main)
23:46:32.981 INFO: JdwpEventCenterDelegate: THREAD_RESUMED: thread (33, main, main)
23:46:32.982 INFO: JdwpEventCenterDelegate: THREAD_RESUMED: thread (33, main, main)
23:46:32.984 INFO: JdwpEventCenterDelegate: THREAD_RESUMED: thread (33, main, main)
23:46:32.996 INFO: JdwpEventCenterDelegate: THREAD_RESUMED: thread (33, main, main)
23:46:32.998 INFO: JdwpEventCenterDelegate: THREAD_RESUMED: thread (33, main, main)
23:46:32.999 INFO: JdwpEventCenterDelegate: THREAD_RESUMED: thread (33, main, main)
23:46:33.000 INFO: JdwpEventCenterDelegate: THREAD_RESUMED: thread (33, main, main)
23:46:33.002 INFO: JdwpEventCenterDelegate: THREAD_RESUMED: thread (33, main, main)
23:46:33.003 INFO: JdwpEventCenterDelegate: THREAD_RESUMED: thread (33, main, main)
23:46:33.004 INFO: JdwpEventCenterDelegate: THREAD_RESUMED: thread (33, main, main)
23:46:33.015 INFO: JdwpEventCenterDelegate: THREAD_RESUMED: thread (33, main, main)
23:46:33.016 INFO: JdwpEventCenterDelegate: THREAD_RESUMED: thread (33, main, main)
23:46:33.017 INFO: JdwpEventCenterDelegate: THREAD_RESUMED: thread (33, main, main)
23:46:33.019 INFO: JdwpEventCenterDelegate: THREAD_RESUMED: thread (33, main, main)
23:46:33.020 INFO: JdwpEventCenterDelegate: THREAD_RESUMED: thread (33, main, main)
23:46:33.021 INFO: JdwpEventCenterDelegate: THREAD_RESUMED: thread (33, main, main)
23:46:33.022 INFO: JdwpEventCenterDelegate: THREAD_RESUMED: thread (33, main, main)
23:46:33.024 INFO: JdwpEventCenterDelegate: THREAD_RESUMED: thread (33, main, main)
23:46:33.025 INFO: JdwpEventCenterDelegate: THREAD_RESUMED: thread (33, main, main)
23:46:33.027 INFO: JdwpEventCenterDelegate: THREAD_RESUMED: thread (33, main, main)
23:46:33.028 INFO: JdwpEventCenterDelegate: THREAD_RESUMED: thread (33, main, main)
23:46:33.030 INFO: JdwpEventCenterDelegate: THREAD_RESUMED: thread (33, main, main)
23:46:33.031 INFO: JdwpEventCenterDelegate: THREAD_RESUMED: thread (33, main, main)
23:46:33.033 INFO: JdwpEventCenterDelegate: THREAD_RESUMED: thread (33, main, main)
23:46:33.034 INFO: JdwpEventCenterDelegate: THREAD_RESUMED: thread (33, main, main)
23:46:33.035 INFO: JdwpEventCenterDelegate: THREAD_RESUMED: thread (33, main, main)
23:46:33.037 INFO: JdwpEventCenterDelegate: THREAD_RESUMED: thread (33, main, main)
23:46:33.038 INFO: JdwpEventCenterDelegate: THREAD_RESUMED: thread (33, main, main)
23:46:33.041 INFO: JdwpEventCenterDelegate: THREAD_RESUMED: thread (33, main, main)
23:46:33.042 INFO: JdwpEventCenterDelegate: THREAD_RESUMED: thread (33, main, main)
23:46:33.170 INFO: JdwpEventCenterDelegate: THREAD_STARTED: thread (93, AssetManager, main)
23:46:33.278 INFO: JdwpEventCenterDelegate: THREAD_RESUMED: thread (33, main, main)
23:46:33.280 INFO: JdwpEventCenterDelegate: THREAD_RESUMED: thread (33, main, main)
23:46:35.849 INFO: JdwpEventCenterDelegate: THREAD_RESUMED: thread (33, main, main)
23:46:35.953 INFO: JdwpEventCenterDelegate: THREAD_RESUMED: thread (33, main, main)
23:46:35.955 INFO: JdwpEventCenterDelegate: THREAD_RESUMED: thread (33, main, main)
23:46:35.957 INFO: JdwpEventCenterDelegate: THREAD_RESUMED: thread (33, main, main)
23:46:35.958 INFO: JdwpEventCenterDelegate: THREAD_RESUMED: thread (33, main, main)
23:46:35.960 INFO: JdwpEventCenterDelegate: THREAD_RESUMED: thread (33, main, main)
23:46:35.966 INFO: JdwpEventCenterDelegate: THREAD_RESUMED: thread (33, main, main)
23:46:35.978 INFO: JdwpEventCenterDelegate: THREAD_RESUMED: thread (33, main, main)
23:46:35.980 INFO: JdwpEventCenterDelegate: THREAD_RESUMED: thread (33, main, main)
23:46:35.983 INFO: JdwpEventCenterDelegate: THREAD_RESUMED: thread (33, main, main)
23:46:35.985 INFO: JdwpEventCenterDelegate: THREAD_RESUMED: thread (33, main, main)
23:46:35.987 INFO: JdwpEventCenterDelegate: THREAD_RESUMED: thread (33, main, main)
23:46:35.993 INFO: JdwpEventCenterDelegate: THREAD_RESUMED: thread (33, main, main)
23:46:36.007 INFO: JdwpEventCenterDelegate: THREAD_RESUMED: thread (33, main, main)
23:46:36.010 INFO: JdwpEventCenterDelegate: THREAD_RESUMED: thread (33, main, main)
23:46:36.012 INFO: JdwpEventCenterDelegate: THREAD_RESUMED: thread (33, main, main)
23:46:36.014 INFO: JdwpEventCenterDelegate: THREAD_RESUMED: thread (33, main, main)
23:46:36.016 INFO: JdwpEventCenterDelegate: THREAD_RESUMED: thread (33, main, main)
23:46:36.021 INFO: JdwpEventCenterDelegate: THREAD_RESUMED: thread (33, main, main)
23:46:36.040 INFO: JdwpEventCenterDelegate: THREAD_RESUMED: thread (33, main, main)
23:46:36.042 INFO: JdwpEventCenterDelegate: THREAD_RESUMED: thread (33, main, main)
23:46:36.044 INFO: JdwpEventCenterDelegate: THREAD_RESUMED: thread (33, main, main)
23:46:36.047 INFO: JdwpEventCenterDelegate: THREAD_RESUMED: thread (33, main, main)
23:46:36.049 INFO: JdwpEventCenterDelegate: THREAD_RESUMED: thread (33, main, main)
23:46:36.054 INFO: JdwpEventCenterDelegate: THREAD_RESUMED: thread (33, main, main)
23:46:36.069 INFO: JdwpEventCenterDelegate: THREAD_RESUMED: thread (33, main, main)
23:46:36.072 INFO: JdwpEventCenterDelegate: THREAD_RESUMED: thread (33, main, main)
23:46:36.074 INFO: JdwpEventCenterDelegate: THREAD_RESUMED: thread (33, main, main)
23:46:36.077 INFO: JdwpEventCenterDelegate: THREAD_RESUMED: thread (33, main, main)
23:46:36.079 INFO: JdwpEventCenterDelegate: THREAD_RESUMED: thread (33, main, main)
23:46:36.084 INFO: JdwpEventCenterDelegate: THREAD_RESUMED: thread (33, main, main)
23:46:36.099 INFO: JdwpEventCenterDelegate: THREAD_RESUMED: thread (33, main, main)
23:46:36.101 INFO: JdwpEventCenterDelegate: THREAD_RESUMED: thread (33, main, main)
23:46:36.104 INFO: JdwpEventCenterDelegate: THREAD_RESUMED: thread (33, main, main)
23:46:36.106 INFO: JdwpEventCenterDelegate: THREAD_RESUMED: thread (33, main, main)
23:46:36.107 INFO: JdwpEventCenterDelegate: THREAD_RESUMED: thread (33, main, main)
23:46:36.112 INFO: JdwpEventCenterDelegate: THREAD_RESUMED: thread (33, main, main)
23:46:36.132 INFO: JdwpEventCenterDelegate: THREAD_RESUMED: thread (33, main, main)
23:46:36.134 INFO: JdwpEventCenterDelegate: THREAD_RESUMED: thread (33, main, main)
23:46:36.136 INFO: JdwpEventCenterDelegate: THREAD_RESUMED: thread (33, main, main)
23:46:36.138 INFO: JdwpEventCenterDelegate: THREAD_RESUMED: thread (33, main, main)
23:46:36.140 INFO: JdwpEventCenterDelegate: THREAD_RESUMED: thread (33, main, main)
23:46:36.145 INFO: JdwpEventCenterDelegate: THREAD_RESUMED: thread (33, main, main)
23:46:36.164 INFO: JdwpEventCenterDelegate: THREAD_RESUMED: thread (33, main, main)
23:46:36.167 INFO: JdwpEventCenterDelegate: THREAD_RESUMED: thread (33, main, main)
23:46:36.169 INFO: JdwpEventCenterDelegate: THREAD_RESUMED: thread (33, main, main)
23:46:36.171 INFO: JdwpEventCenterDelegate: THREAD_RESUMED: thread (33, main, main)
23:46:36.173 INFO: JdwpEventCenterDelegate: THREAD_RESUMED: thread (33, main, main)
23:46:36.179 INFO: JdwpEventCenterDelegate: THREAD_RESUMED: thread (33, main, main)
23:46:36.198 INFO: JdwpEventCenterDelegate: THREAD_RESUMED: thread (33, main, main)
23:46:36.200 INFO: JdwpEventCenterDelegate: THREAD_RESUMED: thread (33, main, main)
23:46:36.202 INFO: JdwpEventCenterDelegate: THREAD_RESUMED: thread (33, main, main)
23:46:36.204 INFO: JdwpEventCenterDelegate: THREAD_RESUMED: thread (33, main, main)
23:46:36.206 INFO: JdwpEventCenterDelegate: THREAD_RESUMED: thread (33, main, main)
23:46:36.211 INFO: JdwpEventCenterDelegate: THREAD_RESUMED: thread (33, main, main)
23:46:36.230 INFO: JdwpEventCenterDelegate: THREAD_RESUMED: thread (33, main, main)
23:46:36.232 INFO: JdwpEventCenterDelegate: THREAD_RESUMED: thread (33, main, main)
23:46:36.234 INFO: JdwpEventCenterDelegate: THREAD_RESUMED: thread (33, main, main)
23:46:36.236 INFO: JdwpEventCenterDelegate: THREAD_RESUMED: thread (33, main, main)
23:46:36.238 INFO: JdwpEventCenterDelegate: THREAD_RESUMED: thread (33, main, main)
23:46:36.243 INFO: JdwpEventCenterDelegate: THREAD_RESUMED: thread (33, main, main)
23:46:36.258 INFO: JdwpEventCenterDelegate: THREAD_RESUMED: thread (33, main, main)
23:46:36.260 INFO: JdwpEventCenterDelegate: THREAD_RESUMED: thread (33, main, main)
23:46:36.263 INFO: JdwpEventCenterDelegate: THREAD_RESUMED: thread (33, main, main)
23:46:36.265 INFO: JdwpEventCenterDelegate: THREAD_RESUMED: thread (33, main, main)
23:46:36.268 INFO: JdwpEventCenterDelegate: THREAD_RESUMED: thread (33, main, main)
23:46:36.273 INFO: JdwpEventCenterDelegate: THREAD_RESUMED: thread (33, main, main)
23:46:36.292 INFO: JdwpEventCenterDelegate: THREAD_RESUMED: thread (33, main, main)
23:46:36.295 INFO: JdwpEventCenterDelegate: THREAD_RESUMED: thread (33, main, main)
23:46:36.297 INFO: JdwpEventCenterDelegate: THREAD_RESUMED: thread (33, main, main)
23:46:36.300 INFO: JdwpEventCenterDelegate: THREAD_RESUMED: thread (33, main, main)
23:46:36.302 INFO: JdwpEventCenterDelegate: THREAD_RESUMED: thread (33, main, main)
23:46:36.306 INFO: JdwpEventCenterDelegate: THREAD_RESUMED: thread (33, main, main)
23:46:36.328 INFO: JdwpEventCenterDelegate: THREAD_RESUMED: thread (33, main, main)
23:46:36.330 INFO: JdwpEventCenterDelegate: THREAD_RESUMED: thread (33, main, main)
23:46:36.333 INFO: JdwpEventCenterDelegate: THREAD_RESUMED: thread (33, main, main)
23:46:36.335 INFO: JdwpEventCenterDelegate: THREAD_RESUMED: thread (33, main, main)
23:46:36.337 INFO: JdwpEventCenterDelegate: THREAD_RESUMED: thread (33, main, main)
23:46:36.343 INFO: JdwpEventCenterDelegate: THREAD_RESUMED: thread (33, main, main)
23:46:36.361 INFO: JdwpEventCenterDelegate: THREAD_RESUMED: thread (33, main, main)
23:46:36.364 INFO: JdwpEventCenterDelegate: THREAD_RESUMED: thread (33, main, main)
23:46:36.366 INFO: JdwpEventCenterDelegate: THREAD_RESUMED: thread (33, main, main)
23:46:36.368 INFO: JdwpEventCenterDelegate: THREAD_RESUMED: thread (33, main, main)
23:46:36.371 INFO: JdwpEventCenterDelegate: THREAD_RESUMED: thread (33, main, main)
23:46:36.376 INFO: JdwpEventCenterDelegate: THREAD_RESUMED: thread (33, main, main)
23:46:36.389 INFO: JdwpEventCenterDelegate: THREAD_RESUMED: thread (33, main, main)
23:46:36.391 INFO: JdwpEventCenterDelegate: THREAD_RESUMED: thread (33, main, main)
23:46:36.393 INFO: JdwpEventCenterDelegate: THREAD_RESUMED: thread (33, main, main)
23:46:36.396 INFO: JdwpEventCenterDelegate: THREAD_RESUMED: thread (33, main, main)
23:46:36.398 INFO: JdwpEventCenterDelegate: THREAD_RESUMED: thread (33, main, main)
23:46:36.403 INFO: JdwpEventCenterDelegate: THREAD_RESUMED: thread (33, main, main)
23:46:36.405 INFO: JdwpEventCenterDelegate: THREAD_RESUMED: thread (33, main, main)
23:46:36.408 INFO: JdwpEventCenterDelegate: THREAD_RESUMED: thread (33, main, main)
23:46:36.410 INFO: JdwpEventCenterDelegate: THREAD_RESUMED: thread (33, main, main)
23:46:36.412 INFO: JdwpEventCenterDelegate: THREAD_RESUMED: thread (33, main, main)
23:46:36.415 INFO: JdwpEventCenterDelegate: THREAD_RESUMED: thread (33, main, main)
23:46:36.417 INFO: JdwpEventCenterDelegate: THREAD_RESUMED: thread (33, main, main)
23:46:36.422 INFO: JdwpEventCenterDelegate: THREAD_RESUMED: thread (33, main, main)
23:46:36.424 INFO: JdwpEventCenterDelegate: THREAD_RESUMED: thread (33, main, main)
23:46:36.426 INFO: JdwpEventCenterDelegate: THREAD_RESUMED: thread (33, main, main)
23:46:36.428 INFO: JdwpEventCenterDelegate: THREAD_RESUMED: thread (33, main, main)
23:46:36.439 INFO: JdwpEventCenterDelegate: THREAD_RESUMED: thread (33, main, main)
23:46:36.441 INFO: JdwpEventCenterDelegate: THREAD_RESUMED: thread (33, main, main)
23:46:36.443 INFO: JdwpEventCenterDelegate: THREAD_RESUMED: thread (33, main, main)
23:46:36.446 INFO: JdwpEventCenterDelegate: THREAD_RESUMED: thread (33, main, main)
23:46:36.448 INFO: JdwpEventCenterDelegate: THREAD_RESUMED: thread (33, main, main)
23:46:36.449 INFO: JdwpEventCenterDelegate: THREAD_RESUMED: thread (33, main, main)
23:46:36.451 INFO: JdwpEventCenterDelegate: THREAD_RESUMED: thread (33, main, main)
23:46:36.468 INFO: JdwpEventCenterDelegate: THREAD_RESUMED: thread (33, main, main)
23:46:36.470 INFO: JdwpEventCenterDelegate: THREAD_RESUMED: thread (33, main, main)
23:46:36.471 INFO: JdwpEventCenterDelegate: THREAD_RESUMED: thread (33, main, main)
23:46:36.472 INFO: JdwpEventCenterDelegate: THREAD_RESUMED: thread (33, main, main)
23:46:36.474 INFO: JdwpEventCenterDelegate: THREAD_RESUMED: thread (33, main, main)
23:46:36.479 INFO: JdwpEventCenterDelegate: THREAD_RESUMED: thread (33, main, main)
23:46:36.491 INFO: JdwpEventCenterDelegate: THREAD_RESUMED: thread (33, main, main)
23:46:36.505 INFO: JdwpEventCenterDelegate: THREAD_RESUMED: thread (33, main, main)
23:46:36.516 INFO: JdwpEventCenterDelegate: THREAD_RESUMED: thread (33, main, main)
23:46:36.529 INFO: JdwpEventCenterDelegate: THREAD_RESUMED: thread (33, main, main)
23:46:36.563 INFO: JdwpEventCenterDelegate: THREAD_RESUMED: thread (33, main, main)
23:46:36.565 INFO: JdwpEventCenterDelegate: THREAD_RESUMED: thread (33, main, main)
23:46:36.568 INFO: JdwpEventCenterDelegate: THREAD_RESUMED: thread (33, main, main)
23:46:36.570 INFO: JdwpEventCenterDelegate: THREAD_RESUMED: thread (33, main, main)
23:46:36.572 INFO: JdwpEventCenterDelegate: THREAD_RESUMED: thread (33, main, main)
23:46:36.577 INFO: JdwpEventCenterDelegate: THREAD_RESUMED: thread (33, main, main)
23:46:36.588 INFO: JdwpEventCenterDelegate: THREAD_RESUMED: thread (33, main, main)
23:46:36.591 INFO: JdwpEventCenterDelegate: THREAD_RESUMED: thread (33, main, main)
23:46:36.593 INFO: JdwpEventCenterDelegate: THREAD_RESUMED: thread (33, main, main)
23:46:36.595 INFO: JdwpEventCenterDelegate: THREAD_RESUMED: thread (33, main, main)
23:46:36.597 INFO: JdwpEventCenterDelegate: THREAD_RESUMED: thread (33, main, main)
23:46:36.602 INFO: JdwpEventCenterDelegate: THREAD_RESUMED: thread (33, main, main)
23:46:36.616 INFO: JdwpEventCenterDelegate: THREAD_RESUMED: thread (33, main, main)
23:46:36.618 INFO: JdwpEventCenterDelegate: THREAD_RESUMED: thread (33, main, main)
23:46:36.620 INFO: JdwpEventCenterDelegate: THREAD_RESUMED: thread (33, main, main)
23:46:36.623 INFO: JdwpEventCenterDelegate: THREAD_RESUMED: thread (33, main, main)
23:46:36.625 INFO: JdwpEventCenterDelegate: THREAD_RESUMED: thread (33, main, main)
23:46:36.630 INFO: JdwpEventCenterDelegate: THREAD_RESUMED: thread (33, main, main)
23:46:36.648 INFO: JdwpEventCenterDelegate: THREAD_RESUMED: thread (33, main, main)
23:46:36.650 INFO: JdwpEventCenterDelegate: THREAD_RESUMED: thread (33, main, main)
23:46:36.653 INFO: JdwpEventCenterDelegate: THREAD_RESUMED: thread (33, main, main)
23:46:36.655 INFO: JdwpEventCenterDelegate: THREAD_RESUMED: thread (33, main, main)
23:46:36.657 INFO: JdwpEventCenterDelegate: THREAD_RESUMED: thread (33, main, main)
23:46:36.662 INFO: JdwpEventCenterDelegate: THREAD_RESUMED: thread (33, main, main)
23:46:36.677 INFO: JdwpEventCenterDelegate: THREAD_RESUMED: thread (33, main, main)
23:46:36.679 INFO: JdwpEventCenterDelegate: THREAD_RESUMED: thread (33, main, main)
23:46:36.682 INFO: JdwpEventCenterDelegate: THREAD_RESUMED: thread (33, main, main)
23:46:36.684 INFO: JdwpEventCenterDelegate: THREAD_RESUMED: thread (33, main, main)
23:46:36.686 INFO: JdwpEventCenterDelegate: THREAD_RESUMED: thread (33, main, main)
23:46:36.691 INFO: JdwpEventCenterDelegate: THREAD_RESUMED: thread (33, main, main)
23:46:36.706 INFO: JdwpEventCenterDelegate: THREAD_RESUMED: thread (33, main, main)
23:46:36.708 INFO: JdwpEventCenterDelegate: THREAD_RESUMED: thread (33, main, main)
23:46:36.710 INFO: JdwpEventCenterDelegate: THREAD_RESUMED: thread (33, main, main)
23:46:36.712 INFO: JdwpEventCenterDelegate: THREAD_RESUMED: thread (33, main, main)
23:46:36.714 INFO: JdwpEventCenterDelegate: THREAD_RESUMED: thread (33, main, main)
23:46:36.719 INFO: JdwpEventCenterDelegate: THREAD_RESUMED: thread (33, main, main)
23:46:36.741 INFO: JdwpEventCenterDelegate: THREAD_RESUMED: thread (33, main, main)
23:46:36.743 INFO: JdwpEventCenterDelegate: THREAD_RESUMED: thread (33, main, main)
23:46:36.745 INFO: JdwpEventCenterDelegate: THREAD_RESUMED: thread (33, main, main)
23:46:36.748 INFO: JdwpEventCenterDelegate: THREAD_RESUMED: thread (33, main, main)
23:46:36.750 INFO: JdwpEventCenterDelegate: THREAD_RESUMED: thread (33, main, main)
23:46:36.755 INFO: JdwpEventCenterDelegate: THREAD_RESUMED: thread (33, main, main)
23:46:36.773 INFO: JdwpEventCenterDelegate: THREAD_RESUMED: thread (33, main, main)
23:46:36.775 INFO: JdwpEventCenterDelegate: THREAD_RESUMED: thread (33, main, main)
23:46:36.778 INFO: JdwpEventCenterDelegate: THREAD_RESUMED: thread (33, main, main)
23:46:36.780 INFO: JdwpEventCenterDelegate: THREAD_RESUMED: thread (33, main, main)
23:46:36.782 INFO: JdwpEventCenterDelegate: THREAD_RESUMED: thread (33, main, main)
23:46:36.787 INFO: JdwpEventCenterDelegate: THREAD_RESUMED: thread (33, main, main)
23:46:36.804 INFO: JdwpEventCenterDelegate: THREAD_RESUMED: thread (33, main, main)
23:46:36.807 INFO: JdwpEventCenterDelegate: THREAD_RESUMED: thread (33, main, main)
23:46:36.809 INFO: JdwpEventCenterDelegate: THREAD_RESUMED: thread (33, main, main)
23:46:36.811 INFO: JdwpEventCenterDelegate: THREAD_RESUMED: thread (33, main, main)
23:46:36.813 INFO: JdwpEventCenterDelegate: THREAD_RESUMED: thread (33, main, main)
23:46:36.818 INFO: JdwpEventCenterDelegate: THREAD_RESUMED: thread (33, main, main)
23:46:36.833 INFO: JdwpEventCenterDelegate: THREAD_RESUMED: thread (33, main, main)
23:46:36.835 INFO: JdwpEventCenterDelegate: THREAD_RESUMED: thread (33, main, main)
23:46:36.837 INFO: JdwpEventCenterDelegate: THREAD_RESUMED: thread (33, main, main)
23:46:36.839 INFO: JdwpEventCenterDelegate: THREAD_RESUMED: thread (33, main, main)
23:46:36.842 INFO: JdwpEventCenterDelegate: THREAD_RESUMED: thread (33, main, main)
23:46:36.847 INFO: JdwpEventCenterDelegate: THREAD_RESUMED: thread (33, main, main)
23:46:36.861 INFO: JdwpEventCenterDelegate: THREAD_RESUMED: thread (33, main, main)
23:46:36.864 INFO: JdwpEventCenterDelegate: THREAD_RESUMED: thread (33, main, main)
23:46:36.866 INFO: JdwpEventCenterDelegate: THREAD_RESUMED: thread (33, main, main)
23:46:36.868 INFO: JdwpEventCenterDelegate: THREAD_RESUMED: thread (33, main, main)
23:46:36.870 INFO: JdwpEventCenterDelegate: THREAD_RESUMED: thread (33, main, main)
23:46:36.875 INFO: JdwpEventCenterDelegate: THREAD_RESUMED: thread (33, main, main)
23:46:36.894 INFO: JdwpEventCenterDelegate: THREAD_RESUMED: thread (33, main, main)
23:46:36.896 INFO: JdwpEventCenterDelegate: THREAD_RESUMED: thread (33, main, main)
23:46:36.898 INFO: JdwpEventCenterDelegate: THREAD_RESUMED: thread (33, main, main)
23:46:36.901 INFO: JdwpEventCenterDelegate: THREAD_RESUMED: thread (33, main, main)
23:46:36.903 INFO: JdwpEventCenterDelegate: THREAD_RESUMED: thread (33, main, main)
23:46:36.908 INFO: JdwpEventCenterDelegate: THREAD_RESUMED: thread (33, main, main)
23:46:36.932 INFO: JdwpEventCenterDelegate: THREAD_RESUMED: thread (33, main, main)
23:46:36.934 INFO: JdwpEventCenterDelegate: THREAD_RESUMED: thread (33, main, main)
23:46:36.937 INFO: JdwpEventCenterDelegate: THREAD_RESUMED: thread (33, main, main)
23:46:36.939 INFO: JdwpEventCenterDelegate: THREAD_RESUMED: thread (33, main, main)
23:46:36.942 INFO: JdwpEventCenterDelegate: THREAD_RESUMED: thread (33, main, main)
23:46:36.947 INFO: JdwpEventCenterDelegate: THREAD_RESUMED: thread (33, main, main)
23:46:36.965 INFO: JdwpEventCenterDelegate: THREAD_RESUMED: thread (33, main, main)
23:46:36.968 INFO: JdwpEventCenterDelegate: THREAD_RESUMED: thread (33, main, main)
23:46:36.970 INFO: JdwpEventCenterDelegate: THREAD_RESUMED: thread (33, main, main)
23:46:36.973 INFO: JdwpEventCenterDelegate: THREAD_RESUMED: thread (33, main, main)
23:46:36.975 INFO: JdwpEventCenterDelegate: THREAD_RESUMED: thread (33, main, main)
23:46:36.980 INFO: JdwpEventCenterDelegate: THREAD_RESUMED: thread (33, main, main)
23:46:36.992 INFO: JdwpEventCenterDelegate: THREAD_RESUMED: thread (33, main, main)
23:46:36.995 INFO: JdwpEventCenterDelegate: THREAD_RESUMED: thread (33, main, main)
23:46:36.997 INFO: JdwpEventCenterDelegate: THREAD_RESUMED: thread (33, main, main)
23:46:36.999 INFO: JdwpEventCenterDelegate: THREAD_RESUMED: thread (33, main, main)
23:46:37.001 INFO: JdwpEventCenterDelegate: THREAD_RESUMED: thread (33, main, main)
23:46:37.910 INFO: JdwpEventCenterDelegate: THREAD_STARTED: thread (108, Timer, main)
23:46:38.785 INFO: JdwpEventCenterDelegate: THREAD_RESUMED: thread (33, main, main)
23:46:38.816 INFO: JdwpEventCenterDelegate: THREAD_RESUMED: thread (33, main, main)
23:46:38.840 INFO: JdwpEventCenterDelegate: THREAD_RESUMED: thread (33, main, main)
23:46:38.858 INFO: JdwpEventCenterDelegate: THREAD_RESUMED: thread (33, main, main)
23:46:38.897 INFO: JdwpEventCenterDelegate: THREAD_RESUMED: thread (33, main, main)
23:46:38.931 INFO: JdwpEventCenterDelegate: THREAD_RESUMED: thread (33, main, main)
23:46:38.948 INFO: JdwpEventCenterDelegate: THREAD_RESUMED: thread (33, main, main)
23:46:38.963 INFO: JdwpEventCenterDelegate: THREAD_RESUMED: thread (33, main, main)
23:46:38.970 INFO: JdwpEventCenterDelegate: THREAD_RESUMED: thread (33, main, main)
23:46:38.984 INFO: JdwpEventCenterDelegate: THREAD_RESUMED: thread (33, main, main)
23:46:39.015 INFO: JdwpEventCenterDelegate: THREAD_RESUMED: thread (33, main, main)
23:46:39.027 INFO: JdwpEventCenterDelegate: THREAD_RESUMED: thread (33, main, main)
23:46:39.039 INFO: JdwpEventCenterDelegate: THREAD_RESUMED: thread (33, main, main)
23:46:39.051 INFO: JdwpEventCenterDelegate: THREAD_RESUMED: thread (33, main, main)
23:46:39.086 INFO: JdwpEventCenterDelegate: THREAD_RESUMED: thread (33, main, main)
23:46:39.120 INFO: JdwpEventCenterDelegate: THREAD_RESUMED: thread (33, main, main)
23:46:39.136 INFO: JdwpEventCenterDelegate: THREAD_RESUMED: thread (33, main, main)
23:46:39.151 INFO: JdwpEventCenterDelegate: THREAD_RESUMED: thread (33, main, main)
23:46:39.157 INFO: JdwpEventCenterDelegate: THREAD_RESUMED: thread (33, main, main)
23:46:39.170 INFO: JdwpEventCenterDelegate: THREAD_RESUMED: thread (33, main, main)
23:46:40.230 INFO: JdwpEventCenterDelegate: THREAD_STARTED: thread (123, Thread-7, main)
23:46:47.433 INFO: JdwpEventCenterDelegate: THREAD_RESUMED: thread (33, main, main)
23:46:47.448 INFO: JdwpEventCenterDelegate: THREAD_RESUMED: thread (33, main, main)
23:46:47.463 INFO: JdwpEventCenterDelegate: THREAD_RESUMED: thread (33, main, main)
23:46:47.476 INFO: JdwpEventCenterDelegate: THREAD_RESUMED: thread (33, main, main)
23:46:47.511 INFO: JdwpEventCenterDelegate: THREAD_RESUMED: thread (33, main, main)
23:46:47.544 INFO: JdwpEventCenterDelegate: THREAD_RESUMED: thread (33, main, main)
23:46:47.561 INFO: JdwpEventCenterDelegate: THREAD_RESUMED: thread (33, main, main)
23:46:47.575 INFO: JdwpEventCenterDelegate: THREAD_RESUMED: thread (33, main, main)
23:46:47.581 INFO: JdwpEventCenterDelegate: THREAD_RESUMED: thread (33, main, main)
23:46:47.594 INFO: JdwpEventCenterDelegate: THREAD_RESUMED: thread (33, main, main)
23:46:47.625 INFO: JdwpEventCenterDelegate: THREAD_RESUMED: thread (33, main, main)
23:46:47.638 INFO: JdwpEventCenterDelegate: THREAD_RESUMED: thread (33, main, main)
23:46:47.650 INFO: JdwpEventCenterDelegate: THREAD_RESUMED: thread (33, main, main)
23:46:47.662 INFO: JdwpEventCenterDelegate: THREAD_RESUMED: thread (33, main, main)
23:46:47.697 INFO: JdwpEventCenterDelegate: THREAD_RESUMED: thread (33, main, main)
23:46:47.731 INFO: JdwpEventCenterDelegate: THREAD_RESUMED: thread (33, main, main)
23:46:47.748 INFO: JdwpEventCenterDelegate: THREAD_RESUMED: thread (33, main, main)
23:46:47.762 INFO: JdwpEventCenterDelegate: THREAD_RESUMED: thread (33, main, main)
23:46:47.768 INFO: JdwpEventCenterDelegate: THREAD_RESUMED: thread (33, main, main)
23:46:47.783 INFO: JdwpEventCenterDelegate: THREAD_RESUMED: thread (33, main, main)
23:47:14.827 INFO: JdwpDebugServer: handling req: VirtualMachine(1).Exit(10)
23:47:14.827 SEVERE: Debugger: Thread JDWP server socket thread crashed
org.robovm.debugger.DebuggerException: Terminating due exit command
	at org.robovm.debugger.jdwp.JdwpDebugServer.doSocketWork(JdwpDebugServer.java:211)
	at java.base/java.lang.Thread.run(Thread.java:834)
	at org.robovm.debugger.utils.DebuggerThread.run(DebuggerThread.java:42)
23:47:15.336 SEVERE: Debugger: Thread HooksChannel socket thread crashed
org.robovm.debugger.DebuggerException: java.io.IOException: org.robovm.libimobiledevice.LibIMobileDeviceException: IDEVICE_E_UNKNOWN_ERROR
	at org.robovm.debugger.hooks.HooksChannel.doSocketWork(HooksChannel.java:149)
	at java.base/java.lang.Thread.run(Thread.java:834)
	at org.robovm.debugger.utils.DebuggerThread.run(DebuggerThread.java:42)
Caused by: java.io.IOException: org.robovm.libimobiledevice.LibIMobileDeviceException: IDEVICE_E_UNKNOWN_ERROR
	at org.robovm.libimobiledevice.IDeviceConnection$DeviceInputStream.read(IDeviceConnection.java:203)
	at org.robovm.debugger.utils.bytebuffer.DataBufferWriter.writeFromStream(DataBufferWriter.java:89)
	at org.robovm.debugger.hooks.HooksChannel.doSocketWork(HooksChannel.java:116)
	... 2 more
Caused by: org.robovm.libimobiledevice.LibIMobileDeviceException: IDEVICE_E_UNKNOWN_ERROR
	at org.robovm.libimobiledevice.IDevice.checkResult(IDevice.java:206)
	at org.robovm.libimobiledevice.IDeviceConnection.receive(IDeviceConnection.java:110)
	at org.robovm.libimobiledevice.IDeviceConnection.receive(IDeviceConnection.java:81)
	at org.robovm.libimobiledevice.IDeviceConnection$DeviceInputStream.read(IDeviceConnection.java:201)
	... 4 more
