08:01:08.374 INFO: JdwpDebugServer: handling req: VirtualMachine(1).IDSizes(7)
08:01:08.374 INFO: JdwpDebugServer: handling req: EventRequest(15).Set(1)
08:01:08.374 INFO: JdwpEventCenterDelegate: jdwpSetEventRequest: JdwpEventRequest{requestId=100, eventKind=CLASS_PREPARE, suspendPolicy=NONE, predicates=[]}
08:01:08.375 INFO: JdwpDebugServer: handling req: EventRequest(15).Set(1)
08:01:08.375 INFO: JdwpEventCenterDelegate: jdwpSetEventRequest: JdwpEventRequest{requestId=101, eventKind=CLASS_UNLOAD, suspendPolicy=NONE, predicates=[]}
08:01:08.388 INFO: JdwpDebugServer: handling req: VirtualMachine(1).Version(1)
08:01:08.388 INFO: JdwpDebugServer: handling req: VirtualMachine(1).capabilitiesNew(17)
08:01:08.388 INFO: JdwpDebugServer: handling req: VirtualMachine(1).capabilities(12)
08:01:08.388 INFO: JdwpDebugServer: handling req: VirtualMachine(1).AllClassesWithGeneric(20)
08:01:08.392 INFO: JdwpDebugServer: handling req: VirtualMachine(1).TopLevelThreadGroups(5)
08:01:08.392 INFO: JdwpDebugServer: handling req: EventRequest(15).Set(1)
08:01:08.392 INFO: JdwpEventCenterDelegate: jdwpSetEventRequest: JdwpEventRequest{requestId=102, eventKind=THREAD_START, suspendPolicy=NONE, predicates=[]}
08:01:08.392 INFO: JdwpDebugServer: handling req: EventRequest(15).Set(1)
08:01:08.392 INFO: JdwpEventCenterDelegate: jdwpSetEventRequest: JdwpEventRequest{requestId=103, eventKind=THREAD_DEATH, suspendPolicy=NONE, predicates=[]}
08:01:08.394 INFO: JdwpDebugServer: handling req: EventRequest(15).Set(1)
08:01:08.394 INFO: JdwpEventCenterDelegate: jdwpSetEventRequest: JdwpEventRequest{requestId=104, eventKind=CLASS_PREPARE, suspendPolicy=EVENT_THREAD, predicates=[className=sun.instrument.InstrumentationImpl]}
08:01:08.394 INFO: JdwpDebugServer: handling req: EventRequest(15).Set(1)
08:01:08.394 INFO: JdwpEventCenterDelegate: jdwpSetEventRequest: JdwpEventRequest{requestId=105, eventKind=CLASS_PREPARE, suspendPolicy=EVENT_THREAD, predicates=[className=sun.instrument.InstrumentationImpl]}
08:01:08.991 INFO: JdwpDebugServer: handling req: VirtualMachine(1).Resume(9)
08:01:09.041 INFO: JdwpEventCenterDelegate: THREAD_STARTED: thread (33, main, main)
08:01:09.061 INFO: JdwpEventCenterDelegate: THREAD_STARTED: thread (48, ReferenceQueueDaemon, main)
08:01:09.069 INFO: JdwpEventCenterDelegate: THREAD_STARTED: thread (63, FinalizerDaemon, main)
08:01:09.074 INFO: JdwpEventCenterDelegate: THREAD_STARTED: thread (78, FinalizerWatchdogDaemon, main)
08:01:09.077 INFO: JdwpEventCenterDelegate: THREAD_RESUMED: thread (33, main, main)
08:01:09.078 INFO: JdwpEventCenterDelegate: THREAD_RESUMED: thread (33, main, main)
08:01:09.079 INFO: JdwpEventCenterDelegate: THREAD_RESUMED: thread (33, main, main)
08:01:09.080 INFO: JdwpEventCenterDelegate: THREAD_RESUMED: thread (33, main, main)
08:01:09.081 INFO: JdwpEventCenterDelegate: THREAD_RESUMED: thread (33, main, main)
08:01:09.083 INFO: JdwpEventCenterDelegate: THREAD_RESUMED: thread (33, main, main)
08:01:09.084 INFO: JdwpEventCenterDelegate: THREAD_RESUMED: thread (33, main, main)
08:01:09.085 INFO: JdwpEventCenterDelegate: THREAD_RESUMED: thread (33, main, main)
08:01:09.087 INFO: JdwpEventCenterDelegate: THREAD_RESUMED: thread (33, main, main)
08:01:09.088 INFO: JdwpEventCenterDelegate: THREAD_RESUMED: thread (33, main, main)
08:01:09.089 INFO: JdwpEventCenterDelegate: THREAD_RESUMED: thread (33, main, main)
08:01:09.090 INFO: JdwpEventCenterDelegate: THREAD_RESUMED: thread (33, main, main)
08:01:09.091 INFO: JdwpEventCenterDelegate: THREAD_RESUMED: thread (33, main, main)
08:01:09.093 INFO: JdwpEventCenterDelegate: THREAD_RESUMED: thread (33, main, main)
08:01:09.094 INFO: JdwpEventCenterDelegate: THREAD_RESUMED: thread (33, main, main)
08:01:09.095 INFO: JdwpEventCenterDelegate: THREAD_RESUMED: thread (33, main, main)
08:01:09.096 INFO: JdwpEventCenterDelegate: THREAD_RESUMED: thread (33, main, main)
08:01:09.098 INFO: JdwpEventCenterDelegate: THREAD_RESUMED: thread (33, main, main)
08:01:09.101 INFO: JdwpEventCenterDelegate: THREAD_RESUMED: thread (33, main, main)
08:01:09.102 INFO: JdwpEventCenterDelegate: THREAD_RESUMED: thread (33, main, main)
08:01:09.104 INFO: JdwpEventCenterDelegate: THREAD_RESUMED: thread (33, main, main)
08:01:09.105 INFO: JdwpEventCenterDelegate: THREAD_RESUMED: thread (33, main, main)
08:01:09.106 INFO: JdwpEventCenterDelegate: THREAD_RESUMED: thread (33, main, main)
08:01:09.107 INFO: JdwpEventCenterDelegate: THREAD_RESUMED: thread (33, main, main)
08:01:09.108 INFO: JdwpEventCenterDelegate: THREAD_RESUMED: thread (33, main, main)
08:01:09.139 INFO: JdwpEventCenterDelegate: THREAD_RESUMED: thread (33, main, main)
08:01:09.140 INFO: JdwpEventCenterDelegate: THREAD_RESUMED: thread (33, main, main)
08:01:09.142 INFO: JdwpEventCenterDelegate: THREAD_RESUMED: thread (33, main, main)
08:01:09.144 INFO: JdwpEventCenterDelegate: THREAD_RESUMED: thread (33, main, main)
08:01:09.146 INFO: JdwpEventCenterDelegate: THREAD_RESUMED: thread (33, main, main)
08:01:09.148 INFO: JdwpEventCenterDelegate: THREAD_RESUMED: thread (33, main, main)
08:01:09.149 INFO: JdwpEventCenterDelegate: THREAD_RESUMED: thread (33, main, main)
08:01:09.151 INFO: JdwpEventCenterDelegate: THREAD_RESUMED: thread (33, main, main)
08:01:09.153 INFO: JdwpEventCenterDelegate: THREAD_RESUMED: thread (33, main, main)
08:01:09.155 INFO: JdwpEventCenterDelegate: THREAD_RESUMED: thread (33, main, main)
08:01:09.156 INFO: JdwpEventCenterDelegate: THREAD_RESUMED: thread (33, main, main)
08:01:09.158 INFO: JdwpEventCenterDelegate: THREAD_RESUMED: thread (33, main, main)
08:01:09.159 INFO: JdwpEventCenterDelegate: THREAD_RESUMED: thread (33, main, main)
08:01:09.160 INFO: JdwpEventCenterDelegate: THREAD_RESUMED: thread (33, main, main)
08:01:09.175 INFO: JdwpEventCenterDelegate: THREAD_RESUMED: thread (33, main, main)
08:01:09.177 INFO: JdwpEventCenterDelegate: THREAD_RESUMED: thread (33, main, main)
08:01:09.179 INFO: JdwpEventCenterDelegate: THREAD_RESUMED: thread (33, main, main)
08:01:09.180 INFO: JdwpEventCenterDelegate: THREAD_RESUMED: thread (33, main, main)
08:01:09.182 INFO: JdwpEventCenterDelegate: THREAD_RESUMED: thread (33, main, main)
08:01:09.183 INFO: JdwpEventCenterDelegate: THREAD_RESUMED: thread (33, main, main)
08:01:09.185 INFO: JdwpEventCenterDelegate: THREAD_RESUMED: thread (33, main, main)
08:01:09.207 INFO: JdwpEventCenterDelegate: THREAD_RESUMED: thread (33, main, main)
08:01:09.208 INFO: JdwpEventCenterDelegate: THREAD_RESUMED: thread (33, main, main)
08:01:09.210 INFO: JdwpEventCenterDelegate: THREAD_RESUMED: thread (33, main, main)
08:01:09.211 INFO: JdwpEventCenterDelegate: THREAD_RESUMED: thread (33, main, main)
08:01:09.212 INFO: JdwpEventCenterDelegate: THREAD_RESUMED: thread (33, main, main)
08:01:09.214 INFO: JdwpEventCenterDelegate: THREAD_RESUMED: thread (33, main, main)
08:01:09.216 INFO: JdwpEventCenterDelegate: THREAD_RESUMED: thread (33, main, main)
08:01:09.241 INFO: JdwpEventCenterDelegate: THREAD_RESUMED: thread (33, main, main)
08:01:09.242 INFO: JdwpEventCenterDelegate: THREAD_RESUMED: thread (33, main, main)
08:01:09.243 INFO: JdwpEventCenterDelegate: THREAD_RESUMED: thread (33, main, main)
08:01:09.244 INFO: JdwpEventCenterDelegate: THREAD_RESUMED: thread (33, main, main)
08:01:09.246 INFO: JdwpEventCenterDelegate: THREAD_RESUMED: thread (33, main, main)
08:01:09.247 INFO: JdwpEventCenterDelegate: THREAD_RESUMED: thread (33, main, main)
08:01:09.249 INFO: JdwpEventCenterDelegate: THREAD_RESUMED: thread (33, main, main)
08:01:09.262 INFO: JdwpEventCenterDelegate: THREAD_RESUMED: thread (33, main, main)
08:01:09.263 INFO: JdwpEventCenterDelegate: THREAD_RESUMED: thread (33, main, main)
08:01:09.264 INFO: JdwpEventCenterDelegate: THREAD_RESUMED: thread (33, main, main)
08:01:09.266 INFO: JdwpEventCenterDelegate: THREAD_RESUMED: thread (33, main, main)
08:01:09.267 INFO: JdwpEventCenterDelegate: THREAD_RESUMED: thread (33, main, main)
08:01:09.268 INFO: JdwpEventCenterDelegate: THREAD_RESUMED: thread (33, main, main)
08:01:09.270 INFO: JdwpEventCenterDelegate: THREAD_RESUMED: thread (33, main, main)
08:01:09.278 INFO: JdwpEventCenterDelegate: THREAD_RESUMED: thread (33, main, main)
08:01:09.280 INFO: JdwpEventCenterDelegate: THREAD_RESUMED: thread (33, main, main)
08:01:09.282 INFO: JdwpEventCenterDelegate: THREAD_RESUMED: thread (33, main, main)
08:01:09.283 INFO: JdwpEventCenterDelegate: THREAD_RESUMED: thread (33, main, main)
08:01:09.284 INFO: JdwpEventCenterDelegate: THREAD_RESUMED: thread (33, main, main)
08:01:09.285 INFO: JdwpEventCenterDelegate: THREAD_RESUMED: thread (33, main, main)
08:01:09.287 INFO: JdwpEventCenterDelegate: THREAD_RESUMED: thread (33, main, main)
08:01:09.288 INFO: JdwpEventCenterDelegate: THREAD_RESUMED: thread (33, main, main)
08:01:09.289 INFO: JdwpEventCenterDelegate: THREAD_RESUMED: thread (33, main, main)
08:01:09.291 INFO: JdwpEventCenterDelegate: THREAD_RESUMED: thread (33, main, main)
08:01:09.292 INFO: JdwpEventCenterDelegate: THREAD_RESUMED: thread (33, main, main)
08:01:09.293 INFO: JdwpEventCenterDelegate: THREAD_RESUMED: thread (33, main, main)
08:01:09.294 INFO: JdwpEventCenterDelegate: THREAD_RESUMED: thread (33, main, main)
08:01:09.295 INFO: JdwpEventCenterDelegate: THREAD_RESUMED: thread (33, main, main)
08:01:09.297 INFO: JdwpEventCenterDelegate: THREAD_RESUMED: thread (33, main, main)
08:01:09.298 INFO: JdwpEventCenterDelegate: THREAD_RESUMED: thread (33, main, main)
08:01:09.299 INFO: JdwpEventCenterDelegate: THREAD_RESUMED: thread (33, main, main)
08:01:09.300 INFO: JdwpEventCenterDelegate: THREAD_RESUMED: thread (33, main, main)
08:01:09.303 INFO: JdwpEventCenterDelegate: THREAD_RESUMED: thread (33, main, main)
08:01:09.304 INFO: JdwpEventCenterDelegate: THREAD_RESUMED: thread (33, main, main)
08:01:09.432 INFO: JdwpEventCenterDelegate: THREAD_STARTED: thread (93, AssetManager, main)
08:01:09.536 INFO: JdwpEventCenterDelegate: THREAD_RESUMED: thread (33, main, main)
08:01:09.538 INFO: JdwpEventCenterDelegate: THREAD_RESUMED: thread (33, main, main)
08:01:12.106 INFO: JdwpEventCenterDelegate: THREAD_RESUMED: thread (33, main, main)
08:01:12.207 INFO: JdwpEventCenterDelegate: THREAD_RESUMED: thread (33, main, main)
08:01:12.208 INFO: JdwpEventCenterDelegate: THREAD_RESUMED: thread (33, main, main)
08:01:12.210 INFO: JdwpEventCenterDelegate: THREAD_RESUMED: thread (33, main, main)
08:01:12.211 INFO: JdwpEventCenterDelegate: THREAD_RESUMED: thread (33, main, main)
08:01:12.213 INFO: JdwpEventCenterDelegate: THREAD_RESUMED: thread (33, main, main)
08:01:12.218 INFO: JdwpEventCenterDelegate: THREAD_RESUMED: thread (33, main, main)
08:01:12.230 INFO: JdwpEventCenterDelegate: THREAD_RESUMED: thread (33, main, main)
08:01:12.233 INFO: JdwpEventCenterDelegate: THREAD_RESUMED: thread (33, main, main)
08:01:12.235 INFO: JdwpEventCenterDelegate: THREAD_RESUMED: thread (33, main, main)
08:01:12.237 INFO: JdwpEventCenterDelegate: THREAD_RESUMED: thread (33, main, main)
08:01:12.239 INFO: JdwpEventCenterDelegate: THREAD_RESUMED: thread (33, main, main)
08:01:12.244 INFO: JdwpEventCenterDelegate: THREAD_RESUMED: thread (33, main, main)
08:01:12.259 INFO: JdwpEventCenterDelegate: THREAD_RESUMED: thread (33, main, main)
08:01:12.261 INFO: JdwpEventCenterDelegate: THREAD_RESUMED: thread (33, main, main)
08:01:12.263 INFO: JdwpEventCenterDelegate: THREAD_RESUMED: thread (33, main, main)
08:01:12.266 INFO: JdwpEventCenterDelegate: THREAD_RESUMED: thread (33, main, main)
08:01:12.268 INFO: JdwpEventCenterDelegate: THREAD_RESUMED: thread (33, main, main)
08:01:12.273 INFO: JdwpEventCenterDelegate: THREAD_RESUMED: thread (33, main, main)
08:01:12.291 INFO: JdwpEventCenterDelegate: THREAD_RESUMED: thread (33, main, main)
08:01:12.293 INFO: JdwpEventCenterDelegate: THREAD_RESUMED: thread (33, main, main)
08:01:12.295 INFO: JdwpEventCenterDelegate: THREAD_RESUMED: thread (33, main, main)
08:01:12.297 INFO: JdwpEventCenterDelegate: THREAD_RESUMED: thread (33, main, main)
08:01:12.299 INFO: JdwpEventCenterDelegate: THREAD_RESUMED: thread (33, main, main)
08:01:12.304 INFO: JdwpEventCenterDelegate: THREAD_RESUMED: thread (33, main, main)
08:01:12.320 INFO: JdwpEventCenterDelegate: THREAD_RESUMED: thread (33, main, main)
08:01:12.322 INFO: JdwpEventCenterDelegate: THREAD_RESUMED: thread (33, main, main)
08:01:12.324 INFO: JdwpEventCenterDelegate: THREAD_RESUMED: thread (33, main, main)
08:01:12.326 INFO: JdwpEventCenterDelegate: THREAD_RESUMED: thread (33, main, main)
08:01:12.329 INFO: JdwpEventCenterDelegate: THREAD_RESUMED: thread (33, main, main)
08:01:12.333 INFO: JdwpEventCenterDelegate: THREAD_RESUMED: thread (33, main, main)
08:01:12.348 INFO: JdwpEventCenterDelegate: THREAD_RESUMED: thread (33, main, main)
08:01:12.351 INFO: JdwpEventCenterDelegate: THREAD_RESUMED: thread (33, main, main)
08:01:12.353 INFO: JdwpEventCenterDelegate: THREAD_RESUMED: thread (33, main, main)
08:01:12.355 INFO: JdwpEventCenterDelegate: THREAD_RESUMED: thread (33, main, main)
08:01:12.357 INFO: JdwpEventCenterDelegate: THREAD_RESUMED: thread (33, main, main)
08:01:12.362 INFO: JdwpEventCenterDelegate: THREAD_RESUMED: thread (33, main, main)
08:01:12.381 INFO: JdwpEventCenterDelegate: THREAD_RESUMED: thread (33, main, main)
08:01:12.383 INFO: JdwpEventCenterDelegate: THREAD_RESUMED: thread (33, main, main)
08:01:12.385 INFO: JdwpEventCenterDelegate: THREAD_RESUMED: thread (33, main, main)
08:01:12.387 INFO: JdwpEventCenterDelegate: THREAD_RESUMED: thread (33, main, main)
08:01:12.390 INFO: JdwpEventCenterDelegate: THREAD_RESUMED: thread (33, main, main)
08:01:12.395 INFO: JdwpEventCenterDelegate: THREAD_RESUMED: thread (33, main, main)
08:01:12.414 INFO: JdwpEventCenterDelegate: THREAD_RESUMED: thread (33, main, main)
08:01:12.416 INFO: JdwpEventCenterDelegate: THREAD_RESUMED: thread (33, main, main)
08:01:12.418 INFO: JdwpEventCenterDelegate: THREAD_RESUMED: thread (33, main, main)
08:01:12.421 INFO: JdwpEventCenterDelegate: THREAD_RESUMED: thread (33, main, main)
08:01:12.423 INFO: JdwpEventCenterDelegate: THREAD_RESUMED: thread (33, main, main)
08:01:12.428 INFO: JdwpEventCenterDelegate: THREAD_RESUMED: thread (33, main, main)
08:01:12.447 INFO: JdwpEventCenterDelegate: THREAD_RESUMED: thread (33, main, main)
08:01:12.449 INFO: JdwpEventCenterDelegate: THREAD_RESUMED: thread (33, main, main)
08:01:12.451 INFO: JdwpEventCenterDelegate: THREAD_RESUMED: thread (33, main, main)
08:01:12.453 INFO: JdwpEventCenterDelegate: THREAD_RESUMED: thread (33, main, main)
08:01:12.455 INFO: JdwpEventCenterDelegate: THREAD_RESUMED: thread (33, main, main)
08:01:12.460 INFO: JdwpEventCenterDelegate: THREAD_RESUMED: thread (33, main, main)
08:01:12.478 INFO: JdwpEventCenterDelegate: THREAD_RESUMED: thread (33, main, main)
08:01:12.480 INFO: JdwpEventCenterDelegate: THREAD_RESUMED: thread (33, main, main)
08:01:12.483 INFO: JdwpEventCenterDelegate: THREAD_RESUMED: thread (33, main, main)
08:01:12.484 INFO: JdwpEventCenterDelegate: THREAD_RESUMED: thread (33, main, main)
08:01:12.487 INFO: JdwpEventCenterDelegate: THREAD_RESUMED: thread (33, main, main)
08:01:12.492 INFO: JdwpEventCenterDelegate: THREAD_RESUMED: thread (33, main, main)
08:01:12.507 INFO: JdwpEventCenterDelegate: THREAD_RESUMED: thread (33, main, main)
08:01:12.509 INFO: JdwpEventCenterDelegate: THREAD_RESUMED: thread (33, main, main)
08:01:12.511 INFO: JdwpEventCenterDelegate: THREAD_RESUMED: thread (33, main, main)
08:01:12.514 INFO: JdwpEventCenterDelegate: THREAD_RESUMED: thread (33, main, main)
08:01:12.516 INFO: JdwpEventCenterDelegate: THREAD_RESUMED: thread (33, main, main)
08:01:12.520 INFO: JdwpEventCenterDelegate: THREAD_RESUMED: thread (33, main, main)
08:01:12.540 INFO: JdwpEventCenterDelegate: THREAD_RESUMED: thread (33, main, main)
08:01:12.542 INFO: JdwpEventCenterDelegate: THREAD_RESUMED: thread (33, main, main)
08:01:12.544 INFO: JdwpEventCenterDelegate: THREAD_RESUMED: thread (33, main, main)
08:01:12.546 INFO: JdwpEventCenterDelegate: THREAD_RESUMED: thread (33, main, main)
08:01:12.548 INFO: JdwpEventCenterDelegate: THREAD_RESUMED: thread (33, main, main)
08:01:12.553 INFO: JdwpEventCenterDelegate: THREAD_RESUMED: thread (33, main, main)
08:01:12.575 INFO: JdwpEventCenterDelegate: THREAD_RESUMED: thread (33, main, main)
08:01:12.578 INFO: JdwpEventCenterDelegate: THREAD_RESUMED: thread (33, main, main)
08:01:12.580 INFO: JdwpEventCenterDelegate: THREAD_RESUMED: thread (33, main, main)
08:01:12.582 INFO: JdwpEventCenterDelegate: THREAD_RESUMED: thread (33, main, main)
08:01:12.584 INFO: JdwpEventCenterDelegate: THREAD_RESUMED: thread (33, main, main)
08:01:12.589 INFO: JdwpEventCenterDelegate: THREAD_RESUMED: thread (33, main, main)
08:01:12.609 INFO: JdwpEventCenterDelegate: THREAD_RESUMED: thread (33, main, main)
08:01:12.611 INFO: JdwpEventCenterDelegate: THREAD_RESUMED: thread (33, main, main)
08:01:12.613 INFO: JdwpEventCenterDelegate: THREAD_RESUMED: thread (33, main, main)
08:01:12.614 INFO: JdwpEventCenterDelegate: THREAD_RESUMED: thread (33, main, main)
08:01:12.617 INFO: JdwpEventCenterDelegate: THREAD_RESUMED: thread (33, main, main)
08:01:12.622 INFO: JdwpEventCenterDelegate: THREAD_RESUMED: thread (33, main, main)
08:01:12.635 INFO: JdwpEventCenterDelegate: THREAD_RESUMED: thread (33, main, main)
08:01:12.637 INFO: JdwpEventCenterDelegate: THREAD_RESUMED: thread (33, main, main)
08:01:12.639 INFO: JdwpEventCenterDelegate: THREAD_RESUMED: thread (33, main, main)
08:01:12.642 INFO: JdwpEventCenterDelegate: THREAD_RESUMED: thread (33, main, main)
08:01:12.644 INFO: JdwpEventCenterDelegate: THREAD_RESUMED: thread (33, main, main)
08:01:12.649 INFO: JdwpEventCenterDelegate: THREAD_RESUMED: thread (33, main, main)
08:01:12.651 INFO: JdwpEventCenterDelegate: THREAD_RESUMED: thread (33, main, main)
08:01:12.654 INFO: JdwpEventCenterDelegate: THREAD_RESUMED: thread (33, main, main)
08:01:12.656 INFO: JdwpEventCenterDelegate: THREAD_RESUMED: thread (33, main, main)
08:01:12.658 INFO: JdwpEventCenterDelegate: THREAD_RESUMED: thread (33, main, main)
08:01:12.661 INFO: JdwpEventCenterDelegate: THREAD_RESUMED: thread (33, main, main)
08:01:12.663 INFO: JdwpEventCenterDelegate: THREAD_RESUMED: thread (33, main, main)
08:01:12.667 INFO: JdwpEventCenterDelegate: THREAD_RESUMED: thread (33, main, main)
08:01:12.669 INFO: JdwpEventCenterDelegate: THREAD_RESUMED: thread (33, main, main)
08:01:12.671 INFO: JdwpEventCenterDelegate: THREAD_RESUMED: thread (33, main, main)
08:01:12.673 INFO: JdwpEventCenterDelegate: THREAD_RESUMED: thread (33, main, main)
08:01:12.686 INFO: JdwpEventCenterDelegate: THREAD_RESUMED: thread (33, main, main)
08:01:12.688 INFO: JdwpEventCenterDelegate: THREAD_RESUMED: thread (33, main, main)
08:01:12.690 INFO: JdwpEventCenterDelegate: THREAD_RESUMED: thread (33, main, main)
08:01:12.692 INFO: JdwpEventCenterDelegate: THREAD_RESUMED: thread (33, main, main)
08:01:12.693 INFO: JdwpEventCenterDelegate: THREAD_RESUMED: thread (33, main, main)
08:01:12.695 INFO: JdwpEventCenterDelegate: THREAD_RESUMED: thread (33, main, main)
08:01:12.697 INFO: JdwpEventCenterDelegate: THREAD_RESUMED: thread (33, main, main)
08:01:12.712 INFO: JdwpEventCenterDelegate: THREAD_RESUMED: thread (33, main, main)
08:01:12.714 INFO: JdwpEventCenterDelegate: THREAD_RESUMED: thread (33, main, main)
08:01:12.716 INFO: JdwpEventCenterDelegate: THREAD_RESUMED: thread (33, main, main)
08:01:12.717 INFO: JdwpEventCenterDelegate: THREAD_RESUMED: thread (33, main, main)
08:01:12.719 INFO: JdwpEventCenterDelegate: THREAD_RESUMED: thread (33, main, main)
08:01:12.724 INFO: JdwpEventCenterDelegate: THREAD_RESUMED: thread (33, main, main)
08:01:12.737 INFO: JdwpEventCenterDelegate: THREAD_RESUMED: thread (33, main, main)
08:01:12.750 INFO: JdwpEventCenterDelegate: THREAD_RESUMED: thread (33, main, main)
08:01:12.761 INFO: JdwpEventCenterDelegate: THREAD_RESUMED: thread (33, main, main)
08:01:12.774 INFO: JdwpEventCenterDelegate: THREAD_RESUMED: thread (33, main, main)
08:01:12.807 INFO: JdwpEventCenterDelegate: THREAD_RESUMED: thread (33, main, main)
08:01:12.809 INFO: JdwpEventCenterDelegate: THREAD_RESUMED: thread (33, main, main)
08:01:12.811 INFO: JdwpEventCenterDelegate: THREAD_RESUMED: thread (33, main, main)
08:01:12.813 INFO: JdwpEventCenterDelegate: THREAD_RESUMED: thread (33, main, main)
08:01:12.815 INFO: JdwpEventCenterDelegate: THREAD_RESUMED: thread (33, main, main)
08:01:12.819 INFO: JdwpEventCenterDelegate: THREAD_RESUMED: thread (33, main, main)
08:01:12.831 INFO: JdwpEventCenterDelegate: THREAD_RESUMED: thread (33, main, main)
08:01:12.833 INFO: JdwpEventCenterDelegate: THREAD_RESUMED: thread (33, main, main)
08:01:12.836 INFO: JdwpEventCenterDelegate: THREAD_RESUMED: thread (33, main, main)
08:01:12.838 INFO: JdwpEventCenterDelegate: THREAD_RESUMED: thread (33, main, main)
08:01:12.840 INFO: JdwpEventCenterDelegate: THREAD_RESUMED: thread (33, main, main)
08:01:12.845 INFO: JdwpEventCenterDelegate: THREAD_RESUMED: thread (33, main, main)
08:01:12.859 INFO: JdwpEventCenterDelegate: THREAD_RESUMED: thread (33, main, main)
08:01:12.861 INFO: JdwpEventCenterDelegate: THREAD_RESUMED: thread (33, main, main)
08:01:12.863 INFO: JdwpEventCenterDelegate: THREAD_RESUMED: thread (33, main, main)
08:01:12.865 INFO: JdwpEventCenterDelegate: THREAD_RESUMED: thread (33, main, main)
08:01:12.868 INFO: JdwpEventCenterDelegate: THREAD_RESUMED: thread (33, main, main)
08:01:12.873 INFO: JdwpEventCenterDelegate: THREAD_RESUMED: thread (33, main, main)
08:01:12.890 INFO: JdwpEventCenterDelegate: THREAD_RESUMED: thread (33, main, main)
08:01:12.892 INFO: JdwpEventCenterDelegate: THREAD_RESUMED: thread (33, main, main)
08:01:12.894 INFO: JdwpEventCenterDelegate: THREAD_RESUMED: thread (33, main, main)
08:01:12.896 INFO: JdwpEventCenterDelegate: THREAD_RESUMED: thread (33, main, main)
08:01:12.898 INFO: JdwpEventCenterDelegate: THREAD_RESUMED: thread (33, main, main)
08:01:12.903 INFO: JdwpEventCenterDelegate: THREAD_RESUMED: thread (33, main, main)
08:01:12.944 INFO: JdwpEventCenterDelegate: THREAD_RESUMED: thread (33, main, main)
08:01:12.946 INFO: JdwpEventCenterDelegate: THREAD_RESUMED: thread (33, main, main)
08:01:12.948 INFO: JdwpEventCenterDelegate: THREAD_RESUMED: thread (33, main, main)
08:01:12.950 INFO: JdwpEventCenterDelegate: THREAD_RESUMED: thread (33, main, main)
08:01:12.952 INFO: JdwpEventCenterDelegate: THREAD_RESUMED: thread (33, main, main)
08:01:12.957 INFO: JdwpEventCenterDelegate: THREAD_RESUMED: thread (33, main, main)
08:01:12.973 INFO: JdwpEventCenterDelegate: THREAD_RESUMED: thread (33, main, main)
08:01:12.975 INFO: JdwpEventCenterDelegate: THREAD_RESUMED: thread (33, main, main)
08:01:12.977 INFO: JdwpEventCenterDelegate: THREAD_RESUMED: thread (33, main, main)
08:01:12.979 INFO: JdwpEventCenterDelegate: THREAD_RESUMED: thread (33, main, main)
08:01:12.981 INFO: JdwpEventCenterDelegate: THREAD_RESUMED: thread (33, main, main)
08:01:12.986 INFO: JdwpEventCenterDelegate: THREAD_RESUMED: thread (33, main, main)
08:01:13.007 INFO: JdwpEventCenterDelegate: THREAD_RESUMED: thread (33, main, main)
08:01:13.010 INFO: JdwpEventCenterDelegate: THREAD_RESUMED: thread (33, main, main)
08:01:13.012 INFO: JdwpEventCenterDelegate: THREAD_RESUMED: thread (33, main, main)
08:01:13.014 INFO: JdwpEventCenterDelegate: THREAD_RESUMED: thread (33, main, main)
08:01:13.016 INFO: JdwpEventCenterDelegate: THREAD_RESUMED: thread (33, main, main)
08:01:13.020 INFO: JdwpEventCenterDelegate: THREAD_RESUMED: thread (33, main, main)
08:01:13.038 INFO: JdwpEventCenterDelegate: THREAD_RESUMED: thread (33, main, main)
08:01:13.041 INFO: JdwpEventCenterDelegate: THREAD_RESUMED: thread (33, main, main)
08:01:13.043 INFO: JdwpEventCenterDelegate: THREAD_RESUMED: thread (33, main, main)
08:01:13.045 INFO: JdwpEventCenterDelegate: THREAD_RESUMED: thread (33, main, main)
08:01:13.047 INFO: JdwpEventCenterDelegate: THREAD_RESUMED: thread (33, main, main)
08:01:13.052 INFO: JdwpEventCenterDelegate: THREAD_RESUMED: thread (33, main, main)
08:01:13.069 INFO: JdwpEventCenterDelegate: THREAD_RESUMED: thread (33, main, main)
08:01:13.072 INFO: JdwpEventCenterDelegate: THREAD_RESUMED: thread (33, main, main)
08:01:13.074 INFO: JdwpEventCenterDelegate: THREAD_RESUMED: thread (33, main, main)
08:01:13.076 INFO: JdwpEventCenterDelegate: THREAD_RESUMED: thread (33, main, main)
08:01:13.078 INFO: JdwpEventCenterDelegate: THREAD_RESUMED: thread (33, main, main)
08:01:13.082 INFO: JdwpEventCenterDelegate: THREAD_RESUMED: thread (33, main, main)
08:01:13.097 INFO: JdwpEventCenterDelegate: THREAD_RESUMED: thread (33, main, main)
08:01:13.099 INFO: JdwpEventCenterDelegate: THREAD_RESUMED: thread (33, main, main)
08:01:13.101 INFO: JdwpEventCenterDelegate: THREAD_RESUMED: thread (33, main, main)
08:01:13.103 INFO: JdwpEventCenterDelegate: THREAD_RESUMED: thread (33, main, main)
08:01:13.105 INFO: JdwpEventCenterDelegate: THREAD_RESUMED: thread (33, main, main)
08:01:13.109 INFO: JdwpEventCenterDelegate: THREAD_RESUMED: thread (33, main, main)
08:01:13.123 INFO: JdwpEventCenterDelegate: THREAD_RESUMED: thread (33, main, main)
08:01:13.125 INFO: JdwpEventCenterDelegate: THREAD_RESUMED: thread (33, main, main)
08:01:13.128 INFO: JdwpEventCenterDelegate: THREAD_RESUMED: thread (33, main, main)
08:01:13.130 INFO: JdwpEventCenterDelegate: THREAD_RESUMED: thread (33, main, main)
08:01:13.132 INFO: JdwpEventCenterDelegate: THREAD_RESUMED: thread (33, main, main)
08:01:13.137 INFO: JdwpEventCenterDelegate: THREAD_RESUMED: thread (33, main, main)
08:01:13.156 INFO: JdwpEventCenterDelegate: THREAD_RESUMED: thread (33, main, main)
08:01:13.158 INFO: JdwpEventCenterDelegate: THREAD_RESUMED: thread (33, main, main)
08:01:13.160 INFO: JdwpEventCenterDelegate: THREAD_RESUMED: thread (33, main, main)
08:01:13.162 INFO: JdwpEventCenterDelegate: THREAD_RESUMED: thread (33, main, main)
08:01:13.165 INFO: JdwpEventCenterDelegate: THREAD_RESUMED: thread (33, main, main)
08:01:13.169 INFO: JdwpEventCenterDelegate: THREAD_RESUMED: thread (33, main, main)
08:01:13.194 INFO: JdwpEventCenterDelegate: THREAD_RESUMED: thread (33, main, main)
08:01:13.196 INFO: JdwpEventCenterDelegate: THREAD_RESUMED: thread (33, main, main)
08:01:13.198 INFO: JdwpEventCenterDelegate: THREAD_RESUMED: thread (33, main, main)
08:01:13.200 INFO: JdwpEventCenterDelegate: THREAD_RESUMED: thread (33, main, main)
08:01:13.203 INFO: JdwpEventCenterDelegate: THREAD_RESUMED: thread (33, main, main)
08:01:13.208 INFO: JdwpEventCenterDelegate: THREAD_RESUMED: thread (33, main, main)
08:01:13.226 INFO: JdwpEventCenterDelegate: THREAD_RESUMED: thread (33, main, main)
08:01:13.228 INFO: JdwpEventCenterDelegate: THREAD_RESUMED: thread (33, main, main)
08:01:13.230 INFO: JdwpEventCenterDelegate: THREAD_RESUMED: thread (33, main, main)
08:01:13.233 INFO: JdwpEventCenterDelegate: THREAD_RESUMED: thread (33, main, main)
08:01:13.235 INFO: JdwpEventCenterDelegate: THREAD_RESUMED: thread (33, main, main)
08:01:13.240 INFO: JdwpEventCenterDelegate: THREAD_RESUMED: thread (33, main, main)
08:01:13.253 INFO: JdwpEventCenterDelegate: THREAD_RESUMED: thread (33, main, main)
08:01:13.255 INFO: JdwpEventCenterDelegate: THREAD_RESUMED: thread (33, main, main)
08:01:13.257 INFO: JdwpEventCenterDelegate: THREAD_RESUMED: thread (33, main, main)
08:01:13.259 INFO: JdwpEventCenterDelegate: THREAD_RESUMED: thread (33, main, main)
08:01:13.261 INFO: JdwpEventCenterDelegate: THREAD_RESUMED: thread (33, main, main)
08:01:14.332 INFO: JdwpEventCenterDelegate: THREAD_STARTED: thread (108, Timer, main)
08:01:15.224 INFO: JdwpEventCenterDelegate: THREAD_RESUMED: thread (33, main, main)
08:01:15.259 INFO: JdwpEventCenterDelegate: THREAD_RESUMED: thread (33, main, main)
08:01:15.282 INFO: JdwpEventCenterDelegate: THREAD_RESUMED: thread (33, main, main)
08:01:15.300 INFO: JdwpEventCenterDelegate: THREAD_RESUMED: thread (33, main, main)
08:01:15.340 INFO: JdwpEventCenterDelegate: THREAD_RESUMED: thread (33, main, main)
08:01:15.374 INFO: JdwpEventCenterDelegate: THREAD_RESUMED: thread (33, main, main)
08:01:15.391 INFO: JdwpEventCenterDelegate: THREAD_RESUMED: thread (33, main, main)
08:01:15.406 INFO: JdwpEventCenterDelegate: THREAD_RESUMED: thread (33, main, main)
08:01:15.413 INFO: JdwpEventCenterDelegate: THREAD_RESUMED: thread (33, main, main)
08:01:15.427 INFO: JdwpEventCenterDelegate: THREAD_RESUMED: thread (33, main, main)
08:01:15.458 INFO: JdwpEventCenterDelegate: THREAD_RESUMED: thread (33, main, main)
08:01:15.470 INFO: JdwpEventCenterDelegate: THREAD_RESUMED: thread (33, main, main)
08:01:15.482 INFO: JdwpEventCenterDelegate: THREAD_RESUMED: thread (33, main, main)
08:01:15.494 INFO: JdwpEventCenterDelegate: THREAD_RESUMED: thread (33, main, main)
08:01:15.529 INFO: JdwpEventCenterDelegate: THREAD_RESUMED: thread (33, main, main)
08:01:15.562 INFO: JdwpEventCenterDelegate: THREAD_RESUMED: thread (33, main, main)
08:01:15.578 INFO: JdwpEventCenterDelegate: THREAD_RESUMED: thread (33, main, main)
08:01:15.592 INFO: JdwpEventCenterDelegate: THREAD_RESUMED: thread (33, main, main)
08:01:15.598 INFO: JdwpEventCenterDelegate: THREAD_RESUMED: thread (33, main, main)
08:01:15.612 INFO: JdwpEventCenterDelegate: THREAD_RESUMED: thread (33, main, main)
08:01:16.632 INFO: JdwpEventCenterDelegate: THREAD_STARTED: thread (123, Thread-7, main)
08:01:20.992 INFO: JdwpEventCenterDelegate: THREAD_STARTED: thread (138, Thread-8, main)
08:01:22.903 INFO: JdwpEventCenterDelegate: THREAD_RESUMED: thread (33, main, main)
08:01:22.940 INFO: JdwpEventCenterDelegate: THREAD_RESUMED: thread (33, main, main)
08:01:22.967 INFO: JdwpEventCenterDelegate: THREAD_RESUMED: thread (33, main, main)
08:01:22.989 INFO: JdwpEventCenterDelegate: THREAD_RESUMED: thread (33, main, main)
08:01:23.028 INFO: JdwpEventCenterDelegate: THREAD_RESUMED: thread (33, main, main)
08:01:23.061 INFO: JdwpEventCenterDelegate: THREAD_RESUMED: thread (33, main, main)
08:01:23.077 INFO: JdwpEventCenterDelegate: THREAD_RESUMED: thread (33, main, main)
08:01:23.092 INFO: JdwpEventCenterDelegate: THREAD_RESUMED: thread (33, main, main)
08:01:23.097 INFO: JdwpEventCenterDelegate: THREAD_RESUMED: thread (33, main, main)
08:01:23.110 INFO: JdwpEventCenterDelegate: THREAD_RESUMED: thread (33, main, main)
08:01:23.141 INFO: JdwpEventCenterDelegate: THREAD_RESUMED: thread (33, main, main)
08:01:23.153 INFO: JdwpEventCenterDelegate: THREAD_RESUMED: thread (33, main, main)
08:01:23.166 INFO: JdwpEventCenterDelegate: THREAD_RESUMED: thread (33, main, main)
08:01:23.179 INFO: JdwpEventCenterDelegate: THREAD_RESUMED: thread (33, main, main)
08:01:23.213 INFO: JdwpEventCenterDelegate: THREAD_RESUMED: thread (33, main, main)
08:01:23.246 INFO: JdwpEventCenterDelegate: THREAD_RESUMED: thread (33, main, main)
08:01:23.262 INFO: JdwpEventCenterDelegate: THREAD_RESUMED: thread (33, main, main)
08:01:23.277 INFO: JdwpEventCenterDelegate: THREAD_RESUMED: thread (33, main, main)
08:01:23.283 INFO: JdwpEventCenterDelegate: THREAD_RESUMED: thread (33, main, main)
08:01:23.296 INFO: JdwpEventCenterDelegate: THREAD_RESUMED: thread (33, main, main)
08:01:27.537 INFO: JdwpEventCenterDelegate: THREAD_RESUMED: thread (33, main, main)
08:01:27.575 INFO: JdwpEventCenterDelegate: THREAD_RESUMED: thread (33, main, main)
08:01:27.603 INFO: JdwpEventCenterDelegate: THREAD_RESUMED: thread (33, main, main)
08:01:27.625 INFO: JdwpEventCenterDelegate: THREAD_RESUMED: thread (33, main, main)
08:01:27.667 INFO: JdwpEventCenterDelegate: THREAD_RESUMED: thread (33, main, main)
08:01:27.700 INFO: JdwpEventCenterDelegate: THREAD_RESUMED: thread (33, main, main)
08:01:27.716 INFO: JdwpEventCenterDelegate: THREAD_RESUMED: thread (33, main, main)
08:01:27.731 INFO: JdwpEventCenterDelegate: THREAD_RESUMED: thread (33, main, main)
08:01:27.736 INFO: JdwpEventCenterDelegate: THREAD_RESUMED: thread (33, main, main)
08:01:27.750 INFO: JdwpEventCenterDelegate: THREAD_RESUMED: thread (33, main, main)
08:01:27.780 INFO: JdwpEventCenterDelegate: THREAD_RESUMED: thread (33, main, main)
08:01:27.793 INFO: JdwpEventCenterDelegate: THREAD_RESUMED: thread (33, main, main)
08:01:27.806 INFO: JdwpEventCenterDelegate: THREAD_RESUMED: thread (33, main, main)
08:01:27.818 INFO: JdwpEventCenterDelegate: THREAD_RESUMED: thread (33, main, main)
08:01:27.854 INFO: JdwpEventCenterDelegate: THREAD_RESUMED: thread (33, main, main)
08:01:27.886 INFO: JdwpEventCenterDelegate: THREAD_RESUMED: thread (33, main, main)
08:01:27.903 INFO: JdwpEventCenterDelegate: THREAD_RESUMED: thread (33, main, main)
08:01:27.917 INFO: JdwpEventCenterDelegate: THREAD_RESUMED: thread (33, main, main)
08:01:27.924 INFO: JdwpEventCenterDelegate: THREAD_RESUMED: thread (33, main, main)
08:01:27.937 INFO: JdwpEventCenterDelegate: THREAD_RESUMED: thread (33, main, main)
08:01:28.029 INFO: JdwpEventCenterDelegate: THREAD_STARTED: thread (153, Thread-9, main)
08:01:28.811 INFO: JdwpEventCenterDelegate: THREAD_DETTACHED: thread (153, Thread-9, main)
08:01:31.116 INFO: JdwpEventCenterDelegate: THREAD_RESUMED: thread (33, main, main)
08:01:31.159 INFO: JdwpEventCenterDelegate: THREAD_RESUMED: thread (33, main, main)
08:01:31.186 INFO: JdwpEventCenterDelegate: THREAD_RESUMED: thread (33, main, main)
08:01:31.207 INFO: JdwpEventCenterDelegate: THREAD_RESUMED: thread (33, main, main)
08:01:31.246 INFO: JdwpEventCenterDelegate: THREAD_RESUMED: thread (33, main, main)
08:01:31.279 INFO: JdwpEventCenterDelegate: THREAD_RESUMED: thread (33, main, main)
08:01:31.295 INFO: JdwpEventCenterDelegate: THREAD_RESUMED: thread (33, main, main)
08:01:31.313 INFO: JdwpEventCenterDelegate: THREAD_RESUMED: thread (33, main, main)
08:01:31.319 INFO: JdwpEventCenterDelegate: THREAD_RESUMED: thread (33, main, main)
08:01:31.332 INFO: JdwpEventCenterDelegate: THREAD_RESUMED: thread (33, main, main)
08:01:31.363 INFO: JdwpEventCenterDelegate: THREAD_RESUMED: thread (33, main, main)
08:01:31.376 INFO: JdwpEventCenterDelegate: THREAD_RESUMED: thread (33, main, main)
08:01:31.389 INFO: JdwpEventCenterDelegate: THREAD_RESUMED: thread (33, main, main)
08:01:31.401 INFO: JdwpEventCenterDelegate: THREAD_RESUMED: thread (33, main, main)
08:01:31.436 INFO: JdwpEventCenterDelegate: THREAD_RESUMED: thread (33, main, main)
08:01:31.470 INFO: JdwpEventCenterDelegate: THREAD_RESUMED: thread (33, main, main)
08:01:31.487 INFO: JdwpEventCenterDelegate: THREAD_RESUMED: thread (33, main, main)
08:01:31.502 INFO: JdwpEventCenterDelegate: THREAD_RESUMED: thread (33, main, main)
08:01:31.507 INFO: JdwpEventCenterDelegate: THREAD_RESUMED: thread (33, main, main)
08:01:31.522 INFO: JdwpEventCenterDelegate: THREAD_RESUMED: thread (33, main, main)
08:01:34.780 INFO: JdwpEventCenterDelegate: THREAD_RESUMED: thread (33, main, main)
08:01:34.821 INFO: JdwpEventCenterDelegate: THREAD_RESUMED: thread (33, main, main)
08:01:34.848 INFO: JdwpEventCenterDelegate: THREAD_RESUMED: thread (33, main, main)
08:01:34.870 INFO: JdwpEventCenterDelegate: THREAD_RESUMED: thread (33, main, main)
08:01:34.909 INFO: JdwpEventCenterDelegate: THREAD_RESUMED: thread (33, main, main)
08:01:34.942 INFO: JdwpEventCenterDelegate: THREAD_RESUMED: thread (33, main, main)
08:01:34.958 INFO: JdwpEventCenterDelegate: THREAD_RESUMED: thread (33, main, main)
08:01:34.972 INFO: JdwpEventCenterDelegate: THREAD_RESUMED: thread (33, main, main)
08:01:34.978 INFO: JdwpEventCenterDelegate: THREAD_RESUMED: thread (33, main, main)
08:01:34.992 INFO: JdwpEventCenterDelegate: THREAD_RESUMED: thread (33, main, main)
08:01:35.023 INFO: JdwpEventCenterDelegate: THREAD_RESUMED: thread (33, main, main)
08:01:35.036 INFO: JdwpEventCenterDelegate: THREAD_RESUMED: thread (33, main, main)
08:01:35.048 INFO: JdwpEventCenterDelegate: THREAD_RESUMED: thread (33, main, main)
08:01:35.061 INFO: JdwpEventCenterDelegate: THREAD_RESUMED: thread (33, main, main)
08:01:35.096 INFO: JdwpEventCenterDelegate: THREAD_RESUMED: thread (33, main, main)
08:01:35.132 INFO: JdwpEventCenterDelegate: THREAD_RESUMED: thread (33, main, main)
08:01:35.149 INFO: JdwpEventCenterDelegate: THREAD_RESUMED: thread (33, main, main)
08:01:35.163 INFO: JdwpEventCenterDelegate: THREAD_RESUMED: thread (33, main, main)
08:01:35.169 INFO: JdwpEventCenterDelegate: THREAD_RESUMED: thread (33, main, main)
08:01:35.182 INFO: JdwpEventCenterDelegate: THREAD_RESUMED: thread (33, main, main)
08:01:35.259 INFO: JdwpEventCenterDelegate: THREAD_STARTED: thread (168, Thread-10, main)
08:01:38.343 INFO: JdwpEventCenterDelegate: THREAD_RESUMED: thread (33, main, main)
08:01:38.383 INFO: JdwpEventCenterDelegate: THREAD_RESUMED: thread (33, main, main)
08:01:38.411 INFO: JdwpEventCenterDelegate: THREAD_RESUMED: thread (33, main, main)
08:01:38.432 INFO: JdwpEventCenterDelegate: THREAD_RESUMED: thread (33, main, main)
08:01:38.471 INFO: JdwpEventCenterDelegate: THREAD_RESUMED: thread (33, main, main)
08:01:38.506 INFO: JdwpEventCenterDelegate: THREAD_RESUMED: thread (33, main, main)
08:01:38.522 INFO: JdwpEventCenterDelegate: THREAD_RESUMED: thread (33, main, main)
08:01:38.537 INFO: JdwpEventCenterDelegate: THREAD_RESUMED: thread (33, main, main)
08:01:38.543 INFO: JdwpEventCenterDelegate: THREAD_RESUMED: thread (33, main, main)
08:01:38.557 INFO: JdwpEventCenterDelegate: THREAD_RESUMED: thread (33, main, main)
08:01:38.587 INFO: JdwpEventCenterDelegate: THREAD_RESUMED: thread (33, main, main)
08:01:38.600 INFO: JdwpEventCenterDelegate: THREAD_RESUMED: thread (33, main, main)
08:01:38.613 INFO: JdwpEventCenterDelegate: THREAD_RESUMED: thread (33, main, main)
08:01:38.625 INFO: JdwpEventCenterDelegate: THREAD_RESUMED: thread (33, main, main)
08:01:38.660 INFO: JdwpEventCenterDelegate: THREAD_RESUMED: thread (33, main, main)
08:01:38.693 INFO: JdwpEventCenterDelegate: THREAD_RESUMED: thread (33, main, main)
08:01:38.709 INFO: JdwpEventCenterDelegate: THREAD_RESUMED: thread (33, main, main)
08:01:38.724 INFO: JdwpEventCenterDelegate: THREAD_RESUMED: thread (33, main, main)
08:01:38.730 INFO: JdwpEventCenterDelegate: THREAD_RESUMED: thread (33, main, main)
08:01:38.744 INFO: JdwpEventCenterDelegate: THREAD_RESUMED: thread (33, main, main)
08:01:40.260 INFO: JdwpEventCenterDelegate: THREAD_DETTACHED: thread (168, Thread-10, main)
08:02:26.860 INFO: JdwpDebugServer: handling req: VirtualMachine(1).Exit(10)
08:02:26.861 SEVERE: Debugger: Thread JDWP server socket thread crashed
org.robovm.debugger.DebuggerException: Terminating due exit command
	at org.robovm.debugger.jdwp.JdwpDebugServer.doSocketWork(JdwpDebugServer.java:211)
	at java.base/java.lang.Thread.run(Thread.java:834)
	at org.robovm.debugger.utils.DebuggerThread.run(DebuggerThread.java:42)
08:02:27.367 SEVERE: Debugger: Thread HooksChannel socket thread crashed
org.robovm.debugger.DebuggerException: java.io.IOException: org.robovm.libimobiledevice.LibIMobileDeviceException: IDEVICE_E_UNKNOWN_ERROR
	at org.robovm.debugger.hooks.HooksChannel.doSocketWork(HooksChannel.java:149)
	at java.base/java.lang.Thread.run(Thread.java:834)
	at org.robovm.debugger.utils.DebuggerThread.run(DebuggerThread.java:42)
Caused by: java.io.IOException: org.robovm.libimobiledevice.LibIMobileDeviceException: IDEVICE_E_UNKNOWN_ERROR
	at org.robovm.libimobiledevice.IDeviceConnection$DeviceInputStream.read(IDeviceConnection.java:203)
	at org.robovm.debugger.utils.bytebuffer.DataBufferWriter.writeFromStream(DataBufferWriter.java:89)
	at org.robovm.debugger.hooks.HooksChannel.doSocketWork(HooksChannel.java:116)
	... 2 more
Caused by: org.robovm.libimobiledevice.LibIMobileDeviceException: IDEVICE_E_UNKNOWN_ERROR
	at org.robovm.libimobiledevice.IDevice.checkResult(IDevice.java:206)
	at org.robovm.libimobiledevice.IDeviceConnection.receive(IDeviceConnection.java:110)
	at org.robovm.libimobiledevice.IDeviceConnection.receive(IDeviceConnection.java:81)
	at org.robovm.libimobiledevice.IDeviceConnection$DeviceInputStream.read(IDeviceConnection.java:201)
	... 4 more
