13:07:54.101 INFO: JdwpDebugServer: handling req: VirtualMachine(1).IDSizes(7)
13:07:54.101 INFO: JdwpDebugServer: handling req: EventRequest(15).Set(1)
13:07:54.101 INFO: JdwpEventCenterDelegate: jdwpSetEventRequest: JdwpEventRequest{requestId=100, eventKind=CLASS_PREPARE, suspendPolicy=NONE, predicates=[]}
13:07:54.102 INFO: JdwpDebugServer: handling req: EventRequest(15).Set(1)
13:07:54.102 INFO: JdwpEventCenterDelegate: jdwpSetEventRequest: JdwpEventRequest{requestId=101, eventKind=CLASS_UNLOAD, suspendPolicy=NONE, predicates=[]}
13:07:54.121 INFO: JdwpDebugServer: handling req: VirtualMachine(1).Version(1)
13:07:54.121 INFO: JdwpDebugServer: handling req: VirtualMachine(1).capabilitiesNew(17)
13:07:54.121 INFO: JdwpDebugServer: handling req: VirtualMachine(1).capabilities(12)
13:07:54.121 INFO: JdwpDebugServer: handling req: VirtualMachine(1).AllClassesWithGeneric(20)
13:07:54.127 INFO: JdwpDebugServer: handling req: VirtualMachine(1).TopLevelThreadGroups(5)
13:07:54.128 INFO: JdwpDebugServer: handling req: EventRequest(15).Set(1)
13:07:54.128 INFO: JdwpEventCenterDelegate: jdwpSetEventRequest: JdwpEventRequest{requestId=102, eventKind=THREAD_START, suspendPolicy=NONE, predicates=[]}
13:07:54.128 INFO: JdwpDebugServer: handling req: EventRequest(15).Set(1)
13:07:54.128 INFO: JdwpEventCenterDelegate: jdwpSetEventRequest: JdwpEventRequest{requestId=103, eventKind=THREAD_DEATH, suspendPolicy=NONE, predicates=[]}
13:07:54.129 INFO: JdwpDebugServer: handling req: EventRequest(15).Set(1)
13:07:54.129 INFO: JdwpEventCenterDelegate: jdwpSetEventRequest: JdwpEventRequest{requestId=104, eventKind=CLASS_PREPARE, suspendPolicy=EVENT_THREAD, predicates=[className=sun.instrument.InstrumentationImpl]}
13:07:54.129 INFO: JdwpDebugServer: handling req: EventRequest(15).Set(1)
13:07:54.129 INFO: JdwpEventCenterDelegate: jdwpSetEventRequest: JdwpEventRequest{requestId=105, eventKind=CLASS_PREPARE, suspendPolicy=EVENT_THREAD, predicates=[className=sun.instrument.InstrumentationImpl]}
13:07:54.719 INFO: JdwpDebugServer: handling req: VirtualMachine(1).Resume(9)
13:07:54.771 INFO: JdwpEventCenterDelegate: THREAD_STARTED: thread (33, main, main)
13:07:54.793 INFO: JdwpEventCenterDelegate: THREAD_STARTED: thread (48, ReferenceQueueDaemon, main)
13:07:54.799 INFO: JdwpEventCenterDelegate: THREAD_STARTED: thread (63, FinalizerDaemon, main)
13:07:54.804 INFO: JdwpEventCenterDelegate: THREAD_STARTED: thread (78, FinalizerWatchdogDaemon, main)
13:07:54.806 INFO: JdwpEventCenterDelegate: THREAD_RESUMED: thread (33, main, main)
13:07:54.808 INFO: JdwpEventCenterDelegate: THREAD_RESUMED: thread (33, main, main)
13:07:54.809 INFO: JdwpEventCenterDelegate: THREAD_RESUMED: thread (33, main, main)
13:07:54.810 INFO: JdwpEventCenterDelegate: THREAD_RESUMED: thread (33, main, main)
13:07:54.811 INFO: JdwpEventCenterDelegate: THREAD_RESUMED: thread (33, main, main)
13:07:54.812 INFO: JdwpEventCenterDelegate: THREAD_RESUMED: thread (33, main, main)
13:07:54.813 INFO: JdwpEventCenterDelegate: THREAD_RESUMED: thread (33, main, main)
13:07:54.814 INFO: JdwpEventCenterDelegate: THREAD_RESUMED: thread (33, main, main)
13:07:54.815 INFO: JdwpEventCenterDelegate: THREAD_RESUMED: thread (33, main, main)
13:07:54.817 INFO: JdwpEventCenterDelegate: THREAD_RESUMED: thread (33, main, main)
13:07:54.818 INFO: JdwpEventCenterDelegate: THREAD_RESUMED: thread (33, main, main)
13:07:54.819 INFO: JdwpEventCenterDelegate: THREAD_RESUMED: thread (33, main, main)
13:07:54.820 INFO: JdwpEventCenterDelegate: THREAD_RESUMED: thread (33, main, main)
13:07:54.821 INFO: JdwpEventCenterDelegate: THREAD_RESUMED: thread (33, main, main)
13:07:54.823 INFO: JdwpEventCenterDelegate: THREAD_RESUMED: thread (33, main, main)
13:07:54.824 INFO: JdwpEventCenterDelegate: THREAD_RESUMED: thread (33, main, main)
13:07:54.825 INFO: JdwpEventCenterDelegate: THREAD_RESUMED: thread (33, main, main)
13:07:54.826 INFO: JdwpEventCenterDelegate: THREAD_RESUMED: thread (33, main, main)
13:07:54.830 INFO: JdwpEventCenterDelegate: THREAD_RESUMED: thread (33, main, main)
13:07:54.831 INFO: JdwpEventCenterDelegate: THREAD_RESUMED: thread (33, main, main)
13:07:54.832 INFO: JdwpEventCenterDelegate: THREAD_RESUMED: thread (33, main, main)
13:07:54.833 INFO: JdwpEventCenterDelegate: THREAD_RESUMED: thread (33, main, main)
13:07:54.834 INFO: JdwpEventCenterDelegate: THREAD_RESUMED: thread (33, main, main)
13:07:54.835 INFO: JdwpEventCenterDelegate: THREAD_RESUMED: thread (33, main, main)
13:07:54.836 INFO: JdwpEventCenterDelegate: THREAD_RESUMED: thread (33, main, main)
13:07:54.867 INFO: JdwpEventCenterDelegate: THREAD_RESUMED: thread (33, main, main)
13:07:54.868 INFO: JdwpEventCenterDelegate: THREAD_RESUMED: thread (33, main, main)
13:07:54.869 INFO: JdwpEventCenterDelegate: THREAD_RESUMED: thread (33, main, main)
13:07:54.871 INFO: JdwpEventCenterDelegate: THREAD_RESUMED: thread (33, main, main)
13:07:54.872 INFO: JdwpEventCenterDelegate: THREAD_RESUMED: thread (33, main, main)
13:07:54.874 INFO: JdwpEventCenterDelegate: THREAD_RESUMED: thread (33, main, main)
13:07:54.875 INFO: JdwpEventCenterDelegate: THREAD_RESUMED: thread (33, main, main)
13:07:54.877 INFO: JdwpEventCenterDelegate: THREAD_RESUMED: thread (33, main, main)
13:07:54.878 INFO: JdwpEventCenterDelegate: THREAD_RESUMED: thread (33, main, main)
13:07:54.880 INFO: JdwpEventCenterDelegate: THREAD_RESUMED: thread (33, main, main)
13:07:54.881 INFO: JdwpEventCenterDelegate: THREAD_RESUMED: thread (33, main, main)
13:07:54.882 INFO: JdwpEventCenterDelegate: THREAD_RESUMED: thread (33, main, main)
13:07:54.883 INFO: JdwpEventCenterDelegate: THREAD_RESUMED: thread (33, main, main)
13:07:54.884 INFO: JdwpEventCenterDelegate: THREAD_RESUMED: thread (33, main, main)
13:07:54.899 INFO: JdwpEventCenterDelegate: THREAD_RESUMED: thread (33, main, main)
13:07:54.900 INFO: JdwpEventCenterDelegate: THREAD_RESUMED: thread (33, main, main)
13:07:54.901 INFO: JdwpEventCenterDelegate: THREAD_RESUMED: thread (33, main, main)
13:07:54.902 INFO: JdwpEventCenterDelegate: THREAD_RESUMED: thread (33, main, main)
13:07:54.904 INFO: JdwpEventCenterDelegate: THREAD_RESUMED: thread (33, main, main)
13:07:54.905 INFO: JdwpEventCenterDelegate: THREAD_RESUMED: thread (33, main, main)
13:07:54.906 INFO: JdwpEventCenterDelegate: THREAD_RESUMED: thread (33, main, main)
13:07:54.928 INFO: JdwpEventCenterDelegate: THREAD_RESUMED: thread (33, main, main)
13:07:54.929 INFO: JdwpEventCenterDelegate: THREAD_RESUMED: thread (33, main, main)
13:07:54.930 INFO: JdwpEventCenterDelegate: THREAD_RESUMED: thread (33, main, main)
13:07:54.931 INFO: JdwpEventCenterDelegate: THREAD_RESUMED: thread (33, main, main)
13:07:54.933 INFO: JdwpEventCenterDelegate: THREAD_RESUMED: thread (33, main, main)
13:07:54.934 INFO: JdwpEventCenterDelegate: THREAD_RESUMED: thread (33, main, main)
13:07:54.935 INFO: JdwpEventCenterDelegate: THREAD_RESUMED: thread (33, main, main)
13:07:54.963 INFO: JdwpEventCenterDelegate: THREAD_RESUMED: thread (33, main, main)
13:07:54.964 INFO: JdwpEventCenterDelegate: THREAD_RESUMED: thread (33, main, main)
13:07:54.965 INFO: JdwpEventCenterDelegate: THREAD_RESUMED: thread (33, main, main)
13:07:54.967 INFO: JdwpEventCenterDelegate: THREAD_RESUMED: thread (33, main, main)
13:07:54.967 INFO: JdwpEventCenterDelegate: THREAD_RESUMED: thread (33, main, main)
13:07:54.968 INFO: JdwpEventCenterDelegate: THREAD_RESUMED: thread (33, main, main)
13:07:54.969 INFO: JdwpEventCenterDelegate: THREAD_RESUMED: thread (33, main, main)
13:07:54.980 INFO: JdwpEventCenterDelegate: THREAD_RESUMED: thread (33, main, main)
13:07:54.982 INFO: JdwpEventCenterDelegate: THREAD_RESUMED: thread (33, main, main)
13:07:54.983 INFO: JdwpEventCenterDelegate: THREAD_RESUMED: thread (33, main, main)
13:07:54.984 INFO: JdwpEventCenterDelegate: THREAD_RESUMED: thread (33, main, main)
13:07:54.986 INFO: JdwpEventCenterDelegate: THREAD_RESUMED: thread (33, main, main)
13:07:54.987 INFO: JdwpEventCenterDelegate: THREAD_RESUMED: thread (33, main, main)
13:07:54.988 INFO: JdwpEventCenterDelegate: THREAD_RESUMED: thread (33, main, main)
13:07:54.997 INFO: JdwpEventCenterDelegate: THREAD_RESUMED: thread (33, main, main)
13:07:54.999 INFO: JdwpEventCenterDelegate: THREAD_RESUMED: thread (33, main, main)
13:07:55.000 INFO: JdwpEventCenterDelegate: THREAD_RESUMED: thread (33, main, main)
13:07:55.001 INFO: JdwpEventCenterDelegate: THREAD_RESUMED: thread (33, main, main)
13:07:55.002 INFO: JdwpEventCenterDelegate: THREAD_RESUMED: thread (33, main, main)
13:07:55.003 INFO: JdwpEventCenterDelegate: THREAD_RESUMED: thread (33, main, main)
13:07:55.004 INFO: JdwpEventCenterDelegate: THREAD_RESUMED: thread (33, main, main)
13:07:55.006 INFO: JdwpEventCenterDelegate: THREAD_RESUMED: thread (33, main, main)
13:07:55.007 INFO: JdwpEventCenterDelegate: THREAD_RESUMED: thread (33, main, main)
13:07:55.008 INFO: JdwpEventCenterDelegate: THREAD_RESUMED: thread (33, main, main)
13:07:55.009 INFO: JdwpEventCenterDelegate: THREAD_RESUMED: thread (33, main, main)
13:07:55.011 INFO: JdwpEventCenterDelegate: THREAD_RESUMED: thread (33, main, main)
13:07:55.012 INFO: JdwpEventCenterDelegate: THREAD_RESUMED: thread (33, main, main)
13:07:55.013 INFO: JdwpEventCenterDelegate: THREAD_RESUMED: thread (33, main, main)
13:07:55.014 INFO: JdwpEventCenterDelegate: THREAD_RESUMED: thread (33, main, main)
13:07:55.016 INFO: JdwpEventCenterDelegate: THREAD_RESUMED: thread (33, main, main)
13:07:55.017 INFO: JdwpEventCenterDelegate: THREAD_RESUMED: thread (33, main, main)
13:07:55.018 INFO: JdwpEventCenterDelegate: THREAD_RESUMED: thread (33, main, main)
13:07:55.021 INFO: JdwpEventCenterDelegate: THREAD_RESUMED: thread (33, main, main)
13:07:55.022 INFO: JdwpEventCenterDelegate: THREAD_RESUMED: thread (33, main, main)
13:07:55.153 INFO: JdwpEventCenterDelegate: THREAD_STARTED: thread (93, AssetManager, main)
13:07:55.257 INFO: JdwpEventCenterDelegate: THREAD_RESUMED: thread (33, main, main)
13:07:55.259 INFO: JdwpEventCenterDelegate: THREAD_RESUMED: thread (33, main, main)
13:07:57.828 INFO: JdwpEventCenterDelegate: THREAD_RESUMED: thread (33, main, main)
13:07:57.929 INFO: JdwpEventCenterDelegate: THREAD_RESUMED: thread (33, main, main)
13:07:57.931 INFO: JdwpEventCenterDelegate: THREAD_RESUMED: thread (33, main, main)
13:07:57.933 INFO: JdwpEventCenterDelegate: THREAD_RESUMED: thread (33, main, main)
13:07:57.935 INFO: JdwpEventCenterDelegate: THREAD_RESUMED: thread (33, main, main)
13:07:57.937 INFO: JdwpEventCenterDelegate: THREAD_RESUMED: thread (33, main, main)
13:07:57.943 INFO: JdwpEventCenterDelegate: THREAD_RESUMED: thread (33, main, main)
13:07:57.955 INFO: JdwpEventCenterDelegate: THREAD_RESUMED: thread (33, main, main)
13:07:57.957 INFO: JdwpEventCenterDelegate: THREAD_RESUMED: thread (33, main, main)
13:07:57.959 INFO: JdwpEventCenterDelegate: THREAD_RESUMED: thread (33, main, main)
13:07:57.961 INFO: JdwpEventCenterDelegate: THREAD_RESUMED: thread (33, main, main)
13:07:57.963 INFO: JdwpEventCenterDelegate: THREAD_RESUMED: thread (33, main, main)
13:07:57.967 INFO: JdwpEventCenterDelegate: THREAD_RESUMED: thread (33, main, main)
13:07:57.982 INFO: JdwpEventCenterDelegate: THREAD_RESUMED: thread (33, main, main)
13:07:57.984 INFO: JdwpEventCenterDelegate: THREAD_RESUMED: thread (33, main, main)
13:07:57.986 INFO: JdwpEventCenterDelegate: THREAD_RESUMED: thread (33, main, main)
13:07:57.988 INFO: JdwpEventCenterDelegate: THREAD_RESUMED: thread (33, main, main)
13:07:57.990 INFO: JdwpEventCenterDelegate: THREAD_RESUMED: thread (33, main, main)
13:07:57.995 INFO: JdwpEventCenterDelegate: THREAD_RESUMED: thread (33, main, main)
13:07:58.013 INFO: JdwpEventCenterDelegate: THREAD_RESUMED: thread (33, main, main)
13:07:58.015 INFO: JdwpEventCenterDelegate: THREAD_RESUMED: thread (33, main, main)
13:07:58.017 INFO: JdwpEventCenterDelegate: THREAD_RESUMED: thread (33, main, main)
13:07:58.019 INFO: JdwpEventCenterDelegate: THREAD_RESUMED: thread (33, main, main)
13:07:58.021 INFO: JdwpEventCenterDelegate: THREAD_RESUMED: thread (33, main, main)
13:07:58.026 INFO: JdwpEventCenterDelegate: THREAD_RESUMED: thread (33, main, main)
13:07:58.041 INFO: JdwpEventCenterDelegate: THREAD_RESUMED: thread (33, main, main)
13:07:58.043 INFO: JdwpEventCenterDelegate: THREAD_RESUMED: thread (33, main, main)
13:07:58.045 INFO: JdwpEventCenterDelegate: THREAD_RESUMED: thread (33, main, main)
13:07:58.047 INFO: JdwpEventCenterDelegate: THREAD_RESUMED: thread (33, main, main)
13:07:58.049 INFO: JdwpEventCenterDelegate: THREAD_RESUMED: thread (33, main, main)
13:07:58.054 INFO: JdwpEventCenterDelegate: THREAD_RESUMED: thread (33, main, main)
13:07:58.070 INFO: JdwpEventCenterDelegate: THREAD_RESUMED: thread (33, main, main)
13:07:58.072 INFO: JdwpEventCenterDelegate: THREAD_RESUMED: thread (33, main, main)
13:07:58.075 INFO: JdwpEventCenterDelegate: THREAD_RESUMED: thread (33, main, main)
13:07:58.077 INFO: JdwpEventCenterDelegate: THREAD_RESUMED: thread (33, main, main)
13:07:58.079 INFO: JdwpEventCenterDelegate: THREAD_RESUMED: thread (33, main, main)
13:07:58.083 INFO: JdwpEventCenterDelegate: THREAD_RESUMED: thread (33, main, main)
13:07:58.102 INFO: JdwpEventCenterDelegate: THREAD_RESUMED: thread (33, main, main)
13:07:58.105 INFO: JdwpEventCenterDelegate: THREAD_RESUMED: thread (33, main, main)
13:07:58.107 INFO: JdwpEventCenterDelegate: THREAD_RESUMED: thread (33, main, main)
13:07:58.109 INFO: JdwpEventCenterDelegate: THREAD_RESUMED: thread (33, main, main)
13:07:58.111 INFO: JdwpEventCenterDelegate: THREAD_RESUMED: thread (33, main, main)
13:07:58.116 INFO: JdwpEventCenterDelegate: THREAD_RESUMED: thread (33, main, main)
13:07:58.135 INFO: JdwpEventCenterDelegate: THREAD_RESUMED: thread (33, main, main)
13:07:58.137 INFO: JdwpEventCenterDelegate: THREAD_RESUMED: thread (33, main, main)
13:07:58.140 INFO: JdwpEventCenterDelegate: THREAD_RESUMED: thread (33, main, main)
13:07:58.142 INFO: JdwpEventCenterDelegate: THREAD_RESUMED: thread (33, main, main)
13:07:58.144 INFO: JdwpEventCenterDelegate: THREAD_RESUMED: thread (33, main, main)
13:07:58.149 INFO: JdwpEventCenterDelegate: THREAD_RESUMED: thread (33, main, main)
13:07:58.168 INFO: JdwpEventCenterDelegate: THREAD_RESUMED: thread (33, main, main)
13:07:58.170 INFO: JdwpEventCenterDelegate: THREAD_RESUMED: thread (33, main, main)
13:07:58.172 INFO: JdwpEventCenterDelegate: THREAD_RESUMED: thread (33, main, main)
13:07:58.174 INFO: JdwpEventCenterDelegate: THREAD_RESUMED: thread (33, main, main)
13:07:58.177 INFO: JdwpEventCenterDelegate: THREAD_RESUMED: thread (33, main, main)
13:07:58.182 INFO: JdwpEventCenterDelegate: THREAD_RESUMED: thread (33, main, main)
13:07:58.200 INFO: JdwpEventCenterDelegate: THREAD_RESUMED: thread (33, main, main)
13:07:58.202 INFO: JdwpEventCenterDelegate: THREAD_RESUMED: thread (33, main, main)
13:07:58.204 INFO: JdwpEventCenterDelegate: THREAD_RESUMED: thread (33, main, main)
13:07:58.205 INFO: JdwpEventCenterDelegate: THREAD_RESUMED: thread (33, main, main)
13:07:58.208 INFO: JdwpEventCenterDelegate: THREAD_RESUMED: thread (33, main, main)
13:07:58.212 INFO: JdwpEventCenterDelegate: THREAD_RESUMED: thread (33, main, main)
13:07:58.228 INFO: JdwpEventCenterDelegate: THREAD_RESUMED: thread (33, main, main)
13:07:58.230 INFO: JdwpEventCenterDelegate: THREAD_RESUMED: thread (33, main, main)
13:07:58.232 INFO: JdwpEventCenterDelegate: THREAD_RESUMED: thread (33, main, main)
13:07:58.234 INFO: JdwpEventCenterDelegate: THREAD_RESUMED: thread (33, main, main)
13:07:58.236 INFO: JdwpEventCenterDelegate: THREAD_RESUMED: thread (33, main, main)
13:07:58.241 INFO: JdwpEventCenterDelegate: THREAD_RESUMED: thread (33, main, main)
13:07:58.261 INFO: JdwpEventCenterDelegate: THREAD_RESUMED: thread (33, main, main)
13:07:58.263 INFO: JdwpEventCenterDelegate: THREAD_RESUMED: thread (33, main, main)
13:07:58.265 INFO: JdwpEventCenterDelegate: THREAD_RESUMED: thread (33, main, main)
13:07:58.267 INFO: JdwpEventCenterDelegate: THREAD_RESUMED: thread (33, main, main)
13:07:58.269 INFO: JdwpEventCenterDelegate: THREAD_RESUMED: thread (33, main, main)
13:07:58.274 INFO: JdwpEventCenterDelegate: THREAD_RESUMED: thread (33, main, main)
13:07:58.296 INFO: JdwpEventCenterDelegate: THREAD_RESUMED: thread (33, main, main)
13:07:58.298 INFO: JdwpEventCenterDelegate: THREAD_RESUMED: thread (33, main, main)
13:07:58.300 INFO: JdwpEventCenterDelegate: THREAD_RESUMED: thread (33, main, main)
13:07:58.302 INFO: JdwpEventCenterDelegate: THREAD_RESUMED: thread (33, main, main)
13:07:58.304 INFO: JdwpEventCenterDelegate: THREAD_RESUMED: thread (33, main, main)
13:07:58.310 INFO: JdwpEventCenterDelegate: THREAD_RESUMED: thread (33, main, main)
13:07:58.329 INFO: JdwpEventCenterDelegate: THREAD_RESUMED: thread (33, main, main)
13:07:58.331 INFO: JdwpEventCenterDelegate: THREAD_RESUMED: thread (33, main, main)
13:07:58.333 INFO: JdwpEventCenterDelegate: THREAD_RESUMED: thread (33, main, main)
13:07:58.335 INFO: JdwpEventCenterDelegate: THREAD_RESUMED: thread (33, main, main)
13:07:58.337 INFO: JdwpEventCenterDelegate: THREAD_RESUMED: thread (33, main, main)
13:07:58.342 INFO: JdwpEventCenterDelegate: THREAD_RESUMED: thread (33, main, main)
13:07:58.355 INFO: JdwpEventCenterDelegate: THREAD_RESUMED: thread (33, main, main)
13:07:58.357 INFO: JdwpEventCenterDelegate: THREAD_RESUMED: thread (33, main, main)
13:07:58.360 INFO: JdwpEventCenterDelegate: THREAD_RESUMED: thread (33, main, main)
13:07:58.362 INFO: JdwpEventCenterDelegate: THREAD_RESUMED: thread (33, main, main)
13:07:58.364 INFO: JdwpEventCenterDelegate: THREAD_RESUMED: thread (33, main, main)
13:07:58.370 INFO: JdwpEventCenterDelegate: THREAD_RESUMED: thread (33, main, main)
13:07:58.372 INFO: JdwpEventCenterDelegate: THREAD_RESUMED: thread (33, main, main)
13:07:58.375 INFO: JdwpEventCenterDelegate: THREAD_RESUMED: thread (33, main, main)
13:07:58.377 INFO: JdwpEventCenterDelegate: THREAD_RESUMED: thread (33, main, main)
13:07:58.379 INFO: JdwpEventCenterDelegate: THREAD_RESUMED: thread (33, main, main)
13:07:58.382 INFO: JdwpEventCenterDelegate: THREAD_RESUMED: thread (33, main, main)
13:07:58.384 INFO: JdwpEventCenterDelegate: THREAD_RESUMED: thread (33, main, main)
13:07:58.389 INFO: JdwpEventCenterDelegate: THREAD_RESUMED: thread (33, main, main)
13:07:58.391 INFO: JdwpEventCenterDelegate: THREAD_RESUMED: thread (33, main, main)
13:07:58.393 INFO: JdwpEventCenterDelegate: THREAD_RESUMED: thread (33, main, main)
13:07:58.395 INFO: JdwpEventCenterDelegate: THREAD_RESUMED: thread (33, main, main)
13:07:58.406 INFO: JdwpEventCenterDelegate: THREAD_RESUMED: thread (33, main, main)
13:07:58.408 INFO: JdwpEventCenterDelegate: THREAD_RESUMED: thread (33, main, main)
13:07:58.410 INFO: JdwpEventCenterDelegate: THREAD_RESUMED: thread (33, main, main)
13:07:58.413 INFO: JdwpEventCenterDelegate: THREAD_RESUMED: thread (33, main, main)
13:07:58.414 INFO: JdwpEventCenterDelegate: THREAD_RESUMED: thread (33, main, main)
13:07:58.416 INFO: JdwpEventCenterDelegate: THREAD_RESUMED: thread (33, main, main)
13:07:58.419 INFO: JdwpEventCenterDelegate: THREAD_RESUMED: thread (33, main, main)
13:07:58.434 INFO: JdwpEventCenterDelegate: THREAD_RESUMED: thread (33, main, main)
13:07:58.436 INFO: JdwpEventCenterDelegate: THREAD_RESUMED: thread (33, main, main)
13:07:58.438 INFO: JdwpEventCenterDelegate: THREAD_RESUMED: thread (33, main, main)
13:07:58.440 INFO: JdwpEventCenterDelegate: THREAD_RESUMED: thread (33, main, main)
13:07:58.442 INFO: JdwpEventCenterDelegate: THREAD_RESUMED: thread (33, main, main)
13:07:58.448 INFO: JdwpEventCenterDelegate: THREAD_RESUMED: thread (33, main, main)
13:07:58.460 INFO: JdwpEventCenterDelegate: THREAD_RESUMED: thread (33, main, main)
13:07:58.473 INFO: JdwpEventCenterDelegate: THREAD_RESUMED: thread (33, main, main)
13:07:58.484 INFO: JdwpEventCenterDelegate: THREAD_RESUMED: thread (33, main, main)
13:07:58.496 INFO: JdwpEventCenterDelegate: THREAD_RESUMED: thread (33, main, main)
13:07:58.530 INFO: JdwpEventCenterDelegate: THREAD_RESUMED: thread (33, main, main)
13:07:58.532 INFO: JdwpEventCenterDelegate: THREAD_RESUMED: thread (33, main, main)
13:07:58.534 INFO: JdwpEventCenterDelegate: THREAD_RESUMED: thread (33, main, main)
13:07:58.537 INFO: JdwpEventCenterDelegate: THREAD_RESUMED: thread (33, main, main)
13:07:58.539 INFO: JdwpEventCenterDelegate: THREAD_RESUMED: thread (33, main, main)
13:07:58.543 INFO: JdwpEventCenterDelegate: THREAD_RESUMED: thread (33, main, main)
13:07:58.555 INFO: JdwpEventCenterDelegate: THREAD_RESUMED: thread (33, main, main)
13:07:58.557 INFO: JdwpEventCenterDelegate: THREAD_RESUMED: thread (33, main, main)
13:07:58.558 INFO: JdwpEventCenterDelegate: THREAD_RESUMED: thread (33, main, main)
13:07:58.561 INFO: JdwpEventCenterDelegate: THREAD_RESUMED: thread (33, main, main)
13:07:58.563 INFO: JdwpEventCenterDelegate: THREAD_RESUMED: thread (33, main, main)
13:07:58.568 INFO: JdwpEventCenterDelegate: THREAD_RESUMED: thread (33, main, main)
13:07:58.583 INFO: JdwpEventCenterDelegate: THREAD_RESUMED: thread (33, main, main)
13:07:58.585 INFO: JdwpEventCenterDelegate: THREAD_RESUMED: thread (33, main, main)
13:07:58.587 INFO: JdwpEventCenterDelegate: THREAD_RESUMED: thread (33, main, main)
13:07:58.589 INFO: JdwpEventCenterDelegate: THREAD_RESUMED: thread (33, main, main)
13:07:58.591 INFO: JdwpEventCenterDelegate: THREAD_RESUMED: thread (33, main, main)
13:07:58.596 INFO: JdwpEventCenterDelegate: THREAD_RESUMED: thread (33, main, main)
13:07:58.614 INFO: JdwpEventCenterDelegate: THREAD_RESUMED: thread (33, main, main)
13:07:58.616 INFO: JdwpEventCenterDelegate: THREAD_RESUMED: thread (33, main, main)
13:07:58.618 INFO: JdwpEventCenterDelegate: THREAD_RESUMED: thread (33, main, main)
13:07:58.620 INFO: JdwpEventCenterDelegate: THREAD_RESUMED: thread (33, main, main)
13:07:58.623 INFO: JdwpEventCenterDelegate: THREAD_RESUMED: thread (33, main, main)
13:07:58.628 INFO: JdwpEventCenterDelegate: THREAD_RESUMED: thread (33, main, main)
13:07:58.643 INFO: JdwpEventCenterDelegate: THREAD_RESUMED: thread (33, main, main)
13:07:58.645 INFO: JdwpEventCenterDelegate: THREAD_RESUMED: thread (33, main, main)
13:07:58.647 INFO: JdwpEventCenterDelegate: THREAD_RESUMED: thread (33, main, main)
13:07:58.649 INFO: JdwpEventCenterDelegate: THREAD_RESUMED: thread (33, main, main)
13:07:58.651 INFO: JdwpEventCenterDelegate: THREAD_RESUMED: thread (33, main, main)
13:07:58.656 INFO: JdwpEventCenterDelegate: THREAD_RESUMED: thread (33, main, main)
13:07:58.671 INFO: JdwpEventCenterDelegate: THREAD_RESUMED: thread (33, main, main)
13:07:58.674 INFO: JdwpEventCenterDelegate: THREAD_RESUMED: thread (33, main, main)
13:07:58.676 INFO: JdwpEventCenterDelegate: THREAD_RESUMED: thread (33, main, main)
13:07:58.678 INFO: JdwpEventCenterDelegate: THREAD_RESUMED: thread (33, main, main)
13:07:58.681 INFO: JdwpEventCenterDelegate: THREAD_RESUMED: thread (33, main, main)
13:07:58.685 INFO: JdwpEventCenterDelegate: THREAD_RESUMED: thread (33, main, main)
13:07:58.707 INFO: JdwpEventCenterDelegate: THREAD_RESUMED: thread (33, main, main)
13:07:58.709 INFO: JdwpEventCenterDelegate: THREAD_RESUMED: thread (33, main, main)
13:07:58.712 INFO: JdwpEventCenterDelegate: THREAD_RESUMED: thread (33, main, main)
13:07:58.714 INFO: JdwpEventCenterDelegate: THREAD_RESUMED: thread (33, main, main)
13:07:58.716 INFO: JdwpEventCenterDelegate: THREAD_RESUMED: thread (33, main, main)
13:07:58.722 INFO: JdwpEventCenterDelegate: THREAD_RESUMED: thread (33, main, main)
13:07:58.740 INFO: JdwpEventCenterDelegate: THREAD_RESUMED: thread (33, main, main)
13:07:58.743 INFO: JdwpEventCenterDelegate: THREAD_RESUMED: thread (33, main, main)
13:07:58.745 INFO: JdwpEventCenterDelegate: THREAD_RESUMED: thread (33, main, main)
13:07:58.747 INFO: JdwpEventCenterDelegate: THREAD_RESUMED: thread (33, main, main)
13:07:58.750 INFO: JdwpEventCenterDelegate: THREAD_RESUMED: thread (33, main, main)
13:07:58.755 INFO: JdwpEventCenterDelegate: THREAD_RESUMED: thread (33, main, main)
13:07:58.773 INFO: JdwpEventCenterDelegate: THREAD_RESUMED: thread (33, main, main)
13:07:58.775 INFO: JdwpEventCenterDelegate: THREAD_RESUMED: thread (33, main, main)
13:07:58.778 INFO: JdwpEventCenterDelegate: THREAD_RESUMED: thread (33, main, main)
13:07:58.779 INFO: JdwpEventCenterDelegate: THREAD_RESUMED: thread (33, main, main)
13:07:58.782 INFO: JdwpEventCenterDelegate: THREAD_RESUMED: thread (33, main, main)
13:07:58.787 INFO: JdwpEventCenterDelegate: THREAD_RESUMED: thread (33, main, main)
13:07:58.802 INFO: JdwpEventCenterDelegate: THREAD_RESUMED: thread (33, main, main)
13:07:58.804 INFO: JdwpEventCenterDelegate: THREAD_RESUMED: thread (33, main, main)
13:07:58.807 INFO: JdwpEventCenterDelegate: THREAD_RESUMED: thread (33, main, main)
13:07:58.808 INFO: JdwpEventCenterDelegate: THREAD_RESUMED: thread (33, main, main)
13:07:58.811 INFO: JdwpEventCenterDelegate: THREAD_RESUMED: thread (33, main, main)
13:07:58.815 INFO: JdwpEventCenterDelegate: THREAD_RESUMED: thread (33, main, main)
13:07:58.830 INFO: JdwpEventCenterDelegate: THREAD_RESUMED: thread (33, main, main)
13:07:58.832 INFO: JdwpEventCenterDelegate: THREAD_RESUMED: thread (33, main, main)
13:07:58.834 INFO: JdwpEventCenterDelegate: THREAD_RESUMED: thread (33, main, main)
13:07:58.837 INFO: JdwpEventCenterDelegate: THREAD_RESUMED: thread (33, main, main)
13:07:58.839 INFO: JdwpEventCenterDelegate: THREAD_RESUMED: thread (33, main, main)
13:07:58.843 INFO: JdwpEventCenterDelegate: THREAD_RESUMED: thread (33, main, main)
13:07:58.862 INFO: JdwpEventCenterDelegate: THREAD_RESUMED: thread (33, main, main)
13:07:58.865 INFO: JdwpEventCenterDelegate: THREAD_RESUMED: thread (33, main, main)
13:07:58.867 INFO: JdwpEventCenterDelegate: THREAD_RESUMED: thread (33, main, main)
13:07:58.869 INFO: JdwpEventCenterDelegate: THREAD_RESUMED: thread (33, main, main)
13:07:58.872 INFO: JdwpEventCenterDelegate: THREAD_RESUMED: thread (33, main, main)
13:07:58.877 INFO: JdwpEventCenterDelegate: THREAD_RESUMED: thread (33, main, main)
13:07:58.901 INFO: JdwpEventCenterDelegate: THREAD_RESUMED: thread (33, main, main)
13:07:58.903 INFO: JdwpEventCenterDelegate: THREAD_RESUMED: thread (33, main, main)
13:07:58.906 INFO: JdwpEventCenterDelegate: THREAD_RESUMED: thread (33, main, main)
13:07:58.908 INFO: JdwpEventCenterDelegate: THREAD_RESUMED: thread (33, main, main)
13:07:58.910 INFO: JdwpEventCenterDelegate: THREAD_RESUMED: thread (33, main, main)
13:07:58.915 INFO: JdwpEventCenterDelegate: THREAD_RESUMED: thread (33, main, main)
13:07:58.933 INFO: JdwpEventCenterDelegate: THREAD_RESUMED: thread (33, main, main)
13:07:58.936 INFO: JdwpEventCenterDelegate: THREAD_RESUMED: thread (33, main, main)
13:07:58.938 INFO: JdwpEventCenterDelegate: THREAD_RESUMED: thread (33, main, main)
13:07:58.940 INFO: JdwpEventCenterDelegate: THREAD_RESUMED: thread (33, main, main)
13:07:58.942 INFO: JdwpEventCenterDelegate: THREAD_RESUMED: thread (33, main, main)
13:07:58.947 INFO: JdwpEventCenterDelegate: THREAD_RESUMED: thread (33, main, main)
13:07:58.960 INFO: JdwpEventCenterDelegate: THREAD_RESUMED: thread (33, main, main)
13:07:58.963 INFO: JdwpEventCenterDelegate: THREAD_RESUMED: thread (33, main, main)
13:07:58.965 INFO: JdwpEventCenterDelegate: THREAD_RESUMED: thread (33, main, main)
13:07:58.967 INFO: JdwpEventCenterDelegate: THREAD_RESUMED: thread (33, main, main)
13:07:58.969 INFO: JdwpEventCenterDelegate: THREAD_RESUMED: thread (33, main, main)
13:08:00.725 INFO: JdwpEventCenterDelegate: THREAD_STARTED: thread (108, Timer, main)
13:08:01.600 INFO: JdwpEventCenterDelegate: THREAD_RESUMED: thread (33, main, main)
13:08:01.631 INFO: JdwpEventCenterDelegate: THREAD_RESUMED: thread (33, main, main)
13:08:01.654 INFO: JdwpEventCenterDelegate: THREAD_RESUMED: thread (33, main, main)
13:08:01.672 INFO: JdwpEventCenterDelegate: THREAD_RESUMED: thread (33, main, main)
13:08:01.711 INFO: JdwpEventCenterDelegate: THREAD_RESUMED: thread (33, main, main)
13:08:01.745 INFO: JdwpEventCenterDelegate: THREAD_RESUMED: thread (33, main, main)
13:08:01.762 INFO: JdwpEventCenterDelegate: THREAD_RESUMED: thread (33, main, main)
13:08:01.777 INFO: JdwpEventCenterDelegate: THREAD_RESUMED: thread (33, main, main)
13:08:01.784 INFO: JdwpEventCenterDelegate: THREAD_RESUMED: thread (33, main, main)
13:08:01.797 INFO: JdwpEventCenterDelegate: THREAD_RESUMED: thread (33, main, main)
13:08:01.828 INFO: JdwpEventCenterDelegate: THREAD_RESUMED: thread (33, main, main)
13:08:01.840 INFO: JdwpEventCenterDelegate: THREAD_RESUMED: thread (33, main, main)
13:08:01.853 INFO: JdwpEventCenterDelegate: THREAD_RESUMED: thread (33, main, main)
13:08:01.865 INFO: JdwpEventCenterDelegate: THREAD_RESUMED: thread (33, main, main)
13:08:01.900 INFO: JdwpEventCenterDelegate: THREAD_RESUMED: thread (33, main, main)
13:08:01.932 INFO: JdwpEventCenterDelegate: THREAD_RESUMED: thread (33, main, main)
13:08:01.949 INFO: JdwpEventCenterDelegate: THREAD_RESUMED: thread (33, main, main)
13:08:01.963 INFO: JdwpEventCenterDelegate: THREAD_RESUMED: thread (33, main, main)
13:08:01.969 INFO: JdwpEventCenterDelegate: THREAD_RESUMED: thread (33, main, main)
13:08:01.983 INFO: JdwpEventCenterDelegate: THREAD_RESUMED: thread (33, main, main)
13:08:02.931 INFO: JdwpEventCenterDelegate: THREAD_STARTED: thread (123, Thread-7, main)
13:08:06.785 INFO: JdwpEventCenterDelegate: THREAD_RESUMED: thread (33, main, main)
13:08:06.824 INFO: JdwpEventCenterDelegate: THREAD_RESUMED: thread (33, main, main)
13:08:06.849 INFO: JdwpEventCenterDelegate: THREAD_RESUMED: thread (33, main, main)
13:08:06.868 INFO: JdwpEventCenterDelegate: THREAD_RESUMED: thread (33, main, main)
13:08:06.909 INFO: JdwpEventCenterDelegate: THREAD_RESUMED: thread (33, main, main)
13:08:06.942 INFO: JdwpEventCenterDelegate: THREAD_RESUMED: thread (33, main, main)
13:08:06.958 INFO: JdwpEventCenterDelegate: THREAD_RESUMED: thread (33, main, main)
13:08:06.972 INFO: JdwpEventCenterDelegate: THREAD_RESUMED: thread (33, main, main)
13:08:06.978 INFO: JdwpEventCenterDelegate: THREAD_RESUMED: thread (33, main, main)
13:08:06.991 INFO: JdwpEventCenterDelegate: THREAD_RESUMED: thread (33, main, main)
13:08:07.021 INFO: JdwpEventCenterDelegate: THREAD_RESUMED: thread (33, main, main)
13:08:07.033 INFO: JdwpEventCenterDelegate: THREAD_RESUMED: thread (33, main, main)
13:08:07.046 INFO: JdwpEventCenterDelegate: THREAD_RESUMED: thread (33, main, main)
13:08:07.057 INFO: JdwpEventCenterDelegate: THREAD_RESUMED: thread (33, main, main)
13:08:07.092 INFO: JdwpEventCenterDelegate: THREAD_RESUMED: thread (33, main, main)
13:08:07.125 INFO: JdwpEventCenterDelegate: THREAD_RESUMED: thread (33, main, main)
13:08:07.140 INFO: JdwpEventCenterDelegate: THREAD_RESUMED: thread (33, main, main)
13:08:07.155 INFO: JdwpEventCenterDelegate: THREAD_RESUMED: thread (33, main, main)
13:08:07.160 INFO: JdwpEventCenterDelegate: THREAD_RESUMED: thread (33, main, main)
13:08:07.173 INFO: JdwpEventCenterDelegate: THREAD_RESUMED: thread (33, main, main)
13:08:07.263 INFO: JdwpEventCenterDelegate: THREAD_STARTED: thread (138, Thread-8, main)
13:08:10.952 INFO: JdwpEventCenterDelegate: THREAD_RESUMED: thread (33, main, main)
13:08:10.990 INFO: JdwpEventCenterDelegate: THREAD_RESUMED: thread (33, main, main)
13:08:11.015 INFO: JdwpEventCenterDelegate: THREAD_RESUMED: thread (33, main, main)
13:08:11.034 INFO: JdwpEventCenterDelegate: THREAD_RESUMED: thread (33, main, main)
13:08:11.073 INFO: JdwpEventCenterDelegate: THREAD_RESUMED: thread (33, main, main)
13:08:11.110 INFO: JdwpEventCenterDelegate: THREAD_RESUMED: thread (33, main, main)
13:08:11.127 INFO: JdwpEventCenterDelegate: THREAD_RESUMED: thread (33, main, main)
13:08:11.141 INFO: JdwpEventCenterDelegate: THREAD_RESUMED: thread (33, main, main)
13:08:11.148 INFO: JdwpEventCenterDelegate: THREAD_RESUMED: thread (33, main, main)
13:08:11.161 INFO: JdwpEventCenterDelegate: THREAD_RESUMED: thread (33, main, main)
13:08:11.192 INFO: JdwpEventCenterDelegate: THREAD_RESUMED: thread (33, main, main)
13:08:11.204 INFO: JdwpEventCenterDelegate: THREAD_RESUMED: thread (33, main, main)
13:08:11.217 INFO: JdwpEventCenterDelegate: THREAD_RESUMED: thread (33, main, main)
13:08:11.229 INFO: JdwpEventCenterDelegate: THREAD_RESUMED: thread (33, main, main)
13:08:11.265 INFO: JdwpEventCenterDelegate: THREAD_RESUMED: thread (33, main, main)
13:08:11.298 INFO: JdwpEventCenterDelegate: THREAD_RESUMED: thread (33, main, main)
13:08:11.314 INFO: JdwpEventCenterDelegate: THREAD_RESUMED: thread (33, main, main)
13:08:11.328 INFO: JdwpEventCenterDelegate: THREAD_RESUMED: thread (33, main, main)
13:08:11.334 INFO: JdwpEventCenterDelegate: THREAD_RESUMED: thread (33, main, main)
13:08:11.347 INFO: JdwpEventCenterDelegate: THREAD_RESUMED: thread (33, main, main)
13:08:13.350 INFO: JdwpEventCenterDelegate: THREAD_DETTACHED: thread (123, Thread-7, main)
13:08:14.514 INFO: JdwpEventCenterDelegate: THREAD_RESUMED: thread (33, main, main)
13:08:14.554 INFO: JdwpEventCenterDelegate: THREAD_RESUMED: thread (33, main, main)
13:08:14.579 INFO: JdwpEventCenterDelegate: THREAD_RESUMED: thread (33, main, main)
13:08:14.599 INFO: JdwpEventCenterDelegate: THREAD_RESUMED: thread (33, main, main)
13:08:14.640 INFO: JdwpEventCenterDelegate: THREAD_RESUMED: thread (33, main, main)
13:08:14.673 INFO: JdwpEventCenterDelegate: THREAD_RESUMED: thread (33, main, main)
13:08:14.689 INFO: JdwpEventCenterDelegate: THREAD_RESUMED: thread (33, main, main)
13:08:14.704 INFO: JdwpEventCenterDelegate: THREAD_RESUMED: thread (33, main, main)
13:08:14.710 INFO: JdwpEventCenterDelegate: THREAD_RESUMED: thread (33, main, main)
13:08:14.723 INFO: JdwpEventCenterDelegate: THREAD_RESUMED: thread (33, main, main)
13:08:14.757 INFO: JdwpEventCenterDelegate: THREAD_RESUMED: thread (33, main, main)
13:08:14.769 INFO: JdwpEventCenterDelegate: THREAD_RESUMED: thread (33, main, main)
13:08:14.782 INFO: JdwpEventCenterDelegate: THREAD_RESUMED: thread (33, main, main)
13:08:14.794 INFO: JdwpEventCenterDelegate: THREAD_RESUMED: thread (33, main, main)
13:08:14.829 INFO: JdwpEventCenterDelegate: THREAD_RESUMED: thread (33, main, main)
13:08:14.862 INFO: JdwpEventCenterDelegate: THREAD_RESUMED: thread (33, main, main)
13:08:14.878 INFO: JdwpEventCenterDelegate: THREAD_RESUMED: thread (33, main, main)
13:08:14.892 INFO: JdwpEventCenterDelegate: THREAD_RESUMED: thread (33, main, main)
13:08:14.898 INFO: JdwpEventCenterDelegate: THREAD_RESUMED: thread (33, main, main)
13:08:14.911 INFO: JdwpEventCenterDelegate: THREAD_RESUMED: thread (33, main, main)
13:08:15.195 INFO: JdwpEventCenterDelegate: THREAD_STARTED: thread (153, Thread-9, main)
13:08:18.077 INFO: JdwpEventCenterDelegate: THREAD_RESUMED: thread (33, main, main)
13:08:18.115 INFO: JdwpEventCenterDelegate: THREAD_RESUMED: thread (33, main, main)
13:08:18.140 INFO: JdwpEventCenterDelegate: THREAD_RESUMED: thread (33, main, main)
13:08:18.159 INFO: JdwpEventCenterDelegate: THREAD_RESUMED: thread (33, main, main)
13:08:18.199 INFO: JdwpEventCenterDelegate: THREAD_RESUMED: thread (33, main, main)
13:08:18.232 INFO: JdwpEventCenterDelegate: THREAD_RESUMED: thread (33, main, main)
13:08:18.249 INFO: JdwpEventCenterDelegate: THREAD_RESUMED: thread (33, main, main)
13:08:18.264 INFO: JdwpEventCenterDelegate: THREAD_RESUMED: thread (33, main, main)
13:08:18.270 INFO: JdwpEventCenterDelegate: THREAD_RESUMED: thread (33, main, main)
13:08:18.284 INFO: JdwpEventCenterDelegate: THREAD_RESUMED: thread (33, main, main)
13:08:18.314 INFO: JdwpEventCenterDelegate: THREAD_RESUMED: thread (33, main, main)
13:08:18.327 INFO: JdwpEventCenterDelegate: THREAD_RESUMED: thread (33, main, main)
13:08:18.340 INFO: JdwpEventCenterDelegate: THREAD_RESUMED: thread (33, main, main)
13:08:18.352 INFO: JdwpEventCenterDelegate: THREAD_RESUMED: thread (33, main, main)
13:08:18.386 INFO: JdwpEventCenterDelegate: THREAD_RESUMED: thread (33, main, main)
13:08:18.419 INFO: JdwpEventCenterDelegate: THREAD_RESUMED: thread (33, main, main)
13:08:18.439 INFO: JdwpEventCenterDelegate: THREAD_RESUMED: thread (33, main, main)
13:08:18.453 INFO: JdwpEventCenterDelegate: THREAD_RESUMED: thread (33, main, main)
13:08:18.459 INFO: JdwpEventCenterDelegate: THREAD_RESUMED: thread (33, main, main)
13:08:18.473 INFO: JdwpEventCenterDelegate: THREAD_RESUMED: thread (33, main, main)
13:34:43.034 INFO: JdwpDebugServer: handling req: VirtualMachine(1).Exit(10)
13:34:43.035 SEVERE: Debugger: Thread JDWP server socket thread crashed
org.robovm.debugger.DebuggerException: Terminating due exit command
	at org.robovm.debugger.jdwp.JdwpDebugServer.doSocketWork(JdwpDebugServer.java:211)
	at java.base/java.lang.Thread.run(Thread.java:834)
	at org.robovm.debugger.utils.DebuggerThread.run(DebuggerThread.java:42)
13:34:43.541 SEVERE: Debugger: Thread HooksChannel socket thread crashed
org.robovm.debugger.DebuggerException: java.io.IOException: org.robovm.libimobiledevice.LibIMobileDeviceException: IDEVICE_E_UNKNOWN_ERROR
	at org.robovm.debugger.hooks.HooksChannel.doSocketWork(HooksChannel.java:149)
	at java.base/java.lang.Thread.run(Thread.java:834)
	at org.robovm.debugger.utils.DebuggerThread.run(DebuggerThread.java:42)
Caused by: java.io.IOException: org.robovm.libimobiledevice.LibIMobileDeviceException: IDEVICE_E_UNKNOWN_ERROR
	at org.robovm.libimobiledevice.IDeviceConnection$DeviceInputStream.read(IDeviceConnection.java:203)
	at org.robovm.debugger.utils.bytebuffer.DataBufferWriter.writeFromStream(DataBufferWriter.java:89)
	at org.robovm.debugger.hooks.HooksChannel.doSocketWork(HooksChannel.java:116)
	... 2 more
Caused by: org.robovm.libimobiledevice.LibIMobileDeviceException: IDEVICE_E_UNKNOWN_ERROR
	at org.robovm.libimobiledevice.IDevice.checkResult(IDevice.java:206)
	at org.robovm.libimobiledevice.IDeviceConnection.receive(IDeviceConnection.java:110)
	at org.robovm.libimobiledevice.IDeviceConnection.receive(IDeviceConnection.java:81)
	at org.robovm.libimobiledevice.IDeviceConnection$DeviceInputStream.read(IDeviceConnection.java:201)
	... 4 more
