08:35:19.815 INFO: JdwpDebugServer: handling req: VirtualMachine(1).IDSizes(7)
08:35:19.815 INFO: JdwpDebugServer: handling req: EventRequest(15).Set(1)
08:35:19.815 INFO: JdwpEventCenterDelegate: jdwpSetEventRequest: JdwpEventRequest{requestId=100, eventKind=CLASS_PREPARE, suspendPolicy=NONE, predicates=[]}
08:35:19.815 INFO: JdwpDebugServer: handling req: EventRequest(15).Set(1)
08:35:19.815 INFO: JdwpEventCenterDelegate: jdwpSetEventRequest: JdwpEventRequest{requestId=101, eventKind=CLASS_UNLOAD, suspendPolicy=NONE, predicates=[]}
08:35:19.829 INFO: JdwpDebugServer: handling req: VirtualMachine(1).Version(1)
08:35:19.829 INFO: JdwpDebugServer: handling req: VirtualMachine(1).capabilitiesNew(17)
08:35:19.829 INFO: JdwpDebugServer: handling req: VirtualMachine(1).capabilities(12)
08:35:19.830 INFO: JdwpDebugServer: handling req: VirtualMachine(1).AllClassesWithGeneric(20)
08:35:19.833 INFO: JdwpDebugServer: handling req: VirtualMachine(1).TopLevelThreadGroups(5)
08:35:19.834 INFO: JdwpDebugServer: handling req: EventRequest(15).Set(1)
08:35:19.834 INFO: JdwpEventCenterDelegate: jdwpSetEventRequest: JdwpEventRequest{requestId=102, eventKind=THREAD_START, suspendPolicy=NONE, predicates=[]}
08:35:19.834 INFO: JdwpDebugServer: handling req: EventRequest(15).Set(1)
08:35:19.834 INFO: JdwpEventCenterDelegate: jdwpSetEventRequest: JdwpEventRequest{requestId=103, eventKind=THREAD_DEATH, suspendPolicy=NONE, predicates=[]}
08:35:19.835 INFO: JdwpDebugServer: handling req: EventRequest(15).Set(1)
08:35:19.835 INFO: JdwpEventCenterDelegate: jdwpSetEventRequest: JdwpEventRequest{requestId=104, eventKind=CLASS_PREPARE, suspendPolicy=EVENT_THREAD, predicates=[className=sun.instrument.InstrumentationImpl]}
08:35:19.835 INFO: JdwpDebugServer: handling req: EventRequest(15).Set(1)
08:35:19.835 INFO: JdwpEventCenterDelegate: jdwpSetEventRequest: JdwpEventRequest{requestId=105, eventKind=CLASS_PREPARE, suspendPolicy=EVENT_THREAD, predicates=[className=sun.instrument.InstrumentationImpl]}
08:35:20.228 INFO: JdwpDebugServer: handling req: VirtualMachine(1).Resume(9)
08:35:20.265 INFO: JdwpEventCenterDelegate: THREAD_STARTED: thread (33, main, main)
08:35:20.279 INFO: JdwpEventCenterDelegate: THREAD_STARTED: thread (48, ReferenceQueueDaemon, main)
08:35:20.285 INFO: JdwpEventCenterDelegate: THREAD_STARTED: thread (63, FinalizerDaemon, main)
08:35:20.290 INFO: JdwpEventCenterDelegate: THREAD_STARTED: thread (78, FinalizerWatchdogDaemon, main)
08:35:20.293 INFO: JdwpEventCenterDelegate: THREAD_RESUMED: thread (33, main, main)
08:35:20.294 INFO: JdwpEventCenterDelegate: THREAD_RESUMED: thread (33, main, main)
08:35:20.295 INFO: JdwpEventCenterDelegate: THREAD_RESUMED: thread (33, main, main)
08:35:20.296 INFO: JdwpEventCenterDelegate: THREAD_RESUMED: thread (33, main, main)
08:35:20.301 INFO: JdwpEventCenterDelegate: THREAD_RESUMED: thread (33, main, main)
08:35:20.302 INFO: JdwpEventCenterDelegate: THREAD_RESUMED: thread (33, main, main)
08:35:20.322 INFO: JdwpEventCenterDelegate: THREAD_RESUMED: thread (33, main, main)
08:35:20.324 INFO: JdwpEventCenterDelegate: THREAD_RESUMED: thread (33, main, main)
08:35:20.325 INFO: JdwpEventCenterDelegate: THREAD_RESUMED: thread (33, main, main)
08:35:20.327 INFO: JdwpEventCenterDelegate: THREAD_RESUMED: thread (33, main, main)
08:35:20.329 INFO: JdwpEventCenterDelegate: THREAD_RESUMED: thread (33, main, main)
08:35:20.330 INFO: JdwpEventCenterDelegate: THREAD_RESUMED: thread (33, main, main)
08:35:20.332 INFO: JdwpEventCenterDelegate: THREAD_RESUMED: thread (33, main, main)
08:35:20.333 INFO: JdwpEventCenterDelegate: THREAD_RESUMED: thread (33, main, main)
08:35:20.335 INFO: JdwpEventCenterDelegate: THREAD_RESUMED: thread (33, main, main)
08:35:20.336 INFO: JdwpEventCenterDelegate: THREAD_RESUMED: thread (33, main, main)
08:35:20.338 INFO: JdwpEventCenterDelegate: THREAD_RESUMED: thread (33, main, main)
08:35:20.340 INFO: JdwpEventCenterDelegate: THREAD_RESUMED: thread (33, main, main)
08:35:20.344 INFO: JdwpEventCenterDelegate: THREAD_RESUMED: thread (33, main, main)
08:35:20.346 INFO: JdwpEventCenterDelegate: THREAD_RESUMED: thread (33, main, main)
08:35:20.347 INFO: JdwpEventCenterDelegate: THREAD_RESUMED: thread (33, main, main)
08:35:20.349 INFO: JdwpEventCenterDelegate: THREAD_RESUMED: thread (33, main, main)
08:35:20.350 INFO: JdwpEventCenterDelegate: THREAD_RESUMED: thread (33, main, main)
08:35:20.352 INFO: JdwpEventCenterDelegate: THREAD_RESUMED: thread (33, main, main)
08:35:20.353 INFO: JdwpEventCenterDelegate: THREAD_RESUMED: thread (33, main, main)
08:35:20.381 INFO: JdwpEventCenterDelegate: THREAD_RESUMED: thread (33, main, main)
08:35:20.383 INFO: JdwpEventCenterDelegate: THREAD_RESUMED: thread (33, main, main)
08:35:20.385 INFO: JdwpEventCenterDelegate: THREAD_RESUMED: thread (33, main, main)
08:35:20.387 INFO: JdwpEventCenterDelegate: THREAD_RESUMED: thread (33, main, main)
08:35:20.389 INFO: JdwpEventCenterDelegate: THREAD_RESUMED: thread (33, main, main)
08:35:20.391 INFO: JdwpEventCenterDelegate: THREAD_RESUMED: thread (33, main, main)
08:35:20.392 INFO: JdwpEventCenterDelegate: THREAD_RESUMED: thread (33, main, main)
08:35:20.395 INFO: JdwpEventCenterDelegate: THREAD_RESUMED: thread (33, main, main)
08:35:20.397 INFO: JdwpEventCenterDelegate: THREAD_RESUMED: thread (33, main, main)
08:35:20.398 INFO: JdwpEventCenterDelegate: THREAD_RESUMED: thread (33, main, main)
08:35:20.400 INFO: JdwpEventCenterDelegate: THREAD_RESUMED: thread (33, main, main)
08:35:20.401 INFO: JdwpEventCenterDelegate: THREAD_RESUMED: thread (33, main, main)
08:35:20.402 INFO: JdwpEventCenterDelegate: THREAD_RESUMED: thread (33, main, main)
08:35:20.403 INFO: JdwpEventCenterDelegate: THREAD_RESUMED: thread (33, main, main)
08:35:20.419 INFO: JdwpEventCenterDelegate: THREAD_RESUMED: thread (33, main, main)
08:35:20.420 INFO: JdwpEventCenterDelegate: THREAD_RESUMED: thread (33, main, main)
08:35:20.421 INFO: JdwpEventCenterDelegate: THREAD_RESUMED: thread (33, main, main)
08:35:20.423 INFO: JdwpEventCenterDelegate: THREAD_RESUMED: thread (33, main, main)
08:35:20.424 INFO: JdwpEventCenterDelegate: THREAD_RESUMED: thread (33, main, main)
08:35:20.425 INFO: JdwpEventCenterDelegate: THREAD_RESUMED: thread (33, main, main)
08:35:20.426 INFO: JdwpEventCenterDelegate: THREAD_RESUMED: thread (33, main, main)
08:35:20.465 INFO: JdwpEventCenterDelegate: THREAD_RESUMED: thread (33, main, main)
08:35:20.467 INFO: JdwpEventCenterDelegate: THREAD_RESUMED: thread (33, main, main)
08:35:20.469 INFO: JdwpEventCenterDelegate: THREAD_RESUMED: thread (33, main, main)
08:35:20.470 INFO: JdwpEventCenterDelegate: THREAD_RESUMED: thread (33, main, main)
08:35:20.472 INFO: JdwpEventCenterDelegate: THREAD_RESUMED: thread (33, main, main)
08:35:20.474 INFO: JdwpEventCenterDelegate: THREAD_RESUMED: thread (33, main, main)
08:35:20.475 INFO: JdwpEventCenterDelegate: THREAD_RESUMED: thread (33, main, main)
08:35:20.487 INFO: JdwpEventCenterDelegate: THREAD_RESUMED: thread (33, main, main)
08:35:20.488 INFO: JdwpEventCenterDelegate: THREAD_RESUMED: thread (33, main, main)
08:35:20.490 INFO: JdwpEventCenterDelegate: THREAD_RESUMED: thread (33, main, main)
08:35:20.491 INFO: JdwpEventCenterDelegate: THREAD_RESUMED: thread (33, main, main)
08:35:20.493 INFO: JdwpEventCenterDelegate: THREAD_RESUMED: thread (33, main, main)
08:35:20.494 INFO: JdwpEventCenterDelegate: THREAD_RESUMED: thread (33, main, main)
08:35:20.496 INFO: JdwpEventCenterDelegate: THREAD_RESUMED: thread (33, main, main)
08:35:20.504 INFO: JdwpEventCenterDelegate: THREAD_RESUMED: thread (33, main, main)
08:35:20.506 INFO: JdwpEventCenterDelegate: THREAD_RESUMED: thread (33, main, main)
08:35:20.507 INFO: JdwpEventCenterDelegate: THREAD_RESUMED: thread (33, main, main)
08:35:20.508 INFO: JdwpEventCenterDelegate: THREAD_RESUMED: thread (33, main, main)
08:35:20.509 INFO: JdwpEventCenterDelegate: THREAD_RESUMED: thread (33, main, main)
08:35:20.510 INFO: JdwpEventCenterDelegate: THREAD_RESUMED: thread (33, main, main)
08:35:20.511 INFO: JdwpEventCenterDelegate: THREAD_RESUMED: thread (33, main, main)
08:35:20.513 INFO: JdwpEventCenterDelegate: THREAD_RESUMED: thread (33, main, main)
08:35:20.514 INFO: JdwpEventCenterDelegate: THREAD_RESUMED: thread (33, main, main)
08:35:20.514 INFO: JdwpEventCenterDelegate: THREAD_RESUMED: thread (33, main, main)
08:35:20.516 INFO: JdwpEventCenterDelegate: THREAD_RESUMED: thread (33, main, main)
08:35:20.517 INFO: JdwpEventCenterDelegate: THREAD_RESUMED: thread (33, main, main)
08:35:20.519 INFO: JdwpEventCenterDelegate: THREAD_RESUMED: thread (33, main, main)
08:35:20.520 INFO: JdwpEventCenterDelegate: THREAD_RESUMED: thread (33, main, main)
08:35:20.521 INFO: JdwpEventCenterDelegate: THREAD_RESUMED: thread (33, main, main)
08:35:20.522 INFO: JdwpEventCenterDelegate: THREAD_RESUMED: thread (33, main, main)
08:35:20.524 INFO: JdwpEventCenterDelegate: THREAD_RESUMED: thread (33, main, main)
08:35:20.525 INFO: JdwpEventCenterDelegate: THREAD_RESUMED: thread (33, main, main)
08:35:20.530 INFO: JdwpEventCenterDelegate: THREAD_RESUMED: thread (33, main, main)
08:35:20.531 INFO: JdwpEventCenterDelegate: THREAD_RESUMED: thread (33, main, main)
08:35:20.665 INFO: JdwpEventCenterDelegate: THREAD_STARTED: thread (93, AssetManager, main)
08:35:20.770 INFO: JdwpEventCenterDelegate: THREAD_RESUMED: thread (33, main, main)
08:35:20.772 INFO: JdwpEventCenterDelegate: THREAD_RESUMED: thread (33, main, main)
08:35:23.330 INFO: JdwpEventCenterDelegate: THREAD_RESUMED: thread (33, main, main)
08:35:23.428 INFO: JdwpEventCenterDelegate: THREAD_RESUMED: thread (33, main, main)
08:35:23.430 INFO: JdwpEventCenterDelegate: THREAD_RESUMED: thread (33, main, main)
08:35:23.432 INFO: JdwpEventCenterDelegate: THREAD_RESUMED: thread (33, main, main)
08:35:23.434 INFO: JdwpEventCenterDelegate: THREAD_RESUMED: thread (33, main, main)
08:35:23.436 INFO: JdwpEventCenterDelegate: THREAD_RESUMED: thread (33, main, main)
08:35:23.442 INFO: JdwpEventCenterDelegate: THREAD_RESUMED: thread (33, main, main)
08:35:23.454 INFO: JdwpEventCenterDelegate: THREAD_RESUMED: thread (33, main, main)
08:35:23.455 INFO: JdwpEventCenterDelegate: THREAD_RESUMED: thread (33, main, main)
08:35:23.457 INFO: JdwpEventCenterDelegate: THREAD_RESUMED: thread (33, main, main)
08:35:23.459 INFO: JdwpEventCenterDelegate: THREAD_RESUMED: thread (33, main, main)
08:35:23.461 INFO: JdwpEventCenterDelegate: THREAD_RESUMED: thread (33, main, main)
08:35:23.466 INFO: JdwpEventCenterDelegate: THREAD_RESUMED: thread (33, main, main)
08:35:23.480 INFO: JdwpEventCenterDelegate: THREAD_RESUMED: thread (33, main, main)
08:35:23.482 INFO: JdwpEventCenterDelegate: THREAD_RESUMED: thread (33, main, main)
08:35:23.484 INFO: JdwpEventCenterDelegate: THREAD_RESUMED: thread (33, main, main)
08:35:23.486 INFO: JdwpEventCenterDelegate: THREAD_RESUMED: thread (33, main, main)
08:35:23.487 INFO: JdwpEventCenterDelegate: THREAD_RESUMED: thread (33, main, main)
08:35:23.491 INFO: JdwpEventCenterDelegate: THREAD_RESUMED: thread (33, main, main)
08:35:23.510 INFO: JdwpEventCenterDelegate: THREAD_RESUMED: thread (33, main, main)
08:35:23.512 INFO: JdwpEventCenterDelegate: THREAD_RESUMED: thread (33, main, main)
08:35:23.514 INFO: JdwpEventCenterDelegate: THREAD_RESUMED: thread (33, main, main)
08:35:23.516 INFO: JdwpEventCenterDelegate: THREAD_RESUMED: thread (33, main, main)
08:35:23.518 INFO: JdwpEventCenterDelegate: THREAD_RESUMED: thread (33, main, main)
08:35:23.523 INFO: JdwpEventCenterDelegate: THREAD_RESUMED: thread (33, main, main)
08:35:23.539 INFO: JdwpEventCenterDelegate: THREAD_RESUMED: thread (33, main, main)
08:35:23.541 INFO: JdwpEventCenterDelegate: THREAD_RESUMED: thread (33, main, main)
08:35:23.543 INFO: JdwpEventCenterDelegate: THREAD_RESUMED: thread (33, main, main)
08:35:23.545 INFO: JdwpEventCenterDelegate: THREAD_RESUMED: thread (33, main, main)
08:35:23.547 INFO: JdwpEventCenterDelegate: THREAD_RESUMED: thread (33, main, main)
08:35:23.552 INFO: JdwpEventCenterDelegate: THREAD_RESUMED: thread (33, main, main)
08:35:23.568 INFO: JdwpEventCenterDelegate: THREAD_RESUMED: thread (33, main, main)
08:35:23.570 INFO: JdwpEventCenterDelegate: THREAD_RESUMED: thread (33, main, main)
08:35:23.572 INFO: JdwpEventCenterDelegate: THREAD_RESUMED: thread (33, main, main)
08:35:23.574 INFO: JdwpEventCenterDelegate: THREAD_RESUMED: thread (33, main, main)
08:35:23.577 INFO: JdwpEventCenterDelegate: THREAD_RESUMED: thread (33, main, main)
08:35:23.581 INFO: JdwpEventCenterDelegate: THREAD_RESUMED: thread (33, main, main)
08:35:23.604 INFO: JdwpEventCenterDelegate: THREAD_RESUMED: thread (33, main, main)
08:35:23.606 INFO: JdwpEventCenterDelegate: THREAD_RESUMED: thread (33, main, main)
08:35:23.608 INFO: JdwpEventCenterDelegate: THREAD_RESUMED: thread (33, main, main)
08:35:23.610 INFO: JdwpEventCenterDelegate: THREAD_RESUMED: thread (33, main, main)
08:35:23.613 INFO: JdwpEventCenterDelegate: THREAD_RESUMED: thread (33, main, main)
08:35:23.618 INFO: JdwpEventCenterDelegate: THREAD_RESUMED: thread (33, main, main)
08:35:23.637 INFO: JdwpEventCenterDelegate: THREAD_RESUMED: thread (33, main, main)
08:35:23.639 INFO: JdwpEventCenterDelegate: THREAD_RESUMED: thread (33, main, main)
08:35:23.642 INFO: JdwpEventCenterDelegate: THREAD_RESUMED: thread (33, main, main)
08:35:23.644 INFO: JdwpEventCenterDelegate: THREAD_RESUMED: thread (33, main, main)
08:35:23.646 INFO: JdwpEventCenterDelegate: THREAD_RESUMED: thread (33, main, main)
08:35:23.652 INFO: JdwpEventCenterDelegate: THREAD_RESUMED: thread (33, main, main)
08:35:23.670 INFO: JdwpEventCenterDelegate: THREAD_RESUMED: thread (33, main, main)
08:35:23.673 INFO: JdwpEventCenterDelegate: THREAD_RESUMED: thread (33, main, main)
08:35:23.675 INFO: JdwpEventCenterDelegate: THREAD_RESUMED: thread (33, main, main)
08:35:23.678 INFO: JdwpEventCenterDelegate: THREAD_RESUMED: thread (33, main, main)
08:35:23.680 INFO: JdwpEventCenterDelegate: THREAD_RESUMED: thread (33, main, main)
08:35:23.685 INFO: JdwpEventCenterDelegate: THREAD_RESUMED: thread (33, main, main)
08:35:23.700 INFO: JdwpEventCenterDelegate: THREAD_RESUMED: thread (33, main, main)
08:35:23.702 INFO: JdwpEventCenterDelegate: THREAD_RESUMED: thread (33, main, main)
08:35:23.705 INFO: JdwpEventCenterDelegate: THREAD_RESUMED: thread (33, main, main)
08:35:23.707 INFO: JdwpEventCenterDelegate: THREAD_RESUMED: thread (33, main, main)
08:35:23.709 INFO: JdwpEventCenterDelegate: THREAD_RESUMED: thread (33, main, main)
08:35:23.714 INFO: JdwpEventCenterDelegate: THREAD_RESUMED: thread (33, main, main)
08:35:23.728 INFO: JdwpEventCenterDelegate: THREAD_RESUMED: thread (33, main, main)
08:35:23.730 INFO: JdwpEventCenterDelegate: THREAD_RESUMED: thread (33, main, main)
08:35:23.733 INFO: JdwpEventCenterDelegate: THREAD_RESUMED: thread (33, main, main)
08:35:23.735 INFO: JdwpEventCenterDelegate: THREAD_RESUMED: thread (33, main, main)
08:35:23.737 INFO: JdwpEventCenterDelegate: THREAD_RESUMED: thread (33, main, main)
08:35:23.742 INFO: JdwpEventCenterDelegate: THREAD_RESUMED: thread (33, main, main)
08:35:23.762 INFO: JdwpEventCenterDelegate: THREAD_RESUMED: thread (33, main, main)
08:35:23.764 INFO: JdwpEventCenterDelegate: THREAD_RESUMED: thread (33, main, main)
08:35:23.766 INFO: JdwpEventCenterDelegate: THREAD_RESUMED: thread (33, main, main)
08:35:23.768 INFO: JdwpEventCenterDelegate: THREAD_RESUMED: thread (33, main, main)
08:35:23.770 INFO: JdwpEventCenterDelegate: THREAD_RESUMED: thread (33, main, main)
08:35:23.775 INFO: JdwpEventCenterDelegate: THREAD_RESUMED: thread (33, main, main)
08:35:23.797 INFO: JdwpEventCenterDelegate: THREAD_RESUMED: thread (33, main, main)
08:35:23.799 INFO: JdwpEventCenterDelegate: THREAD_RESUMED: thread (33, main, main)
08:35:23.802 INFO: JdwpEventCenterDelegate: THREAD_RESUMED: thread (33, main, main)
08:35:23.804 INFO: JdwpEventCenterDelegate: THREAD_RESUMED: thread (33, main, main)
08:35:23.806 INFO: JdwpEventCenterDelegate: THREAD_RESUMED: thread (33, main, main)
08:35:23.811 INFO: JdwpEventCenterDelegate: THREAD_RESUMED: thread (33, main, main)
08:35:23.830 INFO: JdwpEventCenterDelegate: THREAD_RESUMED: thread (33, main, main)
08:35:23.832 INFO: JdwpEventCenterDelegate: THREAD_RESUMED: thread (33, main, main)
08:35:23.835 INFO: JdwpEventCenterDelegate: THREAD_RESUMED: thread (33, main, main)
08:35:23.836 INFO: JdwpEventCenterDelegate: THREAD_RESUMED: thread (33, main, main)
08:35:23.838 INFO: JdwpEventCenterDelegate: THREAD_RESUMED: thread (33, main, main)
08:35:23.843 INFO: JdwpEventCenterDelegate: THREAD_RESUMED: thread (33, main, main)
08:35:23.856 INFO: JdwpEventCenterDelegate: THREAD_RESUMED: thread (33, main, main)
08:35:23.858 INFO: JdwpEventCenterDelegate: THREAD_RESUMED: thread (33, main, main)
08:35:23.860 INFO: JdwpEventCenterDelegate: THREAD_RESUMED: thread (33, main, main)
08:35:23.862 INFO: JdwpEventCenterDelegate: THREAD_RESUMED: thread (33, main, main)
08:35:23.865 INFO: JdwpEventCenterDelegate: THREAD_RESUMED: thread (33, main, main)
08:35:23.870 INFO: JdwpEventCenterDelegate: THREAD_RESUMED: thread (33, main, main)
08:35:23.872 INFO: JdwpEventCenterDelegate: THREAD_RESUMED: thread (33, main, main)
08:35:23.874 INFO: JdwpEventCenterDelegate: THREAD_RESUMED: thread (33, main, main)
08:35:23.877 INFO: JdwpEventCenterDelegate: THREAD_RESUMED: thread (33, main, main)
08:35:23.879 INFO: JdwpEventCenterDelegate: THREAD_RESUMED: thread (33, main, main)
08:35:23.881 INFO: JdwpEventCenterDelegate: THREAD_RESUMED: thread (33, main, main)
08:35:23.884 INFO: JdwpEventCenterDelegate: THREAD_RESUMED: thread (33, main, main)
08:35:23.889 INFO: JdwpEventCenterDelegate: THREAD_RESUMED: thread (33, main, main)
08:35:23.891 INFO: JdwpEventCenterDelegate: THREAD_RESUMED: thread (33, main, main)
08:35:23.894 INFO: JdwpEventCenterDelegate: THREAD_RESUMED: thread (33, main, main)
08:35:23.896 INFO: JdwpEventCenterDelegate: THREAD_RESUMED: thread (33, main, main)
08:35:23.908 INFO: JdwpEventCenterDelegate: THREAD_RESUMED: thread (33, main, main)
08:35:23.910 INFO: JdwpEventCenterDelegate: THREAD_RESUMED: thread (33, main, main)
08:35:23.912 INFO: JdwpEventCenterDelegate: THREAD_RESUMED: thread (33, main, main)
08:35:23.914 INFO: JdwpEventCenterDelegate: THREAD_RESUMED: thread (33, main, main)
08:35:23.916 INFO: JdwpEventCenterDelegate: THREAD_RESUMED: thread (33, main, main)
08:35:23.921 INFO: JdwpEventCenterDelegate: THREAD_RESUMED: thread (33, main, main)
08:35:23.937 INFO: JdwpEventCenterDelegate: THREAD_RESUMED: thread (33, main, main)
08:35:23.950 INFO: JdwpEventCenterDelegate: THREAD_RESUMED: thread (33, main, main)
08:35:23.961 INFO: JdwpEventCenterDelegate: THREAD_RESUMED: thread (33, main, main)
08:35:23.975 INFO: JdwpEventCenterDelegate: THREAD_RESUMED: thread (33, main, main)
08:35:24.005 INFO: JdwpEventCenterDelegate: THREAD_RESUMED: thread (33, main, main)
08:35:24.008 INFO: JdwpEventCenterDelegate: THREAD_RESUMED: thread (33, main, main)
08:35:24.010 INFO: JdwpEventCenterDelegate: THREAD_RESUMED: thread (33, main, main)
08:35:24.013 INFO: JdwpEventCenterDelegate: THREAD_RESUMED: thread (33, main, main)
08:35:24.015 INFO: JdwpEventCenterDelegate: THREAD_RESUMED: thread (33, main, main)
08:35:24.020 INFO: JdwpEventCenterDelegate: THREAD_RESUMED: thread (33, main, main)
08:35:24.032 INFO: JdwpEventCenterDelegate: THREAD_RESUMED: thread (33, main, main)
08:35:24.034 INFO: JdwpEventCenterDelegate: THREAD_RESUMED: thread (33, main, main)
08:35:24.037 INFO: JdwpEventCenterDelegate: THREAD_RESUMED: thread (33, main, main)
08:35:24.039 INFO: JdwpEventCenterDelegate: THREAD_RESUMED: thread (33, main, main)
08:35:24.041 INFO: JdwpEventCenterDelegate: THREAD_RESUMED: thread (33, main, main)
08:35:24.046 INFO: JdwpEventCenterDelegate: THREAD_RESUMED: thread (33, main, main)
08:35:24.060 INFO: JdwpEventCenterDelegate: THREAD_RESUMED: thread (33, main, main)
08:35:24.062 INFO: JdwpEventCenterDelegate: THREAD_RESUMED: thread (33, main, main)
08:35:24.064 INFO: JdwpEventCenterDelegate: THREAD_RESUMED: thread (33, main, main)
08:35:24.067 INFO: JdwpEventCenterDelegate: THREAD_RESUMED: thread (33, main, main)
08:35:24.069 INFO: JdwpEventCenterDelegate: THREAD_RESUMED: thread (33, main, main)
08:35:24.074 INFO: JdwpEventCenterDelegate: THREAD_RESUMED: thread (33, main, main)
08:35:24.091 INFO: JdwpEventCenterDelegate: THREAD_RESUMED: thread (33, main, main)
08:35:24.094 INFO: JdwpEventCenterDelegate: THREAD_RESUMED: thread (33, main, main)
08:35:24.096 INFO: JdwpEventCenterDelegate: THREAD_RESUMED: thread (33, main, main)
08:35:24.099 INFO: JdwpEventCenterDelegate: THREAD_RESUMED: thread (33, main, main)
08:35:24.101 INFO: JdwpEventCenterDelegate: THREAD_RESUMED: thread (33, main, main)
08:35:24.106 INFO: JdwpEventCenterDelegate: THREAD_RESUMED: thread (33, main, main)
08:35:24.121 INFO: JdwpEventCenterDelegate: THREAD_RESUMED: thread (33, main, main)
08:35:24.122 INFO: JdwpEventCenterDelegate: THREAD_RESUMED: thread (33, main, main)
08:35:24.124 INFO: JdwpEventCenterDelegate: THREAD_RESUMED: thread (33, main, main)
08:35:24.126 INFO: JdwpEventCenterDelegate: THREAD_RESUMED: thread (33, main, main)
08:35:24.128 INFO: JdwpEventCenterDelegate: THREAD_RESUMED: thread (33, main, main)
08:35:24.133 INFO: JdwpEventCenterDelegate: THREAD_RESUMED: thread (33, main, main)
08:35:24.151 INFO: JdwpEventCenterDelegate: THREAD_RESUMED: thread (33, main, main)
08:35:24.153 INFO: JdwpEventCenterDelegate: THREAD_RESUMED: thread (33, main, main)
08:35:24.156 INFO: JdwpEventCenterDelegate: THREAD_RESUMED: thread (33, main, main)
08:35:24.158 INFO: JdwpEventCenterDelegate: THREAD_RESUMED: thread (33, main, main)
08:35:24.160 INFO: JdwpEventCenterDelegate: THREAD_RESUMED: thread (33, main, main)
08:35:24.165 INFO: JdwpEventCenterDelegate: THREAD_RESUMED: thread (33, main, main)
08:35:24.182 INFO: JdwpEventCenterDelegate: THREAD_RESUMED: thread (33, main, main)
08:35:24.184 INFO: JdwpEventCenterDelegate: THREAD_RESUMED: thread (33, main, main)
08:35:24.186 INFO: JdwpEventCenterDelegate: THREAD_RESUMED: thread (33, main, main)
08:35:24.188 INFO: JdwpEventCenterDelegate: THREAD_RESUMED: thread (33, main, main)
08:35:24.191 INFO: JdwpEventCenterDelegate: THREAD_RESUMED: thread (33, main, main)
08:35:24.196 INFO: JdwpEventCenterDelegate: THREAD_RESUMED: thread (33, main, main)
08:35:24.213 INFO: JdwpEventCenterDelegate: THREAD_RESUMED: thread (33, main, main)
08:35:24.215 INFO: JdwpEventCenterDelegate: THREAD_RESUMED: thread (33, main, main)
08:35:24.217 INFO: JdwpEventCenterDelegate: THREAD_RESUMED: thread (33, main, main)
08:35:24.220 INFO: JdwpEventCenterDelegate: THREAD_RESUMED: thread (33, main, main)
08:35:24.221 INFO: JdwpEventCenterDelegate: THREAD_RESUMED: thread (33, main, main)
08:35:24.226 INFO: JdwpEventCenterDelegate: THREAD_RESUMED: thread (33, main, main)
08:35:24.243 INFO: JdwpEventCenterDelegate: THREAD_RESUMED: thread (33, main, main)
08:35:24.245 INFO: JdwpEventCenterDelegate: THREAD_RESUMED: thread (33, main, main)
08:35:24.247 INFO: JdwpEventCenterDelegate: THREAD_RESUMED: thread (33, main, main)
08:35:24.249 INFO: JdwpEventCenterDelegate: THREAD_RESUMED: thread (33, main, main)
08:35:24.251 INFO: JdwpEventCenterDelegate: THREAD_RESUMED: thread (33, main, main)
08:35:24.256 INFO: JdwpEventCenterDelegate: THREAD_RESUMED: thread (33, main, main)
08:35:24.270 INFO: JdwpEventCenterDelegate: THREAD_RESUMED: thread (33, main, main)
08:35:24.273 INFO: JdwpEventCenterDelegate: THREAD_RESUMED: thread (33, main, main)
08:35:24.275 INFO: JdwpEventCenterDelegate: THREAD_RESUMED: thread (33, main, main)
08:35:24.277 INFO: JdwpEventCenterDelegate: THREAD_RESUMED: thread (33, main, main)
08:35:24.279 INFO: JdwpEventCenterDelegate: THREAD_RESUMED: thread (33, main, main)
08:35:24.284 INFO: JdwpEventCenterDelegate: THREAD_RESUMED: thread (33, main, main)
08:35:24.298 INFO: JdwpEventCenterDelegate: THREAD_RESUMED: thread (33, main, main)
08:35:24.300 INFO: JdwpEventCenterDelegate: THREAD_RESUMED: thread (33, main, main)
08:35:24.302 INFO: JdwpEventCenterDelegate: THREAD_RESUMED: thread (33, main, main)
08:35:24.304 INFO: JdwpEventCenterDelegate: THREAD_RESUMED: thread (33, main, main)
08:35:24.307 INFO: JdwpEventCenterDelegate: THREAD_RESUMED: thread (33, main, main)
08:35:24.312 INFO: JdwpEventCenterDelegate: THREAD_RESUMED: thread (33, main, main)
08:35:24.334 INFO: JdwpEventCenterDelegate: THREAD_RESUMED: thread (33, main, main)
08:35:24.336 INFO: JdwpEventCenterDelegate: THREAD_RESUMED: thread (33, main, main)
08:35:24.338 INFO: JdwpEventCenterDelegate: THREAD_RESUMED: thread (33, main, main)
08:35:24.341 INFO: JdwpEventCenterDelegate: THREAD_RESUMED: thread (33, main, main)
08:35:24.343 INFO: JdwpEventCenterDelegate: THREAD_RESUMED: thread (33, main, main)
08:35:24.348 INFO: JdwpEventCenterDelegate: THREAD_RESUMED: thread (33, main, main)
08:35:24.369 INFO: JdwpEventCenterDelegate: THREAD_RESUMED: thread (33, main, main)
08:35:24.371 INFO: JdwpEventCenterDelegate: THREAD_RESUMED: thread (33, main, main)
08:35:24.373 INFO: JdwpEventCenterDelegate: THREAD_RESUMED: thread (33, main, main)
08:35:24.375 INFO: JdwpEventCenterDelegate: THREAD_RESUMED: thread (33, main, main)
08:35:24.377 INFO: JdwpEventCenterDelegate: THREAD_RESUMED: thread (33, main, main)
08:35:24.382 INFO: JdwpEventCenterDelegate: THREAD_RESUMED: thread (33, main, main)
08:35:24.400 INFO: JdwpEventCenterDelegate: THREAD_RESUMED: thread (33, main, main)
08:35:24.402 INFO: JdwpEventCenterDelegate: THREAD_RESUMED: thread (33, main, main)
08:35:24.404 INFO: JdwpEventCenterDelegate: THREAD_RESUMED: thread (33, main, main)
08:35:24.407 INFO: JdwpEventCenterDelegate: THREAD_RESUMED: thread (33, main, main)
08:35:24.409 INFO: JdwpEventCenterDelegate: THREAD_RESUMED: thread (33, main, main)
08:35:24.414 INFO: JdwpEventCenterDelegate: THREAD_RESUMED: thread (33, main, main)
08:35:24.426 INFO: JdwpEventCenterDelegate: THREAD_RESUMED: thread (33, main, main)
08:35:24.428 INFO: JdwpEventCenterDelegate: THREAD_RESUMED: thread (33, main, main)
08:35:24.431 INFO: JdwpEventCenterDelegate: THREAD_RESUMED: thread (33, main, main)
08:35:24.433 INFO: JdwpEventCenterDelegate: THREAD_RESUMED: thread (33, main, main)
08:35:24.435 INFO: JdwpEventCenterDelegate: THREAD_RESUMED: thread (33, main, main)
08:35:26.943 INFO: JdwpEventCenterDelegate: THREAD_STARTED: thread (108, Timer, main)
08:35:27.854 INFO: JdwpEventCenterDelegate: THREAD_RESUMED: thread (33, main, main)
08:35:27.885 INFO: JdwpEventCenterDelegate: THREAD_RESUMED: thread (33, main, main)
08:35:27.907 INFO: JdwpEventCenterDelegate: THREAD_RESUMED: thread (33, main, main)
08:35:27.925 INFO: JdwpEventCenterDelegate: THREAD_RESUMED: thread (33, main, main)
08:35:27.968 INFO: JdwpEventCenterDelegate: THREAD_RESUMED: thread (33, main, main)
08:35:28.002 INFO: JdwpEventCenterDelegate: THREAD_RESUMED: thread (33, main, main)
08:35:28.019 INFO: JdwpEventCenterDelegate: THREAD_RESUMED: thread (33, main, main)
08:35:28.034 INFO: JdwpEventCenterDelegate: THREAD_RESUMED: thread (33, main, main)
08:35:28.041 INFO: JdwpEventCenterDelegate: THREAD_RESUMED: thread (33, main, main)
08:35:28.055 INFO: JdwpEventCenterDelegate: THREAD_RESUMED: thread (33, main, main)
08:35:28.085 INFO: JdwpEventCenterDelegate: THREAD_RESUMED: thread (33, main, main)
08:35:28.097 INFO: JdwpEventCenterDelegate: THREAD_RESUMED: thread (33, main, main)
08:35:28.109 INFO: JdwpEventCenterDelegate: THREAD_RESUMED: thread (33, main, main)
08:35:28.121 INFO: JdwpEventCenterDelegate: THREAD_RESUMED: thread (33, main, main)
08:35:28.156 INFO: JdwpEventCenterDelegate: THREAD_RESUMED: thread (33, main, main)
08:35:28.189 INFO: JdwpEventCenterDelegate: THREAD_RESUMED: thread (33, main, main)
08:35:28.205 INFO: JdwpEventCenterDelegate: THREAD_RESUMED: thread (33, main, main)
08:35:28.220 INFO: JdwpEventCenterDelegate: THREAD_RESUMED: thread (33, main, main)
08:35:28.226 INFO: JdwpEventCenterDelegate: THREAD_RESUMED: thread (33, main, main)
08:35:28.239 INFO: JdwpEventCenterDelegate: THREAD_RESUMED: thread (33, main, main)
08:35:29.446 INFO: JdwpEventCenterDelegate: THREAD_RESUMED: thread (33, main, main)
08:35:29.448 INFO: JdwpEventCenterDelegate: THREAD_RESUMED: thread (33, main, main)
08:35:29.450 INFO: JdwpEventCenterDelegate: THREAD_RESUMED: thread (33, main, main)
08:35:29.452 INFO: JdwpEventCenterDelegate: THREAD_RESUMED: thread (33, main, main)
08:35:29.455 INFO: JdwpEventCenterDelegate: THREAD_RESUMED: thread (33, main, main)
08:35:29.457 INFO: JdwpEventCenterDelegate: THREAD_RESUMED: thread (33, main, main)
08:35:29.459 INFO: JdwpEventCenterDelegate: THREAD_RESUMED: thread (33, main, main)
08:35:29.505 INFO: JdwpEventCenterDelegate: THREAD_RESUMED: thread (33, main, main)
08:35:29.508 INFO: JdwpEventCenterDelegate: THREAD_RESUMED: thread (33, main, main)
08:35:29.510 INFO: JdwpEventCenterDelegate: THREAD_RESUMED: thread (33, main, main)
08:35:29.513 INFO: JdwpEventCenterDelegate: THREAD_RESUMED: thread (33, main, main)
08:35:29.515 INFO: JdwpEventCenterDelegate: THREAD_RESUMED: thread (33, main, main)
08:35:29.518 INFO: JdwpEventCenterDelegate: THREAD_RESUMED: thread (33, main, main)
08:35:29.520 INFO: JdwpEventCenterDelegate: THREAD_RESUMED: thread (33, main, main)
08:35:29.536 INFO: JdwpEventCenterDelegate: THREAD_STARTED: thread (123, Thread-7, main)
08:35:47.154 INFO: JdwpDebugServer: handling req: VirtualMachine(1).Exit(10)
08:35:47.154 SEVERE: Debugger: Thread JDWP server socket thread crashed
org.robovm.debugger.DebuggerException: Terminating due exit command
	at org.robovm.debugger.jdwp.JdwpDebugServer.doSocketWork(JdwpDebugServer.java:211)
	at java.base/java.lang.Thread.run(Thread.java:834)
	at org.robovm.debugger.utils.DebuggerThread.run(DebuggerThread.java:42)
08:35:47.661 SEVERE: Debugger: Thread HooksChannel socket thread crashed
org.robovm.debugger.DebuggerException: java.io.IOException: org.robovm.libimobiledevice.LibIMobileDeviceException: IDEVICE_E_UNKNOWN_ERROR
	at org.robovm.debugger.hooks.HooksChannel.doSocketWork(HooksChannel.java:149)
	at java.base/java.lang.Thread.run(Thread.java:834)
	at org.robovm.debugger.utils.DebuggerThread.run(DebuggerThread.java:42)
Caused by: java.io.IOException: org.robovm.libimobiledevice.LibIMobileDeviceException: IDEVICE_E_UNKNOWN_ERROR
	at org.robovm.libimobiledevice.IDeviceConnection$DeviceInputStream.read(IDeviceConnection.java:203)
	at org.robovm.debugger.utils.bytebuffer.DataBufferWriter.writeFromStream(DataBufferWriter.java:89)
	at org.robovm.debugger.hooks.HooksChannel.doSocketWork(HooksChannel.java:116)
	... 2 more
Caused by: org.robovm.libimobiledevice.LibIMobileDeviceException: IDEVICE_E_UNKNOWN_ERROR
	at org.robovm.libimobiledevice.IDevice.checkResult(IDevice.java:206)
	at org.robovm.libimobiledevice.IDeviceConnection.receive(IDeviceConnection.java:110)
	at org.robovm.libimobiledevice.IDeviceConnection.receive(IDeviceConnection.java:81)
	at org.robovm.libimobiledevice.IDeviceConnection$DeviceInputStream.read(IDeviceConnection.java:201)
	... 4 more
