17:30:42.746 INFO: JdwpDebugServer: handling req: VirtualMachine(1).IDSizes(7)
17:30:42.746 INFO: JdwpDebugServer: handling req: EventRequest(15).Set(1)
17:30:42.747 INFO: JdwpEventCenterDelegate: jdwpSetEventRequest: JdwpEventRequest{requestId=100, eventKind=CLASS_PREPARE, suspendPolicy=NONE, predicates=[]}
17:30:42.747 INFO: JdwpDebugServer: handling req: EventRequest(15).Set(1)
17:30:42.747 INFO: JdwpEventCenterDelegate: jdwpSetEventRequest: JdwpEventRequest{requestId=101, eventKind=CLASS_UNLOAD, suspendPolicy=NONE, predicates=[]}
17:30:42.766 INFO: JdwpDebugServer: handling req: VirtualMachine(1).Version(1)
17:30:42.766 INFO: JdwpDebugServer: handling req: VirtualMachine(1).capabilitiesNew(17)
17:30:42.767 INFO: JdwpDebugServer: handling req: VirtualMachine(1).capabilities(12)
17:30:42.767 INFO: JdwpDebugServer: handling req: VirtualMachine(1).AllClassesWithGeneric(20)
17:30:42.772 INFO: JdwpDebugServer: handling req: VirtualMachine(1).TopLevelThreadGroups(5)
17:30:42.772 INFO: JdwpDebugServer: handling req: EventRequest(15).Set(1)
17:30:42.772 INFO: JdwpEventCenterDelegate: jdwpSetEventRequest: JdwpEventRequest{requestId=102, eventKind=THREAD_START, suspendPolicy=NONE, predicates=[]}
17:30:42.773 INFO: JdwpDebugServer: handling req: EventRequest(15).Set(1)
17:30:42.773 INFO: JdwpEventCenterDelegate: jdwpSetEventRequest: JdwpEventRequest{requestId=103, eventKind=THREAD_DEATH, suspendPolicy=NONE, predicates=[]}
17:30:42.776 INFO: JdwpDebugServer: handling req: EventRequest(15).Set(1)
17:30:42.776 INFO: JdwpEventCenterDelegate: jdwpSetEventRequest: JdwpEventRequest{requestId=104, eventKind=CLASS_PREPARE, suspendPolicy=EVENT_THREAD, predicates=[className=sun.instrument.InstrumentationImpl]}
17:30:42.777 INFO: JdwpDebugServer: handling req: EventRequest(15).Set(1)
17:30:42.777 INFO: JdwpEventCenterDelegate: jdwpSetEventRequest: JdwpEventRequest{requestId=105, eventKind=CLASS_PREPARE, suspendPolicy=EVENT_THREAD, predicates=[className=sun.instrument.InstrumentationImpl]}
17:30:42.827 INFO: JdwpDebugServer: handling req: EventRequest(15).Set(1)
17:30:42.827 INFO: JdwpEventCenterDelegate: jdwpSetEventRequest: JdwpEventRequest{requestId=106, eventKind=CLASS_PREPARE, suspendPolicy=EVENT_THREAD, predicates=[className=com.oldcaledonia.babymozartspacetrip.ios.ServicesApi]}
17:30:42.828 INFO: JdwpDebugServer: handling req: EventRequest(15).Set(1)
17:30:42.828 INFO: JdwpEventCenterDelegate: jdwpSetEventRequest: JdwpEventRequest{requestId=107, eventKind=CLASS_PREPARE, suspendPolicy=EVENT_THREAD, predicates=[className=com.oldcaledonia.babymozartspacetrip.ios.ServicesApi$*]}
17:30:42.828 INFO: JdwpDebugServer: handling req: EventRequest(15).Set(1)
17:30:42.828 INFO: JdwpEventCenterDelegate: jdwpSetEventRequest: JdwpEventRequest{requestId=108, eventKind=CLASS_PREPARE, suspendPolicy=EVENT_THREAD, predicates=[className=com.oldcaledonia.babymozartspacetrip.ios.ComposableSingletons$ServicesKt$*]}
17:30:43.365 INFO: JdwpDebugServer: handling req: VirtualMachine(1).Resume(9)
17:30:43.421 INFO: JdwpEventCenterDelegate: THREAD_STARTED: thread (33, main, main)
17:30:43.440 INFO: JdwpEventCenterDelegate: THREAD_STARTED: thread (48, ReferenceQueueDaemon, main)
17:30:43.448 INFO: JdwpEventCenterDelegate: THREAD_STARTED: thread (63, FinalizerDaemon, main)
17:30:43.454 INFO: JdwpEventCenterDelegate: THREAD_STARTED: thread (78, FinalizerWatchdogDaemon, main)
17:30:43.457 INFO: JdwpEventCenterDelegate: THREAD_RESUMED: thread (33, main, main)
17:30:43.458 INFO: JdwpEventCenterDelegate: THREAD_RESUMED: thread (33, main, main)
17:30:43.460 INFO: JdwpEventCenterDelegate: THREAD_RESUMED: thread (33, main, main)
17:30:43.461 INFO: JdwpEventCenterDelegate: THREAD_RESUMED: thread (33, main, main)
17:30:43.463 INFO: JdwpEventCenterDelegate: THREAD_RESUMED: thread (33, main, main)
17:30:43.464 INFO: JdwpEventCenterDelegate: THREAD_RESUMED: thread (33, main, main)
17:30:43.466 INFO: JdwpEventCenterDelegate: THREAD_RESUMED: thread (33, main, main)
17:30:43.467 INFO: JdwpEventCenterDelegate: THREAD_RESUMED: thread (33, main, main)
17:30:43.468 INFO: JdwpEventCenterDelegate: THREAD_RESUMED: thread (33, main, main)
17:30:43.470 INFO: JdwpEventCenterDelegate: THREAD_RESUMED: thread (33, main, main)
17:30:43.471 INFO: JdwpEventCenterDelegate: THREAD_RESUMED: thread (33, main, main)
17:30:43.472 INFO: JdwpEventCenterDelegate: THREAD_RESUMED: thread (33, main, main)
17:30:43.474 INFO: JdwpEventCenterDelegate: THREAD_RESUMED: thread (33, main, main)
17:30:43.476 INFO: JdwpEventCenterDelegate: THREAD_RESUMED: thread (33, main, main)
17:30:43.477 INFO: JdwpEventCenterDelegate: THREAD_RESUMED: thread (33, main, main)
17:30:43.479 INFO: JdwpEventCenterDelegate: THREAD_RESUMED: thread (33, main, main)
17:30:43.480 INFO: JdwpEventCenterDelegate: THREAD_RESUMED: thread (33, main, main)
17:30:43.482 INFO: JdwpEventCenterDelegate: THREAD_RESUMED: thread (33, main, main)
17:30:43.485 INFO: JdwpEventCenterDelegate: THREAD_RESUMED: thread (33, main, main)
17:30:43.486 INFO: JdwpEventCenterDelegate: THREAD_RESUMED: thread (33, main, main)
17:30:43.488 INFO: JdwpEventCenterDelegate: THREAD_RESUMED: thread (33, main, main)
17:30:43.489 INFO: JdwpEventCenterDelegate: THREAD_RESUMED: thread (33, main, main)
17:30:43.491 INFO: JdwpEventCenterDelegate: THREAD_RESUMED: thread (33, main, main)
17:30:43.491 INFO: JdwpEventCenterDelegate: THREAD_RESUMED: thread (33, main, main)
17:30:43.493 INFO: JdwpEventCenterDelegate: THREAD_RESUMED: thread (33, main, main)
17:30:43.522 INFO: JdwpEventCenterDelegate: THREAD_RESUMED: thread (33, main, main)
17:30:43.524 INFO: JdwpEventCenterDelegate: THREAD_RESUMED: thread (33, main, main)
17:30:43.526 INFO: JdwpEventCenterDelegate: THREAD_RESUMED: thread (33, main, main)
17:30:43.527 INFO: JdwpEventCenterDelegate: THREAD_RESUMED: thread (33, main, main)
17:30:43.529 INFO: JdwpEventCenterDelegate: THREAD_RESUMED: thread (33, main, main)
17:30:43.531 INFO: JdwpEventCenterDelegate: THREAD_RESUMED: thread (33, main, main)
17:30:43.532 INFO: JdwpEventCenterDelegate: THREAD_RESUMED: thread (33, main, main)
17:30:43.534 INFO: JdwpEventCenterDelegate: THREAD_RESUMED: thread (33, main, main)
17:30:43.536 INFO: JdwpEventCenterDelegate: THREAD_RESUMED: thread (33, main, main)
17:30:43.537 INFO: JdwpEventCenterDelegate: THREAD_RESUMED: thread (33, main, main)
17:30:43.538 INFO: JdwpEventCenterDelegate: THREAD_RESUMED: thread (33, main, main)
17:30:43.539 INFO: JdwpEventCenterDelegate: THREAD_RESUMED: thread (33, main, main)
17:30:43.541 INFO: JdwpEventCenterDelegate: THREAD_RESUMED: thread (33, main, main)
17:30:43.542 INFO: JdwpEventCenterDelegate: THREAD_RESUMED: thread (33, main, main)
17:30:43.558 INFO: JdwpEventCenterDelegate: THREAD_RESUMED: thread (33, main, main)
17:30:43.559 INFO: JdwpEventCenterDelegate: THREAD_RESUMED: thread (33, main, main)
17:30:43.561 INFO: JdwpEventCenterDelegate: THREAD_RESUMED: thread (33, main, main)
17:30:43.562 INFO: JdwpEventCenterDelegate: THREAD_RESUMED: thread (33, main, main)
17:30:43.563 INFO: JdwpEventCenterDelegate: THREAD_RESUMED: thread (33, main, main)
17:30:43.565 INFO: JdwpEventCenterDelegate: THREAD_RESUMED: thread (33, main, main)
17:30:43.566 INFO: JdwpEventCenterDelegate: THREAD_RESUMED: thread (33, main, main)
17:30:43.590 INFO: JdwpDebugServer: handling req: ReferenceType(2).MethodsWithGeneric(15)
17:30:43.596 INFO: JdwpDebugServer: handling req: Method(6).LineTable(1)
17:30:43.597 INFO: JdwpDebugServer: handling req: Method(6).LineTable(1)
17:30:43.598 INFO: JdwpDebugServer: handling req: Method(6).LineTable(1)
17:30:43.598 INFO: JdwpDebugServer: handling req: Method(6).LineTable(1)
17:30:43.599 INFO: JdwpDebugServer: handling req: Method(6).LineTable(1)
17:30:43.599 INFO: JdwpDebugServer: handling req: Method(6).LineTable(1)
17:30:43.599 INFO: JdwpDebugServer: handling req: Method(6).LineTable(1)
17:30:43.599 INFO: JdwpDebugServer: handling req: Method(6).LineTable(1)
17:30:43.600 INFO: JdwpDebugServer: handling req: Method(6).LineTable(1)
17:30:43.600 INFO: JdwpDebugServer: handling req: Method(6).LineTable(1)
17:30:43.600 INFO: JdwpDebugServer: handling req: Method(6).LineTable(1)
17:30:43.600 INFO: JdwpDebugServer: handling req: Method(6).LineTable(1)
17:30:43.601 INFO: JdwpDebugServer: handling req: Method(6).LineTable(1)
17:30:43.601 INFO: JdwpDebugServer: handling req: Method(6).LineTable(1)
17:30:43.601 INFO: JdwpDebugServer: handling req: Method(6).LineTable(1)
17:30:43.601 INFO: JdwpDebugServer: handling req: Method(6).LineTable(1)
17:30:43.602 INFO: JdwpDebugServer: handling req: Method(6).LineTable(1)
17:30:43.602 INFO: JdwpDebugServer: handling req: Method(6).LineTable(1)
17:30:43.602 INFO: JdwpDebugServer: handling req: Method(6).LineTable(1)
17:30:43.602 INFO: JdwpDebugServer: handling req: Method(6).LineTable(1)
17:30:43.602 INFO: JdwpDebugServer: handling req: Method(6).LineTable(1)
17:30:43.602 INFO: JdwpDebugServer: handling req: Method(6).LineTable(1)
17:30:43.603 INFO: JdwpDebugServer: handling req: Method(6).LineTable(1)
17:30:43.603 INFO: JdwpDebugServer: handling req: Method(6).LineTable(1)
17:30:43.603 INFO: JdwpDebugServer: handling req: Method(6).LineTable(1)
17:30:43.603 INFO: JdwpDebugServer: handling req: Method(6).LineTable(1)
17:30:43.603 INFO: JdwpDebugServer: handling req: Method(6).LineTable(1)
17:30:43.604 INFO: JdwpDebugServer: handling req: Method(6).LineTable(1)
17:30:43.604 INFO: JdwpDebugServer: handling req: Method(6).LineTable(1)
17:30:43.604 INFO: JdwpDebugServer: handling req: Method(6).LineTable(1)
17:30:43.604 INFO: JdwpDebugServer: handling req: Method(6).LineTable(1)
17:30:43.605 INFO: JdwpDebugServer: handling req: Method(6).LineTable(1)
17:30:43.605 INFO: JdwpDebugServer: handling req: Method(6).LineTable(1)
17:30:43.605 INFO: JdwpDebugServer: handling req: Method(6).LineTable(1)
17:30:43.610 INFO: JdwpDebugServer: handling req: ReferenceType(2).SourceFile(7)
17:30:43.620 INFO: JdwpDebugServer: handling req: EventRequest(15).Set(1)
17:30:43.631 INFO: JdwpEventCenterDelegate: jdwpSetEventRequest: JdwpEventRequest{requestId=109, eventKind=BREAKPOINT, suspendPolicy=EVENT_THREAD, predicates=[Location{classId=22950, methodId=8127, index=39} ]}
17:30:43.633 INFO: JdwpDebugServer: handling req: ThreadReference(11).Resume(3)
17:30:43.634 INFO: JdwpEventCenterDelegate: THREAD_RESUMED: thread (33, main, main)
17:30:43.635 INFO: JdwpEventCenterDelegate: THREAD_RESUMED: thread (33, main, main)
17:30:43.636 INFO: JdwpEventCenterDelegate: THREAD_RESUMED: thread (33, main, main)
17:30:43.637 INFO: JdwpEventCenterDelegate: THREAD_RESUMED: thread (33, main, main)
17:30:43.639 INFO: JdwpEventCenterDelegate: THREAD_RESUMED: thread (33, main, main)
17:30:43.639 INFO: JdwpDebugServer: handling req: ClassType(3).Superclass(1)
17:30:43.641 INFO: JdwpEventCenterDelegate: THREAD_RESUMED: thread (33, main, main)
17:30:43.642 INFO: JdwpEventCenterDelegate: THREAD_RESUMED: thread (33, main, main)
17:30:43.643 INFO: JdwpEventCenterDelegate: THREAD_RESUMED: thread (33, main, main)
17:30:43.644 INFO: JdwpDebugServer: handling req: ReferenceType(2).ClassLoader(2)
17:30:43.644 INFO: JdwpDebugServer: handling req: ReferenceType(2).ClassLoader(2)
17:30:43.644 INFO: JdwpDebugServer: handling req: ReferenceType(2).ClassLoader(2)
17:30:43.644 INFO: JdwpDebugServer: handling req: ReferenceType(2).ClassLoader(2)
17:30:43.658 INFO: JdwpEventCenterDelegate: THREAD_RESUMED: thread (33, main, main)
17:30:43.659 INFO: JdwpEventCenterDelegate: THREAD_RESUMED: thread (33, main, main)
17:30:43.660 INFO: JdwpEventCenterDelegate: THREAD_RESUMED: thread (33, main, main)
17:30:43.661 INFO: JdwpEventCenterDelegate: THREAD_RESUMED: thread (33, main, main)
17:30:43.662 INFO: JdwpEventCenterDelegate: THREAD_RESUMED: thread (33, main, main)
17:30:43.663 INFO: JdwpEventCenterDelegate: THREAD_RESUMED: thread (33, main, main)
17:30:43.664 INFO: JdwpEventCenterDelegate: THREAD_RESUMED: thread (33, main, main)
17:30:43.686 INFO: JdwpEventCenterDelegate: THREAD_RESUMED: thread (33, main, main)
17:30:43.687 INFO: JdwpEventCenterDelegate: THREAD_RESUMED: thread (33, main, main)
17:30:43.688 INFO: JdwpEventCenterDelegate: THREAD_RESUMED: thread (33, main, main)
17:30:43.689 INFO: JdwpEventCenterDelegate: THREAD_RESUMED: thread (33, main, main)
17:30:43.690 INFO: JdwpEventCenterDelegate: THREAD_RESUMED: thread (33, main, main)
17:30:43.692 INFO: JdwpEventCenterDelegate: THREAD_RESUMED: thread (33, main, main)
17:30:43.693 INFO: JdwpEventCenterDelegate: THREAD_RESUMED: thread (33, main, main)
17:30:43.707 INFO: JdwpEventCenterDelegate: THREAD_RESUMED: thread (33, main, main)
17:30:43.708 INFO: JdwpEventCenterDelegate: THREAD_RESUMED: thread (33, main, main)
17:30:43.709 INFO: JdwpEventCenterDelegate: THREAD_RESUMED: thread (33, main, main)
17:30:43.711 INFO: JdwpEventCenterDelegate: THREAD_RESUMED: thread (33, main, main)
17:30:43.712 INFO: JdwpEventCenterDelegate: THREAD_RESUMED: thread (33, main, main)
17:30:43.714 INFO: JdwpEventCenterDelegate: THREAD_RESUMED: thread (33, main, main)
17:30:43.715 INFO: JdwpEventCenterDelegate: THREAD_RESUMED: thread (33, main, main)
17:30:43.724 INFO: JdwpEventCenterDelegate: THREAD_RESUMED: thread (33, main, main)
17:30:43.726 INFO: JdwpEventCenterDelegate: THREAD_RESUMED: thread (33, main, main)
17:30:43.727 INFO: JdwpEventCenterDelegate: THREAD_RESUMED: thread (33, main, main)
17:30:43.728 INFO: JdwpEventCenterDelegate: THREAD_RESUMED: thread (33, main, main)
17:30:43.730 INFO: JdwpEventCenterDelegate: THREAD_RESUMED: thread (33, main, main)
17:30:43.731 INFO: JdwpEventCenterDelegate: THREAD_RESUMED: thread (33, main, main)
17:30:43.732 INFO: JdwpEventCenterDelegate: THREAD_RESUMED: thread (33, main, main)
17:30:43.733 INFO: JdwpEventCenterDelegate: THREAD_RESUMED: thread (33, main, main)
17:30:43.735 INFO: JdwpEventCenterDelegate: THREAD_RESUMED: thread (33, main, main)
17:30:43.736 INFO: JdwpEventCenterDelegate: THREAD_RESUMED: thread (33, main, main)
17:30:43.738 INFO: JdwpEventCenterDelegate: THREAD_RESUMED: thread (33, main, main)
17:30:43.739 INFO: JdwpEventCenterDelegate: THREAD_RESUMED: thread (33, main, main)
17:30:43.741 INFO: JdwpEventCenterDelegate: THREAD_RESUMED: thread (33, main, main)
17:30:43.742 INFO: JdwpEventCenterDelegate: THREAD_RESUMED: thread (33, main, main)
17:30:43.743 INFO: JdwpEventCenterDelegate: THREAD_RESUMED: thread (33, main, main)
17:30:43.745 INFO: JdwpEventCenterDelegate: THREAD_RESUMED: thread (33, main, main)
17:30:43.746 INFO: JdwpEventCenterDelegate: THREAD_RESUMED: thread (33, main, main)
17:30:43.748 INFO: JdwpEventCenterDelegate: THREAD_RESUMED: thread (33, main, main)
17:30:43.752 INFO: JdwpEventCenterDelegate: THREAD_RESUMED: thread (33, main, main)
17:30:43.753 INFO: JdwpEventCenterDelegate: THREAD_RESUMED: thread (33, main, main)
17:30:43.873 INFO: JdwpEventCenterDelegate: THREAD_STARTED: thread (93, AssetManager, main)
17:30:43.978 INFO: JdwpEventCenterDelegate: THREAD_RESUMED: thread (33, main, main)
17:30:43.981 INFO: JdwpEventCenterDelegate: THREAD_RESUMED: thread (33, main, main)
17:30:46.550 INFO: JdwpEventCenterDelegate: THREAD_RESUMED: thread (33, main, main)
17:30:46.651 INFO: JdwpEventCenterDelegate: THREAD_RESUMED: thread (33, main, main)
17:30:46.652 INFO: JdwpEventCenterDelegate: THREAD_RESUMED: thread (33, main, main)
17:30:46.654 INFO: JdwpEventCenterDelegate: THREAD_RESUMED: thread (33, main, main)
17:30:46.656 INFO: JdwpEventCenterDelegate: THREAD_RESUMED: thread (33, main, main)
17:30:46.657 INFO: JdwpEventCenterDelegate: THREAD_RESUMED: thread (33, main, main)
17:30:46.663 INFO: JdwpEventCenterDelegate: THREAD_RESUMED: thread (33, main, main)
17:30:46.674 INFO: JdwpEventCenterDelegate: THREAD_RESUMED: thread (33, main, main)
17:30:46.676 INFO: JdwpEventCenterDelegate: THREAD_RESUMED: thread (33, main, main)
17:30:46.678 INFO: JdwpEventCenterDelegate: THREAD_RESUMED: thread (33, main, main)
17:30:46.680 INFO: JdwpEventCenterDelegate: THREAD_RESUMED: thread (33, main, main)
17:30:46.682 INFO: JdwpEventCenterDelegate: THREAD_RESUMED: thread (33, main, main)
17:30:46.687 INFO: JdwpEventCenterDelegate: THREAD_RESUMED: thread (33, main, main)
17:30:46.702 INFO: JdwpEventCenterDelegate: THREAD_RESUMED: thread (33, main, main)
17:30:46.704 INFO: JdwpEventCenterDelegate: THREAD_RESUMED: thread (33, main, main)
17:30:46.707 INFO: JdwpEventCenterDelegate: THREAD_RESUMED: thread (33, main, main)
17:30:46.709 INFO: JdwpEventCenterDelegate: THREAD_RESUMED: thread (33, main, main)
17:30:46.711 INFO: JdwpEventCenterDelegate: THREAD_RESUMED: thread (33, main, main)
17:30:46.716 INFO: JdwpEventCenterDelegate: THREAD_RESUMED: thread (33, main, main)
17:30:46.735 INFO: JdwpEventCenterDelegate: THREAD_RESUMED: thread (33, main, main)
17:30:46.737 INFO: JdwpEventCenterDelegate: THREAD_RESUMED: thread (33, main, main)
17:30:46.739 INFO: JdwpEventCenterDelegate: THREAD_RESUMED: thread (33, main, main)
17:30:46.741 INFO: JdwpEventCenterDelegate: THREAD_RESUMED: thread (33, main, main)
17:30:46.744 INFO: JdwpEventCenterDelegate: THREAD_RESUMED: thread (33, main, main)
17:30:46.749 INFO: JdwpEventCenterDelegate: THREAD_RESUMED: thread (33, main, main)
17:30:46.764 INFO: JdwpEventCenterDelegate: THREAD_RESUMED: thread (33, main, main)
17:30:46.767 INFO: JdwpEventCenterDelegate: THREAD_RESUMED: thread (33, main, main)
17:30:46.769 INFO: JdwpEventCenterDelegate: THREAD_RESUMED: thread (33, main, main)
17:30:46.771 INFO: JdwpEventCenterDelegate: THREAD_RESUMED: thread (33, main, main)
17:30:46.773 INFO: JdwpEventCenterDelegate: THREAD_RESUMED: thread (33, main, main)
17:30:46.778 INFO: JdwpEventCenterDelegate: THREAD_RESUMED: thread (33, main, main)
17:30:46.794 INFO: JdwpEventCenterDelegate: THREAD_RESUMED: thread (33, main, main)
17:30:46.796 INFO: JdwpEventCenterDelegate: THREAD_RESUMED: thread (33, main, main)
17:30:46.799 INFO: JdwpEventCenterDelegate: THREAD_RESUMED: thread (33, main, main)
17:30:46.801 INFO: JdwpEventCenterDelegate: THREAD_RESUMED: thread (33, main, main)
17:30:46.803 INFO: JdwpEventCenterDelegate: THREAD_RESUMED: thread (33, main, main)
17:30:46.808 INFO: JdwpEventCenterDelegate: THREAD_RESUMED: thread (33, main, main)
17:30:46.828 INFO: JdwpEventCenterDelegate: THREAD_RESUMED: thread (33, main, main)
17:30:46.830 INFO: JdwpEventCenterDelegate: THREAD_RESUMED: thread (33, main, main)
17:30:46.832 INFO: JdwpEventCenterDelegate: THREAD_RESUMED: thread (33, main, main)
17:30:46.835 INFO: JdwpEventCenterDelegate: THREAD_RESUMED: thread (33, main, main)
17:30:46.837 INFO: JdwpEventCenterDelegate: THREAD_RESUMED: thread (33, main, main)
17:30:46.842 INFO: JdwpEventCenterDelegate: THREAD_RESUMED: thread (33, main, main)
17:30:46.861 INFO: JdwpEventCenterDelegate: THREAD_RESUMED: thread (33, main, main)
17:30:46.863 INFO: JdwpEventCenterDelegate: THREAD_RESUMED: thread (33, main, main)
17:30:46.865 INFO: JdwpEventCenterDelegate: THREAD_RESUMED: thread (33, main, main)
17:30:46.867 INFO: JdwpEventCenterDelegate: THREAD_RESUMED: thread (33, main, main)
17:30:46.869 INFO: JdwpEventCenterDelegate: THREAD_RESUMED: thread (33, main, main)
17:30:46.874 INFO: JdwpEventCenterDelegate: THREAD_RESUMED: thread (33, main, main)
17:30:46.892 INFO: JdwpEventCenterDelegate: THREAD_RESUMED: thread (33, main, main)
17:30:46.895 INFO: JdwpEventCenterDelegate: THREAD_RESUMED: thread (33, main, main)
17:30:46.897 INFO: JdwpEventCenterDelegate: THREAD_RESUMED: thread (33, main, main)
17:30:46.899 INFO: JdwpEventCenterDelegate: THREAD_RESUMED: thread (33, main, main)
17:30:46.901 INFO: JdwpEventCenterDelegate: THREAD_RESUMED: thread (33, main, main)
17:30:46.906 INFO: JdwpEventCenterDelegate: THREAD_RESUMED: thread (33, main, main)
17:30:46.925 INFO: JdwpEventCenterDelegate: THREAD_RESUMED: thread (33, main, main)
17:30:46.927 INFO: JdwpEventCenterDelegate: THREAD_RESUMED: thread (33, main, main)
17:30:46.928 INFO: JdwpEventCenterDelegate: THREAD_RESUMED: thread (33, main, main)
17:30:46.930 INFO: JdwpEventCenterDelegate: THREAD_RESUMED: thread (33, main, main)
17:30:46.933 INFO: JdwpEventCenterDelegate: THREAD_RESUMED: thread (33, main, main)
17:30:46.938 INFO: JdwpEventCenterDelegate: THREAD_RESUMED: thread (33, main, main)
17:30:46.952 INFO: JdwpEventCenterDelegate: THREAD_RESUMED: thread (33, main, main)
17:30:46.955 INFO: JdwpEventCenterDelegate: THREAD_RESUMED: thread (33, main, main)
17:30:46.957 INFO: JdwpEventCenterDelegate: THREAD_RESUMED: thread (33, main, main)
17:30:46.959 INFO: JdwpEventCenterDelegate: THREAD_RESUMED: thread (33, main, main)
17:30:46.962 INFO: JdwpEventCenterDelegate: THREAD_RESUMED: thread (33, main, main)
17:30:46.966 INFO: JdwpEventCenterDelegate: THREAD_RESUMED: thread (33, main, main)
17:30:46.986 INFO: JdwpEventCenterDelegate: THREAD_RESUMED: thread (33, main, main)
17:30:46.989 INFO: JdwpEventCenterDelegate: THREAD_RESUMED: thread (33, main, main)
17:30:46.991 INFO: JdwpEventCenterDelegate: THREAD_RESUMED: thread (33, main, main)
17:30:46.993 INFO: JdwpEventCenterDelegate: THREAD_RESUMED: thread (33, main, main)
17:30:46.995 INFO: JdwpEventCenterDelegate: THREAD_RESUMED: thread (33, main, main)
17:30:47.000 INFO: JdwpEventCenterDelegate: THREAD_RESUMED: thread (33, main, main)
17:30:47.022 INFO: JdwpEventCenterDelegate: THREAD_RESUMED: thread (33, main, main)
17:30:47.025 INFO: JdwpEventCenterDelegate: THREAD_RESUMED: thread (33, main, main)
17:30:47.027 INFO: JdwpEventCenterDelegate: THREAD_RESUMED: thread (33, main, main)
17:30:47.029 INFO: JdwpEventCenterDelegate: THREAD_RESUMED: thread (33, main, main)
17:30:47.031 INFO: JdwpEventCenterDelegate: THREAD_RESUMED: thread (33, main, main)
17:30:47.036 INFO: JdwpEventCenterDelegate: THREAD_RESUMED: thread (33, main, main)
17:30:47.055 INFO: JdwpEventCenterDelegate: THREAD_RESUMED: thread (33, main, main)
17:30:47.058 INFO: JdwpEventCenterDelegate: THREAD_RESUMED: thread (33, main, main)
17:30:47.060 INFO: JdwpEventCenterDelegate: THREAD_RESUMED: thread (33, main, main)
17:30:47.062 INFO: JdwpEventCenterDelegate: THREAD_RESUMED: thread (33, main, main)
17:30:47.065 INFO: JdwpEventCenterDelegate: THREAD_RESUMED: thread (33, main, main)
17:30:47.069 INFO: JdwpEventCenterDelegate: THREAD_RESUMED: thread (33, main, main)
17:30:47.083 INFO: JdwpEventCenterDelegate: THREAD_RESUMED: thread (33, main, main)
17:30:47.085 INFO: JdwpEventCenterDelegate: THREAD_RESUMED: thread (33, main, main)
17:30:47.087 INFO: JdwpEventCenterDelegate: THREAD_RESUMED: thread (33, main, main)
17:30:47.090 INFO: JdwpEventCenterDelegate: THREAD_RESUMED: thread (33, main, main)
17:30:47.092 INFO: JdwpEventCenterDelegate: THREAD_RESUMED: thread (33, main, main)
17:30:47.098 INFO: JdwpEventCenterDelegate: THREAD_RESUMED: thread (33, main, main)
17:30:47.100 INFO: JdwpEventCenterDelegate: THREAD_RESUMED: thread (33, main, main)
17:30:47.102 INFO: JdwpEventCenterDelegate: THREAD_RESUMED: thread (33, main, main)
17:30:47.104 INFO: JdwpEventCenterDelegate: THREAD_RESUMED: thread (33, main, main)
17:30:47.106 INFO: JdwpEventCenterDelegate: THREAD_RESUMED: thread (33, main, main)
17:30:47.108 INFO: JdwpEventCenterDelegate: THREAD_RESUMED: thread (33, main, main)
17:30:47.110 INFO: JdwpEventCenterDelegate: THREAD_RESUMED: thread (33, main, main)
17:30:47.114 INFO: JdwpEventCenterDelegate: THREAD_RESUMED: thread (33, main, main)
17:30:47.116 INFO: JdwpEventCenterDelegate: THREAD_RESUMED: thread (33, main, main)
17:30:47.118 INFO: JdwpEventCenterDelegate: THREAD_RESUMED: thread (33, main, main)
17:30:47.119 INFO: JdwpEventCenterDelegate: THREAD_RESUMED: thread (33, main, main)
17:30:47.122 INFO: JdwpEventCenterDelegate: THREAD_RESUMED: thread (33, main, main)
17:30:47.124 INFO: JdwpEventCenterDelegate: THREAD_RESUMED: thread (33, main, main)
17:30:47.126 INFO: JdwpEventCenterDelegate: THREAD_RESUMED: thread (33, main, main)
17:30:47.127 INFO: JdwpEventCenterDelegate: THREAD_RESUMED: thread (33, main, main)
17:30:47.129 INFO: JdwpEventCenterDelegate: THREAD_RESUMED: thread (33, main, main)
17:30:47.133 INFO: JdwpEventCenterDelegate: THREAD_RESUMED: thread (33, main, main)
17:30:47.146 INFO: JdwpEventCenterDelegate: THREAD_RESUMED: thread (33, main, main)
17:30:47.159 INFO: JdwpEventCenterDelegate: THREAD_RESUMED: thread (33, main, main)
17:30:47.170 INFO: JdwpEventCenterDelegate: THREAD_RESUMED: thread (33, main, main)
17:30:47.183 INFO: JdwpEventCenterDelegate: THREAD_RESUMED: thread (33, main, main)
17:30:47.217 INFO: JdwpEventCenterDelegate: THREAD_RESUMED: thread (33, main, main)
17:30:47.220 INFO: JdwpEventCenterDelegate: THREAD_RESUMED: thread (33, main, main)
17:30:47.222 INFO: JdwpEventCenterDelegate: THREAD_RESUMED: thread (33, main, main)
17:30:47.224 INFO: JdwpEventCenterDelegate: THREAD_RESUMED: thread (33, main, main)
17:30:47.226 INFO: JdwpEventCenterDelegate: THREAD_RESUMED: thread (33, main, main)
17:30:47.231 INFO: JdwpEventCenterDelegate: THREAD_RESUMED: thread (33, main, main)
17:30:47.242 INFO: JdwpEventCenterDelegate: THREAD_RESUMED: thread (33, main, main)
17:30:47.245 INFO: JdwpEventCenterDelegate: THREAD_RESUMED: thread (33, main, main)
17:30:47.247 INFO: JdwpEventCenterDelegate: THREAD_RESUMED: thread (33, main, main)
17:30:47.249 INFO: JdwpEventCenterDelegate: THREAD_RESUMED: thread (33, main, main)
17:30:47.251 INFO: JdwpEventCenterDelegate: THREAD_RESUMED: thread (33, main, main)
17:30:47.256 INFO: JdwpEventCenterDelegate: THREAD_RESUMED: thread (33, main, main)
17:30:47.270 INFO: JdwpEventCenterDelegate: THREAD_RESUMED: thread (33, main, main)
17:30:47.273 INFO: JdwpEventCenterDelegate: THREAD_RESUMED: thread (33, main, main)
17:30:47.275 INFO: JdwpEventCenterDelegate: THREAD_RESUMED: thread (33, main, main)
17:30:47.277 INFO: JdwpEventCenterDelegate: THREAD_RESUMED: thread (33, main, main)
17:30:47.279 INFO: JdwpEventCenterDelegate: THREAD_RESUMED: thread (33, main, main)
17:30:47.284 INFO: JdwpEventCenterDelegate: THREAD_RESUMED: thread (33, main, main)
17:30:47.302 INFO: JdwpEventCenterDelegate: THREAD_RESUMED: thread (33, main, main)
17:30:47.304 INFO: JdwpEventCenterDelegate: THREAD_RESUMED: thread (33, main, main)
17:30:47.307 INFO: JdwpEventCenterDelegate: THREAD_RESUMED: thread (33, main, main)
17:30:47.309 INFO: JdwpEventCenterDelegate: THREAD_RESUMED: thread (33, main, main)
17:30:47.311 INFO: JdwpEventCenterDelegate: THREAD_RESUMED: thread (33, main, main)
17:30:47.316 INFO: JdwpEventCenterDelegate: THREAD_RESUMED: thread (33, main, main)
17:30:47.330 INFO: JdwpEventCenterDelegate: THREAD_RESUMED: thread (33, main, main)
17:30:47.333 INFO: JdwpEventCenterDelegate: THREAD_RESUMED: thread (33, main, main)
17:30:47.335 INFO: JdwpEventCenterDelegate: THREAD_RESUMED: thread (33, main, main)
17:30:47.337 INFO: JdwpEventCenterDelegate: THREAD_RESUMED: thread (33, main, main)
17:30:47.338 INFO: JdwpEventCenterDelegate: THREAD_RESUMED: thread (33, main, main)
17:30:47.342 INFO: JdwpEventCenterDelegate: THREAD_RESUMED: thread (33, main, main)
17:30:47.357 INFO: JdwpEventCenterDelegate: THREAD_RESUMED: thread (33, main, main)
17:30:47.359 INFO: JdwpEventCenterDelegate: THREAD_RESUMED: thread (33, main, main)
17:30:47.361 INFO: JdwpEventCenterDelegate: THREAD_RESUMED: thread (33, main, main)
17:30:47.363 INFO: JdwpEventCenterDelegate: THREAD_RESUMED: thread (33, main, main)
17:30:47.365 INFO: JdwpEventCenterDelegate: THREAD_RESUMED: thread (33, main, main)
17:30:47.370 INFO: JdwpEventCenterDelegate: THREAD_RESUMED: thread (33, main, main)
17:30:47.390 INFO: JdwpEventCenterDelegate: THREAD_RESUMED: thread (33, main, main)
17:30:47.393 INFO: JdwpEventCenterDelegate: THREAD_RESUMED: thread (33, main, main)
17:30:47.395 INFO: JdwpEventCenterDelegate: THREAD_RESUMED: thread (33, main, main)
17:30:47.397 INFO: JdwpEventCenterDelegate: THREAD_RESUMED: thread (33, main, main)
17:30:47.399 INFO: JdwpEventCenterDelegate: THREAD_RESUMED: thread (33, main, main)
17:30:47.404 INFO: JdwpEventCenterDelegate: THREAD_RESUMED: thread (33, main, main)
17:30:47.421 INFO: JdwpEventCenterDelegate: THREAD_RESUMED: thread (33, main, main)
17:30:47.423 INFO: JdwpEventCenterDelegate: THREAD_RESUMED: thread (33, main, main)
17:30:47.425 INFO: JdwpEventCenterDelegate: THREAD_RESUMED: thread (33, main, main)
17:30:47.428 INFO: JdwpEventCenterDelegate: THREAD_RESUMED: thread (33, main, main)
17:30:47.430 INFO: JdwpEventCenterDelegate: THREAD_RESUMED: thread (33, main, main)
17:30:47.435 INFO: JdwpEventCenterDelegate: THREAD_RESUMED: thread (33, main, main)
17:30:47.453 INFO: JdwpEventCenterDelegate: THREAD_RESUMED: thread (33, main, main)
17:30:47.455 INFO: JdwpEventCenterDelegate: THREAD_RESUMED: thread (33, main, main)
17:30:47.457 INFO: JdwpEventCenterDelegate: THREAD_RESUMED: thread (33, main, main)
17:30:47.459 INFO: JdwpEventCenterDelegate: THREAD_RESUMED: thread (33, main, main)
17:30:47.462 INFO: JdwpEventCenterDelegate: THREAD_RESUMED: thread (33, main, main)
17:30:47.466 INFO: JdwpEventCenterDelegate: THREAD_RESUMED: thread (33, main, main)
17:30:47.481 INFO: JdwpEventCenterDelegate: THREAD_RESUMED: thread (33, main, main)
17:30:47.483 INFO: JdwpEventCenterDelegate: THREAD_RESUMED: thread (33, main, main)
17:30:47.485 INFO: JdwpEventCenterDelegate: THREAD_RESUMED: thread (33, main, main)
17:30:47.487 INFO: JdwpEventCenterDelegate: THREAD_RESUMED: thread (33, main, main)
17:30:47.489 INFO: JdwpEventCenterDelegate: THREAD_RESUMED: thread (33, main, main)
17:30:47.494 INFO: JdwpEventCenterDelegate: THREAD_RESUMED: thread (33, main, main)
17:30:47.508 INFO: JdwpEventCenterDelegate: THREAD_RESUMED: thread (33, main, main)
17:30:47.510 INFO: JdwpEventCenterDelegate: THREAD_RESUMED: thread (33, main, main)
17:30:47.512 INFO: JdwpEventCenterDelegate: THREAD_RESUMED: thread (33, main, main)
17:30:47.514 INFO: JdwpEventCenterDelegate: THREAD_RESUMED: thread (33, main, main)
17:30:47.517 INFO: JdwpEventCenterDelegate: THREAD_RESUMED: thread (33, main, main)
17:30:47.521 INFO: JdwpEventCenterDelegate: THREAD_RESUMED: thread (33, main, main)
17:30:47.539 INFO: JdwpEventCenterDelegate: THREAD_RESUMED: thread (33, main, main)
17:30:47.541 INFO: JdwpEventCenterDelegate: THREAD_RESUMED: thread (33, main, main)
17:30:47.543 INFO: JdwpEventCenterDelegate: THREAD_RESUMED: thread (33, main, main)
17:30:47.545 INFO: JdwpEventCenterDelegate: THREAD_RESUMED: thread (33, main, main)
17:30:47.547 INFO: JdwpEventCenterDelegate: THREAD_RESUMED: thread (33, main, main)
17:30:47.552 INFO: JdwpEventCenterDelegate: THREAD_RESUMED: thread (33, main, main)
17:30:47.576 INFO: JdwpEventCenterDelegate: THREAD_RESUMED: thread (33, main, main)
17:30:47.579 INFO: JdwpEventCenterDelegate: THREAD_RESUMED: thread (33, main, main)
17:30:47.581 INFO: JdwpEventCenterDelegate: THREAD_RESUMED: thread (33, main, main)
17:30:47.583 INFO: JdwpEventCenterDelegate: THREAD_RESUMED: thread (33, main, main)
17:30:47.585 INFO: JdwpEventCenterDelegate: THREAD_RESUMED: thread (33, main, main)
17:30:47.590 INFO: JdwpEventCenterDelegate: THREAD_RESUMED: thread (33, main, main)
17:30:47.609 INFO: JdwpEventCenterDelegate: THREAD_RESUMED: thread (33, main, main)
17:30:47.611 INFO: JdwpEventCenterDelegate: THREAD_RESUMED: thread (33, main, main)
17:30:47.613 INFO: JdwpEventCenterDelegate: THREAD_RESUMED: thread (33, main, main)
17:30:47.616 INFO: JdwpEventCenterDelegate: THREAD_RESUMED: thread (33, main, main)
17:30:47.618 INFO: JdwpEventCenterDelegate: THREAD_RESUMED: thread (33, main, main)
17:30:47.623 INFO: JdwpEventCenterDelegate: THREAD_RESUMED: thread (33, main, main)
17:30:47.635 INFO: JdwpEventCenterDelegate: THREAD_RESUMED: thread (33, main, main)
17:30:47.637 INFO: JdwpEventCenterDelegate: THREAD_RESUMED: thread (33, main, main)
17:30:47.640 INFO: JdwpEventCenterDelegate: THREAD_RESUMED: thread (33, main, main)
17:30:47.642 INFO: JdwpEventCenterDelegate: THREAD_RESUMED: thread (33, main, main)
17:30:47.644 INFO: JdwpEventCenterDelegate: THREAD_RESUMED: thread (33, main, main)
17:30:55.704 INFO: JdwpEventCenterDelegate: THREAD_STARTED: thread (108, Timer, main)
17:30:56.612 INFO: JdwpEventCenterDelegate: THREAD_RESUMED: thread (33, main, main)
17:30:56.647 INFO: JdwpEventCenterDelegate: THREAD_RESUMED: thread (33, main, main)
17:30:56.671 INFO: JdwpEventCenterDelegate: THREAD_RESUMED: thread (33, main, main)
17:30:56.691 INFO: JdwpEventCenterDelegate: THREAD_RESUMED: thread (33, main, main)
17:30:56.729 INFO: JdwpEventCenterDelegate: THREAD_RESUMED: thread (33, main, main)
17:30:56.763 INFO: JdwpEventCenterDelegate: THREAD_RESUMED: thread (33, main, main)
17:30:56.781 INFO: JdwpEventCenterDelegate: THREAD_RESUMED: thread (33, main, main)
17:30:56.796 INFO: JdwpEventCenterDelegate: THREAD_RESUMED: thread (33, main, main)
17:30:56.803 INFO: JdwpEventCenterDelegate: THREAD_RESUMED: thread (33, main, main)
17:30:56.817 INFO: JdwpEventCenterDelegate: THREAD_RESUMED: thread (33, main, main)
17:30:56.848 INFO: JdwpEventCenterDelegate: THREAD_RESUMED: thread (33, main, main)
17:30:56.861 INFO: JdwpEventCenterDelegate: THREAD_RESUMED: thread (33, main, main)
17:30:56.874 INFO: JdwpEventCenterDelegate: THREAD_RESUMED: thread (33, main, main)
17:30:56.886 INFO: JdwpEventCenterDelegate: THREAD_RESUMED: thread (33, main, main)
17:30:56.921 INFO: JdwpEventCenterDelegate: THREAD_RESUMED: thread (33, main, main)
17:30:56.954 INFO: JdwpEventCenterDelegate: THREAD_RESUMED: thread (33, main, main)
17:30:56.970 INFO: JdwpEventCenterDelegate: THREAD_RESUMED: thread (33, main, main)
17:30:56.987 INFO: JdwpEventCenterDelegate: THREAD_RESUMED: thread (33, main, main)
17:30:56.993 INFO: JdwpEventCenterDelegate: THREAD_RESUMED: thread (33, main, main)
17:30:57.008 INFO: JdwpEventCenterDelegate: THREAD_RESUMED: thread (33, main, main)
17:30:58.499 INFO: JdwpDebugServer: handling req: ReferenceType(2).MethodsWithGeneric(15)
17:30:58.501 INFO: JdwpDebugServer: handling req: ThreadReference(11).Resume(3)
17:30:58.502 INFO: JdwpEventCenterDelegate: THREAD_RESUMED: thread (33, main, main)
17:30:58.503 INFO: JdwpDebugServer: handling req: ReferenceType(2).MethodsWithGeneric(15)
17:30:58.504 INFO: JdwpDebugServer: handling req: ThreadReference(11).Resume(3)
17:30:58.504 INFO: JdwpEventCenterDelegate: THREAD_RESUMED: thread (33, main, main)
17:30:58.515 INFO: JdwpDebugServer: handling req: ThreadReference(11).Status(4)
17:30:58.517 INFO: JdwpDebugServer: handling req: ThreadReference(11).FramesCount(7)
17:30:58.519 INFO: JdwpDebugServer: handling req: ThreadReference(11).Frames(6)
17:30:58.541 INFO: JdwpDebugServer: handling req: ThreadReference(11).Name(1)
17:30:58.542 INFO: JdwpDebugServer: handling req: ThreadReference(11).ThreadGroup(5)
17:30:58.544 INFO: JdwpDebugServer: handling req: ThreadGroup(12).Name(1)
17:30:58.608 INFO: JdwpDebugServer: handling req: ObjectReference(9).IsCollected(9)
17:30:58.618 INFO: JdwpDebugServer: handling req: StackFrame(16).ThisObject(3)
17:30:58.631 INFO: JdwpDebugServer: handling req: ObjectReference(9).ReferenceType(1)
17:30:58.643 INFO: JdwpDebugServer: handling req: Method(6).VariableTableWithGenerics(5)
17:30:58.662 INFO: JdwpDebugServer: handling req: ReferenceType(2).Interfaces(10)
17:30:58.662 INFO: JdwpDebugServer: handling req: ReferenceType(2).Interfaces(10)
17:30:58.662 INFO: JdwpDebugServer: handling req: ReferenceType(2).Interfaces(10)
17:30:58.662 INFO: JdwpDebugServer: handling req: ReferenceType(2).Interfaces(10)
17:30:58.662 INFO: JdwpDebugServer: handling req: ClassType(3).Superclass(1)
17:30:58.677 INFO: JdwpDebugServer: handling req: ReferenceType(2).MethodsWithGeneric(15)
17:30:58.678 INFO: JdwpDebugServer: handling req: ClassType(3).Superclass(1)
17:30:58.678 INFO: JdwpDebugServer: handling req: Method(6).LineTable(1)
17:30:58.678 INFO: JdwpDebugServer: handling req: ReferenceType(2).SourceFile(7)
17:30:58.682 INFO: JdwpDebugServer: handling req: ReferenceType(2).Interfaces(10)
17:30:58.682 INFO: JdwpDebugServer: handling req: ReferenceType(2).MethodsWithGeneric(15)
17:30:58.683 INFO: JdwpDebugServer: handling req: Method(6).LineTable(1)
17:30:58.683 INFO: JdwpDebugServer: handling req: ReferenceType(2).MethodsWithGeneric(15)
17:30:58.683 INFO: JdwpDebugServer: handling req: ClassType(3).Superclass(1)
17:30:58.683 INFO: JdwpDebugServer: handling req: ClassType(3).Superclass(1)
17:30:58.684 INFO: JdwpDebugServer: handling req: Method(6).LineTable(1)
17:30:58.684 INFO: JdwpDebugServer: handling req: ReferenceType(2).SourceFile(7)
17:30:58.685 INFO: JdwpDebugServer: handling req: ReferenceType(2).MethodsWithGeneric(15)
17:30:58.685 INFO: JdwpDebugServer: handling req: ClassType(3).Superclass(1)
17:30:58.685 INFO: JdwpDebugServer: handling req: Method(6).LineTable(1)
17:30:58.685 INFO: JdwpDebugServer: handling req: ReferenceType(2).SourceFile(7)
17:30:58.693 INFO: JdwpDebugServer: handling req: ReferenceType(2).MethodsWithGeneric(15)
17:30:58.693 INFO: JdwpDebugServer: handling req: ClassType(3).Superclass(1)
17:30:58.693 INFO: JdwpDebugServer: handling req: Method(6).LineTable(1)
17:30:58.693 INFO: JdwpDebugServer: handling req: ReferenceType(2).SourceFile(7)
17:30:58.695 INFO: JdwpDebugServer: handling req: ReferenceType(2).MethodsWithGeneric(15)
17:30:58.695 INFO: JdwpDebugServer: handling req: ClassType(3).Superclass(1)
17:30:58.695 INFO: JdwpDebugServer: handling req: Method(6).LineTable(1)
17:30:58.695 INFO: JdwpDebugServer: handling req: ReferenceType(2).SourceFile(7)
17:30:58.710 INFO: JdwpDebugServer: handling req: Method(6).LineTable(1)
17:30:58.710 INFO: JdwpDebugServer: handling req: ReferenceType(2).MethodsWithGeneric(15)
17:30:58.711 INFO: JdwpDebugServer: handling req: ClassType(3).Superclass(1)
17:30:58.711 INFO: JdwpDebugServer: handling req: Method(6).LineTable(1)
17:30:58.711 INFO: JdwpDebugServer: handling req: ReferenceType(2).SourceFile(7)
17:30:58.730 INFO: JdwpDebugServer: handling req: ReferenceType(2).MethodsWithGeneric(15)
17:30:58.731 INFO: JdwpDebugServer: handling req: ReferenceType(2).MethodsWithGeneric(15)
17:30:58.733 INFO: JdwpDebugServer: handling req: StackFrame(16).GetValues(1)
17:30:58.741 INFO: JdwpDebugServer: handling req: ReferenceType(2).MethodsWithGeneric(15)
17:30:58.741 INFO: JdwpDebugServer: handling req: ClassType(3).Superclass(1)
17:30:58.741 INFO: JdwpDebugServer: handling req: Method(6).LineTable(1)
17:30:58.741 INFO: JdwpDebugServer: handling req: ReferenceType(2).SourceFile(7)
17:30:58.752 INFO: JdwpDebugServer: handling req: ReferenceType(2).MethodsWithGeneric(15)
17:30:58.753 INFO: JdwpDebugServer: handling req: ClassType(3).Superclass(1)
17:30:58.753 INFO: JdwpDebugServer: handling req: Method(6).LineTable(1)
17:30:58.753 INFO: JdwpDebugServer: handling req: ReferenceType(2).SourceFile(7)
17:30:58.767 INFO: JdwpDebugServer: handling req: ReferenceType(2).MethodsWithGeneric(15)
17:30:58.768 INFO: JdwpDebugServer: handling req: ClassType(3).Superclass(1)
17:30:58.768 INFO: JdwpDebugServer: handling req: Method(6).LineTable(1)
17:30:58.768 INFO: JdwpDebugServer: handling req: ReferenceType(2).SourceFile(7)
17:30:58.769 INFO: JdwpDebugServer: handling req: ReferenceType(2).MethodsWithGeneric(15)
17:30:58.769 INFO: JdwpDebugServer: handling req: ClassType(3).Superclass(1)
17:30:58.769 INFO: JdwpDebugServer: handling req: Method(6).LineTable(1)
17:30:58.769 INFO: JdwpDebugServer: handling req: ReferenceType(2).SourceFile(7)
17:30:58.770 INFO: JdwpDebugServer: handling req: ReferenceType(2).MethodsWithGeneric(15)
17:30:58.770 INFO: JdwpDebugServer: handling req: ClassType(3).Superclass(1)
17:30:58.770 INFO: JdwpDebugServer: handling req: ReferenceType(2).SourceFile(7)
17:30:58.777 INFO: JdwpDebugServer: handling req: ReferenceType(2).FieldsWithGeneric(14)
17:30:58.779 INFO: JdwpDebugServer: handling req: ReferenceType(2).FieldsWithGeneric(14)
17:30:58.779 INFO: JdwpDebugServer: handling req: ReferenceType(2).FieldsWithGeneric(14)
17:30:58.780 INFO: JdwpDebugServer: handling req: ReferenceType(2).FieldsWithGeneric(14)
17:30:58.829 INFO: JdwpDebugServer: handling req: ObjectReference(9).GetValues(2)
17:30:58.842 INFO: JdwpDebugServer: handling req: ObjectReference(9).ReferenceType(1)
17:30:58.843 INFO: JdwpDebugServer: handling req: ClassType(3).Superclass(1)
17:30:58.843 INFO: JdwpDebugServer: handling req: ReferenceType(2).Interfaces(10)
17:30:58.843 INFO: JdwpDebugServer: handling req: ClassType(3).Superclass(1)
17:30:58.843 INFO: JdwpDebugServer: handling req: ReferenceType(2).Interfaces(10)
17:30:58.843 INFO: JdwpDebugServer: handling req: ClassType(3).Superclass(1)
17:30:58.843 INFO: JdwpDebugServer: handling req: ReferenceType(2).Interfaces(10)
17:30:58.843 INFO: JdwpDebugServer: handling req: ClassType(3).Superclass(1)
17:30:58.843 INFO: JdwpDebugServer: handling req: ReferenceType(2).Interfaces(10)
17:30:58.843 INFO: JdwpDebugServer: handling req: ClassType(3).Superclass(1)
17:30:58.843 INFO: JdwpDebugServer: handling req: ReferenceType(2).Interfaces(10)
17:30:58.843 INFO: JdwpDebugServer: handling req: ClassType(3).Superclass(1)
17:30:58.843 INFO: JdwpDebugServer: handling req: ReferenceType(2).Interfaces(10)
17:30:58.844 INFO: JdwpDebugServer: handling req: ClassType(3).Superclass(1)
17:30:58.844 INFO: JdwpDebugServer: handling req: ClassType(3).Superclass(1)
17:30:58.844 INFO: JdwpDebugServer: handling req: ReferenceType(2).Interfaces(10)
17:30:58.844 INFO: JdwpDebugServer: handling req: ReferenceType(2).Interfaces(10)
17:30:58.844 INFO: JdwpDebugServer: handling req: ReferenceType(2).Interfaces(10)
17:30:58.844 INFO: JdwpDebugServer: handling req: ClassType(3).Superclass(1)
17:30:58.844 INFO: JdwpDebugServer: handling req: ReferenceType(2).Interfaces(10)
17:30:58.844 INFO: JdwpDebugServer: handling req: ReferenceType(2).Interfaces(10)
17:30:58.844 INFO: JdwpDebugServer: handling req: ClassType(3).Superclass(1)
17:30:58.844 INFO: JdwpDebugServer: handling req: ReferenceType(2).Interfaces(10)
17:30:58.844 INFO: JdwpDebugServer: handling req: ReferenceType(2).Interfaces(10)
17:30:58.844 INFO: JdwpDebugServer: handling req: ClassType(3).Superclass(1)
17:30:58.844 INFO: JdwpDebugServer: handling req: ReferenceType(2).Interfaces(10)
17:30:58.844 INFO: JdwpDebugServer: handling req: ClassType(3).Superclass(1)
17:30:58.844 INFO: JdwpDebugServer: handling req: ReferenceType(2).Interfaces(10)
17:30:58.844 INFO: JdwpDebugServer: handling req: ReferenceType(2).Interfaces(10)
17:30:58.844 INFO: JdwpDebugServer: handling req: ClassType(3).Superclass(1)
17:30:58.844 INFO: JdwpDebugServer: handling req: ReferenceType(2).Interfaces(10)
17:30:58.844 INFO: JdwpDebugServer: handling req: ReferenceType(2).Interfaces(10)
17:30:58.844 INFO: JdwpDebugServer: handling req: ClassType(3).Superclass(1)
17:30:58.844 INFO: JdwpDebugServer: handling req: ReferenceType(2).Interfaces(10)
17:30:58.844 INFO: JdwpDebugServer: handling req: ReferenceType(2).Interfaces(10)
17:30:58.844 INFO: JdwpDebugServer: handling req: ClassType(3).Superclass(1)
17:30:58.844 INFO: JdwpDebugServer: handling req: ReferenceType(2).Interfaces(10)
17:30:58.844 INFO: JdwpDebugServer: handling req: ReferenceType(2).Interfaces(10)
17:30:58.844 INFO: JdwpDebugServer: handling req: ClassType(3).Superclass(1)
17:30:58.844 INFO: JdwpDebugServer: handling req: ReferenceType(2).Interfaces(10)
17:30:58.844 INFO: JdwpDebugServer: handling req: ClassType(3).Superclass(1)
17:30:58.844 INFO: JdwpDebugServer: handling req: ClassType(3).Superclass(1)
17:30:58.844 INFO: JdwpDebugServer: handling req: ReferenceType(2).Interfaces(10)
17:30:58.844 INFO: JdwpDebugServer: handling req: ReferenceType(2).Interfaces(10)
17:30:58.844 INFO: JdwpDebugServer: handling req: ClassType(3).Superclass(1)
17:30:58.844 INFO: JdwpDebugServer: handling req: ReferenceType(2).Interfaces(10)
17:30:58.844 INFO: JdwpDebugServer: handling req: ReferenceType(2).Interfaces(10)
17:30:58.844 INFO: JdwpDebugServer: handling req: ClassType(3).Superclass(1)
17:30:58.844 INFO: JdwpDebugServer: handling req: ReferenceType(2).Interfaces(10)
17:30:58.844 INFO: JdwpDebugServer: handling req: ReferenceType(2).Interfaces(10)
17:30:58.844 INFO: JdwpDebugServer: handling req: ReferenceType(2).Interfaces(10)
17:30:58.844 INFO: JdwpDebugServer: handling req: ClassType(3).Superclass(1)
17:30:58.844 INFO: JdwpDebugServer: handling req: ReferenceType(2).Interfaces(10)
17:30:58.844 INFO: JdwpDebugServer: handling req: ReferenceType(2).Interfaces(10)
17:30:58.844 INFO: JdwpDebugServer: handling req: ReferenceType(2).Interfaces(10)
17:30:58.844 INFO: JdwpDebugServer: handling req: ReferenceType(2).Interfaces(10)
17:30:58.844 INFO: JdwpDebugServer: handling req: ReferenceType(2).Interfaces(10)
17:30:58.844 INFO: JdwpDebugServer: handling req: ReferenceType(2).Interfaces(10)
17:30:58.844 INFO: JdwpDebugServer: handling req: ReferenceType(2).Interfaces(10)
17:30:58.844 INFO: JdwpDebugServer: handling req: ReferenceType(2).Interfaces(10)
17:30:58.844 INFO: JdwpDebugServer: handling req: ReferenceType(2).Interfaces(10)
17:30:58.844 INFO: JdwpDebugServer: handling req: ReferenceType(2).Interfaces(10)
17:30:58.844 INFO: JdwpDebugServer: handling req: ReferenceType(2).Interfaces(10)
17:30:58.844 INFO: JdwpDebugServer: handling req: ReferenceType(2).Interfaces(10)
17:30:58.844 INFO: JdwpDebugServer: handling req: ReferenceType(2).MethodsWithGeneric(15)
17:30:58.844 INFO: JdwpDebugServer: handling req: ReferenceType(2).MethodsWithGeneric(15)
17:30:58.844 INFO: JdwpDebugServer: handling req: ReferenceType(2).MethodsWithGeneric(15)
17:30:58.844 INFO: JdwpDebugServer: handling req: ReferenceType(2).MethodsWithGeneric(15)
17:30:58.844 INFO: JdwpDebugServer: handling req: ReferenceType(2).MethodsWithGeneric(15)
17:30:58.845 INFO: JdwpDebugServer: handling req: ReferenceType(2).MethodsWithGeneric(15)
17:30:58.845 INFO: JdwpDebugServer: handling req: ObjectReference(9).ReferenceType(1)
17:30:58.845 INFO: JdwpDebugServer: handling req: ObjectReference(9).ReferenceType(1)
17:30:58.845 INFO: JdwpDebugServer: handling req: ObjectReference(9).ReferenceType(1)
17:30:58.850 INFO: JdwpDebugServer: handling req: ClassType(3).Superclass(1)
17:30:58.850 INFO: JdwpDebugServer: handling req: ReferenceType(2).Interfaces(10)
17:30:58.850 INFO: JdwpDebugServer: handling req: ClassType(3).Superclass(1)
17:30:58.850 INFO: JdwpDebugServer: handling req: ReferenceType(2).Interfaces(10)
17:30:58.850 INFO: JdwpDebugServer: handling req: ReferenceType(2).Interfaces(10)
17:30:58.850 INFO: JdwpDebugServer: handling req: ReferenceType(2).Interfaces(10)
17:30:58.850 INFO: JdwpDebugServer: handling req: ReferenceType(2).Interfaces(10)
17:30:58.850 INFO: JdwpDebugServer: handling req: ReferenceType(2).Interfaces(10)
17:30:58.850 INFO: JdwpDebugServer: handling req: ReferenceType(2).Interfaces(10)
17:30:58.850 INFO: JdwpDebugServer: handling req: ReferenceType(2).Interfaces(10)
17:30:58.850 INFO: JdwpDebugServer: handling req: ReferenceType(2).Interfaces(10)
17:30:58.850 INFO: JdwpDebugServer: handling req: ReferenceType(2).MethodsWithGeneric(15)
17:30:58.850 INFO: JdwpDebugServer: handling req: ClassType(3).Superclass(1)
17:30:58.850 INFO: JdwpDebugServer: handling req: ReferenceType(2).Interfaces(10)
17:30:58.850 INFO: JdwpDebugServer: handling req: ClassType(3).Superclass(1)
17:30:58.850 INFO: JdwpDebugServer: handling req: ReferenceType(2).Interfaces(10)
17:30:58.850 INFO: JdwpDebugServer: handling req: ClassType(3).Superclass(1)
17:30:58.850 INFO: JdwpDebugServer: handling req: ReferenceType(2).Interfaces(10)
17:30:58.850 INFO: JdwpDebugServer: handling req: ClassType(3).Superclass(1)
17:30:58.850 INFO: JdwpDebugServer: handling req: ReferenceType(2).Interfaces(10)
17:30:58.850 INFO: JdwpDebugServer: handling req: ClassType(3).Superclass(1)
17:30:58.850 INFO: JdwpDebugServer: handling req: ReferenceType(2).Interfaces(10)
17:30:58.850 INFO: JdwpDebugServer: handling req: ClassType(3).Superclass(1)
17:30:58.850 INFO: JdwpDebugServer: handling req: ReferenceType(2).Interfaces(10)
17:30:58.850 INFO: JdwpDebugServer: handling req: ClassType(3).Superclass(1)
17:30:58.850 INFO: JdwpDebugServer: handling req: ReferenceType(2).Interfaces(10)
17:30:58.850 INFO: JdwpDebugServer: handling req: ClassType(3).Superclass(1)
17:30:58.850 INFO: JdwpDebugServer: handling req: ReferenceType(2).Interfaces(10)
17:30:58.850 INFO: JdwpDebugServer: handling req: ClassType(3).Superclass(1)
17:30:58.851 INFO: JdwpDebugServer: handling req: ReferenceType(2).MethodsWithGeneric(15)
17:30:58.851 INFO: JdwpDebugServer: handling req: ClassType(3).Superclass(1)
17:30:58.851 INFO: JdwpDebugServer: handling req: ReferenceType(2).Interfaces(10)
17:30:58.851 INFO: JdwpDebugServer: handling req: ClassType(3).Superclass(1)
17:30:58.851 INFO: JdwpDebugServer: handling req: ReferenceType(2).Interfaces(10)
17:30:58.851 INFO: JdwpDebugServer: handling req: ClassType(3).Superclass(1)
17:30:58.851 INFO: JdwpDebugServer: handling req: ReferenceType(2).Interfaces(10)
17:30:58.851 INFO: JdwpDebugServer: handling req: ClassType(3).Superclass(1)
17:30:58.851 INFO: JdwpDebugServer: handling req: ReferenceType(2).Interfaces(10)
17:30:58.851 INFO: JdwpDebugServer: handling req: ClassType(3).Superclass(1)
17:30:58.851 INFO: JdwpDebugServer: handling req: ReferenceType(2).Interfaces(10)
17:30:58.851 INFO: JdwpDebugServer: handling req: ClassType(3).Superclass(1)
17:30:58.851 INFO: JdwpDebugServer: handling req: ReferenceType(2).Interfaces(10)
17:30:58.851 INFO: JdwpDebugServer: handling req: ClassType(3).Superclass(1)
17:30:58.851 INFO: JdwpDebugServer: handling req: ReferenceType(2).Interfaces(10)
17:30:58.851 INFO: JdwpDebugServer: handling req: ClassType(3).Superclass(1)
17:30:58.851 INFO: JdwpDebugServer: handling req: ReferenceType(2).Interfaces(10)
17:30:58.851 INFO: JdwpDebugServer: handling req: ClassType(3).Superclass(1)
17:30:58.851 INFO: JdwpDebugServer: handling req: ReferenceType(2).MethodsWithGeneric(15)
17:30:58.861 INFO: JdwpDebugServer: handling req: ObjectReference(9).InvokeMethod(6)
17:30:58.864 INFO: JdwpDebugServer: handling req: StringReference(10).Value(1)
17:30:58.870 INFO: JdwpDebugServer: handling req: ObjectReference(9).InvokeMethod(6)
17:30:58.872 INFO: JdwpDebugServer: handling req: StringReference(10).Value(1)
17:30:58.877 INFO: JdwpDebugServer: handling req: ObjectReference(9).InvokeMethod(6)
17:30:58.878 INFO: JdwpDebugServer: handling req: StringReference(10).Value(1)
17:30:58.883 INFO: JdwpDebugServer: handling req: ObjectReference(9).InvokeMethod(6)
17:30:58.885 INFO: JdwpDebugServer: handling req: StringReference(10).Value(1)
17:31:12.070 INFO: JdwpDebugServer: handling req: EventRequest(15).Clear(2)
17:31:12.073 INFO: JdwpDebugServer: handling req: EventRequest(15).Clear(2)
17:31:12.073 INFO: JdwpDebugServer: handling req: EventRequest(15).Clear(2)
17:31:12.074 INFO: JdwpDebugServer: handling req: EventRequest(15).Clear(2)
17:31:13.394 INFO: JdwpDebugServer: handling req: VirtualMachine(1).Exit(10)
17:31:13.394 SEVERE: Debugger: Thread JDWP server socket thread crashed
org.robovm.debugger.DebuggerException: Terminating due exit command
	at org.robovm.debugger.jdwp.JdwpDebugServer.doSocketWork(JdwpDebugServer.java:211)
	at java.base/java.lang.Thread.run(Thread.java:834)
	at org.robovm.debugger.utils.DebuggerThread.run(DebuggerThread.java:42)
17:31:13.898 SEVERE: Debugger: Thread HooksChannel socket thread crashed
org.robovm.debugger.DebuggerException: java.io.IOException: org.robovm.libimobiledevice.LibIMobileDeviceException: IDEVICE_E_UNKNOWN_ERROR
	at org.robovm.debugger.hooks.HooksChannel.doSocketWork(HooksChannel.java:149)
	at java.base/java.lang.Thread.run(Thread.java:834)
	at org.robovm.debugger.utils.DebuggerThread.run(DebuggerThread.java:42)
Caused by: java.io.IOException: org.robovm.libimobiledevice.LibIMobileDeviceException: IDEVICE_E_UNKNOWN_ERROR
	at org.robovm.libimobiledevice.IDeviceConnection$DeviceInputStream.read(IDeviceConnection.java:203)
	at org.robovm.debugger.utils.bytebuffer.DataBufferWriter.writeFromStream(DataBufferWriter.java:89)
	at org.robovm.debugger.hooks.HooksChannel.doSocketWork(HooksChannel.java:116)
	... 2 more
Caused by: org.robovm.libimobiledevice.LibIMobileDeviceException: IDEVICE_E_UNKNOWN_ERROR
	at org.robovm.libimobiledevice.IDevice.checkResult(IDevice.java:206)
	at org.robovm.libimobiledevice.IDeviceConnection.receive(IDeviceConnection.java:110)
	at org.robovm.libimobiledevice.IDeviceConnection.receive(IDeviceConnection.java:81)
	at org.robovm.libimobiledevice.IDeviceConnection$DeviceInputStream.read(IDeviceConnection.java:201)
	... 4 more
