07:10:24.700 INFO: JdwpDebugServer: handling req: VirtualMachine(1).IDSizes(7)
07:10:24.700 INFO: JdwpDebugServer: handling req: EventRequest(15).Set(1)
07:10:24.700 INFO: JdwpEventCenterDelegate: jdwpSetEventRequest: JdwpEventRequest{requestId=100, eventKind=CLASS_PREPARE, suspendPolicy=NONE, predicates=[]}
07:10:24.700 INFO: JdwpDebugServer: handling req: EventRequest(15).Set(1)
07:10:24.700 INFO: JdwpEventCenterDelegate: jdwpSetEventRequest: JdwpEventRequest{requestId=101, eventKind=CLASS_UNLOAD, suspendPolicy=NONE, predicates=[]}
07:10:24.720 INFO: JdwpDebugServer: handling req: VirtualMachine(1).Version(1)
07:10:24.720 INFO: JdwpDebugServer: handling req: VirtualMachine(1).capabilitiesNew(17)
07:10:24.720 INFO: JdwpDebugServer: handling req: VirtualMachine(1).capabilities(12)
07:10:24.721 INFO: JdwpDebugServer: handling req: VirtualMachine(1).AllClassesWithGeneric(20)
07:10:24.724 INFO: JdwpDebugServer: handling req: VirtualMachine(1).TopLevelThreadGroups(5)
07:10:24.725 INFO: JdwpDebugServer: handling req: EventRequest(15).Set(1)
07:10:24.725 INFO: JdwpEventCenterDelegate: jdwpSetEventRequest: JdwpEventRequest{requestId=102, eventKind=THREAD_START, suspendPolicy=NONE, predicates=[]}
07:10:24.725 INFO: JdwpDebugServer: handling req: EventRequest(15).Set(1)
07:10:24.725 INFO: JdwpEventCenterDelegate: jdwpSetEventRequest: JdwpEventRequest{requestId=103, eventKind=THREAD_DEATH, suspendPolicy=NONE, predicates=[]}
07:10:24.726 INFO: JdwpDebugServer: handling req: EventRequest(15).Set(1)
07:10:24.726 INFO: JdwpEventCenterDelegate: jdwpSetEventRequest: JdwpEventRequest{requestId=104, eventKind=CLASS_PREPARE, suspendPolicy=EVENT_THREAD, predicates=[className=sun.instrument.InstrumentationImpl]}
07:10:24.727 INFO: JdwpDebugServer: handling req: EventRequest(15).Set(1)
07:10:24.727 INFO: JdwpEventCenterDelegate: jdwpSetEventRequest: JdwpEventRequest{requestId=105, eventKind=CLASS_PREPARE, suspendPolicy=EVENT_THREAD, predicates=[className=sun.instrument.InstrumentationImpl]}
07:10:31.827 INFO: JdwpDebugServer: handling req: VirtualMachine(1).Exit(10)
07:10:31.827 SEVERE: Debugger: Thread JDWP server socket thread crashed
org.robovm.debugger.DebuggerException: Terminating due exit command
	at org.robovm.debugger.jdwp.JdwpDebugServer.doSocketWork(JdwpDebugServer.java:211)
	at java.base/java.lang.Thread.run(Thread.java:834)
	at org.robovm.debugger.utils.DebuggerThread.run(DebuggerThread.java:42)
07:10:31.828 SEVERE: Debugger: Thread HooksChannel socket thread crashed
org.robovm.debugger.DebuggerException: org.robovm.debugger.DebuggerException: java.lang.InterruptedException: sleep interrupted
	at org.robovm.debugger.hooks.HooksChannel.doSocketWork(HooksChannel.java:149)
	at java.base/java.lang.Thread.run(Thread.java:834)
	at org.robovm.debugger.utils.DebuggerThread.run(DebuggerThread.java:42)
Caused by: org.robovm.debugger.DebuggerException: java.lang.InterruptedException: sleep interrupted
	at org.robovm.compiler.plugin.debug.DebuggerLaunchPlugin$DebuggerLauncherCallback.connect(DebuggerLaunchPlugin.java:279)
	at org.robovm.debugger.hooks.HooksChannel.doSocketWork(HooksChannel.java:86)
	... 2 more
Caused by: java.lang.InterruptedException: sleep interrupted
	at java.base/java.lang.Thread.sleep(Native Method)
	at org.robovm.compiler.plugin.debug.DebuggerLaunchPlugin$DebuggerLauncherCallback.connect(DebuggerLaunchPlugin.java:274)
	... 3 more
