22:18:36.082 INFO: JdwpDebugServer: handling req: VirtualMachine(1).IDSizes(7)
22:18:36.082 INFO: JdwpDebugServer: handling req: EventRequest(15).Set(1)
22:18:36.082 INFO: JdwpEventCenterDelegate: jdwpSetEventRequest: JdwpEventRequest{requestId=100, eventKind=CLASS_PREPARE, suspendPolicy=NONE, predicates=[]}
22:18:36.082 INFO: JdwpDebugServer: handling req: EventRequest(15).Set(1)
22:18:36.082 INFO: JdwpEventCenterDelegate: jdwpSetEventRequest: JdwpEventRequest{requestId=101, eventKind=CLASS_UNLOAD, suspendPolicy=NONE, predicates=[]}
22:18:36.102 INFO: JdwpDebugServer: handling req: VirtualMachine(1).Version(1)
22:18:36.102 INFO: JdwpDebugServer: handling req: VirtualMachine(1).capabilitiesNew(17)
22:18:36.102 INFO: JdwpDebugServer: handling req: VirtualMachine(1).capabilities(12)
22:18:36.103 INFO: JdwpDebugServer: handling req: VirtualMachine(1).AllClassesWithGeneric(20)
22:18:36.107 INFO: JdwpDebugServer: handling req: VirtualMachine(1).TopLevelThreadGroups(5)
22:18:36.108 INFO: JdwpDebugServer: handling req: EventRequest(15).Set(1)
22:18:36.108 INFO: JdwpEventCenterDelegate: jdwpSetEventRequest: JdwpEventRequest{requestId=102, eventKind=THREAD_START, suspendPolicy=NONE, predicates=[]}
22:18:36.108 INFO: JdwpDebugServer: handling req: EventRequest(15).Set(1)
22:18:36.108 INFO: JdwpEventCenterDelegate: jdwpSetEventRequest: JdwpEventRequest{requestId=103, eventKind=THREAD_DEATH, suspendPolicy=NONE, predicates=[]}
22:18:36.110 INFO: JdwpDebugServer: handling req: EventRequest(15).Set(1)
22:18:36.110 INFO: JdwpEventCenterDelegate: jdwpSetEventRequest: JdwpEventRequest{requestId=104, eventKind=CLASS_PREPARE, suspendPolicy=EVENT_THREAD, predicates=[className=sun.instrument.InstrumentationImpl]}
22:18:36.111 INFO: JdwpDebugServer: handling req: EventRequest(15).Set(1)
22:18:36.111 INFO: JdwpEventCenterDelegate: jdwpSetEventRequest: JdwpEventRequest{requestId=105, eventKind=CLASS_PREPARE, suspendPolicy=EVENT_THREAD, predicates=[className=sun.instrument.InstrumentationImpl]}
22:18:36.703 INFO: JdwpDebugServer: handling req: VirtualMachine(1).Resume(9)
22:18:36.753 INFO: JdwpEventCenterDelegate: THREAD_STARTED: thread (33, main, main)
22:18:36.777 INFO: JdwpEventCenterDelegate: THREAD_STARTED: thread (48, ReferenceQueueDaemon, main)
22:18:36.785 INFO: JdwpEventCenterDelegate: THREAD_STARTED: thread (63, FinalizerDaemon, main)
22:18:36.791 INFO: JdwpEventCenterDelegate: THREAD_STARTED: thread (78, FinalizerWatchdogDaemon, main)
22:18:36.793 INFO: JdwpEventCenterDelegate: THREAD_RESUMED: thread (33, main, main)
22:18:36.795 INFO: JdwpEventCenterDelegate: THREAD_RESUMED: thread (33, main, main)
22:18:36.796 INFO: JdwpEventCenterDelegate: THREAD_RESUMED: thread (33, main, main)
22:18:36.797 INFO: JdwpEventCenterDelegate: THREAD_RESUMED: thread (33, main, main)
22:18:36.799 INFO: JdwpEventCenterDelegate: THREAD_RESUMED: thread (33, main, main)
22:18:36.800 INFO: JdwpEventCenterDelegate: THREAD_RESUMED: thread (33, main, main)
22:18:36.801 INFO: JdwpEventCenterDelegate: THREAD_RESUMED: thread (33, main, main)
22:18:36.802 INFO: JdwpEventCenterDelegate: THREAD_RESUMED: thread (33, main, main)
22:18:36.804 INFO: JdwpEventCenterDelegate: THREAD_RESUMED: thread (33, main, main)
22:18:36.805 INFO: JdwpEventCenterDelegate: THREAD_RESUMED: thread (33, main, main)
22:18:36.806 INFO: JdwpEventCenterDelegate: THREAD_RESUMED: thread (33, main, main)
22:18:36.808 INFO: JdwpEventCenterDelegate: THREAD_RESUMED: thread (33, main, main)
22:18:36.809 INFO: JdwpEventCenterDelegate: THREAD_RESUMED: thread (33, main, main)
22:18:36.811 INFO: JdwpEventCenterDelegate: THREAD_RESUMED: thread (33, main, main)
22:18:36.812 INFO: JdwpEventCenterDelegate: THREAD_RESUMED: thread (33, main, main)
22:18:36.814 INFO: JdwpEventCenterDelegate: THREAD_RESUMED: thread (33, main, main)
22:18:36.815 INFO: JdwpEventCenterDelegate: THREAD_RESUMED: thread (33, main, main)
22:18:36.816 INFO: JdwpEventCenterDelegate: THREAD_RESUMED: thread (33, main, main)
22:18:36.820 INFO: JdwpEventCenterDelegate: THREAD_RESUMED: thread (33, main, main)
22:18:36.821 INFO: JdwpEventCenterDelegate: THREAD_RESUMED: thread (33, main, main)
22:18:36.822 INFO: JdwpEventCenterDelegate: THREAD_RESUMED: thread (33, main, main)
22:18:36.823 INFO: JdwpEventCenterDelegate: THREAD_RESUMED: thread (33, main, main)
22:18:36.825 INFO: JdwpEventCenterDelegate: THREAD_RESUMED: thread (33, main, main)
22:18:36.826 INFO: JdwpEventCenterDelegate: THREAD_RESUMED: thread (33, main, main)
22:18:36.827 INFO: JdwpEventCenterDelegate: THREAD_RESUMED: thread (33, main, main)
22:18:36.864 INFO: JdwpEventCenterDelegate: THREAD_RESUMED: thread (33, main, main)
22:18:36.866 INFO: JdwpEventCenterDelegate: THREAD_RESUMED: thread (33, main, main)
22:18:36.867 INFO: JdwpEventCenterDelegate: THREAD_RESUMED: thread (33, main, main)
22:18:36.869 INFO: JdwpEventCenterDelegate: THREAD_RESUMED: thread (33, main, main)
22:18:36.870 INFO: JdwpEventCenterDelegate: THREAD_RESUMED: thread (33, main, main)
22:18:36.872 INFO: JdwpEventCenterDelegate: THREAD_RESUMED: thread (33, main, main)
22:18:36.873 INFO: JdwpEventCenterDelegate: THREAD_RESUMED: thread (33, main, main)
22:18:36.875 INFO: JdwpEventCenterDelegate: THREAD_RESUMED: thread (33, main, main)
22:18:36.877 INFO: JdwpEventCenterDelegate: THREAD_RESUMED: thread (33, main, main)
22:18:36.878 INFO: JdwpEventCenterDelegate: THREAD_RESUMED: thread (33, main, main)
22:18:36.879 INFO: JdwpEventCenterDelegate: THREAD_RESUMED: thread (33, main, main)
22:18:36.881 INFO: JdwpEventCenterDelegate: THREAD_RESUMED: thread (33, main, main)
22:18:36.882 INFO: JdwpEventCenterDelegate: THREAD_RESUMED: thread (33, main, main)
22:18:36.883 INFO: JdwpEventCenterDelegate: THREAD_RESUMED: thread (33, main, main)
22:18:36.898 INFO: JdwpEventCenterDelegate: THREAD_RESUMED: thread (33, main, main)
22:18:36.900 INFO: JdwpEventCenterDelegate: THREAD_RESUMED: thread (33, main, main)
22:18:36.901 INFO: JdwpEventCenterDelegate: THREAD_RESUMED: thread (33, main, main)
22:18:36.903 INFO: JdwpEventCenterDelegate: THREAD_RESUMED: thread (33, main, main)
22:18:36.904 INFO: JdwpEventCenterDelegate: THREAD_RESUMED: thread (33, main, main)
22:18:36.906 INFO: JdwpEventCenterDelegate: THREAD_RESUMED: thread (33, main, main)
22:18:36.906 INFO: JdwpEventCenterDelegate: THREAD_RESUMED: thread (33, main, main)
22:18:36.947 INFO: JdwpEventCenterDelegate: THREAD_RESUMED: thread (33, main, main)
22:18:36.950 INFO: JdwpEventCenterDelegate: THREAD_RESUMED: thread (33, main, main)
22:18:36.951 INFO: JdwpEventCenterDelegate: THREAD_RESUMED: thread (33, main, main)
22:18:36.952 INFO: JdwpEventCenterDelegate: THREAD_RESUMED: thread (33, main, main)
22:18:36.954 INFO: JdwpEventCenterDelegate: THREAD_RESUMED: thread (33, main, main)
22:18:36.955 INFO: JdwpEventCenterDelegate: THREAD_RESUMED: thread (33, main, main)
22:18:36.957 INFO: JdwpEventCenterDelegate: THREAD_RESUMED: thread (33, main, main)
22:18:36.961 INFO: JdwpEventCenterDelegate: THREAD_RESUMED: thread (33, main, main)
22:18:36.962 INFO: JdwpEventCenterDelegate: THREAD_RESUMED: thread (33, main, main)
22:18:36.963 INFO: JdwpEventCenterDelegate: THREAD_RESUMED: thread (33, main, main)
22:18:36.965 INFO: JdwpEventCenterDelegate: THREAD_RESUMED: thread (33, main, main)
22:18:36.966 INFO: JdwpEventCenterDelegate: THREAD_RESUMED: thread (33, main, main)
22:18:36.967 INFO: JdwpEventCenterDelegate: THREAD_RESUMED: thread (33, main, main)
22:18:36.968 INFO: JdwpEventCenterDelegate: THREAD_RESUMED: thread (33, main, main)
22:18:37.005 INFO: JdwpEventCenterDelegate: THREAD_RESUMED: thread (33, main, main)
22:18:37.006 INFO: JdwpEventCenterDelegate: THREAD_RESUMED: thread (33, main, main)
22:18:37.008 INFO: JdwpEventCenterDelegate: THREAD_RESUMED: thread (33, main, main)
22:18:37.009 INFO: JdwpEventCenterDelegate: THREAD_RESUMED: thread (33, main, main)
22:18:37.011 INFO: JdwpEventCenterDelegate: THREAD_RESUMED: thread (33, main, main)
22:18:37.012 INFO: JdwpEventCenterDelegate: THREAD_RESUMED: thread (33, main, main)
22:18:37.013 INFO: JdwpEventCenterDelegate: THREAD_RESUMED: thread (33, main, main)
22:18:37.027 INFO: JdwpEventCenterDelegate: THREAD_RESUMED: thread (33, main, main)
22:18:37.029 INFO: JdwpEventCenterDelegate: THREAD_RESUMED: thread (33, main, main)
22:18:37.031 INFO: JdwpEventCenterDelegate: THREAD_RESUMED: thread (33, main, main)
22:18:37.032 INFO: JdwpEventCenterDelegate: THREAD_RESUMED: thread (33, main, main)
22:18:37.033 INFO: JdwpEventCenterDelegate: THREAD_RESUMED: thread (33, main, main)
22:18:37.034 INFO: JdwpEventCenterDelegate: THREAD_RESUMED: thread (33, main, main)
22:18:37.036 INFO: JdwpEventCenterDelegate: THREAD_RESUMED: thread (33, main, main)
22:18:37.045 INFO: JdwpEventCenterDelegate: THREAD_RESUMED: thread (33, main, main)
22:18:37.046 INFO: JdwpEventCenterDelegate: THREAD_RESUMED: thread (33, main, main)
22:18:37.047 INFO: JdwpEventCenterDelegate: THREAD_RESUMED: thread (33, main, main)
22:18:37.049 INFO: JdwpEventCenterDelegate: THREAD_RESUMED: thread (33, main, main)
22:18:37.051 INFO: JdwpEventCenterDelegate: THREAD_RESUMED: thread (33, main, main)
22:18:37.053 INFO: JdwpEventCenterDelegate: THREAD_RESUMED: thread (33, main, main)
22:18:37.054 INFO: JdwpEventCenterDelegate: THREAD_RESUMED: thread (33, main, main)
22:18:37.056 INFO: JdwpEventCenterDelegate: THREAD_RESUMED: thread (33, main, main)
22:18:37.057 INFO: JdwpEventCenterDelegate: THREAD_RESUMED: thread (33, main, main)
22:18:37.058 INFO: JdwpEventCenterDelegate: THREAD_RESUMED: thread (33, main, main)
22:18:37.060 INFO: JdwpEventCenterDelegate: THREAD_RESUMED: thread (33, main, main)
22:18:37.061 INFO: JdwpEventCenterDelegate: THREAD_RESUMED: thread (33, main, main)
22:18:37.063 INFO: JdwpEventCenterDelegate: THREAD_RESUMED: thread (33, main, main)
22:18:37.066 INFO: JdwpEventCenterDelegate: THREAD_RESUMED: thread (33, main, main)
22:18:37.067 INFO: JdwpEventCenterDelegate: THREAD_RESUMED: thread (33, main, main)
22:18:37.068 INFO: JdwpEventCenterDelegate: THREAD_RESUMED: thread (33, main, main)
22:18:37.069 INFO: JdwpEventCenterDelegate: THREAD_RESUMED: thread (33, main, main)
22:18:37.070 INFO: JdwpEventCenterDelegate: THREAD_RESUMED: thread (33, main, main)
22:18:37.074 INFO: JdwpEventCenterDelegate: THREAD_RESUMED: thread (33, main, main)
22:18:37.076 INFO: JdwpEventCenterDelegate: THREAD_RESUMED: thread (33, main, main)
22:18:37.203 INFO: JdwpEventCenterDelegate: THREAD_STARTED: thread (93, AssetManager, main)
22:18:37.308 INFO: JdwpEventCenterDelegate: THREAD_RESUMED: thread (33, main, main)
22:18:37.311 INFO: JdwpEventCenterDelegate: THREAD_RESUMED: thread (33, main, main)
22:18:39.870 INFO: JdwpEventCenterDelegate: THREAD_RESUMED: thread (33, main, main)
22:18:39.973 INFO: JdwpEventCenterDelegate: THREAD_RESUMED: thread (33, main, main)
22:18:39.974 INFO: JdwpEventCenterDelegate: THREAD_RESUMED: thread (33, main, main)
22:18:39.977 INFO: JdwpEventCenterDelegate: THREAD_RESUMED: thread (33, main, main)
22:18:39.978 INFO: JdwpEventCenterDelegate: THREAD_RESUMED: thread (33, main, main)
22:18:39.981 INFO: JdwpEventCenterDelegate: THREAD_RESUMED: thread (33, main, main)
22:18:39.987 INFO: JdwpEventCenterDelegate: THREAD_RESUMED: thread (33, main, main)
22:18:40.000 INFO: JdwpEventCenterDelegate: THREAD_RESUMED: thread (33, main, main)
22:18:40.002 INFO: JdwpEventCenterDelegate: THREAD_RESUMED: thread (33, main, main)
22:18:40.004 INFO: JdwpEventCenterDelegate: THREAD_RESUMED: thread (33, main, main)
22:18:40.006 INFO: JdwpEventCenterDelegate: THREAD_RESUMED: thread (33, main, main)
22:18:40.009 INFO: JdwpEventCenterDelegate: THREAD_RESUMED: thread (33, main, main)
22:18:40.014 INFO: JdwpEventCenterDelegate: THREAD_RESUMED: thread (33, main, main)
22:18:40.028 INFO: JdwpEventCenterDelegate: THREAD_RESUMED: thread (33, main, main)
22:18:40.031 INFO: JdwpEventCenterDelegate: THREAD_RESUMED: thread (33, main, main)
22:18:40.033 INFO: JdwpEventCenterDelegate: THREAD_RESUMED: thread (33, main, main)
22:18:40.036 INFO: JdwpEventCenterDelegate: THREAD_RESUMED: thread (33, main, main)
22:18:40.038 INFO: JdwpEventCenterDelegate: THREAD_RESUMED: thread (33, main, main)
22:18:40.043 INFO: JdwpEventCenterDelegate: THREAD_RESUMED: thread (33, main, main)
22:18:40.061 INFO: JdwpEventCenterDelegate: THREAD_RESUMED: thread (33, main, main)
22:18:40.064 INFO: JdwpEventCenterDelegate: THREAD_RESUMED: thread (33, main, main)
22:18:40.066 INFO: JdwpEventCenterDelegate: THREAD_RESUMED: thread (33, main, main)
22:18:40.069 INFO: JdwpEventCenterDelegate: THREAD_RESUMED: thread (33, main, main)
22:18:40.071 INFO: JdwpEventCenterDelegate: THREAD_RESUMED: thread (33, main, main)
22:18:40.076 INFO: JdwpEventCenterDelegate: THREAD_RESUMED: thread (33, main, main)
22:18:40.092 INFO: JdwpEventCenterDelegate: THREAD_RESUMED: thread (33, main, main)
22:18:40.094 INFO: JdwpEventCenterDelegate: THREAD_RESUMED: thread (33, main, main)
22:18:40.097 INFO: JdwpEventCenterDelegate: THREAD_RESUMED: thread (33, main, main)
22:18:40.099 INFO: JdwpEventCenterDelegate: THREAD_RESUMED: thread (33, main, main)
22:18:40.101 INFO: JdwpEventCenterDelegate: THREAD_RESUMED: thread (33, main, main)
22:18:40.106 INFO: JdwpEventCenterDelegate: THREAD_RESUMED: thread (33, main, main)
22:18:40.122 INFO: JdwpEventCenterDelegate: THREAD_RESUMED: thread (33, main, main)
22:18:40.124 INFO: JdwpEventCenterDelegate: THREAD_RESUMED: thread (33, main, main)
22:18:40.126 INFO: JdwpEventCenterDelegate: THREAD_RESUMED: thread (33, main, main)
22:18:40.128 INFO: JdwpEventCenterDelegate: THREAD_RESUMED: thread (33, main, main)
22:18:40.131 INFO: JdwpEventCenterDelegate: THREAD_RESUMED: thread (33, main, main)
22:18:40.136 INFO: JdwpEventCenterDelegate: THREAD_RESUMED: thread (33, main, main)
22:18:40.155 INFO: JdwpEventCenterDelegate: THREAD_RESUMED: thread (33, main, main)
22:18:40.158 INFO: JdwpEventCenterDelegate: THREAD_RESUMED: thread (33, main, main)
22:18:40.160 INFO: JdwpEventCenterDelegate: THREAD_RESUMED: thread (33, main, main)
22:18:40.162 INFO: JdwpEventCenterDelegate: THREAD_RESUMED: thread (33, main, main)
22:18:40.165 INFO: JdwpEventCenterDelegate: THREAD_RESUMED: thread (33, main, main)
22:18:40.169 INFO: JdwpEventCenterDelegate: THREAD_RESUMED: thread (33, main, main)
22:18:40.189 INFO: JdwpEventCenterDelegate: THREAD_RESUMED: thread (33, main, main)
22:18:40.191 INFO: JdwpEventCenterDelegate: THREAD_RESUMED: thread (33, main, main)
22:18:40.193 INFO: JdwpEventCenterDelegate: THREAD_RESUMED: thread (33, main, main)
22:18:40.196 INFO: JdwpEventCenterDelegate: THREAD_RESUMED: thread (33, main, main)
22:18:40.198 INFO: JdwpEventCenterDelegate: THREAD_RESUMED: thread (33, main, main)
22:18:40.203 INFO: JdwpEventCenterDelegate: THREAD_RESUMED: thread (33, main, main)
22:18:40.222 INFO: JdwpEventCenterDelegate: THREAD_RESUMED: thread (33, main, main)
22:18:40.224 INFO: JdwpEventCenterDelegate: THREAD_RESUMED: thread (33, main, main)
22:18:40.227 INFO: JdwpEventCenterDelegate: THREAD_RESUMED: thread (33, main, main)
22:18:40.229 INFO: JdwpEventCenterDelegate: THREAD_RESUMED: thread (33, main, main)
22:18:40.231 INFO: JdwpEventCenterDelegate: THREAD_RESUMED: thread (33, main, main)
22:18:40.239 INFO: JdwpEventCenterDelegate: THREAD_RESUMED: thread (33, main, main)
22:18:40.255 INFO: JdwpEventCenterDelegate: THREAD_RESUMED: thread (33, main, main)
22:18:40.257 INFO: JdwpEventCenterDelegate: THREAD_RESUMED: thread (33, main, main)
22:18:40.260 INFO: JdwpEventCenterDelegate: THREAD_RESUMED: thread (33, main, main)
22:18:40.263 INFO: JdwpEventCenterDelegate: THREAD_RESUMED: thread (33, main, main)
22:18:40.265 INFO: JdwpEventCenterDelegate: THREAD_RESUMED: thread (33, main, main)
22:18:40.270 INFO: JdwpEventCenterDelegate: THREAD_RESUMED: thread (33, main, main)
22:18:40.285 INFO: JdwpEventCenterDelegate: THREAD_RESUMED: thread (33, main, main)
22:18:40.288 INFO: JdwpEventCenterDelegate: THREAD_RESUMED: thread (33, main, main)
22:18:40.290 INFO: JdwpEventCenterDelegate: THREAD_RESUMED: thread (33, main, main)
22:18:40.292 INFO: JdwpEventCenterDelegate: THREAD_RESUMED: thread (33, main, main)
22:18:40.295 INFO: JdwpEventCenterDelegate: THREAD_RESUMED: thread (33, main, main)
22:18:40.300 INFO: JdwpEventCenterDelegate: THREAD_RESUMED: thread (33, main, main)
22:18:40.320 INFO: JdwpEventCenterDelegate: THREAD_RESUMED: thread (33, main, main)
22:18:40.322 INFO: JdwpEventCenterDelegate: THREAD_RESUMED: thread (33, main, main)
22:18:40.325 INFO: JdwpEventCenterDelegate: THREAD_RESUMED: thread (33, main, main)
22:18:40.327 INFO: JdwpEventCenterDelegate: THREAD_RESUMED: thread (33, main, main)
22:18:40.330 INFO: JdwpEventCenterDelegate: THREAD_RESUMED: thread (33, main, main)
22:18:40.335 INFO: JdwpEventCenterDelegate: THREAD_RESUMED: thread (33, main, main)
22:18:40.357 INFO: JdwpEventCenterDelegate: THREAD_RESUMED: thread (33, main, main)
22:18:40.360 INFO: JdwpEventCenterDelegate: THREAD_RESUMED: thread (33, main, main)
22:18:40.362 INFO: JdwpEventCenterDelegate: THREAD_RESUMED: thread (33, main, main)
22:18:40.364 INFO: JdwpEventCenterDelegate: THREAD_RESUMED: thread (33, main, main)
22:18:40.366 INFO: JdwpEventCenterDelegate: THREAD_RESUMED: thread (33, main, main)
22:18:40.371 INFO: JdwpEventCenterDelegate: THREAD_RESUMED: thread (33, main, main)
22:18:40.390 INFO: JdwpEventCenterDelegate: THREAD_RESUMED: thread (33, main, main)
22:18:40.393 INFO: JdwpEventCenterDelegate: THREAD_RESUMED: thread (33, main, main)
22:18:40.395 INFO: JdwpEventCenterDelegate: THREAD_RESUMED: thread (33, main, main)
22:18:40.398 INFO: JdwpEventCenterDelegate: THREAD_RESUMED: thread (33, main, main)
22:18:40.400 INFO: JdwpEventCenterDelegate: THREAD_RESUMED: thread (33, main, main)
22:18:40.405 INFO: JdwpEventCenterDelegate: THREAD_RESUMED: thread (33, main, main)
22:18:40.419 INFO: JdwpEventCenterDelegate: THREAD_RESUMED: thread (33, main, main)
22:18:40.421 INFO: JdwpEventCenterDelegate: THREAD_RESUMED: thread (33, main, main)
22:18:40.423 INFO: JdwpEventCenterDelegate: THREAD_RESUMED: thread (33, main, main)
22:18:40.426 INFO: JdwpEventCenterDelegate: THREAD_RESUMED: thread (33, main, main)
22:18:40.428 INFO: JdwpEventCenterDelegate: THREAD_RESUMED: thread (33, main, main)
22:18:40.434 INFO: JdwpEventCenterDelegate: THREAD_RESUMED: thread (33, main, main)
22:18:40.436 INFO: JdwpEventCenterDelegate: THREAD_RESUMED: thread (33, main, main)
22:18:40.438 INFO: JdwpEventCenterDelegate: THREAD_RESUMED: thread (33, main, main)
22:18:40.441 INFO: JdwpEventCenterDelegate: THREAD_RESUMED: thread (33, main, main)
22:18:40.443 INFO: JdwpEventCenterDelegate: THREAD_RESUMED: thread (33, main, main)
22:18:40.446 INFO: JdwpEventCenterDelegate: THREAD_RESUMED: thread (33, main, main)
22:18:40.448 INFO: JdwpEventCenterDelegate: THREAD_RESUMED: thread (33, main, main)
22:18:40.453 INFO: JdwpEventCenterDelegate: THREAD_RESUMED: thread (33, main, main)
22:18:40.455 INFO: JdwpEventCenterDelegate: THREAD_RESUMED: thread (33, main, main)
22:18:40.458 INFO: JdwpEventCenterDelegate: THREAD_RESUMED: thread (33, main, main)
22:18:40.460 INFO: JdwpEventCenterDelegate: THREAD_RESUMED: thread (33, main, main)
22:18:40.488 INFO: JdwpEventCenterDelegate: THREAD_RESUMED: thread (33, main, main)
22:18:40.490 INFO: JdwpEventCenterDelegate: THREAD_RESUMED: thread (33, main, main)
22:18:40.492 INFO: JdwpEventCenterDelegate: THREAD_RESUMED: thread (33, main, main)
22:18:40.494 INFO: JdwpEventCenterDelegate: THREAD_RESUMED: thread (33, main, main)
22:18:40.496 INFO: JdwpEventCenterDelegate: THREAD_RESUMED: thread (33, main, main)
22:18:40.498 INFO: JdwpEventCenterDelegate: THREAD_RESUMED: thread (33, main, main)
22:18:40.500 INFO: JdwpEventCenterDelegate: THREAD_RESUMED: thread (33, main, main)
22:18:40.512 INFO: JdwpEventCenterDelegate: THREAD_RESUMED: thread (33, main, main)
22:18:40.513 INFO: JdwpEventCenterDelegate: THREAD_RESUMED: thread (33, main, main)
22:18:40.515 INFO: JdwpEventCenterDelegate: THREAD_RESUMED: thread (33, main, main)
22:18:40.517 INFO: JdwpEventCenterDelegate: THREAD_RESUMED: thread (33, main, main)
22:18:40.519 INFO: JdwpEventCenterDelegate: THREAD_RESUMED: thread (33, main, main)
22:18:40.524 INFO: JdwpEventCenterDelegate: THREAD_RESUMED: thread (33, main, main)
22:18:40.537 INFO: JdwpEventCenterDelegate: THREAD_RESUMED: thread (33, main, main)
22:18:40.550 INFO: JdwpEventCenterDelegate: THREAD_RESUMED: thread (33, main, main)
22:18:40.561 INFO: JdwpEventCenterDelegate: THREAD_RESUMED: thread (33, main, main)
22:18:40.575 INFO: JdwpEventCenterDelegate: THREAD_RESUMED: thread (33, main, main)
22:18:40.609 INFO: JdwpEventCenterDelegate: THREAD_RESUMED: thread (33, main, main)
22:18:40.611 INFO: JdwpEventCenterDelegate: THREAD_RESUMED: thread (33, main, main)
22:18:40.613 INFO: JdwpEventCenterDelegate: THREAD_RESUMED: thread (33, main, main)
22:18:40.616 INFO: JdwpEventCenterDelegate: THREAD_RESUMED: thread (33, main, main)
22:18:40.618 INFO: JdwpEventCenterDelegate: THREAD_RESUMED: thread (33, main, main)
22:18:40.623 INFO: JdwpEventCenterDelegate: THREAD_RESUMED: thread (33, main, main)
22:18:40.635 INFO: JdwpEventCenterDelegate: THREAD_RESUMED: thread (33, main, main)
22:18:40.638 INFO: JdwpEventCenterDelegate: THREAD_RESUMED: thread (33, main, main)
22:18:40.640 INFO: JdwpEventCenterDelegate: THREAD_RESUMED: thread (33, main, main)
22:18:40.642 INFO: JdwpEventCenterDelegate: THREAD_RESUMED: thread (33, main, main)
22:18:40.645 INFO: JdwpEventCenterDelegate: THREAD_RESUMED: thread (33, main, main)
22:18:40.649 INFO: JdwpEventCenterDelegate: THREAD_RESUMED: thread (33, main, main)
22:18:40.664 INFO: JdwpEventCenterDelegate: THREAD_RESUMED: thread (33, main, main)
22:18:40.666 INFO: JdwpEventCenterDelegate: THREAD_RESUMED: thread (33, main, main)
22:18:40.668 INFO: JdwpEventCenterDelegate: THREAD_RESUMED: thread (33, main, main)
22:18:40.671 INFO: JdwpEventCenterDelegate: THREAD_RESUMED: thread (33, main, main)
22:18:40.673 INFO: JdwpEventCenterDelegate: THREAD_RESUMED: thread (33, main, main)
22:18:40.678 INFO: JdwpEventCenterDelegate: THREAD_RESUMED: thread (33, main, main)
22:18:40.695 INFO: JdwpEventCenterDelegate: THREAD_RESUMED: thread (33, main, main)
22:18:40.697 INFO: JdwpEventCenterDelegate: THREAD_RESUMED: thread (33, main, main)
22:18:40.699 INFO: JdwpEventCenterDelegate: THREAD_RESUMED: thread (33, main, main)
22:18:40.701 INFO: JdwpEventCenterDelegate: THREAD_RESUMED: thread (33, main, main)
22:18:40.703 INFO: JdwpEventCenterDelegate: THREAD_RESUMED: thread (33, main, main)
22:18:40.708 INFO: JdwpEventCenterDelegate: THREAD_RESUMED: thread (33, main, main)
22:18:40.723 INFO: JdwpEventCenterDelegate: THREAD_RESUMED: thread (33, main, main)
22:18:40.725 INFO: JdwpEventCenterDelegate: THREAD_RESUMED: thread (33, main, main)
22:18:40.727 INFO: JdwpEventCenterDelegate: THREAD_RESUMED: thread (33, main, main)
22:18:40.729 INFO: JdwpEventCenterDelegate: THREAD_RESUMED: thread (33, main, main)
22:18:40.731 INFO: JdwpEventCenterDelegate: THREAD_RESUMED: thread (33, main, main)
22:18:40.737 INFO: JdwpEventCenterDelegate: THREAD_RESUMED: thread (33, main, main)
22:18:40.751 INFO: JdwpEventCenterDelegate: THREAD_RESUMED: thread (33, main, main)
22:18:40.754 INFO: JdwpEventCenterDelegate: THREAD_RESUMED: thread (33, main, main)
22:18:40.756 INFO: JdwpEventCenterDelegate: THREAD_RESUMED: thread (33, main, main)
22:18:40.758 INFO: JdwpEventCenterDelegate: THREAD_RESUMED: thread (33, main, main)
22:18:40.761 INFO: JdwpEventCenterDelegate: THREAD_RESUMED: thread (33, main, main)
22:18:40.765 INFO: JdwpEventCenterDelegate: THREAD_RESUMED: thread (33, main, main)
22:18:40.783 INFO: JdwpEventCenterDelegate: THREAD_RESUMED: thread (33, main, main)
22:18:40.786 INFO: JdwpEventCenterDelegate: THREAD_RESUMED: thread (33, main, main)
22:18:40.788 INFO: JdwpEventCenterDelegate: THREAD_RESUMED: thread (33, main, main)
22:18:40.790 INFO: JdwpEventCenterDelegate: THREAD_RESUMED: thread (33, main, main)
22:18:40.793 INFO: JdwpEventCenterDelegate: THREAD_RESUMED: thread (33, main, main)
22:18:40.797 INFO: JdwpEventCenterDelegate: THREAD_RESUMED: thread (33, main, main)
22:18:40.815 INFO: JdwpEventCenterDelegate: THREAD_RESUMED: thread (33, main, main)
22:18:40.817 INFO: JdwpEventCenterDelegate: THREAD_RESUMED: thread (33, main, main)
22:18:40.819 INFO: JdwpEventCenterDelegate: THREAD_RESUMED: thread (33, main, main)
22:18:40.822 INFO: JdwpEventCenterDelegate: THREAD_RESUMED: thread (33, main, main)
22:18:40.824 INFO: JdwpEventCenterDelegate: THREAD_RESUMED: thread (33, main, main)
22:18:40.829 INFO: JdwpEventCenterDelegate: THREAD_RESUMED: thread (33, main, main)
22:18:40.846 INFO: JdwpEventCenterDelegate: THREAD_RESUMED: thread (33, main, main)
22:18:40.848 INFO: JdwpEventCenterDelegate: THREAD_RESUMED: thread (33, main, main)
22:18:40.851 INFO: JdwpEventCenterDelegate: THREAD_RESUMED: thread (33, main, main)
22:18:40.853 INFO: JdwpEventCenterDelegate: THREAD_RESUMED: thread (33, main, main)
22:18:40.855 INFO: JdwpEventCenterDelegate: THREAD_RESUMED: thread (33, main, main)
22:18:40.860 INFO: JdwpEventCenterDelegate: THREAD_RESUMED: thread (33, main, main)
22:18:40.875 INFO: JdwpEventCenterDelegate: THREAD_RESUMED: thread (33, main, main)
22:18:40.877 INFO: JdwpEventCenterDelegate: THREAD_RESUMED: thread (33, main, main)
22:18:40.880 INFO: JdwpEventCenterDelegate: THREAD_RESUMED: thread (33, main, main)
22:18:40.882 INFO: JdwpEventCenterDelegate: THREAD_RESUMED: thread (33, main, main)
22:18:40.884 INFO: JdwpEventCenterDelegate: THREAD_RESUMED: thread (33, main, main)
22:18:40.889 INFO: JdwpEventCenterDelegate: THREAD_RESUMED: thread (33, main, main)
22:18:40.903 INFO: JdwpEventCenterDelegate: THREAD_RESUMED: thread (33, main, main)
22:18:40.906 INFO: JdwpEventCenterDelegate: THREAD_RESUMED: thread (33, main, main)
22:18:40.908 INFO: JdwpEventCenterDelegate: THREAD_RESUMED: thread (33, main, main)
22:18:40.910 INFO: JdwpEventCenterDelegate: THREAD_RESUMED: thread (33, main, main)
22:18:40.912 INFO: JdwpEventCenterDelegate: THREAD_RESUMED: thread (33, main, main)
22:18:40.918 INFO: JdwpEventCenterDelegate: THREAD_RESUMED: thread (33, main, main)
22:18:40.936 INFO: JdwpEventCenterDelegate: THREAD_RESUMED: thread (33, main, main)
22:18:40.939 INFO: JdwpEventCenterDelegate: THREAD_RESUMED: thread (33, main, main)
22:18:40.941 INFO: JdwpEventCenterDelegate: THREAD_RESUMED: thread (33, main, main)
22:18:40.943 INFO: JdwpEventCenterDelegate: THREAD_RESUMED: thread (33, main, main)
22:18:40.945 INFO: JdwpEventCenterDelegate: THREAD_RESUMED: thread (33, main, main)
22:18:40.950 INFO: JdwpEventCenterDelegate: THREAD_RESUMED: thread (33, main, main)
22:18:40.971 INFO: JdwpEventCenterDelegate: THREAD_RESUMED: thread (33, main, main)
22:18:40.973 INFO: JdwpEventCenterDelegate: THREAD_RESUMED: thread (33, main, main)
22:18:40.976 INFO: JdwpEventCenterDelegate: THREAD_RESUMED: thread (33, main, main)
22:18:40.978 INFO: JdwpEventCenterDelegate: THREAD_RESUMED: thread (33, main, main)
22:18:40.980 INFO: JdwpEventCenterDelegate: THREAD_RESUMED: thread (33, main, main)
22:18:40.985 INFO: JdwpEventCenterDelegate: THREAD_RESUMED: thread (33, main, main)
22:18:41.007 INFO: JdwpEventCenterDelegate: THREAD_RESUMED: thread (33, main, main)
22:18:41.009 INFO: JdwpEventCenterDelegate: THREAD_RESUMED: thread (33, main, main)
22:18:41.011 INFO: JdwpEventCenterDelegate: THREAD_RESUMED: thread (33, main, main)
22:18:41.014 INFO: JdwpEventCenterDelegate: THREAD_RESUMED: thread (33, main, main)
22:18:41.016 INFO: JdwpEventCenterDelegate: THREAD_RESUMED: thread (33, main, main)
22:18:41.021 INFO: JdwpEventCenterDelegate: THREAD_RESUMED: thread (33, main, main)
22:18:41.033 INFO: JdwpEventCenterDelegate: THREAD_RESUMED: thread (33, main, main)
22:18:41.036 INFO: JdwpEventCenterDelegate: THREAD_RESUMED: thread (33, main, main)
22:18:41.038 INFO: JdwpEventCenterDelegate: THREAD_RESUMED: thread (33, main, main)
22:18:41.040 INFO: JdwpEventCenterDelegate: THREAD_RESUMED: thread (33, main, main)
22:18:41.042 INFO: JdwpEventCenterDelegate: THREAD_RESUMED: thread (33, main, main)
22:18:51.902 INFO: JdwpEventCenterDelegate: THREAD_STARTED: thread (108, Timer, main)
22:18:52.792 INFO: JdwpEventCenterDelegate: THREAD_RESUMED: thread (33, main, main)
22:18:52.824 INFO: JdwpEventCenterDelegate: THREAD_RESUMED: thread (33, main, main)
22:18:52.846 INFO: JdwpEventCenterDelegate: THREAD_RESUMED: thread (33, main, main)
22:18:52.865 INFO: JdwpEventCenterDelegate: THREAD_RESUMED: thread (33, main, main)
22:18:52.904 INFO: JdwpEventCenterDelegate: THREAD_RESUMED: thread (33, main, main)
22:18:52.939 INFO: JdwpEventCenterDelegate: THREAD_RESUMED: thread (33, main, main)
22:18:52.956 INFO: JdwpEventCenterDelegate: THREAD_RESUMED: thread (33, main, main)
22:18:52.971 INFO: JdwpEventCenterDelegate: THREAD_RESUMED: thread (33, main, main)
22:18:52.978 INFO: JdwpEventCenterDelegate: THREAD_RESUMED: thread (33, main, main)
22:18:52.992 INFO: JdwpEventCenterDelegate: THREAD_RESUMED: thread (33, main, main)
22:18:53.023 INFO: JdwpEventCenterDelegate: THREAD_RESUMED: thread (33, main, main)
22:18:53.035 INFO: JdwpEventCenterDelegate: THREAD_RESUMED: thread (33, main, main)
22:18:53.047 INFO: JdwpEventCenterDelegate: THREAD_RESUMED: thread (33, main, main)
22:18:53.059 INFO: JdwpEventCenterDelegate: THREAD_RESUMED: thread (33, main, main)
22:18:53.098 INFO: JdwpEventCenterDelegate: THREAD_RESUMED: thread (33, main, main)
22:18:53.131 INFO: JdwpEventCenterDelegate: THREAD_RESUMED: thread (33, main, main)
22:18:53.147 INFO: JdwpEventCenterDelegate: THREAD_RESUMED: thread (33, main, main)
22:18:53.161 INFO: JdwpEventCenterDelegate: THREAD_RESUMED: thread (33, main, main)
22:18:53.167 INFO: JdwpEventCenterDelegate: THREAD_RESUMED: thread (33, main, main)
22:18:53.180 INFO: JdwpEventCenterDelegate: THREAD_RESUMED: thread (33, main, main)
22:18:54.124 INFO: JdwpEventCenterDelegate: THREAD_STARTED: thread (123, Thread-7, main)
22:19:00.884 INFO: JdwpEventCenterDelegate: THREAD_STARTED: thread (138, Thread-8, main)
22:19:01.950 INFO: JdwpEventCenterDelegate: THREAD_STARTED: thread (153, Thread-9, main)
22:19:05.597 INFO: JdwpEventCenterDelegate: THREAD_STARTED: thread (168, Thread-10, main)
22:19:06.365 INFO: JdwpEventCenterDelegate: THREAD_STARTED: thread (183, Thread-11, main)
22:19:07.774 INFO: JdwpEventCenterDelegate: THREAD_STARTED: thread (198, Thread-12, main)
22:19:10.508 INFO: JdwpEventCenterDelegate: THREAD_RESUMED: thread (33, main, main)
22:19:10.545 INFO: JdwpEventCenterDelegate: THREAD_RESUMED: thread (33, main, main)
22:19:10.570 INFO: JdwpEventCenterDelegate: THREAD_RESUMED: thread (33, main, main)
22:19:10.589 INFO: JdwpEventCenterDelegate: THREAD_RESUMED: thread (33, main, main)
22:19:10.629 INFO: JdwpEventCenterDelegate: THREAD_RESUMED: thread (33, main, main)
22:19:10.663 INFO: JdwpEventCenterDelegate: THREAD_RESUMED: thread (33, main, main)
22:19:10.679 INFO: JdwpEventCenterDelegate: THREAD_RESUMED: thread (33, main, main)
22:19:10.694 INFO: JdwpEventCenterDelegate: THREAD_RESUMED: thread (33, main, main)
22:19:10.700 INFO: JdwpEventCenterDelegate: THREAD_RESUMED: thread (33, main, main)
22:19:10.713 INFO: JdwpEventCenterDelegate: THREAD_RESUMED: thread (33, main, main)
22:19:10.744 INFO: JdwpEventCenterDelegate: THREAD_RESUMED: thread (33, main, main)
22:19:10.756 INFO: JdwpEventCenterDelegate: THREAD_RESUMED: thread (33, main, main)
22:19:10.769 INFO: JdwpEventCenterDelegate: THREAD_RESUMED: thread (33, main, main)
22:19:10.781 INFO: JdwpEventCenterDelegate: THREAD_RESUMED: thread (33, main, main)
22:19:10.817 INFO: JdwpEventCenterDelegate: THREAD_RESUMED: thread (33, main, main)
22:19:10.850 INFO: JdwpEventCenterDelegate: THREAD_RESUMED: thread (33, main, main)
22:19:10.866 INFO: JdwpEventCenterDelegate: THREAD_RESUMED: thread (33, main, main)
22:19:10.880 INFO: JdwpEventCenterDelegate: THREAD_RESUMED: thread (33, main, main)
22:19:10.886 INFO: JdwpEventCenterDelegate: THREAD_RESUMED: thread (33, main, main)
22:19:10.900 INFO: JdwpEventCenterDelegate: THREAD_RESUMED: thread (33, main, main)
22:19:13.549 INFO: JdwpEventCenterDelegate: THREAD_DETTACHED: thread (198, Thread-12, main)
22:19:13.730 INFO: JdwpEventCenterDelegate: THREAD_DETTACHED: thread (138, Thread-8, main)
22:19:13.730 INFO: JdwpEventCenterDelegate: THREAD_DETTACHED: thread (168, Thread-10, main)
22:19:23.050 INFO: JdwpEventCenterDelegate: THREAD_DETTACHED: thread (183, Thread-11, main)
22:20:19.476 INFO: JdwpDebugServer: handling req: VirtualMachine(1).Exit(10)
22:20:19.476 SEVERE: Debugger: Thread JDWP server socket thread crashed
org.robovm.debugger.DebuggerException: Terminating due exit command
	at org.robovm.debugger.jdwp.JdwpDebugServer.doSocketWork(JdwpDebugServer.java:211)
	at java.base/java.lang.Thread.run(Thread.java:834)
	at org.robovm.debugger.utils.DebuggerThread.run(DebuggerThread.java:42)
22:20:19.982 SEVERE: Debugger: Thread HooksChannel socket thread crashed
org.robovm.debugger.DebuggerException: java.io.IOException: org.robovm.libimobiledevice.LibIMobileDeviceException: IDEVICE_E_UNKNOWN_ERROR
	at org.robovm.debugger.hooks.HooksChannel.doSocketWork(HooksChannel.java:149)
	at java.base/java.lang.Thread.run(Thread.java:834)
	at org.robovm.debugger.utils.DebuggerThread.run(DebuggerThread.java:42)
Caused by: java.io.IOException: org.robovm.libimobiledevice.LibIMobileDeviceException: IDEVICE_E_UNKNOWN_ERROR
	at org.robovm.libimobiledevice.IDeviceConnection$DeviceInputStream.read(IDeviceConnection.java:203)
	at org.robovm.debugger.utils.bytebuffer.DataBufferWriter.writeFromStream(DataBufferWriter.java:89)
	at org.robovm.debugger.hooks.HooksChannel.doSocketWork(HooksChannel.java:116)
	... 2 more
Caused by: org.robovm.libimobiledevice.LibIMobileDeviceException: IDEVICE_E_UNKNOWN_ERROR
	at org.robovm.libimobiledevice.IDevice.checkResult(IDevice.java:206)
	at org.robovm.libimobiledevice.IDeviceConnection.receive(IDeviceConnection.java:110)
	at org.robovm.libimobiledevice.IDeviceConnection.receive(IDeviceConnection.java:81)
	at org.robovm.libimobiledevice.IDeviceConnection$DeviceInputStream.read(IDeviceConnection.java:201)
	... 4 more
