06:54:15.813 INFO: JdwpDebugServer: handling req: VirtualMachine(1).IDSizes(7)
06:54:15.814 INFO: JdwpDebugServer: handling req: EventRequest(15).Set(1)
06:54:15.814 INFO: JdwpEventCenterDelegate: jdwpSetEventRequest: JdwpEventRequest{requestId=100, eventKind=CLASS_PREPARE, suspendPolicy=NONE, predicates=[]}
06:54:15.814 INFO: JdwpDebugServer: handling req: EventRequest(15).Set(1)
06:54:15.814 INFO: JdwpEventCenterDelegate: jdwpSetEventRequest: JdwpEventRequest{requestId=101, eventKind=CLASS_UNLOAD, suspendPolicy=NONE, predicates=[]}
06:54:15.835 INFO: JdwpDebugServer: handling req: VirtualMachine(1).Version(1)
06:54:15.835 INFO: JdwpDebugServer: handling req: VirtualMachine(1).capabilitiesNew(17)
06:54:15.835 INFO: JdwpDebugServer: handling req: VirtualMachine(1).capabilities(12)
06:54:15.835 INFO: JdwpDebugServer: handling req: VirtualMachine(1).AllClassesWithGeneric(20)
06:54:15.840 INFO: JdwpDebugServer: handling req: VirtualMachine(1).TopLevelThreadGroups(5)
06:54:15.840 INFO: JdwpDebugServer: handling req: EventRequest(15).Set(1)
06:54:15.840 INFO: JdwpEventCenterDelegate: jdwpSetEventRequest: JdwpEventRequest{requestId=102, eventKind=THREAD_START, suspendPolicy=NONE, predicates=[]}
06:54:15.841 INFO: JdwpDebugServer: handling req: EventRequest(15).Set(1)
06:54:15.841 INFO: JdwpEventCenterDelegate: jdwpSetEventRequest: JdwpEventRequest{requestId=103, eventKind=THREAD_DEATH, suspendPolicy=NONE, predicates=[]}
06:54:15.842 INFO: JdwpDebugServer: handling req: EventRequest(15).Set(1)
06:54:15.842 INFO: JdwpEventCenterDelegate: jdwpSetEventRequest: JdwpEventRequest{requestId=104, eventKind=CLASS_PREPARE, suspendPolicy=EVENT_THREAD, predicates=[className=sun.instrument.InstrumentationImpl]}
06:54:15.842 INFO: JdwpDebugServer: handling req: EventRequest(15).Set(1)
06:54:15.842 INFO: JdwpEventCenterDelegate: jdwpSetEventRequest: JdwpEventRequest{requestId=105, eventKind=CLASS_PREPARE, suspendPolicy=EVENT_THREAD, predicates=[className=sun.instrument.InstrumentationImpl]}
06:54:16.434 INFO: JdwpDebugServer: handling req: VirtualMachine(1).Resume(9)
06:54:16.487 INFO: JdwpEventCenterDelegate: THREAD_STARTED: thread (33, main, main)
06:54:16.508 INFO: JdwpEventCenterDelegate: THREAD_STARTED: thread (48, ReferenceQueueDaemon, main)
06:54:16.515 INFO: JdwpEventCenterDelegate: THREAD_STARTED: thread (63, FinalizerDaemon, main)
06:54:16.521 INFO: JdwpEventCenterDelegate: THREAD_STARTED: thread (78, FinalizerWatchdogDaemon, main)
06:54:16.523 INFO: JdwpEventCenterDelegate: THREAD_RESUMED: thread (33, main, main)
06:54:16.524 INFO: JdwpEventCenterDelegate: THREAD_RESUMED: thread (33, main, main)
06:54:16.526 INFO: JdwpEventCenterDelegate: THREAD_RESUMED: thread (33, main, main)
06:54:16.527 INFO: JdwpEventCenterDelegate: THREAD_RESUMED: thread (33, main, main)
06:54:16.528 INFO: JdwpEventCenterDelegate: THREAD_RESUMED: thread (33, main, main)
06:54:16.529 INFO: JdwpEventCenterDelegate: THREAD_RESUMED: thread (33, main, main)
06:54:16.531 INFO: JdwpEventCenterDelegate: THREAD_RESUMED: thread (33, main, main)
06:54:16.532 INFO: JdwpEventCenterDelegate: THREAD_RESUMED: thread (33, main, main)
06:54:16.533 INFO: JdwpEventCenterDelegate: THREAD_RESUMED: thread (33, main, main)
06:54:16.534 INFO: JdwpEventCenterDelegate: THREAD_RESUMED: thread (33, main, main)
06:54:16.535 INFO: JdwpEventCenterDelegate: THREAD_RESUMED: thread (33, main, main)
06:54:16.536 INFO: JdwpEventCenterDelegate: THREAD_RESUMED: thread (33, main, main)
06:54:16.537 INFO: JdwpEventCenterDelegate: THREAD_RESUMED: thread (33, main, main)
06:54:16.539 INFO: JdwpEventCenterDelegate: THREAD_RESUMED: thread (33, main, main)
06:54:16.540 INFO: JdwpEventCenterDelegate: THREAD_RESUMED: thread (33, main, main)
06:54:16.541 INFO: JdwpEventCenterDelegate: THREAD_RESUMED: thread (33, main, main)
06:54:16.542 INFO: JdwpEventCenterDelegate: THREAD_RESUMED: thread (33, main, main)
06:54:16.544 INFO: JdwpEventCenterDelegate: THREAD_RESUMED: thread (33, main, main)
06:54:16.547 INFO: JdwpEventCenterDelegate: THREAD_RESUMED: thread (33, main, main)
06:54:16.549 INFO: JdwpEventCenterDelegate: THREAD_RESUMED: thread (33, main, main)
06:54:16.550 INFO: JdwpEventCenterDelegate: THREAD_RESUMED: thread (33, main, main)
06:54:16.551 INFO: JdwpEventCenterDelegate: THREAD_RESUMED: thread (33, main, main)
06:54:16.552 INFO: JdwpEventCenterDelegate: THREAD_RESUMED: thread (33, main, main)
06:54:16.554 INFO: JdwpEventCenterDelegate: THREAD_RESUMED: thread (33, main, main)
06:54:16.555 INFO: JdwpEventCenterDelegate: THREAD_RESUMED: thread (33, main, main)
06:54:16.584 INFO: JdwpEventCenterDelegate: THREAD_RESUMED: thread (33, main, main)
06:54:16.586 INFO: JdwpEventCenterDelegate: THREAD_RESUMED: thread (33, main, main)
06:54:16.587 INFO: JdwpEventCenterDelegate: THREAD_RESUMED: thread (33, main, main)
06:54:16.588 INFO: JdwpEventCenterDelegate: THREAD_RESUMED: thread (33, main, main)
06:54:16.590 INFO: JdwpEventCenterDelegate: THREAD_RESUMED: thread (33, main, main)
06:54:16.592 INFO: JdwpEventCenterDelegate: THREAD_RESUMED: thread (33, main, main)
06:54:16.593 INFO: JdwpEventCenterDelegate: THREAD_RESUMED: thread (33, main, main)
06:54:16.596 INFO: JdwpEventCenterDelegate: THREAD_RESUMED: thread (33, main, main)
06:54:16.597 INFO: JdwpEventCenterDelegate: THREAD_RESUMED: thread (33, main, main)
06:54:16.599 INFO: JdwpEventCenterDelegate: THREAD_RESUMED: thread (33, main, main)
06:54:16.600 INFO: JdwpEventCenterDelegate: THREAD_RESUMED: thread (33, main, main)
06:54:16.601 INFO: JdwpEventCenterDelegate: THREAD_RESUMED: thread (33, main, main)
06:54:16.603 INFO: JdwpEventCenterDelegate: THREAD_RESUMED: thread (33, main, main)
06:54:16.604 INFO: JdwpEventCenterDelegate: THREAD_RESUMED: thread (33, main, main)
06:54:16.621 INFO: JdwpEventCenterDelegate: THREAD_RESUMED: thread (33, main, main)
06:54:16.622 INFO: JdwpEventCenterDelegate: THREAD_RESUMED: thread (33, main, main)
06:54:16.623 INFO: JdwpEventCenterDelegate: THREAD_RESUMED: thread (33, main, main)
06:54:16.625 INFO: JdwpEventCenterDelegate: THREAD_RESUMED: thread (33, main, main)
06:54:16.626 INFO: JdwpEventCenterDelegate: THREAD_RESUMED: thread (33, main, main)
06:54:16.628 INFO: JdwpEventCenterDelegate: THREAD_RESUMED: thread (33, main, main)
06:54:16.630 INFO: JdwpEventCenterDelegate: THREAD_RESUMED: thread (33, main, main)
06:54:16.650 INFO: JdwpEventCenterDelegate: THREAD_RESUMED: thread (33, main, main)
06:54:16.651 INFO: JdwpEventCenterDelegate: THREAD_RESUMED: thread (33, main, main)
06:54:16.653 INFO: JdwpEventCenterDelegate: THREAD_RESUMED: thread (33, main, main)
06:54:16.654 INFO: JdwpEventCenterDelegate: THREAD_RESUMED: thread (33, main, main)
06:54:16.655 INFO: JdwpEventCenterDelegate: THREAD_RESUMED: thread (33, main, main)
06:54:16.657 INFO: JdwpEventCenterDelegate: THREAD_RESUMED: thread (33, main, main)
06:54:16.659 INFO: JdwpEventCenterDelegate: THREAD_RESUMED: thread (33, main, main)
06:54:16.671 INFO: JdwpEventCenterDelegate: THREAD_RESUMED: thread (33, main, main)
06:54:16.672 INFO: JdwpEventCenterDelegate: THREAD_RESUMED: thread (33, main, main)
06:54:16.673 INFO: JdwpEventCenterDelegate: THREAD_RESUMED: thread (33, main, main)
06:54:16.675 INFO: JdwpEventCenterDelegate: THREAD_RESUMED: thread (33, main, main)
06:54:16.676 INFO: JdwpEventCenterDelegate: THREAD_RESUMED: thread (33, main, main)
06:54:16.677 INFO: JdwpEventCenterDelegate: THREAD_RESUMED: thread (33, main, main)
06:54:16.679 INFO: JdwpEventCenterDelegate: THREAD_RESUMED: thread (33, main, main)
06:54:16.700 INFO: JdwpEventCenterDelegate: THREAD_RESUMED: thread (33, main, main)
06:54:16.702 INFO: JdwpEventCenterDelegate: THREAD_RESUMED: thread (33, main, main)
06:54:16.704 INFO: JdwpEventCenterDelegate: THREAD_RESUMED: thread (33, main, main)
06:54:16.705 INFO: JdwpEventCenterDelegate: THREAD_RESUMED: thread (33, main, main)
06:54:16.706 INFO: JdwpEventCenterDelegate: THREAD_RESUMED: thread (33, main, main)
06:54:16.707 INFO: JdwpEventCenterDelegate: THREAD_RESUMED: thread (33, main, main)
06:54:16.709 INFO: JdwpEventCenterDelegate: THREAD_RESUMED: thread (33, main, main)
06:54:16.723 INFO: JdwpEventCenterDelegate: THREAD_RESUMED: thread (33, main, main)
06:54:16.725 INFO: JdwpEventCenterDelegate: THREAD_RESUMED: thread (33, main, main)
06:54:16.726 INFO: JdwpEventCenterDelegate: THREAD_RESUMED: thread (33, main, main)
06:54:16.728 INFO: JdwpEventCenterDelegate: THREAD_RESUMED: thread (33, main, main)
06:54:16.729 INFO: JdwpEventCenterDelegate: THREAD_RESUMED: thread (33, main, main)
06:54:16.730 INFO: JdwpEventCenterDelegate: THREAD_RESUMED: thread (33, main, main)
06:54:16.732 INFO: JdwpEventCenterDelegate: THREAD_RESUMED: thread (33, main, main)
06:54:16.741 INFO: JdwpEventCenterDelegate: THREAD_RESUMED: thread (33, main, main)
06:54:16.742 INFO: JdwpEventCenterDelegate: THREAD_RESUMED: thread (33, main, main)
06:54:16.744 INFO: JdwpEventCenterDelegate: THREAD_RESUMED: thread (33, main, main)
06:54:16.746 INFO: JdwpEventCenterDelegate: THREAD_RESUMED: thread (33, main, main)
06:54:16.748 INFO: JdwpEventCenterDelegate: THREAD_RESUMED: thread (33, main, main)
06:54:16.750 INFO: JdwpEventCenterDelegate: THREAD_RESUMED: thread (33, main, main)
06:54:16.752 INFO: JdwpEventCenterDelegate: THREAD_RESUMED: thread (33, main, main)
06:54:16.753 INFO: JdwpEventCenterDelegate: THREAD_RESUMED: thread (33, main, main)
06:54:16.754 INFO: JdwpEventCenterDelegate: THREAD_RESUMED: thread (33, main, main)
06:54:16.755 INFO: JdwpEventCenterDelegate: THREAD_RESUMED: thread (33, main, main)
06:54:16.757 INFO: JdwpEventCenterDelegate: THREAD_RESUMED: thread (33, main, main)
06:54:16.758 INFO: JdwpEventCenterDelegate: THREAD_RESUMED: thread (33, main, main)
06:54:16.759 INFO: JdwpEventCenterDelegate: THREAD_RESUMED: thread (33, main, main)
06:54:16.761 INFO: JdwpEventCenterDelegate: THREAD_RESUMED: thread (33, main, main)
06:54:16.763 INFO: JdwpEventCenterDelegate: THREAD_RESUMED: thread (33, main, main)
06:54:16.764 INFO: JdwpEventCenterDelegate: THREAD_RESUMED: thread (33, main, main)
06:54:16.766 INFO: JdwpEventCenterDelegate: THREAD_RESUMED: thread (33, main, main)
06:54:16.767 INFO: JdwpEventCenterDelegate: THREAD_RESUMED: thread (33, main, main)
06:54:16.771 INFO: JdwpEventCenterDelegate: THREAD_RESUMED: thread (33, main, main)
06:54:16.773 INFO: JdwpEventCenterDelegate: THREAD_RESUMED: thread (33, main, main)
06:54:16.903 INFO: JdwpEventCenterDelegate: THREAD_STARTED: thread (93, AssetManager, main)
06:54:17.010 INFO: JdwpEventCenterDelegate: THREAD_RESUMED: thread (33, main, main)
06:54:17.013 INFO: JdwpEventCenterDelegate: THREAD_RESUMED: thread (33, main, main)
06:54:19.583 INFO: JdwpEventCenterDelegate: THREAD_RESUMED: thread (33, main, main)
06:54:19.686 INFO: JdwpEventCenterDelegate: THREAD_RESUMED: thread (33, main, main)
06:54:19.688 INFO: JdwpEventCenterDelegate: THREAD_RESUMED: thread (33, main, main)
06:54:19.690 INFO: JdwpEventCenterDelegate: THREAD_RESUMED: thread (33, main, main)
06:54:19.692 INFO: JdwpEventCenterDelegate: THREAD_RESUMED: thread (33, main, main)
06:54:19.693 INFO: JdwpEventCenterDelegate: THREAD_RESUMED: thread (33, main, main)
06:54:19.699 INFO: JdwpEventCenterDelegate: THREAD_RESUMED: thread (33, main, main)
06:54:19.711 INFO: JdwpEventCenterDelegate: THREAD_RESUMED: thread (33, main, main)
06:54:19.714 INFO: JdwpEventCenterDelegate: THREAD_RESUMED: thread (33, main, main)
06:54:19.716 INFO: JdwpEventCenterDelegate: THREAD_RESUMED: thread (33, main, main)
06:54:19.718 INFO: JdwpEventCenterDelegate: THREAD_RESUMED: thread (33, main, main)
06:54:19.720 INFO: JdwpEventCenterDelegate: THREAD_RESUMED: thread (33, main, main)
06:54:19.725 INFO: JdwpEventCenterDelegate: THREAD_RESUMED: thread (33, main, main)
06:54:19.740 INFO: JdwpEventCenterDelegate: THREAD_RESUMED: thread (33, main, main)
06:54:19.743 INFO: JdwpEventCenterDelegate: THREAD_RESUMED: thread (33, main, main)
06:54:19.745 INFO: JdwpEventCenterDelegate: THREAD_RESUMED: thread (33, main, main)
06:54:19.748 INFO: JdwpEventCenterDelegate: THREAD_RESUMED: thread (33, main, main)
06:54:19.750 INFO: JdwpEventCenterDelegate: THREAD_RESUMED: thread (33, main, main)
06:54:19.755 INFO: JdwpEventCenterDelegate: THREAD_RESUMED: thread (33, main, main)
06:54:19.774 INFO: JdwpEventCenterDelegate: THREAD_RESUMED: thread (33, main, main)
06:54:19.776 INFO: JdwpEventCenterDelegate: THREAD_RESUMED: thread (33, main, main)
06:54:19.778 INFO: JdwpEventCenterDelegate: THREAD_RESUMED: thread (33, main, main)
06:54:19.780 INFO: JdwpEventCenterDelegate: THREAD_RESUMED: thread (33, main, main)
06:54:19.782 INFO: JdwpEventCenterDelegate: THREAD_RESUMED: thread (33, main, main)
06:54:19.787 INFO: JdwpEventCenterDelegate: THREAD_RESUMED: thread (33, main, main)
06:54:19.802 INFO: JdwpEventCenterDelegate: THREAD_RESUMED: thread (33, main, main)
06:54:19.805 INFO: JdwpEventCenterDelegate: THREAD_RESUMED: thread (33, main, main)
06:54:19.807 INFO: JdwpEventCenterDelegate: THREAD_RESUMED: thread (33, main, main)
06:54:19.809 INFO: JdwpEventCenterDelegate: THREAD_RESUMED: thread (33, main, main)
06:54:19.811 INFO: JdwpEventCenterDelegate: THREAD_RESUMED: thread (33, main, main)
06:54:19.816 INFO: JdwpEventCenterDelegate: THREAD_RESUMED: thread (33, main, main)
06:54:19.832 INFO: JdwpEventCenterDelegate: THREAD_RESUMED: thread (33, main, main)
06:54:19.834 INFO: JdwpEventCenterDelegate: THREAD_RESUMED: thread (33, main, main)
06:54:19.836 INFO: JdwpEventCenterDelegate: THREAD_RESUMED: thread (33, main, main)
06:54:19.839 INFO: JdwpEventCenterDelegate: THREAD_RESUMED: thread (33, main, main)
06:54:19.841 INFO: JdwpEventCenterDelegate: THREAD_RESUMED: thread (33, main, main)
06:54:19.846 INFO: JdwpEventCenterDelegate: THREAD_RESUMED: thread (33, main, main)
06:54:19.866 INFO: JdwpEventCenterDelegate: THREAD_RESUMED: thread (33, main, main)
06:54:19.868 INFO: JdwpEventCenterDelegate: THREAD_RESUMED: thread (33, main, main)
06:54:19.870 INFO: JdwpEventCenterDelegate: THREAD_RESUMED: thread (33, main, main)
06:54:19.872 INFO: JdwpEventCenterDelegate: THREAD_RESUMED: thread (33, main, main)
06:54:19.875 INFO: JdwpEventCenterDelegate: THREAD_RESUMED: thread (33, main, main)
06:54:19.880 INFO: JdwpEventCenterDelegate: THREAD_RESUMED: thread (33, main, main)
06:54:19.898 INFO: JdwpEventCenterDelegate: THREAD_RESUMED: thread (33, main, main)
06:54:19.901 INFO: JdwpEventCenterDelegate: THREAD_RESUMED: thread (33, main, main)
06:54:19.903 INFO: JdwpEventCenterDelegate: THREAD_RESUMED: thread (33, main, main)
06:54:19.905 INFO: JdwpEventCenterDelegate: THREAD_RESUMED: thread (33, main, main)
06:54:19.907 INFO: JdwpEventCenterDelegate: THREAD_RESUMED: thread (33, main, main)
06:54:19.912 INFO: JdwpEventCenterDelegate: THREAD_RESUMED: thread (33, main, main)
06:54:19.931 INFO: JdwpEventCenterDelegate: THREAD_RESUMED: thread (33, main, main)
06:54:19.933 INFO: JdwpEventCenterDelegate: THREAD_RESUMED: thread (33, main, main)
06:54:19.936 INFO: JdwpEventCenterDelegate: THREAD_RESUMED: thread (33, main, main)
06:54:19.938 INFO: JdwpEventCenterDelegate: THREAD_RESUMED: thread (33, main, main)
06:54:19.940 INFO: JdwpEventCenterDelegate: THREAD_RESUMED: thread (33, main, main)
06:54:19.945 INFO: JdwpEventCenterDelegate: THREAD_RESUMED: thread (33, main, main)
06:54:19.964 INFO: JdwpEventCenterDelegate: THREAD_RESUMED: thread (33, main, main)
06:54:19.966 INFO: JdwpEventCenterDelegate: THREAD_RESUMED: thread (33, main, main)
06:54:19.968 INFO: JdwpEventCenterDelegate: THREAD_RESUMED: thread (33, main, main)
06:54:19.970 INFO: JdwpEventCenterDelegate: THREAD_RESUMED: thread (33, main, main)
06:54:19.972 INFO: JdwpEventCenterDelegate: THREAD_RESUMED: thread (33, main, main)
06:54:19.977 INFO: JdwpEventCenterDelegate: THREAD_RESUMED: thread (33, main, main)
06:54:19.992 INFO: JdwpEventCenterDelegate: THREAD_RESUMED: thread (33, main, main)
06:54:19.994 INFO: JdwpEventCenterDelegate: THREAD_RESUMED: thread (33, main, main)
06:54:19.997 INFO: JdwpEventCenterDelegate: THREAD_RESUMED: thread (33, main, main)
06:54:19.999 INFO: JdwpEventCenterDelegate: THREAD_RESUMED: thread (33, main, main)
06:54:20.001 INFO: JdwpEventCenterDelegate: THREAD_RESUMED: thread (33, main, main)
06:54:20.006 INFO: JdwpEventCenterDelegate: THREAD_RESUMED: thread (33, main, main)
06:54:20.026 INFO: JdwpEventCenterDelegate: THREAD_RESUMED: thread (33, main, main)
06:54:20.029 INFO: JdwpEventCenterDelegate: THREAD_RESUMED: thread (33, main, main)
06:54:20.031 INFO: JdwpEventCenterDelegate: THREAD_RESUMED: thread (33, main, main)
06:54:20.034 INFO: JdwpEventCenterDelegate: THREAD_RESUMED: thread (33, main, main)
06:54:20.036 INFO: JdwpEventCenterDelegate: THREAD_RESUMED: thread (33, main, main)
06:54:20.041 INFO: JdwpEventCenterDelegate: THREAD_RESUMED: thread (33, main, main)
06:54:20.063 INFO: JdwpEventCenterDelegate: THREAD_RESUMED: thread (33, main, main)
06:54:20.065 INFO: JdwpEventCenterDelegate: THREAD_RESUMED: thread (33, main, main)
06:54:20.068 INFO: JdwpEventCenterDelegate: THREAD_RESUMED: thread (33, main, main)
06:54:20.070 INFO: JdwpEventCenterDelegate: THREAD_RESUMED: thread (33, main, main)
06:54:20.072 INFO: JdwpEventCenterDelegate: THREAD_RESUMED: thread (33, main, main)
06:54:20.078 INFO: JdwpEventCenterDelegate: THREAD_RESUMED: thread (33, main, main)
06:54:20.097 INFO: JdwpEventCenterDelegate: THREAD_RESUMED: thread (33, main, main)
06:54:20.099 INFO: JdwpEventCenterDelegate: THREAD_RESUMED: thread (33, main, main)
06:54:20.101 INFO: JdwpEventCenterDelegate: THREAD_RESUMED: thread (33, main, main)
06:54:20.103 INFO: JdwpEventCenterDelegate: THREAD_RESUMED: thread (33, main, main)
06:54:20.105 INFO: JdwpEventCenterDelegate: THREAD_RESUMED: thread (33, main, main)
06:54:20.110 INFO: JdwpEventCenterDelegate: THREAD_RESUMED: thread (33, main, main)
06:54:20.124 INFO: JdwpEventCenterDelegate: THREAD_RESUMED: thread (33, main, main)
06:54:20.126 INFO: JdwpEventCenterDelegate: THREAD_RESUMED: thread (33, main, main)
06:54:20.129 INFO: JdwpEventCenterDelegate: THREAD_RESUMED: thread (33, main, main)
06:54:20.131 INFO: JdwpEventCenterDelegate: THREAD_RESUMED: thread (33, main, main)
06:54:20.133 INFO: JdwpEventCenterDelegate: THREAD_RESUMED: thread (33, main, main)
06:54:20.139 INFO: JdwpEventCenterDelegate: THREAD_RESUMED: thread (33, main, main)
06:54:20.141 INFO: JdwpEventCenterDelegate: THREAD_RESUMED: thread (33, main, main)
06:54:20.143 INFO: JdwpEventCenterDelegate: THREAD_RESUMED: thread (33, main, main)
06:54:20.146 INFO: JdwpEventCenterDelegate: THREAD_RESUMED: thread (33, main, main)
06:54:20.148 INFO: JdwpEventCenterDelegate: THREAD_RESUMED: thread (33, main, main)
06:54:20.151 INFO: JdwpEventCenterDelegate: THREAD_RESUMED: thread (33, main, main)
06:54:20.153 INFO: JdwpEventCenterDelegate: THREAD_RESUMED: thread (33, main, main)
06:54:20.157 INFO: JdwpEventCenterDelegate: THREAD_RESUMED: thread (33, main, main)
06:54:20.160 INFO: JdwpEventCenterDelegate: THREAD_RESUMED: thread (33, main, main)
06:54:20.162 INFO: JdwpEventCenterDelegate: THREAD_RESUMED: thread (33, main, main)
06:54:20.164 INFO: JdwpEventCenterDelegate: THREAD_RESUMED: thread (33, main, main)
06:54:20.172 INFO: JdwpEventCenterDelegate: THREAD_RESUMED: thread (33, main, main)
06:54:20.174 INFO: JdwpEventCenterDelegate: THREAD_RESUMED: thread (33, main, main)
06:54:20.176 INFO: JdwpEventCenterDelegate: THREAD_RESUMED: thread (33, main, main)
06:54:20.179 INFO: JdwpEventCenterDelegate: THREAD_RESUMED: thread (33, main, main)
06:54:20.180 INFO: JdwpEventCenterDelegate: THREAD_RESUMED: thread (33, main, main)
06:54:20.186 INFO: JdwpEventCenterDelegate: THREAD_RESUMED: thread (33, main, main)
06:54:20.198 INFO: JdwpEventCenterDelegate: THREAD_RESUMED: thread (33, main, main)
06:54:20.212 INFO: JdwpEventCenterDelegate: THREAD_RESUMED: thread (33, main, main)
06:54:20.223 INFO: JdwpEventCenterDelegate: THREAD_RESUMED: thread (33, main, main)
06:54:20.236 INFO: JdwpEventCenterDelegate: THREAD_RESUMED: thread (33, main, main)
06:54:20.269 INFO: JdwpEventCenterDelegate: THREAD_RESUMED: thread (33, main, main)
06:54:20.272 INFO: JdwpEventCenterDelegate: THREAD_RESUMED: thread (33, main, main)
06:54:20.274 INFO: JdwpEventCenterDelegate: THREAD_RESUMED: thread (33, main, main)
06:54:20.276 INFO: JdwpEventCenterDelegate: THREAD_RESUMED: thread (33, main, main)
06:54:20.279 INFO: JdwpEventCenterDelegate: THREAD_RESUMED: thread (33, main, main)
06:54:20.284 INFO: JdwpEventCenterDelegate: THREAD_RESUMED: thread (33, main, main)
06:54:20.296 INFO: JdwpEventCenterDelegate: THREAD_RESUMED: thread (33, main, main)
06:54:20.298 INFO: JdwpEventCenterDelegate: THREAD_RESUMED: thread (33, main, main)
06:54:20.300 INFO: JdwpEventCenterDelegate: THREAD_RESUMED: thread (33, main, main)
06:54:20.302 INFO: JdwpEventCenterDelegate: THREAD_RESUMED: thread (33, main, main)
06:54:20.304 INFO: JdwpEventCenterDelegate: THREAD_RESUMED: thread (33, main, main)
06:54:20.309 INFO: JdwpEventCenterDelegate: THREAD_RESUMED: thread (33, main, main)
06:54:20.323 INFO: JdwpEventCenterDelegate: THREAD_RESUMED: thread (33, main, main)
06:54:20.326 INFO: JdwpEventCenterDelegate: THREAD_RESUMED: thread (33, main, main)
06:54:20.328 INFO: JdwpEventCenterDelegate: THREAD_RESUMED: thread (33, main, main)
06:54:20.330 INFO: JdwpEventCenterDelegate: THREAD_RESUMED: thread (33, main, main)
06:54:20.332 INFO: JdwpEventCenterDelegate: THREAD_RESUMED: thread (33, main, main)
06:54:20.337 INFO: JdwpEventCenterDelegate: THREAD_RESUMED: thread (33, main, main)
06:54:20.354 INFO: JdwpEventCenterDelegate: THREAD_RESUMED: thread (33, main, main)
06:54:20.357 INFO: JdwpEventCenterDelegate: THREAD_RESUMED: thread (33, main, main)
06:54:20.359 INFO: JdwpEventCenterDelegate: THREAD_RESUMED: thread (33, main, main)
06:54:20.361 INFO: JdwpEventCenterDelegate: THREAD_RESUMED: thread (33, main, main)
06:54:20.364 INFO: JdwpEventCenterDelegate: THREAD_RESUMED: thread (33, main, main)
06:54:20.369 INFO: JdwpEventCenterDelegate: THREAD_RESUMED: thread (33, main, main)
06:54:20.383 INFO: JdwpEventCenterDelegate: THREAD_RESUMED: thread (33, main, main)
06:54:20.386 INFO: JdwpEventCenterDelegate: THREAD_RESUMED: thread (33, main, main)
06:54:20.388 INFO: JdwpEventCenterDelegate: THREAD_RESUMED: thread (33, main, main)
06:54:20.390 INFO: JdwpEventCenterDelegate: THREAD_RESUMED: thread (33, main, main)
06:54:20.391 INFO: JdwpEventCenterDelegate: THREAD_RESUMED: thread (33, main, main)
06:54:20.395 INFO: JdwpEventCenterDelegate: THREAD_RESUMED: thread (33, main, main)
06:54:20.409 INFO: JdwpEventCenterDelegate: THREAD_RESUMED: thread (33, main, main)
06:54:20.411 INFO: JdwpEventCenterDelegate: THREAD_RESUMED: thread (33, main, main)
06:54:20.414 INFO: JdwpEventCenterDelegate: THREAD_RESUMED: thread (33, main, main)
06:54:20.416 INFO: JdwpEventCenterDelegate: THREAD_RESUMED: thread (33, main, main)
06:54:20.418 INFO: JdwpEventCenterDelegate: THREAD_RESUMED: thread (33, main, main)
06:54:20.422 INFO: JdwpEventCenterDelegate: THREAD_RESUMED: thread (33, main, main)
06:54:20.443 INFO: JdwpEventCenterDelegate: THREAD_RESUMED: thread (33, main, main)
06:54:20.445 INFO: JdwpEventCenterDelegate: THREAD_RESUMED: thread (33, main, main)
06:54:20.447 INFO: JdwpEventCenterDelegate: THREAD_RESUMED: thread (33, main, main)
06:54:20.449 INFO: JdwpEventCenterDelegate: THREAD_RESUMED: thread (33, main, main)
06:54:20.451 INFO: JdwpEventCenterDelegate: THREAD_RESUMED: thread (33, main, main)
06:54:20.455 INFO: JdwpEventCenterDelegate: THREAD_RESUMED: thread (33, main, main)
06:54:20.473 INFO: JdwpEventCenterDelegate: THREAD_RESUMED: thread (33, main, main)
06:54:20.475 INFO: JdwpEventCenterDelegate: THREAD_RESUMED: thread (33, main, main)
06:54:20.477 INFO: JdwpEventCenterDelegate: THREAD_RESUMED: thread (33, main, main)
06:54:20.479 INFO: JdwpEventCenterDelegate: THREAD_RESUMED: thread (33, main, main)
06:54:20.480 INFO: JdwpEventCenterDelegate: THREAD_RESUMED: thread (33, main, main)
06:54:20.485 INFO: JdwpEventCenterDelegate: THREAD_RESUMED: thread (33, main, main)
06:54:20.502 INFO: JdwpEventCenterDelegate: THREAD_RESUMED: thread (33, main, main)
06:54:20.504 INFO: JdwpEventCenterDelegate: THREAD_RESUMED: thread (33, main, main)
06:54:20.506 INFO: JdwpEventCenterDelegate: THREAD_RESUMED: thread (33, main, main)
06:54:20.507 INFO: JdwpEventCenterDelegate: THREAD_RESUMED: thread (33, main, main)
06:54:20.509 INFO: JdwpEventCenterDelegate: THREAD_RESUMED: thread (33, main, main)
06:54:20.514 INFO: JdwpEventCenterDelegate: THREAD_RESUMED: thread (33, main, main)
06:54:20.528 INFO: JdwpEventCenterDelegate: THREAD_RESUMED: thread (33, main, main)
06:54:20.530 INFO: JdwpEventCenterDelegate: THREAD_RESUMED: thread (33, main, main)
06:54:20.532 INFO: JdwpEventCenterDelegate: THREAD_RESUMED: thread (33, main, main)
06:54:20.534 INFO: JdwpEventCenterDelegate: THREAD_RESUMED: thread (33, main, main)
06:54:20.536 INFO: JdwpEventCenterDelegate: THREAD_RESUMED: thread (33, main, main)
06:54:20.541 INFO: JdwpEventCenterDelegate: THREAD_RESUMED: thread (33, main, main)
06:54:20.555 INFO: JdwpEventCenterDelegate: THREAD_RESUMED: thread (33, main, main)
06:54:20.557 INFO: JdwpEventCenterDelegate: THREAD_RESUMED: thread (33, main, main)
06:54:20.559 INFO: JdwpEventCenterDelegate: THREAD_RESUMED: thread (33, main, main)
06:54:20.561 INFO: JdwpEventCenterDelegate: THREAD_RESUMED: thread (33, main, main)
06:54:20.563 INFO: JdwpEventCenterDelegate: THREAD_RESUMED: thread (33, main, main)
06:54:20.568 INFO: JdwpEventCenterDelegate: THREAD_RESUMED: thread (33, main, main)
06:54:20.586 INFO: JdwpEventCenterDelegate: THREAD_RESUMED: thread (33, main, main)
06:54:20.589 INFO: JdwpEventCenterDelegate: THREAD_RESUMED: thread (33, main, main)
06:54:20.591 INFO: JdwpEventCenterDelegate: THREAD_RESUMED: thread (33, main, main)
06:54:20.593 INFO: JdwpEventCenterDelegate: THREAD_RESUMED: thread (33, main, main)
06:54:20.595 INFO: JdwpEventCenterDelegate: THREAD_RESUMED: thread (33, main, main)
06:54:20.599 INFO: JdwpEventCenterDelegate: THREAD_RESUMED: thread (33, main, main)
06:54:20.624 INFO: JdwpEventCenterDelegate: THREAD_RESUMED: thread (33, main, main)
06:54:20.626 INFO: JdwpEventCenterDelegate: THREAD_RESUMED: thread (33, main, main)
06:54:20.629 INFO: JdwpEventCenterDelegate: THREAD_RESUMED: thread (33, main, main)
06:54:20.631 INFO: JdwpEventCenterDelegate: THREAD_RESUMED: thread (33, main, main)
06:54:20.633 INFO: JdwpEventCenterDelegate: THREAD_RESUMED: thread (33, main, main)
06:54:20.638 INFO: JdwpEventCenterDelegate: THREAD_RESUMED: thread (33, main, main)
06:54:20.656 INFO: JdwpEventCenterDelegate: THREAD_RESUMED: thread (33, main, main)
06:54:20.659 INFO: JdwpEventCenterDelegate: THREAD_RESUMED: thread (33, main, main)
06:54:20.661 INFO: JdwpEventCenterDelegate: THREAD_RESUMED: thread (33, main, main)
06:54:20.663 INFO: JdwpEventCenterDelegate: THREAD_RESUMED: thread (33, main, main)
06:54:20.665 INFO: JdwpEventCenterDelegate: THREAD_RESUMED: thread (33, main, main)
06:54:20.670 INFO: JdwpEventCenterDelegate: THREAD_RESUMED: thread (33, main, main)
06:54:20.682 INFO: JdwpEventCenterDelegate: THREAD_RESUMED: thread (33, main, main)
06:54:20.685 INFO: JdwpEventCenterDelegate: THREAD_RESUMED: thread (33, main, main)
06:54:20.687 INFO: JdwpEventCenterDelegate: THREAD_RESUMED: thread (33, main, main)
06:54:20.689 INFO: JdwpEventCenterDelegate: THREAD_RESUMED: thread (33, main, main)
06:54:20.691 INFO: JdwpEventCenterDelegate: THREAD_RESUMED: thread (33, main, main)
06:55:50.108 INFO: JdwpEventCenterDelegate: THREAD_STARTED: thread (108, Timer, main)
06:55:51.016 INFO: JdwpEventCenterDelegate: THREAD_RESUMED: thread (33, main, main)
06:55:51.047 INFO: JdwpEventCenterDelegate: THREAD_RESUMED: thread (33, main, main)
06:55:51.070 INFO: JdwpEventCenterDelegate: THREAD_RESUMED: thread (33, main, main)
06:55:51.088 INFO: JdwpEventCenterDelegate: THREAD_RESUMED: thread (33, main, main)
06:55:51.131 INFO: JdwpEventCenterDelegate: THREAD_RESUMED: thread (33, main, main)
06:55:51.165 INFO: JdwpEventCenterDelegate: THREAD_RESUMED: thread (33, main, main)
06:55:51.182 INFO: JdwpEventCenterDelegate: THREAD_RESUMED: thread (33, main, main)
06:55:51.198 INFO: JdwpEventCenterDelegate: THREAD_RESUMED: thread (33, main, main)
06:55:51.204 INFO: JdwpEventCenterDelegate: THREAD_RESUMED: thread (33, main, main)
06:55:51.218 INFO: JdwpEventCenterDelegate: THREAD_RESUMED: thread (33, main, main)
06:55:51.249 INFO: JdwpEventCenterDelegate: THREAD_RESUMED: thread (33, main, main)
06:55:51.261 INFO: JdwpEventCenterDelegate: THREAD_RESUMED: thread (33, main, main)
06:55:51.274 INFO: JdwpEventCenterDelegate: THREAD_RESUMED: thread (33, main, main)
06:55:51.286 INFO: JdwpEventCenterDelegate: THREAD_RESUMED: thread (33, main, main)
06:55:51.321 INFO: JdwpEventCenterDelegate: THREAD_RESUMED: thread (33, main, main)
06:55:51.353 INFO: JdwpEventCenterDelegate: THREAD_RESUMED: thread (33, main, main)
06:55:51.369 INFO: JdwpEventCenterDelegate: THREAD_RESUMED: thread (33, main, main)
06:55:51.383 INFO: JdwpEventCenterDelegate: THREAD_RESUMED: thread (33, main, main)
06:55:51.389 INFO: JdwpEventCenterDelegate: THREAD_RESUMED: thread (33, main, main)
06:55:51.403 INFO: JdwpEventCenterDelegate: THREAD_RESUMED: thread (33, main, main)
06:55:52.792 INFO: JdwpEventCenterDelegate: THREAD_RESUMED: thread (33, main, main)
06:55:52.796 INFO: JdwpEventCenterDelegate: THREAD_RESUMED: thread (33, main, main)
06:55:52.799 INFO: JdwpEventCenterDelegate: THREAD_RESUMED: thread (33, main, main)
06:55:52.803 INFO: JdwpEventCenterDelegate: THREAD_RESUMED: thread (33, main, main)
06:55:52.807 INFO: JdwpEventCenterDelegate: THREAD_RESUMED: thread (33, main, main)
06:55:52.811 INFO: JdwpEventCenterDelegate: THREAD_RESUMED: thread (33, main, main)
06:55:52.815 INFO: JdwpEventCenterDelegate: THREAD_RESUMED: thread (33, main, main)
06:55:52.917 INFO: JdwpEventCenterDelegate: THREAD_STARTED: thread (123, Thread-7, main)
06:56:11.543 INFO: JdwpEventCenterDelegate: THREAD_DETTACHED: thread (123, Thread-7, main)
06:56:22.404 SEVERE: Debugger: Thread HooksChannel socket thread crashed
org.robovm.debugger.DebuggerException: java.io.IOException: org.robovm.libimobiledevice.LibIMobileDeviceException: IDEVICE_E_UNKNOWN_ERROR
	at org.robovm.debugger.hooks.HooksChannel.doSocketWork(HooksChannel.java:149)
	at java.base/java.lang.Thread.run(Thread.java:834)
	at org.robovm.debugger.utils.DebuggerThread.run(DebuggerThread.java:42)
Caused by: java.io.IOException: org.robovm.libimobiledevice.LibIMobileDeviceException: IDEVICE_E_UNKNOWN_ERROR
	at org.robovm.libimobiledevice.IDeviceConnection$DeviceInputStream.read(IDeviceConnection.java:203)
	at org.robovm.debugger.utils.bytebuffer.DataBufferWriter.writeFromStream(DataBufferWriter.java:89)
	at org.robovm.debugger.hooks.HooksChannel.doSocketWork(HooksChannel.java:116)
	... 2 more
Caused by: org.robovm.libimobiledevice.LibIMobileDeviceException: IDEVICE_E_UNKNOWN_ERROR
	at org.robovm.libimobiledevice.IDevice.checkResult(IDevice.java:206)
	at org.robovm.libimobiledevice.IDeviceConnection.receive(IDeviceConnection.java:110)
	at org.robovm.libimobiledevice.IDeviceConnection.receive(IDeviceConnection.java:81)
	at org.robovm.libimobiledevice.IDeviceConnection$DeviceInputStream.read(IDeviceConnection.java:201)
	... 4 more
06:56:22.911 SEVERE: Debugger: Thread JDWP server socket thread crashed
org.robovm.debugger.DebuggerException: java.net.SocketException: Socket closed
	at org.robovm.debugger.jdwp.JdwpDebugServer.doSocketWork(JdwpDebugServer.java:215)
	at java.base/java.lang.Thread.run(Thread.java:834)
	at org.robovm.debugger.utils.DebuggerThread.run(DebuggerThread.java:42)
Caused by: java.net.SocketException: Socket closed
	at java.base/java.net.SocketInputStream.socketRead0(Native Method)
	at java.base/java.net.SocketInputStream.socketRead(SocketInputStream.java:115)
	at java.base/java.net.SocketInputStream.read(SocketInputStream.java:168)
	at java.base/java.net.SocketInputStream.read(SocketInputStream.java:140)
	at org.robovm.debugger.utils.bytebuffer.DataBufferWriter.writeFromStream(DataBufferWriter.java:89)
	at org.robovm.debugger.jdwp.protocol.JdwpRequestHeader.readFromStream(JdwpRequestHeader.java:36)
	at org.robovm.debugger.jdwp.JdwpDebugServer.doSocketWork(JdwpDebugServer.java:185)
	... 2 more
