21:19:57.874 INFO: JdwpDebugServer: handling req: VirtualMachine(1).IDSizes(7)
21:19:57.875 INFO: JdwpDebugServer: handling req: EventRequest(15).Set(1)
21:19:57.875 INFO: JdwpEventCenterDelegate: jdwpSetEventRequest: JdwpEventRequest{requestId=100, eventKind=CLASS_PREPARE, suspendPolicy=NONE, predicates=[]}
21:19:57.875 INFO: JdwpDebugServer: handling req: EventRequest(15).Set(1)
21:19:57.875 INFO: JdwpEventCenterDelegate: jdwpSetEventRequest: JdwpEventRequest{requestId=101, eventKind=CLASS_UNLOAD, suspendPolicy=NONE, predicates=[]}
21:19:57.899 INFO: JdwpDebugServer: handling req: VirtualMachine(1).Version(1)
21:19:57.899 INFO: JdwpDebugServer: handling req: VirtualMachine(1).capabilitiesNew(17)
21:19:57.900 INFO: JdwpDebugServer: handling req: VirtualMachine(1).capabilities(12)
21:19:57.900 INFO: JdwpDebugServer: handling req: VirtualMachine(1).AllClassesWithGeneric(20)
21:19:57.903 INFO: JdwpDebugServer: handling req: VirtualMachine(1).TopLevelThreadGroups(5)
21:19:57.904 INFO: JdwpDebugServer: handling req: EventRequest(15).Set(1)
21:19:57.904 INFO: JdwpEventCenterDelegate: jdwpSetEventRequest: JdwpEventRequest{requestId=102, eventKind=THREAD_START, suspendPolicy=NONE, predicates=[]}
21:19:57.904 INFO: JdwpDebugServer: handling req: EventRequest(15).Set(1)
21:19:57.904 INFO: JdwpEventCenterDelegate: jdwpSetEventRequest: JdwpEventRequest{requestId=103, eventKind=THREAD_DEATH, suspendPolicy=NONE, predicates=[]}
21:19:57.906 INFO: JdwpDebugServer: handling req: EventRequest(15).Set(1)
21:19:57.906 INFO: JdwpEventCenterDelegate: jdwpSetEventRequest: JdwpEventRequest{requestId=104, eventKind=CLASS_PREPARE, suspendPolicy=EVENT_THREAD, predicates=[className=sun.instrument.InstrumentationImpl]}
21:19:57.907 INFO: JdwpDebugServer: handling req: EventRequest(15).Set(1)
21:19:57.907 INFO: JdwpEventCenterDelegate: jdwpSetEventRequest: JdwpEventRequest{requestId=105, eventKind=CLASS_PREPARE, suspendPolicy=EVENT_THREAD, predicates=[className=sun.instrument.InstrumentationImpl]}
21:19:58.494 INFO: JdwpDebugServer: handling req: VirtualMachine(1).Resume(9)
21:19:58.544 INFO: JdwpEventCenterDelegate: THREAD_STARTED: thread (33, main, main)
21:19:58.565 INFO: JdwpEventCenterDelegate: THREAD_STARTED: thread (48, ReferenceQueueDaemon, main)
21:19:58.571 INFO: JdwpEventCenterDelegate: THREAD_STARTED: thread (63, FinalizerDaemon, main)
21:19:58.580 INFO: JdwpEventCenterDelegate: THREAD_STARTED: thread (78, FinalizerWatchdogDaemon, main)
21:19:58.581 INFO: JdwpEventCenterDelegate: THREAD_RESUMED: thread (33, main, main)
21:19:58.583 INFO: JdwpEventCenterDelegate: THREAD_RESUMED: thread (33, main, main)
21:19:58.585 INFO: JdwpEventCenterDelegate: THREAD_RESUMED: thread (33, main, main)
21:19:58.587 INFO: JdwpEventCenterDelegate: THREAD_RESUMED: thread (33, main, main)
21:19:58.588 INFO: JdwpEventCenterDelegate: THREAD_RESUMED: thread (33, main, main)
21:19:58.589 INFO: JdwpEventCenterDelegate: THREAD_RESUMED: thread (33, main, main)
21:19:58.591 INFO: JdwpEventCenterDelegate: THREAD_RESUMED: thread (33, main, main)
21:19:58.592 INFO: JdwpEventCenterDelegate: THREAD_RESUMED: thread (33, main, main)
21:19:58.594 INFO: JdwpEventCenterDelegate: THREAD_RESUMED: thread (33, main, main)
21:19:58.596 INFO: JdwpEventCenterDelegate: THREAD_RESUMED: thread (33, main, main)
21:19:58.597 INFO: JdwpEventCenterDelegate: THREAD_RESUMED: thread (33, main, main)
21:19:58.599 INFO: JdwpEventCenterDelegate: THREAD_RESUMED: thread (33, main, main)
21:19:58.600 INFO: JdwpEventCenterDelegate: THREAD_RESUMED: thread (33, main, main)
21:19:58.602 INFO: JdwpEventCenterDelegate: THREAD_RESUMED: thread (33, main, main)
21:19:58.603 INFO: JdwpEventCenterDelegate: THREAD_RESUMED: thread (33, main, main)
21:19:58.605 INFO: JdwpEventCenterDelegate: THREAD_RESUMED: thread (33, main, main)
21:19:58.607 INFO: JdwpEventCenterDelegate: THREAD_RESUMED: thread (33, main, main)
21:19:58.608 INFO: JdwpEventCenterDelegate: THREAD_RESUMED: thread (33, main, main)
21:19:58.611 INFO: JdwpEventCenterDelegate: THREAD_RESUMED: thread (33, main, main)
21:19:58.613 INFO: JdwpEventCenterDelegate: THREAD_RESUMED: thread (33, main, main)
21:19:58.614 INFO: JdwpEventCenterDelegate: THREAD_RESUMED: thread (33, main, main)
21:19:58.615 INFO: JdwpEventCenterDelegate: THREAD_RESUMED: thread (33, main, main)
21:19:58.617 INFO: JdwpEventCenterDelegate: THREAD_RESUMED: thread (33, main, main)
21:19:58.618 INFO: JdwpEventCenterDelegate: THREAD_RESUMED: thread (33, main, main)
21:19:58.620 INFO: JdwpEventCenterDelegate: THREAD_RESUMED: thread (33, main, main)
21:19:58.651 INFO: JdwpEventCenterDelegate: THREAD_RESUMED: thread (33, main, main)
21:19:58.653 INFO: JdwpEventCenterDelegate: THREAD_RESUMED: thread (33, main, main)
21:19:58.654 INFO: JdwpEventCenterDelegate: THREAD_RESUMED: thread (33, main, main)
21:19:58.656 INFO: JdwpEventCenterDelegate: THREAD_RESUMED: thread (33, main, main)
21:19:58.657 INFO: JdwpEventCenterDelegate: THREAD_RESUMED: thread (33, main, main)
21:19:58.658 INFO: JdwpEventCenterDelegate: THREAD_RESUMED: thread (33, main, main)
21:19:58.660 INFO: JdwpEventCenterDelegate: THREAD_RESUMED: thread (33, main, main)
21:19:58.662 INFO: JdwpEventCenterDelegate: THREAD_RESUMED: thread (33, main, main)
21:19:58.663 INFO: JdwpEventCenterDelegate: THREAD_RESUMED: thread (33, main, main)
21:19:58.665 INFO: JdwpEventCenterDelegate: THREAD_RESUMED: thread (33, main, main)
21:19:58.666 INFO: JdwpEventCenterDelegate: THREAD_RESUMED: thread (33, main, main)
21:19:58.667 INFO: JdwpEventCenterDelegate: THREAD_RESUMED: thread (33, main, main)
21:19:58.668 INFO: JdwpEventCenterDelegate: THREAD_RESUMED: thread (33, main, main)
21:19:58.670 INFO: JdwpEventCenterDelegate: THREAD_RESUMED: thread (33, main, main)
21:19:58.685 INFO: JdwpEventCenterDelegate: THREAD_RESUMED: thread (33, main, main)
21:19:58.686 INFO: JdwpEventCenterDelegate: THREAD_RESUMED: thread (33, main, main)
21:19:58.688 INFO: JdwpEventCenterDelegate: THREAD_RESUMED: thread (33, main, main)
21:19:58.688 INFO: JdwpEventCenterDelegate: THREAD_RESUMED: thread (33, main, main)
21:19:58.690 INFO: JdwpEventCenterDelegate: THREAD_RESUMED: thread (33, main, main)
21:19:58.691 INFO: JdwpEventCenterDelegate: THREAD_RESUMED: thread (33, main, main)
21:19:58.692 INFO: JdwpEventCenterDelegate: THREAD_RESUMED: thread (33, main, main)
21:19:58.715 INFO: JdwpEventCenterDelegate: THREAD_RESUMED: thread (33, main, main)
21:19:58.716 INFO: JdwpEventCenterDelegate: THREAD_RESUMED: thread (33, main, main)
21:19:58.718 INFO: JdwpEventCenterDelegate: THREAD_RESUMED: thread (33, main, main)
21:19:58.720 INFO: JdwpEventCenterDelegate: THREAD_RESUMED: thread (33, main, main)
21:19:58.721 INFO: JdwpEventCenterDelegate: THREAD_RESUMED: thread (33, main, main)
21:19:58.723 INFO: JdwpEventCenterDelegate: THREAD_RESUMED: thread (33, main, main)
21:19:58.724 INFO: JdwpEventCenterDelegate: THREAD_RESUMED: thread (33, main, main)
21:19:58.752 INFO: JdwpEventCenterDelegate: THREAD_RESUMED: thread (33, main, main)
21:19:58.753 INFO: JdwpEventCenterDelegate: THREAD_RESUMED: thread (33, main, main)
21:19:58.754 INFO: JdwpEventCenterDelegate: THREAD_RESUMED: thread (33, main, main)
21:19:58.756 INFO: JdwpEventCenterDelegate: THREAD_RESUMED: thread (33, main, main)
21:19:58.757 INFO: JdwpEventCenterDelegate: THREAD_RESUMED: thread (33, main, main)
21:19:58.759 INFO: JdwpEventCenterDelegate: THREAD_RESUMED: thread (33, main, main)
21:19:58.760 INFO: JdwpEventCenterDelegate: THREAD_RESUMED: thread (33, main, main)
21:19:58.771 INFO: JdwpEventCenterDelegate: THREAD_RESUMED: thread (33, main, main)
21:19:58.772 INFO: JdwpEventCenterDelegate: THREAD_RESUMED: thread (33, main, main)
21:19:58.773 INFO: JdwpEventCenterDelegate: THREAD_RESUMED: thread (33, main, main)
21:19:58.775 INFO: JdwpEventCenterDelegate: THREAD_RESUMED: thread (33, main, main)
21:19:58.776 INFO: JdwpEventCenterDelegate: THREAD_RESUMED: thread (33, main, main)
21:19:58.778 INFO: JdwpEventCenterDelegate: THREAD_RESUMED: thread (33, main, main)
21:19:58.779 INFO: JdwpEventCenterDelegate: THREAD_RESUMED: thread (33, main, main)
21:19:58.789 INFO: JdwpEventCenterDelegate: THREAD_RESUMED: thread (33, main, main)
21:19:58.791 INFO: JdwpEventCenterDelegate: THREAD_RESUMED: thread (33, main, main)
21:19:58.792 INFO: JdwpEventCenterDelegate: THREAD_RESUMED: thread (33, main, main)
21:19:58.794 INFO: JdwpEventCenterDelegate: THREAD_RESUMED: thread (33, main, main)
21:19:58.795 INFO: JdwpEventCenterDelegate: THREAD_RESUMED: thread (33, main, main)
21:19:58.796 INFO: JdwpEventCenterDelegate: THREAD_RESUMED: thread (33, main, main)
21:19:58.798 INFO: JdwpEventCenterDelegate: THREAD_RESUMED: thread (33, main, main)
21:19:58.800 INFO: JdwpEventCenterDelegate: THREAD_RESUMED: thread (33, main, main)
21:19:58.801 INFO: JdwpEventCenterDelegate: THREAD_RESUMED: thread (33, main, main)
21:19:58.802 INFO: JdwpEventCenterDelegate: THREAD_RESUMED: thread (33, main, main)
21:19:58.804 INFO: JdwpEventCenterDelegate: THREAD_RESUMED: thread (33, main, main)
21:19:58.805 INFO: JdwpEventCenterDelegate: THREAD_RESUMED: thread (33, main, main)
21:19:58.806 INFO: JdwpEventCenterDelegate: THREAD_RESUMED: thread (33, main, main)
21:19:58.808 INFO: JdwpEventCenterDelegate: THREAD_RESUMED: thread (33, main, main)
21:19:58.809 INFO: JdwpEventCenterDelegate: THREAD_RESUMED: thread (33, main, main)
21:19:58.810 INFO: JdwpEventCenterDelegate: THREAD_RESUMED: thread (33, main, main)
21:19:58.811 INFO: JdwpEventCenterDelegate: THREAD_RESUMED: thread (33, main, main)
21:19:58.812 INFO: JdwpEventCenterDelegate: THREAD_RESUMED: thread (33, main, main)
21:19:58.815 INFO: JdwpEventCenterDelegate: THREAD_RESUMED: thread (33, main, main)
21:19:58.817 INFO: JdwpEventCenterDelegate: THREAD_RESUMED: thread (33, main, main)
21:19:58.951 INFO: JdwpEventCenterDelegate: THREAD_STARTED: thread (93, AssetManager, main)
21:19:59.098 INFO: JdwpEventCenterDelegate: THREAD_RESUMED: thread (33, main, main)
21:19:59.101 INFO: JdwpEventCenterDelegate: THREAD_RESUMED: thread (33, main, main)
21:20:01.684 INFO: JdwpEventCenterDelegate: THREAD_RESUMED: thread (33, main, main)
21:20:01.792 INFO: JdwpEventCenterDelegate: THREAD_RESUMED: thread (33, main, main)
21:20:01.793 INFO: JdwpEventCenterDelegate: THREAD_RESUMED: thread (33, main, main)
21:20:01.795 INFO: JdwpEventCenterDelegate: THREAD_RESUMED: thread (33, main, main)
21:20:01.797 INFO: JdwpEventCenterDelegate: THREAD_RESUMED: thread (33, main, main)
21:20:01.799 INFO: JdwpEventCenterDelegate: THREAD_RESUMED: thread (33, main, main)
21:20:01.805 INFO: JdwpEventCenterDelegate: THREAD_RESUMED: thread (33, main, main)
21:20:01.817 INFO: JdwpEventCenterDelegate: THREAD_RESUMED: thread (33, main, main)
21:20:01.819 INFO: JdwpEventCenterDelegate: THREAD_RESUMED: thread (33, main, main)
21:20:01.821 INFO: JdwpEventCenterDelegate: THREAD_RESUMED: thread (33, main, main)
21:20:01.823 INFO: JdwpEventCenterDelegate: THREAD_RESUMED: thread (33, main, main)
21:20:01.826 INFO: JdwpEventCenterDelegate: THREAD_RESUMED: thread (33, main, main)
21:20:01.831 INFO: JdwpEventCenterDelegate: THREAD_RESUMED: thread (33, main, main)
21:20:01.845 INFO: JdwpEventCenterDelegate: THREAD_RESUMED: thread (33, main, main)
21:20:01.848 INFO: JdwpEventCenterDelegate: THREAD_RESUMED: thread (33, main, main)
21:20:01.850 INFO: JdwpEventCenterDelegate: THREAD_RESUMED: thread (33, main, main)
21:20:01.852 INFO: JdwpEventCenterDelegate: THREAD_RESUMED: thread (33, main, main)
21:20:01.854 INFO: JdwpEventCenterDelegate: THREAD_RESUMED: thread (33, main, main)
21:20:01.860 INFO: JdwpEventCenterDelegate: THREAD_RESUMED: thread (33, main, main)
21:20:01.878 INFO: JdwpEventCenterDelegate: THREAD_RESUMED: thread (33, main, main)
21:20:01.880 INFO: JdwpEventCenterDelegate: THREAD_RESUMED: thread (33, main, main)
21:20:01.882 INFO: JdwpEventCenterDelegate: THREAD_RESUMED: thread (33, main, main)
21:20:01.884 INFO: JdwpEventCenterDelegate: THREAD_RESUMED: thread (33, main, main)
21:20:01.886 INFO: JdwpEventCenterDelegate: THREAD_RESUMED: thread (33, main, main)
21:20:01.891 INFO: JdwpEventCenterDelegate: THREAD_RESUMED: thread (33, main, main)
21:20:01.906 INFO: JdwpEventCenterDelegate: THREAD_RESUMED: thread (33, main, main)
21:20:01.908 INFO: JdwpEventCenterDelegate: THREAD_RESUMED: thread (33, main, main)
21:20:01.911 INFO: JdwpEventCenterDelegate: THREAD_RESUMED: thread (33, main, main)
21:20:01.913 INFO: JdwpEventCenterDelegate: THREAD_RESUMED: thread (33, main, main)
21:20:01.915 INFO: JdwpEventCenterDelegate: THREAD_RESUMED: thread (33, main, main)
21:20:01.920 INFO: JdwpEventCenterDelegate: THREAD_RESUMED: thread (33, main, main)
21:20:01.938 INFO: JdwpEventCenterDelegate: THREAD_RESUMED: thread (33, main, main)
21:20:01.941 INFO: JdwpEventCenterDelegate: THREAD_RESUMED: thread (33, main, main)
21:20:01.943 INFO: JdwpEventCenterDelegate: THREAD_RESUMED: thread (33, main, main)
21:20:01.946 INFO: JdwpEventCenterDelegate: THREAD_RESUMED: thread (33, main, main)
21:20:01.948 INFO: JdwpEventCenterDelegate: THREAD_RESUMED: thread (33, main, main)
21:20:01.953 INFO: JdwpEventCenterDelegate: THREAD_RESUMED: thread (33, main, main)
21:20:01.972 INFO: JdwpEventCenterDelegate: THREAD_RESUMED: thread (33, main, main)
21:20:01.974 INFO: JdwpEventCenterDelegate: THREAD_RESUMED: thread (33, main, main)
21:20:01.976 INFO: JdwpEventCenterDelegate: THREAD_RESUMED: thread (33, main, main)
21:20:01.978 INFO: JdwpEventCenterDelegate: THREAD_RESUMED: thread (33, main, main)
21:20:01.981 INFO: JdwpEventCenterDelegate: THREAD_RESUMED: thread (33, main, main)
21:20:01.985 INFO: JdwpEventCenterDelegate: THREAD_RESUMED: thread (33, main, main)
21:20:02.004 INFO: JdwpEventCenterDelegate: THREAD_RESUMED: thread (33, main, main)
21:20:02.007 INFO: JdwpEventCenterDelegate: THREAD_RESUMED: thread (33, main, main)
21:20:02.009 INFO: JdwpEventCenterDelegate: THREAD_RESUMED: thread (33, main, main)
21:20:02.010 INFO: JdwpEventCenterDelegate: THREAD_RESUMED: thread (33, main, main)
21:20:02.012 INFO: JdwpEventCenterDelegate: THREAD_RESUMED: thread (33, main, main)
21:20:02.018 INFO: JdwpEventCenterDelegate: THREAD_RESUMED: thread (33, main, main)
21:20:02.036 INFO: JdwpEventCenterDelegate: THREAD_RESUMED: thread (33, main, main)
21:20:02.038 INFO: JdwpEventCenterDelegate: THREAD_RESUMED: thread (33, main, main)
21:20:02.040 INFO: JdwpEventCenterDelegate: THREAD_RESUMED: thread (33, main, main)
21:20:02.043 INFO: JdwpEventCenterDelegate: THREAD_RESUMED: thread (33, main, main)
21:20:02.045 INFO: JdwpEventCenterDelegate: THREAD_RESUMED: thread (33, main, main)
21:20:02.050 INFO: JdwpEventCenterDelegate: THREAD_RESUMED: thread (33, main, main)
21:20:02.069 INFO: JdwpEventCenterDelegate: THREAD_RESUMED: thread (33, main, main)
21:20:02.071 INFO: JdwpEventCenterDelegate: THREAD_RESUMED: thread (33, main, main)
21:20:02.074 INFO: JdwpEventCenterDelegate: THREAD_RESUMED: thread (33, main, main)
21:20:02.076 INFO: JdwpEventCenterDelegate: THREAD_RESUMED: thread (33, main, main)
21:20:02.078 INFO: JdwpEventCenterDelegate: THREAD_RESUMED: thread (33, main, main)
21:20:02.083 INFO: JdwpEventCenterDelegate: THREAD_RESUMED: thread (33, main, main)
21:20:02.098 INFO: JdwpEventCenterDelegate: THREAD_RESUMED: thread (33, main, main)
21:20:02.100 INFO: JdwpEventCenterDelegate: THREAD_RESUMED: thread (33, main, main)
21:20:02.102 INFO: JdwpEventCenterDelegate: THREAD_RESUMED: thread (33, main, main)
21:20:02.104 INFO: JdwpEventCenterDelegate: THREAD_RESUMED: thread (33, main, main)
21:20:02.107 INFO: JdwpEventCenterDelegate: THREAD_RESUMED: thread (33, main, main)
21:20:02.111 INFO: JdwpEventCenterDelegate: THREAD_RESUMED: thread (33, main, main)
21:20:02.131 INFO: JdwpEventCenterDelegate: THREAD_RESUMED: thread (33, main, main)
21:20:02.133 INFO: JdwpEventCenterDelegate: THREAD_RESUMED: thread (33, main, main)
21:20:02.136 INFO: JdwpEventCenterDelegate: THREAD_RESUMED: thread (33, main, main)
21:20:02.138 INFO: JdwpEventCenterDelegate: THREAD_RESUMED: thread (33, main, main)
21:20:02.140 INFO: JdwpEventCenterDelegate: THREAD_RESUMED: thread (33, main, main)
21:20:02.145 INFO: JdwpEventCenterDelegate: THREAD_RESUMED: thread (33, main, main)
21:20:02.167 INFO: JdwpEventCenterDelegate: THREAD_RESUMED: thread (33, main, main)
21:20:02.169 INFO: JdwpEventCenterDelegate: THREAD_RESUMED: thread (33, main, main)
21:20:02.171 INFO: JdwpEventCenterDelegate: THREAD_RESUMED: thread (33, main, main)
21:20:02.174 INFO: JdwpEventCenterDelegate: THREAD_RESUMED: thread (33, main, main)
21:20:02.176 INFO: JdwpEventCenterDelegate: THREAD_RESUMED: thread (33, main, main)
21:20:02.181 INFO: JdwpEventCenterDelegate: THREAD_RESUMED: thread (33, main, main)
21:20:02.199 INFO: JdwpEventCenterDelegate: THREAD_RESUMED: thread (33, main, main)
21:20:02.202 INFO: JdwpEventCenterDelegate: THREAD_RESUMED: thread (33, main, main)
21:20:02.203 INFO: JdwpEventCenterDelegate: THREAD_RESUMED: thread (33, main, main)
21:20:02.205 INFO: JdwpEventCenterDelegate: THREAD_RESUMED: thread (33, main, main)
21:20:02.208 INFO: JdwpEventCenterDelegate: THREAD_RESUMED: thread (33, main, main)
21:20:02.213 INFO: JdwpEventCenterDelegate: THREAD_RESUMED: thread (33, main, main)
21:20:02.226 INFO: JdwpEventCenterDelegate: THREAD_RESUMED: thread (33, main, main)
21:20:02.228 INFO: JdwpEventCenterDelegate: THREAD_RESUMED: thread (33, main, main)
21:20:02.231 INFO: JdwpEventCenterDelegate: THREAD_RESUMED: thread (33, main, main)
21:20:02.233 INFO: JdwpEventCenterDelegate: THREAD_RESUMED: thread (33, main, main)
21:20:02.235 INFO: JdwpEventCenterDelegate: THREAD_RESUMED: thread (33, main, main)
21:20:02.240 INFO: JdwpEventCenterDelegate: THREAD_RESUMED: thread (33, main, main)
21:20:02.243 INFO: JdwpEventCenterDelegate: THREAD_RESUMED: thread (33, main, main)
21:20:02.245 INFO: JdwpEventCenterDelegate: THREAD_RESUMED: thread (33, main, main)
21:20:02.247 INFO: JdwpEventCenterDelegate: THREAD_RESUMED: thread (33, main, main)
21:20:02.249 INFO: JdwpEventCenterDelegate: THREAD_RESUMED: thread (33, main, main)
21:20:02.251 INFO: JdwpEventCenterDelegate: THREAD_RESUMED: thread (33, main, main)
21:20:02.254 INFO: JdwpEventCenterDelegate: THREAD_RESUMED: thread (33, main, main)
21:20:02.258 INFO: JdwpEventCenterDelegate: THREAD_RESUMED: thread (33, main, main)
21:20:02.260 INFO: JdwpEventCenterDelegate: THREAD_RESUMED: thread (33, main, main)
21:20:02.263 INFO: JdwpEventCenterDelegate: THREAD_RESUMED: thread (33, main, main)
21:20:02.265 INFO: JdwpEventCenterDelegate: THREAD_RESUMED: thread (33, main, main)
21:20:02.278 INFO: JdwpEventCenterDelegate: THREAD_RESUMED: thread (33, main, main)
21:20:02.280 INFO: JdwpEventCenterDelegate: THREAD_RESUMED: thread (33, main, main)
21:20:02.282 INFO: JdwpEventCenterDelegate: THREAD_RESUMED: thread (33, main, main)
21:20:02.284 INFO: JdwpEventCenterDelegate: THREAD_RESUMED: thread (33, main, main)
21:20:02.285 INFO: JdwpEventCenterDelegate: THREAD_RESUMED: thread (33, main, main)
21:20:02.290 INFO: JdwpEventCenterDelegate: THREAD_RESUMED: thread (33, main, main)
21:20:02.302 INFO: JdwpEventCenterDelegate: THREAD_RESUMED: thread (33, main, main)
21:20:02.315 INFO: JdwpEventCenterDelegate: THREAD_RESUMED: thread (33, main, main)
21:20:02.326 INFO: JdwpEventCenterDelegate: THREAD_RESUMED: thread (33, main, main)
21:20:02.342 INFO: JdwpEventCenterDelegate: THREAD_RESUMED: thread (33, main, main)
21:20:02.373 INFO: JdwpEventCenterDelegate: THREAD_RESUMED: thread (33, main, main)
21:20:02.375 INFO: JdwpEventCenterDelegate: THREAD_RESUMED: thread (33, main, main)
21:20:02.377 INFO: JdwpEventCenterDelegate: THREAD_RESUMED: thread (33, main, main)
21:20:02.379 INFO: JdwpEventCenterDelegate: THREAD_RESUMED: thread (33, main, main)
21:20:02.381 INFO: JdwpEventCenterDelegate: THREAD_RESUMED: thread (33, main, main)
21:20:02.386 INFO: JdwpEventCenterDelegate: THREAD_RESUMED: thread (33, main, main)
21:20:02.397 INFO: JdwpEventCenterDelegate: THREAD_RESUMED: thread (33, main, main)
21:20:02.400 INFO: JdwpEventCenterDelegate: THREAD_RESUMED: thread (33, main, main)
21:20:02.402 INFO: JdwpEventCenterDelegate: THREAD_RESUMED: thread (33, main, main)
21:20:02.404 INFO: JdwpEventCenterDelegate: THREAD_RESUMED: thread (33, main, main)
21:20:02.406 INFO: JdwpEventCenterDelegate: THREAD_RESUMED: thread (33, main, main)
21:20:02.411 INFO: JdwpEventCenterDelegate: THREAD_RESUMED: thread (33, main, main)
21:20:02.425 INFO: JdwpEventCenterDelegate: THREAD_RESUMED: thread (33, main, main)
21:20:02.427 INFO: JdwpEventCenterDelegate: THREAD_RESUMED: thread (33, main, main)
21:20:02.428 INFO: JdwpEventCenterDelegate: THREAD_RESUMED: thread (33, main, main)
21:20:02.430 INFO: JdwpEventCenterDelegate: THREAD_RESUMED: thread (33, main, main)
21:20:02.432 INFO: JdwpEventCenterDelegate: THREAD_RESUMED: thread (33, main, main)
21:20:02.437 INFO: JdwpEventCenterDelegate: THREAD_RESUMED: thread (33, main, main)
21:20:02.454 INFO: JdwpEventCenterDelegate: THREAD_RESUMED: thread (33, main, main)
21:20:02.456 INFO: JdwpEventCenterDelegate: THREAD_RESUMED: thread (33, main, main)
21:20:02.458 INFO: JdwpEventCenterDelegate: THREAD_RESUMED: thread (33, main, main)
21:20:02.460 INFO: JdwpEventCenterDelegate: THREAD_RESUMED: thread (33, main, main)
21:20:02.463 INFO: JdwpEventCenterDelegate: THREAD_RESUMED: thread (33, main, main)
21:20:02.467 INFO: JdwpEventCenterDelegate: THREAD_RESUMED: thread (33, main, main)
21:20:02.482 INFO: JdwpEventCenterDelegate: THREAD_RESUMED: thread (33, main, main)
21:20:02.484 INFO: JdwpEventCenterDelegate: THREAD_RESUMED: thread (33, main, main)
21:20:02.486 INFO: JdwpEventCenterDelegate: THREAD_RESUMED: thread (33, main, main)
21:20:02.488 INFO: JdwpEventCenterDelegate: THREAD_RESUMED: thread (33, main, main)
21:20:02.490 INFO: JdwpEventCenterDelegate: THREAD_RESUMED: thread (33, main, main)
21:20:02.495 INFO: JdwpEventCenterDelegate: THREAD_RESUMED: thread (33, main, main)
21:20:02.510 INFO: JdwpEventCenterDelegate: THREAD_RESUMED: thread (33, main, main)
21:20:02.512 INFO: JdwpEventCenterDelegate: THREAD_RESUMED: thread (33, main, main)
21:20:02.514 INFO: JdwpEventCenterDelegate: THREAD_RESUMED: thread (33, main, main)
21:20:02.517 INFO: JdwpEventCenterDelegate: THREAD_RESUMED: thread (33, main, main)
21:20:02.519 INFO: JdwpEventCenterDelegate: THREAD_RESUMED: thread (33, main, main)
21:20:02.523 INFO: JdwpEventCenterDelegate: THREAD_RESUMED: thread (33, main, main)
21:20:02.541 INFO: JdwpEventCenterDelegate: THREAD_RESUMED: thread (33, main, main)
21:20:02.543 INFO: JdwpEventCenterDelegate: THREAD_RESUMED: thread (33, main, main)
21:20:02.545 INFO: JdwpEventCenterDelegate: THREAD_RESUMED: thread (33, main, main)
21:20:02.548 INFO: JdwpEventCenterDelegate: THREAD_RESUMED: thread (33, main, main)
21:20:02.550 INFO: JdwpEventCenterDelegate: THREAD_RESUMED: thread (33, main, main)
21:20:02.555 INFO: JdwpEventCenterDelegate: THREAD_RESUMED: thread (33, main, main)
21:20:02.573 INFO: JdwpEventCenterDelegate: THREAD_RESUMED: thread (33, main, main)
21:20:02.575 INFO: JdwpEventCenterDelegate: THREAD_RESUMED: thread (33, main, main)
21:20:02.577 INFO: JdwpEventCenterDelegate: THREAD_RESUMED: thread (33, main, main)
21:20:02.579 INFO: JdwpEventCenterDelegate: THREAD_RESUMED: thread (33, main, main)
21:20:02.581 INFO: JdwpEventCenterDelegate: THREAD_RESUMED: thread (33, main, main)
21:20:02.586 INFO: JdwpEventCenterDelegate: THREAD_RESUMED: thread (33, main, main)
21:20:02.603 INFO: JdwpEventCenterDelegate: THREAD_RESUMED: thread (33, main, main)
21:20:02.606 INFO: JdwpEventCenterDelegate: THREAD_RESUMED: thread (33, main, main)
21:20:02.608 INFO: JdwpEventCenterDelegate: THREAD_RESUMED: thread (33, main, main)
21:20:02.610 INFO: JdwpEventCenterDelegate: THREAD_RESUMED: thread (33, main, main)
21:20:02.612 INFO: JdwpEventCenterDelegate: THREAD_RESUMED: thread (33, main, main)
21:20:02.617 INFO: JdwpEventCenterDelegate: THREAD_RESUMED: thread (33, main, main)
21:20:02.631 INFO: JdwpEventCenterDelegate: THREAD_RESUMED: thread (33, main, main)
21:20:02.633 INFO: JdwpEventCenterDelegate: THREAD_RESUMED: thread (33, main, main)
21:20:02.636 INFO: JdwpEventCenterDelegate: THREAD_RESUMED: thread (33, main, main)
21:20:02.638 INFO: JdwpEventCenterDelegate: THREAD_RESUMED: thread (33, main, main)
21:20:02.640 INFO: JdwpEventCenterDelegate: THREAD_RESUMED: thread (33, main, main)
21:20:02.645 INFO: JdwpEventCenterDelegate: THREAD_RESUMED: thread (33, main, main)
21:20:02.659 INFO: JdwpEventCenterDelegate: THREAD_RESUMED: thread (33, main, main)
21:20:02.661 INFO: JdwpEventCenterDelegate: THREAD_RESUMED: thread (33, main, main)
21:20:02.663 INFO: JdwpEventCenterDelegate: THREAD_RESUMED: thread (33, main, main)
21:20:02.665 INFO: JdwpEventCenterDelegate: THREAD_RESUMED: thread (33, main, main)
21:20:02.668 INFO: JdwpEventCenterDelegate: THREAD_RESUMED: thread (33, main, main)
21:20:02.672 INFO: JdwpEventCenterDelegate: THREAD_RESUMED: thread (33, main, main)
21:20:02.691 INFO: JdwpEventCenterDelegate: THREAD_RESUMED: thread (33, main, main)
21:20:02.693 INFO: JdwpEventCenterDelegate: THREAD_RESUMED: thread (33, main, main)
21:20:02.695 INFO: JdwpEventCenterDelegate: THREAD_RESUMED: thread (33, main, main)
21:20:02.698 INFO: JdwpEventCenterDelegate: THREAD_RESUMED: thread (33, main, main)
21:20:02.700 INFO: JdwpEventCenterDelegate: THREAD_RESUMED: thread (33, main, main)
21:20:02.705 INFO: JdwpEventCenterDelegate: THREAD_RESUMED: thread (33, main, main)
21:20:02.725 INFO: JdwpEventCenterDelegate: THREAD_RESUMED: thread (33, main, main)
21:20:02.728 INFO: JdwpEventCenterDelegate: THREAD_RESUMED: thread (33, main, main)
21:20:02.730 INFO: JdwpEventCenterDelegate: THREAD_RESUMED: thread (33, main, main)
21:20:02.733 INFO: JdwpEventCenterDelegate: THREAD_RESUMED: thread (33, main, main)
21:20:02.735 INFO: JdwpEventCenterDelegate: THREAD_RESUMED: thread (33, main, main)
21:20:02.739 INFO: JdwpEventCenterDelegate: THREAD_RESUMED: thread (33, main, main)
21:20:02.761 INFO: JdwpEventCenterDelegate: THREAD_RESUMED: thread (33, main, main)
21:20:02.764 INFO: JdwpEventCenterDelegate: THREAD_RESUMED: thread (33, main, main)
21:20:02.766 INFO: JdwpEventCenterDelegate: THREAD_RESUMED: thread (33, main, main)
21:20:02.768 INFO: JdwpEventCenterDelegate: THREAD_RESUMED: thread (33, main, main)
21:20:02.770 INFO: JdwpEventCenterDelegate: THREAD_RESUMED: thread (33, main, main)
21:20:02.775 INFO: JdwpEventCenterDelegate: THREAD_RESUMED: thread (33, main, main)
21:20:02.787 INFO: JdwpEventCenterDelegate: THREAD_RESUMED: thread (33, main, main)
21:20:02.790 INFO: JdwpEventCenterDelegate: THREAD_RESUMED: thread (33, main, main)
21:20:02.792 INFO: JdwpEventCenterDelegate: THREAD_RESUMED: thread (33, main, main)
21:20:02.794 INFO: JdwpEventCenterDelegate: THREAD_RESUMED: thread (33, main, main)
21:20:02.796 INFO: JdwpEventCenterDelegate: THREAD_RESUMED: thread (33, main, main)
21:20:30.512 INFO: JdwpEventCenterDelegate: THREAD_STARTED: thread (108, Timer, main)
21:20:31.387 INFO: JdwpEventCenterDelegate: THREAD_RESUMED: thread (33, main, main)
21:20:31.436 INFO: JdwpEventCenterDelegate: THREAD_RESUMED: thread (33, main, main)
21:20:31.455 INFO: JdwpEventCenterDelegate: THREAD_RESUMED: thread (33, main, main)
21:20:31.473 INFO: JdwpEventCenterDelegate: THREAD_RESUMED: thread (33, main, main)
21:20:31.490 INFO: JdwpEventCenterDelegate: THREAD_RESUMED: thread (33, main, main)
21:20:31.505 INFO: JdwpEventCenterDelegate: THREAD_RESUMED: thread (33, main, main)
21:20:31.520 INFO: JdwpEventCenterDelegate: THREAD_RESUMED: thread (33, main, main)
21:20:31.535 INFO: JdwpEventCenterDelegate: THREAD_RESUMED: thread (33, main, main)
21:20:31.547 INFO: JdwpEventCenterDelegate: THREAD_RESUMED: thread (33, main, main)
21:20:31.569 INFO: JdwpEventCenterDelegate: THREAD_RESUMED: thread (33, main, main)
21:20:31.581 INFO: JdwpEventCenterDelegate: THREAD_RESUMED: thread (33, main, main)
21:20:31.594 INFO: JdwpEventCenterDelegate: THREAD_RESUMED: thread (33, main, main)
21:20:31.611 INFO: JdwpEventCenterDelegate: THREAD_RESUMED: thread (33, main, main)
21:20:31.625 INFO: JdwpEventCenterDelegate: THREAD_RESUMED: thread (33, main, main)
21:20:31.640 INFO: JdwpEventCenterDelegate: THREAD_RESUMED: thread (33, main, main)
21:20:31.655 INFO: JdwpEventCenterDelegate: THREAD_RESUMED: thread (33, main, main)
21:20:34.031 INFO: JdwpEventCenterDelegate: THREAD_RESUMED: thread (33, main, main)
21:20:34.034 INFO: JdwpEventCenterDelegate: THREAD_RESUMED: thread (33, main, main)
21:20:34.037 INFO: JdwpEventCenterDelegate: THREAD_RESUMED: thread (33, main, main)
21:20:34.039 INFO: JdwpEventCenterDelegate: THREAD_RESUMED: thread (33, main, main)
21:20:34.042 INFO: JdwpEventCenterDelegate: THREAD_RESUMED: thread (33, main, main)
21:20:34.045 INFO: JdwpEventCenterDelegate: THREAD_RESUMED: thread (33, main, main)
21:20:34.048 INFO: JdwpEventCenterDelegate: THREAD_RESUMED: thread (33, main, main)
21:20:34.091 INFO: JdwpEventCenterDelegate: THREAD_STARTED: thread (123, Thread-7, main)
21:20:50.966 INFO: JdwpEventCenterDelegate: THREAD_STARTED: thread (138, Thread-8, main)
21:20:52.836 INFO: JdwpEventCenterDelegate: THREAD_RESUMED: thread (33, main, main)
21:20:59.328 INFO: JdwpEventCenterDelegate: THREAD_RESUMED: thread (33, main, main)
21:21:00.454 INFO: JdwpEventCenterDelegate: THREAD_DETTACHED: thread (123, Thread-7, main)
21:21:00.531 INFO: JdwpEventCenterDelegate: THREAD_DETTACHED: thread (138, Thread-8, main)
21:21:02.479 INFO: JdwpEventCenterDelegate: THREAD_STARTED: thread (153, Thread-9, main)
21:21:03.095 INFO: JdwpEventCenterDelegate: THREAD_STARTED: thread (168, Thread-10, main)
21:21:03.098 INFO: JdwpEventCenterDelegate: THREAD_RESUMED: thread (33, main, main)
21:21:03.143 INFO: JdwpEventCenterDelegate: THREAD_RESUMED: thread (33, main, main)
21:21:03.164 INFO: JdwpEventCenterDelegate: THREAD_RESUMED: thread (33, main, main)
21:21:03.181 INFO: JdwpEventCenterDelegate: THREAD_RESUMED: thread (33, main, main)
21:21:03.198 INFO: JdwpEventCenterDelegate: THREAD_RESUMED: thread (33, main, main)
21:21:05.519 INFO: JdwpEventCenterDelegate: THREAD_RESUMED: thread (33, main, main)
21:21:05.558 INFO: JdwpEventCenterDelegate: THREAD_RESUMED: thread (33, main, main)
21:21:05.589 INFO: JdwpEventCenterDelegate: THREAD_RESUMED: thread (33, main, main)
21:21:05.607 INFO: JdwpEventCenterDelegate: THREAD_RESUMED: thread (33, main, main)
21:21:05.624 INFO: JdwpEventCenterDelegate: THREAD_RESUMED: thread (33, main, main)
21:21:07.480 INFO: JdwpEventCenterDelegate: THREAD_DETTACHED: thread (168, Thread-10, main)
21:21:07.660 INFO: JdwpEventCenterDelegate: THREAD_STARTED: thread (183, Thread-11, main)
21:21:07.662 INFO: JdwpEventCenterDelegate: THREAD_RESUMED: thread (33, main, main)
21:21:07.694 INFO: JdwpEventCenterDelegate: THREAD_RESUMED: thread (33, main, main)
21:21:07.717 INFO: JdwpEventCenterDelegate: THREAD_RESUMED: thread (33, main, main)
21:21:07.734 INFO: JdwpEventCenterDelegate: THREAD_RESUMED: thread (33, main, main)
21:21:07.774 INFO: JdwpEventCenterDelegate: THREAD_RESUMED: thread (33, main, main)
21:21:07.807 INFO: JdwpEventCenterDelegate: THREAD_RESUMED: thread (33, main, main)
21:21:07.825 INFO: JdwpEventCenterDelegate: THREAD_RESUMED: thread (33, main, main)
21:21:07.840 INFO: JdwpEventCenterDelegate: THREAD_RESUMED: thread (33, main, main)
21:21:07.846 INFO: JdwpEventCenterDelegate: THREAD_RESUMED: thread (33, main, main)
21:21:07.860 INFO: JdwpEventCenterDelegate: THREAD_RESUMED: thread (33, main, main)
21:22:02.549 INFO: JdwpEventCenterDelegate: THREAD_DETTACHED: thread (183, Thread-11, main)
21:24:14.474 INFO: JdwpDebugServer: handling req: VirtualMachine(1).Exit(10)
21:24:14.474 SEVERE: Debugger: Thread JDWP server socket thread crashed
org.robovm.debugger.DebuggerException: Terminating due exit command
	at org.robovm.debugger.jdwp.JdwpDebugServer.doSocketWork(JdwpDebugServer.java:211)
	at java.base/java.lang.Thread.run(Thread.java:834)
	at org.robovm.debugger.utils.DebuggerThread.run(DebuggerThread.java:42)
21:24:14.980 SEVERE: Debugger: Thread HooksChannel socket thread crashed
org.robovm.debugger.DebuggerException: java.io.IOException: org.robovm.libimobiledevice.LibIMobileDeviceException: IDEVICE_E_UNKNOWN_ERROR
	at org.robovm.debugger.hooks.HooksChannel.doSocketWork(HooksChannel.java:149)
	at java.base/java.lang.Thread.run(Thread.java:834)
	at org.robovm.debugger.utils.DebuggerThread.run(DebuggerThread.java:42)
Caused by: java.io.IOException: org.robovm.libimobiledevice.LibIMobileDeviceException: IDEVICE_E_UNKNOWN_ERROR
	at org.robovm.libimobiledevice.IDeviceConnection$DeviceInputStream.read(IDeviceConnection.java:203)
	at org.robovm.debugger.utils.bytebuffer.DataBufferWriter.writeFromStream(DataBufferWriter.java:89)
	at org.robovm.debugger.hooks.HooksChannel.doSocketWork(HooksChannel.java:116)
	... 2 more
Caused by: org.robovm.libimobiledevice.LibIMobileDeviceException: IDEVICE_E_UNKNOWN_ERROR
	at org.robovm.libimobiledevice.IDevice.checkResult(IDevice.java:206)
	at org.robovm.libimobiledevice.IDeviceConnection.receive(IDeviceConnection.java:110)
	at org.robovm.libimobiledevice.IDeviceConnection.receive(IDeviceConnection.java:81)
	at org.robovm.libimobiledevice.IDeviceConnection$DeviceInputStream.read(IDeviceConnection.java:201)
	... 4 more
