16:42:06.770 INFO: JdwpDebugServer: handling req: VirtualMachine(1).IDSizes(7)
16:42:06.771 INFO: JdwpDebugServer: handling req: EventRequest(15).Set(1)
16:42:06.771 INFO: JdwpEventCenterDelegate: jdwpSetEventRequest: JdwpEventRequest{requestId=100, eventKind=CLASS_PREPARE, suspendPolicy=NONE, predicates=[]}
16:42:06.771 INFO: JdwpDebugServer: handling req: EventRequest(15).Set(1)
16:42:06.771 INFO: JdwpEventCenterDelegate: jdwpSetEventRequest: JdwpEventRequest{requestId=101, eventKind=CLASS_UNLOAD, suspendPolicy=NONE, predicates=[]}
16:42:06.787 INFO: JdwpDebugServer: handling req: VirtualMachine(1).Version(1)
16:42:06.787 INFO: JdwpDebugServer: handling req: VirtualMachine(1).capabilitiesNew(17)
16:42:06.787 INFO: JdwpDebugServer: handling req: VirtualMachine(1).capabilities(12)
16:42:06.787 INFO: JdwpDebugServer: handling req: VirtualMachine(1).AllClassesWithGeneric(20)
16:42:06.791 INFO: JdwpDebugServer: handling req: VirtualMachine(1).TopLevelThreadGroups(5)
16:42:06.791 INFO: JdwpDebugServer: handling req: EventRequest(15).Set(1)
16:42:06.791 INFO: JdwpEventCenterDelegate: jdwpSetEventRequest: JdwpEventRequest{requestId=102, eventKind=THREAD_START, suspendPolicy=NONE, predicates=[]}
16:42:06.792 INFO: JdwpDebugServer: handling req: EventRequest(15).Set(1)
16:42:06.792 INFO: JdwpEventCenterDelegate: jdwpSetEventRequest: JdwpEventRequest{requestId=103, eventKind=THREAD_DEATH, suspendPolicy=NONE, predicates=[]}
16:42:06.793 INFO: JdwpDebugServer: handling req: EventRequest(15).Set(1)
16:42:06.793 INFO: JdwpEventCenterDelegate: jdwpSetEventRequest: JdwpEventRequest{requestId=104, eventKind=CLASS_PREPARE, suspendPolicy=EVENT_THREAD, predicates=[className=sun.instrument.InstrumentationImpl]}
16:42:06.793 INFO: JdwpDebugServer: handling req: EventRequest(15).Set(1)
16:42:06.793 INFO: JdwpEventCenterDelegate: jdwpSetEventRequest: JdwpEventRequest{requestId=105, eventKind=CLASS_PREPARE, suspendPolicy=EVENT_THREAD, predicates=[className=sun.instrument.InstrumentationImpl]}
16:42:07.391 INFO: JdwpDebugServer: handling req: VirtualMachine(1).Resume(9)
16:42:07.450 INFO: JdwpEventCenterDelegate: THREAD_STARTED: thread (33, main, main)
16:42:07.468 INFO: JdwpEventCenterDelegate: THREAD_STARTED: thread (48, ReferenceQueueDaemon, main)
16:42:07.475 INFO: JdwpEventCenterDelegate: THREAD_STARTED: thread (63, FinalizerDaemon, main)
16:42:07.481 INFO: JdwpEventCenterDelegate: THREAD_STARTED: thread (78, FinalizerWatchdogDaemon, main)
16:42:07.483 INFO: JdwpEventCenterDelegate: THREAD_RESUMED: thread (33, main, main)
16:42:07.484 INFO: JdwpEventCenterDelegate: THREAD_RESUMED: thread (33, main, main)
16:42:07.486 INFO: JdwpEventCenterDelegate: THREAD_RESUMED: thread (33, main, main)
16:42:07.488 INFO: JdwpEventCenterDelegate: THREAD_RESUMED: thread (33, main, main)
16:42:07.489 INFO: JdwpEventCenterDelegate: THREAD_RESUMED: thread (33, main, main)
16:42:07.491 INFO: JdwpEventCenterDelegate: THREAD_RESUMED: thread (33, main, main)
16:42:07.493 INFO: JdwpEventCenterDelegate: THREAD_RESUMED: thread (33, main, main)
16:42:07.494 INFO: JdwpEventCenterDelegate: THREAD_RESUMED: thread (33, main, main)
16:42:07.496 INFO: JdwpEventCenterDelegate: THREAD_RESUMED: thread (33, main, main)
16:42:07.497 INFO: JdwpEventCenterDelegate: THREAD_RESUMED: thread (33, main, main)
16:42:07.499 INFO: JdwpEventCenterDelegate: THREAD_RESUMED: thread (33, main, main)
16:42:07.500 INFO: JdwpEventCenterDelegate: THREAD_RESUMED: thread (33, main, main)
16:42:07.502 INFO: JdwpEventCenterDelegate: THREAD_RESUMED: thread (33, main, main)
16:42:07.503 INFO: JdwpEventCenterDelegate: THREAD_RESUMED: thread (33, main, main)
16:42:07.505 INFO: JdwpEventCenterDelegate: THREAD_RESUMED: thread (33, main, main)
16:42:07.506 INFO: JdwpEventCenterDelegate: THREAD_RESUMED: thread (33, main, main)
16:42:07.508 INFO: JdwpEventCenterDelegate: THREAD_RESUMED: thread (33, main, main)
16:42:07.509 INFO: JdwpEventCenterDelegate: THREAD_RESUMED: thread (33, main, main)
16:42:07.513 INFO: JdwpEventCenterDelegate: THREAD_RESUMED: thread (33, main, main)
16:42:07.515 INFO: JdwpEventCenterDelegate: THREAD_RESUMED: thread (33, main, main)
16:42:07.516 INFO: JdwpEventCenterDelegate: THREAD_RESUMED: thread (33, main, main)
16:42:07.518 INFO: JdwpEventCenterDelegate: THREAD_RESUMED: thread (33, main, main)
16:42:07.519 INFO: JdwpEventCenterDelegate: THREAD_RESUMED: thread (33, main, main)
16:42:07.521 INFO: JdwpEventCenterDelegate: THREAD_RESUMED: thread (33, main, main)
16:42:07.522 INFO: JdwpEventCenterDelegate: THREAD_RESUMED: thread (33, main, main)
16:42:07.551 INFO: JdwpEventCenterDelegate: THREAD_RESUMED: thread (33, main, main)
16:42:07.553 INFO: JdwpEventCenterDelegate: THREAD_RESUMED: thread (33, main, main)
16:42:07.554 INFO: JdwpEventCenterDelegate: THREAD_RESUMED: thread (33, main, main)
16:42:07.556 INFO: JdwpEventCenterDelegate: THREAD_RESUMED: thread (33, main, main)
16:42:07.557 INFO: JdwpEventCenterDelegate: THREAD_RESUMED: thread (33, main, main)
16:42:07.558 INFO: JdwpEventCenterDelegate: THREAD_RESUMED: thread (33, main, main)
16:42:07.560 INFO: JdwpEventCenterDelegate: THREAD_RESUMED: thread (33, main, main)
16:42:07.563 INFO: JdwpEventCenterDelegate: THREAD_RESUMED: thread (33, main, main)
16:42:07.564 INFO: JdwpEventCenterDelegate: THREAD_RESUMED: thread (33, main, main)
16:42:07.566 INFO: JdwpEventCenterDelegate: THREAD_RESUMED: thread (33, main, main)
16:42:07.568 INFO: JdwpEventCenterDelegate: THREAD_RESUMED: thread (33, main, main)
16:42:07.569 INFO: JdwpEventCenterDelegate: THREAD_RESUMED: thread (33, main, main)
16:42:07.570 INFO: JdwpEventCenterDelegate: THREAD_RESUMED: thread (33, main, main)
16:42:07.571 INFO: JdwpEventCenterDelegate: THREAD_RESUMED: thread (33, main, main)
16:42:07.587 INFO: JdwpEventCenterDelegate: THREAD_RESUMED: thread (33, main, main)
16:42:07.589 INFO: JdwpEventCenterDelegate: THREAD_RESUMED: thread (33, main, main)
16:42:07.590 INFO: JdwpEventCenterDelegate: THREAD_RESUMED: thread (33, main, main)
16:42:07.591 INFO: JdwpEventCenterDelegate: THREAD_RESUMED: thread (33, main, main)
16:42:07.593 INFO: JdwpEventCenterDelegate: THREAD_RESUMED: thread (33, main, main)
16:42:07.594 INFO: JdwpEventCenterDelegate: THREAD_RESUMED: thread (33, main, main)
16:42:07.596 INFO: JdwpEventCenterDelegate: THREAD_RESUMED: thread (33, main, main)
16:42:07.633 INFO: JdwpEventCenterDelegate: THREAD_RESUMED: thread (33, main, main)
16:42:07.634 INFO: JdwpEventCenterDelegate: THREAD_RESUMED: thread (33, main, main)
16:42:07.635 INFO: JdwpEventCenterDelegate: THREAD_RESUMED: thread (33, main, main)
16:42:07.637 INFO: JdwpEventCenterDelegate: THREAD_RESUMED: thread (33, main, main)
16:42:07.638 INFO: JdwpEventCenterDelegate: THREAD_RESUMED: thread (33, main, main)
16:42:07.639 INFO: JdwpEventCenterDelegate: THREAD_RESUMED: thread (33, main, main)
16:42:07.641 INFO: JdwpEventCenterDelegate: THREAD_RESUMED: thread (33, main, main)
16:42:07.655 INFO: JdwpEventCenterDelegate: THREAD_RESUMED: thread (33, main, main)
16:42:07.657 INFO: JdwpEventCenterDelegate: THREAD_RESUMED: thread (33, main, main)
16:42:07.659 INFO: JdwpEventCenterDelegate: THREAD_RESUMED: thread (33, main, main)
16:42:07.661 INFO: JdwpEventCenterDelegate: THREAD_RESUMED: thread (33, main, main)
16:42:07.662 INFO: JdwpEventCenterDelegate: THREAD_RESUMED: thread (33, main, main)
16:42:07.663 INFO: JdwpEventCenterDelegate: THREAD_RESUMED: thread (33, main, main)
16:42:07.665 INFO: JdwpEventCenterDelegate: THREAD_RESUMED: thread (33, main, main)
16:42:07.673 INFO: JdwpEventCenterDelegate: THREAD_RESUMED: thread (33, main, main)
16:42:07.675 INFO: JdwpEventCenterDelegate: THREAD_RESUMED: thread (33, main, main)
16:42:07.677 INFO: JdwpEventCenterDelegate: THREAD_RESUMED: thread (33, main, main)
16:42:07.679 INFO: JdwpEventCenterDelegate: THREAD_RESUMED: thread (33, main, main)
16:42:07.680 INFO: JdwpEventCenterDelegate: THREAD_RESUMED: thread (33, main, main)
16:42:07.682 INFO: JdwpEventCenterDelegate: THREAD_RESUMED: thread (33, main, main)
16:42:07.684 INFO: JdwpEventCenterDelegate: THREAD_RESUMED: thread (33, main, main)
16:42:07.685 INFO: JdwpEventCenterDelegate: THREAD_RESUMED: thread (33, main, main)
16:42:07.686 INFO: JdwpEventCenterDelegate: THREAD_RESUMED: thread (33, main, main)
16:42:07.688 INFO: JdwpEventCenterDelegate: THREAD_RESUMED: thread (33, main, main)
16:42:07.689 INFO: JdwpEventCenterDelegate: THREAD_RESUMED: thread (33, main, main)
16:42:07.691 INFO: JdwpEventCenterDelegate: THREAD_RESUMED: thread (33, main, main)
16:42:07.693 INFO: JdwpEventCenterDelegate: THREAD_RESUMED: thread (33, main, main)
16:42:07.695 INFO: JdwpEventCenterDelegate: THREAD_RESUMED: thread (33, main, main)
16:42:07.696 INFO: JdwpEventCenterDelegate: THREAD_RESUMED: thread (33, main, main)
16:42:07.697 INFO: JdwpEventCenterDelegate: THREAD_RESUMED: thread (33, main, main)
16:42:07.699 INFO: JdwpEventCenterDelegate: THREAD_RESUMED: thread (33, main, main)
16:42:07.701 INFO: JdwpEventCenterDelegate: THREAD_RESUMED: thread (33, main, main)
16:42:07.705 INFO: JdwpEventCenterDelegate: THREAD_RESUMED: thread (33, main, main)
16:42:07.707 INFO: JdwpEventCenterDelegate: THREAD_RESUMED: thread (33, main, main)
16:42:07.835 INFO: JdwpEventCenterDelegate: THREAD_STARTED: thread (93, AssetManager, main)
16:42:07.940 INFO: JdwpEventCenterDelegate: THREAD_RESUMED: thread (33, main, main)
16:42:07.942 INFO: JdwpEventCenterDelegate: THREAD_RESUMED: thread (33, main, main)
16:42:10.512 INFO: JdwpEventCenterDelegate: THREAD_RESUMED: thread (33, main, main)
16:42:10.612 INFO: JdwpEventCenterDelegate: THREAD_RESUMED: thread (33, main, main)
16:42:10.614 INFO: JdwpEventCenterDelegate: THREAD_RESUMED: thread (33, main, main)
16:42:10.616 INFO: JdwpEventCenterDelegate: THREAD_RESUMED: thread (33, main, main)
16:42:10.618 INFO: JdwpEventCenterDelegate: THREAD_RESUMED: thread (33, main, main)
16:42:10.620 INFO: JdwpEventCenterDelegate: THREAD_RESUMED: thread (33, main, main)
16:42:10.625 INFO: JdwpEventCenterDelegate: THREAD_RESUMED: thread (33, main, main)
16:42:10.637 INFO: JdwpEventCenterDelegate: THREAD_RESUMED: thread (33, main, main)
16:42:10.639 INFO: JdwpEventCenterDelegate: THREAD_RESUMED: thread (33, main, main)
16:42:10.641 INFO: JdwpEventCenterDelegate: THREAD_RESUMED: thread (33, main, main)
16:42:10.643 INFO: JdwpEventCenterDelegate: THREAD_RESUMED: thread (33, main, main)
16:42:10.645 INFO: JdwpEventCenterDelegate: THREAD_RESUMED: thread (33, main, main)
16:42:10.649 INFO: JdwpEventCenterDelegate: THREAD_RESUMED: thread (33, main, main)
16:42:10.664 INFO: JdwpEventCenterDelegate: THREAD_RESUMED: thread (33, main, main)
16:42:10.666 INFO: JdwpEventCenterDelegate: THREAD_RESUMED: thread (33, main, main)
16:42:10.668 INFO: JdwpEventCenterDelegate: THREAD_RESUMED: thread (33, main, main)
16:42:10.670 INFO: JdwpEventCenterDelegate: THREAD_RESUMED: thread (33, main, main)
16:42:10.672 INFO: JdwpEventCenterDelegate: THREAD_RESUMED: thread (33, main, main)
16:42:10.676 INFO: JdwpEventCenterDelegate: THREAD_RESUMED: thread (33, main, main)
16:42:10.694 INFO: JdwpEventCenterDelegate: THREAD_RESUMED: thread (33, main, main)
16:42:10.697 INFO: JdwpEventCenterDelegate: THREAD_RESUMED: thread (33, main, main)
16:42:10.699 INFO: JdwpEventCenterDelegate: THREAD_RESUMED: thread (33, main, main)
16:42:10.701 INFO: JdwpEventCenterDelegate: THREAD_RESUMED: thread (33, main, main)
16:42:10.703 INFO: JdwpEventCenterDelegate: THREAD_RESUMED: thread (33, main, main)
16:42:10.708 INFO: JdwpEventCenterDelegate: THREAD_RESUMED: thread (33, main, main)
16:42:10.723 INFO: JdwpEventCenterDelegate: THREAD_RESUMED: thread (33, main, main)
16:42:10.725 INFO: JdwpEventCenterDelegate: THREAD_RESUMED: thread (33, main, main)
16:42:10.727 INFO: JdwpEventCenterDelegate: THREAD_RESUMED: thread (33, main, main)
16:42:10.730 INFO: JdwpEventCenterDelegate: THREAD_RESUMED: thread (33, main, main)
16:42:10.732 INFO: JdwpEventCenterDelegate: THREAD_RESUMED: thread (33, main, main)
16:42:10.737 INFO: JdwpEventCenterDelegate: THREAD_RESUMED: thread (33, main, main)
16:42:10.752 INFO: JdwpEventCenterDelegate: THREAD_RESUMED: thread (33, main, main)
16:42:10.754 INFO: JdwpEventCenterDelegate: THREAD_RESUMED: thread (33, main, main)
16:42:10.756 INFO: JdwpEventCenterDelegate: THREAD_RESUMED: thread (33, main, main)
16:42:10.759 INFO: JdwpEventCenterDelegate: THREAD_RESUMED: thread (33, main, main)
16:42:10.761 INFO: JdwpEventCenterDelegate: THREAD_RESUMED: thread (33, main, main)
16:42:10.766 INFO: JdwpEventCenterDelegate: THREAD_RESUMED: thread (33, main, main)
16:42:10.787 INFO: JdwpEventCenterDelegate: THREAD_RESUMED: thread (33, main, main)
16:42:10.789 INFO: JdwpEventCenterDelegate: THREAD_RESUMED: thread (33, main, main)
16:42:10.792 INFO: JdwpEventCenterDelegate: THREAD_RESUMED: thread (33, main, main)
16:42:10.794 INFO: JdwpEventCenterDelegate: THREAD_RESUMED: thread (33, main, main)
16:42:10.796 INFO: JdwpEventCenterDelegate: THREAD_RESUMED: thread (33, main, main)
16:42:10.801 INFO: JdwpEventCenterDelegate: THREAD_RESUMED: thread (33, main, main)
16:42:10.821 INFO: JdwpEventCenterDelegate: THREAD_RESUMED: thread (33, main, main)
16:42:10.823 INFO: JdwpEventCenterDelegate: THREAD_RESUMED: thread (33, main, main)
16:42:10.825 INFO: JdwpEventCenterDelegate: THREAD_RESUMED: thread (33, main, main)
16:42:10.827 INFO: JdwpEventCenterDelegate: THREAD_RESUMED: thread (33, main, main)
16:42:10.829 INFO: JdwpEventCenterDelegate: THREAD_RESUMED: thread (33, main, main)
16:42:10.834 INFO: JdwpEventCenterDelegate: THREAD_RESUMED: thread (33, main, main)
16:42:10.852 INFO: JdwpEventCenterDelegate: THREAD_RESUMED: thread (33, main, main)
16:42:10.854 INFO: JdwpEventCenterDelegate: THREAD_RESUMED: thread (33, main, main)
16:42:10.856 INFO: JdwpEventCenterDelegate: THREAD_RESUMED: thread (33, main, main)
16:42:10.858 INFO: JdwpEventCenterDelegate: THREAD_RESUMED: thread (33, main, main)
16:42:10.861 INFO: JdwpEventCenterDelegate: THREAD_RESUMED: thread (33, main, main)
16:42:10.865 INFO: JdwpEventCenterDelegate: THREAD_RESUMED: thread (33, main, main)
16:42:10.880 INFO: JdwpEventCenterDelegate: THREAD_RESUMED: thread (33, main, main)
16:42:10.883 INFO: JdwpEventCenterDelegate: THREAD_RESUMED: thread (33, main, main)
16:42:10.885 INFO: JdwpEventCenterDelegate: THREAD_RESUMED: thread (33, main, main)
16:42:10.886 INFO: JdwpEventCenterDelegate: THREAD_RESUMED: thread (33, main, main)
16:42:10.889 INFO: JdwpEventCenterDelegate: THREAD_RESUMED: thread (33, main, main)
16:42:10.893 INFO: JdwpEventCenterDelegate: THREAD_RESUMED: thread (33, main, main)
16:42:10.907 INFO: JdwpEventCenterDelegate: THREAD_RESUMED: thread (33, main, main)
16:42:10.910 INFO: JdwpEventCenterDelegate: THREAD_RESUMED: thread (33, main, main)
16:42:10.912 INFO: JdwpEventCenterDelegate: THREAD_RESUMED: thread (33, main, main)
16:42:10.914 INFO: JdwpEventCenterDelegate: THREAD_RESUMED: thread (33, main, main)
16:42:10.916 INFO: JdwpEventCenterDelegate: THREAD_RESUMED: thread (33, main, main)
16:42:10.921 INFO: JdwpEventCenterDelegate: THREAD_RESUMED: thread (33, main, main)
16:42:10.943 INFO: JdwpEventCenterDelegate: THREAD_RESUMED: thread (33, main, main)
16:42:10.946 INFO: JdwpEventCenterDelegate: THREAD_RESUMED: thread (33, main, main)
16:42:10.948 INFO: JdwpEventCenterDelegate: THREAD_RESUMED: thread (33, main, main)
16:42:10.950 INFO: JdwpEventCenterDelegate: THREAD_RESUMED: thread (33, main, main)
16:42:10.953 INFO: JdwpEventCenterDelegate: THREAD_RESUMED: thread (33, main, main)
16:42:10.958 INFO: JdwpEventCenterDelegate: THREAD_RESUMED: thread (33, main, main)
16:42:10.980 INFO: JdwpEventCenterDelegate: THREAD_RESUMED: thread (33, main, main)
16:42:10.982 INFO: JdwpEventCenterDelegate: THREAD_RESUMED: thread (33, main, main)
16:42:10.984 INFO: JdwpEventCenterDelegate: THREAD_RESUMED: thread (33, main, main)
16:42:10.986 INFO: JdwpEventCenterDelegate: THREAD_RESUMED: thread (33, main, main)
16:42:10.989 INFO: JdwpEventCenterDelegate: THREAD_RESUMED: thread (33, main, main)
16:42:10.993 INFO: JdwpEventCenterDelegate: THREAD_RESUMED: thread (33, main, main)
16:42:11.012 INFO: JdwpEventCenterDelegate: THREAD_RESUMED: thread (33, main, main)
16:42:11.014 INFO: JdwpEventCenterDelegate: THREAD_RESUMED: thread (33, main, main)
16:42:11.016 INFO: JdwpEventCenterDelegate: THREAD_RESUMED: thread (33, main, main)
16:42:11.019 INFO: JdwpEventCenterDelegate: THREAD_RESUMED: thread (33, main, main)
16:42:11.021 INFO: JdwpEventCenterDelegate: THREAD_RESUMED: thread (33, main, main)
16:42:11.025 INFO: JdwpEventCenterDelegate: THREAD_RESUMED: thread (33, main, main)
16:42:11.039 INFO: JdwpEventCenterDelegate: THREAD_RESUMED: thread (33, main, main)
16:42:11.041 INFO: JdwpEventCenterDelegate: THREAD_RESUMED: thread (33, main, main)
16:42:11.043 INFO: JdwpEventCenterDelegate: THREAD_RESUMED: thread (33, main, main)
16:42:11.045 INFO: JdwpEventCenterDelegate: THREAD_RESUMED: thread (33, main, main)
16:42:11.047 INFO: JdwpEventCenterDelegate: THREAD_RESUMED: thread (33, main, main)
16:42:11.052 INFO: JdwpEventCenterDelegate: THREAD_RESUMED: thread (33, main, main)
16:42:11.055 INFO: JdwpEventCenterDelegate: THREAD_RESUMED: thread (33, main, main)
16:42:11.057 INFO: JdwpEventCenterDelegate: THREAD_RESUMED: thread (33, main, main)
16:42:11.059 INFO: JdwpEventCenterDelegate: THREAD_RESUMED: thread (33, main, main)
16:42:11.062 INFO: JdwpEventCenterDelegate: THREAD_RESUMED: thread (33, main, main)
16:42:11.064 INFO: JdwpEventCenterDelegate: THREAD_RESUMED: thread (33, main, main)
16:42:11.066 INFO: JdwpEventCenterDelegate: THREAD_RESUMED: thread (33, main, main)
16:42:11.071 INFO: JdwpEventCenterDelegate: THREAD_RESUMED: thread (33, main, main)
16:42:11.073 INFO: JdwpEventCenterDelegate: THREAD_RESUMED: thread (33, main, main)
16:42:11.075 INFO: JdwpEventCenterDelegate: THREAD_RESUMED: thread (33, main, main)
16:42:11.078 INFO: JdwpEventCenterDelegate: THREAD_RESUMED: thread (33, main, main)
16:42:11.089 INFO: JdwpEventCenterDelegate: THREAD_RESUMED: thread (33, main, main)
16:42:11.091 INFO: JdwpEventCenterDelegate: THREAD_RESUMED: thread (33, main, main)
16:42:11.093 INFO: JdwpEventCenterDelegate: THREAD_RESUMED: thread (33, main, main)
16:42:11.095 INFO: JdwpEventCenterDelegate: THREAD_RESUMED: thread (33, main, main)
16:42:11.097 INFO: JdwpEventCenterDelegate: THREAD_RESUMED: thread (33, main, main)
16:42:11.102 INFO: JdwpEventCenterDelegate: THREAD_RESUMED: thread (33, main, main)
16:42:11.114 INFO: JdwpEventCenterDelegate: THREAD_RESUMED: thread (33, main, main)
16:42:11.128 INFO: JdwpEventCenterDelegate: THREAD_RESUMED: thread (33, main, main)
16:42:11.139 INFO: JdwpEventCenterDelegate: THREAD_RESUMED: thread (33, main, main)
16:42:11.152 INFO: JdwpEventCenterDelegate: THREAD_RESUMED: thread (33, main, main)
16:42:11.182 INFO: JdwpEventCenterDelegate: THREAD_RESUMED: thread (33, main, main)
16:42:11.184 INFO: JdwpEventCenterDelegate: THREAD_RESUMED: thread (33, main, main)
16:42:11.186 INFO: JdwpEventCenterDelegate: THREAD_RESUMED: thread (33, main, main)
16:42:11.189 INFO: JdwpEventCenterDelegate: THREAD_RESUMED: thread (33, main, main)
16:42:11.191 INFO: JdwpEventCenterDelegate: THREAD_RESUMED: thread (33, main, main)
16:42:11.196 INFO: JdwpEventCenterDelegate: THREAD_RESUMED: thread (33, main, main)
16:42:11.207 INFO: JdwpEventCenterDelegate: THREAD_RESUMED: thread (33, main, main)
16:42:11.210 INFO: JdwpEventCenterDelegate: THREAD_RESUMED: thread (33, main, main)
16:42:11.212 INFO: JdwpEventCenterDelegate: THREAD_RESUMED: thread (33, main, main)
16:42:11.214 INFO: JdwpEventCenterDelegate: THREAD_RESUMED: thread (33, main, main)
16:42:11.216 INFO: JdwpEventCenterDelegate: THREAD_RESUMED: thread (33, main, main)
16:42:11.221 INFO: JdwpEventCenterDelegate: THREAD_RESUMED: thread (33, main, main)
16:42:11.238 INFO: JdwpEventCenterDelegate: THREAD_RESUMED: thread (33, main, main)
16:42:11.240 INFO: JdwpEventCenterDelegate: THREAD_RESUMED: thread (33, main, main)
16:42:11.243 INFO: JdwpEventCenterDelegate: THREAD_RESUMED: thread (33, main, main)
16:42:11.245 INFO: JdwpEventCenterDelegate: THREAD_RESUMED: thread (33, main, main)
16:42:11.247 INFO: JdwpEventCenterDelegate: THREAD_RESUMED: thread (33, main, main)
16:42:11.252 INFO: JdwpEventCenterDelegate: THREAD_RESUMED: thread (33, main, main)
16:42:11.269 INFO: JdwpEventCenterDelegate: THREAD_RESUMED: thread (33, main, main)
16:42:11.271 INFO: JdwpEventCenterDelegate: THREAD_RESUMED: thread (33, main, main)
16:42:11.274 INFO: JdwpEventCenterDelegate: THREAD_RESUMED: thread (33, main, main)
16:42:11.276 INFO: JdwpEventCenterDelegate: THREAD_RESUMED: thread (33, main, main)
16:42:11.278 INFO: JdwpEventCenterDelegate: THREAD_RESUMED: thread (33, main, main)
16:42:11.283 INFO: JdwpEventCenterDelegate: THREAD_RESUMED: thread (33, main, main)
16:42:11.298 INFO: JdwpEventCenterDelegate: THREAD_RESUMED: thread (33, main, main)
16:42:11.300 INFO: JdwpEventCenterDelegate: THREAD_RESUMED: thread (33, main, main)
16:42:11.302 INFO: JdwpEventCenterDelegate: THREAD_RESUMED: thread (33, main, main)
16:42:11.304 INFO: JdwpEventCenterDelegate: THREAD_RESUMED: thread (33, main, main)
16:42:11.306 INFO: JdwpEventCenterDelegate: THREAD_RESUMED: thread (33, main, main)
16:42:11.310 INFO: JdwpEventCenterDelegate: THREAD_RESUMED: thread (33, main, main)
16:42:11.325 INFO: JdwpEventCenterDelegate: THREAD_RESUMED: thread (33, main, main)
16:42:11.327 INFO: JdwpEventCenterDelegate: THREAD_RESUMED: thread (33, main, main)
16:42:11.329 INFO: JdwpEventCenterDelegate: THREAD_RESUMED: thread (33, main, main)
16:42:11.331 INFO: JdwpEventCenterDelegate: THREAD_RESUMED: thread (33, main, main)
16:42:11.334 INFO: JdwpEventCenterDelegate: THREAD_RESUMED: thread (33, main, main)
16:42:11.338 INFO: JdwpEventCenterDelegate: THREAD_RESUMED: thread (33, main, main)
16:42:11.356 INFO: JdwpEventCenterDelegate: THREAD_RESUMED: thread (33, main, main)
16:42:11.358 INFO: JdwpEventCenterDelegate: THREAD_RESUMED: thread (33, main, main)
16:42:11.360 INFO: JdwpEventCenterDelegate: THREAD_RESUMED: thread (33, main, main)
16:42:11.362 INFO: JdwpEventCenterDelegate: THREAD_RESUMED: thread (33, main, main)
16:42:11.363 INFO: JdwpEventCenterDelegate: THREAD_RESUMED: thread (33, main, main)
16:42:11.368 INFO: JdwpEventCenterDelegate: THREAD_RESUMED: thread (33, main, main)
16:42:11.385 INFO: JdwpEventCenterDelegate: THREAD_RESUMED: thread (33, main, main)
16:42:11.387 INFO: JdwpEventCenterDelegate: THREAD_RESUMED: thread (33, main, main)
16:42:11.389 INFO: JdwpEventCenterDelegate: THREAD_RESUMED: thread (33, main, main)
16:42:11.391 INFO: JdwpEventCenterDelegate: THREAD_RESUMED: thread (33, main, main)
16:42:11.393 INFO: JdwpEventCenterDelegate: THREAD_RESUMED: thread (33, main, main)
16:42:11.397 INFO: JdwpEventCenterDelegate: THREAD_RESUMED: thread (33, main, main)
16:42:11.414 INFO: JdwpEventCenterDelegate: THREAD_RESUMED: thread (33, main, main)
16:42:11.416 INFO: JdwpEventCenterDelegate: THREAD_RESUMED: thread (33, main, main)
16:42:11.418 INFO: JdwpEventCenterDelegate: THREAD_RESUMED: thread (33, main, main)
16:42:11.420 INFO: JdwpEventCenterDelegate: THREAD_RESUMED: thread (33, main, main)
16:42:11.422 INFO: JdwpEventCenterDelegate: THREAD_RESUMED: thread (33, main, main)
16:42:11.426 INFO: JdwpEventCenterDelegate: THREAD_RESUMED: thread (33, main, main)
16:42:11.444 INFO: JdwpEventCenterDelegate: THREAD_RESUMED: thread (33, main, main)
16:42:11.446 INFO: JdwpEventCenterDelegate: THREAD_RESUMED: thread (33, main, main)
16:42:11.448 INFO: JdwpEventCenterDelegate: THREAD_RESUMED: thread (33, main, main)
16:42:11.450 INFO: JdwpEventCenterDelegate: THREAD_RESUMED: thread (33, main, main)
16:42:11.453 INFO: JdwpEventCenterDelegate: THREAD_RESUMED: thread (33, main, main)
16:42:11.457 INFO: JdwpEventCenterDelegate: THREAD_RESUMED: thread (33, main, main)
16:42:11.471 INFO: JdwpEventCenterDelegate: THREAD_RESUMED: thread (33, main, main)
16:42:11.474 INFO: JdwpEventCenterDelegate: THREAD_RESUMED: thread (33, main, main)
16:42:11.476 INFO: JdwpEventCenterDelegate: THREAD_RESUMED: thread (33, main, main)
16:42:11.478 INFO: JdwpEventCenterDelegate: THREAD_RESUMED: thread (33, main, main)
16:42:11.480 INFO: JdwpEventCenterDelegate: THREAD_RESUMED: thread (33, main, main)
16:42:11.484 INFO: JdwpEventCenterDelegate: THREAD_RESUMED: thread (33, main, main)
16:42:11.503 INFO: JdwpEventCenterDelegate: THREAD_RESUMED: thread (33, main, main)
16:42:11.505 INFO: JdwpEventCenterDelegate: THREAD_RESUMED: thread (33, main, main)
16:42:11.507 INFO: JdwpEventCenterDelegate: THREAD_RESUMED: thread (33, main, main)
16:42:11.509 INFO: JdwpEventCenterDelegate: THREAD_RESUMED: thread (33, main, main)
16:42:11.511 INFO: JdwpEventCenterDelegate: THREAD_RESUMED: thread (33, main, main)
16:42:11.516 INFO: JdwpEventCenterDelegate: THREAD_RESUMED: thread (33, main, main)
16:42:11.537 INFO: JdwpEventCenterDelegate: THREAD_RESUMED: thread (33, main, main)
16:42:11.539 INFO: JdwpEventCenterDelegate: THREAD_RESUMED: thread (33, main, main)
16:42:11.542 INFO: JdwpEventCenterDelegate: THREAD_RESUMED: thread (33, main, main)
16:42:11.544 INFO: JdwpEventCenterDelegate: THREAD_RESUMED: thread (33, main, main)
16:42:11.546 INFO: JdwpEventCenterDelegate: THREAD_RESUMED: thread (33, main, main)
16:42:11.551 INFO: JdwpEventCenterDelegate: THREAD_RESUMED: thread (33, main, main)
16:42:11.568 INFO: JdwpEventCenterDelegate: THREAD_RESUMED: thread (33, main, main)
16:42:11.570 INFO: JdwpEventCenterDelegate: THREAD_RESUMED: thread (33, main, main)
16:42:11.572 INFO: JdwpEventCenterDelegate: THREAD_RESUMED: thread (33, main, main)
16:42:11.575 INFO: JdwpEventCenterDelegate: THREAD_RESUMED: thread (33, main, main)
16:42:11.577 INFO: JdwpEventCenterDelegate: THREAD_RESUMED: thread (33, main, main)
16:42:11.582 INFO: JdwpEventCenterDelegate: THREAD_RESUMED: thread (33, main, main)
16:42:11.594 INFO: JdwpEventCenterDelegate: THREAD_RESUMED: thread (33, main, main)
16:42:11.597 INFO: JdwpEventCenterDelegate: THREAD_RESUMED: thread (33, main, main)
16:42:11.599 INFO: JdwpEventCenterDelegate: THREAD_RESUMED: thread (33, main, main)
16:42:11.601 INFO: JdwpEventCenterDelegate: THREAD_RESUMED: thread (33, main, main)
16:42:11.603 INFO: JdwpEventCenterDelegate: THREAD_RESUMED: thread (33, main, main)
16:42:17.891 INFO: JdwpEventCenterDelegate: THREAD_STARTED: thread (108, Timer, main)
16:42:18.783 INFO: JdwpEventCenterDelegate: THREAD_RESUMED: thread (33, main, main)
16:42:18.816 INFO: JdwpEventCenterDelegate: THREAD_RESUMED: thread (33, main, main)
16:42:18.841 INFO: JdwpEventCenterDelegate: THREAD_RESUMED: thread (33, main, main)
16:42:18.858 INFO: JdwpEventCenterDelegate: THREAD_RESUMED: thread (33, main, main)
16:42:18.900 INFO: JdwpEventCenterDelegate: THREAD_RESUMED: thread (33, main, main)
16:42:18.934 INFO: JdwpEventCenterDelegate: THREAD_RESUMED: thread (33, main, main)
16:42:18.951 INFO: JdwpEventCenterDelegate: THREAD_RESUMED: thread (33, main, main)
16:42:18.966 INFO: JdwpEventCenterDelegate: THREAD_RESUMED: thread (33, main, main)
16:42:18.973 INFO: JdwpEventCenterDelegate: THREAD_RESUMED: thread (33, main, main)
16:42:18.987 INFO: JdwpEventCenterDelegate: THREAD_RESUMED: thread (33, main, main)
16:42:19.018 INFO: JdwpEventCenterDelegate: THREAD_RESUMED: thread (33, main, main)
16:42:19.030 INFO: JdwpEventCenterDelegate: THREAD_RESUMED: thread (33, main, main)
16:42:19.042 INFO: JdwpEventCenterDelegate: THREAD_RESUMED: thread (33, main, main)
16:42:19.055 INFO: JdwpEventCenterDelegate: THREAD_RESUMED: thread (33, main, main)
16:42:19.089 INFO: JdwpEventCenterDelegate: THREAD_RESUMED: thread (33, main, main)
16:42:19.122 INFO: JdwpEventCenterDelegate: THREAD_RESUMED: thread (33, main, main)
16:42:19.138 INFO: JdwpEventCenterDelegate: THREAD_RESUMED: thread (33, main, main)
16:42:19.152 INFO: JdwpEventCenterDelegate: THREAD_RESUMED: thread (33, main, main)
16:42:19.158 INFO: JdwpEventCenterDelegate: THREAD_RESUMED: thread (33, main, main)
16:42:19.172 INFO: JdwpEventCenterDelegate: THREAD_RESUMED: thread (33, main, main)
16:44:38.178 INFO: JdwpDebugServer: handling req: VirtualMachine(1).Exit(10)
16:44:38.178 SEVERE: Debugger: Thread JDWP server socket thread crashed
org.robovm.debugger.DebuggerException: Terminating due exit command
	at org.robovm.debugger.jdwp.JdwpDebugServer.doSocketWork(JdwpDebugServer.java:211)
	at java.base/java.lang.Thread.run(Thread.java:834)
	at org.robovm.debugger.utils.DebuggerThread.run(DebuggerThread.java:42)
16:44:38.684 SEVERE: Debugger: Thread HooksChannel socket thread crashed
org.robovm.debugger.DebuggerException: java.io.IOException: org.robovm.libimobiledevice.LibIMobileDeviceException: IDEVICE_E_UNKNOWN_ERROR
	at org.robovm.debugger.hooks.HooksChannel.doSocketWork(HooksChannel.java:149)
	at java.base/java.lang.Thread.run(Thread.java:834)
	at org.robovm.debugger.utils.DebuggerThread.run(DebuggerThread.java:42)
Caused by: java.io.IOException: org.robovm.libimobiledevice.LibIMobileDeviceException: IDEVICE_E_UNKNOWN_ERROR
	at org.robovm.libimobiledevice.IDeviceConnection$DeviceInputStream.read(IDeviceConnection.java:203)
	at org.robovm.debugger.utils.bytebuffer.DataBufferWriter.writeFromStream(DataBufferWriter.java:89)
	at org.robovm.debugger.hooks.HooksChannel.doSocketWork(HooksChannel.java:116)
	... 2 more
Caused by: org.robovm.libimobiledevice.LibIMobileDeviceException: IDEVICE_E_UNKNOWN_ERROR
	at org.robovm.libimobiledevice.IDevice.checkResult(IDevice.java:206)
	at org.robovm.libimobiledevice.IDeviceConnection.receive(IDeviceConnection.java:110)
	at org.robovm.libimobiledevice.IDeviceConnection.receive(IDeviceConnection.java:81)
	at org.robovm.libimobiledevice.IDeviceConnection$DeviceInputStream.read(IDeviceConnection.java:201)
	... 4 more
