21:12:05.646 INFO: JdwpDebugServer: handling req: VirtualMachine(1).IDSizes(7)
21:12:05.646 INFO: JdwpDebugServer: handling req: EventRequest(15).Set(1)
21:12:05.646 INFO: JdwpEventCenterDelegate: jdwpSetEventRequest: JdwpEventRequest{requestId=100, eventKind=CLASS_PREPARE, suspendPolicy=NONE, predicates=[]}
21:12:05.646 INFO: JdwpDebugServer: handling req: EventRequest(15).Set(1)
21:12:05.646 INFO: JdwpEventCenterDelegate: jdwpSetEventRequest: JdwpEventRequest{requestId=101, eventKind=CLASS_UNLOAD, suspendPolicy=NONE, predicates=[]}
21:12:05.671 INFO: JdwpDebugServer: handling req: VirtualMachine(1).Version(1)
21:12:05.671 INFO: JdwpDebugServer: handling req: VirtualMachine(1).capabilitiesNew(17)
21:12:05.671 INFO: JdwpDebugServer: handling req: VirtualMachine(1).capabilities(12)
21:12:05.671 INFO: JdwpDebugServer: handling req: VirtualMachine(1).AllClassesWithGeneric(20)
21:12:05.675 INFO: JdwpDebugServer: handling req: VirtualMachine(1).TopLevelThreadGroups(5)
21:12:05.676 INFO: JdwpDebugServer: handling req: EventRequest(15).Set(1)
21:12:05.676 INFO: JdwpEventCenterDelegate: jdwpSetEventRequest: JdwpEventRequest{requestId=102, eventKind=THREAD_START, suspendPolicy=NONE, predicates=[]}
21:12:05.676 INFO: JdwpDebugServer: handling req: EventRequest(15).Set(1)
21:12:05.676 INFO: JdwpEventCenterDelegate: jdwpSetEventRequest: JdwpEventRequest{requestId=103, eventKind=THREAD_DEATH, suspendPolicy=NONE, predicates=[]}
21:12:05.759 INFO: JdwpDebugServer: handling req: EventRequest(15).Set(1)
21:12:05.759 INFO: JdwpEventCenterDelegate: jdwpSetEventRequest: JdwpEventRequest{requestId=104, eventKind=CLASS_PREPARE, suspendPolicy=EVENT_THREAD, predicates=[className=sun.instrument.InstrumentationImpl]}
21:12:05.760 INFO: JdwpDebugServer: handling req: EventRequest(15).Set(1)
21:12:05.760 INFO: JdwpEventCenterDelegate: jdwpSetEventRequest: JdwpEventRequest{requestId=105, eventKind=CLASS_PREPARE, suspendPolicy=EVENT_THREAD, predicates=[className=sun.instrument.InstrumentationImpl]}
21:12:06.307 INFO: JdwpDebugServer: handling req: VirtualMachine(1).Resume(9)
21:12:06.354 INFO: JdwpEventCenterDelegate: THREAD_STARTED: thread (33, main, main)
21:12:06.379 INFO: JdwpEventCenterDelegate: THREAD_STARTED: thread (48, ReferenceQueueDaemon, main)
21:12:06.384 INFO: JdwpEventCenterDelegate: THREAD_STARTED: thread (63, FinalizerDaemon, main)
21:12:06.389 INFO: JdwpEventCenterDelegate: THREAD_STARTED: thread (78, FinalizerWatchdogDaemon, main)
21:12:06.391 INFO: JdwpEventCenterDelegate: THREAD_RESUMED: thread (33, main, main)
21:12:06.392 INFO: JdwpEventCenterDelegate: THREAD_RESUMED: thread (33, main, main)
21:12:06.393 INFO: JdwpEventCenterDelegate: THREAD_RESUMED: thread (33, main, main)
21:12:06.394 INFO: JdwpEventCenterDelegate: THREAD_RESUMED: thread (33, main, main)
21:12:06.395 INFO: JdwpEventCenterDelegate: THREAD_RESUMED: thread (33, main, main)
21:12:06.396 INFO: JdwpEventCenterDelegate: THREAD_RESUMED: thread (33, main, main)
21:12:06.397 INFO: JdwpEventCenterDelegate: THREAD_RESUMED: thread (33, main, main)
21:12:06.398 INFO: JdwpEventCenterDelegate: THREAD_RESUMED: thread (33, main, main)
21:12:06.399 INFO: JdwpEventCenterDelegate: THREAD_RESUMED: thread (33, main, main)
21:12:06.400 INFO: JdwpEventCenterDelegate: THREAD_RESUMED: thread (33, main, main)
21:12:06.401 INFO: JdwpEventCenterDelegate: THREAD_RESUMED: thread (33, main, main)
21:12:06.402 INFO: JdwpEventCenterDelegate: THREAD_RESUMED: thread (33, main, main)
21:12:06.403 INFO: JdwpEventCenterDelegate: THREAD_RESUMED: thread (33, main, main)
21:12:06.404 INFO: JdwpEventCenterDelegate: THREAD_RESUMED: thread (33, main, main)
21:12:06.405 INFO: JdwpEventCenterDelegate: THREAD_RESUMED: thread (33, main, main)
21:12:06.406 INFO: JdwpEventCenterDelegate: THREAD_RESUMED: thread (33, main, main)
21:12:06.408 INFO: JdwpEventCenterDelegate: THREAD_RESUMED: thread (33, main, main)
21:12:06.409 INFO: JdwpEventCenterDelegate: THREAD_RESUMED: thread (33, main, main)
21:12:06.413 INFO: JdwpEventCenterDelegate: THREAD_RESUMED: thread (33, main, main)
21:12:06.414 INFO: JdwpEventCenterDelegate: THREAD_RESUMED: thread (33, main, main)
21:12:06.415 INFO: JdwpEventCenterDelegate: THREAD_RESUMED: thread (33, main, main)
21:12:06.416 INFO: JdwpEventCenterDelegate: THREAD_RESUMED: thread (33, main, main)
21:12:06.417 INFO: JdwpEventCenterDelegate: THREAD_RESUMED: thread (33, main, main)
21:12:06.418 INFO: JdwpEventCenterDelegate: THREAD_RESUMED: thread (33, main, main)
21:12:06.419 INFO: JdwpEventCenterDelegate: THREAD_RESUMED: thread (33, main, main)
21:12:06.450 INFO: JdwpEventCenterDelegate: THREAD_RESUMED: thread (33, main, main)
21:12:06.452 INFO: JdwpEventCenterDelegate: THREAD_RESUMED: thread (33, main, main)
21:12:06.453 INFO: JdwpEventCenterDelegate: THREAD_RESUMED: thread (33, main, main)
21:12:06.454 INFO: JdwpEventCenterDelegate: THREAD_RESUMED: thread (33, main, main)
21:12:06.455 INFO: JdwpEventCenterDelegate: THREAD_RESUMED: thread (33, main, main)
21:12:06.456 INFO: JdwpEventCenterDelegate: THREAD_RESUMED: thread (33, main, main)
21:12:06.457 INFO: JdwpEventCenterDelegate: THREAD_RESUMED: thread (33, main, main)
21:12:06.460 INFO: JdwpEventCenterDelegate: THREAD_RESUMED: thread (33, main, main)
21:12:06.461 INFO: JdwpEventCenterDelegate: THREAD_RESUMED: thread (33, main, main)
21:12:06.462 INFO: JdwpEventCenterDelegate: THREAD_RESUMED: thread (33, main, main)
21:12:06.463 INFO: JdwpEventCenterDelegate: THREAD_RESUMED: thread (33, main, main)
21:12:06.464 INFO: JdwpEventCenterDelegate: THREAD_RESUMED: thread (33, main, main)
21:12:06.465 INFO: JdwpEventCenterDelegate: THREAD_RESUMED: thread (33, main, main)
21:12:06.466 INFO: JdwpEventCenterDelegate: THREAD_RESUMED: thread (33, main, main)
21:12:06.479 INFO: JdwpEventCenterDelegate: THREAD_RESUMED: thread (33, main, main)
21:12:06.480 INFO: JdwpEventCenterDelegate: THREAD_RESUMED: thread (33, main, main)
21:12:06.481 INFO: JdwpEventCenterDelegate: THREAD_RESUMED: thread (33, main, main)
21:12:06.483 INFO: JdwpEventCenterDelegate: THREAD_RESUMED: thread (33, main, main)
21:12:06.484 INFO: JdwpEventCenterDelegate: THREAD_RESUMED: thread (33, main, main)
21:12:06.485 INFO: JdwpEventCenterDelegate: THREAD_RESUMED: thread (33, main, main)
21:12:06.486 INFO: JdwpEventCenterDelegate: THREAD_RESUMED: thread (33, main, main)
21:12:06.506 INFO: JdwpEventCenterDelegate: THREAD_RESUMED: thread (33, main, main)
21:12:06.507 INFO: JdwpEventCenterDelegate: THREAD_RESUMED: thread (33, main, main)
21:12:06.508 INFO: JdwpEventCenterDelegate: THREAD_RESUMED: thread (33, main, main)
21:12:06.509 INFO: JdwpEventCenterDelegate: THREAD_RESUMED: thread (33, main, main)
21:12:06.510 INFO: JdwpEventCenterDelegate: THREAD_RESUMED: thread (33, main, main)
21:12:06.512 INFO: JdwpEventCenterDelegate: THREAD_RESUMED: thread (33, main, main)
21:12:06.513 INFO: JdwpEventCenterDelegate: THREAD_RESUMED: thread (33, main, main)
21:12:06.535 SEVERE: Debugger: Thread HooksChannel socket thread crashed
org.robovm.debugger.DebuggerException: java.io.IOException: org.robovm.libimobiledevice.LibIMobileDeviceException: IDEVICE_E_UNKNOWN_ERROR
	at org.robovm.debugger.hooks.HooksChannel.doSocketWork(HooksChannel.java:149)
	at java.base/java.lang.Thread.run(Thread.java:834)
	at org.robovm.debugger.utils.DebuggerThread.run(DebuggerThread.java:42)
Caused by: java.io.IOException: org.robovm.libimobiledevice.LibIMobileDeviceException: IDEVICE_E_UNKNOWN_ERROR
	at org.robovm.libimobiledevice.IDeviceConnection$DeviceInputStream.read(IDeviceConnection.java:203)
	at org.robovm.debugger.utils.bytebuffer.DataBufferWriter.writeFromStream(DataBufferWriter.java:89)
	at org.robovm.debugger.hooks.HooksChannel.doSocketWork(HooksChannel.java:116)
	... 2 more
Caused by: org.robovm.libimobiledevice.LibIMobileDeviceException: IDEVICE_E_UNKNOWN_ERROR
	at org.robovm.libimobiledevice.IDevice.checkResult(IDevice.java:206)
	at org.robovm.libimobiledevice.IDeviceConnection.receive(IDeviceConnection.java:110)
	at org.robovm.libimobiledevice.IDeviceConnection.receive(IDeviceConnection.java:81)
	at org.robovm.libimobiledevice.IDeviceConnection$DeviceInputStream.read(IDeviceConnection.java:201)
	... 4 more
21:12:06.545 INFO: JdwpDebugServer: handling req: VirtualMachine(1).Exit(10)
21:12:06.545 SEVERE: Debugger: Thread JDWP server socket thread crashed
org.robovm.debugger.DebuggerException: Terminating due exit command
	at org.robovm.debugger.jdwp.JdwpDebugServer.doSocketWork(JdwpDebugServer.java:211)
	at java.base/java.lang.Thread.run(Thread.java:834)
	at org.robovm.debugger.utils.DebuggerThread.run(DebuggerThread.java:42)
