08:28:26.157 INFO: JdwpDebugServer: handling req: VirtualMachine(1).IDSizes(7)
08:28:26.158 INFO: JdwpDebugServer: handling req: EventRequest(15).Set(1)
08:28:26.158 INFO: JdwpEventCenterDelegate: jdwpSetEventRequest: JdwpEventRequest{requestId=100, eventKind=CLASS_PREPARE, suspendPolicy=NONE, predicates=[]}
08:28:26.158 INFO: JdwpDebugServer: handling req: EventRequest(15).Set(1)
08:28:26.158 INFO: JdwpEventCenterDelegate: jdwpSetEventRequest: JdwpEventRequest{requestId=101, eventKind=CLASS_UNLOAD, suspendPolicy=NONE, predicates=[]}
08:28:26.174 INFO: JdwpDebugServer: handling req: VirtualMachine(1).Version(1)
08:28:26.174 INFO: JdwpDebugServer: handling req: VirtualMachine(1).capabilitiesNew(17)
08:28:26.174 INFO: JdwpDebugServer: handling req: VirtualMachine(1).capabilities(12)
08:28:26.174 INFO: JdwpDebugServer: handling req: VirtualMachine(1).AllClassesWithGeneric(20)
08:28:26.177 INFO: JdwpDebugServer: handling req: VirtualMachine(1).TopLevelThreadGroups(5)
08:28:26.178 INFO: JdwpDebugServer: handling req: EventRequest(15).Set(1)
08:28:26.178 INFO: JdwpEventCenterDelegate: jdwpSetEventRequest: JdwpEventRequest{requestId=102, eventKind=THREAD_START, suspendPolicy=NONE, predicates=[]}
08:28:26.178 INFO: JdwpDebugServer: handling req: EventRequest(15).Set(1)
08:28:26.178 INFO: JdwpEventCenterDelegate: jdwpSetEventRequest: JdwpEventRequest{requestId=103, eventKind=THREAD_DEATH, suspendPolicy=NONE, predicates=[]}
08:28:26.180 INFO: JdwpDebugServer: handling req: EventRequest(15).Set(1)
08:28:26.180 INFO: JdwpEventCenterDelegate: jdwpSetEventRequest: JdwpEventRequest{requestId=104, eventKind=CLASS_PREPARE, suspendPolicy=EVENT_THREAD, predicates=[className=sun.instrument.InstrumentationImpl]}
08:28:26.180 INFO: JdwpDebugServer: handling req: EventRequest(15).Set(1)
08:28:26.180 INFO: JdwpEventCenterDelegate: jdwpSetEventRequest: JdwpEventRequest{requestId=105, eventKind=CLASS_PREPARE, suspendPolicy=EVENT_THREAD, predicates=[className=sun.instrument.InstrumentationImpl]}
08:28:26.776 INFO: JdwpDebugServer: handling req: VirtualMachine(1).Resume(9)
08:28:26.829 INFO: JdwpEventCenterDelegate: THREAD_STARTED: thread (33, main, main)
08:28:26.852 INFO: JdwpEventCenterDelegate: THREAD_STARTED: thread (48, ReferenceQueueDaemon, main)
08:28:26.858 INFO: JdwpEventCenterDelegate: THREAD_STARTED: thread (63, FinalizerDaemon, main)
08:28:26.864 INFO: JdwpEventCenterDelegate: THREAD_STARTED: thread (78, FinalizerWatchdogDaemon, main)
08:28:26.867 INFO: JdwpEventCenterDelegate: THREAD_RESUMED: thread (33, main, main)
08:28:26.868 INFO: JdwpEventCenterDelegate: THREAD_RESUMED: thread (33, main, main)
08:28:26.869 INFO: JdwpEventCenterDelegate: THREAD_RESUMED: thread (33, main, main)
08:28:26.870 INFO: JdwpEventCenterDelegate: THREAD_RESUMED: thread (33, main, main)
08:28:26.872 INFO: JdwpEventCenterDelegate: THREAD_RESUMED: thread (33, main, main)
08:28:26.873 INFO: JdwpEventCenterDelegate: THREAD_RESUMED: thread (33, main, main)
08:28:26.874 INFO: JdwpEventCenterDelegate: THREAD_RESUMED: thread (33, main, main)
08:28:26.875 INFO: JdwpEventCenterDelegate: THREAD_RESUMED: thread (33, main, main)
08:28:26.876 INFO: JdwpEventCenterDelegate: THREAD_RESUMED: thread (33, main, main)
08:28:26.878 INFO: JdwpEventCenterDelegate: THREAD_RESUMED: thread (33, main, main)
08:28:26.879 INFO: JdwpEventCenterDelegate: THREAD_RESUMED: thread (33, main, main)
08:28:26.880 INFO: JdwpEventCenterDelegate: THREAD_RESUMED: thread (33, main, main)
08:28:26.881 INFO: JdwpEventCenterDelegate: THREAD_RESUMED: thread (33, main, main)
08:28:26.883 INFO: JdwpEventCenterDelegate: THREAD_RESUMED: thread (33, main, main)
08:28:26.884 INFO: JdwpEventCenterDelegate: THREAD_RESUMED: thread (33, main, main)
08:28:26.885 INFO: JdwpEventCenterDelegate: THREAD_RESUMED: thread (33, main, main)
08:28:26.886 INFO: JdwpEventCenterDelegate: THREAD_RESUMED: thread (33, main, main)
08:28:26.887 INFO: JdwpEventCenterDelegate: THREAD_RESUMED: thread (33, main, main)
08:28:26.891 INFO: JdwpEventCenterDelegate: THREAD_RESUMED: thread (33, main, main)
08:28:26.893 INFO: JdwpEventCenterDelegate: THREAD_RESUMED: thread (33, main, main)
08:28:26.894 INFO: JdwpEventCenterDelegate: THREAD_RESUMED: thread (33, main, main)
08:28:26.895 INFO: JdwpEventCenterDelegate: THREAD_RESUMED: thread (33, main, main)
08:28:26.897 INFO: JdwpEventCenterDelegate: THREAD_RESUMED: thread (33, main, main)
08:28:26.898 INFO: JdwpEventCenterDelegate: THREAD_RESUMED: thread (33, main, main)
08:28:26.900 INFO: JdwpEventCenterDelegate: THREAD_RESUMED: thread (33, main, main)
08:28:26.933 INFO: JdwpEventCenterDelegate: THREAD_RESUMED: thread (33, main, main)
08:28:26.935 INFO: JdwpEventCenterDelegate: THREAD_RESUMED: thread (33, main, main)
08:28:26.936 INFO: JdwpEventCenterDelegate: THREAD_RESUMED: thread (33, main, main)
08:28:26.938 INFO: JdwpEventCenterDelegate: THREAD_RESUMED: thread (33, main, main)
08:28:26.940 INFO: JdwpEventCenterDelegate: THREAD_RESUMED: thread (33, main, main)
08:28:26.941 INFO: JdwpEventCenterDelegate: THREAD_RESUMED: thread (33, main, main)
08:28:26.942 INFO: JdwpEventCenterDelegate: THREAD_RESUMED: thread (33, main, main)
08:28:26.945 INFO: JdwpEventCenterDelegate: THREAD_RESUMED: thread (33, main, main)
08:28:26.947 INFO: JdwpEventCenterDelegate: THREAD_RESUMED: thread (33, main, main)
08:28:26.948 INFO: JdwpEventCenterDelegate: THREAD_RESUMED: thread (33, main, main)
08:28:26.950 INFO: JdwpEventCenterDelegate: THREAD_RESUMED: thread (33, main, main)
08:28:26.951 INFO: JdwpEventCenterDelegate: THREAD_RESUMED: thread (33, main, main)
08:28:26.952 INFO: JdwpEventCenterDelegate: THREAD_RESUMED: thread (33, main, main)
08:28:26.954 INFO: JdwpEventCenterDelegate: THREAD_RESUMED: thread (33, main, main)
08:28:26.969 INFO: JdwpEventCenterDelegate: THREAD_RESUMED: thread (33, main, main)
08:28:26.971 INFO: JdwpEventCenterDelegate: THREAD_RESUMED: thread (33, main, main)
08:28:26.973 INFO: JdwpEventCenterDelegate: THREAD_RESUMED: thread (33, main, main)
08:28:26.974 INFO: JdwpEventCenterDelegate: THREAD_RESUMED: thread (33, main, main)
08:28:26.977 INFO: JdwpEventCenterDelegate: THREAD_RESUMED: thread (33, main, main)
08:28:26.979 INFO: JdwpEventCenterDelegate: THREAD_RESUMED: thread (33, main, main)
08:28:26.980 INFO: JdwpEventCenterDelegate: THREAD_RESUMED: thread (33, main, main)
08:28:27.022 INFO: JdwpEventCenterDelegate: THREAD_RESUMED: thread (33, main, main)
08:28:27.023 INFO: JdwpEventCenterDelegate: THREAD_RESUMED: thread (33, main, main)
08:28:27.025 INFO: JdwpEventCenterDelegate: THREAD_RESUMED: thread (33, main, main)
08:28:27.026 INFO: JdwpEventCenterDelegate: THREAD_RESUMED: thread (33, main, main)
08:28:27.028 INFO: JdwpEventCenterDelegate: THREAD_RESUMED: thread (33, main, main)
08:28:27.029 INFO: JdwpEventCenterDelegate: THREAD_RESUMED: thread (33, main, main)
08:28:27.031 INFO: JdwpEventCenterDelegate: THREAD_RESUMED: thread (33, main, main)
08:28:27.043 INFO: JdwpEventCenterDelegate: THREAD_RESUMED: thread (33, main, main)
08:28:27.044 INFO: JdwpEventCenterDelegate: THREAD_RESUMED: thread (33, main, main)
08:28:27.046 INFO: JdwpEventCenterDelegate: THREAD_RESUMED: thread (33, main, main)
08:28:27.047 INFO: JdwpEventCenterDelegate: THREAD_RESUMED: thread (33, main, main)
08:28:27.048 INFO: JdwpEventCenterDelegate: THREAD_RESUMED: thread (33, main, main)
08:28:27.050 INFO: JdwpEventCenterDelegate: THREAD_RESUMED: thread (33, main, main)
08:28:27.051 INFO: JdwpEventCenterDelegate: THREAD_RESUMED: thread (33, main, main)
08:28:27.060 INFO: JdwpEventCenterDelegate: THREAD_RESUMED: thread (33, main, main)
08:28:27.062 INFO: JdwpEventCenterDelegate: THREAD_RESUMED: thread (33, main, main)
08:28:27.063 INFO: JdwpEventCenterDelegate: THREAD_RESUMED: thread (33, main, main)
08:28:27.065 INFO: JdwpEventCenterDelegate: THREAD_RESUMED: thread (33, main, main)
08:28:27.067 INFO: JdwpEventCenterDelegate: THREAD_RESUMED: thread (33, main, main)
08:28:27.068 INFO: JdwpEventCenterDelegate: THREAD_RESUMED: thread (33, main, main)
08:28:27.069 INFO: JdwpEventCenterDelegate: THREAD_RESUMED: thread (33, main, main)
08:28:27.071 INFO: JdwpEventCenterDelegate: THREAD_RESUMED: thread (33, main, main)
08:28:27.073 INFO: JdwpEventCenterDelegate: THREAD_RESUMED: thread (33, main, main)
08:28:27.074 INFO: JdwpEventCenterDelegate: THREAD_RESUMED: thread (33, main, main)
08:28:27.076 INFO: JdwpEventCenterDelegate: THREAD_RESUMED: thread (33, main, main)
08:28:27.078 INFO: JdwpEventCenterDelegate: THREAD_RESUMED: thread (33, main, main)
08:28:27.080 INFO: JdwpEventCenterDelegate: THREAD_RESUMED: thread (33, main, main)
08:28:27.081 INFO: JdwpEventCenterDelegate: THREAD_RESUMED: thread (33, main, main)
08:28:27.083 INFO: JdwpEventCenterDelegate: THREAD_RESUMED: thread (33, main, main)
08:28:27.084 INFO: JdwpEventCenterDelegate: THREAD_RESUMED: thread (33, main, main)
08:28:27.086 INFO: JdwpEventCenterDelegate: THREAD_RESUMED: thread (33, main, main)
08:28:27.088 INFO: JdwpEventCenterDelegate: THREAD_RESUMED: thread (33, main, main)
08:28:27.093 INFO: JdwpEventCenterDelegate: THREAD_RESUMED: thread (33, main, main)
08:28:27.094 INFO: JdwpEventCenterDelegate: THREAD_RESUMED: thread (33, main, main)
08:28:27.215 INFO: JdwpEventCenterDelegate: THREAD_STARTED: thread (93, AssetManager, main)
08:28:27.321 INFO: JdwpEventCenterDelegate: THREAD_RESUMED: thread (33, main, main)
08:28:27.323 INFO: JdwpEventCenterDelegate: THREAD_RESUMED: thread (33, main, main)
08:28:29.908 INFO: JdwpEventCenterDelegate: THREAD_RESUMED: thread (33, main, main)
08:28:30.006 INFO: JdwpEventCenterDelegate: THREAD_RESUMED: thread (33, main, main)
08:28:30.007 INFO: JdwpEventCenterDelegate: THREAD_RESUMED: thread (33, main, main)
08:28:30.009 INFO: JdwpEventCenterDelegate: THREAD_RESUMED: thread (33, main, main)
08:28:30.011 INFO: JdwpEventCenterDelegate: THREAD_RESUMED: thread (33, main, main)
08:28:30.012 INFO: JdwpEventCenterDelegate: THREAD_RESUMED: thread (33, main, main)
08:28:30.018 INFO: JdwpEventCenterDelegate: THREAD_RESUMED: thread (33, main, main)
08:28:30.030 INFO: JdwpEventCenterDelegate: THREAD_RESUMED: thread (33, main, main)
08:28:30.033 INFO: JdwpEventCenterDelegate: THREAD_RESUMED: thread (33, main, main)
08:28:30.035 INFO: JdwpEventCenterDelegate: THREAD_RESUMED: thread (33, main, main)
08:28:30.037 INFO: JdwpEventCenterDelegate: THREAD_RESUMED: thread (33, main, main)
08:28:30.039 INFO: JdwpEventCenterDelegate: THREAD_RESUMED: thread (33, main, main)
08:28:30.044 INFO: JdwpEventCenterDelegate: THREAD_RESUMED: thread (33, main, main)
08:28:30.059 INFO: JdwpEventCenterDelegate: THREAD_RESUMED: thread (33, main, main)
08:28:30.061 INFO: JdwpEventCenterDelegate: THREAD_RESUMED: thread (33, main, main)
08:28:30.063 INFO: JdwpEventCenterDelegate: THREAD_RESUMED: thread (33, main, main)
08:28:30.066 INFO: JdwpEventCenterDelegate: THREAD_RESUMED: thread (33, main, main)
08:28:30.068 INFO: JdwpEventCenterDelegate: THREAD_RESUMED: thread (33, main, main)
08:28:30.073 INFO: JdwpEventCenterDelegate: THREAD_RESUMED: thread (33, main, main)
08:28:30.091 INFO: JdwpEventCenterDelegate: THREAD_RESUMED: thread (33, main, main)
08:28:30.094 INFO: JdwpEventCenterDelegate: THREAD_RESUMED: thread (33, main, main)
08:28:30.096 INFO: JdwpEventCenterDelegate: THREAD_RESUMED: thread (33, main, main)
08:28:30.098 INFO: JdwpEventCenterDelegate: THREAD_RESUMED: thread (33, main, main)
08:28:30.100 INFO: JdwpEventCenterDelegate: THREAD_RESUMED: thread (33, main, main)
08:28:30.105 INFO: JdwpEventCenterDelegate: THREAD_RESUMED: thread (33, main, main)
08:28:30.121 INFO: JdwpEventCenterDelegate: THREAD_RESUMED: thread (33, main, main)
08:28:30.123 INFO: JdwpEventCenterDelegate: THREAD_RESUMED: thread (33, main, main)
08:28:30.125 INFO: JdwpEventCenterDelegate: THREAD_RESUMED: thread (33, main, main)
08:28:30.128 INFO: JdwpEventCenterDelegate: THREAD_RESUMED: thread (33, main, main)
08:28:30.130 INFO: JdwpEventCenterDelegate: THREAD_RESUMED: thread (33, main, main)
08:28:30.135 INFO: JdwpEventCenterDelegate: THREAD_RESUMED: thread (33, main, main)
08:28:30.150 INFO: JdwpEventCenterDelegate: THREAD_RESUMED: thread (33, main, main)
08:28:30.152 INFO: JdwpEventCenterDelegate: THREAD_RESUMED: thread (33, main, main)
08:28:30.155 INFO: JdwpEventCenterDelegate: THREAD_RESUMED: thread (33, main, main)
08:28:30.157 INFO: JdwpEventCenterDelegate: THREAD_RESUMED: thread (33, main, main)
08:28:30.159 INFO: JdwpEventCenterDelegate: THREAD_RESUMED: thread (33, main, main)
08:28:30.164 INFO: JdwpEventCenterDelegate: THREAD_RESUMED: thread (33, main, main)
08:28:30.186 INFO: JdwpEventCenterDelegate: THREAD_RESUMED: thread (33, main, main)
08:28:30.188 INFO: JdwpEventCenterDelegate: THREAD_RESUMED: thread (33, main, main)
08:28:30.190 INFO: JdwpEventCenterDelegate: THREAD_RESUMED: thread (33, main, main)
08:28:30.192 INFO: JdwpEventCenterDelegate: THREAD_RESUMED: thread (33, main, main)
08:28:30.194 INFO: JdwpEventCenterDelegate: THREAD_RESUMED: thread (33, main, main)
08:28:30.199 INFO: JdwpEventCenterDelegate: THREAD_RESUMED: thread (33, main, main)
08:28:30.219 INFO: JdwpEventCenterDelegate: THREAD_RESUMED: thread (33, main, main)
08:28:30.221 INFO: JdwpEventCenterDelegate: THREAD_RESUMED: thread (33, main, main)
08:28:30.223 INFO: JdwpEventCenterDelegate: THREAD_RESUMED: thread (33, main, main)
08:28:30.226 INFO: JdwpEventCenterDelegate: THREAD_RESUMED: thread (33, main, main)
08:28:30.228 INFO: JdwpEventCenterDelegate: THREAD_RESUMED: thread (33, main, main)
08:28:30.233 INFO: JdwpEventCenterDelegate: THREAD_RESUMED: thread (33, main, main)
08:28:30.251 INFO: JdwpEventCenterDelegate: THREAD_RESUMED: thread (33, main, main)
08:28:30.253 INFO: JdwpEventCenterDelegate: THREAD_RESUMED: thread (33, main, main)
08:28:30.255 INFO: JdwpEventCenterDelegate: THREAD_RESUMED: thread (33, main, main)
08:28:30.257 INFO: JdwpEventCenterDelegate: THREAD_RESUMED: thread (33, main, main)
08:28:30.259 INFO: JdwpEventCenterDelegate: THREAD_RESUMED: thread (33, main, main)
08:28:30.264 INFO: JdwpEventCenterDelegate: THREAD_RESUMED: thread (33, main, main)
08:28:30.279 INFO: JdwpEventCenterDelegate: THREAD_RESUMED: thread (33, main, main)
08:28:30.281 INFO: JdwpEventCenterDelegate: THREAD_RESUMED: thread (33, main, main)
08:28:30.283 INFO: JdwpEventCenterDelegate: THREAD_RESUMED: thread (33, main, main)
08:28:30.285 INFO: JdwpEventCenterDelegate: THREAD_RESUMED: thread (33, main, main)
08:28:30.287 INFO: JdwpEventCenterDelegate: THREAD_RESUMED: thread (33, main, main)
08:28:30.292 INFO: JdwpEventCenterDelegate: THREAD_RESUMED: thread (33, main, main)
08:28:30.306 INFO: JdwpEventCenterDelegate: THREAD_RESUMED: thread (33, main, main)
08:28:30.309 INFO: JdwpEventCenterDelegate: THREAD_RESUMED: thread (33, main, main)
08:28:30.311 INFO: JdwpEventCenterDelegate: THREAD_RESUMED: thread (33, main, main)
08:28:30.313 INFO: JdwpEventCenterDelegate: THREAD_RESUMED: thread (33, main, main)
08:28:30.315 INFO: JdwpEventCenterDelegate: THREAD_RESUMED: thread (33, main, main)
08:28:30.320 INFO: JdwpEventCenterDelegate: THREAD_RESUMED: thread (33, main, main)
08:28:30.340 INFO: JdwpEventCenterDelegate: THREAD_RESUMED: thread (33, main, main)
08:28:30.342 INFO: JdwpEventCenterDelegate: THREAD_RESUMED: thread (33, main, main)
08:28:30.344 INFO: JdwpEventCenterDelegate: THREAD_RESUMED: thread (33, main, main)
08:28:30.347 INFO: JdwpEventCenterDelegate: THREAD_RESUMED: thread (33, main, main)
08:28:30.349 INFO: JdwpEventCenterDelegate: THREAD_RESUMED: thread (33, main, main)
08:28:30.354 INFO: JdwpEventCenterDelegate: THREAD_RESUMED: thread (33, main, main)
08:28:30.375 INFO: JdwpEventCenterDelegate: THREAD_RESUMED: thread (33, main, main)
08:28:30.378 INFO: JdwpEventCenterDelegate: THREAD_RESUMED: thread (33, main, main)
08:28:30.380 INFO: JdwpEventCenterDelegate: THREAD_RESUMED: thread (33, main, main)
08:28:30.382 INFO: JdwpEventCenterDelegate: THREAD_RESUMED: thread (33, main, main)
08:28:30.384 INFO: JdwpEventCenterDelegate: THREAD_RESUMED: thread (33, main, main)
08:28:30.389 INFO: JdwpEventCenterDelegate: THREAD_RESUMED: thread (33, main, main)
08:28:30.408 INFO: JdwpEventCenterDelegate: THREAD_RESUMED: thread (33, main, main)
08:28:30.410 INFO: JdwpEventCenterDelegate: THREAD_RESUMED: thread (33, main, main)
08:28:30.412 INFO: JdwpEventCenterDelegate: THREAD_RESUMED: thread (33, main, main)
08:28:30.414 INFO: JdwpEventCenterDelegate: THREAD_RESUMED: thread (33, main, main)
08:28:30.416 INFO: JdwpEventCenterDelegate: THREAD_RESUMED: thread (33, main, main)
08:28:30.421 INFO: JdwpEventCenterDelegate: THREAD_RESUMED: thread (33, main, main)
08:28:30.435 INFO: JdwpEventCenterDelegate: THREAD_RESUMED: thread (33, main, main)
08:28:30.437 INFO: JdwpEventCenterDelegate: THREAD_RESUMED: thread (33, main, main)
08:28:30.439 INFO: JdwpEventCenterDelegate: THREAD_RESUMED: thread (33, main, main)
08:28:30.441 INFO: JdwpEventCenterDelegate: THREAD_RESUMED: thread (33, main, main)
08:28:30.443 INFO: JdwpEventCenterDelegate: THREAD_RESUMED: thread (33, main, main)
08:28:30.449 INFO: JdwpEventCenterDelegate: THREAD_RESUMED: thread (33, main, main)
08:28:30.451 INFO: JdwpEventCenterDelegate: THREAD_RESUMED: thread (33, main, main)
08:28:30.454 INFO: JdwpEventCenterDelegate: THREAD_RESUMED: thread (33, main, main)
08:28:30.456 INFO: JdwpEventCenterDelegate: THREAD_RESUMED: thread (33, main, main)
08:28:30.459 INFO: JdwpEventCenterDelegate: THREAD_RESUMED: thread (33, main, main)
08:28:30.461 INFO: JdwpEventCenterDelegate: THREAD_RESUMED: thread (33, main, main)
08:28:30.464 INFO: JdwpEventCenterDelegate: THREAD_RESUMED: thread (33, main, main)
08:28:30.468 INFO: JdwpEventCenterDelegate: THREAD_RESUMED: thread (33, main, main)
08:28:30.470 INFO: JdwpEventCenterDelegate: THREAD_RESUMED: thread (33, main, main)
08:28:30.473 INFO: JdwpEventCenterDelegate: THREAD_RESUMED: thread (33, main, main)
08:28:30.475 INFO: JdwpEventCenterDelegate: THREAD_RESUMED: thread (33, main, main)
08:28:30.496 INFO: JdwpEventCenterDelegate: THREAD_RESUMED: thread (33, main, main)
08:28:30.498 INFO: JdwpEventCenterDelegate: THREAD_RESUMED: thread (33, main, main)
08:28:30.500 INFO: JdwpEventCenterDelegate: THREAD_RESUMED: thread (33, main, main)
08:28:30.502 INFO: JdwpEventCenterDelegate: THREAD_RESUMED: thread (33, main, main)
08:28:30.505 INFO: JdwpEventCenterDelegate: THREAD_RESUMED: thread (33, main, main)
08:28:30.510 INFO: JdwpEventCenterDelegate: THREAD_RESUMED: thread (33, main, main)
08:28:30.525 INFO: JdwpEventCenterDelegate: THREAD_RESUMED: thread (33, main, main)
08:28:30.539 INFO: JdwpEventCenterDelegate: THREAD_RESUMED: thread (33, main, main)
08:28:30.550 INFO: JdwpEventCenterDelegate: THREAD_RESUMED: thread (33, main, main)
08:28:30.563 INFO: JdwpEventCenterDelegate: THREAD_RESUMED: thread (33, main, main)
08:28:30.594 INFO: JdwpEventCenterDelegate: THREAD_RESUMED: thread (33, main, main)
08:28:30.596 INFO: JdwpEventCenterDelegate: THREAD_RESUMED: thread (33, main, main)
08:28:30.598 INFO: JdwpEventCenterDelegate: THREAD_RESUMED: thread (33, main, main)
08:28:30.601 INFO: JdwpEventCenterDelegate: THREAD_RESUMED: thread (33, main, main)
08:28:30.603 INFO: JdwpEventCenterDelegate: THREAD_RESUMED: thread (33, main, main)
08:28:30.608 INFO: JdwpEventCenterDelegate: THREAD_RESUMED: thread (33, main, main)
08:28:30.620 INFO: JdwpEventCenterDelegate: THREAD_RESUMED: thread (33, main, main)
08:28:30.622 INFO: JdwpEventCenterDelegate: THREAD_RESUMED: thread (33, main, main)
08:28:30.624 INFO: JdwpEventCenterDelegate: THREAD_RESUMED: thread (33, main, main)
08:28:30.627 INFO: JdwpEventCenterDelegate: THREAD_RESUMED: thread (33, main, main)
08:28:30.629 INFO: JdwpEventCenterDelegate: THREAD_RESUMED: thread (33, main, main)
08:28:30.634 INFO: JdwpEventCenterDelegate: THREAD_RESUMED: thread (33, main, main)
08:28:30.647 INFO: JdwpEventCenterDelegate: THREAD_RESUMED: thread (33, main, main)
08:28:30.650 INFO: JdwpEventCenterDelegate: THREAD_RESUMED: thread (33, main, main)
08:28:30.652 INFO: JdwpEventCenterDelegate: THREAD_RESUMED: thread (33, main, main)
08:28:30.654 INFO: JdwpEventCenterDelegate: THREAD_RESUMED: thread (33, main, main)
08:28:30.656 INFO: JdwpEventCenterDelegate: THREAD_RESUMED: thread (33, main, main)
08:28:30.661 INFO: JdwpEventCenterDelegate: THREAD_RESUMED: thread (33, main, main)
08:28:30.678 INFO: JdwpEventCenterDelegate: THREAD_RESUMED: thread (33, main, main)
08:28:30.680 INFO: JdwpEventCenterDelegate: THREAD_RESUMED: thread (33, main, main)
08:28:30.683 INFO: JdwpEventCenterDelegate: THREAD_RESUMED: thread (33, main, main)
08:28:30.685 INFO: JdwpEventCenterDelegate: THREAD_RESUMED: thread (33, main, main)
08:28:30.687 INFO: JdwpEventCenterDelegate: THREAD_RESUMED: thread (33, main, main)
08:28:30.691 INFO: JdwpEventCenterDelegate: THREAD_RESUMED: thread (33, main, main)
08:28:30.707 INFO: JdwpEventCenterDelegate: THREAD_RESUMED: thread (33, main, main)
08:28:30.709 INFO: JdwpEventCenterDelegate: THREAD_RESUMED: thread (33, main, main)
08:28:30.711 INFO: JdwpEventCenterDelegate: THREAD_RESUMED: thread (33, main, main)
08:28:30.713 INFO: JdwpEventCenterDelegate: THREAD_RESUMED: thread (33, main, main)
08:28:30.715 INFO: JdwpEventCenterDelegate: THREAD_RESUMED: thread (33, main, main)
08:28:30.719 INFO: JdwpEventCenterDelegate: THREAD_RESUMED: thread (33, main, main)
08:28:30.737 INFO: JdwpEventCenterDelegate: THREAD_RESUMED: thread (33, main, main)
08:28:30.739 INFO: JdwpEventCenterDelegate: THREAD_RESUMED: thread (33, main, main)
08:28:30.741 INFO: JdwpEventCenterDelegate: THREAD_RESUMED: thread (33, main, main)
08:28:30.743 INFO: JdwpEventCenterDelegate: THREAD_RESUMED: thread (33, main, main)
08:28:30.745 INFO: JdwpEventCenterDelegate: THREAD_RESUMED: thread (33, main, main)
08:28:30.749 INFO: JdwpEventCenterDelegate: THREAD_RESUMED: thread (33, main, main)
08:28:30.767 INFO: JdwpEventCenterDelegate: THREAD_RESUMED: thread (33, main, main)
08:28:30.769 INFO: JdwpEventCenterDelegate: THREAD_RESUMED: thread (33, main, main)
08:28:30.771 INFO: JdwpEventCenterDelegate: THREAD_RESUMED: thread (33, main, main)
08:28:30.773 INFO: JdwpEventCenterDelegate: THREAD_RESUMED: thread (33, main, main)
08:28:30.775 INFO: JdwpEventCenterDelegate: THREAD_RESUMED: thread (33, main, main)
08:28:30.780 INFO: JdwpEventCenterDelegate: THREAD_RESUMED: thread (33, main, main)
08:28:30.797 INFO: JdwpEventCenterDelegate: THREAD_RESUMED: thread (33, main, main)
08:28:30.798 INFO: JdwpEventCenterDelegate: THREAD_RESUMED: thread (33, main, main)
08:28:30.800 INFO: JdwpEventCenterDelegate: THREAD_RESUMED: thread (33, main, main)
08:28:30.802 INFO: JdwpEventCenterDelegate: THREAD_RESUMED: thread (33, main, main)
08:28:30.804 INFO: JdwpEventCenterDelegate: THREAD_RESUMED: thread (33, main, main)
08:28:30.808 INFO: JdwpEventCenterDelegate: THREAD_RESUMED: thread (33, main, main)
08:28:30.825 INFO: JdwpEventCenterDelegate: THREAD_RESUMED: thread (33, main, main)
08:28:30.827 INFO: JdwpEventCenterDelegate: THREAD_RESUMED: thread (33, main, main)
08:28:30.829 INFO: JdwpEventCenterDelegate: THREAD_RESUMED: thread (33, main, main)
08:28:30.832 INFO: JdwpEventCenterDelegate: THREAD_RESUMED: thread (33, main, main)
08:28:30.834 INFO: JdwpEventCenterDelegate: THREAD_RESUMED: thread (33, main, main)
08:28:30.838 INFO: JdwpEventCenterDelegate: THREAD_RESUMED: thread (33, main, main)
08:28:30.852 INFO: JdwpEventCenterDelegate: THREAD_RESUMED: thread (33, main, main)
08:28:30.854 INFO: JdwpEventCenterDelegate: THREAD_RESUMED: thread (33, main, main)
08:28:30.857 INFO: JdwpEventCenterDelegate: THREAD_RESUMED: thread (33, main, main)
08:28:30.859 INFO: JdwpEventCenterDelegate: THREAD_RESUMED: thread (33, main, main)
08:28:30.861 INFO: JdwpEventCenterDelegate: THREAD_RESUMED: thread (33, main, main)
08:28:30.865 INFO: JdwpEventCenterDelegate: THREAD_RESUMED: thread (33, main, main)
08:28:30.879 INFO: JdwpEventCenterDelegate: THREAD_RESUMED: thread (33, main, main)
08:28:30.881 INFO: JdwpEventCenterDelegate: THREAD_RESUMED: thread (33, main, main)
08:28:30.883 INFO: JdwpEventCenterDelegate: THREAD_RESUMED: thread (33, main, main)
08:28:30.885 INFO: JdwpEventCenterDelegate: THREAD_RESUMED: thread (33, main, main)
08:28:30.887 INFO: JdwpEventCenterDelegate: THREAD_RESUMED: thread (33, main, main)
08:28:30.891 INFO: JdwpEventCenterDelegate: THREAD_RESUMED: thread (33, main, main)
08:28:30.914 INFO: JdwpEventCenterDelegate: THREAD_RESUMED: thread (33, main, main)
08:28:30.916 INFO: JdwpEventCenterDelegate: THREAD_RESUMED: thread (33, main, main)
08:28:30.918 INFO: JdwpEventCenterDelegate: THREAD_RESUMED: thread (33, main, main)
08:28:30.920 INFO: JdwpEventCenterDelegate: THREAD_RESUMED: thread (33, main, main)
08:28:30.922 INFO: JdwpEventCenterDelegate: THREAD_RESUMED: thread (33, main, main)
08:28:30.927 INFO: JdwpEventCenterDelegate: THREAD_RESUMED: thread (33, main, main)
08:28:30.948 INFO: JdwpEventCenterDelegate: THREAD_RESUMED: thread (33, main, main)
08:28:30.950 INFO: JdwpEventCenterDelegate: THREAD_RESUMED: thread (33, main, main)
08:28:30.952 INFO: JdwpEventCenterDelegate: THREAD_RESUMED: thread (33, main, main)
08:28:30.954 INFO: JdwpEventCenterDelegate: THREAD_RESUMED: thread (33, main, main)
08:28:30.956 INFO: JdwpEventCenterDelegate: THREAD_RESUMED: thread (33, main, main)
08:28:30.961 INFO: JdwpEventCenterDelegate: THREAD_RESUMED: thread (33, main, main)
08:28:30.978 INFO: JdwpEventCenterDelegate: THREAD_RESUMED: thread (33, main, main)
08:28:30.981 INFO: JdwpEventCenterDelegate: THREAD_RESUMED: thread (33, main, main)
08:28:30.983 INFO: JdwpEventCenterDelegate: THREAD_RESUMED: thread (33, main, main)
08:28:30.985 INFO: JdwpEventCenterDelegate: THREAD_RESUMED: thread (33, main, main)
08:28:30.987 INFO: JdwpEventCenterDelegate: THREAD_RESUMED: thread (33, main, main)
08:28:30.991 INFO: JdwpEventCenterDelegate: THREAD_RESUMED: thread (33, main, main)
08:28:31.004 INFO: JdwpEventCenterDelegate: THREAD_RESUMED: thread (33, main, main)
08:28:31.006 INFO: JdwpEventCenterDelegate: THREAD_RESUMED: thread (33, main, main)
08:28:31.008 INFO: JdwpEventCenterDelegate: THREAD_RESUMED: thread (33, main, main)
08:28:31.010 INFO: JdwpEventCenterDelegate: THREAD_RESUMED: thread (33, main, main)
08:28:31.013 INFO: JdwpEventCenterDelegate: THREAD_RESUMED: thread (33, main, main)
08:28:40.097 INFO: JdwpEventCenterDelegate: THREAD_STARTED: thread (108, Timer, main)
08:28:41.842 INFO: JdwpEventCenterDelegate: THREAD_RESUMED: thread (33, main, main)
08:28:41.874 INFO: JdwpEventCenterDelegate: THREAD_RESUMED: thread (33, main, main)
08:28:41.897 INFO: JdwpEventCenterDelegate: THREAD_RESUMED: thread (33, main, main)
08:28:41.915 INFO: JdwpEventCenterDelegate: THREAD_RESUMED: thread (33, main, main)
08:28:41.957 INFO: JdwpEventCenterDelegate: THREAD_RESUMED: thread (33, main, main)
08:28:41.991 INFO: JdwpEventCenterDelegate: THREAD_RESUMED: thread (33, main, main)
08:28:42.008 INFO: JdwpEventCenterDelegate: THREAD_RESUMED: thread (33, main, main)
08:28:42.023 INFO: JdwpEventCenterDelegate: THREAD_RESUMED: thread (33, main, main)
08:28:42.030 INFO: JdwpEventCenterDelegate: THREAD_RESUMED: thread (33, main, main)
08:28:42.044 INFO: JdwpEventCenterDelegate: THREAD_RESUMED: thread (33, main, main)
08:28:42.075 INFO: JdwpEventCenterDelegate: THREAD_RESUMED: thread (33, main, main)
08:28:42.087 INFO: JdwpEventCenterDelegate: THREAD_RESUMED: thread (33, main, main)
08:28:42.099 INFO: JdwpEventCenterDelegate: THREAD_RESUMED: thread (33, main, main)
08:28:42.111 INFO: JdwpEventCenterDelegate: THREAD_RESUMED: thread (33, main, main)
08:28:42.146 INFO: JdwpEventCenterDelegate: THREAD_RESUMED: thread (33, main, main)
08:28:42.179 INFO: JdwpEventCenterDelegate: THREAD_RESUMED: thread (33, main, main)
08:28:42.194 INFO: JdwpEventCenterDelegate: THREAD_RESUMED: thread (33, main, main)
08:28:42.209 INFO: JdwpEventCenterDelegate: THREAD_RESUMED: thread (33, main, main)
08:28:42.215 INFO: JdwpEventCenterDelegate: THREAD_RESUMED: thread (33, main, main)
08:28:42.228 INFO: JdwpEventCenterDelegate: THREAD_RESUMED: thread (33, main, main)
08:28:43.375 INFO: JdwpEventCenterDelegate: THREAD_RESUMED: thread (33, main, main)
08:28:43.378 INFO: JdwpEventCenterDelegate: THREAD_RESUMED: thread (33, main, main)
08:28:43.380 INFO: JdwpEventCenterDelegate: THREAD_RESUMED: thread (33, main, main)
08:28:43.383 INFO: JdwpEventCenterDelegate: THREAD_RESUMED: thread (33, main, main)
08:28:43.385 INFO: JdwpEventCenterDelegate: THREAD_RESUMED: thread (33, main, main)
08:28:43.388 INFO: JdwpEventCenterDelegate: THREAD_RESUMED: thread (33, main, main)
08:28:43.390 INFO: JdwpEventCenterDelegate: THREAD_RESUMED: thread (33, main, main)
08:28:43.411 INFO: JdwpEventCenterDelegate: THREAD_RESUMED: thread (33, main, main)
08:28:43.413 INFO: JdwpEventCenterDelegate: THREAD_RESUMED: thread (33, main, main)
08:28:43.415 INFO: JdwpEventCenterDelegate: THREAD_RESUMED: thread (33, main, main)
08:28:43.418 INFO: JdwpEventCenterDelegate: THREAD_RESUMED: thread (33, main, main)
08:28:43.420 INFO: JdwpEventCenterDelegate: THREAD_RESUMED: thread (33, main, main)
08:28:43.422 INFO: JdwpEventCenterDelegate: THREAD_RESUMED: thread (33, main, main)
08:28:43.424 INFO: JdwpEventCenterDelegate: THREAD_RESUMED: thread (33, main, main)
08:28:43.430 INFO: JdwpEventCenterDelegate: THREAD_RESUMED: thread (33, main, main)
08:28:43.431 INFO: JdwpEventCenterDelegate: THREAD_RESUMED: thread (33, main, main)
08:28:43.433 INFO: JdwpEventCenterDelegate: THREAD_RESUMED: thread (33, main, main)
08:28:43.435 INFO: JdwpEventCenterDelegate: THREAD_RESUMED: thread (33, main, main)
08:28:43.437 INFO: JdwpEventCenterDelegate: THREAD_RESUMED: thread (33, main, main)
08:28:43.438 INFO: JdwpEventCenterDelegate: THREAD_RESUMED: thread (33, main, main)
08:28:43.440 INFO: JdwpEventCenterDelegate: THREAD_RESUMED: thread (33, main, main)
08:28:43.478 INFO: JdwpEventCenterDelegate: THREAD_STARTED: thread (123, Thread-7, main)
08:29:22.624 INFO: JdwpEventCenterDelegate: THREAD_RESUMED: thread (33, main, main)
08:29:22.626 INFO: JdwpEventCenterDelegate: THREAD_RESUMED: thread (33, main, main)
08:29:22.629 INFO: JdwpEventCenterDelegate: THREAD_RESUMED: thread (33, main, main)
08:29:22.630 INFO: JdwpEventCenterDelegate: THREAD_RESUMED: thread (33, main, main)
08:29:22.647 INFO: JdwpEventCenterDelegate: THREAD_DETTACHED: thread (93, AssetManager, main)
08:29:22.656 SEVERE: Debugger: Thread HooksChannel socket thread crashed
org.robovm.debugger.DebuggerException: java.io.IOException: org.robovm.libimobiledevice.LibIMobileDeviceException: IDEVICE_E_UNKNOWN_ERROR
	at org.robovm.debugger.hooks.HooksChannel.doSocketWork(HooksChannel.java:149)
	at java.base/java.lang.Thread.run(Thread.java:834)
	at org.robovm.debugger.utils.DebuggerThread.run(DebuggerThread.java:42)
Caused by: java.io.IOException: org.robovm.libimobiledevice.LibIMobileDeviceException: IDEVICE_E_UNKNOWN_ERROR
	at org.robovm.libimobiledevice.IDeviceConnection$DeviceInputStream.read(IDeviceConnection.java:203)
	at org.robovm.debugger.utils.bytebuffer.DataBufferWriter.writeFromStream(DataBufferWriter.java:89)
	at org.robovm.debugger.hooks.HooksChannel.doSocketWork(HooksChannel.java:116)
	... 2 more
Caused by: org.robovm.libimobiledevice.LibIMobileDeviceException: IDEVICE_E_UNKNOWN_ERROR
	at org.robovm.libimobiledevice.IDevice.checkResult(IDevice.java:206)
	at org.robovm.libimobiledevice.IDeviceConnection.receive(IDeviceConnection.java:110)
	at org.robovm.libimobiledevice.IDeviceConnection.receive(IDeviceConnection.java:81)
	at org.robovm.libimobiledevice.IDeviceConnection$DeviceInputStream.read(IDeviceConnection.java:201)
	... 4 more
08:29:22.664 INFO: JdwpDebugServer: handling req: VirtualMachine(1).Exit(10)
08:29:22.664 SEVERE: Debugger: Thread JDWP server socket thread crashed
org.robovm.debugger.DebuggerException: Terminating due exit command
	at org.robovm.debugger.jdwp.JdwpDebugServer.doSocketWork(JdwpDebugServer.java:211)
	at java.base/java.lang.Thread.run(Thread.java:834)
	at org.robovm.debugger.utils.DebuggerThread.run(DebuggerThread.java:42)
