19:13:50.983 INFO: JdwpDebugServer: handling req: VirtualMachine(1).IDSizes(7)
19:13:50.984 INFO: JdwpDebugServer: handling req: EventRequest(15).Set(1)
19:13:50.984 INFO: JdwpEventCenterDelegate: jdwpSetEventRequest: JdwpEventRequest{requestId=100, eventKind=CLASS_PREPARE, suspendPolicy=NONE, predicates=[]}
19:13:50.984 INFO: JdwpDebugServer: handling req: EventRequest(15).Set(1)
19:13:50.984 INFO: JdwpEventCenterDelegate: jdwpSetEventRequest: JdwpEventRequest{requestId=101, eventKind=CLASS_UNLOAD, suspendPolicy=NONE, predicates=[]}
19:13:51.000 INFO: JdwpDebugServer: handling req: VirtualMachine(1).Version(1)
19:13:51.001 INFO: JdwpDebugServer: handling req: VirtualMachine(1).capabilitiesNew(17)
19:13:51.001 INFO: JdwpDebugServer: handling req: VirtualMachine(1).capabilities(12)
19:13:51.001 INFO: JdwpDebugServer: handling req: VirtualMachine(1).AllClassesWithGeneric(20)
19:13:51.008 INFO: JdwpDebugServer: handling req: VirtualMachine(1).TopLevelThreadGroups(5)
19:13:51.008 INFO: JdwpDebugServer: handling req: EventRequest(15).Set(1)
19:13:51.009 INFO: JdwpEventCenterDelegate: jdwpSetEventRequest: JdwpEventRequest{requestId=102, eventKind=THREAD_START, suspendPolicy=NONE, predicates=[]}
19:13:51.009 INFO: JdwpDebugServer: handling req: EventRequest(15).Set(1)
19:13:51.009 INFO: JdwpEventCenterDelegate: jdwpSetEventRequest: JdwpEventRequest{requestId=103, eventKind=THREAD_DEATH, suspendPolicy=NONE, predicates=[]}
19:13:51.011 INFO: JdwpDebugServer: handling req: EventRequest(15).Set(1)
19:13:51.011 INFO: JdwpEventCenterDelegate: jdwpSetEventRequest: JdwpEventRequest{requestId=104, eventKind=CLASS_PREPARE, suspendPolicy=EVENT_THREAD, predicates=[className=sun.instrument.InstrumentationImpl]}
19:13:51.011 INFO: JdwpDebugServer: handling req: EventRequest(15).Set(1)
19:13:51.011 INFO: JdwpEventCenterDelegate: jdwpSetEventRequest: JdwpEventRequest{requestId=105, eventKind=CLASS_PREPARE, suspendPolicy=EVENT_THREAD, predicates=[className=sun.instrument.InstrumentationImpl]}
19:13:51.014 INFO: JdwpDebugServer: handling req: EventRequest(15).Set(1)
19:13:51.014 INFO: JdwpEventCenterDelegate: jdwpSetEventRequest: JdwpEventRequest{requestId=106, eventKind=CLASS_PREPARE, suspendPolicy=EVENT_THREAD, predicates=[className=com.twobsoft.babymozartspacetrip.splash.SplashScreenModel$title$1]}
19:13:51.014 INFO: JdwpDebugServer: handling req: EventRequest(15).Set(1)
19:13:51.014 INFO: JdwpEventCenterDelegate: jdwpSetEventRequest: JdwpEventRequest{requestId=107, eventKind=CLASS_PREPARE, suspendPolicy=EVENT_THREAD, predicates=[className=com.twobsoft.babymozartspacetrip.splash.SplashScreenModel$title$1$*]}
19:13:51.014 INFO: JdwpDebugServer: handling req: EventRequest(15).Set(1)
19:13:51.014 INFO: JdwpEventCenterDelegate: jdwpSetEventRequest: JdwpEventRequest{requestId=108, eventKind=CLASS_PREPARE, suspendPolicy=EVENT_THREAD, predicates=[className=com.twobsoft.babymozartspacetrip.splash.SplashScreenModel]}
19:13:51.014 INFO: JdwpDebugServer: handling req: EventRequest(15).Set(1)
19:13:51.014 INFO: JdwpEventCenterDelegate: jdwpSetEventRequest: JdwpEventRequest{requestId=109, eventKind=CLASS_PREPARE, suspendPolicy=EVENT_THREAD, predicates=[className=com.twobsoft.babymozartspacetrip.splash.SplashScreenModel$*]}
19:13:51.015 INFO: JdwpDebugServer: handling req: EventRequest(15).Set(1)
19:13:51.015 INFO: JdwpEventCenterDelegate: jdwpSetEventRequest: JdwpEventRequest{requestId=110, eventKind=CLASS_PREPARE, suspendPolicy=EVENT_THREAD, predicates=[className=com.twobsoft.babymozartspacetrip.splash.ComposableSingletons$SplashScreenModelKt$*]}
19:13:51.016 INFO: JdwpDebugServer: handling req: EventRequest(15).Set(1)
19:13:51.016 INFO: JdwpEventCenterDelegate: jdwpSetEventRequest: JdwpEventRequest{requestId=111, eventKind=CLASS_PREPARE, suspendPolicy=EVENT_THREAD, predicates=[className=com.twobsoft.babymozartspacetrip.splash.SplashScreenModel$title$1]}
19:13:51.016 INFO: JdwpDebugServer: handling req: EventRequest(15).Set(1)
19:13:51.016 INFO: JdwpEventCenterDelegate: jdwpSetEventRequest: JdwpEventRequest{requestId=112, eventKind=CLASS_PREPARE, suspendPolicy=EVENT_THREAD, predicates=[className=com.twobsoft.babymozartspacetrip.splash.SplashScreenModel$title$1$*]}
19:13:51.016 INFO: JdwpDebugServer: handling req: EventRequest(15).Set(1)
19:13:51.016 INFO: JdwpEventCenterDelegate: jdwpSetEventRequest: JdwpEventRequest{requestId=113, eventKind=CLASS_PREPARE, suspendPolicy=EVENT_THREAD, predicates=[className=com.twobsoft.babymozartspacetrip.splash.SplashScreenModel]}
19:13:51.016 INFO: JdwpDebugServer: handling req: EventRequest(15).Set(1)
19:13:51.016 INFO: JdwpEventCenterDelegate: jdwpSetEventRequest: JdwpEventRequest{requestId=114, eventKind=CLASS_PREPARE, suspendPolicy=EVENT_THREAD, predicates=[className=com.twobsoft.babymozartspacetrip.splash.SplashScreenModel$*]}
19:13:51.016 INFO: JdwpDebugServer: handling req: EventRequest(15).Set(1)
19:13:51.016 INFO: JdwpEventCenterDelegate: jdwpSetEventRequest: JdwpEventRequest{requestId=115, eventKind=CLASS_PREPARE, suspendPolicy=EVENT_THREAD, predicates=[className=com.twobsoft.babymozartspacetrip.splash.ComposableSingletons$SplashScreenModelKt$*]}
19:13:51.600 INFO: JdwpDebugServer: handling req: VirtualMachine(1).Resume(9)
19:13:51.655 INFO: JdwpEventCenterDelegate: THREAD_STARTED: thread (33, main, main)
19:13:51.675 INFO: JdwpEventCenterDelegate: THREAD_STARTED: thread (48, ReferenceQueueDaemon, main)
19:13:51.681 INFO: JdwpEventCenterDelegate: THREAD_STARTED: thread (63, FinalizerDaemon, main)
19:13:51.688 INFO: JdwpEventCenterDelegate: THREAD_STARTED: thread (78, FinalizerWatchdogDaemon, main)
19:13:51.690 INFO: JdwpEventCenterDelegate: THREAD_RESUMED: thread (33, main, main)
19:13:51.691 INFO: JdwpEventCenterDelegate: THREAD_RESUMED: thread (33, main, main)
19:13:51.692 INFO: JdwpEventCenterDelegate: THREAD_RESUMED: thread (33, main, main)
19:13:51.694 INFO: JdwpEventCenterDelegate: THREAD_RESUMED: thread (33, main, main)
19:13:51.695 INFO: JdwpEventCenterDelegate: THREAD_RESUMED: thread (33, main, main)
19:13:51.697 INFO: JdwpEventCenterDelegate: THREAD_RESUMED: thread (33, main, main)
19:13:51.699 INFO: JdwpEventCenterDelegate: THREAD_RESUMED: thread (33, main, main)
19:13:51.700 INFO: JdwpEventCenterDelegate: THREAD_RESUMED: thread (33, main, main)
19:13:51.701 INFO: JdwpEventCenterDelegate: THREAD_RESUMED: thread (33, main, main)
19:13:51.703 INFO: JdwpEventCenterDelegate: THREAD_RESUMED: thread (33, main, main)
19:13:51.705 INFO: JdwpEventCenterDelegate: THREAD_RESUMED: thread (33, main, main)
19:13:51.706 INFO: JdwpEventCenterDelegate: THREAD_RESUMED: thread (33, main, main)
19:13:51.708 INFO: JdwpEventCenterDelegate: THREAD_RESUMED: thread (33, main, main)
19:13:51.709 INFO: JdwpEventCenterDelegate: THREAD_RESUMED: thread (33, main, main)
19:13:51.711 INFO: JdwpEventCenterDelegate: THREAD_RESUMED: thread (33, main, main)
19:13:51.712 INFO: JdwpEventCenterDelegate: THREAD_RESUMED: thread (33, main, main)
19:13:51.714 INFO: JdwpEventCenterDelegate: THREAD_RESUMED: thread (33, main, main)
19:13:51.715 INFO: JdwpEventCenterDelegate: THREAD_RESUMED: thread (33, main, main)
19:13:51.719 INFO: JdwpEventCenterDelegate: THREAD_RESUMED: thread (33, main, main)
19:13:51.720 INFO: JdwpEventCenterDelegate: THREAD_RESUMED: thread (33, main, main)
19:13:51.722 INFO: JdwpEventCenterDelegate: THREAD_RESUMED: thread (33, main, main)
19:13:51.723 INFO: JdwpEventCenterDelegate: THREAD_RESUMED: thread (33, main, main)
19:13:51.725 INFO: JdwpEventCenterDelegate: THREAD_RESUMED: thread (33, main, main)
19:13:51.726 INFO: JdwpEventCenterDelegate: THREAD_RESUMED: thread (33, main, main)
19:13:51.727 INFO: JdwpEventCenterDelegate: THREAD_RESUMED: thread (33, main, main)
19:13:51.758 INFO: JdwpEventCenterDelegate: THREAD_RESUMED: thread (33, main, main)
19:13:51.759 INFO: JdwpEventCenterDelegate: THREAD_RESUMED: thread (33, main, main)
19:13:51.761 INFO: JdwpEventCenterDelegate: THREAD_RESUMED: thread (33, main, main)
19:13:51.763 INFO: JdwpEventCenterDelegate: THREAD_RESUMED: thread (33, main, main)
19:13:51.764 INFO: JdwpEventCenterDelegate: THREAD_RESUMED: thread (33, main, main)
19:13:51.766 INFO: JdwpEventCenterDelegate: THREAD_RESUMED: thread (33, main, main)
19:13:51.767 INFO: JdwpEventCenterDelegate: THREAD_RESUMED: thread (33, main, main)
19:13:51.769 INFO: JdwpEventCenterDelegate: THREAD_RESUMED: thread (33, main, main)
19:13:51.771 INFO: JdwpEventCenterDelegate: THREAD_RESUMED: thread (33, main, main)
19:13:51.771 INFO: JdwpEventCenterDelegate: THREAD_RESUMED: thread (33, main, main)
19:13:51.772 INFO: JdwpEventCenterDelegate: THREAD_RESUMED: thread (33, main, main)
19:13:51.773 INFO: JdwpEventCenterDelegate: THREAD_RESUMED: thread (33, main, main)
19:13:51.775 INFO: JdwpEventCenterDelegate: THREAD_RESUMED: thread (33, main, main)
19:13:51.776 INFO: JdwpEventCenterDelegate: THREAD_RESUMED: thread (33, main, main)
19:13:51.790 INFO: JdwpEventCenterDelegate: THREAD_RESUMED: thread (33, main, main)
19:13:51.791 INFO: JdwpEventCenterDelegate: THREAD_RESUMED: thread (33, main, main)
19:13:51.793 INFO: JdwpEventCenterDelegate: THREAD_RESUMED: thread (33, main, main)
19:13:51.794 INFO: JdwpEventCenterDelegate: THREAD_RESUMED: thread (33, main, main)
19:13:51.795 INFO: JdwpEventCenterDelegate: THREAD_RESUMED: thread (33, main, main)
19:13:51.796 INFO: JdwpEventCenterDelegate: THREAD_RESUMED: thread (33, main, main)
19:13:51.797 INFO: JdwpEventCenterDelegate: THREAD_RESUMED: thread (33, main, main)
19:13:51.834 INFO: JdwpEventCenterDelegate: THREAD_RESUMED: thread (33, main, main)
19:13:51.836 INFO: JdwpEventCenterDelegate: THREAD_RESUMED: thread (33, main, main)
19:13:51.838 INFO: JdwpEventCenterDelegate: THREAD_RESUMED: thread (33, main, main)
19:13:51.839 INFO: JdwpEventCenterDelegate: THREAD_RESUMED: thread (33, main, main)
19:13:51.841 INFO: JdwpEventCenterDelegate: THREAD_RESUMED: thread (33, main, main)
19:13:51.842 INFO: JdwpEventCenterDelegate: THREAD_RESUMED: thread (33, main, main)
19:13:51.843 INFO: JdwpEventCenterDelegate: THREAD_RESUMED: thread (33, main, main)
19:13:51.854 INFO: JdwpEventCenterDelegate: THREAD_RESUMED: thread (33, main, main)
19:13:51.856 INFO: JdwpEventCenterDelegate: THREAD_RESUMED: thread (33, main, main)
19:13:51.857 INFO: JdwpEventCenterDelegate: THREAD_RESUMED: thread (33, main, main)
19:13:51.858 INFO: JdwpEventCenterDelegate: THREAD_RESUMED: thread (33, main, main)
19:13:51.860 INFO: JdwpEventCenterDelegate: THREAD_RESUMED: thread (33, main, main)
19:13:51.861 INFO: JdwpEventCenterDelegate: THREAD_RESUMED: thread (33, main, main)
19:13:51.862 INFO: JdwpEventCenterDelegate: THREAD_RESUMED: thread (33, main, main)
19:13:51.871 INFO: JdwpEventCenterDelegate: THREAD_RESUMED: thread (33, main, main)
19:13:51.873 INFO: JdwpEventCenterDelegate: THREAD_RESUMED: thread (33, main, main)
19:13:51.875 INFO: JdwpEventCenterDelegate: THREAD_RESUMED: thread (33, main, main)
19:13:51.876 INFO: JdwpEventCenterDelegate: THREAD_RESUMED: thread (33, main, main)
19:13:51.877 INFO: JdwpEventCenterDelegate: THREAD_RESUMED: thread (33, main, main)
19:13:51.879 INFO: JdwpEventCenterDelegate: THREAD_RESUMED: thread (33, main, main)
19:13:51.880 INFO: JdwpEventCenterDelegate: THREAD_RESUMED: thread (33, main, main)
19:13:51.882 INFO: JdwpEventCenterDelegate: THREAD_RESUMED: thread (33, main, main)
19:13:51.884 INFO: JdwpEventCenterDelegate: THREAD_RESUMED: thread (33, main, main)
19:13:51.885 INFO: JdwpEventCenterDelegate: THREAD_RESUMED: thread (33, main, main)
19:13:51.886 INFO: JdwpEventCenterDelegate: THREAD_RESUMED: thread (33, main, main)
19:13:51.887 INFO: JdwpEventCenterDelegate: THREAD_RESUMED: thread (33, main, main)
19:13:51.888 INFO: JdwpEventCenterDelegate: THREAD_RESUMED: thread (33, main, main)
19:13:51.890 INFO: JdwpEventCenterDelegate: THREAD_RESUMED: thread (33, main, main)
19:13:51.891 INFO: JdwpEventCenterDelegate: THREAD_RESUMED: thread (33, main, main)
19:13:51.893 INFO: JdwpEventCenterDelegate: THREAD_RESUMED: thread (33, main, main)
19:13:51.895 INFO: JdwpEventCenterDelegate: THREAD_RESUMED: thread (33, main, main)
19:13:51.896 INFO: JdwpEventCenterDelegate: THREAD_RESUMED: thread (33, main, main)
19:13:51.900 INFO: JdwpEventCenterDelegate: THREAD_RESUMED: thread (33, main, main)
19:13:51.901 INFO: JdwpEventCenterDelegate: THREAD_RESUMED: thread (33, main, main)
19:13:52.030 INFO: JdwpDebugServer: handling req: ReferenceType(2).MethodsWithGeneric(15)
19:13:52.031 INFO: JdwpDebugServer: handling req: Method(6).LineTable(1)
19:13:52.031 INFO: JdwpDebugServer: handling req: Method(6).LineTable(1)
19:13:52.032 INFO: JdwpDebugServer: handling req: Method(6).LineTable(1)
19:13:52.032 INFO: JdwpDebugServer: handling req: Method(6).LineTable(1)
19:13:52.032 INFO: JdwpDebugServer: handling req: Method(6).LineTable(1)
19:13:52.032 INFO: JdwpDebugServer: handling req: Method(6).LineTable(1)
19:13:52.033 INFO: JdwpDebugServer: handling req: Method(6).LineTable(1)
19:13:52.033 INFO: JdwpDebugServer: handling req: Method(6).LineTable(1)
19:13:52.033 INFO: JdwpDebugServer: handling req: Method(6).LineTable(1)
19:13:52.033 INFO: JdwpDebugServer: handling req: Method(6).LineTable(1)
19:13:52.033 INFO: JdwpDebugServer: handling req: Method(6).LineTable(1)
19:13:52.033 INFO: JdwpDebugServer: handling req: Method(6).LineTable(1)
19:13:52.034 INFO: JdwpDebugServer: handling req: Method(6).LineTable(1)
19:13:52.034 INFO: JdwpDebugServer: handling req: ReferenceType(2).SourceFile(7)
19:13:52.035 INFO: JdwpDebugServer: handling req: EventRequest(15).Set(1)
19:13:52.035 INFO: JdwpEventCenterDelegate: jdwpSetEventRequest: JdwpEventRequest{requestId=116, eventKind=BREAKPOINT, suspendPolicy=EVENT_THREAD, predicates=[Location{classId=23550, methodId=9557, index=97} ]}
19:13:52.037 INFO: JdwpDebugServer: handling req: EventRequest(15).Set(1)
19:13:52.037 INFO: JdwpEventCenterDelegate: jdwpSetEventRequest: JdwpEventRequest{requestId=117, eventKind=BREAKPOINT, suspendPolicy=EVENT_THREAD, predicates=[Location{classId=23550, methodId=9557, index=98} ]}
19:13:52.037 INFO: JdwpDebugServer: handling req: ThreadReference(11).Resume(3)
19:13:52.038 INFO: JdwpEventCenterDelegate: THREAD_RESUMED: thread (33, main, main)
19:13:52.039 INFO: JdwpDebugServer: handling req: ReferenceType(2).MethodsWithGeneric(15)
19:13:52.039 INFO: JdwpDebugServer: handling req: Method(6).LineTable(1)
19:13:52.039 INFO: JdwpDebugServer: handling req: Method(6).LineTable(1)
19:13:52.039 INFO: JdwpDebugServer: handling req: ReferenceType(2).SourceFile(7)
19:13:52.039 INFO: JdwpDebugServer: handling req: ThreadReference(11).Resume(3)
19:13:52.040 INFO: JdwpEventCenterDelegate: THREAD_RESUMED: thread (33, main, main)
19:13:52.041 INFO: JdwpDebugServer: handling req: ClassType(3).Superclass(1)
19:13:52.043 INFO: JdwpDebugServer: handling req: ReferenceType(2).ClassLoader(2)
19:13:52.043 INFO: JdwpDebugServer: handling req: ReferenceType(2).ClassLoader(2)
19:13:52.047 INFO: JdwpEventCenterDelegate: THREAD_STARTED: thread (93, AssetManager, main)
19:13:52.152 INFO: JdwpEventCenterDelegate: THREAD_RESUMED: thread (33, main, main)
19:13:52.154 INFO: JdwpEventCenterDelegate: THREAD_RESUMED: thread (33, main, main)
19:13:52.157 INFO: JdwpDebugServer: handling req: ThreadReference(11).Status(4)
19:13:52.157 INFO: JdwpDebugServer: handling req: ThreadReference(11).FramesCount(7)
19:13:52.158 INFO: JdwpDebugServer: handling req: ThreadReference(11).Frames(6)
19:13:52.158 INFO: JdwpDebugServer: handling req: ThreadReference(11).Name(1)
19:13:52.159 INFO: JdwpDebugServer: handling req: ThreadReference(11).ThreadGroup(5)
19:13:52.159 INFO: JdwpDebugServer: handling req: ThreadGroup(12).Name(1)
19:13:52.169 INFO: JdwpDebugServer: handling req: ObjectReference(9).IsCollected(9)
19:13:52.170 INFO: JdwpDebugServer: handling req: StackFrame(16).ThisObject(3)
19:13:52.171 INFO: JdwpDebugServer: handling req: ObjectReference(9).ReferenceType(1)
19:13:52.171 INFO: JdwpDebugServer: handling req: Method(6).VariableTableWithGenerics(5)
19:13:52.172 INFO: JdwpDebugServer: handling req: ReferenceType(2).Interfaces(10)
19:13:52.172 INFO: JdwpDebugServer: handling req: ReferenceType(2).Interfaces(10)
19:13:52.172 INFO: JdwpDebugServer: handling req: ClassType(3).Superclass(1)
19:13:52.172 INFO: JdwpDebugServer: handling req: ReferenceType(2).Interfaces(10)
19:13:52.173 INFO: JdwpDebugServer: handling req: ClassType(3).Superclass(1)
19:13:52.173 INFO: JdwpDebugServer: handling req: ReferenceType(2).MethodsWithGeneric(15)
19:13:52.175 INFO: JdwpDebugServer: handling req: ClassType(3).Superclass(1)
19:13:52.175 INFO: JdwpDebugServer: handling req: Method(6).LineTable(1)
19:13:52.175 INFO: JdwpDebugServer: handling req: ReferenceType(2).SourceFile(7)
19:13:52.176 INFO: JdwpDebugServer: handling req: ReferenceType(2).MethodsWithGeneric(15)
19:13:52.176 INFO: JdwpDebugServer: handling req: ReferenceType(2).MethodsWithGeneric(15)
19:13:52.176 INFO: JdwpDebugServer: handling req: StackFrame(16).GetValues(1)
19:13:52.180 INFO: JdwpDebugServer: handling req: ObjectReference(9).ReferenceType(1)
19:13:52.180 INFO: JdwpDebugServer: handling req: ObjectReference(9).ReferenceType(1)
19:13:52.180 INFO: JdwpDebugServer: handling req: ObjectReference(9).ReferenceType(1)
19:13:52.180 INFO: JdwpDebugServer: handling req: ReferenceType(2).MethodsWithGeneric(15)
19:13:52.181 INFO: JdwpDebugServer: handling req: ClassType(3).Superclass(1)
19:13:52.182 INFO: JdwpDebugServer: handling req: Method(6).LineTable(1)
19:13:52.182 INFO: JdwpDebugServer: handling req: ReferenceType(2).SourceFile(7)
19:13:52.183 INFO: JdwpDebugServer: handling req: ClassType(3).Superclass(1)
19:13:52.183 INFO: JdwpDebugServer: handling req: ReferenceType(2).Interfaces(10)
19:13:52.183 INFO: JdwpDebugServer: handling req: ClassType(3).Superclass(1)
19:13:52.183 INFO: JdwpDebugServer: handling req: ReferenceType(2).Interfaces(10)
19:13:52.183 INFO: JdwpDebugServer: handling req: ClassType(3).Superclass(1)
19:13:52.183 INFO: JdwpDebugServer: handling req: ReferenceType(2).Interfaces(10)
19:13:52.183 INFO: JdwpDebugServer: handling req: ClassType(3).Superclass(1)
19:13:52.183 INFO: JdwpDebugServer: handling req: ReferenceType(2).Interfaces(10)
19:13:52.183 INFO: JdwpDebugServer: handling req: ClassType(3).Superclass(1)
19:13:52.183 INFO: JdwpDebugServer: handling req: ReferenceType(2).Interfaces(10)
19:13:52.183 INFO: JdwpDebugServer: handling req: ClassType(3).Superclass(1)
19:13:52.183 INFO: JdwpDebugServer: handling req: ReferenceType(2).Interfaces(10)
19:13:52.183 INFO: JdwpDebugServer: handling req: ClassType(3).Superclass(1)
19:13:52.183 INFO: JdwpDebugServer: handling req: ReferenceType(2).Interfaces(10)
19:13:52.183 INFO: JdwpDebugServer: handling req: ClassType(3).Superclass(1)
19:13:52.183 INFO: JdwpDebugServer: handling req: ReferenceType(2).Interfaces(10)
19:13:52.183 INFO: JdwpDebugServer: handling req: ClassType(3).Superclass(1)
19:13:52.184 INFO: JdwpDebugServer: handling req: ReferenceType(2).MethodsWithGeneric(15)
19:13:52.184 INFO: JdwpDebugServer: handling req: ClassType(3).Superclass(1)
19:13:52.184 INFO: JdwpDebugServer: handling req: ReferenceType(2).Interfaces(10)
19:13:52.184 INFO: JdwpDebugServer: handling req: ClassType(3).Superclass(1)
19:13:52.184 INFO: JdwpDebugServer: handling req: ReferenceType(2).Interfaces(10)
19:13:52.184 INFO: JdwpDebugServer: handling req: ClassType(3).Superclass(1)
19:13:52.184 INFO: JdwpDebugServer: handling req: ReferenceType(2).Interfaces(10)
19:13:52.184 INFO: JdwpDebugServer: handling req: ClassType(3).Superclass(1)
19:13:52.184 INFO: JdwpDebugServer: handling req: ReferenceType(2).Interfaces(10)
19:13:52.184 INFO: JdwpDebugServer: handling req: ClassType(3).Superclass(1)
19:13:52.184 INFO: JdwpDebugServer: handling req: ReferenceType(2).Interfaces(10)
19:13:52.184 INFO: JdwpDebugServer: handling req: ClassType(3).Superclass(1)
19:13:52.184 INFO: JdwpDebugServer: handling req: ReferenceType(2).Interfaces(10)
19:13:52.184 INFO: JdwpDebugServer: handling req: ClassType(3).Superclass(1)
19:13:52.184 INFO: JdwpDebugServer: handling req: ReferenceType(2).Interfaces(10)
19:13:52.184 INFO: JdwpDebugServer: handling req: ClassType(3).Superclass(1)
19:13:52.184 INFO: JdwpDebugServer: handling req: ReferenceType(2).Interfaces(10)
19:13:52.184 INFO: JdwpDebugServer: handling req: ClassType(3).Superclass(1)
19:13:52.184 INFO: JdwpDebugServer: handling req: ClassType(3).Superclass(1)
19:13:52.184 INFO: JdwpDebugServer: handling req: ReferenceType(2).Interfaces(10)
19:13:52.185 INFO: JdwpDebugServer: handling req: ClassType(3).Superclass(1)
19:13:52.185 INFO: JdwpDebugServer: handling req: ReferenceType(2).Interfaces(10)
19:13:52.185 INFO: JdwpDebugServer: handling req: ClassType(3).Superclass(1)
19:13:52.185 INFO: JdwpDebugServer: handling req: ClassType(3).Superclass(1)
19:13:52.185 INFO: JdwpDebugServer: handling req: ReferenceType(2).Interfaces(10)
19:13:52.185 INFO: JdwpDebugServer: handling req: ClassType(3).Superclass(1)
19:13:52.185 INFO: JdwpDebugServer: handling req: ReferenceType(2).Interfaces(10)
19:13:52.185 INFO: JdwpDebugServer: handling req: ClassType(3).Superclass(1)
19:13:52.185 INFO: JdwpDebugServer: handling req: ReferenceType(2).Interfaces(10)
19:13:52.185 INFO: JdwpDebugServer: handling req: ClassType(3).Superclass(1)
19:13:52.185 INFO: JdwpDebugServer: handling req: ReferenceType(2).Interfaces(10)
19:13:52.185 INFO: JdwpDebugServer: handling req: ClassType(3).Superclass(1)
19:13:52.185 INFO: JdwpDebugServer: handling req: ReferenceType(2).Interfaces(10)
19:13:52.185 INFO: JdwpDebugServer: handling req: ClassType(3).Superclass(1)
19:13:52.185 INFO: JdwpDebugServer: handling req: ReferenceType(2).Interfaces(10)
19:13:52.185 INFO: JdwpDebugServer: handling req: ReferenceType(2).MethodsWithGeneric(15)
19:13:52.185 INFO: JdwpDebugServer: handling req: ReferenceType(2).MethodsWithGeneric(15)
19:13:52.185 INFO: JdwpDebugServer: handling req: ClassType(3).Superclass(1)
19:13:52.185 INFO: JdwpDebugServer: handling req: ReferenceType(2).Interfaces(10)
19:13:52.185 INFO: JdwpDebugServer: handling req: ClassType(3).Superclass(1)
19:13:52.185 INFO: JdwpDebugServer: handling req: ReferenceType(2).Interfaces(10)
19:13:52.185 INFO: JdwpDebugServer: handling req: ClassType(3).Superclass(1)
19:13:52.185 INFO: JdwpDebugServer: handling req: ReferenceType(2).Interfaces(10)
19:13:52.185 INFO: JdwpDebugServer: handling req: ClassType(3).Superclass(1)
19:13:52.185 INFO: JdwpDebugServer: handling req: ReferenceType(2).Interfaces(10)
19:13:52.185 INFO: JdwpDebugServer: handling req: ClassType(3).Superclass(1)
19:13:52.185 INFO: JdwpDebugServer: handling req: ReferenceType(2).Interfaces(10)
19:13:52.185 INFO: JdwpDebugServer: handling req: ClassType(3).Superclass(1)
19:13:52.185 INFO: JdwpDebugServer: handling req: ReferenceType(2).Interfaces(10)
19:13:52.185 INFO: JdwpDebugServer: handling req: ClassType(3).Superclass(1)
19:13:52.185 INFO: JdwpDebugServer: handling req: ReferenceType(2).Interfaces(10)
19:13:52.185 INFO: JdwpDebugServer: handling req: ClassType(3).Superclass(1)
19:13:52.185 INFO: JdwpDebugServer: handling req: ReferenceType(2).Interfaces(10)
19:13:52.185 INFO: JdwpDebugServer: handling req: ClassType(3).Superclass(1)
19:13:52.185 INFO: JdwpDebugServer: handling req: ReferenceType(2).Interfaces(10)
19:13:52.185 INFO: JdwpDebugServer: handling req: ReferenceType(2).Interfaces(10)
19:13:52.185 INFO: JdwpDebugServer: handling req: ReferenceType(2).Interfaces(10)
19:13:52.185 INFO: JdwpDebugServer: handling req: ReferenceType(2).Interfaces(10)
19:13:52.185 INFO: JdwpDebugServer: handling req: ReferenceType(2).Interfaces(10)
19:13:52.185 INFO: JdwpDebugServer: handling req: ReferenceType(2).Interfaces(10)
19:13:52.185 INFO: JdwpDebugServer: handling req: ReferenceType(2).Interfaces(10)
19:13:52.185 INFO: JdwpDebugServer: handling req: ReferenceType(2).Interfaces(10)
19:13:52.185 INFO: JdwpDebugServer: handling req: ReferenceType(2).Interfaces(10)
19:13:52.185 INFO: JdwpDebugServer: handling req: ReferenceType(2).Interfaces(10)
19:13:52.185 INFO: JdwpDebugServer: handling req: ReferenceType(2).Interfaces(10)
19:13:52.185 INFO: JdwpDebugServer: handling req: ReferenceType(2).Interfaces(10)
19:13:52.186 INFO: JdwpDebugServer: handling req: ReferenceType(2).Interfaces(10)
19:13:52.186 INFO: JdwpDebugServer: handling req: ReferenceType(2).Interfaces(10)
19:13:52.186 INFO: JdwpDebugServer: handling req: ReferenceType(2).Interfaces(10)
19:13:52.186 INFO: JdwpDebugServer: handling req: ReferenceType(2).Interfaces(10)
19:13:52.186 INFO: JdwpDebugServer: handling req: ReferenceType(2).Interfaces(10)
19:13:52.186 INFO: JdwpDebugServer: handling req: ReferenceType(2).MethodsWithGeneric(15)
19:13:52.186 INFO: JdwpDebugServer: handling req: ReferenceType(2).MethodsWithGeneric(15)
19:13:52.186 INFO: JdwpDebugServer: handling req: ReferenceType(2).MethodsWithGeneric(15)
19:13:52.186 INFO: JdwpDebugServer: handling req: ReferenceType(2).MethodsWithGeneric(15)
19:13:52.186 INFO: JdwpDebugServer: handling req: ClassType(3).Superclass(1)
19:13:52.186 INFO: JdwpDebugServer: handling req: Method(6).LineTable(1)
19:13:52.186 INFO: JdwpDebugServer: handling req: ReferenceType(2).SourceFile(7)
19:13:52.191 INFO: JdwpDebugServer: handling req: ReferenceType(2).MethodsWithGeneric(15)
19:13:52.191 INFO: JdwpDebugServer: handling req: ClassType(3).Superclass(1)
19:13:52.192 INFO: JdwpDebugServer: handling req: Method(6).LineTable(1)
19:13:52.192 INFO: JdwpDebugServer: handling req: ReferenceType(2).SourceFile(7)
19:13:52.198 INFO: JdwpDebugServer: handling req: ReferenceType(2).MethodsWithGeneric(15)
19:13:52.198 INFO: JdwpDebugServer: handling req: ClassType(3).Superclass(1)
19:13:52.198 INFO: JdwpDebugServer: handling req: Method(6).LineTable(1)
19:13:52.199 INFO: JdwpDebugServer: handling req: ReferenceType(2).SourceFile(7)
19:13:52.205 INFO: JdwpDebugServer: handling req: ReferenceType(2).MethodsWithGeneric(15)
19:13:52.206 INFO: JdwpDebugServer: handling req: ClassType(3).Superclass(1)
19:13:52.206 INFO: JdwpDebugServer: handling req: Method(6).LineTable(1)
19:13:52.207 INFO: JdwpDebugServer: handling req: ReferenceType(2).SourceFile(7)
19:13:52.210 INFO: JdwpDebugServer: handling req: ReferenceType(2).MethodsWithGeneric(15)
19:13:52.211 INFO: JdwpDebugServer: handling req: ClassType(3).Superclass(1)
19:13:52.211 INFO: JdwpDebugServer: handling req: ReferenceType(2).SourceFile(7)
19:13:52.212 INFO: JdwpDebugServer: handling req: ReferenceType(2).FieldsWithGeneric(14)
19:13:52.213 INFO: JdwpDebugServer: handling req: ObjectReference(9).InvokeMethod(6)
19:13:52.214 INFO: JdwpDebugServer: handling req: ReferenceType(2).FieldsWithGeneric(14)
19:13:52.215 INFO: JdwpDebugServer: handling req: ReferenceType(2).FieldsWithGeneric(14)
19:13:52.215 INFO: JdwpDebugServer: handling req: StringReference(10).Value(1)
19:13:52.220 INFO: JdwpDebugServer: handling req: ObjectReference(9).InvokeMethod(6)
19:13:52.221 INFO: JdwpDebugServer: handling req: StringReference(10).Value(1)
19:13:52.225 INFO: JdwpDebugServer: handling req: ThreadReference(11).FramesCount(7)
19:13:52.226 INFO: JdwpDebugServer: handling req: ThreadReference(11).Frames(6)
19:13:52.226 INFO: JdwpDebugServer: handling req: ObjectReference(9).GetValues(2)
19:13:52.267 INFO: JdwpDebugServer: handling req: ObjectReference(9).ReferenceType(1)
19:13:52.267 INFO: JdwpDebugServer: handling req: ObjectReference(9).ReferenceType(1)
19:13:52.267 INFO: JdwpDebugServer: handling req: ObjectReference(9).ReferenceType(1)
19:13:52.267 INFO: JdwpDebugServer: handling req: ObjectReference(9).ReferenceType(1)
19:13:52.269 INFO: JdwpDebugServer: handling req: ObjectReference(9).InvokeMethod(6)
19:13:52.271 INFO: JdwpDebugServer: handling req: StringReference(10).Value(1)
19:13:52.275 INFO: JdwpDebugServer: handling req: ObjectReference(9).InvokeMethod(6)
19:13:52.276 INFO: JdwpDebugServer: handling req: StringReference(10).Value(1)
19:13:52.281 INFO: JdwpDebugServer: handling req: ObjectReference(9).InvokeMethod(6)
19:13:52.283 INFO: JdwpDebugServer: handling req: StringReference(10).Value(1)
19:13:52.287 INFO: JdwpDebugServer: handling req: ObjectReference(9).InvokeMethod(6)
19:13:52.289 INFO: JdwpDebugServer: handling req: StringReference(10).Value(1)
19:14:06.642 INFO: JdwpDebugServer: handling req: ThreadReference(11).Status(4)
19:14:06.642 INFO: JdwpDebugServer: handling req: ThreadReference(11).FramesCount(7)
19:14:06.642 INFO: JdwpDebugServer: handling req: ThreadReference(11).Frames(6)
19:14:06.650 INFO: JdwpDebugServer: handling req: ReferenceType(2).ClassLoader(2)
19:14:06.650 INFO: JdwpDebugServer: handling req: StackFrame(16).GetValues(1)
19:14:06.653 INFO: JdwpDebugServer: handling req: ObjectReference(9).DisableCollection(7)
19:14:06.654 INFO: JdwpDebugServer: handling req: StackFrame(16).ThisObject(3)
19:14:06.655 INFO: JdwpDebugServer: handling req: ObjectReference(9).InvokeMethod(6)
19:14:06.657 INFO: JdwpDebugServer: handling req: StringReference(10).Value(1)
19:14:12.568 INFO: JdwpDebugServer: handling req: ThreadReference(11).Status(4)
19:14:12.569 INFO: JdwpDebugServer: handling req: ThreadReference(11).FramesCount(7)
19:14:12.569 INFO: JdwpDebugServer: handling req: ThreadReference(11).Frames(6)
19:14:12.570 INFO: JdwpDebugServer: handling req: StackFrame(16).GetValues(1)
19:14:12.578 INFO: JdwpDebugServer: handling req: StackFrame(16).ThisObject(3)
19:14:12.579 INFO: JdwpDebugServer: handling req: ObjectReference(9).IsCollected(9)
19:14:12.580 INFO: JdwpDebugServer: handling req: ThreadReference(11).Frames(6)
19:14:12.581 INFO: JdwpDebugServer: handling req: ObjectReference(9).InvokeMethod(6)
19:14:12.583 INFO: JdwpDebugServer: handling req: StringReference(10).Value(1)
19:14:12.587 INFO: JdwpDebugServer: handling req: ReferenceType(2).FieldsWithGeneric(14)
19:14:12.587 INFO: JdwpDebugServer: handling req: ThreadReference(11).FramesCount(7)
19:14:12.587 INFO: JdwpDebugServer: handling req: ThreadReference(11).Frames(6)
19:14:12.587 INFO: JdwpDebugServer: handling req: ReferenceType(2).FieldsWithGeneric(14)
19:14:12.588 INFO: JdwpDebugServer: handling req: StackFrame(16).ThisObject(3)
19:14:12.589 INFO: JdwpDebugServer: handling req: StackFrame(16).GetValues(1)
19:14:12.592 INFO: JdwpDebugServer: handling req: ObjectReference(9).GetValues(2)
19:14:12.599 INFO: JdwpDebugServer: handling req: ObjectReference(9).GetValues(2)
19:14:12.644 INFO: JdwpDebugServer: handling req: ObjectReference(9).InvokeMethod(6)
19:14:12.646 INFO: JdwpDebugServer: handling req: StringReference(10).Value(1)
19:14:12.649 INFO: JdwpDebugServer: handling req: ObjectReference(9).InvokeMethod(6)
19:14:12.651 INFO: JdwpDebugServer: handling req: StringReference(10).Value(1)
19:14:12.661 INFO: JdwpDebugServer: handling req: ObjectReference(9).InvokeMethod(6)
19:14:12.662 INFO: JdwpDebugServer: handling req: StringReference(10).Value(1)
19:14:12.665 INFO: JdwpDebugServer: handling req: ObjectReference(9).InvokeMethod(6)
19:14:12.670 INFO: JdwpDebugServer: handling req: StringReference(10).Value(1)
19:14:12.673 INFO: JdwpDebugServer: handling req: ObjectReference(9).InvokeMethod(6)
19:14:12.675 INFO: JdwpDebugServer: handling req: StringReference(10).Value(1)
19:14:12.678 INFO: JdwpDebugServer: handling req: ObjectReference(9).InvokeMethod(6)
19:14:12.679 INFO: JdwpDebugServer: handling req: StringReference(10).Value(1)
19:14:12.693 INFO: JdwpDebugServer: handling req: ObjectReference(9).ReferenceType(1)
19:14:12.693 INFO: JdwpDebugServer: handling req: ObjectReference(9).ReferenceType(1)
19:14:12.693 INFO: JdwpDebugServer: handling req: ObjectReference(9).ReferenceType(1)
19:14:12.693 INFO: JdwpDebugServer: handling req: ObjectReference(9).ReferenceType(1)
19:14:12.693 INFO: JdwpDebugServer: handling req: ObjectReference(9).ReferenceType(1)
19:14:12.693 INFO: JdwpDebugServer: handling req: ObjectReference(9).ReferenceType(1)
19:14:12.694 INFO: JdwpDebugServer: handling req: ObjectReference(9).ReferenceType(1)
19:14:12.694 INFO: JdwpDebugServer: handling req: ObjectReference(9).ReferenceType(1)
19:14:12.694 INFO: JdwpDebugServer: handling req: ObjectReference(9).ReferenceType(1)
19:14:12.694 INFO: JdwpDebugServer: handling req: ObjectReference(9).ReferenceType(1)
19:14:12.694 INFO: JdwpDebugServer: handling req: ObjectReference(9).ReferenceType(1)
19:14:12.694 INFO: JdwpDebugServer: handling req: ClassType(3).Superclass(1)
19:14:12.694 INFO: JdwpDebugServer: handling req: ReferenceType(2).Interfaces(10)
19:14:12.694 INFO: JdwpDebugServer: handling req: ClassType(3).Superclass(1)
19:14:12.694 INFO: JdwpDebugServer: handling req: ReferenceType(2).Interfaces(10)
19:14:12.694 INFO: JdwpDebugServer: handling req: ClassType(3).Superclass(1)
19:14:12.694 INFO: JdwpDebugServer: handling req: ReferenceType(2).Interfaces(10)
19:14:12.694 INFO: JdwpDebugServer: handling req: ClassType(3).Superclass(1)
19:14:12.694 INFO: JdwpDebugServer: handling req: ReferenceType(2).Interfaces(10)
19:14:12.694 INFO: JdwpDebugServer: handling req: ClassType(3).Superclass(1)
19:14:12.694 INFO: JdwpDebugServer: handling req: ReferenceType(2).Interfaces(10)
19:14:12.694 INFO: JdwpDebugServer: handling req: ClassType(3).Superclass(1)
19:14:12.694 INFO: JdwpDebugServer: handling req: ReferenceType(2).Interfaces(10)
19:14:12.694 INFO: JdwpDebugServer: handling req: ClassType(3).Superclass(1)
19:14:12.694 INFO: JdwpDebugServer: handling req: ReferenceType(2).Interfaces(10)
19:14:12.694 INFO: JdwpDebugServer: handling req: ClassType(3).Superclass(1)
19:14:12.694 INFO: JdwpDebugServer: handling req: ReferenceType(2).Interfaces(10)
19:14:12.694 INFO: JdwpDebugServer: handling req: ClassType(3).Superclass(1)
19:14:12.694 INFO: JdwpDebugServer: handling req: ReferenceType(2).Interfaces(10)
19:14:12.694 INFO: JdwpDebugServer: handling req: ReferenceType(2).Interfaces(10)
19:14:12.694 INFO: JdwpDebugServer: handling req: ReferenceType(2).Interfaces(10)
19:14:12.694 INFO: JdwpDebugServer: handling req: ReferenceType(2).Interfaces(10)
19:14:12.694 INFO: JdwpDebugServer: handling req: ReferenceType(2).Interfaces(10)
19:14:12.694 INFO: JdwpDebugServer: handling req: ReferenceType(2).Interfaces(10)
19:14:12.694 INFO: JdwpDebugServer: handling req: ReferenceType(2).Interfaces(10)
19:14:12.694 INFO: JdwpDebugServer: handling req: ReferenceType(2).Interfaces(10)
19:14:12.694 INFO: JdwpDebugServer: handling req: ReferenceType(2).Interfaces(10)
19:14:12.694 INFO: JdwpDebugServer: handling req: ReferenceType(2).Interfaces(10)
19:14:12.694 INFO: JdwpDebugServer: handling req: ReferenceType(2).Interfaces(10)
19:14:12.694 INFO: JdwpDebugServer: handling req: ReferenceType(2).Interfaces(10)
19:14:12.694 INFO: JdwpDebugServer: handling req: ReferenceType(2).Interfaces(10)
19:14:12.694 INFO: JdwpDebugServer: handling req: ReferenceType(2).Interfaces(10)
19:14:12.694 INFO: JdwpDebugServer: handling req: ReferenceType(2).Interfaces(10)
19:14:12.694 INFO: JdwpDebugServer: handling req: ReferenceType(2).Interfaces(10)
19:14:12.694 INFO: JdwpDebugServer: handling req: ReferenceType(2).Interfaces(10)
19:14:12.694 INFO: JdwpDebugServer: handling req: ClassType(3).Superclass(1)
19:14:12.695 INFO: JdwpDebugServer: handling req: ReferenceType(2).Interfaces(10)
19:14:12.695 INFO: JdwpDebugServer: handling req: ClassType(3).Superclass(1)
19:14:12.695 INFO: JdwpDebugServer: handling req: ReferenceType(2).Interfaces(10)
19:14:12.695 INFO: JdwpDebugServer: handling req: ClassType(3).Superclass(1)
19:14:12.695 INFO: JdwpDebugServer: handling req: ReferenceType(2).Interfaces(10)
19:14:12.695 INFO: JdwpDebugServer: handling req: ClassType(3).Superclass(1)
19:14:12.695 INFO: JdwpDebugServer: handling req: ReferenceType(2).Interfaces(10)
19:14:12.695 INFO: JdwpDebugServer: handling req: ClassType(3).Superclass(1)
19:14:12.695 INFO: JdwpDebugServer: handling req: ClassType(3).Superclass(1)
19:14:12.695 INFO: JdwpDebugServer: handling req: ReferenceType(2).Interfaces(10)
19:14:12.695 INFO: JdwpDebugServer: handling req: ReferenceType(2).Interfaces(10)
19:14:12.695 INFO: JdwpDebugServer: handling req: ReferenceType(2).Interfaces(10)
19:14:12.695 INFO: JdwpDebugServer: handling req: ClassType(3).Superclass(1)
19:14:12.695 INFO: JdwpDebugServer: handling req: ReferenceType(2).Interfaces(10)
19:14:12.695 INFO: JdwpDebugServer: handling req: ReferenceType(2).Interfaces(10)
19:14:12.695 INFO: JdwpDebugServer: handling req: ClassType(3).Superclass(1)
19:14:12.695 INFO: JdwpDebugServer: handling req: ReferenceType(2).Interfaces(10)
19:14:12.695 INFO: JdwpDebugServer: handling req: ReferenceType(2).Interfaces(10)
19:14:12.695 INFO: JdwpDebugServer: handling req: ClassType(3).Superclass(1)
19:14:12.695 INFO: JdwpDebugServer: handling req: ReferenceType(2).Interfaces(10)
19:14:12.695 INFO: JdwpDebugServer: handling req: ReferenceType(2).Interfaces(10)
19:14:12.695 INFO: JdwpDebugServer: handling req: ClassType(3).Superclass(1)
19:14:12.695 INFO: JdwpDebugServer: handling req: ClassType(3).Superclass(1)
19:14:12.695 INFO: JdwpDebugServer: handling req: ReferenceType(2).Interfaces(10)
19:14:12.695 INFO: JdwpDebugServer: handling req: ClassType(3).Superclass(1)
19:14:12.695 INFO: JdwpDebugServer: handling req: ReferenceType(2).Interfaces(10)
19:14:12.695 INFO: JdwpDebugServer: handling req: ClassType(3).Superclass(1)
19:14:12.695 INFO: JdwpDebugServer: handling req: ReferenceType(2).Interfaces(10)
19:14:12.695 INFO: JdwpDebugServer: handling req: ReferenceType(2).Interfaces(10)
19:14:12.695 INFO: JdwpDebugServer: handling req: ReferenceType(2).Interfaces(10)
19:14:12.695 INFO: JdwpDebugServer: handling req: ReferenceType(2).Interfaces(10)
19:14:12.695 INFO: JdwpDebugServer: handling req: ReferenceType(2).Interfaces(10)
19:14:12.695 INFO: JdwpDebugServer: handling req: ReferenceType(2).Interfaces(10)
19:14:12.695 INFO: JdwpDebugServer: handling req: ReferenceType(2).Interfaces(10)
19:14:12.695 INFO: JdwpDebugServer: handling req: ReferenceType(2).Interfaces(10)
19:14:12.695 INFO: JdwpDebugServer: handling req: ReferenceType(2).Interfaces(10)
19:14:12.696 INFO: JdwpDebugServer: handling req: ReferenceType(2).Interfaces(10)
19:14:12.696 INFO: JdwpDebugServer: handling req: ReferenceType(2).MethodsWithGeneric(15)
19:14:12.696 INFO: JdwpDebugServer: handling req: ReferenceType(2).MethodsWithGeneric(15)
19:14:12.696 INFO: JdwpDebugServer: handling req: ReferenceType(2).MethodsWithGeneric(15)
19:14:12.696 INFO: JdwpDebugServer: handling req: ClassType(3).Superclass(1)
19:14:12.696 INFO: JdwpDebugServer: handling req: ReferenceType(2).Interfaces(10)
19:14:12.696 INFO: JdwpDebugServer: handling req: ClassType(3).Superclass(1)
19:14:12.696 INFO: JdwpDebugServer: handling req: ReferenceType(2).Interfaces(10)
19:14:12.696 INFO: JdwpDebugServer: handling req: ClassType(3).Superclass(1)
19:14:12.696 INFO: JdwpDebugServer: handling req: ReferenceType(2).Interfaces(10)
19:14:12.696 INFO: JdwpDebugServer: handling req: ClassType(3).Superclass(1)
19:14:12.696 INFO: JdwpDebugServer: handling req: ReferenceType(2).Interfaces(10)
19:14:12.696 INFO: JdwpDebugServer: handling req: ClassType(3).Superclass(1)
19:14:12.696 INFO: JdwpDebugServer: handling req: ReferenceType(2).Interfaces(10)
19:14:12.696 INFO: JdwpDebugServer: handling req: ClassType(3).Superclass(1)
19:14:12.696 INFO: JdwpDebugServer: handling req: ReferenceType(2).Interfaces(10)
19:14:12.696 INFO: JdwpDebugServer: handling req: ClassType(3).Superclass(1)
19:14:12.696 INFO: JdwpDebugServer: handling req: ReferenceType(2).Interfaces(10)
19:14:12.696 INFO: JdwpDebugServer: handling req: ClassType(3).Superclass(1)
19:14:12.696 INFO: JdwpDebugServer: handling req: ReferenceType(2).Interfaces(10)
19:14:12.696 INFO: JdwpDebugServer: handling req: ClassType(3).Superclass(1)
19:14:12.696 INFO: JdwpDebugServer: handling req: ClassType(3).Superclass(1)
19:14:12.696 INFO: JdwpDebugServer: handling req: ReferenceType(2).Interfaces(10)
19:14:12.696 INFO: JdwpDebugServer: handling req: ReferenceType(2).Interfaces(10)
19:14:12.696 INFO: JdwpDebugServer: handling req: ReferenceType(2).Interfaces(10)
19:14:12.696 INFO: JdwpDebugServer: handling req: ClassType(3).Superclass(1)
19:14:12.696 INFO: JdwpDebugServer: handling req: ReferenceType(2).Interfaces(10)
19:14:12.697 INFO: JdwpDebugServer: handling req: ReferenceType(2).Interfaces(10)
19:14:12.697 INFO: JdwpDebugServer: handling req: ReferenceType(2).Interfaces(10)
19:14:12.697 INFO: JdwpDebugServer: handling req: ClassType(3).Superclass(1)
19:14:12.697 INFO: JdwpDebugServer: handling req: ReferenceType(2).Interfaces(10)
19:14:12.697 INFO: JdwpDebugServer: handling req: ReferenceType(2).Interfaces(10)
19:14:12.697 INFO: JdwpDebugServer: handling req: ReferenceType(2).Interfaces(10)
19:14:12.697 INFO: JdwpDebugServer: handling req: ClassType(3).Superclass(1)
19:14:12.697 INFO: JdwpDebugServer: handling req: ReferenceType(2).Interfaces(10)
19:14:12.697 INFO: JdwpDebugServer: handling req: ReferenceType(2).Interfaces(10)
19:14:12.697 INFO: JdwpDebugServer: handling req: ReferenceType(2).Interfaces(10)
19:14:12.697 INFO: JdwpDebugServer: handling req: ClassType(3).Superclass(1)
19:14:12.697 INFO: JdwpDebugServer: handling req: ReferenceType(2).Interfaces(10)
19:14:12.697 INFO: JdwpDebugServer: handling req: ReferenceType(2).Interfaces(10)
19:14:12.697 INFO: JdwpDebugServer: handling req: ReferenceType(2).Interfaces(10)
19:14:12.697 INFO: JdwpDebugServer: handling req: ClassType(3).Superclass(1)
19:14:12.697 INFO: JdwpDebugServer: handling req: ReferenceType(2).Interfaces(10)
19:14:12.697 INFO: JdwpDebugServer: handling req: ReferenceType(2).Interfaces(10)
19:14:12.697 INFO: JdwpDebugServer: handling req: ReferenceType(2).Interfaces(10)
19:14:12.697 INFO: JdwpDebugServer: handling req: ClassType(3).Superclass(1)
19:14:12.697 INFO: JdwpDebugServer: handling req: ClassType(3).Superclass(1)
19:14:12.697 INFO: JdwpDebugServer: handling req: ReferenceType(2).Interfaces(10)
19:14:12.697 INFO: JdwpDebugServer: handling req: ReferenceType(2).Interfaces(10)
19:14:12.697 INFO: JdwpDebugServer: handling req: ReferenceType(2).Interfaces(10)
19:14:12.697 INFO: JdwpDebugServer: handling req: ClassType(3).Superclass(1)
19:14:12.697 INFO: JdwpDebugServer: handling req: ReferenceType(2).Interfaces(10)
19:14:12.697 INFO: JdwpDebugServer: handling req: ReferenceType(2).Interfaces(10)
19:14:12.697 INFO: JdwpDebugServer: handling req: ReferenceType(2).Interfaces(10)
19:14:12.697 INFO: JdwpDebugServer: handling req: ClassType(3).Superclass(1)
19:14:12.697 INFO: JdwpDebugServer: handling req: ReferenceType(2).Interfaces(10)
19:14:12.697 INFO: JdwpDebugServer: handling req: ReferenceType(2).Interfaces(10)
19:14:12.697 INFO: JdwpDebugServer: handling req: ClassType(3).Superclass(1)
19:14:12.697 INFO: JdwpDebugServer: handling req: ReferenceType(2).Interfaces(10)
19:14:12.697 INFO: JdwpDebugServer: handling req: ReferenceType(2).Interfaces(10)
19:14:12.697 INFO: JdwpDebugServer: handling req: ClassType(3).Superclass(1)
19:14:12.697 INFO: JdwpDebugServer: handling req: ReferenceType(2).Interfaces(10)
19:14:12.697 INFO: JdwpDebugServer: handling req: ReferenceType(2).Interfaces(10)
19:14:12.697 INFO: JdwpDebugServer: handling req: ClassType(3).Superclass(1)
19:14:12.697 INFO: JdwpDebugServer: handling req: ReferenceType(2).Interfaces(10)
19:14:12.697 INFO: JdwpDebugServer: handling req: ReferenceType(2).Interfaces(10)
19:14:12.697 INFO: JdwpDebugServer: handling req: ClassType(3).Superclass(1)
19:14:12.697 INFO: JdwpDebugServer: handling req: ReferenceType(2).Interfaces(10)
19:14:12.697 INFO: JdwpDebugServer: handling req: ReferenceType(2).Interfaces(10)
19:14:12.697 INFO: JdwpDebugServer: handling req: ClassType(3).Superclass(1)
19:14:12.697 INFO: JdwpDebugServer: handling req: ReferenceType(2).Interfaces(10)
19:14:12.697 INFO: JdwpDebugServer: handling req: ReferenceType(2).Interfaces(10)
19:14:12.697 INFO: JdwpDebugServer: handling req: ClassType(3).Superclass(1)
19:14:12.697 INFO: JdwpDebugServer: handling req: ClassType(3).Superclass(1)
19:14:12.697 INFO: JdwpDebugServer: handling req: ReferenceType(2).Interfaces(10)
19:14:12.697 INFO: JdwpDebugServer: handling req: ReferenceType(2).Interfaces(10)
19:14:12.697 INFO: JdwpDebugServer: handling req: ClassType(3).Superclass(1)
19:14:12.697 INFO: JdwpDebugServer: handling req: ReferenceType(2).Interfaces(10)
19:14:12.697 INFO: JdwpDebugServer: handling req: ReferenceType(2).Interfaces(10)
19:14:12.697 INFO: JdwpDebugServer: handling req: ReferenceType(2).Interfaces(10)
19:14:12.697 INFO: JdwpDebugServer: handling req: ReferenceType(2).Interfaces(10)
19:14:12.697 INFO: JdwpDebugServer: handling req: ReferenceType(2).Interfaces(10)
19:14:12.697 INFO: JdwpDebugServer: handling req: ReferenceType(2).Interfaces(10)
19:14:12.697 INFO: JdwpDebugServer: handling req: ReferenceType(2).Interfaces(10)
19:14:12.697 INFO: JdwpDebugServer: handling req: ReferenceType(2).Interfaces(10)
19:14:12.697 INFO: JdwpDebugServer: handling req: ReferenceType(2).Interfaces(10)
19:14:12.697 INFO: JdwpDebugServer: handling req: ReferenceType(2).Interfaces(10)
19:14:12.697 INFO: JdwpDebugServer: handling req: ReferenceType(2).Interfaces(10)
19:14:12.697 INFO: JdwpDebugServer: handling req: ReferenceType(2).Interfaces(10)
19:14:12.697 INFO: JdwpDebugServer: handling req: ReferenceType(2).Interfaces(10)
19:14:12.697 INFO: JdwpDebugServer: handling req: ReferenceType(2).Interfaces(10)
19:14:12.698 INFO: JdwpDebugServer: handling req: ReferenceType(2).Interfaces(10)
19:14:12.698 INFO: JdwpDebugServer: handling req: ReferenceType(2).Interfaces(10)
19:14:12.698 INFO: JdwpDebugServer: handling req: ReferenceType(2).Interfaces(10)
19:14:12.698 INFO: JdwpDebugServer: handling req: ReferenceType(2).Interfaces(10)
19:14:12.698 INFO: JdwpDebugServer: handling req: ReferenceType(2).Interfaces(10)
19:14:12.698 INFO: JdwpDebugServer: handling req: ReferenceType(2).Interfaces(10)
19:14:12.698 INFO: JdwpDebugServer: handling req: ReferenceType(2).Interfaces(10)
19:14:12.698 INFO: JdwpDebugServer: handling req: ReferenceType(2).Interfaces(10)
19:14:12.698 INFO: JdwpDebugServer: handling req: ReferenceType(2).Interfaces(10)
19:14:12.698 INFO: JdwpDebugServer: handling req: ReferenceType(2).Interfaces(10)
19:14:12.698 INFO: JdwpDebugServer: handling req: ReferenceType(2).Interfaces(10)
19:14:12.698 INFO: JdwpDebugServer: handling req: ReferenceType(2).Interfaces(10)
19:14:12.698 INFO: JdwpDebugServer: handling req: ReferenceType(2).Interfaces(10)
19:14:12.698 INFO: JdwpDebugServer: handling req: ReferenceType(2).Interfaces(10)
19:14:12.698 INFO: JdwpDebugServer: handling req: ReferenceType(2).Interfaces(10)
19:14:12.698 INFO: JdwpDebugServer: handling req: ReferenceType(2).Interfaces(10)
19:14:12.698 INFO: JdwpDebugServer: handling req: ReferenceType(2).Interfaces(10)
19:14:12.698 INFO: JdwpDebugServer: handling req: ReferenceType(2).Interfaces(10)
19:14:12.698 INFO: JdwpDebugServer: handling req: ReferenceType(2).Interfaces(10)
19:14:12.698 INFO: JdwpDebugServer: handling req: ReferenceType(2).Interfaces(10)
19:14:12.698 INFO: JdwpDebugServer: handling req: ReferenceType(2).MethodsWithGeneric(15)
19:14:12.698 INFO: JdwpDebugServer: handling req: ReferenceType(2).MethodsWithGeneric(15)
19:14:12.698 INFO: JdwpDebugServer: handling req: ReferenceType(2).MethodsWithGeneric(15)
19:14:12.698 INFO: JdwpDebugServer: handling req: ReferenceType(2).MethodsWithGeneric(15)
19:14:12.698 INFO: JdwpDebugServer: handling req: ReferenceType(2).MethodsWithGeneric(15)
19:14:12.698 INFO: JdwpDebugServer: handling req: ReferenceType(2).MethodsWithGeneric(15)
19:14:12.698 INFO: JdwpDebugServer: handling req: ReferenceType(2).MethodsWithGeneric(15)
19:14:12.698 INFO: JdwpDebugServer: handling req: ReferenceType(2).MethodsWithGeneric(15)
19:14:12.699 INFO: JdwpDebugServer: handling req: ClassType(3).Superclass(1)
19:14:12.699 INFO: JdwpDebugServer: handling req: ReferenceType(2).Interfaces(10)
19:14:12.699 INFO: JdwpDebugServer: handling req: ClassType(3).Superclass(1)
19:14:12.699 INFO: JdwpDebugServer: handling req: ReferenceType(2).Interfaces(10)
19:14:12.699 INFO: JdwpDebugServer: handling req: ClassType(3).Superclass(1)
19:14:12.699 INFO: JdwpDebugServer: handling req: ReferenceType(2).Interfaces(10)
19:14:12.699 INFO: JdwpDebugServer: handling req: ClassType(3).Superclass(1)
19:14:12.699 INFO: JdwpDebugServer: handling req: ReferenceType(2).Interfaces(10)
19:14:12.699 INFO: JdwpDebugServer: handling req: ClassType(3).Superclass(1)
19:14:12.699 INFO: JdwpDebugServer: handling req: ReferenceType(2).Interfaces(10)
19:14:12.699 INFO: JdwpDebugServer: handling req: ReferenceType(2).Interfaces(10)
19:14:12.699 INFO: JdwpDebugServer: handling req: ClassType(3).Superclass(1)
19:14:12.699 INFO: JdwpDebugServer: handling req: ReferenceType(2).Interfaces(10)
19:14:12.700 INFO: JdwpDebugServer: handling req: ClassType(3).Superclass(1)
19:14:12.700 INFO: JdwpDebugServer: handling req: ReferenceType(2).Interfaces(10)
19:14:12.700 INFO: JdwpDebugServer: handling req: ReferenceType(2).Interfaces(10)
19:14:12.700 INFO: JdwpDebugServer: handling req: ClassType(3).Superclass(1)
19:14:12.700 INFO: JdwpDebugServer: handling req: ReferenceType(2).Interfaces(10)
19:14:12.700 INFO: JdwpDebugServer: handling req: ReferenceType(2).Interfaces(10)
19:14:12.700 INFO: JdwpDebugServer: handling req: ClassType(3).Superclass(1)
19:14:12.700 INFO: JdwpDebugServer: handling req: ReferenceType(2).Interfaces(10)
19:14:12.700 INFO: JdwpDebugServer: handling req: ClassType(3).Superclass(1)
19:14:12.700 INFO: JdwpDebugServer: handling req: ReferenceType(2).Interfaces(10)
19:14:12.700 INFO: JdwpDebugServer: handling req: ClassType(3).Superclass(1)
19:14:12.700 INFO: JdwpDebugServer: handling req: ClassType(3).Superclass(1)
19:14:12.700 INFO: JdwpDebugServer: handling req: ReferenceType(2).Interfaces(10)
19:14:12.700 INFO: JdwpDebugServer: handling req: ClassType(3).Superclass(1)
19:14:12.700 INFO: JdwpDebugServer: handling req: ReferenceType(2).Interfaces(10)
19:14:12.700 INFO: JdwpDebugServer: handling req: ReferenceType(2).MethodsWithGeneric(15)
19:14:12.700 INFO: JdwpDebugServer: handling req: ReferenceType(2).MethodsWithGeneric(15)
19:14:12.700 INFO: JdwpDebugServer: handling req: ClassType(3).Superclass(1)
19:14:12.700 INFO: JdwpDebugServer: handling req: ReferenceType(2).Interfaces(10)
19:14:12.700 INFO: JdwpDebugServer: handling req: ClassType(3).Superclass(1)
19:14:12.700 INFO: JdwpDebugServer: handling req: ReferenceType(2).Interfaces(10)
19:14:12.700 INFO: JdwpDebugServer: handling req: ClassType(3).Superclass(1)
19:14:12.701 INFO: JdwpDebugServer: handling req: ReferenceType(2).Interfaces(10)
19:14:12.701 INFO: JdwpDebugServer: handling req: ClassType(3).Superclass(1)
19:14:12.701 INFO: JdwpDebugServer: handling req: ReferenceType(2).Interfaces(10)
19:14:12.701 INFO: JdwpDebugServer: handling req: ClassType(3).Superclass(1)
19:14:12.701 INFO: JdwpDebugServer: handling req: ReferenceType(2).Interfaces(10)
19:14:12.701 INFO: JdwpDebugServer: handling req: ClassType(3).Superclass(1)
19:14:12.701 INFO: JdwpDebugServer: handling req: ReferenceType(2).Interfaces(10)
19:14:12.701 INFO: JdwpDebugServer: handling req: ClassType(3).Superclass(1)
19:14:12.701 INFO: JdwpDebugServer: handling req: ReferenceType(2).Interfaces(10)
19:14:12.701 INFO: JdwpDebugServer: handling req: ClassType(3).Superclass(1)
19:14:12.701 INFO: JdwpDebugServer: handling req: ReferenceType(2).Interfaces(10)
19:14:12.701 INFO: JdwpDebugServer: handling req: ClassType(3).Superclass(1)
19:14:12.701 INFO: JdwpDebugServer: handling req: ClassType(3).Superclass(1)
19:14:12.701 INFO: JdwpDebugServer: handling req: ReferenceType(2).Interfaces(10)
19:14:12.701 INFO: JdwpDebugServer: handling req: ClassType(3).Superclass(1)
19:14:12.701 INFO: JdwpDebugServer: handling req: ReferenceType(2).Interfaces(10)
19:14:12.701 INFO: JdwpDebugServer: handling req: ClassType(3).Superclass(1)
19:14:12.701 INFO: JdwpDebugServer: handling req: ReferenceType(2).Interfaces(10)
19:14:12.701 INFO: JdwpDebugServer: handling req: ClassType(3).Superclass(1)
19:14:12.701 INFO: JdwpDebugServer: handling req: ReferenceType(2).Interfaces(10)
19:14:12.701 INFO: JdwpDebugServer: handling req: ClassType(3).Superclass(1)
19:14:12.701 INFO: JdwpDebugServer: handling req: ReferenceType(2).Interfaces(10)
19:14:12.701 INFO: JdwpDebugServer: handling req: ClassType(3).Superclass(1)
19:14:12.701 INFO: JdwpDebugServer: handling req: ClassType(3).Superclass(1)
19:14:12.701 INFO: JdwpDebugServer: handling req: ReferenceType(2).Interfaces(10)
19:14:12.701 INFO: JdwpDebugServer: handling req: ClassType(3).Superclass(1)
19:14:12.701 INFO: JdwpDebugServer: handling req: ReferenceType(2).Interfaces(10)
19:14:12.701 INFO: JdwpDebugServer: handling req: ClassType(3).Superclass(1)
19:14:12.701 INFO: JdwpDebugServer: handling req: ReferenceType(2).Interfaces(10)
19:14:12.701 INFO: JdwpDebugServer: handling req: ReferenceType(2).MethodsWithGeneric(15)
19:14:12.701 INFO: JdwpDebugServer: handling req: ReferenceType(2).MethodsWithGeneric(15)
19:14:12.701 INFO: JdwpDebugServer: handling req: ReferenceType(2).MethodsWithGeneric(15)
19:14:12.701 INFO: JdwpDebugServer: handling req: ClassType(3).Superclass(1)
19:14:12.701 INFO: JdwpDebugServer: handling req: ReferenceType(2).Interfaces(10)
19:14:12.702 INFO: JdwpDebugServer: handling req: ClassType(3).Superclass(1)
19:14:12.702 INFO: JdwpDebugServer: handling req: ReferenceType(2).Interfaces(10)
19:14:12.702 INFO: JdwpDebugServer: handling req: ClassType(3).Superclass(1)
19:14:12.702 INFO: JdwpDebugServer: handling req: ReferenceType(2).Interfaces(10)
19:14:12.702 INFO: JdwpDebugServer: handling req: ClassType(3).Superclass(1)
19:14:12.702 INFO: JdwpDebugServer: handling req: ReferenceType(2).Interfaces(10)
19:14:12.702 INFO: JdwpDebugServer: handling req: ClassType(3).Superclass(1)
19:14:12.702 INFO: JdwpDebugServer: handling req: ReferenceType(2).Interfaces(10)
19:14:12.702 INFO: JdwpDebugServer: handling req: ClassType(3).Superclass(1)
19:14:12.702 INFO: JdwpDebugServer: handling req: ReferenceType(2).Interfaces(10)
19:14:12.702 INFO: JdwpDebugServer: handling req: ClassType(3).Superclass(1)
19:14:12.702 INFO: JdwpDebugServer: handling req: ReferenceType(2).Interfaces(10)
19:14:12.702 INFO: JdwpDebugServer: handling req: ClassType(3).Superclass(1)
19:14:12.702 INFO: JdwpDebugServer: handling req: ReferenceType(2).Interfaces(10)
19:14:12.702 INFO: JdwpDebugServer: handling req: ClassType(3).Superclass(1)
19:14:12.702 INFO: JdwpDebugServer: handling req: ReferenceType(2).MethodsWithGeneric(15)
19:14:12.702 INFO: JdwpDebugServer: handling req: StringReference(10).Value(1)
19:14:12.765 INFO: JdwpDebugServer: handling req: ObjectReference(9).DisableCollection(7)
19:14:12.766 INFO: JdwpDebugServer: handling req: ObjectReference(9).InvokeMethod(6)
19:14:12.769 INFO: JdwpDebugServer: handling req: ObjectReference(9).InvokeMethod(6)
19:14:12.770 INFO: JdwpDebugServer: handling req: ObjectReference(9).DisableCollection(7)
19:14:12.771 INFO: JdwpDebugServer: handling req: ObjectReference(9).InvokeMethod(6)
19:14:12.772 INFO: JdwpDebugServer: handling req: ObjectReference(9).InvokeMethod(6)
19:14:12.773 INFO: JdwpDebugServer: handling req: ObjectReference(9).InvokeMethod(6)
19:14:12.775 INFO: JdwpDebugServer: handling req: StringReference(10).Value(1)
19:14:12.780 INFO: JdwpDebugServer: handling req: ObjectReference(9).InvokeMethod(6)
19:14:12.782 INFO: JdwpDebugServer: handling req: StringReference(10).Value(1)
19:14:12.787 INFO: JdwpDebugServer: handling req: ObjectReference(9).InvokeMethod(6)
19:14:12.789 INFO: JdwpDebugServer: handling req: StringReference(10).Value(1)
19:14:12.794 INFO: JdwpDebugServer: handling req: ObjectReference(9).InvokeMethod(6)
19:14:12.795 INFO: JdwpDebugServer: handling req: ObjectReference(9).InvokeMethod(6)
19:14:12.796 INFO: JdwpDebugServer: handling req: ObjectReference(9).InvokeMethod(6)
19:14:12.797 INFO: JdwpDebugServer: handling req: ObjectReference(9).InvokeMethod(6)
19:14:12.799 INFO: JdwpDebugServer: handling req: StringReference(10).Value(1)
19:14:12.804 INFO: JdwpDebugServer: handling req: ObjectReference(9).InvokeMethod(6)
19:14:12.806 INFO: JdwpDebugServer: handling req: StringReference(10).Value(1)
19:16:40.517 INFO: JdwpDebugServer: handling req: ThreadReference(11).FramesCount(7)
19:16:40.517 INFO: JdwpDebugServer: handling req: ThreadReference(11).Status(4)
19:16:40.517 INFO: JdwpDebugServer: handling req: ThreadReference(11).Frames(6)
19:16:40.523 INFO: JdwpDebugServer: handling req: ReferenceType(2).MethodsWithGeneric(15)
19:16:40.526 INFO: JdwpDebugServer: handling req: Method(6).LineTable(1)
19:16:40.526 INFO: JdwpDebugServer: handling req: Method(6).VariableTableWithGenerics(5)
19:16:40.549 INFO: JdwpDebugServer: handling req: EventRequest(15).Set(1)
19:16:40.549 INFO: JdwpEventCenterDelegate: jdwpSetEventRequest: JdwpEventRequest{requestId=118, eventKind=SINGLE_STEP, suspendPolicy=EVENT_THREAD, predicates=[step{threadId=33, size=1, depth=2} , className!=com.sun.*, className!=java.*, className!=javax.*, className!=org.omg.*, className!=sun.*, className!=jdk.internal.*, className!=junit.*, className!=org.junit.*, className!=com.intellij.rt.*, className!=com.yourkit.runtime.*, className!=com.springsource.loaded.*, className!=org.springsource.loaded.*, className!=javassist.*, className!=org.apache.webbeans.*, className!=com.ibm.ws.*, className!=kotlin.*, className!=dalvik.*, className!=libcore.*, className!=org.codehaus.groovy.*, className!=groovy.*, className!=kotlin.jvm*, className!=kotlin.reflect*, className!=kotlin.NoWhenBranchMatchedException, className!=kotlin.TypeCastException, className!=kotlin.KotlinNullPointerException, className!=androidx.compose.runtime*]}
19:16:40.572 INFO: JdwpDebugServer: handling req: EventRequest(15).Clear(2)
19:16:40.573 INFO: JdwpDebugServer: handling req: EventRequest(15).Set(1)
19:16:40.574 INFO: JdwpEventCenterDelegate: jdwpSetEventRequest: JdwpEventRequest{requestId=119, eventKind=SINGLE_STEP, suspendPolicy=EVENT_THREAD, predicates=[step{threadId=33, size=1, depth=1} , className!=com.sun.*, className!=java.*, className!=javax.*, className!=org.omg.*, className!=sun.*, className!=jdk.internal.*, className!=junit.*, className!=org.junit.*, className!=com.intellij.rt.*, className!=com.yourkit.runtime.*, className!=com.springsource.loaded.*, className!=org.springsource.loaded.*, className!=javassist.*, className!=org.apache.webbeans.*, className!=com.ibm.ws.*, className!=kotlin.*, className!=dalvik.*, className!=libcore.*, className!=org.codehaus.groovy.*, className!=groovy.*, className!=kotlin.jvm*, className!=kotlin.reflect*, className!=kotlin.NoWhenBranchMatchedException, className!=kotlin.TypeCastException, className!=kotlin.KotlinNullPointerException, className!=androidx.compose.runtime*, count=1]}
19:16:40.575 INFO: JdwpDebugServer: handling req: ThreadReference(11).Resume(3)
19:16:40.577 INFO: JdwpEventCenterDelegate: THREAD_RESUMED: thread (33, main, main)
19:16:40.577 INFO: JdwpDebugServer: handling req: ObjectReference(9).EnableCollection(8)
19:16:40.577 INFO: JdwpDebugServer: handling req: ObjectReference(9).EnableCollection(8)
19:16:40.577 INFO: JdwpDebugServer: handling req: ObjectReference(9).EnableCollection(8)
19:16:40.578 INFO: JdwpDebugServer: handling req: ThreadReference(11).Status(4)
19:16:40.578 INFO: JdwpDebugServer: handling req: ThreadReference(11).FramesCount(7)
19:16:40.578 INFO: JdwpDebugServer: handling req: EventRequest(15).Clear(2)
19:16:40.579 INFO: JdwpDebugServer: handling req: ThreadReference(11).Name(1)
19:16:40.579 INFO: JdwpDebugServer: handling req: ThreadReference(11).Frames(6)
19:16:40.581 INFO: JdwpDebugServer: handling req: ObjectReference(9).IsCollected(9)
19:16:40.582 INFO: JdwpDebugServer: handling req: StackFrame(16).ThisObject(3)
19:16:40.583 INFO: JdwpDebugServer: handling req: ThreadReference(11).Frames(6)
19:16:40.583 INFO: JdwpDebugServer: handling req: ReferenceType(2).MethodsWithGeneric(15)
19:16:40.584 INFO: JdwpDebugServer: handling req: Method(6).LineTable(1)
19:16:40.585 INFO: JdwpDebugServer: handling req: StackFrame(16).GetValues(1)
19:16:40.588 INFO: JdwpDebugServer: handling req: ReferenceType(2).MethodsWithGeneric(15)
19:16:40.588 INFO: JdwpDebugServer: handling req: Method(6).LineTable(1)
19:16:40.590 INFO: JdwpDebugServer: handling req: ReferenceType(2).MethodsWithGeneric(15)
19:16:40.590 INFO: JdwpDebugServer: handling req: Method(6).LineTable(1)
19:16:40.595 INFO: JdwpDebugServer: handling req: ReferenceType(2).MethodsWithGeneric(15)
19:16:40.595 INFO: JdwpDebugServer: handling req: Method(6).LineTable(1)
19:16:40.601 INFO: JdwpDebugServer: handling req: ReferenceType(2).MethodsWithGeneric(15)
19:16:40.602 INFO: JdwpDebugServer: handling req: Method(6).LineTable(1)
19:16:40.608 INFO: JdwpDebugServer: handling req: ReferenceType(2).MethodsWithGeneric(15)
19:16:40.608 INFO: JdwpDebugServer: handling req: Method(6).LineTable(1)
19:16:40.608 INFO: JdwpDebugServer: handling req: ReferenceType(2).MethodsWithGeneric(15)
19:16:40.609 INFO: JdwpDebugServer: handling req: ReferenceType(2).FieldsWithGeneric(14)
19:16:40.609 INFO: JdwpDebugServer: handling req: ObjectReference(9).InvokeMethod(6)
19:16:40.611 INFO: JdwpDebugServer: handling req: ReferenceType(2).FieldsWithGeneric(14)
19:16:40.611 INFO: JdwpDebugServer: handling req: ReferenceType(2).FieldsWithGeneric(14)
19:16:40.611 INFO: JdwpDebugServer: handling req: StringReference(10).Value(1)
19:16:40.615 INFO: JdwpDebugServer: handling req: ObjectReference(9).InvokeMethod(6)
19:16:40.617 INFO: JdwpDebugServer: handling req: StringReference(10).Value(1)
19:16:40.622 INFO: JdwpDebugServer: handling req: ThreadReference(11).FramesCount(7)
19:16:40.623 INFO: JdwpDebugServer: handling req: ThreadReference(11).Frames(6)
19:16:40.623 INFO: JdwpDebugServer: handling req: ObjectReference(9).GetValues(2)
19:16:40.637 INFO: JdwpDebugServer: handling req: ObjectReference(9).InvokeMethod(6)
19:16:40.638 INFO: JdwpDebugServer: handling req: StringReference(10).Value(1)
19:16:40.642 INFO: JdwpDebugServer: handling req: ObjectReference(9).InvokeMethod(6)
19:16:40.643 INFO: JdwpDebugServer: handling req: StringReference(10).Value(1)
19:16:40.646 INFO: JdwpDebugServer: handling req: ObjectReference(9).InvokeMethod(6)
19:16:40.647 INFO: JdwpDebugServer: handling req: StringReference(10).Value(1)
19:16:40.651 INFO: JdwpDebugServer: handling req: ObjectReference(9).InvokeMethod(6)
19:16:40.652 INFO: JdwpDebugServer: handling req: StringReference(10).Value(1)
19:16:40.655 INFO: JdwpDebugServer: handling req: Method(6).LineTable(1)
19:16:44.990 INFO: JdwpDebugServer: handling req: ThreadReference(11).Status(4)
19:16:44.991 INFO: JdwpDebugServer: handling req: ThreadReference(11).FramesCount(7)
19:16:44.991 INFO: JdwpDebugServer: handling req: ThreadReference(11).Frames(6)
19:16:45.001 INFO: JdwpDebugServer: handling req: StackFrame(16).GetValues(1)
19:16:45.004 INFO: JdwpDebugServer: handling req: ObjectReference(9).DisableCollection(7)
19:16:45.005 INFO: JdwpDebugServer: handling req: StackFrame(16).ThisObject(3)
19:16:45.006 INFO: JdwpDebugServer: handling req: ObjectReference(9).InvokeMethod(6)
19:16:45.008 INFO: JdwpDebugServer: handling req: StringReference(10).Value(1)
19:16:53.385 INFO: JdwpDebugServer: handling req: ThreadReference(11).Status(4)
19:16:53.386 INFO: JdwpDebugServer: handling req: ThreadReference(11).FramesCount(7)
19:16:53.386 INFO: JdwpDebugServer: handling req: ThreadReference(11).Frames(6)
19:16:53.388 INFO: JdwpDebugServer: handling req: StackFrame(16).GetValues(1)
19:16:53.401 INFO: JdwpDebugServer: handling req: StackFrame(16).ThisObject(3)
19:16:53.402 INFO: JdwpDebugServer: handling req: ObjectReference(9).IsCollected(9)
19:16:53.403 INFO: JdwpDebugServer: handling req: ThreadReference(11).Frames(6)
19:16:53.405 INFO: JdwpDebugServer: handling req: ObjectReference(9).InvokeMethod(6)
19:16:53.408 INFO: JdwpDebugServer: handling req: StringReference(10).Value(1)
19:16:53.412 INFO: JdwpDebugServer: handling req: ReferenceType(2).FieldsWithGeneric(14)
19:16:53.412 INFO: JdwpDebugServer: handling req: ThreadReference(11).FramesCount(7)
19:16:53.412 INFO: JdwpDebugServer: handling req: ThreadReference(11).Frames(6)
19:16:53.412 INFO: JdwpDebugServer: handling req: ReferenceType(2).FieldsWithGeneric(14)
19:16:53.413 INFO: JdwpDebugServer: handling req: ObjectReference(9).GetValues(2)
19:16:53.420 INFO: JdwpDebugServer: handling req: ObjectReference(9).InvokeMethod(6)
19:16:53.422 INFO: JdwpDebugServer: handling req: StringReference(10).Value(1)
19:16:53.425 INFO: JdwpDebugServer: handling req: ObjectReference(9).InvokeMethod(6)
19:16:53.427 INFO: JdwpDebugServer: handling req: StringReference(10).Value(1)
19:16:53.437 INFO: JdwpDebugServer: handling req: ObjectReference(9).GetValues(2)
19:16:53.480 INFO: JdwpDebugServer: handling req: ObjectReference(9).InvokeMethod(6)
19:16:53.481 INFO: JdwpDebugServer: handling req: StringReference(10).Value(1)
19:16:53.485 INFO: JdwpDebugServer: handling req: ObjectReference(9).InvokeMethod(6)
19:16:53.487 INFO: JdwpDebugServer: handling req: StringReference(10).Value(1)
19:16:53.491 INFO: JdwpDebugServer: handling req: ObjectReference(9).InvokeMethod(6)
19:16:53.492 INFO: JdwpDebugServer: handling req: StringReference(10).Value(1)
19:16:53.496 INFO: JdwpDebugServer: handling req: ObjectReference(9).InvokeMethod(6)
19:16:53.497 INFO: JdwpDebugServer: handling req: StringReference(10).Value(1)
19:16:53.519 INFO: JdwpDebugServer: handling req: ObjectReference(9).DisableCollection(7)
19:16:53.519 INFO: JdwpDebugServer: handling req: ReferenceType(2).MethodsWithGeneric(15)
19:16:53.520 INFO: JdwpDebugServer: handling req: ObjectReference(9).InvokeMethod(6)
19:16:53.521 INFO: JdwpDebugServer: handling req: ObjectReference(9).InvokeMethod(6)
19:16:53.522 INFO: JdwpDebugServer: handling req: ObjectReference(9).DisableCollection(7)
19:16:53.522 INFO: JdwpDebugServer: handling req: ObjectReference(9).InvokeMethod(6)
19:16:53.523 INFO: JdwpDebugServer: handling req: ObjectReference(9).InvokeMethod(6)
19:16:53.525 INFO: JdwpDebugServer: handling req: ObjectReference(9).InvokeMethod(6)
19:16:53.526 INFO: JdwpDebugServer: handling req: ObjectReference(9).InvokeMethod(6)
19:16:53.527 INFO: JdwpDebugServer: handling req: StringReference(10).Value(1)
19:16:53.530 INFO: JdwpDebugServer: handling req: ObjectReference(9).InvokeMethod(6)
19:16:53.532 INFO: JdwpDebugServer: handling req: StringReference(10).Value(1)
19:16:53.536 INFO: JdwpDebugServer: handling req: ObjectReference(9).InvokeMethod(6)
19:16:53.537 INFO: JdwpDebugServer: handling req: StringReference(10).Value(1)
19:16:53.538 INFO: JdwpDebugServer: handling req: ObjectReference(9).InvokeMethod(6)
19:16:53.538 INFO: JdwpDebugServer: handling req: ObjectReference(9).InvokeMethod(6)
19:16:53.540 INFO: JdwpDebugServer: handling req: ObjectReference(9).InvokeMethod(6)
19:16:53.540 INFO: JdwpDebugServer: handling req: StringReference(10).Value(1)
19:16:53.541 INFO: JdwpDebugServer: handling req: ObjectReference(9).InvokeMethod(6)
19:16:53.542 INFO: JdwpDebugServer: handling req: StringReference(10).Value(1)
19:17:36.221 INFO: JdwpDebugServer: handling req: EventRequest(15).Clear(2)
19:17:36.222 INFO: JdwpDebugServer: handling req: EventRequest(15).Clear(2)
19:17:36.222 INFO: JdwpDebugServer: handling req: EventRequest(15).Clear(2)
19:17:36.222 INFO: JdwpDebugServer: handling req: EventRequest(15).Clear(2)
19:17:36.224 INFO: JdwpDebugServer: handling req: EventRequest(15).Clear(2)
19:17:36.224 INFO: JdwpDebugServer: handling req: EventRequest(15).Clear(2)
19:17:36.226 INFO: JdwpDebugServer: handling req: EventRequest(15).Set(1)
19:17:36.226 INFO: JdwpEventCenterDelegate: jdwpSetEventRequest: JdwpEventRequest{requestId=120, eventKind=CLASS_PREPARE, suspendPolicy=EVENT_THREAD, predicates=[className=com.twobsoft.babymozartspacetrip.splash.SplashScreenModel$title$1]}
19:17:36.228 INFO: JdwpDebugServer: handling req: EventRequest(15).Set(1)
19:17:36.228 INFO: JdwpEventCenterDelegate: jdwpSetEventRequest: JdwpEventRequest{requestId=121, eventKind=CLASS_PREPARE, suspendPolicy=EVENT_THREAD, predicates=[className=com.twobsoft.babymozartspacetrip.splash.SplashScreenModel$title$1$*]}
19:17:36.229 INFO: JdwpDebugServer: handling req: EventRequest(15).Set(1)
19:17:36.229 INFO: JdwpEventCenterDelegate: jdwpSetEventRequest: JdwpEventRequest{requestId=122, eventKind=CLASS_PREPARE, suspendPolicy=EVENT_THREAD, predicates=[className=com.twobsoft.babymozartspacetrip.splash.SplashScreenModel]}
19:17:36.229 INFO: JdwpDebugServer: handling req: EventRequest(15).Set(1)
19:17:36.230 INFO: JdwpEventCenterDelegate: jdwpSetEventRequest: JdwpEventRequest{requestId=123, eventKind=CLASS_PREPARE, suspendPolicy=EVENT_THREAD, predicates=[className=com.twobsoft.babymozartspacetrip.splash.SplashScreenModel$*]}
19:17:36.231 INFO: JdwpDebugServer: handling req: EventRequest(15).Set(1)
19:17:36.231 INFO: JdwpEventCenterDelegate: jdwpSetEventRequest: JdwpEventRequest{requestId=124, eventKind=CLASS_PREPARE, suspendPolicy=EVENT_THREAD, predicates=[className=com.twobsoft.babymozartspacetrip.splash.ComposableSingletons$SplashScreenModelKt$*]}
19:17:36.232 INFO: JdwpDebugServer: handling req: ReferenceType(2).MethodsWithGeneric(15)
19:17:36.232 INFO: JdwpDebugServer: handling req: Method(6).LineTable(1)
19:17:36.233 INFO: JdwpDebugServer: handling req: Method(6).LineTable(1)
19:17:36.233 INFO: JdwpDebugServer: handling req: Method(6).LineTable(1)
19:17:36.233 INFO: JdwpDebugServer: handling req: Method(6).LineTable(1)
19:17:36.233 INFO: JdwpDebugServer: handling req: Method(6).LineTable(1)
19:17:36.234 INFO: JdwpDebugServer: handling req: Method(6).LineTable(1)
19:17:36.234 INFO: JdwpDebugServer: handling req: Method(6).LineTable(1)
19:17:36.234 INFO: JdwpDebugServer: handling req: Method(6).LineTable(1)
19:17:36.234 INFO: JdwpDebugServer: handling req: Method(6).LineTable(1)
19:17:36.235 INFO: JdwpDebugServer: handling req: Method(6).LineTable(1)
19:17:36.235 INFO: JdwpDebugServer: handling req: Method(6).LineTable(1)
19:17:36.235 INFO: JdwpDebugServer: handling req: Method(6).LineTable(1)
19:17:36.235 INFO: JdwpDebugServer: handling req: Method(6).LineTable(1)
19:17:36.239 INFO: JdwpDebugServer: handling req: ReferenceType(2).MethodsWithGeneric(15)
19:17:36.239 INFO: JdwpDebugServer: handling req: Method(6).LineTable(1)
19:17:36.239 INFO: JdwpDebugServer: handling req: Method(6).LineTable(1)
19:17:36.240 INFO: JdwpDebugServer: handling req: EventRequest(15).Set(1)
19:17:36.240 INFO: JdwpEventCenterDelegate: jdwpSetEventRequest: JdwpEventRequest{requestId=125, eventKind=BREAKPOINT, suspendPolicy=EVENT_THREAD, predicates=[Location{classId=23550, methodId=9557, index=98} ]}
19:17:36.241 INFO: JdwpDebugServer: handling req: EventRequest(15).Clear(2)
19:17:36.241 INFO: JdwpDebugServer: handling req: EventRequest(15).Clear(2)
19:17:36.242 INFO: JdwpDebugServer: handling req: EventRequest(15).Clear(2)
19:17:36.242 INFO: JdwpDebugServer: handling req: EventRequest(15).Clear(2)
19:17:36.242 INFO: JdwpDebugServer: handling req: EventRequest(15).Clear(2)
19:17:36.243 INFO: JdwpDebugServer: handling req: EventRequest(15).Clear(2)
19:17:36.244 INFO: JdwpDebugServer: handling req: EventRequest(15).Set(1)
19:17:36.244 INFO: JdwpEventCenterDelegate: jdwpSetEventRequest: JdwpEventRequest{requestId=126, eventKind=CLASS_PREPARE, suspendPolicy=EVENT_THREAD, predicates=[className=com.twobsoft.babymozartspacetrip.splash.SplashScreenModel$title$1]}
19:17:36.245 INFO: JdwpDebugServer: handling req: EventRequest(15).Set(1)
19:17:36.245 INFO: JdwpEventCenterDelegate: jdwpSetEventRequest: JdwpEventRequest{requestId=127, eventKind=CLASS_PREPARE, suspendPolicy=EVENT_THREAD, predicates=[className=com.twobsoft.babymozartspacetrip.splash.SplashScreenModel$title$1$*]}
19:17:36.246 INFO: JdwpDebugServer: handling req: EventRequest(15).Set(1)
19:17:36.246 INFO: JdwpEventCenterDelegate: jdwpSetEventRequest: JdwpEventRequest{requestId=128, eventKind=CLASS_PREPARE, suspendPolicy=EVENT_THREAD, predicates=[className=com.twobsoft.babymozartspacetrip.splash.SplashScreenModel]}
19:17:36.246 INFO: JdwpDebugServer: handling req: EventRequest(15).Set(1)
19:17:36.246 INFO: JdwpEventCenterDelegate: jdwpSetEventRequest: JdwpEventRequest{requestId=129, eventKind=CLASS_PREPARE, suspendPolicy=EVENT_THREAD, predicates=[className=com.twobsoft.babymozartspacetrip.splash.SplashScreenModel$*]}
19:17:36.247 INFO: JdwpDebugServer: handling req: EventRequest(15).Set(1)
19:17:36.247 INFO: JdwpEventCenterDelegate: jdwpSetEventRequest: JdwpEventRequest{requestId=130, eventKind=CLASS_PREPARE, suspendPolicy=EVENT_THREAD, predicates=[className=com.twobsoft.babymozartspacetrip.splash.ComposableSingletons$SplashScreenModelKt$*]}
19:17:36.251 INFO: JdwpDebugServer: handling req: EventRequest(15).Set(1)
19:17:36.251 INFO: JdwpEventCenterDelegate: jdwpSetEventRequest: JdwpEventRequest{requestId=131, eventKind=BREAKPOINT, suspendPolicy=EVENT_THREAD, predicates=[Location{classId=23550, methodId=9557, index=99} ]}
19:17:44.969 INFO: JdwpDebugServer: handling req: EventRequest(15).Clear(2)
19:17:44.969 INFO: JdwpDebugServer: handling req: EventRequest(15).Clear(2)
19:17:44.969 INFO: JdwpDebugServer: handling req: EventRequest(15).Clear(2)
19:17:44.969 INFO: JdwpDebugServer: handling req: EventRequest(15).Clear(2)
19:17:44.971 INFO: JdwpDebugServer: handling req: EventRequest(15).Clear(2)
19:17:44.971 INFO: JdwpDebugServer: handling req: EventRequest(15).Clear(2)
19:17:44.972 INFO: JdwpDebugServer: handling req: EventRequest(15).Set(1)
19:17:44.972 INFO: JdwpEventCenterDelegate: jdwpSetEventRequest: JdwpEventRequest{requestId=132, eventKind=CLASS_PREPARE, suspendPolicy=EVENT_THREAD, predicates=[className=com.twobsoft.babymozartspacetrip.splash.SplashScreenModel$title$1]}
19:17:44.973 INFO: JdwpDebugServer: handling req: EventRequest(15).Set(1)
19:17:44.973 INFO: JdwpEventCenterDelegate: jdwpSetEventRequest: JdwpEventRequest{requestId=133, eventKind=CLASS_PREPARE, suspendPolicy=EVENT_THREAD, predicates=[className=com.twobsoft.babymozartspacetrip.splash.SplashScreenModel$title$1$*]}
19:17:44.974 INFO: JdwpDebugServer: handling req: EventRequest(15).Set(1)
19:17:44.974 INFO: JdwpEventCenterDelegate: jdwpSetEventRequest: JdwpEventRequest{requestId=134, eventKind=CLASS_PREPARE, suspendPolicy=EVENT_THREAD, predicates=[className=com.twobsoft.babymozartspacetrip.splash.SplashScreenModel]}
19:17:44.975 INFO: JdwpDebugServer: handling req: EventRequest(15).Set(1)
19:17:44.975 INFO: JdwpEventCenterDelegate: jdwpSetEventRequest: JdwpEventRequest{requestId=135, eventKind=CLASS_PREPARE, suspendPolicy=EVENT_THREAD, predicates=[className=com.twobsoft.babymozartspacetrip.splash.SplashScreenModel$*]}
19:17:44.976 INFO: JdwpDebugServer: handling req: EventRequest(15).Set(1)
19:17:44.976 INFO: JdwpEventCenterDelegate: jdwpSetEventRequest: JdwpEventRequest{requestId=136, eventKind=CLASS_PREPARE, suspendPolicy=EVENT_THREAD, predicates=[className=com.twobsoft.babymozartspacetrip.splash.ComposableSingletons$SplashScreenModelKt$*]}
19:17:44.978 INFO: JdwpDebugServer: handling req: EventRequest(15).Set(1)
19:17:44.978 INFO: JdwpEventCenterDelegate: jdwpSetEventRequest: JdwpEventRequest{requestId=137, eventKind=BREAKPOINT, suspendPolicy=EVENT_THREAD, predicates=[Location{classId=23550, methodId=9557, index=99} ]}
19:17:44.979 INFO: JdwpDebugServer: handling req: EventRequest(15).Clear(2)
19:17:44.980 INFO: JdwpDebugServer: handling req: EventRequest(15).Clear(2)
19:17:44.980 INFO: JdwpDebugServer: handling req: EventRequest(15).Clear(2)
19:17:44.981 INFO: JdwpDebugServer: handling req: EventRequest(15).Clear(2)
19:17:44.981 INFO: JdwpDebugServer: handling req: EventRequest(15).Clear(2)
19:17:44.981 INFO: JdwpDebugServer: handling req: EventRequest(15).Clear(2)
19:17:44.982 INFO: JdwpDebugServer: handling req: EventRequest(15).Set(1)
19:17:44.982 INFO: JdwpEventCenterDelegate: jdwpSetEventRequest: JdwpEventRequest{requestId=138, eventKind=CLASS_PREPARE, suspendPolicy=EVENT_THREAD, predicates=[className=com.twobsoft.babymozartspacetrip.splash.SplashScreenModel$title$1]}
19:17:44.986 INFO: JdwpDebugServer: handling req: EventRequest(15).Set(1)
19:17:44.986 INFO: JdwpEventCenterDelegate: jdwpSetEventRequest: JdwpEventRequest{requestId=139, eventKind=CLASS_PREPARE, suspendPolicy=EVENT_THREAD, predicates=[className=com.twobsoft.babymozartspacetrip.splash.SplashScreenModel$title$1$*]}
19:17:44.990 INFO: JdwpDebugServer: handling req: EventRequest(15).Set(1)
19:17:44.990 INFO: JdwpEventCenterDelegate: jdwpSetEventRequest: JdwpEventRequest{requestId=140, eventKind=CLASS_PREPARE, suspendPolicy=EVENT_THREAD, predicates=[className=com.twobsoft.babymozartspacetrip.splash.SplashScreenModel]}
19:17:44.991 INFO: JdwpDebugServer: handling req: EventRequest(15).Set(1)
19:17:44.991 INFO: JdwpEventCenterDelegate: jdwpSetEventRequest: JdwpEventRequest{requestId=141, eventKind=CLASS_PREPARE, suspendPolicy=EVENT_THREAD, predicates=[className=com.twobsoft.babymozartspacetrip.splash.SplashScreenModel$*]}
19:17:44.993 INFO: JdwpDebugServer: handling req: EventRequest(15).Set(1)
19:17:44.993 INFO: JdwpEventCenterDelegate: jdwpSetEventRequest: JdwpEventRequest{requestId=142, eventKind=CLASS_PREPARE, suspendPolicy=EVENT_THREAD, predicates=[className=com.twobsoft.babymozartspacetrip.splash.ComposableSingletons$SplashScreenModelKt$*]}
19:18:01.078 INFO: JdwpDebugServer: handling req: EventRequest(15).Clear(2)
19:18:01.079 INFO: JdwpDebugServer: handling req: EventRequest(15).Clear(2)
19:18:01.079 INFO: JdwpDebugServer: handling req: EventRequest(15).Clear(2)
19:18:01.079 INFO: JdwpDebugServer: handling req: EventRequest(15).Clear(2)
19:18:01.081 INFO: JdwpDebugServer: handling req: EventRequest(15).Clear(2)
19:18:01.081 INFO: JdwpDebugServer: handling req: EventRequest(15).Clear(2)
19:18:01.082 INFO: JdwpDebugServer: handling req: EventRequest(15).Set(1)
19:18:01.083 INFO: JdwpEventCenterDelegate: jdwpSetEventRequest: JdwpEventRequest{requestId=143, eventKind=CLASS_PREPARE, suspendPolicy=EVENT_THREAD, predicates=[className=com.twobsoft.babymozartspacetrip.splash.SplashScreenModel$title$1]}
19:18:01.084 INFO: JdwpDebugServer: handling req: EventRequest(15).Set(1)
19:18:01.084 INFO: JdwpEventCenterDelegate: jdwpSetEventRequest: JdwpEventRequest{requestId=144, eventKind=CLASS_PREPARE, suspendPolicy=EVENT_THREAD, predicates=[className=com.twobsoft.babymozartspacetrip.splash.SplashScreenModel$title$1$*]}
19:18:01.085 INFO: JdwpDebugServer: handling req: EventRequest(15).Set(1)
19:18:01.085 INFO: JdwpEventCenterDelegate: jdwpSetEventRequest: JdwpEventRequest{requestId=145, eventKind=CLASS_PREPARE, suspendPolicy=EVENT_THREAD, predicates=[className=com.twobsoft.babymozartspacetrip.splash.SplashScreenModel]}
19:18:01.086 INFO: JdwpDebugServer: handling req: EventRequest(15).Set(1)
19:18:01.086 INFO: JdwpEventCenterDelegate: jdwpSetEventRequest: JdwpEventRequest{requestId=146, eventKind=CLASS_PREPARE, suspendPolicy=EVENT_THREAD, predicates=[className=com.twobsoft.babymozartspacetrip.splash.SplashScreenModel$*]}
19:18:01.087 INFO: JdwpDebugServer: handling req: EventRequest(15).Set(1)
19:18:01.087 INFO: JdwpEventCenterDelegate: jdwpSetEventRequest: JdwpEventRequest{requestId=147, eventKind=CLASS_PREPARE, suspendPolicy=EVENT_THREAD, predicates=[className=com.twobsoft.babymozartspacetrip.splash.ComposableSingletons$SplashScreenModelKt$*]}
19:18:01.089 INFO: JdwpDebugServer: handling req: EventRequest(15).Set(1)
19:18:01.089 INFO: JdwpEventCenterDelegate: jdwpSetEventRequest: JdwpEventRequest{requestId=148, eventKind=BREAKPOINT, suspendPolicy=EVENT_THREAD, predicates=[Location{classId=23550, methodId=9557, index=98} ]}
19:18:01.090 INFO: JdwpDebugServer: handling req: EventRequest(15).Clear(2)
19:18:01.091 INFO: JdwpDebugServer: handling req: EventRequest(15).Clear(2)
19:18:01.091 INFO: JdwpDebugServer: handling req: EventRequest(15).Clear(2)
19:18:01.091 INFO: JdwpDebugServer: handling req: EventRequest(15).Clear(2)
19:18:01.091 INFO: JdwpDebugServer: handling req: EventRequest(15).Clear(2)
19:18:01.092 INFO: JdwpDebugServer: handling req: EventRequest(15).Set(1)
19:18:01.093 INFO: JdwpEventCenterDelegate: jdwpSetEventRequest: JdwpEventRequest{requestId=149, eventKind=CLASS_PREPARE, suspendPolicy=EVENT_THREAD, predicates=[className=com.twobsoft.babymozartspacetrip.splash.SplashScreenModel$title$1]}
19:18:01.094 INFO: JdwpDebugServer: handling req: EventRequest(15).Set(1)
19:18:01.094 INFO: JdwpEventCenterDelegate: jdwpSetEventRequest: JdwpEventRequest{requestId=150, eventKind=CLASS_PREPARE, suspendPolicy=EVENT_THREAD, predicates=[className=com.twobsoft.babymozartspacetrip.splash.SplashScreenModel$title$1$*]}
19:18:01.095 INFO: JdwpDebugServer: handling req: EventRequest(15).Set(1)
19:18:01.095 INFO: JdwpEventCenterDelegate: jdwpSetEventRequest: JdwpEventRequest{requestId=151, eventKind=CLASS_PREPARE, suspendPolicy=EVENT_THREAD, predicates=[className=com.twobsoft.babymozartspacetrip.splash.SplashScreenModel]}
19:18:01.096 INFO: JdwpDebugServer: handling req: EventRequest(15).Set(1)
19:18:01.096 INFO: JdwpEventCenterDelegate: jdwpSetEventRequest: JdwpEventRequest{requestId=152, eventKind=CLASS_PREPARE, suspendPolicy=EVENT_THREAD, predicates=[className=com.twobsoft.babymozartspacetrip.splash.SplashScreenModel$*]}
19:18:01.097 INFO: JdwpDebugServer: handling req: EventRequest(15).Set(1)
19:18:01.097 INFO: JdwpEventCenterDelegate: jdwpSetEventRequest: JdwpEventRequest{requestId=153, eventKind=CLASS_PREPARE, suspendPolicy=EVENT_THREAD, predicates=[className=com.twobsoft.babymozartspacetrip.splash.ComposableSingletons$SplashScreenModelKt$*]}
19:18:01.099 INFO: JdwpDebugServer: handling req: EventRequest(15).Set(1)
19:18:01.099 INFO: JdwpEventCenterDelegate: jdwpSetEventRequest: JdwpEventRequest{requestId=154, eventKind=BREAKPOINT, suspendPolicy=EVENT_THREAD, predicates=[Location{classId=23550, methodId=9557, index=99} ]}
19:18:03.049 INFO: JdwpDebugServer: handling req: EventRequest(15).Clear(2)
19:18:03.051 INFO: JdwpDebugServer: handling req: EventRequest(15).Clear(2)
19:18:03.051 INFO: JdwpDebugServer: handling req: EventRequest(15).Clear(2)
19:18:03.051 INFO: JdwpDebugServer: handling req: EventRequest(15).Clear(2)
19:18:03.052 INFO: JdwpDebugServer: handling req: EventRequest(15).Clear(2)
19:18:03.052 INFO: JdwpDebugServer: handling req: EventRequest(15).Clear(2)
19:18:03.053 INFO: JdwpDebugServer: handling req: EventRequest(15).Set(1)
19:18:03.053 INFO: JdwpEventCenterDelegate: jdwpSetEventRequest: JdwpEventRequest{requestId=155, eventKind=CLASS_PREPARE, suspendPolicy=EVENT_THREAD, predicates=[className=com.twobsoft.babymozartspacetrip.splash.SplashScreenModel$title$1]}
19:18:03.054 INFO: JdwpDebugServer: handling req: EventRequest(15).Set(1)
19:18:03.054 INFO: JdwpEventCenterDelegate: jdwpSetEventRequest: JdwpEventRequest{requestId=156, eventKind=CLASS_PREPARE, suspendPolicy=EVENT_THREAD, predicates=[className=com.twobsoft.babymozartspacetrip.splash.SplashScreenModel$title$1$*]}
19:18:03.054 INFO: JdwpDebugServer: handling req: EventRequest(15).Set(1)
19:18:03.055 INFO: JdwpEventCenterDelegate: jdwpSetEventRequest: JdwpEventRequest{requestId=157, eventKind=CLASS_PREPARE, suspendPolicy=EVENT_THREAD, predicates=[className=com.twobsoft.babymozartspacetrip.splash.SplashScreenModel]}
19:18:03.055 INFO: JdwpDebugServer: handling req: EventRequest(15).Set(1)
19:18:03.055 INFO: JdwpEventCenterDelegate: jdwpSetEventRequest: JdwpEventRequest{requestId=158, eventKind=CLASS_PREPARE, suspendPolicy=EVENT_THREAD, predicates=[className=com.twobsoft.babymozartspacetrip.splash.SplashScreenModel$*]}
19:18:03.056 INFO: JdwpDebugServer: handling req: EventRequest(15).Set(1)
19:18:03.056 INFO: JdwpEventCenterDelegate: jdwpSetEventRequest: JdwpEventRequest{requestId=159, eventKind=CLASS_PREPARE, suspendPolicy=EVENT_THREAD, predicates=[className=com.twobsoft.babymozartspacetrip.splash.ComposableSingletons$SplashScreenModelKt$*]}
19:18:03.057 INFO: JdwpDebugServer: handling req: EventRequest(15).Set(1)
19:18:03.057 INFO: JdwpEventCenterDelegate: jdwpSetEventRequest: JdwpEventRequest{requestId=160, eventKind=BREAKPOINT, suspendPolicy=EVENT_THREAD, predicates=[Location{classId=23550, methodId=9557, index=97} ]}
19:18:03.059 INFO: JdwpDebugServer: handling req: EventRequest(15).Clear(2)
19:18:03.059 INFO: JdwpDebugServer: handling req: EventRequest(15).Clear(2)
19:18:03.059 INFO: JdwpDebugServer: handling req: EventRequest(15).Clear(2)
19:18:03.060 INFO: JdwpDebugServer: handling req: EventRequest(15).Clear(2)
19:18:03.060 INFO: JdwpDebugServer: handling req: EventRequest(15).Clear(2)
19:18:03.061 INFO: JdwpDebugServer: handling req: EventRequest(15).Clear(2)
19:18:03.061 INFO: JdwpDebugServer: handling req: EventRequest(15).Set(1)
19:18:03.061 INFO: JdwpEventCenterDelegate: jdwpSetEventRequest: JdwpEventRequest{requestId=161, eventKind=CLASS_PREPARE, suspendPolicy=EVENT_THREAD, predicates=[className=com.twobsoft.babymozartspacetrip.splash.SplashScreenModel$title$1]}
19:18:03.062 INFO: JdwpDebugServer: handling req: EventRequest(15).Set(1)
19:18:03.062 INFO: JdwpEventCenterDelegate: jdwpSetEventRequest: JdwpEventRequest{requestId=162, eventKind=CLASS_PREPARE, suspendPolicy=EVENT_THREAD, predicates=[className=com.twobsoft.babymozartspacetrip.splash.SplashScreenModel$title$1$*]}
19:18:03.063 INFO: JdwpDebugServer: handling req: EventRequest(15).Set(1)
19:18:03.063 INFO: JdwpEventCenterDelegate: jdwpSetEventRequest: JdwpEventRequest{requestId=163, eventKind=CLASS_PREPARE, suspendPolicy=EVENT_THREAD, predicates=[className=com.twobsoft.babymozartspacetrip.splash.SplashScreenModel]}
19:18:03.064 INFO: JdwpDebugServer: handling req: EventRequest(15).Set(1)
19:18:03.064 INFO: JdwpEventCenterDelegate: jdwpSetEventRequest: JdwpEventRequest{requestId=164, eventKind=CLASS_PREPARE, suspendPolicy=EVENT_THREAD, predicates=[className=com.twobsoft.babymozartspacetrip.splash.SplashScreenModel$*]}
19:18:03.065 INFO: JdwpDebugServer: handling req: EventRequest(15).Set(1)
19:18:03.065 INFO: JdwpEventCenterDelegate: jdwpSetEventRequest: JdwpEventRequest{requestId=165, eventKind=CLASS_PREPARE, suspendPolicy=EVENT_THREAD, predicates=[className=com.twobsoft.babymozartspacetrip.splash.ComposableSingletons$SplashScreenModelKt$*]}
19:18:03.066 INFO: JdwpDebugServer: handling req: EventRequest(15).Set(1)
19:18:03.066 INFO: JdwpEventCenterDelegate: jdwpSetEventRequest: JdwpEventRequest{requestId=166, eventKind=BREAKPOINT, suspendPolicy=EVENT_THREAD, predicates=[Location{classId=23550, methodId=9557, index=98} ]}
19:18:10.497 INFO: JdwpDebugServer: handling req: EventRequest(15).Clear(2)
19:18:10.497 INFO: JdwpDebugServer: handling req: EventRequest(15).Clear(2)
19:18:10.497 INFO: JdwpDebugServer: handling req: EventRequest(15).Clear(2)
19:18:10.499 INFO: JdwpDebugServer: handling req: EventRequest(15).Clear(2)
19:18:10.499 INFO: JdwpDebugServer: handling req: EventRequest(15).Clear(2)
19:18:10.499 INFO: JdwpDebugServer: handling req: EventRequest(15).Clear(2)
19:18:10.500 INFO: JdwpDebugServer: handling req: EventRequest(15).Set(1)
19:18:10.500 INFO: JdwpEventCenterDelegate: jdwpSetEventRequest: JdwpEventRequest{requestId=167, eventKind=CLASS_PREPARE, suspendPolicy=EVENT_THREAD, predicates=[className=com.twobsoft.babymozartspacetrip.splash.SplashScreenModel$title$1]}
19:18:10.501 INFO: JdwpDebugServer: handling req: EventRequest(15).Set(1)
19:18:10.501 INFO: JdwpEventCenterDelegate: jdwpSetEventRequest: JdwpEventRequest{requestId=168, eventKind=CLASS_PREPARE, suspendPolicy=EVENT_THREAD, predicates=[className=com.twobsoft.babymozartspacetrip.splash.SplashScreenModel$title$1$*]}
19:18:10.501 INFO: JdwpDebugServer: handling req: EventRequest(15).Set(1)
19:18:10.501 INFO: JdwpEventCenterDelegate: jdwpSetEventRequest: JdwpEventRequest{requestId=169, eventKind=CLASS_PREPARE, suspendPolicy=EVENT_THREAD, predicates=[className=com.twobsoft.babymozartspacetrip.splash.SplashScreenModel]}
19:18:10.502 INFO: JdwpDebugServer: handling req: EventRequest(15).Set(1)
19:18:10.502 INFO: JdwpEventCenterDelegate: jdwpSetEventRequest: JdwpEventRequest{requestId=170, eventKind=CLASS_PREPARE, suspendPolicy=EVENT_THREAD, predicates=[className=com.twobsoft.babymozartspacetrip.splash.SplashScreenModel$*]}
19:18:10.503 INFO: JdwpDebugServer: handling req: EventRequest(15).Set(1)
19:18:10.503 INFO: JdwpEventCenterDelegate: jdwpSetEventRequest: JdwpEventRequest{requestId=171, eventKind=CLASS_PREPARE, suspendPolicy=EVENT_THREAD, predicates=[className=com.twobsoft.babymozartspacetrip.splash.ComposableSingletons$SplashScreenModelKt$*]}
19:18:10.504 INFO: JdwpDebugServer: handling req: EventRequest(15).Set(1)
19:18:10.504 INFO: JdwpEventCenterDelegate: jdwpSetEventRequest: JdwpEventRequest{requestId=172, eventKind=BREAKPOINT, suspendPolicy=EVENT_THREAD, predicates=[Location{classId=23550, methodId=9557, index=97} ]}
19:18:10.505 INFO: JdwpDebugServer: handling req: EventRequest(15).Clear(2)
19:18:10.506 INFO: JdwpDebugServer: handling req: EventRequest(15).Clear(2)
19:18:10.506 INFO: JdwpDebugServer: handling req: EventRequest(15).Clear(2)
19:18:10.506 INFO: JdwpDebugServer: handling req: EventRequest(15).Clear(2)
19:18:10.506 INFO: JdwpDebugServer: handling req: EventRequest(15).Clear(2)
19:18:10.507 INFO: JdwpDebugServer: handling req: EventRequest(15).Clear(2)
19:18:12.465 INFO: JdwpDebugServer: handling req: EventRequest(15).Clear(2)
19:18:12.467 INFO: JdwpDebugServer: handling req: EventRequest(15).Clear(2)
19:18:12.467 INFO: JdwpDebugServer: handling req: EventRequest(15).Clear(2)
19:18:12.468 INFO: JdwpDebugServer: handling req: EventRequest(15).Clear(2)
19:18:12.468 INFO: JdwpDebugServer: handling req: EventRequest(15).Clear(2)
19:18:12.469 INFO: JdwpDebugServer: handling req: EventRequest(15).Clear(2)
19:18:12.472 INFO: JdwpDebugServer: handling req: EventRequest(15).Set(1)
19:18:12.473 INFO: JdwpEventCenterDelegate: jdwpSetEventRequest: JdwpEventRequest{requestId=173, eventKind=CLASS_PREPARE, suspendPolicy=EVENT_THREAD, predicates=[className=com.twobsoft.babymozartspacetrip.splash.SplashScreenModel$title$1]}
19:18:12.473 INFO: JdwpDebugServer: handling req: EventRequest(15).Set(1)
19:18:12.474 INFO: JdwpEventCenterDelegate: jdwpSetEventRequest: JdwpEventRequest{requestId=174, eventKind=CLASS_PREPARE, suspendPolicy=EVENT_THREAD, predicates=[className=com.twobsoft.babymozartspacetrip.splash.SplashScreenModel$title$1$*]}
19:18:12.475 INFO: JdwpDebugServer: handling req: EventRequest(15).Set(1)
19:18:12.475 INFO: JdwpEventCenterDelegate: jdwpSetEventRequest: JdwpEventRequest{requestId=175, eventKind=CLASS_PREPARE, suspendPolicy=EVENT_THREAD, predicates=[className=com.twobsoft.babymozartspacetrip.splash.SplashScreenModel]}
19:18:12.476 INFO: JdwpDebugServer: handling req: EventRequest(15).Set(1)
19:18:12.476 INFO: JdwpEventCenterDelegate: jdwpSetEventRequest: JdwpEventRequest{requestId=176, eventKind=CLASS_PREPARE, suspendPolicy=EVENT_THREAD, predicates=[className=com.twobsoft.babymozartspacetrip.splash.SplashScreenModel$*]}
19:18:12.478 INFO: JdwpDebugServer: handling req: EventRequest(15).Set(1)
19:18:12.478 INFO: JdwpEventCenterDelegate: jdwpSetEventRequest: JdwpEventRequest{requestId=177, eventKind=CLASS_PREPARE, suspendPolicy=EVENT_THREAD, predicates=[className=com.twobsoft.babymozartspacetrip.splash.ComposableSingletons$SplashScreenModelKt$*]}
19:18:12.480 INFO: JdwpDebugServer: handling req: EventRequest(15).Set(1)
19:18:12.480 INFO: JdwpEventCenterDelegate: jdwpSetEventRequest: JdwpEventRequest{requestId=178, eventKind=BREAKPOINT, suspendPolicy=EVENT_THREAD, predicates=[Location{classId=23550, methodId=9557, index=98} ]}
19:18:12.783 INFO: JdwpDebugServer: handling req: EventRequest(15).Clear(2)
19:18:12.783 INFO: JdwpDebugServer: handling req: EventRequest(15).Clear(2)
19:18:12.784 INFO: JdwpDebugServer: handling req: EventRequest(15).Clear(2)
19:18:12.785 INFO: JdwpDebugServer: handling req: EventRequest(15).Clear(2)
19:18:12.785 INFO: JdwpDebugServer: handling req: EventRequest(15).Clear(2)
19:18:12.786 INFO: JdwpDebugServer: handling req: EventRequest(15).Clear(2)
19:18:12.787 INFO: JdwpDebugServer: handling req: EventRequest(15).Set(1)
19:18:12.787 INFO: JdwpEventCenterDelegate: jdwpSetEventRequest: JdwpEventRequest{requestId=179, eventKind=CLASS_PREPARE, suspendPolicy=EVENT_THREAD, predicates=[className=com.twobsoft.babymozartspacetrip.splash.SplashScreenModel$title$1]}
19:18:12.788 INFO: JdwpDebugServer: handling req: EventRequest(15).Set(1)
19:18:12.788 INFO: JdwpEventCenterDelegate: jdwpSetEventRequest: JdwpEventRequest{requestId=180, eventKind=CLASS_PREPARE, suspendPolicy=EVENT_THREAD, predicates=[className=com.twobsoft.babymozartspacetrip.splash.SplashScreenModel$title$1$*]}
19:18:12.789 INFO: JdwpDebugServer: handling req: EventRequest(15).Set(1)
19:18:12.789 INFO: JdwpEventCenterDelegate: jdwpSetEventRequest: JdwpEventRequest{requestId=181, eventKind=CLASS_PREPARE, suspendPolicy=EVENT_THREAD, predicates=[className=com.twobsoft.babymozartspacetrip.splash.SplashScreenModel]}
19:18:12.790 INFO: JdwpDebugServer: handling req: EventRequest(15).Set(1)
19:18:12.790 INFO: JdwpEventCenterDelegate: jdwpSetEventRequest: JdwpEventRequest{requestId=182, eventKind=CLASS_PREPARE, suspendPolicy=EVENT_THREAD, predicates=[className=com.twobsoft.babymozartspacetrip.splash.SplashScreenModel$*]}
19:18:12.791 INFO: JdwpDebugServer: handling req: EventRequest(15).Set(1)
19:18:12.791 INFO: JdwpEventCenterDelegate: jdwpSetEventRequest: JdwpEventRequest{requestId=183, eventKind=CLASS_PREPARE, suspendPolicy=EVENT_THREAD, predicates=[className=com.twobsoft.babymozartspacetrip.splash.ComposableSingletons$SplashScreenModelKt$*]}
19:18:12.792 INFO: JdwpDebugServer: handling req: EventRequest(15).Set(1)
19:18:12.792 INFO: JdwpEventCenterDelegate: jdwpSetEventRequest: JdwpEventRequest{requestId=184, eventKind=BREAKPOINT, suspendPolicy=EVENT_THREAD, predicates=[Location{classId=23550, methodId=9557, index=99} ]}
19:18:18.000 INFO: JdwpDebugServer: handling req: VirtualMachine(1).Exit(10)
19:18:18.001 SEVERE: Debugger: Thread JDWP server socket thread crashed
org.robovm.debugger.DebuggerException: Terminating due exit command
	at org.robovm.debugger.jdwp.JdwpDebugServer.doSocketWork(JdwpDebugServer.java:211)
	at java.base/java.lang.Thread.run(Thread.java:834)
	at org.robovm.debugger.utils.DebuggerThread.run(DebuggerThread.java:42)
19:18:18.502 SEVERE: Debugger: Thread HooksChannel socket thread crashed
org.robovm.debugger.DebuggerException: java.io.IOException: org.robovm.libimobiledevice.LibIMobileDeviceException: IDEVICE_E_UNKNOWN_ERROR
	at org.robovm.debugger.hooks.HooksChannel.doSocketWork(HooksChannel.java:149)
	at java.base/java.lang.Thread.run(Thread.java:834)
	at org.robovm.debugger.utils.DebuggerThread.run(DebuggerThread.java:42)
Caused by: java.io.IOException: org.robovm.libimobiledevice.LibIMobileDeviceException: IDEVICE_E_UNKNOWN_ERROR
	at org.robovm.libimobiledevice.IDeviceConnection$DeviceInputStream.read(IDeviceConnection.java:203)
	at org.robovm.debugger.utils.bytebuffer.DataBufferWriter.writeFromStream(DataBufferWriter.java:89)
	at org.robovm.debugger.hooks.HooksChannel.doSocketWork(HooksChannel.java:116)
	... 2 more
Caused by: org.robovm.libimobiledevice.LibIMobileDeviceException: IDEVICE_E_UNKNOWN_ERROR
	at org.robovm.libimobiledevice.IDevice.checkResult(IDevice.java:206)
	at org.robovm.libimobiledevice.IDeviceConnection.receive(IDeviceConnection.java:110)
	at org.robovm.libimobiledevice.IDeviceConnection.receive(IDeviceConnection.java:81)
	at org.robovm.libimobiledevice.IDeviceConnection$DeviceInputStream.read(IDeviceConnection.java:201)
	... 4 more
