21:10:30.899 INFO: JdwpDebugServer: handling req: VirtualMachine(1).IDSizes(7)
21:10:30.900 INFO: JdwpDebugServer: handling req: EventRequest(15).Set(1)
21:10:30.900 INFO: JdwpEventCenterDelegate: jdwpSetEventRequest: JdwpEventRequest{requestId=100, eventKind=CLASS_PREPARE, suspendPolicy=NONE, predicates=[]}
21:10:30.900 INFO: JdwpDebugServer: handling req: EventRequest(15).Set(1)
21:10:30.900 INFO: JdwpEventCenterDelegate: jdwpSetEventRequest: JdwpEventRequest{requestId=101, eventKind=CLASS_UNLOAD, suspendPolicy=NONE, predicates=[]}
21:10:30.927 INFO: JdwpDebugServer: handling req: VirtualMachine(1).Version(1)
21:10:30.927 INFO: JdwpDebugServer: handling req: VirtualMachine(1).capabilitiesNew(17)
21:10:30.928 INFO: JdwpDebugServer: handling req: VirtualMachine(1).capabilities(12)
21:10:30.928 INFO: JdwpDebugServer: handling req: VirtualMachine(1).AllClassesWithGeneric(20)
21:10:30.931 INFO: JdwpDebugServer: handling req: VirtualMachine(1).TopLevelThreadGroups(5)
21:10:30.932 INFO: JdwpDebugServer: handling req: EventRequest(15).Set(1)
21:10:30.932 INFO: JdwpEventCenterDelegate: jdwpSetEventRequest: JdwpEventRequest{requestId=102, eventKind=THREAD_START, suspendPolicy=NONE, predicates=[]}
21:10:30.932 INFO: JdwpDebugServer: handling req: EventRequest(15).Set(1)
21:10:30.932 INFO: JdwpEventCenterDelegate: jdwpSetEventRequest: JdwpEventRequest{requestId=103, eventKind=THREAD_DEATH, suspendPolicy=NONE, predicates=[]}
21:10:30.935 INFO: JdwpDebugServer: handling req: EventRequest(15).Set(1)
21:10:30.935 INFO: JdwpEventCenterDelegate: jdwpSetEventRequest: JdwpEventRequest{requestId=104, eventKind=CLASS_PREPARE, suspendPolicy=EVENT_THREAD, predicates=[className=sun.instrument.InstrumentationImpl]}
21:10:30.936 INFO: JdwpDebugServer: handling req: EventRequest(15).Set(1)
21:10:30.936 INFO: JdwpEventCenterDelegate: jdwpSetEventRequest: JdwpEventRequest{requestId=105, eventKind=CLASS_PREPARE, suspendPolicy=EVENT_THREAD, predicates=[className=sun.instrument.InstrumentationImpl]}
21:10:31.314 INFO: JdwpDebugServer: handling req: VirtualMachine(1).Resume(9)
21:10:31.351 INFO: JdwpEventCenterDelegate: THREAD_STARTED: thread (33, main, main)
21:10:31.362 INFO: JdwpEventCenterDelegate: THREAD_STARTED: thread (48, ReferenceQueueDaemon, main)
21:10:31.369 INFO: JdwpEventCenterDelegate: THREAD_STARTED: thread (63, FinalizerDaemon, main)
21:10:31.376 INFO: JdwpEventCenterDelegate: THREAD_STARTED: thread (78, FinalizerWatchdogDaemon, main)
21:10:31.379 INFO: JdwpEventCenterDelegate: THREAD_RESUMED: thread (33, main, main)
21:10:31.380 INFO: JdwpEventCenterDelegate: THREAD_RESUMED: thread (33, main, main)
21:10:31.381 INFO: JdwpEventCenterDelegate: THREAD_RESUMED: thread (33, main, main)
21:10:31.383 INFO: JdwpEventCenterDelegate: THREAD_RESUMED: thread (33, main, main)
21:10:31.384 INFO: JdwpEventCenterDelegate: THREAD_RESUMED: thread (33, main, main)
21:10:31.385 INFO: JdwpEventCenterDelegate: THREAD_RESUMED: thread (33, main, main)
21:10:31.386 INFO: JdwpEventCenterDelegate: THREAD_RESUMED: thread (33, main, main)
21:10:31.387 INFO: JdwpEventCenterDelegate: THREAD_RESUMED: thread (33, main, main)
21:10:31.389 INFO: JdwpEventCenterDelegate: THREAD_RESUMED: thread (33, main, main)
21:10:31.390 INFO: JdwpEventCenterDelegate: THREAD_RESUMED: thread (33, main, main)
21:10:31.391 INFO: JdwpEventCenterDelegate: THREAD_RESUMED: thread (33, main, main)
21:10:31.392 INFO: JdwpEventCenterDelegate: THREAD_RESUMED: thread (33, main, main)
21:10:31.393 INFO: JdwpEventCenterDelegate: THREAD_RESUMED: thread (33, main, main)
21:10:31.395 INFO: JdwpEventCenterDelegate: THREAD_RESUMED: thread (33, main, main)
21:10:31.396 INFO: JdwpEventCenterDelegate: THREAD_RESUMED: thread (33, main, main)
21:10:31.397 INFO: JdwpEventCenterDelegate: THREAD_RESUMED: thread (33, main, main)
21:10:31.398 INFO: JdwpEventCenterDelegate: THREAD_RESUMED: thread (33, main, main)
21:10:31.399 INFO: JdwpEventCenterDelegate: THREAD_RESUMED: thread (33, main, main)
21:10:31.402 INFO: JdwpEventCenterDelegate: THREAD_RESUMED: thread (33, main, main)
21:10:31.404 INFO: JdwpEventCenterDelegate: THREAD_RESUMED: thread (33, main, main)
21:10:31.405 INFO: JdwpEventCenterDelegate: THREAD_RESUMED: thread (33, main, main)
21:10:31.406 INFO: JdwpEventCenterDelegate: THREAD_RESUMED: thread (33, main, main)
21:10:31.407 INFO: JdwpEventCenterDelegate: THREAD_RESUMED: thread (33, main, main)
21:10:31.409 INFO: JdwpEventCenterDelegate: THREAD_RESUMED: thread (33, main, main)
21:10:31.410 INFO: JdwpEventCenterDelegate: THREAD_RESUMED: thread (33, main, main)
21:10:31.436 INFO: JdwpEventCenterDelegate: THREAD_RESUMED: thread (33, main, main)
21:10:31.438 INFO: JdwpEventCenterDelegate: THREAD_RESUMED: thread (33, main, main)
21:10:31.439 INFO: JdwpEventCenterDelegate: THREAD_RESUMED: thread (33, main, main)
21:10:31.441 INFO: JdwpEventCenterDelegate: THREAD_RESUMED: thread (33, main, main)
21:10:31.443 INFO: JdwpEventCenterDelegate: THREAD_RESUMED: thread (33, main, main)
21:10:31.445 INFO: JdwpEventCenterDelegate: THREAD_RESUMED: thread (33, main, main)
21:10:31.446 INFO: JdwpEventCenterDelegate: THREAD_RESUMED: thread (33, main, main)
21:10:31.448 INFO: JdwpEventCenterDelegate: THREAD_RESUMED: thread (33, main, main)
21:10:31.450 INFO: JdwpEventCenterDelegate: THREAD_RESUMED: thread (33, main, main)
21:10:31.451 INFO: JdwpEventCenterDelegate: THREAD_RESUMED: thread (33, main, main)
21:10:31.452 INFO: JdwpEventCenterDelegate: THREAD_RESUMED: thread (33, main, main)
21:10:31.454 INFO: JdwpEventCenterDelegate: THREAD_RESUMED: thread (33, main, main)
21:10:31.455 INFO: JdwpEventCenterDelegate: THREAD_RESUMED: thread (33, main, main)
21:10:31.456 INFO: JdwpEventCenterDelegate: THREAD_RESUMED: thread (33, main, main)
21:10:31.471 INFO: JdwpEventCenterDelegate: THREAD_RESUMED: thread (33, main, main)
21:10:31.473 INFO: JdwpEventCenterDelegate: THREAD_RESUMED: thread (33, main, main)
21:10:31.475 INFO: JdwpEventCenterDelegate: THREAD_RESUMED: thread (33, main, main)
21:10:31.476 INFO: JdwpEventCenterDelegate: THREAD_RESUMED: thread (33, main, main)
21:10:31.478 INFO: JdwpEventCenterDelegate: THREAD_RESUMED: thread (33, main, main)
21:10:31.479 INFO: JdwpEventCenterDelegate: THREAD_RESUMED: thread (33, main, main)
21:10:31.480 INFO: JdwpEventCenterDelegate: THREAD_RESUMED: thread (33, main, main)
21:10:31.502 INFO: JdwpEventCenterDelegate: THREAD_RESUMED: thread (33, main, main)
21:10:31.504 INFO: JdwpEventCenterDelegate: THREAD_RESUMED: thread (33, main, main)
21:10:31.505 INFO: JdwpEventCenterDelegate: THREAD_RESUMED: thread (33, main, main)
21:10:31.507 INFO: JdwpEventCenterDelegate: THREAD_RESUMED: thread (33, main, main)
21:10:31.508 INFO: JdwpEventCenterDelegate: THREAD_RESUMED: thread (33, main, main)
21:10:31.510 INFO: JdwpEventCenterDelegate: THREAD_RESUMED: thread (33, main, main)
21:10:31.511 INFO: JdwpEventCenterDelegate: THREAD_RESUMED: thread (33, main, main)
21:10:31.540 INFO: JdwpEventCenterDelegate: THREAD_RESUMED: thread (33, main, main)
21:10:31.542 INFO: JdwpEventCenterDelegate: THREAD_RESUMED: thread (33, main, main)
21:10:31.544 INFO: JdwpEventCenterDelegate: THREAD_RESUMED: thread (33, main, main)
21:10:31.546 INFO: JdwpEventCenterDelegate: THREAD_RESUMED: thread (33, main, main)
21:10:31.548 INFO: JdwpEventCenterDelegate: THREAD_RESUMED: thread (33, main, main)
21:10:31.550 INFO: JdwpEventCenterDelegate: THREAD_RESUMED: thread (33, main, main)
21:10:31.552 INFO: JdwpEventCenterDelegate: THREAD_RESUMED: thread (33, main, main)
21:10:31.560 INFO: JdwpEventCenterDelegate: THREAD_RESUMED: thread (33, main, main)
21:10:31.562 INFO: JdwpEventCenterDelegate: THREAD_RESUMED: thread (33, main, main)
21:10:31.564 INFO: JdwpEventCenterDelegate: THREAD_RESUMED: thread (33, main, main)
21:10:31.565 INFO: JdwpEventCenterDelegate: THREAD_RESUMED: thread (33, main, main)
21:10:31.567 INFO: JdwpEventCenterDelegate: THREAD_RESUMED: thread (33, main, main)
21:10:31.568 INFO: JdwpEventCenterDelegate: THREAD_RESUMED: thread (33, main, main)
21:10:31.569 INFO: JdwpEventCenterDelegate: THREAD_RESUMED: thread (33, main, main)
21:10:31.579 INFO: JdwpEventCenterDelegate: THREAD_RESUMED: thread (33, main, main)
21:10:31.580 INFO: JdwpEventCenterDelegate: THREAD_RESUMED: thread (33, main, main)
21:10:31.581 INFO: JdwpEventCenterDelegate: THREAD_RESUMED: thread (33, main, main)
21:10:31.583 INFO: JdwpEventCenterDelegate: THREAD_RESUMED: thread (33, main, main)
21:10:31.584 INFO: JdwpEventCenterDelegate: THREAD_RESUMED: thread (33, main, main)
21:10:31.585 INFO: JdwpEventCenterDelegate: THREAD_RESUMED: thread (33, main, main)
21:10:31.587 INFO: JdwpEventCenterDelegate: THREAD_RESUMED: thread (33, main, main)
21:10:31.588 INFO: JdwpEventCenterDelegate: THREAD_RESUMED: thread (33, main, main)
21:10:31.590 INFO: JdwpEventCenterDelegate: THREAD_RESUMED: thread (33, main, main)
21:10:31.591 INFO: JdwpEventCenterDelegate: THREAD_RESUMED: thread (33, main, main)
21:10:31.593 INFO: JdwpEventCenterDelegate: THREAD_RESUMED: thread (33, main, main)
21:10:31.594 INFO: JdwpEventCenterDelegate: THREAD_RESUMED: thread (33, main, main)
21:10:31.596 INFO: JdwpEventCenterDelegate: THREAD_RESUMED: thread (33, main, main)
21:10:31.598 INFO: JdwpEventCenterDelegate: THREAD_RESUMED: thread (33, main, main)
21:10:31.599 INFO: JdwpEventCenterDelegate: THREAD_RESUMED: thread (33, main, main)
21:10:31.601 INFO: JdwpEventCenterDelegate: THREAD_RESUMED: thread (33, main, main)
21:10:31.603 INFO: JdwpEventCenterDelegate: THREAD_RESUMED: thread (33, main, main)
21:10:31.604 INFO: JdwpEventCenterDelegate: THREAD_RESUMED: thread (33, main, main)
21:10:31.608 INFO: JdwpEventCenterDelegate: THREAD_RESUMED: thread (33, main, main)
21:10:31.609 INFO: JdwpEventCenterDelegate: THREAD_RESUMED: thread (33, main, main)
21:10:31.741 INFO: JdwpEventCenterDelegate: THREAD_STARTED: thread (93, AssetManager, main)
21:10:31.842 INFO: JdwpEventCenterDelegate: THREAD_RESUMED: thread (33, main, main)
21:10:31.844 INFO: JdwpEventCenterDelegate: THREAD_RESUMED: thread (33, main, main)
21:10:34.413 INFO: JdwpEventCenterDelegate: THREAD_RESUMED: thread (33, main, main)
21:10:34.515 INFO: JdwpEventCenterDelegate: THREAD_RESUMED: thread (33, main, main)
21:10:34.517 INFO: JdwpEventCenterDelegate: THREAD_RESUMED: thread (33, main, main)
21:10:34.519 INFO: JdwpEventCenterDelegate: THREAD_RESUMED: thread (33, main, main)
21:10:34.521 INFO: JdwpEventCenterDelegate: THREAD_RESUMED: thread (33, main, main)
21:10:34.523 INFO: JdwpEventCenterDelegate: THREAD_RESUMED: thread (33, main, main)
21:10:34.529 INFO: JdwpEventCenterDelegate: THREAD_RESUMED: thread (33, main, main)
21:10:34.541 INFO: JdwpEventCenterDelegate: THREAD_RESUMED: thread (33, main, main)
21:10:34.543 INFO: JdwpEventCenterDelegate: THREAD_RESUMED: thread (33, main, main)
21:10:34.546 INFO: JdwpEventCenterDelegate: THREAD_RESUMED: thread (33, main, main)
21:10:34.548 INFO: JdwpEventCenterDelegate: THREAD_RESUMED: thread (33, main, main)
21:10:34.550 INFO: JdwpEventCenterDelegate: THREAD_RESUMED: thread (33, main, main)
21:10:34.555 INFO: JdwpEventCenterDelegate: THREAD_RESUMED: thread (33, main, main)
21:10:34.570 INFO: JdwpEventCenterDelegate: THREAD_RESUMED: thread (33, main, main)
21:10:34.572 INFO: JdwpEventCenterDelegate: THREAD_RESUMED: thread (33, main, main)
21:10:34.574 INFO: JdwpEventCenterDelegate: THREAD_RESUMED: thread (33, main, main)
21:10:34.577 INFO: JdwpEventCenterDelegate: THREAD_RESUMED: thread (33, main, main)
21:10:34.579 INFO: JdwpEventCenterDelegate: THREAD_RESUMED: thread (33, main, main)
21:10:34.583 INFO: JdwpEventCenterDelegate: THREAD_RESUMED: thread (33, main, main)
21:10:34.602 INFO: JdwpEventCenterDelegate: THREAD_RESUMED: thread (33, main, main)
21:10:34.604 INFO: JdwpEventCenterDelegate: THREAD_RESUMED: thread (33, main, main)
21:10:34.606 INFO: JdwpEventCenterDelegate: THREAD_RESUMED: thread (33, main, main)
21:10:34.609 INFO: JdwpEventCenterDelegate: THREAD_RESUMED: thread (33, main, main)
21:10:34.611 INFO: JdwpEventCenterDelegate: THREAD_RESUMED: thread (33, main, main)
21:10:34.616 INFO: JdwpEventCenterDelegate: THREAD_RESUMED: thread (33, main, main)
21:10:34.631 INFO: JdwpEventCenterDelegate: THREAD_RESUMED: thread (33, main, main)
21:10:34.634 INFO: JdwpEventCenterDelegate: THREAD_RESUMED: thread (33, main, main)
21:10:34.636 INFO: JdwpEventCenterDelegate: THREAD_RESUMED: thread (33, main, main)
21:10:34.638 INFO: JdwpEventCenterDelegate: THREAD_RESUMED: thread (33, main, main)
21:10:34.640 INFO: JdwpEventCenterDelegate: THREAD_RESUMED: thread (33, main, main)
21:10:34.645 INFO: JdwpEventCenterDelegate: THREAD_RESUMED: thread (33, main, main)
21:10:34.661 INFO: JdwpEventCenterDelegate: THREAD_RESUMED: thread (33, main, main)
21:10:34.663 INFO: JdwpEventCenterDelegate: THREAD_RESUMED: thread (33, main, main)
21:10:34.665 INFO: JdwpEventCenterDelegate: THREAD_RESUMED: thread (33, main, main)
21:10:34.667 INFO: JdwpEventCenterDelegate: THREAD_RESUMED: thread (33, main, main)
21:10:34.670 INFO: JdwpEventCenterDelegate: THREAD_RESUMED: thread (33, main, main)
21:10:34.675 INFO: JdwpEventCenterDelegate: THREAD_RESUMED: thread (33, main, main)
21:10:34.694 INFO: JdwpEventCenterDelegate: THREAD_RESUMED: thread (33, main, main)
21:10:34.696 INFO: JdwpEventCenterDelegate: THREAD_RESUMED: thread (33, main, main)
21:10:34.698 INFO: JdwpEventCenterDelegate: THREAD_RESUMED: thread (33, main, main)
21:10:34.700 INFO: JdwpEventCenterDelegate: THREAD_RESUMED: thread (33, main, main)
21:10:34.702 INFO: JdwpEventCenterDelegate: THREAD_RESUMED: thread (33, main, main)
21:10:34.707 INFO: JdwpEventCenterDelegate: THREAD_RESUMED: thread (33, main, main)
21:10:34.726 INFO: JdwpEventCenterDelegate: THREAD_RESUMED: thread (33, main, main)
21:10:34.728 INFO: JdwpEventCenterDelegate: THREAD_RESUMED: thread (33, main, main)
21:10:34.731 INFO: JdwpEventCenterDelegate: THREAD_RESUMED: thread (33, main, main)
21:10:34.733 INFO: JdwpEventCenterDelegate: THREAD_RESUMED: thread (33, main, main)
21:10:34.734 INFO: JdwpEventCenterDelegate: THREAD_RESUMED: thread (33, main, main)
21:10:34.739 INFO: JdwpEventCenterDelegate: THREAD_RESUMED: thread (33, main, main)
21:10:34.758 INFO: JdwpEventCenterDelegate: THREAD_RESUMED: thread (33, main, main)
21:10:34.760 INFO: JdwpEventCenterDelegate: THREAD_RESUMED: thread (33, main, main)
21:10:34.762 INFO: JdwpEventCenterDelegate: THREAD_RESUMED: thread (33, main, main)
21:10:34.764 INFO: JdwpEventCenterDelegate: THREAD_RESUMED: thread (33, main, main)
21:10:34.766 INFO: JdwpEventCenterDelegate: THREAD_RESUMED: thread (33, main, main)
21:10:34.771 INFO: JdwpEventCenterDelegate: THREAD_RESUMED: thread (33, main, main)
21:10:34.790 INFO: JdwpEventCenterDelegate: THREAD_RESUMED: thread (33, main, main)
21:10:34.792 INFO: JdwpEventCenterDelegate: THREAD_RESUMED: thread (33, main, main)
21:10:34.794 INFO: JdwpEventCenterDelegate: THREAD_RESUMED: thread (33, main, main)
21:10:34.796 INFO: JdwpEventCenterDelegate: THREAD_RESUMED: thread (33, main, main)
21:10:34.798 INFO: JdwpEventCenterDelegate: THREAD_RESUMED: thread (33, main, main)
21:10:34.803 INFO: JdwpEventCenterDelegate: THREAD_RESUMED: thread (33, main, main)
21:10:34.818 INFO: JdwpEventCenterDelegate: THREAD_RESUMED: thread (33, main, main)
21:10:34.821 INFO: JdwpEventCenterDelegate: THREAD_RESUMED: thread (33, main, main)
21:10:34.823 INFO: JdwpEventCenterDelegate: THREAD_RESUMED: thread (33, main, main)
21:10:34.825 INFO: JdwpEventCenterDelegate: THREAD_RESUMED: thread (33, main, main)
21:10:34.827 INFO: JdwpEventCenterDelegate: THREAD_RESUMED: thread (33, main, main)
21:10:34.832 INFO: JdwpEventCenterDelegate: THREAD_RESUMED: thread (33, main, main)
21:10:34.851 INFO: JdwpEventCenterDelegate: THREAD_RESUMED: thread (33, main, main)
21:10:34.853 INFO: JdwpEventCenterDelegate: THREAD_RESUMED: thread (33, main, main)
21:10:34.855 INFO: JdwpEventCenterDelegate: THREAD_RESUMED: thread (33, main, main)
21:10:34.857 INFO: JdwpEventCenterDelegate: THREAD_RESUMED: thread (33, main, main)
21:10:34.859 INFO: JdwpEventCenterDelegate: THREAD_RESUMED: thread (33, main, main)
21:10:34.864 INFO: JdwpEventCenterDelegate: THREAD_RESUMED: thread (33, main, main)
21:10:34.886 INFO: JdwpEventCenterDelegate: THREAD_RESUMED: thread (33, main, main)
21:10:34.888 INFO: JdwpEventCenterDelegate: THREAD_RESUMED: thread (33, main, main)
21:10:34.891 INFO: JdwpEventCenterDelegate: THREAD_RESUMED: thread (33, main, main)
21:10:34.893 INFO: JdwpEventCenterDelegate: THREAD_RESUMED: thread (33, main, main)
21:10:34.895 INFO: JdwpEventCenterDelegate: THREAD_RESUMED: thread (33, main, main)
21:10:34.900 INFO: JdwpEventCenterDelegate: THREAD_RESUMED: thread (33, main, main)
21:10:34.919 INFO: JdwpEventCenterDelegate: THREAD_RESUMED: thread (33, main, main)
21:10:34.921 INFO: JdwpEventCenterDelegate: THREAD_RESUMED: thread (33, main, main)
21:10:34.923 INFO: JdwpEventCenterDelegate: THREAD_RESUMED: thread (33, main, main)
21:10:34.925 INFO: JdwpEventCenterDelegate: THREAD_RESUMED: thread (33, main, main)
21:10:34.927 INFO: JdwpEventCenterDelegate: THREAD_RESUMED: thread (33, main, main)
21:10:34.931 INFO: JdwpEventCenterDelegate: THREAD_RESUMED: thread (33, main, main)
21:10:34.945 INFO: JdwpEventCenterDelegate: THREAD_RESUMED: thread (33, main, main)
21:10:34.947 INFO: JdwpEventCenterDelegate: THREAD_RESUMED: thread (33, main, main)
21:10:34.949 INFO: JdwpEventCenterDelegate: THREAD_RESUMED: thread (33, main, main)
21:10:34.951 INFO: JdwpEventCenterDelegate: THREAD_RESUMED: thread (33, main, main)
21:10:34.953 INFO: JdwpEventCenterDelegate: THREAD_RESUMED: thread (33, main, main)
21:10:34.959 INFO: JdwpEventCenterDelegate: THREAD_RESUMED: thread (33, main, main)
21:10:34.961 INFO: JdwpEventCenterDelegate: THREAD_RESUMED: thread (33, main, main)
21:10:34.963 INFO: JdwpEventCenterDelegate: THREAD_RESUMED: thread (33, main, main)
21:10:34.965 INFO: JdwpEventCenterDelegate: THREAD_RESUMED: thread (33, main, main)
21:10:34.967 INFO: JdwpEventCenterDelegate: THREAD_RESUMED: thread (33, main, main)
21:10:34.969 INFO: JdwpEventCenterDelegate: THREAD_RESUMED: thread (33, main, main)
21:10:34.971 INFO: JdwpEventCenterDelegate: THREAD_RESUMED: thread (33, main, main)
21:10:34.975 INFO: JdwpEventCenterDelegate: THREAD_RESUMED: thread (33, main, main)
21:10:34.977 INFO: JdwpEventCenterDelegate: THREAD_RESUMED: thread (33, main, main)
21:10:34.979 INFO: JdwpEventCenterDelegate: THREAD_RESUMED: thread (33, main, main)
21:10:34.981 INFO: JdwpEventCenterDelegate: THREAD_RESUMED: thread (33, main, main)
21:10:34.993 INFO: JdwpEventCenterDelegate: THREAD_RESUMED: thread (33, main, main)
21:10:34.994 INFO: JdwpEventCenterDelegate: THREAD_RESUMED: thread (33, main, main)
21:10:34.996 INFO: JdwpEventCenterDelegate: THREAD_RESUMED: thread (33, main, main)
21:10:34.997 INFO: JdwpEventCenterDelegate: THREAD_RESUMED: thread (33, main, main)
21:10:34.998 INFO: JdwpEventCenterDelegate: THREAD_RESUMED: thread (33, main, main)
21:10:35.002 INFO: JdwpEventCenterDelegate: THREAD_RESUMED: thread (33, main, main)
21:10:35.014 INFO: JdwpEventCenterDelegate: THREAD_RESUMED: thread (33, main, main)
21:10:35.027 INFO: JdwpEventCenterDelegate: THREAD_RESUMED: thread (33, main, main)
21:10:35.038 INFO: JdwpEventCenterDelegate: THREAD_RESUMED: thread (33, main, main)
21:10:35.051 INFO: JdwpEventCenterDelegate: THREAD_RESUMED: thread (33, main, main)
21:10:35.085 INFO: JdwpEventCenterDelegate: THREAD_RESUMED: thread (33, main, main)
21:10:35.088 INFO: JdwpEventCenterDelegate: THREAD_RESUMED: thread (33, main, main)
21:10:35.090 INFO: JdwpEventCenterDelegate: THREAD_RESUMED: thread (33, main, main)
21:10:35.092 INFO: JdwpEventCenterDelegate: THREAD_RESUMED: thread (33, main, main)
21:10:35.094 INFO: JdwpEventCenterDelegate: THREAD_RESUMED: thread (33, main, main)
21:10:35.099 INFO: JdwpEventCenterDelegate: THREAD_RESUMED: thread (33, main, main)
21:10:35.111 INFO: JdwpEventCenterDelegate: THREAD_RESUMED: thread (33, main, main)
21:10:35.113 INFO: JdwpEventCenterDelegate: THREAD_RESUMED: thread (33, main, main)
21:10:35.115 INFO: JdwpEventCenterDelegate: THREAD_RESUMED: thread (33, main, main)
21:10:35.118 INFO: JdwpEventCenterDelegate: THREAD_RESUMED: thread (33, main, main)
21:10:35.119 INFO: JdwpEventCenterDelegate: THREAD_RESUMED: thread (33, main, main)
21:10:35.124 INFO: JdwpEventCenterDelegate: THREAD_RESUMED: thread (33, main, main)
21:10:35.138 INFO: JdwpEventCenterDelegate: THREAD_RESUMED: thread (33, main, main)
21:10:35.141 INFO: JdwpEventCenterDelegate: THREAD_RESUMED: thread (33, main, main)
21:10:35.143 INFO: JdwpEventCenterDelegate: THREAD_RESUMED: thread (33, main, main)
21:10:35.145 INFO: JdwpEventCenterDelegate: THREAD_RESUMED: thread (33, main, main)
21:10:35.147 INFO: JdwpEventCenterDelegate: THREAD_RESUMED: thread (33, main, main)
21:10:35.152 INFO: JdwpEventCenterDelegate: THREAD_RESUMED: thread (33, main, main)
21:10:35.169 INFO: JdwpEventCenterDelegate: THREAD_RESUMED: thread (33, main, main)
21:10:35.171 INFO: JdwpEventCenterDelegate: THREAD_RESUMED: thread (33, main, main)
21:10:35.173 INFO: JdwpEventCenterDelegate: THREAD_RESUMED: thread (33, main, main)
21:10:35.176 INFO: JdwpEventCenterDelegate: THREAD_RESUMED: thread (33, main, main)
21:10:35.178 INFO: JdwpEventCenterDelegate: THREAD_RESUMED: thread (33, main, main)
21:10:35.183 INFO: JdwpEventCenterDelegate: THREAD_RESUMED: thread (33, main, main)
21:10:35.197 INFO: JdwpEventCenterDelegate: THREAD_RESUMED: thread (33, main, main)
21:10:35.199 INFO: JdwpEventCenterDelegate: THREAD_RESUMED: thread (33, main, main)
21:10:35.201 INFO: JdwpEventCenterDelegate: THREAD_RESUMED: thread (33, main, main)
21:10:35.203 INFO: JdwpEventCenterDelegate: THREAD_RESUMED: thread (33, main, main)
21:10:35.206 INFO: JdwpEventCenterDelegate: THREAD_RESUMED: thread (33, main, main)
21:10:35.210 INFO: JdwpEventCenterDelegate: THREAD_RESUMED: thread (33, main, main)
21:10:35.225 INFO: JdwpEventCenterDelegate: THREAD_RESUMED: thread (33, main, main)
21:10:35.227 INFO: JdwpEventCenterDelegate: THREAD_RESUMED: thread (33, main, main)
21:10:35.230 INFO: JdwpEventCenterDelegate: THREAD_RESUMED: thread (33, main, main)
21:10:35.232 INFO: JdwpEventCenterDelegate: THREAD_RESUMED: thread (33, main, main)
21:10:35.234 INFO: JdwpEventCenterDelegate: THREAD_RESUMED: thread (33, main, main)
21:10:35.238 INFO: JdwpEventCenterDelegate: THREAD_RESUMED: thread (33, main, main)
21:10:35.260 INFO: JdwpEventCenterDelegate: THREAD_RESUMED: thread (33, main, main)
21:10:35.262 INFO: JdwpEventCenterDelegate: THREAD_RESUMED: thread (33, main, main)
21:10:35.264 INFO: JdwpEventCenterDelegate: THREAD_RESUMED: thread (33, main, main)
21:10:35.267 INFO: JdwpEventCenterDelegate: THREAD_RESUMED: thread (33, main, main)
21:10:35.269 INFO: JdwpEventCenterDelegate: THREAD_RESUMED: thread (33, main, main)
21:10:35.274 INFO: JdwpEventCenterDelegate: THREAD_RESUMED: thread (33, main, main)
21:10:35.292 INFO: JdwpEventCenterDelegate: THREAD_RESUMED: thread (33, main, main)
21:10:35.294 INFO: JdwpEventCenterDelegate: THREAD_RESUMED: thread (33, main, main)
21:10:35.297 INFO: JdwpEventCenterDelegate: THREAD_RESUMED: thread (33, main, main)
21:10:35.299 INFO: JdwpEventCenterDelegate: THREAD_RESUMED: thread (33, main, main)
21:10:35.301 INFO: JdwpEventCenterDelegate: THREAD_RESUMED: thread (33, main, main)
21:10:35.306 INFO: JdwpEventCenterDelegate: THREAD_RESUMED: thread (33, main, main)
21:10:35.323 INFO: JdwpEventCenterDelegate: THREAD_RESUMED: thread (33, main, main)
21:10:35.326 INFO: JdwpEventCenterDelegate: THREAD_RESUMED: thread (33, main, main)
21:10:35.328 INFO: JdwpEventCenterDelegate: THREAD_RESUMED: thread (33, main, main)
21:10:35.331 INFO: JdwpEventCenterDelegate: THREAD_RESUMED: thread (33, main, main)
21:10:35.333 INFO: JdwpEventCenterDelegate: THREAD_RESUMED: thread (33, main, main)
21:10:35.337 INFO: JdwpEventCenterDelegate: THREAD_RESUMED: thread (33, main, main)
21:10:35.352 INFO: JdwpEventCenterDelegate: THREAD_RESUMED: thread (33, main, main)
21:10:35.354 INFO: JdwpEventCenterDelegate: THREAD_RESUMED: thread (33, main, main)
21:10:35.357 INFO: JdwpEventCenterDelegate: THREAD_RESUMED: thread (33, main, main)
21:10:35.358 INFO: JdwpEventCenterDelegate: THREAD_RESUMED: thread (33, main, main)
21:10:35.361 INFO: JdwpEventCenterDelegate: THREAD_RESUMED: thread (33, main, main)
21:10:35.365 INFO: JdwpEventCenterDelegate: THREAD_RESUMED: thread (33, main, main)
21:10:35.380 INFO: JdwpEventCenterDelegate: THREAD_RESUMED: thread (33, main, main)
21:10:35.382 INFO: JdwpEventCenterDelegate: THREAD_RESUMED: thread (33, main, main)
21:10:35.384 INFO: JdwpEventCenterDelegate: THREAD_RESUMED: thread (33, main, main)
21:10:35.386 INFO: JdwpEventCenterDelegate: THREAD_RESUMED: thread (33, main, main)
21:10:35.388 INFO: JdwpEventCenterDelegate: THREAD_RESUMED: thread (33, main, main)
21:10:35.393 INFO: JdwpEventCenterDelegate: THREAD_RESUMED: thread (33, main, main)
21:10:35.411 INFO: JdwpEventCenterDelegate: THREAD_RESUMED: thread (33, main, main)
21:10:35.414 INFO: JdwpEventCenterDelegate: THREAD_RESUMED: thread (33, main, main)
21:10:35.416 INFO: JdwpEventCenterDelegate: THREAD_RESUMED: thread (33, main, main)
21:10:35.418 INFO: JdwpEventCenterDelegate: THREAD_RESUMED: thread (33, main, main)
21:10:35.421 INFO: JdwpEventCenterDelegate: THREAD_RESUMED: thread (33, main, main)
21:10:35.425 INFO: JdwpEventCenterDelegate: THREAD_RESUMED: thread (33, main, main)
21:10:35.450 INFO: JdwpEventCenterDelegate: THREAD_RESUMED: thread (33, main, main)
21:10:35.452 INFO: JdwpEventCenterDelegate: THREAD_RESUMED: thread (33, main, main)
21:10:35.455 INFO: JdwpEventCenterDelegate: THREAD_RESUMED: thread (33, main, main)
21:10:35.457 INFO: JdwpEventCenterDelegate: THREAD_RESUMED: thread (33, main, main)
21:10:35.459 INFO: JdwpEventCenterDelegate: THREAD_RESUMED: thread (33, main, main)
21:10:35.464 INFO: JdwpEventCenterDelegate: THREAD_RESUMED: thread (33, main, main)
21:10:35.482 INFO: JdwpEventCenterDelegate: THREAD_RESUMED: thread (33, main, main)
21:10:35.485 INFO: JdwpEventCenterDelegate: THREAD_RESUMED: thread (33, main, main)
21:10:35.487 INFO: JdwpEventCenterDelegate: THREAD_RESUMED: thread (33, main, main)
21:10:35.489 INFO: JdwpEventCenterDelegate: THREAD_RESUMED: thread (33, main, main)
21:10:35.491 INFO: JdwpEventCenterDelegate: THREAD_RESUMED: thread (33, main, main)
21:10:35.496 INFO: JdwpEventCenterDelegate: THREAD_RESUMED: thread (33, main, main)
21:10:35.509 INFO: JdwpEventCenterDelegate: THREAD_RESUMED: thread (33, main, main)
21:10:35.511 INFO: JdwpEventCenterDelegate: THREAD_RESUMED: thread (33, main, main)
21:10:35.513 INFO: JdwpEventCenterDelegate: THREAD_RESUMED: thread (33, main, main)
21:10:35.515 INFO: JdwpEventCenterDelegate: THREAD_RESUMED: thread (33, main, main)
21:10:35.518 INFO: JdwpEventCenterDelegate: THREAD_RESUMED: thread (33, main, main)
21:10:37.228 INFO: JdwpEventCenterDelegate: THREAD_STARTED: thread (108, Timer, main)
21:10:38.103 INFO: JdwpEventCenterDelegate: THREAD_RESUMED: thread (33, main, main)
21:10:38.145 INFO: JdwpEventCenterDelegate: THREAD_RESUMED: thread (33, main, main)
21:10:38.169 INFO: JdwpEventCenterDelegate: THREAD_RESUMED: thread (33, main, main)
21:10:38.187 INFO: JdwpEventCenterDelegate: THREAD_RESUMED: thread (33, main, main)
21:10:38.201 INFO: JdwpEventCenterDelegate: THREAD_RESUMED: thread (33, main, main)
21:10:38.215 INFO: JdwpEventCenterDelegate: THREAD_RESUMED: thread (33, main, main)
21:10:38.217 INFO: JdwpEventCenterDelegate: THREAD_RESUMED: thread (33, main, main)
21:10:38.230 INFO: JdwpEventCenterDelegate: THREAD_RESUMED: thread (33, main, main)
21:10:38.246 INFO: JdwpEventCenterDelegate: THREAD_RESUMED: thread (33, main, main)
21:10:38.260 INFO: JdwpEventCenterDelegate: THREAD_RESUMED: thread (33, main, main)
21:10:38.274 INFO: JdwpEventCenterDelegate: THREAD_RESUMED: thread (33, main, main)
21:10:38.288 INFO: JdwpEventCenterDelegate: THREAD_RESUMED: thread (33, main, main)
21:10:38.301 INFO: JdwpEventCenterDelegate: THREAD_RESUMED: thread (33, main, main)
21:10:38.303 INFO: JdwpEventCenterDelegate: THREAD_RESUMED: thread (33, main, main)
21:10:39.971 INFO: JdwpEventCenterDelegate: THREAD_RESUMED: thread (33, main, main)
21:10:39.975 INFO: JdwpEventCenterDelegate: THREAD_RESUMED: thread (33, main, main)
21:10:39.978 INFO: JdwpEventCenterDelegate: THREAD_RESUMED: thread (33, main, main)
21:10:39.981 INFO: JdwpEventCenterDelegate: THREAD_RESUMED: thread (33, main, main)
21:10:39.984 INFO: JdwpEventCenterDelegate: THREAD_RESUMED: thread (33, main, main)
21:10:39.986 INFO: JdwpEventCenterDelegate: THREAD_RESUMED: thread (33, main, main)
21:10:39.990 INFO: JdwpEventCenterDelegate: THREAD_RESUMED: thread (33, main, main)
21:10:40.035 INFO: JdwpEventCenterDelegate: THREAD_STARTED: thread (123, Thread-7, main)
21:10:40.037 INFO: JdwpEventCenterDelegate: THREAD_RESUMED: thread (33, main, main)
21:10:40.083 INFO: JdwpEventCenterDelegate: THREAD_RESUMED: thread (33, main, main)
21:10:40.099 INFO: JdwpEventCenterDelegate: THREAD_RESUMED: thread (33, main, main)
21:10:40.116 INFO: JdwpEventCenterDelegate: THREAD_RESUMED: thread (33, main, main)
21:10:40.132 INFO: JdwpEventCenterDelegate: THREAD_RESUMED: thread (33, main, main)
21:10:46.562 INFO: JdwpEventCenterDelegate: THREAD_RESUMED: thread (33, main, main)
21:10:46.604 INFO: JdwpEventCenterDelegate: THREAD_RESUMED: thread (33, main, main)
21:10:46.629 INFO: JdwpEventCenterDelegate: THREAD_RESUMED: thread (33, main, main)
21:10:46.648 INFO: JdwpEventCenterDelegate: THREAD_RESUMED: thread (33, main, main)
21:10:46.662 INFO: JdwpEventCenterDelegate: THREAD_RESUMED: thread (33, main, main)
21:10:46.675 INFO: JdwpEventCenterDelegate: THREAD_RESUMED: thread (33, main, main)
21:10:46.678 INFO: JdwpEventCenterDelegate: THREAD_RESUMED: thread (33, main, main)
21:10:48.002 INFO: JdwpEventCenterDelegate: THREAD_STARTED: thread (138, Thread-8, main)
21:10:48.004 INFO: JdwpEventCenterDelegate: THREAD_RESUMED: thread (33, main, main)
21:10:48.049 INFO: JdwpEventCenterDelegate: THREAD_RESUMED: thread (33, main, main)
21:10:48.067 INFO: JdwpEventCenterDelegate: THREAD_RESUMED: thread (33, main, main)
21:10:48.083 INFO: JdwpEventCenterDelegate: THREAD_RESUMED: thread (33, main, main)
21:10:48.101 INFO: JdwpEventCenterDelegate: THREAD_RESUMED: thread (33, main, main)
21:10:48.115 INFO: JdwpEventCenterDelegate: THREAD_RESUMED: thread (33, main, main)
21:10:48.130 INFO: JdwpEventCenterDelegate: THREAD_RESUMED: thread (33, main, main)
21:10:48.145 INFO: JdwpEventCenterDelegate: THREAD_RESUMED: thread (33, main, main)
21:10:51.150 INFO: JdwpEventCenterDelegate: THREAD_RESUMED: thread (33, main, main)
21:10:51.197 INFO: JdwpEventCenterDelegate: THREAD_RESUMED: thread (33, main, main)
21:10:51.219 INFO: JdwpEventCenterDelegate: THREAD_RESUMED: thread (33, main, main)
21:10:51.235 INFO: JdwpEventCenterDelegate: THREAD_RESUMED: thread (33, main, main)
21:10:51.252 INFO: JdwpEventCenterDelegate: THREAD_RESUMED: thread (33, main, main)
21:10:52.246 INFO: JdwpEventCenterDelegate: THREAD_STARTED: thread (153, Thread-9, main)
21:10:52.248 INFO: JdwpEventCenterDelegate: THREAD_RESUMED: thread (33, main, main)
21:10:52.288 INFO: JdwpEventCenterDelegate: THREAD_RESUMED: thread (33, main, main)
21:10:52.314 INFO: JdwpEventCenterDelegate: THREAD_RESUMED: thread (33, main, main)
21:10:52.331 INFO: JdwpEventCenterDelegate: THREAD_RESUMED: thread (33, main, main)
21:10:52.348 INFO: JdwpEventCenterDelegate: THREAD_RESUMED: thread (33, main, main)
21:10:53.262 INFO: JdwpEventCenterDelegate: THREAD_RESUMED: thread (33, main, main)
21:10:53.296 INFO: JdwpEventCenterDelegate: THREAD_RESUMED: thread (33, main, main)
21:10:53.319 INFO: JdwpEventCenterDelegate: THREAD_RESUMED: thread (33, main, main)
21:10:53.337 INFO: JdwpEventCenterDelegate: THREAD_RESUMED: thread (33, main, main)
21:10:53.377 INFO: JdwpEventCenterDelegate: THREAD_RESUMED: thread (33, main, main)
21:10:53.411 INFO: JdwpEventCenterDelegate: THREAD_RESUMED: thread (33, main, main)
21:10:53.428 INFO: JdwpEventCenterDelegate: THREAD_RESUMED: thread (33, main, main)
21:10:53.443 INFO: JdwpEventCenterDelegate: THREAD_RESUMED: thread (33, main, main)
21:10:53.450 INFO: JdwpEventCenterDelegate: THREAD_RESUMED: thread (33, main, main)
21:10:53.464 INFO: JdwpEventCenterDelegate: THREAD_RESUMED: thread (33, main, main)
21:10:54.285 INFO: JdwpEventCenterDelegate: THREAD_RESUMED: thread (33, main, main)
21:10:54.326 INFO: JdwpEventCenterDelegate: THREAD_RESUMED: thread (33, main, main)
21:10:54.346 INFO: JdwpEventCenterDelegate: THREAD_RESUMED: thread (33, main, main)
21:10:54.365 INFO: JdwpEventCenterDelegate: THREAD_RESUMED: thread (33, main, main)
21:10:54.378 INFO: JdwpEventCenterDelegate: THREAD_RESUMED: thread (33, main, main)
21:10:54.391 INFO: JdwpEventCenterDelegate: THREAD_RESUMED: thread (33, main, main)
21:10:54.404 INFO: JdwpEventCenterDelegate: THREAD_RESUMED: thread (33, main, main)
21:10:54.417 INFO: JdwpEventCenterDelegate: THREAD_RESUMED: thread (33, main, main)
21:10:54.433 INFO: JdwpEventCenterDelegate: THREAD_RESUMED: thread (33, main, main)
21:10:55.223 INFO: JdwpEventCenterDelegate: THREAD_RESUMED: thread (33, main, main)
21:10:55.269 INFO: JdwpEventCenterDelegate: THREAD_RESUMED: thread (33, main, main)
21:10:55.291 INFO: JdwpEventCenterDelegate: THREAD_RESUMED: thread (33, main, main)
21:10:55.307 INFO: JdwpEventCenterDelegate: THREAD_RESUMED: thread (33, main, main)
21:10:55.321 INFO: JdwpEventCenterDelegate: THREAD_RESUMED: thread (33, main, main)
21:10:55.334 INFO: JdwpEventCenterDelegate: THREAD_RESUMED: thread (33, main, main)
21:10:55.347 INFO: JdwpEventCenterDelegate: THREAD_RESUMED: thread (33, main, main)
21:10:55.361 INFO: JdwpEventCenterDelegate: THREAD_RESUMED: thread (33, main, main)
21:10:55.375 INFO: JdwpEventCenterDelegate: THREAD_RESUMED: thread (33, main, main)
21:10:56.205 INFO: JdwpEventCenterDelegate: THREAD_RESUMED: thread (33, main, main)
21:10:56.249 INFO: JdwpEventCenterDelegate: THREAD_RESUMED: thread (33, main, main)
21:10:56.274 INFO: JdwpEventCenterDelegate: THREAD_RESUMED: thread (33, main, main)
21:10:56.294 INFO: JdwpEventCenterDelegate: THREAD_RESUMED: thread (33, main, main)
21:10:56.311 INFO: JdwpEventCenterDelegate: THREAD_RESUMED: thread (33, main, main)
21:10:56.326 INFO: JdwpEventCenterDelegate: THREAD_RESUMED: thread (33, main, main)
21:10:57.122 INFO: JdwpEventCenterDelegate: THREAD_RESUMED: thread (33, main, main)
21:10:57.166 INFO: JdwpEventCenterDelegate: THREAD_RESUMED: thread (33, main, main)
21:10:57.189 INFO: JdwpEventCenterDelegate: THREAD_RESUMED: thread (33, main, main)
21:10:57.212 INFO: JdwpEventCenterDelegate: THREAD_RESUMED: thread (33, main, main)
21:10:57.227 INFO: JdwpEventCenterDelegate: THREAD_RESUMED: thread (33, main, main)
21:10:57.997 INFO: JdwpEventCenterDelegate: THREAD_RESUMED: thread (33, main, main)
21:10:58.045 INFO: JdwpEventCenterDelegate: THREAD_RESUMED: thread (33, main, main)
21:10:58.066 INFO: JdwpEventCenterDelegate: THREAD_RESUMED: thread (33, main, main)
21:10:58.088 INFO: JdwpEventCenterDelegate: THREAD_RESUMED: thread (33, main, main)
21:10:58.109 INFO: JdwpEventCenterDelegate: THREAD_RESUMED: thread (33, main, main)
21:10:59.085 INFO: JdwpEventCenterDelegate: THREAD_RESUMED: thread (33, main, main)
21:10:59.129 INFO: JdwpEventCenterDelegate: THREAD_RESUMED: thread (33, main, main)
21:10:59.151 INFO: JdwpEventCenterDelegate: THREAD_RESUMED: thread (33, main, main)
21:10:59.171 INFO: JdwpEventCenterDelegate: THREAD_RESUMED: thread (33, main, main)
21:11:00.067 INFO: JdwpEventCenterDelegate: THREAD_RESUMED: thread (33, main, main)
21:11:00.112 INFO: JdwpEventCenterDelegate: THREAD_RESUMED: thread (33, main, main)
21:11:00.134 INFO: JdwpEventCenterDelegate: THREAD_RESUMED: thread (33, main, main)
21:11:00.159 INFO: JdwpEventCenterDelegate: THREAD_RESUMED: thread (33, main, main)
21:11:00.176 INFO: JdwpEventCenterDelegate: THREAD_RESUMED: thread (33, main, main)
21:11:00.193 INFO: JdwpEventCenterDelegate: THREAD_RESUMED: thread (33, main, main)
21:11:00.208 INFO: JdwpEventCenterDelegate: THREAD_RESUMED: thread (33, main, main)
21:11:00.223 INFO: JdwpEventCenterDelegate: THREAD_RESUMED: thread (33, main, main)
21:11:00.226 INFO: JdwpEventCenterDelegate: THREAD_RESUMED: thread (33, main, main)
21:11:00.229 INFO: JdwpEventCenterDelegate: THREAD_RESUMED: thread (33, main, main)
21:11:00.232 INFO: JdwpEventCenterDelegate: THREAD_RESUMED: thread (33, main, main)
21:11:00.236 INFO: JdwpEventCenterDelegate: THREAD_RESUMED: thread (33, main, main)
21:11:01.283 INFO: JdwpEventCenterDelegate: THREAD_RESUMED: thread (33, main, main)
21:11:01.322 INFO: JdwpEventCenterDelegate: THREAD_RESUMED: thread (33, main, main)
21:11:01.345 INFO: JdwpEventCenterDelegate: THREAD_RESUMED: thread (33, main, main)
21:11:01.368 INFO: JdwpEventCenterDelegate: THREAD_RESUMED: thread (33, main, main)
21:11:01.387 INFO: JdwpEventCenterDelegate: THREAD_RESUMED: thread (33, main, main)
21:11:01.404 INFO: JdwpEventCenterDelegate: THREAD_RESUMED: thread (33, main, main)
21:11:01.417 INFO: JdwpEventCenterDelegate: THREAD_RESUMED: thread (33, main, main)
21:11:01.421 INFO: JdwpEventCenterDelegate: THREAD_RESUMED: thread (33, main, main)
21:11:01.425 INFO: JdwpEventCenterDelegate: THREAD_RESUMED: thread (33, main, main)
21:11:02.456 INFO: JdwpEventCenterDelegate: THREAD_RESUMED: thread (33, main, main)
21:11:02.501 INFO: JdwpEventCenterDelegate: THREAD_RESUMED: thread (33, main, main)
21:11:02.530 INFO: JdwpEventCenterDelegate: THREAD_RESUMED: thread (33, main, main)
21:11:02.555 INFO: JdwpEventCenterDelegate: THREAD_RESUMED: thread (33, main, main)
21:11:02.572 INFO: JdwpEventCenterDelegate: THREAD_RESUMED: thread (33, main, main)
21:11:03.628 INFO: JdwpEventCenterDelegate: THREAD_RESUMED: thread (33, main, main)
21:11:03.687 INFO: JdwpEventCenterDelegate: THREAD_RESUMED: thread (33, main, main)
21:11:03.705 INFO: JdwpEventCenterDelegate: THREAD_RESUMED: thread (33, main, main)
21:11:03.721 INFO: JdwpEventCenterDelegate: THREAD_RESUMED: thread (33, main, main)
21:11:03.735 INFO: JdwpEventCenterDelegate: THREAD_RESUMED: thread (33, main, main)
21:11:08.627 INFO: JdwpEventCenterDelegate: THREAD_DETTACHED: thread (123, Thread-7, main)
21:11:09.304 INFO: JdwpEventCenterDelegate: THREAD_RESUMED: thread (33, main, main)
21:11:09.354 INFO: JdwpEventCenterDelegate: THREAD_RESUMED: thread (33, main, main)
21:11:09.378 INFO: JdwpEventCenterDelegate: THREAD_RESUMED: thread (33, main, main)
21:11:09.395 INFO: JdwpEventCenterDelegate: THREAD_RESUMED: thread (33, main, main)
21:11:09.410 INFO: JdwpEventCenterDelegate: THREAD_RESUMED: thread (33, main, main)
21:11:09.422 INFO: JdwpEventCenterDelegate: THREAD_RESUMED: thread (33, main, main)
21:11:09.425 INFO: JdwpEventCenterDelegate: THREAD_RESUMED: thread (33, main, main)
21:11:11.309 INFO: JdwpEventCenterDelegate: THREAD_RESUMED: thread (33, main, main)
21:11:11.356 INFO: JdwpEventCenterDelegate: THREAD_RESUMED: thread (33, main, main)
21:11:11.376 INFO: JdwpEventCenterDelegate: THREAD_RESUMED: thread (33, main, main)
21:11:11.394 INFO: JdwpEventCenterDelegate: THREAD_RESUMED: thread (33, main, main)
21:11:11.411 INFO: JdwpEventCenterDelegate: THREAD_RESUMED: thread (33, main, main)
21:11:11.425 INFO: JdwpEventCenterDelegate: THREAD_RESUMED: thread (33, main, main)
21:11:11.439 INFO: JdwpEventCenterDelegate: THREAD_RESUMED: thread (33, main, main)
21:11:11.454 INFO: JdwpEventCenterDelegate: THREAD_RESUMED: thread (33, main, main)
21:11:23.404 INFO: JdwpEventCenterDelegate: THREAD_RESUMED: thread (33, main, main)
21:11:23.447 INFO: JdwpEventCenterDelegate: THREAD_RESUMED: thread (33, main, main)
21:11:23.468 INFO: JdwpEventCenterDelegate: THREAD_RESUMED: thread (33, main, main)
21:11:23.486 INFO: JdwpEventCenterDelegate: THREAD_RESUMED: thread (33, main, main)
21:11:23.503 INFO: JdwpEventCenterDelegate: THREAD_RESUMED: thread (33, main, main)
21:11:26.797 INFO: JdwpEventCenterDelegate: THREAD_RESUMED: thread (33, main, main)
21:11:26.836 INFO: JdwpEventCenterDelegate: THREAD_RESUMED: thread (33, main, main)
21:11:26.872 INFO: JdwpEventCenterDelegate: THREAD_RESUMED: thread (33, main, main)
21:11:26.890 INFO: JdwpEventCenterDelegate: THREAD_RESUMED: thread (33, main, main)
21:11:26.907 INFO: JdwpEventCenterDelegate: THREAD_RESUMED: thread (33, main, main)
21:11:31.798 INFO: JdwpEventCenterDelegate: THREAD_DETTACHED: thread (138, Thread-8, main)
21:11:40.718 INFO: JdwpEventCenterDelegate: THREAD_STARTED: thread (168, Thread-10, main)
21:11:43.330 INFO: JdwpEventCenterDelegate: THREAD_RESUMED: thread (33, main, main)
21:11:43.361 INFO: JdwpEventCenterDelegate: THREAD_RESUMED: thread (33, main, main)
21:11:43.385 INFO: JdwpEventCenterDelegate: THREAD_RESUMED: thread (33, main, main)
21:11:43.403 INFO: JdwpEventCenterDelegate: THREAD_RESUMED: thread (33, main, main)
21:11:43.443 INFO: JdwpEventCenterDelegate: THREAD_RESUMED: thread (33, main, main)
21:11:43.476 INFO: JdwpEventCenterDelegate: THREAD_RESUMED: thread (33, main, main)
21:11:43.492 INFO: JdwpEventCenterDelegate: THREAD_RESUMED: thread (33, main, main)
21:11:43.507 INFO: JdwpEventCenterDelegate: THREAD_RESUMED: thread (33, main, main)
21:11:43.513 INFO: JdwpEventCenterDelegate: THREAD_RESUMED: thread (33, main, main)
21:11:43.526 INFO: JdwpEventCenterDelegate: THREAD_RESUMED: thread (33, main, main)
21:13:17.265 INFO: JdwpEventCenterDelegate: THREAD_DETTACHED: thread (153, Thread-9, main)
21:14:01.305 INFO: JdwpEventCenterDelegate: THREAD_STARTED: thread (183, Thread-11, main)
21:14:05.198 INFO: JdwpEventCenterDelegate: THREAD_STARTED: thread (198, Thread-12, main)
21:15:18.807 INFO: JdwpDebugServer: handling req: VirtualMachine(1).Exit(10)
21:15:18.808 SEVERE: Debugger: Thread JDWP server socket thread crashed
org.robovm.debugger.DebuggerException: Terminating due exit command
	at org.robovm.debugger.jdwp.JdwpDebugServer.doSocketWork(JdwpDebugServer.java:211)
	at java.base/java.lang.Thread.run(Thread.java:834)
	at org.robovm.debugger.utils.DebuggerThread.run(DebuggerThread.java:42)
21:15:19.315 SEVERE: Debugger: Thread HooksChannel socket thread crashed
org.robovm.debugger.DebuggerException: java.io.IOException: org.robovm.libimobiledevice.LibIMobileDeviceException: IDEVICE_E_UNKNOWN_ERROR
	at org.robovm.debugger.hooks.HooksChannel.doSocketWork(HooksChannel.java:149)
	at java.base/java.lang.Thread.run(Thread.java:834)
	at org.robovm.debugger.utils.DebuggerThread.run(DebuggerThread.java:42)
Caused by: java.io.IOException: org.robovm.libimobiledevice.LibIMobileDeviceException: IDEVICE_E_UNKNOWN_ERROR
	at org.robovm.libimobiledevice.IDeviceConnection$DeviceInputStream.read(IDeviceConnection.java:203)
	at org.robovm.debugger.utils.bytebuffer.DataBufferWriter.writeFromStream(DataBufferWriter.java:89)
	at org.robovm.debugger.hooks.HooksChannel.doSocketWork(HooksChannel.java:116)
	... 2 more
Caused by: org.robovm.libimobiledevice.LibIMobileDeviceException: IDEVICE_E_UNKNOWN_ERROR
	at org.robovm.libimobiledevice.IDevice.checkResult(IDevice.java:206)
	at org.robovm.libimobiledevice.IDeviceConnection.receive(IDeviceConnection.java:110)
	at org.robovm.libimobiledevice.IDeviceConnection.receive(IDeviceConnection.java:81)
	at org.robovm.libimobiledevice.IDeviceConnection$DeviceInputStream.read(IDeviceConnection.java:201)
	... 4 more
