16:24:43.257 INFO: JdwpDebugServer: handling req: VirtualMachine(1).IDSizes(7)
16:24:43.257 INFO: JdwpDebugServer: handling req: EventRequest(15).Set(1)
16:24:43.257 INFO: JdwpEventCenterDelegate: jdwpSetEventRequest: JdwpEventRequest{requestId=100, eventKind=CLASS_PREPARE, suspendPolicy=NONE, predicates=[]}
16:24:43.258 INFO: JdwpDebugServer: handling req: EventRequest(15).Set(1)
16:24:43.258 INFO: JdwpEventCenterDelegate: jdwpSetEventRequest: JdwpEventRequest{requestId=101, eventKind=CLASS_UNLOAD, suspendPolicy=NONE, predicates=[]}
16:24:43.278 INFO: JdwpDebugServer: handling req: VirtualMachine(1).Version(1)
16:24:43.279 INFO: JdwpDebugServer: handling req: VirtualMachine(1).capabilitiesNew(17)
16:24:43.279 INFO: JdwpDebugServer: handling req: VirtualMachine(1).capabilities(12)
16:24:43.279 INFO: JdwpDebugServer: handling req: VirtualMachine(1).AllClassesWithGeneric(20)
16:24:43.282 INFO: JdwpDebugServer: handling req: VirtualMachine(1).TopLevelThreadGroups(5)
16:24:43.283 INFO: JdwpDebugServer: handling req: EventRequest(15).Set(1)
16:24:43.283 INFO: JdwpEventCenterDelegate: jdwpSetEventRequest: JdwpEventRequest{requestId=102, eventKind=THREAD_START, suspendPolicy=NONE, predicates=[]}
16:24:43.284 INFO: JdwpDebugServer: handling req: EventRequest(15).Set(1)
16:24:43.284 INFO: JdwpEventCenterDelegate: jdwpSetEventRequest: JdwpEventRequest{requestId=103, eventKind=THREAD_DEATH, suspendPolicy=NONE, predicates=[]}
16:24:43.285 INFO: JdwpDebugServer: handling req: EventRequest(15).Set(1)
16:24:43.285 INFO: JdwpEventCenterDelegate: jdwpSetEventRequest: JdwpEventRequest{requestId=104, eventKind=CLASS_PREPARE, suspendPolicy=EVENT_THREAD, predicates=[className=sun.instrument.InstrumentationImpl]}
16:24:43.285 INFO: JdwpDebugServer: handling req: EventRequest(15).Set(1)
16:24:43.285 INFO: JdwpEventCenterDelegate: jdwpSetEventRequest: JdwpEventRequest{requestId=105, eventKind=CLASS_PREPARE, suspendPolicy=EVENT_THREAD, predicates=[className=sun.instrument.InstrumentationImpl]}
16:24:43.670 INFO: JdwpDebugServer: handling req: VirtualMachine(1).Resume(9)
16:24:43.706 INFO: JdwpEventCenterDelegate: THREAD_STARTED: thread (33, main, main)
16:24:43.721 INFO: JdwpEventCenterDelegate: THREAD_STARTED: thread (48, ReferenceQueueDaemon, main)
16:24:43.727 INFO: JdwpEventCenterDelegate: THREAD_STARTED: thread (63, FinalizerDaemon, main)
16:24:43.733 INFO: JdwpEventCenterDelegate: THREAD_STARTED: thread (78, FinalizerWatchdogDaemon, main)
16:24:43.736 INFO: JdwpEventCenterDelegate: THREAD_RESUMED: thread (33, main, main)
16:24:43.737 INFO: JdwpEventCenterDelegate: THREAD_RESUMED: thread (33, main, main)
16:24:43.738 INFO: JdwpEventCenterDelegate: THREAD_RESUMED: thread (33, main, main)
16:24:43.740 INFO: JdwpEventCenterDelegate: THREAD_RESUMED: thread (33, main, main)
16:24:43.741 INFO: JdwpEventCenterDelegate: THREAD_RESUMED: thread (33, main, main)
16:24:43.742 INFO: JdwpEventCenterDelegate: THREAD_RESUMED: thread (33, main, main)
16:24:43.743 INFO: JdwpEventCenterDelegate: THREAD_RESUMED: thread (33, main, main)
16:24:43.745 INFO: JdwpEventCenterDelegate: THREAD_RESUMED: thread (33, main, main)
16:24:43.746 INFO: JdwpEventCenterDelegate: THREAD_RESUMED: thread (33, main, main)
16:24:43.747 INFO: JdwpEventCenterDelegate: THREAD_RESUMED: thread (33, main, main)
16:24:43.749 INFO: JdwpEventCenterDelegate: THREAD_RESUMED: thread (33, main, main)
16:24:43.750 INFO: JdwpEventCenterDelegate: THREAD_RESUMED: thread (33, main, main)
16:24:43.751 INFO: JdwpEventCenterDelegate: THREAD_RESUMED: thread (33, main, main)
16:24:43.752 INFO: JdwpEventCenterDelegate: THREAD_RESUMED: thread (33, main, main)
16:24:43.754 INFO: JdwpEventCenterDelegate: THREAD_RESUMED: thread (33, main, main)
16:24:43.755 INFO: JdwpEventCenterDelegate: THREAD_RESUMED: thread (33, main, main)
16:24:43.756 INFO: JdwpEventCenterDelegate: THREAD_RESUMED: thread (33, main, main)
16:24:43.757 INFO: JdwpEventCenterDelegate: THREAD_RESUMED: thread (33, main, main)
16:24:43.760 INFO: JdwpEventCenterDelegate: THREAD_RESUMED: thread (33, main, main)
16:24:43.761 INFO: JdwpEventCenterDelegate: THREAD_RESUMED: thread (33, main, main)
16:24:43.763 INFO: JdwpEventCenterDelegate: THREAD_RESUMED: thread (33, main, main)
16:24:43.764 INFO: JdwpEventCenterDelegate: THREAD_RESUMED: thread (33, main, main)
16:24:43.765 INFO: JdwpEventCenterDelegate: THREAD_RESUMED: thread (33, main, main)
16:24:43.767 INFO: JdwpEventCenterDelegate: THREAD_RESUMED: thread (33, main, main)
16:24:43.768 INFO: JdwpEventCenterDelegate: THREAD_RESUMED: thread (33, main, main)
16:24:43.794 INFO: JdwpEventCenterDelegate: THREAD_RESUMED: thread (33, main, main)
16:24:43.796 INFO: JdwpEventCenterDelegate: THREAD_RESUMED: thread (33, main, main)
16:24:43.797 INFO: JdwpEventCenterDelegate: THREAD_RESUMED: thread (33, main, main)
16:24:43.798 INFO: JdwpEventCenterDelegate: THREAD_RESUMED: thread (33, main, main)
16:24:43.800 INFO: JdwpEventCenterDelegate: THREAD_RESUMED: thread (33, main, main)
16:24:43.802 INFO: JdwpEventCenterDelegate: THREAD_RESUMED: thread (33, main, main)
16:24:43.803 INFO: JdwpEventCenterDelegate: THREAD_RESUMED: thread (33, main, main)
16:24:43.805 INFO: JdwpEventCenterDelegate: THREAD_RESUMED: thread (33, main, main)
16:24:43.807 INFO: JdwpEventCenterDelegate: THREAD_RESUMED: thread (33, main, main)
16:24:43.809 INFO: JdwpEventCenterDelegate: THREAD_RESUMED: thread (33, main, main)
16:24:43.810 INFO: JdwpEventCenterDelegate: THREAD_RESUMED: thread (33, main, main)
16:24:43.811 INFO: JdwpEventCenterDelegate: THREAD_RESUMED: thread (33, main, main)
16:24:43.813 INFO: JdwpEventCenterDelegate: THREAD_RESUMED: thread (33, main, main)
16:24:43.814 INFO: JdwpEventCenterDelegate: THREAD_RESUMED: thread (33, main, main)
16:24:43.829 INFO: JdwpEventCenterDelegate: THREAD_RESUMED: thread (33, main, main)
16:24:43.830 INFO: JdwpEventCenterDelegate: THREAD_RESUMED: thread (33, main, main)
16:24:43.832 INFO: JdwpEventCenterDelegate: THREAD_RESUMED: thread (33, main, main)
16:24:43.833 INFO: JdwpEventCenterDelegate: THREAD_RESUMED: thread (33, main, main)
16:24:43.835 INFO: JdwpEventCenterDelegate: THREAD_RESUMED: thread (33, main, main)
16:24:43.836 INFO: JdwpEventCenterDelegate: THREAD_RESUMED: thread (33, main, main)
16:24:43.837 INFO: JdwpEventCenterDelegate: THREAD_RESUMED: thread (33, main, main)
16:24:43.876 INFO: JdwpEventCenterDelegate: THREAD_RESUMED: thread (33, main, main)
16:24:43.877 INFO: JdwpEventCenterDelegate: THREAD_RESUMED: thread (33, main, main)
16:24:43.878 INFO: JdwpEventCenterDelegate: THREAD_RESUMED: thread (33, main, main)
16:24:43.880 INFO: JdwpEventCenterDelegate: THREAD_RESUMED: thread (33, main, main)
16:24:43.881 INFO: JdwpEventCenterDelegate: THREAD_RESUMED: thread (33, main, main)
16:24:43.883 INFO: JdwpEventCenterDelegate: THREAD_RESUMED: thread (33, main, main)
16:24:43.884 INFO: JdwpEventCenterDelegate: THREAD_RESUMED: thread (33, main, main)
16:24:43.895 INFO: JdwpEventCenterDelegate: THREAD_RESUMED: thread (33, main, main)
16:24:43.897 INFO: JdwpEventCenterDelegate: THREAD_RESUMED: thread (33, main, main)
16:24:43.898 INFO: JdwpEventCenterDelegate: THREAD_RESUMED: thread (33, main, main)
16:24:43.900 INFO: JdwpEventCenterDelegate: THREAD_RESUMED: thread (33, main, main)
16:24:43.901 INFO: JdwpEventCenterDelegate: THREAD_RESUMED: thread (33, main, main)
16:24:43.903 INFO: JdwpEventCenterDelegate: THREAD_RESUMED: thread (33, main, main)
16:24:43.904 INFO: JdwpEventCenterDelegate: THREAD_RESUMED: thread (33, main, main)
16:24:43.914 INFO: JdwpEventCenterDelegate: THREAD_RESUMED: thread (33, main, main)
16:24:43.915 INFO: JdwpEventCenterDelegate: THREAD_RESUMED: thread (33, main, main)
16:24:43.916 INFO: JdwpEventCenterDelegate: THREAD_RESUMED: thread (33, main, main)
16:24:43.918 INFO: JdwpEventCenterDelegate: THREAD_RESUMED: thread (33, main, main)
16:24:43.919 INFO: JdwpEventCenterDelegate: THREAD_RESUMED: thread (33, main, main)
16:24:43.921 INFO: JdwpEventCenterDelegate: THREAD_RESUMED: thread (33, main, main)
16:24:43.922 INFO: JdwpEventCenterDelegate: THREAD_RESUMED: thread (33, main, main)
16:24:43.923 INFO: JdwpEventCenterDelegate: THREAD_RESUMED: thread (33, main, main)
16:24:43.924 INFO: JdwpEventCenterDelegate: THREAD_RESUMED: thread (33, main, main)
16:24:43.925 INFO: JdwpEventCenterDelegate: THREAD_RESUMED: thread (33, main, main)
16:24:43.927 INFO: JdwpEventCenterDelegate: THREAD_RESUMED: thread (33, main, main)
16:24:43.928 INFO: JdwpEventCenterDelegate: THREAD_RESUMED: thread (33, main, main)
16:24:43.929 INFO: JdwpEventCenterDelegate: THREAD_RESUMED: thread (33, main, main)
16:24:43.931 INFO: JdwpEventCenterDelegate: THREAD_RESUMED: thread (33, main, main)
16:24:43.932 INFO: JdwpEventCenterDelegate: THREAD_RESUMED: thread (33, main, main)
16:24:43.933 INFO: JdwpEventCenterDelegate: THREAD_RESUMED: thread (33, main, main)
16:24:43.935 INFO: JdwpEventCenterDelegate: THREAD_RESUMED: thread (33, main, main)
16:24:43.936 INFO: JdwpEventCenterDelegate: THREAD_RESUMED: thread (33, main, main)
16:24:43.940 INFO: JdwpEventCenterDelegate: THREAD_RESUMED: thread (33, main, main)
16:24:43.941 INFO: JdwpEventCenterDelegate: THREAD_RESUMED: thread (33, main, main)
16:24:44.074 INFO: JdwpEventCenterDelegate: THREAD_STARTED: thread (93, AssetManager, main)
16:24:44.178 INFO: JdwpEventCenterDelegate: THREAD_RESUMED: thread (33, main, main)
16:24:44.180 INFO: JdwpEventCenterDelegate: THREAD_RESUMED: thread (33, main, main)
16:24:46.745 INFO: JdwpEventCenterDelegate: THREAD_RESUMED: thread (33, main, main)
16:24:46.841 INFO: JdwpEventCenterDelegate: THREAD_RESUMED: thread (33, main, main)
16:24:46.843 INFO: JdwpEventCenterDelegate: THREAD_RESUMED: thread (33, main, main)
16:24:46.845 INFO: JdwpEventCenterDelegate: THREAD_RESUMED: thread (33, main, main)
16:24:46.846 INFO: JdwpEventCenterDelegate: THREAD_RESUMED: thread (33, main, main)
16:24:46.848 INFO: JdwpEventCenterDelegate: THREAD_RESUMED: thread (33, main, main)
16:24:46.854 INFO: JdwpEventCenterDelegate: THREAD_RESUMED: thread (33, main, main)
16:24:46.866 INFO: JdwpEventCenterDelegate: THREAD_RESUMED: thread (33, main, main)
16:24:46.868 INFO: JdwpEventCenterDelegate: THREAD_RESUMED: thread (33, main, main)
16:24:46.870 INFO: JdwpEventCenterDelegate: THREAD_RESUMED: thread (33, main, main)
16:24:46.872 INFO: JdwpEventCenterDelegate: THREAD_RESUMED: thread (33, main, main)
16:24:46.874 INFO: JdwpEventCenterDelegate: THREAD_RESUMED: thread (33, main, main)
16:24:46.878 INFO: JdwpEventCenterDelegate: THREAD_RESUMED: thread (33, main, main)
16:24:46.893 INFO: JdwpEventCenterDelegate: THREAD_RESUMED: thread (33, main, main)
16:24:46.896 INFO: JdwpEventCenterDelegate: THREAD_RESUMED: thread (33, main, main)
16:24:46.898 INFO: JdwpEventCenterDelegate: THREAD_RESUMED: thread (33, main, main)
16:24:46.900 INFO: JdwpEventCenterDelegate: THREAD_RESUMED: thread (33, main, main)
16:24:46.902 INFO: JdwpEventCenterDelegate: THREAD_RESUMED: thread (33, main, main)
16:24:46.907 INFO: JdwpEventCenterDelegate: THREAD_RESUMED: thread (33, main, main)
16:24:46.925 INFO: JdwpEventCenterDelegate: THREAD_RESUMED: thread (33, main, main)
16:24:46.927 INFO: JdwpEventCenterDelegate: THREAD_RESUMED: thread (33, main, main)
16:24:46.930 INFO: JdwpEventCenterDelegate: THREAD_RESUMED: thread (33, main, main)
16:24:46.932 INFO: JdwpEventCenterDelegate: THREAD_RESUMED: thread (33, main, main)
16:24:46.934 INFO: JdwpEventCenterDelegate: THREAD_RESUMED: thread (33, main, main)
16:24:46.938 INFO: JdwpEventCenterDelegate: THREAD_RESUMED: thread (33, main, main)
16:24:46.953 INFO: JdwpEventCenterDelegate: THREAD_RESUMED: thread (33, main, main)
16:24:46.955 INFO: JdwpEventCenterDelegate: THREAD_RESUMED: thread (33, main, main)
16:24:46.957 INFO: JdwpEventCenterDelegate: THREAD_RESUMED: thread (33, main, main)
16:24:46.959 INFO: JdwpEventCenterDelegate: THREAD_RESUMED: thread (33, main, main)
16:24:46.961 INFO: JdwpEventCenterDelegate: THREAD_RESUMED: thread (33, main, main)
16:24:46.966 INFO: JdwpEventCenterDelegate: THREAD_RESUMED: thread (33, main, main)
16:24:46.982 INFO: JdwpEventCenterDelegate: THREAD_RESUMED: thread (33, main, main)
16:24:46.984 INFO: JdwpEventCenterDelegate: THREAD_RESUMED: thread (33, main, main)
16:24:46.986 INFO: JdwpEventCenterDelegate: THREAD_RESUMED: thread (33, main, main)
16:24:46.988 INFO: JdwpEventCenterDelegate: THREAD_RESUMED: thread (33, main, main)
16:24:46.990 INFO: JdwpEventCenterDelegate: THREAD_RESUMED: thread (33, main, main)
16:24:46.995 INFO: JdwpEventCenterDelegate: THREAD_RESUMED: thread (33, main, main)
16:24:47.017 INFO: JdwpEventCenterDelegate: THREAD_RESUMED: thread (33, main, main)
16:24:47.019 INFO: JdwpEventCenterDelegate: THREAD_RESUMED: thread (33, main, main)
16:24:47.021 INFO: JdwpEventCenterDelegate: THREAD_RESUMED: thread (33, main, main)
16:24:47.024 INFO: JdwpEventCenterDelegate: THREAD_RESUMED: thread (33, main, main)
16:24:47.026 INFO: JdwpEventCenterDelegate: THREAD_RESUMED: thread (33, main, main)
16:24:47.031 INFO: JdwpEventCenterDelegate: THREAD_RESUMED: thread (33, main, main)
16:24:47.050 INFO: JdwpEventCenterDelegate: THREAD_RESUMED: thread (33, main, main)
16:24:47.052 INFO: JdwpEventCenterDelegate: THREAD_RESUMED: thread (33, main, main)
16:24:47.054 INFO: JdwpEventCenterDelegate: THREAD_RESUMED: thread (33, main, main)
16:24:47.056 INFO: JdwpEventCenterDelegate: THREAD_RESUMED: thread (33, main, main)
16:24:47.058 INFO: JdwpEventCenterDelegate: THREAD_RESUMED: thread (33, main, main)
16:24:47.063 INFO: JdwpEventCenterDelegate: THREAD_RESUMED: thread (33, main, main)
16:24:47.082 INFO: JdwpEventCenterDelegate: THREAD_RESUMED: thread (33, main, main)
16:24:47.084 INFO: JdwpEventCenterDelegate: THREAD_RESUMED: thread (33, main, main)
16:24:47.086 INFO: JdwpEventCenterDelegate: THREAD_RESUMED: thread (33, main, main)
16:24:47.088 INFO: JdwpEventCenterDelegate: THREAD_RESUMED: thread (33, main, main)
16:24:47.090 INFO: JdwpEventCenterDelegate: THREAD_RESUMED: thread (33, main, main)
16:24:47.094 INFO: JdwpEventCenterDelegate: THREAD_RESUMED: thread (33, main, main)
16:24:47.110 INFO: JdwpEventCenterDelegate: THREAD_RESUMED: thread (33, main, main)
16:24:47.112 INFO: JdwpEventCenterDelegate: THREAD_RESUMED: thread (33, main, main)
16:24:47.114 INFO: JdwpEventCenterDelegate: THREAD_RESUMED: thread (33, main, main)
16:24:47.116 INFO: JdwpEventCenterDelegate: THREAD_RESUMED: thread (33, main, main)
16:24:47.119 INFO: JdwpEventCenterDelegate: THREAD_RESUMED: thread (33, main, main)
16:24:47.124 INFO: JdwpEventCenterDelegate: THREAD_RESUMED: thread (33, main, main)
16:24:47.139 INFO: JdwpEventCenterDelegate: THREAD_RESUMED: thread (33, main, main)
16:24:47.141 INFO: JdwpEventCenterDelegate: THREAD_RESUMED: thread (33, main, main)
16:24:47.144 INFO: JdwpEventCenterDelegate: THREAD_RESUMED: thread (33, main, main)
16:24:47.146 INFO: JdwpEventCenterDelegate: THREAD_RESUMED: thread (33, main, main)
16:24:47.148 INFO: JdwpEventCenterDelegate: THREAD_RESUMED: thread (33, main, main)
16:24:47.152 INFO: JdwpEventCenterDelegate: THREAD_RESUMED: thread (33, main, main)
16:24:47.172 INFO: JdwpEventCenterDelegate: THREAD_RESUMED: thread (33, main, main)
16:24:47.174 INFO: JdwpEventCenterDelegate: THREAD_RESUMED: thread (33, main, main)
16:24:47.177 INFO: JdwpEventCenterDelegate: THREAD_RESUMED: thread (33, main, main)
16:24:47.178 INFO: JdwpEventCenterDelegate: THREAD_RESUMED: thread (33, main, main)
16:24:47.180 INFO: JdwpEventCenterDelegate: THREAD_RESUMED: thread (33, main, main)
16:24:47.185 INFO: JdwpEventCenterDelegate: THREAD_RESUMED: thread (33, main, main)
16:24:47.208 INFO: JdwpEventCenterDelegate: THREAD_RESUMED: thread (33, main, main)
16:24:47.210 INFO: JdwpEventCenterDelegate: THREAD_RESUMED: thread (33, main, main)
16:24:47.212 INFO: JdwpEventCenterDelegate: THREAD_RESUMED: thread (33, main, main)
16:24:47.214 INFO: JdwpEventCenterDelegate: THREAD_RESUMED: thread (33, main, main)
16:24:47.216 INFO: JdwpEventCenterDelegate: THREAD_RESUMED: thread (33, main, main)
16:24:47.220 INFO: JdwpEventCenterDelegate: THREAD_RESUMED: thread (33, main, main)
16:24:47.240 INFO: JdwpEventCenterDelegate: THREAD_RESUMED: thread (33, main, main)
16:24:47.242 INFO: JdwpEventCenterDelegate: THREAD_RESUMED: thread (33, main, main)
16:24:47.245 INFO: JdwpEventCenterDelegate: THREAD_RESUMED: thread (33, main, main)
16:24:47.247 INFO: JdwpEventCenterDelegate: THREAD_RESUMED: thread (33, main, main)
16:24:47.249 INFO: JdwpEventCenterDelegate: THREAD_RESUMED: thread (33, main, main)
16:24:47.254 INFO: JdwpEventCenterDelegate: THREAD_RESUMED: thread (33, main, main)
16:24:47.267 INFO: JdwpEventCenterDelegate: THREAD_RESUMED: thread (33, main, main)
16:24:47.269 INFO: JdwpEventCenterDelegate: THREAD_RESUMED: thread (33, main, main)
16:24:47.271 INFO: JdwpEventCenterDelegate: THREAD_RESUMED: thread (33, main, main)
16:24:47.273 INFO: JdwpEventCenterDelegate: THREAD_RESUMED: thread (33, main, main)
16:24:47.275 INFO: JdwpEventCenterDelegate: THREAD_RESUMED: thread (33, main, main)
16:24:47.281 INFO: JdwpEventCenterDelegate: THREAD_RESUMED: thread (33, main, main)
16:24:47.283 INFO: JdwpEventCenterDelegate: THREAD_RESUMED: thread (33, main, main)
16:24:47.285 INFO: JdwpEventCenterDelegate: THREAD_RESUMED: thread (33, main, main)
16:24:47.288 INFO: JdwpEventCenterDelegate: THREAD_RESUMED: thread (33, main, main)
16:24:47.290 INFO: JdwpEventCenterDelegate: THREAD_RESUMED: thread (33, main, main)
16:24:47.293 INFO: JdwpEventCenterDelegate: THREAD_RESUMED: thread (33, main, main)
16:24:47.295 INFO: JdwpEventCenterDelegate: THREAD_RESUMED: thread (33, main, main)
16:24:47.300 INFO: JdwpEventCenterDelegate: THREAD_RESUMED: thread (33, main, main)
16:24:47.302 INFO: JdwpEventCenterDelegate: THREAD_RESUMED: thread (33, main, main)
16:24:47.308 INFO: JdwpEventCenterDelegate: THREAD_RESUMED: thread (33, main, main)
16:24:47.329 INFO: JdwpEventCenterDelegate: THREAD_RESUMED: thread (33, main, main)
16:24:47.341 INFO: JdwpEventCenterDelegate: THREAD_RESUMED: thread (33, main, main)
16:24:47.343 INFO: JdwpEventCenterDelegate: THREAD_RESUMED: thread (33, main, main)
16:24:47.345 INFO: JdwpEventCenterDelegate: THREAD_RESUMED: thread (33, main, main)
16:24:47.347 INFO: JdwpEventCenterDelegate: THREAD_RESUMED: thread (33, main, main)
16:24:47.349 INFO: JdwpEventCenterDelegate: THREAD_RESUMED: thread (33, main, main)
16:24:47.353 INFO: JdwpEventCenterDelegate: THREAD_RESUMED: thread (33, main, main)
16:24:47.370 INFO: JdwpEventCenterDelegate: THREAD_RESUMED: thread (33, main, main)
16:24:47.383 INFO: JdwpEventCenterDelegate: THREAD_RESUMED: thread (33, main, main)
16:24:47.394 INFO: JdwpEventCenterDelegate: THREAD_RESUMED: thread (33, main, main)
16:24:47.407 INFO: JdwpEventCenterDelegate: THREAD_RESUMED: thread (33, main, main)
16:24:47.437 INFO: JdwpEventCenterDelegate: THREAD_RESUMED: thread (33, main, main)
16:24:47.439 INFO: JdwpEventCenterDelegate: THREAD_RESUMED: thread (33, main, main)
16:24:47.441 INFO: JdwpEventCenterDelegate: THREAD_RESUMED: thread (33, main, main)
16:24:47.444 INFO: JdwpEventCenterDelegate: THREAD_RESUMED: thread (33, main, main)
16:24:47.446 INFO: JdwpEventCenterDelegate: THREAD_RESUMED: thread (33, main, main)
16:24:47.451 INFO: JdwpEventCenterDelegate: THREAD_RESUMED: thread (33, main, main)
16:24:47.462 INFO: JdwpEventCenterDelegate: THREAD_RESUMED: thread (33, main, main)
16:24:47.464 INFO: JdwpEventCenterDelegate: THREAD_RESUMED: thread (33, main, main)
16:24:47.467 INFO: JdwpEventCenterDelegate: THREAD_RESUMED: thread (33, main, main)
16:24:47.469 INFO: JdwpEventCenterDelegate: THREAD_RESUMED: thread (33, main, main)
16:24:47.471 INFO: JdwpEventCenterDelegate: THREAD_RESUMED: thread (33, main, main)
16:24:47.475 INFO: JdwpEventCenterDelegate: THREAD_RESUMED: thread (33, main, main)
16:24:47.489 INFO: JdwpEventCenterDelegate: THREAD_RESUMED: thread (33, main, main)
16:24:47.492 INFO: JdwpEventCenterDelegate: THREAD_RESUMED: thread (33, main, main)
16:24:47.494 INFO: JdwpEventCenterDelegate: THREAD_RESUMED: thread (33, main, main)
16:24:47.496 INFO: JdwpEventCenterDelegate: THREAD_RESUMED: thread (33, main, main)
16:24:47.498 INFO: JdwpEventCenterDelegate: THREAD_RESUMED: thread (33, main, main)
16:24:47.503 INFO: JdwpEventCenterDelegate: THREAD_RESUMED: thread (33, main, main)
16:24:47.520 INFO: JdwpEventCenterDelegate: THREAD_RESUMED: thread (33, main, main)
16:24:47.522 INFO: JdwpEventCenterDelegate: THREAD_RESUMED: thread (33, main, main)
16:24:47.525 INFO: JdwpEventCenterDelegate: THREAD_RESUMED: thread (33, main, main)
16:24:47.527 INFO: JdwpEventCenterDelegate: THREAD_RESUMED: thread (33, main, main)
16:24:47.529 INFO: JdwpEventCenterDelegate: THREAD_RESUMED: thread (33, main, main)
16:24:47.534 INFO: JdwpEventCenterDelegate: THREAD_RESUMED: thread (33, main, main)
16:24:47.548 INFO: JdwpEventCenterDelegate: THREAD_RESUMED: thread (33, main, main)
16:24:47.550 INFO: JdwpEventCenterDelegate: THREAD_RESUMED: thread (33, main, main)
16:24:47.552 INFO: JdwpEventCenterDelegate: THREAD_RESUMED: thread (33, main, main)
16:24:47.554 INFO: JdwpEventCenterDelegate: THREAD_RESUMED: thread (33, main, main)
16:24:47.556 INFO: JdwpEventCenterDelegate: THREAD_RESUMED: thread (33, main, main)
16:24:47.560 INFO: JdwpEventCenterDelegate: THREAD_RESUMED: thread (33, main, main)
16:24:47.578 INFO: JdwpEventCenterDelegate: THREAD_RESUMED: thread (33, main, main)
16:24:47.580 INFO: JdwpEventCenterDelegate: THREAD_RESUMED: thread (33, main, main)
16:24:47.582 INFO: JdwpEventCenterDelegate: THREAD_RESUMED: thread (33, main, main)
16:24:47.583 INFO: JdwpEventCenterDelegate: THREAD_RESUMED: thread (33, main, main)
16:24:47.586 INFO: JdwpEventCenterDelegate: THREAD_RESUMED: thread (33, main, main)
16:24:47.591 INFO: JdwpEventCenterDelegate: THREAD_RESUMED: thread (33, main, main)
16:24:47.608 INFO: JdwpEventCenterDelegate: THREAD_RESUMED: thread (33, main, main)
16:24:47.610 INFO: JdwpEventCenterDelegate: THREAD_RESUMED: thread (33, main, main)
16:24:47.612 INFO: JdwpEventCenterDelegate: THREAD_RESUMED: thread (33, main, main)
16:24:47.614 INFO: JdwpEventCenterDelegate: THREAD_RESUMED: thread (33, main, main)
16:24:47.617 INFO: JdwpEventCenterDelegate: THREAD_RESUMED: thread (33, main, main)
16:24:47.621 INFO: JdwpEventCenterDelegate: THREAD_RESUMED: thread (33, main, main)
16:24:47.639 INFO: JdwpEventCenterDelegate: THREAD_RESUMED: thread (33, main, main)
16:24:47.641 INFO: JdwpEventCenterDelegate: THREAD_RESUMED: thread (33, main, main)
16:24:47.643 INFO: JdwpEventCenterDelegate: THREAD_RESUMED: thread (33, main, main)
16:24:47.645 INFO: JdwpEventCenterDelegate: THREAD_RESUMED: thread (33, main, main)
16:24:47.647 INFO: JdwpEventCenterDelegate: THREAD_RESUMED: thread (33, main, main)
16:24:47.652 INFO: JdwpEventCenterDelegate: THREAD_RESUMED: thread (33, main, main)
16:24:47.669 INFO: JdwpEventCenterDelegate: THREAD_RESUMED: thread (33, main, main)
16:24:47.671 INFO: JdwpEventCenterDelegate: THREAD_RESUMED: thread (33, main, main)
16:24:47.673 INFO: JdwpEventCenterDelegate: THREAD_RESUMED: thread (33, main, main)
16:24:47.675 INFO: JdwpEventCenterDelegate: THREAD_RESUMED: thread (33, main, main)
16:24:47.677 INFO: JdwpEventCenterDelegate: THREAD_RESUMED: thread (33, main, main)
16:24:47.681 INFO: JdwpEventCenterDelegate: THREAD_RESUMED: thread (33, main, main)
16:24:47.696 INFO: JdwpEventCenterDelegate: THREAD_RESUMED: thread (33, main, main)
16:24:47.698 INFO: JdwpEventCenterDelegate: THREAD_RESUMED: thread (33, main, main)
16:24:47.700 INFO: JdwpEventCenterDelegate: THREAD_RESUMED: thread (33, main, main)
16:24:47.702 INFO: JdwpEventCenterDelegate: THREAD_RESUMED: thread (33, main, main)
16:24:47.704 INFO: JdwpEventCenterDelegate: THREAD_RESUMED: thread (33, main, main)
16:24:47.708 INFO: JdwpEventCenterDelegate: THREAD_RESUMED: thread (33, main, main)
16:24:47.722 INFO: JdwpEventCenterDelegate: THREAD_RESUMED: thread (33, main, main)
16:24:47.724 INFO: JdwpEventCenterDelegate: THREAD_RESUMED: thread (33, main, main)
16:24:47.726 INFO: JdwpEventCenterDelegate: THREAD_RESUMED: thread (33, main, main)
16:24:47.728 INFO: JdwpEventCenterDelegate: THREAD_RESUMED: thread (33, main, main)
16:24:47.730 INFO: JdwpEventCenterDelegate: THREAD_RESUMED: thread (33, main, main)
16:24:47.735 INFO: JdwpEventCenterDelegate: THREAD_RESUMED: thread (33, main, main)
16:24:47.757 INFO: JdwpEventCenterDelegate: THREAD_RESUMED: thread (33, main, main)
16:24:47.760 INFO: JdwpEventCenterDelegate: THREAD_RESUMED: thread (33, main, main)
16:24:47.762 INFO: JdwpEventCenterDelegate: THREAD_RESUMED: thread (33, main, main)
16:24:47.764 INFO: JdwpEventCenterDelegate: THREAD_RESUMED: thread (33, main, main)
16:24:47.766 INFO: JdwpEventCenterDelegate: THREAD_RESUMED: thread (33, main, main)
16:24:47.771 INFO: JdwpEventCenterDelegate: THREAD_RESUMED: thread (33, main, main)
16:24:47.792 INFO: JdwpEventCenterDelegate: THREAD_RESUMED: thread (33, main, main)
16:24:47.794 INFO: JdwpEventCenterDelegate: THREAD_RESUMED: thread (33, main, main)
16:24:47.797 INFO: JdwpEventCenterDelegate: THREAD_RESUMED: thread (33, main, main)
16:24:47.799 INFO: JdwpEventCenterDelegate: THREAD_RESUMED: thread (33, main, main)
16:24:47.801 INFO: JdwpEventCenterDelegate: THREAD_RESUMED: thread (33, main, main)
16:24:47.806 INFO: JdwpEventCenterDelegate: THREAD_RESUMED: thread (33, main, main)
16:24:47.824 INFO: JdwpEventCenterDelegate: THREAD_RESUMED: thread (33, main, main)
16:24:47.826 INFO: JdwpEventCenterDelegate: THREAD_RESUMED: thread (33, main, main)
16:24:47.829 INFO: JdwpEventCenterDelegate: THREAD_RESUMED: thread (33, main, main)
16:24:47.831 INFO: JdwpEventCenterDelegate: THREAD_RESUMED: thread (33, main, main)
16:24:47.833 INFO: JdwpEventCenterDelegate: THREAD_RESUMED: thread (33, main, main)
16:24:47.838 INFO: JdwpEventCenterDelegate: THREAD_RESUMED: thread (33, main, main)
16:24:47.850 INFO: JdwpEventCenterDelegate: THREAD_RESUMED: thread (33, main, main)
16:24:47.853 INFO: JdwpEventCenterDelegate: THREAD_RESUMED: thread (33, main, main)
16:24:47.855 INFO: JdwpEventCenterDelegate: THREAD_RESUMED: thread (33, main, main)
16:24:47.857 INFO: JdwpEventCenterDelegate: THREAD_RESUMED: thread (33, main, main)
16:24:47.859 INFO: JdwpEventCenterDelegate: THREAD_RESUMED: thread (33, main, main)
16:24:50.896 INFO: JdwpEventCenterDelegate: THREAD_STARTED: thread (108, Timer, main)
16:24:51.789 INFO: JdwpEventCenterDelegate: THREAD_RESUMED: thread (33, main, main)
16:24:51.823 INFO: JdwpEventCenterDelegate: THREAD_RESUMED: thread (33, main, main)
16:24:51.848 INFO: JdwpEventCenterDelegate: THREAD_RESUMED: thread (33, main, main)
16:24:51.868 INFO: JdwpEventCenterDelegate: THREAD_RESUMED: thread (33, main, main)
16:24:51.909 INFO: JdwpEventCenterDelegate: THREAD_RESUMED: thread (33, main, main)
16:24:51.943 INFO: JdwpEventCenterDelegate: THREAD_RESUMED: thread (33, main, main)
16:24:51.961 INFO: JdwpEventCenterDelegate: THREAD_RESUMED: thread (33, main, main)
16:24:51.976 INFO: JdwpEventCenterDelegate: THREAD_RESUMED: thread (33, main, main)
16:24:51.983 INFO: JdwpEventCenterDelegate: THREAD_RESUMED: thread (33, main, main)
16:24:51.997 INFO: JdwpEventCenterDelegate: THREAD_RESUMED: thread (33, main, main)
16:24:52.028 INFO: JdwpEventCenterDelegate: THREAD_RESUMED: thread (33, main, main)
16:24:52.040 INFO: JdwpEventCenterDelegate: THREAD_RESUMED: thread (33, main, main)
16:24:52.052 INFO: JdwpEventCenterDelegate: THREAD_RESUMED: thread (33, main, main)
16:24:52.064 INFO: JdwpEventCenterDelegate: THREAD_RESUMED: thread (33, main, main)
16:24:52.099 INFO: JdwpEventCenterDelegate: THREAD_RESUMED: thread (33, main, main)
16:24:52.132 INFO: JdwpEventCenterDelegate: THREAD_RESUMED: thread (33, main, main)
16:24:52.148 INFO: JdwpEventCenterDelegate: THREAD_RESUMED: thread (33, main, main)
16:24:52.163 INFO: JdwpEventCenterDelegate: THREAD_RESUMED: thread (33, main, main)
16:24:52.168 INFO: JdwpEventCenterDelegate: THREAD_RESUMED: thread (33, main, main)
16:24:52.182 INFO: JdwpEventCenterDelegate: THREAD_RESUMED: thread (33, main, main)
16:41:27.004 INFO: JdwpDebugServer: handling req: VirtualMachine(1).Exit(10)
16:41:27.004 SEVERE: Debugger: Thread JDWP server socket thread crashed
org.robovm.debugger.DebuggerException: Terminating due exit command
	at org.robovm.debugger.jdwp.JdwpDebugServer.doSocketWork(JdwpDebugServer.java:211)
	at java.base/java.lang.Thread.run(Thread.java:834)
	at org.robovm.debugger.utils.DebuggerThread.run(DebuggerThread.java:42)
16:41:27.512 SEVERE: Debugger: Thread HooksChannel socket thread crashed
org.robovm.debugger.DebuggerException: java.io.IOException: org.robovm.libimobiledevice.LibIMobileDeviceException: IDEVICE_E_UNKNOWN_ERROR
	at org.robovm.debugger.hooks.HooksChannel.doSocketWork(HooksChannel.java:149)
	at java.base/java.lang.Thread.run(Thread.java:834)
	at org.robovm.debugger.utils.DebuggerThread.run(DebuggerThread.java:42)
Caused by: java.io.IOException: org.robovm.libimobiledevice.LibIMobileDeviceException: IDEVICE_E_UNKNOWN_ERROR
	at org.robovm.libimobiledevice.IDeviceConnection$DeviceInputStream.read(IDeviceConnection.java:203)
	at org.robovm.debugger.utils.bytebuffer.DataBufferWriter.writeFromStream(DataBufferWriter.java:89)
	at org.robovm.debugger.hooks.HooksChannel.doSocketWork(HooksChannel.java:116)
	... 2 more
Caused by: org.robovm.libimobiledevice.LibIMobileDeviceException: IDEVICE_E_UNKNOWN_ERROR
	at org.robovm.libimobiledevice.IDevice.checkResult(IDevice.java:206)
	at org.robovm.libimobiledevice.IDeviceConnection.receive(IDeviceConnection.java:110)
	at org.robovm.libimobiledevice.IDeviceConnection.receive(IDeviceConnection.java:81)
	at org.robovm.libimobiledevice.IDeviceConnection$DeviceInputStream.read(IDeviceConnection.java:201)
	... 4 more
