00:13:55.616 INFO: JdwpDebugServer: handling req: VirtualMachine(1).IDSizes(7)
00:13:55.616 INFO: JdwpDebugServer: handling req: EventRequest(15).Set(1)
00:13:55.616 INFO: JdwpEventCenterDelegate: jdwpSetEventRequest: JdwpEventRequest{requestId=100, eventKind=CLASS_PREPARE, suspendPolicy=NONE, predicates=[]}
00:13:55.617 INFO: JdwpDebugServer: handling req: EventRequest(15).Set(1)
00:13:55.617 INFO: JdwpEventCenterDelegate: jdwpSetEventRequest: JdwpEventRequest{requestId=101, eventKind=CLASS_UNLOAD, suspendPolicy=NONE, predicates=[]}
00:13:55.637 INFO: JdwpDebugServer: handling req: VirtualMachine(1).Version(1)
00:13:55.637 INFO: JdwpDebugServer: handling req: VirtualMachine(1).capabilitiesNew(17)
00:13:55.637 INFO: JdwpDebugServer: handling req: VirtualMachine(1).capabilities(12)
00:13:55.637 INFO: JdwpDebugServer: handling req: VirtualMachine(1).AllClassesWithGeneric(20)
00:13:55.640 INFO: JdwpDebugServer: handling req: VirtualMachine(1).TopLevelThreadGroups(5)
00:13:55.641 INFO: JdwpDebugServer: handling req: EventRequest(15).Set(1)
00:13:55.641 INFO: JdwpEventCenterDelegate: jdwpSetEventRequest: JdwpEventRequest{requestId=102, eventKind=THREAD_START, suspendPolicy=NONE, predicates=[]}
00:13:55.641 INFO: JdwpDebugServer: handling req: EventRequest(15).Set(1)
00:13:55.641 INFO: JdwpEventCenterDelegate: jdwpSetEventRequest: JdwpEventRequest{requestId=103, eventKind=THREAD_DEATH, suspendPolicy=NONE, predicates=[]}
00:13:55.642 INFO: JdwpDebugServer: handling req: EventRequest(15).Set(1)
00:13:55.642 INFO: JdwpEventCenterDelegate: jdwpSetEventRequest: JdwpEventRequest{requestId=104, eventKind=CLASS_PREPARE, suspendPolicy=EVENT_THREAD, predicates=[className=sun.instrument.InstrumentationImpl]}
00:13:55.643 INFO: JdwpDebugServer: handling req: EventRequest(15).Set(1)
00:13:55.643 INFO: JdwpEventCenterDelegate: jdwpSetEventRequest: JdwpEventRequest{requestId=105, eventKind=CLASS_PREPARE, suspendPolicy=EVENT_THREAD, predicates=[className=sun.instrument.InstrumentationImpl]}
00:13:56.270 INFO: JdwpDebugServer: handling req: VirtualMachine(1).Resume(9)
00:13:56.322 INFO: JdwpEventCenterDelegate: THREAD_STARTED: thread (33, main, main)
00:13:56.343 INFO: JdwpEventCenterDelegate: THREAD_STARTED: thread (48, ReferenceQueueDaemon, main)
00:13:56.349 INFO: JdwpEventCenterDelegate: THREAD_STARTED: thread (63, FinalizerDaemon, main)
00:13:56.354 INFO: JdwpEventCenterDelegate: THREAD_STARTED: thread (78, FinalizerWatchdogDaemon, main)
00:13:56.356 INFO: JdwpEventCenterDelegate: THREAD_RESUMED: thread (33, main, main)
00:13:56.357 INFO: JdwpEventCenterDelegate: THREAD_RESUMED: thread (33, main, main)
00:13:56.358 INFO: JdwpEventCenterDelegate: THREAD_RESUMED: thread (33, main, main)
00:13:56.359 INFO: JdwpEventCenterDelegate: THREAD_RESUMED: thread (33, main, main)
00:13:56.361 INFO: JdwpEventCenterDelegate: THREAD_RESUMED: thread (33, main, main)
00:13:56.362 INFO: JdwpEventCenterDelegate: THREAD_RESUMED: thread (33, main, main)
00:13:56.363 INFO: JdwpEventCenterDelegate: THREAD_RESUMED: thread (33, main, main)
00:13:56.364 INFO: JdwpEventCenterDelegate: THREAD_RESUMED: thread (33, main, main)
00:13:56.365 INFO: JdwpEventCenterDelegate: THREAD_RESUMED: thread (33, main, main)
00:13:56.366 INFO: JdwpEventCenterDelegate: THREAD_RESUMED: thread (33, main, main)
00:13:56.367 INFO: JdwpEventCenterDelegate: THREAD_RESUMED: thread (33, main, main)
00:13:56.368 INFO: JdwpEventCenterDelegate: THREAD_RESUMED: thread (33, main, main)
00:13:56.369 INFO: JdwpEventCenterDelegate: THREAD_RESUMED: thread (33, main, main)
00:13:56.370 INFO: JdwpEventCenterDelegate: THREAD_RESUMED: thread (33, main, main)
00:13:56.371 INFO: JdwpEventCenterDelegate: THREAD_RESUMED: thread (33, main, main)
00:13:56.373 INFO: JdwpEventCenterDelegate: THREAD_RESUMED: thread (33, main, main)
00:13:56.374 INFO: JdwpEventCenterDelegate: THREAD_RESUMED: thread (33, main, main)
00:13:56.375 INFO: JdwpEventCenterDelegate: THREAD_RESUMED: thread (33, main, main)
00:13:56.379 INFO: JdwpEventCenterDelegate: THREAD_RESUMED: thread (33, main, main)
00:13:56.380 INFO: JdwpEventCenterDelegate: THREAD_RESUMED: thread (33, main, main)
00:13:56.381 INFO: JdwpEventCenterDelegate: THREAD_RESUMED: thread (33, main, main)
00:13:56.382 INFO: JdwpEventCenterDelegate: THREAD_RESUMED: thread (33, main, main)
00:13:56.384 INFO: JdwpEventCenterDelegate: THREAD_RESUMED: thread (33, main, main)
00:13:56.386 INFO: JdwpEventCenterDelegate: THREAD_RESUMED: thread (33, main, main)
00:13:56.387 INFO: JdwpEventCenterDelegate: THREAD_RESUMED: thread (33, main, main)
00:13:56.418 INFO: JdwpEventCenterDelegate: THREAD_RESUMED: thread (33, main, main)
00:13:56.419 INFO: JdwpEventCenterDelegate: THREAD_RESUMED: thread (33, main, main)
00:13:56.421 INFO: JdwpEventCenterDelegate: THREAD_RESUMED: thread (33, main, main)
00:13:56.422 INFO: JdwpEventCenterDelegate: THREAD_RESUMED: thread (33, main, main)
00:13:56.423 INFO: JdwpEventCenterDelegate: THREAD_RESUMED: thread (33, main, main)
00:13:56.424 INFO: JdwpEventCenterDelegate: THREAD_RESUMED: thread (33, main, main)
00:13:56.425 INFO: JdwpEventCenterDelegate: THREAD_RESUMED: thread (33, main, main)
00:13:56.428 INFO: JdwpEventCenterDelegate: THREAD_RESUMED: thread (33, main, main)
00:13:56.430 INFO: JdwpEventCenterDelegate: THREAD_RESUMED: thread (33, main, main)
00:13:56.431 INFO: JdwpEventCenterDelegate: THREAD_RESUMED: thread (33, main, main)
00:13:56.432 INFO: JdwpEventCenterDelegate: THREAD_RESUMED: thread (33, main, main)
00:13:56.433 INFO: JdwpEventCenterDelegate: THREAD_RESUMED: thread (33, main, main)
00:13:56.435 INFO: JdwpEventCenterDelegate: THREAD_RESUMED: thread (33, main, main)
00:13:56.436 INFO: JdwpEventCenterDelegate: THREAD_RESUMED: thread (33, main, main)
00:13:56.451 INFO: JdwpEventCenterDelegate: THREAD_RESUMED: thread (33, main, main)
00:13:56.452 INFO: JdwpEventCenterDelegate: THREAD_RESUMED: thread (33, main, main)
00:13:56.453 INFO: JdwpEventCenterDelegate: THREAD_RESUMED: thread (33, main, main)
00:13:56.455 INFO: JdwpEventCenterDelegate: THREAD_RESUMED: thread (33, main, main)
00:13:56.456 INFO: JdwpEventCenterDelegate: THREAD_RESUMED: thread (33, main, main)
00:13:56.458 INFO: JdwpEventCenterDelegate: THREAD_RESUMED: thread (33, main, main)
00:13:56.459 INFO: JdwpEventCenterDelegate: THREAD_RESUMED: thread (33, main, main)
00:13:56.481 INFO: JdwpEventCenterDelegate: THREAD_RESUMED: thread (33, main, main)
00:13:56.483 INFO: JdwpEventCenterDelegate: THREAD_RESUMED: thread (33, main, main)
00:13:56.484 INFO: JdwpEventCenterDelegate: THREAD_RESUMED: thread (33, main, main)
00:13:56.485 INFO: JdwpEventCenterDelegate: THREAD_RESUMED: thread (33, main, main)
00:13:56.486 INFO: JdwpEventCenterDelegate: THREAD_RESUMED: thread (33, main, main)
00:13:56.488 INFO: JdwpEventCenterDelegate: THREAD_RESUMED: thread (33, main, main)
00:13:56.489 INFO: JdwpEventCenterDelegate: THREAD_RESUMED: thread (33, main, main)
00:13:56.517 INFO: JdwpEventCenterDelegate: THREAD_RESUMED: thread (33, main, main)
00:13:56.518 INFO: JdwpEventCenterDelegate: THREAD_RESUMED: thread (33, main, main)
00:13:56.520 INFO: JdwpEventCenterDelegate: THREAD_RESUMED: thread (33, main, main)
00:13:56.520 INFO: JdwpEventCenterDelegate: THREAD_RESUMED: thread (33, main, main)
00:13:56.522 INFO: JdwpEventCenterDelegate: THREAD_RESUMED: thread (33, main, main)
00:13:56.523 INFO: JdwpEventCenterDelegate: THREAD_RESUMED: thread (33, main, main)
00:13:56.524 INFO: JdwpEventCenterDelegate: THREAD_RESUMED: thread (33, main, main)
00:13:56.538 INFO: JdwpEventCenterDelegate: THREAD_RESUMED: thread (33, main, main)
00:13:56.539 INFO: JdwpEventCenterDelegate: THREAD_RESUMED: thread (33, main, main)
00:13:56.540 INFO: JdwpEventCenterDelegate: THREAD_RESUMED: thread (33, main, main)
00:13:56.541 INFO: JdwpEventCenterDelegate: THREAD_RESUMED: thread (33, main, main)
00:13:56.543 INFO: JdwpEventCenterDelegate: THREAD_RESUMED: thread (33, main, main)
00:13:56.544 INFO: JdwpEventCenterDelegate: THREAD_RESUMED: thread (33, main, main)
00:13:56.545 INFO: JdwpEventCenterDelegate: THREAD_RESUMED: thread (33, main, main)
00:13:56.555 INFO: JdwpEventCenterDelegate: THREAD_RESUMED: thread (33, main, main)
00:13:56.557 INFO: JdwpEventCenterDelegate: THREAD_RESUMED: thread (33, main, main)
00:13:56.558 INFO: JdwpEventCenterDelegate: THREAD_RESUMED: thread (33, main, main)
00:13:56.559 INFO: JdwpEventCenterDelegate: THREAD_RESUMED: thread (33, main, main)
00:13:56.560 INFO: JdwpEventCenterDelegate: THREAD_RESUMED: thread (33, main, main)
00:13:56.561 INFO: JdwpEventCenterDelegate: THREAD_RESUMED: thread (33, main, main)
00:13:56.563 INFO: JdwpEventCenterDelegate: THREAD_RESUMED: thread (33, main, main)
00:13:56.564 INFO: JdwpEventCenterDelegate: THREAD_RESUMED: thread (33, main, main)
00:13:56.565 INFO: JdwpEventCenterDelegate: THREAD_RESUMED: thread (33, main, main)
00:13:56.566 INFO: JdwpEventCenterDelegate: THREAD_RESUMED: thread (33, main, main)
00:13:56.567 INFO: JdwpEventCenterDelegate: THREAD_RESUMED: thread (33, main, main)
00:13:56.568 INFO: JdwpEventCenterDelegate: THREAD_RESUMED: thread (33, main, main)
00:13:56.569 INFO: JdwpEventCenterDelegate: THREAD_RESUMED: thread (33, main, main)
00:13:56.570 INFO: JdwpEventCenterDelegate: THREAD_RESUMED: thread (33, main, main)
00:13:56.572 INFO: JdwpEventCenterDelegate: THREAD_RESUMED: thread (33, main, main)
00:13:56.573 INFO: JdwpEventCenterDelegate: THREAD_RESUMED: thread (33, main, main)
00:13:56.574 INFO: JdwpEventCenterDelegate: THREAD_RESUMED: thread (33, main, main)
00:13:56.575 INFO: JdwpEventCenterDelegate: THREAD_RESUMED: thread (33, main, main)
00:13:56.578 INFO: JdwpEventCenterDelegate: THREAD_RESUMED: thread (33, main, main)
00:13:56.579 INFO: JdwpEventCenterDelegate: THREAD_RESUMED: thread (33, main, main)
00:13:56.710 INFO: JdwpEventCenterDelegate: THREAD_STARTED: thread (93, AssetManager, main)
00:13:56.815 INFO: JdwpEventCenterDelegate: THREAD_RESUMED: thread (33, main, main)
00:13:56.818 INFO: JdwpEventCenterDelegate: THREAD_RESUMED: thread (33, main, main)
00:13:59.378 INFO: JdwpEventCenterDelegate: THREAD_RESUMED: thread (33, main, main)
00:13:59.478 INFO: JdwpEventCenterDelegate: THREAD_RESUMED: thread (33, main, main)
00:13:59.480 INFO: JdwpEventCenterDelegate: THREAD_RESUMED: thread (33, main, main)
00:13:59.482 INFO: JdwpEventCenterDelegate: THREAD_RESUMED: thread (33, main, main)
00:13:59.483 INFO: JdwpEventCenterDelegate: THREAD_RESUMED: thread (33, main, main)
00:13:59.485 INFO: JdwpEventCenterDelegate: THREAD_RESUMED: thread (33, main, main)
00:13:59.491 INFO: JdwpEventCenterDelegate: THREAD_RESUMED: thread (33, main, main)
00:13:59.503 INFO: JdwpEventCenterDelegate: THREAD_RESUMED: thread (33, main, main)
00:13:59.505 INFO: JdwpEventCenterDelegate: THREAD_RESUMED: thread (33, main, main)
00:13:59.508 INFO: JdwpEventCenterDelegate: THREAD_RESUMED: thread (33, main, main)
00:13:59.510 INFO: JdwpEventCenterDelegate: THREAD_RESUMED: thread (33, main, main)
00:13:59.512 INFO: JdwpEventCenterDelegate: THREAD_RESUMED: thread (33, main, main)
00:13:59.517 INFO: JdwpEventCenterDelegate: THREAD_RESUMED: thread (33, main, main)
00:13:59.532 INFO: JdwpEventCenterDelegate: THREAD_RESUMED: thread (33, main, main)
00:13:59.534 INFO: JdwpEventCenterDelegate: THREAD_RESUMED: thread (33, main, main)
00:13:59.537 INFO: JdwpEventCenterDelegate: THREAD_RESUMED: thread (33, main, main)
00:13:59.539 INFO: JdwpEventCenterDelegate: THREAD_RESUMED: thread (33, main, main)
00:13:59.541 INFO: JdwpEventCenterDelegate: THREAD_RESUMED: thread (33, main, main)
00:13:59.546 INFO: JdwpEventCenterDelegate: THREAD_RESUMED: thread (33, main, main)
00:13:59.564 INFO: JdwpEventCenterDelegate: THREAD_RESUMED: thread (33, main, main)
00:13:59.566 INFO: JdwpEventCenterDelegate: THREAD_RESUMED: thread (33, main, main)
00:13:59.569 INFO: JdwpEventCenterDelegate: THREAD_RESUMED: thread (33, main, main)
00:13:59.571 INFO: JdwpEventCenterDelegate: THREAD_RESUMED: thread (33, main, main)
00:13:59.573 INFO: JdwpEventCenterDelegate: THREAD_RESUMED: thread (33, main, main)
00:13:59.578 INFO: JdwpEventCenterDelegate: THREAD_RESUMED: thread (33, main, main)
00:13:59.593 INFO: JdwpEventCenterDelegate: THREAD_RESUMED: thread (33, main, main)
00:13:59.596 INFO: JdwpEventCenterDelegate: THREAD_RESUMED: thread (33, main, main)
00:13:59.598 INFO: JdwpEventCenterDelegate: THREAD_RESUMED: thread (33, main, main)
00:13:59.600 INFO: JdwpEventCenterDelegate: THREAD_RESUMED: thread (33, main, main)
00:13:59.602 INFO: JdwpEventCenterDelegate: THREAD_RESUMED: thread (33, main, main)
00:13:59.607 INFO: JdwpEventCenterDelegate: THREAD_RESUMED: thread (33, main, main)
00:13:59.623 INFO: JdwpEventCenterDelegate: THREAD_RESUMED: thread (33, main, main)
00:13:59.625 INFO: JdwpEventCenterDelegate: THREAD_RESUMED: thread (33, main, main)
00:13:59.627 INFO: JdwpEventCenterDelegate: THREAD_RESUMED: thread (33, main, main)
00:13:59.629 INFO: JdwpEventCenterDelegate: THREAD_RESUMED: thread (33, main, main)
00:13:59.632 INFO: JdwpEventCenterDelegate: THREAD_RESUMED: thread (33, main, main)
00:13:59.637 INFO: JdwpEventCenterDelegate: THREAD_RESUMED: thread (33, main, main)
00:13:59.656 INFO: JdwpEventCenterDelegate: THREAD_RESUMED: thread (33, main, main)
00:13:59.658 INFO: JdwpEventCenterDelegate: THREAD_RESUMED: thread (33, main, main)
00:13:59.660 INFO: JdwpEventCenterDelegate: THREAD_RESUMED: thread (33, main, main)
00:13:59.663 INFO: JdwpEventCenterDelegate: THREAD_RESUMED: thread (33, main, main)
00:13:59.665 INFO: JdwpEventCenterDelegate: THREAD_RESUMED: thread (33, main, main)
00:13:59.670 INFO: JdwpEventCenterDelegate: THREAD_RESUMED: thread (33, main, main)
00:13:59.689 INFO: JdwpEventCenterDelegate: THREAD_RESUMED: thread (33, main, main)
00:13:59.692 INFO: JdwpEventCenterDelegate: THREAD_RESUMED: thread (33, main, main)
00:13:59.694 INFO: JdwpEventCenterDelegate: THREAD_RESUMED: thread (33, main, main)
00:13:59.696 INFO: JdwpEventCenterDelegate: THREAD_RESUMED: thread (33, main, main)
00:13:59.698 INFO: JdwpEventCenterDelegate: THREAD_RESUMED: thread (33, main, main)
00:13:59.703 INFO: JdwpEventCenterDelegate: THREAD_RESUMED: thread (33, main, main)
00:13:59.722 INFO: JdwpEventCenterDelegate: THREAD_RESUMED: thread (33, main, main)
00:13:59.724 INFO: JdwpEventCenterDelegate: THREAD_RESUMED: thread (33, main, main)
00:13:59.726 INFO: JdwpEventCenterDelegate: THREAD_RESUMED: thread (33, main, main)
00:13:59.729 INFO: JdwpEventCenterDelegate: THREAD_RESUMED: thread (33, main, main)
00:13:59.731 INFO: JdwpEventCenterDelegate: THREAD_RESUMED: thread (33, main, main)
00:13:59.736 INFO: JdwpEventCenterDelegate: THREAD_RESUMED: thread (33, main, main)
00:13:59.755 INFO: JdwpEventCenterDelegate: THREAD_RESUMED: thread (33, main, main)
00:13:59.756 INFO: JdwpEventCenterDelegate: THREAD_RESUMED: thread (33, main, main)
00:13:59.758 INFO: JdwpEventCenterDelegate: THREAD_RESUMED: thread (33, main, main)
00:13:59.761 INFO: JdwpEventCenterDelegate: THREAD_RESUMED: thread (33, main, main)
00:13:59.763 INFO: JdwpEventCenterDelegate: THREAD_RESUMED: thread (33, main, main)
00:13:59.768 INFO: JdwpEventCenterDelegate: THREAD_RESUMED: thread (33, main, main)
00:13:59.784 INFO: JdwpEventCenterDelegate: THREAD_RESUMED: thread (33, main, main)
00:13:59.786 INFO: JdwpEventCenterDelegate: THREAD_RESUMED: thread (33, main, main)
00:13:59.788 INFO: JdwpEventCenterDelegate: THREAD_RESUMED: thread (33, main, main)
00:13:59.790 INFO: JdwpEventCenterDelegate: THREAD_RESUMED: thread (33, main, main)
00:13:59.792 INFO: JdwpEventCenterDelegate: THREAD_RESUMED: thread (33, main, main)
00:13:59.797 INFO: JdwpEventCenterDelegate: THREAD_RESUMED: thread (33, main, main)
00:13:59.817 INFO: JdwpEventCenterDelegate: THREAD_RESUMED: thread (33, main, main)
00:13:59.819 INFO: JdwpEventCenterDelegate: THREAD_RESUMED: thread (33, main, main)
00:13:59.821 INFO: JdwpEventCenterDelegate: THREAD_RESUMED: thread (33, main, main)
00:13:59.823 INFO: JdwpEventCenterDelegate: THREAD_RESUMED: thread (33, main, main)
00:13:59.826 INFO: JdwpEventCenterDelegate: THREAD_RESUMED: thread (33, main, main)
00:13:59.830 INFO: JdwpEventCenterDelegate: THREAD_RESUMED: thread (33, main, main)
00:13:59.852 INFO: JdwpEventCenterDelegate: THREAD_RESUMED: thread (33, main, main)
00:13:59.855 INFO: JdwpEventCenterDelegate: THREAD_RESUMED: thread (33, main, main)
00:13:59.857 INFO: JdwpEventCenterDelegate: THREAD_RESUMED: thread (33, main, main)
00:13:59.859 INFO: JdwpEventCenterDelegate: THREAD_RESUMED: thread (33, main, main)
00:13:59.861 INFO: JdwpEventCenterDelegate: THREAD_RESUMED: thread (33, main, main)
00:13:59.866 INFO: JdwpEventCenterDelegate: THREAD_RESUMED: thread (33, main, main)
00:13:59.885 INFO: JdwpEventCenterDelegate: THREAD_RESUMED: thread (33, main, main)
00:13:59.887 INFO: JdwpEventCenterDelegate: THREAD_RESUMED: thread (33, main, main)
00:13:59.889 INFO: JdwpEventCenterDelegate: THREAD_RESUMED: thread (33, main, main)
00:13:59.891 INFO: JdwpEventCenterDelegate: THREAD_RESUMED: thread (33, main, main)
00:13:59.894 INFO: JdwpEventCenterDelegate: THREAD_RESUMED: thread (33, main, main)
00:13:59.899 INFO: JdwpEventCenterDelegate: THREAD_RESUMED: thread (33, main, main)
00:13:59.912 INFO: JdwpEventCenterDelegate: THREAD_RESUMED: thread (33, main, main)
00:13:59.914 INFO: JdwpEventCenterDelegate: THREAD_RESUMED: thread (33, main, main)
00:13:59.917 INFO: JdwpEventCenterDelegate: THREAD_RESUMED: thread (33, main, main)
00:13:59.919 INFO: JdwpEventCenterDelegate: THREAD_RESUMED: thread (33, main, main)
00:13:59.921 INFO: JdwpEventCenterDelegate: THREAD_RESUMED: thread (33, main, main)
00:13:59.927 INFO: JdwpEventCenterDelegate: THREAD_RESUMED: thread (33, main, main)
00:13:59.929 INFO: JdwpEventCenterDelegate: THREAD_RESUMED: thread (33, main, main)
00:13:59.932 INFO: JdwpEventCenterDelegate: THREAD_RESUMED: thread (33, main, main)
00:13:59.934 INFO: JdwpEventCenterDelegate: THREAD_RESUMED: thread (33, main, main)
00:13:59.937 INFO: JdwpEventCenterDelegate: THREAD_RESUMED: thread (33, main, main)
00:13:59.939 INFO: JdwpEventCenterDelegate: THREAD_RESUMED: thread (33, main, main)
00:13:59.941 INFO: JdwpEventCenterDelegate: THREAD_RESUMED: thread (33, main, main)
00:13:59.946 INFO: JdwpEventCenterDelegate: THREAD_RESUMED: thread (33, main, main)
00:13:59.948 INFO: JdwpEventCenterDelegate: THREAD_RESUMED: thread (33, main, main)
00:13:59.950 INFO: JdwpEventCenterDelegate: THREAD_RESUMED: thread (33, main, main)
00:13:59.952 INFO: JdwpEventCenterDelegate: THREAD_RESUMED: thread (33, main, main)
00:13:59.964 INFO: JdwpEventCenterDelegate: THREAD_RESUMED: thread (33, main, main)
00:13:59.966 INFO: JdwpEventCenterDelegate: THREAD_RESUMED: thread (33, main, main)
00:13:59.968 INFO: JdwpEventCenterDelegate: THREAD_RESUMED: thread (33, main, main)
00:13:59.970 INFO: JdwpEventCenterDelegate: THREAD_RESUMED: thread (33, main, main)
00:13:59.972 INFO: JdwpEventCenterDelegate: THREAD_RESUMED: thread (33, main, main)
00:13:59.974 INFO: JdwpEventCenterDelegate: THREAD_RESUMED: thread (33, main, main)
00:13:59.975 INFO: JdwpEventCenterDelegate: THREAD_RESUMED: thread (33, main, main)
00:13:59.991 INFO: JdwpEventCenterDelegate: THREAD_RESUMED: thread (33, main, main)
00:13:59.993 INFO: JdwpEventCenterDelegate: THREAD_RESUMED: thread (33, main, main)
00:13:59.994 INFO: JdwpEventCenterDelegate: THREAD_RESUMED: thread (33, main, main)
00:13:59.996 INFO: JdwpEventCenterDelegate: THREAD_RESUMED: thread (33, main, main)
00:13:59.997 INFO: JdwpEventCenterDelegate: THREAD_RESUMED: thread (33, main, main)
00:14:00.002 INFO: JdwpEventCenterDelegate: THREAD_RESUMED: thread (33, main, main)
00:14:00.014 INFO: JdwpEventCenterDelegate: THREAD_RESUMED: thread (33, main, main)
00:14:00.028 INFO: JdwpEventCenterDelegate: THREAD_RESUMED: thread (33, main, main)
00:14:00.039 INFO: JdwpEventCenterDelegate: THREAD_RESUMED: thread (33, main, main)
00:14:00.052 INFO: JdwpEventCenterDelegate: THREAD_RESUMED: thread (33, main, main)
00:14:00.086 INFO: JdwpEventCenterDelegate: THREAD_RESUMED: thread (33, main, main)
00:14:00.088 INFO: JdwpEventCenterDelegate: THREAD_RESUMED: thread (33, main, main)
00:14:00.090 INFO: JdwpEventCenterDelegate: THREAD_RESUMED: thread (33, main, main)
00:14:00.092 INFO: JdwpEventCenterDelegate: THREAD_RESUMED: thread (33, main, main)
00:14:00.093 INFO: JdwpEventCenterDelegate: THREAD_RESUMED: thread (33, main, main)
00:14:00.098 INFO: JdwpEventCenterDelegate: THREAD_RESUMED: thread (33, main, main)
00:14:00.109 INFO: JdwpEventCenterDelegate: THREAD_RESUMED: thread (33, main, main)
00:14:00.111 INFO: JdwpEventCenterDelegate: THREAD_RESUMED: thread (33, main, main)
00:14:00.114 INFO: JdwpEventCenterDelegate: THREAD_RESUMED: thread (33, main, main)
00:14:00.116 INFO: JdwpEventCenterDelegate: THREAD_RESUMED: thread (33, main, main)
00:14:00.118 INFO: JdwpEventCenterDelegate: THREAD_RESUMED: thread (33, main, main)
00:14:00.123 INFO: JdwpEventCenterDelegate: THREAD_RESUMED: thread (33, main, main)
00:14:00.137 INFO: JdwpEventCenterDelegate: THREAD_RESUMED: thread (33, main, main)
00:14:00.139 INFO: JdwpEventCenterDelegate: THREAD_RESUMED: thread (33, main, main)
00:14:00.141 INFO: JdwpEventCenterDelegate: THREAD_RESUMED: thread (33, main, main)
00:14:00.144 INFO: JdwpEventCenterDelegate: THREAD_RESUMED: thread (33, main, main)
00:14:00.146 INFO: JdwpEventCenterDelegate: THREAD_RESUMED: thread (33, main, main)
00:14:00.151 INFO: JdwpEventCenterDelegate: THREAD_RESUMED: thread (33, main, main)
00:14:00.170 INFO: JdwpEventCenterDelegate: THREAD_RESUMED: thread (33, main, main)
00:14:00.171 INFO: JdwpEventCenterDelegate: THREAD_RESUMED: thread (33, main, main)
00:14:00.174 INFO: JdwpEventCenterDelegate: THREAD_RESUMED: thread (33, main, main)
00:14:00.175 INFO: JdwpEventCenterDelegate: THREAD_RESUMED: thread (33, main, main)
00:14:00.178 INFO: JdwpEventCenterDelegate: THREAD_RESUMED: thread (33, main, main)
00:14:00.182 INFO: JdwpEventCenterDelegate: THREAD_RESUMED: thread (33, main, main)
00:14:00.196 INFO: JdwpEventCenterDelegate: THREAD_RESUMED: thread (33, main, main)
00:14:00.199 INFO: JdwpEventCenterDelegate: THREAD_RESUMED: thread (33, main, main)
00:14:00.201 INFO: JdwpEventCenterDelegate: THREAD_RESUMED: thread (33, main, main)
00:14:00.204 INFO: JdwpEventCenterDelegate: THREAD_RESUMED: thread (33, main, main)
00:14:00.206 INFO: JdwpEventCenterDelegate: THREAD_RESUMED: thread (33, main, main)
00:14:00.210 INFO: JdwpEventCenterDelegate: THREAD_RESUMED: thread (33, main, main)
00:14:00.225 INFO: JdwpEventCenterDelegate: THREAD_RESUMED: thread (33, main, main)
00:14:00.228 INFO: JdwpEventCenterDelegate: THREAD_RESUMED: thread (33, main, main)
00:14:00.230 INFO: JdwpEventCenterDelegate: THREAD_RESUMED: thread (33, main, main)
00:14:00.232 INFO: JdwpEventCenterDelegate: THREAD_RESUMED: thread (33, main, main)
00:14:00.234 INFO: JdwpEventCenterDelegate: THREAD_RESUMED: thread (33, main, main)
00:14:00.239 INFO: JdwpEventCenterDelegate: THREAD_RESUMED: thread (33, main, main)
00:14:00.261 INFO: JdwpEventCenterDelegate: THREAD_RESUMED: thread (33, main, main)
00:14:00.263 INFO: JdwpEventCenterDelegate: THREAD_RESUMED: thread (33, main, main)
00:14:00.266 INFO: JdwpEventCenterDelegate: THREAD_RESUMED: thread (33, main, main)
00:14:00.267 INFO: JdwpEventCenterDelegate: THREAD_RESUMED: thread (33, main, main)
00:14:00.269 INFO: JdwpEventCenterDelegate: THREAD_RESUMED: thread (33, main, main)
00:14:00.274 INFO: JdwpEventCenterDelegate: THREAD_RESUMED: thread (33, main, main)
00:14:00.292 INFO: JdwpEventCenterDelegate: THREAD_RESUMED: thread (33, main, main)
00:14:00.295 INFO: JdwpEventCenterDelegate: THREAD_RESUMED: thread (33, main, main)
00:14:00.297 INFO: JdwpEventCenterDelegate: THREAD_RESUMED: thread (33, main, main)
00:14:00.300 INFO: JdwpEventCenterDelegate: THREAD_RESUMED: thread (33, main, main)
00:14:00.302 INFO: JdwpEventCenterDelegate: THREAD_RESUMED: thread (33, main, main)
00:14:00.306 INFO: JdwpEventCenterDelegate: THREAD_RESUMED: thread (33, main, main)
00:14:00.324 INFO: JdwpEventCenterDelegate: THREAD_RESUMED: thread (33, main, main)
00:14:00.326 INFO: JdwpEventCenterDelegate: THREAD_RESUMED: thread (33, main, main)
00:14:00.329 INFO: JdwpEventCenterDelegate: THREAD_RESUMED: thread (33, main, main)
00:14:00.331 INFO: JdwpEventCenterDelegate: THREAD_RESUMED: thread (33, main, main)
00:14:00.333 INFO: JdwpEventCenterDelegate: THREAD_RESUMED: thread (33, main, main)
00:14:00.338 INFO: JdwpEventCenterDelegate: THREAD_RESUMED: thread (33, main, main)
00:14:00.353 INFO: JdwpEventCenterDelegate: THREAD_RESUMED: thread (33, main, main)
00:14:00.355 INFO: JdwpEventCenterDelegate: THREAD_RESUMED: thread (33, main, main)
00:14:00.357 INFO: JdwpEventCenterDelegate: THREAD_RESUMED: thread (33, main, main)
00:14:00.359 INFO: JdwpEventCenterDelegate: THREAD_RESUMED: thread (33, main, main)
00:14:00.362 INFO: JdwpEventCenterDelegate: THREAD_RESUMED: thread (33, main, main)
00:14:00.366 INFO: JdwpEventCenterDelegate: THREAD_RESUMED: thread (33, main, main)
00:14:00.381 INFO: JdwpEventCenterDelegate: THREAD_RESUMED: thread (33, main, main)
00:14:00.383 INFO: JdwpEventCenterDelegate: THREAD_RESUMED: thread (33, main, main)
00:14:00.386 INFO: JdwpEventCenterDelegate: THREAD_RESUMED: thread (33, main, main)
00:14:00.388 INFO: JdwpEventCenterDelegate: THREAD_RESUMED: thread (33, main, main)
00:14:00.389 INFO: JdwpEventCenterDelegate: THREAD_RESUMED: thread (33, main, main)
00:14:00.394 INFO: JdwpEventCenterDelegate: THREAD_RESUMED: thread (33, main, main)
00:14:00.413 INFO: JdwpEventCenterDelegate: THREAD_RESUMED: thread (33, main, main)
00:14:00.415 INFO: JdwpEventCenterDelegate: THREAD_RESUMED: thread (33, main, main)
00:14:00.417 INFO: JdwpEventCenterDelegate: THREAD_RESUMED: thread (33, main, main)
00:14:00.419 INFO: JdwpEventCenterDelegate: THREAD_RESUMED: thread (33, main, main)
00:14:00.422 INFO: JdwpEventCenterDelegate: THREAD_RESUMED: thread (33, main, main)
00:14:00.427 INFO: JdwpEventCenterDelegate: THREAD_RESUMED: thread (33, main, main)
00:14:00.451 INFO: JdwpEventCenterDelegate: THREAD_RESUMED: thread (33, main, main)
00:14:00.453 INFO: JdwpEventCenterDelegate: THREAD_RESUMED: thread (33, main, main)
00:14:00.455 INFO: JdwpEventCenterDelegate: THREAD_RESUMED: thread (33, main, main)
00:14:00.458 INFO: JdwpEventCenterDelegate: THREAD_RESUMED: thread (33, main, main)
00:14:00.460 INFO: JdwpEventCenterDelegate: THREAD_RESUMED: thread (33, main, main)
00:14:00.465 INFO: JdwpEventCenterDelegate: THREAD_RESUMED: thread (33, main, main)
00:14:00.483 INFO: JdwpEventCenterDelegate: THREAD_RESUMED: thread (33, main, main)
00:14:00.486 INFO: JdwpEventCenterDelegate: THREAD_RESUMED: thread (33, main, main)
00:14:00.488 INFO: JdwpEventCenterDelegate: THREAD_RESUMED: thread (33, main, main)
00:14:00.490 INFO: JdwpEventCenterDelegate: THREAD_RESUMED: thread (33, main, main)
00:14:00.493 INFO: JdwpEventCenterDelegate: THREAD_RESUMED: thread (33, main, main)
00:14:00.497 INFO: JdwpEventCenterDelegate: THREAD_RESUMED: thread (33, main, main)
00:14:00.510 INFO: JdwpEventCenterDelegate: THREAD_RESUMED: thread (33, main, main)
00:14:00.513 INFO: JdwpEventCenterDelegate: THREAD_RESUMED: thread (33, main, main)
00:14:00.515 INFO: JdwpEventCenterDelegate: THREAD_RESUMED: thread (33, main, main)
00:14:00.517 INFO: JdwpEventCenterDelegate: THREAD_RESUMED: thread (33, main, main)
00:14:00.519 INFO: JdwpEventCenterDelegate: THREAD_RESUMED: thread (33, main, main)
00:14:02.076 INFO: JdwpEventCenterDelegate: THREAD_STARTED: thread (108, Timer, main)
00:14:02.951 INFO: JdwpEventCenterDelegate: THREAD_RESUMED: thread (33, main, main)
00:14:02.985 INFO: JdwpEventCenterDelegate: THREAD_RESUMED: thread (33, main, main)
00:14:03.008 INFO: JdwpEventCenterDelegate: THREAD_RESUMED: thread (33, main, main)
00:14:03.026 INFO: JdwpEventCenterDelegate: THREAD_RESUMED: thread (33, main, main)
00:14:03.065 INFO: JdwpEventCenterDelegate: THREAD_RESUMED: thread (33, main, main)
00:14:03.099 INFO: JdwpEventCenterDelegate: THREAD_RESUMED: thread (33, main, main)
00:14:03.116 INFO: JdwpEventCenterDelegate: THREAD_RESUMED: thread (33, main, main)
00:14:03.132 INFO: JdwpEventCenterDelegate: THREAD_RESUMED: thread (33, main, main)
00:14:03.138 INFO: JdwpEventCenterDelegate: THREAD_RESUMED: thread (33, main, main)
00:14:03.152 INFO: JdwpEventCenterDelegate: THREAD_RESUMED: thread (33, main, main)
00:14:03.183 INFO: JdwpEventCenterDelegate: THREAD_RESUMED: thread (33, main, main)
00:14:03.196 INFO: JdwpEventCenterDelegate: THREAD_RESUMED: thread (33, main, main)
00:14:03.208 INFO: JdwpEventCenterDelegate: THREAD_RESUMED: thread (33, main, main)
00:14:03.220 INFO: JdwpEventCenterDelegate: THREAD_RESUMED: thread (33, main, main)
00:14:03.255 INFO: JdwpEventCenterDelegate: THREAD_RESUMED: thread (33, main, main)
00:14:03.288 INFO: JdwpEventCenterDelegate: THREAD_RESUMED: thread (33, main, main)
00:14:03.304 INFO: JdwpEventCenterDelegate: THREAD_RESUMED: thread (33, main, main)
00:14:03.318 INFO: JdwpEventCenterDelegate: THREAD_RESUMED: thread (33, main, main)
00:14:03.324 INFO: JdwpEventCenterDelegate: THREAD_RESUMED: thread (33, main, main)
00:14:03.337 INFO: JdwpEventCenterDelegate: THREAD_RESUMED: thread (33, main, main)
00:14:04.361 INFO: JdwpEventCenterDelegate: THREAD_STARTED: thread (123, Thread-7, main)
00:14:08.268 INFO: JdwpEventCenterDelegate: THREAD_RESUMED: thread (33, main, main)
00:14:08.271 INFO: JdwpEventCenterDelegate: THREAD_RESUMED: thread (33, main, main)
00:14:08.273 INFO: JdwpEventCenterDelegate: THREAD_RESUMED: thread (33, main, main)
00:14:08.275 INFO: JdwpEventCenterDelegate: THREAD_RESUMED: thread (33, main, main)
00:14:08.278 INFO: JdwpEventCenterDelegate: THREAD_RESUMED: thread (33, main, main)
00:14:08.280 INFO: JdwpEventCenterDelegate: THREAD_RESUMED: thread (33, main, main)
00:14:08.283 INFO: JdwpEventCenterDelegate: THREAD_RESUMED: thread (33, main, main)
00:14:08.338 INFO: JdwpEventCenterDelegate: THREAD_STARTED: thread (138, Thread-8, main)
00:14:10.479 INFO: JdwpEventCenterDelegate: THREAD_RESUMED: thread (33, main, main)
00:14:10.520 INFO: JdwpEventCenterDelegate: THREAD_RESUMED: thread (33, main, main)
00:14:10.543 INFO: JdwpEventCenterDelegate: THREAD_RESUMED: thread (33, main, main)
00:14:10.561 INFO: JdwpEventCenterDelegate: THREAD_RESUMED: thread (33, main, main)
00:14:10.601 INFO: JdwpEventCenterDelegate: THREAD_RESUMED: thread (33, main, main)
00:14:10.634 INFO: JdwpEventCenterDelegate: THREAD_RESUMED: thread (33, main, main)
00:14:10.651 INFO: JdwpEventCenterDelegate: THREAD_RESUMED: thread (33, main, main)
00:14:10.665 INFO: JdwpEventCenterDelegate: THREAD_RESUMED: thread (33, main, main)
00:14:10.671 INFO: JdwpEventCenterDelegate: THREAD_RESUMED: thread (33, main, main)
00:14:10.684 INFO: JdwpEventCenterDelegate: THREAD_RESUMED: thread (33, main, main)
00:14:10.714 INFO: JdwpEventCenterDelegate: THREAD_RESUMED: thread (33, main, main)
00:14:10.728 INFO: JdwpEventCenterDelegate: THREAD_RESUMED: thread (33, main, main)
00:14:10.741 INFO: JdwpEventCenterDelegate: THREAD_RESUMED: thread (33, main, main)
00:14:10.752 INFO: JdwpEventCenterDelegate: THREAD_RESUMED: thread (33, main, main)
00:14:10.788 INFO: JdwpEventCenterDelegate: THREAD_RESUMED: thread (33, main, main)
00:14:10.821 INFO: JdwpEventCenterDelegate: THREAD_RESUMED: thread (33, main, main)
00:14:10.837 INFO: JdwpEventCenterDelegate: THREAD_RESUMED: thread (33, main, main)
00:14:10.852 INFO: JdwpEventCenterDelegate: THREAD_RESUMED: thread (33, main, main)
00:14:10.858 INFO: JdwpEventCenterDelegate: THREAD_RESUMED: thread (33, main, main)
00:14:10.871 INFO: JdwpEventCenterDelegate: THREAD_RESUMED: thread (33, main, main)
00:14:12.223 INFO: JdwpEventCenterDelegate: THREAD_STARTED: thread (153, Thread-9, main)
00:14:15.313 INFO: JdwpEventCenterDelegate: THREAD_RESUMED: thread (33, main, main)
00:14:15.351 INFO: JdwpEventCenterDelegate: THREAD_RESUMED: thread (33, main, main)
00:14:15.377 INFO: JdwpEventCenterDelegate: THREAD_RESUMED: thread (33, main, main)
00:14:15.396 INFO: JdwpEventCenterDelegate: THREAD_RESUMED: thread (33, main, main)
00:14:15.437 INFO: JdwpEventCenterDelegate: THREAD_RESUMED: thread (33, main, main)
00:14:15.475 INFO: JdwpEventCenterDelegate: THREAD_RESUMED: thread (33, main, main)
00:14:15.491 INFO: JdwpEventCenterDelegate: THREAD_RESUMED: thread (33, main, main)
00:14:15.505 INFO: JdwpEventCenterDelegate: THREAD_RESUMED: thread (33, main, main)
00:14:15.511 INFO: JdwpEventCenterDelegate: THREAD_RESUMED: thread (33, main, main)
00:14:15.524 INFO: JdwpEventCenterDelegate: THREAD_RESUMED: thread (33, main, main)
00:14:15.555 INFO: JdwpEventCenterDelegate: THREAD_RESUMED: thread (33, main, main)
00:14:15.567 INFO: JdwpEventCenterDelegate: THREAD_RESUMED: thread (33, main, main)
00:14:15.580 INFO: JdwpEventCenterDelegate: THREAD_RESUMED: thread (33, main, main)
00:14:15.592 INFO: JdwpEventCenterDelegate: THREAD_RESUMED: thread (33, main, main)
00:14:15.627 INFO: JdwpEventCenterDelegate: THREAD_RESUMED: thread (33, main, main)
00:14:15.660 INFO: JdwpEventCenterDelegate: THREAD_RESUMED: thread (33, main, main)
00:14:15.676 INFO: JdwpEventCenterDelegate: THREAD_RESUMED: thread (33, main, main)
00:14:15.691 INFO: JdwpEventCenterDelegate: THREAD_RESUMED: thread (33, main, main)
00:14:15.697 INFO: JdwpEventCenterDelegate: THREAD_RESUMED: thread (33, main, main)
00:14:15.709 INFO: JdwpEventCenterDelegate: THREAD_RESUMED: thread (33, main, main)
00:14:20.242 INFO: JdwpEventCenterDelegate: THREAD_STARTED: thread (168, Thread-10, main)
00:14:23.010 INFO: JdwpEventCenterDelegate: THREAD_RESUMED: thread (33, main, main)
00:14:23.050 INFO: JdwpEventCenterDelegate: THREAD_RESUMED: thread (33, main, main)
00:14:23.073 INFO: JdwpEventCenterDelegate: THREAD_RESUMED: thread (33, main, main)
00:14:23.092 INFO: JdwpEventCenterDelegate: THREAD_RESUMED: thread (33, main, main)
00:14:23.132 INFO: JdwpEventCenterDelegate: THREAD_RESUMED: thread (33, main, main)
00:14:23.166 INFO: JdwpEventCenterDelegate: THREAD_RESUMED: thread (33, main, main)
00:14:23.182 INFO: JdwpEventCenterDelegate: THREAD_RESUMED: thread (33, main, main)
00:14:23.196 INFO: JdwpEventCenterDelegate: THREAD_RESUMED: thread (33, main, main)
00:14:23.202 INFO: JdwpEventCenterDelegate: THREAD_RESUMED: thread (33, main, main)
00:14:23.215 INFO: JdwpEventCenterDelegate: THREAD_RESUMED: thread (33, main, main)
00:14:23.246 INFO: JdwpEventCenterDelegate: THREAD_RESUMED: thread (33, main, main)
00:14:23.259 INFO: JdwpEventCenterDelegate: THREAD_RESUMED: thread (33, main, main)
00:14:23.271 INFO: JdwpEventCenterDelegate: THREAD_RESUMED: thread (33, main, main)
00:14:23.283 INFO: JdwpEventCenterDelegate: THREAD_RESUMED: thread (33, main, main)
00:14:23.323 INFO: JdwpEventCenterDelegate: THREAD_RESUMED: thread (33, main, main)
00:14:23.356 INFO: JdwpEventCenterDelegate: THREAD_RESUMED: thread (33, main, main)
00:14:23.371 INFO: JdwpEventCenterDelegate: THREAD_RESUMED: thread (33, main, main)
00:14:23.386 INFO: JdwpEventCenterDelegate: THREAD_RESUMED: thread (33, main, main)
00:14:23.392 INFO: JdwpEventCenterDelegate: THREAD_RESUMED: thread (33, main, main)
00:14:23.406 INFO: JdwpEventCenterDelegate: THREAD_RESUMED: thread (33, main, main)
00:14:26.668 INFO: JdwpEventCenterDelegate: THREAD_DETTACHED: thread (153, Thread-9, main)
00:14:27.107 INFO: JdwpEventCenterDelegate: THREAD_RESUMED: thread (33, main, main)
00:14:27.148 INFO: JdwpEventCenterDelegate: THREAD_RESUMED: thread (33, main, main)
00:14:27.173 INFO: JdwpEventCenterDelegate: THREAD_RESUMED: thread (33, main, main)
00:14:27.192 INFO: JdwpEventCenterDelegate: THREAD_RESUMED: thread (33, main, main)
00:14:27.232 INFO: JdwpEventCenterDelegate: THREAD_RESUMED: thread (33, main, main)
00:14:27.265 INFO: JdwpEventCenterDelegate: THREAD_RESUMED: thread (33, main, main)
00:14:27.281 INFO: JdwpEventCenterDelegate: THREAD_RESUMED: thread (33, main, main)
00:14:27.296 INFO: JdwpEventCenterDelegate: THREAD_RESUMED: thread (33, main, main)
00:14:27.301 INFO: JdwpEventCenterDelegate: THREAD_RESUMED: thread (33, main, main)
00:14:27.315 INFO: JdwpEventCenterDelegate: THREAD_RESUMED: thread (33, main, main)
00:14:27.345 INFO: JdwpEventCenterDelegate: THREAD_RESUMED: thread (33, main, main)
00:14:27.358 INFO: JdwpEventCenterDelegate: THREAD_RESUMED: thread (33, main, main)
00:14:27.370 INFO: JdwpEventCenterDelegate: THREAD_RESUMED: thread (33, main, main)
00:14:27.382 INFO: JdwpEventCenterDelegate: THREAD_RESUMED: thread (33, main, main)
00:14:27.417 INFO: JdwpEventCenterDelegate: THREAD_RESUMED: thread (33, main, main)
00:14:27.450 INFO: JdwpEventCenterDelegate: THREAD_RESUMED: thread (33, main, main)
00:14:27.466 INFO: JdwpEventCenterDelegate: THREAD_RESUMED: thread (33, main, main)
00:14:27.485 INFO: JdwpEventCenterDelegate: THREAD_RESUMED: thread (33, main, main)
00:14:27.490 INFO: JdwpEventCenterDelegate: THREAD_RESUMED: thread (33, main, main)
00:14:27.504 INFO: JdwpEventCenterDelegate: THREAD_RESUMED: thread (33, main, main)
00:14:30.103 INFO: JdwpEventCenterDelegate: THREAD_RESUMED: thread (33, main, main)
00:14:30.140 INFO: JdwpEventCenterDelegate: THREAD_RESUMED: thread (33, main, main)
00:14:30.165 INFO: JdwpEventCenterDelegate: THREAD_RESUMED: thread (33, main, main)
00:14:30.185 INFO: JdwpEventCenterDelegate: THREAD_RESUMED: thread (33, main, main)
00:14:30.225 INFO: JdwpEventCenterDelegate: THREAD_RESUMED: thread (33, main, main)
00:14:30.258 INFO: JdwpEventCenterDelegate: THREAD_RESUMED: thread (33, main, main)
00:14:30.275 INFO: JdwpEventCenterDelegate: THREAD_RESUMED: thread (33, main, main)
00:14:30.290 INFO: JdwpEventCenterDelegate: THREAD_RESUMED: thread (33, main, main)
00:14:30.296 INFO: JdwpEventCenterDelegate: THREAD_RESUMED: thread (33, main, main)
00:14:30.309 INFO: JdwpEventCenterDelegate: THREAD_RESUMED: thread (33, main, main)
00:14:30.339 INFO: JdwpEventCenterDelegate: THREAD_RESUMED: thread (33, main, main)
00:14:30.352 INFO: JdwpEventCenterDelegate: THREAD_RESUMED: thread (33, main, main)
00:14:30.364 INFO: JdwpEventCenterDelegate: THREAD_RESUMED: thread (33, main, main)
00:14:30.376 INFO: JdwpEventCenterDelegate: THREAD_RESUMED: thread (33, main, main)
00:14:30.411 INFO: JdwpEventCenterDelegate: THREAD_RESUMED: thread (33, main, main)
00:14:30.444 INFO: JdwpEventCenterDelegate: THREAD_RESUMED: thread (33, main, main)
00:14:30.460 INFO: JdwpEventCenterDelegate: THREAD_RESUMED: thread (33, main, main)
00:14:30.475 INFO: JdwpEventCenterDelegate: THREAD_RESUMED: thread (33, main, main)
00:14:30.481 INFO: JdwpEventCenterDelegate: THREAD_RESUMED: thread (33, main, main)
00:14:30.494 INFO: JdwpEventCenterDelegate: THREAD_RESUMED: thread (33, main, main)
00:14:41.958 INFO: JdwpEventCenterDelegate: THREAD_DETTACHED: thread (168, Thread-10, main)
00:15:17.883 INFO: JdwpEventCenterDelegate: THREAD_RESUMED: thread (33, main, main)
00:15:17.922 INFO: JdwpEventCenterDelegate: THREAD_RESUMED: thread (33, main, main)
00:15:17.948 INFO: JdwpEventCenterDelegate: THREAD_RESUMED: thread (33, main, main)
00:15:17.967 INFO: JdwpEventCenterDelegate: THREAD_RESUMED: thread (33, main, main)
00:15:18.010 INFO: JdwpEventCenterDelegate: THREAD_RESUMED: thread (33, main, main)
00:15:18.043 INFO: JdwpEventCenterDelegate: THREAD_RESUMED: thread (33, main, main)
00:15:18.060 INFO: JdwpEventCenterDelegate: THREAD_RESUMED: thread (33, main, main)
00:15:18.074 INFO: JdwpEventCenterDelegate: THREAD_RESUMED: thread (33, main, main)
00:15:18.080 INFO: JdwpEventCenterDelegate: THREAD_RESUMED: thread (33, main, main)
00:15:18.094 INFO: JdwpEventCenterDelegate: THREAD_RESUMED: thread (33, main, main)
00:15:18.124 INFO: JdwpEventCenterDelegate: THREAD_RESUMED: thread (33, main, main)
00:15:18.136 INFO: JdwpEventCenterDelegate: THREAD_RESUMED: thread (33, main, main)
00:15:18.149 INFO: JdwpEventCenterDelegate: THREAD_RESUMED: thread (33, main, main)
00:15:18.160 INFO: JdwpEventCenterDelegate: THREAD_RESUMED: thread (33, main, main)
00:15:18.195 INFO: JdwpEventCenterDelegate: THREAD_RESUMED: thread (33, main, main)
00:15:18.228 INFO: JdwpEventCenterDelegate: THREAD_RESUMED: thread (33, main, main)
00:15:18.244 INFO: JdwpEventCenterDelegate: THREAD_RESUMED: thread (33, main, main)
00:15:18.258 INFO: JdwpEventCenterDelegate: THREAD_RESUMED: thread (33, main, main)
00:15:18.264 INFO: JdwpEventCenterDelegate: THREAD_RESUMED: thread (33, main, main)
00:15:18.278 INFO: JdwpEventCenterDelegate: THREAD_RESUMED: thread (33, main, main)
00:15:21.427 INFO: JdwpEventCenterDelegate: THREAD_DETTACHED: thread (123, Thread-7, main)
00:15:22.534 INFO: JdwpEventCenterDelegate: THREAD_RESUMED: thread (33, main, main)
00:15:22.570 INFO: JdwpEventCenterDelegate: THREAD_RESUMED: thread (33, main, main)
00:15:22.596 INFO: JdwpEventCenterDelegate: THREAD_RESUMED: thread (33, main, main)
00:15:22.616 INFO: JdwpEventCenterDelegate: THREAD_RESUMED: thread (33, main, main)
00:15:22.657 INFO: JdwpEventCenterDelegate: THREAD_RESUMED: thread (33, main, main)
00:15:22.690 INFO: JdwpEventCenterDelegate: THREAD_RESUMED: thread (33, main, main)
00:15:22.706 INFO: JdwpEventCenterDelegate: THREAD_RESUMED: thread (33, main, main)
00:15:22.724 INFO: JdwpEventCenterDelegate: THREAD_RESUMED: thread (33, main, main)
00:15:22.730 INFO: JdwpEventCenterDelegate: THREAD_RESUMED: thread (33, main, main)
00:15:22.743 INFO: JdwpEventCenterDelegate: THREAD_RESUMED: thread (33, main, main)
00:15:22.774 INFO: JdwpEventCenterDelegate: THREAD_RESUMED: thread (33, main, main)
00:15:22.786 INFO: JdwpEventCenterDelegate: THREAD_RESUMED: thread (33, main, main)
00:15:22.798 INFO: JdwpEventCenterDelegate: THREAD_RESUMED: thread (33, main, main)
00:15:22.810 INFO: JdwpEventCenterDelegate: THREAD_RESUMED: thread (33, main, main)
00:15:22.845 INFO: JdwpEventCenterDelegate: THREAD_RESUMED: thread (33, main, main)
00:15:22.879 INFO: JdwpEventCenterDelegate: THREAD_RESUMED: thread (33, main, main)
00:15:22.895 INFO: JdwpEventCenterDelegate: THREAD_RESUMED: thread (33, main, main)
00:15:22.909 INFO: JdwpEventCenterDelegate: THREAD_RESUMED: thread (33, main, main)
00:15:22.915 INFO: JdwpEventCenterDelegate: THREAD_RESUMED: thread (33, main, main)
00:15:22.928 INFO: JdwpEventCenterDelegate: THREAD_RESUMED: thread (33, main, main)
00:15:22.996 INFO: JdwpEventCenterDelegate: THREAD_STARTED: thread (183, Thread-11, main)
00:15:26.483 INFO: JdwpEventCenterDelegate: THREAD_RESUMED: thread (33, main, main)
00:15:26.521 INFO: JdwpEventCenterDelegate: THREAD_RESUMED: thread (33, main, main)
00:15:26.546 INFO: JdwpEventCenterDelegate: THREAD_RESUMED: thread (33, main, main)
00:15:26.565 INFO: JdwpEventCenterDelegate: THREAD_RESUMED: thread (33, main, main)
00:15:26.605 INFO: JdwpEventCenterDelegate: THREAD_RESUMED: thread (33, main, main)
00:15:26.638 INFO: JdwpEventCenterDelegate: THREAD_RESUMED: thread (33, main, main)
00:15:26.654 INFO: JdwpEventCenterDelegate: THREAD_RESUMED: thread (33, main, main)
00:15:26.669 INFO: JdwpEventCenterDelegate: THREAD_RESUMED: thread (33, main, main)
00:15:26.675 INFO: JdwpEventCenterDelegate: THREAD_RESUMED: thread (33, main, main)
00:15:26.689 INFO: JdwpEventCenterDelegate: THREAD_RESUMED: thread (33, main, main)
00:15:26.719 INFO: JdwpEventCenterDelegate: THREAD_RESUMED: thread (33, main, main)
00:15:26.731 INFO: JdwpEventCenterDelegate: THREAD_RESUMED: thread (33, main, main)
00:15:26.744 INFO: JdwpEventCenterDelegate: THREAD_RESUMED: thread (33, main, main)
00:15:26.756 INFO: JdwpEventCenterDelegate: THREAD_RESUMED: thread (33, main, main)
00:15:26.791 INFO: JdwpEventCenterDelegate: THREAD_RESUMED: thread (33, main, main)
00:15:26.828 INFO: JdwpEventCenterDelegate: THREAD_RESUMED: thread (33, main, main)
00:15:26.844 INFO: JdwpEventCenterDelegate: THREAD_RESUMED: thread (33, main, main)
00:15:26.858 INFO: JdwpEventCenterDelegate: THREAD_RESUMED: thread (33, main, main)
00:15:26.864 INFO: JdwpEventCenterDelegate: THREAD_RESUMED: thread (33, main, main)
00:15:26.877 INFO: JdwpEventCenterDelegate: THREAD_RESUMED: thread (33, main, main)
00:19:31.763 INFO: JdwpDebugServer: handling req: VirtualMachine(1).Exit(10)
00:19:31.763 SEVERE: Debugger: Thread JDWP server socket thread crashed
org.robovm.debugger.DebuggerException: Terminating due exit command
	at org.robovm.debugger.jdwp.JdwpDebugServer.doSocketWork(JdwpDebugServer.java:211)
	at java.base/java.lang.Thread.run(Thread.java:834)
	at org.robovm.debugger.utils.DebuggerThread.run(DebuggerThread.java:42)
00:19:32.271 SEVERE: Debugger: Thread HooksChannel socket thread crashed
org.robovm.debugger.DebuggerException: java.io.IOException: org.robovm.libimobiledevice.LibIMobileDeviceException: IDEVICE_E_UNKNOWN_ERROR
	at org.robovm.debugger.hooks.HooksChannel.doSocketWork(HooksChannel.java:149)
	at java.base/java.lang.Thread.run(Thread.java:834)
	at org.robovm.debugger.utils.DebuggerThread.run(DebuggerThread.java:42)
Caused by: java.io.IOException: org.robovm.libimobiledevice.LibIMobileDeviceException: IDEVICE_E_UNKNOWN_ERROR
	at org.robovm.libimobiledevice.IDeviceConnection$DeviceInputStream.read(IDeviceConnection.java:203)
	at org.robovm.debugger.utils.bytebuffer.DataBufferWriter.writeFromStream(DataBufferWriter.java:89)
	at org.robovm.debugger.hooks.HooksChannel.doSocketWork(HooksChannel.java:116)
	... 2 more
Caused by: org.robovm.libimobiledevice.LibIMobileDeviceException: IDEVICE_E_UNKNOWN_ERROR
	at org.robovm.libimobiledevice.IDevice.checkResult(IDevice.java:206)
	at org.robovm.libimobiledevice.IDeviceConnection.receive(IDeviceConnection.java:110)
	at org.robovm.libimobiledevice.IDeviceConnection.receive(IDeviceConnection.java:81)
	at org.robovm.libimobiledevice.IDeviceConnection$DeviceInputStream.read(IDeviceConnection.java:201)
	... 4 more
