22:03:11.598 INFO: JdwpDebugServer: handling req: VirtualMachine(1).IDSizes(7)
22:03:11.599 INFO: JdwpDebugServer: handling req: EventRequest(15).Set(1)
22:03:11.599 INFO: JdwpEventCenterDelegate: jdwpSetEventRequest: JdwpEventRequest{requestId=100, eventKind=CLASS_PREPARE, suspendPolicy=NONE, predicates=[]}
22:03:11.599 INFO: JdwpDebugServer: handling req: EventRequest(15).Set(1)
22:03:11.599 INFO: JdwpEventCenterDelegate: jdwpSetEventRequest: JdwpEventRequest{requestId=101, eventKind=CLASS_UNLOAD, suspendPolicy=NONE, predicates=[]}
22:03:11.620 INFO: JdwpDebugServer: handling req: VirtualMachine(1).Version(1)
22:03:11.620 INFO: JdwpDebugServer: handling req: VirtualMachine(1).capabilitiesNew(17)
22:03:11.620 INFO: JdwpDebugServer: handling req: VirtualMachine(1).capabilities(12)
22:03:11.621 INFO: JdwpDebugServer: handling req: VirtualMachine(1).AllClassesWithGeneric(20)
22:03:11.624 INFO: JdwpDebugServer: handling req: VirtualMachine(1).TopLevelThreadGroups(5)
22:03:11.624 INFO: JdwpDebugServer: handling req: EventRequest(15).Set(1)
22:03:11.624 INFO: JdwpEventCenterDelegate: jdwpSetEventRequest: JdwpEventRequest{requestId=102, eventKind=THREAD_START, suspendPolicy=NONE, predicates=[]}
22:03:11.624 INFO: JdwpDebugServer: handling req: EventRequest(15).Set(1)
22:03:11.624 INFO: JdwpEventCenterDelegate: jdwpSetEventRequest: JdwpEventRequest{requestId=103, eventKind=THREAD_DEATH, suspendPolicy=NONE, predicates=[]}
22:03:11.627 INFO: JdwpDebugServer: handling req: EventRequest(15).Set(1)
22:03:11.627 INFO: JdwpEventCenterDelegate: jdwpSetEventRequest: JdwpEventRequest{requestId=104, eventKind=CLASS_PREPARE, suspendPolicy=EVENT_THREAD, predicates=[className=sun.instrument.InstrumentationImpl]}
22:03:11.627 INFO: JdwpDebugServer: handling req: EventRequest(15).Set(1)
22:03:11.627 INFO: JdwpEventCenterDelegate: jdwpSetEventRequest: JdwpEventRequest{requestId=105, eventKind=CLASS_PREPARE, suspendPolicy=EVENT_THREAD, predicates=[className=sun.instrument.InstrumentationImpl]}
22:03:12.218 INFO: JdwpDebugServer: handling req: VirtualMachine(1).Resume(9)
22:03:12.269 INFO: JdwpEventCenterDelegate: THREAD_STARTED: thread (33, main, main)
22:03:12.288 INFO: JdwpEventCenterDelegate: THREAD_STARTED: thread (48, ReferenceQueueDaemon, main)
22:03:12.296 INFO: JdwpEventCenterDelegate: THREAD_STARTED: thread (63, FinalizerDaemon, main)
22:03:12.303 INFO: JdwpEventCenterDelegate: THREAD_STARTED: thread (78, FinalizerWatchdogDaemon, main)
22:03:12.307 INFO: JdwpEventCenterDelegate: THREAD_RESUMED: thread (33, main, main)
22:03:12.308 INFO: JdwpEventCenterDelegate: THREAD_RESUMED: thread (33, main, main)
22:03:12.310 INFO: JdwpEventCenterDelegate: THREAD_RESUMED: thread (33, main, main)
22:03:12.312 INFO: JdwpEventCenterDelegate: THREAD_RESUMED: thread (33, main, main)
22:03:12.314 INFO: JdwpEventCenterDelegate: THREAD_RESUMED: thread (33, main, main)
22:03:12.316 INFO: JdwpEventCenterDelegate: THREAD_RESUMED: thread (33, main, main)
22:03:12.317 INFO: JdwpEventCenterDelegate: THREAD_RESUMED: thread (33, main, main)
22:03:12.319 INFO: JdwpEventCenterDelegate: THREAD_RESUMED: thread (33, main, main)
22:03:12.320 INFO: JdwpEventCenterDelegate: THREAD_RESUMED: thread (33, main, main)
22:03:12.322 INFO: JdwpEventCenterDelegate: THREAD_RESUMED: thread (33, main, main)
22:03:12.324 INFO: JdwpEventCenterDelegate: THREAD_RESUMED: thread (33, main, main)
22:03:12.326 INFO: JdwpEventCenterDelegate: THREAD_RESUMED: thread (33, main, main)
22:03:12.327 INFO: JdwpEventCenterDelegate: THREAD_RESUMED: thread (33, main, main)
22:03:12.329 INFO: JdwpEventCenterDelegate: THREAD_RESUMED: thread (33, main, main)
22:03:12.331 INFO: JdwpEventCenterDelegate: THREAD_RESUMED: thread (33, main, main)
22:03:12.332 INFO: JdwpEventCenterDelegate: THREAD_RESUMED: thread (33, main, main)
22:03:12.334 INFO: JdwpEventCenterDelegate: THREAD_RESUMED: thread (33, main, main)
22:03:12.335 INFO: JdwpEventCenterDelegate: THREAD_RESUMED: thread (33, main, main)
22:03:12.339 INFO: JdwpEventCenterDelegate: THREAD_RESUMED: thread (33, main, main)
22:03:12.340 INFO: JdwpEventCenterDelegate: THREAD_RESUMED: thread (33, main, main)
22:03:12.341 INFO: JdwpEventCenterDelegate: THREAD_RESUMED: thread (33, main, main)
22:03:12.342 INFO: JdwpEventCenterDelegate: THREAD_RESUMED: thread (33, main, main)
22:03:12.343 INFO: JdwpEventCenterDelegate: THREAD_RESUMED: thread (33, main, main)
22:03:12.345 INFO: JdwpEventCenterDelegate: THREAD_RESUMED: thread (33, main, main)
22:03:12.346 INFO: JdwpEventCenterDelegate: THREAD_RESUMED: thread (33, main, main)
22:03:12.378 INFO: JdwpEventCenterDelegate: THREAD_RESUMED: thread (33, main, main)
22:03:12.380 INFO: JdwpEventCenterDelegate: THREAD_RESUMED: thread (33, main, main)
22:03:12.382 INFO: JdwpEventCenterDelegate: THREAD_RESUMED: thread (33, main, main)
22:03:12.384 INFO: JdwpEventCenterDelegate: THREAD_RESUMED: thread (33, main, main)
22:03:12.385 INFO: JdwpEventCenterDelegate: THREAD_RESUMED: thread (33, main, main)
22:03:12.386 INFO: JdwpEventCenterDelegate: THREAD_RESUMED: thread (33, main, main)
22:03:12.388 INFO: JdwpEventCenterDelegate: THREAD_RESUMED: thread (33, main, main)
22:03:12.390 INFO: JdwpEventCenterDelegate: THREAD_RESUMED: thread (33, main, main)
22:03:12.392 INFO: JdwpEventCenterDelegate: THREAD_RESUMED: thread (33, main, main)
22:03:12.394 INFO: JdwpEventCenterDelegate: THREAD_RESUMED: thread (33, main, main)
22:03:12.396 INFO: JdwpEventCenterDelegate: THREAD_RESUMED: thread (33, main, main)
22:03:12.397 INFO: JdwpEventCenterDelegate: THREAD_RESUMED: thread (33, main, main)
22:03:12.399 INFO: JdwpEventCenterDelegate: THREAD_RESUMED: thread (33, main, main)
22:03:12.400 INFO: JdwpEventCenterDelegate: THREAD_RESUMED: thread (33, main, main)
22:03:12.416 INFO: JdwpEventCenterDelegate: THREAD_RESUMED: thread (33, main, main)
22:03:12.418 INFO: JdwpEventCenterDelegate: THREAD_RESUMED: thread (33, main, main)
22:03:12.419 INFO: JdwpEventCenterDelegate: THREAD_RESUMED: thread (33, main, main)
22:03:12.421 INFO: JdwpEventCenterDelegate: THREAD_RESUMED: thread (33, main, main)
22:03:12.422 INFO: JdwpEventCenterDelegate: THREAD_RESUMED: thread (33, main, main)
22:03:12.424 INFO: JdwpEventCenterDelegate: THREAD_RESUMED: thread (33, main, main)
22:03:12.425 INFO: JdwpEventCenterDelegate: THREAD_RESUMED: thread (33, main, main)
22:03:12.448 INFO: JdwpEventCenterDelegate: THREAD_RESUMED: thread (33, main, main)
22:03:12.449 INFO: JdwpEventCenterDelegate: THREAD_RESUMED: thread (33, main, main)
22:03:12.451 INFO: JdwpEventCenterDelegate: THREAD_RESUMED: thread (33, main, main)
22:03:12.452 INFO: JdwpEventCenterDelegate: THREAD_RESUMED: thread (33, main, main)
22:03:12.454 INFO: JdwpEventCenterDelegate: THREAD_RESUMED: thread (33, main, main)
22:03:12.455 INFO: JdwpEventCenterDelegate: THREAD_RESUMED: thread (33, main, main)
22:03:12.456 INFO: JdwpEventCenterDelegate: THREAD_RESUMED: thread (33, main, main)
22:03:12.485 INFO: JdwpEventCenterDelegate: THREAD_RESUMED: thread (33, main, main)
22:03:12.487 INFO: JdwpEventCenterDelegate: THREAD_RESUMED: thread (33, main, main)
22:03:12.488 INFO: JdwpEventCenterDelegate: THREAD_RESUMED: thread (33, main, main)
22:03:12.490 INFO: JdwpEventCenterDelegate: THREAD_RESUMED: thread (33, main, main)
22:03:12.492 INFO: JdwpEventCenterDelegate: THREAD_RESUMED: thread (33, main, main)
22:03:12.493 INFO: JdwpEventCenterDelegate: THREAD_RESUMED: thread (33, main, main)
22:03:12.494 INFO: JdwpEventCenterDelegate: THREAD_RESUMED: thread (33, main, main)
22:03:12.502 INFO: JdwpEventCenterDelegate: THREAD_RESUMED: thread (33, main, main)
22:03:12.504 INFO: JdwpEventCenterDelegate: THREAD_RESUMED: thread (33, main, main)
22:03:12.505 INFO: JdwpEventCenterDelegate: THREAD_RESUMED: thread (33, main, main)
22:03:12.506 INFO: JdwpEventCenterDelegate: THREAD_RESUMED: thread (33, main, main)
22:03:12.508 INFO: JdwpEventCenterDelegate: THREAD_RESUMED: thread (33, main, main)
22:03:12.510 INFO: JdwpEventCenterDelegate: THREAD_RESUMED: thread (33, main, main)
22:03:12.511 INFO: JdwpEventCenterDelegate: THREAD_RESUMED: thread (33, main, main)
22:03:12.521 INFO: JdwpEventCenterDelegate: THREAD_RESUMED: thread (33, main, main)
22:03:12.522 INFO: JdwpEventCenterDelegate: THREAD_RESUMED: thread (33, main, main)
22:03:12.524 INFO: JdwpEventCenterDelegate: THREAD_RESUMED: thread (33, main, main)
22:03:12.526 INFO: JdwpEventCenterDelegate: THREAD_RESUMED: thread (33, main, main)
22:03:12.528 INFO: JdwpEventCenterDelegate: THREAD_RESUMED: thread (33, main, main)
22:03:12.529 INFO: JdwpEventCenterDelegate: THREAD_RESUMED: thread (33, main, main)
22:03:12.531 INFO: JdwpEventCenterDelegate: THREAD_RESUMED: thread (33, main, main)
22:03:12.532 INFO: JdwpEventCenterDelegate: THREAD_RESUMED: thread (33, main, main)
22:03:12.533 INFO: JdwpEventCenterDelegate: THREAD_RESUMED: thread (33, main, main)
22:03:12.534 INFO: JdwpEventCenterDelegate: THREAD_RESUMED: thread (33, main, main)
22:03:12.536 INFO: JdwpEventCenterDelegate: THREAD_RESUMED: thread (33, main, main)
22:03:12.537 INFO: JdwpEventCenterDelegate: THREAD_RESUMED: thread (33, main, main)
22:03:12.539 INFO: JdwpEventCenterDelegate: THREAD_RESUMED: thread (33, main, main)
22:03:12.540 INFO: JdwpEventCenterDelegate: THREAD_RESUMED: thread (33, main, main)
22:03:12.542 INFO: JdwpEventCenterDelegate: THREAD_RESUMED: thread (33, main, main)
22:03:12.543 INFO: JdwpEventCenterDelegate: THREAD_RESUMED: thread (33, main, main)
22:03:12.544 INFO: JdwpEventCenterDelegate: THREAD_RESUMED: thread (33, main, main)
22:03:12.546 INFO: JdwpEventCenterDelegate: THREAD_RESUMED: thread (33, main, main)
22:03:12.548 INFO: JdwpEventCenterDelegate: THREAD_RESUMED: thread (33, main, main)
22:03:12.550 INFO: JdwpEventCenterDelegate: THREAD_RESUMED: thread (33, main, main)
22:03:12.688 INFO: JdwpEventCenterDelegate: THREAD_STARTED: thread (93, AssetManager, main)
22:03:12.790 INFO: JdwpEventCenterDelegate: THREAD_RESUMED: thread (33, main, main)
22:03:12.793 INFO: JdwpEventCenterDelegate: THREAD_RESUMED: thread (33, main, main)
22:03:15.349 INFO: JdwpEventCenterDelegate: THREAD_RESUMED: thread (33, main, main)
22:03:15.506 INFO: JdwpEventCenterDelegate: THREAD_RESUMED: thread (33, main, main)
22:03:15.509 INFO: JdwpEventCenterDelegate: THREAD_RESUMED: thread (33, main, main)
22:03:15.511 INFO: JdwpEventCenterDelegate: THREAD_RESUMED: thread (33, main, main)
22:03:15.514 INFO: JdwpEventCenterDelegate: THREAD_RESUMED: thread (33, main, main)
22:03:15.515 INFO: JdwpEventCenterDelegate: THREAD_RESUMED: thread (33, main, main)
22:03:15.524 INFO: JdwpEventCenterDelegate: THREAD_RESUMED: thread (33, main, main)
22:03:15.538 INFO: JdwpEventCenterDelegate: THREAD_RESUMED: thread (33, main, main)
22:03:15.540 INFO: JdwpEventCenterDelegate: THREAD_RESUMED: thread (33, main, main)
22:03:15.542 INFO: JdwpEventCenterDelegate: THREAD_RESUMED: thread (33, main, main)
22:03:15.544 INFO: JdwpEventCenterDelegate: THREAD_RESUMED: thread (33, main, main)
22:03:15.546 INFO: JdwpEventCenterDelegate: THREAD_RESUMED: thread (33, main, main)
22:03:15.551 INFO: JdwpEventCenterDelegate: THREAD_RESUMED: thread (33, main, main)
22:03:15.567 INFO: JdwpEventCenterDelegate: THREAD_RESUMED: thread (33, main, main)
22:03:15.569 INFO: JdwpEventCenterDelegate: THREAD_RESUMED: thread (33, main, main)
22:03:15.571 INFO: JdwpEventCenterDelegate: THREAD_RESUMED: thread (33, main, main)
22:03:15.573 INFO: JdwpEventCenterDelegate: THREAD_RESUMED: thread (33, main, main)
22:03:15.575 INFO: JdwpEventCenterDelegate: THREAD_RESUMED: thread (33, main, main)
22:03:15.580 INFO: JdwpEventCenterDelegate: THREAD_RESUMED: thread (33, main, main)
22:03:15.598 INFO: JdwpEventCenterDelegate: THREAD_RESUMED: thread (33, main, main)
22:03:15.600 INFO: JdwpEventCenterDelegate: THREAD_RESUMED: thread (33, main, main)
22:03:15.601 INFO: JdwpEventCenterDelegate: THREAD_RESUMED: thread (33, main, main)
22:03:15.603 INFO: JdwpEventCenterDelegate: THREAD_RESUMED: thread (33, main, main)
22:03:15.604 INFO: JdwpEventCenterDelegate: THREAD_RESUMED: thread (33, main, main)
22:03:15.608 INFO: JdwpEventCenterDelegate: THREAD_RESUMED: thread (33, main, main)
22:03:15.623 INFO: JdwpEventCenterDelegate: THREAD_RESUMED: thread (33, main, main)
22:03:15.625 INFO: JdwpEventCenterDelegate: THREAD_RESUMED: thread (33, main, main)
22:03:15.627 INFO: JdwpEventCenterDelegate: THREAD_RESUMED: thread (33, main, main)
22:03:15.629 INFO: JdwpEventCenterDelegate: THREAD_RESUMED: thread (33, main, main)
22:03:15.630 INFO: JdwpEventCenterDelegate: THREAD_RESUMED: thread (33, main, main)
22:03:15.635 INFO: JdwpEventCenterDelegate: THREAD_RESUMED: thread (33, main, main)
22:03:15.650 INFO: JdwpEventCenterDelegate: THREAD_RESUMED: thread (33, main, main)
22:03:15.652 INFO: JdwpEventCenterDelegate: THREAD_RESUMED: thread (33, main, main)
22:03:15.654 INFO: JdwpEventCenterDelegate: THREAD_RESUMED: thread (33, main, main)
22:03:15.656 INFO: JdwpEventCenterDelegate: THREAD_RESUMED: thread (33, main, main)
22:03:15.659 INFO: JdwpEventCenterDelegate: THREAD_RESUMED: thread (33, main, main)
22:03:15.664 INFO: JdwpEventCenterDelegate: THREAD_RESUMED: thread (33, main, main)
22:03:15.682 INFO: JdwpEventCenterDelegate: THREAD_RESUMED: thread (33, main, main)
22:03:15.685 INFO: JdwpEventCenterDelegate: THREAD_RESUMED: thread (33, main, main)
22:03:15.687 INFO: JdwpEventCenterDelegate: THREAD_RESUMED: thread (33, main, main)
22:03:15.689 INFO: JdwpEventCenterDelegate: THREAD_RESUMED: thread (33, main, main)
22:03:15.691 INFO: JdwpEventCenterDelegate: THREAD_RESUMED: thread (33, main, main)
22:03:15.696 INFO: JdwpEventCenterDelegate: THREAD_RESUMED: thread (33, main, main)
22:03:15.715 INFO: JdwpEventCenterDelegate: THREAD_RESUMED: thread (33, main, main)
22:03:15.716 INFO: JdwpEventCenterDelegate: THREAD_RESUMED: thread (33, main, main)
22:03:15.718 INFO: JdwpEventCenterDelegate: THREAD_RESUMED: thread (33, main, main)
22:03:15.720 INFO: JdwpEventCenterDelegate: THREAD_RESUMED: thread (33, main, main)
22:03:15.721 INFO: JdwpEventCenterDelegate: THREAD_RESUMED: thread (33, main, main)
22:03:15.726 INFO: JdwpEventCenterDelegate: THREAD_RESUMED: thread (33, main, main)
22:03:15.744 INFO: JdwpEventCenterDelegate: THREAD_RESUMED: thread (33, main, main)
22:03:15.746 INFO: JdwpEventCenterDelegate: THREAD_RESUMED: thread (33, main, main)
22:03:15.748 INFO: JdwpEventCenterDelegate: THREAD_RESUMED: thread (33, main, main)
22:03:15.750 INFO: JdwpEventCenterDelegate: THREAD_RESUMED: thread (33, main, main)
22:03:15.751 INFO: JdwpEventCenterDelegate: THREAD_RESUMED: thread (33, main, main)
22:03:15.756 INFO: JdwpEventCenterDelegate: THREAD_RESUMED: thread (33, main, main)
22:03:15.775 INFO: JdwpEventCenterDelegate: THREAD_RESUMED: thread (33, main, main)
22:03:15.777 INFO: JdwpEventCenterDelegate: THREAD_RESUMED: thread (33, main, main)
22:03:15.779 INFO: JdwpEventCenterDelegate: THREAD_RESUMED: thread (33, main, main)
22:03:15.782 INFO: JdwpEventCenterDelegate: THREAD_RESUMED: thread (33, main, main)
22:03:15.784 INFO: JdwpEventCenterDelegate: THREAD_RESUMED: thread (33, main, main)
22:03:15.788 INFO: JdwpEventCenterDelegate: THREAD_RESUMED: thread (33, main, main)
22:03:15.803 INFO: JdwpEventCenterDelegate: THREAD_RESUMED: thread (33, main, main)
22:03:15.805 INFO: JdwpEventCenterDelegate: THREAD_RESUMED: thread (33, main, main)
22:03:15.807 INFO: JdwpEventCenterDelegate: THREAD_RESUMED: thread (33, main, main)
22:03:15.809 INFO: JdwpEventCenterDelegate: THREAD_RESUMED: thread (33, main, main)
22:03:15.811 INFO: JdwpEventCenterDelegate: THREAD_RESUMED: thread (33, main, main)
22:03:15.816 INFO: JdwpEventCenterDelegate: THREAD_RESUMED: thread (33, main, main)
22:03:15.835 INFO: JdwpEventCenterDelegate: THREAD_RESUMED: thread (33, main, main)
22:03:15.837 INFO: JdwpEventCenterDelegate: THREAD_RESUMED: thread (33, main, main)
22:03:15.839 INFO: JdwpEventCenterDelegate: THREAD_RESUMED: thread (33, main, main)
22:03:15.841 INFO: JdwpEventCenterDelegate: THREAD_RESUMED: thread (33, main, main)
22:03:15.842 INFO: JdwpEventCenterDelegate: THREAD_RESUMED: thread (33, main, main)
22:03:15.847 INFO: JdwpEventCenterDelegate: THREAD_RESUMED: thread (33, main, main)
22:03:15.869 INFO: JdwpEventCenterDelegate: THREAD_RESUMED: thread (33, main, main)
22:03:15.872 INFO: JdwpEventCenterDelegate: THREAD_RESUMED: thread (33, main, main)
22:03:15.874 INFO: JdwpEventCenterDelegate: THREAD_RESUMED: thread (33, main, main)
22:03:15.876 INFO: JdwpEventCenterDelegate: THREAD_RESUMED: thread (33, main, main)
22:03:15.878 INFO: JdwpEventCenterDelegate: THREAD_RESUMED: thread (33, main, main)
22:03:15.883 INFO: JdwpEventCenterDelegate: THREAD_RESUMED: thread (33, main, main)
22:03:15.901 INFO: JdwpEventCenterDelegate: THREAD_RESUMED: thread (33, main, main)
22:03:15.903 INFO: JdwpEventCenterDelegate: THREAD_RESUMED: thread (33, main, main)
22:03:15.905 INFO: JdwpEventCenterDelegate: THREAD_RESUMED: thread (33, main, main)
22:03:15.907 INFO: JdwpEventCenterDelegate: THREAD_RESUMED: thread (33, main, main)
22:03:15.909 INFO: JdwpEventCenterDelegate: THREAD_RESUMED: thread (33, main, main)
22:03:15.913 INFO: JdwpEventCenterDelegate: THREAD_RESUMED: thread (33, main, main)
22:03:15.926 INFO: JdwpEventCenterDelegate: THREAD_RESUMED: thread (33, main, main)
22:03:15.928 INFO: JdwpEventCenterDelegate: THREAD_RESUMED: thread (33, main, main)
22:03:15.929 INFO: JdwpEventCenterDelegate: THREAD_RESUMED: thread (33, main, main)
22:03:15.931 INFO: JdwpEventCenterDelegate: THREAD_RESUMED: thread (33, main, main)
22:03:15.933 INFO: JdwpEventCenterDelegate: THREAD_RESUMED: thread (33, main, main)
22:03:15.937 INFO: JdwpEventCenterDelegate: THREAD_RESUMED: thread (33, main, main)
22:03:15.939 INFO: JdwpEventCenterDelegate: THREAD_RESUMED: thread (33, main, main)
22:03:15.941 INFO: JdwpEventCenterDelegate: THREAD_RESUMED: thread (33, main, main)
22:03:15.943 INFO: JdwpEventCenterDelegate: THREAD_RESUMED: thread (33, main, main)
22:03:15.945 INFO: JdwpEventCenterDelegate: THREAD_RESUMED: thread (33, main, main)
22:03:15.946 INFO: JdwpEventCenterDelegate: THREAD_RESUMED: thread (33, main, main)
22:03:15.948 INFO: JdwpEventCenterDelegate: THREAD_RESUMED: thread (33, main, main)
22:03:15.952 INFO: JdwpEventCenterDelegate: THREAD_RESUMED: thread (33, main, main)
22:03:15.953 INFO: JdwpEventCenterDelegate: THREAD_RESUMED: thread (33, main, main)
22:03:15.954 INFO: JdwpEventCenterDelegate: THREAD_RESUMED: thread (33, main, main)
22:03:15.956 INFO: JdwpEventCenterDelegate: THREAD_RESUMED: thread (33, main, main)
22:03:15.983 INFO: JdwpEventCenterDelegate: THREAD_RESUMED: thread (33, main, main)
22:03:15.984 INFO: JdwpEventCenterDelegate: THREAD_RESUMED: thread (33, main, main)
22:03:15.986 INFO: JdwpEventCenterDelegate: THREAD_RESUMED: thread (33, main, main)
22:03:15.988 INFO: JdwpEventCenterDelegate: THREAD_RESUMED: thread (33, main, main)
22:03:15.989 INFO: JdwpEventCenterDelegate: THREAD_RESUMED: thread (33, main, main)
22:03:15.994 INFO: JdwpEventCenterDelegate: THREAD_RESUMED: thread (33, main, main)
22:03:16.006 INFO: JdwpEventCenterDelegate: THREAD_RESUMED: thread (33, main, main)
22:03:16.019 INFO: JdwpEventCenterDelegate: THREAD_RESUMED: thread (33, main, main)
22:03:16.030 INFO: JdwpEventCenterDelegate: THREAD_RESUMED: thread (33, main, main)
22:03:16.042 INFO: JdwpEventCenterDelegate: THREAD_RESUMED: thread (33, main, main)
22:03:16.076 INFO: JdwpEventCenterDelegate: THREAD_RESUMED: thread (33, main, main)
22:03:16.078 INFO: JdwpEventCenterDelegate: THREAD_RESUMED: thread (33, main, main)
22:03:16.080 INFO: JdwpEventCenterDelegate: THREAD_RESUMED: thread (33, main, main)
22:03:16.082 INFO: JdwpEventCenterDelegate: THREAD_RESUMED: thread (33, main, main)
22:03:16.085 INFO: JdwpEventCenterDelegate: THREAD_RESUMED: thread (33, main, main)
22:03:16.089 INFO: JdwpEventCenterDelegate: THREAD_RESUMED: thread (33, main, main)
22:03:16.101 INFO: JdwpEventCenterDelegate: THREAD_RESUMED: thread (33, main, main)
22:03:16.103 INFO: JdwpEventCenterDelegate: THREAD_RESUMED: thread (33, main, main)
22:03:16.105 INFO: JdwpEventCenterDelegate: THREAD_RESUMED: thread (33, main, main)
22:03:16.107 INFO: JdwpEventCenterDelegate: THREAD_RESUMED: thread (33, main, main)
22:03:16.109 INFO: JdwpEventCenterDelegate: THREAD_RESUMED: thread (33, main, main)
22:03:16.114 INFO: JdwpEventCenterDelegate: THREAD_RESUMED: thread (33, main, main)
22:03:16.128 INFO: JdwpEventCenterDelegate: THREAD_RESUMED: thread (33, main, main)
22:03:16.130 INFO: JdwpEventCenterDelegate: THREAD_RESUMED: thread (33, main, main)
22:03:16.132 INFO: JdwpEventCenterDelegate: THREAD_RESUMED: thread (33, main, main)
22:03:16.134 INFO: JdwpEventCenterDelegate: THREAD_RESUMED: thread (33, main, main)
22:03:16.136 INFO: JdwpEventCenterDelegate: THREAD_RESUMED: thread (33, main, main)
22:03:16.140 INFO: JdwpEventCenterDelegate: THREAD_RESUMED: thread (33, main, main)
22:03:16.157 INFO: JdwpEventCenterDelegate: THREAD_RESUMED: thread (33, main, main)
22:03:16.159 INFO: JdwpEventCenterDelegate: THREAD_RESUMED: thread (33, main, main)
22:03:16.161 INFO: JdwpEventCenterDelegate: THREAD_RESUMED: thread (33, main, main)
22:03:16.163 INFO: JdwpEventCenterDelegate: THREAD_RESUMED: thread (33, main, main)
22:03:16.164 INFO: JdwpEventCenterDelegate: THREAD_RESUMED: thread (33, main, main)
22:03:16.169 INFO: JdwpEventCenterDelegate: THREAD_RESUMED: thread (33, main, main)
22:03:16.183 INFO: JdwpEventCenterDelegate: THREAD_RESUMED: thread (33, main, main)
22:03:16.185 INFO: JdwpEventCenterDelegate: THREAD_RESUMED: thread (33, main, main)
22:03:16.187 INFO: JdwpEventCenterDelegate: THREAD_RESUMED: thread (33, main, main)
22:03:16.188 INFO: JdwpEventCenterDelegate: THREAD_RESUMED: thread (33, main, main)
22:03:16.190 INFO: JdwpEventCenterDelegate: THREAD_RESUMED: thread (33, main, main)
22:03:16.194 INFO: JdwpEventCenterDelegate: THREAD_RESUMED: thread (33, main, main)
22:03:16.208 INFO: JdwpEventCenterDelegate: THREAD_RESUMED: thread (33, main, main)
22:03:16.211 INFO: JdwpEventCenterDelegate: THREAD_RESUMED: thread (33, main, main)
22:03:16.212 INFO: JdwpEventCenterDelegate: THREAD_RESUMED: thread (33, main, main)
22:03:16.214 INFO: JdwpEventCenterDelegate: THREAD_RESUMED: thread (33, main, main)
22:03:16.216 INFO: JdwpEventCenterDelegate: THREAD_RESUMED: thread (33, main, main)
22:03:16.220 INFO: JdwpEventCenterDelegate: THREAD_RESUMED: thread (33, main, main)
22:03:16.242 INFO: JdwpEventCenterDelegate: THREAD_RESUMED: thread (33, main, main)
22:03:16.243 INFO: JdwpEventCenterDelegate: THREAD_RESUMED: thread (33, main, main)
22:03:16.245 INFO: JdwpEventCenterDelegate: THREAD_RESUMED: thread (33, main, main)
22:03:16.247 INFO: JdwpEventCenterDelegate: THREAD_RESUMED: thread (33, main, main)
22:03:16.249 INFO: JdwpEventCenterDelegate: THREAD_RESUMED: thread (33, main, main)
22:03:16.253 INFO: JdwpEventCenterDelegate: THREAD_RESUMED: thread (33, main, main)
22:03:16.271 INFO: JdwpEventCenterDelegate: THREAD_RESUMED: thread (33, main, main)
22:03:16.273 INFO: JdwpEventCenterDelegate: THREAD_RESUMED: thread (33, main, main)
22:03:16.275 INFO: JdwpEventCenterDelegate: THREAD_RESUMED: thread (33, main, main)
22:03:16.276 INFO: JdwpEventCenterDelegate: THREAD_RESUMED: thread (33, main, main)
22:03:16.278 INFO: JdwpEventCenterDelegate: THREAD_RESUMED: thread (33, main, main)
22:03:16.283 INFO: JdwpEventCenterDelegate: THREAD_RESUMED: thread (33, main, main)
22:03:16.300 INFO: JdwpEventCenterDelegate: THREAD_RESUMED: thread (33, main, main)
22:03:16.302 INFO: JdwpEventCenterDelegate: THREAD_RESUMED: thread (33, main, main)
22:03:16.304 INFO: JdwpEventCenterDelegate: THREAD_RESUMED: thread (33, main, main)
22:03:16.306 INFO: JdwpEventCenterDelegate: THREAD_RESUMED: thread (33, main, main)
22:03:16.308 INFO: JdwpEventCenterDelegate: THREAD_RESUMED: thread (33, main, main)
22:03:16.312 INFO: JdwpEventCenterDelegate: THREAD_RESUMED: thread (33, main, main)
22:03:16.327 INFO: JdwpEventCenterDelegate: THREAD_RESUMED: thread (33, main, main)
22:03:16.329 INFO: JdwpEventCenterDelegate: THREAD_RESUMED: thread (33, main, main)
22:03:16.331 INFO: JdwpEventCenterDelegate: THREAD_RESUMED: thread (33, main, main)
22:03:16.333 INFO: JdwpEventCenterDelegate: THREAD_RESUMED: thread (33, main, main)
22:03:16.335 INFO: JdwpEventCenterDelegate: THREAD_RESUMED: thread (33, main, main)
22:03:16.339 INFO: JdwpEventCenterDelegate: THREAD_RESUMED: thread (33, main, main)
22:03:16.353 INFO: JdwpEventCenterDelegate: THREAD_RESUMED: thread (33, main, main)
22:03:16.355 INFO: JdwpEventCenterDelegate: THREAD_RESUMED: thread (33, main, main)
22:03:16.357 INFO: JdwpEventCenterDelegate: THREAD_RESUMED: thread (33, main, main)
22:03:16.359 INFO: JdwpEventCenterDelegate: THREAD_RESUMED: thread (33, main, main)
22:03:16.361 INFO: JdwpEventCenterDelegate: THREAD_RESUMED: thread (33, main, main)
22:03:16.366 INFO: JdwpEventCenterDelegate: THREAD_RESUMED: thread (33, main, main)
22:03:16.385 INFO: JdwpEventCenterDelegate: THREAD_RESUMED: thread (33, main, main)
22:03:16.387 INFO: JdwpEventCenterDelegate: THREAD_RESUMED: thread (33, main, main)
22:03:16.389 INFO: JdwpEventCenterDelegate: THREAD_RESUMED: thread (33, main, main)
22:03:16.391 INFO: JdwpEventCenterDelegate: THREAD_RESUMED: thread (33, main, main)
22:03:16.393 INFO: JdwpEventCenterDelegate: THREAD_RESUMED: thread (33, main, main)
22:03:16.398 INFO: JdwpEventCenterDelegate: THREAD_RESUMED: thread (33, main, main)
22:03:16.422 INFO: JdwpEventCenterDelegate: THREAD_RESUMED: thread (33, main, main)
22:03:16.423 INFO: JdwpEventCenterDelegate: THREAD_RESUMED: thread (33, main, main)
22:03:16.425 INFO: JdwpEventCenterDelegate: THREAD_RESUMED: thread (33, main, main)
22:03:16.428 INFO: JdwpEventCenterDelegate: THREAD_RESUMED: thread (33, main, main)
22:03:16.430 INFO: JdwpEventCenterDelegate: THREAD_RESUMED: thread (33, main, main)
22:03:16.434 INFO: JdwpEventCenterDelegate: THREAD_RESUMED: thread (33, main, main)
22:03:16.452 INFO: JdwpEventCenterDelegate: THREAD_RESUMED: thread (33, main, main)
22:03:16.454 INFO: JdwpEventCenterDelegate: THREAD_RESUMED: thread (33, main, main)
22:03:16.456 INFO: JdwpEventCenterDelegate: THREAD_RESUMED: thread (33, main, main)
22:03:16.458 INFO: JdwpEventCenterDelegate: THREAD_RESUMED: thread (33, main, main)
22:03:16.460 INFO: JdwpEventCenterDelegate: THREAD_RESUMED: thread (33, main, main)
22:03:16.464 INFO: JdwpEventCenterDelegate: THREAD_RESUMED: thread (33, main, main)
22:03:16.477 INFO: JdwpEventCenterDelegate: THREAD_RESUMED: thread (33, main, main)
22:03:16.478 INFO: JdwpEventCenterDelegate: THREAD_RESUMED: thread (33, main, main)
22:03:16.480 INFO: JdwpEventCenterDelegate: THREAD_RESUMED: thread (33, main, main)
22:03:16.482 INFO: JdwpEventCenterDelegate: THREAD_RESUMED: thread (33, main, main)
22:03:16.484 INFO: JdwpEventCenterDelegate: THREAD_RESUMED: thread (33, main, main)
22:06:20.753 INFO: JdwpEventCenterDelegate: THREAD_STARTED: thread (108, Timer, main)
22:06:21.629 INFO: JdwpEventCenterDelegate: THREAD_RESUMED: thread (33, main, main)
22:06:21.660 INFO: JdwpEventCenterDelegate: THREAD_RESUMED: thread (33, main, main)
22:06:21.682 INFO: JdwpEventCenterDelegate: THREAD_RESUMED: thread (33, main, main)
22:06:21.700 INFO: JdwpEventCenterDelegate: THREAD_RESUMED: thread (33, main, main)
22:06:21.739 INFO: JdwpEventCenterDelegate: THREAD_RESUMED: thread (33, main, main)
22:06:21.774 INFO: JdwpEventCenterDelegate: THREAD_RESUMED: thread (33, main, main)
22:06:21.791 INFO: JdwpEventCenterDelegate: THREAD_RESUMED: thread (33, main, main)
22:06:21.806 INFO: JdwpEventCenterDelegate: THREAD_RESUMED: thread (33, main, main)
22:06:21.812 INFO: JdwpEventCenterDelegate: THREAD_RESUMED: thread (33, main, main)
22:06:21.826 INFO: JdwpEventCenterDelegate: THREAD_RESUMED: thread (33, main, main)
22:06:21.857 INFO: JdwpEventCenterDelegate: THREAD_RESUMED: thread (33, main, main)
22:06:21.868 INFO: JdwpEventCenterDelegate: THREAD_RESUMED: thread (33, main, main)
22:06:21.881 INFO: JdwpEventCenterDelegate: THREAD_RESUMED: thread (33, main, main)
22:06:21.893 INFO: JdwpEventCenterDelegate: THREAD_RESUMED: thread (33, main, main)
22:06:21.928 INFO: JdwpEventCenterDelegate: THREAD_RESUMED: thread (33, main, main)
22:06:21.960 INFO: JdwpEventCenterDelegate: THREAD_RESUMED: thread (33, main, main)
22:06:21.976 INFO: JdwpEventCenterDelegate: THREAD_RESUMED: thread (33, main, main)
22:06:21.990 INFO: JdwpEventCenterDelegate: THREAD_RESUMED: thread (33, main, main)
22:06:21.996 INFO: JdwpEventCenterDelegate: THREAD_RESUMED: thread (33, main, main)
22:06:22.009 INFO: JdwpEventCenterDelegate: THREAD_RESUMED: thread (33, main, main)
22:06:23.146 INFO: JdwpEventCenterDelegate: THREAD_RESUMED: thread (33, main, main)
22:06:23.149 INFO: JdwpEventCenterDelegate: THREAD_RESUMED: thread (33, main, main)
22:06:23.153 INFO: JdwpEventCenterDelegate: THREAD_RESUMED: thread (33, main, main)
22:06:23.156 INFO: JdwpEventCenterDelegate: THREAD_RESUMED: thread (33, main, main)
22:06:23.159 INFO: JdwpEventCenterDelegate: THREAD_RESUMED: thread (33, main, main)
22:06:23.163 INFO: JdwpEventCenterDelegate: THREAD_RESUMED: thread (33, main, main)
22:06:23.166 INFO: JdwpEventCenterDelegate: THREAD_RESUMED: thread (33, main, main)
22:06:23.212 INFO: JdwpEventCenterDelegate: THREAD_STARTED: thread (123, Thread-7, main)
22:06:26.615 INFO: JdwpEventCenterDelegate: THREAD_STARTED: thread (138, Thread-8, main)
22:06:27.208 INFO: JdwpEventCenterDelegate: THREAD_STARTED: thread (153, Thread-9, main)
22:06:50.748 INFO: JdwpDebugServer: handling req: VirtualMachine(1).Exit(10)
22:06:50.749 SEVERE: Debugger: Thread JDWP server socket thread crashed
org.robovm.debugger.DebuggerException: Terminating due exit command
	at org.robovm.debugger.jdwp.JdwpDebugServer.doSocketWork(JdwpDebugServer.java:211)
	at java.base/java.lang.Thread.run(Thread.java:834)
	at org.robovm.debugger.utils.DebuggerThread.run(DebuggerThread.java:42)
22:06:51.257 SEVERE: Debugger: Thread HooksChannel socket thread crashed
org.robovm.debugger.DebuggerException: java.io.IOException: org.robovm.libimobiledevice.LibIMobileDeviceException: IDEVICE_E_UNKNOWN_ERROR
	at org.robovm.debugger.hooks.HooksChannel.doSocketWork(HooksChannel.java:149)
	at java.base/java.lang.Thread.run(Thread.java:834)
	at org.robovm.debugger.utils.DebuggerThread.run(DebuggerThread.java:42)
Caused by: java.io.IOException: org.robovm.libimobiledevice.LibIMobileDeviceException: IDEVICE_E_UNKNOWN_ERROR
	at org.robovm.libimobiledevice.IDeviceConnection$DeviceInputStream.read(IDeviceConnection.java:203)
	at org.robovm.debugger.utils.bytebuffer.DataBufferWriter.writeFromStream(DataBufferWriter.java:89)
	at org.robovm.debugger.hooks.HooksChannel.doSocketWork(HooksChannel.java:116)
	... 2 more
Caused by: org.robovm.libimobiledevice.LibIMobileDeviceException: IDEVICE_E_UNKNOWN_ERROR
	at org.robovm.libimobiledevice.IDevice.checkResult(IDevice.java:206)
	at org.robovm.libimobiledevice.IDeviceConnection.receive(IDeviceConnection.java:110)
	at org.robovm.libimobiledevice.IDeviceConnection.receive(IDeviceConnection.java:81)
	at org.robovm.libimobiledevice.IDeviceConnection$DeviceInputStream.read(IDeviceConnection.java:201)
	... 4 more
