11:26:42.441 INFO: JdwpDebugServer: handling req: VirtualMachine(1).IDSizes(7)
11:26:42.441 INFO: JdwpDebugServer: handling req: EventRequest(15).Set(1)
11:26:42.441 INFO: JdwpEventCenterDelegate: jdwpSetEventRequest: JdwpEventRequest{requestId=100, eventKind=CLASS_PREPARE, suspendPolicy=NONE, predicates=[]}
11:26:42.441 INFO: JdwpDebugServer: handling req: EventRequest(15).Set(1)
11:26:42.441 INFO: JdwpEventCenterDelegate: jdwpSetEventRequest: JdwpEventRequest{requestId=101, eventKind=CLASS_UNLOAD, suspendPolicy=NONE, predicates=[]}
11:26:42.461 INFO: JdwpDebugServer: handling req: VirtualMachine(1).Version(1)
11:26:42.461 INFO: JdwpDebugServer: handling req: VirtualMachine(1).capabilitiesNew(17)
11:26:42.462 INFO: JdwpDebugServer: handling req: VirtualMachine(1).capabilities(12)
11:26:42.462 INFO: JdwpDebugServer: handling req: VirtualMachine(1).AllClassesWithGeneric(20)
11:26:42.465 INFO: JdwpDebugServer: handling req: VirtualMachine(1).TopLevelThreadGroups(5)
11:26:42.465 INFO: JdwpDebugServer: handling req: EventRequest(15).Set(1)
11:26:42.465 INFO: JdwpEventCenterDelegate: jdwpSetEventRequest: JdwpEventRequest{requestId=102, eventKind=THREAD_START, suspendPolicy=NONE, predicates=[]}
11:26:42.465 INFO: JdwpDebugServer: handling req: EventRequest(15).Set(1)
11:26:42.465 INFO: JdwpEventCenterDelegate: jdwpSetEventRequest: JdwpEventRequest{requestId=103, eventKind=THREAD_DEATH, suspendPolicy=NONE, predicates=[]}
11:26:42.466 INFO: JdwpDebugServer: handling req: EventRequest(15).Set(1)
11:26:42.466 INFO: JdwpEventCenterDelegate: jdwpSetEventRequest: JdwpEventRequest{requestId=104, eventKind=CLASS_PREPARE, suspendPolicy=EVENT_THREAD, predicates=[className=sun.instrument.InstrumentationImpl]}
11:26:42.467 INFO: JdwpDebugServer: handling req: EventRequest(15).Set(1)
11:26:42.467 INFO: JdwpEventCenterDelegate: jdwpSetEventRequest: JdwpEventRequest{requestId=105, eventKind=CLASS_PREPARE, suspendPolicy=EVENT_THREAD, predicates=[className=sun.instrument.InstrumentationImpl]}
11:26:43.057 INFO: JdwpDebugServer: handling req: VirtualMachine(1).Resume(9)
11:26:43.107 INFO: JdwpEventCenterDelegate: THREAD_STARTED: thread (33, main, main)
11:26:43.131 INFO: JdwpEventCenterDelegate: THREAD_STARTED: thread (48, ReferenceQueueDaemon, main)
11:26:43.138 INFO: JdwpEventCenterDelegate: THREAD_STARTED: thread (63, FinalizerWatchdogDaemon, main)
11:26:43.144 INFO: JdwpEventCenterDelegate: THREAD_STARTED: thread (78, FinalizerDaemon, main)
11:26:43.148 INFO: JdwpEventCenterDelegate: THREAD_RESUMED: thread (33, main, main)
11:26:43.149 INFO: JdwpEventCenterDelegate: THREAD_RESUMED: thread (33, main, main)
11:26:43.150 INFO: JdwpEventCenterDelegate: THREAD_RESUMED: thread (33, main, main)
11:26:43.152 INFO: JdwpEventCenterDelegate: THREAD_RESUMED: thread (33, main, main)
11:26:43.153 INFO: JdwpEventCenterDelegate: THREAD_RESUMED: thread (33, main, main)
11:26:43.154 INFO: JdwpEventCenterDelegate: THREAD_RESUMED: thread (33, main, main)
11:26:43.155 INFO: JdwpEventCenterDelegate: THREAD_RESUMED: thread (33, main, main)
11:26:43.157 INFO: JdwpEventCenterDelegate: THREAD_RESUMED: thread (33, main, main)
11:26:43.158 INFO: JdwpEventCenterDelegate: THREAD_RESUMED: thread (33, main, main)
11:26:43.160 INFO: JdwpEventCenterDelegate: THREAD_RESUMED: thread (33, main, main)
11:26:43.161 INFO: JdwpEventCenterDelegate: THREAD_RESUMED: thread (33, main, main)
11:26:43.163 INFO: JdwpEventCenterDelegate: THREAD_RESUMED: thread (33, main, main)
11:26:43.164 INFO: JdwpEventCenterDelegate: THREAD_RESUMED: thread (33, main, main)
11:26:43.166 INFO: JdwpEventCenterDelegate: THREAD_RESUMED: thread (33, main, main)
11:26:43.167 INFO: JdwpEventCenterDelegate: THREAD_RESUMED: thread (33, main, main)
11:26:43.168 INFO: JdwpEventCenterDelegate: THREAD_RESUMED: thread (33, main, main)
11:26:43.170 INFO: JdwpEventCenterDelegate: THREAD_RESUMED: thread (33, main, main)
11:26:43.171 INFO: JdwpEventCenterDelegate: THREAD_RESUMED: thread (33, main, main)
11:26:43.174 INFO: JdwpEventCenterDelegate: THREAD_RESUMED: thread (33, main, main)
11:26:43.176 INFO: JdwpEventCenterDelegate: THREAD_RESUMED: thread (33, main, main)
11:26:43.178 INFO: JdwpEventCenterDelegate: THREAD_RESUMED: thread (33, main, main)
11:26:43.179 INFO: JdwpEventCenterDelegate: THREAD_RESUMED: thread (33, main, main)
11:26:43.181 INFO: JdwpEventCenterDelegate: THREAD_RESUMED: thread (33, main, main)
11:26:43.182 INFO: JdwpEventCenterDelegate: THREAD_RESUMED: thread (33, main, main)
11:26:43.184 INFO: JdwpEventCenterDelegate: THREAD_RESUMED: thread (33, main, main)
11:26:43.216 INFO: JdwpEventCenterDelegate: THREAD_RESUMED: thread (33, main, main)
11:26:43.218 INFO: JdwpEventCenterDelegate: THREAD_RESUMED: thread (33, main, main)
11:26:43.219 INFO: JdwpEventCenterDelegate: THREAD_RESUMED: thread (33, main, main)
11:26:43.220 INFO: JdwpEventCenterDelegate: THREAD_RESUMED: thread (33, main, main)
11:26:43.222 INFO: JdwpEventCenterDelegate: THREAD_RESUMED: thread (33, main, main)
11:26:43.223 INFO: JdwpEventCenterDelegate: THREAD_RESUMED: thread (33, main, main)
11:26:43.225 INFO: JdwpEventCenterDelegate: THREAD_RESUMED: thread (33, main, main)
11:26:43.227 INFO: JdwpEventCenterDelegate: THREAD_RESUMED: thread (33, main, main)
11:26:43.229 INFO: JdwpEventCenterDelegate: THREAD_RESUMED: thread (33, main, main)
11:26:43.230 INFO: JdwpEventCenterDelegate: THREAD_RESUMED: thread (33, main, main)
11:26:43.231 INFO: JdwpEventCenterDelegate: THREAD_RESUMED: thread (33, main, main)
11:26:43.233 INFO: JdwpEventCenterDelegate: THREAD_RESUMED: thread (33, main, main)
11:26:43.234 INFO: JdwpEventCenterDelegate: THREAD_RESUMED: thread (33, main, main)
11:26:43.235 INFO: JdwpEventCenterDelegate: THREAD_RESUMED: thread (33, main, main)
11:26:43.251 INFO: JdwpEventCenterDelegate: THREAD_RESUMED: thread (33, main, main)
11:26:43.253 INFO: JdwpEventCenterDelegate: THREAD_RESUMED: thread (33, main, main)
11:26:43.254 INFO: JdwpEventCenterDelegate: THREAD_RESUMED: thread (33, main, main)
11:26:43.255 INFO: JdwpEventCenterDelegate: THREAD_RESUMED: thread (33, main, main)
11:26:43.256 INFO: JdwpEventCenterDelegate: THREAD_RESUMED: thread (33, main, main)
11:26:43.258 INFO: JdwpEventCenterDelegate: THREAD_RESUMED: thread (33, main, main)
11:26:43.259 INFO: JdwpEventCenterDelegate: THREAD_RESUMED: thread (33, main, main)
11:26:43.297 INFO: JdwpEventCenterDelegate: THREAD_RESUMED: thread (33, main, main)
11:26:43.298 INFO: JdwpEventCenterDelegate: THREAD_RESUMED: thread (33, main, main)
11:26:43.300 INFO: JdwpEventCenterDelegate: THREAD_RESUMED: thread (33, main, main)
11:26:43.302 INFO: JdwpEventCenterDelegate: THREAD_RESUMED: thread (33, main, main)
11:26:43.303 INFO: JdwpEventCenterDelegate: THREAD_RESUMED: thread (33, main, main)
11:26:43.304 INFO: JdwpEventCenterDelegate: THREAD_RESUMED: thread (33, main, main)
11:26:43.306 INFO: JdwpEventCenterDelegate: THREAD_RESUMED: thread (33, main, main)
11:26:43.318 INFO: JdwpEventCenterDelegate: THREAD_RESUMED: thread (33, main, main)
11:26:43.320 INFO: JdwpEventCenterDelegate: THREAD_RESUMED: thread (33, main, main)
11:26:43.321 INFO: JdwpEventCenterDelegate: THREAD_RESUMED: thread (33, main, main)
11:26:43.322 INFO: JdwpEventCenterDelegate: THREAD_RESUMED: thread (33, main, main)
11:26:43.324 INFO: JdwpEventCenterDelegate: THREAD_RESUMED: thread (33, main, main)
11:26:43.325 INFO: JdwpEventCenterDelegate: THREAD_RESUMED: thread (33, main, main)
11:26:43.326 INFO: JdwpEventCenterDelegate: THREAD_RESUMED: thread (33, main, main)
11:26:43.336 INFO: JdwpEventCenterDelegate: THREAD_RESUMED: thread (33, main, main)
11:26:43.338 INFO: JdwpEventCenterDelegate: THREAD_RESUMED: thread (33, main, main)
11:26:43.340 INFO: JdwpEventCenterDelegate: THREAD_RESUMED: thread (33, main, main)
11:26:43.341 INFO: JdwpEventCenterDelegate: THREAD_RESUMED: thread (33, main, main)
11:26:43.343 INFO: JdwpEventCenterDelegate: THREAD_RESUMED: thread (33, main, main)
11:26:43.344 INFO: JdwpEventCenterDelegate: THREAD_RESUMED: thread (33, main, main)
11:26:43.345 INFO: JdwpEventCenterDelegate: THREAD_RESUMED: thread (33, main, main)
11:26:43.347 INFO: JdwpEventCenterDelegate: THREAD_RESUMED: thread (33, main, main)
11:26:43.348 INFO: JdwpEventCenterDelegate: THREAD_RESUMED: thread (33, main, main)
11:26:43.349 INFO: JdwpEventCenterDelegate: THREAD_RESUMED: thread (33, main, main)
11:26:43.350 INFO: JdwpEventCenterDelegate: THREAD_RESUMED: thread (33, main, main)
11:26:43.352 INFO: JdwpEventCenterDelegate: THREAD_RESUMED: thread (33, main, main)
11:26:43.353 INFO: JdwpEventCenterDelegate: THREAD_RESUMED: thread (33, main, main)
11:26:43.354 INFO: JdwpEventCenterDelegate: THREAD_RESUMED: thread (33, main, main)
11:26:43.355 INFO: JdwpEventCenterDelegate: THREAD_RESUMED: thread (33, main, main)
11:26:43.357 INFO: JdwpEventCenterDelegate: THREAD_RESUMED: thread (33, main, main)
11:26:43.358 INFO: JdwpEventCenterDelegate: THREAD_RESUMED: thread (33, main, main)
11:26:43.359 INFO: JdwpEventCenterDelegate: THREAD_RESUMED: thread (33, main, main)
11:26:43.363 INFO: JdwpEventCenterDelegate: THREAD_RESUMED: thread (33, main, main)
11:26:43.364 INFO: JdwpEventCenterDelegate: THREAD_RESUMED: thread (33, main, main)
11:26:43.496 INFO: JdwpEventCenterDelegate: THREAD_STARTED: thread (93, AssetManager, main)
11:26:43.598 INFO: JdwpEventCenterDelegate: THREAD_RESUMED: thread (33, main, main)
11:26:43.600 INFO: JdwpEventCenterDelegate: THREAD_RESUMED: thread (33, main, main)
11:26:46.166 INFO: JdwpEventCenterDelegate: THREAD_RESUMED: thread (33, main, main)
11:26:46.263 INFO: JdwpEventCenterDelegate: THREAD_RESUMED: thread (33, main, main)
11:26:46.264 INFO: JdwpEventCenterDelegate: THREAD_RESUMED: thread (33, main, main)
11:26:46.266 INFO: JdwpEventCenterDelegate: THREAD_RESUMED: thread (33, main, main)
11:26:46.268 INFO: JdwpEventCenterDelegate: THREAD_RESUMED: thread (33, main, main)
11:26:46.269 INFO: JdwpEventCenterDelegate: THREAD_RESUMED: thread (33, main, main)
11:26:46.276 INFO: JdwpEventCenterDelegate: THREAD_RESUMED: thread (33, main, main)
11:26:46.288 INFO: JdwpEventCenterDelegate: THREAD_RESUMED: thread (33, main, main)
11:26:46.290 INFO: JdwpEventCenterDelegate: THREAD_RESUMED: thread (33, main, main)
11:26:46.292 INFO: JdwpEventCenterDelegate: THREAD_RESUMED: thread (33, main, main)
11:26:46.295 INFO: JdwpEventCenterDelegate: THREAD_RESUMED: thread (33, main, main)
11:26:46.297 INFO: JdwpEventCenterDelegate: THREAD_RESUMED: thread (33, main, main)
11:26:46.302 INFO: JdwpEventCenterDelegate: THREAD_RESUMED: thread (33, main, main)
11:26:46.317 INFO: JdwpEventCenterDelegate: THREAD_RESUMED: thread (33, main, main)
11:26:46.319 INFO: JdwpEventCenterDelegate: THREAD_RESUMED: thread (33, main, main)
11:26:46.321 INFO: JdwpEventCenterDelegate: THREAD_RESUMED: thread (33, main, main)
11:26:46.323 INFO: JdwpEventCenterDelegate: THREAD_RESUMED: thread (33, main, main)
11:26:46.326 INFO: JdwpEventCenterDelegate: THREAD_RESUMED: thread (33, main, main)
11:26:46.331 INFO: JdwpEventCenterDelegate: THREAD_RESUMED: thread (33, main, main)
11:26:46.349 INFO: JdwpEventCenterDelegate: THREAD_RESUMED: thread (33, main, main)
11:26:46.351 INFO: JdwpEventCenterDelegate: THREAD_RESUMED: thread (33, main, main)
11:26:46.353 INFO: JdwpEventCenterDelegate: THREAD_RESUMED: thread (33, main, main)
11:26:46.356 INFO: JdwpEventCenterDelegate: THREAD_RESUMED: thread (33, main, main)
11:26:46.358 INFO: JdwpEventCenterDelegate: THREAD_RESUMED: thread (33, main, main)
11:26:46.362 INFO: JdwpEventCenterDelegate: THREAD_RESUMED: thread (33, main, main)
11:26:46.378 INFO: JdwpEventCenterDelegate: THREAD_RESUMED: thread (33, main, main)
11:26:46.380 INFO: JdwpEventCenterDelegate: THREAD_RESUMED: thread (33, main, main)
11:26:46.382 INFO: JdwpEventCenterDelegate: THREAD_RESUMED: thread (33, main, main)
11:26:46.385 INFO: JdwpEventCenterDelegate: THREAD_RESUMED: thread (33, main, main)
11:26:46.387 INFO: JdwpEventCenterDelegate: THREAD_RESUMED: thread (33, main, main)
11:26:46.392 INFO: JdwpEventCenterDelegate: THREAD_RESUMED: thread (33, main, main)
11:26:46.407 INFO: JdwpEventCenterDelegate: THREAD_RESUMED: thread (33, main, main)
11:26:46.409 INFO: JdwpEventCenterDelegate: THREAD_RESUMED: thread (33, main, main)
11:26:46.411 INFO: JdwpEventCenterDelegate: THREAD_RESUMED: thread (33, main, main)
11:26:46.414 INFO: JdwpEventCenterDelegate: THREAD_RESUMED: thread (33, main, main)
11:26:46.416 INFO: JdwpEventCenterDelegate: THREAD_RESUMED: thread (33, main, main)
11:26:46.421 INFO: JdwpEventCenterDelegate: THREAD_RESUMED: thread (33, main, main)
11:26:46.444 INFO: JdwpEventCenterDelegate: THREAD_RESUMED: thread (33, main, main)
11:26:46.446 INFO: JdwpEventCenterDelegate: THREAD_RESUMED: thread (33, main, main)
11:26:46.448 INFO: JdwpEventCenterDelegate: THREAD_RESUMED: thread (33, main, main)
11:26:46.450 INFO: JdwpEventCenterDelegate: THREAD_RESUMED: thread (33, main, main)
11:26:46.452 INFO: JdwpEventCenterDelegate: THREAD_RESUMED: thread (33, main, main)
11:26:46.458 INFO: JdwpEventCenterDelegate: THREAD_RESUMED: thread (33, main, main)
11:26:46.477 INFO: JdwpEventCenterDelegate: THREAD_RESUMED: thread (33, main, main)
11:26:46.479 INFO: JdwpEventCenterDelegate: THREAD_RESUMED: thread (33, main, main)
11:26:46.481 INFO: JdwpEventCenterDelegate: THREAD_RESUMED: thread (33, main, main)
11:26:46.483 INFO: JdwpEventCenterDelegate: THREAD_RESUMED: thread (33, main, main)
11:26:46.485 INFO: JdwpEventCenterDelegate: THREAD_RESUMED: thread (33, main, main)
11:26:46.490 INFO: JdwpEventCenterDelegate: THREAD_RESUMED: thread (33, main, main)
11:26:46.508 INFO: JdwpEventCenterDelegate: THREAD_RESUMED: thread (33, main, main)
11:26:46.510 INFO: JdwpEventCenterDelegate: THREAD_RESUMED: thread (33, main, main)
11:26:46.513 INFO: JdwpEventCenterDelegate: THREAD_RESUMED: thread (33, main, main)
11:26:46.515 INFO: JdwpEventCenterDelegate: THREAD_RESUMED: thread (33, main, main)
11:26:46.517 INFO: JdwpEventCenterDelegate: THREAD_RESUMED: thread (33, main, main)
11:26:46.522 INFO: JdwpEventCenterDelegate: THREAD_RESUMED: thread (33, main, main)
11:26:46.537 INFO: JdwpEventCenterDelegate: THREAD_RESUMED: thread (33, main, main)
11:26:46.539 INFO: JdwpEventCenterDelegate: THREAD_RESUMED: thread (33, main, main)
11:26:46.542 INFO: JdwpEventCenterDelegate: THREAD_RESUMED: thread (33, main, main)
11:26:46.544 INFO: JdwpEventCenterDelegate: THREAD_RESUMED: thread (33, main, main)
11:26:46.546 INFO: JdwpEventCenterDelegate: THREAD_RESUMED: thread (33, main, main)
11:26:46.551 INFO: JdwpEventCenterDelegate: THREAD_RESUMED: thread (33, main, main)
11:26:46.566 INFO: JdwpEventCenterDelegate: THREAD_RESUMED: thread (33, main, main)
11:26:46.568 INFO: JdwpEventCenterDelegate: THREAD_RESUMED: thread (33, main, main)
11:26:46.570 INFO: JdwpEventCenterDelegate: THREAD_RESUMED: thread (33, main, main)
11:26:46.572 INFO: JdwpEventCenterDelegate: THREAD_RESUMED: thread (33, main, main)
11:26:46.574 INFO: JdwpEventCenterDelegate: THREAD_RESUMED: thread (33, main, main)
11:26:46.579 INFO: JdwpEventCenterDelegate: THREAD_RESUMED: thread (33, main, main)
11:26:46.602 INFO: JdwpEventCenterDelegate: THREAD_RESUMED: thread (33, main, main)
11:26:46.604 INFO: JdwpEventCenterDelegate: THREAD_RESUMED: thread (33, main, main)
11:26:46.606 INFO: JdwpEventCenterDelegate: THREAD_RESUMED: thread (33, main, main)
11:26:46.609 INFO: JdwpEventCenterDelegate: THREAD_RESUMED: thread (33, main, main)
11:26:46.611 INFO: JdwpEventCenterDelegate: THREAD_RESUMED: thread (33, main, main)
11:26:46.616 INFO: JdwpEventCenterDelegate: THREAD_RESUMED: thread (33, main, main)
11:26:46.638 INFO: JdwpEventCenterDelegate: THREAD_RESUMED: thread (33, main, main)
11:26:46.640 INFO: JdwpEventCenterDelegate: THREAD_RESUMED: thread (33, main, main)
11:26:46.642 INFO: JdwpEventCenterDelegate: THREAD_RESUMED: thread (33, main, main)
11:26:46.644 INFO: JdwpEventCenterDelegate: THREAD_RESUMED: thread (33, main, main)
11:26:46.647 INFO: JdwpEventCenterDelegate: THREAD_RESUMED: thread (33, main, main)
11:26:46.652 INFO: JdwpEventCenterDelegate: THREAD_RESUMED: thread (33, main, main)
11:26:46.671 INFO: JdwpEventCenterDelegate: THREAD_RESUMED: thread (33, main, main)
11:26:46.673 INFO: JdwpEventCenterDelegate: THREAD_RESUMED: thread (33, main, main)
11:26:46.675 INFO: JdwpEventCenterDelegate: THREAD_RESUMED: thread (33, main, main)
11:26:46.677 INFO: JdwpEventCenterDelegate: THREAD_RESUMED: thread (33, main, main)
11:26:46.679 INFO: JdwpEventCenterDelegate: THREAD_RESUMED: thread (33, main, main)
11:26:46.684 INFO: JdwpEventCenterDelegate: THREAD_RESUMED: thread (33, main, main)
11:26:46.697 INFO: JdwpEventCenterDelegate: THREAD_RESUMED: thread (33, main, main)
11:26:46.700 INFO: JdwpEventCenterDelegate: THREAD_RESUMED: thread (33, main, main)
11:26:46.702 INFO: JdwpEventCenterDelegate: THREAD_RESUMED: thread (33, main, main)
11:26:46.704 INFO: JdwpEventCenterDelegate: THREAD_RESUMED: thread (33, main, main)
11:26:46.706 INFO: JdwpEventCenterDelegate: THREAD_RESUMED: thread (33, main, main)
11:26:46.711 INFO: JdwpEventCenterDelegate: THREAD_RESUMED: thread (33, main, main)
11:26:46.713 INFO: JdwpEventCenterDelegate: THREAD_RESUMED: thread (33, main, main)
11:26:46.716 INFO: JdwpEventCenterDelegate: THREAD_RESUMED: thread (33, main, main)
11:26:46.718 INFO: JdwpEventCenterDelegate: THREAD_RESUMED: thread (33, main, main)
11:26:46.721 INFO: JdwpEventCenterDelegate: THREAD_RESUMED: thread (33, main, main)
11:26:46.723 INFO: JdwpEventCenterDelegate: THREAD_RESUMED: thread (33, main, main)
11:26:46.726 INFO: JdwpEventCenterDelegate: THREAD_RESUMED: thread (33, main, main)
11:26:46.730 INFO: JdwpEventCenterDelegate: THREAD_RESUMED: thread (33, main, main)
11:26:46.733 INFO: JdwpEventCenterDelegate: THREAD_RESUMED: thread (33, main, main)
11:26:46.735 INFO: JdwpEventCenterDelegate: THREAD_RESUMED: thread (33, main, main)
11:26:46.737 INFO: JdwpEventCenterDelegate: THREAD_RESUMED: thread (33, main, main)
11:26:46.749 INFO: JdwpEventCenterDelegate: THREAD_RESUMED: thread (33, main, main)
11:26:46.751 INFO: JdwpEventCenterDelegate: THREAD_RESUMED: thread (33, main, main)
11:26:46.753 INFO: JdwpEventCenterDelegate: THREAD_RESUMED: thread (33, main, main)
11:26:46.755 INFO: JdwpEventCenterDelegate: THREAD_RESUMED: thread (33, main, main)
11:26:46.758 INFO: JdwpEventCenterDelegate: THREAD_RESUMED: thread (33, main, main)
11:26:46.763 INFO: JdwpEventCenterDelegate: THREAD_RESUMED: thread (33, main, main)
11:26:46.775 INFO: JdwpEventCenterDelegate: THREAD_RESUMED: thread (33, main, main)
11:26:46.789 INFO: JdwpEventCenterDelegate: THREAD_RESUMED: thread (33, main, main)
11:26:46.800 INFO: JdwpEventCenterDelegate: THREAD_RESUMED: thread (33, main, main)
11:26:46.812 INFO: JdwpEventCenterDelegate: THREAD_RESUMED: thread (33, main, main)
11:26:46.843 INFO: JdwpEventCenterDelegate: THREAD_RESUMED: thread (33, main, main)
11:26:46.845 INFO: JdwpEventCenterDelegate: THREAD_RESUMED: thread (33, main, main)
11:26:46.848 INFO: JdwpEventCenterDelegate: THREAD_RESUMED: thread (33, main, main)
11:26:46.850 INFO: JdwpEventCenterDelegate: THREAD_RESUMED: thread (33, main, main)
11:26:46.852 INFO: JdwpEventCenterDelegate: THREAD_RESUMED: thread (33, main, main)
11:26:46.857 INFO: JdwpEventCenterDelegate: THREAD_RESUMED: thread (33, main, main)
11:26:46.868 INFO: JdwpEventCenterDelegate: THREAD_RESUMED: thread (33, main, main)
11:26:46.871 INFO: JdwpEventCenterDelegate: THREAD_RESUMED: thread (33, main, main)
11:26:46.873 INFO: JdwpEventCenterDelegate: THREAD_RESUMED: thread (33, main, main)
11:26:46.875 INFO: JdwpEventCenterDelegate: THREAD_RESUMED: thread (33, main, main)
11:26:46.878 INFO: JdwpEventCenterDelegate: THREAD_RESUMED: thread (33, main, main)
11:26:46.882 INFO: JdwpEventCenterDelegate: THREAD_RESUMED: thread (33, main, main)
11:26:46.900 INFO: JdwpEventCenterDelegate: THREAD_RESUMED: thread (33, main, main)
11:26:46.902 INFO: JdwpEventCenterDelegate: THREAD_RESUMED: thread (33, main, main)
11:26:46.905 INFO: JdwpEventCenterDelegate: THREAD_RESUMED: thread (33, main, main)
11:26:46.907 INFO: JdwpEventCenterDelegate: THREAD_RESUMED: thread (33, main, main)
11:26:46.909 INFO: JdwpEventCenterDelegate: THREAD_RESUMED: thread (33, main, main)
11:26:46.914 INFO: JdwpEventCenterDelegate: THREAD_RESUMED: thread (33, main, main)
11:26:46.931 INFO: JdwpEventCenterDelegate: THREAD_RESUMED: thread (33, main, main)
11:26:46.934 INFO: JdwpEventCenterDelegate: THREAD_RESUMED: thread (33, main, main)
11:26:46.936 INFO: JdwpEventCenterDelegate: THREAD_RESUMED: thread (33, main, main)
11:26:46.938 INFO: JdwpEventCenterDelegate: THREAD_RESUMED: thread (33, main, main)
11:26:46.940 INFO: JdwpEventCenterDelegate: THREAD_RESUMED: thread (33, main, main)
11:26:46.945 INFO: JdwpEventCenterDelegate: THREAD_RESUMED: thread (33, main, main)
11:26:46.960 INFO: JdwpEventCenterDelegate: THREAD_RESUMED: thread (33, main, main)
11:26:46.962 INFO: JdwpEventCenterDelegate: THREAD_RESUMED: thread (33, main, main)
11:26:46.963 INFO: JdwpEventCenterDelegate: THREAD_RESUMED: thread (33, main, main)
11:26:46.965 INFO: JdwpEventCenterDelegate: THREAD_RESUMED: thread (33, main, main)
11:26:46.967 INFO: JdwpEventCenterDelegate: THREAD_RESUMED: thread (33, main, main)
11:26:46.971 INFO: JdwpEventCenterDelegate: THREAD_RESUMED: thread (33, main, main)
11:26:46.985 INFO: JdwpEventCenterDelegate: THREAD_RESUMED: thread (33, main, main)
11:26:46.987 INFO: JdwpEventCenterDelegate: THREAD_RESUMED: thread (33, main, main)
11:26:46.989 INFO: JdwpEventCenterDelegate: THREAD_RESUMED: thread (33, main, main)
11:26:46.991 INFO: JdwpEventCenterDelegate: THREAD_RESUMED: thread (33, main, main)
11:26:46.992 INFO: JdwpEventCenterDelegate: THREAD_RESUMED: thread (33, main, main)
11:26:46.996 INFO: JdwpEventCenterDelegate: THREAD_RESUMED: thread (33, main, main)
11:26:47.014 INFO: JdwpEventCenterDelegate: THREAD_RESUMED: thread (33, main, main)
11:26:47.016 INFO: JdwpEventCenterDelegate: THREAD_RESUMED: thread (33, main, main)
11:26:47.019 INFO: JdwpEventCenterDelegate: THREAD_RESUMED: thread (33, main, main)
11:26:47.021 INFO: JdwpEventCenterDelegate: THREAD_RESUMED: thread (33, main, main)
11:26:47.023 INFO: JdwpEventCenterDelegate: THREAD_RESUMED: thread (33, main, main)
11:26:47.027 INFO: JdwpEventCenterDelegate: THREAD_RESUMED: thread (33, main, main)
11:26:47.045 INFO: JdwpEventCenterDelegate: THREAD_RESUMED: thread (33, main, main)
11:26:47.047 INFO: JdwpEventCenterDelegate: THREAD_RESUMED: thread (33, main, main)
11:26:47.049 INFO: JdwpEventCenterDelegate: THREAD_RESUMED: thread (33, main, main)
11:26:47.051 INFO: JdwpEventCenterDelegate: THREAD_RESUMED: thread (33, main, main)
11:26:47.054 INFO: JdwpEventCenterDelegate: THREAD_RESUMED: thread (33, main, main)
11:26:47.058 INFO: JdwpEventCenterDelegate: THREAD_RESUMED: thread (33, main, main)
11:26:47.075 INFO: JdwpEventCenterDelegate: THREAD_RESUMED: thread (33, main, main)
11:26:47.077 INFO: JdwpEventCenterDelegate: THREAD_RESUMED: thread (33, main, main)
11:26:47.079 INFO: JdwpEventCenterDelegate: THREAD_RESUMED: thread (33, main, main)
11:26:47.081 INFO: JdwpEventCenterDelegate: THREAD_RESUMED: thread (33, main, main)
11:26:47.083 INFO: JdwpEventCenterDelegate: THREAD_RESUMED: thread (33, main, main)
11:26:47.087 INFO: JdwpEventCenterDelegate: THREAD_RESUMED: thread (33, main, main)
11:26:47.102 INFO: JdwpEventCenterDelegate: THREAD_RESUMED: thread (33, main, main)
11:26:47.105 INFO: JdwpEventCenterDelegate: THREAD_RESUMED: thread (33, main, main)
11:26:47.107 INFO: JdwpEventCenterDelegate: THREAD_RESUMED: thread (33, main, main)
11:26:47.109 INFO: JdwpEventCenterDelegate: THREAD_RESUMED: thread (33, main, main)
11:26:47.111 INFO: JdwpEventCenterDelegate: THREAD_RESUMED: thread (33, main, main)
11:26:47.115 INFO: JdwpEventCenterDelegate: THREAD_RESUMED: thread (33, main, main)
11:26:47.129 INFO: JdwpEventCenterDelegate: THREAD_RESUMED: thread (33, main, main)
11:26:47.131 INFO: JdwpEventCenterDelegate: THREAD_RESUMED: thread (33, main, main)
11:26:47.133 INFO: JdwpEventCenterDelegate: THREAD_RESUMED: thread (33, main, main)
11:26:47.135 INFO: JdwpEventCenterDelegate: THREAD_RESUMED: thread (33, main, main)
11:26:47.137 INFO: JdwpEventCenterDelegate: THREAD_RESUMED: thread (33, main, main)
11:26:47.142 INFO: JdwpEventCenterDelegate: THREAD_RESUMED: thread (33, main, main)
11:26:47.164 INFO: JdwpEventCenterDelegate: THREAD_RESUMED: thread (33, main, main)
11:26:47.167 INFO: JdwpEventCenterDelegate: THREAD_RESUMED: thread (33, main, main)
11:26:47.169 INFO: JdwpEventCenterDelegate: THREAD_RESUMED: thread (33, main, main)
11:26:47.170 INFO: JdwpEventCenterDelegate: THREAD_RESUMED: thread (33, main, main)
11:26:47.173 INFO: JdwpEventCenterDelegate: THREAD_RESUMED: thread (33, main, main)
11:26:47.177 INFO: JdwpEventCenterDelegate: THREAD_RESUMED: thread (33, main, main)
11:26:47.198 INFO: JdwpEventCenterDelegate: THREAD_RESUMED: thread (33, main, main)
11:26:47.200 INFO: JdwpEventCenterDelegate: THREAD_RESUMED: thread (33, main, main)
11:26:47.203 INFO: JdwpEventCenterDelegate: THREAD_RESUMED: thread (33, main, main)
11:26:47.205 INFO: JdwpEventCenterDelegate: THREAD_RESUMED: thread (33, main, main)
11:26:47.207 INFO: JdwpEventCenterDelegate: THREAD_RESUMED: thread (33, main, main)
11:26:47.212 INFO: JdwpEventCenterDelegate: THREAD_RESUMED: thread (33, main, main)
11:26:47.229 INFO: JdwpEventCenterDelegate: THREAD_RESUMED: thread (33, main, main)
11:26:47.231 INFO: JdwpEventCenterDelegate: THREAD_RESUMED: thread (33, main, main)
11:26:47.234 INFO: JdwpEventCenterDelegate: THREAD_RESUMED: thread (33, main, main)
11:26:47.236 INFO: JdwpEventCenterDelegate: THREAD_RESUMED: thread (33, main, main)
11:26:47.238 INFO: JdwpEventCenterDelegate: THREAD_RESUMED: thread (33, main, main)
11:26:47.242 INFO: JdwpEventCenterDelegate: THREAD_RESUMED: thread (33, main, main)
11:26:47.255 INFO: JdwpEventCenterDelegate: THREAD_RESUMED: thread (33, main, main)
11:26:47.257 INFO: JdwpEventCenterDelegate: THREAD_RESUMED: thread (33, main, main)
11:26:47.259 INFO: JdwpEventCenterDelegate: THREAD_RESUMED: thread (33, main, main)
11:26:47.261 INFO: JdwpEventCenterDelegate: THREAD_RESUMED: thread (33, main, main)
11:26:47.264 INFO: JdwpEventCenterDelegate: THREAD_RESUMED: thread (33, main, main)
11:26:49.465 INFO: JdwpEventCenterDelegate: THREAD_STARTED: thread (108, Timer, main)
11:26:50.357 INFO: JdwpEventCenterDelegate: THREAD_RESUMED: thread (33, main, main)
11:26:50.394 INFO: JdwpEventCenterDelegate: THREAD_RESUMED: thread (33, main, main)
11:26:50.420 INFO: JdwpEventCenterDelegate: THREAD_RESUMED: thread (33, main, main)
11:26:50.439 INFO: JdwpEventCenterDelegate: THREAD_RESUMED: thread (33, main, main)
11:26:50.478 INFO: JdwpEventCenterDelegate: THREAD_RESUMED: thread (33, main, main)
11:26:50.516 INFO: JdwpEventCenterDelegate: THREAD_RESUMED: thread (33, main, main)
11:26:50.533 INFO: JdwpEventCenterDelegate: THREAD_RESUMED: thread (33, main, main)
11:26:50.548 INFO: JdwpEventCenterDelegate: THREAD_RESUMED: thread (33, main, main)
11:26:50.555 INFO: JdwpEventCenterDelegate: THREAD_RESUMED: thread (33, main, main)
11:26:50.569 INFO: JdwpEventCenterDelegate: THREAD_RESUMED: thread (33, main, main)
11:26:50.600 INFO: JdwpEventCenterDelegate: THREAD_RESUMED: thread (33, main, main)
11:26:50.612 INFO: JdwpEventCenterDelegate: THREAD_RESUMED: thread (33, main, main)
11:26:50.625 INFO: JdwpEventCenterDelegate: THREAD_RESUMED: thread (33, main, main)
11:26:50.637 INFO: JdwpEventCenterDelegate: THREAD_RESUMED: thread (33, main, main)
11:26:50.671 INFO: JdwpEventCenterDelegate: THREAD_RESUMED: thread (33, main, main)
11:26:50.704 INFO: JdwpEventCenterDelegate: THREAD_RESUMED: thread (33, main, main)
11:26:50.720 INFO: JdwpEventCenterDelegate: THREAD_RESUMED: thread (33, main, main)
11:26:50.735 INFO: JdwpEventCenterDelegate: THREAD_RESUMED: thread (33, main, main)
11:26:50.740 INFO: JdwpEventCenterDelegate: THREAD_RESUMED: thread (33, main, main)
11:26:50.754 INFO: JdwpEventCenterDelegate: THREAD_RESUMED: thread (33, main, main)
11:26:52.016 SEVERE: Debugger: Thread HooksChannel socket thread crashed
org.robovm.debugger.DebuggerException: java.io.IOException: org.robovm.libimobiledevice.LibIMobileDeviceException: IDEVICE_E_UNKNOWN_ERROR
	at org.robovm.debugger.hooks.HooksChannel.doSocketWork(HooksChannel.java:149)
	at java.base/java.lang.Thread.run(Thread.java:834)
	at org.robovm.debugger.utils.DebuggerThread.run(DebuggerThread.java:42)
Caused by: java.io.IOException: org.robovm.libimobiledevice.LibIMobileDeviceException: IDEVICE_E_UNKNOWN_ERROR
	at org.robovm.libimobiledevice.IDeviceConnection$DeviceInputStream.read(IDeviceConnection.java:203)
	at org.robovm.debugger.utils.bytebuffer.DataBufferWriter.writeFromStream(DataBufferWriter.java:89)
	at org.robovm.debugger.hooks.HooksChannel.doSocketWork(HooksChannel.java:116)
	... 2 more
Caused by: org.robovm.libimobiledevice.LibIMobileDeviceException: IDEVICE_E_UNKNOWN_ERROR
	at org.robovm.libimobiledevice.IDevice.checkResult(IDevice.java:206)
	at org.robovm.libimobiledevice.IDeviceConnection.receive(IDeviceConnection.java:110)
	at org.robovm.libimobiledevice.IDeviceConnection.receive(IDeviceConnection.java:81)
	at org.robovm.libimobiledevice.IDeviceConnection$DeviceInputStream.read(IDeviceConnection.java:201)
	... 4 more
11:26:52.023 INFO: JdwpDebugServer: handling req: VirtualMachine(1).Exit(10)
11:26:52.023 SEVERE: Debugger: Thread JDWP server socket thread crashed
org.robovm.debugger.DebuggerException: Terminating due exit command
	at org.robovm.debugger.jdwp.JdwpDebugServer.doSocketWork(JdwpDebugServer.java:211)
	at java.base/java.lang.Thread.run(Thread.java:834)
	at org.robovm.debugger.utils.DebuggerThread.run(DebuggerThread.java:42)
