14:28:54.958 INFO: JdwpDebugServer: handling req: VirtualMachine(1).IDSizes(7)
14:28:54.959 INFO: JdwpDebugServer: handling req: EventRequest(15).Set(1)
14:28:54.959 INFO: JdwpEventCenterDelegate: jdwpSetEventRequest: JdwpEventRequest{requestId=100, eventKind=CLASS_PREPARE, suspendPolicy=NONE, predicates=[]}
14:28:54.959 INFO: JdwpDebugServer: handling req: EventRequest(15).Set(1)
14:28:54.959 INFO: JdwpEventCenterDelegate: jdwpSetEventRequest: JdwpEventRequest{requestId=101, eventKind=CLASS_UNLOAD, suspendPolicy=NONE, predicates=[]}
14:28:54.973 INFO: JdwpDebugServer: handling req: VirtualMachine(1).Version(1)
14:28:54.974 INFO: JdwpDebugServer: handling req: VirtualMachine(1).capabilitiesNew(17)
14:28:54.974 INFO: JdwpDebugServer: handling req: VirtualMachine(1).capabilities(12)
14:28:54.974 INFO: JdwpDebugServer: handling req: VirtualMachine(1).AllClassesWithGeneric(20)
14:28:54.977 INFO: JdwpDebugServer: handling req: VirtualMachine(1).TopLevelThreadGroups(5)
14:28:54.977 INFO: JdwpDebugServer: handling req: EventRequest(15).Set(1)
14:28:54.977 INFO: JdwpEventCenterDelegate: jdwpSetEventRequest: JdwpEventRequest{requestId=102, eventKind=THREAD_START, suspendPolicy=NONE, predicates=[]}
14:28:54.977 INFO: JdwpDebugServer: handling req: EventRequest(15).Set(1)
14:28:54.977 INFO: JdwpEventCenterDelegate: jdwpSetEventRequest: JdwpEventRequest{requestId=103, eventKind=THREAD_DEATH, suspendPolicy=NONE, predicates=[]}
14:28:54.979 INFO: JdwpDebugServer: handling req: EventRequest(15).Set(1)
14:28:54.979 INFO: JdwpEventCenterDelegate: jdwpSetEventRequest: JdwpEventRequest{requestId=104, eventKind=CLASS_PREPARE, suspendPolicy=EVENT_THREAD, predicates=[className=sun.instrument.InstrumentationImpl]}
14:28:54.979 INFO: JdwpDebugServer: handling req: EventRequest(15).Set(1)
14:28:54.979 INFO: JdwpEventCenterDelegate: jdwpSetEventRequest: JdwpEventRequest{requestId=105, eventKind=CLASS_PREPARE, suspendPolicy=EVENT_THREAD, predicates=[className=sun.instrument.InstrumentationImpl]}
14:28:55.579 INFO: JdwpDebugServer: handling req: VirtualMachine(1).Resume(9)
14:28:55.627 INFO: JdwpEventCenterDelegate: THREAD_STARTED: thread (33, main, main)
14:28:55.653 INFO: JdwpEventCenterDelegate: THREAD_STARTED: thread (48, ReferenceQueueDaemon, main)
14:28:55.658 INFO: JdwpEventCenterDelegate: THREAD_STARTED: thread (63, FinalizerDaemon, main)
14:28:55.663 INFO: JdwpEventCenterDelegate: THREAD_STARTED: thread (78, FinalizerWatchdogDaemon, main)
14:28:55.666 INFO: JdwpEventCenterDelegate: THREAD_RESUMED: thread (33, main, main)
14:28:55.667 INFO: JdwpEventCenterDelegate: THREAD_RESUMED: thread (33, main, main)
14:28:55.669 INFO: JdwpEventCenterDelegate: THREAD_RESUMED: thread (33, main, main)
14:28:55.670 INFO: JdwpEventCenterDelegate: THREAD_RESUMED: thread (33, main, main)
14:28:55.671 INFO: JdwpEventCenterDelegate: THREAD_RESUMED: thread (33, main, main)
14:28:55.672 INFO: JdwpEventCenterDelegate: THREAD_RESUMED: thread (33, main, main)
14:28:55.673 INFO: JdwpEventCenterDelegate: THREAD_RESUMED: thread (33, main, main)
14:28:55.674 INFO: JdwpEventCenterDelegate: THREAD_RESUMED: thread (33, main, main)
14:28:55.675 INFO: JdwpEventCenterDelegate: THREAD_RESUMED: thread (33, main, main)
14:28:55.676 INFO: JdwpEventCenterDelegate: THREAD_RESUMED: thread (33, main, main)
14:28:55.677 INFO: JdwpEventCenterDelegate: THREAD_RESUMED: thread (33, main, main)
14:28:55.678 INFO: JdwpEventCenterDelegate: THREAD_RESUMED: thread (33, main, main)
14:28:55.679 INFO: JdwpEventCenterDelegate: THREAD_RESUMED: thread (33, main, main)
14:28:55.681 INFO: JdwpEventCenterDelegate: THREAD_RESUMED: thread (33, main, main)
14:28:55.682 INFO: JdwpEventCenterDelegate: THREAD_RESUMED: thread (33, main, main)
14:28:55.683 INFO: JdwpEventCenterDelegate: THREAD_RESUMED: thread (33, main, main)
14:28:55.684 INFO: JdwpEventCenterDelegate: THREAD_RESUMED: thread (33, main, main)
14:28:55.685 INFO: JdwpEventCenterDelegate: THREAD_RESUMED: thread (33, main, main)
14:28:55.688 INFO: JdwpEventCenterDelegate: THREAD_RESUMED: thread (33, main, main)
14:28:55.690 INFO: JdwpEventCenterDelegate: THREAD_RESUMED: thread (33, main, main)
14:28:55.691 INFO: JdwpEventCenterDelegate: THREAD_RESUMED: thread (33, main, main)
14:28:55.692 INFO: JdwpEventCenterDelegate: THREAD_RESUMED: thread (33, main, main)
14:28:55.693 INFO: JdwpEventCenterDelegate: THREAD_RESUMED: thread (33, main, main)
14:28:55.694 INFO: JdwpEventCenterDelegate: THREAD_RESUMED: thread (33, main, main)
14:28:55.695 INFO: JdwpEventCenterDelegate: THREAD_RESUMED: thread (33, main, main)
14:28:55.727 INFO: JdwpEventCenterDelegate: THREAD_RESUMED: thread (33, main, main)
14:28:55.729 INFO: JdwpEventCenterDelegate: THREAD_RESUMED: thread (33, main, main)
14:28:55.730 INFO: JdwpEventCenterDelegate: THREAD_RESUMED: thread (33, main, main)
14:28:55.731 INFO: JdwpEventCenterDelegate: THREAD_RESUMED: thread (33, main, main)
14:28:55.732 INFO: JdwpEventCenterDelegate: THREAD_RESUMED: thread (33, main, main)
14:28:55.734 INFO: JdwpEventCenterDelegate: THREAD_RESUMED: thread (33, main, main)
14:28:55.735 INFO: JdwpEventCenterDelegate: THREAD_RESUMED: thread (33, main, main)
14:28:55.738 INFO: JdwpEventCenterDelegate: THREAD_RESUMED: thread (33, main, main)
14:28:55.739 INFO: JdwpEventCenterDelegate: THREAD_RESUMED: thread (33, main, main)
14:28:55.740 INFO: JdwpEventCenterDelegate: THREAD_RESUMED: thread (33, main, main)
14:28:55.742 INFO: JdwpEventCenterDelegate: THREAD_RESUMED: thread (33, main, main)
14:28:55.743 INFO: JdwpEventCenterDelegate: THREAD_RESUMED: thread (33, main, main)
14:28:55.745 INFO: JdwpEventCenterDelegate: THREAD_RESUMED: thread (33, main, main)
14:28:55.746 INFO: JdwpEventCenterDelegate: THREAD_RESUMED: thread (33, main, main)
14:28:55.761 INFO: JdwpEventCenterDelegate: THREAD_RESUMED: thread (33, main, main)
14:28:55.763 INFO: JdwpEventCenterDelegate: THREAD_RESUMED: thread (33, main, main)
14:28:55.765 INFO: JdwpEventCenterDelegate: THREAD_RESUMED: thread (33, main, main)
14:28:55.766 INFO: JdwpEventCenterDelegate: THREAD_RESUMED: thread (33, main, main)
14:28:55.768 INFO: JdwpEventCenterDelegate: THREAD_RESUMED: thread (33, main, main)
14:28:55.770 INFO: JdwpEventCenterDelegate: THREAD_RESUMED: thread (33, main, main)
14:28:55.772 INFO: JdwpEventCenterDelegate: THREAD_RESUMED: thread (33, main, main)
14:28:55.794 INFO: JdwpEventCenterDelegate: THREAD_RESUMED: thread (33, main, main)
14:28:55.795 INFO: JdwpEventCenterDelegate: THREAD_RESUMED: thread (33, main, main)
14:28:55.796 INFO: JdwpEventCenterDelegate: THREAD_RESUMED: thread (33, main, main)
14:28:55.798 INFO: JdwpEventCenterDelegate: THREAD_RESUMED: thread (33, main, main)
14:28:55.799 INFO: JdwpEventCenterDelegate: THREAD_RESUMED: thread (33, main, main)
14:28:55.800 INFO: JdwpEventCenterDelegate: THREAD_RESUMED: thread (33, main, main)
14:28:55.801 INFO: JdwpEventCenterDelegate: THREAD_RESUMED: thread (33, main, main)
14:28:55.826 INFO: JdwpEventCenterDelegate: THREAD_RESUMED: thread (33, main, main)
14:28:55.827 INFO: JdwpEventCenterDelegate: THREAD_RESUMED: thread (33, main, main)
14:28:55.829 INFO: JdwpEventCenterDelegate: THREAD_RESUMED: thread (33, main, main)
14:28:55.830 INFO: JdwpEventCenterDelegate: THREAD_RESUMED: thread (33, main, main)
14:28:55.831 INFO: JdwpEventCenterDelegate: THREAD_RESUMED: thread (33, main, main)
14:28:55.833 INFO: JdwpEventCenterDelegate: THREAD_RESUMED: thread (33, main, main)
14:28:55.834 INFO: JdwpEventCenterDelegate: THREAD_RESUMED: thread (33, main, main)
14:28:55.846 INFO: JdwpEventCenterDelegate: THREAD_RESUMED: thread (33, main, main)
14:28:55.847 INFO: JdwpEventCenterDelegate: THREAD_RESUMED: thread (33, main, main)
14:28:55.848 INFO: JdwpEventCenterDelegate: THREAD_RESUMED: thread (33, main, main)
14:28:55.850 INFO: JdwpEventCenterDelegate: THREAD_RESUMED: thread (33, main, main)
14:28:55.851 INFO: JdwpEventCenterDelegate: THREAD_RESUMED: thread (33, main, main)
14:28:55.853 INFO: JdwpEventCenterDelegate: THREAD_RESUMED: thread (33, main, main)
14:28:55.854 INFO: JdwpEventCenterDelegate: THREAD_RESUMED: thread (33, main, main)
14:28:55.863 INFO: JdwpEventCenterDelegate: THREAD_RESUMED: thread (33, main, main)
14:28:55.865 INFO: JdwpEventCenterDelegate: THREAD_RESUMED: thread (33, main, main)
14:28:55.866 INFO: JdwpEventCenterDelegate: THREAD_RESUMED: thread (33, main, main)
14:28:55.868 INFO: JdwpEventCenterDelegate: THREAD_RESUMED: thread (33, main, main)
14:28:55.870 INFO: JdwpEventCenterDelegate: THREAD_RESUMED: thread (33, main, main)
14:28:55.871 INFO: JdwpEventCenterDelegate: THREAD_RESUMED: thread (33, main, main)
14:28:55.873 INFO: JdwpEventCenterDelegate: THREAD_RESUMED: thread (33, main, main)
14:28:55.874 INFO: JdwpEventCenterDelegate: THREAD_RESUMED: thread (33, main, main)
14:28:55.876 INFO: JdwpEventCenterDelegate: THREAD_RESUMED: thread (33, main, main)
14:28:55.877 INFO: JdwpEventCenterDelegate: THREAD_RESUMED: thread (33, main, main)
14:28:55.879 INFO: JdwpEventCenterDelegate: THREAD_RESUMED: thread (33, main, main)
14:28:55.881 INFO: JdwpEventCenterDelegate: THREAD_RESUMED: thread (33, main, main)
14:28:55.882 INFO: JdwpEventCenterDelegate: THREAD_RESUMED: thread (33, main, main)
14:28:55.884 INFO: JdwpEventCenterDelegate: THREAD_RESUMED: thread (33, main, main)
14:28:55.885 INFO: JdwpEventCenterDelegate: THREAD_RESUMED: thread (33, main, main)
14:28:55.887 INFO: JdwpEventCenterDelegate: THREAD_RESUMED: thread (33, main, main)
14:28:55.888 INFO: JdwpEventCenterDelegate: THREAD_RESUMED: thread (33, main, main)
14:28:55.890 INFO: JdwpEventCenterDelegate: THREAD_RESUMED: thread (33, main, main)
14:28:55.894 INFO: JdwpEventCenterDelegate: THREAD_RESUMED: thread (33, main, main)
14:28:55.896 INFO: JdwpEventCenterDelegate: THREAD_RESUMED: thread (33, main, main)
14:28:56.019 INFO: JdwpEventCenterDelegate: THREAD_STARTED: thread (93, AssetManager, main)
14:28:56.124 INFO: JdwpEventCenterDelegate: THREAD_RESUMED: thread (33, main, main)
14:28:56.126 INFO: JdwpEventCenterDelegate: THREAD_RESUMED: thread (33, main, main)
14:28:58.691 INFO: JdwpEventCenterDelegate: THREAD_RESUMED: thread (33, main, main)
14:28:58.793 INFO: JdwpEventCenterDelegate: THREAD_RESUMED: thread (33, main, main)
14:28:58.795 INFO: JdwpEventCenterDelegate: THREAD_RESUMED: thread (33, main, main)
14:28:58.797 INFO: JdwpEventCenterDelegate: THREAD_RESUMED: thread (33, main, main)
14:28:58.799 INFO: JdwpEventCenterDelegate: THREAD_RESUMED: thread (33, main, main)
14:28:58.801 INFO: JdwpEventCenterDelegate: THREAD_RESUMED: thread (33, main, main)
14:28:58.807 INFO: JdwpEventCenterDelegate: THREAD_RESUMED: thread (33, main, main)
14:28:58.819 INFO: JdwpEventCenterDelegate: THREAD_RESUMED: thread (33, main, main)
14:28:58.821 INFO: JdwpEventCenterDelegate: THREAD_RESUMED: thread (33, main, main)
14:28:58.823 INFO: JdwpEventCenterDelegate: THREAD_RESUMED: thread (33, main, main)
14:28:58.825 INFO: JdwpEventCenterDelegate: THREAD_RESUMED: thread (33, main, main)
14:28:58.827 INFO: JdwpEventCenterDelegate: THREAD_RESUMED: thread (33, main, main)
14:28:58.831 INFO: JdwpEventCenterDelegate: THREAD_RESUMED: thread (33, main, main)
14:28:58.846 INFO: JdwpEventCenterDelegate: THREAD_RESUMED: thread (33, main, main)
14:28:58.848 INFO: JdwpEventCenterDelegate: THREAD_RESUMED: thread (33, main, main)
14:28:58.850 INFO: JdwpEventCenterDelegate: THREAD_RESUMED: thread (33, main, main)
14:28:58.852 INFO: JdwpEventCenterDelegate: THREAD_RESUMED: thread (33, main, main)
14:28:58.854 INFO: JdwpEventCenterDelegate: THREAD_RESUMED: thread (33, main, main)
14:28:58.859 INFO: JdwpEventCenterDelegate: THREAD_RESUMED: thread (33, main, main)
14:28:58.878 INFO: JdwpEventCenterDelegate: THREAD_RESUMED: thread (33, main, main)
14:28:58.880 INFO: JdwpEventCenterDelegate: THREAD_RESUMED: thread (33, main, main)
14:28:58.882 INFO: JdwpEventCenterDelegate: THREAD_RESUMED: thread (33, main, main)
14:28:58.884 INFO: JdwpEventCenterDelegate: THREAD_RESUMED: thread (33, main, main)
14:28:58.886 INFO: JdwpEventCenterDelegate: THREAD_RESUMED: thread (33, main, main)
14:28:58.891 INFO: JdwpEventCenterDelegate: THREAD_RESUMED: thread (33, main, main)
14:28:58.907 INFO: JdwpEventCenterDelegate: THREAD_RESUMED: thread (33, main, main)
14:28:58.909 INFO: JdwpEventCenterDelegate: THREAD_RESUMED: thread (33, main, main)
14:28:58.911 INFO: JdwpEventCenterDelegate: THREAD_RESUMED: thread (33, main, main)
14:28:58.913 INFO: JdwpEventCenterDelegate: THREAD_RESUMED: thread (33, main, main)
14:28:58.915 INFO: JdwpEventCenterDelegate: THREAD_RESUMED: thread (33, main, main)
14:28:58.920 INFO: JdwpEventCenterDelegate: THREAD_RESUMED: thread (33, main, main)
14:28:58.935 INFO: JdwpEventCenterDelegate: THREAD_RESUMED: thread (33, main, main)
14:28:58.937 INFO: JdwpEventCenterDelegate: THREAD_RESUMED: thread (33, main, main)
14:28:58.939 INFO: JdwpEventCenterDelegate: THREAD_RESUMED: thread (33, main, main)
14:28:58.941 INFO: JdwpEventCenterDelegate: THREAD_RESUMED: thread (33, main, main)
14:28:58.943 INFO: JdwpEventCenterDelegate: THREAD_RESUMED: thread (33, main, main)
14:28:58.948 INFO: JdwpEventCenterDelegate: THREAD_RESUMED: thread (33, main, main)
14:28:58.967 INFO: JdwpEventCenterDelegate: THREAD_RESUMED: thread (33, main, main)
14:28:58.970 INFO: JdwpEventCenterDelegate: THREAD_RESUMED: thread (33, main, main)
14:28:58.972 INFO: JdwpEventCenterDelegate: THREAD_RESUMED: thread (33, main, main)
14:28:58.974 INFO: JdwpEventCenterDelegate: THREAD_RESUMED: thread (33, main, main)
14:28:58.976 INFO: JdwpEventCenterDelegate: THREAD_RESUMED: thread (33, main, main)
14:28:58.980 INFO: JdwpEventCenterDelegate: THREAD_RESUMED: thread (33, main, main)
14:28:58.999 INFO: JdwpEventCenterDelegate: THREAD_RESUMED: thread (33, main, main)
14:28:59.002 INFO: JdwpEventCenterDelegate: THREAD_RESUMED: thread (33, main, main)
14:28:59.003 INFO: JdwpEventCenterDelegate: THREAD_RESUMED: thread (33, main, main)
14:28:59.006 INFO: JdwpEventCenterDelegate: THREAD_RESUMED: thread (33, main, main)
14:28:59.008 INFO: JdwpEventCenterDelegate: THREAD_RESUMED: thread (33, main, main)
14:28:59.013 INFO: JdwpEventCenterDelegate: THREAD_RESUMED: thread (33, main, main)
14:28:59.031 INFO: JdwpEventCenterDelegate: THREAD_RESUMED: thread (33, main, main)
14:28:59.034 INFO: JdwpEventCenterDelegate: THREAD_RESUMED: thread (33, main, main)
14:28:59.036 INFO: JdwpEventCenterDelegate: THREAD_RESUMED: thread (33, main, main)
14:28:59.038 INFO: JdwpEventCenterDelegate: THREAD_RESUMED: thread (33, main, main)
14:28:59.041 INFO: JdwpEventCenterDelegate: THREAD_RESUMED: thread (33, main, main)
14:28:59.046 INFO: JdwpEventCenterDelegate: THREAD_RESUMED: thread (33, main, main)
14:28:59.064 INFO: JdwpEventCenterDelegate: THREAD_RESUMED: thread (33, main, main)
14:28:59.067 INFO: JdwpEventCenterDelegate: THREAD_RESUMED: thread (33, main, main)
14:28:59.068 INFO: JdwpEventCenterDelegate: THREAD_RESUMED: thread (33, main, main)
14:28:59.070 INFO: JdwpEventCenterDelegate: THREAD_RESUMED: thread (33, main, main)
14:28:59.072 INFO: JdwpEventCenterDelegate: THREAD_RESUMED: thread (33, main, main)
14:28:59.077 INFO: JdwpEventCenterDelegate: THREAD_RESUMED: thread (33, main, main)
14:28:59.092 INFO: JdwpEventCenterDelegate: THREAD_RESUMED: thread (33, main, main)
14:28:59.095 INFO: JdwpEventCenterDelegate: THREAD_RESUMED: thread (33, main, main)
14:28:59.097 INFO: JdwpEventCenterDelegate: THREAD_RESUMED: thread (33, main, main)
14:28:59.099 INFO: JdwpEventCenterDelegate: THREAD_RESUMED: thread (33, main, main)
14:28:59.101 INFO: JdwpEventCenterDelegate: THREAD_RESUMED: thread (33, main, main)
14:28:59.106 INFO: JdwpEventCenterDelegate: THREAD_RESUMED: thread (33, main, main)
14:28:59.126 INFO: JdwpEventCenterDelegate: THREAD_RESUMED: thread (33, main, main)
14:28:59.128 INFO: JdwpEventCenterDelegate: THREAD_RESUMED: thread (33, main, main)
14:28:59.130 INFO: JdwpEventCenterDelegate: THREAD_RESUMED: thread (33, main, main)
14:28:59.132 INFO: JdwpEventCenterDelegate: THREAD_RESUMED: thread (33, main, main)
14:28:59.134 INFO: JdwpEventCenterDelegate: THREAD_RESUMED: thread (33, main, main)
14:28:59.139 INFO: JdwpEventCenterDelegate: THREAD_RESUMED: thread (33, main, main)
14:28:59.161 INFO: JdwpEventCenterDelegate: THREAD_RESUMED: thread (33, main, main)
14:28:59.163 INFO: JdwpEventCenterDelegate: THREAD_RESUMED: thread (33, main, main)
14:28:59.165 INFO: JdwpEventCenterDelegate: THREAD_RESUMED: thread (33, main, main)
14:28:59.166 INFO: JdwpEventCenterDelegate: THREAD_RESUMED: thread (33, main, main)
14:28:59.168 INFO: JdwpEventCenterDelegate: THREAD_RESUMED: thread (33, main, main)
14:28:59.174 INFO: JdwpEventCenterDelegate: THREAD_RESUMED: thread (33, main, main)
14:28:59.192 INFO: JdwpEventCenterDelegate: THREAD_RESUMED: thread (33, main, main)
14:28:59.194 INFO: JdwpEventCenterDelegate: THREAD_RESUMED: thread (33, main, main)
14:28:59.196 INFO: JdwpEventCenterDelegate: THREAD_RESUMED: thread (33, main, main)
14:28:59.197 INFO: JdwpEventCenterDelegate: THREAD_RESUMED: thread (33, main, main)
14:28:59.199 INFO: JdwpEventCenterDelegate: THREAD_RESUMED: thread (33, main, main)
14:28:59.204 INFO: JdwpEventCenterDelegate: THREAD_RESUMED: thread (33, main, main)
14:28:59.217 INFO: JdwpEventCenterDelegate: THREAD_RESUMED: thread (33, main, main)
14:28:59.219 INFO: JdwpEventCenterDelegate: THREAD_RESUMED: thread (33, main, main)
14:28:59.221 INFO: JdwpEventCenterDelegate: THREAD_RESUMED: thread (33, main, main)
14:28:59.223 INFO: JdwpEventCenterDelegate: THREAD_RESUMED: thread (33, main, main)
14:28:59.224 INFO: JdwpEventCenterDelegate: THREAD_RESUMED: thread (33, main, main)
14:28:59.229 INFO: JdwpEventCenterDelegate: THREAD_RESUMED: thread (33, main, main)
14:28:59.231 INFO: JdwpEventCenterDelegate: THREAD_RESUMED: thread (33, main, main)
14:28:59.233 INFO: JdwpEventCenterDelegate: THREAD_RESUMED: thread (33, main, main)
14:28:59.235 INFO: JdwpEventCenterDelegate: THREAD_RESUMED: thread (33, main, main)
14:28:59.237 INFO: JdwpEventCenterDelegate: THREAD_RESUMED: thread (33, main, main)
14:28:59.239 INFO: JdwpEventCenterDelegate: THREAD_RESUMED: thread (33, main, main)
14:28:59.241 INFO: JdwpEventCenterDelegate: THREAD_RESUMED: thread (33, main, main)
14:28:59.245 INFO: JdwpEventCenterDelegate: THREAD_RESUMED: thread (33, main, main)
14:28:59.247 INFO: JdwpEventCenterDelegate: THREAD_RESUMED: thread (33, main, main)
14:28:59.249 INFO: JdwpEventCenterDelegate: THREAD_RESUMED: thread (33, main, main)
14:28:59.251 INFO: JdwpEventCenterDelegate: THREAD_RESUMED: thread (33, main, main)
14:28:59.265 INFO: JdwpEventCenterDelegate: THREAD_RESUMED: thread (33, main, main)
14:28:59.267 INFO: JdwpEventCenterDelegate: THREAD_RESUMED: thread (33, main, main)
14:28:59.269 INFO: JdwpEventCenterDelegate: THREAD_RESUMED: thread (33, main, main)
14:28:59.270 INFO: JdwpEventCenterDelegate: THREAD_RESUMED: thread (33, main, main)
14:28:59.271 INFO: JdwpEventCenterDelegate: THREAD_RESUMED: thread (33, main, main)
14:28:59.276 INFO: JdwpEventCenterDelegate: THREAD_RESUMED: thread (33, main, main)
14:28:59.288 INFO: JdwpEventCenterDelegate: THREAD_RESUMED: thread (33, main, main)
14:28:59.301 INFO: JdwpEventCenterDelegate: THREAD_RESUMED: thread (33, main, main)
14:28:59.311 INFO: JdwpEventCenterDelegate: THREAD_RESUMED: thread (33, main, main)
14:28:59.324 INFO: JdwpEventCenterDelegate: THREAD_RESUMED: thread (33, main, main)
14:28:59.358 INFO: JdwpEventCenterDelegate: THREAD_RESUMED: thread (33, main, main)
14:28:59.360 INFO: JdwpEventCenterDelegate: THREAD_RESUMED: thread (33, main, main)
14:28:59.362 INFO: JdwpEventCenterDelegate: THREAD_RESUMED: thread (33, main, main)
14:28:59.364 INFO: JdwpEventCenterDelegate: THREAD_RESUMED: thread (33, main, main)
14:28:59.366 INFO: JdwpEventCenterDelegate: THREAD_RESUMED: thread (33, main, main)
14:28:59.370 INFO: JdwpEventCenterDelegate: THREAD_RESUMED: thread (33, main, main)
14:28:59.381 INFO: JdwpEventCenterDelegate: THREAD_RESUMED: thread (33, main, main)
14:28:59.383 INFO: JdwpEventCenterDelegate: THREAD_RESUMED: thread (33, main, main)
14:28:59.386 INFO: JdwpEventCenterDelegate: THREAD_RESUMED: thread (33, main, main)
14:28:59.388 INFO: JdwpEventCenterDelegate: THREAD_RESUMED: thread (33, main, main)
14:28:59.390 INFO: JdwpEventCenterDelegate: THREAD_RESUMED: thread (33, main, main)
14:28:59.394 INFO: JdwpEventCenterDelegate: THREAD_RESUMED: thread (33, main, main)
14:28:59.408 INFO: JdwpEventCenterDelegate: THREAD_RESUMED: thread (33, main, main)
14:28:59.410 INFO: JdwpEventCenterDelegate: THREAD_RESUMED: thread (33, main, main)
14:28:59.411 INFO: JdwpEventCenterDelegate: THREAD_RESUMED: thread (33, main, main)
14:28:59.413 INFO: JdwpEventCenterDelegate: THREAD_RESUMED: thread (33, main, main)
14:28:59.415 INFO: JdwpEventCenterDelegate: THREAD_RESUMED: thread (33, main, main)
14:28:59.419 INFO: JdwpEventCenterDelegate: THREAD_RESUMED: thread (33, main, main)
14:28:59.436 INFO: JdwpEventCenterDelegate: THREAD_RESUMED: thread (33, main, main)
14:28:59.438 INFO: JdwpEventCenterDelegate: THREAD_RESUMED: thread (33, main, main)
14:28:59.440 INFO: JdwpEventCenterDelegate: THREAD_RESUMED: thread (33, main, main)
14:28:59.442 INFO: JdwpEventCenterDelegate: THREAD_RESUMED: thread (33, main, main)
14:28:59.444 INFO: JdwpEventCenterDelegate: THREAD_RESUMED: thread (33, main, main)
14:28:59.448 INFO: JdwpEventCenterDelegate: THREAD_RESUMED: thread (33, main, main)
14:28:59.463 INFO: JdwpEventCenterDelegate: THREAD_RESUMED: thread (33, main, main)
14:28:59.465 INFO: JdwpEventCenterDelegate: THREAD_RESUMED: thread (33, main, main)
14:28:59.467 INFO: JdwpEventCenterDelegate: THREAD_RESUMED: thread (33, main, main)
14:28:59.469 INFO: JdwpEventCenterDelegate: THREAD_RESUMED: thread (33, main, main)
14:28:59.471 INFO: JdwpEventCenterDelegate: THREAD_RESUMED: thread (33, main, main)
14:28:59.475 INFO: JdwpEventCenterDelegate: THREAD_RESUMED: thread (33, main, main)
14:28:59.489 INFO: JdwpEventCenterDelegate: THREAD_RESUMED: thread (33, main, main)
14:28:59.491 INFO: JdwpEventCenterDelegate: THREAD_RESUMED: thread (33, main, main)
14:28:59.493 INFO: JdwpEventCenterDelegate: THREAD_RESUMED: thread (33, main, main)
14:28:59.495 INFO: JdwpEventCenterDelegate: THREAD_RESUMED: thread (33, main, main)
14:28:59.497 INFO: JdwpEventCenterDelegate: THREAD_RESUMED: thread (33, main, main)
14:28:59.502 INFO: JdwpEventCenterDelegate: THREAD_RESUMED: thread (33, main, main)
14:28:59.523 INFO: JdwpEventCenterDelegate: THREAD_RESUMED: thread (33, main, main)
14:28:59.525 INFO: JdwpEventCenterDelegate: THREAD_RESUMED: thread (33, main, main)
14:28:59.527 INFO: JdwpEventCenterDelegate: THREAD_RESUMED: thread (33, main, main)
14:28:59.530 INFO: JdwpEventCenterDelegate: THREAD_RESUMED: thread (33, main, main)
14:28:59.532 INFO: JdwpEventCenterDelegate: THREAD_RESUMED: thread (33, main, main)
14:28:59.537 INFO: JdwpEventCenterDelegate: THREAD_RESUMED: thread (33, main, main)
14:28:59.554 INFO: JdwpEventCenterDelegate: THREAD_RESUMED: thread (33, main, main)
14:28:59.556 INFO: JdwpEventCenterDelegate: THREAD_RESUMED: thread (33, main, main)
14:28:59.559 INFO: JdwpEventCenterDelegate: THREAD_RESUMED: thread (33, main, main)
14:28:59.561 INFO: JdwpEventCenterDelegate: THREAD_RESUMED: thread (33, main, main)
14:28:59.563 INFO: JdwpEventCenterDelegate: THREAD_RESUMED: thread (33, main, main)
14:28:59.568 INFO: JdwpEventCenterDelegate: THREAD_RESUMED: thread (33, main, main)
14:28:59.585 INFO: JdwpEventCenterDelegate: THREAD_RESUMED: thread (33, main, main)
14:28:59.588 INFO: JdwpEventCenterDelegate: THREAD_RESUMED: thread (33, main, main)
14:28:59.590 INFO: JdwpEventCenterDelegate: THREAD_RESUMED: thread (33, main, main)
14:28:59.592 INFO: JdwpEventCenterDelegate: THREAD_RESUMED: thread (33, main, main)
14:28:59.594 INFO: JdwpEventCenterDelegate: THREAD_RESUMED: thread (33, main, main)
14:28:59.599 INFO: JdwpEventCenterDelegate: THREAD_RESUMED: thread (33, main, main)
14:28:59.614 INFO: JdwpEventCenterDelegate: THREAD_RESUMED: thread (33, main, main)
14:28:59.616 INFO: JdwpEventCenterDelegate: THREAD_RESUMED: thread (33, main, main)
14:28:59.618 INFO: JdwpEventCenterDelegate: THREAD_RESUMED: thread (33, main, main)
14:28:59.620 INFO: JdwpEventCenterDelegate: THREAD_RESUMED: thread (33, main, main)
14:28:59.622 INFO: JdwpEventCenterDelegate: THREAD_RESUMED: thread (33, main, main)
14:28:59.627 INFO: JdwpEventCenterDelegate: THREAD_RESUMED: thread (33, main, main)
14:28:59.641 INFO: JdwpEventCenterDelegate: THREAD_RESUMED: thread (33, main, main)
14:28:59.643 INFO: JdwpEventCenterDelegate: THREAD_RESUMED: thread (33, main, main)
14:28:59.646 INFO: JdwpEventCenterDelegate: THREAD_RESUMED: thread (33, main, main)
14:28:59.648 INFO: JdwpEventCenterDelegate: THREAD_RESUMED: thread (33, main, main)
14:28:59.651 INFO: JdwpEventCenterDelegate: THREAD_RESUMED: thread (33, main, main)
14:28:59.655 INFO: JdwpEventCenterDelegate: THREAD_RESUMED: thread (33, main, main)
14:28:59.674 INFO: JdwpEventCenterDelegate: THREAD_RESUMED: thread (33, main, main)
14:28:59.676 INFO: JdwpEventCenterDelegate: THREAD_RESUMED: thread (33, main, main)
14:28:59.678 INFO: JdwpEventCenterDelegate: THREAD_RESUMED: thread (33, main, main)
14:28:59.680 INFO: JdwpEventCenterDelegate: THREAD_RESUMED: thread (33, main, main)
14:28:59.683 INFO: JdwpEventCenterDelegate: THREAD_RESUMED: thread (33, main, main)
14:28:59.687 INFO: JdwpEventCenterDelegate: THREAD_RESUMED: thread (33, main, main)
14:28:59.712 INFO: JdwpEventCenterDelegate: THREAD_RESUMED: thread (33, main, main)
14:28:59.714 INFO: JdwpEventCenterDelegate: THREAD_RESUMED: thread (33, main, main)
14:28:59.716 INFO: JdwpEventCenterDelegate: THREAD_RESUMED: thread (33, main, main)
14:28:59.719 INFO: JdwpEventCenterDelegate: THREAD_RESUMED: thread (33, main, main)
14:28:59.721 INFO: JdwpEventCenterDelegate: THREAD_RESUMED: thread (33, main, main)
14:28:59.726 INFO: JdwpEventCenterDelegate: THREAD_RESUMED: thread (33, main, main)
14:28:59.744 INFO: JdwpEventCenterDelegate: THREAD_RESUMED: thread (33, main, main)
14:28:59.746 INFO: JdwpEventCenterDelegate: THREAD_RESUMED: thread (33, main, main)
14:28:59.748 INFO: JdwpEventCenterDelegate: THREAD_RESUMED: thread (33, main, main)
14:28:59.750 INFO: JdwpEventCenterDelegate: THREAD_RESUMED: thread (33, main, main)
14:28:59.753 INFO: JdwpEventCenterDelegate: THREAD_RESUMED: thread (33, main, main)
14:28:59.758 INFO: JdwpEventCenterDelegate: THREAD_RESUMED: thread (33, main, main)
14:28:59.770 INFO: JdwpEventCenterDelegate: THREAD_RESUMED: thread (33, main, main)
14:28:59.772 INFO: JdwpEventCenterDelegate: THREAD_RESUMED: thread (33, main, main)
14:28:59.775 INFO: JdwpEventCenterDelegate: THREAD_RESUMED: thread (33, main, main)
14:28:59.777 INFO: JdwpEventCenterDelegate: THREAD_RESUMED: thread (33, main, main)
14:28:59.779 INFO: JdwpEventCenterDelegate: THREAD_RESUMED: thread (33, main, main)
14:29:04.935 INFO: JdwpEventCenterDelegate: THREAD_STARTED: thread (108, Timer, main)
14:29:05.809 INFO: JdwpEventCenterDelegate: THREAD_RESUMED: thread (33, main, main)
14:29:05.841 INFO: JdwpEventCenterDelegate: THREAD_RESUMED: thread (33, main, main)
14:29:05.864 INFO: JdwpEventCenterDelegate: THREAD_RESUMED: thread (33, main, main)
14:29:05.883 INFO: JdwpEventCenterDelegate: THREAD_RESUMED: thread (33, main, main)
14:29:05.923 INFO: JdwpEventCenterDelegate: THREAD_RESUMED: thread (33, main, main)
14:29:05.957 INFO: JdwpEventCenterDelegate: THREAD_RESUMED: thread (33, main, main)
14:29:05.974 INFO: JdwpEventCenterDelegate: THREAD_RESUMED: thread (33, main, main)
14:29:05.990 INFO: JdwpEventCenterDelegate: THREAD_RESUMED: thread (33, main, main)
14:29:05.997 INFO: JdwpEventCenterDelegate: THREAD_RESUMED: thread (33, main, main)
14:29:06.011 INFO: JdwpEventCenterDelegate: THREAD_RESUMED: thread (33, main, main)
14:29:06.042 INFO: JdwpEventCenterDelegate: THREAD_RESUMED: thread (33, main, main)
14:29:06.054 INFO: JdwpEventCenterDelegate: THREAD_RESUMED: thread (33, main, main)
14:29:06.066 INFO: JdwpEventCenterDelegate: THREAD_RESUMED: thread (33, main, main)
14:29:06.079 INFO: JdwpEventCenterDelegate: THREAD_RESUMED: thread (33, main, main)
14:29:06.113 INFO: JdwpEventCenterDelegate: THREAD_RESUMED: thread (33, main, main)
14:29:06.146 INFO: JdwpEventCenterDelegate: THREAD_RESUMED: thread (33, main, main)
14:29:06.163 INFO: JdwpEventCenterDelegate: THREAD_RESUMED: thread (33, main, main)
14:29:06.177 INFO: JdwpEventCenterDelegate: THREAD_RESUMED: thread (33, main, main)
14:29:06.183 INFO: JdwpEventCenterDelegate: THREAD_RESUMED: thread (33, main, main)
14:29:06.197 INFO: JdwpEventCenterDelegate: THREAD_RESUMED: thread (33, main, main)
14:29:07.384 INFO: JdwpEventCenterDelegate: THREAD_RESUMED: thread (33, main, main)
14:29:07.389 INFO: JdwpEventCenterDelegate: THREAD_RESUMED: thread (33, main, main)
14:29:07.391 INFO: JdwpEventCenterDelegate: THREAD_RESUMED: thread (33, main, main)
14:29:07.394 INFO: JdwpEventCenterDelegate: THREAD_RESUMED: thread (33, main, main)
14:29:07.397 INFO: JdwpEventCenterDelegate: THREAD_RESUMED: thread (33, main, main)
14:29:07.401 INFO: JdwpEventCenterDelegate: THREAD_RESUMED: thread (33, main, main)
14:29:07.404 INFO: JdwpEventCenterDelegate: THREAD_RESUMED: thread (33, main, main)
14:29:07.449 INFO: JdwpEventCenterDelegate: THREAD_STARTED: thread (123, Thread-7, main)
14:29:13.241 INFO: JdwpEventCenterDelegate: THREAD_STARTED: thread (138, Thread-8, main)
14:29:14.572 INFO: JdwpEventCenterDelegate: THREAD_STARTED: thread (153, Thread-9, main)
14:29:26.666 INFO: JdwpDebugServer: handling req: VirtualMachine(1).Exit(10)
14:29:26.666 SEVERE: Debugger: Thread JDWP server socket thread crashed
org.robovm.debugger.DebuggerException: Terminating due exit command
	at org.robovm.debugger.jdwp.JdwpDebugServer.doSocketWork(JdwpDebugServer.java:211)
	at java.base/java.lang.Thread.run(Thread.java:834)
	at org.robovm.debugger.utils.DebuggerThread.run(DebuggerThread.java:42)
14:29:27.172 SEVERE: Debugger: Thread HooksChannel socket thread crashed
org.robovm.debugger.DebuggerException: java.io.IOException: org.robovm.libimobiledevice.LibIMobileDeviceException: IDEVICE_E_UNKNOWN_ERROR
	at org.robovm.debugger.hooks.HooksChannel.doSocketWork(HooksChannel.java:149)
	at java.base/java.lang.Thread.run(Thread.java:834)
	at org.robovm.debugger.utils.DebuggerThread.run(DebuggerThread.java:42)
Caused by: java.io.IOException: org.robovm.libimobiledevice.LibIMobileDeviceException: IDEVICE_E_UNKNOWN_ERROR
	at org.robovm.libimobiledevice.IDeviceConnection$DeviceInputStream.read(IDeviceConnection.java:203)
	at org.robovm.debugger.utils.bytebuffer.DataBufferWriter.writeFromStream(DataBufferWriter.java:89)
	at org.robovm.debugger.hooks.HooksChannel.doSocketWork(HooksChannel.java:116)
	... 2 more
Caused by: org.robovm.libimobiledevice.LibIMobileDeviceException: IDEVICE_E_UNKNOWN_ERROR
	at org.robovm.libimobiledevice.IDevice.checkResult(IDevice.java:206)
	at org.robovm.libimobiledevice.IDeviceConnection.receive(IDeviceConnection.java:110)
	at org.robovm.libimobiledevice.IDeviceConnection.receive(IDeviceConnection.java:81)
	at org.robovm.libimobiledevice.IDeviceConnection$DeviceInputStream.read(IDeviceConnection.java:201)
	... 4 more
