20:25:52.942 INFO: JdwpDebugServer: handling req: VirtualMachine(1).IDSizes(7)
20:25:52.943 INFO: JdwpDebugServer: handling req: EventRequest(15).Set(1)
20:25:52.943 INFO: JdwpEventCenterDelegate: jdwpSetEventRequest: JdwpEventRequest{requestId=100, eventKind=CLASS_PREPARE, suspendPolicy=NONE, predicates=[]}
20:25:52.943 INFO: JdwpDebugServer: handling req: EventRequest(15).Set(1)
20:25:52.943 INFO: JdwpEventCenterDelegate: jdwpSetEventRequest: JdwpEventRequest{requestId=101, eventKind=CLASS_UNLOAD, suspendPolicy=NONE, predicates=[]}
20:25:52.967 INFO: JdwpDebugServer: handling req: VirtualMachine(1).Version(1)
20:25:52.967 INFO: JdwpDebugServer: handling req: VirtualMachine(1).capabilitiesNew(17)
20:25:52.968 INFO: JdwpDebugServer: handling req: VirtualMachine(1).capabilities(12)
20:25:52.968 INFO: JdwpDebugServer: handling req: VirtualMachine(1).AllClassesWithGeneric(20)
20:25:52.971 INFO: JdwpDebugServer: handling req: VirtualMachine(1).TopLevelThreadGroups(5)
20:25:52.972 INFO: JdwpDebugServer: handling req: EventRequest(15).Set(1)
20:25:52.972 INFO: JdwpEventCenterDelegate: jdwpSetEventRequest: JdwpEventRequest{requestId=102, eventKind=THREAD_START, suspendPolicy=NONE, predicates=[]}
20:25:52.972 INFO: JdwpDebugServer: handling req: EventRequest(15).Set(1)
20:25:52.972 INFO: JdwpEventCenterDelegate: jdwpSetEventRequest: JdwpEventRequest{requestId=103, eventKind=THREAD_DEATH, suspendPolicy=NONE, predicates=[]}
20:25:53.026 INFO: JdwpDebugServer: handling req: EventRequest(15).Set(1)
20:25:53.026 INFO: JdwpEventCenterDelegate: jdwpSetEventRequest: JdwpEventRequest{requestId=104, eventKind=CLASS_PREPARE, suspendPolicy=EVENT_THREAD, predicates=[className=sun.instrument.InstrumentationImpl]}
20:25:53.026 INFO: JdwpDebugServer: handling req: EventRequest(15).Set(1)
20:25:53.026 INFO: JdwpEventCenterDelegate: jdwpSetEventRequest: JdwpEventRequest{requestId=105, eventKind=CLASS_PREPARE, suspendPolicy=EVENT_THREAD, predicates=[className=sun.instrument.InstrumentationImpl]}
20:25:53.561 INFO: JdwpDebugServer: handling req: VirtualMachine(1).Resume(9)
20:25:53.613 INFO: JdwpEventCenterDelegate: THREAD_STARTED: thread (33, main, main)
20:25:53.633 INFO: JdwpEventCenterDelegate: THREAD_STARTED: thread (48, ReferenceQueueDaemon, main)
20:25:53.640 INFO: JdwpEventCenterDelegate: THREAD_STARTED: thread (63, FinalizerDaemon, main)
20:25:53.646 INFO: JdwpEventCenterDelegate: THREAD_STARTED: thread (78, FinalizerWatchdogDaemon, main)
20:25:53.649 INFO: JdwpEventCenterDelegate: THREAD_RESUMED: thread (33, main, main)
20:25:53.650 INFO: JdwpEventCenterDelegate: THREAD_RESUMED: thread (33, main, main)
20:25:53.652 INFO: JdwpEventCenterDelegate: THREAD_RESUMED: thread (33, main, main)
20:25:53.653 INFO: JdwpEventCenterDelegate: THREAD_RESUMED: thread (33, main, main)
20:25:53.654 INFO: JdwpEventCenterDelegate: THREAD_RESUMED: thread (33, main, main)
20:25:53.656 INFO: JdwpEventCenterDelegate: THREAD_RESUMED: thread (33, main, main)
20:25:53.657 INFO: JdwpEventCenterDelegate: THREAD_RESUMED: thread (33, main, main)
20:25:53.659 INFO: JdwpEventCenterDelegate: THREAD_RESUMED: thread (33, main, main)
20:25:53.660 INFO: JdwpEventCenterDelegate: THREAD_RESUMED: thread (33, main, main)
20:25:53.662 INFO: JdwpEventCenterDelegate: THREAD_RESUMED: thread (33, main, main)
20:25:53.663 INFO: JdwpEventCenterDelegate: THREAD_RESUMED: thread (33, main, main)
20:25:53.664 INFO: JdwpEventCenterDelegate: THREAD_RESUMED: thread (33, main, main)
20:25:53.666 INFO: JdwpEventCenterDelegate: THREAD_RESUMED: thread (33, main, main)
20:25:53.667 INFO: JdwpEventCenterDelegate: THREAD_RESUMED: thread (33, main, main)
20:25:53.669 INFO: JdwpEventCenterDelegate: THREAD_RESUMED: thread (33, main, main)
20:25:53.670 INFO: JdwpEventCenterDelegate: THREAD_RESUMED: thread (33, main, main)
20:25:53.671 INFO: JdwpEventCenterDelegate: THREAD_RESUMED: thread (33, main, main)
20:25:53.673 INFO: JdwpEventCenterDelegate: THREAD_RESUMED: thread (33, main, main)
20:25:53.676 INFO: JdwpEventCenterDelegate: THREAD_RESUMED: thread (33, main, main)
20:25:53.678 INFO: JdwpEventCenterDelegate: THREAD_RESUMED: thread (33, main, main)
20:25:53.679 INFO: JdwpEventCenterDelegate: THREAD_RESUMED: thread (33, main, main)
20:25:53.680 INFO: JdwpEventCenterDelegate: THREAD_RESUMED: thread (33, main, main)
20:25:53.681 INFO: JdwpEventCenterDelegate: THREAD_RESUMED: thread (33, main, main)
20:25:53.682 INFO: JdwpEventCenterDelegate: THREAD_RESUMED: thread (33, main, main)
20:25:53.683 INFO: JdwpEventCenterDelegate: THREAD_RESUMED: thread (33, main, main)
20:25:53.713 INFO: JdwpEventCenterDelegate: THREAD_RESUMED: thread (33, main, main)
20:25:53.715 INFO: JdwpEventCenterDelegate: THREAD_RESUMED: thread (33, main, main)
20:25:53.717 INFO: JdwpEventCenterDelegate: THREAD_RESUMED: thread (33, main, main)
20:25:53.718 INFO: JdwpEventCenterDelegate: THREAD_RESUMED: thread (33, main, main)
20:25:53.720 INFO: JdwpEventCenterDelegate: THREAD_RESUMED: thread (33, main, main)
20:25:53.721 INFO: JdwpEventCenterDelegate: THREAD_RESUMED: thread (33, main, main)
20:25:53.723 INFO: JdwpEventCenterDelegate: THREAD_RESUMED: thread (33, main, main)
20:25:53.725 INFO: JdwpEventCenterDelegate: THREAD_RESUMED: thread (33, main, main)
20:25:53.727 INFO: JdwpEventCenterDelegate: THREAD_RESUMED: thread (33, main, main)
20:25:53.728 INFO: JdwpEventCenterDelegate: THREAD_RESUMED: thread (33, main, main)
20:25:53.729 INFO: JdwpEventCenterDelegate: THREAD_RESUMED: thread (33, main, main)
20:25:53.731 INFO: JdwpEventCenterDelegate: THREAD_RESUMED: thread (33, main, main)
20:25:53.732 INFO: JdwpEventCenterDelegate: THREAD_RESUMED: thread (33, main, main)
20:25:53.733 INFO: JdwpEventCenterDelegate: THREAD_RESUMED: thread (33, main, main)
20:25:53.749 INFO: JdwpEventCenterDelegate: THREAD_RESUMED: thread (33, main, main)
20:25:53.750 INFO: JdwpEventCenterDelegate: THREAD_RESUMED: thread (33, main, main)
20:25:53.752 INFO: JdwpEventCenterDelegate: THREAD_RESUMED: thread (33, main, main)
20:25:53.754 INFO: JdwpEventCenterDelegate: THREAD_RESUMED: thread (33, main, main)
20:25:53.756 INFO: JdwpEventCenterDelegate: THREAD_RESUMED: thread (33, main, main)
20:25:53.757 INFO: JdwpEventCenterDelegate: THREAD_RESUMED: thread (33, main, main)
20:25:53.758 INFO: JdwpEventCenterDelegate: THREAD_RESUMED: thread (33, main, main)
20:25:53.781 INFO: JdwpEventCenterDelegate: THREAD_RESUMED: thread (33, main, main)
20:25:53.782 INFO: JdwpEventCenterDelegate: THREAD_RESUMED: thread (33, main, main)
20:25:53.785 INFO: JdwpEventCenterDelegate: THREAD_RESUMED: thread (33, main, main)
20:25:53.786 INFO: JdwpEventCenterDelegate: THREAD_RESUMED: thread (33, main, main)
20:25:53.788 INFO: JdwpEventCenterDelegate: THREAD_RESUMED: thread (33, main, main)
20:25:53.789 INFO: JdwpEventCenterDelegate: THREAD_RESUMED: thread (33, main, main)
20:25:53.791 INFO: JdwpEventCenterDelegate: THREAD_RESUMED: thread (33, main, main)
20:25:53.819 INFO: JdwpEventCenterDelegate: THREAD_RESUMED: thread (33, main, main)
20:25:53.821 INFO: JdwpEventCenterDelegate: THREAD_RESUMED: thread (33, main, main)
20:25:53.822 INFO: JdwpEventCenterDelegate: THREAD_RESUMED: thread (33, main, main)
20:25:53.824 INFO: JdwpEventCenterDelegate: THREAD_RESUMED: thread (33, main, main)
20:25:53.825 INFO: JdwpEventCenterDelegate: THREAD_RESUMED: thread (33, main, main)
20:25:53.827 INFO: JdwpEventCenterDelegate: THREAD_RESUMED: thread (33, main, main)
20:25:53.829 INFO: JdwpEventCenterDelegate: THREAD_RESUMED: thread (33, main, main)
20:25:53.839 INFO: JdwpEventCenterDelegate: THREAD_RESUMED: thread (33, main, main)
20:25:53.840 INFO: JdwpEventCenterDelegate: THREAD_RESUMED: thread (33, main, main)
20:25:53.842 INFO: JdwpEventCenterDelegate: THREAD_RESUMED: thread (33, main, main)
20:25:53.844 INFO: JdwpEventCenterDelegate: THREAD_RESUMED: thread (33, main, main)
20:25:53.845 INFO: JdwpEventCenterDelegate: THREAD_RESUMED: thread (33, main, main)
20:25:53.847 INFO: JdwpEventCenterDelegate: THREAD_RESUMED: thread (33, main, main)
20:25:53.848 INFO: JdwpEventCenterDelegate: THREAD_RESUMED: thread (33, main, main)
20:25:53.857 INFO: JdwpEventCenterDelegate: THREAD_RESUMED: thread (33, main, main)
20:25:53.859 INFO: JdwpEventCenterDelegate: THREAD_RESUMED: thread (33, main, main)
20:25:53.860 INFO: JdwpEventCenterDelegate: THREAD_RESUMED: thread (33, main, main)
20:25:53.862 INFO: JdwpEventCenterDelegate: THREAD_RESUMED: thread (33, main, main)
20:25:53.863 INFO: JdwpEventCenterDelegate: THREAD_RESUMED: thread (33, main, main)
20:25:53.864 INFO: JdwpEventCenterDelegate: THREAD_RESUMED: thread (33, main, main)
20:25:53.866 INFO: JdwpEventCenterDelegate: THREAD_RESUMED: thread (33, main, main)
20:25:53.867 INFO: JdwpEventCenterDelegate: THREAD_RESUMED: thread (33, main, main)
20:25:53.869 INFO: JdwpEventCenterDelegate: THREAD_RESUMED: thread (33, main, main)
20:25:53.870 INFO: JdwpEventCenterDelegate: THREAD_RESUMED: thread (33, main, main)
20:25:53.872 INFO: JdwpEventCenterDelegate: THREAD_RESUMED: thread (33, main, main)
20:25:53.873 INFO: JdwpEventCenterDelegate: THREAD_RESUMED: thread (33, main, main)
20:25:53.874 INFO: JdwpEventCenterDelegate: THREAD_RESUMED: thread (33, main, main)
20:25:53.876 INFO: JdwpEventCenterDelegate: THREAD_RESUMED: thread (33, main, main)
20:25:53.878 INFO: JdwpEventCenterDelegate: THREAD_RESUMED: thread (33, main, main)
20:25:53.879 INFO: JdwpEventCenterDelegate: THREAD_RESUMED: thread (33, main, main)
20:25:53.881 INFO: JdwpEventCenterDelegate: THREAD_RESUMED: thread (33, main, main)
20:25:53.884 INFO: JdwpEventCenterDelegate: THREAD_RESUMED: thread (33, main, main)
20:25:53.887 INFO: JdwpEventCenterDelegate: THREAD_RESUMED: thread (33, main, main)
20:25:53.888 INFO: JdwpEventCenterDelegate: THREAD_RESUMED: thread (33, main, main)
20:25:54.013 INFO: JdwpEventCenterDelegate: THREAD_STARTED: thread (93, AssetManager, main)
20:25:54.115 INFO: JdwpEventCenterDelegate: THREAD_RESUMED: thread (33, main, main)
20:25:54.117 INFO: JdwpEventCenterDelegate: THREAD_RESUMED: thread (33, main, main)
20:25:56.680 INFO: JdwpEventCenterDelegate: THREAD_RESUMED: thread (33, main, main)
20:25:56.782 INFO: JdwpEventCenterDelegate: THREAD_RESUMED: thread (33, main, main)
20:25:56.784 INFO: JdwpEventCenterDelegate: THREAD_RESUMED: thread (33, main, main)
20:25:56.786 INFO: JdwpEventCenterDelegate: THREAD_RESUMED: thread (33, main, main)
20:25:56.787 INFO: JdwpEventCenterDelegate: THREAD_RESUMED: thread (33, main, main)
20:25:56.789 INFO: JdwpEventCenterDelegate: THREAD_RESUMED: thread (33, main, main)
20:25:56.795 INFO: JdwpEventCenterDelegate: THREAD_RESUMED: thread (33, main, main)
20:25:56.807 INFO: JdwpEventCenterDelegate: THREAD_RESUMED: thread (33, main, main)
20:25:56.809 INFO: JdwpEventCenterDelegate: THREAD_RESUMED: thread (33, main, main)
20:25:56.811 INFO: JdwpEventCenterDelegate: THREAD_RESUMED: thread (33, main, main)
20:25:56.814 INFO: JdwpEventCenterDelegate: THREAD_RESUMED: thread (33, main, main)
20:25:56.816 INFO: JdwpEventCenterDelegate: THREAD_RESUMED: thread (33, main, main)
20:25:56.821 INFO: JdwpEventCenterDelegate: THREAD_RESUMED: thread (33, main, main)
20:25:56.836 INFO: JdwpEventCenterDelegate: THREAD_RESUMED: thread (33, main, main)
20:25:56.838 INFO: JdwpEventCenterDelegate: THREAD_RESUMED: thread (33, main, main)
20:25:56.840 INFO: JdwpEventCenterDelegate: THREAD_RESUMED: thread (33, main, main)
20:25:56.842 INFO: JdwpEventCenterDelegate: THREAD_RESUMED: thread (33, main, main)
20:25:56.845 INFO: JdwpEventCenterDelegate: THREAD_RESUMED: thread (33, main, main)
20:25:56.850 INFO: JdwpEventCenterDelegate: THREAD_RESUMED: thread (33, main, main)
20:25:56.868 INFO: JdwpEventCenterDelegate: THREAD_RESUMED: thread (33, main, main)
20:25:56.870 INFO: JdwpEventCenterDelegate: THREAD_RESUMED: thread (33, main, main)
20:25:56.873 INFO: JdwpEventCenterDelegate: THREAD_RESUMED: thread (33, main, main)
20:25:56.875 INFO: JdwpEventCenterDelegate: THREAD_RESUMED: thread (33, main, main)
20:25:56.877 INFO: JdwpEventCenterDelegate: THREAD_RESUMED: thread (33, main, main)
20:25:56.882 INFO: JdwpEventCenterDelegate: THREAD_RESUMED: thread (33, main, main)
20:25:56.897 INFO: JdwpEventCenterDelegate: THREAD_RESUMED: thread (33, main, main)
20:25:56.899 INFO: JdwpEventCenterDelegate: THREAD_RESUMED: thread (33, main, main)
20:25:56.901 INFO: JdwpEventCenterDelegate: THREAD_RESUMED: thread (33, main, main)
20:25:56.903 INFO: JdwpEventCenterDelegate: THREAD_RESUMED: thread (33, main, main)
20:25:56.905 INFO: JdwpEventCenterDelegate: THREAD_RESUMED: thread (33, main, main)
20:25:56.910 INFO: JdwpEventCenterDelegate: THREAD_RESUMED: thread (33, main, main)
20:25:56.926 INFO: JdwpEventCenterDelegate: THREAD_RESUMED: thread (33, main, main)
20:25:56.928 INFO: JdwpEventCenterDelegate: THREAD_RESUMED: thread (33, main, main)
20:25:56.930 INFO: JdwpEventCenterDelegate: THREAD_RESUMED: thread (33, main, main)
20:25:56.933 INFO: JdwpEventCenterDelegate: THREAD_RESUMED: thread (33, main, main)
20:25:56.935 INFO: JdwpEventCenterDelegate: THREAD_RESUMED: thread (33, main, main)
20:25:56.940 INFO: JdwpEventCenterDelegate: THREAD_RESUMED: thread (33, main, main)
20:25:56.959 INFO: JdwpEventCenterDelegate: THREAD_RESUMED: thread (33, main, main)
20:25:56.961 INFO: JdwpEventCenterDelegate: THREAD_RESUMED: thread (33, main, main)
20:25:56.963 INFO: JdwpEventCenterDelegate: THREAD_RESUMED: thread (33, main, main)
20:25:56.965 INFO: JdwpEventCenterDelegate: THREAD_RESUMED: thread (33, main, main)
20:25:56.967 INFO: JdwpEventCenterDelegate: THREAD_RESUMED: thread (33, main, main)
20:25:56.972 INFO: JdwpEventCenterDelegate: THREAD_RESUMED: thread (33, main, main)
20:25:56.991 INFO: JdwpEventCenterDelegate: THREAD_RESUMED: thread (33, main, main)
20:25:56.993 INFO: JdwpEventCenterDelegate: THREAD_RESUMED: thread (33, main, main)
20:25:56.995 INFO: JdwpEventCenterDelegate: THREAD_RESUMED: thread (33, main, main)
20:25:56.996 INFO: JdwpEventCenterDelegate: THREAD_RESUMED: thread (33, main, main)
20:25:56.998 INFO: JdwpEventCenterDelegate: THREAD_RESUMED: thread (33, main, main)
20:25:57.002 INFO: JdwpEventCenterDelegate: THREAD_RESUMED: thread (33, main, main)
20:25:57.022 INFO: JdwpEventCenterDelegate: THREAD_RESUMED: thread (33, main, main)
20:25:57.024 INFO: JdwpEventCenterDelegate: THREAD_RESUMED: thread (33, main, main)
20:25:57.026 INFO: JdwpEventCenterDelegate: THREAD_RESUMED: thread (33, main, main)
20:25:57.029 INFO: JdwpEventCenterDelegate: THREAD_RESUMED: thread (33, main, main)
20:25:57.031 INFO: JdwpEventCenterDelegate: THREAD_RESUMED: thread (33, main, main)
20:25:57.036 INFO: JdwpEventCenterDelegate: THREAD_RESUMED: thread (33, main, main)
20:25:57.054 INFO: JdwpEventCenterDelegate: THREAD_RESUMED: thread (33, main, main)
20:25:57.056 INFO: JdwpEventCenterDelegate: THREAD_RESUMED: thread (33, main, main)
20:25:57.059 INFO: JdwpEventCenterDelegate: THREAD_RESUMED: thread (33, main, main)
20:25:57.061 INFO: JdwpEventCenterDelegate: THREAD_RESUMED: thread (33, main, main)
20:25:57.063 INFO: JdwpEventCenterDelegate: THREAD_RESUMED: thread (33, main, main)
20:25:57.068 INFO: JdwpEventCenterDelegate: THREAD_RESUMED: thread (33, main, main)
20:25:57.083 INFO: JdwpEventCenterDelegate: THREAD_RESUMED: thread (33, main, main)
20:25:57.085 INFO: JdwpEventCenterDelegate: THREAD_RESUMED: thread (33, main, main)
20:25:57.087 INFO: JdwpEventCenterDelegate: THREAD_RESUMED: thread (33, main, main)
20:25:57.089 INFO: JdwpEventCenterDelegate: THREAD_RESUMED: thread (33, main, main)
20:25:57.091 INFO: JdwpEventCenterDelegate: THREAD_RESUMED: thread (33, main, main)
20:25:57.096 INFO: JdwpEventCenterDelegate: THREAD_RESUMED: thread (33, main, main)
20:25:57.116 INFO: JdwpEventCenterDelegate: THREAD_RESUMED: thread (33, main, main)
20:25:57.118 INFO: JdwpEventCenterDelegate: THREAD_RESUMED: thread (33, main, main)
20:25:57.120 INFO: JdwpEventCenterDelegate: THREAD_RESUMED: thread (33, main, main)
20:25:57.122 INFO: JdwpEventCenterDelegate: THREAD_RESUMED: thread (33, main, main)
20:25:57.125 INFO: JdwpEventCenterDelegate: THREAD_RESUMED: thread (33, main, main)
20:25:57.130 INFO: JdwpEventCenterDelegate: THREAD_RESUMED: thread (33, main, main)
20:25:57.151 INFO: JdwpEventCenterDelegate: THREAD_RESUMED: thread (33, main, main)
20:25:57.154 INFO: JdwpEventCenterDelegate: THREAD_RESUMED: thread (33, main, main)
20:25:57.156 INFO: JdwpEventCenterDelegate: THREAD_RESUMED: thread (33, main, main)
20:25:57.158 INFO: JdwpEventCenterDelegate: THREAD_RESUMED: thread (33, main, main)
20:25:57.160 INFO: JdwpEventCenterDelegate: THREAD_RESUMED: thread (33, main, main)
20:25:57.165 INFO: JdwpEventCenterDelegate: THREAD_RESUMED: thread (33, main, main)
20:25:57.184 INFO: JdwpEventCenterDelegate: THREAD_RESUMED: thread (33, main, main)
20:25:57.186 INFO: JdwpEventCenterDelegate: THREAD_RESUMED: thread (33, main, main)
20:25:57.189 INFO: JdwpEventCenterDelegate: THREAD_RESUMED: thread (33, main, main)
20:25:57.191 INFO: JdwpEventCenterDelegate: THREAD_RESUMED: thread (33, main, main)
20:25:57.193 INFO: JdwpEventCenterDelegate: THREAD_RESUMED: thread (33, main, main)
20:25:57.198 INFO: JdwpEventCenterDelegate: THREAD_RESUMED: thread (33, main, main)
20:25:57.211 INFO: JdwpEventCenterDelegate: THREAD_RESUMED: thread (33, main, main)
20:25:57.213 INFO: JdwpEventCenterDelegate: THREAD_RESUMED: thread (33, main, main)
20:25:57.215 INFO: JdwpEventCenterDelegate: THREAD_RESUMED: thread (33, main, main)
20:25:57.217 INFO: JdwpEventCenterDelegate: THREAD_RESUMED: thread (33, main, main)
20:25:57.219 INFO: JdwpEventCenterDelegate: THREAD_RESUMED: thread (33, main, main)
20:25:57.225 INFO: JdwpEventCenterDelegate: THREAD_RESUMED: thread (33, main, main)
20:25:57.227 INFO: JdwpEventCenterDelegate: THREAD_RESUMED: thread (33, main, main)
20:25:57.229 INFO: JdwpEventCenterDelegate: THREAD_RESUMED: thread (33, main, main)
20:25:57.232 INFO: JdwpEventCenterDelegate: THREAD_RESUMED: thread (33, main, main)
20:25:57.234 INFO: JdwpEventCenterDelegate: THREAD_RESUMED: thread (33, main, main)
20:25:57.236 INFO: JdwpEventCenterDelegate: THREAD_RESUMED: thread (33, main, main)
20:25:57.238 INFO: JdwpEventCenterDelegate: THREAD_RESUMED: thread (33, main, main)
20:25:57.242 INFO: JdwpEventCenterDelegate: THREAD_RESUMED: thread (33, main, main)
20:25:57.244 INFO: JdwpEventCenterDelegate: THREAD_RESUMED: thread (33, main, main)
20:25:57.246 INFO: JdwpEventCenterDelegate: THREAD_RESUMED: thread (33, main, main)
20:25:57.248 INFO: JdwpEventCenterDelegate: THREAD_RESUMED: thread (33, main, main)
20:25:57.262 INFO: JdwpEventCenterDelegate: THREAD_RESUMED: thread (33, main, main)
20:25:57.264 INFO: JdwpEventCenterDelegate: THREAD_RESUMED: thread (33, main, main)
20:25:57.265 INFO: JdwpEventCenterDelegate: THREAD_RESUMED: thread (33, main, main)
20:25:57.267 INFO: JdwpEventCenterDelegate: THREAD_RESUMED: thread (33, main, main)
20:25:57.269 INFO: JdwpEventCenterDelegate: THREAD_RESUMED: thread (33, main, main)
20:25:57.273 INFO: JdwpEventCenterDelegate: THREAD_RESUMED: thread (33, main, main)
20:25:57.285 INFO: JdwpEventCenterDelegate: THREAD_RESUMED: thread (33, main, main)
20:25:57.299 INFO: JdwpEventCenterDelegate: THREAD_RESUMED: thread (33, main, main)
20:25:57.310 INFO: JdwpEventCenterDelegate: THREAD_RESUMED: thread (33, main, main)
20:25:57.323 INFO: JdwpEventCenterDelegate: THREAD_RESUMED: thread (33, main, main)
20:25:57.356 INFO: JdwpEventCenterDelegate: THREAD_RESUMED: thread (33, main, main)
20:25:57.358 INFO: JdwpEventCenterDelegate: THREAD_RESUMED: thread (33, main, main)
20:25:57.361 INFO: JdwpEventCenterDelegate: THREAD_RESUMED: thread (33, main, main)
20:25:57.363 INFO: JdwpEventCenterDelegate: THREAD_RESUMED: thread (33, main, main)
20:25:57.365 INFO: JdwpEventCenterDelegate: THREAD_RESUMED: thread (33, main, main)
20:25:57.370 INFO: JdwpEventCenterDelegate: THREAD_RESUMED: thread (33, main, main)
20:25:57.381 INFO: JdwpEventCenterDelegate: THREAD_RESUMED: thread (33, main, main)
20:25:57.384 INFO: JdwpEventCenterDelegate: THREAD_RESUMED: thread (33, main, main)
20:25:57.386 INFO: JdwpEventCenterDelegate: THREAD_RESUMED: thread (33, main, main)
20:25:57.388 INFO: JdwpEventCenterDelegate: THREAD_RESUMED: thread (33, main, main)
20:25:57.390 INFO: JdwpEventCenterDelegate: THREAD_RESUMED: thread (33, main, main)
20:25:57.395 INFO: JdwpEventCenterDelegate: THREAD_RESUMED: thread (33, main, main)
20:25:57.409 INFO: JdwpEventCenterDelegate: THREAD_RESUMED: thread (33, main, main)
20:25:57.411 INFO: JdwpEventCenterDelegate: THREAD_RESUMED: thread (33, main, main)
20:25:57.414 INFO: JdwpEventCenterDelegate: THREAD_RESUMED: thread (33, main, main)
20:25:57.416 INFO: JdwpEventCenterDelegate: THREAD_RESUMED: thread (33, main, main)
20:25:57.418 INFO: JdwpEventCenterDelegate: THREAD_RESUMED: thread (33, main, main)
20:25:57.423 INFO: JdwpEventCenterDelegate: THREAD_RESUMED: thread (33, main, main)
20:25:57.440 INFO: JdwpEventCenterDelegate: THREAD_RESUMED: thread (33, main, main)
20:25:57.443 INFO: JdwpEventCenterDelegate: THREAD_RESUMED: thread (33, main, main)
20:25:57.445 INFO: JdwpEventCenterDelegate: THREAD_RESUMED: thread (33, main, main)
20:25:57.447 INFO: JdwpEventCenterDelegate: THREAD_RESUMED: thread (33, main, main)
20:25:57.450 INFO: JdwpEventCenterDelegate: THREAD_RESUMED: thread (33, main, main)
20:25:57.455 INFO: JdwpEventCenterDelegate: THREAD_RESUMED: thread (33, main, main)
20:25:57.470 INFO: JdwpEventCenterDelegate: THREAD_RESUMED: thread (33, main, main)
20:25:57.472 INFO: JdwpEventCenterDelegate: THREAD_RESUMED: thread (33, main, main)
20:25:57.474 INFO: JdwpEventCenterDelegate: THREAD_RESUMED: thread (33, main, main)
20:25:57.476 INFO: JdwpEventCenterDelegate: THREAD_RESUMED: thread (33, main, main)
20:25:57.479 INFO: JdwpEventCenterDelegate: THREAD_RESUMED: thread (33, main, main)
20:25:57.483 INFO: JdwpEventCenterDelegate: THREAD_RESUMED: thread (33, main, main)
20:25:57.499 INFO: JdwpEventCenterDelegate: THREAD_RESUMED: thread (33, main, main)
20:25:57.502 INFO: JdwpEventCenterDelegate: THREAD_RESUMED: thread (33, main, main)
20:25:57.505 INFO: JdwpEventCenterDelegate: THREAD_RESUMED: thread (33, main, main)
20:25:57.506 INFO: JdwpEventCenterDelegate: THREAD_RESUMED: thread (33, main, main)
20:25:57.509 INFO: JdwpEventCenterDelegate: THREAD_RESUMED: thread (33, main, main)
20:25:57.513 INFO: JdwpEventCenterDelegate: THREAD_RESUMED: thread (33, main, main)
20:25:57.534 INFO: JdwpEventCenterDelegate: THREAD_RESUMED: thread (33, main, main)
20:25:57.537 INFO: JdwpEventCenterDelegate: THREAD_RESUMED: thread (33, main, main)
20:25:57.539 INFO: JdwpEventCenterDelegate: THREAD_RESUMED: thread (33, main, main)
20:25:57.542 INFO: JdwpEventCenterDelegate: THREAD_RESUMED: thread (33, main, main)
20:25:57.544 INFO: JdwpEventCenterDelegate: THREAD_RESUMED: thread (33, main, main)
20:25:57.549 INFO: JdwpEventCenterDelegate: THREAD_RESUMED: thread (33, main, main)
20:25:57.566 INFO: JdwpEventCenterDelegate: THREAD_RESUMED: thread (33, main, main)
20:25:57.568 INFO: JdwpEventCenterDelegate: THREAD_RESUMED: thread (33, main, main)
20:25:57.570 INFO: JdwpEventCenterDelegate: THREAD_RESUMED: thread (33, main, main)
20:25:57.572 INFO: JdwpEventCenterDelegate: THREAD_RESUMED: thread (33, main, main)
20:25:57.574 INFO: JdwpEventCenterDelegate: THREAD_RESUMED: thread (33, main, main)
20:25:57.578 INFO: JdwpEventCenterDelegate: THREAD_RESUMED: thread (33, main, main)
20:25:57.596 INFO: JdwpEventCenterDelegate: THREAD_RESUMED: thread (33, main, main)
20:25:57.598 INFO: JdwpEventCenterDelegate: THREAD_RESUMED: thread (33, main, main)
20:25:57.600 INFO: JdwpEventCenterDelegate: THREAD_RESUMED: thread (33, main, main)
20:25:57.602 INFO: JdwpEventCenterDelegate: THREAD_RESUMED: thread (33, main, main)
20:25:57.605 INFO: JdwpEventCenterDelegate: THREAD_RESUMED: thread (33, main, main)
20:25:57.609 INFO: JdwpEventCenterDelegate: THREAD_RESUMED: thread (33, main, main)
20:25:57.624 INFO: JdwpEventCenterDelegate: THREAD_RESUMED: thread (33, main, main)
20:25:57.626 INFO: JdwpEventCenterDelegate: THREAD_RESUMED: thread (33, main, main)
20:25:57.628 INFO: JdwpEventCenterDelegate: THREAD_RESUMED: thread (33, main, main)
20:25:57.630 INFO: JdwpEventCenterDelegate: THREAD_RESUMED: thread (33, main, main)
20:25:57.632 INFO: JdwpEventCenterDelegate: THREAD_RESUMED: thread (33, main, main)
20:25:57.637 INFO: JdwpEventCenterDelegate: THREAD_RESUMED: thread (33, main, main)
20:25:57.651 INFO: JdwpEventCenterDelegate: THREAD_RESUMED: thread (33, main, main)
20:25:57.653 INFO: JdwpEventCenterDelegate: THREAD_RESUMED: thread (33, main, main)
20:25:57.655 INFO: JdwpEventCenterDelegate: THREAD_RESUMED: thread (33, main, main)
20:25:57.657 INFO: JdwpEventCenterDelegate: THREAD_RESUMED: thread (33, main, main)
20:25:57.660 INFO: JdwpEventCenterDelegate: THREAD_RESUMED: thread (33, main, main)
20:25:57.664 INFO: JdwpEventCenterDelegate: THREAD_RESUMED: thread (33, main, main)
20:25:57.683 INFO: JdwpEventCenterDelegate: THREAD_RESUMED: thread (33, main, main)
20:25:57.685 INFO: JdwpEventCenterDelegate: THREAD_RESUMED: thread (33, main, main)
20:25:57.687 INFO: JdwpEventCenterDelegate: THREAD_RESUMED: thread (33, main, main)
20:25:57.689 INFO: JdwpEventCenterDelegate: THREAD_RESUMED: thread (33, main, main)
20:25:57.691 INFO: JdwpEventCenterDelegate: THREAD_RESUMED: thread (33, main, main)
20:25:57.696 INFO: JdwpEventCenterDelegate: THREAD_RESUMED: thread (33, main, main)
20:25:57.720 INFO: JdwpEventCenterDelegate: THREAD_RESUMED: thread (33, main, main)
20:25:57.722 INFO: JdwpEventCenterDelegate: THREAD_RESUMED: thread (33, main, main)
20:25:57.725 INFO: JdwpEventCenterDelegate: THREAD_RESUMED: thread (33, main, main)
20:25:57.727 INFO: JdwpEventCenterDelegate: THREAD_RESUMED: thread (33, main, main)
20:25:57.729 INFO: JdwpEventCenterDelegate: THREAD_RESUMED: thread (33, main, main)
20:25:57.734 INFO: JdwpEventCenterDelegate: THREAD_RESUMED: thread (33, main, main)
20:25:57.751 INFO: JdwpEventCenterDelegate: THREAD_RESUMED: thread (33, main, main)
20:25:57.753 INFO: JdwpEventCenterDelegate: THREAD_RESUMED: thread (33, main, main)
20:25:57.756 INFO: JdwpEventCenterDelegate: THREAD_RESUMED: thread (33, main, main)
20:25:57.758 INFO: JdwpEventCenterDelegate: THREAD_RESUMED: thread (33, main, main)
20:25:57.760 INFO: JdwpEventCenterDelegate: THREAD_RESUMED: thread (33, main, main)
20:25:57.764 INFO: JdwpEventCenterDelegate: THREAD_RESUMED: thread (33, main, main)
20:25:57.777 INFO: JdwpEventCenterDelegate: THREAD_RESUMED: thread (33, main, main)
20:25:57.779 INFO: JdwpEventCenterDelegate: THREAD_RESUMED: thread (33, main, main)
20:25:57.781 INFO: JdwpEventCenterDelegate: THREAD_RESUMED: thread (33, main, main)
20:25:57.783 INFO: JdwpEventCenterDelegate: THREAD_RESUMED: thread (33, main, main)
20:25:57.786 INFO: JdwpEventCenterDelegate: THREAD_RESUMED: thread (33, main, main)
20:26:10.838 INFO: JdwpEventCenterDelegate: THREAD_STARTED: thread (108, Timer, main)
20:26:11.676 INFO: JdwpEventCenterDelegate: THREAD_RESUMED: thread (33, main, main)
20:26:11.712 INFO: JdwpEventCenterDelegate: THREAD_RESUMED: thread (33, main, main)
20:26:11.732 INFO: JdwpEventCenterDelegate: THREAD_RESUMED: thread (33, main, main)
20:26:11.752 INFO: JdwpEventCenterDelegate: THREAD_RESUMED: thread (33, main, main)
20:26:11.770 INFO: JdwpEventCenterDelegate: THREAD_RESUMED: thread (33, main, main)
20:26:11.785 INFO: JdwpEventCenterDelegate: THREAD_RESUMED: thread (33, main, main)
20:26:11.800 INFO: JdwpEventCenterDelegate: THREAD_RESUMED: thread (33, main, main)
20:26:11.815 INFO: JdwpEventCenterDelegate: THREAD_RESUMED: thread (33, main, main)
20:26:11.827 INFO: JdwpEventCenterDelegate: THREAD_RESUMED: thread (33, main, main)
20:26:11.841 INFO: JdwpEventCenterDelegate: THREAD_RESUMED: thread (33, main, main)
20:26:11.853 INFO: JdwpEventCenterDelegate: THREAD_RESUMED: thread (33, main, main)
20:26:11.866 INFO: JdwpEventCenterDelegate: THREAD_RESUMED: thread (33, main, main)
20:26:11.881 INFO: JdwpEventCenterDelegate: THREAD_RESUMED: thread (33, main, main)
20:26:11.896 INFO: JdwpEventCenterDelegate: THREAD_RESUMED: thread (33, main, main)
20:26:11.910 INFO: JdwpEventCenterDelegate: THREAD_RESUMED: thread (33, main, main)
20:26:11.924 INFO: JdwpEventCenterDelegate: THREAD_RESUMED: thread (33, main, main)
20:26:15.472 INFO: JdwpEventCenterDelegate: THREAD_RESUMED: thread (33, main, main)
20:26:15.476 INFO: JdwpEventCenterDelegate: THREAD_RESUMED: thread (33, main, main)
20:26:15.479 INFO: JdwpEventCenterDelegate: THREAD_RESUMED: thread (33, main, main)
20:26:15.482 INFO: JdwpEventCenterDelegate: THREAD_RESUMED: thread (33, main, main)
20:26:15.485 INFO: JdwpEventCenterDelegate: THREAD_RESUMED: thread (33, main, main)
20:26:15.488 INFO: JdwpEventCenterDelegate: THREAD_RESUMED: thread (33, main, main)
20:26:15.492 INFO: JdwpEventCenterDelegate: THREAD_RESUMED: thread (33, main, main)
20:26:15.540 INFO: JdwpEventCenterDelegate: THREAD_STARTED: thread (123, Thread-7, main)
20:26:19.149 INFO: JdwpEventCenterDelegate: THREAD_STARTED: thread (138, Thread-8, main)
20:26:19.152 INFO: JdwpEventCenterDelegate: THREAD_RESUMED: thread (33, main, main)
20:26:19.196 INFO: JdwpEventCenterDelegate: THREAD_RESUMED: thread (33, main, main)
20:26:19.218 INFO: JdwpEventCenterDelegate: THREAD_RESUMED: thread (33, main, main)
20:26:19.233 INFO: JdwpEventCenterDelegate: THREAD_RESUMED: thread (33, main, main)
20:26:19.250 INFO: JdwpEventCenterDelegate: THREAD_RESUMED: thread (33, main, main)
20:26:24.138 INFO: JdwpEventCenterDelegate: THREAD_DETTACHED: thread (123, Thread-7, main)
20:26:26.309 INFO: JdwpEventCenterDelegate: THREAD_RESUMED: thread (33, main, main)
20:26:26.313 INFO: JdwpEventCenterDelegate: THREAD_RESUMED: thread (33, main, main)
20:26:26.315 INFO: JdwpEventCenterDelegate: THREAD_RESUMED: thread (33, main, main)
20:26:26.317 INFO: JdwpEventCenterDelegate: THREAD_RESUMED: thread (33, main, main)
20:26:26.319 INFO: JdwpEventCenterDelegate: THREAD_RESUMED: thread (33, main, main)
20:26:26.319 INFO: JdwpEventCenterDelegate: THREAD_DETTACHED: thread (33, main, main)
20:26:26.343 SEVERE: Debugger: Thread HooksChannel socket thread crashed
org.robovm.debugger.DebuggerException: java.io.IOException: org.robovm.libimobiledevice.LibIMobileDeviceException: IDEVICE_E_UNKNOWN_ERROR
	at org.robovm.debugger.hooks.HooksChannel.doSocketWork(HooksChannel.java:149)
	at java.base/java.lang.Thread.run(Thread.java:834)
	at org.robovm.debugger.utils.DebuggerThread.run(DebuggerThread.java:42)
Caused by: java.io.IOException: org.robovm.libimobiledevice.LibIMobileDeviceException: IDEVICE_E_UNKNOWN_ERROR
	at org.robovm.libimobiledevice.IDeviceConnection$DeviceInputStream.read(IDeviceConnection.java:203)
	at org.robovm.debugger.utils.bytebuffer.DataBufferWriter.writeFromStream(DataBufferWriter.java:89)
	at org.robovm.debugger.hooks.HooksChannel.doSocketWork(HooksChannel.java:116)
	... 2 more
Caused by: org.robovm.libimobiledevice.LibIMobileDeviceException: IDEVICE_E_UNKNOWN_ERROR
	at org.robovm.libimobiledevice.IDevice.checkResult(IDevice.java:206)
	at org.robovm.libimobiledevice.IDeviceConnection.receive(IDeviceConnection.java:110)
	at org.robovm.libimobiledevice.IDeviceConnection.receive(IDeviceConnection.java:81)
	at org.robovm.libimobiledevice.IDeviceConnection$DeviceInputStream.read(IDeviceConnection.java:201)
	... 4 more
20:26:26.361 INFO: JdwpDebugServer: handling req: VirtualMachine(1).Exit(10)
20:26:26.361 SEVERE: Debugger: Thread JDWP server socket thread crashed
org.robovm.debugger.DebuggerException: Terminating due exit command
	at org.robovm.debugger.jdwp.JdwpDebugServer.doSocketWork(JdwpDebugServer.java:211)
	at java.base/java.lang.Thread.run(Thread.java:834)
	at org.robovm.debugger.utils.DebuggerThread.run(DebuggerThread.java:42)
