20:35:26.415 INFO: JdwpDebugServer: handling req: VirtualMachine(1).IDSizes(7)
20:35:26.416 INFO: JdwpDebugServer: handling req: EventRequest(15).Set(1)
20:35:26.416 INFO: JdwpEventCenterDelegate: jdwpSetEventRequest: JdwpEventRequest{requestId=100, eventKind=CLASS_PREPARE, suspendPolicy=NONE, predicates=[]}
20:35:26.416 INFO: JdwpDebugServer: handling req: EventRequest(15).Set(1)
20:35:26.416 INFO: JdwpEventCenterDelegate: jdwpSetEventRequest: JdwpEventRequest{requestId=101, eventKind=CLASS_UNLOAD, suspendPolicy=NONE, predicates=[]}
20:35:26.437 INFO: JdwpDebugServer: handling req: VirtualMachine(1).Version(1)
20:35:26.438 INFO: JdwpDebugServer: handling req: VirtualMachine(1).capabilitiesNew(17)
20:35:26.438 INFO: JdwpDebugServer: handling req: VirtualMachine(1).capabilities(12)
20:35:26.438 INFO: JdwpDebugServer: handling req: VirtualMachine(1).AllClassesWithGeneric(20)
20:35:26.441 INFO: JdwpDebugServer: handling req: VirtualMachine(1).TopLevelThreadGroups(5)
20:35:26.442 INFO: JdwpDebugServer: handling req: EventRequest(15).Set(1)
20:35:26.442 INFO: JdwpEventCenterDelegate: jdwpSetEventRequest: JdwpEventRequest{requestId=102, eventKind=THREAD_START, suspendPolicy=NONE, predicates=[]}
20:35:26.442 INFO: JdwpDebugServer: handling req: EventRequest(15).Set(1)
20:35:26.442 INFO: JdwpEventCenterDelegate: jdwpSetEventRequest: JdwpEventRequest{requestId=103, eventKind=THREAD_DEATH, suspendPolicy=NONE, predicates=[]}
20:35:26.444 INFO: JdwpDebugServer: handling req: EventRequest(15).Set(1)
20:35:26.444 INFO: JdwpEventCenterDelegate: jdwpSetEventRequest: JdwpEventRequest{requestId=104, eventKind=CLASS_PREPARE, suspendPolicy=EVENT_THREAD, predicates=[className=sun.instrument.InstrumentationImpl]}
20:35:26.444 INFO: JdwpDebugServer: handling req: EventRequest(15).Set(1)
20:35:26.444 INFO: JdwpEventCenterDelegate: jdwpSetEventRequest: JdwpEventRequest{requestId=105, eventKind=CLASS_PREPARE, suspendPolicy=EVENT_THREAD, predicates=[className=sun.instrument.InstrumentationImpl]}
20:35:27.034 INFO: JdwpDebugServer: handling req: VirtualMachine(1).Resume(9)
20:35:27.089 INFO: JdwpEventCenterDelegate: THREAD_STARTED: thread (33, main, main)
20:35:27.104 INFO: JdwpEventCenterDelegate: THREAD_STARTED: thread (48, ReferenceQueueDaemon, main)
20:35:27.110 INFO: JdwpEventCenterDelegate: THREAD_STARTED: thread (63, FinalizerDaemon, main)
20:35:27.117 INFO: JdwpEventCenterDelegate: THREAD_STARTED: thread (78, FinalizerWatchdogDaemon, main)
20:35:27.119 INFO: JdwpEventCenterDelegate: THREAD_RESUMED: thread (33, main, main)
20:35:27.120 INFO: JdwpEventCenterDelegate: THREAD_RESUMED: thread (33, main, main)
20:35:27.122 INFO: JdwpEventCenterDelegate: THREAD_RESUMED: thread (33, main, main)
20:35:27.123 INFO: JdwpEventCenterDelegate: THREAD_RESUMED: thread (33, main, main)
20:35:27.124 INFO: JdwpEventCenterDelegate: THREAD_RESUMED: thread (33, main, main)
20:35:27.125 INFO: JdwpEventCenterDelegate: THREAD_RESUMED: thread (33, main, main)
20:35:27.127 INFO: JdwpEventCenterDelegate: THREAD_RESUMED: thread (33, main, main)
20:35:27.128 INFO: JdwpEventCenterDelegate: THREAD_RESUMED: thread (33, main, main)
20:35:27.129 INFO: JdwpEventCenterDelegate: THREAD_RESUMED: thread (33, main, main)
20:35:27.131 INFO: JdwpEventCenterDelegate: THREAD_RESUMED: thread (33, main, main)
20:35:27.132 INFO: JdwpEventCenterDelegate: THREAD_RESUMED: thread (33, main, main)
20:35:27.134 INFO: JdwpEventCenterDelegate: THREAD_RESUMED: thread (33, main, main)
20:35:27.135 INFO: JdwpEventCenterDelegate: THREAD_RESUMED: thread (33, main, main)
20:35:27.137 INFO: JdwpEventCenterDelegate: THREAD_RESUMED: thread (33, main, main)
20:35:27.138 INFO: JdwpEventCenterDelegate: THREAD_RESUMED: thread (33, main, main)
20:35:27.140 INFO: JdwpEventCenterDelegate: THREAD_RESUMED: thread (33, main, main)
20:35:27.141 INFO: JdwpEventCenterDelegate: THREAD_RESUMED: thread (33, main, main)
20:35:27.143 INFO: JdwpEventCenterDelegate: THREAD_RESUMED: thread (33, main, main)
20:35:27.147 INFO: JdwpEventCenterDelegate: THREAD_RESUMED: thread (33, main, main)
20:35:27.149 INFO: JdwpEventCenterDelegate: THREAD_RESUMED: thread (33, main, main)
20:35:27.150 INFO: JdwpEventCenterDelegate: THREAD_RESUMED: thread (33, main, main)
20:35:27.152 INFO: JdwpEventCenterDelegate: THREAD_RESUMED: thread (33, main, main)
20:35:27.153 INFO: JdwpEventCenterDelegate: THREAD_RESUMED: thread (33, main, main)
20:35:27.155 INFO: JdwpEventCenterDelegate: THREAD_RESUMED: thread (33, main, main)
20:35:27.156 INFO: JdwpEventCenterDelegate: THREAD_RESUMED: thread (33, main, main)
20:35:27.188 INFO: JdwpEventCenterDelegate: THREAD_RESUMED: thread (33, main, main)
20:35:27.190 INFO: JdwpEventCenterDelegate: THREAD_RESUMED: thread (33, main, main)
20:35:27.191 INFO: JdwpEventCenterDelegate: THREAD_RESUMED: thread (33, main, main)
20:35:27.192 INFO: JdwpEventCenterDelegate: THREAD_RESUMED: thread (33, main, main)
20:35:27.193 INFO: JdwpEventCenterDelegate: THREAD_RESUMED: thread (33, main, main)
20:35:27.195 INFO: JdwpEventCenterDelegate: THREAD_RESUMED: thread (33, main, main)
20:35:27.196 INFO: JdwpEventCenterDelegate: THREAD_RESUMED: thread (33, main, main)
20:35:27.199 INFO: JdwpEventCenterDelegate: THREAD_RESUMED: thread (33, main, main)
20:35:27.200 INFO: JdwpEventCenterDelegate: THREAD_RESUMED: thread (33, main, main)
20:35:27.201 INFO: JdwpEventCenterDelegate: THREAD_RESUMED: thread (33, main, main)
20:35:27.203 INFO: JdwpEventCenterDelegate: THREAD_RESUMED: thread (33, main, main)
20:35:27.204 INFO: JdwpEventCenterDelegate: THREAD_RESUMED: thread (33, main, main)
20:35:27.206 INFO: JdwpEventCenterDelegate: THREAD_RESUMED: thread (33, main, main)
20:35:27.207 INFO: JdwpEventCenterDelegate: THREAD_RESUMED: thread (33, main, main)
20:35:27.222 INFO: JdwpEventCenterDelegate: THREAD_RESUMED: thread (33, main, main)
20:35:27.224 INFO: JdwpEventCenterDelegate: THREAD_RESUMED: thread (33, main, main)
20:35:27.225 INFO: JdwpEventCenterDelegate: THREAD_RESUMED: thread (33, main, main)
20:35:27.226 INFO: JdwpEventCenterDelegate: THREAD_RESUMED: thread (33, main, main)
20:35:27.228 INFO: JdwpEventCenterDelegate: THREAD_RESUMED: thread (33, main, main)
20:35:27.229 INFO: JdwpEventCenterDelegate: THREAD_RESUMED: thread (33, main, main)
20:35:27.230 INFO: JdwpEventCenterDelegate: THREAD_RESUMED: thread (33, main, main)
20:35:27.252 INFO: JdwpEventCenterDelegate: THREAD_RESUMED: thread (33, main, main)
20:35:27.254 INFO: JdwpEventCenterDelegate: THREAD_RESUMED: thread (33, main, main)
20:35:27.255 INFO: JdwpEventCenterDelegate: THREAD_RESUMED: thread (33, main, main)
20:35:27.256 INFO: JdwpEventCenterDelegate: THREAD_RESUMED: thread (33, main, main)
20:35:27.258 INFO: JdwpEventCenterDelegate: THREAD_RESUMED: thread (33, main, main)
20:35:27.260 INFO: JdwpEventCenterDelegate: THREAD_RESUMED: thread (33, main, main)
20:35:27.261 INFO: JdwpEventCenterDelegate: THREAD_RESUMED: thread (33, main, main)
20:35:27.288 INFO: JdwpEventCenterDelegate: THREAD_RESUMED: thread (33, main, main)
20:35:27.290 INFO: JdwpEventCenterDelegate: THREAD_RESUMED: thread (33, main, main)
20:35:27.291 INFO: JdwpEventCenterDelegate: THREAD_RESUMED: thread (33, main, main)
20:35:27.292 INFO: JdwpEventCenterDelegate: THREAD_RESUMED: thread (33, main, main)
20:35:27.294 INFO: JdwpEventCenterDelegate: THREAD_RESUMED: thread (33, main, main)
20:35:27.295 INFO: JdwpEventCenterDelegate: THREAD_RESUMED: thread (33, main, main)
20:35:27.296 INFO: JdwpEventCenterDelegate: THREAD_RESUMED: thread (33, main, main)
20:35:27.306 INFO: JdwpEventCenterDelegate: THREAD_RESUMED: thread (33, main, main)
20:35:27.308 INFO: JdwpEventCenterDelegate: THREAD_RESUMED: thread (33, main, main)
20:35:27.309 INFO: JdwpEventCenterDelegate: THREAD_RESUMED: thread (33, main, main)
20:35:27.310 INFO: JdwpEventCenterDelegate: THREAD_RESUMED: thread (33, main, main)
20:35:27.311 INFO: JdwpEventCenterDelegate: THREAD_RESUMED: thread (33, main, main)
20:35:27.313 INFO: JdwpEventCenterDelegate: THREAD_RESUMED: thread (33, main, main)
20:35:27.314 INFO: JdwpEventCenterDelegate: THREAD_RESUMED: thread (33, main, main)
20:35:27.323 INFO: JdwpEventCenterDelegate: THREAD_RESUMED: thread (33, main, main)
20:35:27.325 INFO: JdwpEventCenterDelegate: THREAD_RESUMED: thread (33, main, main)
20:35:27.326 INFO: JdwpEventCenterDelegate: THREAD_RESUMED: thread (33, main, main)
20:35:27.327 INFO: JdwpEventCenterDelegate: THREAD_RESUMED: thread (33, main, main)
20:35:27.329 INFO: JdwpEventCenterDelegate: THREAD_RESUMED: thread (33, main, main)
20:35:27.330 INFO: JdwpEventCenterDelegate: THREAD_RESUMED: thread (33, main, main)
20:35:27.332 INFO: JdwpEventCenterDelegate: THREAD_RESUMED: thread (33, main, main)
20:35:27.333 INFO: JdwpEventCenterDelegate: THREAD_RESUMED: thread (33, main, main)
20:35:27.334 INFO: JdwpEventCenterDelegate: THREAD_RESUMED: thread (33, main, main)
20:35:27.335 INFO: JdwpEventCenterDelegate: THREAD_RESUMED: thread (33, main, main)
20:35:27.336 INFO: JdwpEventCenterDelegate: THREAD_RESUMED: thread (33, main, main)
20:35:27.338 INFO: JdwpEventCenterDelegate: THREAD_RESUMED: thread (33, main, main)
20:35:27.340 INFO: JdwpEventCenterDelegate: THREAD_RESUMED: thread (33, main, main)
20:35:27.341 INFO: JdwpEventCenterDelegate: THREAD_RESUMED: thread (33, main, main)
20:35:27.343 INFO: JdwpEventCenterDelegate: THREAD_RESUMED: thread (33, main, main)
20:35:27.344 INFO: JdwpEventCenterDelegate: THREAD_RESUMED: thread (33, main, main)
20:35:27.346 INFO: JdwpEventCenterDelegate: THREAD_RESUMED: thread (33, main, main)
20:35:27.348 INFO: JdwpEventCenterDelegate: THREAD_RESUMED: thread (33, main, main)
20:35:27.351 INFO: JdwpEventCenterDelegate: THREAD_RESUMED: thread (33, main, main)
20:35:27.352 INFO: JdwpEventCenterDelegate: THREAD_RESUMED: thread (33, main, main)
20:35:27.478 INFO: JdwpEventCenterDelegate: THREAD_STARTED: thread (93, AssetManager, main)
20:35:27.579 INFO: JdwpEventCenterDelegate: THREAD_RESUMED: thread (33, main, main)
20:35:27.582 INFO: JdwpEventCenterDelegate: THREAD_RESUMED: thread (33, main, main)
20:35:30.148 INFO: JdwpEventCenterDelegate: THREAD_RESUMED: thread (33, main, main)
20:35:30.247 INFO: JdwpEventCenterDelegate: THREAD_RESUMED: thread (33, main, main)
20:35:30.249 INFO: JdwpEventCenterDelegate: THREAD_RESUMED: thread (33, main, main)
20:35:30.251 INFO: JdwpEventCenterDelegate: THREAD_RESUMED: thread (33, main, main)
20:35:30.252 INFO: JdwpEventCenterDelegate: THREAD_RESUMED: thread (33, main, main)
20:35:30.254 INFO: JdwpEventCenterDelegate: THREAD_RESUMED: thread (33, main, main)
20:35:30.260 INFO: JdwpEventCenterDelegate: THREAD_RESUMED: thread (33, main, main)
20:35:30.272 INFO: JdwpEventCenterDelegate: THREAD_RESUMED: thread (33, main, main)
20:35:30.274 INFO: JdwpEventCenterDelegate: THREAD_RESUMED: thread (33, main, main)
20:35:30.277 INFO: JdwpEventCenterDelegate: THREAD_RESUMED: thread (33, main, main)
20:35:30.279 INFO: JdwpEventCenterDelegate: THREAD_RESUMED: thread (33, main, main)
20:35:30.281 INFO: JdwpEventCenterDelegate: THREAD_RESUMED: thread (33, main, main)
20:35:30.285 INFO: JdwpEventCenterDelegate: THREAD_RESUMED: thread (33, main, main)
20:35:30.300 INFO: JdwpEventCenterDelegate: THREAD_RESUMED: thread (33, main, main)
20:35:30.302 INFO: JdwpEventCenterDelegate: THREAD_RESUMED: thread (33, main, main)
20:35:30.304 INFO: JdwpEventCenterDelegate: THREAD_RESUMED: thread (33, main, main)
20:35:30.306 INFO: JdwpEventCenterDelegate: THREAD_RESUMED: thread (33, main, main)
20:35:30.309 INFO: JdwpEventCenterDelegate: THREAD_RESUMED: thread (33, main, main)
20:35:30.313 INFO: JdwpEventCenterDelegate: THREAD_RESUMED: thread (33, main, main)
20:35:30.332 INFO: JdwpEventCenterDelegate: THREAD_RESUMED: thread (33, main, main)
20:35:30.334 INFO: JdwpEventCenterDelegate: THREAD_RESUMED: thread (33, main, main)
20:35:30.379 INFO: JdwpEventCenterDelegate: THREAD_RESUMED: thread (33, main, main)
20:35:30.382 INFO: JdwpEventCenterDelegate: THREAD_RESUMED: thread (33, main, main)
20:35:30.384 INFO: JdwpEventCenterDelegate: THREAD_RESUMED: thread (33, main, main)
20:35:30.389 INFO: JdwpEventCenterDelegate: THREAD_RESUMED: thread (33, main, main)
20:35:30.407 INFO: JdwpEventCenterDelegate: THREAD_RESUMED: thread (33, main, main)
20:35:30.409 INFO: JdwpEventCenterDelegate: THREAD_RESUMED: thread (33, main, main)
20:35:30.411 INFO: JdwpEventCenterDelegate: THREAD_RESUMED: thread (33, main, main)
20:35:30.413 INFO: JdwpEventCenterDelegate: THREAD_RESUMED: thread (33, main, main)
20:35:30.415 INFO: JdwpEventCenterDelegate: THREAD_RESUMED: thread (33, main, main)
20:35:30.419 INFO: JdwpEventCenterDelegate: THREAD_RESUMED: thread (33, main, main)
20:35:30.435 INFO: JdwpEventCenterDelegate: THREAD_RESUMED: thread (33, main, main)
20:35:30.437 INFO: JdwpEventCenterDelegate: THREAD_RESUMED: thread (33, main, main)
20:35:30.439 INFO: JdwpEventCenterDelegate: THREAD_RESUMED: thread (33, main, main)
20:35:30.441 INFO: JdwpEventCenterDelegate: THREAD_RESUMED: thread (33, main, main)
20:35:30.443 INFO: JdwpEventCenterDelegate: THREAD_RESUMED: thread (33, main, main)
20:35:30.448 INFO: JdwpEventCenterDelegate: THREAD_RESUMED: thread (33, main, main)
20:35:30.466 INFO: JdwpEventCenterDelegate: THREAD_RESUMED: thread (33, main, main)
20:35:30.468 INFO: JdwpEventCenterDelegate: THREAD_RESUMED: thread (33, main, main)
20:35:30.470 INFO: JdwpEventCenterDelegate: THREAD_RESUMED: thread (33, main, main)
20:35:30.472 INFO: JdwpEventCenterDelegate: THREAD_RESUMED: thread (33, main, main)
20:35:30.474 INFO: JdwpEventCenterDelegate: THREAD_RESUMED: thread (33, main, main)
20:35:30.478 INFO: JdwpEventCenterDelegate: THREAD_RESUMED: thread (33, main, main)
20:35:30.496 INFO: JdwpEventCenterDelegate: THREAD_RESUMED: thread (33, main, main)
20:35:30.498 INFO: JdwpEventCenterDelegate: THREAD_RESUMED: thread (33, main, main)
20:35:30.500 INFO: JdwpEventCenterDelegate: THREAD_RESUMED: thread (33, main, main)
20:35:30.502 INFO: JdwpEventCenterDelegate: THREAD_RESUMED: thread (33, main, main)
20:35:30.504 INFO: JdwpEventCenterDelegate: THREAD_RESUMED: thread (33, main, main)
20:35:30.508 INFO: JdwpEventCenterDelegate: THREAD_RESUMED: thread (33, main, main)
20:35:30.526 INFO: JdwpEventCenterDelegate: THREAD_RESUMED: thread (33, main, main)
20:35:30.528 INFO: JdwpEventCenterDelegate: THREAD_RESUMED: thread (33, main, main)
20:35:30.530 INFO: JdwpEventCenterDelegate: THREAD_RESUMED: thread (33, main, main)
20:35:30.531 INFO: JdwpEventCenterDelegate: THREAD_RESUMED: thread (33, main, main)
20:35:30.533 INFO: JdwpEventCenterDelegate: THREAD_RESUMED: thread (33, main, main)
20:35:30.537 INFO: JdwpEventCenterDelegate: THREAD_RESUMED: thread (33, main, main)
20:35:30.556 INFO: JdwpEventCenterDelegate: THREAD_RESUMED: thread (33, main, main)
20:35:30.559 INFO: JdwpEventCenterDelegate: THREAD_RESUMED: thread (33, main, main)
20:35:30.561 INFO: JdwpEventCenterDelegate: THREAD_RESUMED: thread (33, main, main)
20:35:30.563 INFO: JdwpEventCenterDelegate: THREAD_RESUMED: thread (33, main, main)
20:35:30.565 INFO: JdwpEventCenterDelegate: THREAD_RESUMED: thread (33, main, main)
20:35:30.571 INFO: JdwpEventCenterDelegate: THREAD_RESUMED: thread (33, main, main)
20:35:30.585 INFO: JdwpEventCenterDelegate: THREAD_RESUMED: thread (33, main, main)
20:35:30.588 INFO: JdwpEventCenterDelegate: THREAD_RESUMED: thread (33, main, main)
20:35:30.590 INFO: JdwpEventCenterDelegate: THREAD_RESUMED: thread (33, main, main)
20:35:30.592 INFO: JdwpEventCenterDelegate: THREAD_RESUMED: thread (33, main, main)
20:35:30.594 INFO: JdwpEventCenterDelegate: THREAD_RESUMED: thread (33, main, main)
20:35:30.599 INFO: JdwpEventCenterDelegate: THREAD_RESUMED: thread (33, main, main)
20:35:30.619 INFO: JdwpEventCenterDelegate: THREAD_RESUMED: thread (33, main, main)
20:35:30.621 INFO: JdwpEventCenterDelegate: THREAD_RESUMED: thread (33, main, main)
20:35:30.623 INFO: JdwpEventCenterDelegate: THREAD_RESUMED: thread (33, main, main)
20:35:30.625 INFO: JdwpEventCenterDelegate: THREAD_RESUMED: thread (33, main, main)
20:35:30.627 INFO: JdwpEventCenterDelegate: THREAD_RESUMED: thread (33, main, main)
20:35:30.632 INFO: JdwpEventCenterDelegate: THREAD_RESUMED: thread (33, main, main)
20:35:30.654 INFO: JdwpEventCenterDelegate: THREAD_RESUMED: thread (33, main, main)
20:35:30.656 INFO: JdwpEventCenterDelegate: THREAD_RESUMED: thread (33, main, main)
20:35:30.658 INFO: JdwpEventCenterDelegate: THREAD_RESUMED: thread (33, main, main)
20:35:30.660 INFO: JdwpEventCenterDelegate: THREAD_RESUMED: thread (33, main, main)
20:35:30.663 INFO: JdwpEventCenterDelegate: THREAD_RESUMED: thread (33, main, main)
20:35:30.667 INFO: JdwpEventCenterDelegate: THREAD_RESUMED: thread (33, main, main)
20:35:30.686 INFO: JdwpEventCenterDelegate: THREAD_RESUMED: thread (33, main, main)
20:35:30.688 INFO: JdwpEventCenterDelegate: THREAD_RESUMED: thread (33, main, main)
20:35:30.690 INFO: JdwpEventCenterDelegate: THREAD_RESUMED: thread (33, main, main)
20:35:30.692 INFO: JdwpEventCenterDelegate: THREAD_RESUMED: thread (33, main, main)
20:35:30.694 INFO: JdwpEventCenterDelegate: THREAD_RESUMED: thread (33, main, main)
20:35:30.699 INFO: JdwpEventCenterDelegate: THREAD_RESUMED: thread (33, main, main)
20:35:30.712 INFO: JdwpEventCenterDelegate: THREAD_RESUMED: thread (33, main, main)
20:35:30.714 INFO: JdwpEventCenterDelegate: THREAD_RESUMED: thread (33, main, main)
20:35:30.716 INFO: JdwpEventCenterDelegate: THREAD_RESUMED: thread (33, main, main)
20:35:30.718 INFO: JdwpEventCenterDelegate: THREAD_RESUMED: thread (33, main, main)
20:35:30.720 INFO: JdwpEventCenterDelegate: THREAD_RESUMED: thread (33, main, main)
20:35:30.725 INFO: JdwpEventCenterDelegate: THREAD_RESUMED: thread (33, main, main)
20:35:30.727 INFO: JdwpEventCenterDelegate: THREAD_RESUMED: thread (33, main, main)
20:35:30.729 INFO: JdwpEventCenterDelegate: THREAD_RESUMED: thread (33, main, main)
20:35:30.731 INFO: JdwpEventCenterDelegate: THREAD_RESUMED: thread (33, main, main)
20:35:30.733 INFO: JdwpEventCenterDelegate: THREAD_RESUMED: thread (33, main, main)
20:35:30.735 INFO: JdwpEventCenterDelegate: THREAD_RESUMED: thread (33, main, main)
20:35:30.737 INFO: JdwpEventCenterDelegate: THREAD_RESUMED: thread (33, main, main)
20:35:30.741 INFO: JdwpEventCenterDelegate: THREAD_RESUMED: thread (33, main, main)
20:35:30.743 INFO: JdwpEventCenterDelegate: THREAD_RESUMED: thread (33, main, main)
20:35:30.746 INFO: JdwpEventCenterDelegate: THREAD_RESUMED: thread (33, main, main)
20:35:30.747 INFO: JdwpEventCenterDelegate: THREAD_RESUMED: thread (33, main, main)
20:35:30.760 INFO: JdwpEventCenterDelegate: THREAD_RESUMED: thread (33, main, main)
20:35:30.762 INFO: JdwpEventCenterDelegate: THREAD_RESUMED: thread (33, main, main)
20:35:30.764 INFO: JdwpEventCenterDelegate: THREAD_RESUMED: thread (33, main, main)
20:35:30.766 INFO: JdwpEventCenterDelegate: THREAD_RESUMED: thread (33, main, main)
20:35:30.767 INFO: JdwpEventCenterDelegate: THREAD_RESUMED: thread (33, main, main)
20:35:30.771 INFO: JdwpEventCenterDelegate: THREAD_RESUMED: thread (33, main, main)
20:35:30.783 INFO: JdwpEventCenterDelegate: THREAD_RESUMED: thread (33, main, main)
20:35:30.797 INFO: JdwpEventCenterDelegate: THREAD_RESUMED: thread (33, main, main)
20:35:30.807 INFO: JdwpEventCenterDelegate: THREAD_RESUMED: thread (33, main, main)
20:35:30.821 INFO: JdwpEventCenterDelegate: THREAD_RESUMED: thread (33, main, main)
20:35:30.854 INFO: JdwpEventCenterDelegate: THREAD_RESUMED: thread (33, main, main)
20:35:30.857 INFO: JdwpEventCenterDelegate: THREAD_RESUMED: thread (33, main, main)
20:35:30.859 INFO: JdwpEventCenterDelegate: THREAD_RESUMED: thread (33, main, main)
20:35:30.861 INFO: JdwpEventCenterDelegate: THREAD_RESUMED: thread (33, main, main)
20:35:30.863 INFO: JdwpEventCenterDelegate: THREAD_RESUMED: thread (33, main, main)
20:35:30.868 INFO: JdwpEventCenterDelegate: THREAD_RESUMED: thread (33, main, main)
20:35:30.879 INFO: JdwpEventCenterDelegate: THREAD_RESUMED: thread (33, main, main)
20:35:30.882 INFO: JdwpEventCenterDelegate: THREAD_RESUMED: thread (33, main, main)
20:35:30.884 INFO: JdwpEventCenterDelegate: THREAD_RESUMED: thread (33, main, main)
20:35:30.886 INFO: JdwpEventCenterDelegate: THREAD_RESUMED: thread (33, main, main)
20:35:30.888 INFO: JdwpEventCenterDelegate: THREAD_RESUMED: thread (33, main, main)
20:35:30.893 INFO: JdwpEventCenterDelegate: THREAD_RESUMED: thread (33, main, main)
20:35:30.906 INFO: JdwpEventCenterDelegate: THREAD_RESUMED: thread (33, main, main)
20:35:30.909 INFO: JdwpEventCenterDelegate: THREAD_RESUMED: thread (33, main, main)
20:35:30.911 INFO: JdwpEventCenterDelegate: THREAD_RESUMED: thread (33, main, main)
20:35:30.913 INFO: JdwpEventCenterDelegate: THREAD_RESUMED: thread (33, main, main)
20:35:30.915 INFO: JdwpEventCenterDelegate: THREAD_RESUMED: thread (33, main, main)
20:35:30.920 INFO: JdwpEventCenterDelegate: THREAD_RESUMED: thread (33, main, main)
20:35:30.937 INFO: JdwpEventCenterDelegate: THREAD_RESUMED: thread (33, main, main)
20:35:30.939 INFO: JdwpEventCenterDelegate: THREAD_RESUMED: thread (33, main, main)
20:35:30.941 INFO: JdwpEventCenterDelegate: THREAD_RESUMED: thread (33, main, main)
20:35:30.943 INFO: JdwpEventCenterDelegate: THREAD_RESUMED: thread (33, main, main)
20:35:30.945 INFO: JdwpEventCenterDelegate: THREAD_RESUMED: thread (33, main, main)
20:35:30.949 INFO: JdwpEventCenterDelegate: THREAD_RESUMED: thread (33, main, main)
20:35:30.964 INFO: JdwpEventCenterDelegate: THREAD_RESUMED: thread (33, main, main)
20:35:30.966 INFO: JdwpEventCenterDelegate: THREAD_RESUMED: thread (33, main, main)
20:35:30.968 INFO: JdwpEventCenterDelegate: THREAD_RESUMED: thread (33, main, main)
20:35:30.970 INFO: JdwpEventCenterDelegate: THREAD_RESUMED: thread (33, main, main)
20:35:30.972 INFO: JdwpEventCenterDelegate: THREAD_RESUMED: thread (33, main, main)
20:35:30.977 INFO: JdwpEventCenterDelegate: THREAD_RESUMED: thread (33, main, main)
20:35:30.991 INFO: JdwpEventCenterDelegate: THREAD_RESUMED: thread (33, main, main)
20:35:30.993 INFO: JdwpEventCenterDelegate: THREAD_RESUMED: thread (33, main, main)
20:35:30.995 INFO: JdwpEventCenterDelegate: THREAD_RESUMED: thread (33, main, main)
20:35:30.997 INFO: JdwpEventCenterDelegate: THREAD_RESUMED: thread (33, main, main)
20:35:30.999 INFO: JdwpEventCenterDelegate: THREAD_RESUMED: thread (33, main, main)
20:35:31.003 INFO: JdwpEventCenterDelegate: THREAD_RESUMED: thread (33, main, main)
20:35:31.024 INFO: JdwpEventCenterDelegate: THREAD_RESUMED: thread (33, main, main)
20:35:31.026 INFO: JdwpEventCenterDelegate: THREAD_RESUMED: thread (33, main, main)
20:35:31.027 INFO: JdwpEventCenterDelegate: THREAD_RESUMED: thread (33, main, main)
20:35:31.029 INFO: JdwpEventCenterDelegate: THREAD_RESUMED: thread (33, main, main)
20:35:31.031 INFO: JdwpEventCenterDelegate: THREAD_RESUMED: thread (33, main, main)
20:35:31.035 INFO: JdwpEventCenterDelegate: THREAD_RESUMED: thread (33, main, main)
20:35:31.053 INFO: JdwpEventCenterDelegate: THREAD_RESUMED: thread (33, main, main)
20:35:31.055 INFO: JdwpEventCenterDelegate: THREAD_RESUMED: thread (33, main, main)
20:35:31.057 INFO: JdwpEventCenterDelegate: THREAD_RESUMED: thread (33, main, main)
20:35:31.059 INFO: JdwpEventCenterDelegate: THREAD_RESUMED: thread (33, main, main)
20:35:31.061 INFO: JdwpEventCenterDelegate: THREAD_RESUMED: thread (33, main, main)
20:35:31.066 INFO: JdwpEventCenterDelegate: THREAD_RESUMED: thread (33, main, main)
20:35:31.083 INFO: JdwpEventCenterDelegate: THREAD_RESUMED: thread (33, main, main)
20:35:31.085 INFO: JdwpEventCenterDelegate: THREAD_RESUMED: thread (33, main, main)
20:35:31.088 INFO: JdwpEventCenterDelegate: THREAD_RESUMED: thread (33, main, main)
20:35:31.090 INFO: JdwpEventCenterDelegate: THREAD_RESUMED: thread (33, main, main)
20:35:31.092 INFO: JdwpEventCenterDelegate: THREAD_RESUMED: thread (33, main, main)
20:35:31.097 INFO: JdwpEventCenterDelegate: THREAD_RESUMED: thread (33, main, main)
20:35:31.112 INFO: JdwpEventCenterDelegate: THREAD_RESUMED: thread (33, main, main)
20:35:31.114 INFO: JdwpEventCenterDelegate: THREAD_RESUMED: thread (33, main, main)
20:35:31.116 INFO: JdwpEventCenterDelegate: THREAD_RESUMED: thread (33, main, main)
20:35:31.118 INFO: JdwpEventCenterDelegate: THREAD_RESUMED: thread (33, main, main)
20:35:31.120 INFO: JdwpEventCenterDelegate: THREAD_RESUMED: thread (33, main, main)
20:35:31.125 INFO: JdwpEventCenterDelegate: THREAD_RESUMED: thread (33, main, main)
20:35:31.139 INFO: JdwpEventCenterDelegate: THREAD_RESUMED: thread (33, main, main)
20:35:31.141 INFO: JdwpEventCenterDelegate: THREAD_RESUMED: thread (33, main, main)
20:35:31.144 INFO: JdwpEventCenterDelegate: THREAD_RESUMED: thread (33, main, main)
20:35:31.146 INFO: JdwpEventCenterDelegate: THREAD_RESUMED: thread (33, main, main)
20:35:31.148 INFO: JdwpEventCenterDelegate: THREAD_RESUMED: thread (33, main, main)
20:35:31.152 INFO: JdwpEventCenterDelegate: THREAD_RESUMED: thread (33, main, main)
20:35:31.171 INFO: JdwpEventCenterDelegate: THREAD_RESUMED: thread (33, main, main)
20:35:31.173 INFO: JdwpEventCenterDelegate: THREAD_RESUMED: thread (33, main, main)
20:35:31.175 INFO: JdwpEventCenterDelegate: THREAD_RESUMED: thread (33, main, main)
20:35:31.177 INFO: JdwpEventCenterDelegate: THREAD_RESUMED: thread (33, main, main)
20:35:31.178 INFO: JdwpEventCenterDelegate: THREAD_RESUMED: thread (33, main, main)
20:35:31.183 INFO: JdwpEventCenterDelegate: THREAD_RESUMED: thread (33, main, main)
20:35:31.207 INFO: JdwpEventCenterDelegate: THREAD_RESUMED: thread (33, main, main)
20:35:31.209 INFO: JdwpEventCenterDelegate: THREAD_RESUMED: thread (33, main, main)
20:35:31.211 INFO: JdwpEventCenterDelegate: THREAD_RESUMED: thread (33, main, main)
20:35:31.213 INFO: JdwpEventCenterDelegate: THREAD_RESUMED: thread (33, main, main)
20:35:31.216 INFO: JdwpEventCenterDelegate: THREAD_RESUMED: thread (33, main, main)
20:35:31.220 INFO: JdwpEventCenterDelegate: THREAD_RESUMED: thread (33, main, main)
20:35:31.238 INFO: JdwpEventCenterDelegate: THREAD_RESUMED: thread (33, main, main)
20:35:31.240 INFO: JdwpEventCenterDelegate: THREAD_RESUMED: thread (33, main, main)
20:35:31.243 INFO: JdwpEventCenterDelegate: THREAD_RESUMED: thread (33, main, main)
20:35:31.245 INFO: JdwpEventCenterDelegate: THREAD_RESUMED: thread (33, main, main)
20:35:31.247 INFO: JdwpEventCenterDelegate: THREAD_RESUMED: thread (33, main, main)
20:35:31.252 INFO: JdwpEventCenterDelegate: THREAD_RESUMED: thread (33, main, main)
20:35:31.264 INFO: JdwpEventCenterDelegate: THREAD_RESUMED: thread (33, main, main)
20:35:31.266 INFO: JdwpEventCenterDelegate: THREAD_RESUMED: thread (33, main, main)
20:35:31.268 INFO: JdwpEventCenterDelegate: THREAD_RESUMED: thread (33, main, main)
20:35:31.270 INFO: JdwpEventCenterDelegate: THREAD_RESUMED: thread (33, main, main)
20:35:31.272 INFO: JdwpEventCenterDelegate: THREAD_RESUMED: thread (33, main, main)
20:35:47.383 INFO: JdwpEventCenterDelegate: THREAD_STARTED: thread (108, Timer, main)
20:35:48.258 INFO: JdwpEventCenterDelegate: THREAD_RESUMED: thread (33, main, main)
20:35:48.294 INFO: JdwpEventCenterDelegate: THREAD_RESUMED: thread (33, main, main)
20:35:48.315 INFO: JdwpEventCenterDelegate: THREAD_RESUMED: thread (33, main, main)
20:35:48.334 INFO: JdwpEventCenterDelegate: THREAD_RESUMED: thread (33, main, main)
20:35:48.353 INFO: JdwpEventCenterDelegate: THREAD_RESUMED: thread (33, main, main)
20:35:48.368 INFO: JdwpEventCenterDelegate: THREAD_RESUMED: thread (33, main, main)
20:35:48.383 INFO: JdwpEventCenterDelegate: THREAD_RESUMED: thread (33, main, main)
20:35:48.398 INFO: JdwpEventCenterDelegate: THREAD_RESUMED: thread (33, main, main)
20:35:48.410 INFO: JdwpEventCenterDelegate: THREAD_RESUMED: thread (33, main, main)
20:35:48.424 INFO: JdwpEventCenterDelegate: THREAD_RESUMED: thread (33, main, main)
20:35:48.436 INFO: JdwpEventCenterDelegate: THREAD_RESUMED: thread (33, main, main)
20:35:48.449 INFO: JdwpEventCenterDelegate: THREAD_RESUMED: thread (33, main, main)
20:35:48.465 INFO: JdwpEventCenterDelegate: THREAD_RESUMED: thread (33, main, main)
20:35:48.479 INFO: JdwpEventCenterDelegate: THREAD_RESUMED: thread (33, main, main)
20:35:48.492 INFO: JdwpEventCenterDelegate: THREAD_RESUMED: thread (33, main, main)
20:35:48.507 INFO: JdwpEventCenterDelegate: THREAD_RESUMED: thread (33, main, main)
20:35:49.659 INFO: JdwpEventCenterDelegate: THREAD_RESUMED: thread (33, main, main)
20:35:49.662 INFO: JdwpEventCenterDelegate: THREAD_RESUMED: thread (33, main, main)
20:35:49.666 INFO: JdwpEventCenterDelegate: THREAD_RESUMED: thread (33, main, main)
20:35:49.669 INFO: JdwpEventCenterDelegate: THREAD_RESUMED: thread (33, main, main)
20:35:49.672 INFO: JdwpEventCenterDelegate: THREAD_RESUMED: thread (33, main, main)
20:35:49.676 INFO: JdwpEventCenterDelegate: THREAD_RESUMED: thread (33, main, main)
20:35:49.679 INFO: JdwpEventCenterDelegate: THREAD_RESUMED: thread (33, main, main)
20:35:49.722 INFO: JdwpEventCenterDelegate: THREAD_STARTED: thread (123, Thread-7, main)
20:35:54.724 INFO: JdwpEventCenterDelegate: THREAD_DETTACHED: thread (123, Thread-7, main)
20:35:56.881 INFO: JdwpEventCenterDelegate: THREAD_STARTED: thread (138, Thread-8, main)
20:35:56.883 INFO: JdwpEventCenterDelegate: THREAD_RESUMED: thread (33, main, main)
20:35:56.922 INFO: JdwpEventCenterDelegate: THREAD_RESUMED: thread (33, main, main)
20:35:56.942 INFO: JdwpEventCenterDelegate: THREAD_RESUMED: thread (33, main, main)
20:35:56.957 INFO: JdwpEventCenterDelegate: THREAD_RESUMED: thread (33, main, main)
20:35:56.973 INFO: JdwpEventCenterDelegate: THREAD_RESUMED: thread (33, main, main)
20:36:03.173 INFO: JdwpEventCenterDelegate: THREAD_STARTED: thread (153, Thread-9, main)
20:36:03.175 INFO: JdwpEventCenterDelegate: THREAD_RESUMED: thread (33, main, main)
20:36:03.211 INFO: JdwpEventCenterDelegate: THREAD_RESUMED: thread (33, main, main)
20:36:03.239 INFO: JdwpEventCenterDelegate: THREAD_RESUMED: thread (33, main, main)
20:36:03.256 INFO: JdwpEventCenterDelegate: THREAD_RESUMED: thread (33, main, main)
20:36:03.273 INFO: JdwpEventCenterDelegate: THREAD_RESUMED: thread (33, main, main)
20:36:10.673 INFO: JdwpEventCenterDelegate: THREAD_RESUMED: thread (33, main, main)
20:36:10.706 INFO: JdwpEventCenterDelegate: THREAD_RESUMED: thread (33, main, main)
20:36:10.730 INFO: JdwpEventCenterDelegate: THREAD_RESUMED: thread (33, main, main)
20:36:10.749 INFO: JdwpEventCenterDelegate: THREAD_RESUMED: thread (33, main, main)
20:36:10.787 INFO: JdwpEventCenterDelegate: THREAD_RESUMED: thread (33, main, main)
20:36:10.822 INFO: JdwpEventCenterDelegate: THREAD_RESUMED: thread (33, main, main)
20:36:10.839 INFO: JdwpEventCenterDelegate: THREAD_RESUMED: thread (33, main, main)
20:36:10.855 INFO: JdwpEventCenterDelegate: THREAD_RESUMED: thread (33, main, main)
20:36:10.861 INFO: JdwpEventCenterDelegate: THREAD_RESUMED: thread (33, main, main)
20:36:10.876 INFO: JdwpEventCenterDelegate: THREAD_RESUMED: thread (33, main, main)
20:36:17.222 INFO: JdwpEventCenterDelegate: THREAD_RESUMED: thread (33, main, main)
20:36:17.266 INFO: JdwpEventCenterDelegate: THREAD_RESUMED: thread (33, main, main)
20:36:17.288 INFO: JdwpEventCenterDelegate: THREAD_RESUMED: thread (33, main, main)
20:36:17.306 INFO: JdwpEventCenterDelegate: THREAD_RESUMED: thread (33, main, main)
20:36:17.319 INFO: JdwpEventCenterDelegate: THREAD_RESUMED: thread (33, main, main)
20:36:17.332 INFO: JdwpEventCenterDelegate: THREAD_RESUMED: thread (33, main, main)
20:36:17.344 INFO: JdwpEventCenterDelegate: THREAD_RESUMED: thread (33, main, main)
20:36:17.357 INFO: JdwpEventCenterDelegate: THREAD_RESUMED: thread (33, main, main)
20:36:17.371 INFO: JdwpEventCenterDelegate: THREAD_RESUMED: thread (33, main, main)
20:36:22.364 INFO: JdwpEventCenterDelegate: THREAD_RESUMED: thread (33, main, main)
20:36:22.400 SEVERE: Debugger: Thread HooksChannel socket thread crashed
org.robovm.debugger.DebuggerException: java.io.IOException: org.robovm.libimobiledevice.LibIMobileDeviceException: IDEVICE_E_UNKNOWN_ERROR
	at org.robovm.debugger.hooks.HooksChannel.doSocketWork(HooksChannel.java:149)
	at java.base/java.lang.Thread.run(Thread.java:834)
	at org.robovm.debugger.utils.DebuggerThread.run(DebuggerThread.java:42)
Caused by: java.io.IOException: org.robovm.libimobiledevice.LibIMobileDeviceException: IDEVICE_E_UNKNOWN_ERROR
	at org.robovm.libimobiledevice.IDeviceConnection$DeviceInputStream.read(IDeviceConnection.java:203)
	at org.robovm.debugger.utils.bytebuffer.DataBufferWriter.writeFromStream(DataBufferWriter.java:89)
	at org.robovm.debugger.hooks.HooksChannel.doSocketWork(HooksChannel.java:116)
	... 2 more
Caused by: org.robovm.libimobiledevice.LibIMobileDeviceException: IDEVICE_E_UNKNOWN_ERROR
	at org.robovm.libimobiledevice.IDevice.checkResult(IDevice.java:206)
	at org.robovm.libimobiledevice.IDeviceConnection.receive(IDeviceConnection.java:110)
	at org.robovm.libimobiledevice.IDeviceConnection.receive(IDeviceConnection.java:81)
	at org.robovm.libimobiledevice.IDeviceConnection$DeviceInputStream.read(IDeviceConnection.java:201)
	... 4 more
20:36:22.415 INFO: JdwpDebugServer: handling req: VirtualMachine(1).Exit(10)
20:36:22.415 SEVERE: Debugger: Thread JDWP server socket thread crashed
org.robovm.debugger.DebuggerException: Terminating due exit command
	at org.robovm.debugger.jdwp.JdwpDebugServer.doSocketWork(JdwpDebugServer.java:211)
	at java.base/java.lang.Thread.run(Thread.java:834)
	at org.robovm.debugger.utils.DebuggerThread.run(DebuggerThread.java:42)
