08:26:31.219 INFO: JdwpDebugServer: handling req: VirtualMachine(1).IDSizes(7)
08:26:31.220 INFO: JdwpDebugServer: handling req: EventRequest(15).Set(1)
08:26:31.220 INFO: JdwpEventCenterDelegate: jdwpSetEventRequest: JdwpEventRequest{requestId=100, eventKind=CLASS_PREPARE, suspendPolicy=NONE, predicates=[]}
08:26:31.220 INFO: JdwpDebugServer: handling req: EventRequest(15).Set(1)
08:26:31.220 INFO: JdwpEventCenterDelegate: jdwpSetEventRequest: JdwpEventRequest{requestId=101, eventKind=CLASS_UNLOAD, suspendPolicy=NONE, predicates=[]}
08:26:31.236 INFO: JdwpDebugServer: handling req: VirtualMachine(1).Version(1)
08:26:31.248 INFO: JdwpDebugServer: handling req: VirtualMachine(1).capabilitiesNew(17)
08:26:31.248 INFO: JdwpDebugServer: handling req: VirtualMachine(1).capabilities(12)
08:26:31.248 INFO: JdwpDebugServer: handling req: VirtualMachine(1).AllClassesWithGeneric(20)
08:26:31.252 INFO: JdwpDebugServer: handling req: VirtualMachine(1).TopLevelThreadGroups(5)
08:26:31.252 INFO: JdwpDebugServer: handling req: EventRequest(15).Set(1)
08:26:31.252 INFO: JdwpEventCenterDelegate: jdwpSetEventRequest: JdwpEventRequest{requestId=102, eventKind=THREAD_START, suspendPolicy=NONE, predicates=[]}
08:26:31.253 INFO: JdwpDebugServer: handling req: EventRequest(15).Set(1)
08:26:31.253 INFO: JdwpEventCenterDelegate: jdwpSetEventRequest: JdwpEventRequest{requestId=103, eventKind=THREAD_DEATH, suspendPolicy=NONE, predicates=[]}
08:26:31.269 INFO: JdwpDebugServer: handling req: EventRequest(15).Set(1)
08:26:31.269 INFO: JdwpEventCenterDelegate: jdwpSetEventRequest: JdwpEventRequest{requestId=104, eventKind=CLASS_PREPARE, suspendPolicy=EVENT_THREAD, predicates=[className=sun.instrument.InstrumentationImpl]}
08:26:31.269 INFO: JdwpDebugServer: handling req: EventRequest(15).Set(1)
08:26:31.269 INFO: JdwpEventCenterDelegate: jdwpSetEventRequest: JdwpEventRequest{requestId=105, eventKind=CLASS_PREPARE, suspendPolicy=EVENT_THREAD, predicates=[className=sun.instrument.InstrumentationImpl]}
08:26:31.633 INFO: JdwpDebugServer: handling req: VirtualMachine(1).Resume(9)
08:26:31.670 INFO: JdwpEventCenterDelegate: THREAD_STARTED: thread (33, main, main)
08:26:31.682 INFO: JdwpEventCenterDelegate: THREAD_STARTED: thread (48, ReferenceQueueDaemon, main)
08:26:31.689 INFO: JdwpEventCenterDelegate: THREAD_STARTED: thread (63, FinalizerDaemon, main)
08:26:31.697 INFO: JdwpEventCenterDelegate: THREAD_STARTED: thread (78, FinalizerWatchdogDaemon, main)
08:26:31.700 INFO: JdwpEventCenterDelegate: THREAD_RESUMED: thread (33, main, main)
08:26:31.701 INFO: JdwpEventCenterDelegate: THREAD_RESUMED: thread (33, main, main)
08:26:31.703 INFO: JdwpEventCenterDelegate: THREAD_RESUMED: thread (33, main, main)
08:26:31.705 INFO: JdwpEventCenterDelegate: THREAD_RESUMED: thread (33, main, main)
08:26:31.706 INFO: JdwpEventCenterDelegate: THREAD_RESUMED: thread (33, main, main)
08:26:31.708 INFO: JdwpEventCenterDelegate: THREAD_RESUMED: thread (33, main, main)
08:26:31.710 INFO: JdwpEventCenterDelegate: THREAD_RESUMED: thread (33, main, main)
08:26:31.712 INFO: JdwpEventCenterDelegate: THREAD_RESUMED: thread (33, main, main)
08:26:31.713 INFO: JdwpEventCenterDelegate: THREAD_RESUMED: thread (33, main, main)
08:26:31.715 INFO: JdwpEventCenterDelegate: THREAD_RESUMED: thread (33, main, main)
08:26:31.717 INFO: JdwpEventCenterDelegate: THREAD_RESUMED: thread (33, main, main)
08:26:31.718 INFO: JdwpEventCenterDelegate: THREAD_RESUMED: thread (33, main, main)
08:26:31.720 INFO: JdwpEventCenterDelegate: THREAD_RESUMED: thread (33, main, main)
08:26:31.722 INFO: JdwpEventCenterDelegate: THREAD_RESUMED: thread (33, main, main)
08:26:31.723 INFO: JdwpEventCenterDelegate: THREAD_RESUMED: thread (33, main, main)
08:26:31.725 INFO: JdwpEventCenterDelegate: THREAD_RESUMED: thread (33, main, main)
08:26:31.727 INFO: JdwpEventCenterDelegate: THREAD_RESUMED: thread (33, main, main)
08:26:31.728 INFO: JdwpEventCenterDelegate: THREAD_RESUMED: thread (33, main, main)
08:26:31.732 INFO: JdwpEventCenterDelegate: THREAD_RESUMED: thread (33, main, main)
08:26:31.733 INFO: JdwpEventCenterDelegate: THREAD_RESUMED: thread (33, main, main)
08:26:31.735 INFO: JdwpEventCenterDelegate: THREAD_RESUMED: thread (33, main, main)
08:26:31.737 INFO: JdwpEventCenterDelegate: THREAD_RESUMED: thread (33, main, main)
08:26:31.738 INFO: JdwpEventCenterDelegate: THREAD_RESUMED: thread (33, main, main)
08:26:31.739 INFO: JdwpEventCenterDelegate: THREAD_RESUMED: thread (33, main, main)
08:26:31.740 INFO: JdwpEventCenterDelegate: THREAD_RESUMED: thread (33, main, main)
08:26:31.768 INFO: JdwpEventCenterDelegate: THREAD_RESUMED: thread (33, main, main)
08:26:31.769 INFO: JdwpEventCenterDelegate: THREAD_RESUMED: thread (33, main, main)
08:26:31.771 INFO: JdwpEventCenterDelegate: THREAD_RESUMED: thread (33, main, main)
08:26:31.772 INFO: JdwpEventCenterDelegate: THREAD_RESUMED: thread (33, main, main)
08:26:31.774 INFO: JdwpEventCenterDelegate: THREAD_RESUMED: thread (33, main, main)
08:26:31.776 INFO: JdwpEventCenterDelegate: THREAD_RESUMED: thread (33, main, main)
08:26:31.777 INFO: JdwpEventCenterDelegate: THREAD_RESUMED: thread (33, main, main)
08:26:31.780 INFO: JdwpEventCenterDelegate: THREAD_RESUMED: thread (33, main, main)
08:26:31.781 INFO: JdwpEventCenterDelegate: THREAD_RESUMED: thread (33, main, main)
08:26:31.783 INFO: JdwpEventCenterDelegate: THREAD_RESUMED: thread (33, main, main)
08:26:31.784 INFO: JdwpEventCenterDelegate: THREAD_RESUMED: thread (33, main, main)
08:26:31.786 INFO: JdwpEventCenterDelegate: THREAD_RESUMED: thread (33, main, main)
08:26:31.787 INFO: JdwpEventCenterDelegate: THREAD_RESUMED: thread (33, main, main)
08:26:31.789 INFO: JdwpEventCenterDelegate: THREAD_RESUMED: thread (33, main, main)
08:26:31.803 INFO: JdwpEventCenterDelegate: THREAD_RESUMED: thread (33, main, main)
08:26:31.805 INFO: JdwpEventCenterDelegate: THREAD_RESUMED: thread (33, main, main)
08:26:31.807 INFO: JdwpEventCenterDelegate: THREAD_RESUMED: thread (33, main, main)
08:26:31.809 INFO: JdwpEventCenterDelegate: THREAD_RESUMED: thread (33, main, main)
08:26:31.810 INFO: JdwpEventCenterDelegate: THREAD_RESUMED: thread (33, main, main)
08:26:31.812 INFO: JdwpEventCenterDelegate: THREAD_RESUMED: thread (33, main, main)
08:26:31.814 INFO: JdwpEventCenterDelegate: THREAD_RESUMED: thread (33, main, main)
08:26:31.853 INFO: JdwpEventCenterDelegate: THREAD_RESUMED: thread (33, main, main)
08:26:31.854 INFO: JdwpEventCenterDelegate: THREAD_RESUMED: thread (33, main, main)
08:26:31.855 INFO: JdwpEventCenterDelegate: THREAD_RESUMED: thread (33, main, main)
08:26:31.857 INFO: JdwpEventCenterDelegate: THREAD_RESUMED: thread (33, main, main)
08:26:31.859 INFO: JdwpEventCenterDelegate: THREAD_RESUMED: thread (33, main, main)
08:26:31.860 INFO: JdwpEventCenterDelegate: THREAD_RESUMED: thread (33, main, main)
08:26:31.861 INFO: JdwpEventCenterDelegate: THREAD_RESUMED: thread (33, main, main)
08:26:31.872 INFO: JdwpEventCenterDelegate: THREAD_RESUMED: thread (33, main, main)
08:26:31.873 INFO: JdwpEventCenterDelegate: THREAD_RESUMED: thread (33, main, main)
08:26:31.874 INFO: JdwpEventCenterDelegate: THREAD_RESUMED: thread (33, main, main)
08:26:31.876 INFO: JdwpEventCenterDelegate: THREAD_RESUMED: thread (33, main, main)
08:26:31.877 INFO: JdwpEventCenterDelegate: THREAD_RESUMED: thread (33, main, main)
08:26:31.879 INFO: JdwpEventCenterDelegate: THREAD_RESUMED: thread (33, main, main)
08:26:31.880 INFO: JdwpEventCenterDelegate: THREAD_RESUMED: thread (33, main, main)
08:26:31.890 INFO: JdwpEventCenterDelegate: THREAD_RESUMED: thread (33, main, main)
08:26:31.893 INFO: JdwpEventCenterDelegate: THREAD_RESUMED: thread (33, main, main)
08:26:31.894 INFO: JdwpEventCenterDelegate: THREAD_RESUMED: thread (33, main, main)
08:26:31.896 INFO: JdwpEventCenterDelegate: THREAD_RESUMED: thread (33, main, main)
08:26:31.897 INFO: JdwpEventCenterDelegate: THREAD_RESUMED: thread (33, main, main)
08:26:31.899 INFO: JdwpEventCenterDelegate: THREAD_RESUMED: thread (33, main, main)
08:26:31.901 INFO: JdwpEventCenterDelegate: THREAD_RESUMED: thread (33, main, main)
08:26:31.902 INFO: JdwpEventCenterDelegate: THREAD_RESUMED: thread (33, main, main)
08:26:31.904 INFO: JdwpEventCenterDelegate: THREAD_RESUMED: thread (33, main, main)
08:26:31.906 INFO: JdwpEventCenterDelegate: THREAD_RESUMED: thread (33, main, main)
08:26:31.907 INFO: JdwpEventCenterDelegate: THREAD_RESUMED: thread (33, main, main)
08:26:31.909 INFO: JdwpEventCenterDelegate: THREAD_RESUMED: thread (33, main, main)
08:26:31.910 INFO: JdwpEventCenterDelegate: THREAD_RESUMED: thread (33, main, main)
08:26:31.912 INFO: JdwpEventCenterDelegate: THREAD_RESUMED: thread (33, main, main)
08:26:31.913 INFO: JdwpEventCenterDelegate: THREAD_RESUMED: thread (33, main, main)
08:26:31.915 INFO: JdwpEventCenterDelegate: THREAD_RESUMED: thread (33, main, main)
08:26:31.916 INFO: JdwpEventCenterDelegate: THREAD_RESUMED: thread (33, main, main)
08:26:31.918 INFO: JdwpEventCenterDelegate: THREAD_RESUMED: thread (33, main, main)
08:26:31.922 INFO: JdwpEventCenterDelegate: THREAD_RESUMED: thread (33, main, main)
08:26:31.923 INFO: JdwpEventCenterDelegate: THREAD_RESUMED: thread (33, main, main)
08:26:32.050 INFO: JdwpEventCenterDelegate: THREAD_STARTED: thread (93, AssetManager, main)
08:26:32.156 INFO: JdwpEventCenterDelegate: THREAD_RESUMED: thread (33, main, main)
08:26:32.158 INFO: JdwpEventCenterDelegate: THREAD_RESUMED: thread (33, main, main)
08:26:34.741 INFO: JdwpEventCenterDelegate: THREAD_RESUMED: thread (33, main, main)
08:26:34.841 INFO: JdwpEventCenterDelegate: THREAD_RESUMED: thread (33, main, main)
08:26:34.843 INFO: JdwpEventCenterDelegate: THREAD_RESUMED: thread (33, main, main)
08:26:34.845 INFO: JdwpEventCenterDelegate: THREAD_RESUMED: thread (33, main, main)
08:26:34.847 INFO: JdwpEventCenterDelegate: THREAD_RESUMED: thread (33, main, main)
08:26:34.849 INFO: JdwpEventCenterDelegate: THREAD_RESUMED: thread (33, main, main)
08:26:34.855 INFO: JdwpEventCenterDelegate: THREAD_RESUMED: thread (33, main, main)
08:26:34.867 INFO: JdwpEventCenterDelegate: THREAD_RESUMED: thread (33, main, main)
08:26:34.869 INFO: JdwpEventCenterDelegate: THREAD_RESUMED: thread (33, main, main)
08:26:34.872 INFO: JdwpEventCenterDelegate: THREAD_RESUMED: thread (33, main, main)
08:26:34.874 INFO: JdwpEventCenterDelegate: THREAD_RESUMED: thread (33, main, main)
08:26:34.876 INFO: JdwpEventCenterDelegate: THREAD_RESUMED: thread (33, main, main)
08:26:34.881 INFO: JdwpEventCenterDelegate: THREAD_RESUMED: thread (33, main, main)
08:26:34.896 INFO: JdwpEventCenterDelegate: THREAD_RESUMED: thread (33, main, main)
08:26:34.899 INFO: JdwpEventCenterDelegate: THREAD_RESUMED: thread (33, main, main)
08:26:34.901 INFO: JdwpEventCenterDelegate: THREAD_RESUMED: thread (33, main, main)
08:26:34.903 INFO: JdwpEventCenterDelegate: THREAD_RESUMED: thread (33, main, main)
08:26:34.905 INFO: JdwpEventCenterDelegate: THREAD_RESUMED: thread (33, main, main)
08:26:34.910 INFO: JdwpEventCenterDelegate: THREAD_RESUMED: thread (33, main, main)
08:26:34.928 INFO: JdwpEventCenterDelegate: THREAD_RESUMED: thread (33, main, main)
08:26:34.930 INFO: JdwpEventCenterDelegate: THREAD_RESUMED: thread (33, main, main)
08:26:34.932 INFO: JdwpEventCenterDelegate: THREAD_RESUMED: thread (33, main, main)
08:26:34.935 INFO: JdwpEventCenterDelegate: THREAD_RESUMED: thread (33, main, main)
08:26:34.937 INFO: JdwpEventCenterDelegate: THREAD_RESUMED: thread (33, main, main)
08:26:34.942 INFO: JdwpEventCenterDelegate: THREAD_RESUMED: thread (33, main, main)
08:26:34.957 INFO: JdwpEventCenterDelegate: THREAD_RESUMED: thread (33, main, main)
08:26:34.959 INFO: JdwpEventCenterDelegate: THREAD_RESUMED: thread (33, main, main)
08:26:34.962 INFO: JdwpEventCenterDelegate: THREAD_RESUMED: thread (33, main, main)
08:26:34.963 INFO: JdwpEventCenterDelegate: THREAD_RESUMED: thread (33, main, main)
08:26:34.965 INFO: JdwpEventCenterDelegate: THREAD_RESUMED: thread (33, main, main)
08:26:34.970 INFO: JdwpEventCenterDelegate: THREAD_RESUMED: thread (33, main, main)
08:26:34.985 INFO: JdwpEventCenterDelegate: THREAD_RESUMED: thread (33, main, main)
08:26:34.988 INFO: JdwpEventCenterDelegate: THREAD_RESUMED: thread (33, main, main)
08:26:34.989 INFO: JdwpEventCenterDelegate: THREAD_RESUMED: thread (33, main, main)
08:26:34.992 INFO: JdwpEventCenterDelegate: THREAD_RESUMED: thread (33, main, main)
08:26:34.994 INFO: JdwpEventCenterDelegate: THREAD_RESUMED: thread (33, main, main)
08:26:34.999 INFO: JdwpEventCenterDelegate: THREAD_RESUMED: thread (33, main, main)
08:26:35.021 INFO: JdwpEventCenterDelegate: THREAD_RESUMED: thread (33, main, main)
08:26:35.023 INFO: JdwpEventCenterDelegate: THREAD_RESUMED: thread (33, main, main)
08:26:35.025 INFO: JdwpEventCenterDelegate: THREAD_RESUMED: thread (33, main, main)
08:26:35.027 INFO: JdwpEventCenterDelegate: THREAD_RESUMED: thread (33, main, main)
08:26:35.029 INFO: JdwpEventCenterDelegate: THREAD_RESUMED: thread (33, main, main)
08:26:35.034 INFO: JdwpEventCenterDelegate: THREAD_RESUMED: thread (33, main, main)
08:26:35.053 INFO: JdwpEventCenterDelegate: THREAD_RESUMED: thread (33, main, main)
08:26:35.055 INFO: JdwpEventCenterDelegate: THREAD_RESUMED: thread (33, main, main)
08:26:35.057 INFO: JdwpEventCenterDelegate: THREAD_RESUMED: thread (33, main, main)
08:26:35.060 INFO: JdwpEventCenterDelegate: THREAD_RESUMED: thread (33, main, main)
08:26:35.062 INFO: JdwpEventCenterDelegate: THREAD_RESUMED: thread (33, main, main)
08:26:35.066 INFO: JdwpEventCenterDelegate: THREAD_RESUMED: thread (33, main, main)
08:26:35.085 INFO: JdwpEventCenterDelegate: THREAD_RESUMED: thread (33, main, main)
08:26:35.087 INFO: JdwpEventCenterDelegate: THREAD_RESUMED: thread (33, main, main)
08:26:35.089 INFO: JdwpEventCenterDelegate: THREAD_RESUMED: thread (33, main, main)
08:26:35.091 INFO: JdwpEventCenterDelegate: THREAD_RESUMED: thread (33, main, main)
08:26:35.093 INFO: JdwpEventCenterDelegate: THREAD_RESUMED: thread (33, main, main)
08:26:35.098 INFO: JdwpEventCenterDelegate: THREAD_RESUMED: thread (33, main, main)
08:26:35.113 INFO: JdwpEventCenterDelegate: THREAD_RESUMED: thread (33, main, main)
08:26:35.115 INFO: JdwpEventCenterDelegate: THREAD_RESUMED: thread (33, main, main)
08:26:35.117 INFO: JdwpEventCenterDelegate: THREAD_RESUMED: thread (33, main, main)
08:26:35.119 INFO: JdwpEventCenterDelegate: THREAD_RESUMED: thread (33, main, main)
08:26:35.122 INFO: JdwpEventCenterDelegate: THREAD_RESUMED: thread (33, main, main)
08:26:35.127 INFO: JdwpEventCenterDelegate: THREAD_RESUMED: thread (33, main, main)
08:26:35.141 INFO: JdwpEventCenterDelegate: THREAD_RESUMED: thread (33, main, main)
08:26:35.143 INFO: JdwpEventCenterDelegate: THREAD_RESUMED: thread (33, main, main)
08:26:35.145 INFO: JdwpEventCenterDelegate: THREAD_RESUMED: thread (33, main, main)
08:26:35.147 INFO: JdwpEventCenterDelegate: THREAD_RESUMED: thread (33, main, main)
08:26:35.148 INFO: JdwpEventCenterDelegate: THREAD_RESUMED: thread (33, main, main)
08:26:35.153 INFO: JdwpEventCenterDelegate: THREAD_RESUMED: thread (33, main, main)
08:26:35.172 INFO: JdwpEventCenterDelegate: THREAD_RESUMED: thread (33, main, main)
08:26:35.175 INFO: JdwpEventCenterDelegate: THREAD_RESUMED: thread (33, main, main)
08:26:35.177 INFO: JdwpEventCenterDelegate: THREAD_RESUMED: thread (33, main, main)
08:26:35.179 INFO: JdwpEventCenterDelegate: THREAD_RESUMED: thread (33, main, main)
08:26:35.181 INFO: JdwpEventCenterDelegate: THREAD_RESUMED: thread (33, main, main)
08:26:35.186 INFO: JdwpEventCenterDelegate: THREAD_RESUMED: thread (33, main, main)
08:26:35.208 INFO: JdwpEventCenterDelegate: THREAD_RESUMED: thread (33, main, main)
08:26:35.211 INFO: JdwpEventCenterDelegate: THREAD_RESUMED: thread (33, main, main)
08:26:35.213 INFO: JdwpEventCenterDelegate: THREAD_RESUMED: thread (33, main, main)
08:26:35.215 INFO: JdwpEventCenterDelegate: THREAD_RESUMED: thread (33, main, main)
08:26:35.217 INFO: JdwpEventCenterDelegate: THREAD_RESUMED: thread (33, main, main)
08:26:35.222 INFO: JdwpEventCenterDelegate: THREAD_RESUMED: thread (33, main, main)
08:26:35.241 INFO: JdwpEventCenterDelegate: THREAD_RESUMED: thread (33, main, main)
08:26:35.243 INFO: JdwpEventCenterDelegate: THREAD_RESUMED: thread (33, main, main)
08:26:35.245 INFO: JdwpEventCenterDelegate: THREAD_RESUMED: thread (33, main, main)
08:26:35.248 INFO: JdwpEventCenterDelegate: THREAD_RESUMED: thread (33, main, main)
08:26:35.250 INFO: JdwpEventCenterDelegate: THREAD_RESUMED: thread (33, main, main)
08:26:35.254 INFO: JdwpEventCenterDelegate: THREAD_RESUMED: thread (33, main, main)
08:26:35.267 INFO: JdwpEventCenterDelegate: THREAD_RESUMED: thread (33, main, main)
08:26:35.270 INFO: JdwpEventCenterDelegate: THREAD_RESUMED: thread (33, main, main)
08:26:35.272 INFO: JdwpEventCenterDelegate: THREAD_RESUMED: thread (33, main, main)
08:26:35.274 INFO: JdwpEventCenterDelegate: THREAD_RESUMED: thread (33, main, main)
08:26:35.276 INFO: JdwpEventCenterDelegate: THREAD_RESUMED: thread (33, main, main)
08:26:35.281 INFO: JdwpEventCenterDelegate: THREAD_RESUMED: thread (33, main, main)
08:26:35.283 INFO: JdwpEventCenterDelegate: THREAD_RESUMED: thread (33, main, main)
08:26:35.286 INFO: JdwpEventCenterDelegate: THREAD_RESUMED: thread (33, main, main)
08:26:35.288 INFO: JdwpEventCenterDelegate: THREAD_RESUMED: thread (33, main, main)
08:26:35.290 INFO: JdwpEventCenterDelegate: THREAD_RESUMED: thread (33, main, main)
08:26:35.292 INFO: JdwpEventCenterDelegate: THREAD_RESUMED: thread (33, main, main)
08:26:35.294 INFO: JdwpEventCenterDelegate: THREAD_RESUMED: thread (33, main, main)
08:26:35.299 INFO: JdwpEventCenterDelegate: THREAD_RESUMED: thread (33, main, main)
08:26:35.301 INFO: JdwpEventCenterDelegate: THREAD_RESUMED: thread (33, main, main)
08:26:35.303 INFO: JdwpEventCenterDelegate: THREAD_RESUMED: thread (33, main, main)
08:26:35.306 INFO: JdwpEventCenterDelegate: THREAD_RESUMED: thread (33, main, main)
08:26:35.327 INFO: JdwpEventCenterDelegate: THREAD_RESUMED: thread (33, main, main)
08:26:35.329 INFO: JdwpEventCenterDelegate: THREAD_RESUMED: thread (33, main, main)
08:26:35.331 INFO: JdwpEventCenterDelegate: THREAD_RESUMED: thread (33, main, main)
08:26:35.333 INFO: JdwpEventCenterDelegate: THREAD_RESUMED: thread (33, main, main)
08:26:35.335 INFO: JdwpEventCenterDelegate: THREAD_RESUMED: thread (33, main, main)
08:26:35.341 INFO: JdwpEventCenterDelegate: THREAD_RESUMED: thread (33, main, main)
08:26:35.356 INFO: JdwpEventCenterDelegate: THREAD_RESUMED: thread (33, main, main)
08:26:35.370 INFO: JdwpEventCenterDelegate: THREAD_RESUMED: thread (33, main, main)
08:26:35.381 INFO: JdwpEventCenterDelegate: THREAD_RESUMED: thread (33, main, main)
08:26:35.395 INFO: JdwpEventCenterDelegate: THREAD_RESUMED: thread (33, main, main)
08:26:35.425 INFO: JdwpEventCenterDelegate: THREAD_RESUMED: thread (33, main, main)
08:26:35.428 INFO: JdwpEventCenterDelegate: THREAD_RESUMED: thread (33, main, main)
08:26:35.430 INFO: JdwpEventCenterDelegate: THREAD_RESUMED: thread (33, main, main)
08:26:35.433 INFO: JdwpEventCenterDelegate: THREAD_RESUMED: thread (33, main, main)
08:26:35.435 INFO: JdwpEventCenterDelegate: THREAD_RESUMED: thread (33, main, main)
08:26:35.440 INFO: JdwpEventCenterDelegate: THREAD_RESUMED: thread (33, main, main)
08:26:35.451 INFO: JdwpEventCenterDelegate: THREAD_RESUMED: thread (33, main, main)
08:26:35.454 INFO: JdwpEventCenterDelegate: THREAD_RESUMED: thread (33, main, main)
08:26:35.456 INFO: JdwpEventCenterDelegate: THREAD_RESUMED: thread (33, main, main)
08:26:35.458 INFO: JdwpEventCenterDelegate: THREAD_RESUMED: thread (33, main, main)
08:26:35.460 INFO: JdwpEventCenterDelegate: THREAD_RESUMED: thread (33, main, main)
08:26:35.464 INFO: JdwpEventCenterDelegate: THREAD_RESUMED: thread (33, main, main)
08:26:35.478 INFO: JdwpEventCenterDelegate: THREAD_RESUMED: thread (33, main, main)
08:26:35.480 INFO: JdwpEventCenterDelegate: THREAD_RESUMED: thread (33, main, main)
08:26:35.482 INFO: JdwpEventCenterDelegate: THREAD_RESUMED: thread (33, main, main)
08:26:35.484 INFO: JdwpEventCenterDelegate: THREAD_RESUMED: thread (33, main, main)
08:26:35.486 INFO: JdwpEventCenterDelegate: THREAD_RESUMED: thread (33, main, main)
08:26:35.490 INFO: JdwpEventCenterDelegate: THREAD_RESUMED: thread (33, main, main)
08:26:35.508 INFO: JdwpEventCenterDelegate: THREAD_RESUMED: thread (33, main, main)
08:26:35.510 INFO: JdwpEventCenterDelegate: THREAD_RESUMED: thread (33, main, main)
08:26:35.512 INFO: JdwpEventCenterDelegate: THREAD_RESUMED: thread (33, main, main)
08:26:35.515 INFO: JdwpEventCenterDelegate: THREAD_RESUMED: thread (33, main, main)
08:26:35.517 INFO: JdwpEventCenterDelegate: THREAD_RESUMED: thread (33, main, main)
08:26:35.522 INFO: JdwpEventCenterDelegate: THREAD_RESUMED: thread (33, main, main)
08:26:35.537 INFO: JdwpEventCenterDelegate: THREAD_RESUMED: thread (33, main, main)
08:26:35.539 INFO: JdwpEventCenterDelegate: THREAD_RESUMED: thread (33, main, main)
08:26:35.541 INFO: JdwpEventCenterDelegate: THREAD_RESUMED: thread (33, main, main)
08:26:35.543 INFO: JdwpEventCenterDelegate: THREAD_RESUMED: thread (33, main, main)
08:26:35.545 INFO: JdwpEventCenterDelegate: THREAD_RESUMED: thread (33, main, main)
08:26:35.549 INFO: JdwpEventCenterDelegate: THREAD_RESUMED: thread (33, main, main)
08:26:35.568 INFO: JdwpEventCenterDelegate: THREAD_RESUMED: thread (33, main, main)
08:26:35.570 INFO: JdwpEventCenterDelegate: THREAD_RESUMED: thread (33, main, main)
08:26:35.572 INFO: JdwpEventCenterDelegate: THREAD_RESUMED: thread (33, main, main)
08:26:35.575 INFO: JdwpEventCenterDelegate: THREAD_RESUMED: thread (33, main, main)
08:26:35.576 INFO: JdwpEventCenterDelegate: THREAD_RESUMED: thread (33, main, main)
08:26:35.581 INFO: JdwpEventCenterDelegate: THREAD_RESUMED: thread (33, main, main)
08:26:35.599 INFO: JdwpEventCenterDelegate: THREAD_RESUMED: thread (33, main, main)
08:26:35.601 INFO: JdwpEventCenterDelegate: THREAD_RESUMED: thread (33, main, main)
08:26:35.603 INFO: JdwpEventCenterDelegate: THREAD_RESUMED: thread (33, main, main)
08:26:35.604 INFO: JdwpEventCenterDelegate: THREAD_RESUMED: thread (33, main, main)
08:26:35.606 INFO: JdwpEventCenterDelegate: THREAD_RESUMED: thread (33, main, main)
08:26:35.611 INFO: JdwpEventCenterDelegate: THREAD_RESUMED: thread (33, main, main)
08:26:35.629 INFO: JdwpEventCenterDelegate: THREAD_RESUMED: thread (33, main, main)
08:26:35.630 INFO: JdwpEventCenterDelegate: THREAD_RESUMED: thread (33, main, main)
08:26:35.632 INFO: JdwpEventCenterDelegate: THREAD_RESUMED: thread (33, main, main)
08:26:35.634 INFO: JdwpEventCenterDelegate: THREAD_RESUMED: thread (33, main, main)
08:26:35.636 INFO: JdwpEventCenterDelegate: THREAD_RESUMED: thread (33, main, main)
08:26:35.640 INFO: JdwpEventCenterDelegate: THREAD_RESUMED: thread (33, main, main)
08:26:35.658 INFO: JdwpEventCenterDelegate: THREAD_RESUMED: thread (33, main, main)
08:26:35.660 INFO: JdwpEventCenterDelegate: THREAD_RESUMED: thread (33, main, main)
08:26:35.662 INFO: JdwpEventCenterDelegate: THREAD_RESUMED: thread (33, main, main)
08:26:35.665 INFO: JdwpEventCenterDelegate: THREAD_RESUMED: thread (33, main, main)
08:26:35.666 INFO: JdwpEventCenterDelegate: THREAD_RESUMED: thread (33, main, main)
08:26:35.671 INFO: JdwpEventCenterDelegate: THREAD_RESUMED: thread (33, main, main)
08:26:35.686 INFO: JdwpEventCenterDelegate: THREAD_RESUMED: thread (33, main, main)
08:26:35.688 INFO: JdwpEventCenterDelegate: THREAD_RESUMED: thread (33, main, main)
08:26:35.690 INFO: JdwpEventCenterDelegate: THREAD_RESUMED: thread (33, main, main)
08:26:35.691 INFO: JdwpEventCenterDelegate: THREAD_RESUMED: thread (33, main, main)
08:26:35.693 INFO: JdwpEventCenterDelegate: THREAD_RESUMED: thread (33, main, main)
08:26:35.698 INFO: JdwpEventCenterDelegate: THREAD_RESUMED: thread (33, main, main)
08:26:35.712 INFO: JdwpEventCenterDelegate: THREAD_RESUMED: thread (33, main, main)
08:26:35.714 INFO: JdwpEventCenterDelegate: THREAD_RESUMED: thread (33, main, main)
08:26:35.716 INFO: JdwpEventCenterDelegate: THREAD_RESUMED: thread (33, main, main)
08:26:35.719 INFO: JdwpEventCenterDelegate: THREAD_RESUMED: thread (33, main, main)
08:26:35.721 INFO: JdwpEventCenterDelegate: THREAD_RESUMED: thread (33, main, main)
08:26:35.725 INFO: JdwpEventCenterDelegate: THREAD_RESUMED: thread (33, main, main)
08:26:35.748 INFO: JdwpEventCenterDelegate: THREAD_RESUMED: thread (33, main, main)
08:26:35.750 INFO: JdwpEventCenterDelegate: THREAD_RESUMED: thread (33, main, main)
08:26:35.753 INFO: JdwpEventCenterDelegate: THREAD_RESUMED: thread (33, main, main)
08:26:35.755 INFO: JdwpEventCenterDelegate: THREAD_RESUMED: thread (33, main, main)
08:26:35.756 INFO: JdwpEventCenterDelegate: THREAD_RESUMED: thread (33, main, main)
08:26:35.761 INFO: JdwpEventCenterDelegate: THREAD_RESUMED: thread (33, main, main)
08:26:35.782 INFO: JdwpEventCenterDelegate: THREAD_RESUMED: thread (33, main, main)
08:26:35.784 INFO: JdwpEventCenterDelegate: THREAD_RESUMED: thread (33, main, main)
08:26:35.787 INFO: JdwpEventCenterDelegate: THREAD_RESUMED: thread (33, main, main)
08:26:35.789 INFO: JdwpEventCenterDelegate: THREAD_RESUMED: thread (33, main, main)
08:26:35.791 INFO: JdwpEventCenterDelegate: THREAD_RESUMED: thread (33, main, main)
08:26:35.796 INFO: JdwpEventCenterDelegate: THREAD_RESUMED: thread (33, main, main)
08:26:35.814 INFO: JdwpEventCenterDelegate: THREAD_RESUMED: thread (33, main, main)
08:26:35.816 INFO: JdwpEventCenterDelegate: THREAD_RESUMED: thread (33, main, main)
08:26:35.818 INFO: JdwpEventCenterDelegate: THREAD_RESUMED: thread (33, main, main)
08:26:35.820 INFO: JdwpEventCenterDelegate: THREAD_RESUMED: thread (33, main, main)
08:26:35.822 INFO: JdwpEventCenterDelegate: THREAD_RESUMED: thread (33, main, main)
08:26:35.827 INFO: JdwpEventCenterDelegate: THREAD_RESUMED: thread (33, main, main)
08:26:35.839 INFO: JdwpEventCenterDelegate: THREAD_RESUMED: thread (33, main, main)
08:26:35.842 INFO: JdwpEventCenterDelegate: THREAD_RESUMED: thread (33, main, main)
08:26:35.844 INFO: JdwpEventCenterDelegate: THREAD_RESUMED: thread (33, main, main)
08:26:35.846 INFO: JdwpEventCenterDelegate: THREAD_RESUMED: thread (33, main, main)
08:26:35.848 INFO: JdwpEventCenterDelegate: THREAD_RESUMED: thread (33, main, main)
08:26:38.340 INFO: JdwpEventCenterDelegate: THREAD_STARTED: thread (108, Timer, main)
08:26:39.951 INFO: JdwpEventCenterDelegate: THREAD_RESUMED: thread (33, main, main)
08:26:39.982 INFO: JdwpEventCenterDelegate: THREAD_RESUMED: thread (33, main, main)
08:26:40.004 INFO: JdwpEventCenterDelegate: THREAD_RESUMED: thread (33, main, main)
08:26:40.022 INFO: JdwpEventCenterDelegate: THREAD_RESUMED: thread (33, main, main)
08:26:40.065 INFO: JdwpEventCenterDelegate: THREAD_RESUMED: thread (33, main, main)
08:26:40.099 INFO: JdwpEventCenterDelegate: THREAD_RESUMED: thread (33, main, main)
08:26:40.116 INFO: JdwpEventCenterDelegate: THREAD_RESUMED: thread (33, main, main)
08:26:40.130 INFO: JdwpEventCenterDelegate: THREAD_RESUMED: thread (33, main, main)
08:26:40.137 INFO: JdwpEventCenterDelegate: THREAD_RESUMED: thread (33, main, main)
08:26:40.151 INFO: JdwpEventCenterDelegate: THREAD_RESUMED: thread (33, main, main)
08:26:40.182 INFO: JdwpEventCenterDelegate: THREAD_RESUMED: thread (33, main, main)
08:26:40.194 INFO: JdwpEventCenterDelegate: THREAD_RESUMED: thread (33, main, main)
08:26:40.206 INFO: JdwpEventCenterDelegate: THREAD_RESUMED: thread (33, main, main)
08:26:40.218 INFO: JdwpEventCenterDelegate: THREAD_RESUMED: thread (33, main, main)
08:26:40.253 INFO: JdwpEventCenterDelegate: THREAD_RESUMED: thread (33, main, main)
08:26:40.285 INFO: JdwpEventCenterDelegate: THREAD_RESUMED: thread (33, main, main)
08:26:40.301 INFO: JdwpEventCenterDelegate: THREAD_RESUMED: thread (33, main, main)
08:26:40.315 INFO: JdwpEventCenterDelegate: THREAD_RESUMED: thread (33, main, main)
08:26:40.321 INFO: JdwpEventCenterDelegate: THREAD_RESUMED: thread (33, main, main)
08:26:40.334 INFO: JdwpEventCenterDelegate: THREAD_RESUMED: thread (33, main, main)
08:26:42.337 INFO: JdwpEventCenterDelegate: THREAD_RESUMED: thread (33, main, main)
08:26:42.340 INFO: JdwpEventCenterDelegate: THREAD_RESUMED: thread (33, main, main)
08:26:42.342 INFO: JdwpEventCenterDelegate: THREAD_RESUMED: thread (33, main, main)
08:26:42.345 INFO: JdwpEventCenterDelegate: THREAD_RESUMED: thread (33, main, main)
08:26:42.347 INFO: JdwpEventCenterDelegate: THREAD_RESUMED: thread (33, main, main)
08:26:42.350 INFO: JdwpEventCenterDelegate: THREAD_RESUMED: thread (33, main, main)
08:26:42.353 INFO: JdwpEventCenterDelegate: THREAD_RESUMED: thread (33, main, main)
08:26:42.542 INFO: JdwpEventCenterDelegate: THREAD_RESUMED: thread (33, main, main)
08:26:42.546 INFO: JdwpEventCenterDelegate: THREAD_RESUMED: thread (33, main, main)
08:26:42.548 INFO: JdwpEventCenterDelegate: THREAD_RESUMED: thread (33, main, main)
08:26:42.551 INFO: JdwpEventCenterDelegate: THREAD_RESUMED: thread (33, main, main)
08:26:42.553 INFO: JdwpEventCenterDelegate: THREAD_RESUMED: thread (33, main, main)
08:26:42.555 INFO: JdwpEventCenterDelegate: THREAD_RESUMED: thread (33, main, main)
08:26:42.558 INFO: JdwpEventCenterDelegate: THREAD_RESUMED: thread (33, main, main)
08:26:42.563 INFO: JdwpEventCenterDelegate: THREAD_RESUMED: thread (33, main, main)
08:26:42.566 INFO: JdwpEventCenterDelegate: THREAD_RESUMED: thread (33, main, main)
08:26:42.568 INFO: JdwpEventCenterDelegate: THREAD_RESUMED: thread (33, main, main)
08:26:42.571 INFO: JdwpEventCenterDelegate: THREAD_RESUMED: thread (33, main, main)
08:26:42.573 INFO: JdwpEventCenterDelegate: THREAD_RESUMED: thread (33, main, main)
08:26:42.576 INFO: JdwpEventCenterDelegate: THREAD_RESUMED: thread (33, main, main)
08:26:42.578 INFO: JdwpEventCenterDelegate: THREAD_RESUMED: thread (33, main, main)
08:26:42.645 INFO: JdwpEventCenterDelegate: THREAD_STARTED: thread (123, Thread-7, main)
08:27:10.056 INFO: JdwpEventCenterDelegate: THREAD_DETTACHED: thread (123, Thread-7, main)
08:27:48.614 INFO: JdwpDebugServer: handling req: VirtualMachine(1).Exit(10)
08:27:48.615 SEVERE: Debugger: Thread JDWP server socket thread crashed
org.robovm.debugger.DebuggerException: Terminating due exit command
	at org.robovm.debugger.jdwp.JdwpDebugServer.doSocketWork(JdwpDebugServer.java:211)
	at java.base/java.lang.Thread.run(Thread.java:834)
	at org.robovm.debugger.utils.DebuggerThread.run(DebuggerThread.java:42)
08:27:49.120 SEVERE: Debugger: Thread HooksChannel socket thread crashed
org.robovm.debugger.DebuggerException: java.io.IOException: org.robovm.libimobiledevice.LibIMobileDeviceException: IDEVICE_E_UNKNOWN_ERROR
	at org.robovm.debugger.hooks.HooksChannel.doSocketWork(HooksChannel.java:149)
	at java.base/java.lang.Thread.run(Thread.java:834)
	at org.robovm.debugger.utils.DebuggerThread.run(DebuggerThread.java:42)
Caused by: java.io.IOException: org.robovm.libimobiledevice.LibIMobileDeviceException: IDEVICE_E_UNKNOWN_ERROR
	at org.robovm.libimobiledevice.IDeviceConnection$DeviceInputStream.read(IDeviceConnection.java:203)
	at org.robovm.debugger.utils.bytebuffer.DataBufferWriter.writeFromStream(DataBufferWriter.java:89)
	at org.robovm.debugger.hooks.HooksChannel.doSocketWork(HooksChannel.java:116)
	... 2 more
Caused by: org.robovm.libimobiledevice.LibIMobileDeviceException: IDEVICE_E_UNKNOWN_ERROR
	at org.robovm.libimobiledevice.IDevice.checkResult(IDevice.java:206)
	at org.robovm.libimobiledevice.IDeviceConnection.receive(IDeviceConnection.java:110)
	at org.robovm.libimobiledevice.IDeviceConnection.receive(IDeviceConnection.java:81)
	at org.robovm.libimobiledevice.IDeviceConnection$DeviceInputStream.read(IDeviceConnection.java:201)
	... 4 more
