18:17:04.262 INFO: JdwpDebugServer: handling req: VirtualMachine(1).IDSizes(7)
18:17:04.263 INFO: JdwpDebugServer: handling req: EventRequest(15).Set(1)
18:17:04.263 INFO: JdwpEventCenterDelegate: jdwpSetEventRequest: JdwpEventRequest{requestId=100, eventKind=CLASS_PREPARE, suspendPolicy=NONE, predicates=[]}
18:17:04.263 INFO: JdwpDebugServer: handling req: EventRequest(15).Set(1)
18:17:04.263 INFO: JdwpEventCenterDelegate: jdwpSetEventRequest: JdwpEventRequest{requestId=101, eventKind=CLASS_UNLOAD, suspendPolicy=NONE, predicates=[]}
18:17:04.289 INFO: JdwpDebugServer: handling req: VirtualMachine(1).Version(1)
18:17:04.289 INFO: JdwpDebugServer: handling req: VirtualMachine(1).capabilitiesNew(17)
18:17:04.289 INFO: JdwpDebugServer: handling req: VirtualMachine(1).capabilities(12)
18:17:04.289 INFO: JdwpDebugServer: handling req: VirtualMachine(1).AllClassesWithGeneric(20)
18:17:04.292 INFO: JdwpDebugServer: handling req: VirtualMachine(1).TopLevelThreadGroups(5)
18:17:04.293 INFO: JdwpDebugServer: handling req: EventRequest(15).Set(1)
18:17:04.293 INFO: JdwpEventCenterDelegate: jdwpSetEventRequest: JdwpEventRequest{requestId=102, eventKind=THREAD_START, suspendPolicy=NONE, predicates=[]}
18:17:04.293 INFO: JdwpDebugServer: handling req: EventRequest(15).Set(1)
18:17:04.293 INFO: JdwpEventCenterDelegate: jdwpSetEventRequest: JdwpEventRequest{requestId=103, eventKind=THREAD_DEATH, suspendPolicy=NONE, predicates=[]}
18:17:04.296 INFO: JdwpDebugServer: handling req: EventRequest(15).Set(1)
18:17:04.296 INFO: JdwpEventCenterDelegate: jdwpSetEventRequest: JdwpEventRequest{requestId=104, eventKind=CLASS_PREPARE, suspendPolicy=EVENT_THREAD, predicates=[className=sun.instrument.InstrumentationImpl]}
18:17:04.296 INFO: JdwpDebugServer: handling req: EventRequest(15).Set(1)
18:17:04.296 INFO: JdwpEventCenterDelegate: jdwpSetEventRequest: JdwpEventRequest{requestId=105, eventKind=CLASS_PREPARE, suspendPolicy=EVENT_THREAD, predicates=[className=sun.instrument.InstrumentationImpl]}
18:17:04.886 INFO: JdwpDebugServer: handling req: VirtualMachine(1).Resume(9)
18:17:04.935 INFO: JdwpEventCenterDelegate: THREAD_STARTED: thread (33, main, main)
18:17:04.959 INFO: JdwpEventCenterDelegate: THREAD_STARTED: thread (48, ReferenceQueueDaemon, main)
18:17:04.965 INFO: JdwpEventCenterDelegate: THREAD_STARTED: thread (63, FinalizerDaemon, main)
18:17:04.970 INFO: JdwpEventCenterDelegate: THREAD_STARTED: thread (78, FinalizerWatchdogDaemon, main)
18:17:04.972 INFO: JdwpEventCenterDelegate: THREAD_RESUMED: thread (33, main, main)
18:17:04.973 INFO: JdwpEventCenterDelegate: THREAD_RESUMED: thread (33, main, main)
18:17:04.974 INFO: JdwpEventCenterDelegate: THREAD_RESUMED: thread (33, main, main)
18:17:04.975 INFO: JdwpEventCenterDelegate: THREAD_RESUMED: thread (33, main, main)
18:17:04.976 INFO: JdwpEventCenterDelegate: THREAD_RESUMED: thread (33, main, main)
18:17:04.977 INFO: JdwpEventCenterDelegate: THREAD_RESUMED: thread (33, main, main)
18:17:04.979 INFO: JdwpEventCenterDelegate: THREAD_RESUMED: thread (33, main, main)
18:17:04.980 INFO: JdwpEventCenterDelegate: THREAD_RESUMED: thread (33, main, main)
18:17:04.981 INFO: JdwpEventCenterDelegate: THREAD_RESUMED: thread (33, main, main)
18:17:04.982 INFO: JdwpEventCenterDelegate: THREAD_RESUMED: thread (33, main, main)
18:17:04.983 INFO: JdwpEventCenterDelegate: THREAD_RESUMED: thread (33, main, main)
18:17:04.985 INFO: JdwpEventCenterDelegate: THREAD_RESUMED: thread (33, main, main)
18:17:04.986 INFO: JdwpEventCenterDelegate: THREAD_RESUMED: thread (33, main, main)
18:17:04.987 INFO: JdwpEventCenterDelegate: THREAD_RESUMED: thread (33, main, main)
18:17:04.988 INFO: JdwpEventCenterDelegate: THREAD_RESUMED: thread (33, main, main)
18:17:04.990 INFO: JdwpEventCenterDelegate: THREAD_RESUMED: thread (33, main, main)
18:17:04.991 INFO: JdwpEventCenterDelegate: THREAD_RESUMED: thread (33, main, main)
18:17:04.992 INFO: JdwpEventCenterDelegate: THREAD_RESUMED: thread (33, main, main)
18:17:04.996 INFO: JdwpEventCenterDelegate: THREAD_RESUMED: thread (33, main, main)
18:17:04.997 INFO: JdwpEventCenterDelegate: THREAD_RESUMED: thread (33, main, main)
18:17:04.998 INFO: JdwpEventCenterDelegate: THREAD_RESUMED: thread (33, main, main)
18:17:04.999 INFO: JdwpEventCenterDelegate: THREAD_RESUMED: thread (33, main, main)
18:17:05.000 INFO: JdwpEventCenterDelegate: THREAD_RESUMED: thread (33, main, main)
18:17:05.002 INFO: JdwpEventCenterDelegate: THREAD_RESUMED: thread (33, main, main)
18:17:05.003 INFO: JdwpEventCenterDelegate: THREAD_RESUMED: thread (33, main, main)
18:17:05.032 INFO: JdwpEventCenterDelegate: THREAD_RESUMED: thread (33, main, main)
18:17:05.033 INFO: JdwpEventCenterDelegate: THREAD_RESUMED: thread (33, main, main)
18:17:05.034 INFO: JdwpEventCenterDelegate: THREAD_RESUMED: thread (33, main, main)
18:17:05.035 INFO: JdwpEventCenterDelegate: THREAD_RESUMED: thread (33, main, main)
18:17:05.036 INFO: JdwpEventCenterDelegate: THREAD_RESUMED: thread (33, main, main)
18:17:05.037 INFO: JdwpEventCenterDelegate: THREAD_RESUMED: thread (33, main, main)
18:17:05.039 INFO: JdwpEventCenterDelegate: THREAD_RESUMED: thread (33, main, main)
18:17:05.041 INFO: JdwpEventCenterDelegate: THREAD_RESUMED: thread (33, main, main)
18:17:05.042 INFO: JdwpEventCenterDelegate: THREAD_RESUMED: thread (33, main, main)
18:17:05.043 INFO: JdwpEventCenterDelegate: THREAD_RESUMED: thread (33, main, main)
18:17:05.044 INFO: JdwpEventCenterDelegate: THREAD_RESUMED: thread (33, main, main)
18:17:05.045 INFO: JdwpEventCenterDelegate: THREAD_RESUMED: thread (33, main, main)
18:17:05.046 INFO: JdwpEventCenterDelegate: THREAD_RESUMED: thread (33, main, main)
18:17:05.047 INFO: JdwpEventCenterDelegate: THREAD_RESUMED: thread (33, main, main)
18:17:05.061 INFO: JdwpEventCenterDelegate: THREAD_RESUMED: thread (33, main, main)
18:17:05.062 INFO: JdwpEventCenterDelegate: THREAD_RESUMED: thread (33, main, main)
18:17:05.063 INFO: JdwpEventCenterDelegate: THREAD_RESUMED: thread (33, main, main)
18:17:05.064 INFO: JdwpEventCenterDelegate: THREAD_RESUMED: thread (33, main, main)
18:17:05.066 INFO: JdwpEventCenterDelegate: THREAD_RESUMED: thread (33, main, main)
18:17:05.067 INFO: JdwpEventCenterDelegate: THREAD_RESUMED: thread (33, main, main)
18:17:05.068 INFO: JdwpEventCenterDelegate: THREAD_RESUMED: thread (33, main, main)
18:17:05.108 INFO: JdwpEventCenterDelegate: THREAD_RESUMED: thread (33, main, main)
18:17:05.109 INFO: JdwpEventCenterDelegate: THREAD_RESUMED: thread (33, main, main)
18:17:05.111 INFO: JdwpEventCenterDelegate: THREAD_RESUMED: thread (33, main, main)
18:17:05.112 INFO: JdwpEventCenterDelegate: THREAD_RESUMED: thread (33, main, main)
18:17:05.113 INFO: JdwpEventCenterDelegate: THREAD_RESUMED: thread (33, main, main)
18:17:05.114 INFO: JdwpEventCenterDelegate: THREAD_RESUMED: thread (33, main, main)
18:17:05.115 INFO: JdwpEventCenterDelegate: THREAD_RESUMED: thread (33, main, main)
18:17:05.131 INFO: JdwpEventCenterDelegate: THREAD_RESUMED: thread (33, main, main)
18:17:05.132 INFO: JdwpEventCenterDelegate: THREAD_RESUMED: thread (33, main, main)
18:17:05.133 INFO: JdwpEventCenterDelegate: THREAD_RESUMED: thread (33, main, main)
18:17:05.134 INFO: JdwpEventCenterDelegate: THREAD_RESUMED: thread (33, main, main)
18:17:05.135 INFO: JdwpEventCenterDelegate: THREAD_RESUMED: thread (33, main, main)
18:17:05.137 INFO: JdwpEventCenterDelegate: THREAD_RESUMED: thread (33, main, main)
18:17:05.138 INFO: JdwpEventCenterDelegate: THREAD_RESUMED: thread (33, main, main)
18:17:05.148 INFO: JdwpEventCenterDelegate: THREAD_RESUMED: thread (33, main, main)
18:17:05.149 INFO: JdwpEventCenterDelegate: THREAD_RESUMED: thread (33, main, main)
18:17:05.151 INFO: JdwpEventCenterDelegate: THREAD_RESUMED: thread (33, main, main)
18:17:05.152 INFO: JdwpEventCenterDelegate: THREAD_RESUMED: thread (33, main, main)
18:17:05.153 INFO: JdwpEventCenterDelegate: THREAD_RESUMED: thread (33, main, main)
18:17:05.155 INFO: JdwpEventCenterDelegate: THREAD_RESUMED: thread (33, main, main)
18:17:05.156 INFO: JdwpEventCenterDelegate: THREAD_RESUMED: thread (33, main, main)
18:17:05.157 INFO: JdwpEventCenterDelegate: THREAD_RESUMED: thread (33, main, main)
18:17:05.158 INFO: JdwpEventCenterDelegate: THREAD_RESUMED: thread (33, main, main)
18:17:05.160 INFO: JdwpEventCenterDelegate: THREAD_RESUMED: thread (33, main, main)
18:17:05.161 INFO: JdwpEventCenterDelegate: THREAD_RESUMED: thread (33, main, main)
18:17:05.162 INFO: JdwpEventCenterDelegate: THREAD_RESUMED: thread (33, main, main)
18:17:05.163 INFO: JdwpEventCenterDelegate: THREAD_RESUMED: thread (33, main, main)
18:17:05.164 INFO: JdwpEventCenterDelegate: THREAD_RESUMED: thread (33, main, main)
18:17:05.165 INFO: JdwpEventCenterDelegate: THREAD_RESUMED: thread (33, main, main)
18:17:05.167 INFO: JdwpEventCenterDelegate: THREAD_RESUMED: thread (33, main, main)
18:17:05.168 INFO: JdwpEventCenterDelegate: THREAD_RESUMED: thread (33, main, main)
18:17:05.170 INFO: JdwpEventCenterDelegate: THREAD_RESUMED: thread (33, main, main)
18:17:05.173 INFO: JdwpEventCenterDelegate: THREAD_RESUMED: thread (33, main, main)
18:17:05.174 INFO: JdwpEventCenterDelegate: THREAD_RESUMED: thread (33, main, main)
18:17:05.312 INFO: JdwpEventCenterDelegate: THREAD_STARTED: thread (93, AssetManager, main)
18:17:05.420 INFO: JdwpEventCenterDelegate: THREAD_RESUMED: thread (33, main, main)
18:17:05.422 INFO: JdwpEventCenterDelegate: THREAD_RESUMED: thread (33, main, main)
18:17:07.987 INFO: JdwpEventCenterDelegate: THREAD_RESUMED: thread (33, main, main)
18:17:08.085 INFO: JdwpEventCenterDelegate: THREAD_RESUMED: thread (33, main, main)
18:17:08.086 INFO: JdwpEventCenterDelegate: THREAD_RESUMED: thread (33, main, main)
18:17:08.088 INFO: JdwpEventCenterDelegate: THREAD_RESUMED: thread (33, main, main)
18:17:08.090 INFO: JdwpEventCenterDelegate: THREAD_RESUMED: thread (33, main, main)
18:17:08.092 INFO: JdwpEventCenterDelegate: THREAD_RESUMED: thread (33, main, main)
18:17:08.098 INFO: JdwpEventCenterDelegate: THREAD_RESUMED: thread (33, main, main)
18:17:08.110 INFO: JdwpEventCenterDelegate: THREAD_RESUMED: thread (33, main, main)
18:17:08.112 INFO: JdwpEventCenterDelegate: THREAD_RESUMED: thread (33, main, main)
18:17:08.114 INFO: JdwpEventCenterDelegate: THREAD_RESUMED: thread (33, main, main)
18:17:08.116 INFO: JdwpEventCenterDelegate: THREAD_RESUMED: thread (33, main, main)
18:17:08.118 INFO: JdwpEventCenterDelegate: THREAD_RESUMED: thread (33, main, main)
18:17:08.123 INFO: JdwpEventCenterDelegate: THREAD_RESUMED: thread (33, main, main)
18:17:08.138 INFO: JdwpEventCenterDelegate: THREAD_RESUMED: thread (33, main, main)
18:17:08.140 INFO: JdwpEventCenterDelegate: THREAD_RESUMED: thread (33, main, main)
18:17:08.143 INFO: JdwpEventCenterDelegate: THREAD_RESUMED: thread (33, main, main)
18:17:08.145 INFO: JdwpEventCenterDelegate: THREAD_RESUMED: thread (33, main, main)
18:17:08.147 INFO: JdwpEventCenterDelegate: THREAD_RESUMED: thread (33, main, main)
18:17:08.152 INFO: JdwpEventCenterDelegate: THREAD_RESUMED: thread (33, main, main)
18:17:08.170 INFO: JdwpEventCenterDelegate: THREAD_RESUMED: thread (33, main, main)
18:17:08.173 INFO: JdwpEventCenterDelegate: THREAD_RESUMED: thread (33, main, main)
18:17:08.175 INFO: JdwpEventCenterDelegate: THREAD_RESUMED: thread (33, main, main)
18:17:08.177 INFO: JdwpEventCenterDelegate: THREAD_RESUMED: thread (33, main, main)
18:17:08.179 INFO: JdwpEventCenterDelegate: THREAD_RESUMED: thread (33, main, main)
18:17:08.184 INFO: JdwpEventCenterDelegate: THREAD_RESUMED: thread (33, main, main)
18:17:08.200 INFO: JdwpEventCenterDelegate: THREAD_RESUMED: thread (33, main, main)
18:17:08.202 INFO: JdwpEventCenterDelegate: THREAD_RESUMED: thread (33, main, main)
18:17:08.204 INFO: JdwpEventCenterDelegate: THREAD_RESUMED: thread (33, main, main)
18:17:08.206 INFO: JdwpEventCenterDelegate: THREAD_RESUMED: thread (33, main, main)
18:17:08.208 INFO: JdwpEventCenterDelegate: THREAD_RESUMED: thread (33, main, main)
18:17:08.213 INFO: JdwpEventCenterDelegate: THREAD_RESUMED: thread (33, main, main)
18:17:08.229 INFO: JdwpEventCenterDelegate: THREAD_RESUMED: thread (33, main, main)
18:17:08.231 INFO: JdwpEventCenterDelegate: THREAD_RESUMED: thread (33, main, main)
18:17:08.233 INFO: JdwpEventCenterDelegate: THREAD_RESUMED: thread (33, main, main)
18:17:08.235 INFO: JdwpEventCenterDelegate: THREAD_RESUMED: thread (33, main, main)
18:17:08.237 INFO: JdwpEventCenterDelegate: THREAD_RESUMED: thread (33, main, main)
18:17:08.242 INFO: JdwpEventCenterDelegate: THREAD_RESUMED: thread (33, main, main)
18:17:08.264 INFO: JdwpEventCenterDelegate: THREAD_RESUMED: thread (33, main, main)
18:17:08.266 INFO: JdwpEventCenterDelegate: THREAD_RESUMED: thread (33, main, main)
18:17:08.269 INFO: JdwpEventCenterDelegate: THREAD_RESUMED: thread (33, main, main)
18:17:08.271 INFO: JdwpEventCenterDelegate: THREAD_RESUMED: thread (33, main, main)
18:17:08.273 INFO: JdwpEventCenterDelegate: THREAD_RESUMED: thread (33, main, main)
18:17:08.278 INFO: JdwpEventCenterDelegate: THREAD_RESUMED: thread (33, main, main)
18:17:08.297 INFO: JdwpEventCenterDelegate: THREAD_RESUMED: thread (33, main, main)
18:17:08.300 INFO: JdwpEventCenterDelegate: THREAD_RESUMED: thread (33, main, main)
18:17:08.302 INFO: JdwpEventCenterDelegate: THREAD_RESUMED: thread (33, main, main)
18:17:08.304 INFO: JdwpEventCenterDelegate: THREAD_RESUMED: thread (33, main, main)
18:17:08.306 INFO: JdwpEventCenterDelegate: THREAD_RESUMED: thread (33, main, main)
18:17:08.310 INFO: JdwpEventCenterDelegate: THREAD_RESUMED: thread (33, main, main)
18:17:08.329 INFO: JdwpEventCenterDelegate: THREAD_RESUMED: thread (33, main, main)
18:17:08.331 INFO: JdwpEventCenterDelegate: THREAD_RESUMED: thread (33, main, main)
18:17:08.333 INFO: JdwpEventCenterDelegate: THREAD_RESUMED: thread (33, main, main)
18:17:08.335 INFO: JdwpEventCenterDelegate: THREAD_RESUMED: thread (33, main, main)
18:17:08.337 INFO: JdwpEventCenterDelegate: THREAD_RESUMED: thread (33, main, main)
18:17:08.342 INFO: JdwpEventCenterDelegate: THREAD_RESUMED: thread (33, main, main)
18:17:08.357 INFO: JdwpEventCenterDelegate: THREAD_RESUMED: thread (33, main, main)
18:17:08.359 INFO: JdwpEventCenterDelegate: THREAD_RESUMED: thread (33, main, main)
18:17:08.362 INFO: JdwpEventCenterDelegate: THREAD_RESUMED: thread (33, main, main)
18:17:08.364 INFO: JdwpEventCenterDelegate: THREAD_RESUMED: thread (33, main, main)
18:17:08.366 INFO: JdwpEventCenterDelegate: THREAD_RESUMED: thread (33, main, main)
18:17:08.371 INFO: JdwpEventCenterDelegate: THREAD_RESUMED: thread (33, main, main)
18:17:08.386 INFO: JdwpEventCenterDelegate: THREAD_RESUMED: thread (33, main, main)
18:17:08.388 INFO: JdwpEventCenterDelegate: THREAD_RESUMED: thread (33, main, main)
18:17:08.390 INFO: JdwpEventCenterDelegate: THREAD_RESUMED: thread (33, main, main)
18:17:08.392 INFO: JdwpEventCenterDelegate: THREAD_RESUMED: thread (33, main, main)
18:17:08.394 INFO: JdwpEventCenterDelegate: THREAD_RESUMED: thread (33, main, main)
18:17:08.399 INFO: JdwpEventCenterDelegate: THREAD_RESUMED: thread (33, main, main)
18:17:08.418 INFO: JdwpEventCenterDelegate: THREAD_RESUMED: thread (33, main, main)
18:17:08.420 INFO: JdwpEventCenterDelegate: THREAD_RESUMED: thread (33, main, main)
18:17:08.422 INFO: JdwpEventCenterDelegate: THREAD_RESUMED: thread (33, main, main)
18:17:08.424 INFO: JdwpEventCenterDelegate: THREAD_RESUMED: thread (33, main, main)
18:17:08.426 INFO: JdwpEventCenterDelegate: THREAD_RESUMED: thread (33, main, main)
18:17:08.431 INFO: JdwpEventCenterDelegate: THREAD_RESUMED: thread (33, main, main)
18:17:08.453 INFO: JdwpEventCenterDelegate: THREAD_RESUMED: thread (33, main, main)
18:17:08.455 INFO: JdwpEventCenterDelegate: THREAD_RESUMED: thread (33, main, main)
18:17:08.457 INFO: JdwpEventCenterDelegate: THREAD_RESUMED: thread (33, main, main)
18:17:08.460 INFO: JdwpEventCenterDelegate: THREAD_RESUMED: thread (33, main, main)
18:17:08.462 INFO: JdwpEventCenterDelegate: THREAD_RESUMED: thread (33, main, main)
18:17:08.467 INFO: JdwpEventCenterDelegate: THREAD_RESUMED: thread (33, main, main)
18:17:08.486 INFO: JdwpEventCenterDelegate: THREAD_RESUMED: thread (33, main, main)
18:17:08.488 INFO: JdwpEventCenterDelegate: THREAD_RESUMED: thread (33, main, main)
18:17:08.490 INFO: JdwpEventCenterDelegate: THREAD_RESUMED: thread (33, main, main)
18:17:08.493 INFO: JdwpEventCenterDelegate: THREAD_RESUMED: thread (33, main, main)
18:17:08.495 INFO: JdwpEventCenterDelegate: THREAD_RESUMED: thread (33, main, main)
18:17:08.499 INFO: JdwpEventCenterDelegate: THREAD_RESUMED: thread (33, main, main)
18:17:08.513 INFO: JdwpEventCenterDelegate: THREAD_RESUMED: thread (33, main, main)
18:17:08.515 INFO: JdwpEventCenterDelegate: THREAD_RESUMED: thread (33, main, main)
18:17:08.517 INFO: JdwpEventCenterDelegate: THREAD_RESUMED: thread (33, main, main)
18:17:08.520 INFO: JdwpEventCenterDelegate: THREAD_RESUMED: thread (33, main, main)
18:17:08.522 INFO: JdwpEventCenterDelegate: THREAD_RESUMED: thread (33, main, main)
18:17:08.527 INFO: JdwpEventCenterDelegate: THREAD_RESUMED: thread (33, main, main)
18:17:08.529 INFO: JdwpEventCenterDelegate: THREAD_RESUMED: thread (33, main, main)
18:17:08.531 INFO: JdwpEventCenterDelegate: THREAD_RESUMED: thread (33, main, main)
18:17:08.533 INFO: JdwpEventCenterDelegate: THREAD_RESUMED: thread (33, main, main)
18:17:08.535 INFO: JdwpEventCenterDelegate: THREAD_RESUMED: thread (33, main, main)
18:17:08.538 INFO: JdwpEventCenterDelegate: THREAD_RESUMED: thread (33, main, main)
18:17:08.540 INFO: JdwpEventCenterDelegate: THREAD_RESUMED: thread (33, main, main)
18:17:08.544 INFO: JdwpEventCenterDelegate: THREAD_RESUMED: thread (33, main, main)
18:17:08.546 INFO: JdwpEventCenterDelegate: THREAD_RESUMED: thread (33, main, main)
18:17:08.548 INFO: JdwpEventCenterDelegate: THREAD_RESUMED: thread (33, main, main)
18:17:08.550 INFO: JdwpEventCenterDelegate: THREAD_RESUMED: thread (33, main, main)
18:17:08.554 INFO: JdwpEventCenterDelegate: THREAD_RESUMED: thread (33, main, main)
18:17:08.556 INFO: JdwpEventCenterDelegate: THREAD_RESUMED: thread (33, main, main)
18:17:08.558 INFO: JdwpEventCenterDelegate: THREAD_RESUMED: thread (33, main, main)
18:17:08.560 INFO: JdwpEventCenterDelegate: THREAD_RESUMED: thread (33, main, main)
18:17:08.562 INFO: JdwpEventCenterDelegate: THREAD_RESUMED: thread (33, main, main)
18:17:08.567 INFO: JdwpEventCenterDelegate: THREAD_RESUMED: thread (33, main, main)
18:17:08.579 INFO: JdwpEventCenterDelegate: THREAD_RESUMED: thread (33, main, main)
18:17:08.597 INFO: JdwpEventCenterDelegate: THREAD_RESUMED: thread (33, main, main)
18:17:08.607 INFO: JdwpEventCenterDelegate: THREAD_RESUMED: thread (33, main, main)
18:17:08.621 INFO: JdwpEventCenterDelegate: THREAD_RESUMED: thread (33, main, main)
18:17:08.651 INFO: JdwpEventCenterDelegate: THREAD_RESUMED: thread (33, main, main)
18:17:08.653 INFO: JdwpEventCenterDelegate: THREAD_RESUMED: thread (33, main, main)
18:17:08.655 INFO: JdwpEventCenterDelegate: THREAD_RESUMED: thread (33, main, main)
18:17:08.658 INFO: JdwpEventCenterDelegate: THREAD_RESUMED: thread (33, main, main)
18:17:08.660 INFO: JdwpEventCenterDelegate: THREAD_RESUMED: thread (33, main, main)
18:17:08.665 INFO: JdwpEventCenterDelegate: THREAD_RESUMED: thread (33, main, main)
18:17:08.676 INFO: JdwpEventCenterDelegate: THREAD_RESUMED: thread (33, main, main)
18:17:08.679 INFO: JdwpEventCenterDelegate: THREAD_RESUMED: thread (33, main, main)
18:17:08.681 INFO: JdwpEventCenterDelegate: THREAD_RESUMED: thread (33, main, main)
18:17:08.683 INFO: JdwpEventCenterDelegate: THREAD_RESUMED: thread (33, main, main)
18:17:08.686 INFO: JdwpEventCenterDelegate: THREAD_RESUMED: thread (33, main, main)
18:17:08.691 INFO: JdwpEventCenterDelegate: THREAD_RESUMED: thread (33, main, main)
18:17:08.705 INFO: JdwpEventCenterDelegate: THREAD_RESUMED: thread (33, main, main)
18:17:08.708 INFO: JdwpEventCenterDelegate: THREAD_RESUMED: thread (33, main, main)
18:17:08.710 INFO: JdwpEventCenterDelegate: THREAD_RESUMED: thread (33, main, main)
18:17:08.713 INFO: JdwpEventCenterDelegate: THREAD_RESUMED: thread (33, main, main)
18:17:08.715 INFO: JdwpEventCenterDelegate: THREAD_RESUMED: thread (33, main, main)
18:17:08.720 INFO: JdwpEventCenterDelegate: THREAD_RESUMED: thread (33, main, main)
18:17:08.737 INFO: JdwpEventCenterDelegate: THREAD_RESUMED: thread (33, main, main)
18:17:08.739 INFO: JdwpEventCenterDelegate: THREAD_RESUMED: thread (33, main, main)
18:17:08.742 INFO: JdwpEventCenterDelegate: THREAD_RESUMED: thread (33, main, main)
18:17:08.744 INFO: JdwpEventCenterDelegate: THREAD_RESUMED: thread (33, main, main)
18:17:08.746 INFO: JdwpEventCenterDelegate: THREAD_RESUMED: thread (33, main, main)
18:17:08.751 INFO: JdwpEventCenterDelegate: THREAD_RESUMED: thread (33, main, main)
18:17:08.765 INFO: JdwpEventCenterDelegate: THREAD_RESUMED: thread (33, main, main)
18:17:08.767 INFO: JdwpEventCenterDelegate: THREAD_RESUMED: thread (33, main, main)
18:17:08.769 INFO: JdwpEventCenterDelegate: THREAD_RESUMED: thread (33, main, main)
18:17:08.770 INFO: JdwpEventCenterDelegate: THREAD_RESUMED: thread (33, main, main)
18:17:08.772 INFO: JdwpEventCenterDelegate: THREAD_RESUMED: thread (33, main, main)
18:17:08.777 INFO: JdwpEventCenterDelegate: THREAD_RESUMED: thread (33, main, main)
18:17:08.795 INFO: JdwpEventCenterDelegate: THREAD_RESUMED: thread (33, main, main)
18:17:08.797 INFO: JdwpEventCenterDelegate: THREAD_RESUMED: thread (33, main, main)
18:17:08.798 INFO: JdwpEventCenterDelegate: THREAD_RESUMED: thread (33, main, main)
18:17:08.800 INFO: JdwpEventCenterDelegate: THREAD_RESUMED: thread (33, main, main)
18:17:08.802 INFO: JdwpEventCenterDelegate: THREAD_RESUMED: thread (33, main, main)
18:17:08.806 INFO: JdwpEventCenterDelegate: THREAD_RESUMED: thread (33, main, main)
18:17:08.824 INFO: JdwpEventCenterDelegate: THREAD_RESUMED: thread (33, main, main)
18:17:08.826 INFO: JdwpEventCenterDelegate: THREAD_RESUMED: thread (33, main, main)
18:17:08.828 INFO: JdwpEventCenterDelegate: THREAD_RESUMED: thread (33, main, main)
18:17:08.831 INFO: JdwpEventCenterDelegate: THREAD_RESUMED: thread (33, main, main)
18:17:08.833 INFO: JdwpEventCenterDelegate: THREAD_RESUMED: thread (33, main, main)
18:17:08.838 INFO: JdwpEventCenterDelegate: THREAD_RESUMED: thread (33, main, main)
18:17:08.855 INFO: JdwpEventCenterDelegate: THREAD_RESUMED: thread (33, main, main)
18:17:08.857 INFO: JdwpEventCenterDelegate: THREAD_RESUMED: thread (33, main, main)
18:17:08.859 INFO: JdwpEventCenterDelegate: THREAD_RESUMED: thread (33, main, main)
18:17:08.860 INFO: JdwpEventCenterDelegate: THREAD_RESUMED: thread (33, main, main)
18:17:08.862 INFO: JdwpEventCenterDelegate: THREAD_RESUMED: thread (33, main, main)
18:17:08.867 INFO: JdwpEventCenterDelegate: THREAD_RESUMED: thread (33, main, main)
18:17:08.884 INFO: JdwpEventCenterDelegate: THREAD_RESUMED: thread (33, main, main)
18:17:08.886 INFO: JdwpEventCenterDelegate: THREAD_RESUMED: thread (33, main, main)
18:17:08.888 INFO: JdwpEventCenterDelegate: THREAD_RESUMED: thread (33, main, main)
18:17:08.890 INFO: JdwpEventCenterDelegate: THREAD_RESUMED: thread (33, main, main)
18:17:08.892 INFO: JdwpEventCenterDelegate: THREAD_RESUMED: thread (33, main, main)
18:17:08.897 INFO: JdwpEventCenterDelegate: THREAD_RESUMED: thread (33, main, main)
18:17:08.912 INFO: JdwpEventCenterDelegate: THREAD_RESUMED: thread (33, main, main)
18:17:08.914 INFO: JdwpEventCenterDelegate: THREAD_RESUMED: thread (33, main, main)
18:17:08.916 INFO: JdwpEventCenterDelegate: THREAD_RESUMED: thread (33, main, main)
18:17:08.918 INFO: JdwpEventCenterDelegate: THREAD_RESUMED: thread (33, main, main)
18:17:08.919 INFO: JdwpEventCenterDelegate: THREAD_RESUMED: thread (33, main, main)
18:17:08.924 INFO: JdwpEventCenterDelegate: THREAD_RESUMED: thread (33, main, main)
18:17:08.938 INFO: JdwpEventCenterDelegate: THREAD_RESUMED: thread (33, main, main)
18:17:08.941 INFO: JdwpEventCenterDelegate: THREAD_RESUMED: thread (33, main, main)
18:17:08.943 INFO: JdwpEventCenterDelegate: THREAD_RESUMED: thread (33, main, main)
18:17:08.945 INFO: JdwpEventCenterDelegate: THREAD_RESUMED: thread (33, main, main)
18:17:08.947 INFO: JdwpEventCenterDelegate: THREAD_RESUMED: thread (33, main, main)
18:17:08.951 INFO: JdwpEventCenterDelegate: THREAD_RESUMED: thread (33, main, main)
18:17:08.974 INFO: JdwpEventCenterDelegate: THREAD_RESUMED: thread (33, main, main)
18:17:08.976 INFO: JdwpEventCenterDelegate: THREAD_RESUMED: thread (33, main, main)
18:17:08.978 INFO: JdwpEventCenterDelegate: THREAD_RESUMED: thread (33, main, main)
18:17:08.980 INFO: JdwpEventCenterDelegate: THREAD_RESUMED: thread (33, main, main)
18:17:08.982 INFO: JdwpEventCenterDelegate: THREAD_RESUMED: thread (33, main, main)
18:17:08.987 INFO: JdwpEventCenterDelegate: THREAD_RESUMED: thread (33, main, main)
18:17:09.008 INFO: JdwpEventCenterDelegate: THREAD_RESUMED: thread (33, main, main)
18:17:09.010 INFO: JdwpEventCenterDelegate: THREAD_RESUMED: thread (33, main, main)
18:17:09.013 INFO: JdwpEventCenterDelegate: THREAD_RESUMED: thread (33, main, main)
18:17:09.015 INFO: JdwpEventCenterDelegate: THREAD_RESUMED: thread (33, main, main)
18:17:09.017 INFO: JdwpEventCenterDelegate: THREAD_RESUMED: thread (33, main, main)
18:17:09.022 INFO: JdwpEventCenterDelegate: THREAD_RESUMED: thread (33, main, main)
18:17:09.040 INFO: JdwpEventCenterDelegate: THREAD_RESUMED: thread (33, main, main)
18:17:09.042 INFO: JdwpEventCenterDelegate: THREAD_RESUMED: thread (33, main, main)
18:17:09.045 INFO: JdwpEventCenterDelegate: THREAD_RESUMED: thread (33, main, main)
18:17:09.047 INFO: JdwpEventCenterDelegate: THREAD_RESUMED: thread (33, main, main)
18:17:09.049 INFO: JdwpEventCenterDelegate: THREAD_RESUMED: thread (33, main, main)
18:17:09.054 INFO: JdwpEventCenterDelegate: THREAD_RESUMED: thread (33, main, main)
18:17:09.067 INFO: JdwpEventCenterDelegate: THREAD_RESUMED: thread (33, main, main)
18:17:09.069 INFO: JdwpEventCenterDelegate: THREAD_RESUMED: thread (33, main, main)
18:17:09.071 INFO: JdwpEventCenterDelegate: THREAD_RESUMED: thread (33, main, main)
18:17:09.074 INFO: JdwpEventCenterDelegate: THREAD_RESUMED: thread (33, main, main)
18:17:09.076 INFO: JdwpEventCenterDelegate: THREAD_RESUMED: thread (33, main, main)
18:17:10.481 INFO: JdwpEventCenterDelegate: THREAD_STARTED: thread (108, Timer, main)
18:17:11.340 INFO: JdwpEventCenterDelegate: THREAD_RESUMED: thread (33, main, main)
18:17:11.389 INFO: JdwpEventCenterDelegate: THREAD_RESUMED: thread (33, main, main)
18:17:11.412 INFO: JdwpEventCenterDelegate: THREAD_RESUMED: thread (33, main, main)
18:17:11.432 INFO: JdwpEventCenterDelegate: THREAD_RESUMED: thread (33, main, main)
18:17:11.449 INFO: JdwpEventCenterDelegate: THREAD_RESUMED: thread (33, main, main)
18:17:11.465 INFO: JdwpEventCenterDelegate: THREAD_RESUMED: thread (33, main, main)
18:17:11.479 INFO: JdwpEventCenterDelegate: THREAD_RESUMED: thread (33, main, main)
18:17:11.496 INFO: JdwpEventCenterDelegate: THREAD_RESUMED: thread (33, main, main)
18:17:11.511 INFO: JdwpEventCenterDelegate: THREAD_RESUMED: thread (33, main, main)
18:17:11.528 INFO: JdwpEventCenterDelegate: THREAD_RESUMED: thread (33, main, main)
18:17:11.544 INFO: JdwpEventCenterDelegate: THREAD_RESUMED: thread (33, main, main)
18:17:11.559 INFO: JdwpEventCenterDelegate: THREAD_RESUMED: thread (33, main, main)
18:17:49.856 INFO: JdwpDebugServer: handling req: VirtualMachine(1).Exit(10)
18:17:49.857 SEVERE: Debugger: Thread JDWP server socket thread crashed
org.robovm.debugger.DebuggerException: Terminating due exit command
	at org.robovm.debugger.jdwp.JdwpDebugServer.doSocketWork(JdwpDebugServer.java:211)
	at java.base/java.lang.Thread.run(Thread.java:834)
	at org.robovm.debugger.utils.DebuggerThread.run(DebuggerThread.java:42)
18:17:50.363 SEVERE: Debugger: Thread HooksChannel socket thread crashed
org.robovm.debugger.DebuggerException: java.io.IOException: org.robovm.libimobiledevice.LibIMobileDeviceException: IDEVICE_E_UNKNOWN_ERROR
	at org.robovm.debugger.hooks.HooksChannel.doSocketWork(HooksChannel.java:149)
	at java.base/java.lang.Thread.run(Thread.java:834)
	at org.robovm.debugger.utils.DebuggerThread.run(DebuggerThread.java:42)
Caused by: java.io.IOException: org.robovm.libimobiledevice.LibIMobileDeviceException: IDEVICE_E_UNKNOWN_ERROR
	at org.robovm.libimobiledevice.IDeviceConnection$DeviceInputStream.read(IDeviceConnection.java:203)
	at org.robovm.debugger.utils.bytebuffer.DataBufferWriter.writeFromStream(DataBufferWriter.java:89)
	at org.robovm.debugger.hooks.HooksChannel.doSocketWork(HooksChannel.java:116)
	... 2 more
Caused by: org.robovm.libimobiledevice.LibIMobileDeviceException: IDEVICE_E_UNKNOWN_ERROR
	at org.robovm.libimobiledevice.IDevice.checkResult(IDevice.java:206)
	at org.robovm.libimobiledevice.IDeviceConnection.receive(IDeviceConnection.java:110)
	at org.robovm.libimobiledevice.IDeviceConnection.receive(IDeviceConnection.java:81)
	at org.robovm.libimobiledevice.IDeviceConnection$DeviceInputStream.read(IDeviceConnection.java:201)
	... 4 more
