18:56:23.708 INFO: JdwpDebugServer: handling req: VirtualMachine(1).IDSizes(7)
18:56:23.708 INFO: JdwpDebugServer: handling req: EventRequest(15).Set(1)
18:56:23.708 INFO: JdwpEventCenterDelegate: jdwpSetEventRequest: JdwpEventRequest{requestId=100, eventKind=CLASS_PREPARE, suspendPolicy=NONE, predicates=[]}
18:56:23.709 INFO: JdwpDebugServer: handling req: EventRequest(15).Set(1)
18:56:23.709 INFO: JdwpEventCenterDelegate: jdwpSetEventRequest: JdwpEventRequest{requestId=101, eventKind=CLASS_UNLOAD, suspendPolicy=NONE, predicates=[]}
18:56:23.728 INFO: JdwpDebugServer: handling req: VirtualMachine(1).Version(1)
18:56:23.729 INFO: JdwpDebugServer: handling req: VirtualMachine(1).capabilitiesNew(17)
18:56:23.729 INFO: JdwpDebugServer: handling req: VirtualMachine(1).capabilities(12)
18:56:23.729 INFO: JdwpDebugServer: handling req: VirtualMachine(1).AllClassesWithGeneric(20)
18:56:23.733 INFO: JdwpDebugServer: handling req: VirtualMachine(1).TopLevelThreadGroups(5)
18:56:23.734 INFO: JdwpDebugServer: handling req: EventRequest(15).Set(1)
18:56:23.734 INFO: JdwpEventCenterDelegate: jdwpSetEventRequest: JdwpEventRequest{requestId=102, eventKind=THREAD_START, suspendPolicy=NONE, predicates=[]}
18:56:23.734 INFO: JdwpDebugServer: handling req: EventRequest(15).Set(1)
18:56:23.734 INFO: JdwpEventCenterDelegate: jdwpSetEventRequest: JdwpEventRequest{requestId=103, eventKind=THREAD_DEATH, suspendPolicy=NONE, predicates=[]}
18:56:23.735 INFO: JdwpDebugServer: handling req: EventRequest(15).Set(1)
18:56:23.735 INFO: JdwpEventCenterDelegate: jdwpSetEventRequest: JdwpEventRequest{requestId=104, eventKind=CLASS_PREPARE, suspendPolicy=EVENT_THREAD, predicates=[className=sun.instrument.InstrumentationImpl]}
18:56:23.735 INFO: JdwpDebugServer: handling req: EventRequest(15).Set(1)
18:56:23.735 INFO: JdwpEventCenterDelegate: jdwpSetEventRequest: JdwpEventRequest{requestId=105, eventKind=CLASS_PREPARE, suspendPolicy=EVENT_THREAD, predicates=[className=sun.instrument.InstrumentationImpl]}
18:56:23.737 INFO: JdwpDebugServer: handling req: EventRequest(15).Set(1)
18:56:23.737 INFO: JdwpEventCenterDelegate: jdwpSetEventRequest: JdwpEventRequest{requestId=106, eventKind=CLASS_PREPARE, suspendPolicy=EVENT_THREAD, predicates=[className=com.oldcaledonia.babymozartspacetrip.ios.ServicesApi]}
18:56:23.737 INFO: JdwpDebugServer: handling req: EventRequest(15).Set(1)
18:56:23.737 INFO: JdwpEventCenterDelegate: jdwpSetEventRequest: JdwpEventRequest{requestId=107, eventKind=CLASS_PREPARE, suspendPolicy=EVENT_THREAD, predicates=[className=com.oldcaledonia.babymozartspacetrip.ios.ServicesApi$*]}
18:56:23.737 INFO: JdwpDebugServer: handling req: EventRequest(15).Set(1)
18:56:23.737 INFO: JdwpEventCenterDelegate: jdwpSetEventRequest: JdwpEventRequest{requestId=108, eventKind=CLASS_PREPARE, suspendPolicy=EVENT_THREAD, predicates=[className=com.oldcaledonia.babymozartspacetrip.ios.ComposableSingletons$ServicesKt$*]}
18:56:24.324 INFO: JdwpDebugServer: handling req: VirtualMachine(1).Resume(9)
18:56:24.384 INFO: JdwpEventCenterDelegate: THREAD_STARTED: thread (33, main, main)
18:56:24.405 INFO: JdwpEventCenterDelegate: THREAD_STARTED: thread (48, ReferenceQueueDaemon, main)
18:56:24.412 INFO: JdwpEventCenterDelegate: THREAD_STARTED: thread (63, FinalizerDaemon, main)
18:56:24.419 INFO: JdwpEventCenterDelegate: THREAD_STARTED: thread (78, FinalizerWatchdogDaemon, main)
18:56:24.421 INFO: JdwpEventCenterDelegate: THREAD_RESUMED: thread (33, main, main)
18:56:24.422 INFO: JdwpEventCenterDelegate: THREAD_RESUMED: thread (33, main, main)
18:56:24.424 INFO: JdwpEventCenterDelegate: THREAD_RESUMED: thread (33, main, main)
18:56:24.426 INFO: JdwpEventCenterDelegate: THREAD_RESUMED: thread (33, main, main)
18:56:24.427 INFO: JdwpEventCenterDelegate: THREAD_RESUMED: thread (33, main, main)
18:56:24.429 INFO: JdwpEventCenterDelegate: THREAD_RESUMED: thread (33, main, main)
18:56:24.431 INFO: JdwpEventCenterDelegate: THREAD_RESUMED: thread (33, main, main)
18:56:24.432 INFO: JdwpEventCenterDelegate: THREAD_RESUMED: thread (33, main, main)
18:56:24.434 INFO: JdwpEventCenterDelegate: THREAD_RESUMED: thread (33, main, main)
18:56:24.435 INFO: JdwpEventCenterDelegate: THREAD_RESUMED: thread (33, main, main)
18:56:24.437 INFO: JdwpEventCenterDelegate: THREAD_RESUMED: thread (33, main, main)
18:56:24.438 INFO: JdwpEventCenterDelegate: THREAD_RESUMED: thread (33, main, main)
18:56:24.440 INFO: JdwpEventCenterDelegate: THREAD_RESUMED: thread (33, main, main)
18:56:24.441 INFO: JdwpEventCenterDelegate: THREAD_RESUMED: thread (33, main, main)
18:56:24.443 INFO: JdwpEventCenterDelegate: THREAD_RESUMED: thread (33, main, main)
18:56:24.445 INFO: JdwpEventCenterDelegate: THREAD_RESUMED: thread (33, main, main)
18:56:24.446 INFO: JdwpEventCenterDelegate: THREAD_RESUMED: thread (33, main, main)
18:56:24.448 INFO: JdwpEventCenterDelegate: THREAD_RESUMED: thread (33, main, main)
18:56:24.452 INFO: JdwpEventCenterDelegate: THREAD_RESUMED: thread (33, main, main)
18:56:24.453 INFO: JdwpEventCenterDelegate: THREAD_RESUMED: thread (33, main, main)
18:56:24.455 INFO: JdwpEventCenterDelegate: THREAD_RESUMED: thread (33, main, main)
18:56:24.457 INFO: JdwpEventCenterDelegate: THREAD_RESUMED: thread (33, main, main)
18:56:24.458 INFO: JdwpEventCenterDelegate: THREAD_RESUMED: thread (33, main, main)
18:56:24.460 INFO: JdwpEventCenterDelegate: THREAD_RESUMED: thread (33, main, main)
18:56:24.461 INFO: JdwpEventCenterDelegate: THREAD_RESUMED: thread (33, main, main)
18:56:24.473 INFO: JdwpDebugServer: handling req: ReferenceType(2).MethodsWithGeneric(15)
18:56:24.473 INFO: JdwpDebugServer: handling req: Method(6).LineTable(1)
18:56:24.474 INFO: JdwpDebugServer: handling req: Method(6).LineTable(1)
18:56:24.474 INFO: JdwpDebugServer: handling req: Method(6).LineTable(1)
18:56:24.474 INFO: JdwpDebugServer: handling req: Method(6).LineTable(1)
18:56:24.475 INFO: JdwpDebugServer: handling req: Method(6).LineTable(1)
18:56:24.475 INFO: JdwpDebugServer: handling req: Method(6).LineTable(1)
18:56:24.475 INFO: JdwpDebugServer: handling req: Method(6).LineTable(1)
18:56:24.476 INFO: JdwpDebugServer: handling req: Method(6).LineTable(1)
18:56:24.476 INFO: JdwpDebugServer: handling req: Method(6).LineTable(1)
18:56:24.476 INFO: JdwpDebugServer: handling req: Method(6).LineTable(1)
18:56:24.476 INFO: JdwpDebugServer: handling req: Method(6).LineTable(1)
18:56:24.477 INFO: JdwpDebugServer: handling req: Method(6).LineTable(1)
18:56:24.477 INFO: JdwpDebugServer: handling req: Method(6).LineTable(1)
18:56:24.478 INFO: JdwpDebugServer: handling req: Method(6).LineTable(1)
18:56:24.478 INFO: JdwpDebugServer: handling req: Method(6).LineTable(1)
18:56:24.478 INFO: JdwpDebugServer: handling req: Method(6).LineTable(1)
18:56:24.479 INFO: JdwpDebugServer: handling req: Method(6).LineTable(1)
18:56:24.479 INFO: JdwpDebugServer: handling req: Method(6).LineTable(1)
18:56:24.479 INFO: JdwpDebugServer: handling req: Method(6).LineTable(1)
18:56:24.480 INFO: JdwpDebugServer: handling req: Method(6).LineTable(1)
18:56:24.480 INFO: JdwpDebugServer: handling req: Method(6).LineTable(1)
18:56:24.480 INFO: JdwpDebugServer: handling req: Method(6).LineTable(1)
18:56:24.481 INFO: JdwpDebugServer: handling req: Method(6).LineTable(1)
18:56:24.481 INFO: JdwpDebugServer: handling req: Method(6).LineTable(1)
18:56:24.481 INFO: JdwpDebugServer: handling req: Method(6).LineTable(1)
18:56:24.482 INFO: JdwpDebugServer: handling req: Method(6).LineTable(1)
18:56:24.482 INFO: JdwpDebugServer: handling req: Method(6).LineTable(1)
18:56:24.482 INFO: JdwpDebugServer: handling req: Method(6).LineTable(1)
18:56:24.482 INFO: JdwpDebugServer: handling req: Method(6).LineTable(1)
18:56:24.483 INFO: JdwpDebugServer: handling req: Method(6).LineTable(1)
18:56:24.483 INFO: JdwpDebugServer: handling req: Method(6).LineTable(1)
18:56:24.483 INFO: JdwpDebugServer: handling req: Method(6).LineTable(1)
18:56:24.483 INFO: JdwpDebugServer: handling req: Method(6).LineTable(1)
18:56:24.484 INFO: JdwpDebugServer: handling req: Method(6).LineTable(1)
18:56:24.484 INFO: JdwpDebugServer: handling req: Method(6).LineTable(1)
18:56:24.484 INFO: JdwpDebugServer: handling req: Method(6).LineTable(1)
18:56:24.484 INFO: JdwpDebugServer: handling req: Method(6).LineTable(1)
18:56:24.484 INFO: JdwpDebugServer: handling req: Method(6).LineTable(1)
18:56:24.485 INFO: JdwpDebugServer: handling req: Method(6).LineTable(1)
18:56:24.485 INFO: JdwpDebugServer: handling req: Method(6).LineTable(1)
18:56:24.485 INFO: JdwpDebugServer: handling req: Method(6).LineTable(1)
18:56:24.485 INFO: JdwpDebugServer: handling req: Method(6).LineTable(1)
18:56:24.486 INFO: JdwpDebugServer: handling req: Method(6).LineTable(1)
18:56:24.486 INFO: JdwpDebugServer: handling req: Method(6).LineTable(1)
18:56:24.486 INFO: JdwpDebugServer: handling req: Method(6).LineTable(1)
18:56:24.486 INFO: JdwpDebugServer: handling req: Method(6).LineTable(1)
18:56:24.486 INFO: JdwpDebugServer: handling req: Method(6).LineTable(1)
18:56:24.486 INFO: JdwpDebugServer: handling req: Method(6).LineTable(1)
18:56:24.487 INFO: JdwpDebugServer: handling req: Method(6).LineTable(1)
18:56:24.487 INFO: JdwpDebugServer: handling req: Method(6).LineTable(1)
18:56:24.487 INFO: JdwpDebugServer: handling req: Method(6).LineTable(1)
18:56:24.487 INFO: JdwpDebugServer: handling req: Method(6).LineTable(1)
18:56:24.487 INFO: JdwpDebugServer: handling req: Method(6).LineTable(1)
18:56:24.488 INFO: JdwpDebugServer: handling req: Method(6).LineTable(1)
18:56:24.488 INFO: JdwpDebugServer: handling req: Method(6).LineTable(1)
18:56:24.488 INFO: JdwpDebugServer: handling req: Method(6).LineTable(1)
18:56:24.488 INFO: JdwpDebugServer: handling req: Method(6).LineTable(1)
18:56:24.488 INFO: JdwpDebugServer: handling req: Method(6).LineTable(1)
18:56:24.488 INFO: JdwpDebugServer: handling req: Method(6).LineTable(1)
18:56:24.488 INFO: JdwpDebugServer: handling req: Method(6).LineTable(1)
18:56:24.489 INFO: JdwpDebugServer: handling req: Method(6).LineTable(1)
18:56:24.489 INFO: JdwpDebugServer: handling req: Method(6).LineTable(1)
18:56:24.489 INFO: JdwpDebugServer: handling req: Method(6).LineTable(1)
18:56:24.489 INFO: JdwpDebugServer: handling req: Method(6).LineTable(1)
18:56:24.489 INFO: JdwpDebugServer: handling req: Method(6).LineTable(1)
18:56:24.490 INFO: JdwpDebugServer: handling req: Method(6).LineTable(1)
18:56:24.490 INFO: JdwpDebugServer: handling req: Method(6).LineTable(1)
18:56:24.490 INFO: JdwpDebugServer: handling req: Method(6).LineTable(1)
18:56:24.491 INFO: JdwpDebugServer: handling req: Method(6).LineTable(1)
18:56:24.491 INFO: JdwpDebugServer: handling req: Method(6).LineTable(1)
18:56:24.491 INFO: JdwpDebugServer: handling req: Method(6).LineTable(1)
18:56:24.491 INFO: JdwpDebugServer: handling req: Method(6).LineTable(1)
18:56:24.491 INFO: JdwpDebugServer: handling req: Method(6).LineTable(1)
18:56:24.491 INFO: JdwpDebugServer: handling req: Method(6).LineTable(1)
18:56:24.491 INFO: JdwpDebugServer: handling req: Method(6).LineTable(1)
18:56:24.491 INFO: JdwpDebugServer: handling req: Method(6).LineTable(1)
18:56:24.491 INFO: JdwpDebugServer: handling req: Method(6).LineTable(1)
18:56:24.491 INFO: JdwpDebugServer: handling req: Method(6).LineTable(1)
18:56:24.492 INFO: JdwpDebugServer: handling req: ReferenceType(2).SourceFile(7)
18:56:24.492 INFO: JdwpDebugServer: handling req: EventRequest(15).Set(1)
18:56:24.492 INFO: JdwpEventCenterDelegate: jdwpSetEventRequest: JdwpEventRequest{requestId=109, eventKind=BREAKPOINT, suspendPolicy=EVENT_THREAD, predicates=[Location{classId=23130, methodId=3907, index=440} ]}
18:56:24.493 INFO: JdwpDebugServer: handling req: ThreadReference(11).Resume(3)
18:56:24.494 INFO: JdwpEventCenterDelegate: THREAD_RESUMED: thread (33, main, main)
18:56:24.495 INFO: JdwpDebugServer: handling req: ClassType(3).Superclass(1)
18:56:24.497 INFO: JdwpDebugServer: handling req: ReferenceType(2).ClassLoader(2)
18:56:24.497 INFO: JdwpDebugServer: handling req: ReferenceType(2).ClassLoader(2)
18:56:24.498 INFO: JdwpDebugServer: handling req: ReferenceType(2).ClassLoader(2)
18:56:24.498 INFO: JdwpDebugServer: handling req: ReferenceType(2).ClassLoader(2)
18:56:24.498 INFO: JdwpDebugServer: handling req: ReferenceType(2).ClassLoader(2)
18:56:24.498 INFO: JdwpDebugServer: handling req: ReferenceType(2).ClassLoader(2)
18:56:24.498 INFO: JdwpDebugServer: handling req: ReferenceType(2).ClassLoader(2)
18:56:24.498 INFO: JdwpDebugServer: handling req: ReferenceType(2).ClassLoader(2)
18:56:24.498 INFO: JdwpDebugServer: handling req: ReferenceType(2).ClassLoader(2)
18:56:24.498 INFO: JdwpDebugServer: handling req: ReferenceType(2).ClassLoader(2)
18:56:24.498 INFO: JdwpDebugServer: handling req: ReferenceType(2).ClassLoader(2)
18:56:24.498 INFO: JdwpDebugServer: handling req: ReferenceType(2).ClassLoader(2)
18:56:24.498 INFO: JdwpDebugServer: handling req: ReferenceType(2).ClassLoader(2)
18:56:24.498 INFO: JdwpDebugServer: handling req: ReferenceType(2).ClassLoader(2)
18:56:24.499 INFO: JdwpDebugServer: handling req: ReferenceType(2).ClassLoader(2)
18:56:24.499 INFO: JdwpDebugServer: handling req: ReferenceType(2).ClassLoader(2)
18:56:24.499 INFO: JdwpDebugServer: handling req: ReferenceType(2).ClassLoader(2)
18:56:24.499 INFO: JdwpDebugServer: handling req: ReferenceType(2).ClassLoader(2)
18:56:24.499 INFO: JdwpDebugServer: handling req: ReferenceType(2).ClassLoader(2)
18:56:24.499 INFO: JdwpDebugServer: handling req: ReferenceType(2).ClassLoader(2)
18:56:24.516 INFO: JdwpEventCenterDelegate: THREAD_RESUMED: thread (33, main, main)
18:56:24.517 INFO: JdwpEventCenterDelegate: THREAD_RESUMED: thread (33, main, main)
18:56:24.518 INFO: JdwpEventCenterDelegate: THREAD_RESUMED: thread (33, main, main)
18:56:24.520 INFO: JdwpEventCenterDelegate: THREAD_RESUMED: thread (33, main, main)
18:56:24.521 INFO: JdwpEventCenterDelegate: THREAD_RESUMED: thread (33, main, main)
18:56:24.522 INFO: JdwpEventCenterDelegate: THREAD_RESUMED: thread (33, main, main)
18:56:24.523 INFO: JdwpEventCenterDelegate: THREAD_RESUMED: thread (33, main, main)
18:56:24.526 INFO: JdwpEventCenterDelegate: THREAD_RESUMED: thread (33, main, main)
18:56:24.527 INFO: JdwpEventCenterDelegate: THREAD_RESUMED: thread (33, main, main)
18:56:24.528 INFO: JdwpEventCenterDelegate: THREAD_RESUMED: thread (33, main, main)
18:56:24.530 INFO: JdwpEventCenterDelegate: THREAD_RESUMED: thread (33, main, main)
18:56:24.531 INFO: JdwpEventCenterDelegate: THREAD_RESUMED: thread (33, main, main)
18:56:24.533 INFO: JdwpEventCenterDelegate: THREAD_RESUMED: thread (33, main, main)
18:56:24.534 INFO: JdwpEventCenterDelegate: THREAD_RESUMED: thread (33, main, main)
18:56:24.549 INFO: JdwpEventCenterDelegate: THREAD_RESUMED: thread (33, main, main)
18:56:24.551 INFO: JdwpEventCenterDelegate: THREAD_RESUMED: thread (33, main, main)
18:56:24.552 INFO: JdwpEventCenterDelegate: THREAD_RESUMED: thread (33, main, main)
18:56:24.553 INFO: JdwpEventCenterDelegate: THREAD_RESUMED: thread (33, main, main)
18:56:24.555 INFO: JdwpEventCenterDelegate: THREAD_RESUMED: thread (33, main, main)
18:56:24.556 INFO: JdwpEventCenterDelegate: THREAD_RESUMED: thread (33, main, main)
18:56:24.557 INFO: JdwpEventCenterDelegate: THREAD_RESUMED: thread (33, main, main)
18:56:24.580 INFO: JdwpEventCenterDelegate: THREAD_RESUMED: thread (33, main, main)
18:56:24.581 INFO: JdwpEventCenterDelegate: THREAD_RESUMED: thread (33, main, main)
18:56:24.583 INFO: JdwpEventCenterDelegate: THREAD_RESUMED: thread (33, main, main)
18:56:24.584 INFO: JdwpEventCenterDelegate: THREAD_RESUMED: thread (33, main, main)
18:56:24.586 INFO: JdwpEventCenterDelegate: THREAD_RESUMED: thread (33, main, main)
18:56:24.587 INFO: JdwpEventCenterDelegate: THREAD_RESUMED: thread (33, main, main)
18:56:24.589 INFO: JdwpEventCenterDelegate: THREAD_RESUMED: thread (33, main, main)
18:56:24.593 INFO: JdwpDebugServer: handling req: ReferenceType(2).MethodsWithGeneric(15)
18:56:24.593 INFO: JdwpDebugServer: handling req: Method(6).LineTable(1)
18:56:24.593 INFO: JdwpDebugServer: handling req: ReferenceType(2).SourceFile(7)
18:56:24.593 INFO: JdwpDebugServer: handling req: ThreadReference(11).Resume(3)
18:56:24.594 INFO: JdwpEventCenterDelegate: THREAD_RESUMED: thread (33, main, main)
18:56:24.595 INFO: JdwpDebugServer: handling req: ReferenceType(2).MethodsWithGeneric(15)
18:56:24.595 INFO: JdwpDebugServer: handling req: Method(6).LineTable(1)
18:56:24.595 INFO: JdwpDebugServer: handling req: ReferenceType(2).SourceFile(7)
18:56:24.596 INFO: JdwpDebugServer: handling req: ThreadReference(11).Resume(3)
18:56:24.596 INFO: JdwpEventCenterDelegate: THREAD_RESUMED: thread (33, main, main)
18:56:24.596 INFO: JdwpDebugServer: handling req: ReferenceType(2).MethodsWithGeneric(15)
18:56:24.597 INFO: JdwpDebugServer: handling req: Method(6).LineTable(1)
18:56:24.597 INFO: JdwpDebugServer: handling req: ReferenceType(2).SourceFile(7)
18:56:24.597 INFO: JdwpDebugServer: handling req: ThreadReference(11).Resume(3)
18:56:24.598 INFO: JdwpEventCenterDelegate: THREAD_RESUMED: thread (33, main, main)
18:56:24.598 INFO: JdwpDebugServer: handling req: ReferenceType(2).MethodsWithGeneric(15)
18:56:24.599 INFO: JdwpDebugServer: handling req: Method(6).LineTable(1)
18:56:24.599 INFO: JdwpDebugServer: handling req: ReferenceType(2).SourceFile(7)
18:56:24.599 INFO: JdwpDebugServer: handling req: ThreadReference(11).Resume(3)
18:56:24.600 INFO: JdwpEventCenterDelegate: THREAD_RESUMED: thread (33, main, main)
18:56:24.601 INFO: JdwpDebugServer: handling req: ReferenceType(2).MethodsWithGeneric(15)
18:56:24.601 INFO: JdwpDebugServer: handling req: Method(6).LineTable(1)
18:56:24.601 INFO: JdwpDebugServer: handling req: ReferenceType(2).SourceFile(7)
18:56:24.601 INFO: JdwpDebugServer: handling req: ThreadReference(11).Resume(3)
18:56:24.602 INFO: JdwpEventCenterDelegate: THREAD_RESUMED: thread (33, main, main)
18:56:24.603 INFO: JdwpDebugServer: handling req: ReferenceType(2).MethodsWithGeneric(15)
18:56:24.603 INFO: JdwpDebugServer: handling req: Method(6).LineTable(1)
18:56:24.603 INFO: JdwpDebugServer: handling req: ReferenceType(2).SourceFile(7)
18:56:24.603 INFO: JdwpDebugServer: handling req: ThreadReference(11).Resume(3)
18:56:24.604 INFO: JdwpEventCenterDelegate: THREAD_RESUMED: thread (33, main, main)
18:56:24.626 INFO: JdwpEventCenterDelegate: THREAD_RESUMED: thread (33, main, main)
18:56:24.627 INFO: JdwpEventCenterDelegate: THREAD_RESUMED: thread (33, main, main)
18:56:24.628 INFO: JdwpEventCenterDelegate: THREAD_RESUMED: thread (33, main, main)
18:56:24.630 INFO: JdwpEventCenterDelegate: THREAD_RESUMED: thread (33, main, main)
18:56:24.631 INFO: JdwpEventCenterDelegate: THREAD_RESUMED: thread (33, main, main)
18:56:24.632 INFO: JdwpEventCenterDelegate: THREAD_RESUMED: thread (33, main, main)
18:56:24.634 INFO: JdwpEventCenterDelegate: THREAD_RESUMED: thread (33, main, main)
18:56:24.645 INFO: JdwpEventCenterDelegate: THREAD_RESUMED: thread (33, main, main)
18:56:24.646 INFO: JdwpEventCenterDelegate: THREAD_RESUMED: thread (33, main, main)
18:56:24.648 INFO: JdwpEventCenterDelegate: THREAD_RESUMED: thread (33, main, main)
18:56:24.649 INFO: JdwpEventCenterDelegate: THREAD_RESUMED: thread (33, main, main)
18:56:24.650 INFO: JdwpEventCenterDelegate: THREAD_RESUMED: thread (33, main, main)
18:56:24.652 INFO: JdwpEventCenterDelegate: THREAD_RESUMED: thread (33, main, main)
18:56:24.653 INFO: JdwpEventCenterDelegate: THREAD_RESUMED: thread (33, main, main)
18:56:24.662 INFO: JdwpEventCenterDelegate: THREAD_RESUMED: thread (33, main, main)
18:56:24.663 INFO: JdwpEventCenterDelegate: THREAD_RESUMED: thread (33, main, main)
18:56:24.665 INFO: JdwpEventCenterDelegate: THREAD_RESUMED: thread (33, main, main)
18:56:24.666 INFO: JdwpEventCenterDelegate: THREAD_RESUMED: thread (33, main, main)
18:56:24.667 INFO: JdwpEventCenterDelegate: THREAD_RESUMED: thread (33, main, main)
18:56:24.669 INFO: JdwpEventCenterDelegate: THREAD_RESUMED: thread (33, main, main)
18:56:24.670 INFO: JdwpEventCenterDelegate: THREAD_RESUMED: thread (33, main, main)
18:56:24.671 INFO: JdwpEventCenterDelegate: THREAD_RESUMED: thread (33, main, main)
18:56:24.673 INFO: JdwpEventCenterDelegate: THREAD_RESUMED: thread (33, main, main)
18:56:24.674 INFO: JdwpEventCenterDelegate: THREAD_RESUMED: thread (33, main, main)
18:56:24.675 INFO: JdwpEventCenterDelegate: THREAD_RESUMED: thread (33, main, main)
18:56:24.677 INFO: JdwpEventCenterDelegate: THREAD_RESUMED: thread (33, main, main)
18:56:24.678 INFO: JdwpEventCenterDelegate: THREAD_RESUMED: thread (33, main, main)
18:56:24.679 INFO: JdwpEventCenterDelegate: THREAD_RESUMED: thread (33, main, main)
18:56:24.680 INFO: JdwpEventCenterDelegate: THREAD_RESUMED: thread (33, main, main)
18:56:24.682 INFO: JdwpEventCenterDelegate: THREAD_RESUMED: thread (33, main, main)
18:56:24.683 INFO: JdwpEventCenterDelegate: THREAD_RESUMED: thread (33, main, main)
18:56:24.684 INFO: JdwpEventCenterDelegate: THREAD_RESUMED: thread (33, main, main)
18:56:24.686 INFO: JdwpEventCenterDelegate: THREAD_RESUMED: thread (33, main, main)
18:56:24.687 INFO: JdwpEventCenterDelegate: THREAD_RESUMED: thread (33, main, main)
18:56:24.822 INFO: JdwpEventCenterDelegate: THREAD_STARTED: thread (93, AssetManager, main)
18:56:24.925 INFO: JdwpEventCenterDelegate: THREAD_RESUMED: thread (33, main, main)
18:56:24.928 INFO: JdwpEventCenterDelegate: THREAD_RESUMED: thread (33, main, main)
18:56:27.497 INFO: JdwpEventCenterDelegate: THREAD_RESUMED: thread (33, main, main)
18:56:27.597 INFO: JdwpEventCenterDelegate: THREAD_RESUMED: thread (33, main, main)
18:56:27.599 INFO: JdwpEventCenterDelegate: THREAD_RESUMED: thread (33, main, main)
18:56:27.600 INFO: JdwpEventCenterDelegate: THREAD_RESUMED: thread (33, main, main)
18:56:27.602 INFO: JdwpEventCenterDelegate: THREAD_RESUMED: thread (33, main, main)
18:56:27.604 INFO: JdwpEventCenterDelegate: THREAD_RESUMED: thread (33, main, main)
18:56:27.610 INFO: JdwpEventCenterDelegate: THREAD_RESUMED: thread (33, main, main)
18:56:27.622 INFO: JdwpEventCenterDelegate: THREAD_RESUMED: thread (33, main, main)
18:56:27.625 INFO: JdwpEventCenterDelegate: THREAD_RESUMED: thread (33, main, main)
18:56:27.627 INFO: JdwpEventCenterDelegate: THREAD_RESUMED: thread (33, main, main)
18:56:27.630 INFO: JdwpEventCenterDelegate: THREAD_RESUMED: thread (33, main, main)
18:56:27.632 INFO: JdwpEventCenterDelegate: THREAD_RESUMED: thread (33, main, main)
18:56:27.637 INFO: JdwpEventCenterDelegate: THREAD_RESUMED: thread (33, main, main)
18:56:27.652 INFO: JdwpEventCenterDelegate: THREAD_RESUMED: thread (33, main, main)
18:56:27.654 INFO: JdwpEventCenterDelegate: THREAD_RESUMED: thread (33, main, main)
18:56:27.657 INFO: JdwpEventCenterDelegate: THREAD_RESUMED: thread (33, main, main)
18:56:27.659 INFO: JdwpEventCenterDelegate: THREAD_RESUMED: thread (33, main, main)
18:56:27.662 INFO: JdwpEventCenterDelegate: THREAD_RESUMED: thread (33, main, main)
18:56:27.667 INFO: JdwpEventCenterDelegate: THREAD_RESUMED: thread (33, main, main)
18:56:27.686 INFO: JdwpEventCenterDelegate: THREAD_RESUMED: thread (33, main, main)
18:56:27.688 INFO: JdwpEventCenterDelegate: THREAD_RESUMED: thread (33, main, main)
18:56:27.690 INFO: JdwpEventCenterDelegate: THREAD_RESUMED: thread (33, main, main)
18:56:27.692 INFO: JdwpEventCenterDelegate: THREAD_RESUMED: thread (33, main, main)
18:56:27.695 INFO: JdwpEventCenterDelegate: THREAD_RESUMED: thread (33, main, main)
18:56:27.700 INFO: JdwpEventCenterDelegate: THREAD_RESUMED: thread (33, main, main)
18:56:27.715 INFO: JdwpEventCenterDelegate: THREAD_RESUMED: thread (33, main, main)
18:56:27.718 INFO: JdwpEventCenterDelegate: THREAD_RESUMED: thread (33, main, main)
18:56:27.720 INFO: JdwpEventCenterDelegate: THREAD_RESUMED: thread (33, main, main)
18:56:27.723 INFO: JdwpEventCenterDelegate: THREAD_RESUMED: thread (33, main, main)
18:56:27.725 INFO: JdwpEventCenterDelegate: THREAD_RESUMED: thread (33, main, main)
18:56:27.730 INFO: JdwpEventCenterDelegate: THREAD_RESUMED: thread (33, main, main)
18:56:27.745 INFO: JdwpEventCenterDelegate: THREAD_RESUMED: thread (33, main, main)
18:56:27.748 INFO: JdwpEventCenterDelegate: THREAD_RESUMED: thread (33, main, main)
18:56:27.750 INFO: JdwpEventCenterDelegate: THREAD_RESUMED: thread (33, main, main)
18:56:27.752 INFO: JdwpEventCenterDelegate: THREAD_RESUMED: thread (33, main, main)
18:56:27.756 INFO: JdwpEventCenterDelegate: THREAD_RESUMED: thread (33, main, main)
18:56:27.760 INFO: JdwpEventCenterDelegate: THREAD_RESUMED: thread (33, main, main)
18:56:27.779 INFO: JdwpEventCenterDelegate: THREAD_RESUMED: thread (33, main, main)
18:56:27.781 INFO: JdwpEventCenterDelegate: THREAD_RESUMED: thread (33, main, main)
18:56:27.783 INFO: JdwpEventCenterDelegate: THREAD_RESUMED: thread (33, main, main)
18:56:27.785 INFO: JdwpEventCenterDelegate: THREAD_RESUMED: thread (33, main, main)
18:56:27.787 INFO: JdwpEventCenterDelegate: THREAD_RESUMED: thread (33, main, main)
18:56:27.792 INFO: JdwpEventCenterDelegate: THREAD_RESUMED: thread (33, main, main)
18:56:27.811 INFO: JdwpEventCenterDelegate: THREAD_RESUMED: thread (33, main, main)
18:56:27.813 INFO: JdwpEventCenterDelegate: THREAD_RESUMED: thread (33, main, main)
18:56:27.815 INFO: JdwpEventCenterDelegate: THREAD_RESUMED: thread (33, main, main)
18:56:27.817 INFO: JdwpEventCenterDelegate: THREAD_RESUMED: thread (33, main, main)
18:56:27.819 INFO: JdwpEventCenterDelegate: THREAD_RESUMED: thread (33, main, main)
18:56:27.823 INFO: JdwpEventCenterDelegate: THREAD_RESUMED: thread (33, main, main)
18:56:27.842 INFO: JdwpEventCenterDelegate: THREAD_RESUMED: thread (33, main, main)
18:56:27.845 INFO: JdwpEventCenterDelegate: THREAD_RESUMED: thread (33, main, main)
18:56:27.847 INFO: JdwpEventCenterDelegate: THREAD_RESUMED: thread (33, main, main)
18:56:27.849 INFO: JdwpEventCenterDelegate: THREAD_RESUMED: thread (33, main, main)
18:56:27.851 INFO: JdwpEventCenterDelegate: THREAD_RESUMED: thread (33, main, main)
18:56:27.856 INFO: JdwpEventCenterDelegate: THREAD_RESUMED: thread (33, main, main)
18:56:27.875 INFO: JdwpEventCenterDelegate: THREAD_RESUMED: thread (33, main, main)
18:56:27.877 INFO: JdwpEventCenterDelegate: THREAD_RESUMED: thread (33, main, main)
18:56:27.879 INFO: JdwpEventCenterDelegate: THREAD_RESUMED: thread (33, main, main)
18:56:27.881 INFO: JdwpEventCenterDelegate: THREAD_RESUMED: thread (33, main, main)
18:56:27.883 INFO: JdwpEventCenterDelegate: THREAD_RESUMED: thread (33, main, main)
18:56:27.888 INFO: JdwpEventCenterDelegate: THREAD_RESUMED: thread (33, main, main)
18:56:27.903 INFO: JdwpEventCenterDelegate: THREAD_RESUMED: thread (33, main, main)
18:56:27.905 INFO: JdwpEventCenterDelegate: THREAD_RESUMED: thread (33, main, main)
18:56:27.907 INFO: JdwpEventCenterDelegate: THREAD_RESUMED: thread (33, main, main)
18:56:27.909 INFO: JdwpEventCenterDelegate: THREAD_RESUMED: thread (33, main, main)
18:56:27.912 INFO: JdwpEventCenterDelegate: THREAD_RESUMED: thread (33, main, main)
18:56:27.917 INFO: JdwpEventCenterDelegate: THREAD_RESUMED: thread (33, main, main)
18:56:27.936 INFO: JdwpEventCenterDelegate: THREAD_RESUMED: thread (33, main, main)
18:56:27.939 INFO: JdwpEventCenterDelegate: THREAD_RESUMED: thread (33, main, main)
18:56:27.941 INFO: JdwpEventCenterDelegate: THREAD_RESUMED: thread (33, main, main)
18:56:27.943 INFO: JdwpEventCenterDelegate: THREAD_RESUMED: thread (33, main, main)
18:56:27.945 INFO: JdwpEventCenterDelegate: THREAD_RESUMED: thread (33, main, main)
18:56:27.950 INFO: JdwpEventCenterDelegate: THREAD_RESUMED: thread (33, main, main)
18:56:27.972 INFO: JdwpEventCenterDelegate: THREAD_RESUMED: thread (33, main, main)
18:56:27.974 INFO: JdwpEventCenterDelegate: THREAD_RESUMED: thread (33, main, main)
18:56:27.976 INFO: JdwpEventCenterDelegate: THREAD_RESUMED: thread (33, main, main)
18:56:27.979 INFO: JdwpEventCenterDelegate: THREAD_RESUMED: thread (33, main, main)
18:56:27.981 INFO: JdwpEventCenterDelegate: THREAD_RESUMED: thread (33, main, main)
18:56:27.986 INFO: JdwpEventCenterDelegate: THREAD_RESUMED: thread (33, main, main)
18:56:28.005 INFO: JdwpEventCenterDelegate: THREAD_RESUMED: thread (33, main, main)
18:56:28.007 INFO: JdwpEventCenterDelegate: THREAD_RESUMED: thread (33, main, main)
18:56:28.010 INFO: JdwpEventCenterDelegate: THREAD_RESUMED: thread (33, main, main)
18:56:28.012 INFO: JdwpEventCenterDelegate: THREAD_RESUMED: thread (33, main, main)
18:56:28.014 INFO: JdwpEventCenterDelegate: THREAD_RESUMED: thread (33, main, main)
18:56:28.019 INFO: JdwpEventCenterDelegate: THREAD_RESUMED: thread (33, main, main)
18:56:28.033 INFO: JdwpEventCenterDelegate: THREAD_RESUMED: thread (33, main, main)
18:56:28.035 INFO: JdwpEventCenterDelegate: THREAD_RESUMED: thread (33, main, main)
18:56:28.037 INFO: JdwpEventCenterDelegate: THREAD_RESUMED: thread (33, main, main)
18:56:28.039 INFO: JdwpEventCenterDelegate: THREAD_RESUMED: thread (33, main, main)
18:56:28.041 INFO: JdwpEventCenterDelegate: THREAD_RESUMED: thread (33, main, main)
18:56:28.047 INFO: JdwpEventCenterDelegate: THREAD_RESUMED: thread (33, main, main)
18:56:28.049 INFO: JdwpEventCenterDelegate: THREAD_RESUMED: thread (33, main, main)
18:56:28.051 INFO: JdwpEventCenterDelegate: THREAD_RESUMED: thread (33, main, main)
18:56:28.053 INFO: JdwpEventCenterDelegate: THREAD_RESUMED: thread (33, main, main)
18:56:28.055 INFO: JdwpEventCenterDelegate: THREAD_RESUMED: thread (33, main, main)
18:56:28.057 INFO: JdwpEventCenterDelegate: THREAD_RESUMED: thread (33, main, main)
18:56:28.059 INFO: JdwpEventCenterDelegate: THREAD_RESUMED: thread (33, main, main)
18:56:28.063 INFO: JdwpEventCenterDelegate: THREAD_RESUMED: thread (33, main, main)
18:56:28.065 INFO: JdwpEventCenterDelegate: THREAD_RESUMED: thread (33, main, main)
18:56:28.067 INFO: JdwpEventCenterDelegate: THREAD_RESUMED: thread (33, main, main)
18:56:28.069 INFO: JdwpEventCenterDelegate: THREAD_RESUMED: thread (33, main, main)
18:56:28.080 INFO: JdwpEventCenterDelegate: THREAD_RESUMED: thread (33, main, main)
18:56:28.082 INFO: JdwpEventCenterDelegate: THREAD_RESUMED: thread (33, main, main)
18:56:28.085 INFO: JdwpEventCenterDelegate: THREAD_RESUMED: thread (33, main, main)
18:56:28.087 INFO: JdwpEventCenterDelegate: THREAD_RESUMED: thread (33, main, main)
18:56:28.088 INFO: JdwpEventCenterDelegate: THREAD_RESUMED: thread (33, main, main)
18:56:28.090 INFO: JdwpEventCenterDelegate: THREAD_RESUMED: thread (33, main, main)
18:56:28.092 INFO: JdwpEventCenterDelegate: THREAD_RESUMED: thread (33, main, main)
18:56:28.108 INFO: JdwpDebugServer: handling req: ReferenceType(2).MethodsWithGeneric(15)
18:56:28.108 INFO: JdwpDebugServer: handling req: ThreadReference(11).Resume(3)
18:56:28.110 INFO: JdwpEventCenterDelegate: THREAD_RESUMED: thread (33, main, main)
18:56:28.111 INFO: JdwpDebugServer: handling req: ReferenceType(2).MethodsWithGeneric(15)
18:56:28.111 INFO: JdwpDebugServer: handling req: ThreadReference(11).Resume(3)
18:56:28.112 INFO: JdwpEventCenterDelegate: THREAD_RESUMED: thread (33, main, main)
18:56:28.113 INFO: JdwpDebugServer: handling req: ReferenceType(2).MethodsWithGeneric(15)
18:56:28.113 INFO: JdwpDebugServer: handling req: ThreadReference(11).Resume(3)
18:56:28.114 INFO: JdwpEventCenterDelegate: THREAD_RESUMED: thread (33, main, main)
18:56:28.115 INFO: JdwpDebugServer: handling req: ReferenceType(2).MethodsWithGeneric(15)
18:56:28.115 INFO: JdwpDebugServer: handling req: ThreadReference(11).Resume(3)
18:56:28.116 INFO: JdwpEventCenterDelegate: THREAD_RESUMED: thread (33, main, main)
18:56:28.120 INFO: JdwpEventCenterDelegate: THREAD_RESUMED: thread (33, main, main)
18:56:28.122 INFO: JdwpEventCenterDelegate: THREAD_RESUMED: thread (33, main, main)
18:56:28.124 INFO: JdwpEventCenterDelegate: THREAD_RESUMED: thread (33, main, main)
18:56:28.127 INFO: JdwpEventCenterDelegate: THREAD_RESUMED: thread (33, main, main)
18:56:28.129 INFO: JdwpEventCenterDelegate: THREAD_RESUMED: thread (33, main, main)
18:56:28.135 INFO: JdwpEventCenterDelegate: THREAD_RESUMED: thread (33, main, main)
18:56:28.147 INFO: JdwpEventCenterDelegate: THREAD_RESUMED: thread (33, main, main)
18:56:28.161 INFO: JdwpEventCenterDelegate: THREAD_RESUMED: thread (33, main, main)
18:56:28.172 INFO: JdwpEventCenterDelegate: THREAD_RESUMED: thread (33, main, main)
18:56:28.185 INFO: JdwpEventCenterDelegate: THREAD_RESUMED: thread (33, main, main)
18:56:28.219 INFO: JdwpEventCenterDelegate: THREAD_RESUMED: thread (33, main, main)
18:56:28.221 INFO: JdwpEventCenterDelegate: THREAD_RESUMED: thread (33, main, main)
18:56:28.223 INFO: JdwpEventCenterDelegate: THREAD_RESUMED: thread (33, main, main)
18:56:28.226 INFO: JdwpEventCenterDelegate: THREAD_RESUMED: thread (33, main, main)
18:56:28.228 INFO: JdwpEventCenterDelegate: THREAD_RESUMED: thread (33, main, main)
18:56:28.233 INFO: JdwpEventCenterDelegate: THREAD_RESUMED: thread (33, main, main)
18:56:28.244 INFO: JdwpEventCenterDelegate: THREAD_RESUMED: thread (33, main, main)
18:56:28.247 INFO: JdwpEventCenterDelegate: THREAD_RESUMED: thread (33, main, main)
18:56:28.249 INFO: JdwpEventCenterDelegate: THREAD_RESUMED: thread (33, main, main)
18:56:28.251 INFO: JdwpEventCenterDelegate: THREAD_RESUMED: thread (33, main, main)
18:56:28.253 INFO: JdwpEventCenterDelegate: THREAD_RESUMED: thread (33, main, main)
18:56:28.258 INFO: JdwpEventCenterDelegate: THREAD_RESUMED: thread (33, main, main)
18:56:28.272 INFO: JdwpEventCenterDelegate: THREAD_RESUMED: thread (33, main, main)
18:56:28.274 INFO: JdwpEventCenterDelegate: THREAD_RESUMED: thread (33, main, main)
18:56:28.276 INFO: JdwpEventCenterDelegate: THREAD_RESUMED: thread (33, main, main)
18:56:28.278 INFO: JdwpEventCenterDelegate: THREAD_RESUMED: thread (33, main, main)
18:56:28.280 INFO: JdwpEventCenterDelegate: THREAD_RESUMED: thread (33, main, main)
18:56:28.285 INFO: JdwpEventCenterDelegate: THREAD_RESUMED: thread (33, main, main)
18:56:28.302 INFO: JdwpEventCenterDelegate: THREAD_RESUMED: thread (33, main, main)
18:56:28.305 INFO: JdwpEventCenterDelegate: THREAD_RESUMED: thread (33, main, main)
18:56:28.307 INFO: JdwpEventCenterDelegate: THREAD_RESUMED: thread (33, main, main)
18:56:28.309 INFO: JdwpEventCenterDelegate: THREAD_RESUMED: thread (33, main, main)
18:56:28.311 INFO: JdwpEventCenterDelegate: THREAD_RESUMED: thread (33, main, main)
18:56:28.315 INFO: JdwpEventCenterDelegate: THREAD_RESUMED: thread (33, main, main)
18:56:28.330 INFO: JdwpEventCenterDelegate: THREAD_RESUMED: thread (33, main, main)
18:56:28.333 INFO: JdwpEventCenterDelegate: THREAD_RESUMED: thread (33, main, main)
18:56:28.335 INFO: JdwpEventCenterDelegate: THREAD_RESUMED: thread (33, main, main)
18:56:28.337 INFO: JdwpEventCenterDelegate: THREAD_RESUMED: thread (33, main, main)
18:56:28.339 INFO: JdwpEventCenterDelegate: THREAD_RESUMED: thread (33, main, main)
18:56:28.343 INFO: JdwpEventCenterDelegate: THREAD_RESUMED: thread (33, main, main)
18:56:28.358 INFO: JdwpEventCenterDelegate: THREAD_RESUMED: thread (33, main, main)
18:56:28.361 INFO: JdwpEventCenterDelegate: THREAD_RESUMED: thread (33, main, main)
18:56:28.363 INFO: JdwpEventCenterDelegate: THREAD_RESUMED: thread (33, main, main)
18:56:28.365 INFO: JdwpEventCenterDelegate: THREAD_RESUMED: thread (33, main, main)
18:56:28.367 INFO: JdwpEventCenterDelegate: THREAD_RESUMED: thread (33, main, main)
18:56:28.372 INFO: JdwpEventCenterDelegate: THREAD_RESUMED: thread (33, main, main)
18:56:28.394 INFO: JdwpEventCenterDelegate: THREAD_RESUMED: thread (33, main, main)
18:56:28.396 INFO: JdwpEventCenterDelegate: THREAD_RESUMED: thread (33, main, main)
18:56:28.398 INFO: JdwpEventCenterDelegate: THREAD_RESUMED: thread (33, main, main)
18:56:28.400 INFO: JdwpEventCenterDelegate: THREAD_RESUMED: thread (33, main, main)
18:56:28.403 INFO: JdwpEventCenterDelegate: THREAD_RESUMED: thread (33, main, main)
18:56:28.408 INFO: JdwpEventCenterDelegate: THREAD_RESUMED: thread (33, main, main)
18:56:28.425 INFO: JdwpEventCenterDelegate: THREAD_RESUMED: thread (33, main, main)
18:56:28.428 INFO: JdwpEventCenterDelegate: THREAD_RESUMED: thread (33, main, main)
18:56:28.430 INFO: JdwpEventCenterDelegate: THREAD_RESUMED: thread (33, main, main)
18:56:28.432 INFO: JdwpEventCenterDelegate: THREAD_RESUMED: thread (33, main, main)
18:56:28.435 INFO: JdwpEventCenterDelegate: THREAD_RESUMED: thread (33, main, main)
18:56:28.439 INFO: JdwpEventCenterDelegate: THREAD_RESUMED: thread (33, main, main)
18:56:28.457 INFO: JdwpEventCenterDelegate: THREAD_RESUMED: thread (33, main, main)
18:56:28.459 INFO: JdwpEventCenterDelegate: THREAD_RESUMED: thread (33, main, main)
18:56:28.461 INFO: JdwpEventCenterDelegate: THREAD_RESUMED: thread (33, main, main)
18:56:28.464 INFO: JdwpEventCenterDelegate: THREAD_RESUMED: thread (33, main, main)
18:56:28.466 INFO: JdwpEventCenterDelegate: THREAD_RESUMED: thread (33, main, main)
18:56:28.471 INFO: JdwpEventCenterDelegate: THREAD_RESUMED: thread (33, main, main)
18:56:28.486 INFO: JdwpEventCenterDelegate: THREAD_RESUMED: thread (33, main, main)
18:56:28.488 INFO: JdwpEventCenterDelegate: THREAD_RESUMED: thread (33, main, main)
18:56:28.490 INFO: JdwpEventCenterDelegate: THREAD_RESUMED: thread (33, main, main)
18:56:28.493 INFO: JdwpEventCenterDelegate: THREAD_RESUMED: thread (33, main, main)
18:56:28.495 INFO: JdwpEventCenterDelegate: THREAD_RESUMED: thread (33, main, main)
18:56:28.500 INFO: JdwpEventCenterDelegate: THREAD_RESUMED: thread (33, main, main)
18:56:28.514 INFO: JdwpEventCenterDelegate: THREAD_RESUMED: thread (33, main, main)
18:56:28.516 INFO: JdwpEventCenterDelegate: THREAD_RESUMED: thread (33, main, main)
18:56:28.519 INFO: JdwpEventCenterDelegate: THREAD_RESUMED: thread (33, main, main)
18:56:28.521 INFO: JdwpEventCenterDelegate: THREAD_RESUMED: thread (33, main, main)
18:56:28.523 INFO: JdwpEventCenterDelegate: THREAD_RESUMED: thread (33, main, main)
18:56:28.528 INFO: JdwpEventCenterDelegate: THREAD_RESUMED: thread (33, main, main)
18:56:28.546 INFO: JdwpEventCenterDelegate: THREAD_RESUMED: thread (33, main, main)
18:56:28.549 INFO: JdwpEventCenterDelegate: THREAD_RESUMED: thread (33, main, main)
18:56:28.551 INFO: JdwpEventCenterDelegate: THREAD_RESUMED: thread (33, main, main)
18:56:28.553 INFO: JdwpEventCenterDelegate: THREAD_RESUMED: thread (33, main, main)
18:56:28.555 INFO: JdwpEventCenterDelegate: THREAD_RESUMED: thread (33, main, main)
18:56:28.560 INFO: JdwpEventCenterDelegate: THREAD_RESUMED: thread (33, main, main)
18:56:28.585 INFO: JdwpEventCenterDelegate: THREAD_RESUMED: thread (33, main, main)
18:56:28.587 INFO: JdwpEventCenterDelegate: THREAD_RESUMED: thread (33, main, main)
18:56:28.589 INFO: JdwpEventCenterDelegate: THREAD_RESUMED: thread (33, main, main)
18:56:28.592 INFO: JdwpEventCenterDelegate: THREAD_RESUMED: thread (33, main, main)
18:56:28.594 INFO: JdwpEventCenterDelegate: THREAD_RESUMED: thread (33, main, main)
18:56:28.599 INFO: JdwpEventCenterDelegate: THREAD_RESUMED: thread (33, main, main)
18:56:28.617 INFO: JdwpEventCenterDelegate: THREAD_RESUMED: thread (33, main, main)
18:56:28.619 INFO: JdwpEventCenterDelegate: THREAD_RESUMED: thread (33, main, main)
18:56:28.621 INFO: JdwpEventCenterDelegate: THREAD_RESUMED: thread (33, main, main)
18:56:28.623 INFO: JdwpEventCenterDelegate: THREAD_RESUMED: thread (33, main, main)
18:56:28.625 INFO: JdwpEventCenterDelegate: THREAD_RESUMED: thread (33, main, main)
18:56:28.630 INFO: JdwpEventCenterDelegate: THREAD_RESUMED: thread (33, main, main)
18:56:28.642 INFO: JdwpEventCenterDelegate: THREAD_RESUMED: thread (33, main, main)
18:56:28.645 INFO: JdwpEventCenterDelegate: THREAD_RESUMED: thread (33, main, main)
18:56:28.647 INFO: JdwpEventCenterDelegate: THREAD_RESUMED: thread (33, main, main)
18:56:28.649 INFO: JdwpEventCenterDelegate: THREAD_RESUMED: thread (33, main, main)
18:56:28.651 INFO: JdwpEventCenterDelegate: THREAD_RESUMED: thread (33, main, main)
18:56:29.675 INFO: JdwpEventCenterDelegate: THREAD_STARTED: thread (108, Timer, main)
18:56:30.549 INFO: JdwpEventCenterDelegate: THREAD_RESUMED: thread (33, main, main)
18:56:30.579 INFO: JdwpEventCenterDelegate: THREAD_RESUMED: thread (33, main, main)
18:56:30.601 INFO: JdwpEventCenterDelegate: THREAD_RESUMED: thread (33, main, main)
18:56:30.619 INFO: JdwpEventCenterDelegate: THREAD_RESUMED: thread (33, main, main)
18:56:30.659 INFO: JdwpEventCenterDelegate: THREAD_RESUMED: thread (33, main, main)
18:56:30.693 INFO: JdwpEventCenterDelegate: THREAD_RESUMED: thread (33, main, main)
18:56:30.710 INFO: JdwpEventCenterDelegate: THREAD_RESUMED: thread (33, main, main)
18:56:30.725 INFO: JdwpEventCenterDelegate: THREAD_RESUMED: thread (33, main, main)
18:56:30.732 INFO: JdwpEventCenterDelegate: THREAD_RESUMED: thread (33, main, main)
18:56:30.746 INFO: JdwpEventCenterDelegate: THREAD_RESUMED: thread (33, main, main)
18:56:30.777 INFO: JdwpEventCenterDelegate: THREAD_RESUMED: thread (33, main, main)
18:56:30.789 INFO: JdwpEventCenterDelegate: THREAD_RESUMED: thread (33, main, main)
18:56:30.802 INFO: JdwpEventCenterDelegate: THREAD_RESUMED: thread (33, main, main)
18:56:30.814 INFO: JdwpEventCenterDelegate: THREAD_RESUMED: thread (33, main, main)
18:56:30.849 INFO: JdwpEventCenterDelegate: THREAD_RESUMED: thread (33, main, main)
18:56:30.882 INFO: JdwpEventCenterDelegate: THREAD_RESUMED: thread (33, main, main)
18:56:30.897 INFO: JdwpEventCenterDelegate: THREAD_RESUMED: thread (33, main, main)
18:56:30.911 INFO: JdwpEventCenterDelegate: THREAD_RESUMED: thread (33, main, main)
18:56:30.917 INFO: JdwpEventCenterDelegate: THREAD_RESUMED: thread (33, main, main)
18:56:30.930 INFO: JdwpEventCenterDelegate: THREAD_RESUMED: thread (33, main, main)
18:56:31.840 INFO: JdwpDebugServer: handling req: ReferenceType(2).MethodsWithGeneric(15)
18:56:31.840 INFO: JdwpDebugServer: handling req: ThreadReference(11).Resume(3)
18:56:31.842 INFO: JdwpEventCenterDelegate: THREAD_RESUMED: thread (33, main, main)
18:56:31.869 INFO: JdwpDebugServer: handling req: ReferenceType(2).MethodsWithGeneric(15)
18:56:31.869 INFO: JdwpDebugServer: handling req: ThreadReference(11).Resume(3)
18:56:31.871 INFO: JdwpEventCenterDelegate: THREAD_RESUMED: thread (33, main, main)
18:56:31.874 INFO: JdwpDebugServer: handling req: ReferenceType(2).MethodsWithGeneric(15)
18:56:31.874 INFO: JdwpDebugServer: handling req: ThreadReference(11).Resume(3)
18:56:31.875 INFO: JdwpEventCenterDelegate: THREAD_RESUMED: thread (33, main, main)
18:56:31.876 INFO: JdwpDebugServer: handling req: ReferenceType(2).MethodsWithGeneric(15)
18:56:31.877 INFO: JdwpDebugServer: handling req: ThreadReference(11).Resume(3)
18:56:31.878 INFO: JdwpEventCenterDelegate: THREAD_RESUMED: thread (33, main, main)
18:56:32.510 INFO: JdwpDebugServer: handling req: ReferenceType(2).MethodsWithGeneric(15)
18:56:32.511 INFO: JdwpDebugServer: handling req: ThreadReference(11).Resume(3)
18:56:32.512 INFO: JdwpEventCenterDelegate: THREAD_RESUMED: thread (33, main, main)
18:56:32.981 INFO: JdwpDebugServer: handling req: ReferenceType(2).MethodsWithGeneric(15)
18:56:32.982 INFO: JdwpDebugServer: handling req: ThreadReference(11).Resume(3)
18:56:32.983 INFO: JdwpEventCenterDelegate: THREAD_RESUMED: thread (33, main, main)
18:56:32.987 INFO: JdwpDebugServer: handling req: ReferenceType(2).MethodsWithGeneric(15)
18:56:32.987 INFO: JdwpDebugServer: handling req: ThreadReference(11).Resume(3)
18:56:32.988 INFO: JdwpEventCenterDelegate: THREAD_RESUMED: thread (33, main, main)
18:56:33.018 INFO: JdwpEventCenterDelegate: THREAD_STARTED: thread (123, Thread-7, main)
18:56:42.521 INFO: JdwpDebugServer: handling req: ReferenceType(2).MethodsWithGeneric(15)
18:56:42.521 INFO: JdwpDebugServer: handling req: ThreadReference(11).Resume(3)
18:56:42.523 INFO: JdwpEventCenterDelegate: THREAD_RESUMED: thread (33, main, main)
18:56:43.232 INFO: JdwpDebugServer: handling req: ReferenceType(2).MethodsWithGeneric(15)
18:56:43.233 INFO: JdwpDebugServer: handling req: ThreadReference(11).Resume(3)
18:56:43.234 INFO: JdwpEventCenterDelegate: THREAD_RESUMED: thread (33, main, main)
18:56:43.253 INFO: JdwpEventCenterDelegate: THREAD_STARTED: thread (138, Thread-8, main)
18:56:43.927 INFO: JdwpEventCenterDelegate: THREAD_RESUMED: thread (33, main, main)
18:56:43.931 INFO: JdwpEventCenterDelegate: THREAD_RESUMED: thread (33, main, main)
18:56:43.933 INFO: JdwpEventCenterDelegate: THREAD_RESUMED: thread (33, main, main)
18:56:43.933 INFO: JdwpEventCenterDelegate: THREAD_DETTACHED: thread (33, main, main)
18:56:43.941 SEVERE: Debugger: Thread HooksChannel socket thread crashed
org.robovm.debugger.DebuggerException: java.io.IOException: org.robovm.libimobiledevice.LibIMobileDeviceException: IDEVICE_E_UNKNOWN_ERROR
	at org.robovm.debugger.hooks.HooksChannel.doSocketWork(HooksChannel.java:149)
	at java.base/java.lang.Thread.run(Thread.java:834)
	at org.robovm.debugger.utils.DebuggerThread.run(DebuggerThread.java:42)
Caused by: java.io.IOException: org.robovm.libimobiledevice.LibIMobileDeviceException: IDEVICE_E_UNKNOWN_ERROR
	at org.robovm.libimobiledevice.IDeviceConnection$DeviceInputStream.read(IDeviceConnection.java:203)
	at org.robovm.debugger.utils.bytebuffer.DataBufferWriter.writeFromStream(DataBufferWriter.java:89)
	at org.robovm.debugger.hooks.HooksChannel.doSocketWork(HooksChannel.java:116)
	... 2 more
Caused by: org.robovm.libimobiledevice.LibIMobileDeviceException: IDEVICE_E_UNKNOWN_ERROR
	at org.robovm.libimobiledevice.IDevice.checkResult(IDevice.java:206)
	at org.robovm.libimobiledevice.IDeviceConnection.receive(IDeviceConnection.java:110)
	at org.robovm.libimobiledevice.IDeviceConnection.receive(IDeviceConnection.java:81)
	at org.robovm.libimobiledevice.IDeviceConnection$DeviceInputStream.read(IDeviceConnection.java:201)
	... 4 more
18:56:43.952 INFO: JdwpDebugServer: handling req: VirtualMachine(1).Exit(10)
18:56:43.952 SEVERE: Debugger: Thread JDWP server socket thread crashed
org.robovm.debugger.DebuggerException: Terminating due exit command
	at org.robovm.debugger.jdwp.JdwpDebugServer.doSocketWork(JdwpDebugServer.java:211)
	at java.base/java.lang.Thread.run(Thread.java:834)
	at org.robovm.debugger.utils.DebuggerThread.run(DebuggerThread.java:42)
