18:01:58.832 INFO: JdwpDebugServer: handling req: VirtualMachine(1).IDSizes(7)
18:01:58.846 INFO: JdwpDebugServer: handling req: EventRequest(15).Set(1)
18:01:58.846 INFO: JdwpEventCenterDelegate: jdwpSetEventRequest: JdwpEventRequest{requestId=100, eventKind=CLASS_PREPARE, suspendPolicy=NONE, predicates=[]}
18:01:58.846 INFO: JdwpDebugServer: handling req: EventRequest(15).Set(1)
18:01:58.846 INFO: JdwpEventCenterDelegate: jdwpSetEventRequest: JdwpEventRequest{requestId=101, eventKind=CLASS_UNLOAD, suspendPolicy=NONE, predicates=[]}
18:01:58.867 INFO: JdwpDebugServer: handling req: VirtualMachine(1).Version(1)
18:01:58.868 INFO: JdwpDebugServer: handling req: VirtualMachine(1).capabilitiesNew(17)
18:01:58.868 INFO: JdwpDebugServer: handling req: VirtualMachine(1).capabilities(12)
18:01:58.868 INFO: JdwpDebugServer: handling req: VirtualMachine(1).AllClassesWithGeneric(20)
18:01:58.872 INFO: JdwpDebugServer: handling req: VirtualMachine(1).TopLevelThreadGroups(5)
18:01:58.872 INFO: JdwpDebugServer: handling req: EventRequest(15).Set(1)
18:01:58.872 INFO: JdwpEventCenterDelegate: jdwpSetEventRequest: JdwpEventRequest{requestId=102, eventKind=THREAD_START, suspendPolicy=NONE, predicates=[]}
18:01:58.873 INFO: JdwpDebugServer: handling req: EventRequest(15).Set(1)
18:01:58.873 INFO: JdwpEventCenterDelegate: jdwpSetEventRequest: JdwpEventRequest{requestId=103, eventKind=THREAD_DEATH, suspendPolicy=NONE, predicates=[]}
18:01:58.873 INFO: JdwpDebugServer: handling req: EventRequest(15).Set(1)
18:01:58.873 INFO: JdwpEventCenterDelegate: jdwpSetEventRequest: JdwpEventRequest{requestId=104, eventKind=CLASS_PREPARE, suspendPolicy=EVENT_THREAD, predicates=[className=sun.instrument.InstrumentationImpl]}
18:01:58.873 INFO: JdwpDebugServer: handling req: EventRequest(15).Set(1)
18:01:58.873 INFO: JdwpEventCenterDelegate: jdwpSetEventRequest: JdwpEventRequest{requestId=105, eventKind=CLASS_PREPARE, suspendPolicy=EVENT_THREAD, predicates=[className=sun.instrument.InstrumentationImpl]}
18:01:59.242 INFO: JdwpDebugServer: handling req: VirtualMachine(1).Resume(9)
18:01:59.280 INFO: JdwpEventCenterDelegate: THREAD_STARTED: thread (33, main, main)
18:01:59.294 INFO: JdwpEventCenterDelegate: THREAD_STARTED: thread (48, ReferenceQueueDaemon, main)
18:01:59.300 INFO: JdwpEventCenterDelegate: THREAD_STARTED: thread (63, FinalizerDaemon, main)
18:01:59.306 INFO: JdwpEventCenterDelegate: THREAD_STARTED: thread (78, FinalizerWatchdogDaemon, main)
18:01:59.308 INFO: JdwpEventCenterDelegate: THREAD_RESUMED: thread (33, main, main)
18:01:59.309 INFO: JdwpEventCenterDelegate: THREAD_RESUMED: thread (33, main, main)
18:01:59.310 INFO: JdwpEventCenterDelegate: THREAD_RESUMED: thread (33, main, main)
18:01:59.311 INFO: JdwpEventCenterDelegate: THREAD_RESUMED: thread (33, main, main)
18:01:59.313 INFO: JdwpEventCenterDelegate: THREAD_RESUMED: thread (33, main, main)
18:01:59.314 INFO: JdwpEventCenterDelegate: THREAD_RESUMED: thread (33, main, main)
18:01:59.315 INFO: JdwpEventCenterDelegate: THREAD_RESUMED: thread (33, main, main)
18:01:59.316 INFO: JdwpEventCenterDelegate: THREAD_RESUMED: thread (33, main, main)
18:01:59.317 INFO: JdwpEventCenterDelegate: THREAD_RESUMED: thread (33, main, main)
18:01:59.318 INFO: JdwpEventCenterDelegate: THREAD_RESUMED: thread (33, main, main)
18:01:59.320 INFO: JdwpEventCenterDelegate: THREAD_RESUMED: thread (33, main, main)
18:01:59.321 INFO: JdwpEventCenterDelegate: THREAD_RESUMED: thread (33, main, main)
18:01:59.322 INFO: JdwpEventCenterDelegate: THREAD_RESUMED: thread (33, main, main)
18:01:59.322 INFO: JdwpEventCenterDelegate: THREAD_RESUMED: thread (33, main, main)
18:01:59.324 INFO: JdwpEventCenterDelegate: THREAD_RESUMED: thread (33, main, main)
18:01:59.324 INFO: JdwpEventCenterDelegate: THREAD_RESUMED: thread (33, main, main)
18:01:59.325 INFO: JdwpEventCenterDelegate: THREAD_RESUMED: thread (33, main, main)
18:01:59.326 INFO: JdwpEventCenterDelegate: THREAD_RESUMED: thread (33, main, main)
18:01:59.329 INFO: JdwpEventCenterDelegate: THREAD_RESUMED: thread (33, main, main)
18:01:59.330 INFO: JdwpEventCenterDelegate: THREAD_RESUMED: thread (33, main, main)
18:01:59.331 INFO: JdwpEventCenterDelegate: THREAD_RESUMED: thread (33, main, main)
18:01:59.332 INFO: JdwpEventCenterDelegate: THREAD_RESUMED: thread (33, main, main)
18:01:59.333 INFO: JdwpEventCenterDelegate: THREAD_RESUMED: thread (33, main, main)
18:01:59.334 INFO: JdwpEventCenterDelegate: THREAD_RESUMED: thread (33, main, main)
18:01:59.335 INFO: JdwpEventCenterDelegate: THREAD_RESUMED: thread (33, main, main)
18:01:59.465 INFO: JdwpEventCenterDelegate: THREAD_RESUMED: thread (33, main, main)
18:01:59.467 INFO: JdwpEventCenterDelegate: THREAD_RESUMED: thread (33, main, main)
18:01:59.469 INFO: JdwpEventCenterDelegate: THREAD_RESUMED: thread (33, main, main)
18:01:59.470 INFO: JdwpEventCenterDelegate: THREAD_RESUMED: thread (33, main, main)
18:01:59.472 INFO: JdwpEventCenterDelegate: THREAD_RESUMED: thread (33, main, main)
18:01:59.473 INFO: JdwpEventCenterDelegate: THREAD_RESUMED: thread (33, main, main)
18:01:59.474 INFO: JdwpEventCenterDelegate: THREAD_RESUMED: thread (33, main, main)
18:01:59.478 INFO: JdwpEventCenterDelegate: THREAD_RESUMED: thread (33, main, main)
18:01:59.479 INFO: JdwpEventCenterDelegate: THREAD_RESUMED: thread (33, main, main)
18:01:59.481 INFO: JdwpEventCenterDelegate: THREAD_RESUMED: thread (33, main, main)
18:01:59.482 INFO: JdwpEventCenterDelegate: THREAD_RESUMED: thread (33, main, main)
18:01:59.484 INFO: JdwpEventCenterDelegate: THREAD_RESUMED: thread (33, main, main)
18:01:59.485 INFO: JdwpEventCenterDelegate: THREAD_RESUMED: thread (33, main, main)
18:01:59.486 INFO: JdwpEventCenterDelegate: THREAD_RESUMED: thread (33, main, main)
18:01:59.507 INFO: JdwpEventCenterDelegate: THREAD_RESUMED: thread (33, main, main)
18:01:59.509 INFO: JdwpEventCenterDelegate: THREAD_RESUMED: thread (33, main, main)
18:01:59.510 INFO: JdwpEventCenterDelegate: THREAD_RESUMED: thread (33, main, main)
18:01:59.512 INFO: JdwpEventCenterDelegate: THREAD_RESUMED: thread (33, main, main)
18:01:59.513 INFO: JdwpEventCenterDelegate: THREAD_RESUMED: thread (33, main, main)
18:01:59.514 INFO: JdwpEventCenterDelegate: THREAD_RESUMED: thread (33, main, main)
18:01:59.516 INFO: JdwpEventCenterDelegate: THREAD_RESUMED: thread (33, main, main)
18:01:59.560 INFO: JdwpEventCenterDelegate: THREAD_RESUMED: thread (33, main, main)
18:01:59.561 INFO: JdwpEventCenterDelegate: THREAD_RESUMED: thread (33, main, main)
18:01:59.562 INFO: JdwpEventCenterDelegate: THREAD_RESUMED: thread (33, main, main)
18:01:59.564 INFO: JdwpEventCenterDelegate: THREAD_RESUMED: thread (33, main, main)
18:01:59.565 INFO: JdwpEventCenterDelegate: THREAD_RESUMED: thread (33, main, main)
18:01:59.566 INFO: JdwpEventCenterDelegate: THREAD_RESUMED: thread (33, main, main)
18:01:59.568 INFO: JdwpEventCenterDelegate: THREAD_RESUMED: thread (33, main, main)
18:01:59.580 INFO: JdwpEventCenterDelegate: THREAD_RESUMED: thread (33, main, main)
18:01:59.581 INFO: JdwpEventCenterDelegate: THREAD_RESUMED: thread (33, main, main)
18:01:59.583 INFO: JdwpEventCenterDelegate: THREAD_RESUMED: thread (33, main, main)
18:01:59.584 INFO: JdwpEventCenterDelegate: THREAD_RESUMED: thread (33, main, main)
18:01:59.586 INFO: JdwpEventCenterDelegate: THREAD_RESUMED: thread (33, main, main)
18:01:59.587 INFO: JdwpEventCenterDelegate: THREAD_RESUMED: thread (33, main, main)
18:01:59.588 INFO: JdwpEventCenterDelegate: THREAD_RESUMED: thread (33, main, main)
18:01:59.598 INFO: JdwpEventCenterDelegate: THREAD_RESUMED: thread (33, main, main)
18:01:59.599 INFO: JdwpEventCenterDelegate: THREAD_RESUMED: thread (33, main, main)
18:01:59.600 INFO: JdwpEventCenterDelegate: THREAD_RESUMED: thread (33, main, main)
18:01:59.602 INFO: JdwpEventCenterDelegate: THREAD_RESUMED: thread (33, main, main)
18:01:59.603 INFO: JdwpEventCenterDelegate: THREAD_RESUMED: thread (33, main, main)
18:01:59.605 INFO: JdwpEventCenterDelegate: THREAD_RESUMED: thread (33, main, main)
18:01:59.606 INFO: JdwpEventCenterDelegate: THREAD_RESUMED: thread (33, main, main)
18:01:59.608 INFO: JdwpEventCenterDelegate: THREAD_RESUMED: thread (33, main, main)
18:01:59.609 INFO: JdwpEventCenterDelegate: THREAD_RESUMED: thread (33, main, main)
18:01:59.611 INFO: JdwpEventCenterDelegate: THREAD_RESUMED: thread (33, main, main)
18:01:59.612 INFO: JdwpEventCenterDelegate: THREAD_RESUMED: thread (33, main, main)
18:01:59.613 INFO: JdwpEventCenterDelegate: THREAD_RESUMED: thread (33, main, main)
18:01:59.615 INFO: JdwpEventCenterDelegate: THREAD_RESUMED: thread (33, main, main)
18:01:59.616 INFO: JdwpEventCenterDelegate: THREAD_RESUMED: thread (33, main, main)
18:01:59.617 INFO: JdwpEventCenterDelegate: THREAD_RESUMED: thread (33, main, main)
18:01:59.618 INFO: JdwpEventCenterDelegate: THREAD_RESUMED: thread (33, main, main)
18:01:59.620 INFO: JdwpEventCenterDelegate: THREAD_RESUMED: thread (33, main, main)
18:01:59.621 INFO: JdwpEventCenterDelegate: THREAD_RESUMED: thread (33, main, main)
18:01:59.625 INFO: JdwpEventCenterDelegate: THREAD_RESUMED: thread (33, main, main)
18:01:59.626 INFO: JdwpEventCenterDelegate: THREAD_RESUMED: thread (33, main, main)
18:01:59.760 INFO: JdwpEventCenterDelegate: THREAD_STARTED: thread (93, AssetManager, main)
18:01:59.864 INFO: JdwpEventCenterDelegate: THREAD_RESUMED: thread (33, main, main)
18:01:59.866 INFO: JdwpEventCenterDelegate: THREAD_RESUMED: thread (33, main, main)
18:02:02.438 INFO: JdwpEventCenterDelegate: THREAD_RESUMED: thread (33, main, main)
18:02:02.534 INFO: JdwpEventCenterDelegate: THREAD_RESUMED: thread (33, main, main)
18:02:02.536 INFO: JdwpEventCenterDelegate: THREAD_RESUMED: thread (33, main, main)
18:02:02.538 INFO: JdwpEventCenterDelegate: THREAD_RESUMED: thread (33, main, main)
18:02:02.539 INFO: JdwpEventCenterDelegate: THREAD_RESUMED: thread (33, main, main)
18:02:02.541 INFO: JdwpEventCenterDelegate: THREAD_RESUMED: thread (33, main, main)
18:02:02.547 INFO: JdwpEventCenterDelegate: THREAD_RESUMED: thread (33, main, main)
18:02:02.559 INFO: JdwpEventCenterDelegate: THREAD_RESUMED: thread (33, main, main)
18:02:02.561 INFO: JdwpEventCenterDelegate: THREAD_RESUMED: thread (33, main, main)
18:02:02.563 INFO: JdwpEventCenterDelegate: THREAD_RESUMED: thread (33, main, main)
18:02:02.565 INFO: JdwpEventCenterDelegate: THREAD_RESUMED: thread (33, main, main)
18:02:02.566 INFO: JdwpEventCenterDelegate: THREAD_RESUMED: thread (33, main, main)
18:02:02.571 INFO: JdwpEventCenterDelegate: THREAD_RESUMED: thread (33, main, main)
18:02:02.585 INFO: JdwpEventCenterDelegate: THREAD_RESUMED: thread (33, main, main)
18:02:02.588 INFO: JdwpEventCenterDelegate: THREAD_RESUMED: thread (33, main, main)
18:02:02.589 INFO: JdwpEventCenterDelegate: THREAD_RESUMED: thread (33, main, main)
18:02:02.591 INFO: JdwpEventCenterDelegate: THREAD_RESUMED: thread (33, main, main)
18:02:02.593 INFO: JdwpEventCenterDelegate: THREAD_RESUMED: thread (33, main, main)
18:02:02.598 INFO: JdwpEventCenterDelegate: THREAD_RESUMED: thread (33, main, main)
18:02:02.617 INFO: JdwpEventCenterDelegate: THREAD_RESUMED: thread (33, main, main)
18:02:02.619 INFO: JdwpEventCenterDelegate: THREAD_RESUMED: thread (33, main, main)
18:02:02.621 INFO: JdwpEventCenterDelegate: THREAD_RESUMED: thread (33, main, main)
18:02:02.623 INFO: JdwpEventCenterDelegate: THREAD_RESUMED: thread (33, main, main)
18:02:02.625 INFO: JdwpEventCenterDelegate: THREAD_RESUMED: thread (33, main, main)
18:02:02.630 INFO: JdwpEventCenterDelegate: THREAD_RESUMED: thread (33, main, main)
18:02:02.646 INFO: JdwpEventCenterDelegate: THREAD_RESUMED: thread (33, main, main)
18:02:02.648 INFO: JdwpEventCenterDelegate: THREAD_RESUMED: thread (33, main, main)
18:02:02.650 INFO: JdwpEventCenterDelegate: THREAD_RESUMED: thread (33, main, main)
18:02:02.653 INFO: JdwpEventCenterDelegate: THREAD_RESUMED: thread (33, main, main)
18:02:02.655 INFO: JdwpEventCenterDelegate: THREAD_RESUMED: thread (33, main, main)
18:02:02.660 INFO: JdwpEventCenterDelegate: THREAD_RESUMED: thread (33, main, main)
18:02:02.675 INFO: JdwpEventCenterDelegate: THREAD_RESUMED: thread (33, main, main)
18:02:02.678 INFO: JdwpEventCenterDelegate: THREAD_RESUMED: thread (33, main, main)
18:02:02.680 INFO: JdwpEventCenterDelegate: THREAD_RESUMED: thread (33, main, main)
18:02:02.682 INFO: JdwpEventCenterDelegate: THREAD_RESUMED: thread (33, main, main)
18:02:02.684 INFO: JdwpEventCenterDelegate: THREAD_RESUMED: thread (33, main, main)
18:02:02.689 INFO: JdwpEventCenterDelegate: THREAD_RESUMED: thread (33, main, main)
18:02:02.711 INFO: JdwpEventCenterDelegate: THREAD_RESUMED: thread (33, main, main)
18:02:02.713 INFO: JdwpEventCenterDelegate: THREAD_RESUMED: thread (33, main, main)
18:02:02.716 INFO: JdwpEventCenterDelegate: THREAD_RESUMED: thread (33, main, main)
18:02:02.718 INFO: JdwpEventCenterDelegate: THREAD_RESUMED: thread (33, main, main)
18:02:02.720 INFO: JdwpEventCenterDelegate: THREAD_RESUMED: thread (33, main, main)
18:02:02.725 INFO: JdwpEventCenterDelegate: THREAD_RESUMED: thread (33, main, main)
18:02:02.744 INFO: JdwpEventCenterDelegate: THREAD_RESUMED: thread (33, main, main)
18:02:02.746 INFO: JdwpEventCenterDelegate: THREAD_RESUMED: thread (33, main, main)
18:02:02.749 INFO: JdwpEventCenterDelegate: THREAD_RESUMED: thread (33, main, main)
18:02:02.751 INFO: JdwpEventCenterDelegate: THREAD_RESUMED: thread (33, main, main)
18:02:02.753 INFO: JdwpEventCenterDelegate: THREAD_RESUMED: thread (33, main, main)
18:02:02.758 INFO: JdwpEventCenterDelegate: THREAD_RESUMED: thread (33, main, main)
18:02:02.776 INFO: JdwpEventCenterDelegate: THREAD_RESUMED: thread (33, main, main)
18:02:02.779 INFO: JdwpEventCenterDelegate: THREAD_RESUMED: thread (33, main, main)
18:02:02.781 INFO: JdwpEventCenterDelegate: THREAD_RESUMED: thread (33, main, main)
18:02:02.783 INFO: JdwpEventCenterDelegate: THREAD_RESUMED: thread (33, main, main)
18:02:02.786 INFO: JdwpEventCenterDelegate: THREAD_RESUMED: thread (33, main, main)
18:02:02.791 INFO: JdwpEventCenterDelegate: THREAD_RESUMED: thread (33, main, main)
18:02:02.806 INFO: JdwpEventCenterDelegate: THREAD_RESUMED: thread (33, main, main)
18:02:02.808 INFO: JdwpEventCenterDelegate: THREAD_RESUMED: thread (33, main, main)
18:02:02.810 INFO: JdwpEventCenterDelegate: THREAD_RESUMED: thread (33, main, main)
18:02:02.813 INFO: JdwpEventCenterDelegate: THREAD_RESUMED: thread (33, main, main)
18:02:02.815 INFO: JdwpEventCenterDelegate: THREAD_RESUMED: thread (33, main, main)
18:02:02.820 INFO: JdwpEventCenterDelegate: THREAD_RESUMED: thread (33, main, main)
18:02:02.835 INFO: JdwpEventCenterDelegate: THREAD_RESUMED: thread (33, main, main)
18:02:02.837 INFO: JdwpEventCenterDelegate: THREAD_RESUMED: thread (33, main, main)
18:02:02.839 INFO: JdwpEventCenterDelegate: THREAD_RESUMED: thread (33, main, main)
18:02:02.841 INFO: JdwpEventCenterDelegate: THREAD_RESUMED: thread (33, main, main)
18:02:02.843 INFO: JdwpEventCenterDelegate: THREAD_RESUMED: thread (33, main, main)
18:02:02.848 INFO: JdwpEventCenterDelegate: THREAD_RESUMED: thread (33, main, main)
18:02:02.867 INFO: JdwpEventCenterDelegate: THREAD_RESUMED: thread (33, main, main)
18:02:02.869 INFO: JdwpEventCenterDelegate: THREAD_RESUMED: thread (33, main, main)
18:02:02.872 INFO: JdwpEventCenterDelegate: THREAD_RESUMED: thread (33, main, main)
18:02:02.874 INFO: JdwpEventCenterDelegate: THREAD_RESUMED: thread (33, main, main)
18:02:02.876 INFO: JdwpEventCenterDelegate: THREAD_RESUMED: thread (33, main, main)
18:02:02.880 INFO: JdwpEventCenterDelegate: THREAD_RESUMED: thread (33, main, main)
18:02:02.902 INFO: JdwpEventCenterDelegate: THREAD_RESUMED: thread (33, main, main)
18:02:02.905 INFO: JdwpEventCenterDelegate: THREAD_RESUMED: thread (33, main, main)
18:02:02.907 INFO: JdwpEventCenterDelegate: THREAD_RESUMED: thread (33, main, main)
18:02:02.909 INFO: JdwpEventCenterDelegate: THREAD_RESUMED: thread (33, main, main)
18:02:02.912 INFO: JdwpEventCenterDelegate: THREAD_RESUMED: thread (33, main, main)
18:02:02.917 INFO: JdwpEventCenterDelegate: THREAD_RESUMED: thread (33, main, main)
18:02:02.936 INFO: JdwpEventCenterDelegate: THREAD_RESUMED: thread (33, main, main)
18:02:02.938 INFO: JdwpEventCenterDelegate: THREAD_RESUMED: thread (33, main, main)
18:02:02.940 INFO: JdwpEventCenterDelegate: THREAD_RESUMED: thread (33, main, main)
18:02:02.943 INFO: JdwpEventCenterDelegate: THREAD_RESUMED: thread (33, main, main)
18:02:02.945 INFO: JdwpEventCenterDelegate: THREAD_RESUMED: thread (33, main, main)
18:02:02.950 INFO: JdwpEventCenterDelegate: THREAD_RESUMED: thread (33, main, main)
18:02:02.963 INFO: JdwpEventCenterDelegate: THREAD_RESUMED: thread (33, main, main)
18:02:02.966 INFO: JdwpEventCenterDelegate: THREAD_RESUMED: thread (33, main, main)
18:02:02.968 INFO: JdwpEventCenterDelegate: THREAD_RESUMED: thread (33, main, main)
18:02:02.970 INFO: JdwpEventCenterDelegate: THREAD_RESUMED: thread (33, main, main)
18:02:02.972 INFO: JdwpEventCenterDelegate: THREAD_RESUMED: thread (33, main, main)
18:02:02.977 INFO: JdwpEventCenterDelegate: THREAD_RESUMED: thread (33, main, main)
18:02:02.980 INFO: JdwpEventCenterDelegate: THREAD_RESUMED: thread (33, main, main)
18:02:02.982 INFO: JdwpEventCenterDelegate: THREAD_RESUMED: thread (33, main, main)
18:02:02.985 INFO: JdwpEventCenterDelegate: THREAD_RESUMED: thread (33, main, main)
18:02:02.987 INFO: JdwpEventCenterDelegate: THREAD_RESUMED: thread (33, main, main)
18:02:02.989 INFO: JdwpEventCenterDelegate: THREAD_RESUMED: thread (33, main, main)
18:02:02.992 INFO: JdwpEventCenterDelegate: THREAD_RESUMED: thread (33, main, main)
18:02:02.995 INFO: JdwpEventCenterDelegate: THREAD_RESUMED: thread (33, main, main)
18:02:02.998 INFO: JdwpEventCenterDelegate: THREAD_RESUMED: thread (33, main, main)
18:02:03.000 INFO: JdwpEventCenterDelegate: THREAD_RESUMED: thread (33, main, main)
18:02:03.001 INFO: JdwpEventCenterDelegate: THREAD_RESUMED: thread (33, main, main)
18:02:03.005 INFO: JdwpEventCenterDelegate: THREAD_RESUMED: thread (33, main, main)
18:02:03.006 INFO: JdwpEventCenterDelegate: THREAD_RESUMED: thread (33, main, main)
18:02:03.008 INFO: JdwpEventCenterDelegate: THREAD_RESUMED: thread (33, main, main)
18:02:03.010 INFO: JdwpEventCenterDelegate: THREAD_RESUMED: thread (33, main, main)
18:02:03.011 INFO: JdwpEventCenterDelegate: THREAD_RESUMED: thread (33, main, main)
18:02:03.016 INFO: JdwpEventCenterDelegate: THREAD_RESUMED: thread (33, main, main)
18:02:03.029 INFO: JdwpEventCenterDelegate: THREAD_RESUMED: thread (33, main, main)
18:02:03.045 INFO: JdwpEventCenterDelegate: THREAD_RESUMED: thread (33, main, main)
18:02:03.056 INFO: JdwpEventCenterDelegate: THREAD_RESUMED: thread (33, main, main)
18:02:03.069 INFO: JdwpEventCenterDelegate: THREAD_RESUMED: thread (33, main, main)
18:02:03.100 INFO: JdwpEventCenterDelegate: THREAD_RESUMED: thread (33, main, main)
18:02:03.102 INFO: JdwpEventCenterDelegate: THREAD_RESUMED: thread (33, main, main)
18:02:03.105 INFO: JdwpEventCenterDelegate: THREAD_RESUMED: thread (33, main, main)
18:02:03.107 INFO: JdwpEventCenterDelegate: THREAD_RESUMED: thread (33, main, main)
18:02:03.110 INFO: JdwpEventCenterDelegate: THREAD_RESUMED: thread (33, main, main)
18:02:03.115 INFO: JdwpEventCenterDelegate: THREAD_RESUMED: thread (33, main, main)
18:02:03.126 INFO: JdwpEventCenterDelegate: THREAD_RESUMED: thread (33, main, main)
18:02:03.128 INFO: JdwpEventCenterDelegate: THREAD_RESUMED: thread (33, main, main)
18:02:03.131 INFO: JdwpEventCenterDelegate: THREAD_RESUMED: thread (33, main, main)
18:02:03.133 INFO: JdwpEventCenterDelegate: THREAD_RESUMED: thread (33, main, main)
18:02:03.135 INFO: JdwpEventCenterDelegate: THREAD_RESUMED: thread (33, main, main)
18:02:03.140 INFO: JdwpEventCenterDelegate: THREAD_RESUMED: thread (33, main, main)
18:02:03.154 INFO: JdwpEventCenterDelegate: THREAD_RESUMED: thread (33, main, main)
18:02:03.156 INFO: JdwpEventCenterDelegate: THREAD_RESUMED: thread (33, main, main)
18:02:03.158 INFO: JdwpEventCenterDelegate: THREAD_RESUMED: thread (33, main, main)
18:02:03.160 INFO: JdwpEventCenterDelegate: THREAD_RESUMED: thread (33, main, main)
18:02:03.163 INFO: JdwpEventCenterDelegate: THREAD_RESUMED: thread (33, main, main)
18:02:03.167 INFO: JdwpEventCenterDelegate: THREAD_RESUMED: thread (33, main, main)
18:02:03.184 INFO: JdwpEventCenterDelegate: THREAD_RESUMED: thread (33, main, main)
18:02:03.187 INFO: JdwpEventCenterDelegate: THREAD_RESUMED: thread (33, main, main)
18:02:03.189 INFO: JdwpEventCenterDelegate: THREAD_RESUMED: thread (33, main, main)
18:02:03.191 INFO: JdwpEventCenterDelegate: THREAD_RESUMED: thread (33, main, main)
18:02:03.193 INFO: JdwpEventCenterDelegate: THREAD_RESUMED: thread (33, main, main)
18:02:03.198 INFO: JdwpEventCenterDelegate: THREAD_RESUMED: thread (33, main, main)
18:02:03.212 INFO: JdwpEventCenterDelegate: THREAD_RESUMED: thread (33, main, main)
18:02:03.215 INFO: JdwpEventCenterDelegate: THREAD_RESUMED: thread (33, main, main)
18:02:03.217 INFO: JdwpEventCenterDelegate: THREAD_RESUMED: thread (33, main, main)
18:02:03.219 INFO: JdwpEventCenterDelegate: THREAD_RESUMED: thread (33, main, main)
18:02:03.220 INFO: JdwpEventCenterDelegate: THREAD_RESUMED: thread (33, main, main)
18:02:03.225 INFO: JdwpEventCenterDelegate: THREAD_RESUMED: thread (33, main, main)
18:02:03.240 INFO: JdwpEventCenterDelegate: THREAD_RESUMED: thread (33, main, main)
18:02:03.242 INFO: JdwpEventCenterDelegate: THREAD_RESUMED: thread (33, main, main)
18:02:03.244 INFO: JdwpEventCenterDelegate: THREAD_RESUMED: thread (33, main, main)
18:02:03.246 INFO: JdwpEventCenterDelegate: THREAD_RESUMED: thread (33, main, main)
18:02:03.248 INFO: JdwpEventCenterDelegate: THREAD_RESUMED: thread (33, main, main)
18:02:03.252 INFO: JdwpEventCenterDelegate: THREAD_RESUMED: thread (33, main, main)
18:02:03.274 INFO: JdwpEventCenterDelegate: THREAD_RESUMED: thread (33, main, main)
18:02:03.276 INFO: JdwpEventCenterDelegate: THREAD_RESUMED: thread (33, main, main)
18:02:03.277 INFO: JdwpEventCenterDelegate: THREAD_RESUMED: thread (33, main, main)
18:02:03.279 INFO: JdwpEventCenterDelegate: THREAD_RESUMED: thread (33, main, main)
18:02:03.281 INFO: JdwpEventCenterDelegate: THREAD_RESUMED: thread (33, main, main)
18:02:03.286 INFO: JdwpEventCenterDelegate: THREAD_RESUMED: thread (33, main, main)
18:02:03.303 INFO: JdwpEventCenterDelegate: THREAD_RESUMED: thread (33, main, main)
18:02:03.305 INFO: JdwpEventCenterDelegate: THREAD_RESUMED: thread (33, main, main)
18:02:03.307 INFO: JdwpEventCenterDelegate: THREAD_RESUMED: thread (33, main, main)
18:02:03.308 INFO: JdwpEventCenterDelegate: THREAD_RESUMED: thread (33, main, main)
18:02:03.310 INFO: JdwpEventCenterDelegate: THREAD_RESUMED: thread (33, main, main)
18:02:03.315 INFO: JdwpEventCenterDelegate: THREAD_RESUMED: thread (33, main, main)
18:02:03.332 INFO: JdwpEventCenterDelegate: THREAD_RESUMED: thread (33, main, main)
18:02:03.334 INFO: JdwpEventCenterDelegate: THREAD_RESUMED: thread (33, main, main)
18:02:03.336 INFO: JdwpEventCenterDelegate: THREAD_RESUMED: thread (33, main, main)
18:02:03.338 INFO: JdwpEventCenterDelegate: THREAD_RESUMED: thread (33, main, main)
18:02:03.340 INFO: JdwpEventCenterDelegate: THREAD_RESUMED: thread (33, main, main)
18:02:03.344 INFO: JdwpEventCenterDelegate: THREAD_RESUMED: thread (33, main, main)
18:02:03.358 INFO: JdwpEventCenterDelegate: THREAD_RESUMED: thread (33, main, main)
18:02:03.360 INFO: JdwpEventCenterDelegate: THREAD_RESUMED: thread (33, main, main)
18:02:03.362 INFO: JdwpEventCenterDelegate: THREAD_RESUMED: thread (33, main, main)
18:02:03.364 INFO: JdwpEventCenterDelegate: THREAD_RESUMED: thread (33, main, main)
18:02:03.366 INFO: JdwpEventCenterDelegate: THREAD_RESUMED: thread (33, main, main)
18:02:03.370 INFO: JdwpEventCenterDelegate: THREAD_RESUMED: thread (33, main, main)
18:02:03.385 INFO: JdwpEventCenterDelegate: THREAD_RESUMED: thread (33, main, main)
18:02:03.387 INFO: JdwpEventCenterDelegate: THREAD_RESUMED: thread (33, main, main)
18:02:03.389 INFO: JdwpEventCenterDelegate: THREAD_RESUMED: thread (33, main, main)
18:02:03.391 INFO: JdwpEventCenterDelegate: THREAD_RESUMED: thread (33, main, main)
18:02:03.393 INFO: JdwpEventCenterDelegate: THREAD_RESUMED: thread (33, main, main)
18:02:03.397 INFO: JdwpEventCenterDelegate: THREAD_RESUMED: thread (33, main, main)
18:02:03.416 INFO: JdwpEventCenterDelegate: THREAD_RESUMED: thread (33, main, main)
18:02:03.418 INFO: JdwpEventCenterDelegate: THREAD_RESUMED: thread (33, main, main)
18:02:03.421 INFO: JdwpEventCenterDelegate: THREAD_RESUMED: thread (33, main, main)
18:02:03.423 INFO: JdwpEventCenterDelegate: THREAD_RESUMED: thread (33, main, main)
18:02:03.425 INFO: JdwpEventCenterDelegate: THREAD_RESUMED: thread (33, main, main)
18:02:03.429 INFO: JdwpEventCenterDelegate: THREAD_RESUMED: thread (33, main, main)
18:02:03.453 INFO: JdwpEventCenterDelegate: THREAD_RESUMED: thread (33, main, main)
18:02:03.456 INFO: JdwpEventCenterDelegate: THREAD_RESUMED: thread (33, main, main)
18:02:03.458 INFO: JdwpEventCenterDelegate: THREAD_RESUMED: thread (33, main, main)
18:02:03.460 INFO: JdwpEventCenterDelegate: THREAD_RESUMED: thread (33, main, main)
18:02:03.462 INFO: JdwpEventCenterDelegate: THREAD_RESUMED: thread (33, main, main)
18:02:03.467 INFO: JdwpEventCenterDelegate: THREAD_RESUMED: thread (33, main, main)
18:02:03.484 INFO: JdwpEventCenterDelegate: THREAD_RESUMED: thread (33, main, main)
18:02:03.487 INFO: JdwpEventCenterDelegate: THREAD_RESUMED: thread (33, main, main)
18:02:03.489 INFO: JdwpEventCenterDelegate: THREAD_RESUMED: thread (33, main, main)
18:02:03.491 INFO: JdwpEventCenterDelegate: THREAD_RESUMED: thread (33, main, main)
18:02:03.493 INFO: JdwpEventCenterDelegate: THREAD_RESUMED: thread (33, main, main)
18:02:03.497 INFO: JdwpEventCenterDelegate: THREAD_RESUMED: thread (33, main, main)
18:02:03.509 INFO: JdwpEventCenterDelegate: THREAD_RESUMED: thread (33, main, main)
18:02:03.511 INFO: JdwpEventCenterDelegate: THREAD_RESUMED: thread (33, main, main)
18:02:03.514 INFO: JdwpEventCenterDelegate: THREAD_RESUMED: thread (33, main, main)
18:02:03.516 INFO: JdwpEventCenterDelegate: THREAD_RESUMED: thread (33, main, main)
18:02:03.518 INFO: JdwpEventCenterDelegate: THREAD_RESUMED: thread (33, main, main)
18:02:10.370 INFO: JdwpEventCenterDelegate: THREAD_STARTED: thread (108, Timer, main)
18:02:11.245 INFO: JdwpEventCenterDelegate: THREAD_RESUMED: thread (33, main, main)
18:02:11.288 INFO: JdwpEventCenterDelegate: THREAD_RESUMED: thread (33, main, main)
18:02:11.312 INFO: JdwpEventCenterDelegate: THREAD_RESUMED: thread (33, main, main)
18:02:11.333 INFO: JdwpEventCenterDelegate: THREAD_RESUMED: thread (33, main, main)
18:02:11.350 INFO: JdwpEventCenterDelegate: THREAD_RESUMED: thread (33, main, main)
18:02:11.365 INFO: JdwpEventCenterDelegate: THREAD_RESUMED: thread (33, main, main)
18:02:11.379 INFO: JdwpEventCenterDelegate: THREAD_RESUMED: thread (33, main, main)
18:02:11.396 INFO: JdwpEventCenterDelegate: THREAD_RESUMED: thread (33, main, main)
18:02:11.411 INFO: JdwpEventCenterDelegate: THREAD_RESUMED: thread (33, main, main)
18:02:11.427 INFO: JdwpEventCenterDelegate: THREAD_RESUMED: thread (33, main, main)
18:02:11.443 INFO: JdwpEventCenterDelegate: THREAD_RESUMED: thread (33, main, main)
18:02:11.457 INFO: JdwpEventCenterDelegate: THREAD_RESUMED: thread (33, main, main)
18:02:23.826 INFO: JdwpDebugServer: handling req: VirtualMachine(1).Exit(10)
18:02:23.826 SEVERE: Debugger: Thread JDWP server socket thread crashed
org.robovm.debugger.DebuggerException: Terminating due exit command
	at org.robovm.debugger.jdwp.JdwpDebugServer.doSocketWork(JdwpDebugServer.java:211)
	at java.base/java.lang.Thread.run(Thread.java:834)
	at org.robovm.debugger.utils.DebuggerThread.run(DebuggerThread.java:42)
18:02:24.332 SEVERE: Debugger: Thread HooksChannel socket thread crashed
org.robovm.debugger.DebuggerException: java.io.IOException: org.robovm.libimobiledevice.LibIMobileDeviceException: IDEVICE_E_UNKNOWN_ERROR
	at org.robovm.debugger.hooks.HooksChannel.doSocketWork(HooksChannel.java:149)
	at java.base/java.lang.Thread.run(Thread.java:834)
	at org.robovm.debugger.utils.DebuggerThread.run(DebuggerThread.java:42)
Caused by: java.io.IOException: org.robovm.libimobiledevice.LibIMobileDeviceException: IDEVICE_E_UNKNOWN_ERROR
	at org.robovm.libimobiledevice.IDeviceConnection$DeviceInputStream.read(IDeviceConnection.java:203)
	at org.robovm.debugger.utils.bytebuffer.DataBufferWriter.writeFromStream(DataBufferWriter.java:89)
	at org.robovm.debugger.hooks.HooksChannel.doSocketWork(HooksChannel.java:116)
	... 2 more
Caused by: org.robovm.libimobiledevice.LibIMobileDeviceException: IDEVICE_E_UNKNOWN_ERROR
	at org.robovm.libimobiledevice.IDevice.checkResult(IDevice.java:206)
	at org.robovm.libimobiledevice.IDeviceConnection.receive(IDeviceConnection.java:110)
	at org.robovm.libimobiledevice.IDeviceConnection.receive(IDeviceConnection.java:81)
	at org.robovm.libimobiledevice.IDeviceConnection$DeviceInputStream.read(IDeviceConnection.java:201)
	... 4 more
