22:37:25.533 INFO: JdwpDebugServer: handling req: VirtualMachine(1).IDSizes(7)
22:37:25.533 INFO: JdwpDebugServer: handling req: EventRequest(15).Set(1)
22:37:25.533 INFO: JdwpEventCenterDelegate: jdwpSetEventRequest: JdwpEventRequest{requestId=100, eventKind=CLASS_PREPARE, suspendPolicy=NONE, predicates=[]}
22:37:25.533 INFO: JdwpDebugServer: handling req: EventRequest(15).Set(1)
22:37:25.533 INFO: JdwpEventCenterDelegate: jdwpSetEventRequest: JdwpEventRequest{requestId=101, eventKind=CLASS_UNLOAD, suspendPolicy=NONE, predicates=[]}
22:37:25.554 INFO: JdwpDebugServer: handling req: VirtualMachine(1).Version(1)
22:37:25.554 INFO: JdwpDebugServer: handling req: VirtualMachine(1).capabilitiesNew(17)
22:37:25.555 INFO: JdwpDebugServer: handling req: VirtualMachine(1).capabilities(12)
22:37:25.555 INFO: JdwpDebugServer: handling req: VirtualMachine(1).AllClassesWithGeneric(20)
22:37:25.558 INFO: JdwpDebugServer: handling req: VirtualMachine(1).TopLevelThreadGroups(5)
22:37:25.558 INFO: JdwpDebugServer: handling req: EventRequest(15).Set(1)
22:37:25.558 INFO: JdwpEventCenterDelegate: jdwpSetEventRequest: JdwpEventRequest{requestId=102, eventKind=THREAD_START, suspendPolicy=NONE, predicates=[]}
22:37:25.559 INFO: JdwpDebugServer: handling req: EventRequest(15).Set(1)
22:37:25.559 INFO: JdwpEventCenterDelegate: jdwpSetEventRequest: JdwpEventRequest{requestId=103, eventKind=THREAD_DEATH, suspendPolicy=NONE, predicates=[]}
22:37:25.561 INFO: JdwpDebugServer: handling req: EventRequest(15).Set(1)
22:37:25.561 INFO: JdwpEventCenterDelegate: jdwpSetEventRequest: JdwpEventRequest{requestId=104, eventKind=CLASS_PREPARE, suspendPolicy=EVENT_THREAD, predicates=[className=sun.instrument.InstrumentationImpl]}
22:37:25.561 INFO: JdwpDebugServer: handling req: EventRequest(15).Set(1)
22:37:25.561 INFO: JdwpEventCenterDelegate: jdwpSetEventRequest: JdwpEventRequest{requestId=105, eventKind=CLASS_PREPARE, suspendPolicy=EVENT_THREAD, predicates=[className=sun.instrument.InstrumentationImpl]}
22:37:25.946 INFO: JdwpDebugServer: handling req: VirtualMachine(1).Resume(9)
22:37:25.986 INFO: JdwpEventCenterDelegate: THREAD_STARTED: thread (33, main, main)
22:37:25.997 INFO: JdwpEventCenterDelegate: THREAD_STARTED: thread (48, ReferenceQueueDaemon, main)
22:37:26.005 INFO: JdwpEventCenterDelegate: THREAD_STARTED: thread (63, FinalizerWatchdogDaemon, main)
22:37:26.013 INFO: JdwpEventCenterDelegate: THREAD_STARTED: thread (78, FinalizerDaemon, main)
22:37:26.016 INFO: JdwpEventCenterDelegate: THREAD_RESUMED: thread (33, main, main)
22:37:26.017 INFO: JdwpEventCenterDelegate: THREAD_RESUMED: thread (33, main, main)
22:37:26.019 INFO: JdwpEventCenterDelegate: THREAD_RESUMED: thread (33, main, main)
22:37:26.021 INFO: JdwpEventCenterDelegate: THREAD_RESUMED: thread (33, main, main)
22:37:26.023 INFO: JdwpEventCenterDelegate: THREAD_RESUMED: thread (33, main, main)
22:37:26.024 INFO: JdwpEventCenterDelegate: THREAD_RESUMED: thread (33, main, main)
22:37:26.026 INFO: JdwpEventCenterDelegate: THREAD_RESUMED: thread (33, main, main)
22:37:26.028 INFO: JdwpEventCenterDelegate: THREAD_RESUMED: thread (33, main, main)
22:37:26.030 INFO: JdwpEventCenterDelegate: THREAD_RESUMED: thread (33, main, main)
22:37:26.031 INFO: JdwpEventCenterDelegate: THREAD_RESUMED: thread (33, main, main)
22:37:26.033 INFO: JdwpEventCenterDelegate: THREAD_RESUMED: thread (33, main, main)
22:37:26.034 INFO: JdwpEventCenterDelegate: THREAD_RESUMED: thread (33, main, main)
22:37:26.036 INFO: JdwpEventCenterDelegate: THREAD_RESUMED: thread (33, main, main)
22:37:26.038 INFO: JdwpEventCenterDelegate: THREAD_RESUMED: thread (33, main, main)
22:37:26.039 INFO: JdwpEventCenterDelegate: THREAD_RESUMED: thread (33, main, main)
22:37:26.041 INFO: JdwpEventCenterDelegate: THREAD_RESUMED: thread (33, main, main)
22:37:26.042 INFO: JdwpEventCenterDelegate: THREAD_RESUMED: thread (33, main, main)
22:37:26.044 INFO: JdwpEventCenterDelegate: THREAD_RESUMED: thread (33, main, main)
22:37:26.048 INFO: JdwpEventCenterDelegate: THREAD_RESUMED: thread (33, main, main)
22:37:26.049 INFO: JdwpEventCenterDelegate: THREAD_RESUMED: thread (33, main, main)
22:37:26.050 INFO: JdwpEventCenterDelegate: THREAD_RESUMED: thread (33, main, main)
22:37:26.051 INFO: JdwpEventCenterDelegate: THREAD_RESUMED: thread (33, main, main)
22:37:26.053 INFO: JdwpEventCenterDelegate: THREAD_RESUMED: thread (33, main, main)
22:37:26.054 INFO: JdwpEventCenterDelegate: THREAD_RESUMED: thread (33, main, main)
22:37:26.056 INFO: JdwpEventCenterDelegate: THREAD_RESUMED: thread (33, main, main)
22:37:26.085 INFO: JdwpEventCenterDelegate: THREAD_RESUMED: thread (33, main, main)
22:37:26.087 INFO: JdwpEventCenterDelegate: THREAD_RESUMED: thread (33, main, main)
22:37:26.088 INFO: JdwpEventCenterDelegate: THREAD_RESUMED: thread (33, main, main)
22:37:26.089 INFO: JdwpEventCenterDelegate: THREAD_RESUMED: thread (33, main, main)
22:37:26.091 INFO: JdwpEventCenterDelegate: THREAD_RESUMED: thread (33, main, main)
22:37:26.092 INFO: JdwpEventCenterDelegate: THREAD_RESUMED: thread (33, main, main)
22:37:26.094 INFO: JdwpEventCenterDelegate: THREAD_RESUMED: thread (33, main, main)
22:37:26.096 INFO: JdwpEventCenterDelegate: THREAD_RESUMED: thread (33, main, main)
22:37:26.097 INFO: JdwpEventCenterDelegate: THREAD_RESUMED: thread (33, main, main)
22:37:26.098 INFO: JdwpEventCenterDelegate: THREAD_RESUMED: thread (33, main, main)
22:37:26.099 INFO: JdwpEventCenterDelegate: THREAD_RESUMED: thread (33, main, main)
22:37:26.101 INFO: JdwpEventCenterDelegate: THREAD_RESUMED: thread (33, main, main)
22:37:26.103 INFO: JdwpEventCenterDelegate: THREAD_RESUMED: thread (33, main, main)
22:37:26.104 INFO: JdwpEventCenterDelegate: THREAD_RESUMED: thread (33, main, main)
22:37:26.146 INFO: JdwpEventCenterDelegate: THREAD_RESUMED: thread (33, main, main)
22:37:26.148 INFO: JdwpEventCenterDelegate: THREAD_RESUMED: thread (33, main, main)
22:37:26.150 INFO: JdwpEventCenterDelegate: THREAD_RESUMED: thread (33, main, main)
22:37:26.152 INFO: JdwpEventCenterDelegate: THREAD_RESUMED: thread (33, main, main)
22:37:26.153 INFO: JdwpEventCenterDelegate: THREAD_RESUMED: thread (33, main, main)
22:37:26.154 INFO: JdwpEventCenterDelegate: THREAD_RESUMED: thread (33, main, main)
22:37:26.155 INFO: JdwpEventCenterDelegate: THREAD_RESUMED: thread (33, main, main)
22:37:26.193 INFO: JdwpEventCenterDelegate: THREAD_RESUMED: thread (33, main, main)
22:37:26.194 INFO: JdwpEventCenterDelegate: THREAD_RESUMED: thread (33, main, main)
22:37:26.196 INFO: JdwpEventCenterDelegate: THREAD_RESUMED: thread (33, main, main)
22:37:26.198 INFO: JdwpEventCenterDelegate: THREAD_RESUMED: thread (33, main, main)
22:37:26.199 INFO: JdwpEventCenterDelegate: THREAD_RESUMED: thread (33, main, main)
22:37:26.201 INFO: JdwpEventCenterDelegate: THREAD_RESUMED: thread (33, main, main)
22:37:26.202 INFO: JdwpEventCenterDelegate: THREAD_RESUMED: thread (33, main, main)
22:37:26.213 INFO: JdwpEventCenterDelegate: THREAD_RESUMED: thread (33, main, main)
22:37:26.214 INFO: JdwpEventCenterDelegate: THREAD_RESUMED: thread (33, main, main)
22:37:26.216 INFO: JdwpEventCenterDelegate: THREAD_RESUMED: thread (33, main, main)
22:37:26.217 INFO: JdwpEventCenterDelegate: THREAD_RESUMED: thread (33, main, main)
22:37:26.219 INFO: JdwpEventCenterDelegate: THREAD_RESUMED: thread (33, main, main)
22:37:26.220 INFO: JdwpEventCenterDelegate: THREAD_RESUMED: thread (33, main, main)
22:37:26.222 INFO: JdwpEventCenterDelegate: THREAD_RESUMED: thread (33, main, main)
22:37:26.231 INFO: JdwpEventCenterDelegate: THREAD_RESUMED: thread (33, main, main)
22:37:26.233 INFO: JdwpEventCenterDelegate: THREAD_RESUMED: thread (33, main, main)
22:37:26.235 INFO: JdwpEventCenterDelegate: THREAD_RESUMED: thread (33, main, main)
22:37:26.236 INFO: JdwpEventCenterDelegate: THREAD_RESUMED: thread (33, main, main)
22:37:26.238 INFO: JdwpEventCenterDelegate: THREAD_RESUMED: thread (33, main, main)
22:37:26.239 INFO: JdwpEventCenterDelegate: THREAD_RESUMED: thread (33, main, main)
22:37:26.241 INFO: JdwpEventCenterDelegate: THREAD_RESUMED: thread (33, main, main)
22:37:26.243 INFO: JdwpEventCenterDelegate: THREAD_RESUMED: thread (33, main, main)
22:37:26.244 INFO: JdwpEventCenterDelegate: THREAD_RESUMED: thread (33, main, main)
22:37:26.246 INFO: JdwpEventCenterDelegate: THREAD_RESUMED: thread (33, main, main)
22:37:26.247 INFO: JdwpEventCenterDelegate: THREAD_RESUMED: thread (33, main, main)
22:37:26.249 INFO: JdwpEventCenterDelegate: THREAD_RESUMED: thread (33, main, main)
22:37:26.251 INFO: JdwpEventCenterDelegate: THREAD_RESUMED: thread (33, main, main)
22:37:26.252 INFO: JdwpEventCenterDelegate: THREAD_RESUMED: thread (33, main, main)
22:37:26.254 INFO: JdwpEventCenterDelegate: THREAD_RESUMED: thread (33, main, main)
22:37:26.255 INFO: JdwpEventCenterDelegate: THREAD_RESUMED: thread (33, main, main)
22:37:26.257 INFO: JdwpEventCenterDelegate: THREAD_RESUMED: thread (33, main, main)
22:37:26.259 INFO: JdwpEventCenterDelegate: THREAD_RESUMED: thread (33, main, main)
22:37:26.263 INFO: JdwpEventCenterDelegate: THREAD_RESUMED: thread (33, main, main)
22:37:26.265 INFO: JdwpEventCenterDelegate: THREAD_RESUMED: thread (33, main, main)
22:37:26.398 INFO: JdwpEventCenterDelegate: THREAD_STARTED: thread (93, AssetManager, main)
22:37:26.502 INFO: JdwpEventCenterDelegate: THREAD_RESUMED: thread (33, main, main)
22:37:26.505 INFO: JdwpEventCenterDelegate: THREAD_RESUMED: thread (33, main, main)
22:37:29.070 INFO: JdwpEventCenterDelegate: THREAD_RESUMED: thread (33, main, main)
22:37:29.170 INFO: JdwpEventCenterDelegate: THREAD_RESUMED: thread (33, main, main)
22:37:29.171 INFO: JdwpEventCenterDelegate: THREAD_RESUMED: thread (33, main, main)
22:37:29.173 INFO: JdwpEventCenterDelegate: THREAD_RESUMED: thread (33, main, main)
22:37:29.175 INFO: JdwpEventCenterDelegate: THREAD_RESUMED: thread (33, main, main)
22:37:29.177 INFO: JdwpEventCenterDelegate: THREAD_RESUMED: thread (33, main, main)
22:37:29.183 INFO: JdwpEventCenterDelegate: THREAD_RESUMED: thread (33, main, main)
22:37:29.194 INFO: JdwpEventCenterDelegate: THREAD_RESUMED: thread (33, main, main)
22:37:29.197 INFO: JdwpEventCenterDelegate: THREAD_RESUMED: thread (33, main, main)
22:37:29.199 INFO: JdwpEventCenterDelegate: THREAD_RESUMED: thread (33, main, main)
22:37:29.201 INFO: JdwpEventCenterDelegate: THREAD_RESUMED: thread (33, main, main)
22:37:29.203 INFO: JdwpEventCenterDelegate: THREAD_RESUMED: thread (33, main, main)
22:37:29.208 INFO: JdwpEventCenterDelegate: THREAD_RESUMED: thread (33, main, main)
22:37:29.223 INFO: JdwpEventCenterDelegate: THREAD_RESUMED: thread (33, main, main)
22:37:29.225 INFO: JdwpEventCenterDelegate: THREAD_RESUMED: thread (33, main, main)
22:37:29.227 INFO: JdwpEventCenterDelegate: THREAD_RESUMED: thread (33, main, main)
22:37:29.229 INFO: JdwpEventCenterDelegate: THREAD_RESUMED: thread (33, main, main)
22:37:29.232 INFO: JdwpEventCenterDelegate: THREAD_RESUMED: thread (33, main, main)
22:37:29.236 INFO: JdwpEventCenterDelegate: THREAD_RESUMED: thread (33, main, main)
22:37:29.254 INFO: JdwpEventCenterDelegate: THREAD_RESUMED: thread (33, main, main)
22:37:29.257 INFO: JdwpEventCenterDelegate: THREAD_RESUMED: thread (33, main, main)
22:37:29.259 INFO: JdwpEventCenterDelegate: THREAD_RESUMED: thread (33, main, main)
22:37:29.261 INFO: JdwpEventCenterDelegate: THREAD_RESUMED: thread (33, main, main)
22:37:29.263 INFO: JdwpEventCenterDelegate: THREAD_RESUMED: thread (33, main, main)
22:37:29.268 INFO: JdwpEventCenterDelegate: THREAD_RESUMED: thread (33, main, main)
22:37:29.283 INFO: JdwpEventCenterDelegate: THREAD_RESUMED: thread (33, main, main)
22:37:29.285 INFO: JdwpEventCenterDelegate: THREAD_RESUMED: thread (33, main, main)
22:37:29.287 INFO: JdwpEventCenterDelegate: THREAD_RESUMED: thread (33, main, main)
22:37:29.289 INFO: JdwpEventCenterDelegate: THREAD_RESUMED: thread (33, main, main)
22:37:29.291 INFO: JdwpEventCenterDelegate: THREAD_RESUMED: thread (33, main, main)
22:37:29.296 INFO: JdwpEventCenterDelegate: THREAD_RESUMED: thread (33, main, main)
22:37:29.311 INFO: JdwpEventCenterDelegate: THREAD_RESUMED: thread (33, main, main)
22:37:29.313 INFO: JdwpEventCenterDelegate: THREAD_RESUMED: thread (33, main, main)
22:37:29.315 INFO: JdwpEventCenterDelegate: THREAD_RESUMED: thread (33, main, main)
22:37:29.317 INFO: JdwpEventCenterDelegate: THREAD_RESUMED: thread (33, main, main)
22:37:29.320 INFO: JdwpEventCenterDelegate: THREAD_RESUMED: thread (33, main, main)
22:37:29.324 INFO: JdwpEventCenterDelegate: THREAD_RESUMED: thread (33, main, main)
22:37:29.347 INFO: JdwpEventCenterDelegate: THREAD_RESUMED: thread (33, main, main)
22:37:29.349 INFO: JdwpEventCenterDelegate: THREAD_RESUMED: thread (33, main, main)
22:37:29.351 INFO: JdwpEventCenterDelegate: THREAD_RESUMED: thread (33, main, main)
22:37:29.353 INFO: JdwpEventCenterDelegate: THREAD_RESUMED: thread (33, main, main)
22:37:29.355 INFO: JdwpEventCenterDelegate: THREAD_RESUMED: thread (33, main, main)
22:37:29.360 INFO: JdwpEventCenterDelegate: THREAD_RESUMED: thread (33, main, main)
22:37:29.380 INFO: JdwpEventCenterDelegate: THREAD_RESUMED: thread (33, main, main)
22:37:29.382 INFO: JdwpEventCenterDelegate: THREAD_RESUMED: thread (33, main, main)
22:37:29.384 INFO: JdwpEventCenterDelegate: THREAD_RESUMED: thread (33, main, main)
22:37:29.386 INFO: JdwpEventCenterDelegate: THREAD_RESUMED: thread (33, main, main)
22:37:29.388 INFO: JdwpEventCenterDelegate: THREAD_RESUMED: thread (33, main, main)
22:37:29.392 INFO: JdwpEventCenterDelegate: THREAD_RESUMED: thread (33, main, main)
22:37:29.410 INFO: JdwpEventCenterDelegate: THREAD_RESUMED: thread (33, main, main)
22:37:29.413 INFO: JdwpEventCenterDelegate: THREAD_RESUMED: thread (33, main, main)
22:37:29.415 INFO: JdwpEventCenterDelegate: THREAD_RESUMED: thread (33, main, main)
22:37:29.417 INFO: JdwpEventCenterDelegate: THREAD_RESUMED: thread (33, main, main)
22:37:29.418 INFO: JdwpEventCenterDelegate: THREAD_RESUMED: thread (33, main, main)
22:37:29.423 INFO: JdwpEventCenterDelegate: THREAD_RESUMED: thread (33, main, main)
22:37:29.438 INFO: JdwpEventCenterDelegate: THREAD_RESUMED: thread (33, main, main)
22:37:29.441 INFO: JdwpEventCenterDelegate: THREAD_RESUMED: thread (33, main, main)
22:37:29.443 INFO: JdwpEventCenterDelegate: THREAD_RESUMED: thread (33, main, main)
22:37:29.445 INFO: JdwpEventCenterDelegate: THREAD_RESUMED: thread (33, main, main)
22:37:29.447 INFO: JdwpEventCenterDelegate: THREAD_RESUMED: thread (33, main, main)
22:37:29.452 INFO: JdwpEventCenterDelegate: THREAD_RESUMED: thread (33, main, main)
22:37:29.466 INFO: JdwpEventCenterDelegate: THREAD_RESUMED: thread (33, main, main)
22:37:29.469 INFO: JdwpEventCenterDelegate: THREAD_RESUMED: thread (33, main, main)
22:37:29.471 INFO: JdwpEventCenterDelegate: THREAD_RESUMED: thread (33, main, main)
22:37:29.473 INFO: JdwpEventCenterDelegate: THREAD_RESUMED: thread (33, main, main)
22:37:29.475 INFO: JdwpEventCenterDelegate: THREAD_RESUMED: thread (33, main, main)
22:37:29.479 INFO: JdwpEventCenterDelegate: THREAD_RESUMED: thread (33, main, main)
22:37:29.501 INFO: JdwpEventCenterDelegate: THREAD_RESUMED: thread (33, main, main)
22:37:29.503 INFO: JdwpEventCenterDelegate: THREAD_RESUMED: thread (33, main, main)
22:37:29.505 INFO: JdwpEventCenterDelegate: THREAD_RESUMED: thread (33, main, main)
22:37:29.507 INFO: JdwpEventCenterDelegate: THREAD_RESUMED: thread (33, main, main)
22:37:29.509 INFO: JdwpEventCenterDelegate: THREAD_RESUMED: thread (33, main, main)
22:37:29.513 INFO: JdwpEventCenterDelegate: THREAD_RESUMED: thread (33, main, main)
22:37:29.534 INFO: JdwpEventCenterDelegate: THREAD_RESUMED: thread (33, main, main)
22:37:29.536 INFO: JdwpEventCenterDelegate: THREAD_RESUMED: thread (33, main, main)
22:37:29.538 INFO: JdwpEventCenterDelegate: THREAD_RESUMED: thread (33, main, main)
22:37:29.540 INFO: JdwpEventCenterDelegate: THREAD_RESUMED: thread (33, main, main)
22:37:29.542 INFO: JdwpEventCenterDelegate: THREAD_RESUMED: thread (33, main, main)
22:37:29.546 INFO: JdwpEventCenterDelegate: THREAD_RESUMED: thread (33, main, main)
22:37:29.565 INFO: JdwpEventCenterDelegate: THREAD_RESUMED: thread (33, main, main)
22:37:29.567 INFO: JdwpEventCenterDelegate: THREAD_RESUMED: thread (33, main, main)
22:37:29.569 INFO: JdwpEventCenterDelegate: THREAD_RESUMED: thread (33, main, main)
22:37:29.571 INFO: JdwpEventCenterDelegate: THREAD_RESUMED: thread (33, main, main)
22:37:29.573 INFO: JdwpEventCenterDelegate: THREAD_RESUMED: thread (33, main, main)
22:37:29.577 INFO: JdwpEventCenterDelegate: THREAD_RESUMED: thread (33, main, main)
22:37:29.590 INFO: JdwpEventCenterDelegate: THREAD_RESUMED: thread (33, main, main)
22:37:29.592 INFO: JdwpEventCenterDelegate: THREAD_RESUMED: thread (33, main, main)
22:37:29.594 INFO: JdwpEventCenterDelegate: THREAD_RESUMED: thread (33, main, main)
22:37:29.596 INFO: JdwpEventCenterDelegate: THREAD_RESUMED: thread (33, main, main)
22:37:29.598 INFO: JdwpEventCenterDelegate: THREAD_RESUMED: thread (33, main, main)
22:37:29.603 INFO: JdwpEventCenterDelegate: THREAD_RESUMED: thread (33, main, main)
22:37:29.605 INFO: JdwpEventCenterDelegate: THREAD_RESUMED: thread (33, main, main)
22:37:29.607 INFO: JdwpEventCenterDelegate: THREAD_RESUMED: thread (33, main, main)
22:37:29.609 INFO: JdwpEventCenterDelegate: THREAD_RESUMED: thread (33, main, main)
22:37:29.611 INFO: JdwpEventCenterDelegate: THREAD_RESUMED: thread (33, main, main)
22:37:29.614 INFO: JdwpEventCenterDelegate: THREAD_RESUMED: thread (33, main, main)
22:37:29.616 INFO: JdwpEventCenterDelegate: THREAD_RESUMED: thread (33, main, main)
22:37:29.620 INFO: JdwpEventCenterDelegate: THREAD_RESUMED: thread (33, main, main)
22:37:29.622 INFO: JdwpEventCenterDelegate: THREAD_RESUMED: thread (33, main, main)
22:37:29.624 INFO: JdwpEventCenterDelegate: THREAD_RESUMED: thread (33, main, main)
22:37:29.626 INFO: JdwpEventCenterDelegate: THREAD_RESUMED: thread (33, main, main)
22:37:29.637 INFO: JdwpEventCenterDelegate: THREAD_RESUMED: thread (33, main, main)
22:37:29.639 INFO: JdwpEventCenterDelegate: THREAD_RESUMED: thread (33, main, main)
22:37:29.641 INFO: JdwpEventCenterDelegate: THREAD_RESUMED: thread (33, main, main)
22:37:29.643 INFO: JdwpEventCenterDelegate: THREAD_RESUMED: thread (33, main, main)
22:37:29.645 INFO: JdwpEventCenterDelegate: THREAD_RESUMED: thread (33, main, main)
22:37:29.649 INFO: JdwpEventCenterDelegate: THREAD_RESUMED: thread (33, main, main)
22:37:29.662 INFO: JdwpEventCenterDelegate: THREAD_RESUMED: thread (33, main, main)
22:37:29.675 INFO: JdwpEventCenterDelegate: THREAD_RESUMED: thread (33, main, main)
22:37:29.686 INFO: JdwpEventCenterDelegate: THREAD_RESUMED: thread (33, main, main)
22:37:29.699 INFO: JdwpEventCenterDelegate: THREAD_RESUMED: thread (33, main, main)
22:37:29.729 INFO: JdwpEventCenterDelegate: THREAD_RESUMED: thread (33, main, main)
22:37:29.731 INFO: JdwpEventCenterDelegate: THREAD_RESUMED: thread (33, main, main)
22:37:29.733 INFO: JdwpEventCenterDelegate: THREAD_RESUMED: thread (33, main, main)
22:37:29.735 INFO: JdwpEventCenterDelegate: THREAD_RESUMED: thread (33, main, main)
22:37:29.737 INFO: JdwpEventCenterDelegate: THREAD_RESUMED: thread (33, main, main)
22:37:29.742 INFO: JdwpEventCenterDelegate: THREAD_RESUMED: thread (33, main, main)
22:37:29.753 INFO: JdwpEventCenterDelegate: THREAD_RESUMED: thread (33, main, main)
22:37:29.755 INFO: JdwpEventCenterDelegate: THREAD_RESUMED: thread (33, main, main)
22:37:29.758 INFO: JdwpEventCenterDelegate: THREAD_RESUMED: thread (33, main, main)
22:37:29.760 INFO: JdwpEventCenterDelegate: THREAD_RESUMED: thread (33, main, main)
22:37:29.761 INFO: JdwpEventCenterDelegate: THREAD_RESUMED: thread (33, main, main)
22:37:29.766 INFO: JdwpEventCenterDelegate: THREAD_RESUMED: thread (33, main, main)
22:37:29.783 INFO: JdwpEventCenterDelegate: THREAD_RESUMED: thread (33, main, main)
22:37:29.785 INFO: JdwpEventCenterDelegate: THREAD_RESUMED: thread (33, main, main)
22:37:29.787 INFO: JdwpEventCenterDelegate: THREAD_RESUMED: thread (33, main, main)
22:37:29.789 INFO: JdwpEventCenterDelegate: THREAD_RESUMED: thread (33, main, main)
22:37:29.791 INFO: JdwpEventCenterDelegate: THREAD_RESUMED: thread (33, main, main)
22:37:29.796 INFO: JdwpEventCenterDelegate: THREAD_RESUMED: thread (33, main, main)
22:37:29.814 INFO: JdwpEventCenterDelegate: THREAD_RESUMED: thread (33, main, main)
22:37:29.816 INFO: JdwpEventCenterDelegate: THREAD_RESUMED: thread (33, main, main)
22:37:29.818 INFO: JdwpEventCenterDelegate: THREAD_RESUMED: thread (33, main, main)
22:37:29.820 INFO: JdwpEventCenterDelegate: THREAD_RESUMED: thread (33, main, main)
22:37:29.822 INFO: JdwpEventCenterDelegate: THREAD_RESUMED: thread (33, main, main)
22:37:29.826 INFO: JdwpEventCenterDelegate: THREAD_RESUMED: thread (33, main, main)
22:37:29.841 INFO: JdwpEventCenterDelegate: THREAD_RESUMED: thread (33, main, main)
22:37:29.844 INFO: JdwpEventCenterDelegate: THREAD_RESUMED: thread (33, main, main)
22:37:29.846 INFO: JdwpEventCenterDelegate: THREAD_RESUMED: thread (33, main, main)
22:37:29.848 INFO: JdwpEventCenterDelegate: THREAD_RESUMED: thread (33, main, main)
22:37:29.850 INFO: JdwpEventCenterDelegate: THREAD_RESUMED: thread (33, main, main)
22:37:29.855 INFO: JdwpEventCenterDelegate: THREAD_RESUMED: thread (33, main, main)
22:37:29.870 INFO: JdwpEventCenterDelegate: THREAD_RESUMED: thread (33, main, main)
22:37:29.872 INFO: JdwpEventCenterDelegate: THREAD_RESUMED: thread (33, main, main)
22:37:29.874 INFO: JdwpEventCenterDelegate: THREAD_RESUMED: thread (33, main, main)
22:37:29.876 INFO: JdwpEventCenterDelegate: THREAD_RESUMED: thread (33, main, main)
22:37:29.878 INFO: JdwpEventCenterDelegate: THREAD_RESUMED: thread (33, main, main)
22:37:29.883 INFO: JdwpEventCenterDelegate: THREAD_RESUMED: thread (33, main, main)
22:37:29.900 INFO: JdwpEventCenterDelegate: THREAD_RESUMED: thread (33, main, main)
22:37:29.903 INFO: JdwpEventCenterDelegate: THREAD_RESUMED: thread (33, main, main)
22:37:29.905 INFO: JdwpEventCenterDelegate: THREAD_RESUMED: thread (33, main, main)
22:37:29.906 INFO: JdwpEventCenterDelegate: THREAD_RESUMED: thread (33, main, main)
22:37:29.908 INFO: JdwpEventCenterDelegate: THREAD_RESUMED: thread (33, main, main)
22:37:29.913 INFO: JdwpEventCenterDelegate: THREAD_RESUMED: thread (33, main, main)
22:37:29.930 INFO: JdwpEventCenterDelegate: THREAD_RESUMED: thread (33, main, main)
22:37:29.932 INFO: JdwpEventCenterDelegate: THREAD_RESUMED: thread (33, main, main)
22:37:29.934 INFO: JdwpEventCenterDelegate: THREAD_RESUMED: thread (33, main, main)
22:37:29.937 INFO: JdwpEventCenterDelegate: THREAD_RESUMED: thread (33, main, main)
22:37:29.938 INFO: JdwpEventCenterDelegate: THREAD_RESUMED: thread (33, main, main)
22:37:29.943 INFO: JdwpEventCenterDelegate: THREAD_RESUMED: thread (33, main, main)
22:37:29.960 INFO: JdwpEventCenterDelegate: THREAD_RESUMED: thread (33, main, main)
22:37:29.962 INFO: JdwpEventCenterDelegate: THREAD_RESUMED: thread (33, main, main)
22:37:29.964 INFO: JdwpEventCenterDelegate: THREAD_RESUMED: thread (33, main, main)
22:37:29.966 INFO: JdwpEventCenterDelegate: THREAD_RESUMED: thread (33, main, main)
22:37:29.967 INFO: JdwpEventCenterDelegate: THREAD_RESUMED: thread (33, main, main)
22:37:29.972 INFO: JdwpEventCenterDelegate: THREAD_RESUMED: thread (33, main, main)
22:37:29.987 INFO: JdwpEventCenterDelegate: THREAD_RESUMED: thread (33, main, main)
22:37:29.989 INFO: JdwpEventCenterDelegate: THREAD_RESUMED: thread (33, main, main)
22:37:29.991 INFO: JdwpEventCenterDelegate: THREAD_RESUMED: thread (33, main, main)
22:37:29.993 INFO: JdwpEventCenterDelegate: THREAD_RESUMED: thread (33, main, main)
22:37:29.995 INFO: JdwpEventCenterDelegate: THREAD_RESUMED: thread (33, main, main)
22:37:29.999 INFO: JdwpEventCenterDelegate: THREAD_RESUMED: thread (33, main, main)
22:37:30.013 INFO: JdwpEventCenterDelegate: THREAD_RESUMED: thread (33, main, main)
22:37:30.024 INFO: JdwpEventCenterDelegate: THREAD_RESUMED: thread (33, main, main)
22:37:30.028 INFO: JdwpEventCenterDelegate: THREAD_RESUMED: thread (33, main, main)
22:37:30.030 INFO: JdwpEventCenterDelegate: THREAD_RESUMED: thread (33, main, main)
22:37:30.033 INFO: JdwpEventCenterDelegate: THREAD_RESUMED: thread (33, main, main)
22:37:30.037 INFO: JdwpEventCenterDelegate: THREAD_RESUMED: thread (33, main, main)
22:37:30.060 INFO: JdwpEventCenterDelegate: THREAD_RESUMED: thread (33, main, main)
22:37:30.062 INFO: JdwpEventCenterDelegate: THREAD_RESUMED: thread (33, main, main)
22:37:30.064 INFO: JdwpEventCenterDelegate: THREAD_RESUMED: thread (33, main, main)
22:37:30.066 INFO: JdwpEventCenterDelegate: THREAD_RESUMED: thread (33, main, main)
22:37:30.068 INFO: JdwpEventCenterDelegate: THREAD_RESUMED: thread (33, main, main)
22:37:30.072 INFO: JdwpEventCenterDelegate: THREAD_RESUMED: thread (33, main, main)
22:37:30.093 INFO: JdwpEventCenterDelegate: THREAD_RESUMED: thread (33, main, main)
22:37:30.095 INFO: JdwpEventCenterDelegate: THREAD_RESUMED: thread (33, main, main)
22:37:30.097 INFO: JdwpEventCenterDelegate: THREAD_RESUMED: thread (33, main, main)
22:37:30.099 INFO: JdwpEventCenterDelegate: THREAD_RESUMED: thread (33, main, main)
22:37:30.101 INFO: JdwpEventCenterDelegate: THREAD_RESUMED: thread (33, main, main)
22:37:30.105 INFO: JdwpEventCenterDelegate: THREAD_RESUMED: thread (33, main, main)
22:37:30.123 INFO: JdwpEventCenterDelegate: THREAD_RESUMED: thread (33, main, main)
22:37:30.126 INFO: JdwpEventCenterDelegate: THREAD_RESUMED: thread (33, main, main)
22:37:30.128 INFO: JdwpEventCenterDelegate: THREAD_RESUMED: thread (33, main, main)
22:37:30.130 INFO: JdwpEventCenterDelegate: THREAD_RESUMED: thread (33, main, main)
22:37:30.132 INFO: JdwpEventCenterDelegate: THREAD_RESUMED: thread (33, main, main)
22:37:30.136 INFO: JdwpEventCenterDelegate: THREAD_RESUMED: thread (33, main, main)
22:37:30.148 INFO: JdwpEventCenterDelegate: THREAD_RESUMED: thread (33, main, main)
22:37:30.151 INFO: JdwpEventCenterDelegate: THREAD_RESUMED: thread (33, main, main)
22:37:30.153 INFO: JdwpEventCenterDelegate: THREAD_RESUMED: thread (33, main, main)
22:37:30.155 INFO: JdwpEventCenterDelegate: THREAD_RESUMED: thread (33, main, main)
22:37:30.157 INFO: JdwpEventCenterDelegate: THREAD_RESUMED: thread (33, main, main)
22:37:31.716 INFO: JdwpEventCenterDelegate: THREAD_STARTED: thread (108, Timer, main)
22:37:32.608 INFO: JdwpEventCenterDelegate: THREAD_RESUMED: thread (33, main, main)
22:37:32.639 INFO: JdwpEventCenterDelegate: THREAD_RESUMED: thread (33, main, main)
22:37:32.662 INFO: JdwpEventCenterDelegate: THREAD_RESUMED: thread (33, main, main)
22:37:32.680 INFO: JdwpEventCenterDelegate: THREAD_RESUMED: thread (33, main, main)
22:37:32.720 INFO: JdwpEventCenterDelegate: THREAD_RESUMED: thread (33, main, main)
22:37:32.757 INFO: JdwpEventCenterDelegate: THREAD_RESUMED: thread (33, main, main)
22:37:32.774 INFO: JdwpEventCenterDelegate: THREAD_RESUMED: thread (33, main, main)
22:37:32.789 INFO: JdwpEventCenterDelegate: THREAD_RESUMED: thread (33, main, main)
22:37:32.795 INFO: JdwpEventCenterDelegate: THREAD_RESUMED: thread (33, main, main)
22:37:32.809 INFO: JdwpEventCenterDelegate: THREAD_RESUMED: thread (33, main, main)
22:37:32.840 INFO: JdwpEventCenterDelegate: THREAD_RESUMED: thread (33, main, main)
22:37:32.852 INFO: JdwpEventCenterDelegate: THREAD_RESUMED: thread (33, main, main)
22:37:32.865 INFO: JdwpEventCenterDelegate: THREAD_RESUMED: thread (33, main, main)
22:37:32.877 INFO: JdwpEventCenterDelegate: THREAD_RESUMED: thread (33, main, main)
22:37:32.911 INFO: JdwpEventCenterDelegate: THREAD_RESUMED: thread (33, main, main)
22:37:32.944 INFO: JdwpEventCenterDelegate: THREAD_RESUMED: thread (33, main, main)
22:37:32.960 INFO: JdwpEventCenterDelegate: THREAD_RESUMED: thread (33, main, main)
22:37:32.975 INFO: JdwpEventCenterDelegate: THREAD_RESUMED: thread (33, main, main)
22:37:32.980 INFO: JdwpEventCenterDelegate: THREAD_RESUMED: thread (33, main, main)
22:37:32.994 INFO: JdwpEventCenterDelegate: THREAD_RESUMED: thread (33, main, main)
22:37:38.259 INFO: JdwpEventCenterDelegate: THREAD_RESUMED: thread (33, main, main)
22:37:38.261 INFO: JdwpEventCenterDelegate: THREAD_RESUMED: thread (33, main, main)
22:37:38.264 INFO: JdwpEventCenterDelegate: THREAD_RESUMED: thread (33, main, main)
22:37:38.266 INFO: JdwpEventCenterDelegate: THREAD_RESUMED: thread (33, main, main)
22:37:38.269 INFO: JdwpEventCenterDelegate: THREAD_RESUMED: thread (33, main, main)
22:37:38.272 INFO: JdwpEventCenterDelegate: THREAD_RESUMED: thread (33, main, main)
22:37:38.274 INFO: JdwpEventCenterDelegate: THREAD_RESUMED: thread (33, main, main)
22:37:38.332 INFO: JdwpEventCenterDelegate: THREAD_RESUMED: thread (33, main, main)
22:37:38.335 INFO: JdwpEventCenterDelegate: THREAD_RESUMED: thread (33, main, main)
22:37:38.338 INFO: JdwpEventCenterDelegate: THREAD_RESUMED: thread (33, main, main)
22:37:38.340 INFO: JdwpEventCenterDelegate: THREAD_RESUMED: thread (33, main, main)
22:37:38.343 INFO: JdwpEventCenterDelegate: THREAD_RESUMED: thread (33, main, main)
22:37:38.346 INFO: JdwpEventCenterDelegate: THREAD_RESUMED: thread (33, main, main)
22:37:38.348 INFO: JdwpEventCenterDelegate: THREAD_RESUMED: thread (33, main, main)
22:37:38.379 INFO: JdwpEventCenterDelegate: THREAD_STARTED: thread (123, Thread-7, main)
22:38:43.660 INFO: JdwpEventCenterDelegate: THREAD_DETTACHED: thread (123, Thread-7, main)
22:41:32.857 INFO: JdwpDebugServer: handling req: VirtualMachine(1).Exit(10)
22:41:32.857 SEVERE: Debugger: Thread JDWP server socket thread crashed
org.robovm.debugger.DebuggerException: Terminating due exit command
	at org.robovm.debugger.jdwp.JdwpDebugServer.doSocketWork(JdwpDebugServer.java:211)
	at java.base/java.lang.Thread.run(Thread.java:834)
	at org.robovm.debugger.utils.DebuggerThread.run(DebuggerThread.java:42)
22:41:33.364 SEVERE: Debugger: Thread HooksChannel socket thread crashed
org.robovm.debugger.DebuggerException: java.io.IOException: org.robovm.libimobiledevice.LibIMobileDeviceException: IDEVICE_E_UNKNOWN_ERROR
	at org.robovm.debugger.hooks.HooksChannel.doSocketWork(HooksChannel.java:149)
	at java.base/java.lang.Thread.run(Thread.java:834)
	at org.robovm.debugger.utils.DebuggerThread.run(DebuggerThread.java:42)
Caused by: java.io.IOException: org.robovm.libimobiledevice.LibIMobileDeviceException: IDEVICE_E_UNKNOWN_ERROR
	at org.robovm.libimobiledevice.IDeviceConnection$DeviceInputStream.read(IDeviceConnection.java:203)
	at org.robovm.debugger.utils.bytebuffer.DataBufferWriter.writeFromStream(DataBufferWriter.java:89)
	at org.robovm.debugger.hooks.HooksChannel.doSocketWork(HooksChannel.java:116)
	... 2 more
Caused by: org.robovm.libimobiledevice.LibIMobileDeviceException: IDEVICE_E_UNKNOWN_ERROR
	at org.robovm.libimobiledevice.IDevice.checkResult(IDevice.java:206)
	at org.robovm.libimobiledevice.IDeviceConnection.receive(IDeviceConnection.java:110)
	at org.robovm.libimobiledevice.IDeviceConnection.receive(IDeviceConnection.java:81)
	at org.robovm.libimobiledevice.IDeviceConnection$DeviceInputStream.read(IDeviceConnection.java:201)
	... 4 more
