02:56:41.332 INFO: JdwpDebugServer: handling req: VirtualMachine(1).IDSizes(7)
02:56:41.333 INFO: JdwpDebugServer: handling req: EventRequest(15).Set(1)
02:56:41.333 INFO: JdwpEventCenterDelegate: jdwpSetEventRequest: JdwpEventRequest{requestId=100, eventKind=CLASS_PREPARE, suspendPolicy=NONE, predicates=[]}
02:56:41.333 INFO: JdwpDebugServer: handling req: EventRequest(15).Set(1)
02:56:41.333 INFO: JdwpEventCenterDelegate: jdwpSetEventRequest: JdwpEventRequest{requestId=101, eventKind=CLASS_UNLOAD, suspendPolicy=NONE, predicates=[]}
02:56:41.351 INFO: JdwpDebugServer: handling req: VirtualMachine(1).Version(1)
02:56:41.351 INFO: JdwpDebugServer: handling req: VirtualMachine(1).capabilitiesNew(17)
02:56:41.352 INFO: JdwpDebugServer: handling req: VirtualMachine(1).capabilities(12)
02:56:41.352 INFO: JdwpDebugServer: handling req: VirtualMachine(1).AllClassesWithGeneric(20)
02:56:41.359 INFO: JdwpDebugServer: handling req: VirtualMachine(1).TopLevelThreadGroups(5)
02:56:41.360 INFO: JdwpDebugServer: handling req: EventRequest(15).Set(1)
02:56:41.360 INFO: JdwpEventCenterDelegate: jdwpSetEventRequest: JdwpEventRequest{requestId=102, eventKind=THREAD_START, suspendPolicy=NONE, predicates=[]}
02:56:41.360 INFO: JdwpDebugServer: handling req: EventRequest(15).Set(1)
02:56:41.360 INFO: JdwpEventCenterDelegate: jdwpSetEventRequest: JdwpEventRequest{requestId=103, eventKind=THREAD_DEATH, suspendPolicy=NONE, predicates=[]}
02:56:41.361 INFO: JdwpDebugServer: handling req: EventRequest(15).Set(1)
02:56:41.361 INFO: JdwpEventCenterDelegate: jdwpSetEventRequest: JdwpEventRequest{requestId=104, eventKind=CLASS_PREPARE, suspendPolicy=EVENT_THREAD, predicates=[className=sun.instrument.InstrumentationImpl]}
02:56:41.362 INFO: JdwpDebugServer: handling req: EventRequest(15).Set(1)
02:56:41.362 INFO: JdwpEventCenterDelegate: jdwpSetEventRequest: JdwpEventRequest{requestId=105, eventKind=CLASS_PREPARE, suspendPolicy=EVENT_THREAD, predicates=[className=sun.instrument.InstrumentationImpl]}
02:56:41.946 INFO: JdwpDebugServer: handling req: VirtualMachine(1).Resume(9)
02:56:41.999 INFO: JdwpEventCenterDelegate: THREAD_STARTED: thread (33, main, main)
02:56:42.024 INFO: JdwpEventCenterDelegate: THREAD_STARTED: thread (48, ReferenceQueueDaemon, main)
02:56:42.031 INFO: JdwpEventCenterDelegate: THREAD_STARTED: thread (63, FinalizerDaemon, main)
02:56:42.039 INFO: JdwpEventCenterDelegate: THREAD_STARTED: thread (78, FinalizerWatchdogDaemon, main)
02:56:42.041 INFO: JdwpEventCenterDelegate: THREAD_RESUMED: thread (33, main, main)
02:56:42.043 INFO: JdwpEventCenterDelegate: THREAD_RESUMED: thread (33, main, main)
02:56:42.044 INFO: JdwpEventCenterDelegate: THREAD_RESUMED: thread (33, main, main)
02:56:42.046 INFO: JdwpEventCenterDelegate: THREAD_RESUMED: thread (33, main, main)
02:56:42.047 INFO: JdwpEventCenterDelegate: THREAD_RESUMED: thread (33, main, main)
02:56:42.049 INFO: JdwpEventCenterDelegate: THREAD_RESUMED: thread (33, main, main)
02:56:42.051 INFO: JdwpEventCenterDelegate: THREAD_RESUMED: thread (33, main, main)
02:56:42.053 INFO: JdwpEventCenterDelegate: THREAD_RESUMED: thread (33, main, main)
02:56:42.054 INFO: JdwpEventCenterDelegate: THREAD_RESUMED: thread (33, main, main)
02:56:42.056 INFO: JdwpEventCenterDelegate: THREAD_RESUMED: thread (33, main, main)
02:56:42.058 INFO: JdwpEventCenterDelegate: THREAD_RESUMED: thread (33, main, main)
02:56:42.059 INFO: JdwpEventCenterDelegate: THREAD_RESUMED: thread (33, main, main)
02:56:42.061 INFO: JdwpEventCenterDelegate: THREAD_RESUMED: thread (33, main, main)
02:56:42.062 INFO: JdwpEventCenterDelegate: THREAD_RESUMED: thread (33, main, main)
02:56:42.064 INFO: JdwpEventCenterDelegate: THREAD_RESUMED: thread (33, main, main)
02:56:42.066 INFO: JdwpEventCenterDelegate: THREAD_RESUMED: thread (33, main, main)
02:56:42.067 INFO: JdwpEventCenterDelegate: THREAD_RESUMED: thread (33, main, main)
02:56:42.068 INFO: JdwpEventCenterDelegate: THREAD_RESUMED: thread (33, main, main)
02:56:42.072 INFO: JdwpEventCenterDelegate: THREAD_RESUMED: thread (33, main, main)
02:56:42.074 INFO: JdwpEventCenterDelegate: THREAD_RESUMED: thread (33, main, main)
02:56:42.076 INFO: JdwpEventCenterDelegate: THREAD_RESUMED: thread (33, main, main)
02:56:42.077 INFO: JdwpEventCenterDelegate: THREAD_RESUMED: thread (33, main, main)
02:56:42.079 INFO: JdwpEventCenterDelegate: THREAD_RESUMED: thread (33, main, main)
02:56:42.080 INFO: JdwpEventCenterDelegate: THREAD_RESUMED: thread (33, main, main)
02:56:42.082 INFO: JdwpEventCenterDelegate: THREAD_RESUMED: thread (33, main, main)
02:56:42.114 INFO: JdwpEventCenterDelegate: THREAD_RESUMED: thread (33, main, main)
02:56:42.115 INFO: JdwpEventCenterDelegate: THREAD_RESUMED: thread (33, main, main)
02:56:42.117 INFO: JdwpEventCenterDelegate: THREAD_RESUMED: thread (33, main, main)
02:56:42.118 INFO: JdwpEventCenterDelegate: THREAD_RESUMED: thread (33, main, main)
02:56:42.120 INFO: JdwpEventCenterDelegate: THREAD_RESUMED: thread (33, main, main)
02:56:42.121 INFO: JdwpEventCenterDelegate: THREAD_RESUMED: thread (33, main, main)
02:56:42.123 INFO: JdwpEventCenterDelegate: THREAD_RESUMED: thread (33, main, main)
02:56:42.125 INFO: JdwpEventCenterDelegate: THREAD_RESUMED: thread (33, main, main)
02:56:42.126 INFO: JdwpEventCenterDelegate: THREAD_RESUMED: thread (33, main, main)
02:56:42.128 INFO: JdwpEventCenterDelegate: THREAD_RESUMED: thread (33, main, main)
02:56:42.129 INFO: JdwpEventCenterDelegate: THREAD_RESUMED: thread (33, main, main)
02:56:42.130 INFO: JdwpEventCenterDelegate: THREAD_RESUMED: thread (33, main, main)
02:56:42.131 INFO: JdwpEventCenterDelegate: THREAD_RESUMED: thread (33, main, main)
02:56:42.132 INFO: JdwpEventCenterDelegate: THREAD_RESUMED: thread (33, main, main)
02:56:42.147 INFO: JdwpEventCenterDelegate: THREAD_RESUMED: thread (33, main, main)
02:56:42.149 INFO: JdwpEventCenterDelegate: THREAD_RESUMED: thread (33, main, main)
02:56:42.150 INFO: JdwpEventCenterDelegate: THREAD_RESUMED: thread (33, main, main)
02:56:42.152 INFO: JdwpEventCenterDelegate: THREAD_RESUMED: thread (33, main, main)
02:56:42.153 INFO: JdwpEventCenterDelegate: THREAD_RESUMED: thread (33, main, main)
02:56:42.154 INFO: JdwpEventCenterDelegate: THREAD_RESUMED: thread (33, main, main)
02:56:42.156 INFO: JdwpEventCenterDelegate: THREAD_RESUMED: thread (33, main, main)
02:56:42.176 INFO: JdwpEventCenterDelegate: THREAD_RESUMED: thread (33, main, main)
02:56:42.177 INFO: JdwpEventCenterDelegate: THREAD_RESUMED: thread (33, main, main)
02:56:42.178 INFO: JdwpEventCenterDelegate: THREAD_RESUMED: thread (33, main, main)
02:56:42.179 INFO: JdwpEventCenterDelegate: THREAD_RESUMED: thread (33, main, main)
02:56:42.181 INFO: JdwpEventCenterDelegate: THREAD_RESUMED: thread (33, main, main)
02:56:42.182 INFO: JdwpEventCenterDelegate: THREAD_RESUMED: thread (33, main, main)
02:56:42.183 INFO: JdwpEventCenterDelegate: THREAD_RESUMED: thread (33, main, main)
02:56:42.196 INFO: JdwpEventCenterDelegate: THREAD_RESUMED: thread (33, main, main)
02:56:42.197 INFO: JdwpEventCenterDelegate: THREAD_RESUMED: thread (33, main, main)
02:56:42.198 INFO: JdwpEventCenterDelegate: THREAD_RESUMED: thread (33, main, main)
02:56:42.200 INFO: JdwpEventCenterDelegate: THREAD_RESUMED: thread (33, main, main)
02:56:42.202 INFO: JdwpEventCenterDelegate: THREAD_RESUMED: thread (33, main, main)
02:56:42.204 INFO: JdwpEventCenterDelegate: THREAD_RESUMED: thread (33, main, main)
02:56:42.205 INFO: JdwpEventCenterDelegate: THREAD_RESUMED: thread (33, main, main)
02:56:42.239 INFO: JdwpEventCenterDelegate: THREAD_RESUMED: thread (33, main, main)
02:56:42.240 INFO: JdwpEventCenterDelegate: THREAD_RESUMED: thread (33, main, main)
02:56:42.241 INFO: JdwpEventCenterDelegate: THREAD_RESUMED: thread (33, main, main)
02:56:42.242 INFO: JdwpEventCenterDelegate: THREAD_DETTACHED: thread (33, main, main)
02:56:42.243 SEVERE: Debugger: Thread HooksChannel socket thread crashed
org.robovm.debugger.DebuggerException: java.io.IOException: org.robovm.libimobiledevice.LibIMobileDeviceException: IDEVICE_E_UNKNOWN_ERROR
	at org.robovm.debugger.hooks.HooksChannel.doSocketWork(HooksChannel.java:149)
	at java.base/java.lang.Thread.run(Thread.java:834)
	at org.robovm.debugger.utils.DebuggerThread.run(DebuggerThread.java:42)
Caused by: java.io.IOException: org.robovm.libimobiledevice.LibIMobileDeviceException: IDEVICE_E_UNKNOWN_ERROR
	at org.robovm.libimobiledevice.IDeviceConnection$DeviceInputStream.read(IDeviceConnection.java:203)
	at org.robovm.debugger.utils.bytebuffer.DataBufferWriter.writeFromStream(DataBufferWriter.java:89)
	at org.robovm.debugger.hooks.HooksChannel.doSocketWork(HooksChannel.java:116)
	... 2 more
Caused by: org.robovm.libimobiledevice.LibIMobileDeviceException: IDEVICE_E_UNKNOWN_ERROR
	at org.robovm.libimobiledevice.IDevice.checkResult(IDevice.java:206)
	at org.robovm.libimobiledevice.IDeviceConnection.receive(IDeviceConnection.java:110)
	at org.robovm.libimobiledevice.IDeviceConnection.receive(IDeviceConnection.java:81)
	at org.robovm.libimobiledevice.IDeviceConnection$DeviceInputStream.read(IDeviceConnection.java:201)
	... 4 more
02:56:42.250 INFO: JdwpDebugServer: handling req: VirtualMachine(1).Exit(10)
02:56:42.250 SEVERE: Debugger: Thread JDWP server socket thread crashed
org.robovm.debugger.DebuggerException: Terminating due exit command
	at org.robovm.debugger.jdwp.JdwpDebugServer.doSocketWork(JdwpDebugServer.java:211)
	at java.base/java.lang.Thread.run(Thread.java:834)
	at org.robovm.debugger.utils.DebuggerThread.run(DebuggerThread.java:42)
