18:02:52.721 INFO: JdwpDebugServer: handling req: VirtualMachine(1).IDSizes(7)
18:02:52.722 INFO: JdwpDebugServer: handling req: EventRequest(15).Set(1)
18:02:52.722 INFO: JdwpEventCenterDelegate: jdwpSetEventRequest: JdwpEventRequest{requestId=100, eventKind=CLASS_PREPARE, suspendPolicy=NONE, predicates=[]}
18:02:52.722 INFO: JdwpDebugServer: handling req: EventRequest(15).Set(1)
18:02:52.722 INFO: JdwpEventCenterDelegate: jdwpSetEventRequest: JdwpEventRequest{requestId=101, eventKind=CLASS_UNLOAD, suspendPolicy=NONE, predicates=[]}
18:02:52.747 INFO: JdwpDebugServer: handling req: VirtualMachine(1).Version(1)
18:02:52.747 INFO: JdwpDebugServer: handling req: VirtualMachine(1).capabilitiesNew(17)
18:02:52.747 INFO: JdwpDebugServer: handling req: VirtualMachine(1).capabilities(12)
18:02:52.747 INFO: JdwpDebugServer: handling req: VirtualMachine(1).AllClassesWithGeneric(20)
18:02:52.752 INFO: JdwpDebugServer: handling req: VirtualMachine(1).TopLevelThreadGroups(5)
18:02:52.752 INFO: JdwpDebugServer: handling req: EventRequest(15).Set(1)
18:02:52.753 INFO: JdwpEventCenterDelegate: jdwpSetEventRequest: JdwpEventRequest{requestId=102, eventKind=THREAD_START, suspendPolicy=NONE, predicates=[]}
18:02:52.753 INFO: JdwpDebugServer: handling req: EventRequest(15).Set(1)
18:02:52.753 INFO: JdwpEventCenterDelegate: jdwpSetEventRequest: JdwpEventRequest{requestId=103, eventKind=THREAD_DEATH, suspendPolicy=NONE, predicates=[]}
18:02:52.833 INFO: JdwpDebugServer: handling req: EventRequest(15).Set(1)
18:02:52.833 INFO: JdwpEventCenterDelegate: jdwpSetEventRequest: JdwpEventRequest{requestId=104, eventKind=CLASS_PREPARE, suspendPolicy=EVENT_THREAD, predicates=[className=sun.instrument.InstrumentationImpl]}
18:02:52.833 INFO: JdwpDebugServer: handling req: EventRequest(15).Set(1)
18:02:52.833 INFO: JdwpEventCenterDelegate: jdwpSetEventRequest: JdwpEventRequest{requestId=105, eventKind=CLASS_PREPARE, suspendPolicy=EVENT_THREAD, predicates=[className=sun.instrument.InstrumentationImpl]}
18:02:53.125 INFO: JdwpDebugServer: handling req: VirtualMachine(1).Resume(9)
18:02:53.160 INFO: JdwpEventCenterDelegate: THREAD_STARTED: thread (33, main, main)
18:02:53.173 INFO: JdwpEventCenterDelegate: THREAD_STARTED: thread (48, ReferenceQueueDaemon, main)
18:02:53.178 INFO: JdwpEventCenterDelegate: THREAD_STARTED: thread (63, FinalizerDaemon, main)
18:02:53.183 INFO: JdwpEventCenterDelegate: THREAD_STARTED: thread (78, FinalizerWatchdogDaemon, main)
18:02:53.185 INFO: JdwpEventCenterDelegate: THREAD_RESUMED: thread (33, main, main)
18:02:53.186 INFO: JdwpEventCenterDelegate: THREAD_RESUMED: thread (33, main, main)
18:02:53.187 INFO: JdwpEventCenterDelegate: THREAD_RESUMED: thread (33, main, main)
18:02:53.188 INFO: JdwpEventCenterDelegate: THREAD_RESUMED: thread (33, main, main)
18:02:53.189 INFO: JdwpEventCenterDelegate: THREAD_RESUMED: thread (33, main, main)
18:02:53.190 INFO: JdwpEventCenterDelegate: THREAD_RESUMED: thread (33, main, main)
18:02:53.191 INFO: JdwpEventCenterDelegate: THREAD_RESUMED: thread (33, main, main)
18:02:53.193 INFO: JdwpEventCenterDelegate: THREAD_RESUMED: thread (33, main, main)
18:02:53.194 INFO: JdwpEventCenterDelegate: THREAD_RESUMED: thread (33, main, main)
18:02:53.195 INFO: JdwpEventCenterDelegate: THREAD_RESUMED: thread (33, main, main)
18:02:53.196 INFO: JdwpEventCenterDelegate: THREAD_RESUMED: thread (33, main, main)
18:02:53.197 INFO: JdwpEventCenterDelegate: THREAD_RESUMED: thread (33, main, main)
18:02:53.198 INFO: JdwpEventCenterDelegate: THREAD_RESUMED: thread (33, main, main)
18:02:53.199 INFO: JdwpEventCenterDelegate: THREAD_RESUMED: thread (33, main, main)
18:02:53.200 INFO: JdwpEventCenterDelegate: THREAD_RESUMED: thread (33, main, main)
18:02:53.201 INFO: JdwpEventCenterDelegate: THREAD_RESUMED: thread (33, main, main)
18:02:53.203 INFO: JdwpEventCenterDelegate: THREAD_RESUMED: thread (33, main, main)
18:02:53.204 INFO: JdwpEventCenterDelegate: THREAD_RESUMED: thread (33, main, main)
18:02:53.206 INFO: JdwpEventCenterDelegate: THREAD_RESUMED: thread (33, main, main)
18:02:53.207 INFO: JdwpEventCenterDelegate: THREAD_RESUMED: thread (33, main, main)
18:02:53.209 INFO: JdwpEventCenterDelegate: THREAD_RESUMED: thread (33, main, main)
18:02:53.210 INFO: JdwpEventCenterDelegate: THREAD_RESUMED: thread (33, main, main)
18:02:53.212 INFO: JdwpEventCenterDelegate: THREAD_RESUMED: thread (33, main, main)
18:02:53.213 INFO: JdwpEventCenterDelegate: THREAD_RESUMED: thread (33, main, main)
18:02:53.214 INFO: JdwpEventCenterDelegate: THREAD_RESUMED: thread (33, main, main)
18:02:53.237 INFO: JdwpEventCenterDelegate: THREAD_RESUMED: thread (33, main, main)
18:02:53.238 INFO: JdwpEventCenterDelegate: THREAD_RESUMED: thread (33, main, main)
18:02:53.240 INFO: JdwpEventCenterDelegate: THREAD_RESUMED: thread (33, main, main)
18:02:53.242 INFO: JdwpEventCenterDelegate: THREAD_RESUMED: thread (33, main, main)
18:02:53.243 INFO: JdwpEventCenterDelegate: THREAD_RESUMED: thread (33, main, main)
18:02:53.244 INFO: JdwpEventCenterDelegate: THREAD_RESUMED: thread (33, main, main)
18:02:53.293 INFO: JdwpEventCenterDelegate: THREAD_RESUMED: thread (33, main, main)
18:02:53.295 INFO: JdwpEventCenterDelegate: THREAD_RESUMED: thread (33, main, main)
18:02:53.296 INFO: JdwpEventCenterDelegate: THREAD_RESUMED: thread (33, main, main)
18:02:53.297 INFO: JdwpEventCenterDelegate: THREAD_RESUMED: thread (33, main, main)
18:02:53.298 INFO: JdwpEventCenterDelegate: THREAD_RESUMED: thread (33, main, main)
18:02:53.299 INFO: JdwpEventCenterDelegate: THREAD_RESUMED: thread (33, main, main)
18:02:53.301 INFO: JdwpEventCenterDelegate: THREAD_RESUMED: thread (33, main, main)
18:02:53.301 INFO: JdwpEventCenterDelegate: THREAD_RESUMED: thread (33, main, main)
18:02:53.317 INFO: JdwpEventCenterDelegate: THREAD_RESUMED: thread (33, main, main)
18:02:53.318 INFO: JdwpEventCenterDelegate: THREAD_RESUMED: thread (33, main, main)
18:02:53.320 INFO: JdwpEventCenterDelegate: THREAD_RESUMED: thread (33, main, main)
18:02:53.321 INFO: JdwpEventCenterDelegate: THREAD_RESUMED: thread (33, main, main)
18:02:53.322 INFO: JdwpEventCenterDelegate: THREAD_RESUMED: thread (33, main, main)
18:02:53.323 INFO: JdwpEventCenterDelegate: THREAD_RESUMED: thread (33, main, main)
18:02:53.324 INFO: JdwpEventCenterDelegate: THREAD_RESUMED: thread (33, main, main)
18:02:53.361 INFO: JdwpEventCenterDelegate: THREAD_RESUMED: thread (33, main, main)
18:02:53.363 INFO: JdwpEventCenterDelegate: THREAD_RESUMED: thread (33, main, main)
18:02:53.364 INFO: JdwpEventCenterDelegate: THREAD_RESUMED: thread (33, main, main)
18:02:53.365 INFO: JdwpEventCenterDelegate: THREAD_RESUMED: thread (33, main, main)
18:02:53.366 INFO: JdwpEventCenterDelegate: THREAD_RESUMED: thread (33, main, main)
18:02:53.367 INFO: JdwpEventCenterDelegate: THREAD_RESUMED: thread (33, main, main)
18:02:53.369 INFO: JdwpEventCenterDelegate: THREAD_RESUMED: thread (33, main, main)
18:02:53.380 INFO: JdwpEventCenterDelegate: THREAD_RESUMED: thread (33, main, main)
18:02:53.381 INFO: JdwpEventCenterDelegate: THREAD_RESUMED: thread (33, main, main)
18:02:53.382 INFO: JdwpEventCenterDelegate: THREAD_RESUMED: thread (33, main, main)
18:02:53.383 INFO: JdwpEventCenterDelegate: THREAD_RESUMED: thread (33, main, main)
18:02:53.384 INFO: JdwpEventCenterDelegate: THREAD_RESUMED: thread (33, main, main)
18:02:53.386 INFO: JdwpEventCenterDelegate: THREAD_RESUMED: thread (33, main, main)
18:02:53.387 INFO: JdwpEventCenterDelegate: THREAD_RESUMED: thread (33, main, main)
18:02:53.396 INFO: JdwpEventCenterDelegate: THREAD_RESUMED: thread (33, main, main)
18:02:53.397 INFO: JdwpEventCenterDelegate: THREAD_RESUMED: thread (33, main, main)
18:02:53.398 INFO: JdwpEventCenterDelegate: THREAD_RESUMED: thread (33, main, main)
18:02:53.401 INFO: JdwpEventCenterDelegate: THREAD_RESUMED: thread (33, main, main)
18:02:53.402 INFO: JdwpEventCenterDelegate: THREAD_RESUMED: thread (33, main, main)
18:02:53.404 INFO: JdwpEventCenterDelegate: THREAD_RESUMED: thread (33, main, main)
18:02:53.405 INFO: JdwpEventCenterDelegate: THREAD_RESUMED: thread (33, main, main)
18:02:53.407 INFO: JdwpEventCenterDelegate: THREAD_RESUMED: thread (33, main, main)
18:02:53.408 INFO: JdwpEventCenterDelegate: THREAD_RESUMED: thread (33, main, main)
18:02:53.409 INFO: JdwpEventCenterDelegate: THREAD_RESUMED: thread (33, main, main)
18:02:53.411 INFO: JdwpEventCenterDelegate: THREAD_RESUMED: thread (33, main, main)
18:02:53.412 INFO: JdwpEventCenterDelegate: THREAD_RESUMED: thread (33, main, main)
18:02:53.413 INFO: JdwpEventCenterDelegate: THREAD_RESUMED: thread (33, main, main)
18:02:53.415 INFO: JdwpEventCenterDelegate: THREAD_RESUMED: thread (33, main, main)
18:02:53.416 INFO: JdwpEventCenterDelegate: THREAD_RESUMED: thread (33, main, main)
18:02:53.417 INFO: JdwpEventCenterDelegate: THREAD_RESUMED: thread (33, main, main)
18:02:53.419 INFO: JdwpEventCenterDelegate: THREAD_RESUMED: thread (33, main, main)
18:02:53.420 INFO: JdwpEventCenterDelegate: THREAD_RESUMED: thread (33, main, main)
18:02:53.424 INFO: JdwpEventCenterDelegate: THREAD_RESUMED: thread (33, main, main)
18:02:53.425 INFO: JdwpEventCenterDelegate: THREAD_RESUMED: thread (33, main, main)
18:02:53.555 INFO: JdwpEventCenterDelegate: THREAD_STARTED: thread (93, AssetManager, main)
18:02:53.659 INFO: JdwpEventCenterDelegate: THREAD_RESUMED: thread (33, main, main)
18:02:53.661 INFO: JdwpEventCenterDelegate: THREAD_RESUMED: thread (33, main, main)
18:02:56.368 INFO: JdwpEventCenterDelegate: THREAD_RESUMED: thread (33, main, main)
18:02:56.468 INFO: JdwpEventCenterDelegate: THREAD_RESUMED: thread (33, main, main)
18:02:56.469 INFO: JdwpEventCenterDelegate: THREAD_RESUMED: thread (33, main, main)
18:02:56.471 INFO: JdwpEventCenterDelegate: THREAD_RESUMED: thread (33, main, main)
18:02:56.473 INFO: JdwpEventCenterDelegate: THREAD_RESUMED: thread (33, main, main)
18:02:56.475 INFO: JdwpEventCenterDelegate: THREAD_RESUMED: thread (33, main, main)
18:02:56.481 INFO: JdwpEventCenterDelegate: THREAD_RESUMED: thread (33, main, main)
18:02:56.493 INFO: JdwpEventCenterDelegate: THREAD_RESUMED: thread (33, main, main)
18:02:56.495 INFO: JdwpEventCenterDelegate: THREAD_RESUMED: thread (33, main, main)
18:02:56.498 INFO: JdwpEventCenterDelegate: THREAD_RESUMED: thread (33, main, main)
18:02:56.500 INFO: JdwpEventCenterDelegate: THREAD_RESUMED: thread (33, main, main)
18:02:56.502 INFO: JdwpEventCenterDelegate: THREAD_RESUMED: thread (33, main, main)
18:02:56.507 INFO: JdwpEventCenterDelegate: THREAD_RESUMED: thread (33, main, main)
18:02:56.522 INFO: JdwpEventCenterDelegate: THREAD_RESUMED: thread (33, main, main)
18:02:56.524 INFO: JdwpEventCenterDelegate: THREAD_RESUMED: thread (33, main, main)
18:02:56.526 INFO: JdwpEventCenterDelegate: THREAD_RESUMED: thread (33, main, main)
18:02:56.528 INFO: JdwpEventCenterDelegate: THREAD_RESUMED: thread (33, main, main)
18:02:56.530 INFO: JdwpEventCenterDelegate: THREAD_RESUMED: thread (33, main, main)
18:02:56.535 INFO: JdwpEventCenterDelegate: THREAD_RESUMED: thread (33, main, main)
18:02:56.553 INFO: JdwpEventCenterDelegate: THREAD_RESUMED: thread (33, main, main)
18:02:56.555 INFO: JdwpEventCenterDelegate: THREAD_RESUMED: thread (33, main, main)
18:02:56.557 INFO: JdwpEventCenterDelegate: THREAD_RESUMED: thread (33, main, main)
18:02:56.559 INFO: JdwpEventCenterDelegate: THREAD_RESUMED: thread (33, main, main)
18:02:56.562 INFO: JdwpEventCenterDelegate: THREAD_RESUMED: thread (33, main, main)
18:02:56.567 INFO: JdwpEventCenterDelegate: THREAD_RESUMED: thread (33, main, main)
18:02:56.582 INFO: JdwpEventCenterDelegate: THREAD_RESUMED: thread (33, main, main)
18:02:56.584 INFO: JdwpEventCenterDelegate: THREAD_RESUMED: thread (33, main, main)
18:02:56.586 INFO: JdwpEventCenterDelegate: THREAD_RESUMED: thread (33, main, main)
18:02:56.589 INFO: JdwpEventCenterDelegate: THREAD_RESUMED: thread (33, main, main)
18:02:56.591 INFO: JdwpEventCenterDelegate: THREAD_RESUMED: thread (33, main, main)
18:02:56.596 INFO: JdwpEventCenterDelegate: THREAD_RESUMED: thread (33, main, main)
18:02:56.611 INFO: JdwpEventCenterDelegate: THREAD_RESUMED: thread (33, main, main)
18:02:56.613 INFO: JdwpEventCenterDelegate: THREAD_RESUMED: thread (33, main, main)
18:02:56.615 INFO: JdwpEventCenterDelegate: THREAD_RESUMED: thread (33, main, main)
18:02:56.618 INFO: JdwpEventCenterDelegate: THREAD_RESUMED: thread (33, main, main)
18:02:56.620 INFO: JdwpEventCenterDelegate: THREAD_RESUMED: thread (33, main, main)
18:02:56.625 INFO: JdwpEventCenterDelegate: THREAD_RESUMED: thread (33, main, main)
18:02:56.647 INFO: JdwpEventCenterDelegate: THREAD_RESUMED: thread (33, main, main)
18:02:56.649 INFO: JdwpEventCenterDelegate: THREAD_RESUMED: thread (33, main, main)
18:02:56.650 INFO: JdwpEventCenterDelegate: THREAD_RESUMED: thread (33, main, main)
18:02:56.653 INFO: JdwpEventCenterDelegate: THREAD_RESUMED: thread (33, main, main)
18:02:56.655 INFO: JdwpEventCenterDelegate: THREAD_RESUMED: thread (33, main, main)
18:02:56.659 INFO: JdwpEventCenterDelegate: THREAD_RESUMED: thread (33, main, main)
18:02:56.679 INFO: JdwpEventCenterDelegate: THREAD_RESUMED: thread (33, main, main)
18:02:56.681 INFO: JdwpEventCenterDelegate: THREAD_RESUMED: thread (33, main, main)
18:02:56.683 INFO: JdwpEventCenterDelegate: THREAD_RESUMED: thread (33, main, main)
18:02:56.685 INFO: JdwpEventCenterDelegate: THREAD_RESUMED: thread (33, main, main)
18:02:56.687 INFO: JdwpEventCenterDelegate: THREAD_RESUMED: thread (33, main, main)
18:02:56.692 INFO: JdwpEventCenterDelegate: THREAD_RESUMED: thread (33, main, main)
18:02:56.710 INFO: JdwpEventCenterDelegate: THREAD_RESUMED: thread (33, main, main)
18:02:56.713 INFO: JdwpEventCenterDelegate: THREAD_RESUMED: thread (33, main, main)
18:02:56.715 INFO: JdwpEventCenterDelegate: THREAD_RESUMED: thread (33, main, main)
18:02:56.717 INFO: JdwpEventCenterDelegate: THREAD_RESUMED: thread (33, main, main)
18:02:56.719 INFO: JdwpEventCenterDelegate: THREAD_RESUMED: thread (33, main, main)
18:02:56.723 INFO: JdwpEventCenterDelegate: THREAD_RESUMED: thread (33, main, main)
18:02:56.738 INFO: JdwpEventCenterDelegate: THREAD_RESUMED: thread (33, main, main)
18:02:56.740 INFO: JdwpEventCenterDelegate: THREAD_RESUMED: thread (33, main, main)
18:02:56.742 INFO: JdwpEventCenterDelegate: THREAD_RESUMED: thread (33, main, main)
18:02:56.744 INFO: JdwpEventCenterDelegate: THREAD_RESUMED: thread (33, main, main)
18:02:56.745 INFO: JdwpEventCenterDelegate: THREAD_RESUMED: thread (33, main, main)
18:02:56.749 INFO: JdwpEventCenterDelegate: THREAD_RESUMED: thread (33, main, main)
18:02:56.764 INFO: JdwpEventCenterDelegate: THREAD_RESUMED: thread (33, main, main)
18:02:56.766 INFO: JdwpEventCenterDelegate: THREAD_RESUMED: thread (33, main, main)
18:02:56.769 INFO: JdwpEventCenterDelegate: THREAD_RESUMED: thread (33, main, main)
18:02:56.770 INFO: JdwpEventCenterDelegate: THREAD_RESUMED: thread (33, main, main)
18:02:56.772 INFO: JdwpEventCenterDelegate: THREAD_RESUMED: thread (33, main, main)
18:02:56.777 INFO: JdwpEventCenterDelegate: THREAD_RESUMED: thread (33, main, main)
18:02:56.797 INFO: JdwpEventCenterDelegate: THREAD_RESUMED: thread (33, main, main)
18:02:56.799 INFO: JdwpEventCenterDelegate: THREAD_RESUMED: thread (33, main, main)
18:02:56.801 INFO: JdwpEventCenterDelegate: THREAD_RESUMED: thread (33, main, main)
18:02:56.804 INFO: JdwpEventCenterDelegate: THREAD_RESUMED: thread (33, main, main)
18:02:56.806 INFO: JdwpEventCenterDelegate: THREAD_RESUMED: thread (33, main, main)
18:02:56.811 INFO: JdwpEventCenterDelegate: THREAD_RESUMED: thread (33, main, main)
18:02:56.833 INFO: JdwpEventCenterDelegate: THREAD_RESUMED: thread (33, main, main)
18:02:56.835 INFO: JdwpEventCenterDelegate: THREAD_RESUMED: thread (33, main, main)
18:02:56.838 INFO: JdwpEventCenterDelegate: THREAD_RESUMED: thread (33, main, main)
18:02:56.840 INFO: JdwpEventCenterDelegate: THREAD_RESUMED: thread (33, main, main)
18:02:56.842 INFO: JdwpEventCenterDelegate: THREAD_RESUMED: thread (33, main, main)
18:02:56.847 INFO: JdwpEventCenterDelegate: THREAD_RESUMED: thread (33, main, main)
18:02:56.866 INFO: JdwpEventCenterDelegate: THREAD_RESUMED: thread (33, main, main)
18:02:56.868 INFO: JdwpEventCenterDelegate: THREAD_RESUMED: thread (33, main, main)
18:02:56.870 INFO: JdwpEventCenterDelegate: THREAD_RESUMED: thread (33, main, main)
18:02:56.872 INFO: JdwpEventCenterDelegate: THREAD_RESUMED: thread (33, main, main)
18:02:56.875 INFO: JdwpEventCenterDelegate: THREAD_RESUMED: thread (33, main, main)
18:02:56.880 INFO: JdwpEventCenterDelegate: THREAD_RESUMED: thread (33, main, main)
18:02:56.893 INFO: JdwpEventCenterDelegate: THREAD_RESUMED: thread (33, main, main)
18:02:56.895 INFO: JdwpEventCenterDelegate: THREAD_RESUMED: thread (33, main, main)
18:02:56.898 INFO: JdwpEventCenterDelegate: THREAD_RESUMED: thread (33, main, main)
18:02:56.900 INFO: JdwpEventCenterDelegate: THREAD_RESUMED: thread (33, main, main)
18:02:56.902 INFO: JdwpEventCenterDelegate: THREAD_RESUMED: thread (33, main, main)
18:02:56.907 INFO: JdwpEventCenterDelegate: THREAD_RESUMED: thread (33, main, main)
18:02:56.909 INFO: JdwpEventCenterDelegate: THREAD_RESUMED: thread (33, main, main)
18:02:56.912 INFO: JdwpEventCenterDelegate: THREAD_RESUMED: thread (33, main, main)
18:02:56.914 INFO: JdwpEventCenterDelegate: THREAD_RESUMED: thread (33, main, main)
18:02:56.917 INFO: JdwpEventCenterDelegate: THREAD_RESUMED: thread (33, main, main)
18:02:56.919 INFO: JdwpEventCenterDelegate: THREAD_RESUMED: thread (33, main, main)
18:02:56.921 INFO: JdwpEventCenterDelegate: THREAD_RESUMED: thread (33, main, main)
18:02:56.926 INFO: JdwpEventCenterDelegate: THREAD_RESUMED: thread (33, main, main)
18:02:56.928 INFO: JdwpEventCenterDelegate: THREAD_RESUMED: thread (33, main, main)
18:02:56.930 INFO: JdwpEventCenterDelegate: THREAD_RESUMED: thread (33, main, main)
18:02:56.932 INFO: JdwpEventCenterDelegate: THREAD_RESUMED: thread (33, main, main)
18:02:56.937 INFO: JdwpEventCenterDelegate: THREAD_RESUMED: thread (33, main, main)
18:02:56.938 INFO: JdwpEventCenterDelegate: THREAD_RESUMED: thread (33, main, main)
18:02:56.940 INFO: JdwpEventCenterDelegate: THREAD_RESUMED: thread (33, main, main)
18:02:56.942 INFO: JdwpEventCenterDelegate: THREAD_RESUMED: thread (33, main, main)
18:02:56.944 INFO: JdwpEventCenterDelegate: THREAD_RESUMED: thread (33, main, main)
18:02:56.949 INFO: JdwpEventCenterDelegate: THREAD_RESUMED: thread (33, main, main)
18:02:56.962 INFO: JdwpEventCenterDelegate: THREAD_RESUMED: thread (33, main, main)
18:02:56.979 INFO: JdwpEventCenterDelegate: THREAD_RESUMED: thread (33, main, main)
18:02:56.990 INFO: JdwpEventCenterDelegate: THREAD_RESUMED: thread (33, main, main)
18:02:57.003 INFO: JdwpEventCenterDelegate: THREAD_RESUMED: thread (33, main, main)
18:02:57.034 INFO: JdwpEventCenterDelegate: THREAD_RESUMED: thread (33, main, main)
18:02:57.036 INFO: JdwpEventCenterDelegate: THREAD_RESUMED: thread (33, main, main)
18:02:57.039 INFO: JdwpEventCenterDelegate: THREAD_RESUMED: thread (33, main, main)
18:02:57.041 INFO: JdwpEventCenterDelegate: THREAD_RESUMED: thread (33, main, main)
18:02:57.043 INFO: JdwpEventCenterDelegate: THREAD_RESUMED: thread (33, main, main)
18:02:57.048 INFO: JdwpEventCenterDelegate: THREAD_RESUMED: thread (33, main, main)
18:02:57.059 INFO: JdwpEventCenterDelegate: THREAD_RESUMED: thread (33, main, main)
18:02:57.062 INFO: JdwpEventCenterDelegate: THREAD_RESUMED: thread (33, main, main)
18:02:57.064 INFO: JdwpEventCenterDelegate: THREAD_RESUMED: thread (33, main, main)
18:02:57.067 INFO: JdwpEventCenterDelegate: THREAD_RESUMED: thread (33, main, main)
18:02:57.069 INFO: JdwpEventCenterDelegate: THREAD_RESUMED: thread (33, main, main)
18:02:57.074 INFO: JdwpEventCenterDelegate: THREAD_RESUMED: thread (33, main, main)
18:02:57.088 INFO: JdwpEventCenterDelegate: THREAD_RESUMED: thread (33, main, main)
18:02:57.091 INFO: JdwpEventCenterDelegate: THREAD_RESUMED: thread (33, main, main)
18:02:57.094 INFO: JdwpEventCenterDelegate: THREAD_RESUMED: thread (33, main, main)
18:02:57.096 INFO: JdwpEventCenterDelegate: THREAD_RESUMED: thread (33, main, main)
18:02:57.098 INFO: JdwpEventCenterDelegate: THREAD_RESUMED: thread (33, main, main)
18:02:57.103 INFO: JdwpEventCenterDelegate: THREAD_RESUMED: thread (33, main, main)
18:02:57.120 INFO: JdwpEventCenterDelegate: THREAD_RESUMED: thread (33, main, main)
18:02:57.122 INFO: JdwpEventCenterDelegate: THREAD_RESUMED: thread (33, main, main)
18:02:57.124 INFO: JdwpEventCenterDelegate: THREAD_RESUMED: thread (33, main, main)
18:02:57.127 INFO: JdwpEventCenterDelegate: THREAD_RESUMED: thread (33, main, main)
18:02:57.129 INFO: JdwpEventCenterDelegate: THREAD_RESUMED: thread (33, main, main)
18:02:57.133 INFO: JdwpEventCenterDelegate: THREAD_RESUMED: thread (33, main, main)
18:02:57.155 INFO: JdwpEventCenterDelegate: THREAD_RESUMED: thread (33, main, main)
18:02:57.158 INFO: JdwpEventCenterDelegate: THREAD_RESUMED: thread (33, main, main)
18:02:57.160 INFO: JdwpEventCenterDelegate: THREAD_RESUMED: thread (33, main, main)
18:02:57.162 INFO: JdwpEventCenterDelegate: THREAD_RESUMED: thread (33, main, main)
18:02:57.164 INFO: JdwpEventCenterDelegate: THREAD_RESUMED: thread (33, main, main)
18:02:57.168 INFO: JdwpEventCenterDelegate: THREAD_RESUMED: thread (33, main, main)
18:02:57.183 INFO: JdwpEventCenterDelegate: THREAD_RESUMED: thread (33, main, main)
18:02:57.185 INFO: JdwpEventCenterDelegate: THREAD_RESUMED: thread (33, main, main)
18:02:57.188 INFO: JdwpEventCenterDelegate: THREAD_RESUMED: thread (33, main, main)
18:02:57.190 INFO: JdwpEventCenterDelegate: THREAD_RESUMED: thread (33, main, main)
18:02:57.192 INFO: JdwpEventCenterDelegate: THREAD_RESUMED: thread (33, main, main)
18:02:57.196 INFO: JdwpEventCenterDelegate: THREAD_RESUMED: thread (33, main, main)
18:02:57.217 INFO: JdwpEventCenterDelegate: THREAD_RESUMED: thread (33, main, main)
18:02:57.219 INFO: JdwpEventCenterDelegate: THREAD_RESUMED: thread (33, main, main)
18:02:57.221 INFO: JdwpEventCenterDelegate: THREAD_RESUMED: thread (33, main, main)
18:02:57.224 INFO: JdwpEventCenterDelegate: THREAD_RESUMED: thread (33, main, main)
18:02:57.226 INFO: JdwpEventCenterDelegate: THREAD_RESUMED: thread (33, main, main)
18:02:57.230 INFO: JdwpEventCenterDelegate: THREAD_RESUMED: thread (33, main, main)
18:02:57.248 INFO: JdwpEventCenterDelegate: THREAD_RESUMED: thread (33, main, main)
18:02:57.250 INFO: JdwpEventCenterDelegate: THREAD_RESUMED: thread (33, main, main)
18:02:57.251 INFO: JdwpEventCenterDelegate: THREAD_RESUMED: thread (33, main, main)
18:02:57.253 INFO: JdwpEventCenterDelegate: THREAD_RESUMED: thread (33, main, main)
18:02:57.255 INFO: JdwpEventCenterDelegate: THREAD_RESUMED: thread (33, main, main)
18:02:57.259 INFO: JdwpEventCenterDelegate: THREAD_RESUMED: thread (33, main, main)
18:02:57.277 INFO: JdwpEventCenterDelegate: THREAD_RESUMED: thread (33, main, main)
18:02:57.279 INFO: JdwpEventCenterDelegate: THREAD_RESUMED: thread (33, main, main)
18:02:57.281 INFO: JdwpEventCenterDelegate: THREAD_RESUMED: thread (33, main, main)
18:02:57.283 INFO: JdwpEventCenterDelegate: THREAD_RESUMED: thread (33, main, main)
18:02:57.285 INFO: JdwpEventCenterDelegate: THREAD_RESUMED: thread (33, main, main)
18:02:57.290 INFO: JdwpEventCenterDelegate: THREAD_RESUMED: thread (33, main, main)
18:02:57.304 INFO: JdwpEventCenterDelegate: THREAD_RESUMED: thread (33, main, main)
18:02:57.306 INFO: JdwpEventCenterDelegate: THREAD_RESUMED: thread (33, main, main)
18:02:57.309 INFO: JdwpEventCenterDelegate: THREAD_RESUMED: thread (33, main, main)
18:02:57.311 INFO: JdwpEventCenterDelegate: THREAD_RESUMED: thread (33, main, main)
18:02:57.313 INFO: JdwpEventCenterDelegate: THREAD_RESUMED: thread (33, main, main)
18:02:57.318 INFO: JdwpEventCenterDelegate: THREAD_RESUMED: thread (33, main, main)
18:02:57.332 INFO: JdwpEventCenterDelegate: THREAD_RESUMED: thread (33, main, main)
18:02:57.334 INFO: JdwpEventCenterDelegate: THREAD_RESUMED: thread (33, main, main)
18:02:57.336 INFO: JdwpEventCenterDelegate: THREAD_RESUMED: thread (33, main, main)
18:02:57.339 INFO: JdwpEventCenterDelegate: THREAD_RESUMED: thread (33, main, main)
18:02:57.341 INFO: JdwpEventCenterDelegate: THREAD_RESUMED: thread (33, main, main)
18:02:57.345 INFO: JdwpEventCenterDelegate: THREAD_RESUMED: thread (33, main, main)
18:02:57.364 INFO: JdwpEventCenterDelegate: THREAD_RESUMED: thread (33, main, main)
18:02:57.365 INFO: JdwpEventCenterDelegate: THREAD_RESUMED: thread (33, main, main)
18:02:57.367 INFO: JdwpEventCenterDelegate: THREAD_RESUMED: thread (33, main, main)
18:02:57.369 INFO: JdwpEventCenterDelegate: THREAD_RESUMED: thread (33, main, main)
18:02:57.371 INFO: JdwpEventCenterDelegate: THREAD_RESUMED: thread (33, main, main)
18:02:57.376 INFO: JdwpEventCenterDelegate: THREAD_RESUMED: thread (33, main, main)
18:02:57.400 INFO: JdwpEventCenterDelegate: THREAD_RESUMED: thread (33, main, main)
18:02:57.402 INFO: JdwpEventCenterDelegate: THREAD_RESUMED: thread (33, main, main)
18:02:57.405 INFO: JdwpEventCenterDelegate: THREAD_RESUMED: thread (33, main, main)
18:02:57.407 INFO: JdwpEventCenterDelegate: THREAD_RESUMED: thread (33, main, main)
18:02:57.409 INFO: JdwpEventCenterDelegate: THREAD_RESUMED: thread (33, main, main)
18:02:57.414 INFO: JdwpEventCenterDelegate: THREAD_RESUMED: thread (33, main, main)
18:02:57.432 INFO: JdwpEventCenterDelegate: THREAD_RESUMED: thread (33, main, main)
18:02:57.434 INFO: JdwpEventCenterDelegate: THREAD_RESUMED: thread (33, main, main)
18:02:57.436 INFO: JdwpEventCenterDelegate: THREAD_RESUMED: thread (33, main, main)
18:02:57.439 INFO: JdwpEventCenterDelegate: THREAD_RESUMED: thread (33, main, main)
18:02:57.441 INFO: JdwpEventCenterDelegate: THREAD_RESUMED: thread (33, main, main)
18:02:57.445 INFO: JdwpEventCenterDelegate: THREAD_RESUMED: thread (33, main, main)
18:02:57.458 INFO: JdwpEventCenterDelegate: THREAD_RESUMED: thread (33, main, main)
18:02:57.460 INFO: JdwpEventCenterDelegate: THREAD_RESUMED: thread (33, main, main)
18:02:57.462 INFO: JdwpEventCenterDelegate: THREAD_RESUMED: thread (33, main, main)
18:02:57.465 INFO: JdwpEventCenterDelegate: THREAD_RESUMED: thread (33, main, main)
18:02:57.467 INFO: JdwpEventCenterDelegate: THREAD_RESUMED: thread (33, main, main)
18:03:09.468 INFO: JdwpEventCenterDelegate: THREAD_STARTED: thread (108, Timer, main)
18:03:10.344 INFO: JdwpEventCenterDelegate: THREAD_RESUMED: thread (33, main, main)
18:03:10.390 INFO: JdwpEventCenterDelegate: THREAD_RESUMED: thread (33, main, main)
18:03:10.415 INFO: JdwpEventCenterDelegate: THREAD_RESUMED: thread (33, main, main)
18:03:10.435 INFO: JdwpEventCenterDelegate: THREAD_RESUMED: thread (33, main, main)
18:03:10.453 INFO: JdwpEventCenterDelegate: THREAD_RESUMED: thread (33, main, main)
18:03:10.468 INFO: JdwpEventCenterDelegate: THREAD_RESUMED: thread (33, main, main)
18:03:10.482 INFO: JdwpEventCenterDelegate: THREAD_RESUMED: thread (33, main, main)
18:03:10.499 INFO: JdwpEventCenterDelegate: THREAD_RESUMED: thread (33, main, main)
18:03:10.514 INFO: JdwpEventCenterDelegate: THREAD_RESUMED: thread (33, main, main)
18:03:10.530 INFO: JdwpEventCenterDelegate: THREAD_RESUMED: thread (33, main, main)
18:03:10.546 INFO: JdwpEventCenterDelegate: THREAD_RESUMED: thread (33, main, main)
18:03:10.561 INFO: JdwpEventCenterDelegate: THREAD_RESUMED: thread (33, main, main)
18:04:26.934 INFO: JdwpDebugServer: handling req: VirtualMachine(1).Exit(10)
18:04:26.934 SEVERE: Debugger: Thread JDWP server socket thread crashed
org.robovm.debugger.DebuggerException: Terminating due exit command
	at org.robovm.debugger.jdwp.JdwpDebugServer.doSocketWork(JdwpDebugServer.java:211)
	at java.base/java.lang.Thread.run(Thread.java:834)
	at org.robovm.debugger.utils.DebuggerThread.run(DebuggerThread.java:42)
18:04:27.436 SEVERE: Debugger: Thread HooksChannel socket thread crashed
org.robovm.debugger.DebuggerException: java.io.IOException: org.robovm.libimobiledevice.LibIMobileDeviceException: IDEVICE_E_UNKNOWN_ERROR
	at org.robovm.debugger.hooks.HooksChannel.doSocketWork(HooksChannel.java:149)
	at java.base/java.lang.Thread.run(Thread.java:834)
	at org.robovm.debugger.utils.DebuggerThread.run(DebuggerThread.java:42)
Caused by: java.io.IOException: org.robovm.libimobiledevice.LibIMobileDeviceException: IDEVICE_E_UNKNOWN_ERROR
	at org.robovm.libimobiledevice.IDeviceConnection$DeviceInputStream.read(IDeviceConnection.java:203)
	at org.robovm.debugger.utils.bytebuffer.DataBufferWriter.writeFromStream(DataBufferWriter.java:89)
	at org.robovm.debugger.hooks.HooksChannel.doSocketWork(HooksChannel.java:116)
	... 2 more
Caused by: org.robovm.libimobiledevice.LibIMobileDeviceException: IDEVICE_E_UNKNOWN_ERROR
	at org.robovm.libimobiledevice.IDevice.checkResult(IDevice.java:206)
	at org.robovm.libimobiledevice.IDeviceConnection.receive(IDeviceConnection.java:110)
	at org.robovm.libimobiledevice.IDeviceConnection.receive(IDeviceConnection.java:81)
	at org.robovm.libimobiledevice.IDeviceConnection$DeviceInputStream.read(IDeviceConnection.java:201)
	... 4 more
