18:23:32.697 INFO: JdwpDebugServer: handling req: VirtualMachine(1).IDSizes(7)
18:23:32.697 INFO: JdwpDebugServer: handling req: EventRequest(15).Set(1)
18:23:32.697 INFO: JdwpEventCenterDelegate: jdwpSetEventRequest: JdwpEventRequest{requestId=100, eventKind=CLASS_PREPARE, suspendPolicy=NONE, predicates=[]}
18:23:32.697 INFO: JdwpDebugServer: handling req: EventRequest(15).Set(1)
18:23:32.697 INFO: JdwpEventCenterDelegate: jdwpSetEventRequest: JdwpEventRequest{requestId=101, eventKind=CLASS_UNLOAD, suspendPolicy=NONE, predicates=[]}
18:23:32.717 INFO: JdwpDebugServer: handling req: VirtualMachine(1).Version(1)
18:23:32.717 INFO: JdwpDebugServer: handling req: VirtualMachine(1).capabilitiesNew(17)
18:23:32.717 INFO: JdwpDebugServer: handling req: VirtualMachine(1).capabilities(12)
18:23:32.717 INFO: JdwpDebugServer: handling req: VirtualMachine(1).AllClassesWithGeneric(20)
18:23:32.721 INFO: JdwpDebugServer: handling req: VirtualMachine(1).TopLevelThreadGroups(5)
18:23:32.722 INFO: JdwpDebugServer: handling req: EventRequest(15).Set(1)
18:23:32.722 INFO: JdwpEventCenterDelegate: jdwpSetEventRequest: JdwpEventRequest{requestId=102, eventKind=THREAD_START, suspendPolicy=NONE, predicates=[]}
18:23:32.722 INFO: JdwpDebugServer: handling req: EventRequest(15).Set(1)
18:23:32.722 INFO: JdwpEventCenterDelegate: jdwpSetEventRequest: JdwpEventRequest{requestId=103, eventKind=THREAD_DEATH, suspendPolicy=NONE, predicates=[]}
18:23:32.723 INFO: JdwpDebugServer: handling req: EventRequest(15).Set(1)
18:23:32.723 INFO: JdwpEventCenterDelegate: jdwpSetEventRequest: JdwpEventRequest{requestId=104, eventKind=CLASS_PREPARE, suspendPolicy=EVENT_THREAD, predicates=[className=sun.instrument.InstrumentationImpl]}
18:23:32.723 INFO: JdwpDebugServer: handling req: EventRequest(15).Set(1)
18:23:32.723 INFO: JdwpEventCenterDelegate: jdwpSetEventRequest: JdwpEventRequest{requestId=105, eventKind=CLASS_PREPARE, suspendPolicy=EVENT_THREAD, predicates=[className=sun.instrument.InstrumentationImpl]}
18:23:33.109 INFO: JdwpDebugServer: handling req: VirtualMachine(1).Resume(9)
18:23:33.142 INFO: JdwpEventCenterDelegate: THREAD_STARTED: thread (33, main, main)
18:23:33.159 INFO: JdwpEventCenterDelegate: THREAD_STARTED: thread (48, ReferenceQueueDaemon, main)
18:23:33.165 INFO: JdwpEventCenterDelegate: THREAD_STARTED: thread (63, FinalizerDaemon, main)
18:23:33.171 INFO: JdwpEventCenterDelegate: THREAD_STARTED: thread (78, FinalizerWatchdogDaemon, main)
18:23:33.173 INFO: JdwpEventCenterDelegate: THREAD_RESUMED: thread (33, main, main)
18:23:33.174 INFO: JdwpEventCenterDelegate: THREAD_RESUMED: thread (33, main, main)
18:23:33.175 INFO: JdwpEventCenterDelegate: THREAD_RESUMED: thread (33, main, main)
18:23:33.176 INFO: JdwpEventCenterDelegate: THREAD_RESUMED: thread (33, main, main)
18:23:33.177 INFO: JdwpEventCenterDelegate: THREAD_RESUMED: thread (33, main, main)
18:23:33.178 INFO: JdwpEventCenterDelegate: THREAD_RESUMED: thread (33, main, main)
18:23:33.179 INFO: JdwpEventCenterDelegate: THREAD_RESUMED: thread (33, main, main)
18:23:33.181 INFO: JdwpEventCenterDelegate: THREAD_RESUMED: thread (33, main, main)
18:23:33.182 INFO: JdwpEventCenterDelegate: THREAD_RESUMED: thread (33, main, main)
18:23:33.183 INFO: JdwpEventCenterDelegate: THREAD_RESUMED: thread (33, main, main)
18:23:33.184 INFO: JdwpEventCenterDelegate: THREAD_RESUMED: thread (33, main, main)
18:23:33.185 INFO: JdwpEventCenterDelegate: THREAD_RESUMED: thread (33, main, main)
18:23:33.298 INFO: JdwpEventCenterDelegate: THREAD_RESUMED: thread (33, main, main)
18:23:33.299 INFO: JdwpEventCenterDelegate: THREAD_RESUMED: thread (33, main, main)
18:23:33.301 INFO: JdwpEventCenterDelegate: THREAD_RESUMED: thread (33, main, main)
18:23:33.302 INFO: JdwpEventCenterDelegate: THREAD_RESUMED: thread (33, main, main)
18:23:33.304 INFO: JdwpEventCenterDelegate: THREAD_RESUMED: thread (33, main, main)
18:23:33.305 INFO: JdwpEventCenterDelegate: THREAD_RESUMED: thread (33, main, main)
18:23:33.311 INFO: JdwpEventCenterDelegate: THREAD_RESUMED: thread (33, main, main)
18:23:33.312 INFO: JdwpEventCenterDelegate: THREAD_RESUMED: thread (33, main, main)
18:23:33.313 INFO: JdwpEventCenterDelegate: THREAD_RESUMED: thread (33, main, main)
18:23:33.314 INFO: JdwpEventCenterDelegate: THREAD_RESUMED: thread (33, main, main)
18:23:33.316 INFO: JdwpEventCenterDelegate: THREAD_RESUMED: thread (33, main, main)
18:23:33.317 INFO: JdwpEventCenterDelegate: THREAD_RESUMED: thread (33, main, main)
18:23:33.318 INFO: JdwpEventCenterDelegate: THREAD_RESUMED: thread (33, main, main)
18:23:33.357 INFO: JdwpEventCenterDelegate: THREAD_RESUMED: thread (33, main, main)
18:23:33.358 INFO: JdwpEventCenterDelegate: THREAD_RESUMED: thread (33, main, main)
18:23:33.359 INFO: JdwpEventCenterDelegate: THREAD_RESUMED: thread (33, main, main)
18:23:33.360 INFO: JdwpEventCenterDelegate: THREAD_RESUMED: thread (33, main, main)
18:23:33.362 INFO: JdwpEventCenterDelegate: THREAD_RESUMED: thread (33, main, main)
18:23:33.363 INFO: JdwpEventCenterDelegate: THREAD_RESUMED: thread (33, main, main)
18:23:33.364 INFO: JdwpEventCenterDelegate: THREAD_RESUMED: thread (33, main, main)
18:23:33.367 INFO: JdwpEventCenterDelegate: THREAD_RESUMED: thread (33, main, main)
18:23:33.369 INFO: JdwpEventCenterDelegate: THREAD_RESUMED: thread (33, main, main)
18:23:33.369 INFO: JdwpEventCenterDelegate: THREAD_RESUMED: thread (33, main, main)
18:23:33.371 INFO: JdwpEventCenterDelegate: THREAD_RESUMED: thread (33, main, main)
18:23:33.372 INFO: JdwpEventCenterDelegate: THREAD_RESUMED: thread (33, main, main)
18:23:33.373 INFO: JdwpEventCenterDelegate: THREAD_RESUMED: thread (33, main, main)
18:23:33.375 INFO: JdwpEventCenterDelegate: THREAD_RESUMED: thread (33, main, main)
18:23:33.391 INFO: JdwpEventCenterDelegate: THREAD_RESUMED: thread (33, main, main)
18:23:33.392 INFO: JdwpEventCenterDelegate: THREAD_RESUMED: thread (33, main, main)
18:23:33.394 INFO: JdwpEventCenterDelegate: THREAD_RESUMED: thread (33, main, main)
18:23:33.395 INFO: JdwpEventCenterDelegate: THREAD_RESUMED: thread (33, main, main)
18:23:33.396 INFO: JdwpEventCenterDelegate: THREAD_RESUMED: thread (33, main, main)
18:23:33.397 INFO: JdwpEventCenterDelegate: THREAD_RESUMED: thread (33, main, main)
18:23:33.399 INFO: JdwpEventCenterDelegate: THREAD_RESUMED: thread (33, main, main)
18:23:33.438 INFO: JdwpEventCenterDelegate: THREAD_RESUMED: thread (33, main, main)
18:23:33.439 INFO: JdwpEventCenterDelegate: THREAD_RESUMED: thread (33, main, main)
18:23:33.440 INFO: JdwpEventCenterDelegate: THREAD_RESUMED: thread (33, main, main)
18:23:33.442 INFO: JdwpEventCenterDelegate: THREAD_RESUMED: thread (33, main, main)
18:23:33.443 INFO: JdwpEventCenterDelegate: THREAD_RESUMED: thread (33, main, main)
18:23:33.444 INFO: JdwpEventCenterDelegate: THREAD_RESUMED: thread (33, main, main)
18:23:33.445 INFO: JdwpEventCenterDelegate: THREAD_RESUMED: thread (33, main, main)
18:23:33.456 INFO: JdwpEventCenterDelegate: THREAD_RESUMED: thread (33, main, main)
18:23:33.457 INFO: JdwpEventCenterDelegate: THREAD_RESUMED: thread (33, main, main)
18:23:33.458 INFO: JdwpEventCenterDelegate: THREAD_RESUMED: thread (33, main, main)
18:23:33.460 INFO: JdwpEventCenterDelegate: THREAD_RESUMED: thread (33, main, main)
18:23:33.461 INFO: JdwpEventCenterDelegate: THREAD_RESUMED: thread (33, main, main)
18:23:33.462 INFO: JdwpEventCenterDelegate: THREAD_RESUMED: thread (33, main, main)
18:23:33.463 INFO: JdwpEventCenterDelegate: THREAD_RESUMED: thread (33, main, main)
18:23:33.473 INFO: JdwpEventCenterDelegate: THREAD_RESUMED: thread (33, main, main)
18:23:33.474 INFO: JdwpEventCenterDelegate: THREAD_RESUMED: thread (33, main, main)
18:23:33.475 INFO: JdwpEventCenterDelegate: THREAD_RESUMED: thread (33, main, main)
18:23:33.477 INFO: JdwpEventCenterDelegate: THREAD_RESUMED: thread (33, main, main)
18:23:33.478 INFO: JdwpEventCenterDelegate: THREAD_RESUMED: thread (33, main, main)
18:23:33.479 INFO: JdwpEventCenterDelegate: THREAD_RESUMED: thread (33, main, main)
18:23:33.480 INFO: JdwpEventCenterDelegate: THREAD_RESUMED: thread (33, main, main)
18:23:33.482 INFO: JdwpEventCenterDelegate: THREAD_RESUMED: thread (33, main, main)
18:23:33.484 INFO: JdwpEventCenterDelegate: THREAD_RESUMED: thread (33, main, main)
18:23:33.485 INFO: JdwpEventCenterDelegate: THREAD_RESUMED: thread (33, main, main)
18:23:33.487 INFO: JdwpEventCenterDelegate: THREAD_RESUMED: thread (33, main, main)
18:23:33.488 INFO: JdwpEventCenterDelegate: THREAD_RESUMED: thread (33, main, main)
18:23:33.489 INFO: JdwpEventCenterDelegate: THREAD_RESUMED: thread (33, main, main)
18:23:33.490 INFO: JdwpEventCenterDelegate: THREAD_RESUMED: thread (33, main, main)
18:23:33.491 INFO: JdwpEventCenterDelegate: THREAD_RESUMED: thread (33, main, main)
18:23:33.492 INFO: JdwpEventCenterDelegate: THREAD_RESUMED: thread (33, main, main)
18:23:33.494 INFO: JdwpEventCenterDelegate: THREAD_RESUMED: thread (33, main, main)
18:23:33.495 INFO: JdwpEventCenterDelegate: THREAD_RESUMED: thread (33, main, main)
18:23:33.499 INFO: JdwpEventCenterDelegate: THREAD_RESUMED: thread (33, main, main)
18:23:33.500 INFO: JdwpEventCenterDelegate: THREAD_RESUMED: thread (33, main, main)
18:23:33.629 INFO: JdwpEventCenterDelegate: THREAD_STARTED: thread (93, AssetManager, main)
18:23:33.733 INFO: JdwpEventCenterDelegate: THREAD_RESUMED: thread (33, main, main)
18:23:33.735 INFO: JdwpEventCenterDelegate: THREAD_RESUMED: thread (33, main, main)
18:23:36.295 INFO: JdwpEventCenterDelegate: THREAD_RESUMED: thread (33, main, main)
18:23:36.393 INFO: JdwpEventCenterDelegate: THREAD_RESUMED: thread (33, main, main)
18:23:36.395 INFO: JdwpEventCenterDelegate: THREAD_RESUMED: thread (33, main, main)
18:23:36.397 INFO: JdwpEventCenterDelegate: THREAD_RESUMED: thread (33, main, main)
18:23:36.398 INFO: JdwpEventCenterDelegate: THREAD_RESUMED: thread (33, main, main)
18:23:36.400 INFO: JdwpEventCenterDelegate: THREAD_RESUMED: thread (33, main, main)
18:23:36.405 INFO: JdwpEventCenterDelegate: THREAD_RESUMED: thread (33, main, main)
18:23:36.417 INFO: JdwpEventCenterDelegate: THREAD_RESUMED: thread (33, main, main)
18:23:36.420 INFO: JdwpEventCenterDelegate: THREAD_RESUMED: thread (33, main, main)
18:23:36.422 INFO: JdwpEventCenterDelegate: THREAD_RESUMED: thread (33, main, main)
18:23:36.424 INFO: JdwpEventCenterDelegate: THREAD_RESUMED: thread (33, main, main)
18:23:36.426 INFO: JdwpEventCenterDelegate: THREAD_RESUMED: thread (33, main, main)
18:23:36.431 INFO: JdwpEventCenterDelegate: THREAD_RESUMED: thread (33, main, main)
18:23:36.446 INFO: JdwpEventCenterDelegate: THREAD_RESUMED: thread (33, main, main)
18:23:36.448 INFO: JdwpEventCenterDelegate: THREAD_RESUMED: thread (33, main, main)
18:23:36.450 INFO: JdwpEventCenterDelegate: THREAD_RESUMED: thread (33, main, main)
18:23:36.453 INFO: JdwpEventCenterDelegate: THREAD_RESUMED: thread (33, main, main)
18:23:36.455 INFO: JdwpEventCenterDelegate: THREAD_RESUMED: thread (33, main, main)
18:23:36.460 INFO: JdwpEventCenterDelegate: THREAD_RESUMED: thread (33, main, main)
18:23:36.478 INFO: JdwpEventCenterDelegate: THREAD_RESUMED: thread (33, main, main)
18:23:36.481 INFO: JdwpEventCenterDelegate: THREAD_RESUMED: thread (33, main, main)
18:23:36.483 INFO: JdwpEventCenterDelegate: THREAD_RESUMED: thread (33, main, main)
18:23:36.485 INFO: JdwpEventCenterDelegate: THREAD_RESUMED: thread (33, main, main)
18:23:36.487 INFO: JdwpEventCenterDelegate: THREAD_RESUMED: thread (33, main, main)
18:23:36.493 INFO: JdwpEventCenterDelegate: THREAD_RESUMED: thread (33, main, main)
18:23:36.508 INFO: JdwpEventCenterDelegate: THREAD_RESUMED: thread (33, main, main)
18:23:36.510 INFO: JdwpEventCenterDelegate: THREAD_RESUMED: thread (33, main, main)
18:23:36.513 INFO: JdwpEventCenterDelegate: THREAD_RESUMED: thread (33, main, main)
18:23:36.515 INFO: JdwpEventCenterDelegate: THREAD_RESUMED: thread (33, main, main)
18:23:36.517 INFO: JdwpEventCenterDelegate: THREAD_RESUMED: thread (33, main, main)
18:23:36.522 INFO: JdwpEventCenterDelegate: THREAD_RESUMED: thread (33, main, main)
18:23:36.538 INFO: JdwpEventCenterDelegate: THREAD_RESUMED: thread (33, main, main)
18:23:36.541 INFO: JdwpEventCenterDelegate: THREAD_RESUMED: thread (33, main, main)
18:23:36.543 INFO: JdwpEventCenterDelegate: THREAD_RESUMED: thread (33, main, main)
18:23:36.545 INFO: JdwpEventCenterDelegate: THREAD_RESUMED: thread (33, main, main)
18:23:36.547 INFO: JdwpEventCenterDelegate: THREAD_RESUMED: thread (33, main, main)
18:23:36.552 INFO: JdwpEventCenterDelegate: THREAD_RESUMED: thread (33, main, main)
18:23:36.574 INFO: JdwpEventCenterDelegate: THREAD_RESUMED: thread (33, main, main)
18:23:36.576 INFO: JdwpEventCenterDelegate: THREAD_RESUMED: thread (33, main, main)
18:23:36.579 INFO: JdwpEventCenterDelegate: THREAD_RESUMED: thread (33, main, main)
18:23:36.581 INFO: JdwpEventCenterDelegate: THREAD_RESUMED: thread (33, main, main)
18:23:36.583 INFO: JdwpEventCenterDelegate: THREAD_RESUMED: thread (33, main, main)
18:23:36.588 INFO: JdwpEventCenterDelegate: THREAD_RESUMED: thread (33, main, main)
18:23:36.608 INFO: JdwpEventCenterDelegate: THREAD_RESUMED: thread (33, main, main)
18:23:36.610 INFO: JdwpEventCenterDelegate: THREAD_RESUMED: thread (33, main, main)
18:23:36.612 INFO: JdwpEventCenterDelegate: THREAD_RESUMED: thread (33, main, main)
18:23:36.614 INFO: JdwpEventCenterDelegate: THREAD_RESUMED: thread (33, main, main)
18:23:36.617 INFO: JdwpEventCenterDelegate: THREAD_RESUMED: thread (33, main, main)
18:23:36.622 INFO: JdwpEventCenterDelegate: THREAD_RESUMED: thread (33, main, main)
18:23:36.640 INFO: JdwpEventCenterDelegate: THREAD_RESUMED: thread (33, main, main)
18:23:36.643 INFO: JdwpEventCenterDelegate: THREAD_RESUMED: thread (33, main, main)
18:23:36.645 INFO: JdwpEventCenterDelegate: THREAD_RESUMED: thread (33, main, main)
18:23:36.647 INFO: JdwpEventCenterDelegate: THREAD_RESUMED: thread (33, main, main)
18:23:36.649 INFO: JdwpEventCenterDelegate: THREAD_RESUMED: thread (33, main, main)
18:23:36.654 INFO: JdwpEventCenterDelegate: THREAD_RESUMED: thread (33, main, main)
18:23:36.670 INFO: JdwpEventCenterDelegate: THREAD_RESUMED: thread (33, main, main)
18:23:36.672 INFO: JdwpEventCenterDelegate: THREAD_RESUMED: thread (33, main, main)
18:23:36.674 INFO: JdwpEventCenterDelegate: THREAD_RESUMED: thread (33, main, main)
18:23:36.676 INFO: JdwpEventCenterDelegate: THREAD_RESUMED: thread (33, main, main)
18:23:36.679 INFO: JdwpEventCenterDelegate: THREAD_RESUMED: thread (33, main, main)
18:23:36.684 INFO: JdwpEventCenterDelegate: THREAD_RESUMED: thread (33, main, main)
18:23:36.698 INFO: JdwpEventCenterDelegate: THREAD_RESUMED: thread (33, main, main)
18:23:36.701 INFO: JdwpEventCenterDelegate: THREAD_RESUMED: thread (33, main, main)
18:23:36.703 INFO: JdwpEventCenterDelegate: THREAD_RESUMED: thread (33, main, main)
18:23:36.705 INFO: JdwpEventCenterDelegate: THREAD_RESUMED: thread (33, main, main)
18:23:36.707 INFO: JdwpEventCenterDelegate: THREAD_RESUMED: thread (33, main, main)
18:23:36.712 INFO: JdwpEventCenterDelegate: THREAD_RESUMED: thread (33, main, main)
18:23:36.732 INFO: JdwpEventCenterDelegate: THREAD_RESUMED: thread (33, main, main)
18:23:36.734 INFO: JdwpEventCenterDelegate: THREAD_RESUMED: thread (33, main, main)
18:23:36.736 INFO: JdwpEventCenterDelegate: THREAD_RESUMED: thread (33, main, main)
18:23:36.739 INFO: JdwpEventCenterDelegate: THREAD_RESUMED: thread (33, main, main)
18:23:36.741 INFO: JdwpEventCenterDelegate: THREAD_RESUMED: thread (33, main, main)
18:23:36.746 INFO: JdwpEventCenterDelegate: THREAD_RESUMED: thread (33, main, main)
18:23:36.768 INFO: JdwpEventCenterDelegate: THREAD_RESUMED: thread (33, main, main)
18:23:36.770 INFO: JdwpEventCenterDelegate: THREAD_RESUMED: thread (33, main, main)
18:23:36.772 INFO: JdwpEventCenterDelegate: THREAD_RESUMED: thread (33, main, main)
18:23:36.775 INFO: JdwpEventCenterDelegate: THREAD_RESUMED: thread (33, main, main)
18:23:36.777 INFO: JdwpEventCenterDelegate: THREAD_RESUMED: thread (33, main, main)
18:23:36.782 INFO: JdwpEventCenterDelegate: THREAD_RESUMED: thread (33, main, main)
18:23:36.801 INFO: JdwpEventCenterDelegate: THREAD_RESUMED: thread (33, main, main)
18:23:36.803 INFO: JdwpEventCenterDelegate: THREAD_RESUMED: thread (33, main, main)
18:23:36.805 INFO: JdwpEventCenterDelegate: THREAD_RESUMED: thread (33, main, main)
18:23:36.807 INFO: JdwpEventCenterDelegate: THREAD_RESUMED: thread (33, main, main)
18:23:36.810 INFO: JdwpEventCenterDelegate: THREAD_RESUMED: thread (33, main, main)
18:23:36.815 INFO: JdwpEventCenterDelegate: THREAD_RESUMED: thread (33, main, main)
18:23:36.828 INFO: JdwpEventCenterDelegate: THREAD_RESUMED: thread (33, main, main)
18:23:36.831 INFO: JdwpEventCenterDelegate: THREAD_RESUMED: thread (33, main, main)
18:23:36.833 INFO: JdwpEventCenterDelegate: THREAD_RESUMED: thread (33, main, main)
18:23:36.835 INFO: JdwpEventCenterDelegate: THREAD_RESUMED: thread (33, main, main)
18:23:36.837 INFO: JdwpEventCenterDelegate: THREAD_RESUMED: thread (33, main, main)
18:23:36.843 INFO: JdwpEventCenterDelegate: THREAD_RESUMED: thread (33, main, main)
18:23:36.845 INFO: JdwpEventCenterDelegate: THREAD_RESUMED: thread (33, main, main)
18:23:36.848 INFO: JdwpEventCenterDelegate: THREAD_RESUMED: thread (33, main, main)
18:23:36.850 INFO: JdwpEventCenterDelegate: THREAD_RESUMED: thread (33, main, main)
18:23:36.852 INFO: JdwpEventCenterDelegate: THREAD_RESUMED: thread (33, main, main)
18:23:36.854 INFO: JdwpEventCenterDelegate: THREAD_RESUMED: thread (33, main, main)
18:23:36.856 INFO: JdwpEventCenterDelegate: THREAD_RESUMED: thread (33, main, main)
18:23:36.860 INFO: JdwpEventCenterDelegate: THREAD_RESUMED: thread (33, main, main)
18:23:36.862 INFO: JdwpEventCenterDelegate: THREAD_RESUMED: thread (33, main, main)
18:23:36.865 INFO: JdwpEventCenterDelegate: THREAD_RESUMED: thread (33, main, main)
18:23:36.867 INFO: JdwpEventCenterDelegate: THREAD_RESUMED: thread (33, main, main)
18:23:36.871 INFO: JdwpEventCenterDelegate: THREAD_RESUMED: thread (33, main, main)
18:23:36.873 INFO: JdwpEventCenterDelegate: THREAD_RESUMED: thread (33, main, main)
18:23:36.875 INFO: JdwpEventCenterDelegate: THREAD_RESUMED: thread (33, main, main)
18:23:36.877 INFO: JdwpEventCenterDelegate: THREAD_RESUMED: thread (33, main, main)
18:23:36.879 INFO: JdwpEventCenterDelegate: THREAD_RESUMED: thread (33, main, main)
18:23:36.884 INFO: JdwpEventCenterDelegate: THREAD_RESUMED: thread (33, main, main)
18:23:36.897 INFO: JdwpEventCenterDelegate: THREAD_RESUMED: thread (33, main, main)
18:23:36.914 INFO: JdwpEventCenterDelegate: THREAD_RESUMED: thread (33, main, main)
18:23:36.925 INFO: JdwpEventCenterDelegate: THREAD_RESUMED: thread (33, main, main)
18:23:36.938 INFO: JdwpEventCenterDelegate: THREAD_RESUMED: thread (33, main, main)
18:23:36.968 INFO: JdwpEventCenterDelegate: THREAD_RESUMED: thread (33, main, main)
18:23:36.970 INFO: JdwpEventCenterDelegate: THREAD_RESUMED: thread (33, main, main)
18:23:36.972 INFO: JdwpEventCenterDelegate: THREAD_RESUMED: thread (33, main, main)
18:23:36.974 INFO: JdwpEventCenterDelegate: THREAD_RESUMED: thread (33, main, main)
18:23:36.976 INFO: JdwpEventCenterDelegate: THREAD_RESUMED: thread (33, main, main)
18:23:36.981 INFO: JdwpEventCenterDelegate: THREAD_RESUMED: thread (33, main, main)
18:23:36.992 INFO: JdwpEventCenterDelegate: THREAD_RESUMED: thread (33, main, main)
18:23:36.994 INFO: JdwpEventCenterDelegate: THREAD_RESUMED: thread (33, main, main)
18:23:36.996 INFO: JdwpEventCenterDelegate: THREAD_RESUMED: thread (33, main, main)
18:23:36.998 INFO: JdwpEventCenterDelegate: THREAD_RESUMED: thread (33, main, main)
18:23:37.000 INFO: JdwpEventCenterDelegate: THREAD_RESUMED: thread (33, main, main)
18:23:37.004 INFO: JdwpEventCenterDelegate: THREAD_RESUMED: thread (33, main, main)
18:23:37.018 INFO: JdwpEventCenterDelegate: THREAD_RESUMED: thread (33, main, main)
18:23:37.020 INFO: JdwpEventCenterDelegate: THREAD_RESUMED: thread (33, main, main)
18:23:37.023 INFO: JdwpEventCenterDelegate: THREAD_RESUMED: thread (33, main, main)
18:23:37.025 INFO: JdwpEventCenterDelegate: THREAD_RESUMED: thread (33, main, main)
18:23:37.028 INFO: JdwpEventCenterDelegate: THREAD_RESUMED: thread (33, main, main)
18:23:37.033 INFO: JdwpEventCenterDelegate: THREAD_RESUMED: thread (33, main, main)
18:23:37.050 INFO: JdwpEventCenterDelegate: THREAD_RESUMED: thread (33, main, main)
18:23:37.052 INFO: JdwpEventCenterDelegate: THREAD_RESUMED: thread (33, main, main)
18:23:37.054 INFO: JdwpEventCenterDelegate: THREAD_RESUMED: thread (33, main, main)
18:23:37.056 INFO: JdwpEventCenterDelegate: THREAD_RESUMED: thread (33, main, main)
18:23:37.058 INFO: JdwpEventCenterDelegate: THREAD_RESUMED: thread (33, main, main)
18:23:37.063 INFO: JdwpEventCenterDelegate: THREAD_RESUMED: thread (33, main, main)
18:23:37.077 INFO: JdwpEventCenterDelegate: THREAD_RESUMED: thread (33, main, main)
18:23:37.080 INFO: JdwpEventCenterDelegate: THREAD_RESUMED: thread (33, main, main)
18:23:37.082 INFO: JdwpEventCenterDelegate: THREAD_RESUMED: thread (33, main, main)
18:23:37.085 INFO: JdwpEventCenterDelegate: THREAD_RESUMED: thread (33, main, main)
18:23:37.087 INFO: JdwpEventCenterDelegate: THREAD_RESUMED: thread (33, main, main)
18:23:37.090 INFO: JdwpEventCenterDelegate: THREAD_RESUMED: thread (33, main, main)
18:23:37.108 INFO: JdwpEventCenterDelegate: THREAD_RESUMED: thread (33, main, main)
18:23:37.110 INFO: JdwpEventCenterDelegate: THREAD_RESUMED: thread (33, main, main)
18:23:37.113 INFO: JdwpEventCenterDelegate: THREAD_RESUMED: thread (33, main, main)
18:23:37.115 INFO: JdwpEventCenterDelegate: THREAD_RESUMED: thread (33, main, main)
18:23:37.116 INFO: JdwpEventCenterDelegate: THREAD_RESUMED: thread (33, main, main)
18:23:37.121 INFO: JdwpEventCenterDelegate: THREAD_RESUMED: thread (33, main, main)
18:23:37.139 INFO: JdwpEventCenterDelegate: THREAD_RESUMED: thread (33, main, main)
18:23:37.141 INFO: JdwpEventCenterDelegate: THREAD_RESUMED: thread (33, main, main)
18:23:37.142 INFO: JdwpEventCenterDelegate: THREAD_RESUMED: thread (33, main, main)
18:23:37.144 INFO: JdwpEventCenterDelegate: THREAD_RESUMED: thread (33, main, main)
18:23:37.147 INFO: JdwpEventCenterDelegate: THREAD_RESUMED: thread (33, main, main)
18:23:37.151 INFO: JdwpEventCenterDelegate: THREAD_RESUMED: thread (33, main, main)
18:23:37.169 INFO: JdwpEventCenterDelegate: THREAD_RESUMED: thread (33, main, main)
18:23:37.171 INFO: JdwpEventCenterDelegate: THREAD_RESUMED: thread (33, main, main)
18:23:37.173 INFO: JdwpEventCenterDelegate: THREAD_RESUMED: thread (33, main, main)
18:23:37.174 INFO: JdwpEventCenterDelegate: THREAD_RESUMED: thread (33, main, main)
18:23:37.176 INFO: JdwpEventCenterDelegate: THREAD_RESUMED: thread (33, main, main)
18:23:37.181 INFO: JdwpEventCenterDelegate: THREAD_RESUMED: thread (33, main, main)
18:23:37.199 INFO: JdwpEventCenterDelegate: THREAD_RESUMED: thread (33, main, main)
18:23:37.201 INFO: JdwpEventCenterDelegate: THREAD_RESUMED: thread (33, main, main)
18:23:37.203 INFO: JdwpEventCenterDelegate: THREAD_RESUMED: thread (33, main, main)
18:23:37.205 INFO: JdwpEventCenterDelegate: THREAD_RESUMED: thread (33, main, main)
18:23:37.206 INFO: JdwpEventCenterDelegate: THREAD_RESUMED: thread (33, main, main)
18:23:37.211 INFO: JdwpEventCenterDelegate: THREAD_RESUMED: thread (33, main, main)
18:23:37.225 INFO: JdwpEventCenterDelegate: THREAD_RESUMED: thread (33, main, main)
18:23:37.227 INFO: JdwpEventCenterDelegate: THREAD_RESUMED: thread (33, main, main)
18:23:37.230 INFO: JdwpEventCenterDelegate: THREAD_RESUMED: thread (33, main, main)
18:23:37.232 INFO: JdwpEventCenterDelegate: THREAD_RESUMED: thread (33, main, main)
18:23:37.234 INFO: JdwpEventCenterDelegate: THREAD_RESUMED: thread (33, main, main)
18:23:37.239 INFO: JdwpEventCenterDelegate: THREAD_RESUMED: thread (33, main, main)
18:23:37.253 INFO: JdwpEventCenterDelegate: THREAD_RESUMED: thread (33, main, main)
18:23:37.255 INFO: JdwpEventCenterDelegate: THREAD_RESUMED: thread (33, main, main)
18:23:37.257 INFO: JdwpEventCenterDelegate: THREAD_RESUMED: thread (33, main, main)
18:23:37.259 INFO: JdwpEventCenterDelegate: THREAD_RESUMED: thread (33, main, main)
18:23:37.262 INFO: JdwpEventCenterDelegate: THREAD_RESUMED: thread (33, main, main)
18:23:37.266 INFO: JdwpEventCenterDelegate: THREAD_RESUMED: thread (33, main, main)
18:23:37.289 INFO: JdwpEventCenterDelegate: THREAD_RESUMED: thread (33, main, main)
18:23:37.291 INFO: JdwpEventCenterDelegate: THREAD_RESUMED: thread (33, main, main)
18:23:37.294 INFO: JdwpEventCenterDelegate: THREAD_RESUMED: thread (33, main, main)
18:23:37.296 INFO: JdwpEventCenterDelegate: THREAD_RESUMED: thread (33, main, main)
18:23:37.298 INFO: JdwpEventCenterDelegate: THREAD_RESUMED: thread (33, main, main)
18:23:37.303 INFO: JdwpEventCenterDelegate: THREAD_RESUMED: thread (33, main, main)
18:23:37.325 INFO: JdwpEventCenterDelegate: THREAD_RESUMED: thread (33, main, main)
18:23:37.327 INFO: JdwpEventCenterDelegate: THREAD_RESUMED: thread (33, main, main)
18:23:37.329 INFO: JdwpEventCenterDelegate: THREAD_RESUMED: thread (33, main, main)
18:23:37.331 INFO: JdwpEventCenterDelegate: THREAD_RESUMED: thread (33, main, main)
18:23:37.334 INFO: JdwpEventCenterDelegate: THREAD_RESUMED: thread (33, main, main)
18:23:37.339 INFO: JdwpEventCenterDelegate: THREAD_RESUMED: thread (33, main, main)
18:23:37.357 INFO: JdwpEventCenterDelegate: THREAD_RESUMED: thread (33, main, main)
18:23:37.359 INFO: JdwpEventCenterDelegate: THREAD_RESUMED: thread (33, main, main)
18:23:37.361 INFO: JdwpEventCenterDelegate: THREAD_RESUMED: thread (33, main, main)
18:23:37.363 INFO: JdwpEventCenterDelegate: THREAD_RESUMED: thread (33, main, main)
18:23:37.366 INFO: JdwpEventCenterDelegate: THREAD_RESUMED: thread (33, main, main)
18:23:37.370 INFO: JdwpEventCenterDelegate: THREAD_RESUMED: thread (33, main, main)
18:23:37.382 INFO: JdwpEventCenterDelegate: THREAD_RESUMED: thread (33, main, main)
18:23:37.385 INFO: JdwpEventCenterDelegate: THREAD_RESUMED: thread (33, main, main)
18:23:37.387 INFO: JdwpEventCenterDelegate: THREAD_RESUMED: thread (33, main, main)
18:23:37.389 INFO: JdwpEventCenterDelegate: THREAD_RESUMED: thread (33, main, main)
18:23:37.391 INFO: JdwpEventCenterDelegate: THREAD_RESUMED: thread (33, main, main)
18:23:39.846 INFO: JdwpEventCenterDelegate: THREAD_STARTED: thread (108, Timer, main)
18:23:40.718 INFO: JdwpEventCenterDelegate: THREAD_RESUMED: thread (33, main, main)
18:23:40.770 INFO: JdwpEventCenterDelegate: THREAD_RESUMED: thread (33, main, main)
18:23:40.795 INFO: JdwpEventCenterDelegate: THREAD_RESUMED: thread (33, main, main)
18:23:40.819 INFO: JdwpEventCenterDelegate: THREAD_RESUMED: thread (33, main, main)
18:23:40.836 INFO: JdwpEventCenterDelegate: THREAD_RESUMED: thread (33, main, main)
18:23:40.853 INFO: JdwpEventCenterDelegate: THREAD_RESUMED: thread (33, main, main)
18:23:40.872 INFO: JdwpEventCenterDelegate: THREAD_RESUMED: thread (33, main, main)
18:23:40.890 INFO: JdwpEventCenterDelegate: THREAD_RESUMED: thread (33, main, main)
18:23:40.911 INFO: JdwpEventCenterDelegate: THREAD_RESUMED: thread (33, main, main)
18:23:40.927 INFO: JdwpEventCenterDelegate: THREAD_RESUMED: thread (33, main, main)
18:26:23.420 INFO: JdwpDebugServer: handling req: VirtualMachine(1).Exit(10)
18:26:23.420 SEVERE: Debugger: Thread JDWP server socket thread crashed
org.robovm.debugger.DebuggerException: Terminating due exit command
	at org.robovm.debugger.jdwp.JdwpDebugServer.doSocketWork(JdwpDebugServer.java:211)
	at java.base/java.lang.Thread.run(Thread.java:834)
	at org.robovm.debugger.utils.DebuggerThread.run(DebuggerThread.java:42)
18:26:23.925 SEVERE: Debugger: Thread HooksChannel socket thread crashed
org.robovm.debugger.DebuggerException: java.io.IOException: org.robovm.libimobiledevice.LibIMobileDeviceException: IDEVICE_E_UNKNOWN_ERROR
	at org.robovm.debugger.hooks.HooksChannel.doSocketWork(HooksChannel.java:149)
	at java.base/java.lang.Thread.run(Thread.java:834)
	at org.robovm.debugger.utils.DebuggerThread.run(DebuggerThread.java:42)
Caused by: java.io.IOException: org.robovm.libimobiledevice.LibIMobileDeviceException: IDEVICE_E_UNKNOWN_ERROR
	at org.robovm.libimobiledevice.IDeviceConnection$DeviceInputStream.read(IDeviceConnection.java:203)
	at org.robovm.debugger.utils.bytebuffer.DataBufferWriter.writeFromStream(DataBufferWriter.java:89)
	at org.robovm.debugger.hooks.HooksChannel.doSocketWork(HooksChannel.java:116)
	... 2 more
Caused by: org.robovm.libimobiledevice.LibIMobileDeviceException: IDEVICE_E_UNKNOWN_ERROR
	at org.robovm.libimobiledevice.IDevice.checkResult(IDevice.java:206)
	at org.robovm.libimobiledevice.IDeviceConnection.receive(IDeviceConnection.java:110)
	at org.robovm.libimobiledevice.IDeviceConnection.receive(IDeviceConnection.java:81)
	at org.robovm.libimobiledevice.IDeviceConnection$DeviceInputStream.read(IDeviceConnection.java:201)
	... 4 more
