14:50:58.802 INFO: JdwpDebugServer: handling req: VirtualMachine(1).IDSizes(7)
14:50:58.802 INFO: JdwpDebugServer: handling req: EventRequest(15).Set(1)
14:50:58.803 INFO: JdwpEventCenterDelegate: jdwpSetEventRequest: JdwpEventRequest{requestId=100, eventKind=CLASS_PREPARE, suspendPolicy=NONE, predicates=[]}
14:50:58.803 INFO: JdwpDebugServer: handling req: EventRequest(15).Set(1)
14:50:58.803 INFO: JdwpEventCenterDelegate: jdwpSetEventRequest: JdwpEventRequest{requestId=101, eventKind=CLASS_UNLOAD, suspendPolicy=NONE, predicates=[]}
14:50:58.827 INFO: JdwpDebugServer: handling req: VirtualMachine(1).Version(1)
14:50:58.827 INFO: JdwpDebugServer: handling req: VirtualMachine(1).capabilitiesNew(17)
14:50:58.827 INFO: JdwpDebugServer: handling req: VirtualMachine(1).capabilities(12)
14:50:58.828 INFO: JdwpDebugServer: handling req: VirtualMachine(1).AllClassesWithGeneric(20)
14:50:58.832 INFO: JdwpDebugServer: handling req: VirtualMachine(1).TopLevelThreadGroups(5)
14:50:58.833 INFO: JdwpDebugServer: handling req: EventRequest(15).Set(1)
14:50:58.833 INFO: JdwpEventCenterDelegate: jdwpSetEventRequest: JdwpEventRequest{requestId=102, eventKind=THREAD_START, suspendPolicy=NONE, predicates=[]}
14:50:58.833 INFO: JdwpDebugServer: handling req: EventRequest(15).Set(1)
14:50:58.833 INFO: JdwpEventCenterDelegate: jdwpSetEventRequest: JdwpEventRequest{requestId=103, eventKind=THREAD_DEATH, suspendPolicy=NONE, predicates=[]}
14:50:58.899 INFO: JdwpDebugServer: handling req: EventRequest(15).Set(1)
14:50:58.900 INFO: JdwpEventCenterDelegate: jdwpSetEventRequest: JdwpEventRequest{requestId=104, eventKind=CLASS_PREPARE, suspendPolicy=EVENT_THREAD, predicates=[className=sun.instrument.InstrumentationImpl]}
14:50:58.900 INFO: JdwpDebugServer: handling req: EventRequest(15).Set(1)
14:50:58.900 INFO: JdwpEventCenterDelegate: jdwpSetEventRequest: JdwpEventRequest{requestId=105, eventKind=CLASS_PREPARE, suspendPolicy=EVENT_THREAD, predicates=[className=sun.instrument.InstrumentationImpl]}
14:50:59.444 INFO: JdwpDebugServer: handling req: VirtualMachine(1).Resume(9)
14:50:59.486 INFO: JdwpEventCenterDelegate: THREAD_STARTED: thread (33, main, main)
14:50:59.499 INFO: JdwpEventCenterDelegate: THREAD_STARTED: thread (48, ReferenceQueueDaemon, main)
14:50:59.505 INFO: JdwpEventCenterDelegate: THREAD_STARTED: thread (63, FinalizerDaemon, main)
14:50:59.511 INFO: JdwpEventCenterDelegate: THREAD_STARTED: thread (78, FinalizerWatchdogDaemon, main)
14:50:59.512 INFO: JdwpEventCenterDelegate: THREAD_RESUMED: thread (33, main, main)
14:50:59.513 INFO: JdwpEventCenterDelegate: THREAD_RESUMED: thread (33, main, main)
14:50:59.515 INFO: JdwpEventCenterDelegate: THREAD_RESUMED: thread (33, main, main)
14:50:59.516 INFO: JdwpEventCenterDelegate: THREAD_RESUMED: thread (33, main, main)
14:50:59.517 INFO: JdwpEventCenterDelegate: THREAD_RESUMED: thread (33, main, main)
14:50:59.518 INFO: JdwpEventCenterDelegate: THREAD_RESUMED: thread (33, main, main)
14:50:59.519 INFO: JdwpEventCenterDelegate: THREAD_RESUMED: thread (33, main, main)
14:50:59.521 INFO: JdwpEventCenterDelegate: THREAD_RESUMED: thread (33, main, main)
14:50:59.522 INFO: JdwpEventCenterDelegate: THREAD_RESUMED: thread (33, main, main)
14:50:59.523 INFO: JdwpEventCenterDelegate: THREAD_RESUMED: thread (33, main, main)
14:50:59.525 INFO: JdwpEventCenterDelegate: THREAD_RESUMED: thread (33, main, main)
14:50:59.526 INFO: JdwpEventCenterDelegate: THREAD_RESUMED: thread (33, main, main)
14:50:59.528 INFO: JdwpEventCenterDelegate: THREAD_RESUMED: thread (33, main, main)
14:50:59.529 INFO: JdwpEventCenterDelegate: THREAD_RESUMED: thread (33, main, main)
14:50:59.530 INFO: JdwpEventCenterDelegate: THREAD_RESUMED: thread (33, main, main)
14:50:59.532 INFO: JdwpEventCenterDelegate: THREAD_RESUMED: thread (33, main, main)
14:50:59.533 INFO: JdwpEventCenterDelegate: THREAD_RESUMED: thread (33, main, main)
14:50:59.534 INFO: JdwpEventCenterDelegate: THREAD_RESUMED: thread (33, main, main)
14:50:59.538 INFO: JdwpEventCenterDelegate: THREAD_RESUMED: thread (33, main, main)
14:50:59.539 INFO: JdwpEventCenterDelegate: THREAD_RESUMED: thread (33, main, main)
14:50:59.540 INFO: JdwpEventCenterDelegate: THREAD_RESUMED: thread (33, main, main)
14:50:59.541 INFO: JdwpEventCenterDelegate: THREAD_RESUMED: thread (33, main, main)
14:50:59.542 INFO: JdwpEventCenterDelegate: THREAD_RESUMED: thread (33, main, main)
14:50:59.544 INFO: JdwpEventCenterDelegate: THREAD_RESUMED: thread (33, main, main)
14:50:59.545 INFO: JdwpEventCenterDelegate: THREAD_RESUMED: thread (33, main, main)
14:50:59.576 INFO: JdwpEventCenterDelegate: THREAD_RESUMED: thread (33, main, main)
14:50:59.577 INFO: JdwpEventCenterDelegate: THREAD_RESUMED: thread (33, main, main)
14:50:59.578 INFO: JdwpEventCenterDelegate: THREAD_RESUMED: thread (33, main, main)
14:50:59.580 INFO: JdwpEventCenterDelegate: THREAD_RESUMED: thread (33, main, main)
14:50:59.581 INFO: JdwpEventCenterDelegate: THREAD_RESUMED: thread (33, main, main)
14:50:59.582 INFO: JdwpEventCenterDelegate: THREAD_RESUMED: thread (33, main, main)
14:50:59.584 INFO: JdwpEventCenterDelegate: THREAD_RESUMED: thread (33, main, main)
14:50:59.586 INFO: JdwpEventCenterDelegate: THREAD_RESUMED: thread (33, main, main)
14:50:59.587 INFO: JdwpEventCenterDelegate: THREAD_RESUMED: thread (33, main, main)
14:50:59.588 INFO: JdwpEventCenterDelegate: THREAD_RESUMED: thread (33, main, main)
14:50:59.589 INFO: JdwpEventCenterDelegate: THREAD_RESUMED: thread (33, main, main)
14:50:59.591 INFO: JdwpEventCenterDelegate: THREAD_RESUMED: thread (33, main, main)
14:50:59.591 INFO: JdwpEventCenterDelegate: THREAD_RESUMED: thread (33, main, main)
14:50:59.593 INFO: JdwpEventCenterDelegate: THREAD_RESUMED: thread (33, main, main)
14:50:59.607 INFO: JdwpEventCenterDelegate: THREAD_RESUMED: thread (33, main, main)
14:50:59.608 INFO: JdwpEventCenterDelegate: THREAD_RESUMED: thread (33, main, main)
14:50:59.610 INFO: JdwpEventCenterDelegate: THREAD_RESUMED: thread (33, main, main)
14:50:59.611 INFO: JdwpEventCenterDelegate: THREAD_RESUMED: thread (33, main, main)
14:50:59.612 INFO: JdwpEventCenterDelegate: THREAD_RESUMED: thread (33, main, main)
14:50:59.613 INFO: JdwpEventCenterDelegate: THREAD_RESUMED: thread (33, main, main)
14:50:59.615 INFO: JdwpEventCenterDelegate: THREAD_RESUMED: thread (33, main, main)
14:50:59.652 INFO: JdwpEventCenterDelegate: THREAD_RESUMED: thread (33, main, main)
14:50:59.654 INFO: JdwpEventCenterDelegate: THREAD_RESUMED: thread (33, main, main)
14:50:59.655 INFO: JdwpEventCenterDelegate: THREAD_RESUMED: thread (33, main, main)
14:50:59.656 INFO: JdwpEventCenterDelegate: THREAD_RESUMED: thread (33, main, main)
14:50:59.657 INFO: JdwpEventCenterDelegate: THREAD_RESUMED: thread (33, main, main)
14:50:59.659 INFO: JdwpEventCenterDelegate: THREAD_RESUMED: thread (33, main, main)
14:50:59.660 INFO: JdwpEventCenterDelegate: THREAD_RESUMED: thread (33, main, main)
14:50:59.668 INFO: JdwpEventCenterDelegate: THREAD_RESUMED: thread (33, main, main)
14:50:59.669 INFO: JdwpEventCenterDelegate: THREAD_RESUMED: thread (33, main, main)
14:50:59.671 INFO: JdwpEventCenterDelegate: THREAD_RESUMED: thread (33, main, main)
14:50:59.672 INFO: JdwpEventCenterDelegate: THREAD_RESUMED: thread (33, main, main)
14:50:59.673 INFO: JdwpEventCenterDelegate: THREAD_RESUMED: thread (33, main, main)
14:50:59.675 INFO: JdwpEventCenterDelegate: THREAD_RESUMED: thread (33, main, main)
14:50:59.676 INFO: JdwpEventCenterDelegate: THREAD_RESUMED: thread (33, main, main)
14:50:59.686 INFO: JdwpEventCenterDelegate: THREAD_RESUMED: thread (33, main, main)
14:50:59.688 INFO: JdwpEventCenterDelegate: THREAD_RESUMED: thread (33, main, main)
14:50:59.689 INFO: JdwpEventCenterDelegate: THREAD_RESUMED: thread (33, main, main)
14:50:59.690 INFO: JdwpEventCenterDelegate: THREAD_RESUMED: thread (33, main, main)
14:50:59.691 INFO: JdwpEventCenterDelegate: THREAD_RESUMED: thread (33, main, main)
14:50:59.693 INFO: JdwpEventCenterDelegate: THREAD_RESUMED: thread (33, main, main)
14:50:59.694 INFO: JdwpEventCenterDelegate: THREAD_RESUMED: thread (33, main, main)
14:50:59.696 INFO: JdwpEventCenterDelegate: THREAD_RESUMED: thread (33, main, main)
14:50:59.697 INFO: JdwpEventCenterDelegate: THREAD_RESUMED: thread (33, main, main)
14:50:59.699 INFO: JdwpEventCenterDelegate: THREAD_RESUMED: thread (33, main, main)
14:50:59.700 INFO: JdwpEventCenterDelegate: THREAD_RESUMED: thread (33, main, main)
14:50:59.701 INFO: JdwpEventCenterDelegate: THREAD_RESUMED: thread (33, main, main)
14:50:59.703 INFO: JdwpEventCenterDelegate: THREAD_RESUMED: thread (33, main, main)
14:50:59.704 INFO: JdwpEventCenterDelegate: THREAD_RESUMED: thread (33, main, main)
14:50:59.705 INFO: JdwpEventCenterDelegate: THREAD_RESUMED: thread (33, main, main)
14:50:59.707 INFO: JdwpEventCenterDelegate: THREAD_RESUMED: thread (33, main, main)
14:50:59.708 INFO: JdwpEventCenterDelegate: THREAD_RESUMED: thread (33, main, main)
14:50:59.710 INFO: JdwpEventCenterDelegate: THREAD_RESUMED: thread (33, main, main)
14:50:59.714 INFO: JdwpEventCenterDelegate: THREAD_RESUMED: thread (33, main, main)
14:50:59.715 INFO: JdwpEventCenterDelegate: THREAD_RESUMED: thread (33, main, main)
14:50:59.852 INFO: JdwpEventCenterDelegate: THREAD_STARTED: thread (93, AssetManager, main)
14:50:59.956 INFO: JdwpEventCenterDelegate: THREAD_RESUMED: thread (33, main, main)
14:50:59.958 INFO: JdwpEventCenterDelegate: THREAD_RESUMED: thread (33, main, main)
14:51:02.527 INFO: JdwpEventCenterDelegate: THREAD_RESUMED: thread (33, main, main)
14:51:02.626 INFO: JdwpEventCenterDelegate: THREAD_RESUMED: thread (33, main, main)
14:51:02.627 INFO: JdwpEventCenterDelegate: THREAD_RESUMED: thread (33, main, main)
14:51:02.629 INFO: JdwpEventCenterDelegate: THREAD_RESUMED: thread (33, main, main)
14:51:02.630 INFO: JdwpEventCenterDelegate: THREAD_RESUMED: thread (33, main, main)
14:51:02.632 INFO: JdwpEventCenterDelegate: THREAD_RESUMED: thread (33, main, main)
14:51:02.638 INFO: JdwpEventCenterDelegate: THREAD_RESUMED: thread (33, main, main)
14:51:02.650 INFO: JdwpEventCenterDelegate: THREAD_RESUMED: thread (33, main, main)
14:51:02.652 INFO: JdwpEventCenterDelegate: THREAD_RESUMED: thread (33, main, main)
14:51:02.654 INFO: JdwpEventCenterDelegate: THREAD_RESUMED: thread (33, main, main)
14:51:02.657 INFO: JdwpEventCenterDelegate: THREAD_RESUMED: thread (33, main, main)
14:51:02.659 INFO: JdwpEventCenterDelegate: THREAD_RESUMED: thread (33, main, main)
14:51:02.664 INFO: JdwpEventCenterDelegate: THREAD_RESUMED: thread (33, main, main)
14:51:02.678 INFO: JdwpEventCenterDelegate: THREAD_RESUMED: thread (33, main, main)
14:51:02.681 INFO: JdwpEventCenterDelegate: THREAD_RESUMED: thread (33, main, main)
14:51:02.684 INFO: JdwpEventCenterDelegate: THREAD_RESUMED: thread (33, main, main)
14:51:02.686 INFO: JdwpEventCenterDelegate: THREAD_RESUMED: thread (33, main, main)
14:51:02.688 INFO: JdwpEventCenterDelegate: THREAD_RESUMED: thread (33, main, main)
14:51:02.693 INFO: JdwpEventCenterDelegate: THREAD_RESUMED: thread (33, main, main)
14:51:02.711 INFO: JdwpEventCenterDelegate: THREAD_RESUMED: thread (33, main, main)
14:51:02.714 INFO: JdwpEventCenterDelegate: THREAD_RESUMED: thread (33, main, main)
14:51:02.716 INFO: JdwpEventCenterDelegate: THREAD_RESUMED: thread (33, main, main)
14:51:02.718 INFO: JdwpEventCenterDelegate: THREAD_RESUMED: thread (33, main, main)
14:51:02.720 INFO: JdwpEventCenterDelegate: THREAD_RESUMED: thread (33, main, main)
14:51:02.725 INFO: JdwpEventCenterDelegate: THREAD_RESUMED: thread (33, main, main)
14:51:02.740 INFO: JdwpEventCenterDelegate: THREAD_RESUMED: thread (33, main, main)
14:51:02.743 INFO: JdwpEventCenterDelegate: THREAD_RESUMED: thread (33, main, main)
14:51:02.745 INFO: JdwpEventCenterDelegate: THREAD_RESUMED: thread (33, main, main)
14:51:02.747 INFO: JdwpEventCenterDelegate: THREAD_RESUMED: thread (33, main, main)
14:51:02.750 INFO: JdwpEventCenterDelegate: THREAD_RESUMED: thread (33, main, main)
14:51:02.755 INFO: JdwpEventCenterDelegate: THREAD_RESUMED: thread (33, main, main)
14:51:02.771 INFO: JdwpEventCenterDelegate: THREAD_RESUMED: thread (33, main, main)
14:51:02.773 INFO: JdwpEventCenterDelegate: THREAD_RESUMED: thread (33, main, main)
14:51:02.775 INFO: JdwpEventCenterDelegate: THREAD_RESUMED: thread (33, main, main)
14:51:02.777 INFO: JdwpEventCenterDelegate: THREAD_RESUMED: thread (33, main, main)
14:51:02.780 INFO: JdwpEventCenterDelegate: THREAD_RESUMED: thread (33, main, main)
14:51:02.785 INFO: JdwpEventCenterDelegate: THREAD_RESUMED: thread (33, main, main)
14:51:02.807 INFO: JdwpEventCenterDelegate: THREAD_RESUMED: thread (33, main, main)
14:51:02.810 INFO: JdwpEventCenterDelegate: THREAD_RESUMED: thread (33, main, main)
14:51:02.812 INFO: JdwpEventCenterDelegate: THREAD_RESUMED: thread (33, main, main)
14:51:02.815 INFO: JdwpEventCenterDelegate: THREAD_RESUMED: thread (33, main, main)
14:51:02.817 INFO: JdwpEventCenterDelegate: THREAD_RESUMED: thread (33, main, main)
14:51:02.822 INFO: JdwpEventCenterDelegate: THREAD_RESUMED: thread (33, main, main)
14:51:02.841 INFO: JdwpEventCenterDelegate: THREAD_RESUMED: thread (33, main, main)
14:51:02.843 INFO: JdwpEventCenterDelegate: THREAD_RESUMED: thread (33, main, main)
14:51:02.846 INFO: JdwpEventCenterDelegate: THREAD_RESUMED: thread (33, main, main)
14:51:02.848 INFO: JdwpEventCenterDelegate: THREAD_RESUMED: thread (33, main, main)
14:51:02.850 INFO: JdwpEventCenterDelegate: THREAD_RESUMED: thread (33, main, main)
14:51:02.855 INFO: JdwpEventCenterDelegate: THREAD_RESUMED: thread (33, main, main)
14:51:02.874 INFO: JdwpEventCenterDelegate: THREAD_RESUMED: thread (33, main, main)
14:51:02.876 INFO: JdwpEventCenterDelegate: THREAD_RESUMED: thread (33, main, main)
14:51:02.879 INFO: JdwpEventCenterDelegate: THREAD_RESUMED: thread (33, main, main)
14:51:02.881 INFO: JdwpEventCenterDelegate: THREAD_RESUMED: thread (33, main, main)
14:51:02.883 INFO: JdwpEventCenterDelegate: THREAD_RESUMED: thread (33, main, main)
14:51:02.888 INFO: JdwpEventCenterDelegate: THREAD_RESUMED: thread (33, main, main)
14:51:02.903 INFO: JdwpEventCenterDelegate: THREAD_RESUMED: thread (33, main, main)
14:51:02.906 INFO: JdwpEventCenterDelegate: THREAD_RESUMED: thread (33, main, main)
14:51:02.909 INFO: JdwpEventCenterDelegate: THREAD_RESUMED: thread (33, main, main)
14:51:02.911 INFO: JdwpEventCenterDelegate: THREAD_RESUMED: thread (33, main, main)
14:51:02.913 INFO: JdwpEventCenterDelegate: THREAD_RESUMED: thread (33, main, main)
14:51:02.918 INFO: JdwpEventCenterDelegate: THREAD_RESUMED: thread (33, main, main)
14:51:02.933 INFO: JdwpEventCenterDelegate: THREAD_RESUMED: thread (33, main, main)
14:51:02.935 INFO: JdwpEventCenterDelegate: THREAD_RESUMED: thread (33, main, main)
14:51:02.937 INFO: JdwpEventCenterDelegate: THREAD_RESUMED: thread (33, main, main)
14:51:02.940 INFO: JdwpEventCenterDelegate: THREAD_RESUMED: thread (33, main, main)
14:51:02.942 INFO: JdwpEventCenterDelegate: THREAD_RESUMED: thread (33, main, main)
14:51:02.947 INFO: JdwpEventCenterDelegate: THREAD_RESUMED: thread (33, main, main)
14:51:02.966 INFO: JdwpEventCenterDelegate: THREAD_RESUMED: thread (33, main, main)
14:51:02.969 INFO: JdwpEventCenterDelegate: THREAD_RESUMED: thread (33, main, main)
14:51:02.971 INFO: JdwpEventCenterDelegate: THREAD_RESUMED: thread (33, main, main)
14:51:02.974 INFO: JdwpEventCenterDelegate: THREAD_RESUMED: thread (33, main, main)
14:51:02.976 INFO: JdwpEventCenterDelegate: THREAD_RESUMED: thread (33, main, main)
14:51:02.981 INFO: JdwpEventCenterDelegate: THREAD_RESUMED: thread (33, main, main)
14:51:03.021 INFO: JdwpEventCenterDelegate: THREAD_RESUMED: thread (33, main, main)
14:51:03.023 INFO: JdwpEventCenterDelegate: THREAD_RESUMED: thread (33, main, main)
14:51:03.025 INFO: JdwpEventCenterDelegate: THREAD_RESUMED: thread (33, main, main)
14:51:03.028 INFO: JdwpEventCenterDelegate: THREAD_RESUMED: thread (33, main, main)
14:51:03.030 INFO: JdwpEventCenterDelegate: THREAD_RESUMED: thread (33, main, main)
14:51:03.035 INFO: JdwpEventCenterDelegate: THREAD_RESUMED: thread (33, main, main)
14:51:03.054 INFO: JdwpEventCenterDelegate: THREAD_RESUMED: thread (33, main, main)
14:51:03.056 INFO: JdwpEventCenterDelegate: THREAD_RESUMED: thread (33, main, main)
14:51:03.059 INFO: JdwpEventCenterDelegate: THREAD_RESUMED: thread (33, main, main)
14:51:03.061 INFO: JdwpEventCenterDelegate: THREAD_RESUMED: thread (33, main, main)
14:51:03.063 INFO: JdwpEventCenterDelegate: THREAD_RESUMED: thread (33, main, main)
14:51:03.068 INFO: JdwpEventCenterDelegate: THREAD_RESUMED: thread (33, main, main)
14:51:03.081 INFO: JdwpEventCenterDelegate: THREAD_RESUMED: thread (33, main, main)
14:51:03.083 INFO: JdwpEventCenterDelegate: THREAD_RESUMED: thread (33, main, main)
14:51:03.085 INFO: JdwpEventCenterDelegate: THREAD_RESUMED: thread (33, main, main)
14:51:03.087 INFO: JdwpEventCenterDelegate: THREAD_RESUMED: thread (33, main, main)
14:51:03.088 INFO: JdwpEventCenterDelegate: THREAD_RESUMED: thread (33, main, main)
14:51:03.093 INFO: JdwpEventCenterDelegate: THREAD_RESUMED: thread (33, main, main)
14:51:03.095 INFO: JdwpEventCenterDelegate: THREAD_RESUMED: thread (33, main, main)
14:51:03.097 INFO: JdwpEventCenterDelegate: THREAD_RESUMED: thread (33, main, main)
14:51:03.099 INFO: JdwpEventCenterDelegate: THREAD_RESUMED: thread (33, main, main)
14:51:03.101 INFO: JdwpEventCenterDelegate: THREAD_RESUMED: thread (33, main, main)
14:51:03.103 INFO: JdwpEventCenterDelegate: THREAD_RESUMED: thread (33, main, main)
14:51:03.105 INFO: JdwpEventCenterDelegate: THREAD_RESUMED: thread (33, main, main)
14:51:03.109 INFO: JdwpEventCenterDelegate: THREAD_RESUMED: thread (33, main, main)
14:51:03.111 INFO: JdwpEventCenterDelegate: THREAD_RESUMED: thread (33, main, main)
14:51:03.113 INFO: JdwpEventCenterDelegate: THREAD_RESUMED: thread (33, main, main)
14:51:03.115 INFO: JdwpEventCenterDelegate: THREAD_RESUMED: thread (33, main, main)
14:51:03.118 INFO: JdwpEventCenterDelegate: THREAD_RESUMED: thread (33, main, main)
14:51:03.120 INFO: JdwpEventCenterDelegate: THREAD_RESUMED: thread (33, main, main)
14:51:03.122 INFO: JdwpEventCenterDelegate: THREAD_RESUMED: thread (33, main, main)
14:51:03.124 INFO: JdwpEventCenterDelegate: THREAD_RESUMED: thread (33, main, main)
14:51:03.125 INFO: JdwpEventCenterDelegate: THREAD_RESUMED: thread (33, main, main)
14:51:03.130 INFO: JdwpEventCenterDelegate: THREAD_RESUMED: thread (33, main, main)
14:51:03.143 INFO: JdwpEventCenterDelegate: THREAD_RESUMED: thread (33, main, main)
14:51:03.156 INFO: JdwpEventCenterDelegate: THREAD_RESUMED: thread (33, main, main)
14:51:03.167 INFO: JdwpEventCenterDelegate: THREAD_RESUMED: thread (33, main, main)
14:51:03.180 INFO: JdwpEventCenterDelegate: THREAD_RESUMED: thread (33, main, main)
14:51:03.210 INFO: JdwpEventCenterDelegate: THREAD_RESUMED: thread (33, main, main)
14:51:03.213 INFO: JdwpEventCenterDelegate: THREAD_RESUMED: thread (33, main, main)
14:51:03.215 INFO: JdwpEventCenterDelegate: THREAD_RESUMED: thread (33, main, main)
14:51:03.217 INFO: JdwpEventCenterDelegate: THREAD_RESUMED: thread (33, main, main)
14:51:03.219 INFO: JdwpEventCenterDelegate: THREAD_RESUMED: thread (33, main, main)
14:51:03.224 INFO: JdwpEventCenterDelegate: THREAD_RESUMED: thread (33, main, main)
14:51:03.235 INFO: JdwpEventCenterDelegate: THREAD_RESUMED: thread (33, main, main)
14:51:03.238 INFO: JdwpEventCenterDelegate: THREAD_RESUMED: thread (33, main, main)
14:51:03.240 INFO: JdwpEventCenterDelegate: THREAD_RESUMED: thread (33, main, main)
14:51:03.242 INFO: JdwpEventCenterDelegate: THREAD_RESUMED: thread (33, main, main)
14:51:03.245 INFO: JdwpEventCenterDelegate: THREAD_RESUMED: thread (33, main, main)
14:51:03.250 INFO: JdwpEventCenterDelegate: THREAD_RESUMED: thread (33, main, main)
14:51:03.264 INFO: JdwpEventCenterDelegate: THREAD_RESUMED: thread (33, main, main)
14:51:03.266 INFO: JdwpEventCenterDelegate: THREAD_RESUMED: thread (33, main, main)
14:51:03.268 INFO: JdwpEventCenterDelegate: THREAD_RESUMED: thread (33, main, main)
14:51:03.271 INFO: JdwpEventCenterDelegate: THREAD_RESUMED: thread (33, main, main)
14:51:03.273 INFO: JdwpEventCenterDelegate: THREAD_RESUMED: thread (33, main, main)
14:51:03.278 INFO: JdwpEventCenterDelegate: THREAD_RESUMED: thread (33, main, main)
14:51:03.295 INFO: JdwpEventCenterDelegate: THREAD_RESUMED: thread (33, main, main)
14:51:03.298 INFO: JdwpEventCenterDelegate: THREAD_RESUMED: thread (33, main, main)
14:51:03.300 INFO: JdwpEventCenterDelegate: THREAD_RESUMED: thread (33, main, main)
14:51:03.302 INFO: JdwpEventCenterDelegate: THREAD_RESUMED: thread (33, main, main)
14:51:03.304 INFO: JdwpEventCenterDelegate: THREAD_RESUMED: thread (33, main, main)
14:51:03.312 INFO: JdwpEventCenterDelegate: THREAD_RESUMED: thread (33, main, main)
14:51:03.327 INFO: JdwpEventCenterDelegate: THREAD_RESUMED: thread (33, main, main)
14:51:03.329 INFO: JdwpEventCenterDelegate: THREAD_RESUMED: thread (33, main, main)
14:51:03.332 INFO: JdwpEventCenterDelegate: THREAD_RESUMED: thread (33, main, main)
14:51:03.333 INFO: JdwpEventCenterDelegate: THREAD_RESUMED: thread (33, main, main)
14:51:03.335 INFO: JdwpEventCenterDelegate: THREAD_RESUMED: thread (33, main, main)
14:51:03.339 INFO: JdwpEventCenterDelegate: THREAD_RESUMED: thread (33, main, main)
14:51:03.356 INFO: JdwpEventCenterDelegate: THREAD_RESUMED: thread (33, main, main)
14:51:03.358 INFO: JdwpEventCenterDelegate: THREAD_RESUMED: thread (33, main, main)
14:51:03.359 INFO: JdwpEventCenterDelegate: THREAD_RESUMED: thread (33, main, main)
14:51:03.361 INFO: JdwpEventCenterDelegate: THREAD_RESUMED: thread (33, main, main)
14:51:03.363 INFO: JdwpEventCenterDelegate: THREAD_RESUMED: thread (33, main, main)
14:51:03.368 INFO: JdwpEventCenterDelegate: THREAD_RESUMED: thread (33, main, main)
14:51:03.386 INFO: JdwpEventCenterDelegate: THREAD_RESUMED: thread (33, main, main)
14:51:03.388 INFO: JdwpEventCenterDelegate: THREAD_RESUMED: thread (33, main, main)
14:51:03.390 INFO: JdwpEventCenterDelegate: THREAD_RESUMED: thread (33, main, main)
14:51:03.392 INFO: JdwpEventCenterDelegate: THREAD_RESUMED: thread (33, main, main)
14:51:03.393 INFO: JdwpEventCenterDelegate: THREAD_RESUMED: thread (33, main, main)
14:51:03.398 INFO: JdwpEventCenterDelegate: THREAD_RESUMED: thread (33, main, main)
14:51:03.415 INFO: JdwpEventCenterDelegate: THREAD_RESUMED: thread (33, main, main)
14:51:03.417 INFO: JdwpEventCenterDelegate: THREAD_RESUMED: thread (33, main, main)
14:51:03.419 INFO: JdwpEventCenterDelegate: THREAD_RESUMED: thread (33, main, main)
14:51:03.420 INFO: JdwpEventCenterDelegate: THREAD_RESUMED: thread (33, main, main)
14:51:03.422 INFO: JdwpEventCenterDelegate: THREAD_RESUMED: thread (33, main, main)
14:51:03.427 INFO: JdwpEventCenterDelegate: THREAD_RESUMED: thread (33, main, main)
14:51:03.445 INFO: JdwpEventCenterDelegate: THREAD_RESUMED: thread (33, main, main)
14:51:03.447 INFO: JdwpEventCenterDelegate: THREAD_RESUMED: thread (33, main, main)
14:51:03.450 INFO: JdwpEventCenterDelegate: THREAD_RESUMED: thread (33, main, main)
14:51:03.452 INFO: JdwpEventCenterDelegate: THREAD_RESUMED: thread (33, main, main)
14:51:03.454 INFO: JdwpEventCenterDelegate: THREAD_RESUMED: thread (33, main, main)
14:51:03.459 INFO: JdwpEventCenterDelegate: THREAD_RESUMED: thread (33, main, main)
14:51:03.474 INFO: JdwpEventCenterDelegate: THREAD_RESUMED: thread (33, main, main)
14:51:03.476 INFO: JdwpEventCenterDelegate: THREAD_RESUMED: thread (33, main, main)
14:51:03.478 INFO: JdwpEventCenterDelegate: THREAD_RESUMED: thread (33, main, main)
14:51:03.480 INFO: JdwpEventCenterDelegate: THREAD_RESUMED: thread (33, main, main)
14:51:03.483 INFO: JdwpEventCenterDelegate: THREAD_RESUMED: thread (33, main, main)
14:51:03.487 INFO: JdwpEventCenterDelegate: THREAD_RESUMED: thread (33, main, main)
14:51:03.505 INFO: JdwpEventCenterDelegate: THREAD_RESUMED: thread (33, main, main)
14:51:03.507 INFO: JdwpEventCenterDelegate: THREAD_RESUMED: thread (33, main, main)
14:51:03.510 INFO: JdwpEventCenterDelegate: THREAD_RESUMED: thread (33, main, main)
14:51:03.512 INFO: JdwpEventCenterDelegate: THREAD_RESUMED: thread (33, main, main)
14:51:03.514 INFO: JdwpEventCenterDelegate: THREAD_RESUMED: thread (33, main, main)
14:51:03.518 INFO: JdwpEventCenterDelegate: THREAD_RESUMED: thread (33, main, main)
14:51:03.537 INFO: JdwpEventCenterDelegate: THREAD_RESUMED: thread (33, main, main)
14:51:03.539 INFO: JdwpEventCenterDelegate: THREAD_RESUMED: thread (33, main, main)
14:51:03.542 INFO: JdwpEventCenterDelegate: THREAD_RESUMED: thread (33, main, main)
14:51:03.544 INFO: JdwpEventCenterDelegate: THREAD_RESUMED: thread (33, main, main)
14:51:03.546 INFO: JdwpEventCenterDelegate: THREAD_RESUMED: thread (33, main, main)
14:51:03.551 INFO: JdwpEventCenterDelegate: THREAD_RESUMED: thread (33, main, main)
14:51:03.572 INFO: JdwpEventCenterDelegate: THREAD_RESUMED: thread (33, main, main)
14:51:03.574 INFO: JdwpEventCenterDelegate: THREAD_RESUMED: thread (33, main, main)
14:51:03.577 INFO: JdwpEventCenterDelegate: THREAD_RESUMED: thread (33, main, main)
14:51:03.579 INFO: JdwpEventCenterDelegate: THREAD_RESUMED: thread (33, main, main)
14:51:03.581 INFO: JdwpEventCenterDelegate: THREAD_RESUMED: thread (33, main, main)
14:51:03.586 INFO: JdwpEventCenterDelegate: THREAD_RESUMED: thread (33, main, main)
14:51:03.604 INFO: JdwpEventCenterDelegate: THREAD_RESUMED: thread (33, main, main)
14:51:03.606 INFO: JdwpEventCenterDelegate: THREAD_RESUMED: thread (33, main, main)
14:51:03.608 INFO: JdwpEventCenterDelegate: THREAD_RESUMED: thread (33, main, main)
14:51:03.610 INFO: JdwpEventCenterDelegate: THREAD_RESUMED: thread (33, main, main)
14:51:03.612 INFO: JdwpEventCenterDelegate: THREAD_RESUMED: thread (33, main, main)
14:51:03.617 INFO: JdwpEventCenterDelegate: THREAD_RESUMED: thread (33, main, main)
14:51:03.630 INFO: JdwpEventCenterDelegate: THREAD_RESUMED: thread (33, main, main)
14:51:03.632 INFO: JdwpEventCenterDelegate: THREAD_RESUMED: thread (33, main, main)
14:51:03.634 INFO: JdwpEventCenterDelegate: THREAD_RESUMED: thread (33, main, main)
14:51:03.637 INFO: JdwpEventCenterDelegate: THREAD_RESUMED: thread (33, main, main)
14:51:03.639 INFO: JdwpEventCenterDelegate: THREAD_RESUMED: thread (33, main, main)
14:51:53.669 INFO: JdwpDebugServer: handling req: VirtualMachine(1).Exit(10)
14:51:53.669 SEVERE: Debugger: Thread JDWP server socket thread crashed
org.robovm.debugger.DebuggerException: Terminating due exit command
	at org.robovm.debugger.jdwp.JdwpDebugServer.doSocketWork(JdwpDebugServer.java:211)
	at java.base/java.lang.Thread.run(Thread.java:834)
	at org.robovm.debugger.utils.DebuggerThread.run(DebuggerThread.java:42)
14:51:54.173 SEVERE: Debugger: Thread HooksChannel socket thread crashed
org.robovm.debugger.DebuggerException: java.io.IOException: org.robovm.libimobiledevice.LibIMobileDeviceException: IDEVICE_E_UNKNOWN_ERROR
	at org.robovm.debugger.hooks.HooksChannel.doSocketWork(HooksChannel.java:149)
	at java.base/java.lang.Thread.run(Thread.java:834)
	at org.robovm.debugger.utils.DebuggerThread.run(DebuggerThread.java:42)
Caused by: java.io.IOException: org.robovm.libimobiledevice.LibIMobileDeviceException: IDEVICE_E_UNKNOWN_ERROR
	at org.robovm.libimobiledevice.IDeviceConnection$DeviceInputStream.read(IDeviceConnection.java:203)
	at org.robovm.debugger.utils.bytebuffer.DataBufferWriter.writeFromStream(DataBufferWriter.java:89)
	at org.robovm.debugger.hooks.HooksChannel.doSocketWork(HooksChannel.java:116)
	... 2 more
Caused by: org.robovm.libimobiledevice.LibIMobileDeviceException: IDEVICE_E_UNKNOWN_ERROR
	at org.robovm.libimobiledevice.IDevice.checkResult(IDevice.java:206)
	at org.robovm.libimobiledevice.IDeviceConnection.receive(IDeviceConnection.java:110)
	at org.robovm.libimobiledevice.IDeviceConnection.receive(IDeviceConnection.java:81)
	at org.robovm.libimobiledevice.IDeviceConnection$DeviceInputStream.read(IDeviceConnection.java:201)
	... 4 more
