22:29:58.909 INFO: JdwpDebugServer: handling req: VirtualMachine(1).IDSizes(7)
22:29:58.910 INFO: JdwpDebugServer: handling req: EventRequest(15).Set(1)
22:29:58.910 INFO: JdwpEventCenterDelegate: jdwpSetEventRequest: JdwpEventRequest{requestId=100, eventKind=CLASS_PREPARE, suspendPolicy=NONE, predicates=[]}
22:29:58.910 INFO: JdwpDebugServer: handling req: EventRequest(15).Set(1)
22:29:58.910 INFO: JdwpEventCenterDelegate: jdwpSetEventRequest: JdwpEventRequest{requestId=101, eventKind=CLASS_UNLOAD, suspendPolicy=NONE, predicates=[]}
22:29:58.925 INFO: JdwpDebugServer: handling req: VirtualMachine(1).Version(1)
22:29:58.925 INFO: JdwpDebugServer: handling req: VirtualMachine(1).capabilitiesNew(17)
22:29:58.926 INFO: JdwpDebugServer: handling req: VirtualMachine(1).capabilities(12)
22:29:58.926 INFO: JdwpDebugServer: handling req: VirtualMachine(1).AllClassesWithGeneric(20)
22:29:58.929 INFO: JdwpDebugServer: handling req: VirtualMachine(1).TopLevelThreadGroups(5)
22:29:58.930 INFO: JdwpDebugServer: handling req: EventRequest(15).Set(1)
22:29:58.930 INFO: JdwpEventCenterDelegate: jdwpSetEventRequest: JdwpEventRequest{requestId=102, eventKind=THREAD_START, suspendPolicy=NONE, predicates=[]}
22:29:58.930 INFO: JdwpDebugServer: handling req: EventRequest(15).Set(1)
22:29:58.930 INFO: JdwpEventCenterDelegate: jdwpSetEventRequest: JdwpEventRequest{requestId=103, eventKind=THREAD_DEATH, suspendPolicy=NONE, predicates=[]}
22:29:58.932 INFO: JdwpDebugServer: handling req: EventRequest(15).Set(1)
22:29:58.932 INFO: JdwpEventCenterDelegate: jdwpSetEventRequest: JdwpEventRequest{requestId=104, eventKind=CLASS_PREPARE, suspendPolicy=EVENT_THREAD, predicates=[className=sun.instrument.InstrumentationImpl]}
22:29:58.932 INFO: JdwpDebugServer: handling req: EventRequest(15).Set(1)
22:29:58.932 INFO: JdwpEventCenterDelegate: jdwpSetEventRequest: JdwpEventRequest{requestId=105, eventKind=CLASS_PREPARE, suspendPolicy=EVENT_THREAD, predicates=[className=sun.instrument.InstrumentationImpl]}
22:29:59.519 INFO: JdwpDebugServer: handling req: VirtualMachine(1).Resume(9)
22:29:59.581 INFO: JdwpEventCenterDelegate: THREAD_STARTED: thread (33, main, main)
22:29:59.599 INFO: JdwpEventCenterDelegate: THREAD_STARTED: thread (48, ReferenceQueueDaemon, main)
22:29:59.605 INFO: JdwpEventCenterDelegate: THREAD_STARTED: thread (63, FinalizerDaemon, main)
22:29:59.611 INFO: JdwpEventCenterDelegate: THREAD_STARTED: thread (78, FinalizerWatchdogDaemon, main)
22:29:59.614 INFO: JdwpEventCenterDelegate: THREAD_RESUMED: thread (33, main, main)
22:29:59.615 INFO: JdwpEventCenterDelegate: THREAD_RESUMED: thread (33, main, main)
22:29:59.617 INFO: JdwpEventCenterDelegate: THREAD_RESUMED: thread (33, main, main)
22:29:59.618 INFO: JdwpEventCenterDelegate: THREAD_RESUMED: thread (33, main, main)
22:29:59.619 INFO: JdwpEventCenterDelegate: THREAD_RESUMED: thread (33, main, main)
22:29:59.620 INFO: JdwpEventCenterDelegate: THREAD_RESUMED: thread (33, main, main)
22:29:59.621 INFO: JdwpEventCenterDelegate: THREAD_RESUMED: thread (33, main, main)
22:29:59.623 INFO: JdwpEventCenterDelegate: THREAD_RESUMED: thread (33, main, main)
22:29:59.624 INFO: JdwpEventCenterDelegate: THREAD_RESUMED: thread (33, main, main)
22:29:59.625 INFO: JdwpEventCenterDelegate: THREAD_RESUMED: thread (33, main, main)
22:29:59.627 INFO: JdwpEventCenterDelegate: THREAD_RESUMED: thread (33, main, main)
22:29:59.628 INFO: JdwpEventCenterDelegate: THREAD_RESUMED: thread (33, main, main)
22:29:59.629 INFO: JdwpEventCenterDelegate: THREAD_RESUMED: thread (33, main, main)
22:29:59.631 INFO: JdwpEventCenterDelegate: THREAD_RESUMED: thread (33, main, main)
22:29:59.632 INFO: JdwpEventCenterDelegate: THREAD_RESUMED: thread (33, main, main)
22:29:59.633 INFO: JdwpEventCenterDelegate: THREAD_RESUMED: thread (33, main, main)
22:29:59.635 INFO: JdwpEventCenterDelegate: THREAD_RESUMED: thread (33, main, main)
22:29:59.636 INFO: JdwpEventCenterDelegate: THREAD_RESUMED: thread (33, main, main)
22:29:59.639 INFO: JdwpEventCenterDelegate: THREAD_RESUMED: thread (33, main, main)
22:29:59.641 INFO: JdwpEventCenterDelegate: THREAD_RESUMED: thread (33, main, main)
22:29:59.642 INFO: JdwpEventCenterDelegate: THREAD_RESUMED: thread (33, main, main)
22:29:59.643 INFO: JdwpEventCenterDelegate: THREAD_RESUMED: thread (33, main, main)
22:29:59.645 INFO: JdwpEventCenterDelegate: THREAD_RESUMED: thread (33, main, main)
22:29:59.647 INFO: JdwpEventCenterDelegate: THREAD_RESUMED: thread (33, main, main)
22:29:59.648 INFO: JdwpEventCenterDelegate: THREAD_RESUMED: thread (33, main, main)
22:29:59.679 INFO: JdwpEventCenterDelegate: THREAD_RESUMED: thread (33, main, main)
22:29:59.681 INFO: JdwpEventCenterDelegate: THREAD_RESUMED: thread (33, main, main)
22:29:59.682 INFO: JdwpEventCenterDelegate: THREAD_RESUMED: thread (33, main, main)
22:29:59.684 INFO: JdwpEventCenterDelegate: THREAD_RESUMED: thread (33, main, main)
22:29:59.685 INFO: JdwpEventCenterDelegate: THREAD_RESUMED: thread (33, main, main)
22:29:59.687 INFO: JdwpEventCenterDelegate: THREAD_RESUMED: thread (33, main, main)
22:29:59.688 INFO: JdwpEventCenterDelegate: THREAD_RESUMED: thread (33, main, main)
22:29:59.690 INFO: JdwpEventCenterDelegate: THREAD_RESUMED: thread (33, main, main)
22:29:59.692 INFO: JdwpEventCenterDelegate: THREAD_RESUMED: thread (33, main, main)
22:29:59.693 INFO: JdwpEventCenterDelegate: THREAD_RESUMED: thread (33, main, main)
22:29:59.694 INFO: JdwpEventCenterDelegate: THREAD_RESUMED: thread (33, main, main)
22:29:59.695 INFO: JdwpEventCenterDelegate: THREAD_RESUMED: thread (33, main, main)
22:29:59.697 INFO: JdwpEventCenterDelegate: THREAD_RESUMED: thread (33, main, main)
22:29:59.698 INFO: JdwpEventCenterDelegate: THREAD_RESUMED: thread (33, main, main)
22:29:59.713 INFO: JdwpEventCenterDelegate: THREAD_RESUMED: thread (33, main, main)
22:29:59.714 INFO: JdwpEventCenterDelegate: THREAD_RESUMED: thread (33, main, main)
22:29:59.716 INFO: JdwpEventCenterDelegate: THREAD_RESUMED: thread (33, main, main)
22:29:59.717 INFO: JdwpEventCenterDelegate: THREAD_RESUMED: thread (33, main, main)
22:29:59.718 INFO: JdwpEventCenterDelegate: THREAD_RESUMED: thread (33, main, main)
22:29:59.719 INFO: JdwpEventCenterDelegate: THREAD_RESUMED: thread (33, main, main)
22:29:59.721 INFO: JdwpEventCenterDelegate: THREAD_RESUMED: thread (33, main, main)
22:29:59.744 INFO: JdwpEventCenterDelegate: THREAD_RESUMED: thread (33, main, main)
22:29:59.745 INFO: JdwpEventCenterDelegate: THREAD_RESUMED: thread (33, main, main)
22:29:59.747 INFO: JdwpEventCenterDelegate: THREAD_RESUMED: thread (33, main, main)
22:29:59.748 INFO: JdwpEventCenterDelegate: THREAD_RESUMED: thread (33, main, main)
22:29:59.750 INFO: JdwpEventCenterDelegate: THREAD_RESUMED: thread (33, main, main)
22:29:59.751 INFO: JdwpEventCenterDelegate: THREAD_RESUMED: thread (33, main, main)
22:29:59.752 INFO: JdwpEventCenterDelegate: THREAD_RESUMED: thread (33, main, main)
22:29:59.780 INFO: JdwpEventCenterDelegate: THREAD_RESUMED: thread (33, main, main)
22:29:59.781 INFO: JdwpEventCenterDelegate: THREAD_RESUMED: thread (33, main, main)
22:29:59.782 INFO: JdwpEventCenterDelegate: THREAD_RESUMED: thread (33, main, main)
22:29:59.784 INFO: JdwpEventCenterDelegate: THREAD_RESUMED: thread (33, main, main)
22:29:59.786 INFO: JdwpEventCenterDelegate: THREAD_RESUMED: thread (33, main, main)
22:29:59.787 INFO: JdwpEventCenterDelegate: THREAD_RESUMED: thread (33, main, main)
22:29:59.788 INFO: JdwpEventCenterDelegate: THREAD_RESUMED: thread (33, main, main)
22:29:59.802 INFO: JdwpEventCenterDelegate: THREAD_RESUMED: thread (33, main, main)
22:29:59.804 INFO: JdwpEventCenterDelegate: THREAD_RESUMED: thread (33, main, main)
22:29:59.805 INFO: JdwpEventCenterDelegate: THREAD_RESUMED: thread (33, main, main)
22:29:59.807 INFO: JdwpEventCenterDelegate: THREAD_RESUMED: thread (33, main, main)
22:29:59.808 INFO: JdwpEventCenterDelegate: THREAD_RESUMED: thread (33, main, main)
22:29:59.809 INFO: JdwpEventCenterDelegate: THREAD_RESUMED: thread (33, main, main)
22:29:59.811 INFO: JdwpEventCenterDelegate: THREAD_RESUMED: thread (33, main, main)
22:29:59.820 INFO: JdwpEventCenterDelegate: THREAD_RESUMED: thread (33, main, main)
22:29:59.821 INFO: JdwpEventCenterDelegate: THREAD_RESUMED: thread (33, main, main)
22:29:59.822 INFO: JdwpEventCenterDelegate: THREAD_RESUMED: thread (33, main, main)
22:29:59.824 INFO: JdwpEventCenterDelegate: THREAD_RESUMED: thread (33, main, main)
22:29:59.825 INFO: JdwpEventCenterDelegate: THREAD_RESUMED: thread (33, main, main)
22:29:59.826 INFO: JdwpEventCenterDelegate: THREAD_RESUMED: thread (33, main, main)
22:29:59.828 INFO: JdwpEventCenterDelegate: THREAD_RESUMED: thread (33, main, main)
22:29:59.829 INFO: JdwpEventCenterDelegate: THREAD_RESUMED: thread (33, main, main)
22:29:59.830 INFO: JdwpEventCenterDelegate: THREAD_RESUMED: thread (33, main, main)
22:29:59.832 INFO: JdwpEventCenterDelegate: THREAD_RESUMED: thread (33, main, main)
22:29:59.833 INFO: JdwpEventCenterDelegate: THREAD_RESUMED: thread (33, main, main)
22:29:59.834 INFO: JdwpEventCenterDelegate: THREAD_RESUMED: thread (33, main, main)
22:29:59.836 INFO: JdwpEventCenterDelegate: THREAD_RESUMED: thread (33, main, main)
22:29:59.838 INFO: JdwpEventCenterDelegate: THREAD_RESUMED: thread (33, main, main)
22:29:59.839 INFO: JdwpEventCenterDelegate: THREAD_RESUMED: thread (33, main, main)
22:29:59.841 INFO: JdwpEventCenterDelegate: THREAD_RESUMED: thread (33, main, main)
22:29:59.842 INFO: JdwpEventCenterDelegate: THREAD_RESUMED: thread (33, main, main)
22:29:59.844 INFO: JdwpEventCenterDelegate: THREAD_RESUMED: thread (33, main, main)
22:29:59.847 INFO: JdwpEventCenterDelegate: THREAD_RESUMED: thread (33, main, main)
22:29:59.849 INFO: JdwpEventCenterDelegate: THREAD_RESUMED: thread (33, main, main)
22:29:59.976 INFO: JdwpEventCenterDelegate: THREAD_STARTED: thread (93, AssetManager, main)
22:30:00.081 INFO: JdwpEventCenterDelegate: THREAD_RESUMED: thread (33, main, main)
22:30:00.083 INFO: JdwpEventCenterDelegate: THREAD_RESUMED: thread (33, main, main)
22:30:02.641 INFO: JdwpEventCenterDelegate: THREAD_RESUMED: thread (33, main, main)
22:30:02.741 INFO: JdwpEventCenterDelegate: THREAD_RESUMED: thread (33, main, main)
22:30:02.742 INFO: JdwpEventCenterDelegate: THREAD_RESUMED: thread (33, main, main)
22:30:02.744 INFO: JdwpEventCenterDelegate: THREAD_RESUMED: thread (33, main, main)
22:30:02.746 INFO: JdwpEventCenterDelegate: THREAD_RESUMED: thread (33, main, main)
22:30:02.747 INFO: JdwpEventCenterDelegate: THREAD_RESUMED: thread (33, main, main)
22:30:02.753 INFO: JdwpEventCenterDelegate: THREAD_RESUMED: thread (33, main, main)
22:30:02.765 INFO: JdwpEventCenterDelegate: THREAD_RESUMED: thread (33, main, main)
22:30:02.766 INFO: JdwpEventCenterDelegate: THREAD_RESUMED: thread (33, main, main)
22:30:02.768 INFO: JdwpEventCenterDelegate: THREAD_RESUMED: thread (33, main, main)
22:30:02.770 INFO: JdwpEventCenterDelegate: THREAD_RESUMED: thread (33, main, main)
22:30:02.771 INFO: JdwpEventCenterDelegate: THREAD_RESUMED: thread (33, main, main)
22:30:02.776 INFO: JdwpEventCenterDelegate: THREAD_RESUMED: thread (33, main, main)
22:30:02.790 INFO: JdwpEventCenterDelegate: THREAD_RESUMED: thread (33, main, main)
22:30:02.793 INFO: JdwpEventCenterDelegate: THREAD_RESUMED: thread (33, main, main)
22:30:02.795 INFO: JdwpEventCenterDelegate: THREAD_RESUMED: thread (33, main, main)
22:30:02.796 INFO: JdwpEventCenterDelegate: THREAD_RESUMED: thread (33, main, main)
22:30:02.798 INFO: JdwpEventCenterDelegate: THREAD_RESUMED: thread (33, main, main)
22:30:02.802 INFO: JdwpEventCenterDelegate: THREAD_RESUMED: thread (33, main, main)
22:30:02.820 INFO: JdwpEventCenterDelegate: THREAD_RESUMED: thread (33, main, main)
22:30:02.822 INFO: JdwpEventCenterDelegate: THREAD_RESUMED: thread (33, main, main)
22:30:02.824 INFO: JdwpEventCenterDelegate: THREAD_RESUMED: thread (33, main, main)
22:30:02.826 INFO: JdwpEventCenterDelegate: THREAD_RESUMED: thread (33, main, main)
22:30:02.827 INFO: JdwpEventCenterDelegate: THREAD_RESUMED: thread (33, main, main)
22:30:02.832 INFO: JdwpEventCenterDelegate: THREAD_RESUMED: thread (33, main, main)
22:30:02.847 INFO: JdwpEventCenterDelegate: THREAD_RESUMED: thread (33, main, main)
22:30:02.848 INFO: JdwpEventCenterDelegate: THREAD_RESUMED: thread (33, main, main)
22:30:02.850 INFO: JdwpEventCenterDelegate: THREAD_RESUMED: thread (33, main, main)
22:30:02.851 INFO: JdwpEventCenterDelegate: THREAD_RESUMED: thread (33, main, main)
22:30:02.853 INFO: JdwpEventCenterDelegate: THREAD_RESUMED: thread (33, main, main)
22:30:02.858 INFO: JdwpEventCenterDelegate: THREAD_RESUMED: thread (33, main, main)
22:30:02.873 INFO: JdwpEventCenterDelegate: THREAD_RESUMED: thread (33, main, main)
22:30:02.875 INFO: JdwpEventCenterDelegate: THREAD_RESUMED: thread (33, main, main)
22:30:02.877 INFO: JdwpEventCenterDelegate: THREAD_RESUMED: thread (33, main, main)
22:30:02.879 INFO: JdwpEventCenterDelegate: THREAD_RESUMED: thread (33, main, main)
22:30:02.881 INFO: JdwpEventCenterDelegate: THREAD_RESUMED: thread (33, main, main)
22:30:02.885 INFO: JdwpEventCenterDelegate: THREAD_RESUMED: thread (33, main, main)
22:30:02.904 INFO: JdwpEventCenterDelegate: THREAD_RESUMED: thread (33, main, main)
22:30:02.906 INFO: JdwpEventCenterDelegate: THREAD_RESUMED: thread (33, main, main)
22:30:02.908 INFO: JdwpEventCenterDelegate: THREAD_RESUMED: thread (33, main, main)
22:30:02.909 INFO: JdwpEventCenterDelegate: THREAD_RESUMED: thread (33, main, main)
22:30:02.911 INFO: JdwpEventCenterDelegate: THREAD_RESUMED: thread (33, main, main)
22:30:02.915 INFO: JdwpEventCenterDelegate: THREAD_RESUMED: thread (33, main, main)
22:30:02.934 INFO: JdwpEventCenterDelegate: THREAD_RESUMED: thread (33, main, main)
22:30:02.936 INFO: JdwpEventCenterDelegate: THREAD_RESUMED: thread (33, main, main)
22:30:02.937 INFO: JdwpEventCenterDelegate: THREAD_RESUMED: thread (33, main, main)
22:30:02.939 INFO: JdwpEventCenterDelegate: THREAD_RESUMED: thread (33, main, main)
22:30:02.941 INFO: JdwpEventCenterDelegate: THREAD_RESUMED: thread (33, main, main)
22:30:02.945 INFO: JdwpEventCenterDelegate: THREAD_RESUMED: thread (33, main, main)
22:30:02.963 INFO: JdwpEventCenterDelegate: THREAD_RESUMED: thread (33, main, main)
22:30:02.964 INFO: JdwpEventCenterDelegate: THREAD_RESUMED: thread (33, main, main)
22:30:02.966 INFO: JdwpEventCenterDelegate: THREAD_RESUMED: thread (33, main, main)
22:30:02.968 INFO: JdwpEventCenterDelegate: THREAD_RESUMED: thread (33, main, main)
22:30:02.970 INFO: JdwpEventCenterDelegate: THREAD_RESUMED: thread (33, main, main)
22:30:02.974 INFO: JdwpEventCenterDelegate: THREAD_RESUMED: thread (33, main, main)
22:30:02.993 INFO: JdwpEventCenterDelegate: THREAD_RESUMED: thread (33, main, main)
22:30:02.994 INFO: JdwpEventCenterDelegate: THREAD_RESUMED: thread (33, main, main)
22:30:02.996 INFO: JdwpEventCenterDelegate: THREAD_RESUMED: thread (33, main, main)
22:30:02.997 INFO: JdwpEventCenterDelegate: THREAD_RESUMED: thread (33, main, main)
22:30:02.999 INFO: JdwpEventCenterDelegate: THREAD_RESUMED: thread (33, main, main)
22:30:03.003 INFO: JdwpEventCenterDelegate: THREAD_RESUMED: thread (33, main, main)
22:30:03.017 INFO: JdwpEventCenterDelegate: THREAD_RESUMED: thread (33, main, main)
22:30:03.019 INFO: JdwpEventCenterDelegate: THREAD_RESUMED: thread (33, main, main)
22:30:03.021 INFO: JdwpEventCenterDelegate: THREAD_RESUMED: thread (33, main, main)
22:30:03.023 INFO: JdwpEventCenterDelegate: THREAD_RESUMED: thread (33, main, main)
22:30:03.024 INFO: JdwpEventCenterDelegate: THREAD_RESUMED: thread (33, main, main)
22:30:03.029 INFO: JdwpEventCenterDelegate: THREAD_RESUMED: thread (33, main, main)
22:30:03.050 INFO: JdwpEventCenterDelegate: THREAD_RESUMED: thread (33, main, main)
22:30:03.052 INFO: JdwpEventCenterDelegate: THREAD_RESUMED: thread (33, main, main)
22:30:03.054 INFO: JdwpEventCenterDelegate: THREAD_RESUMED: thread (33, main, main)
22:30:03.057 INFO: JdwpEventCenterDelegate: THREAD_RESUMED: thread (33, main, main)
22:30:03.059 INFO: JdwpEventCenterDelegate: THREAD_RESUMED: thread (33, main, main)
22:30:03.064 INFO: JdwpEventCenterDelegate: THREAD_RESUMED: thread (33, main, main)
22:30:03.085 INFO: JdwpEventCenterDelegate: THREAD_RESUMED: thread (33, main, main)
22:30:03.087 INFO: JdwpEventCenterDelegate: THREAD_RESUMED: thread (33, main, main)
22:30:03.089 INFO: JdwpEventCenterDelegate: THREAD_RESUMED: thread (33, main, main)
22:30:03.091 INFO: JdwpEventCenterDelegate: THREAD_RESUMED: thread (33, main, main)
22:30:03.093 INFO: JdwpEventCenterDelegate: THREAD_RESUMED: thread (33, main, main)
22:30:03.098 INFO: JdwpEventCenterDelegate: THREAD_RESUMED: thread (33, main, main)
22:30:03.117 INFO: JdwpEventCenterDelegate: THREAD_RESUMED: thread (33, main, main)
22:30:03.119 INFO: JdwpEventCenterDelegate: THREAD_RESUMED: thread (33, main, main)
22:30:03.121 INFO: JdwpEventCenterDelegate: THREAD_RESUMED: thread (33, main, main)
22:30:03.123 INFO: JdwpEventCenterDelegate: THREAD_RESUMED: thread (33, main, main)
22:30:03.125 INFO: JdwpEventCenterDelegate: THREAD_RESUMED: thread (33, main, main)
22:30:03.130 INFO: JdwpEventCenterDelegate: THREAD_RESUMED: thread (33, main, main)
22:30:03.143 INFO: JdwpEventCenterDelegate: THREAD_RESUMED: thread (33, main, main)
22:30:03.145 INFO: JdwpEventCenterDelegate: THREAD_RESUMED: thread (33, main, main)
22:30:03.147 INFO: JdwpEventCenterDelegate: THREAD_RESUMED: thread (33, main, main)
22:30:03.149 INFO: JdwpEventCenterDelegate: THREAD_RESUMED: thread (33, main, main)
22:30:03.151 INFO: JdwpEventCenterDelegate: THREAD_RESUMED: thread (33, main, main)
22:30:03.157 INFO: JdwpEventCenterDelegate: THREAD_RESUMED: thread (33, main, main)
22:30:03.159 INFO: JdwpEventCenterDelegate: THREAD_RESUMED: thread (33, main, main)
22:30:03.162 INFO: JdwpEventCenterDelegate: THREAD_RESUMED: thread (33, main, main)
22:30:03.164 INFO: JdwpEventCenterDelegate: THREAD_RESUMED: thread (33, main, main)
22:30:03.166 INFO: JdwpEventCenterDelegate: THREAD_RESUMED: thread (33, main, main)
22:30:03.168 INFO: JdwpEventCenterDelegate: THREAD_RESUMED: thread (33, main, main)
22:30:03.171 INFO: JdwpEventCenterDelegate: THREAD_RESUMED: thread (33, main, main)
22:30:03.175 INFO: JdwpEventCenterDelegate: THREAD_RESUMED: thread (33, main, main)
22:30:03.177 INFO: JdwpEventCenterDelegate: THREAD_RESUMED: thread (33, main, main)
22:30:03.179 INFO: JdwpEventCenterDelegate: THREAD_RESUMED: thread (33, main, main)
22:30:03.181 INFO: JdwpEventCenterDelegate: THREAD_RESUMED: thread (33, main, main)
22:30:03.192 INFO: JdwpEventCenterDelegate: THREAD_RESUMED: thread (33, main, main)
22:30:03.194 INFO: JdwpEventCenterDelegate: THREAD_RESUMED: thread (33, main, main)
22:30:03.196 INFO: JdwpEventCenterDelegate: THREAD_RESUMED: thread (33, main, main)
22:30:03.198 INFO: JdwpEventCenterDelegate: THREAD_RESUMED: thread (33, main, main)
22:30:03.200 INFO: JdwpEventCenterDelegate: THREAD_RESUMED: thread (33, main, main)
22:30:03.202 INFO: JdwpEventCenterDelegate: THREAD_RESUMED: thread (33, main, main)
22:30:03.204 INFO: JdwpEventCenterDelegate: THREAD_RESUMED: thread (33, main, main)
22:30:03.221 INFO: JdwpEventCenterDelegate: THREAD_RESUMED: thread (33, main, main)
22:30:03.223 INFO: JdwpEventCenterDelegate: THREAD_RESUMED: thread (33, main, main)
22:30:03.225 INFO: JdwpEventCenterDelegate: THREAD_RESUMED: thread (33, main, main)
22:30:03.227 INFO: JdwpEventCenterDelegate: THREAD_RESUMED: thread (33, main, main)
22:30:03.229 INFO: JdwpEventCenterDelegate: THREAD_RESUMED: thread (33, main, main)
22:30:03.234 INFO: JdwpEventCenterDelegate: THREAD_RESUMED: thread (33, main, main)
22:30:03.247 INFO: JdwpEventCenterDelegate: THREAD_RESUMED: thread (33, main, main)
22:30:03.260 INFO: JdwpEventCenterDelegate: THREAD_RESUMED: thread (33, main, main)
22:30:03.271 INFO: JdwpEventCenterDelegate: THREAD_RESUMED: thread (33, main, main)
22:30:03.286 INFO: JdwpEventCenterDelegate: THREAD_RESUMED: thread (33, main, main)
22:30:03.320 INFO: JdwpEventCenterDelegate: THREAD_RESUMED: thread (33, main, main)
22:30:03.322 INFO: JdwpEventCenterDelegate: THREAD_RESUMED: thread (33, main, main)
22:30:03.324 INFO: JdwpEventCenterDelegate: THREAD_RESUMED: thread (33, main, main)
22:30:03.325 INFO: JdwpEventCenterDelegate: THREAD_RESUMED: thread (33, main, main)
22:30:03.327 INFO: JdwpEventCenterDelegate: THREAD_RESUMED: thread (33, main, main)
22:30:03.332 INFO: JdwpEventCenterDelegate: THREAD_RESUMED: thread (33, main, main)
22:30:03.343 INFO: JdwpEventCenterDelegate: THREAD_RESUMED: thread (33, main, main)
22:30:03.345 INFO: JdwpEventCenterDelegate: THREAD_RESUMED: thread (33, main, main)
22:30:03.347 INFO: JdwpEventCenterDelegate: THREAD_RESUMED: thread (33, main, main)
22:30:03.349 INFO: JdwpEventCenterDelegate: THREAD_RESUMED: thread (33, main, main)
22:30:03.351 INFO: JdwpEventCenterDelegate: THREAD_RESUMED: thread (33, main, main)
22:30:03.356 INFO: JdwpEventCenterDelegate: THREAD_RESUMED: thread (33, main, main)
22:30:03.371 INFO: JdwpEventCenterDelegate: THREAD_RESUMED: thread (33, main, main)
22:30:03.372 INFO: JdwpEventCenterDelegate: THREAD_RESUMED: thread (33, main, main)
22:30:03.374 INFO: JdwpEventCenterDelegate: THREAD_RESUMED: thread (33, main, main)
22:30:03.376 INFO: JdwpEventCenterDelegate: THREAD_RESUMED: thread (33, main, main)
22:30:03.378 INFO: JdwpEventCenterDelegate: THREAD_RESUMED: thread (33, main, main)
22:30:03.382 INFO: JdwpEventCenterDelegate: THREAD_RESUMED: thread (33, main, main)
22:30:03.399 INFO: JdwpEventCenterDelegate: THREAD_RESUMED: thread (33, main, main)
22:30:03.402 INFO: JdwpEventCenterDelegate: THREAD_RESUMED: thread (33, main, main)
22:30:03.404 INFO: JdwpEventCenterDelegate: THREAD_RESUMED: thread (33, main, main)
22:30:03.406 INFO: JdwpEventCenterDelegate: THREAD_RESUMED: thread (33, main, main)
22:30:03.408 INFO: JdwpEventCenterDelegate: THREAD_RESUMED: thread (33, main, main)
22:30:03.412 INFO: JdwpEventCenterDelegate: THREAD_RESUMED: thread (33, main, main)
22:30:03.427 INFO: JdwpEventCenterDelegate: THREAD_RESUMED: thread (33, main, main)
22:30:03.429 INFO: JdwpEventCenterDelegate: THREAD_RESUMED: thread (33, main, main)
22:30:03.432 INFO: JdwpEventCenterDelegate: THREAD_RESUMED: thread (33, main, main)
22:30:03.434 INFO: JdwpEventCenterDelegate: THREAD_RESUMED: thread (33, main, main)
22:30:03.436 INFO: JdwpEventCenterDelegate: THREAD_RESUMED: thread (33, main, main)
22:30:03.440 INFO: JdwpEventCenterDelegate: THREAD_RESUMED: thread (33, main, main)
22:30:03.455 INFO: JdwpEventCenterDelegate: THREAD_RESUMED: thread (33, main, main)
22:30:03.458 INFO: JdwpEventCenterDelegate: THREAD_RESUMED: thread (33, main, main)
22:30:03.460 INFO: JdwpEventCenterDelegate: THREAD_RESUMED: thread (33, main, main)
22:30:03.462 INFO: JdwpEventCenterDelegate: THREAD_RESUMED: thread (33, main, main)
22:30:03.465 INFO: JdwpEventCenterDelegate: THREAD_RESUMED: thread (33, main, main)
22:30:03.470 INFO: JdwpEventCenterDelegate: THREAD_RESUMED: thread (33, main, main)
22:30:03.491 INFO: JdwpEventCenterDelegate: THREAD_RESUMED: thread (33, main, main)
22:30:03.493 INFO: JdwpEventCenterDelegate: THREAD_RESUMED: thread (33, main, main)
22:30:03.495 INFO: JdwpEventCenterDelegate: THREAD_RESUMED: thread (33, main, main)
22:30:03.497 INFO: JdwpEventCenterDelegate: THREAD_RESUMED: thread (33, main, main)
22:30:03.500 INFO: JdwpEventCenterDelegate: THREAD_RESUMED: thread (33, main, main)
22:30:03.505 INFO: JdwpEventCenterDelegate: THREAD_RESUMED: thread (33, main, main)
22:30:03.522 INFO: JdwpEventCenterDelegate: THREAD_RESUMED: thread (33, main, main)
22:30:03.524 INFO: JdwpEventCenterDelegate: THREAD_RESUMED: thread (33, main, main)
22:30:03.526 INFO: JdwpEventCenterDelegate: THREAD_RESUMED: thread (33, main, main)
22:30:03.528 INFO: JdwpEventCenterDelegate: THREAD_RESUMED: thread (33, main, main)
22:30:03.529 INFO: JdwpEventCenterDelegate: THREAD_RESUMED: thread (33, main, main)
22:30:03.533 INFO: JdwpEventCenterDelegate: THREAD_RESUMED: thread (33, main, main)
22:30:03.551 INFO: JdwpEventCenterDelegate: THREAD_RESUMED: thread (33, main, main)
22:30:03.552 INFO: JdwpEventCenterDelegate: THREAD_RESUMED: thread (33, main, main)
22:30:03.554 INFO: JdwpEventCenterDelegate: THREAD_RESUMED: thread (33, main, main)
22:30:03.556 INFO: JdwpEventCenterDelegate: THREAD_RESUMED: thread (33, main, main)
22:30:03.558 INFO: JdwpEventCenterDelegate: THREAD_RESUMED: thread (33, main, main)
22:30:03.563 INFO: JdwpEventCenterDelegate: THREAD_RESUMED: thread (33, main, main)
22:30:03.577 INFO: JdwpEventCenterDelegate: THREAD_RESUMED: thread (33, main, main)
22:30:03.579 INFO: JdwpEventCenterDelegate: THREAD_RESUMED: thread (33, main, main)
22:30:03.581 INFO: JdwpEventCenterDelegate: THREAD_RESUMED: thread (33, main, main)
22:30:03.583 INFO: JdwpEventCenterDelegate: THREAD_RESUMED: thread (33, main, main)
22:30:03.585 INFO: JdwpEventCenterDelegate: THREAD_RESUMED: thread (33, main, main)
22:30:03.590 INFO: JdwpEventCenterDelegate: THREAD_RESUMED: thread (33, main, main)
22:30:03.604 INFO: JdwpEventCenterDelegate: THREAD_RESUMED: thread (33, main, main)
22:30:03.606 INFO: JdwpEventCenterDelegate: THREAD_RESUMED: thread (33, main, main)
22:30:03.608 INFO: JdwpEventCenterDelegate: THREAD_RESUMED: thread (33, main, main)
22:30:03.610 INFO: JdwpEventCenterDelegate: THREAD_RESUMED: thread (33, main, main)
22:30:03.612 INFO: JdwpEventCenterDelegate: THREAD_RESUMED: thread (33, main, main)
22:30:03.616 INFO: JdwpEventCenterDelegate: THREAD_RESUMED: thread (33, main, main)
22:30:03.635 INFO: JdwpEventCenterDelegate: THREAD_RESUMED: thread (33, main, main)
22:30:03.637 INFO: JdwpEventCenterDelegate: THREAD_RESUMED: thread (33, main, main)
22:30:03.639 INFO: JdwpEventCenterDelegate: THREAD_RESUMED: thread (33, main, main)
22:30:03.641 INFO: JdwpEventCenterDelegate: THREAD_RESUMED: thread (33, main, main)
22:30:03.643 INFO: JdwpEventCenterDelegate: THREAD_RESUMED: thread (33, main, main)
22:30:03.647 INFO: JdwpEventCenterDelegate: THREAD_RESUMED: thread (33, main, main)
22:30:03.672 INFO: JdwpEventCenterDelegate: THREAD_RESUMED: thread (33, main, main)
22:30:03.673 INFO: JdwpEventCenterDelegate: THREAD_RESUMED: thread (33, main, main)
22:30:03.675 INFO: JdwpEventCenterDelegate: THREAD_RESUMED: thread (33, main, main)
22:30:03.677 INFO: JdwpEventCenterDelegate: THREAD_RESUMED: thread (33, main, main)
22:30:03.679 INFO: JdwpEventCenterDelegate: THREAD_RESUMED: thread (33, main, main)
22:30:03.683 INFO: JdwpEventCenterDelegate: THREAD_RESUMED: thread (33, main, main)
22:30:03.700 INFO: JdwpEventCenterDelegate: THREAD_RESUMED: thread (33, main, main)
22:30:03.702 INFO: JdwpEventCenterDelegate: THREAD_RESUMED: thread (33, main, main)
22:30:03.704 INFO: JdwpEventCenterDelegate: THREAD_RESUMED: thread (33, main, main)
22:30:03.706 INFO: JdwpEventCenterDelegate: THREAD_RESUMED: thread (33, main, main)
22:30:03.708 INFO: JdwpEventCenterDelegate: THREAD_RESUMED: thread (33, main, main)
22:30:03.733 INFO: JdwpEventCenterDelegate: THREAD_RESUMED: thread (33, main, main)
22:30:03.747 INFO: JdwpEventCenterDelegate: THREAD_RESUMED: thread (33, main, main)
22:30:03.748 INFO: JdwpEventCenterDelegate: THREAD_RESUMED: thread (33, main, main)
22:30:03.750 INFO: JdwpEventCenterDelegate: THREAD_RESUMED: thread (33, main, main)
22:30:03.752 INFO: JdwpEventCenterDelegate: THREAD_RESUMED: thread (33, main, main)
22:30:03.754 INFO: JdwpEventCenterDelegate: THREAD_RESUMED: thread (33, main, main)
22:30:39.647 INFO: JdwpDebugServer: handling req: VirtualMachine(1).Exit(10)
22:30:39.647 SEVERE: Debugger: Thread JDWP server socket thread crashed
org.robovm.debugger.DebuggerException: Terminating due exit command
	at org.robovm.debugger.jdwp.JdwpDebugServer.doSocketWork(JdwpDebugServer.java:211)
	at java.base/java.lang.Thread.run(Thread.java:834)
	at org.robovm.debugger.utils.DebuggerThread.run(DebuggerThread.java:42)
22:30:40.153 SEVERE: Debugger: Thread HooksChannel socket thread crashed
org.robovm.debugger.DebuggerException: java.io.IOException: org.robovm.libimobiledevice.LibIMobileDeviceException: IDEVICE_E_UNKNOWN_ERROR
	at org.robovm.debugger.hooks.HooksChannel.doSocketWork(HooksChannel.java:149)
	at java.base/java.lang.Thread.run(Thread.java:834)
	at org.robovm.debugger.utils.DebuggerThread.run(DebuggerThread.java:42)
Caused by: java.io.IOException: org.robovm.libimobiledevice.LibIMobileDeviceException: IDEVICE_E_UNKNOWN_ERROR
	at org.robovm.libimobiledevice.IDeviceConnection$DeviceInputStream.read(IDeviceConnection.java:203)
	at org.robovm.debugger.utils.bytebuffer.DataBufferWriter.writeFromStream(DataBufferWriter.java:89)
	at org.robovm.debugger.hooks.HooksChannel.doSocketWork(HooksChannel.java:116)
	... 2 more
Caused by: org.robovm.libimobiledevice.LibIMobileDeviceException: IDEVICE_E_UNKNOWN_ERROR
	at org.robovm.libimobiledevice.IDevice.checkResult(IDevice.java:206)
	at org.robovm.libimobiledevice.IDeviceConnection.receive(IDeviceConnection.java:110)
	at org.robovm.libimobiledevice.IDeviceConnection.receive(IDeviceConnection.java:81)
	at org.robovm.libimobiledevice.IDeviceConnection$DeviceInputStream.read(IDeviceConnection.java:201)
	... 4 more
