20:57:19.871 INFO: JdwpDebugServer: handling req: VirtualMachine(1).IDSizes(7)
20:57:19.872 INFO: JdwpDebugServer: handling req: EventRequest(15).Set(1)
20:57:19.872 INFO: JdwpEventCenterDelegate: jdwpSetEventRequest: JdwpEventRequest{requestId=100, eventKind=CLASS_PREPARE, suspendPolicy=NONE, predicates=[]}
20:57:19.872 INFO: JdwpDebugServer: handling req: EventRequest(15).Set(1)
20:57:19.872 INFO: JdwpEventCenterDelegate: jdwpSetEventRequest: JdwpEventRequest{requestId=101, eventKind=CLASS_UNLOAD, suspendPolicy=NONE, predicates=[]}
20:57:19.895 INFO: JdwpDebugServer: handling req: VirtualMachine(1).Version(1)
20:57:19.895 INFO: JdwpDebugServer: handling req: VirtualMachine(1).capabilitiesNew(17)
20:57:19.895 INFO: JdwpDebugServer: handling req: VirtualMachine(1).capabilities(12)
20:57:19.895 INFO: JdwpDebugServer: handling req: VirtualMachine(1).AllClassesWithGeneric(20)
20:57:19.899 INFO: JdwpDebugServer: handling req: VirtualMachine(1).TopLevelThreadGroups(5)
20:57:19.900 INFO: JdwpDebugServer: handling req: EventRequest(15).Set(1)
20:57:19.900 INFO: JdwpEventCenterDelegate: jdwpSetEventRequest: JdwpEventRequest{requestId=102, eventKind=THREAD_START, suspendPolicy=NONE, predicates=[]}
20:57:19.900 INFO: JdwpDebugServer: handling req: EventRequest(15).Set(1)
20:57:19.900 INFO: JdwpEventCenterDelegate: jdwpSetEventRequest: JdwpEventRequest{requestId=103, eventKind=THREAD_DEATH, suspendPolicy=NONE, predicates=[]}
20:57:19.902 INFO: JdwpDebugServer: handling req: EventRequest(15).Set(1)
20:57:19.902 INFO: JdwpEventCenterDelegate: jdwpSetEventRequest: JdwpEventRequest{requestId=104, eventKind=CLASS_PREPARE, suspendPolicy=EVENT_THREAD, predicates=[className=sun.instrument.InstrumentationImpl]}
20:57:19.902 INFO: JdwpDebugServer: handling req: EventRequest(15).Set(1)
20:57:19.902 INFO: JdwpEventCenterDelegate: jdwpSetEventRequest: JdwpEventRequest{requestId=105, eventKind=CLASS_PREPARE, suspendPolicy=EVENT_THREAD, predicates=[className=sun.instrument.InstrumentationImpl]}
20:57:20.488 INFO: JdwpDebugServer: handling req: VirtualMachine(1).Resume(9)
20:57:20.543 INFO: JdwpEventCenterDelegate: THREAD_STARTED: thread (33, main, main)
20:57:20.561 INFO: JdwpEventCenterDelegate: THREAD_STARTED: thread (48, ReferenceQueueDaemon, main)
20:57:20.569 INFO: JdwpEventCenterDelegate: THREAD_STARTED: thread (63, FinalizerDaemon, main)
20:57:20.575 INFO: JdwpEventCenterDelegate: THREAD_STARTED: thread (78, FinalizerWatchdogDaemon, main)
20:57:20.578 INFO: JdwpEventCenterDelegate: THREAD_RESUMED: thread (33, main, main)
20:57:20.579 INFO: JdwpEventCenterDelegate: THREAD_RESUMED: thread (33, main, main)
20:57:20.580 INFO: JdwpEventCenterDelegate: THREAD_RESUMED: thread (33, main, main)
20:57:20.582 INFO: JdwpEventCenterDelegate: THREAD_RESUMED: thread (33, main, main)
20:57:20.584 INFO: JdwpEventCenterDelegate: THREAD_RESUMED: thread (33, main, main)
20:57:20.585 INFO: JdwpEventCenterDelegate: THREAD_RESUMED: thread (33, main, main)
20:57:20.587 INFO: JdwpEventCenterDelegate: THREAD_RESUMED: thread (33, main, main)
20:57:20.589 INFO: JdwpEventCenterDelegate: THREAD_RESUMED: thread (33, main, main)
20:57:20.591 INFO: JdwpEventCenterDelegate: THREAD_RESUMED: thread (33, main, main)
20:57:20.592 INFO: JdwpEventCenterDelegate: THREAD_RESUMED: thread (33, main, main)
20:57:20.594 INFO: JdwpEventCenterDelegate: THREAD_RESUMED: thread (33, main, main)
20:57:20.596 INFO: JdwpEventCenterDelegate: THREAD_RESUMED: thread (33, main, main)
20:57:20.597 INFO: JdwpEventCenterDelegate: THREAD_RESUMED: thread (33, main, main)
20:57:20.599 INFO: JdwpEventCenterDelegate: THREAD_RESUMED: thread (33, main, main)
20:57:20.600 INFO: JdwpEventCenterDelegate: THREAD_RESUMED: thread (33, main, main)
20:57:20.602 INFO: JdwpEventCenterDelegate: THREAD_RESUMED: thread (33, main, main)
20:57:20.604 INFO: JdwpEventCenterDelegate: THREAD_RESUMED: thread (33, main, main)
20:57:20.605 INFO: JdwpEventCenterDelegate: THREAD_RESUMED: thread (33, main, main)
20:57:20.609 INFO: JdwpEventCenterDelegate: THREAD_RESUMED: thread (33, main, main)
20:57:20.611 INFO: JdwpEventCenterDelegate: THREAD_RESUMED: thread (33, main, main)
20:57:20.613 INFO: JdwpEventCenterDelegate: THREAD_RESUMED: thread (33, main, main)
20:57:20.614 INFO: JdwpEventCenterDelegate: THREAD_RESUMED: thread (33, main, main)
20:57:20.616 INFO: JdwpEventCenterDelegate: THREAD_RESUMED: thread (33, main, main)
20:57:20.617 INFO: JdwpEventCenterDelegate: THREAD_RESUMED: thread (33, main, main)
20:57:20.618 INFO: JdwpEventCenterDelegate: THREAD_RESUMED: thread (33, main, main)
20:57:20.650 INFO: JdwpEventCenterDelegate: THREAD_RESUMED: thread (33, main, main)
20:57:20.652 INFO: JdwpEventCenterDelegate: THREAD_RESUMED: thread (33, main, main)
20:57:20.653 INFO: JdwpEventCenterDelegate: THREAD_RESUMED: thread (33, main, main)
20:57:20.655 INFO: JdwpEventCenterDelegate: THREAD_RESUMED: thread (33, main, main)
20:57:20.656 INFO: JdwpEventCenterDelegate: THREAD_RESUMED: thread (33, main, main)
20:57:20.658 INFO: JdwpEventCenterDelegate: THREAD_RESUMED: thread (33, main, main)
20:57:20.659 INFO: JdwpEventCenterDelegate: THREAD_RESUMED: thread (33, main, main)
20:57:20.662 INFO: JdwpEventCenterDelegate: THREAD_RESUMED: thread (33, main, main)
20:57:20.663 INFO: JdwpEventCenterDelegate: THREAD_RESUMED: thread (33, main, main)
20:57:20.665 INFO: JdwpEventCenterDelegate: THREAD_RESUMED: thread (33, main, main)
20:57:20.666 INFO: JdwpEventCenterDelegate: THREAD_RESUMED: thread (33, main, main)
20:57:20.668 INFO: JdwpEventCenterDelegate: THREAD_RESUMED: thread (33, main, main)
20:57:20.669 INFO: JdwpEventCenterDelegate: THREAD_RESUMED: thread (33, main, main)
20:57:20.671 INFO: JdwpEventCenterDelegate: THREAD_RESUMED: thread (33, main, main)
20:57:20.687 INFO: JdwpEventCenterDelegate: THREAD_RESUMED: thread (33, main, main)
20:57:20.689 INFO: JdwpEventCenterDelegate: THREAD_RESUMED: thread (33, main, main)
20:57:20.690 INFO: JdwpEventCenterDelegate: THREAD_RESUMED: thread (33, main, main)
20:57:20.692 INFO: JdwpEventCenterDelegate: THREAD_RESUMED: thread (33, main, main)
20:57:20.694 INFO: JdwpEventCenterDelegate: THREAD_RESUMED: thread (33, main, main)
20:57:20.695 INFO: JdwpEventCenterDelegate: THREAD_RESUMED: thread (33, main, main)
20:57:20.696 INFO: JdwpEventCenterDelegate: THREAD_RESUMED: thread (33, main, main)
20:57:20.734 INFO: JdwpEventCenterDelegate: THREAD_RESUMED: thread (33, main, main)
20:57:20.735 INFO: JdwpEventCenterDelegate: THREAD_RESUMED: thread (33, main, main)
20:57:20.737 INFO: JdwpEventCenterDelegate: THREAD_RESUMED: thread (33, main, main)
20:57:20.738 INFO: JdwpEventCenterDelegate: THREAD_RESUMED: thread (33, main, main)
20:57:20.740 INFO: JdwpEventCenterDelegate: THREAD_RESUMED: thread (33, main, main)
20:57:20.742 INFO: JdwpEventCenterDelegate: THREAD_RESUMED: thread (33, main, main)
20:57:20.743 INFO: JdwpEventCenterDelegate: THREAD_RESUMED: thread (33, main, main)
20:57:20.759 INFO: JdwpEventCenterDelegate: THREAD_RESUMED: thread (33, main, main)
20:57:20.760 INFO: JdwpEventCenterDelegate: THREAD_RESUMED: thread (33, main, main)
20:57:20.762 INFO: JdwpEventCenterDelegate: THREAD_RESUMED: thread (33, main, main)
20:57:20.764 INFO: JdwpEventCenterDelegate: THREAD_RESUMED: thread (33, main, main)
20:57:20.766 INFO: JdwpEventCenterDelegate: THREAD_RESUMED: thread (33, main, main)
20:57:20.767 INFO: JdwpEventCenterDelegate: THREAD_RESUMED: thread (33, main, main)
20:57:20.768 INFO: JdwpEventCenterDelegate: THREAD_RESUMED: thread (33, main, main)
20:57:20.778 INFO: JdwpEventCenterDelegate: THREAD_RESUMED: thread (33, main, main)
20:57:20.779 INFO: JdwpEventCenterDelegate: THREAD_RESUMED: thread (33, main, main)
20:57:20.780 INFO: JdwpEventCenterDelegate: THREAD_RESUMED: thread (33, main, main)
20:57:20.782 INFO: JdwpEventCenterDelegate: THREAD_RESUMED: thread (33, main, main)
20:57:20.784 INFO: JdwpEventCenterDelegate: THREAD_RESUMED: thread (33, main, main)
20:57:20.785 INFO: JdwpEventCenterDelegate: THREAD_RESUMED: thread (33, main, main)
20:57:20.787 INFO: JdwpEventCenterDelegate: THREAD_RESUMED: thread (33, main, main)
20:57:20.789 INFO: JdwpEventCenterDelegate: THREAD_RESUMED: thread (33, main, main)
20:57:20.790 INFO: JdwpEventCenterDelegate: THREAD_RESUMED: thread (33, main, main)
20:57:20.792 INFO: JdwpEventCenterDelegate: THREAD_RESUMED: thread (33, main, main)
20:57:20.793 INFO: JdwpEventCenterDelegate: THREAD_RESUMED: thread (33, main, main)
20:57:20.794 INFO: JdwpEventCenterDelegate: THREAD_RESUMED: thread (33, main, main)
20:57:20.796 INFO: JdwpEventCenterDelegate: THREAD_RESUMED: thread (33, main, main)
20:57:20.797 INFO: JdwpEventCenterDelegate: THREAD_RESUMED: thread (33, main, main)
20:57:20.798 INFO: JdwpEventCenterDelegate: THREAD_RESUMED: thread (33, main, main)
20:57:20.799 INFO: JdwpEventCenterDelegate: THREAD_RESUMED: thread (33, main, main)
20:57:20.801 INFO: JdwpEventCenterDelegate: THREAD_RESUMED: thread (33, main, main)
20:57:20.802 INFO: JdwpEventCenterDelegate: THREAD_RESUMED: thread (33, main, main)
20:57:20.806 INFO: JdwpEventCenterDelegate: THREAD_RESUMED: thread (33, main, main)
20:57:20.807 INFO: JdwpEventCenterDelegate: THREAD_RESUMED: thread (33, main, main)
20:57:20.937 INFO: JdwpEventCenterDelegate: THREAD_STARTED: thread (93, AssetManager, main)
20:57:21.044 INFO: JdwpEventCenterDelegate: THREAD_RESUMED: thread (33, main, main)
20:57:21.047 INFO: JdwpEventCenterDelegate: THREAD_RESUMED: thread (33, main, main)
20:57:23.614 INFO: JdwpEventCenterDelegate: THREAD_RESUMED: thread (33, main, main)
20:57:23.715 INFO: JdwpEventCenterDelegate: THREAD_RESUMED: thread (33, main, main)
20:57:23.717 INFO: JdwpEventCenterDelegate: THREAD_RESUMED: thread (33, main, main)
20:57:23.719 INFO: JdwpEventCenterDelegate: THREAD_RESUMED: thread (33, main, main)
20:57:23.720 INFO: JdwpEventCenterDelegate: THREAD_RESUMED: thread (33, main, main)
20:57:23.722 INFO: JdwpEventCenterDelegate: THREAD_RESUMED: thread (33, main, main)
20:57:23.728 INFO: JdwpEventCenterDelegate: THREAD_RESUMED: thread (33, main, main)
20:57:23.740 INFO: JdwpEventCenterDelegate: THREAD_RESUMED: thread (33, main, main)
20:57:23.742 INFO: JdwpEventCenterDelegate: THREAD_RESUMED: thread (33, main, main)
20:57:23.744 INFO: JdwpEventCenterDelegate: THREAD_RESUMED: thread (33, main, main)
20:57:23.747 INFO: JdwpEventCenterDelegate: THREAD_RESUMED: thread (33, main, main)
20:57:23.749 INFO: JdwpEventCenterDelegate: THREAD_RESUMED: thread (33, main, main)
20:57:23.754 INFO: JdwpEventCenterDelegate: THREAD_RESUMED: thread (33, main, main)
20:57:23.768 INFO: JdwpEventCenterDelegate: THREAD_RESUMED: thread (33, main, main)
20:57:23.771 INFO: JdwpEventCenterDelegate: THREAD_RESUMED: thread (33, main, main)
20:57:23.773 INFO: JdwpEventCenterDelegate: THREAD_RESUMED: thread (33, main, main)
20:57:23.775 INFO: JdwpEventCenterDelegate: THREAD_RESUMED: thread (33, main, main)
20:57:23.777 INFO: JdwpEventCenterDelegate: THREAD_RESUMED: thread (33, main, main)
20:57:23.782 INFO: JdwpEventCenterDelegate: THREAD_RESUMED: thread (33, main, main)
20:57:23.801 INFO: JdwpEventCenterDelegate: THREAD_RESUMED: thread (33, main, main)
20:57:23.803 INFO: JdwpEventCenterDelegate: THREAD_RESUMED: thread (33, main, main)
20:57:23.805 INFO: JdwpEventCenterDelegate: THREAD_RESUMED: thread (33, main, main)
20:57:23.807 INFO: JdwpEventCenterDelegate: THREAD_RESUMED: thread (33, main, main)
20:57:23.810 INFO: JdwpEventCenterDelegate: THREAD_RESUMED: thread (33, main, main)
20:57:23.815 INFO: JdwpEventCenterDelegate: THREAD_RESUMED: thread (33, main, main)
20:57:23.830 INFO: JdwpEventCenterDelegate: THREAD_RESUMED: thread (33, main, main)
20:57:23.832 INFO: JdwpEventCenterDelegate: THREAD_RESUMED: thread (33, main, main)
20:57:23.834 INFO: JdwpEventCenterDelegate: THREAD_RESUMED: thread (33, main, main)
20:57:23.836 INFO: JdwpEventCenterDelegate: THREAD_RESUMED: thread (33, main, main)
20:57:23.839 INFO: JdwpEventCenterDelegate: THREAD_RESUMED: thread (33, main, main)
20:57:23.844 INFO: JdwpEventCenterDelegate: THREAD_RESUMED: thread (33, main, main)
20:57:23.859 INFO: JdwpEventCenterDelegate: THREAD_RESUMED: thread (33, main, main)
20:57:23.862 INFO: JdwpEventCenterDelegate: THREAD_RESUMED: thread (33, main, main)
20:57:23.864 INFO: JdwpEventCenterDelegate: THREAD_RESUMED: thread (33, main, main)
20:57:23.866 INFO: JdwpEventCenterDelegate: THREAD_RESUMED: thread (33, main, main)
20:57:23.868 INFO: JdwpEventCenterDelegate: THREAD_RESUMED: thread (33, main, main)
20:57:23.873 INFO: JdwpEventCenterDelegate: THREAD_RESUMED: thread (33, main, main)
20:57:23.896 INFO: JdwpEventCenterDelegate: THREAD_RESUMED: thread (33, main, main)
20:57:23.898 INFO: JdwpEventCenterDelegate: THREAD_RESUMED: thread (33, main, main)
20:57:23.900 INFO: JdwpEventCenterDelegate: THREAD_RESUMED: thread (33, main, main)
20:57:23.902 INFO: JdwpEventCenterDelegate: THREAD_RESUMED: thread (33, main, main)
20:57:23.904 INFO: JdwpEventCenterDelegate: THREAD_RESUMED: thread (33, main, main)
20:57:23.909 INFO: JdwpEventCenterDelegate: THREAD_RESUMED: thread (33, main, main)
20:57:23.929 INFO: JdwpEventCenterDelegate: THREAD_RESUMED: thread (33, main, main)
20:57:23.931 INFO: JdwpEventCenterDelegate: THREAD_RESUMED: thread (33, main, main)
20:57:23.934 INFO: JdwpEventCenterDelegate: THREAD_RESUMED: thread (33, main, main)
20:57:23.936 INFO: JdwpEventCenterDelegate: THREAD_RESUMED: thread (33, main, main)
20:57:23.939 INFO: JdwpEventCenterDelegate: THREAD_RESUMED: thread (33, main, main)
20:57:23.944 INFO: JdwpEventCenterDelegate: THREAD_RESUMED: thread (33, main, main)
20:57:23.962 INFO: JdwpEventCenterDelegate: THREAD_RESUMED: thread (33, main, main)
20:57:23.965 INFO: JdwpEventCenterDelegate: THREAD_RESUMED: thread (33, main, main)
20:57:23.967 INFO: JdwpEventCenterDelegate: THREAD_RESUMED: thread (33, main, main)
20:57:23.969 INFO: JdwpEventCenterDelegate: THREAD_RESUMED: thread (33, main, main)
20:57:23.971 INFO: JdwpEventCenterDelegate: THREAD_RESUMED: thread (33, main, main)
20:57:23.976 INFO: JdwpEventCenterDelegate: THREAD_RESUMED: thread (33, main, main)
20:57:23.991 INFO: JdwpEventCenterDelegate: THREAD_RESUMED: thread (33, main, main)
20:57:23.993 INFO: JdwpEventCenterDelegate: THREAD_RESUMED: thread (33, main, main)
20:57:23.995 INFO: JdwpEventCenterDelegate: THREAD_RESUMED: thread (33, main, main)
20:57:23.997 INFO: JdwpEventCenterDelegate: THREAD_RESUMED: thread (33, main, main)
20:57:23.999 INFO: JdwpEventCenterDelegate: THREAD_RESUMED: thread (33, main, main)
20:57:24.004 INFO: JdwpEventCenterDelegate: THREAD_RESUMED: thread (33, main, main)
20:57:24.019 INFO: JdwpEventCenterDelegate: THREAD_RESUMED: thread (33, main, main)
20:57:24.021 INFO: JdwpEventCenterDelegate: THREAD_RESUMED: thread (33, main, main)
20:57:24.024 INFO: JdwpEventCenterDelegate: THREAD_RESUMED: thread (33, main, main)
20:57:24.026 INFO: JdwpEventCenterDelegate: THREAD_RESUMED: thread (33, main, main)
20:57:24.028 INFO: JdwpEventCenterDelegate: THREAD_RESUMED: thread (33, main, main)
20:57:24.033 INFO: JdwpEventCenterDelegate: THREAD_RESUMED: thread (33, main, main)
20:57:24.056 INFO: JdwpEventCenterDelegate: THREAD_RESUMED: thread (33, main, main)
20:57:24.058 INFO: JdwpEventCenterDelegate: THREAD_RESUMED: thread (33, main, main)
20:57:24.060 INFO: JdwpEventCenterDelegate: THREAD_RESUMED: thread (33, main, main)
20:57:24.063 INFO: JdwpEventCenterDelegate: THREAD_RESUMED: thread (33, main, main)
20:57:24.065 INFO: JdwpEventCenterDelegate: THREAD_RESUMED: thread (33, main, main)
20:57:24.070 INFO: JdwpEventCenterDelegate: THREAD_RESUMED: thread (33, main, main)
20:57:24.092 INFO: JdwpEventCenterDelegate: THREAD_RESUMED: thread (33, main, main)
20:57:24.094 INFO: JdwpEventCenterDelegate: THREAD_RESUMED: thread (33, main, main)
20:57:24.096 INFO: JdwpEventCenterDelegate: THREAD_RESUMED: thread (33, main, main)
20:57:24.099 INFO: JdwpEventCenterDelegate: THREAD_RESUMED: thread (33, main, main)
20:57:24.101 INFO: JdwpEventCenterDelegate: THREAD_RESUMED: thread (33, main, main)
20:57:24.106 INFO: JdwpEventCenterDelegate: THREAD_RESUMED: thread (33, main, main)
20:57:24.125 INFO: JdwpEventCenterDelegate: THREAD_RESUMED: thread (33, main, main)
20:57:24.128 INFO: JdwpEventCenterDelegate: THREAD_RESUMED: thread (33, main, main)
20:57:24.130 INFO: JdwpEventCenterDelegate: THREAD_RESUMED: thread (33, main, main)
20:57:24.132 INFO: JdwpEventCenterDelegate: THREAD_RESUMED: thread (33, main, main)
20:57:24.134 INFO: JdwpEventCenterDelegate: THREAD_RESUMED: thread (33, main, main)
20:57:24.139 INFO: JdwpEventCenterDelegate: THREAD_RESUMED: thread (33, main, main)
20:57:24.153 INFO: JdwpEventCenterDelegate: THREAD_RESUMED: thread (33, main, main)
20:57:24.155 INFO: JdwpEventCenterDelegate: THREAD_RESUMED: thread (33, main, main)
20:57:24.158 INFO: JdwpEventCenterDelegate: THREAD_RESUMED: thread (33, main, main)
20:57:24.160 INFO: JdwpEventCenterDelegate: THREAD_RESUMED: thread (33, main, main)
20:57:24.162 INFO: JdwpEventCenterDelegate: THREAD_RESUMED: thread (33, main, main)
20:57:24.167 INFO: JdwpEventCenterDelegate: THREAD_RESUMED: thread (33, main, main)
20:57:24.170 INFO: JdwpEventCenterDelegate: THREAD_RESUMED: thread (33, main, main)
20:57:24.172 INFO: JdwpEventCenterDelegate: THREAD_RESUMED: thread (33, main, main)
20:57:24.175 INFO: JdwpEventCenterDelegate: THREAD_RESUMED: thread (33, main, main)
20:57:24.177 INFO: JdwpEventCenterDelegate: THREAD_RESUMED: thread (33, main, main)
20:57:24.180 INFO: JdwpEventCenterDelegate: THREAD_RESUMED: thread (33, main, main)
20:57:24.182 INFO: JdwpEventCenterDelegate: THREAD_RESUMED: thread (33, main, main)
20:57:24.187 INFO: JdwpEventCenterDelegate: THREAD_RESUMED: thread (33, main, main)
20:57:24.189 INFO: JdwpEventCenterDelegate: THREAD_RESUMED: thread (33, main, main)
20:57:24.192 INFO: JdwpEventCenterDelegate: THREAD_RESUMED: thread (33, main, main)
20:57:24.194 INFO: JdwpEventCenterDelegate: THREAD_RESUMED: thread (33, main, main)
20:57:24.205 INFO: JdwpEventCenterDelegate: THREAD_RESUMED: thread (33, main, main)
20:57:24.207 INFO: JdwpEventCenterDelegate: THREAD_RESUMED: thread (33, main, main)
20:57:24.209 INFO: JdwpEventCenterDelegate: THREAD_RESUMED: thread (33, main, main)
20:57:24.210 INFO: JdwpEventCenterDelegate: THREAD_RESUMED: thread (33, main, main)
20:57:24.211 INFO: JdwpEventCenterDelegate: THREAD_RESUMED: thread (33, main, main)
20:57:24.216 INFO: JdwpEventCenterDelegate: THREAD_RESUMED: thread (33, main, main)
20:57:24.228 INFO: JdwpEventCenterDelegate: THREAD_RESUMED: thread (33, main, main)
20:57:24.242 INFO: JdwpEventCenterDelegate: THREAD_RESUMED: thread (33, main, main)
20:57:24.252 INFO: JdwpEventCenterDelegate: THREAD_RESUMED: thread (33, main, main)
20:57:24.265 INFO: JdwpEventCenterDelegate: THREAD_RESUMED: thread (33, main, main)
20:57:24.295 INFO: JdwpEventCenterDelegate: THREAD_RESUMED: thread (33, main, main)
20:57:24.298 INFO: JdwpEventCenterDelegate: THREAD_RESUMED: thread (33, main, main)
20:57:24.300 INFO: JdwpEventCenterDelegate: THREAD_RESUMED: thread (33, main, main)
20:57:24.302 INFO: JdwpEventCenterDelegate: THREAD_RESUMED: thread (33, main, main)
20:57:24.304 INFO: JdwpEventCenterDelegate: THREAD_RESUMED: thread (33, main, main)
20:57:24.309 INFO: JdwpEventCenterDelegate: THREAD_RESUMED: thread (33, main, main)
20:57:24.320 INFO: JdwpEventCenterDelegate: THREAD_RESUMED: thread (33, main, main)
20:57:24.322 INFO: JdwpEventCenterDelegate: THREAD_RESUMED: thread (33, main, main)
20:57:24.325 INFO: JdwpEventCenterDelegate: THREAD_RESUMED: thread (33, main, main)
20:57:24.327 INFO: JdwpEventCenterDelegate: THREAD_RESUMED: thread (33, main, main)
20:57:24.329 INFO: JdwpEventCenterDelegate: THREAD_RESUMED: thread (33, main, main)
20:57:24.334 INFO: JdwpEventCenterDelegate: THREAD_RESUMED: thread (33, main, main)
20:57:24.351 INFO: JdwpEventCenterDelegate: THREAD_RESUMED: thread (33, main, main)
20:57:24.353 INFO: JdwpEventCenterDelegate: THREAD_RESUMED: thread (33, main, main)
20:57:24.355 INFO: JdwpEventCenterDelegate: THREAD_RESUMED: thread (33, main, main)
20:57:24.358 INFO: JdwpEventCenterDelegate: THREAD_RESUMED: thread (33, main, main)
20:57:24.360 INFO: JdwpEventCenterDelegate: THREAD_RESUMED: thread (33, main, main)
20:57:24.365 INFO: JdwpEventCenterDelegate: THREAD_RESUMED: thread (33, main, main)
20:57:24.382 INFO: JdwpEventCenterDelegate: THREAD_RESUMED: thread (33, main, main)
20:57:24.384 INFO: JdwpEventCenterDelegate: THREAD_RESUMED: thread (33, main, main)
20:57:24.386 INFO: JdwpEventCenterDelegate: THREAD_RESUMED: thread (33, main, main)
20:57:24.389 INFO: JdwpEventCenterDelegate: THREAD_RESUMED: thread (33, main, main)
20:57:24.391 INFO: JdwpEventCenterDelegate: THREAD_RESUMED: thread (33, main, main)
20:57:24.396 INFO: JdwpEventCenterDelegate: THREAD_RESUMED: thread (33, main, main)
20:57:24.411 INFO: JdwpEventCenterDelegate: THREAD_RESUMED: thread (33, main, main)
20:57:24.413 INFO: JdwpEventCenterDelegate: THREAD_RESUMED: thread (33, main, main)
20:57:24.415 INFO: JdwpEventCenterDelegate: THREAD_RESUMED: thread (33, main, main)
20:57:24.417 INFO: JdwpEventCenterDelegate: THREAD_RESUMED: thread (33, main, main)
20:57:24.419 INFO: JdwpEventCenterDelegate: THREAD_RESUMED: thread (33, main, main)
20:57:24.423 INFO: JdwpEventCenterDelegate: THREAD_RESUMED: thread (33, main, main)
20:57:24.437 INFO: JdwpEventCenterDelegate: THREAD_RESUMED: thread (33, main, main)
20:57:24.439 INFO: JdwpEventCenterDelegate: THREAD_RESUMED: thread (33, main, main)
20:57:24.442 INFO: JdwpEventCenterDelegate: THREAD_RESUMED: thread (33, main, main)
20:57:24.444 INFO: JdwpEventCenterDelegate: THREAD_RESUMED: thread (33, main, main)
20:57:24.446 INFO: JdwpEventCenterDelegate: THREAD_RESUMED: thread (33, main, main)
20:57:24.450 INFO: JdwpEventCenterDelegate: THREAD_RESUMED: thread (33, main, main)
20:57:24.469 INFO: JdwpEventCenterDelegate: THREAD_RESUMED: thread (33, main, main)
20:57:24.471 INFO: JdwpEventCenterDelegate: THREAD_RESUMED: thread (33, main, main)
20:57:24.473 INFO: JdwpEventCenterDelegate: THREAD_RESUMED: thread (33, main, main)
20:57:24.475 INFO: JdwpEventCenterDelegate: THREAD_RESUMED: thread (33, main, main)
20:57:24.477 INFO: JdwpEventCenterDelegate: THREAD_RESUMED: thread (33, main, main)
20:57:24.481 INFO: JdwpEventCenterDelegate: THREAD_RESUMED: thread (33, main, main)
20:57:24.499 INFO: JdwpEventCenterDelegate: THREAD_RESUMED: thread (33, main, main)
20:57:24.501 INFO: JdwpEventCenterDelegate: THREAD_RESUMED: thread (33, main, main)
20:57:24.503 INFO: JdwpEventCenterDelegate: THREAD_RESUMED: thread (33, main, main)
20:57:24.505 INFO: JdwpEventCenterDelegate: THREAD_RESUMED: thread (33, main, main)
20:57:24.506 INFO: JdwpEventCenterDelegate: THREAD_RESUMED: thread (33, main, main)
20:57:24.510 INFO: JdwpEventCenterDelegate: THREAD_RESUMED: thread (33, main, main)
20:57:24.528 INFO: JdwpEventCenterDelegate: THREAD_RESUMED: thread (33, main, main)
20:57:24.530 INFO: JdwpEventCenterDelegate: THREAD_RESUMED: thread (33, main, main)
20:57:24.532 INFO: JdwpEventCenterDelegate: THREAD_RESUMED: thread (33, main, main)
20:57:24.534 INFO: JdwpEventCenterDelegate: THREAD_RESUMED: thread (33, main, main)
20:57:24.535 INFO: JdwpEventCenterDelegate: THREAD_RESUMED: thread (33, main, main)
20:57:24.539 INFO: JdwpEventCenterDelegate: THREAD_RESUMED: thread (33, main, main)
20:57:24.554 INFO: JdwpEventCenterDelegate: THREAD_RESUMED: thread (33, main, main)
20:57:24.556 INFO: JdwpEventCenterDelegate: THREAD_RESUMED: thread (33, main, main)
20:57:24.558 INFO: JdwpEventCenterDelegate: THREAD_RESUMED: thread (33, main, main)
20:57:24.561 INFO: JdwpEventCenterDelegate: THREAD_RESUMED: thread (33, main, main)
20:57:24.563 INFO: JdwpEventCenterDelegate: THREAD_RESUMED: thread (33, main, main)
20:57:24.567 INFO: JdwpEventCenterDelegate: THREAD_RESUMED: thread (33, main, main)
20:57:24.581 INFO: JdwpEventCenterDelegate: THREAD_RESUMED: thread (33, main, main)
20:57:24.583 INFO: JdwpEventCenterDelegate: THREAD_RESUMED: thread (33, main, main)
20:57:24.585 INFO: JdwpEventCenterDelegate: THREAD_RESUMED: thread (33, main, main)
20:57:24.587 INFO: JdwpEventCenterDelegate: THREAD_RESUMED: thread (33, main, main)
20:57:24.589 INFO: JdwpEventCenterDelegate: THREAD_RESUMED: thread (33, main, main)
20:57:24.593 INFO: JdwpEventCenterDelegate: THREAD_RESUMED: thread (33, main, main)
20:57:24.615 INFO: JdwpEventCenterDelegate: THREAD_RESUMED: thread (33, main, main)
20:57:24.617 INFO: JdwpEventCenterDelegate: THREAD_RESUMED: thread (33, main, main)
20:57:24.620 INFO: JdwpEventCenterDelegate: THREAD_RESUMED: thread (33, main, main)
20:57:24.622 INFO: JdwpEventCenterDelegate: THREAD_RESUMED: thread (33, main, main)
20:57:24.624 INFO: JdwpEventCenterDelegate: THREAD_RESUMED: thread (33, main, main)
20:57:24.629 INFO: JdwpEventCenterDelegate: THREAD_RESUMED: thread (33, main, main)
20:57:24.650 INFO: JdwpEventCenterDelegate: THREAD_RESUMED: thread (33, main, main)
20:57:24.652 INFO: JdwpEventCenterDelegate: THREAD_RESUMED: thread (33, main, main)
20:57:24.654 INFO: JdwpEventCenterDelegate: THREAD_RESUMED: thread (33, main, main)
20:57:24.656 INFO: JdwpEventCenterDelegate: THREAD_RESUMED: thread (33, main, main)
20:57:24.658 INFO: JdwpEventCenterDelegate: THREAD_RESUMED: thread (33, main, main)
20:57:24.663 INFO: JdwpEventCenterDelegate: THREAD_RESUMED: thread (33, main, main)
20:57:24.681 INFO: JdwpEventCenterDelegate: THREAD_RESUMED: thread (33, main, main)
20:57:24.683 INFO: JdwpEventCenterDelegate: THREAD_RESUMED: thread (33, main, main)
20:57:24.685 INFO: JdwpEventCenterDelegate: THREAD_RESUMED: thread (33, main, main)
20:57:24.687 INFO: JdwpEventCenterDelegate: THREAD_RESUMED: thread (33, main, main)
20:57:24.689 INFO: JdwpEventCenterDelegate: THREAD_RESUMED: thread (33, main, main)
20:57:24.694 INFO: JdwpEventCenterDelegate: THREAD_RESUMED: thread (33, main, main)
20:57:24.707 INFO: JdwpEventCenterDelegate: THREAD_RESUMED: thread (33, main, main)
20:57:24.709 INFO: JdwpEventCenterDelegate: THREAD_RESUMED: thread (33, main, main)
20:57:24.711 INFO: JdwpEventCenterDelegate: THREAD_RESUMED: thread (33, main, main)
20:57:24.714 INFO: JdwpEventCenterDelegate: THREAD_RESUMED: thread (33, main, main)
20:57:24.715 INFO: JdwpEventCenterDelegate: THREAD_RESUMED: thread (33, main, main)
20:57:56.813 INFO: JdwpEventCenterDelegate: THREAD_STARTED: thread (108, Timer, main)
20:57:57.687 INFO: JdwpEventCenterDelegate: THREAD_RESUMED: thread (33, main, main)
20:57:57.721 INFO: JdwpEventCenterDelegate: THREAD_RESUMED: thread (33, main, main)
20:57:57.747 INFO: JdwpEventCenterDelegate: THREAD_RESUMED: thread (33, main, main)
20:57:57.763 INFO: JdwpEventCenterDelegate: THREAD_RESUMED: thread (33, main, main)
20:57:57.806 INFO: JdwpEventCenterDelegate: THREAD_RESUMED: thread (33, main, main)
20:57:57.840 INFO: JdwpEventCenterDelegate: THREAD_RESUMED: thread (33, main, main)
20:57:57.857 INFO: JdwpEventCenterDelegate: THREAD_RESUMED: thread (33, main, main)
20:57:57.873 INFO: JdwpEventCenterDelegate: THREAD_RESUMED: thread (33, main, main)
20:57:57.879 INFO: JdwpEventCenterDelegate: THREAD_RESUMED: thread (33, main, main)
20:57:57.893 INFO: JdwpEventCenterDelegate: THREAD_RESUMED: thread (33, main, main)
20:57:57.924 INFO: JdwpEventCenterDelegate: THREAD_RESUMED: thread (33, main, main)
20:57:57.936 INFO: JdwpEventCenterDelegate: THREAD_RESUMED: thread (33, main, main)
20:57:57.949 INFO: JdwpEventCenterDelegate: THREAD_RESUMED: thread (33, main, main)
20:57:57.961 INFO: JdwpEventCenterDelegate: THREAD_RESUMED: thread (33, main, main)
20:57:57.996 INFO: JdwpEventCenterDelegate: THREAD_RESUMED: thread (33, main, main)
20:57:58.030 INFO: JdwpEventCenterDelegate: THREAD_RESUMED: thread (33, main, main)
20:57:58.048 INFO: JdwpEventCenterDelegate: THREAD_RESUMED: thread (33, main, main)
20:57:58.064 INFO: JdwpEventCenterDelegate: THREAD_RESUMED: thread (33, main, main)
20:57:58.070 INFO: JdwpEventCenterDelegate: THREAD_RESUMED: thread (33, main, main)
20:57:58.085 INFO: JdwpEventCenterDelegate: THREAD_RESUMED: thread (33, main, main)
20:57:59.313 INFO: JdwpEventCenterDelegate: THREAD_RESUMED: thread (33, main, main)
21:15:04.064 INFO: JdwpDebugServer: handling req: VirtualMachine(1).Exit(10)
21:15:04.064 SEVERE: Debugger: Thread JDWP server socket thread crashed
org.robovm.debugger.DebuggerException: Terminating due exit command
	at org.robovm.debugger.jdwp.JdwpDebugServer.doSocketWork(JdwpDebugServer.java:211)
	at java.base/java.lang.Thread.run(Thread.java:834)
	at org.robovm.debugger.utils.DebuggerThread.run(DebuggerThread.java:42)
21:15:04.566 SEVERE: Debugger: Thread HooksChannel socket thread crashed
org.robovm.debugger.DebuggerException: java.io.IOException: org.robovm.libimobiledevice.LibIMobileDeviceException: IDEVICE_E_UNKNOWN_ERROR
	at org.robovm.debugger.hooks.HooksChannel.doSocketWork(HooksChannel.java:149)
	at java.base/java.lang.Thread.run(Thread.java:834)
	at org.robovm.debugger.utils.DebuggerThread.run(DebuggerThread.java:42)
Caused by: java.io.IOException: org.robovm.libimobiledevice.LibIMobileDeviceException: IDEVICE_E_UNKNOWN_ERROR
	at org.robovm.libimobiledevice.IDeviceConnection$DeviceInputStream.read(IDeviceConnection.java:203)
	at org.robovm.debugger.utils.bytebuffer.DataBufferWriter.writeFromStream(DataBufferWriter.java:89)
	at org.robovm.debugger.hooks.HooksChannel.doSocketWork(HooksChannel.java:116)
	... 2 more
Caused by: org.robovm.libimobiledevice.LibIMobileDeviceException: IDEVICE_E_UNKNOWN_ERROR
	at org.robovm.libimobiledevice.IDevice.checkResult(IDevice.java:206)
	at org.robovm.libimobiledevice.IDeviceConnection.receive(IDeviceConnection.java:110)
	at org.robovm.libimobiledevice.IDeviceConnection.receive(IDeviceConnection.java:81)
	at org.robovm.libimobiledevice.IDeviceConnection$DeviceInputStream.read(IDeviceConnection.java:201)
	... 4 more
