08:35:35.920 INFO: JdwpDebugServer: handling req: VirtualMachine(1).IDSizes(7)
08:35:35.920 INFO: JdwpDebugServer: handling req: EventRequest(15).Set(1)
08:35:35.920 INFO: JdwpEventCenterDelegate: jdwpSetEventRequest: JdwpEventRequest{requestId=100, eventKind=CLASS_PREPARE, suspendPolicy=NONE, predicates=[]}
08:35:35.920 INFO: JdwpDebugServer: handling req: EventRequest(15).Set(1)
08:35:35.920 INFO: JdwpEventCenterDelegate: jdwpSetEventRequest: JdwpEventRequest{requestId=101, eventKind=CLASS_UNLOAD, suspendPolicy=NONE, predicates=[]}
08:35:35.938 INFO: JdwpDebugServer: handling req: VirtualMachine(1).Version(1)
08:35:35.938 INFO: JdwpDebugServer: handling req: VirtualMachine(1).capabilitiesNew(17)
08:35:35.938 INFO: JdwpDebugServer: handling req: VirtualMachine(1).capabilities(12)
08:35:35.939 INFO: JdwpDebugServer: handling req: VirtualMachine(1).AllClassesWithGeneric(20)
08:35:35.943 INFO: JdwpDebugServer: handling req: VirtualMachine(1).TopLevelThreadGroups(5)
08:35:35.943 INFO: JdwpDebugServer: handling req: EventRequest(15).Set(1)
08:35:35.943 INFO: JdwpEventCenterDelegate: jdwpSetEventRequest: JdwpEventRequest{requestId=102, eventKind=THREAD_START, suspendPolicy=NONE, predicates=[]}
08:35:35.944 INFO: JdwpDebugServer: handling req: EventRequest(15).Set(1)
08:35:35.944 INFO: JdwpEventCenterDelegate: jdwpSetEventRequest: JdwpEventRequest{requestId=103, eventKind=THREAD_DEATH, suspendPolicy=NONE, predicates=[]}
08:35:35.945 INFO: JdwpDebugServer: handling req: EventRequest(15).Set(1)
08:35:35.945 INFO: JdwpEventCenterDelegate: jdwpSetEventRequest: JdwpEventRequest{requestId=104, eventKind=CLASS_PREPARE, suspendPolicy=EVENT_THREAD, predicates=[className=sun.instrument.InstrumentationImpl]}
08:35:35.945 INFO: JdwpDebugServer: handling req: EventRequest(15).Set(1)
08:35:35.945 INFO: JdwpEventCenterDelegate: jdwpSetEventRequest: JdwpEventRequest{requestId=105, eventKind=CLASS_PREPARE, suspendPolicy=EVENT_THREAD, predicates=[className=sun.instrument.InstrumentationImpl]}
08:35:36.539 INFO: JdwpDebugServer: handling req: VirtualMachine(1).Resume(9)
08:35:36.593 INFO: JdwpEventCenterDelegate: THREAD_STARTED: thread (33, main, main)
08:35:36.615 INFO: JdwpEventCenterDelegate: THREAD_STARTED: thread (48, ReferenceQueueDaemon, main)
08:35:36.622 INFO: JdwpEventCenterDelegate: THREAD_STARTED: thread (63, FinalizerDaemon, main)
08:35:36.628 INFO: JdwpEventCenterDelegate: THREAD_STARTED: thread (78, FinalizerWatchdogDaemon, main)
08:35:36.630 INFO: JdwpEventCenterDelegate: THREAD_RESUMED: thread (33, main, main)
08:35:36.632 INFO: JdwpEventCenterDelegate: THREAD_RESUMED: thread (33, main, main)
08:35:36.633 INFO: JdwpEventCenterDelegate: THREAD_RESUMED: thread (33, main, main)
08:35:36.635 INFO: JdwpEventCenterDelegate: THREAD_RESUMED: thread (33, main, main)
08:35:36.636 INFO: JdwpEventCenterDelegate: THREAD_RESUMED: thread (33, main, main)
08:35:36.638 INFO: JdwpEventCenterDelegate: THREAD_RESUMED: thread (33, main, main)
08:35:36.640 INFO: JdwpEventCenterDelegate: THREAD_RESUMED: thread (33, main, main)
08:35:36.641 INFO: JdwpEventCenterDelegate: THREAD_RESUMED: thread (33, main, main)
08:35:36.643 INFO: JdwpEventCenterDelegate: THREAD_RESUMED: thread (33, main, main)
08:35:36.644 INFO: JdwpEventCenterDelegate: THREAD_RESUMED: thread (33, main, main)
08:35:36.646 INFO: JdwpEventCenterDelegate: THREAD_RESUMED: thread (33, main, main)
08:35:36.647 INFO: JdwpEventCenterDelegate: THREAD_RESUMED: thread (33, main, main)
08:35:36.649 INFO: JdwpEventCenterDelegate: THREAD_RESUMED: thread (33, main, main)
08:35:36.650 INFO: JdwpEventCenterDelegate: THREAD_RESUMED: thread (33, main, main)
08:35:36.652 INFO: JdwpEventCenterDelegate: THREAD_RESUMED: thread (33, main, main)
08:35:36.653 INFO: JdwpEventCenterDelegate: THREAD_RESUMED: thread (33, main, main)
08:35:36.655 INFO: JdwpEventCenterDelegate: THREAD_RESUMED: thread (33, main, main)
08:35:36.657 INFO: JdwpEventCenterDelegate: THREAD_RESUMED: thread (33, main, main)
08:35:36.660 INFO: JdwpEventCenterDelegate: THREAD_RESUMED: thread (33, main, main)
08:35:36.662 INFO: JdwpEventCenterDelegate: THREAD_RESUMED: thread (33, main, main)
08:35:36.663 INFO: JdwpEventCenterDelegate: THREAD_RESUMED: thread (33, main, main)
08:35:36.664 INFO: JdwpEventCenterDelegate: THREAD_RESUMED: thread (33, main, main)
08:35:36.666 INFO: JdwpEventCenterDelegate: THREAD_RESUMED: thread (33, main, main)
08:35:36.667 INFO: JdwpEventCenterDelegate: THREAD_RESUMED: thread (33, main, main)
08:35:36.669 INFO: JdwpEventCenterDelegate: THREAD_RESUMED: thread (33, main, main)
08:35:36.699 INFO: JdwpEventCenterDelegate: THREAD_RESUMED: thread (33, main, main)
08:35:36.700 INFO: JdwpEventCenterDelegate: THREAD_RESUMED: thread (33, main, main)
08:35:36.702 INFO: JdwpEventCenterDelegate: THREAD_RESUMED: thread (33, main, main)
08:35:36.703 INFO: JdwpEventCenterDelegate: THREAD_RESUMED: thread (33, main, main)
08:35:36.705 INFO: JdwpEventCenterDelegate: THREAD_RESUMED: thread (33, main, main)
08:35:36.706 INFO: JdwpEventCenterDelegate: THREAD_RESUMED: thread (33, main, main)
08:35:36.707 INFO: JdwpEventCenterDelegate: THREAD_RESUMED: thread (33, main, main)
08:35:36.710 INFO: JdwpEventCenterDelegate: THREAD_RESUMED: thread (33, main, main)
08:35:36.711 INFO: JdwpEventCenterDelegate: THREAD_RESUMED: thread (33, main, main)
08:35:36.713 INFO: JdwpEventCenterDelegate: THREAD_RESUMED: thread (33, main, main)
08:35:36.714 INFO: JdwpEventCenterDelegate: THREAD_RESUMED: thread (33, main, main)
08:35:36.715 INFO: JdwpEventCenterDelegate: THREAD_RESUMED: thread (33, main, main)
08:35:36.717 INFO: JdwpEventCenterDelegate: THREAD_RESUMED: thread (33, main, main)
08:35:36.718 INFO: JdwpEventCenterDelegate: THREAD_RESUMED: thread (33, main, main)
08:35:36.732 INFO: JdwpEventCenterDelegate: THREAD_RESUMED: thread (33, main, main)
08:35:36.734 INFO: JdwpEventCenterDelegate: THREAD_RESUMED: thread (33, main, main)
08:35:36.736 INFO: JdwpEventCenterDelegate: THREAD_RESUMED: thread (33, main, main)
08:35:36.737 INFO: JdwpEventCenterDelegate: THREAD_RESUMED: thread (33, main, main)
08:35:36.739 INFO: JdwpEventCenterDelegate: THREAD_RESUMED: thread (33, main, main)
08:35:36.741 INFO: JdwpEventCenterDelegate: THREAD_RESUMED: thread (33, main, main)
08:35:36.742 INFO: JdwpEventCenterDelegate: THREAD_RESUMED: thread (33, main, main)
08:35:36.765 INFO: JdwpEventCenterDelegate: THREAD_RESUMED: thread (33, main, main)
08:35:36.767 INFO: JdwpEventCenterDelegate: THREAD_RESUMED: thread (33, main, main)
08:35:36.768 INFO: JdwpEventCenterDelegate: THREAD_RESUMED: thread (33, main, main)
08:35:36.770 INFO: JdwpEventCenterDelegate: THREAD_RESUMED: thread (33, main, main)
08:35:36.772 INFO: JdwpEventCenterDelegate: THREAD_RESUMED: thread (33, main, main)
08:35:36.773 INFO: JdwpEventCenterDelegate: THREAD_RESUMED: thread (33, main, main)
08:35:36.775 INFO: JdwpEventCenterDelegate: THREAD_RESUMED: thread (33, main, main)
08:35:36.801 INFO: JdwpEventCenterDelegate: THREAD_RESUMED: thread (33, main, main)
08:35:36.802 INFO: JdwpEventCenterDelegate: THREAD_RESUMED: thread (33, main, main)
08:35:36.804 INFO: JdwpEventCenterDelegate: THREAD_RESUMED: thread (33, main, main)
08:35:36.806 INFO: JdwpEventCenterDelegate: THREAD_RESUMED: thread (33, main, main)
08:35:36.807 INFO: JdwpEventCenterDelegate: THREAD_RESUMED: thread (33, main, main)
08:35:36.809 INFO: JdwpEventCenterDelegate: THREAD_RESUMED: thread (33, main, main)
08:35:36.810 INFO: JdwpEventCenterDelegate: THREAD_RESUMED: thread (33, main, main)
08:35:36.821 INFO: JdwpEventCenterDelegate: THREAD_RESUMED: thread (33, main, main)
08:35:36.822 INFO: JdwpEventCenterDelegate: THREAD_RESUMED: thread (33, main, main)
08:35:36.824 INFO: JdwpEventCenterDelegate: THREAD_RESUMED: thread (33, main, main)
08:35:36.825 INFO: JdwpEventCenterDelegate: THREAD_RESUMED: thread (33, main, main)
08:35:36.826 INFO: JdwpEventCenterDelegate: THREAD_RESUMED: thread (33, main, main)
08:35:36.828 INFO: JdwpEventCenterDelegate: THREAD_RESUMED: thread (33, main, main)
08:35:36.829 INFO: JdwpEventCenterDelegate: THREAD_RESUMED: thread (33, main, main)
08:35:36.838 INFO: JdwpEventCenterDelegate: THREAD_RESUMED: thread (33, main, main)
08:35:36.839 INFO: JdwpEventCenterDelegate: THREAD_RESUMED: thread (33, main, main)
08:35:36.840 INFO: JdwpEventCenterDelegate: THREAD_RESUMED: thread (33, main, main)
08:35:36.842 INFO: JdwpEventCenterDelegate: THREAD_RESUMED: thread (33, main, main)
08:35:36.843 INFO: JdwpEventCenterDelegate: THREAD_RESUMED: thread (33, main, main)
08:35:36.844 INFO: JdwpEventCenterDelegate: THREAD_RESUMED: thread (33, main, main)
08:35:36.846 INFO: JdwpEventCenterDelegate: THREAD_RESUMED: thread (33, main, main)
08:35:36.847 INFO: JdwpEventCenterDelegate: THREAD_RESUMED: thread (33, main, main)
08:35:36.848 INFO: JdwpEventCenterDelegate: THREAD_RESUMED: thread (33, main, main)
08:35:36.849 INFO: JdwpEventCenterDelegate: THREAD_RESUMED: thread (33, main, main)
08:35:36.851 INFO: JdwpEventCenterDelegate: THREAD_RESUMED: thread (33, main, main)
08:35:36.852 INFO: JdwpEventCenterDelegate: THREAD_RESUMED: thread (33, main, main)
08:35:36.853 INFO: JdwpEventCenterDelegate: THREAD_RESUMED: thread (33, main, main)
08:35:36.854 INFO: JdwpEventCenterDelegate: THREAD_RESUMED: thread (33, main, main)
08:35:36.856 INFO: JdwpEventCenterDelegate: THREAD_RESUMED: thread (33, main, main)
08:35:36.857 INFO: JdwpEventCenterDelegate: THREAD_RESUMED: thread (33, main, main)
08:35:36.858 INFO: JdwpEventCenterDelegate: THREAD_RESUMED: thread (33, main, main)
08:35:36.859 INFO: JdwpEventCenterDelegate: THREAD_RESUMED: thread (33, main, main)
08:35:36.862 INFO: JdwpEventCenterDelegate: THREAD_RESUMED: thread (33, main, main)
08:35:36.863 INFO: JdwpEventCenterDelegate: THREAD_RESUMED: thread (33, main, main)
08:35:36.999 INFO: JdwpEventCenterDelegate: THREAD_STARTED: thread (93, AssetManager, main)
08:35:37.103 INFO: JdwpEventCenterDelegate: THREAD_RESUMED: thread (33, main, main)
08:35:37.105 INFO: JdwpEventCenterDelegate: THREAD_RESUMED: thread (33, main, main)
08:35:37.338 INFO: JdwpDebugServer: handling req: EventRequest(15).Set(1)
08:35:37.338 INFO: JdwpEventCenterDelegate: jdwpSetEventRequest: JdwpEventRequest{requestId=106, eventKind=CLASS_PREPARE, suspendPolicy=EVENT_THREAD, predicates=[className=com.oldcaledonia.babymozartspacetrip.ios.ServicesApi$setupNowPlaying$nowPlayingInfo$1]}
08:35:37.339 INFO: JdwpDebugServer: handling req: EventRequest(15).Set(1)
08:35:37.339 INFO: JdwpEventCenterDelegate: jdwpSetEventRequest: JdwpEventRequest{requestId=107, eventKind=CLASS_PREPARE, suspendPolicy=EVENT_THREAD, predicates=[className=com.oldcaledonia.babymozartspacetrip.ios.ServicesApi$setupNowPlaying$nowPlayingInfo$1$*]}
08:35:37.340 INFO: JdwpDebugServer: handling req: EventRequest(15).Set(1)
08:35:37.340 INFO: JdwpEventCenterDelegate: jdwpSetEventRequest: JdwpEventRequest{requestId=108, eventKind=CLASS_PREPARE, suspendPolicy=EVENT_THREAD, predicates=[className=com.oldcaledonia.babymozartspacetrip.ios.ServicesApi]}
08:35:37.342 INFO: JdwpDebugServer: handling req: EventRequest(15).Set(1)
08:35:37.342 INFO: JdwpEventCenterDelegate: jdwpSetEventRequest: JdwpEventRequest{requestId=109, eventKind=CLASS_PREPARE, suspendPolicy=EVENT_THREAD, predicates=[className=com.oldcaledonia.babymozartspacetrip.ios.ServicesApi$*]}
08:35:37.352 INFO: JdwpDebugServer: handling req: EventRequest(15).Set(1)
08:35:37.352 INFO: JdwpEventCenterDelegate: jdwpSetEventRequest: JdwpEventRequest{requestId=110, eventKind=CLASS_PREPARE, suspendPolicy=EVENT_THREAD, predicates=[className=com.oldcaledonia.babymozartspacetrip.ios.ComposableSingletons$ServicesKt$*]}
08:35:37.354 INFO: JdwpDebugServer: handling req: ReferenceType(2).MethodsWithGeneric(15)
08:35:37.354 INFO: JdwpDebugServer: handling req: Method(6).LineTable(1)
08:35:37.355 INFO: JdwpDebugServer: handling req: Method(6).LineTable(1)
08:35:37.355 INFO: JdwpDebugServer: handling req: Method(6).LineTable(1)
08:35:37.355 INFO: JdwpDebugServer: handling req: Method(6).LineTable(1)
08:35:37.356 INFO: JdwpDebugServer: handling req: Method(6).LineTable(1)
08:35:37.356 INFO: JdwpDebugServer: handling req: Method(6).LineTable(1)
08:35:37.356 INFO: JdwpDebugServer: handling req: Method(6).LineTable(1)
08:35:37.356 INFO: JdwpDebugServer: handling req: Method(6).LineTable(1)
08:35:37.356 INFO: JdwpDebugServer: handling req: Method(6).LineTable(1)
08:35:37.357 INFO: JdwpDebugServer: handling req: Method(6).LineTable(1)
08:35:37.357 INFO: JdwpDebugServer: handling req: Method(6).LineTable(1)
08:35:37.357 INFO: JdwpDebugServer: handling req: Method(6).LineTable(1)
08:35:37.357 INFO: JdwpDebugServer: handling req: Method(6).LineTable(1)
08:35:37.357 INFO: JdwpDebugServer: handling req: Method(6).LineTable(1)
08:35:37.358 INFO: JdwpDebugServer: handling req: Method(6).LineTable(1)
08:35:37.358 INFO: JdwpDebugServer: handling req: Method(6).LineTable(1)
08:35:37.358 INFO: JdwpDebugServer: handling req: Method(6).LineTable(1)
08:35:37.358 INFO: JdwpDebugServer: handling req: Method(6).LineTable(1)
08:35:37.358 INFO: JdwpDebugServer: handling req: Method(6).LineTable(1)
08:35:37.359 INFO: JdwpDebugServer: handling req: Method(6).LineTable(1)
08:35:37.359 INFO: JdwpDebugServer: handling req: Method(6).LineTable(1)
08:35:37.359 INFO: JdwpDebugServer: handling req: Method(6).LineTable(1)
08:35:37.359 INFO: JdwpDebugServer: handling req: Method(6).LineTable(1)
08:35:37.359 INFO: JdwpDebugServer: handling req: Method(6).LineTable(1)
08:35:37.360 INFO: JdwpDebugServer: handling req: Method(6).LineTable(1)
08:35:37.360 INFO: JdwpDebugServer: handling req: Method(6).LineTable(1)
08:35:37.360 INFO: JdwpDebugServer: handling req: Method(6).LineTable(1)
08:35:37.360 INFO: JdwpDebugServer: handling req: Method(6).LineTable(1)
08:35:37.360 INFO: JdwpDebugServer: handling req: Method(6).LineTable(1)
08:35:37.361 INFO: JdwpDebugServer: handling req: Method(6).LineTable(1)
08:35:37.361 INFO: JdwpDebugServer: handling req: Method(6).LineTable(1)
08:35:37.361 INFO: JdwpDebugServer: handling req: Method(6).LineTable(1)
08:35:37.361 INFO: JdwpDebugServer: handling req: Method(6).LineTable(1)
08:35:37.361 INFO: JdwpDebugServer: handling req: Method(6).LineTable(1)
08:35:37.362 INFO: JdwpDebugServer: handling req: Method(6).LineTable(1)
08:35:37.362 INFO: JdwpDebugServer: handling req: Method(6).LineTable(1)
08:35:37.362 INFO: JdwpDebugServer: handling req: Method(6).LineTable(1)
08:35:37.362 INFO: JdwpDebugServer: handling req: Method(6).LineTable(1)
08:35:37.362 INFO: JdwpDebugServer: handling req: Method(6).LineTable(1)
08:35:37.363 INFO: JdwpDebugServer: handling req: Method(6).LineTable(1)
08:35:37.363 INFO: JdwpDebugServer: handling req: Method(6).LineTable(1)
08:35:37.363 INFO: JdwpDebugServer: handling req: Method(6).LineTable(1)
08:35:37.363 INFO: JdwpDebugServer: handling req: Method(6).LineTable(1)
08:35:37.364 INFO: JdwpDebugServer: handling req: Method(6).LineTable(1)
08:35:37.364 INFO: JdwpDebugServer: handling req: Method(6).LineTable(1)
08:35:37.364 INFO: JdwpDebugServer: handling req: Method(6).LineTable(1)
08:35:37.365 INFO: JdwpDebugServer: handling req: Method(6).LineTable(1)
08:35:37.365 INFO: JdwpDebugServer: handling req: Method(6).LineTable(1)
08:35:37.365 INFO: JdwpDebugServer: handling req: Method(6).LineTable(1)
08:35:37.366 INFO: JdwpDebugServer: handling req: Method(6).LineTable(1)
08:35:37.366 INFO: JdwpDebugServer: handling req: Method(6).LineTable(1)
08:35:37.366 INFO: JdwpDebugServer: handling req: Method(6).LineTable(1)
08:35:37.366 INFO: JdwpDebugServer: handling req: Method(6).LineTable(1)
08:35:37.367 INFO: JdwpDebugServer: handling req: Method(6).LineTable(1)
08:35:37.367 INFO: JdwpDebugServer: handling req: Method(6).LineTable(1)
08:35:37.367 INFO: JdwpDebugServer: handling req: Method(6).LineTable(1)
08:35:37.367 INFO: JdwpDebugServer: handling req: Method(6).LineTable(1)
08:35:37.368 INFO: JdwpDebugServer: handling req: Method(6).LineTable(1)
08:35:37.368 INFO: JdwpDebugServer: handling req: Method(6).LineTable(1)
08:35:37.368 INFO: JdwpDebugServer: handling req: Method(6).LineTable(1)
08:35:37.368 INFO: JdwpDebugServer: handling req: Method(6).LineTable(1)
08:35:37.369 INFO: JdwpDebugServer: handling req: Method(6).LineTable(1)
08:35:37.369 INFO: JdwpDebugServer: handling req: Method(6).LineTable(1)
08:35:37.369 INFO: JdwpDebugServer: handling req: Method(6).LineTable(1)
08:35:37.369 INFO: JdwpDebugServer: handling req: Method(6).LineTable(1)
08:35:37.369 INFO: JdwpDebugServer: handling req: Method(6).LineTable(1)
08:35:37.370 INFO: JdwpDebugServer: handling req: Method(6).LineTable(1)
08:35:37.370 INFO: JdwpDebugServer: handling req: Method(6).LineTable(1)
08:35:37.370 INFO: JdwpDebugServer: handling req: Method(6).LineTable(1)
08:35:37.370 INFO: JdwpDebugServer: handling req: Method(6).LineTable(1)
08:35:37.370 INFO: JdwpDebugServer: handling req: Method(6).LineTable(1)
08:35:37.371 INFO: JdwpDebugServer: handling req: Method(6).LineTable(1)
08:35:37.371 INFO: JdwpDebugServer: handling req: Method(6).LineTable(1)
08:35:37.371 INFO: JdwpDebugServer: handling req: Method(6).LineTable(1)
08:35:37.371 INFO: JdwpDebugServer: handling req: Method(6).LineTable(1)
08:35:37.371 INFO: JdwpDebugServer: handling req: Method(6).LineTable(1)
08:35:37.371 INFO: JdwpDebugServer: handling req: Method(6).LineTable(1)
08:35:37.372 INFO: JdwpDebugServer: handling req: ClassType(3).Superclass(1)
08:35:37.375 INFO: JdwpDebugServer: handling req: ReferenceType(2).ClassLoader(2)
08:35:37.375 INFO: JdwpDebugServer: handling req: ReferenceType(2).ClassLoader(2)
08:35:37.375 INFO: JdwpDebugServer: handling req: ReferenceType(2).ClassLoader(2)
08:35:37.375 INFO: JdwpDebugServer: handling req: ReferenceType(2).ClassLoader(2)
08:35:37.376 INFO: JdwpDebugServer: handling req: ReferenceType(2).ClassLoader(2)
08:35:37.376 INFO: JdwpDebugServer: handling req: ReferenceType(2).ClassLoader(2)
08:35:37.376 INFO: JdwpDebugServer: handling req: ReferenceType(2).ClassLoader(2)
08:35:37.376 INFO: JdwpDebugServer: handling req: ReferenceType(2).ClassLoader(2)
08:35:37.376 INFO: JdwpDebugServer: handling req: ReferenceType(2).ClassLoader(2)
08:35:37.376 INFO: JdwpDebugServer: handling req: ReferenceType(2).ClassLoader(2)
08:35:37.377 INFO: JdwpDebugServer: handling req: ReferenceType(2).ClassLoader(2)
08:35:37.377 INFO: JdwpDebugServer: handling req: ReferenceType(2).ClassLoader(2)
08:35:37.377 INFO: JdwpDebugServer: handling req: ReferenceType(2).ClassLoader(2)
08:35:37.377 INFO: JdwpDebugServer: handling req: ReferenceType(2).ClassLoader(2)
08:35:37.377 INFO: JdwpDebugServer: handling req: ReferenceType(2).ClassLoader(2)
08:35:37.378 INFO: JdwpDebugServer: handling req: ReferenceType(2).ClassLoader(2)
08:35:37.378 INFO: JdwpDebugServer: handling req: ReferenceType(2).ClassLoader(2)
08:35:37.378 INFO: JdwpDebugServer: handling req: ReferenceType(2).ClassLoader(2)
08:35:37.378 INFO: JdwpDebugServer: handling req: ReferenceType(2).ClassLoader(2)
08:35:37.383 INFO: JdwpDebugServer: handling req: ReferenceType(2).MethodsWithGeneric(15)
08:35:37.383 INFO: JdwpDebugServer: handling req: Method(6).LineTable(1)
08:35:37.383 INFO: JdwpDebugServer: handling req: ReferenceType(2).MethodsWithGeneric(15)
08:35:37.384 INFO: JdwpDebugServer: handling req: Method(6).LineTable(1)
08:35:37.384 INFO: JdwpDebugServer: handling req: ReferenceType(2).MethodsWithGeneric(15)
08:35:37.384 INFO: JdwpDebugServer: handling req: Method(6).LineTable(1)
08:35:37.385 INFO: JdwpDebugServer: handling req: ReferenceType(2).MethodsWithGeneric(15)
08:35:37.385 INFO: JdwpDebugServer: handling req: Method(6).LineTable(1)
08:35:37.385 INFO: JdwpDebugServer: handling req: ReferenceType(2).MethodsWithGeneric(15)
08:35:37.385 INFO: JdwpDebugServer: handling req: Method(6).LineTable(1)
08:35:37.386 INFO: JdwpDebugServer: handling req: ReferenceType(2).MethodsWithGeneric(15)
08:35:37.386 INFO: JdwpDebugServer: handling req: Method(6).LineTable(1)
08:35:37.387 INFO: JdwpDebugServer: handling req: ReferenceType(2).SourceFile(7)
08:35:37.388 INFO: JdwpDebugServer: handling req: EventRequest(15).Set(1)
08:35:37.388 INFO: JdwpEventCenterDelegate: jdwpSetEventRequest: JdwpEventRequest{requestId=111, eventKind=BREAKPOINT, suspendPolicy=EVENT_THREAD, predicates=[Location{classId=23130, methodId=8862, index=387} ]}
08:35:39.664 INFO: JdwpEventCenterDelegate: THREAD_RESUMED: thread (33, main, main)
08:35:39.765 INFO: JdwpEventCenterDelegate: THREAD_RESUMED: thread (33, main, main)
08:35:39.767 INFO: JdwpEventCenterDelegate: THREAD_RESUMED: thread (33, main, main)
08:35:39.769 INFO: JdwpEventCenterDelegate: THREAD_RESUMED: thread (33, main, main)
08:35:39.771 INFO: JdwpEventCenterDelegate: THREAD_RESUMED: thread (33, main, main)
08:35:39.772 INFO: JdwpEventCenterDelegate: THREAD_RESUMED: thread (33, main, main)
08:35:39.778 INFO: JdwpEventCenterDelegate: THREAD_RESUMED: thread (33, main, main)
08:35:39.790 INFO: JdwpEventCenterDelegate: THREAD_RESUMED: thread (33, main, main)
08:35:39.792 INFO: JdwpEventCenterDelegate: THREAD_RESUMED: thread (33, main, main)
08:35:39.794 INFO: JdwpEventCenterDelegate: THREAD_RESUMED: thread (33, main, main)
08:35:39.797 INFO: JdwpEventCenterDelegate: THREAD_RESUMED: thread (33, main, main)
08:35:39.799 INFO: JdwpEventCenterDelegate: THREAD_RESUMED: thread (33, main, main)
08:35:39.804 INFO: JdwpEventCenterDelegate: THREAD_RESUMED: thread (33, main, main)
08:35:39.819 INFO: JdwpEventCenterDelegate: THREAD_RESUMED: thread (33, main, main)
08:35:39.821 INFO: JdwpEventCenterDelegate: THREAD_RESUMED: thread (33, main, main)
08:35:39.823 INFO: JdwpEventCenterDelegate: THREAD_RESUMED: thread (33, main, main)
08:35:39.825 INFO: JdwpEventCenterDelegate: THREAD_RESUMED: thread (33, main, main)
08:35:39.827 INFO: JdwpEventCenterDelegate: THREAD_RESUMED: thread (33, main, main)
08:35:39.832 INFO: JdwpEventCenterDelegate: THREAD_RESUMED: thread (33, main, main)
08:35:39.850 INFO: JdwpEventCenterDelegate: THREAD_RESUMED: thread (33, main, main)
08:35:39.852 INFO: JdwpEventCenterDelegate: THREAD_RESUMED: thread (33, main, main)
08:35:39.854 INFO: JdwpEventCenterDelegate: THREAD_RESUMED: thread (33, main, main)
08:35:39.856 INFO: JdwpEventCenterDelegate: THREAD_RESUMED: thread (33, main, main)
08:35:39.857 INFO: JdwpEventCenterDelegate: THREAD_RESUMED: thread (33, main, main)
08:35:39.861 INFO: JdwpEventCenterDelegate: THREAD_RESUMED: thread (33, main, main)
08:35:39.877 INFO: JdwpEventCenterDelegate: THREAD_RESUMED: thread (33, main, main)
08:35:39.879 INFO: JdwpEventCenterDelegate: THREAD_RESUMED: thread (33, main, main)
08:35:39.881 INFO: JdwpEventCenterDelegate: THREAD_RESUMED: thread (33, main, main)
08:35:39.882 INFO: JdwpEventCenterDelegate: THREAD_RESUMED: thread (33, main, main)
08:35:39.884 INFO: JdwpEventCenterDelegate: THREAD_RESUMED: thread (33, main, main)
08:35:39.889 INFO: JdwpEventCenterDelegate: THREAD_RESUMED: thread (33, main, main)
08:35:39.904 INFO: JdwpEventCenterDelegate: THREAD_RESUMED: thread (33, main, main)
08:35:39.906 INFO: JdwpEventCenterDelegate: THREAD_RESUMED: thread (33, main, main)
08:35:39.907 INFO: JdwpEventCenterDelegate: THREAD_RESUMED: thread (33, main, main)
08:35:39.909 INFO: JdwpEventCenterDelegate: THREAD_RESUMED: thread (33, main, main)
08:35:39.911 INFO: JdwpEventCenterDelegate: THREAD_RESUMED: thread (33, main, main)
08:35:39.915 INFO: JdwpEventCenterDelegate: THREAD_RESUMED: thread (33, main, main)
08:35:39.934 INFO: JdwpEventCenterDelegate: THREAD_RESUMED: thread (33, main, main)
08:35:39.936 INFO: JdwpEventCenterDelegate: THREAD_RESUMED: thread (33, main, main)
08:35:39.938 INFO: JdwpEventCenterDelegate: THREAD_RESUMED: thread (33, main, main)
08:35:39.940 INFO: JdwpEventCenterDelegate: THREAD_RESUMED: thread (33, main, main)
08:35:39.941 INFO: JdwpEventCenterDelegate: THREAD_RESUMED: thread (33, main, main)
08:35:39.945 INFO: JdwpEventCenterDelegate: THREAD_RESUMED: thread (33, main, main)
08:35:39.964 INFO: JdwpEventCenterDelegate: THREAD_RESUMED: thread (33, main, main)
08:35:39.966 INFO: JdwpEventCenterDelegate: THREAD_RESUMED: thread (33, main, main)
08:35:39.968 INFO: JdwpEventCenterDelegate: THREAD_RESUMED: thread (33, main, main)
08:35:39.970 INFO: JdwpEventCenterDelegate: THREAD_RESUMED: thread (33, main, main)
08:35:39.971 INFO: JdwpEventCenterDelegate: THREAD_RESUMED: thread (33, main, main)
08:35:39.976 INFO: JdwpEventCenterDelegate: THREAD_RESUMED: thread (33, main, main)
08:35:39.994 INFO: JdwpEventCenterDelegate: THREAD_RESUMED: thread (33, main, main)
08:35:39.996 INFO: JdwpEventCenterDelegate: THREAD_RESUMED: thread (33, main, main)
08:35:39.998 INFO: JdwpEventCenterDelegate: THREAD_RESUMED: thread (33, main, main)
08:35:40.000 INFO: JdwpEventCenterDelegate: THREAD_RESUMED: thread (33, main, main)
08:35:40.002 INFO: JdwpEventCenterDelegate: THREAD_RESUMED: thread (33, main, main)
08:35:40.007 INFO: JdwpEventCenterDelegate: THREAD_RESUMED: thread (33, main, main)
08:35:40.026 INFO: JdwpEventCenterDelegate: THREAD_RESUMED: thread (33, main, main)
08:35:40.027 INFO: JdwpEventCenterDelegate: THREAD_RESUMED: thread (33, main, main)
08:35:40.028 INFO: JdwpEventCenterDelegate: THREAD_RESUMED: thread (33, main, main)
08:35:40.029 INFO: JdwpEventCenterDelegate: THREAD_RESUMED: thread (33, main, main)
08:35:40.031 INFO: JdwpEventCenterDelegate: THREAD_RESUMED: thread (33, main, main)
08:35:40.036 INFO: JdwpEventCenterDelegate: THREAD_RESUMED: thread (33, main, main)
08:35:40.052 INFO: JdwpEventCenterDelegate: THREAD_RESUMED: thread (33, main, main)
08:35:40.053 INFO: JdwpEventCenterDelegate: THREAD_RESUMED: thread (33, main, main)
08:35:40.055 INFO: JdwpEventCenterDelegate: THREAD_RESUMED: thread (33, main, main)
08:35:40.057 INFO: JdwpEventCenterDelegate: THREAD_RESUMED: thread (33, main, main)
08:35:40.058 INFO: JdwpEventCenterDelegate: THREAD_RESUMED: thread (33, main, main)
08:35:40.063 INFO: JdwpEventCenterDelegate: THREAD_RESUMED: thread (33, main, main)
08:35:40.082 INFO: JdwpEventCenterDelegate: THREAD_RESUMED: thread (33, main, main)
08:35:40.084 INFO: JdwpEventCenterDelegate: THREAD_RESUMED: thread (33, main, main)
08:35:40.086 INFO: JdwpEventCenterDelegate: THREAD_RESUMED: thread (33, main, main)
08:35:40.089 INFO: JdwpEventCenterDelegate: THREAD_RESUMED: thread (33, main, main)
08:35:40.091 INFO: JdwpEventCenterDelegate: THREAD_RESUMED: thread (33, main, main)
08:35:40.095 INFO: JdwpEventCenterDelegate: THREAD_RESUMED: thread (33, main, main)
08:35:40.117 INFO: JdwpEventCenterDelegate: THREAD_RESUMED: thread (33, main, main)
08:35:40.119 INFO: JdwpEventCenterDelegate: THREAD_RESUMED: thread (33, main, main)
08:35:40.121 INFO: JdwpEventCenterDelegate: THREAD_RESUMED: thread (33, main, main)
08:35:40.123 INFO: JdwpEventCenterDelegate: THREAD_RESUMED: thread (33, main, main)
08:35:40.124 INFO: JdwpEventCenterDelegate: THREAD_RESUMED: thread (33, main, main)
08:35:40.129 INFO: JdwpEventCenterDelegate: THREAD_RESUMED: thread (33, main, main)
08:35:40.147 INFO: JdwpEventCenterDelegate: THREAD_RESUMED: thread (33, main, main)
08:35:40.149 INFO: JdwpEventCenterDelegate: THREAD_RESUMED: thread (33, main, main)
08:35:40.151 INFO: JdwpEventCenterDelegate: THREAD_RESUMED: thread (33, main, main)
08:35:40.153 INFO: JdwpEventCenterDelegate: THREAD_RESUMED: thread (33, main, main)
08:35:40.155 INFO: JdwpEventCenterDelegate: THREAD_RESUMED: thread (33, main, main)
08:35:40.159 INFO: JdwpEventCenterDelegate: THREAD_RESUMED: thread (33, main, main)
08:35:40.172 INFO: JdwpEventCenterDelegate: THREAD_RESUMED: thread (33, main, main)
08:35:40.174 INFO: JdwpEventCenterDelegate: THREAD_RESUMED: thread (33, main, main)
08:35:40.176 INFO: JdwpEventCenterDelegate: THREAD_RESUMED: thread (33, main, main)
08:35:40.177 INFO: JdwpEventCenterDelegate: THREAD_RESUMED: thread (33, main, main)
08:35:40.179 INFO: JdwpEventCenterDelegate: THREAD_RESUMED: thread (33, main, main)
08:35:40.183 INFO: JdwpEventCenterDelegate: THREAD_RESUMED: thread (33, main, main)
08:35:40.185 INFO: JdwpEventCenterDelegate: THREAD_RESUMED: thread (33, main, main)
08:35:40.187 INFO: JdwpEventCenterDelegate: THREAD_RESUMED: thread (33, main, main)
08:35:40.189 INFO: JdwpEventCenterDelegate: THREAD_RESUMED: thread (33, main, main)
08:35:40.190 INFO: JdwpEventCenterDelegate: THREAD_RESUMED: thread (33, main, main)
08:35:40.192 INFO: JdwpEventCenterDelegate: THREAD_RESUMED: thread (33, main, main)
08:35:40.194 INFO: JdwpEventCenterDelegate: THREAD_RESUMED: thread (33, main, main)
08:35:40.197 INFO: JdwpEventCenterDelegate: THREAD_RESUMED: thread (33, main, main)
08:35:40.199 INFO: JdwpEventCenterDelegate: THREAD_RESUMED: thread (33, main, main)
08:35:40.201 INFO: JdwpEventCenterDelegate: THREAD_RESUMED: thread (33, main, main)
08:35:40.203 INFO: JdwpEventCenterDelegate: THREAD_RESUMED: thread (33, main, main)
08:35:40.214 INFO: JdwpEventCenterDelegate: THREAD_RESUMED: thread (33, main, main)
08:35:40.215 INFO: JdwpEventCenterDelegate: THREAD_RESUMED: thread (33, main, main)
08:35:40.216 INFO: JdwpEventCenterDelegate: THREAD_RESUMED: thread (33, main, main)
08:35:40.217 INFO: JdwpEventCenterDelegate: THREAD_RESUMED: thread (33, main, main)
08:35:40.219 INFO: JdwpEventCenterDelegate: THREAD_RESUMED: thread (33, main, main)
08:35:40.221 INFO: JdwpEventCenterDelegate: THREAD_RESUMED: thread (33, main, main)
08:35:40.222 INFO: JdwpEventCenterDelegate: THREAD_RESUMED: thread (33, main, main)
08:35:40.231 INFO: JdwpDebugServer: handling req: ReferenceType(2).MethodsWithGeneric(15)
08:35:40.231 INFO: JdwpDebugServer: handling req: ThreadReference(11).Resume(3)
08:35:40.232 INFO: JdwpEventCenterDelegate: THREAD_RESUMED: thread (33, main, main)
08:35:40.232 INFO: JdwpDebugServer: handling req: ReferenceType(2).MethodsWithGeneric(15)
08:35:40.233 INFO: JdwpDebugServer: handling req: ThreadReference(11).Resume(3)
08:35:40.234 INFO: JdwpEventCenterDelegate: THREAD_RESUMED: thread (33, main, main)
08:35:40.234 INFO: JdwpDebugServer: handling req: ReferenceType(2).MethodsWithGeneric(15)
08:35:40.235 INFO: JdwpDebugServer: handling req: ThreadReference(11).Resume(3)
08:35:40.235 INFO: JdwpEventCenterDelegate: THREAD_RESUMED: thread (33, main, main)
08:35:40.236 INFO: JdwpDebugServer: handling req: ReferenceType(2).MethodsWithGeneric(15)
08:35:40.236 INFO: JdwpDebugServer: handling req: ThreadReference(11).Resume(3)
08:35:40.236 INFO: JdwpEventCenterDelegate: THREAD_RESUMED: thread (33, main, main)
08:35:40.237 INFO: JdwpDebugServer: handling req: ReferenceType(2).MethodsWithGeneric(15)
08:35:40.237 INFO: JdwpDebugServer: handling req: ThreadReference(11).Resume(3)
08:35:40.238 INFO: JdwpEventCenterDelegate: THREAD_RESUMED: thread (33, main, main)
08:35:40.240 INFO: JdwpEventCenterDelegate: THREAD_RESUMED: thread (33, main, main)
08:35:40.242 INFO: JdwpEventCenterDelegate: THREAD_RESUMED: thread (33, main, main)
08:35:40.244 INFO: JdwpEventCenterDelegate: THREAD_RESUMED: thread (33, main, main)
08:35:40.245 INFO: JdwpEventCenterDelegate: THREAD_RESUMED: thread (33, main, main)
08:35:40.246 INFO: JdwpEventCenterDelegate: THREAD_RESUMED: thread (33, main, main)
08:35:40.251 INFO: JdwpEventCenterDelegate: THREAD_RESUMED: thread (33, main, main)
08:35:40.263 INFO: JdwpEventCenterDelegate: THREAD_RESUMED: thread (33, main, main)
08:35:40.276 INFO: JdwpEventCenterDelegate: THREAD_RESUMED: thread (33, main, main)
08:35:40.286 INFO: JdwpEventCenterDelegate: THREAD_RESUMED: thread (33, main, main)
08:35:40.298 INFO: JdwpEventCenterDelegate: THREAD_RESUMED: thread (33, main, main)
08:35:40.332 INFO: JdwpEventCenterDelegate: THREAD_RESUMED: thread (33, main, main)
08:35:40.333 INFO: JdwpEventCenterDelegate: THREAD_RESUMED: thread (33, main, main)
08:35:40.335 INFO: JdwpEventCenterDelegate: THREAD_RESUMED: thread (33, main, main)
08:35:40.336 INFO: JdwpEventCenterDelegate: THREAD_RESUMED: thread (33, main, main)
08:35:40.338 INFO: JdwpEventCenterDelegate: THREAD_RESUMED: thread (33, main, main)
08:35:40.342 INFO: JdwpEventCenterDelegate: THREAD_RESUMED: thread (33, main, main)
08:35:40.353 INFO: JdwpEventCenterDelegate: THREAD_RESUMED: thread (33, main, main)
08:35:40.355 INFO: JdwpEventCenterDelegate: THREAD_RESUMED: thread (33, main, main)
08:35:40.357 INFO: JdwpEventCenterDelegate: THREAD_RESUMED: thread (33, main, main)
08:35:40.358 INFO: JdwpEventCenterDelegate: THREAD_RESUMED: thread (33, main, main)
08:35:40.360 INFO: JdwpEventCenterDelegate: THREAD_RESUMED: thread (33, main, main)
08:35:40.364 INFO: JdwpEventCenterDelegate: THREAD_RESUMED: thread (33, main, main)
08:35:40.378 INFO: JdwpEventCenterDelegate: THREAD_RESUMED: thread (33, main, main)
08:35:40.379 INFO: JdwpEventCenterDelegate: THREAD_RESUMED: thread (33, main, main)
08:35:40.381 INFO: JdwpEventCenterDelegate: THREAD_RESUMED: thread (33, main, main)
08:35:40.383 INFO: JdwpEventCenterDelegate: THREAD_RESUMED: thread (33, main, main)
08:35:40.385 INFO: JdwpEventCenterDelegate: THREAD_RESUMED: thread (33, main, main)
08:35:40.389 INFO: JdwpEventCenterDelegate: THREAD_RESUMED: thread (33, main, main)
08:35:40.406 INFO: JdwpEventCenterDelegate: THREAD_RESUMED: thread (33, main, main)
08:35:40.408 INFO: JdwpEventCenterDelegate: THREAD_RESUMED: thread (33, main, main)
08:35:40.410 INFO: JdwpEventCenterDelegate: THREAD_RESUMED: thread (33, main, main)
08:35:40.412 INFO: JdwpEventCenterDelegate: THREAD_RESUMED: thread (33, main, main)
08:35:40.414 INFO: JdwpEventCenterDelegate: THREAD_RESUMED: thread (33, main, main)
08:35:40.419 INFO: JdwpEventCenterDelegate: THREAD_RESUMED: thread (33, main, main)
08:35:40.434 INFO: JdwpEventCenterDelegate: THREAD_RESUMED: thread (33, main, main)
08:35:40.436 INFO: JdwpEventCenterDelegate: THREAD_RESUMED: thread (33, main, main)
08:35:40.438 INFO: JdwpEventCenterDelegate: THREAD_RESUMED: thread (33, main, main)
08:35:40.440 INFO: JdwpEventCenterDelegate: THREAD_RESUMED: thread (33, main, main)
08:35:40.441 INFO: JdwpEventCenterDelegate: THREAD_RESUMED: thread (33, main, main)
08:35:40.445 INFO: JdwpEventCenterDelegate: THREAD_RESUMED: thread (33, main, main)
08:35:40.460 INFO: JdwpEventCenterDelegate: THREAD_RESUMED: thread (33, main, main)
08:35:40.462 INFO: JdwpEventCenterDelegate: THREAD_RESUMED: thread (33, main, main)
08:35:40.464 INFO: JdwpEventCenterDelegate: THREAD_RESUMED: thread (33, main, main)
08:35:40.466 INFO: JdwpEventCenterDelegate: THREAD_RESUMED: thread (33, main, main)
08:35:40.468 INFO: JdwpEventCenterDelegate: THREAD_RESUMED: thread (33, main, main)
08:35:40.473 INFO: JdwpEventCenterDelegate: THREAD_RESUMED: thread (33, main, main)
08:35:40.494 INFO: JdwpEventCenterDelegate: THREAD_RESUMED: thread (33, main, main)
08:35:40.496 INFO: JdwpEventCenterDelegate: THREAD_RESUMED: thread (33, main, main)
08:35:40.497 INFO: JdwpEventCenterDelegate: THREAD_RESUMED: thread (33, main, main)
08:35:40.499 INFO: JdwpEventCenterDelegate: THREAD_RESUMED: thread (33, main, main)
08:35:40.501 INFO: JdwpEventCenterDelegate: THREAD_RESUMED: thread (33, main, main)
08:35:40.506 INFO: JdwpEventCenterDelegate: THREAD_RESUMED: thread (33, main, main)
08:35:40.523 INFO: JdwpEventCenterDelegate: THREAD_RESUMED: thread (33, main, main)
08:35:40.526 INFO: JdwpEventCenterDelegate: THREAD_RESUMED: thread (33, main, main)
08:35:40.528 INFO: JdwpEventCenterDelegate: THREAD_RESUMED: thread (33, main, main)
08:35:40.530 INFO: JdwpEventCenterDelegate: THREAD_RESUMED: thread (33, main, main)
08:35:40.532 INFO: JdwpEventCenterDelegate: THREAD_RESUMED: thread (33, main, main)
08:35:40.536 INFO: JdwpEventCenterDelegate: THREAD_RESUMED: thread (33, main, main)
08:35:40.553 INFO: JdwpEventCenterDelegate: THREAD_RESUMED: thread (33, main, main)
08:35:40.555 INFO: JdwpEventCenterDelegate: THREAD_RESUMED: thread (33, main, main)
08:35:40.557 INFO: JdwpEventCenterDelegate: THREAD_RESUMED: thread (33, main, main)
08:35:40.559 INFO: JdwpEventCenterDelegate: THREAD_RESUMED: thread (33, main, main)
08:35:40.561 INFO: JdwpEventCenterDelegate: THREAD_RESUMED: thread (33, main, main)
08:35:40.566 INFO: JdwpEventCenterDelegate: THREAD_RESUMED: thread (33, main, main)
08:35:40.580 INFO: JdwpEventCenterDelegate: THREAD_RESUMED: thread (33, main, main)
08:35:40.583 INFO: JdwpEventCenterDelegate: THREAD_RESUMED: thread (33, main, main)
08:35:40.585 INFO: JdwpEventCenterDelegate: THREAD_RESUMED: thread (33, main, main)
08:35:40.587 INFO: JdwpEventCenterDelegate: THREAD_RESUMED: thread (33, main, main)
08:35:40.589 INFO: JdwpEventCenterDelegate: THREAD_RESUMED: thread (33, main, main)
08:35:40.593 INFO: JdwpEventCenterDelegate: THREAD_RESUMED: thread (33, main, main)
08:35:40.608 INFO: JdwpEventCenterDelegate: THREAD_RESUMED: thread (33, main, main)
08:35:40.610 INFO: JdwpEventCenterDelegate: THREAD_RESUMED: thread (33, main, main)
08:35:40.611 INFO: JdwpEventCenterDelegate: THREAD_RESUMED: thread (33, main, main)
08:35:40.614 INFO: JdwpEventCenterDelegate: THREAD_RESUMED: thread (33, main, main)
08:35:40.615 INFO: JdwpEventCenterDelegate: THREAD_RESUMED: thread (33, main, main)
08:35:40.620 INFO: JdwpEventCenterDelegate: THREAD_RESUMED: thread (33, main, main)
08:35:40.638 INFO: JdwpEventCenterDelegate: THREAD_RESUMED: thread (33, main, main)
08:35:40.640 INFO: JdwpEventCenterDelegate: THREAD_RESUMED: thread (33, main, main)
08:35:40.642 INFO: JdwpEventCenterDelegate: THREAD_RESUMED: thread (33, main, main)
08:35:40.644 INFO: JdwpEventCenterDelegate: THREAD_RESUMED: thread (33, main, main)
08:35:40.646 INFO: JdwpEventCenterDelegate: THREAD_RESUMED: thread (33, main, main)
08:35:40.650 INFO: JdwpEventCenterDelegate: THREAD_RESUMED: thread (33, main, main)
08:35:40.674 INFO: JdwpEventCenterDelegate: THREAD_RESUMED: thread (33, main, main)
08:35:40.676 INFO: JdwpEventCenterDelegate: THREAD_RESUMED: thread (33, main, main)
08:35:40.678 INFO: JdwpEventCenterDelegate: THREAD_RESUMED: thread (33, main, main)
08:35:40.680 INFO: JdwpEventCenterDelegate: THREAD_RESUMED: thread (33, main, main)
08:35:40.681 INFO: JdwpEventCenterDelegate: THREAD_RESUMED: thread (33, main, main)
08:35:40.686 INFO: JdwpEventCenterDelegate: THREAD_RESUMED: thread (33, main, main)
08:35:40.704 INFO: JdwpEventCenterDelegate: THREAD_RESUMED: thread (33, main, main)
08:35:40.706 INFO: JdwpEventCenterDelegate: THREAD_RESUMED: thread (33, main, main)
08:35:40.708 INFO: JdwpEventCenterDelegate: THREAD_RESUMED: thread (33, main, main)
08:35:40.710 INFO: JdwpEventCenterDelegate: THREAD_RESUMED: thread (33, main, main)
08:35:40.712 INFO: JdwpEventCenterDelegate: THREAD_RESUMED: thread (33, main, main)
08:35:40.716 INFO: JdwpEventCenterDelegate: THREAD_RESUMED: thread (33, main, main)
08:35:40.729 INFO: JdwpEventCenterDelegate: THREAD_RESUMED: thread (33, main, main)
08:35:40.731 INFO: JdwpEventCenterDelegate: THREAD_RESUMED: thread (33, main, main)
08:35:40.733 INFO: JdwpEventCenterDelegate: THREAD_RESUMED: thread (33, main, main)
08:35:40.735 INFO: JdwpEventCenterDelegate: THREAD_RESUMED: thread (33, main, main)
08:35:40.736 INFO: JdwpEventCenterDelegate: THREAD_RESUMED: thread (33, main, main)
08:35:42.562 INFO: JdwpEventCenterDelegate: THREAD_STARTED: thread (108, Timer, main)
08:35:43.453 INFO: JdwpEventCenterDelegate: THREAD_RESUMED: thread (33, main, main)
08:35:43.485 INFO: JdwpEventCenterDelegate: THREAD_RESUMED: thread (33, main, main)
08:35:43.507 INFO: JdwpEventCenterDelegate: THREAD_RESUMED: thread (33, main, main)
08:35:43.526 INFO: JdwpEventCenterDelegate: THREAD_RESUMED: thread (33, main, main)
08:35:43.565 INFO: JdwpEventCenterDelegate: THREAD_RESUMED: thread (33, main, main)
08:35:43.599 INFO: JdwpEventCenterDelegate: THREAD_RESUMED: thread (33, main, main)
08:35:43.616 INFO: JdwpEventCenterDelegate: THREAD_RESUMED: thread (33, main, main)
08:35:43.631 INFO: JdwpEventCenterDelegate: THREAD_RESUMED: thread (33, main, main)
08:35:43.638 INFO: JdwpEventCenterDelegate: THREAD_RESUMED: thread (33, main, main)
08:35:43.651 INFO: JdwpEventCenterDelegate: THREAD_RESUMED: thread (33, main, main)
08:35:43.682 INFO: JdwpEventCenterDelegate: THREAD_RESUMED: thread (33, main, main)
08:35:43.694 INFO: JdwpEventCenterDelegate: THREAD_RESUMED: thread (33, main, main)
08:35:43.706 INFO: JdwpEventCenterDelegate: THREAD_RESUMED: thread (33, main, main)
08:35:43.718 INFO: JdwpEventCenterDelegate: THREAD_RESUMED: thread (33, main, main)
08:35:43.753 INFO: JdwpEventCenterDelegate: THREAD_RESUMED: thread (33, main, main)
08:35:43.786 INFO: JdwpEventCenterDelegate: THREAD_RESUMED: thread (33, main, main)
08:35:43.802 INFO: JdwpEventCenterDelegate: THREAD_RESUMED: thread (33, main, main)
08:35:43.816 INFO: JdwpEventCenterDelegate: THREAD_RESUMED: thread (33, main, main)
08:35:43.822 INFO: JdwpEventCenterDelegate: THREAD_RESUMED: thread (33, main, main)
08:35:43.835 INFO: JdwpEventCenterDelegate: THREAD_RESUMED: thread (33, main, main)
08:35:45.136 INFO: JdwpDebugServer: handling req: ReferenceType(2).MethodsWithGeneric(15)
08:35:45.137 INFO: JdwpDebugServer: handling req: ThreadReference(11).Resume(3)
08:35:45.138 INFO: JdwpEventCenterDelegate: THREAD_RESUMED: thread (33, main, main)
08:35:45.155 INFO: JdwpDebugServer: handling req: ThreadReference(11).Status(4)
08:35:45.155 INFO: JdwpDebugServer: handling req: ThreadReference(11).FramesCount(7)
08:35:45.155 INFO: JdwpDebugServer: handling req: ThreadReference(11).Frames(6)
08:35:45.158 INFO: JdwpDebugServer: handling req: ThreadReference(11).Name(1)
08:35:45.158 INFO: JdwpDebugServer: handling req: ThreadReference(11).ThreadGroup(5)
08:35:45.158 INFO: JdwpDebugServer: handling req: ThreadGroup(12).Name(1)
08:35:45.177 INFO: JdwpDebugServer: handling req: ObjectReference(9).IsCollected(9)
08:35:45.177 INFO: JdwpDebugServer: handling req: StackFrame(16).ThisObject(3)
08:35:45.179 INFO: JdwpDebugServer: handling req: ObjectReference(9).ReferenceType(1)
08:35:45.180 INFO: JdwpDebugServer: handling req: Method(6).VariableTableWithGenerics(5)
08:35:45.180 INFO: JdwpDebugServer: handling req: ReferenceType(2).Interfaces(10)
08:35:45.180 INFO: JdwpDebugServer: handling req: ReferenceType(2).Interfaces(10)
08:35:45.181 INFO: JdwpDebugServer: handling req: ReferenceType(2).Interfaces(10)
08:35:45.181 INFO: JdwpDebugServer: handling req: ReferenceType(2).Interfaces(10)
08:35:45.181 INFO: JdwpDebugServer: handling req: ReferenceType(2).Interfaces(10)
08:35:45.181 INFO: JdwpDebugServer: handling req: ReferenceType(2).Interfaces(10)
08:35:45.182 INFO: JdwpDebugServer: handling req: ReferenceType(2).Interfaces(10)
08:35:45.182 INFO: JdwpDebugServer: handling req: ClassType(3).Superclass(1)
08:35:45.182 INFO: JdwpDebugServer: handling req: ReferenceType(2).Interfaces(10)
08:35:45.183 INFO: JdwpDebugServer: handling req: ClassType(3).Superclass(1)
08:35:45.183 INFO: JdwpDebugServer: handling req: ReferenceType(2).Interfaces(10)
08:35:45.183 INFO: JdwpDebugServer: handling req: ClassType(3).Superclass(1)
08:35:45.183 INFO: JdwpDebugServer: handling req: ReferenceType(2).Interfaces(10)
08:35:45.183 INFO: JdwpDebugServer: handling req: ClassType(3).Superclass(1)
08:35:45.185 INFO: JdwpDebugServer: handling req: ReferenceType(2).MethodsWithGeneric(15)
08:35:45.185 INFO: JdwpDebugServer: handling req: ClassType(3).Superclass(1)
08:35:45.185 INFO: JdwpDebugServer: handling req: Method(6).LineTable(1)
08:35:45.186 INFO: JdwpDebugServer: handling req: ReferenceType(2).SourceFile(7)
08:35:45.191 INFO: JdwpDebugServer: handling req: ReferenceType(2).Interfaces(10)
08:35:45.191 INFO: JdwpDebugServer: handling req: ReferenceType(2).MethodsWithGeneric(15)
08:35:45.192 INFO: JdwpDebugServer: handling req: Method(6).LineTable(1)
08:35:45.192 INFO: JdwpDebugServer: handling req: ReferenceType(2).MethodsWithGeneric(15)
08:35:45.192 INFO: JdwpDebugServer: handling req: ClassType(3).Superclass(1)
08:35:45.193 INFO: JdwpDebugServer: handling req: ClassType(3).Superclass(1)
08:35:45.193 INFO: JdwpDebugServer: handling req: Method(6).LineTable(1)
08:35:45.193 INFO: JdwpDebugServer: handling req: ReferenceType(2).SourceFile(7)
08:35:45.198 INFO: JdwpDebugServer: handling req: ReferenceType(2).MethodsWithGeneric(15)
08:35:45.198 INFO: JdwpDebugServer: handling req: ClassType(3).Superclass(1)
08:35:45.198 INFO: JdwpDebugServer: handling req: Method(6).LineTable(1)
08:35:45.199 INFO: JdwpDebugServer: handling req: ReferenceType(2).SourceFile(7)
08:35:45.207 INFO: JdwpDebugServer: handling req: ReferenceType(2).MethodsWithGeneric(15)
08:35:45.208 INFO: JdwpDebugServer: handling req: ClassType(3).Superclass(1)
08:35:45.208 INFO: JdwpDebugServer: handling req: Method(6).LineTable(1)
08:35:45.208 INFO: JdwpDebugServer: handling req: ReferenceType(2).SourceFile(7)
08:35:45.210 INFO: JdwpDebugServer: handling req: ReferenceType(2).MethodsWithGeneric(15)
08:35:45.210 INFO: JdwpDebugServer: handling req: ClassType(3).Superclass(1)
08:35:45.210 INFO: JdwpDebugServer: handling req: Method(6).LineTable(1)
08:35:45.210 INFO: JdwpDebugServer: handling req: ReferenceType(2).SourceFile(7)
08:35:45.214 INFO: JdwpDebugServer: handling req: Method(6).LineTable(1)
08:35:45.214 INFO: JdwpDebugServer: handling req: ReferenceType(2).MethodsWithGeneric(15)
08:35:45.214 INFO: JdwpDebugServer: handling req: ClassType(3).Superclass(1)
08:35:45.214 INFO: JdwpDebugServer: handling req: Method(6).LineTable(1)
08:35:45.215 INFO: JdwpDebugServer: handling req: ReferenceType(2).SourceFile(7)
08:35:45.219 INFO: JdwpDebugServer: handling req: ReferenceType(2).MethodsWithGeneric(15)
08:35:45.219 INFO: JdwpDebugServer: handling req: ClassType(3).Superclass(1)
08:35:45.219 INFO: JdwpDebugServer: handling req: Method(6).LineTable(1)
08:35:45.219 INFO: JdwpDebugServer: handling req: ReferenceType(2).SourceFile(7)
08:35:45.223 INFO: JdwpDebugServer: handling req: ReferenceType(2).MethodsWithGeneric(15)
08:35:45.223 INFO: JdwpDebugServer: handling req: ClassType(3).Superclass(1)
08:35:45.223 INFO: JdwpDebugServer: handling req: Method(6).LineTable(1)
08:35:45.223 INFO: JdwpDebugServer: handling req: ReferenceType(2).SourceFile(7)
08:35:45.229 INFO: JdwpDebugServer: handling req: ReferenceType(2).MethodsWithGeneric(15)
08:35:45.230 INFO: JdwpDebugServer: handling req: ClassType(3).Superclass(1)
08:35:45.230 INFO: JdwpDebugServer: handling req: Method(6).LineTable(1)
08:35:45.230 INFO: JdwpDebugServer: handling req: ReferenceType(2).SourceFile(7)
08:35:45.244 INFO: JdwpDebugServer: handling req: ReferenceType(2).MethodsWithGeneric(15)
08:35:45.244 INFO: JdwpDebugServer: handling req: ReferenceType(2).MethodsWithGeneric(15)
08:35:45.244 INFO: JdwpDebugServer: handling req: ReferenceType(2).MethodsWithGeneric(15)
08:35:45.244 INFO: JdwpDebugServer: handling req: ReferenceType(2).MethodsWithGeneric(15)
08:35:45.244 INFO: JdwpDebugServer: handling req: ReferenceType(2).MethodsWithGeneric(15)
08:35:45.244 INFO: JdwpDebugServer: handling req: ReferenceType(2).MethodsWithGeneric(15)
08:35:45.244 INFO: JdwpDebugServer: handling req: ReferenceType(2).MethodsWithGeneric(15)
08:35:45.244 INFO: JdwpDebugServer: handling req: ReferenceType(2).MethodsWithGeneric(15)
08:35:45.244 INFO: JdwpDebugServer: handling req: ReferenceType(2).MethodsWithGeneric(15)
08:35:45.244 INFO: JdwpDebugServer: handling req: ReferenceType(2).MethodsWithGeneric(15)
08:35:45.244 INFO: JdwpDebugServer: handling req: StackFrame(16).GetValues(1)
08:35:45.247 INFO: JdwpDebugServer: handling req: ObjectReference(9).ReferenceType(1)
08:35:45.247 INFO: JdwpDebugServer: handling req: ObjectReference(9).ReferenceType(1)
08:35:45.247 INFO: JdwpDebugServer: handling req: ReferenceType(2).MethodsWithGeneric(15)
08:35:45.250 INFO: JdwpDebugServer: handling req: ClassType(3).Superclass(1)
08:35:45.250 INFO: JdwpDebugServer: handling req: Method(6).LineTable(1)
08:35:45.252 INFO: JdwpDebugServer: handling req: ReferenceType(2).SourceFile(7)
08:35:45.252 INFO: JdwpDebugServer: handling req: ClassType(3).Superclass(1)
08:35:45.252 INFO: JdwpDebugServer: handling req: ReferenceType(2).Interfaces(10)
08:35:45.252 INFO: JdwpDebugServer: handling req: ClassType(3).Superclass(1)
08:35:45.252 INFO: JdwpDebugServer: handling req: ReferenceType(2).Interfaces(10)
08:35:45.252 INFO: JdwpDebugServer: handling req: ClassType(3).Superclass(1)
08:35:45.252 INFO: JdwpDebugServer: handling req: ReferenceType(2).Interfaces(10)
08:35:45.252 INFO: JdwpDebugServer: handling req: ClassType(3).Superclass(1)
08:35:45.252 INFO: JdwpDebugServer: handling req: ReferenceType(2).Interfaces(10)
08:35:45.252 INFO: JdwpDebugServer: handling req: ClassType(3).Superclass(1)
08:35:45.252 INFO: JdwpDebugServer: handling req: ReferenceType(2).Interfaces(10)
08:35:45.252 INFO: JdwpDebugServer: handling req: ClassType(3).Superclass(1)
08:35:45.252 INFO: JdwpDebugServer: handling req: ReferenceType(2).Interfaces(10)
08:35:45.252 INFO: JdwpDebugServer: handling req: ClassType(3).Superclass(1)
08:35:45.252 INFO: JdwpDebugServer: handling req: ReferenceType(2).Interfaces(10)
08:35:45.252 INFO: JdwpDebugServer: handling req: ClassType(3).Superclass(1)
08:35:45.252 INFO: JdwpDebugServer: handling req: ReferenceType(2).Interfaces(10)
08:35:45.252 INFO: JdwpDebugServer: handling req: ClassType(3).Superclass(1)
08:35:45.253 INFO: JdwpDebugServer: handling req: ReferenceType(2).MethodsWithGeneric(15)
08:35:45.253 INFO: JdwpDebugServer: handling req: ClassType(3).Superclass(1)
08:35:45.253 INFO: JdwpDebugServer: handling req: ReferenceType(2).Interfaces(10)
08:35:45.253 INFO: JdwpDebugServer: handling req: ClassType(3).Superclass(1)
08:35:45.253 INFO: JdwpDebugServer: handling req: ReferenceType(2).Interfaces(10)
08:35:45.253 INFO: JdwpDebugServer: handling req: ClassType(3).Superclass(1)
08:35:45.253 INFO: JdwpDebugServer: handling req: ReferenceType(2).Interfaces(10)
08:35:45.253 INFO: JdwpDebugServer: handling req: ClassType(3).Superclass(1)
08:35:45.253 INFO: JdwpDebugServer: handling req: ReferenceType(2).Interfaces(10)
08:35:45.253 INFO: JdwpDebugServer: handling req: ClassType(3).Superclass(1)
08:35:45.253 INFO: JdwpDebugServer: handling req: ReferenceType(2).Interfaces(10)
08:35:45.253 INFO: JdwpDebugServer: handling req: ClassType(3).Superclass(1)
08:35:45.253 INFO: JdwpDebugServer: handling req: ReferenceType(2).Interfaces(10)
08:35:45.253 INFO: JdwpDebugServer: handling req: ClassType(3).Superclass(1)
08:35:45.253 INFO: JdwpDebugServer: handling req: ReferenceType(2).Interfaces(10)
08:35:45.253 INFO: JdwpDebugServer: handling req: ClassType(3).Superclass(1)
08:35:45.253 INFO: JdwpDebugServer: handling req: ReferenceType(2).Interfaces(10)
08:35:45.253 INFO: JdwpDebugServer: handling req: ClassType(3).Superclass(1)
08:35:45.253 INFO: JdwpDebugServer: handling req: ClassType(3).Superclass(1)
08:35:45.253 INFO: JdwpDebugServer: handling req: ReferenceType(2).Interfaces(10)
08:35:45.253 INFO: JdwpDebugServer: handling req: ClassType(3).Superclass(1)
08:35:45.253 INFO: JdwpDebugServer: handling req: ReferenceType(2).Interfaces(10)
08:35:45.253 INFO: JdwpDebugServer: handling req: ClassType(3).Superclass(1)
08:35:45.253 INFO: JdwpDebugServer: handling req: ReferenceType(2).Interfaces(10)
08:35:45.253 INFO: JdwpDebugServer: handling req: ClassType(3).Superclass(1)
08:35:45.253 INFO: JdwpDebugServer: handling req: ReferenceType(2).Interfaces(10)
08:35:45.253 INFO: JdwpDebugServer: handling req: ClassType(3).Superclass(1)
08:35:45.253 INFO: JdwpDebugServer: handling req: ReferenceType(2).Interfaces(10)
08:35:45.253 INFO: JdwpDebugServer: handling req: ClassType(3).Superclass(1)
08:35:45.253 INFO: JdwpDebugServer: handling req: ReferenceType(2).Interfaces(10)
08:35:45.253 INFO: JdwpDebugServer: handling req: ClassType(3).Superclass(1)
08:35:45.253 INFO: JdwpDebugServer: handling req: ReferenceType(2).Interfaces(10)
08:35:45.253 INFO: JdwpDebugServer: handling req: ClassType(3).Superclass(1)
08:35:45.253 INFO: JdwpDebugServer: handling req: ClassType(3).Superclass(1)
08:35:45.253 INFO: JdwpDebugServer: handling req: ReferenceType(2).Interfaces(10)
08:35:45.253 INFO: JdwpDebugServer: handling req: ReferenceType(2).MethodsWithGeneric(15)
08:35:45.253 INFO: JdwpDebugServer: handling req: ReferenceType(2).MethodsWithGeneric(15)
08:35:45.253 INFO: JdwpDebugServer: handling req: ReferenceType(2).MethodsWithGeneric(15)
08:35:45.253 INFO: JdwpDebugServer: handling req: ClassType(3).Superclass(1)
08:35:45.253 INFO: JdwpDebugServer: handling req: ReferenceType(2).SourceFile(7)
08:35:45.254 INFO: JdwpDebugServer: handling req: ReferenceType(2).FieldsWithGeneric(14)
08:35:45.254 INFO: JdwpDebugServer: handling req: ObjectReference(9).InvokeMethod(6)
08:35:45.256 INFO: JdwpDebugServer: handling req: ReferenceType(2).FieldsWithGeneric(14)
08:35:45.256 INFO: JdwpDebugServer: handling req: ReferenceType(2).FieldsWithGeneric(14)
08:35:45.256 INFO: JdwpDebugServer: handling req: ReferenceType(2).FieldsWithGeneric(14)
08:35:45.256 INFO: JdwpDebugServer: handling req: ReferenceType(2).FieldsWithGeneric(14)
08:35:45.256 INFO: JdwpDebugServer: handling req: ReferenceType(2).FieldsWithGeneric(14)
08:35:45.256 INFO: JdwpDebugServer: handling req: StringReference(10).Value(1)
08:35:45.261 INFO: JdwpDebugServer: handling req: ReferenceType(2).FieldsWithGeneric(14)
08:35:45.261 INFO: JdwpDebugServer: handling req: ReferenceType(2).FieldsWithGeneric(14)
08:35:45.261 INFO: JdwpDebugServer: handling req: ReferenceType(2).FieldsWithGeneric(14)
08:35:45.261 INFO: JdwpDebugServer: handling req: ReferenceType(2).FieldsWithGeneric(14)
08:35:45.261 INFO: JdwpDebugServer: handling req: ObjectReference(9).InvokeMethod(6)
08:35:45.262 INFO: JdwpDebugServer: handling req: StringReference(10).Value(1)
08:35:45.267 INFO: JdwpDebugServer: handling req: ObjectReference(9).InvokeMethod(6)
08:35:45.268 INFO: JdwpDebugServer: handling req: StringReference(10).Value(1)
08:35:45.274 INFO: JdwpDebugServer: handling req: ThreadReference(11).FramesCount(7)
08:35:45.274 INFO: JdwpDebugServer: handling req: ThreadReference(11).Frames(6)
08:35:45.274 INFO: JdwpDebugServer: handling req: ObjectReference(9).GetValues(2)
08:35:45.338 INFO: JdwpDebugServer: handling req: ObjectReference(9).ReferenceType(1)
08:35:45.338 INFO: JdwpDebugServer: handling req: ObjectReference(9).ReferenceType(1)
08:35:45.338 INFO: JdwpDebugServer: handling req: ObjectReference(9).ReferenceType(1)
08:35:45.338 INFO: JdwpDebugServer: handling req: ObjectReference(9).ReferenceType(1)
08:35:45.338 INFO: JdwpDebugServer: handling req: ObjectReference(9).ReferenceType(1)
08:35:45.338 INFO: JdwpDebugServer: handling req: ObjectReference(9).ReferenceType(1)
08:35:45.338 INFO: JdwpDebugServer: handling req: ObjectReference(9).ReferenceType(1)
08:35:45.338 INFO: JdwpDebugServer: handling req: ObjectReference(9).ReferenceType(1)
08:35:45.338 INFO: JdwpDebugServer: handling req: ObjectReference(9).ReferenceType(1)
08:35:45.338 INFO: JdwpDebugServer: handling req: ObjectReference(9).ReferenceType(1)
08:35:45.338 INFO: JdwpDebugServer: handling req: ObjectReference(9).ReferenceType(1)
08:35:45.339 INFO: JdwpDebugServer: handling req: ClassType(3).Superclass(1)
08:35:45.339 INFO: JdwpDebugServer: handling req: ReferenceType(2).Interfaces(10)
08:35:45.339 INFO: JdwpDebugServer: handling req: ClassType(3).Superclass(1)
08:35:45.339 INFO: JdwpDebugServer: handling req: ReferenceType(2).Interfaces(10)
08:35:45.339 INFO: JdwpDebugServer: handling req: ClassType(3).Superclass(1)
08:35:45.339 INFO: JdwpDebugServer: handling req: ReferenceType(2).Interfaces(10)
08:35:45.339 INFO: JdwpDebugServer: handling req: ClassType(3).Superclass(1)
08:35:45.339 INFO: JdwpDebugServer: handling req: ReferenceType(2).Interfaces(10)
08:35:45.339 INFO: JdwpDebugServer: handling req: ClassType(3).Superclass(1)
08:35:45.339 INFO: JdwpDebugServer: handling req: ReferenceType(2).Interfaces(10)
08:35:45.339 INFO: JdwpDebugServer: handling req: ClassType(3).Superclass(1)
08:35:45.339 INFO: JdwpDebugServer: handling req: ReferenceType(2).Interfaces(10)
08:35:45.339 INFO: JdwpDebugServer: handling req: ClassType(3).Superclass(1)
08:35:45.339 INFO: JdwpDebugServer: handling req: ReferenceType(2).Interfaces(10)
08:35:45.339 INFO: JdwpDebugServer: handling req: ClassType(3).Superclass(1)
08:35:45.339 INFO: JdwpDebugServer: handling req: ReferenceType(2).Interfaces(10)
08:35:45.339 INFO: JdwpDebugServer: handling req: ClassType(3).Superclass(1)
08:35:45.339 INFO: JdwpDebugServer: handling req: ReferenceType(2).MethodsWithGeneric(15)
08:35:45.339 INFO: JdwpDebugServer: handling req: ClassType(3).Superclass(1)
08:35:45.339 INFO: JdwpDebugServer: handling req: ReferenceType(2).Interfaces(10)
08:35:45.340 INFO: JdwpDebugServer: handling req: ClassType(3).Superclass(1)
08:35:45.340 INFO: JdwpDebugServer: handling req: ReferenceType(2).Interfaces(10)
08:35:45.340 INFO: JdwpDebugServer: handling req: ClassType(3).Superclass(1)
08:35:45.340 INFO: JdwpDebugServer: handling req: ReferenceType(2).Interfaces(10)
08:35:45.340 INFO: JdwpDebugServer: handling req: ClassType(3).Superclass(1)
08:35:45.340 INFO: JdwpDebugServer: handling req: ReferenceType(2).Interfaces(10)
08:35:45.340 INFO: JdwpDebugServer: handling req: ClassType(3).Superclass(1)
08:35:45.340 INFO: JdwpDebugServer: handling req: ReferenceType(2).Interfaces(10)
08:35:45.340 INFO: JdwpDebugServer: handling req: ClassType(3).Superclass(1)
08:35:45.340 INFO: JdwpDebugServer: handling req: ReferenceType(2).Interfaces(10)
08:35:45.340 INFO: JdwpDebugServer: handling req: ClassType(3).Superclass(1)
08:35:45.340 INFO: JdwpDebugServer: handling req: ReferenceType(2).Interfaces(10)
08:35:45.340 INFO: JdwpDebugServer: handling req: ClassType(3).Superclass(1)
08:35:45.340 INFO: JdwpDebugServer: handling req: ReferenceType(2).Interfaces(10)
08:35:45.340 INFO: JdwpDebugServer: handling req: ClassType(3).Superclass(1)
08:35:45.340 INFO: JdwpDebugServer: handling req: ReferenceType(2).Interfaces(10)
08:35:45.340 INFO: JdwpDebugServer: handling req: ReferenceType(2).Interfaces(10)
08:35:45.340 INFO: JdwpDebugServer: handling req: ReferenceType(2).Interfaces(10)
08:35:45.340 INFO: JdwpDebugServer: handling req: ReferenceType(2).Interfaces(10)
08:35:45.340 INFO: JdwpDebugServer: handling req: ReferenceType(2).Interfaces(10)
08:35:45.340 INFO: JdwpDebugServer: handling req: ReferenceType(2).Interfaces(10)
08:35:45.340 INFO: JdwpDebugServer: handling req: ReferenceType(2).Interfaces(10)
08:35:45.340 INFO: JdwpDebugServer: handling req: ReferenceType(2).Interfaces(10)
08:35:45.340 INFO: JdwpDebugServer: handling req: ReferenceType(2).Interfaces(10)
08:35:45.340 INFO: JdwpDebugServer: handling req: ReferenceType(2).Interfaces(10)
08:35:45.340 INFO: JdwpDebugServer: handling req: ReferenceType(2).Interfaces(10)
08:35:45.340 INFO: JdwpDebugServer: handling req: ReferenceType(2).Interfaces(10)
08:35:45.340 INFO: JdwpDebugServer: handling req: ReferenceType(2).Interfaces(10)
08:35:45.340 INFO: JdwpDebugServer: handling req: ReferenceType(2).Interfaces(10)
08:35:45.340 INFO: JdwpDebugServer: handling req: ReferenceType(2).Interfaces(10)
08:35:45.340 INFO: JdwpDebugServer: handling req: ReferenceType(2).Interfaces(10)
08:35:45.340 INFO: JdwpDebugServer: handling req: ReferenceType(2).Interfaces(10)
08:35:45.340 INFO: JdwpDebugServer: handling req: ReferenceType(2).MethodsWithGeneric(15)
08:35:45.340 INFO: JdwpDebugServer: handling req: ClassType(3).Superclass(1)
08:35:45.340 INFO: JdwpDebugServer: handling req: ReferenceType(2).Interfaces(10)
08:35:45.340 INFO: JdwpDebugServer: handling req: ClassType(3).Superclass(1)
08:35:45.340 INFO: JdwpDebugServer: handling req: ReferenceType(2).Interfaces(10)
08:35:45.340 INFO: JdwpDebugServer: handling req: ClassType(3).Superclass(1)
08:35:45.340 INFO: JdwpDebugServer: handling req: ReferenceType(2).Interfaces(10)
08:35:45.340 INFO: JdwpDebugServer: handling req: ClassType(3).Superclass(1)
08:35:45.340 INFO: JdwpDebugServer: handling req: ReferenceType(2).Interfaces(10)
08:35:45.340 INFO: JdwpDebugServer: handling req: ClassType(3).Superclass(1)
08:35:45.340 INFO: JdwpDebugServer: handling req: ReferenceType(2).Interfaces(10)
08:35:45.340 INFO: JdwpDebugServer: handling req: ClassType(3).Superclass(1)
08:35:45.340 INFO: JdwpDebugServer: handling req: ReferenceType(2).Interfaces(10)
08:35:45.340 INFO: JdwpDebugServer: handling req: ClassType(3).Superclass(1)
08:35:45.340 INFO: JdwpDebugServer: handling req: ReferenceType(2).Interfaces(10)
08:35:45.340 INFO: JdwpDebugServer: handling req: ClassType(3).Superclass(1)
08:35:45.340 INFO: JdwpDebugServer: handling req: ReferenceType(2).Interfaces(10)
08:35:45.340 INFO: JdwpDebugServer: handling req: ClassType(3).Superclass(1)
08:35:45.340 INFO: JdwpDebugServer: handling req: ReferenceType(2).MethodsWithGeneric(15)
08:35:45.340 INFO: JdwpDebugServer: handling req: ClassType(3).Superclass(1)
08:35:45.340 INFO: JdwpDebugServer: handling req: ReferenceType(2).Interfaces(10)
08:35:45.340 INFO: JdwpDebugServer: handling req: ClassType(3).Superclass(1)
08:35:45.340 INFO: JdwpDebugServer: handling req: ReferenceType(2).Interfaces(10)
08:35:45.340 INFO: JdwpDebugServer: handling req: ClassType(3).Superclass(1)
08:35:45.340 INFO: JdwpDebugServer: handling req: ReferenceType(2).Interfaces(10)
08:35:45.340 INFO: JdwpDebugServer: handling req: ClassType(3).Superclass(1)
08:35:45.340 INFO: JdwpDebugServer: handling req: ReferenceType(2).Interfaces(10)
08:35:45.340 INFO: JdwpDebugServer: handling req: ClassType(3).Superclass(1)
08:35:45.340 INFO: JdwpDebugServer: handling req: ReferenceType(2).Interfaces(10)
08:35:45.340 INFO: JdwpDebugServer: handling req: ClassType(3).Superclass(1)
08:35:45.340 INFO: JdwpDebugServer: handling req: ReferenceType(2).Interfaces(10)
08:35:45.341 INFO: JdwpDebugServer: handling req: ClassType(3).Superclass(1)
08:35:45.341 INFO: JdwpDebugServer: handling req: ReferenceType(2).Interfaces(10)
08:35:45.341 INFO: JdwpDebugServer: handling req: ClassType(3).Superclass(1)
08:35:45.341 INFO: JdwpDebugServer: handling req: ReferenceType(2).Interfaces(10)
08:35:45.341 INFO: JdwpDebugServer: handling req: ClassType(3).Superclass(1)
08:35:45.341 INFO: JdwpDebugServer: handling req: ClassType(3).Superclass(1)
08:35:45.341 INFO: JdwpDebugServer: handling req: ReferenceType(2).Interfaces(10)
08:35:45.341 INFO: JdwpDebugServer: handling req: ReferenceType(2).Interfaces(10)
08:35:45.341 INFO: JdwpDebugServer: handling req: ClassType(3).Superclass(1)
08:35:45.341 INFO: JdwpDebugServer: handling req: ReferenceType(2).Interfaces(10)
08:35:45.341 INFO: JdwpDebugServer: handling req: ReferenceType(2).Interfaces(10)
08:35:45.341 INFO: JdwpDebugServer: handling req: ClassType(3).Superclass(1)
08:35:45.341 INFO: JdwpDebugServer: handling req: ReferenceType(2).Interfaces(10)
08:35:45.341 INFO: JdwpDebugServer: handling req: ReferenceType(2).Interfaces(10)
08:35:45.341 INFO: JdwpDebugServer: handling req: ClassType(3).Superclass(1)
08:35:45.341 INFO: JdwpDebugServer: handling req: ReferenceType(2).Interfaces(10)
08:35:45.341 INFO: JdwpDebugServer: handling req: ReferenceType(2).Interfaces(10)
08:35:45.341 INFO: JdwpDebugServer: handling req: ClassType(3).Superclass(1)
08:35:45.341 INFO: JdwpDebugServer: handling req: ReferenceType(2).Interfaces(10)
08:35:45.341 INFO: JdwpDebugServer: handling req: ReferenceType(2).Interfaces(10)
08:35:45.341 INFO: JdwpDebugServer: handling req: ClassType(3).Superclass(1)
08:35:45.341 INFO: JdwpDebugServer: handling req: ClassType(3).Superclass(1)
08:35:45.341 INFO: JdwpDebugServer: handling req: ReferenceType(2).Interfaces(10)
08:35:45.341 INFO: JdwpDebugServer: handling req: ReferenceType(2).Interfaces(10)
08:35:45.341 INFO: JdwpDebugServer: handling req: ClassType(3).Superclass(1)
08:35:45.341 INFO: JdwpDebugServer: handling req: ReferenceType(2).Interfaces(10)
08:35:45.341 INFO: JdwpDebugServer: handling req: ReferenceType(2).Interfaces(10)
08:35:45.341 INFO: JdwpDebugServer: handling req: ClassType(3).Superclass(1)
08:35:45.341 INFO: JdwpDebugServer: handling req: ReferenceType(2).Interfaces(10)
08:35:45.341 INFO: JdwpDebugServer: handling req: ReferenceType(2).Interfaces(10)
08:35:45.341 INFO: JdwpDebugServer: handling req: ClassType(3).Superclass(1)
08:35:45.341 INFO: JdwpDebugServer: handling req: ReferenceType(2).Interfaces(10)
08:35:45.341 INFO: JdwpDebugServer: handling req: ReferenceType(2).Interfaces(10)
08:35:45.341 INFO: JdwpDebugServer: handling req: ClassType(3).Superclass(1)
08:35:45.341 INFO: JdwpDebugServer: handling req: ReferenceType(2).Interfaces(10)
08:35:45.341 INFO: JdwpDebugServer: handling req: ReferenceType(2).Interfaces(10)
08:35:45.341 INFO: JdwpDebugServer: handling req: ClassType(3).Superclass(1)
08:35:45.341 INFO: JdwpDebugServer: handling req: ReferenceType(2).Interfaces(10)
08:35:45.341 INFO: JdwpDebugServer: handling req: ReferenceType(2).Interfaces(10)
08:35:45.341 INFO: JdwpDebugServer: handling req: ClassType(3).Superclass(1)
08:35:45.341 INFO: JdwpDebugServer: handling req: ReferenceType(2).Interfaces(10)
08:35:45.341 INFO: JdwpDebugServer: handling req: ReferenceType(2).Interfaces(10)
08:35:45.341 INFO: JdwpDebugServer: handling req: ClassType(3).Superclass(1)
08:35:45.341 INFO: JdwpDebugServer: handling req: ReferenceType(2).Interfaces(10)
08:35:45.341 INFO: JdwpDebugServer: handling req: ReferenceType(2).Interfaces(10)
08:35:45.341 INFO: JdwpDebugServer: handling req: ClassType(3).Superclass(1)
08:35:45.341 INFO: JdwpDebugServer: handling req: ReferenceType(2).Interfaces(10)
08:35:45.341 INFO: JdwpDebugServer: handling req: ReferenceType(2).Interfaces(10)
08:35:45.341 INFO: JdwpDebugServer: handling req: ClassType(3).Superclass(1)
08:35:45.341 INFO: JdwpDebugServer: handling req: ClassType(3).Superclass(1)
08:35:45.341 INFO: JdwpDebugServer: handling req: ReferenceType(2).Interfaces(10)
08:35:45.341 INFO: JdwpDebugServer: handling req: ReferenceType(2).Interfaces(10)
08:35:45.341 INFO: JdwpDebugServer: handling req: ClassType(3).Superclass(1)
08:35:45.341 INFO: JdwpDebugServer: handling req: ReferenceType(2).Interfaces(10)
08:35:45.341 INFO: JdwpDebugServer: handling req: ReferenceType(2).Interfaces(10)
08:35:45.341 INFO: JdwpDebugServer: handling req: ClassType(3).Superclass(1)
08:35:45.341 INFO: JdwpDebugServer: handling req: ReferenceType(2).Interfaces(10)
08:35:45.341 INFO: JdwpDebugServer: handling req: ReferenceType(2).Interfaces(10)
08:35:45.341 INFO: JdwpDebugServer: handling req: ReferenceType(2).Interfaces(10)
08:35:45.341 INFO: JdwpDebugServer: handling req: ClassType(3).Superclass(1)
08:35:45.341 INFO: JdwpDebugServer: handling req: ReferenceType(2).Interfaces(10)
08:35:45.341 INFO: JdwpDebugServer: handling req: ReferenceType(2).Interfaces(10)
08:35:45.341 INFO: JdwpDebugServer: handling req: ReferenceType(2).Interfaces(10)
08:35:45.341 INFO: JdwpDebugServer: handling req: ClassType(3).Superclass(1)
08:35:45.341 INFO: JdwpDebugServer: handling req: ReferenceType(2).Interfaces(10)
08:35:45.341 INFO: JdwpDebugServer: handling req: ReferenceType(2).Interfaces(10)
08:35:45.341 INFO: JdwpDebugServer: handling req: ReferenceType(2).Interfaces(10)
08:35:45.341 INFO: JdwpDebugServer: handling req: ClassType(3).Superclass(1)
08:35:45.341 INFO: JdwpDebugServer: handling req: ReferenceType(2).Interfaces(10)
08:35:45.341 INFO: JdwpDebugServer: handling req: ReferenceType(2).Interfaces(10)
08:35:45.341 INFO: JdwpDebugServer: handling req: ReferenceType(2).Interfaces(10)
08:35:45.341 INFO: JdwpDebugServer: handling req: ClassType(3).Superclass(1)
08:35:45.341 INFO: JdwpDebugServer: handling req: ReferenceType(2).Interfaces(10)
08:35:45.341 INFO: JdwpDebugServer: handling req: ReferenceType(2).Interfaces(10)
08:35:45.341 INFO: JdwpDebugServer: handling req: ReferenceType(2).Interfaces(10)
08:35:45.341 INFO: JdwpDebugServer: handling req: ClassType(3).Superclass(1)
08:35:45.341 INFO: JdwpDebugServer: handling req: ReferenceType(2).Interfaces(10)
08:35:45.341 INFO: JdwpDebugServer: handling req: ReferenceType(2).Interfaces(10)
08:35:45.341 INFO: JdwpDebugServer: handling req: ReferenceType(2).Interfaces(10)
08:35:45.341 INFO: JdwpDebugServer: handling req: ClassType(3).Superclass(1)
08:35:45.341 INFO: JdwpDebugServer: handling req: ReferenceType(2).Interfaces(10)
08:35:45.341 INFO: JdwpDebugServer: handling req: ClassType(3).Superclass(1)
08:35:45.341 INFO: JdwpDebugServer: handling req: ReferenceType(2).Interfaces(10)
08:35:45.341 INFO: JdwpDebugServer: handling req: ReferenceType(2).Interfaces(10)
08:35:45.341 INFO: JdwpDebugServer: handling req: ClassType(3).Superclass(1)
08:35:45.341 INFO: JdwpDebugServer: handling req: ReferenceType(2).Interfaces(10)
08:35:45.341 INFO: JdwpDebugServer: handling req: ReferenceType(2).Interfaces(10)
08:35:45.341 INFO: JdwpDebugServer: handling req: ReferenceType(2).Interfaces(10)
08:35:45.341 INFO: JdwpDebugServer: handling req: ReferenceType(2).Interfaces(10)
08:35:45.341 INFO: JdwpDebugServer: handling req: ReferenceType(2).Interfaces(10)
08:35:45.341 INFO: JdwpDebugServer: handling req: ReferenceType(2).Interfaces(10)
08:35:45.341 INFO: JdwpDebugServer: handling req: ReferenceType(2).Interfaces(10)
08:35:45.342 INFO: JdwpDebugServer: handling req: ReferenceType(2).Interfaces(10)
08:35:45.342 INFO: JdwpDebugServer: handling req: ReferenceType(2).Interfaces(10)
08:35:45.342 INFO: JdwpDebugServer: handling req: ReferenceType(2).Interfaces(10)
08:35:45.342 INFO: JdwpDebugServer: handling req: ReferenceType(2).Interfaces(10)
08:35:45.342 INFO: JdwpDebugServer: handling req: ReferenceType(2).Interfaces(10)
08:35:45.342 INFO: JdwpDebugServer: handling req: ReferenceType(2).Interfaces(10)
08:35:45.342 INFO: JdwpDebugServer: handling req: ReferenceType(2).Interfaces(10)
08:35:45.342 INFO: JdwpDebugServer: handling req: ReferenceType(2).Interfaces(10)
08:35:45.342 INFO: JdwpDebugServer: handling req: ReferenceType(2).Interfaces(10)
08:35:45.342 INFO: JdwpDebugServer: handling req: ReferenceType(2).Interfaces(10)
08:35:45.342 INFO: JdwpDebugServer: handling req: ReferenceType(2).Interfaces(10)
08:35:45.342 INFO: JdwpDebugServer: handling req: ReferenceType(2).Interfaces(10)
08:35:45.342 INFO: JdwpDebugServer: handling req: ReferenceType(2).Interfaces(10)
08:35:45.342 INFO: JdwpDebugServer: handling req: ReferenceType(2).Interfaces(10)
08:35:45.342 INFO: JdwpDebugServer: handling req: ReferenceType(2).Interfaces(10)
08:35:45.342 INFO: JdwpDebugServer: handling req: ReferenceType(2).Interfaces(10)
08:35:45.342 INFO: JdwpDebugServer: handling req: ReferenceType(2).Interfaces(10)
08:35:45.342 INFO: JdwpDebugServer: handling req: ReferenceType(2).Interfaces(10)
08:35:45.342 INFO: JdwpDebugServer: handling req: ReferenceType(2).Interfaces(10)
08:35:45.342 INFO: JdwpDebugServer: handling req: ReferenceType(2).Interfaces(10)
08:35:45.342 INFO: JdwpDebugServer: handling req: ReferenceType(2).Interfaces(10)
08:35:45.342 INFO: JdwpDebugServer: handling req: ReferenceType(2).Interfaces(10)
08:35:45.342 INFO: JdwpDebugServer: handling req: ReferenceType(2).Interfaces(10)
08:35:45.342 INFO: JdwpDebugServer: handling req: ReferenceType(2).Interfaces(10)
08:35:45.342 INFO: JdwpDebugServer: handling req: ReferenceType(2).Interfaces(10)
08:35:45.342 INFO: JdwpDebugServer: handling req: ReferenceType(2).Interfaces(10)
08:35:45.342 INFO: JdwpDebugServer: handling req: ReferenceType(2).Interfaces(10)
08:35:45.342 INFO: JdwpDebugServer: handling req: ReferenceType(2).Interfaces(10)
08:35:45.342 INFO: JdwpDebugServer: handling req: ReferenceType(2).Interfaces(10)
08:35:45.342 INFO: JdwpDebugServer: handling req: ReferenceType(2).Interfaces(10)
08:35:45.342 INFO: JdwpDebugServer: handling req: ReferenceType(2).Interfaces(10)
08:35:45.342 INFO: JdwpDebugServer: handling req: ReferenceType(2).Interfaces(10)
08:35:45.342 INFO: JdwpDebugServer: handling req: ReferenceType(2).Interfaces(10)
08:35:45.342 INFO: JdwpDebugServer: handling req: ReferenceType(2).Interfaces(10)
08:35:45.342 INFO: JdwpDebugServer: handling req: ReferenceType(2).Interfaces(10)
08:35:45.342 INFO: JdwpDebugServer: handling req: ReferenceType(2).Interfaces(10)
08:35:45.342 INFO: JdwpDebugServer: handling req: ReferenceType(2).Interfaces(10)
08:35:45.342 INFO: JdwpDebugServer: handling req: ReferenceType(2).Interfaces(10)
08:35:45.342 INFO: JdwpDebugServer: handling req: ReferenceType(2).MethodsWithGeneric(15)
08:35:45.342 INFO: JdwpDebugServer: handling req: ReferenceType(2).MethodsWithGeneric(15)
08:35:45.342 INFO: JdwpDebugServer: handling req: ReferenceType(2).MethodsWithGeneric(15)
08:35:45.342 INFO: JdwpDebugServer: handling req: ReferenceType(2).MethodsWithGeneric(15)
08:35:45.342 INFO: JdwpDebugServer: handling req: ReferenceType(2).MethodsWithGeneric(15)
08:35:45.342 INFO: JdwpDebugServer: handling req: ReferenceType(2).MethodsWithGeneric(15)
08:35:45.342 INFO: JdwpDebugServer: handling req: ReferenceType(2).MethodsWithGeneric(15)
08:35:45.342 INFO: JdwpDebugServer: handling req: ReferenceType(2).MethodsWithGeneric(15)
08:35:45.342 INFO: JdwpDebugServer: handling req: ReferenceType(2).MethodsWithGeneric(15)
08:35:45.342 INFO: JdwpDebugServer: handling req: ReferenceType(2).MethodsWithGeneric(15)
08:35:45.342 INFO: JdwpDebugServer: handling req: ReferenceType(2).MethodsWithGeneric(15)
08:35:45.342 INFO: JdwpDebugServer: handling req: ReferenceType(2).MethodsWithGeneric(15)
08:35:45.342 INFO: JdwpDebugServer: handling req: ReferenceType(2).MethodsWithGeneric(15)
08:35:45.342 INFO: JdwpDebugServer: handling req: ReferenceType(2).MethodsWithGeneric(15)
08:35:45.342 INFO: JdwpDebugServer: handling req: ReferenceType(2).MethodsWithGeneric(15)
08:35:45.342 INFO: JdwpDebugServer: handling req: ClassType(3).Superclass(1)
08:35:45.342 INFO: JdwpDebugServer: handling req: ReferenceType(2).Interfaces(10)
08:35:45.342 INFO: JdwpDebugServer: handling req: ClassType(3).Superclass(1)
08:35:45.342 INFO: JdwpDebugServer: handling req: ReferenceType(2).Interfaces(10)
08:35:45.342 INFO: JdwpDebugServer: handling req: ClassType(3).Superclass(1)
08:35:45.342 INFO: JdwpDebugServer: handling req: ReferenceType(2).Interfaces(10)
08:35:45.342 INFO: JdwpDebugServer: handling req: ClassType(3).Superclass(1)
08:35:45.342 INFO: JdwpDebugServer: handling req: ReferenceType(2).Interfaces(10)
08:35:45.342 INFO: JdwpDebugServer: handling req: ClassType(3).Superclass(1)
08:35:45.342 INFO: JdwpDebugServer: handling req: ReferenceType(2).Interfaces(10)
08:35:45.342 INFO: JdwpDebugServer: handling req: ClassType(3).Superclass(1)
08:35:45.342 INFO: JdwpDebugServer: handling req: ReferenceType(2).Interfaces(10)
08:35:45.342 INFO: JdwpDebugServer: handling req: ClassType(3).Superclass(1)
08:35:45.342 INFO: JdwpDebugServer: handling req: ReferenceType(2).Interfaces(10)
08:35:45.342 INFO: JdwpDebugServer: handling req: ClassType(3).Superclass(1)
08:35:45.342 INFO: JdwpDebugServer: handling req: ReferenceType(2).Interfaces(10)
08:35:45.342 INFO: JdwpDebugServer: handling req: ClassType(3).Superclass(1)
08:35:45.342 INFO: JdwpDebugServer: handling req: ReferenceType(2).MethodsWithGeneric(15)
08:35:45.342 INFO: JdwpDebugServer: handling req: ClassType(3).Superclass(1)
08:35:45.342 INFO: JdwpDebugServer: handling req: ReferenceType(2).Interfaces(10)
08:35:45.343 INFO: JdwpDebugServer: handling req: ClassType(3).Superclass(1)
08:35:45.343 INFO: JdwpDebugServer: handling req: ReferenceType(2).Interfaces(10)
08:35:45.343 INFO: JdwpDebugServer: handling req: ClassType(3).Superclass(1)
08:35:45.343 INFO: JdwpDebugServer: handling req: ReferenceType(2).Interfaces(10)
08:35:45.343 INFO: JdwpDebugServer: handling req: ClassType(3).Superclass(1)
08:35:45.343 INFO: JdwpDebugServer: handling req: ReferenceType(2).Interfaces(10)
08:35:45.343 INFO: JdwpDebugServer: handling req: ClassType(3).Superclass(1)
08:35:45.343 INFO: JdwpDebugServer: handling req: ReferenceType(2).Interfaces(10)
08:35:45.343 INFO: JdwpDebugServer: handling req: ClassType(3).Superclass(1)
08:35:45.343 INFO: JdwpDebugServer: handling req: ReferenceType(2).Interfaces(10)
08:35:45.343 INFO: JdwpDebugServer: handling req: ClassType(3).Superclass(1)
08:35:45.343 INFO: JdwpDebugServer: handling req: ReferenceType(2).Interfaces(10)
08:35:45.343 INFO: JdwpDebugServer: handling req: ClassType(3).Superclass(1)
08:35:45.343 INFO: JdwpDebugServer: handling req: ReferenceType(2).Interfaces(10)
08:35:45.343 INFO: JdwpDebugServer: handling req: ClassType(3).Superclass(1)
08:35:45.343 INFO: JdwpDebugServer: handling req: ReferenceType(2).MethodsWithGeneric(15)
08:35:45.343 INFO: JdwpDebugServer: handling req: ClassType(3).Superclass(1)
08:35:45.343 INFO: JdwpDebugServer: handling req: ReferenceType(2).Interfaces(10)
08:35:45.343 INFO: JdwpDebugServer: handling req: ClassType(3).Superclass(1)
08:35:45.343 INFO: JdwpDebugServer: handling req: ReferenceType(2).Interfaces(10)
08:35:45.343 INFO: JdwpDebugServer: handling req: ClassType(3).Superclass(1)
08:35:45.343 INFO: JdwpDebugServer: handling req: ReferenceType(2).Interfaces(10)
08:35:45.343 INFO: JdwpDebugServer: handling req: ClassType(3).Superclass(1)
08:35:45.343 INFO: JdwpDebugServer: handling req: ReferenceType(2).Interfaces(10)
08:35:45.343 INFO: JdwpDebugServer: handling req: ClassType(3).Superclass(1)
08:35:45.343 INFO: JdwpDebugServer: handling req: ReferenceType(2).Interfaces(10)
08:35:45.343 INFO: JdwpDebugServer: handling req: ClassType(3).Superclass(1)
08:35:45.343 INFO: JdwpDebugServer: handling req: ReferenceType(2).Interfaces(10)
08:35:45.343 INFO: JdwpDebugServer: handling req: ClassType(3).Superclass(1)
08:35:45.343 INFO: JdwpDebugServer: handling req: ReferenceType(2).Interfaces(10)
08:35:45.343 INFO: JdwpDebugServer: handling req: ClassType(3).Superclass(1)
08:35:45.343 INFO: JdwpDebugServer: handling req: ReferenceType(2).Interfaces(10)
08:35:45.343 INFO: JdwpDebugServer: handling req: ClassType(3).Superclass(1)
08:35:45.343 INFO: JdwpDebugServer: handling req: ReferenceType(2).MethodsWithGeneric(15)
08:35:45.343 INFO: JdwpDebugServer: handling req: ClassType(3).Superclass(1)
08:35:45.343 INFO: JdwpDebugServer: handling req: ReferenceType(2).Interfaces(10)
08:35:45.343 INFO: JdwpDebugServer: handling req: ClassType(3).Superclass(1)
08:35:45.343 INFO: JdwpDebugServer: handling req: ReferenceType(2).Interfaces(10)
08:35:45.343 INFO: JdwpDebugServer: handling req: ClassType(3).Superclass(1)
08:35:45.343 INFO: JdwpDebugServer: handling req: ReferenceType(2).Interfaces(10)
08:35:45.343 INFO: JdwpDebugServer: handling req: ClassType(3).Superclass(1)
08:35:45.343 INFO: JdwpDebugServer: handling req: ReferenceType(2).Interfaces(10)
08:35:45.343 INFO: JdwpDebugServer: handling req: ClassType(3).Superclass(1)
08:35:45.343 INFO: JdwpDebugServer: handling req: ReferenceType(2).Interfaces(10)
08:35:45.343 INFO: JdwpDebugServer: handling req: ClassType(3).Superclass(1)
08:35:45.343 INFO: JdwpDebugServer: handling req: ReferenceType(2).Interfaces(10)
08:35:45.343 INFO: JdwpDebugServer: handling req: ClassType(3).Superclass(1)
08:35:45.343 INFO: JdwpDebugServer: handling req: ReferenceType(2).Interfaces(10)
08:35:45.343 INFO: JdwpDebugServer: handling req: ClassType(3).Superclass(1)
08:35:45.343 INFO: JdwpDebugServer: handling req: ReferenceType(2).Interfaces(10)
08:35:45.343 INFO: JdwpDebugServer: handling req: ClassType(3).Superclass(1)
08:35:45.343 INFO: JdwpDebugServer: handling req: ReferenceType(2).MethodsWithGeneric(15)
08:35:45.343 INFO: JdwpDebugServer: handling req: ClassType(3).Superclass(1)
08:35:45.343 INFO: JdwpDebugServer: handling req: ReferenceType(2).Interfaces(10)
08:35:45.343 INFO: JdwpDebugServer: handling req: ClassType(3).Superclass(1)
08:35:45.344 INFO: JdwpDebugServer: handling req: ReferenceType(2).Interfaces(10)
08:35:45.344 INFO: JdwpDebugServer: handling req: ClassType(3).Superclass(1)
08:35:45.344 INFO: JdwpDebugServer: handling req: ReferenceType(2).Interfaces(10)
08:35:45.344 INFO: JdwpDebugServer: handling req: ClassType(3).Superclass(1)
08:35:45.344 INFO: JdwpDebugServer: handling req: ReferenceType(2).Interfaces(10)
08:35:45.344 INFO: JdwpDebugServer: handling req: ClassType(3).Superclass(1)
08:35:45.344 INFO: JdwpDebugServer: handling req: ReferenceType(2).Interfaces(10)
08:35:45.344 INFO: JdwpDebugServer: handling req: ClassType(3).Superclass(1)
08:35:45.344 INFO: JdwpDebugServer: handling req: ReferenceType(2).Interfaces(10)
08:35:45.344 INFO: JdwpDebugServer: handling req: ClassType(3).Superclass(1)
08:35:45.344 INFO: JdwpDebugServer: handling req: ReferenceType(2).Interfaces(10)
08:35:45.344 INFO: JdwpDebugServer: handling req: ClassType(3).Superclass(1)
08:35:45.344 INFO: JdwpDebugServer: handling req: ReferenceType(2).Interfaces(10)
08:35:45.344 INFO: JdwpDebugServer: handling req: ClassType(3).Superclass(1)
08:35:45.344 INFO: JdwpDebugServer: handling req: ReferenceType(2).MethodsWithGeneric(15)
08:35:45.344 INFO: JdwpDebugServer: handling req: ReferenceType(2).SignatureWithGeneric(13)
08:35:45.344 INFO: JdwpDebugServer: handling req: ArrayReference(13).Length(1)
08:35:45.344 INFO: JdwpDebugServer: handling req: ArrayReference(13).Length(1)
08:35:45.344 INFO: JdwpDebugServer: handling req: ClassType(3).Superclass(1)
08:35:45.344 INFO: JdwpDebugServer: handling req: ReferenceType(2).Interfaces(10)
08:35:45.344 INFO: JdwpDebugServer: handling req: ClassType(3).Superclass(1)
08:35:45.344 INFO: JdwpDebugServer: handling req: ReferenceType(2).Interfaces(10)
08:35:45.344 INFO: JdwpDebugServer: handling req: ClassType(3).Superclass(1)
08:35:45.344 INFO: JdwpDebugServer: handling req: ReferenceType(2).Interfaces(10)
08:35:45.344 INFO: JdwpDebugServer: handling req: ClassType(3).Superclass(1)
08:35:45.344 INFO: JdwpDebugServer: handling req: ReferenceType(2).Interfaces(10)
08:35:45.344 INFO: JdwpDebugServer: handling req: ClassType(3).Superclass(1)
08:35:45.344 INFO: JdwpDebugServer: handling req: ReferenceType(2).Interfaces(10)
08:35:45.344 INFO: JdwpDebugServer: handling req: ClassType(3).Superclass(1)
08:35:45.344 INFO: JdwpDebugServer: handling req: ReferenceType(2).Interfaces(10)
08:35:45.344 INFO: JdwpDebugServer: handling req: ClassType(3).Superclass(1)
08:35:45.344 INFO: JdwpDebugServer: handling req: ReferenceType(2).Interfaces(10)
08:35:45.344 INFO: JdwpDebugServer: handling req: ClassType(3).Superclass(1)
08:35:45.344 INFO: JdwpDebugServer: handling req: ReferenceType(2).Interfaces(10)
08:35:45.344 INFO: JdwpDebugServer: handling req: ClassType(3).Superclass(1)
08:35:45.344 INFO: JdwpDebugServer: handling req: ClassType(3).Superclass(1)
08:35:45.344 INFO: JdwpDebugServer: handling req: ReferenceType(2).Interfaces(10)
08:35:45.344 INFO: JdwpDebugServer: handling req: ClassType(3).Superclass(1)
08:35:45.344 INFO: JdwpDebugServer: handling req: ReferenceType(2).Interfaces(10)
08:35:45.344 INFO: JdwpDebugServer: handling req: ClassType(3).Superclass(1)
08:35:45.344 INFO: JdwpDebugServer: handling req: ReferenceType(2).Interfaces(10)
08:35:45.344 INFO: JdwpDebugServer: handling req: ClassType(3).Superclass(1)
08:35:45.344 INFO: JdwpDebugServer: handling req: ReferenceType(2).Interfaces(10)
08:35:45.344 INFO: JdwpDebugServer: handling req: ClassType(3).Superclass(1)
08:35:45.344 INFO: JdwpDebugServer: handling req: ReferenceType(2).Interfaces(10)
08:35:45.344 INFO: JdwpDebugServer: handling req: ClassType(3).Superclass(1)
08:35:45.344 INFO: JdwpDebugServer: handling req: ReferenceType(2).Interfaces(10)
08:35:45.344 INFO: JdwpDebugServer: handling req: ClassType(3).Superclass(1)
08:35:45.344 INFO: JdwpDebugServer: handling req: ClassType(3).Superclass(1)
08:35:45.344 INFO: JdwpDebugServer: handling req: ReferenceType(2).Interfaces(10)
08:35:45.344 INFO: JdwpDebugServer: handling req: ClassType(3).Superclass(1)
08:35:45.344 INFO: JdwpDebugServer: handling req: ReferenceType(2).Interfaces(10)
08:35:45.344 INFO: JdwpDebugServer: handling req: ReferenceType(2).Interfaces(10)
08:35:45.344 INFO: JdwpDebugServer: handling req: ReferenceType(2).Interfaces(10)
08:35:45.344 INFO: JdwpDebugServer: handling req: ReferenceType(2).Interfaces(10)
08:35:45.344 INFO: JdwpDebugServer: handling req: ReferenceType(2).Interfaces(10)
08:35:45.344 INFO: JdwpDebugServer: handling req: ReferenceType(2).Interfaces(10)
08:35:45.344 INFO: JdwpDebugServer: handling req: ReferenceType(2).Interfaces(10)
08:35:45.344 INFO: JdwpDebugServer: handling req: ReferenceType(2).Interfaces(10)
08:35:45.344 INFO: JdwpDebugServer: handling req: ReferenceType(2).Interfaces(10)
08:35:45.344 INFO: JdwpDebugServer: handling req: ReferenceType(2).Interfaces(10)
08:35:45.344 INFO: JdwpDebugServer: handling req: ReferenceType(2).MethodsWithGeneric(15)
08:35:45.345 INFO: JdwpDebugServer: handling req: ReferenceType(2).MethodsWithGeneric(15)
08:35:45.345 INFO: JdwpDebugServer: handling req: ReferenceType(2).MethodsWithGeneric(15)
08:35:45.345 INFO: JdwpDebugServer: handling req: ObjectReference(9).InvokeMethod(6)
08:35:45.347 INFO: JdwpDebugServer: handling req: StringReference(10).Value(1)
08:35:45.352 INFO: JdwpDebugServer: handling req: ObjectReference(9).InvokeMethod(6)
08:35:45.354 INFO: JdwpDebugServer: handling req: StringReference(10).Value(1)
08:35:45.360 INFO: JdwpDebugServer: handling req: ObjectReference(9).InvokeMethod(6)
08:35:45.361 INFO: JdwpDebugServer: handling req: StringReference(10).Value(1)
08:35:45.367 INFO: JdwpDebugServer: handling req: ObjectReference(9).InvokeMethod(6)
08:35:45.370 INFO: JdwpDebugServer: handling req: StringReference(10).Value(1)
08:35:45.376 INFO: JdwpDebugServer: handling req: ObjectReference(9).InvokeMethod(6)
08:35:45.377 INFO: JdwpDebugServer: handling req: StringReference(10).Value(1)
08:35:45.383 INFO: JdwpDebugServer: handling req: ObjectReference(9).InvokeMethod(6)
08:35:45.385 INFO: JdwpDebugServer: handling req: StringReference(10).Value(1)
08:35:45.390 INFO: JdwpDebugServer: handling req: ObjectReference(9).InvokeMethod(6)
08:35:45.392 INFO: JdwpDebugServer: handling req: StringReference(10).Value(1)
08:35:45.397 INFO: JdwpDebugServer: handling req: ObjectReference(9).InvokeMethod(6)
08:35:45.398 INFO: JdwpDebugServer: handling req: StringReference(10).Value(1)
08:35:45.403 INFO: JdwpDebugServer: handling req: ObjectReference(9).InvokeMethod(6)
08:35:45.405 INFO: JdwpDebugServer: handling req: StringReference(10).Value(1)
08:35:45.500 INFO: JdwpDebugServer: handling req: Method(6).LineTable(1)
08:35:45.500 INFO: JdwpDebugServer: handling req: ReferenceType(2).SourceFile(7)
08:35:45.504 INFO: JdwpDebugServer: handling req: Method(6).LineTable(1)
08:35:45.505 INFO: JdwpDebugServer: handling req: ReferenceType(2).SourceFile(7)
08:35:45.508 INFO: JdwpDebugServer: handling req: Method(6).LineTable(1)
08:35:45.508 INFO: JdwpDebugServer: handling req: ReferenceType(2).SourceFile(7)
08:35:47.744 INFO: JdwpDebugServer: handling req: ThreadReference(11).Status(4)
08:35:47.745 INFO: JdwpDebugServer: handling req: ThreadReference(11).FramesCount(7)
08:35:47.745 INFO: JdwpDebugServer: handling req: ThreadReference(11).Frames(6)
08:35:47.766 INFO: JdwpDebugServer: handling req: ReferenceType(2).ClassLoader(2)
08:35:47.766 INFO: JdwpDebugServer: handling req: StackFrame(16).GetValues(1)
08:35:47.769 INFO: JdwpDebugServer: handling req: ObjectReference(9).InvokeMethod(6)
08:35:53.269 INFO: JdwpDebugServer: handling req: ThreadReference(11).Resume(3)
08:35:53.270 INFO: JdwpEventCenterDelegate: THREAD_RESUMED: thread (33, main, main)
08:35:53.288 INFO: JdwpEventCenterDelegate: THREAD_STARTED: thread (313, Thread-7, main)
08:35:58.409 INFO: JdwpEventCenterDelegate: THREAD_RESUMED: thread (33, main, main)
08:35:58.447 INFO: JdwpEventCenterDelegate: THREAD_RESUMED: thread (33, main, main)
08:35:58.475 INFO: JdwpEventCenterDelegate: THREAD_RESUMED: thread (33, main, main)
08:35:58.496 INFO: JdwpEventCenterDelegate: THREAD_RESUMED: thread (33, main, main)
08:35:58.535 INFO: JdwpEventCenterDelegate: THREAD_RESUMED: thread (33, main, main)
08:35:58.568 INFO: JdwpEventCenterDelegate: THREAD_RESUMED: thread (33, main, main)
08:35:58.584 INFO: JdwpEventCenterDelegate: THREAD_RESUMED: thread (33, main, main)
08:35:58.599 INFO: JdwpEventCenterDelegate: THREAD_RESUMED: thread (33, main, main)
08:35:58.605 INFO: JdwpEventCenterDelegate: THREAD_RESUMED: thread (33, main, main)
08:35:58.618 INFO: JdwpEventCenterDelegate: THREAD_RESUMED: thread (33, main, main)
08:35:58.649 INFO: JdwpEventCenterDelegate: THREAD_RESUMED: thread (33, main, main)
08:35:58.662 INFO: JdwpEventCenterDelegate: THREAD_RESUMED: thread (33, main, main)
08:35:58.674 INFO: JdwpEventCenterDelegate: THREAD_RESUMED: thread (33, main, main)
08:35:58.686 INFO: JdwpEventCenterDelegate: THREAD_RESUMED: thread (33, main, main)
08:35:58.721 INFO: JdwpEventCenterDelegate: THREAD_RESUMED: thread (33, main, main)
08:35:58.754 INFO: JdwpEventCenterDelegate: THREAD_RESUMED: thread (33, main, main)
08:35:58.770 INFO: JdwpEventCenterDelegate: THREAD_RESUMED: thread (33, main, main)
08:35:58.784 INFO: JdwpEventCenterDelegate: THREAD_RESUMED: thread (33, main, main)
08:35:58.790 INFO: JdwpEventCenterDelegate: THREAD_RESUMED: thread (33, main, main)
08:35:58.803 INFO: JdwpEventCenterDelegate: THREAD_RESUMED: thread (33, main, main)
08:36:00.857 INFO: JdwpDebugServer: handling req: ThreadReference(11).Status(4)
08:36:00.857 INFO: JdwpDebugServer: handling req: ThreadReference(11).FramesCount(7)
08:36:00.858 INFO: JdwpDebugServer: handling req: ThreadReference(11).Name(1)
08:36:00.859 INFO: JdwpDebugServer: handling req: ThreadReference(11).Frames(6)
08:36:00.865 INFO: JdwpDebugServer: handling req: ObjectReference(9).IsCollected(9)
08:36:00.866 INFO: JdwpDebugServer: handling req: StackFrame(16).ThisObject(3)
08:36:00.868 INFO: JdwpDebugServer: handling req: ThreadReference(11).Frames(6)
08:36:00.923 INFO: JdwpDebugServer: handling req: StackFrame(16).GetValues(1)
08:36:00.927 INFO: JdwpDebugServer: handling req: ObjectReference(9).ReferenceType(1)
08:36:00.927 INFO: JdwpDebugServer: handling req: ObjectReference(9).ReferenceType(1)
08:36:00.927 INFO: JdwpDebugServer: handling req: ObjectReference(9).GetValues(2)
08:36:00.948 INFO: JdwpDebugServer: handling req: ObjectReference(9).InvokeMethod(6)
08:36:00.950 INFO: JdwpDebugServer: handling req: StringReference(10).Value(1)
08:36:00.954 INFO: JdwpDebugServer: handling req: ObjectReference(9).InvokeMethod(6)
08:36:00.955 INFO: JdwpDebugServer: handling req: StringReference(10).Value(1)
08:36:00.959 INFO: JdwpDebugServer: handling req: ObjectReference(9).InvokeMethod(6)
08:36:00.960 INFO: JdwpDebugServer: handling req: StringReference(10).Value(1)
08:36:00.973 INFO: JdwpDebugServer: handling req: ObjectReference(9).InvokeMethod(6)
08:36:00.975 INFO: JdwpDebugServer: handling req: StringReference(10).Value(1)
08:36:00.978 INFO: JdwpDebugServer: handling req: ObjectReference(9).InvokeMethod(6)
08:36:00.979 INFO: JdwpDebugServer: handling req: StringReference(10).Value(1)
08:36:00.983 INFO: JdwpDebugServer: handling req: ObjectReference(9).InvokeMethod(6)
08:36:00.984 INFO: JdwpDebugServer: handling req: StringReference(10).Value(1)
08:36:00.988 INFO: JdwpDebugServer: handling req: ObjectReference(9).InvokeMethod(6)
08:36:00.990 INFO: JdwpDebugServer: handling req: StringReference(10).Value(1)
08:36:00.994 INFO: JdwpDebugServer: handling req: ObjectReference(9).InvokeMethod(6)
08:36:00.995 INFO: JdwpDebugServer: handling req: StringReference(10).Value(1)
08:36:01.000 INFO: JdwpDebugServer: handling req: ObjectReference(9).InvokeMethod(6)
08:36:01.001 INFO: JdwpDebugServer: handling req: StringReference(10).Value(1)
08:36:01.005 INFO: JdwpDebugServer: handling req: ObjectReference(9).InvokeMethod(6)
08:36:01.006 INFO: JdwpDebugServer: handling req: StringReference(10).Value(1)
08:36:01.010 INFO: JdwpDebugServer: handling req: ObjectReference(9).InvokeMethod(6)
08:36:01.012 INFO: JdwpDebugServer: handling req: StringReference(10).Value(1)
08:36:01.016 INFO: JdwpDebugServer: handling req: ObjectReference(9).InvokeMethod(6)
08:36:01.017 INFO: JdwpDebugServer: handling req: StringReference(10).Value(1)
08:36:05.800 INFO: JdwpDebugServer: handling req: ThreadReference(11).Status(4)
08:36:05.801 INFO: JdwpDebugServer: handling req: ThreadReference(11).FramesCount(7)
08:36:05.801 INFO: JdwpDebugServer: handling req: ThreadReference(11).Frames(6)
08:36:05.803 INFO: JdwpDebugServer: handling req: StackFrame(16).GetValues(1)
08:36:05.807 INFO: JdwpDebugServer: handling req: ObjectReference(9).InvokeMethod(6)
08:36:09.616 INFO: JdwpDebugServer: handling req: EventRequest(15).Clear(2)
08:36:09.638 INFO: JdwpDebugServer: handling req: EventRequest(15).Clear(2)
08:36:09.639 INFO: JdwpDebugServer: handling req: EventRequest(15).Clear(2)
08:36:09.640 INFO: JdwpDebugServer: handling req: EventRequest(15).Clear(2)
08:36:09.641 INFO: JdwpDebugServer: handling req: EventRequest(15).Clear(2)
08:36:09.641 INFO: JdwpDebugServer: handling req: EventRequest(15).Clear(2)
08:36:09.649 INFO: JdwpDebugServer: handling req: EventRequest(15).Set(1)
08:36:09.649 INFO: JdwpEventCenterDelegate: jdwpSetEventRequest: JdwpEventRequest{requestId=112, eventKind=CLASS_PREPARE, suspendPolicy=EVENT_THREAD, predicates=[className=com.oldcaledonia.babymozartspacetrip.ios.ServicesApi$setupNowPlaying$nowPlayingInfo$1]}
08:36:09.650 INFO: JdwpDebugServer: handling req: EventRequest(15).Set(1)
08:36:09.650 INFO: JdwpEventCenterDelegate: jdwpSetEventRequest: JdwpEventRequest{requestId=113, eventKind=CLASS_PREPARE, suspendPolicy=EVENT_THREAD, predicates=[className=com.oldcaledonia.babymozartspacetrip.ios.ServicesApi$setupNowPlaying$nowPlayingInfo$1$*]}
08:36:09.652 INFO: JdwpDebugServer: handling req: EventRequest(15).Set(1)
08:36:09.652 INFO: JdwpEventCenterDelegate: jdwpSetEventRequest: JdwpEventRequest{requestId=114, eventKind=CLASS_PREPARE, suspendPolicy=EVENT_THREAD, predicates=[className=com.oldcaledonia.babymozartspacetrip.ios.ServicesApi]}
08:36:09.654 INFO: JdwpDebugServer: handling req: EventRequest(15).Set(1)
08:36:09.654 INFO: JdwpEventCenterDelegate: jdwpSetEventRequest: JdwpEventRequest{requestId=115, eventKind=CLASS_PREPARE, suspendPolicy=EVENT_THREAD, predicates=[className=com.oldcaledonia.babymozartspacetrip.ios.ServicesApi$*]}
08:36:09.666 INFO: JdwpDebugServer: handling req: EventRequest(15).Set(1)
08:36:09.666 INFO: JdwpEventCenterDelegate: jdwpSetEventRequest: JdwpEventRequest{requestId=116, eventKind=CLASS_PREPARE, suspendPolicy=EVENT_THREAD, predicates=[className=com.oldcaledonia.babymozartspacetrip.ios.ComposableSingletons$ServicesKt$*]}
08:36:15.999 INFO: JdwpEventCenterDelegate: THREAD_DETTACHED: thread (313, Thread-7, main)
08:36:16.410 INFO: JdwpDebugServer: handling req: ThreadReference(11).Status(4)
08:36:16.411 INFO: JdwpDebugServer: handling req: ThreadReference(11).FramesCount(7)
08:36:16.411 INFO: JdwpDebugServer: handling req: ThreadReference(11).Frames(6)
08:36:16.426 INFO: JdwpDebugServer: handling req: StackFrame(16).GetValues(1)
08:36:16.429 INFO: JdwpDebugServer: handling req: ObjectReference(9).InvokeMethod(6)
08:36:21.292 INFO: JdwpDebugServer: handling req: ThreadReference(11).Resume(3)
08:36:21.294 INFO: JdwpEventCenterDelegate: THREAD_RESUMED: thread (33, main, main)
08:36:21.307 INFO: JdwpEventCenterDelegate: THREAD_STARTED: thread (458, Thread-8, main)
08:36:27.113 INFO: JdwpDebugServer: handling req: EventRequest(15).Clear(2)
08:36:27.115 INFO: JdwpDebugServer: handling req: EventRequest(15).Clear(2)
08:36:27.126 INFO: JdwpDebugServer: handling req: EventRequest(15).Clear(2)
08:36:27.127 INFO: JdwpDebugServer: handling req: EventRequest(15).Clear(2)
08:36:27.127 INFO: JdwpDebugServer: handling req: EventRequest(15).Clear(2)
08:36:29.078 INFO: JdwpDebugServer: handling req: VirtualMachine(1).Exit(10)
08:36:29.078 SEVERE: Debugger: Thread JDWP server socket thread crashed
org.robovm.debugger.DebuggerException: Terminating due exit command
	at org.robovm.debugger.jdwp.JdwpDebugServer.doSocketWork(JdwpDebugServer.java:211)
	at java.base/java.lang.Thread.run(Thread.java:834)
	at org.robovm.debugger.utils.DebuggerThread.run(DebuggerThread.java:42)
08:36:29.584 SEVERE: Debugger: Thread HooksChannel socket thread crashed
org.robovm.debugger.DebuggerException: java.io.IOException: org.robovm.libimobiledevice.LibIMobileDeviceException: IDEVICE_E_UNKNOWN_ERROR
	at org.robovm.debugger.hooks.HooksChannel.doSocketWork(HooksChannel.java:149)
	at java.base/java.lang.Thread.run(Thread.java:834)
	at org.robovm.debugger.utils.DebuggerThread.run(DebuggerThread.java:42)
Caused by: java.io.IOException: org.robovm.libimobiledevice.LibIMobileDeviceException: IDEVICE_E_UNKNOWN_ERROR
	at org.robovm.libimobiledevice.IDeviceConnection$DeviceInputStream.read(IDeviceConnection.java:203)
	at org.robovm.debugger.utils.bytebuffer.DataBufferWriter.writeFromStream(DataBufferWriter.java:89)
	at org.robovm.debugger.hooks.HooksChannel.doSocketWork(HooksChannel.java:116)
	... 2 more
Caused by: org.robovm.libimobiledevice.LibIMobileDeviceException: IDEVICE_E_UNKNOWN_ERROR
	at org.robovm.libimobiledevice.IDevice.checkResult(IDevice.java:206)
	at org.robovm.libimobiledevice.IDeviceConnection.receive(IDeviceConnection.java:110)
	at org.robovm.libimobiledevice.IDeviceConnection.receive(IDeviceConnection.java:81)
	at org.robovm.libimobiledevice.IDeviceConnection$DeviceInputStream.read(IDeviceConnection.java:201)
	... 4 more
