23:05:38.219 INFO: JdwpDebugServer: handling req: VirtualMachine(1).IDSizes(7)
23:05:38.220 INFO: JdwpDebugServer: handling req: EventRequest(15).Set(1)
23:05:38.220 INFO: JdwpEventCenterDelegate: jdwpSetEventRequest: JdwpEventRequest{requestId=100, eventKind=CLASS_PREPARE, suspendPolicy=NONE, predicates=[]}
23:05:38.220 INFO: JdwpDebugServer: handling req: EventRequest(15).Set(1)
23:05:38.220 INFO: JdwpEventCenterDelegate: jdwpSetEventRequest: JdwpEventRequest{requestId=101, eventKind=CLASS_UNLOAD, suspendPolicy=NONE, predicates=[]}
23:05:38.239 INFO: JdwpDebugServer: handling req: VirtualMachine(1).Version(1)
23:05:38.239 INFO: JdwpDebugServer: handling req: VirtualMachine(1).capabilitiesNew(17)
23:05:38.240 INFO: JdwpDebugServer: handling req: VirtualMachine(1).capabilities(12)
23:05:38.240 INFO: JdwpDebugServer: handling req: VirtualMachine(1).AllClassesWithGeneric(20)
23:05:38.244 INFO: JdwpDebugServer: handling req: VirtualMachine(1).TopLevelThreadGroups(5)
23:05:38.244 INFO: JdwpDebugServer: handling req: EventRequest(15).Set(1)
23:05:38.244 INFO: JdwpEventCenterDelegate: jdwpSetEventRequest: JdwpEventRequest{requestId=102, eventKind=THREAD_START, suspendPolicy=NONE, predicates=[]}
23:05:38.244 INFO: JdwpDebugServer: handling req: EventRequest(15).Set(1)
23:05:38.244 INFO: JdwpEventCenterDelegate: jdwpSetEventRequest: JdwpEventRequest{requestId=103, eventKind=THREAD_DEATH, suspendPolicy=NONE, predicates=[]}
23:05:38.246 INFO: JdwpDebugServer: handling req: EventRequest(15).Set(1)
23:05:38.246 INFO: JdwpEventCenterDelegate: jdwpSetEventRequest: JdwpEventRequest{requestId=104, eventKind=CLASS_PREPARE, suspendPolicy=EVENT_THREAD, predicates=[className=sun.instrument.InstrumentationImpl]}
23:05:38.247 INFO: JdwpDebugServer: handling req: EventRequest(15).Set(1)
23:05:38.247 INFO: JdwpEventCenterDelegate: jdwpSetEventRequest: JdwpEventRequest{requestId=105, eventKind=CLASS_PREPARE, suspendPolicy=EVENT_THREAD, predicates=[className=sun.instrument.InstrumentationImpl]}
23:05:38.839 INFO: JdwpDebugServer: handling req: VirtualMachine(1).Resume(9)
23:05:38.888 INFO: JdwpEventCenterDelegate: THREAD_STARTED: thread (33, main, main)
23:05:38.911 INFO: JdwpEventCenterDelegate: THREAD_STARTED: thread (48, ReferenceQueueDaemon, main)
23:05:38.917 INFO: JdwpEventCenterDelegate: THREAD_STARTED: thread (63, FinalizerDaemon, main)
23:05:38.924 INFO: JdwpEventCenterDelegate: THREAD_STARTED: thread (78, FinalizerWatchdogDaemon, main)
23:05:38.927 INFO: JdwpEventCenterDelegate: THREAD_RESUMED: thread (33, main, main)
23:05:38.928 INFO: JdwpEventCenterDelegate: THREAD_RESUMED: thread (33, main, main)
23:05:38.930 INFO: JdwpEventCenterDelegate: THREAD_RESUMED: thread (33, main, main)
23:05:38.931 INFO: JdwpEventCenterDelegate: THREAD_RESUMED: thread (33, main, main)
23:05:38.932 INFO: JdwpEventCenterDelegate: THREAD_RESUMED: thread (33, main, main)
23:05:38.933 INFO: JdwpEventCenterDelegate: THREAD_RESUMED: thread (33, main, main)
23:05:38.935 INFO: JdwpEventCenterDelegate: THREAD_RESUMED: thread (33, main, main)
23:05:38.936 INFO: JdwpEventCenterDelegate: THREAD_RESUMED: thread (33, main, main)
23:05:38.937 INFO: JdwpEventCenterDelegate: THREAD_RESUMED: thread (33, main, main)
23:05:38.939 INFO: JdwpEventCenterDelegate: THREAD_RESUMED: thread (33, main, main)
23:05:38.940 INFO: JdwpEventCenterDelegate: THREAD_RESUMED: thread (33, main, main)
23:05:38.941 INFO: JdwpEventCenterDelegate: THREAD_RESUMED: thread (33, main, main)
23:05:38.943 INFO: JdwpEventCenterDelegate: THREAD_RESUMED: thread (33, main, main)
23:05:38.944 INFO: JdwpEventCenterDelegate: THREAD_RESUMED: thread (33, main, main)
23:05:38.945 INFO: JdwpEventCenterDelegate: THREAD_RESUMED: thread (33, main, main)
23:05:38.947 INFO: JdwpEventCenterDelegate: THREAD_RESUMED: thread (33, main, main)
23:05:38.948 INFO: JdwpEventCenterDelegate: THREAD_RESUMED: thread (33, main, main)
23:05:38.949 INFO: JdwpEventCenterDelegate: THREAD_RESUMED: thread (33, main, main)
23:05:38.953 INFO: JdwpEventCenterDelegate: THREAD_RESUMED: thread (33, main, main)
23:05:38.954 INFO: JdwpEventCenterDelegate: THREAD_RESUMED: thread (33, main, main)
23:05:38.956 INFO: JdwpEventCenterDelegate: THREAD_RESUMED: thread (33, main, main)
23:05:38.957 INFO: JdwpEventCenterDelegate: THREAD_RESUMED: thread (33, main, main)
23:05:38.958 INFO: JdwpEventCenterDelegate: THREAD_RESUMED: thread (33, main, main)
23:05:38.960 INFO: JdwpEventCenterDelegate: THREAD_RESUMED: thread (33, main, main)
23:05:38.961 INFO: JdwpEventCenterDelegate: THREAD_RESUMED: thread (33, main, main)
23:05:38.992 INFO: JdwpEventCenterDelegate: THREAD_RESUMED: thread (33, main, main)
23:05:38.994 INFO: JdwpEventCenterDelegate: THREAD_RESUMED: thread (33, main, main)
23:05:38.996 INFO: JdwpEventCenterDelegate: THREAD_RESUMED: thread (33, main, main)
23:05:38.998 INFO: JdwpEventCenterDelegate: THREAD_RESUMED: thread (33, main, main)
23:05:39.000 INFO: JdwpEventCenterDelegate: THREAD_RESUMED: thread (33, main, main)
23:05:39.001 INFO: JdwpEventCenterDelegate: THREAD_RESUMED: thread (33, main, main)
23:05:39.003 INFO: JdwpEventCenterDelegate: THREAD_RESUMED: thread (33, main, main)
23:05:39.005 INFO: JdwpEventCenterDelegate: THREAD_RESUMED: thread (33, main, main)
23:05:39.007 INFO: JdwpEventCenterDelegate: THREAD_RESUMED: thread (33, main, main)
23:05:39.008 INFO: JdwpEventCenterDelegate: THREAD_RESUMED: thread (33, main, main)
23:05:39.010 INFO: JdwpEventCenterDelegate: THREAD_RESUMED: thread (33, main, main)
23:05:39.011 INFO: JdwpEventCenterDelegate: THREAD_RESUMED: thread (33, main, main)
23:05:39.013 INFO: JdwpEventCenterDelegate: THREAD_RESUMED: thread (33, main, main)
23:05:39.014 INFO: JdwpEventCenterDelegate: THREAD_RESUMED: thread (33, main, main)
23:05:39.030 INFO: JdwpEventCenterDelegate: THREAD_RESUMED: thread (33, main, main)
23:05:39.031 INFO: JdwpEventCenterDelegate: THREAD_RESUMED: thread (33, main, main)
23:05:39.032 INFO: JdwpEventCenterDelegate: THREAD_RESUMED: thread (33, main, main)
23:05:39.034 INFO: JdwpEventCenterDelegate: THREAD_RESUMED: thread (33, main, main)
23:05:39.035 INFO: JdwpEventCenterDelegate: THREAD_RESUMED: thread (33, main, main)
23:05:39.036 INFO: JdwpEventCenterDelegate: THREAD_RESUMED: thread (33, main, main)
23:05:39.038 INFO: JdwpEventCenterDelegate: THREAD_RESUMED: thread (33, main, main)
23:05:39.060 INFO: JdwpEventCenterDelegate: THREAD_RESUMED: thread (33, main, main)
23:05:39.062 INFO: JdwpEventCenterDelegate: THREAD_RESUMED: thread (33, main, main)
23:05:39.064 INFO: JdwpEventCenterDelegate: THREAD_RESUMED: thread (33, main, main)
23:05:39.065 INFO: JdwpEventCenterDelegate: THREAD_RESUMED: thread (33, main, main)
23:05:39.067 INFO: JdwpEventCenterDelegate: THREAD_RESUMED: thread (33, main, main)
23:05:39.068 INFO: JdwpEventCenterDelegate: THREAD_RESUMED: thread (33, main, main)
23:05:39.070 INFO: JdwpEventCenterDelegate: THREAD_RESUMED: thread (33, main, main)
23:05:39.098 INFO: JdwpEventCenterDelegate: THREAD_RESUMED: thread (33, main, main)
23:05:39.099 INFO: JdwpEventCenterDelegate: THREAD_RESUMED: thread (33, main, main)
23:05:39.101 INFO: JdwpEventCenterDelegate: THREAD_RESUMED: thread (33, main, main)
23:05:39.103 INFO: JdwpEventCenterDelegate: THREAD_RESUMED: thread (33, main, main)
23:05:39.105 INFO: JdwpEventCenterDelegate: THREAD_RESUMED: thread (33, main, main)
23:05:39.107 INFO: JdwpEventCenterDelegate: THREAD_RESUMED: thread (33, main, main)
23:05:39.108 INFO: JdwpEventCenterDelegate: THREAD_RESUMED: thread (33, main, main)
23:05:39.119 INFO: JdwpEventCenterDelegate: THREAD_RESUMED: thread (33, main, main)
23:05:39.121 INFO: JdwpEventCenterDelegate: THREAD_RESUMED: thread (33, main, main)
23:05:39.124 INFO: JdwpEventCenterDelegate: THREAD_RESUMED: thread (33, main, main)
23:05:39.125 INFO: JdwpEventCenterDelegate: THREAD_RESUMED: thread (33, main, main)
23:05:39.127 INFO: JdwpEventCenterDelegate: THREAD_RESUMED: thread (33, main, main)
23:05:39.128 INFO: JdwpEventCenterDelegate: THREAD_RESUMED: thread (33, main, main)
23:05:39.130 INFO: JdwpEventCenterDelegate: THREAD_RESUMED: thread (33, main, main)
23:05:39.139 INFO: JdwpEventCenterDelegate: THREAD_RESUMED: thread (33, main, main)
23:05:39.141 INFO: JdwpEventCenterDelegate: THREAD_RESUMED: thread (33, main, main)
23:05:39.142 INFO: JdwpEventCenterDelegate: THREAD_RESUMED: thread (33, main, main)
23:05:39.144 INFO: JdwpEventCenterDelegate: THREAD_RESUMED: thread (33, main, main)
23:05:39.146 INFO: JdwpEventCenterDelegate: THREAD_RESUMED: thread (33, main, main)
23:05:39.147 INFO: JdwpEventCenterDelegate: THREAD_RESUMED: thread (33, main, main)
23:05:39.149 INFO: JdwpEventCenterDelegate: THREAD_RESUMED: thread (33, main, main)
23:05:39.150 INFO: JdwpEventCenterDelegate: THREAD_RESUMED: thread (33, main, main)
23:05:39.152 INFO: JdwpEventCenterDelegate: THREAD_RESUMED: thread (33, main, main)
23:05:39.154 INFO: JdwpEventCenterDelegate: THREAD_RESUMED: thread (33, main, main)
23:05:39.155 INFO: JdwpEventCenterDelegate: THREAD_RESUMED: thread (33, main, main)
23:05:39.157 INFO: JdwpEventCenterDelegate: THREAD_RESUMED: thread (33, main, main)
23:05:39.159 INFO: JdwpEventCenterDelegate: THREAD_RESUMED: thread (33, main, main)
23:05:39.161 INFO: JdwpEventCenterDelegate: THREAD_RESUMED: thread (33, main, main)
23:05:39.163 INFO: JdwpEventCenterDelegate: THREAD_RESUMED: thread (33, main, main)
23:05:39.164 INFO: JdwpEventCenterDelegate: THREAD_RESUMED: thread (33, main, main)
23:05:39.166 INFO: JdwpEventCenterDelegate: THREAD_RESUMED: thread (33, main, main)
23:05:39.167 INFO: JdwpEventCenterDelegate: THREAD_RESUMED: thread (33, main, main)
23:05:39.171 INFO: JdwpEventCenterDelegate: THREAD_RESUMED: thread (33, main, main)
23:05:39.172 INFO: JdwpEventCenterDelegate: THREAD_RESUMED: thread (33, main, main)
23:05:39.305 INFO: JdwpEventCenterDelegate: THREAD_STARTED: thread (93, AssetManager, main)
23:05:39.406 INFO: JdwpEventCenterDelegate: THREAD_RESUMED: thread (33, main, main)
23:05:39.408 INFO: JdwpEventCenterDelegate: THREAD_RESUMED: thread (33, main, main)
23:05:41.965 INFO: JdwpEventCenterDelegate: THREAD_RESUMED: thread (33, main, main)
23:05:42.069 INFO: JdwpEventCenterDelegate: THREAD_RESUMED: thread (33, main, main)
23:05:42.071 INFO: JdwpEventCenterDelegate: THREAD_RESUMED: thread (33, main, main)
23:05:42.073 INFO: JdwpEventCenterDelegate: THREAD_RESUMED: thread (33, main, main)
23:05:42.074 INFO: JdwpEventCenterDelegate: THREAD_RESUMED: thread (33, main, main)
23:05:42.076 INFO: JdwpEventCenterDelegate: THREAD_RESUMED: thread (33, main, main)
23:05:42.082 INFO: JdwpEventCenterDelegate: THREAD_RESUMED: thread (33, main, main)
23:05:42.094 INFO: JdwpEventCenterDelegate: THREAD_RESUMED: thread (33, main, main)
23:05:42.096 INFO: JdwpEventCenterDelegate: THREAD_RESUMED: thread (33, main, main)
23:05:42.098 INFO: JdwpEventCenterDelegate: THREAD_RESUMED: thread (33, main, main)
23:05:42.100 INFO: JdwpEventCenterDelegate: THREAD_RESUMED: thread (33, main, main)
23:05:42.102 INFO: JdwpEventCenterDelegate: THREAD_RESUMED: thread (33, main, main)
23:05:42.107 INFO: JdwpEventCenterDelegate: THREAD_RESUMED: thread (33, main, main)
23:05:42.121 INFO: JdwpEventCenterDelegate: THREAD_RESUMED: thread (33, main, main)
23:05:42.124 INFO: JdwpEventCenterDelegate: THREAD_RESUMED: thread (33, main, main)
23:05:42.126 INFO: JdwpEventCenterDelegate: THREAD_RESUMED: thread (33, main, main)
23:05:42.128 INFO: JdwpEventCenterDelegate: THREAD_RESUMED: thread (33, main, main)
23:05:42.130 INFO: JdwpEventCenterDelegate: THREAD_RESUMED: thread (33, main, main)
23:05:42.135 INFO: JdwpEventCenterDelegate: THREAD_RESUMED: thread (33, main, main)
23:05:42.154 INFO: JdwpEventCenterDelegate: THREAD_RESUMED: thread (33, main, main)
23:05:42.156 INFO: JdwpEventCenterDelegate: THREAD_RESUMED: thread (33, main, main)
23:05:42.158 INFO: JdwpEventCenterDelegate: THREAD_RESUMED: thread (33, main, main)
23:05:42.160 INFO: JdwpEventCenterDelegate: THREAD_RESUMED: thread (33, main, main)
23:05:42.162 INFO: JdwpEventCenterDelegate: THREAD_RESUMED: thread (33, main, main)
23:05:42.167 INFO: JdwpEventCenterDelegate: THREAD_RESUMED: thread (33, main, main)
23:05:42.183 INFO: JdwpEventCenterDelegate: THREAD_RESUMED: thread (33, main, main)
23:05:42.185 INFO: JdwpEventCenterDelegate: THREAD_RESUMED: thread (33, main, main)
23:05:42.187 INFO: JdwpEventCenterDelegate: THREAD_RESUMED: thread (33, main, main)
23:05:42.190 INFO: JdwpEventCenterDelegate: THREAD_RESUMED: thread (33, main, main)
23:05:42.192 INFO: JdwpEventCenterDelegate: THREAD_RESUMED: thread (33, main, main)
23:05:42.197 INFO: JdwpEventCenterDelegate: THREAD_RESUMED: thread (33, main, main)
23:05:42.212 INFO: JdwpEventCenterDelegate: THREAD_RESUMED: thread (33, main, main)
23:05:42.214 INFO: JdwpEventCenterDelegate: THREAD_RESUMED: thread (33, main, main)
23:05:42.217 INFO: JdwpEventCenterDelegate: THREAD_RESUMED: thread (33, main, main)
23:05:42.219 INFO: JdwpEventCenterDelegate: THREAD_RESUMED: thread (33, main, main)
23:05:42.221 INFO: JdwpEventCenterDelegate: THREAD_RESUMED: thread (33, main, main)
23:05:42.226 INFO: JdwpEventCenterDelegate: THREAD_RESUMED: thread (33, main, main)
23:05:42.245 INFO: JdwpEventCenterDelegate: THREAD_RESUMED: thread (33, main, main)
23:05:42.247 INFO: JdwpEventCenterDelegate: THREAD_RESUMED: thread (33, main, main)
23:05:42.249 INFO: JdwpEventCenterDelegate: THREAD_RESUMED: thread (33, main, main)
23:05:42.251 INFO: JdwpEventCenterDelegate: THREAD_RESUMED: thread (33, main, main)
23:05:42.254 INFO: JdwpEventCenterDelegate: THREAD_RESUMED: thread (33, main, main)
23:05:42.259 INFO: JdwpEventCenterDelegate: THREAD_RESUMED: thread (33, main, main)
23:05:42.278 INFO: JdwpEventCenterDelegate: THREAD_RESUMED: thread (33, main, main)
23:05:42.280 INFO: JdwpEventCenterDelegate: THREAD_RESUMED: thread (33, main, main)
23:05:42.282 INFO: JdwpEventCenterDelegate: THREAD_RESUMED: thread (33, main, main)
23:05:42.284 INFO: JdwpEventCenterDelegate: THREAD_RESUMED: thread (33, main, main)
23:05:42.286 INFO: JdwpEventCenterDelegate: THREAD_RESUMED: thread (33, main, main)
23:05:42.291 INFO: JdwpEventCenterDelegate: THREAD_RESUMED: thread (33, main, main)
23:05:42.310 INFO: JdwpEventCenterDelegate: THREAD_RESUMED: thread (33, main, main)
23:05:42.312 INFO: JdwpEventCenterDelegate: THREAD_RESUMED: thread (33, main, main)
23:05:42.314 INFO: JdwpEventCenterDelegate: THREAD_RESUMED: thread (33, main, main)
23:05:42.316 INFO: JdwpEventCenterDelegate: THREAD_RESUMED: thread (33, main, main)
23:05:42.318 INFO: JdwpEventCenterDelegate: THREAD_RESUMED: thread (33, main, main)
23:05:42.322 INFO: JdwpEventCenterDelegate: THREAD_RESUMED: thread (33, main, main)
23:05:42.340 INFO: JdwpEventCenterDelegate: THREAD_RESUMED: thread (33, main, main)
23:05:42.342 INFO: JdwpEventCenterDelegate: THREAD_RESUMED: thread (33, main, main)
23:05:42.344 INFO: JdwpEventCenterDelegate: THREAD_RESUMED: thread (33, main, main)
23:05:42.345 INFO: JdwpEventCenterDelegate: THREAD_RESUMED: thread (33, main, main)
23:05:42.347 INFO: JdwpEventCenterDelegate: THREAD_RESUMED: thread (33, main, main)
23:05:42.352 INFO: JdwpEventCenterDelegate: THREAD_RESUMED: thread (33, main, main)
23:05:42.367 INFO: JdwpEventCenterDelegate: THREAD_RESUMED: thread (33, main, main)
23:05:42.369 INFO: JdwpEventCenterDelegate: THREAD_RESUMED: thread (33, main, main)
23:05:42.372 INFO: JdwpEventCenterDelegate: THREAD_RESUMED: thread (33, main, main)
23:05:42.374 INFO: JdwpEventCenterDelegate: THREAD_RESUMED: thread (33, main, main)
23:05:42.376 INFO: JdwpEventCenterDelegate: THREAD_RESUMED: thread (33, main, main)
23:05:42.381 INFO: JdwpEventCenterDelegate: THREAD_RESUMED: thread (33, main, main)
23:05:42.400 INFO: JdwpEventCenterDelegate: THREAD_RESUMED: thread (33, main, main)
23:05:42.403 INFO: JdwpEventCenterDelegate: THREAD_RESUMED: thread (33, main, main)
23:05:42.405 INFO: JdwpEventCenterDelegate: THREAD_RESUMED: thread (33, main, main)
23:05:42.407 INFO: JdwpEventCenterDelegate: THREAD_RESUMED: thread (33, main, main)
23:05:42.409 INFO: JdwpEventCenterDelegate: THREAD_RESUMED: thread (33, main, main)
23:05:42.414 INFO: JdwpEventCenterDelegate: THREAD_RESUMED: thread (33, main, main)
23:05:42.436 INFO: JdwpEventCenterDelegate: THREAD_RESUMED: thread (33, main, main)
23:05:42.438 INFO: JdwpEventCenterDelegate: THREAD_RESUMED: thread (33, main, main)
23:05:42.441 INFO: JdwpEventCenterDelegate: THREAD_RESUMED: thread (33, main, main)
23:05:42.443 INFO: JdwpEventCenterDelegate: THREAD_RESUMED: thread (33, main, main)
23:05:42.445 INFO: JdwpEventCenterDelegate: THREAD_RESUMED: thread (33, main, main)
23:05:42.450 INFO: JdwpEventCenterDelegate: THREAD_RESUMED: thread (33, main, main)
23:05:42.469 INFO: JdwpEventCenterDelegate: THREAD_RESUMED: thread (33, main, main)
23:05:42.471 INFO: JdwpEventCenterDelegate: THREAD_RESUMED: thread (33, main, main)
23:05:42.473 INFO: JdwpEventCenterDelegate: THREAD_RESUMED: thread (33, main, main)
23:05:42.475 INFO: JdwpEventCenterDelegate: THREAD_RESUMED: thread (33, main, main)
23:05:42.477 INFO: JdwpEventCenterDelegate: THREAD_RESUMED: thread (33, main, main)
23:05:42.482 INFO: JdwpEventCenterDelegate: THREAD_RESUMED: thread (33, main, main)
23:05:42.495 INFO: JdwpEventCenterDelegate: THREAD_RESUMED: thread (33, main, main)
23:05:42.497 INFO: JdwpEventCenterDelegate: THREAD_RESUMED: thread (33, main, main)
23:05:42.499 INFO: JdwpEventCenterDelegate: THREAD_RESUMED: thread (33, main, main)
23:05:42.501 INFO: JdwpEventCenterDelegate: THREAD_RESUMED: thread (33, main, main)
23:05:42.503 INFO: JdwpEventCenterDelegate: THREAD_RESUMED: thread (33, main, main)
23:05:42.509 INFO: JdwpEventCenterDelegate: THREAD_RESUMED: thread (33, main, main)
23:05:42.511 INFO: JdwpEventCenterDelegate: THREAD_RESUMED: thread (33, main, main)
23:05:42.513 INFO: JdwpEventCenterDelegate: THREAD_RESUMED: thread (33, main, main)
23:05:42.516 INFO: JdwpEventCenterDelegate: THREAD_RESUMED: thread (33, main, main)
23:05:42.518 INFO: JdwpEventCenterDelegate: THREAD_RESUMED: thread (33, main, main)
23:05:42.520 INFO: JdwpEventCenterDelegate: THREAD_RESUMED: thread (33, main, main)
23:05:42.523 INFO: JdwpEventCenterDelegate: THREAD_RESUMED: thread (33, main, main)
23:05:42.527 INFO: JdwpEventCenterDelegate: THREAD_RESUMED: thread (33, main, main)
23:05:42.529 INFO: JdwpEventCenterDelegate: THREAD_RESUMED: thread (33, main, main)
23:05:42.531 INFO: JdwpEventCenterDelegate: THREAD_RESUMED: thread (33, main, main)
23:05:42.533 INFO: JdwpEventCenterDelegate: THREAD_RESUMED: thread (33, main, main)
23:05:42.544 INFO: JdwpEventCenterDelegate: THREAD_RESUMED: thread (33, main, main)
23:05:42.547 INFO: JdwpEventCenterDelegate: THREAD_RESUMED: thread (33, main, main)
23:05:42.549 INFO: JdwpEventCenterDelegate: THREAD_RESUMED: thread (33, main, main)
23:05:42.550 INFO: JdwpEventCenterDelegate: THREAD_RESUMED: thread (33, main, main)
23:05:42.552 INFO: JdwpEventCenterDelegate: THREAD_RESUMED: thread (33, main, main)
23:05:42.554 INFO: JdwpEventCenterDelegate: THREAD_RESUMED: thread (33, main, main)
23:05:42.555 INFO: JdwpEventCenterDelegate: THREAD_RESUMED: thread (33, main, main)
23:05:42.571 INFO: JdwpEventCenterDelegate: THREAD_RESUMED: thread (33, main, main)
23:05:42.574 INFO: JdwpEventCenterDelegate: THREAD_RESUMED: thread (33, main, main)
23:05:42.576 INFO: JdwpEventCenterDelegate: THREAD_RESUMED: thread (33, main, main)
23:05:42.577 INFO: JdwpEventCenterDelegate: THREAD_RESUMED: thread (33, main, main)
23:05:42.578 INFO: JdwpEventCenterDelegate: THREAD_RESUMED: thread (33, main, main)
23:05:42.584 INFO: JdwpEventCenterDelegate: THREAD_RESUMED: thread (33, main, main)
23:05:42.596 INFO: JdwpEventCenterDelegate: THREAD_RESUMED: thread (33, main, main)
23:05:42.609 INFO: JdwpEventCenterDelegate: THREAD_RESUMED: thread (33, main, main)
23:05:42.620 INFO: JdwpEventCenterDelegate: THREAD_RESUMED: thread (33, main, main)
23:05:42.634 INFO: JdwpEventCenterDelegate: THREAD_RESUMED: thread (33, main, main)
23:05:42.668 INFO: JdwpEventCenterDelegate: THREAD_RESUMED: thread (33, main, main)
23:05:42.670 INFO: JdwpEventCenterDelegate: THREAD_RESUMED: thread (33, main, main)
23:05:42.672 INFO: JdwpEventCenterDelegate: THREAD_RESUMED: thread (33, main, main)
23:05:42.674 INFO: JdwpEventCenterDelegate: THREAD_RESUMED: thread (33, main, main)
23:05:42.677 INFO: JdwpEventCenterDelegate: THREAD_RESUMED: thread (33, main, main)
23:05:42.682 INFO: JdwpEventCenterDelegate: THREAD_RESUMED: thread (33, main, main)
23:05:42.693 INFO: JdwpEventCenterDelegate: THREAD_RESUMED: thread (33, main, main)
23:05:42.696 INFO: JdwpEventCenterDelegate: THREAD_RESUMED: thread (33, main, main)
23:05:42.698 INFO: JdwpEventCenterDelegate: THREAD_RESUMED: thread (33, main, main)
23:05:42.700 INFO: JdwpEventCenterDelegate: THREAD_RESUMED: thread (33, main, main)
23:05:42.702 INFO: JdwpEventCenterDelegate: THREAD_RESUMED: thread (33, main, main)
23:05:42.707 INFO: JdwpEventCenterDelegate: THREAD_RESUMED: thread (33, main, main)
23:05:42.721 INFO: JdwpEventCenterDelegate: THREAD_RESUMED: thread (33, main, main)
23:05:42.723 INFO: JdwpEventCenterDelegate: THREAD_RESUMED: thread (33, main, main)
23:05:42.725 INFO: JdwpEventCenterDelegate: THREAD_RESUMED: thread (33, main, main)
23:05:42.727 INFO: JdwpEventCenterDelegate: THREAD_RESUMED: thread (33, main, main)
23:05:42.729 INFO: JdwpEventCenterDelegate: THREAD_RESUMED: thread (33, main, main)
23:05:42.734 INFO: JdwpEventCenterDelegate: THREAD_RESUMED: thread (33, main, main)
23:05:42.751 INFO: JdwpEventCenterDelegate: THREAD_RESUMED: thread (33, main, main)
23:05:42.753 INFO: JdwpEventCenterDelegate: THREAD_RESUMED: thread (33, main, main)
23:05:42.755 INFO: JdwpEventCenterDelegate: THREAD_RESUMED: thread (33, main, main)
23:05:42.758 INFO: JdwpEventCenterDelegate: THREAD_RESUMED: thread (33, main, main)
23:05:42.760 INFO: JdwpEventCenterDelegate: THREAD_RESUMED: thread (33, main, main)
23:05:42.765 INFO: JdwpEventCenterDelegate: THREAD_RESUMED: thread (33, main, main)
23:05:42.780 INFO: JdwpEventCenterDelegate: THREAD_RESUMED: thread (33, main, main)
23:05:42.782 INFO: JdwpEventCenterDelegate: THREAD_RESUMED: thread (33, main, main)
23:05:42.784 INFO: JdwpEventCenterDelegate: THREAD_RESUMED: thread (33, main, main)
23:05:42.787 INFO: JdwpEventCenterDelegate: THREAD_RESUMED: thread (33, main, main)
23:05:42.789 INFO: JdwpEventCenterDelegate: THREAD_RESUMED: thread (33, main, main)
23:05:42.794 INFO: JdwpEventCenterDelegate: THREAD_RESUMED: thread (33, main, main)
23:05:42.809 INFO: JdwpEventCenterDelegate: THREAD_RESUMED: thread (33, main, main)
23:05:42.811 INFO: JdwpEventCenterDelegate: THREAD_RESUMED: thread (33, main, main)
23:05:42.813 INFO: JdwpEventCenterDelegate: THREAD_RESUMED: thread (33, main, main)
23:05:42.815 INFO: JdwpEventCenterDelegate: THREAD_RESUMED: thread (33, main, main)
23:05:42.818 INFO: JdwpEventCenterDelegate: THREAD_RESUMED: thread (33, main, main)
23:05:42.822 INFO: JdwpEventCenterDelegate: THREAD_RESUMED: thread (33, main, main)
23:05:42.844 INFO: JdwpEventCenterDelegate: THREAD_RESUMED: thread (33, main, main)
23:05:42.846 INFO: JdwpEventCenterDelegate: THREAD_RESUMED: thread (33, main, main)
23:05:42.848 INFO: JdwpEventCenterDelegate: THREAD_RESUMED: thread (33, main, main)
23:05:42.850 INFO: JdwpEventCenterDelegate: THREAD_RESUMED: thread (33, main, main)
23:05:42.852 INFO: JdwpEventCenterDelegate: THREAD_RESUMED: thread (33, main, main)
23:05:42.857 INFO: JdwpEventCenterDelegate: THREAD_RESUMED: thread (33, main, main)
23:05:42.876 INFO: JdwpEventCenterDelegate: THREAD_RESUMED: thread (33, main, main)
23:05:42.878 INFO: JdwpEventCenterDelegate: THREAD_RESUMED: thread (33, main, main)
23:05:42.880 INFO: JdwpEventCenterDelegate: THREAD_RESUMED: thread (33, main, main)
23:05:42.882 INFO: JdwpEventCenterDelegate: THREAD_RESUMED: thread (33, main, main)
23:05:42.885 INFO: JdwpEventCenterDelegate: THREAD_RESUMED: thread (33, main, main)
23:05:42.890 INFO: JdwpEventCenterDelegate: THREAD_RESUMED: thread (33, main, main)
23:05:42.907 INFO: JdwpEventCenterDelegate: THREAD_RESUMED: thread (33, main, main)
23:05:42.909 INFO: JdwpEventCenterDelegate: THREAD_RESUMED: thread (33, main, main)
23:05:42.911 INFO: JdwpEventCenterDelegate: THREAD_RESUMED: thread (33, main, main)
23:05:42.913 INFO: JdwpEventCenterDelegate: THREAD_RESUMED: thread (33, main, main)
23:05:42.916 INFO: JdwpEventCenterDelegate: THREAD_RESUMED: thread (33, main, main)
23:05:42.920 INFO: JdwpEventCenterDelegate: THREAD_RESUMED: thread (33, main, main)
23:05:42.935 INFO: JdwpEventCenterDelegate: THREAD_RESUMED: thread (33, main, main)
23:05:42.937 INFO: JdwpEventCenterDelegate: THREAD_RESUMED: thread (33, main, main)
23:05:42.939 INFO: JdwpEventCenterDelegate: THREAD_RESUMED: thread (33, main, main)
23:05:42.942 INFO: JdwpEventCenterDelegate: THREAD_RESUMED: thread (33, main, main)
23:05:42.944 INFO: JdwpEventCenterDelegate: THREAD_RESUMED: thread (33, main, main)
23:05:42.949 INFO: JdwpEventCenterDelegate: THREAD_RESUMED: thread (33, main, main)
23:05:42.963 INFO: JdwpEventCenterDelegate: THREAD_RESUMED: thread (33, main, main)
23:05:42.966 INFO: JdwpEventCenterDelegate: THREAD_RESUMED: thread (33, main, main)
23:05:42.968 INFO: JdwpEventCenterDelegate: THREAD_RESUMED: thread (33, main, main)
23:05:42.970 INFO: JdwpEventCenterDelegate: THREAD_RESUMED: thread (33, main, main)
23:05:42.973 INFO: JdwpEventCenterDelegate: THREAD_RESUMED: thread (33, main, main)
23:05:42.977 INFO: JdwpEventCenterDelegate: THREAD_RESUMED: thread (33, main, main)
23:05:42.996 INFO: JdwpEventCenterDelegate: THREAD_RESUMED: thread (33, main, main)
23:05:42.998 INFO: JdwpEventCenterDelegate: THREAD_RESUMED: thread (33, main, main)
23:05:43.001 INFO: JdwpEventCenterDelegate: THREAD_RESUMED: thread (33, main, main)
23:05:43.003 INFO: JdwpEventCenterDelegate: THREAD_RESUMED: thread (33, main, main)
23:05:43.005 INFO: JdwpEventCenterDelegate: THREAD_RESUMED: thread (33, main, main)
23:05:43.010 INFO: JdwpEventCenterDelegate: THREAD_RESUMED: thread (33, main, main)
23:05:43.034 INFO: JdwpEventCenterDelegate: THREAD_RESUMED: thread (33, main, main)
23:05:43.036 INFO: JdwpEventCenterDelegate: THREAD_RESUMED: thread (33, main, main)
23:05:43.039 INFO: JdwpEventCenterDelegate: THREAD_RESUMED: thread (33, main, main)
23:05:43.041 INFO: JdwpEventCenterDelegate: THREAD_RESUMED: thread (33, main, main)
23:05:43.043 INFO: JdwpEventCenterDelegate: THREAD_RESUMED: thread (33, main, main)
23:05:43.048 INFO: JdwpEventCenterDelegate: THREAD_RESUMED: thread (33, main, main)
23:05:43.066 INFO: JdwpEventCenterDelegate: THREAD_RESUMED: thread (33, main, main)
23:05:43.068 INFO: JdwpEventCenterDelegate: THREAD_RESUMED: thread (33, main, main)
23:05:43.070 INFO: JdwpEventCenterDelegate: THREAD_RESUMED: thread (33, main, main)
23:05:43.072 INFO: JdwpEventCenterDelegate: THREAD_RESUMED: thread (33, main, main)
23:05:43.074 INFO: JdwpEventCenterDelegate: THREAD_RESUMED: thread (33, main, main)
23:05:43.079 INFO: JdwpEventCenterDelegate: THREAD_RESUMED: thread (33, main, main)
23:05:43.092 INFO: JdwpEventCenterDelegate: THREAD_RESUMED: thread (33, main, main)
23:05:43.094 INFO: JdwpEventCenterDelegate: THREAD_RESUMED: thread (33, main, main)
23:05:43.096 INFO: JdwpEventCenterDelegate: THREAD_RESUMED: thread (33, main, main)
23:05:43.098 INFO: JdwpEventCenterDelegate: THREAD_RESUMED: thread (33, main, main)
23:05:43.100 INFO: JdwpEventCenterDelegate: THREAD_RESUMED: thread (33, main, main)
23:05:57.559 INFO: JdwpEventCenterDelegate: THREAD_STARTED: thread (108, Thread-6, main)
23:06:05.814 INFO: JdwpEventCenterDelegate: THREAD_STARTED: thread (123, Thread-7, main)
23:06:14.674 INFO: JdwpEventCenterDelegate: THREAD_DETTACHED: thread (123, Thread-7, main)
23:07:12.608 INFO: JdwpDebugServer: handling req: VirtualMachine(1).Exit(10)
23:07:12.608 SEVERE: Debugger: Thread JDWP server socket thread crashed
org.robovm.debugger.DebuggerException: Terminating due exit command
	at org.robovm.debugger.jdwp.JdwpDebugServer.doSocketWork(JdwpDebugServer.java:211)
	at java.base/java.lang.Thread.run(Thread.java:834)
	at org.robovm.debugger.utils.DebuggerThread.run(DebuggerThread.java:42)
23:07:13.110 SEVERE: Debugger: Thread HooksChannel socket thread crashed
org.robovm.debugger.DebuggerException: java.io.IOException: org.robovm.libimobiledevice.LibIMobileDeviceException: IDEVICE_E_UNKNOWN_ERROR
	at org.robovm.debugger.hooks.HooksChannel.doSocketWork(HooksChannel.java:149)
	at java.base/java.lang.Thread.run(Thread.java:834)
	at org.robovm.debugger.utils.DebuggerThread.run(DebuggerThread.java:42)
Caused by: java.io.IOException: org.robovm.libimobiledevice.LibIMobileDeviceException: IDEVICE_E_UNKNOWN_ERROR
	at org.robovm.libimobiledevice.IDeviceConnection$DeviceInputStream.read(IDeviceConnection.java:203)
	at org.robovm.debugger.utils.bytebuffer.DataBufferWriter.writeFromStream(DataBufferWriter.java:89)
	at org.robovm.debugger.hooks.HooksChannel.doSocketWork(HooksChannel.java:116)
	... 2 more
Caused by: org.robovm.libimobiledevice.LibIMobileDeviceException: IDEVICE_E_UNKNOWN_ERROR
	at org.robovm.libimobiledevice.IDevice.checkResult(IDevice.java:206)
	at org.robovm.libimobiledevice.IDeviceConnection.receive(IDeviceConnection.java:110)
	at org.robovm.libimobiledevice.IDeviceConnection.receive(IDeviceConnection.java:81)
	at org.robovm.libimobiledevice.IDeviceConnection$DeviceInputStream.read(IDeviceConnection.java:201)
	... 4 more
