22:42:13.256 INFO: JdwpDebugServer: handling req: VirtualMachine(1).IDSizes(7)
22:42:13.256 INFO: JdwpDebugServer: handling req: EventRequest(15).Set(1)
22:42:13.256 INFO: JdwpEventCenterDelegate: jdwpSetEventRequest: JdwpEventRequest{requestId=100, eventKind=CLASS_PREPARE, suspendPolicy=NONE, predicates=[]}
22:42:13.257 INFO: JdwpDebugServer: handling req: EventRequest(15).Set(1)
22:42:13.257 INFO: JdwpEventCenterDelegate: jdwpSetEventRequest: JdwpEventRequest{requestId=101, eventKind=CLASS_UNLOAD, suspendPolicy=NONE, predicates=[]}
22:42:13.275 INFO: JdwpDebugServer: handling req: VirtualMachine(1).Version(1)
22:42:13.275 INFO: JdwpDebugServer: handling req: VirtualMachine(1).capabilitiesNew(17)
22:42:13.275 INFO: JdwpDebugServer: handling req: VirtualMachine(1).capabilities(12)
22:42:13.275 INFO: JdwpDebugServer: handling req: VirtualMachine(1).AllClassesWithGeneric(20)
22:42:13.278 INFO: JdwpDebugServer: handling req: VirtualMachine(1).TopLevelThreadGroups(5)
22:42:13.279 INFO: JdwpDebugServer: handling req: EventRequest(15).Set(1)
22:42:13.279 INFO: JdwpEventCenterDelegate: jdwpSetEventRequest: JdwpEventRequest{requestId=102, eventKind=THREAD_START, suspendPolicy=NONE, predicates=[]}
22:42:13.279 INFO: JdwpDebugServer: handling req: EventRequest(15).Set(1)
22:42:13.279 INFO: JdwpEventCenterDelegate: jdwpSetEventRequest: JdwpEventRequest{requestId=103, eventKind=THREAD_DEATH, suspendPolicy=NONE, predicates=[]}
22:42:13.280 INFO: JdwpDebugServer: handling req: EventRequest(15).Set(1)
22:42:13.280 INFO: JdwpEventCenterDelegate: jdwpSetEventRequest: JdwpEventRequest{requestId=104, eventKind=CLASS_PREPARE, suspendPolicy=EVENT_THREAD, predicates=[className=sun.instrument.InstrumentationImpl]}
22:42:13.280 INFO: JdwpDebugServer: handling req: EventRequest(15).Set(1)
22:42:13.280 INFO: JdwpEventCenterDelegate: jdwpSetEventRequest: JdwpEventRequest{requestId=105, eventKind=CLASS_PREPARE, suspendPolicy=EVENT_THREAD, predicates=[className=sun.instrument.InstrumentationImpl]}
22:42:13.876 INFO: JdwpDebugServer: handling req: VirtualMachine(1).Resume(9)
22:42:13.933 INFO: JdwpEventCenterDelegate: THREAD_STARTED: thread (33, main, main)
22:42:13.954 INFO: JdwpEventCenterDelegate: THREAD_STARTED: thread (48, ReferenceQueueDaemon, main)
22:42:13.962 INFO: JdwpEventCenterDelegate: THREAD_STARTED: thread (63, FinalizerDaemon, main)
22:42:13.969 INFO: JdwpEventCenterDelegate: THREAD_STARTED: thread (78, FinalizerWatchdogDaemon, main)
22:42:13.972 INFO: JdwpEventCenterDelegate: THREAD_RESUMED: thread (33, main, main)
22:42:13.974 INFO: JdwpEventCenterDelegate: THREAD_RESUMED: thread (33, main, main)
22:42:13.976 INFO: JdwpEventCenterDelegate: THREAD_RESUMED: thread (33, main, main)
22:42:13.977 INFO: JdwpEventCenterDelegate: THREAD_RESUMED: thread (33, main, main)
22:42:13.978 INFO: JdwpEventCenterDelegate: THREAD_RESUMED: thread (33, main, main)
22:42:13.980 INFO: JdwpEventCenterDelegate: THREAD_RESUMED: thread (33, main, main)
22:42:13.981 INFO: JdwpEventCenterDelegate: THREAD_RESUMED: thread (33, main, main)
22:42:13.982 INFO: JdwpEventCenterDelegate: THREAD_RESUMED: thread (33, main, main)
22:42:13.983 INFO: JdwpEventCenterDelegate: THREAD_RESUMED: thread (33, main, main)
22:42:14.016 INFO: JdwpEventCenterDelegate: THREAD_RESUMED: thread (33, main, main)
22:42:14.018 INFO: JdwpEventCenterDelegate: THREAD_RESUMED: thread (33, main, main)
22:42:14.020 INFO: JdwpEventCenterDelegate: THREAD_RESUMED: thread (33, main, main)
22:42:14.022 INFO: JdwpEventCenterDelegate: THREAD_RESUMED: thread (33, main, main)
22:42:14.024 INFO: JdwpEventCenterDelegate: THREAD_RESUMED: thread (33, main, main)
22:42:14.025 INFO: JdwpEventCenterDelegate: THREAD_RESUMED: thread (33, main, main)
22:42:14.027 INFO: JdwpEventCenterDelegate: THREAD_RESUMED: thread (33, main, main)
22:42:14.028 INFO: JdwpEventCenterDelegate: THREAD_RESUMED: thread (33, main, main)
22:42:14.029 INFO: JdwpEventCenterDelegate: THREAD_RESUMED: thread (33, main, main)
22:42:14.033 INFO: JdwpEventCenterDelegate: THREAD_RESUMED: thread (33, main, main)
22:42:14.034 INFO: JdwpEventCenterDelegate: THREAD_RESUMED: thread (33, main, main)
22:42:14.035 INFO: JdwpEventCenterDelegate: THREAD_RESUMED: thread (33, main, main)
22:42:14.036 INFO: JdwpEventCenterDelegate: THREAD_RESUMED: thread (33, main, main)
22:42:14.038 INFO: JdwpEventCenterDelegate: THREAD_RESUMED: thread (33, main, main)
22:42:14.040 INFO: JdwpEventCenterDelegate: THREAD_RESUMED: thread (33, main, main)
22:42:14.041 INFO: JdwpEventCenterDelegate: THREAD_RESUMED: thread (33, main, main)
22:42:14.074 INFO: JdwpEventCenterDelegate: THREAD_RESUMED: thread (33, main, main)
22:42:14.075 INFO: JdwpEventCenterDelegate: THREAD_RESUMED: thread (33, main, main)
22:42:14.077 INFO: JdwpEventCenterDelegate: THREAD_RESUMED: thread (33, main, main)
22:42:14.078 INFO: JdwpEventCenterDelegate: THREAD_RESUMED: thread (33, main, main)
22:42:14.079 INFO: JdwpEventCenterDelegate: THREAD_RESUMED: thread (33, main, main)
22:42:14.081 INFO: JdwpEventCenterDelegate: THREAD_RESUMED: thread (33, main, main)
22:42:14.082 INFO: JdwpEventCenterDelegate: THREAD_RESUMED: thread (33, main, main)
22:42:14.085 INFO: JdwpEventCenterDelegate: THREAD_RESUMED: thread (33, main, main)
22:42:14.086 INFO: JdwpEventCenterDelegate: THREAD_RESUMED: thread (33, main, main)
22:42:14.088 INFO: JdwpEventCenterDelegate: THREAD_RESUMED: thread (33, main, main)
22:42:14.089 INFO: JdwpEventCenterDelegate: THREAD_RESUMED: thread (33, main, main)
22:42:14.090 INFO: JdwpEventCenterDelegate: THREAD_RESUMED: thread (33, main, main)
22:42:14.091 INFO: JdwpEventCenterDelegate: THREAD_RESUMED: thread (33, main, main)
22:42:14.093 INFO: JdwpEventCenterDelegate: THREAD_RESUMED: thread (33, main, main)
22:42:14.108 INFO: JdwpEventCenterDelegate: THREAD_RESUMED: thread (33, main, main)
22:42:14.110 INFO: JdwpEventCenterDelegate: THREAD_RESUMED: thread (33, main, main)
22:42:14.111 INFO: JdwpEventCenterDelegate: THREAD_RESUMED: thread (33, main, main)
22:42:14.112 INFO: JdwpEventCenterDelegate: THREAD_RESUMED: thread (33, main, main)
22:42:14.113 INFO: JdwpEventCenterDelegate: THREAD_RESUMED: thread (33, main, main)
22:42:14.116 INFO: JdwpEventCenterDelegate: THREAD_RESUMED: thread (33, main, main)
22:42:14.117 INFO: JdwpEventCenterDelegate: THREAD_RESUMED: thread (33, main, main)
22:42:14.153 INFO: JdwpEventCenterDelegate: THREAD_RESUMED: thread (33, main, main)
22:42:14.155 INFO: JdwpEventCenterDelegate: THREAD_RESUMED: thread (33, main, main)
22:42:14.157 INFO: JdwpEventCenterDelegate: THREAD_RESUMED: thread (33, main, main)
22:42:14.159 INFO: JdwpEventCenterDelegate: THREAD_RESUMED: thread (33, main, main)
22:42:14.160 INFO: JdwpEventCenterDelegate: THREAD_RESUMED: thread (33, main, main)
22:42:14.161 INFO: JdwpEventCenterDelegate: THREAD_RESUMED: thread (33, main, main)
22:42:14.163 INFO: JdwpEventCenterDelegate: THREAD_RESUMED: thread (33, main, main)
22:42:14.177 INFO: JdwpEventCenterDelegate: THREAD_RESUMED: thread (33, main, main)
22:42:14.178 INFO: JdwpEventCenterDelegate: THREAD_RESUMED: thread (33, main, main)
22:42:14.180 INFO: JdwpEventCenterDelegate: THREAD_RESUMED: thread (33, main, main)
22:42:14.182 INFO: JdwpEventCenterDelegate: THREAD_RESUMED: thread (33, main, main)
22:42:14.184 INFO: JdwpEventCenterDelegate: THREAD_RESUMED: thread (33, main, main)
22:42:14.185 INFO: JdwpEventCenterDelegate: THREAD_RESUMED: thread (33, main, main)
22:42:14.186 INFO: JdwpEventCenterDelegate: THREAD_RESUMED: thread (33, main, main)
22:42:14.197 INFO: JdwpEventCenterDelegate: THREAD_RESUMED: thread (33, main, main)
22:42:14.198 INFO: JdwpEventCenterDelegate: THREAD_RESUMED: thread (33, main, main)
22:42:14.199 INFO: JdwpEventCenterDelegate: THREAD_RESUMED: thread (33, main, main)
22:42:14.201 INFO: JdwpEventCenterDelegate: THREAD_RESUMED: thread (33, main, main)
22:42:14.203 INFO: JdwpEventCenterDelegate: THREAD_RESUMED: thread (33, main, main)
22:42:14.204 INFO: JdwpEventCenterDelegate: THREAD_RESUMED: thread (33, main, main)
22:42:14.206 INFO: JdwpEventCenterDelegate: THREAD_RESUMED: thread (33, main, main)
22:42:14.208 INFO: JdwpEventCenterDelegate: THREAD_RESUMED: thread (33, main, main)
22:42:14.209 INFO: JdwpEventCenterDelegate: THREAD_RESUMED: thread (33, main, main)
22:42:14.211 INFO: JdwpEventCenterDelegate: THREAD_RESUMED: thread (33, main, main)
22:42:14.212 INFO: JdwpEventCenterDelegate: THREAD_RESUMED: thread (33, main, main)
22:42:14.213 INFO: JdwpEventCenterDelegate: THREAD_RESUMED: thread (33, main, main)
22:42:14.214 INFO: JdwpEventCenterDelegate: THREAD_RESUMED: thread (33, main, main)
22:42:14.216 INFO: JdwpEventCenterDelegate: THREAD_RESUMED: thread (33, main, main)
22:42:14.217 INFO: JdwpEventCenterDelegate: THREAD_RESUMED: thread (33, main, main)
22:42:14.219 INFO: JdwpEventCenterDelegate: THREAD_RESUMED: thread (33, main, main)
22:42:14.220 INFO: JdwpEventCenterDelegate: THREAD_RESUMED: thread (33, main, main)
22:42:14.221 INFO: JdwpEventCenterDelegate: THREAD_RESUMED: thread (33, main, main)
22:42:14.225 INFO: JdwpEventCenterDelegate: THREAD_RESUMED: thread (33, main, main)
22:42:14.227 INFO: JdwpEventCenterDelegate: THREAD_RESUMED: thread (33, main, main)
22:42:14.367 INFO: JdwpEventCenterDelegate: THREAD_STARTED: thread (93, AssetManager, main)
22:42:14.472 INFO: JdwpEventCenterDelegate: THREAD_RESUMED: thread (33, main, main)
22:42:14.484 INFO: JdwpEventCenterDelegate: THREAD_RESUMED: thread (33, main, main)
22:42:17.045 INFO: JdwpEventCenterDelegate: THREAD_RESUMED: thread (33, main, main)
22:42:17.144 INFO: JdwpEventCenterDelegate: THREAD_RESUMED: thread (33, main, main)
22:42:17.146 INFO: JdwpEventCenterDelegate: THREAD_RESUMED: thread (33, main, main)
22:42:17.148 INFO: JdwpEventCenterDelegate: THREAD_RESUMED: thread (33, main, main)
22:42:17.150 INFO: JdwpEventCenterDelegate: THREAD_RESUMED: thread (33, main, main)
22:42:17.152 INFO: JdwpEventCenterDelegate: THREAD_RESUMED: thread (33, main, main)
22:42:17.158 INFO: JdwpEventCenterDelegate: THREAD_RESUMED: thread (33, main, main)
22:42:17.170 INFO: JdwpEventCenterDelegate: THREAD_RESUMED: thread (33, main, main)
22:42:17.172 INFO: JdwpEventCenterDelegate: THREAD_RESUMED: thread (33, main, main)
22:42:17.174 INFO: JdwpEventCenterDelegate: THREAD_RESUMED: thread (33, main, main)
22:42:17.177 INFO: JdwpEventCenterDelegate: THREAD_RESUMED: thread (33, main, main)
22:42:17.178 INFO: JdwpEventCenterDelegate: THREAD_RESUMED: thread (33, main, main)
22:42:17.183 INFO: JdwpEventCenterDelegate: THREAD_RESUMED: thread (33, main, main)
22:42:17.198 INFO: JdwpEventCenterDelegate: THREAD_RESUMED: thread (33, main, main)
22:42:17.200 INFO: JdwpEventCenterDelegate: THREAD_RESUMED: thread (33, main, main)
22:42:17.202 INFO: JdwpEventCenterDelegate: THREAD_RESUMED: thread (33, main, main)
22:42:17.204 INFO: JdwpEventCenterDelegate: THREAD_RESUMED: thread (33, main, main)
22:42:17.207 INFO: JdwpEventCenterDelegate: THREAD_RESUMED: thread (33, main, main)
22:42:17.212 INFO: JdwpEventCenterDelegate: THREAD_RESUMED: thread (33, main, main)
22:42:17.230 INFO: JdwpEventCenterDelegate: THREAD_RESUMED: thread (33, main, main)
22:42:17.232 INFO: JdwpEventCenterDelegate: THREAD_RESUMED: thread (33, main, main)
22:42:17.234 INFO: JdwpEventCenterDelegate: THREAD_RESUMED: thread (33, main, main)
22:42:17.236 INFO: JdwpEventCenterDelegate: THREAD_RESUMED: thread (33, main, main)
22:42:17.238 INFO: JdwpEventCenterDelegate: THREAD_RESUMED: thread (33, main, main)
22:42:17.243 INFO: JdwpEventCenterDelegate: THREAD_RESUMED: thread (33, main, main)
22:42:17.258 INFO: JdwpEventCenterDelegate: THREAD_RESUMED: thread (33, main, main)
22:42:17.260 INFO: JdwpEventCenterDelegate: THREAD_RESUMED: thread (33, main, main)
22:42:17.263 INFO: JdwpEventCenterDelegate: THREAD_RESUMED: thread (33, main, main)
22:42:17.265 INFO: JdwpEventCenterDelegate: THREAD_RESUMED: thread (33, main, main)
22:42:17.267 INFO: JdwpEventCenterDelegate: THREAD_RESUMED: thread (33, main, main)
22:42:17.272 INFO: JdwpEventCenterDelegate: THREAD_RESUMED: thread (33, main, main)
22:42:17.287 INFO: JdwpEventCenterDelegate: THREAD_RESUMED: thread (33, main, main)
22:42:17.289 INFO: JdwpEventCenterDelegate: THREAD_RESUMED: thread (33, main, main)
22:42:17.292 INFO: JdwpEventCenterDelegate: THREAD_RESUMED: thread (33, main, main)
22:42:17.294 INFO: JdwpEventCenterDelegate: THREAD_RESUMED: thread (33, main, main)
22:42:17.296 INFO: JdwpEventCenterDelegate: THREAD_RESUMED: thread (33, main, main)
22:42:17.301 INFO: JdwpEventCenterDelegate: THREAD_RESUMED: thread (33, main, main)
22:42:17.323 INFO: JdwpEventCenterDelegate: THREAD_RESUMED: thread (33, main, main)
22:42:17.325 INFO: JdwpEventCenterDelegate: THREAD_RESUMED: thread (33, main, main)
22:42:17.327 INFO: JdwpEventCenterDelegate: THREAD_RESUMED: thread (33, main, main)
22:42:17.330 INFO: JdwpEventCenterDelegate: THREAD_RESUMED: thread (33, main, main)
22:42:17.332 INFO: JdwpEventCenterDelegate: THREAD_RESUMED: thread (33, main, main)
22:42:17.337 INFO: JdwpEventCenterDelegate: THREAD_RESUMED: thread (33, main, main)
22:42:17.355 INFO: JdwpEventCenterDelegate: THREAD_RESUMED: thread (33, main, main)
22:42:17.357 INFO: JdwpEventCenterDelegate: THREAD_RESUMED: thread (33, main, main)
22:42:17.359 INFO: JdwpEventCenterDelegate: THREAD_RESUMED: thread (33, main, main)
22:42:17.361 INFO: JdwpEventCenterDelegate: THREAD_RESUMED: thread (33, main, main)
22:42:17.364 INFO: JdwpEventCenterDelegate: THREAD_RESUMED: thread (33, main, main)
22:42:17.369 INFO: JdwpEventCenterDelegate: THREAD_RESUMED: thread (33, main, main)
22:42:17.387 INFO: JdwpEventCenterDelegate: THREAD_RESUMED: thread (33, main, main)
22:42:17.389 INFO: JdwpEventCenterDelegate: THREAD_RESUMED: thread (33, main, main)
22:42:17.391 INFO: JdwpEventCenterDelegate: THREAD_RESUMED: thread (33, main, main)
22:42:17.393 INFO: JdwpEventCenterDelegate: THREAD_RESUMED: thread (33, main, main)
22:42:17.396 INFO: JdwpEventCenterDelegate: THREAD_RESUMED: thread (33, main, main)
22:42:17.401 INFO: JdwpEventCenterDelegate: THREAD_RESUMED: thread (33, main, main)
22:42:17.416 INFO: JdwpEventCenterDelegate: THREAD_RESUMED: thread (33, main, main)
22:42:17.418 INFO: JdwpEventCenterDelegate: THREAD_RESUMED: thread (33, main, main)
22:42:17.420 INFO: JdwpEventCenterDelegate: THREAD_RESUMED: thread (33, main, main)
22:42:17.423 INFO: JdwpEventCenterDelegate: THREAD_RESUMED: thread (33, main, main)
22:42:17.425 INFO: JdwpEventCenterDelegate: THREAD_RESUMED: thread (33, main, main)
22:42:17.430 INFO: JdwpEventCenterDelegate: THREAD_RESUMED: thread (33, main, main)
22:42:17.444 INFO: JdwpEventCenterDelegate: THREAD_RESUMED: thread (33, main, main)
22:42:17.447 INFO: JdwpEventCenterDelegate: THREAD_RESUMED: thread (33, main, main)
22:42:17.449 INFO: JdwpEventCenterDelegate: THREAD_RESUMED: thread (33, main, main)
22:42:17.451 INFO: JdwpEventCenterDelegate: THREAD_RESUMED: thread (33, main, main)
22:42:17.453 INFO: JdwpEventCenterDelegate: THREAD_RESUMED: thread (33, main, main)
22:42:17.458 INFO: JdwpEventCenterDelegate: THREAD_RESUMED: thread (33, main, main)
22:42:17.481 INFO: JdwpEventCenterDelegate: THREAD_RESUMED: thread (33, main, main)
22:42:17.483 INFO: JdwpEventCenterDelegate: THREAD_RESUMED: thread (33, main, main)
22:42:17.486 INFO: JdwpEventCenterDelegate: THREAD_RESUMED: thread (33, main, main)
22:42:17.488 INFO: JdwpEventCenterDelegate: THREAD_RESUMED: thread (33, main, main)
22:42:17.490 INFO: JdwpEventCenterDelegate: THREAD_RESUMED: thread (33, main, main)
22:42:17.495 INFO: JdwpEventCenterDelegate: THREAD_RESUMED: thread (33, main, main)
22:42:17.518 INFO: JdwpEventCenterDelegate: THREAD_RESUMED: thread (33, main, main)
22:42:17.520 INFO: JdwpEventCenterDelegate: THREAD_RESUMED: thread (33, main, main)
22:42:17.522 INFO: JdwpEventCenterDelegate: THREAD_RESUMED: thread (33, main, main)
22:42:17.524 INFO: JdwpEventCenterDelegate: THREAD_RESUMED: thread (33, main, main)
22:42:17.526 INFO: JdwpEventCenterDelegate: THREAD_RESUMED: thread (33, main, main)
22:42:17.531 INFO: JdwpEventCenterDelegate: THREAD_RESUMED: thread (33, main, main)
22:42:17.550 INFO: JdwpEventCenterDelegate: THREAD_RESUMED: thread (33, main, main)
22:42:17.552 INFO: JdwpEventCenterDelegate: THREAD_RESUMED: thread (33, main, main)
22:42:17.554 INFO: JdwpEventCenterDelegate: THREAD_RESUMED: thread (33, main, main)
22:42:17.557 INFO: JdwpEventCenterDelegate: THREAD_RESUMED: thread (33, main, main)
22:42:17.559 INFO: JdwpEventCenterDelegate: THREAD_RESUMED: thread (33, main, main)
22:42:17.564 INFO: JdwpEventCenterDelegate: THREAD_RESUMED: thread (33, main, main)
22:42:17.577 INFO: JdwpEventCenterDelegate: THREAD_RESUMED: thread (33, main, main)
22:42:17.579 INFO: JdwpEventCenterDelegate: THREAD_RESUMED: thread (33, main, main)
22:42:17.581 INFO: JdwpEventCenterDelegate: THREAD_RESUMED: thread (33, main, main)
22:42:17.583 INFO: JdwpEventCenterDelegate: THREAD_RESUMED: thread (33, main, main)
22:42:17.586 INFO: JdwpEventCenterDelegate: THREAD_RESUMED: thread (33, main, main)
22:42:17.591 INFO: JdwpEventCenterDelegate: THREAD_RESUMED: thread (33, main, main)
22:42:17.593 INFO: JdwpEventCenterDelegate: THREAD_RESUMED: thread (33, main, main)
22:42:17.595 INFO: JdwpEventCenterDelegate: THREAD_RESUMED: thread (33, main, main)
22:42:17.598 INFO: JdwpEventCenterDelegate: THREAD_RESUMED: thread (33, main, main)
22:42:17.600 INFO: JdwpEventCenterDelegate: THREAD_RESUMED: thread (33, main, main)
22:42:17.602 INFO: JdwpEventCenterDelegate: THREAD_RESUMED: thread (33, main, main)
22:42:17.605 INFO: JdwpEventCenterDelegate: THREAD_RESUMED: thread (33, main, main)
22:42:17.609 INFO: JdwpEventCenterDelegate: THREAD_RESUMED: thread (33, main, main)
22:42:17.611 INFO: JdwpEventCenterDelegate: THREAD_RESUMED: thread (33, main, main)
22:42:17.614 INFO: JdwpEventCenterDelegate: THREAD_RESUMED: thread (33, main, main)
22:42:17.616 INFO: JdwpEventCenterDelegate: THREAD_RESUMED: thread (33, main, main)
22:42:17.627 INFO: JdwpEventCenterDelegate: THREAD_RESUMED: thread (33, main, main)
22:42:17.629 INFO: JdwpEventCenterDelegate: THREAD_RESUMED: thread (33, main, main)
22:42:17.631 INFO: JdwpEventCenterDelegate: THREAD_RESUMED: thread (33, main, main)
22:42:17.634 INFO: JdwpEventCenterDelegate: THREAD_RESUMED: thread (33, main, main)
22:42:17.636 INFO: JdwpEventCenterDelegate: THREAD_RESUMED: thread (33, main, main)
22:42:17.641 INFO: JdwpEventCenterDelegate: THREAD_RESUMED: thread (33, main, main)
22:42:17.654 INFO: JdwpEventCenterDelegate: THREAD_RESUMED: thread (33, main, main)
22:42:17.667 INFO: JdwpEventCenterDelegate: THREAD_RESUMED: thread (33, main, main)
22:42:17.678 INFO: JdwpEventCenterDelegate: THREAD_RESUMED: thread (33, main, main)
22:42:17.691 INFO: JdwpEventCenterDelegate: THREAD_RESUMED: thread (33, main, main)
22:42:17.721 INFO: JdwpEventCenterDelegate: THREAD_RESUMED: thread (33, main, main)
22:42:17.723 INFO: JdwpEventCenterDelegate: THREAD_RESUMED: thread (33, main, main)
22:42:17.726 INFO: JdwpEventCenterDelegate: THREAD_RESUMED: thread (33, main, main)
22:42:17.728 INFO: JdwpEventCenterDelegate: THREAD_RESUMED: thread (33, main, main)
22:42:17.731 INFO: JdwpEventCenterDelegate: THREAD_RESUMED: thread (33, main, main)
22:42:17.735 INFO: JdwpEventCenterDelegate: THREAD_RESUMED: thread (33, main, main)
22:42:17.746 INFO: JdwpEventCenterDelegate: THREAD_RESUMED: thread (33, main, main)
22:42:17.749 INFO: JdwpEventCenterDelegate: THREAD_RESUMED: thread (33, main, main)
22:42:17.751 INFO: JdwpEventCenterDelegate: THREAD_RESUMED: thread (33, main, main)
22:42:17.753 INFO: JdwpEventCenterDelegate: THREAD_RESUMED: thread (33, main, main)
22:42:17.755 INFO: JdwpEventCenterDelegate: THREAD_RESUMED: thread (33, main, main)
22:42:17.760 INFO: JdwpEventCenterDelegate: THREAD_RESUMED: thread (33, main, main)
22:42:17.777 INFO: JdwpEventCenterDelegate: THREAD_RESUMED: thread (33, main, main)
22:42:17.779 INFO: JdwpEventCenterDelegate: THREAD_RESUMED: thread (33, main, main)
22:42:17.781 INFO: JdwpEventCenterDelegate: THREAD_RESUMED: thread (33, main, main)
22:42:17.783 INFO: JdwpEventCenterDelegate: THREAD_RESUMED: thread (33, main, main)
22:42:17.785 INFO: JdwpEventCenterDelegate: THREAD_RESUMED: thread (33, main, main)
22:42:17.790 INFO: JdwpEventCenterDelegate: THREAD_RESUMED: thread (33, main, main)
22:42:17.808 INFO: JdwpEventCenterDelegate: THREAD_RESUMED: thread (33, main, main)
22:42:17.810 INFO: JdwpEventCenterDelegate: THREAD_RESUMED: thread (33, main, main)
22:42:17.812 INFO: JdwpEventCenterDelegate: THREAD_RESUMED: thread (33, main, main)
22:42:17.815 INFO: JdwpEventCenterDelegate: THREAD_RESUMED: thread (33, main, main)
22:42:17.817 INFO: JdwpEventCenterDelegate: THREAD_RESUMED: thread (33, main, main)
22:42:17.822 INFO: JdwpEventCenterDelegate: THREAD_RESUMED: thread (33, main, main)
22:42:17.837 INFO: JdwpEventCenterDelegate: THREAD_RESUMED: thread (33, main, main)
22:42:17.839 INFO: JdwpEventCenterDelegate: THREAD_RESUMED: thread (33, main, main)
22:42:17.841 INFO: JdwpEventCenterDelegate: THREAD_RESUMED: thread (33, main, main)
22:42:17.843 INFO: JdwpEventCenterDelegate: THREAD_RESUMED: thread (33, main, main)
22:42:17.844 INFO: JdwpEventCenterDelegate: THREAD_RESUMED: thread (33, main, main)
22:42:17.848 INFO: JdwpEventCenterDelegate: THREAD_RESUMED: thread (33, main, main)
22:42:17.863 INFO: JdwpEventCenterDelegate: THREAD_RESUMED: thread (33, main, main)
22:42:17.866 INFO: JdwpEventCenterDelegate: THREAD_RESUMED: thread (33, main, main)
22:42:17.868 INFO: JdwpEventCenterDelegate: THREAD_RESUMED: thread (33, main, main)
22:42:17.870 INFO: JdwpEventCenterDelegate: THREAD_RESUMED: thread (33, main, main)
22:42:17.872 INFO: JdwpEventCenterDelegate: THREAD_RESUMED: thread (33, main, main)
22:42:17.876 INFO: JdwpEventCenterDelegate: THREAD_RESUMED: thread (33, main, main)
22:42:17.894 INFO: JdwpEventCenterDelegate: THREAD_RESUMED: thread (33, main, main)
22:42:17.896 INFO: JdwpEventCenterDelegate: THREAD_RESUMED: thread (33, main, main)
22:42:17.899 INFO: JdwpEventCenterDelegate: THREAD_RESUMED: thread (33, main, main)
22:42:17.900 INFO: JdwpEventCenterDelegate: THREAD_RESUMED: thread (33, main, main)
22:42:17.902 INFO: JdwpEventCenterDelegate: THREAD_RESUMED: thread (33, main, main)
22:42:17.907 INFO: JdwpEventCenterDelegate: THREAD_RESUMED: thread (33, main, main)
22:42:17.924 INFO: JdwpEventCenterDelegate: THREAD_RESUMED: thread (33, main, main)
22:42:17.926 INFO: JdwpEventCenterDelegate: THREAD_RESUMED: thread (33, main, main)
22:42:17.929 INFO: JdwpEventCenterDelegate: THREAD_RESUMED: thread (33, main, main)
22:42:17.931 INFO: JdwpEventCenterDelegate: THREAD_RESUMED: thread (33, main, main)
22:42:17.932 INFO: JdwpEventCenterDelegate: THREAD_RESUMED: thread (33, main, main)
22:42:17.937 INFO: JdwpEventCenterDelegate: THREAD_RESUMED: thread (33, main, main)
22:42:17.954 INFO: JdwpEventCenterDelegate: THREAD_RESUMED: thread (33, main, main)
22:42:17.956 INFO: JdwpEventCenterDelegate: THREAD_RESUMED: thread (33, main, main)
22:42:17.958 INFO: JdwpEventCenterDelegate: THREAD_RESUMED: thread (33, main, main)
22:42:17.960 INFO: JdwpEventCenterDelegate: THREAD_RESUMED: thread (33, main, main)
22:42:17.962 INFO: JdwpEventCenterDelegate: THREAD_RESUMED: thread (33, main, main)
22:42:17.966 INFO: JdwpEventCenterDelegate: THREAD_RESUMED: thread (33, main, main)
22:42:17.980 INFO: JdwpEventCenterDelegate: THREAD_RESUMED: thread (33, main, main)
22:42:17.982 INFO: JdwpEventCenterDelegate: THREAD_RESUMED: thread (33, main, main)
22:42:17.984 INFO: JdwpEventCenterDelegate: THREAD_RESUMED: thread (33, main, main)
22:42:17.986 INFO: JdwpEventCenterDelegate: THREAD_RESUMED: thread (33, main, main)
22:42:17.987 INFO: JdwpEventCenterDelegate: THREAD_RESUMED: thread (33, main, main)
22:42:17.992 INFO: JdwpEventCenterDelegate: THREAD_RESUMED: thread (33, main, main)
22:42:18.005 INFO: JdwpEventCenterDelegate: THREAD_RESUMED: thread (33, main, main)
22:42:18.007 INFO: JdwpEventCenterDelegate: THREAD_RESUMED: thread (33, main, main)
22:42:18.010 INFO: JdwpEventCenterDelegate: THREAD_RESUMED: thread (33, main, main)
22:42:18.012 INFO: JdwpEventCenterDelegate: THREAD_RESUMED: thread (33, main, main)
22:42:18.014 INFO: JdwpEventCenterDelegate: THREAD_RESUMED: thread (33, main, main)
22:42:18.018 INFO: JdwpEventCenterDelegate: THREAD_RESUMED: thread (33, main, main)
22:42:18.041 INFO: JdwpEventCenterDelegate: THREAD_RESUMED: thread (33, main, main)
22:42:18.043 INFO: JdwpEventCenterDelegate: THREAD_RESUMED: thread (33, main, main)
22:42:18.045 INFO: JdwpEventCenterDelegate: THREAD_RESUMED: thread (33, main, main)
22:42:18.047 INFO: JdwpEventCenterDelegate: THREAD_RESUMED: thread (33, main, main)
22:42:18.050 INFO: JdwpEventCenterDelegate: THREAD_RESUMED: thread (33, main, main)
22:42:18.054 INFO: JdwpEventCenterDelegate: THREAD_RESUMED: thread (33, main, main)
22:42:18.075 INFO: JdwpEventCenterDelegate: THREAD_RESUMED: thread (33, main, main)
22:42:18.077 INFO: JdwpEventCenterDelegate: THREAD_RESUMED: thread (33, main, main)
22:42:18.080 INFO: JdwpEventCenterDelegate: THREAD_RESUMED: thread (33, main, main)
22:42:18.082 INFO: JdwpEventCenterDelegate: THREAD_RESUMED: thread (33, main, main)
22:42:18.084 INFO: JdwpEventCenterDelegate: THREAD_RESUMED: thread (33, main, main)
22:42:18.089 INFO: JdwpEventCenterDelegate: THREAD_RESUMED: thread (33, main, main)
22:42:18.107 INFO: JdwpEventCenterDelegate: THREAD_RESUMED: thread (33, main, main)
22:42:18.109 INFO: JdwpEventCenterDelegate: THREAD_RESUMED: thread (33, main, main)
22:42:18.111 INFO: JdwpEventCenterDelegate: THREAD_RESUMED: thread (33, main, main)
22:42:18.114 INFO: JdwpEventCenterDelegate: THREAD_RESUMED: thread (33, main, main)
22:42:18.116 INFO: JdwpEventCenterDelegate: THREAD_RESUMED: thread (33, main, main)
22:42:18.120 INFO: JdwpEventCenterDelegate: THREAD_RESUMED: thread (33, main, main)
22:42:18.133 INFO: JdwpEventCenterDelegate: THREAD_RESUMED: thread (33, main, main)
22:42:18.135 INFO: JdwpEventCenterDelegate: THREAD_RESUMED: thread (33, main, main)
22:42:18.137 INFO: JdwpEventCenterDelegate: THREAD_RESUMED: thread (33, main, main)
22:42:18.139 INFO: JdwpEventCenterDelegate: THREAD_RESUMED: thread (33, main, main)
22:42:18.142 INFO: JdwpEventCenterDelegate: THREAD_RESUMED: thread (33, main, main)
22:42:24.110 INFO: JdwpEventCenterDelegate: THREAD_STARTED: thread (108, Timer, main)
22:42:25.002 INFO: JdwpEventCenterDelegate: THREAD_RESUMED: thread (33, main, main)
22:42:25.035 INFO: JdwpEventCenterDelegate: THREAD_RESUMED: thread (33, main, main)
22:42:25.058 INFO: JdwpEventCenterDelegate: THREAD_RESUMED: thread (33, main, main)
22:42:25.075 INFO: JdwpEventCenterDelegate: THREAD_RESUMED: thread (33, main, main)
22:42:25.115 INFO: JdwpEventCenterDelegate: THREAD_RESUMED: thread (33, main, main)
22:42:25.152 INFO: JdwpEventCenterDelegate: THREAD_RESUMED: thread (33, main, main)
22:42:25.170 INFO: JdwpEventCenterDelegate: THREAD_RESUMED: thread (33, main, main)
22:42:25.184 INFO: JdwpEventCenterDelegate: THREAD_RESUMED: thread (33, main, main)
22:42:25.191 INFO: JdwpEventCenterDelegate: THREAD_RESUMED: thread (33, main, main)
22:42:25.205 INFO: JdwpEventCenterDelegate: THREAD_RESUMED: thread (33, main, main)
22:42:25.236 INFO: JdwpEventCenterDelegate: THREAD_RESUMED: thread (33, main, main)
22:42:25.248 INFO: JdwpEventCenterDelegate: THREAD_RESUMED: thread (33, main, main)
22:42:25.260 INFO: JdwpEventCenterDelegate: THREAD_RESUMED: thread (33, main, main)
22:42:25.272 INFO: JdwpEventCenterDelegate: THREAD_RESUMED: thread (33, main, main)
22:42:25.307 INFO: JdwpEventCenterDelegate: THREAD_RESUMED: thread (33, main, main)
22:42:25.340 INFO: JdwpEventCenterDelegate: THREAD_RESUMED: thread (33, main, main)
22:42:25.356 INFO: JdwpEventCenterDelegate: THREAD_RESUMED: thread (33, main, main)
22:42:25.370 INFO: JdwpEventCenterDelegate: THREAD_RESUMED: thread (33, main, main)
22:42:25.376 INFO: JdwpEventCenterDelegate: THREAD_RESUMED: thread (33, main, main)
22:42:25.389 INFO: JdwpEventCenterDelegate: THREAD_RESUMED: thread (33, main, main)
22:42:30.317 INFO: JdwpEventCenterDelegate: THREAD_RESUMED: thread (33, main, main)
22:42:30.319 INFO: JdwpEventCenterDelegate: THREAD_RESUMED: thread (33, main, main)
22:42:30.322 INFO: JdwpEventCenterDelegate: THREAD_RESUMED: thread (33, main, main)
22:42:30.324 INFO: JdwpEventCenterDelegate: THREAD_RESUMED: thread (33, main, main)
22:42:30.327 INFO: JdwpEventCenterDelegate: THREAD_RESUMED: thread (33, main, main)
22:42:30.329 INFO: JdwpEventCenterDelegate: THREAD_RESUMED: thread (33, main, main)
22:42:30.332 INFO: JdwpEventCenterDelegate: THREAD_RESUMED: thread (33, main, main)
22:42:30.396 INFO: JdwpEventCenterDelegate: THREAD_RESUMED: thread (33, main, main)
22:42:30.399 INFO: JdwpEventCenterDelegate: THREAD_RESUMED: thread (33, main, main)
22:42:30.402 INFO: JdwpEventCenterDelegate: THREAD_RESUMED: thread (33, main, main)
22:42:30.405 INFO: JdwpEventCenterDelegate: THREAD_RESUMED: thread (33, main, main)
22:42:30.408 INFO: JdwpEventCenterDelegate: THREAD_RESUMED: thread (33, main, main)
22:42:30.410 INFO: JdwpEventCenterDelegate: THREAD_RESUMED: thread (33, main, main)
22:42:30.413 INFO: JdwpEventCenterDelegate: THREAD_RESUMED: thread (33, main, main)
22:42:30.443 INFO: JdwpEventCenterDelegate: THREAD_STARTED: thread (123, Thread-7, main)
22:42:49.021 INFO: JdwpEventCenterDelegate: THREAD_DETTACHED: thread (123, Thread-7, main)
22:43:30.890 SEVERE: Debugger: Thread HooksChannel socket thread crashed
org.robovm.debugger.DebuggerException: java.io.IOException: org.robovm.libimobiledevice.LibIMobileDeviceException: IDEVICE_E_UNKNOWN_ERROR
	at org.robovm.debugger.hooks.HooksChannel.doSocketWork(HooksChannel.java:149)
	at java.base/java.lang.Thread.run(Thread.java:834)
	at org.robovm.debugger.utils.DebuggerThread.run(DebuggerThread.java:42)
Caused by: java.io.IOException: org.robovm.libimobiledevice.LibIMobileDeviceException: IDEVICE_E_UNKNOWN_ERROR
	at org.robovm.libimobiledevice.IDeviceConnection$DeviceInputStream.read(IDeviceConnection.java:203)
	at org.robovm.debugger.utils.bytebuffer.DataBufferWriter.writeFromStream(DataBufferWriter.java:89)
	at org.robovm.debugger.hooks.HooksChannel.doSocketWork(HooksChannel.java:116)
	... 2 more
Caused by: org.robovm.libimobiledevice.LibIMobileDeviceException: IDEVICE_E_UNKNOWN_ERROR
	at org.robovm.libimobiledevice.IDevice.checkResult(IDevice.java:206)
	at org.robovm.libimobiledevice.IDeviceConnection.receive(IDeviceConnection.java:110)
	at org.robovm.libimobiledevice.IDeviceConnection.receive(IDeviceConnection.java:81)
	at org.robovm.libimobiledevice.IDeviceConnection$DeviceInputStream.read(IDeviceConnection.java:201)
	... 4 more
22:43:31.397 SEVERE: Debugger: Thread JDWP server socket thread crashed
org.robovm.debugger.DebuggerException: java.net.SocketException: Socket closed
	at org.robovm.debugger.jdwp.JdwpDebugServer.doSocketWork(JdwpDebugServer.java:215)
	at java.base/java.lang.Thread.run(Thread.java:834)
	at org.robovm.debugger.utils.DebuggerThread.run(DebuggerThread.java:42)
Caused by: java.net.SocketException: Socket closed
	at java.base/java.net.SocketInputStream.socketRead0(Native Method)
	at java.base/java.net.SocketInputStream.socketRead(SocketInputStream.java:115)
	at java.base/java.net.SocketInputStream.read(SocketInputStream.java:168)
	at java.base/java.net.SocketInputStream.read(SocketInputStream.java:140)
	at org.robovm.debugger.utils.bytebuffer.DataBufferWriter.writeFromStream(DataBufferWriter.java:89)
	at org.robovm.debugger.jdwp.protocol.JdwpRequestHeader.readFromStream(JdwpRequestHeader.java:36)
	at org.robovm.debugger.jdwp.JdwpDebugServer.doSocketWork(JdwpDebugServer.java:185)
	... 2 more
