21:19:15.154 INFO: JdwpDebugServer: handling req: VirtualMachine(1).IDSizes(7)
21:19:15.155 INFO: JdwpDebugServer: handling req: EventRequest(15).Set(1)
21:19:15.155 INFO: JdwpEventCenterDelegate: jdwpSetEventRequest: JdwpEventRequest{requestId=100, eventKind=CLASS_PREPARE, suspendPolicy=NONE, predicates=[]}
21:19:15.155 INFO: JdwpDebugServer: handling req: EventRequest(15).Set(1)
21:19:15.155 INFO: JdwpEventCenterDelegate: jdwpSetEventRequest: JdwpEventRequest{requestId=101, eventKind=CLASS_UNLOAD, suspendPolicy=NONE, predicates=[]}
21:19:15.178 INFO: JdwpDebugServer: handling req: VirtualMachine(1).Version(1)
21:19:15.178 INFO: JdwpDebugServer: handling req: VirtualMachine(1).capabilitiesNew(17)
21:19:15.179 INFO: JdwpDebugServer: handling req: VirtualMachine(1).capabilities(12)
21:19:15.179 INFO: JdwpDebugServer: handling req: VirtualMachine(1).AllClassesWithGeneric(20)
21:19:15.184 INFO: JdwpDebugServer: handling req: VirtualMachine(1).TopLevelThreadGroups(5)
21:19:15.184 INFO: JdwpDebugServer: handling req: EventRequest(15).Set(1)
21:19:15.184 INFO: JdwpEventCenterDelegate: jdwpSetEventRequest: JdwpEventRequest{requestId=102, eventKind=THREAD_START, suspendPolicy=NONE, predicates=[]}
21:19:15.184 INFO: JdwpDebugServer: handling req: EventRequest(15).Set(1)
21:19:15.184 INFO: JdwpEventCenterDelegate: jdwpSetEventRequest: JdwpEventRequest{requestId=103, eventKind=THREAD_DEATH, suspendPolicy=NONE, predicates=[]}
21:19:15.227 INFO: JdwpDebugServer: handling req: EventRequest(15).Set(1)
21:19:15.227 INFO: JdwpEventCenterDelegate: jdwpSetEventRequest: JdwpEventRequest{requestId=104, eventKind=CLASS_PREPARE, suspendPolicy=EVENT_THREAD, predicates=[className=sun.instrument.InstrumentationImpl]}
21:19:15.227 INFO: JdwpDebugServer: handling req: EventRequest(15).Set(1)
21:19:15.227 INFO: JdwpEventCenterDelegate: jdwpSetEventRequest: JdwpEventRequest{requestId=105, eventKind=CLASS_PREPARE, suspendPolicy=EVENT_THREAD, predicates=[className=sun.instrument.InstrumentationImpl]}
21:19:15.772 INFO: JdwpDebugServer: handling req: VirtualMachine(1).Resume(9)
21:19:15.824 INFO: JdwpEventCenterDelegate: THREAD_STARTED: thread (33, main, main)
21:19:15.848 INFO: JdwpEventCenterDelegate: THREAD_STARTED: thread (48, ReferenceQueueDaemon, main)
21:19:15.853 INFO: JdwpEventCenterDelegate: THREAD_STARTED: thread (63, FinalizerDaemon, main)
21:19:15.858 INFO: JdwpEventCenterDelegate: THREAD_STARTED: thread (78, FinalizerWatchdogDaemon, main)
21:19:15.860 INFO: JdwpEventCenterDelegate: THREAD_RESUMED: thread (33, main, main)
21:19:15.861 INFO: JdwpEventCenterDelegate: THREAD_RESUMED: thread (33, main, main)
21:19:15.862 INFO: JdwpEventCenterDelegate: THREAD_RESUMED: thread (33, main, main)
21:19:15.863 INFO: JdwpEventCenterDelegate: THREAD_RESUMED: thread (33, main, main)
21:19:15.864 INFO: JdwpEventCenterDelegate: THREAD_RESUMED: thread (33, main, main)
21:19:15.865 INFO: JdwpEventCenterDelegate: THREAD_RESUMED: thread (33, main, main)
21:19:15.867 INFO: JdwpEventCenterDelegate: THREAD_RESUMED: thread (33, main, main)
21:19:15.868 INFO: JdwpEventCenterDelegate: THREAD_RESUMED: thread (33, main, main)
21:19:15.869 INFO: JdwpEventCenterDelegate: THREAD_RESUMED: thread (33, main, main)
21:19:15.870 INFO: JdwpEventCenterDelegate: THREAD_RESUMED: thread (33, main, main)
21:19:15.871 INFO: JdwpEventCenterDelegate: THREAD_RESUMED: thread (33, main, main)
21:19:15.872 INFO: JdwpEventCenterDelegate: THREAD_RESUMED: thread (33, main, main)
21:19:15.873 INFO: JdwpEventCenterDelegate: THREAD_RESUMED: thread (33, main, main)
21:19:15.874 INFO: JdwpEventCenterDelegate: THREAD_RESUMED: thread (33, main, main)
21:19:15.875 INFO: JdwpEventCenterDelegate: THREAD_RESUMED: thread (33, main, main)
21:19:15.876 INFO: JdwpEventCenterDelegate: THREAD_RESUMED: thread (33, main, main)
21:19:15.877 INFO: JdwpEventCenterDelegate: THREAD_RESUMED: thread (33, main, main)
21:19:15.878 INFO: JdwpEventCenterDelegate: THREAD_RESUMED: thread (33, main, main)
21:19:15.882 INFO: JdwpEventCenterDelegate: THREAD_RESUMED: thread (33, main, main)
21:19:15.883 INFO: JdwpEventCenterDelegate: THREAD_RESUMED: thread (33, main, main)
21:19:15.884 INFO: JdwpEventCenterDelegate: THREAD_RESUMED: thread (33, main, main)
21:19:15.885 INFO: JdwpEventCenterDelegate: THREAD_RESUMED: thread (33, main, main)
21:19:15.886 INFO: JdwpEventCenterDelegate: THREAD_RESUMED: thread (33, main, main)
21:19:15.887 INFO: JdwpEventCenterDelegate: THREAD_RESUMED: thread (33, main, main)
21:19:15.888 INFO: JdwpEventCenterDelegate: THREAD_RESUMED: thread (33, main, main)
21:19:15.915 INFO: JdwpEventCenterDelegate: THREAD_RESUMED: thread (33, main, main)
21:19:15.916 INFO: JdwpEventCenterDelegate: THREAD_RESUMED: thread (33, main, main)
21:19:15.917 INFO: JdwpEventCenterDelegate: THREAD_RESUMED: thread (33, main, main)
21:19:15.918 INFO: JdwpEventCenterDelegate: THREAD_RESUMED: thread (33, main, main)
21:19:15.919 INFO: JdwpEventCenterDelegate: THREAD_RESUMED: thread (33, main, main)
21:19:15.920 INFO: JdwpEventCenterDelegate: THREAD_RESUMED: thread (33, main, main)
21:19:15.929 INFO: JdwpEventCenterDelegate: THREAD_RESUMED: thread (33, main, main)
21:19:15.931 INFO: JdwpEventCenterDelegate: THREAD_RESUMED: thread (33, main, main)
21:19:15.933 INFO: JdwpEventCenterDelegate: THREAD_RESUMED: thread (33, main, main)
21:19:15.934 INFO: JdwpEventCenterDelegate: THREAD_RESUMED: thread (33, main, main)
21:19:15.935 INFO: JdwpEventCenterDelegate: THREAD_RESUMED: thread (33, main, main)
21:19:15.936 INFO: JdwpEventCenterDelegate: THREAD_RESUMED: thread (33, main, main)
21:19:15.937 INFO: JdwpEventCenterDelegate: THREAD_RESUMED: thread (33, main, main)
21:19:15.938 INFO: JdwpEventCenterDelegate: THREAD_RESUMED: thread (33, main, main)
21:19:15.953 INFO: JdwpEventCenterDelegate: THREAD_RESUMED: thread (33, main, main)
21:19:15.954 INFO: JdwpEventCenterDelegate: THREAD_RESUMED: thread (33, main, main)
21:19:15.955 INFO: JdwpEventCenterDelegate: THREAD_RESUMED: thread (33, main, main)
21:19:15.957 INFO: JdwpEventCenterDelegate: THREAD_RESUMED: thread (33, main, main)
21:19:15.958 INFO: JdwpEventCenterDelegate: THREAD_RESUMED: thread (33, main, main)
21:19:15.959 INFO: JdwpEventCenterDelegate: THREAD_RESUMED: thread (33, main, main)
21:19:15.960 INFO: JdwpEventCenterDelegate: THREAD_RESUMED: thread (33, main, main)
21:19:16.028 INFO: JdwpEventCenterDelegate: THREAD_RESUMED: thread (33, main, main)
21:19:16.030 INFO: JdwpEventCenterDelegate: THREAD_RESUMED: thread (33, main, main)
21:19:16.031 INFO: JdwpEventCenterDelegate: THREAD_RESUMED: thread (33, main, main)
21:19:16.032 INFO: JdwpEventCenterDelegate: THREAD_RESUMED: thread (33, main, main)
21:19:16.033 INFO: JdwpEventCenterDelegate: THREAD_RESUMED: thread (33, main, main)
21:19:16.034 INFO: JdwpEventCenterDelegate: THREAD_RESUMED: thread (33, main, main)
21:19:16.035 INFO: JdwpEventCenterDelegate: THREAD_RESUMED: thread (33, main, main)
21:19:16.048 INFO: JdwpEventCenterDelegate: THREAD_RESUMED: thread (33, main, main)
21:19:16.050 INFO: JdwpEventCenterDelegate: THREAD_RESUMED: thread (33, main, main)
21:19:16.051 INFO: JdwpEventCenterDelegate: THREAD_RESUMED: thread (33, main, main)
21:19:16.052 INFO: JdwpEventCenterDelegate: THREAD_RESUMED: thread (33, main, main)
21:19:16.053 INFO: JdwpEventCenterDelegate: THREAD_RESUMED: thread (33, main, main)
21:19:16.054 INFO: JdwpEventCenterDelegate: THREAD_RESUMED: thread (33, main, main)
21:19:16.055 INFO: JdwpEventCenterDelegate: THREAD_RESUMED: thread (33, main, main)
21:19:16.065 INFO: JdwpEventCenterDelegate: THREAD_RESUMED: thread (33, main, main)
21:19:16.066 INFO: JdwpEventCenterDelegate: THREAD_RESUMED: thread (33, main, main)
21:19:16.067 INFO: JdwpEventCenterDelegate: THREAD_RESUMED: thread (33, main, main)
21:19:16.068 INFO: JdwpEventCenterDelegate: THREAD_RESUMED: thread (33, main, main)
21:19:16.069 INFO: JdwpEventCenterDelegate: THREAD_RESUMED: thread (33, main, main)
21:19:16.070 INFO: JdwpEventCenterDelegate: THREAD_RESUMED: thread (33, main, main)
21:19:16.071 INFO: JdwpEventCenterDelegate: THREAD_RESUMED: thread (33, main, main)
21:19:16.072 INFO: JdwpEventCenterDelegate: THREAD_RESUMED: thread (33, main, main)
21:19:16.073 INFO: JdwpEventCenterDelegate: THREAD_RESUMED: thread (33, main, main)
21:19:16.074 INFO: JdwpEventCenterDelegate: THREAD_RESUMED: thread (33, main, main)
21:19:16.075 INFO: JdwpEventCenterDelegate: THREAD_RESUMED: thread (33, main, main)
21:19:16.076 INFO: JdwpEventCenterDelegate: THREAD_RESUMED: thread (33, main, main)
21:19:16.077 INFO: JdwpEventCenterDelegate: THREAD_RESUMED: thread (33, main, main)
21:19:16.079 INFO: JdwpEventCenterDelegate: THREAD_RESUMED: thread (33, main, main)
21:19:16.080 INFO: JdwpEventCenterDelegate: THREAD_RESUMED: thread (33, main, main)
21:19:16.081 INFO: JdwpEventCenterDelegate: THREAD_RESUMED: thread (33, main, main)
21:19:16.082 INFO: JdwpEventCenterDelegate: THREAD_RESUMED: thread (33, main, main)
21:19:16.083 INFO: JdwpEventCenterDelegate: THREAD_RESUMED: thread (33, main, main)
21:19:16.087 INFO: JdwpEventCenterDelegate: THREAD_RESUMED: thread (33, main, main)
21:19:16.088 INFO: JdwpEventCenterDelegate: THREAD_RESUMED: thread (33, main, main)
21:19:16.219 INFO: JdwpEventCenterDelegate: THREAD_STARTED: thread (93, AssetManager, main)
21:19:16.325 INFO: JdwpEventCenterDelegate: THREAD_RESUMED: thread (33, main, main)
21:19:16.328 INFO: JdwpEventCenterDelegate: THREAD_RESUMED: thread (33, main, main)
21:19:19.109 INFO: JdwpEventCenterDelegate: THREAD_RESUMED: thread (33, main, main)
21:19:19.206 INFO: JdwpEventCenterDelegate: THREAD_RESUMED: thread (33, main, main)
21:19:19.208 INFO: JdwpEventCenterDelegate: THREAD_RESUMED: thread (33, main, main)
21:19:19.210 INFO: JdwpEventCenterDelegate: THREAD_RESUMED: thread (33, main, main)
21:19:19.212 INFO: JdwpEventCenterDelegate: THREAD_RESUMED: thread (33, main, main)
21:19:19.214 INFO: JdwpEventCenterDelegate: THREAD_RESUMED: thread (33, main, main)
21:19:19.220 INFO: JdwpEventCenterDelegate: THREAD_RESUMED: thread (33, main, main)
21:19:19.232 INFO: JdwpEventCenterDelegate: THREAD_RESUMED: thread (33, main, main)
21:19:19.234 INFO: JdwpEventCenterDelegate: THREAD_RESUMED: thread (33, main, main)
21:19:19.237 INFO: JdwpEventCenterDelegate: THREAD_RESUMED: thread (33, main, main)
21:19:19.239 INFO: JdwpEventCenterDelegate: THREAD_RESUMED: thread (33, main, main)
21:19:19.241 INFO: JdwpEventCenterDelegate: THREAD_RESUMED: thread (33, main, main)
21:19:19.246 INFO: JdwpEventCenterDelegate: THREAD_RESUMED: thread (33, main, main)
21:19:19.261 INFO: JdwpEventCenterDelegate: THREAD_RESUMED: thread (33, main, main)
21:19:19.263 INFO: JdwpEventCenterDelegate: THREAD_RESUMED: thread (33, main, main)
21:19:19.266 INFO: JdwpEventCenterDelegate: THREAD_RESUMED: thread (33, main, main)
21:19:19.268 INFO: JdwpEventCenterDelegate: THREAD_RESUMED: thread (33, main, main)
21:19:19.271 INFO: JdwpEventCenterDelegate: THREAD_RESUMED: thread (33, main, main)
21:19:19.276 INFO: JdwpEventCenterDelegate: THREAD_RESUMED: thread (33, main, main)
21:19:19.294 INFO: JdwpEventCenterDelegate: THREAD_RESUMED: thread (33, main, main)
21:19:19.296 INFO: JdwpEventCenterDelegate: THREAD_RESUMED: thread (33, main, main)
21:19:19.298 INFO: JdwpEventCenterDelegate: THREAD_RESUMED: thread (33, main, main)
21:19:19.301 INFO: JdwpEventCenterDelegate: THREAD_RESUMED: thread (33, main, main)
21:19:19.303 INFO: JdwpEventCenterDelegate: THREAD_RESUMED: thread (33, main, main)
21:19:19.307 INFO: JdwpEventCenterDelegate: THREAD_RESUMED: thread (33, main, main)
21:19:19.323 INFO: JdwpEventCenterDelegate: THREAD_RESUMED: thread (33, main, main)
21:19:19.325 INFO: JdwpEventCenterDelegate: THREAD_RESUMED: thread (33, main, main)
21:19:19.327 INFO: JdwpEventCenterDelegate: THREAD_RESUMED: thread (33, main, main)
21:19:19.329 INFO: JdwpEventCenterDelegate: THREAD_RESUMED: thread (33, main, main)
21:19:19.332 INFO: JdwpEventCenterDelegate: THREAD_RESUMED: thread (33, main, main)
21:19:19.336 INFO: JdwpEventCenterDelegate: THREAD_RESUMED: thread (33, main, main)
21:19:19.355 INFO: JdwpEventCenterDelegate: THREAD_RESUMED: thread (33, main, main)
21:19:19.357 INFO: JdwpEventCenterDelegate: THREAD_RESUMED: thread (33, main, main)
21:19:19.360 INFO: JdwpEventCenterDelegate: THREAD_RESUMED: thread (33, main, main)
21:19:19.362 INFO: JdwpEventCenterDelegate: THREAD_RESUMED: thread (33, main, main)
21:19:19.364 INFO: JdwpEventCenterDelegate: THREAD_RESUMED: thread (33, main, main)
21:19:19.369 INFO: JdwpEventCenterDelegate: THREAD_RESUMED: thread (33, main, main)
21:19:19.388 INFO: JdwpEventCenterDelegate: THREAD_RESUMED: thread (33, main, main)
21:19:19.391 INFO: JdwpEventCenterDelegate: THREAD_RESUMED: thread (33, main, main)
21:19:19.394 INFO: JdwpEventCenterDelegate: THREAD_RESUMED: thread (33, main, main)
21:19:19.396 INFO: JdwpEventCenterDelegate: THREAD_RESUMED: thread (33, main, main)
21:19:19.398 INFO: JdwpEventCenterDelegate: THREAD_RESUMED: thread (33, main, main)
21:19:19.403 INFO: JdwpEventCenterDelegate: THREAD_RESUMED: thread (33, main, main)
21:19:19.421 INFO: JdwpEventCenterDelegate: THREAD_RESUMED: thread (33, main, main)
21:19:19.423 INFO: JdwpEventCenterDelegate: THREAD_RESUMED: thread (33, main, main)
21:19:19.425 INFO: JdwpEventCenterDelegate: THREAD_RESUMED: thread (33, main, main)
21:19:19.427 INFO: JdwpEventCenterDelegate: THREAD_RESUMED: thread (33, main, main)
21:19:19.429 INFO: JdwpEventCenterDelegate: THREAD_RESUMED: thread (33, main, main)
21:19:19.434 INFO: JdwpEventCenterDelegate: THREAD_RESUMED: thread (33, main, main)
21:19:19.452 INFO: JdwpEventCenterDelegate: THREAD_RESUMED: thread (33, main, main)
21:19:19.453 INFO: JdwpEventCenterDelegate: THREAD_RESUMED: thread (33, main, main)
21:19:19.455 INFO: JdwpEventCenterDelegate: THREAD_RESUMED: thread (33, main, main)
21:19:19.457 INFO: JdwpEventCenterDelegate: THREAD_RESUMED: thread (33, main, main)
21:19:19.459 INFO: JdwpEventCenterDelegate: THREAD_RESUMED: thread (33, main, main)
21:19:19.464 INFO: JdwpEventCenterDelegate: THREAD_RESUMED: thread (33, main, main)
21:19:19.479 INFO: JdwpEventCenterDelegate: THREAD_RESUMED: thread (33, main, main)
21:19:19.481 INFO: JdwpEventCenterDelegate: THREAD_RESUMED: thread (33, main, main)
21:19:19.484 INFO: JdwpEventCenterDelegate: THREAD_RESUMED: thread (33, main, main)
21:19:19.486 INFO: JdwpEventCenterDelegate: THREAD_RESUMED: thread (33, main, main)
21:19:19.488 INFO: JdwpEventCenterDelegate: THREAD_RESUMED: thread (33, main, main)
21:19:19.493 INFO: JdwpEventCenterDelegate: THREAD_RESUMED: thread (33, main, main)
21:19:19.508 INFO: JdwpEventCenterDelegate: THREAD_RESUMED: thread (33, main, main)
21:19:19.510 INFO: JdwpEventCenterDelegate: THREAD_RESUMED: thread (33, main, main)
21:19:19.512 INFO: JdwpEventCenterDelegate: THREAD_RESUMED: thread (33, main, main)
21:19:19.514 INFO: JdwpEventCenterDelegate: THREAD_RESUMED: thread (33, main, main)
21:19:19.517 INFO: JdwpEventCenterDelegate: THREAD_RESUMED: thread (33, main, main)
21:19:19.521 INFO: JdwpEventCenterDelegate: THREAD_RESUMED: thread (33, main, main)
21:19:19.544 INFO: JdwpEventCenterDelegate: THREAD_RESUMED: thread (33, main, main)
21:19:19.545 INFO: JdwpEventCenterDelegate: THREAD_RESUMED: thread (33, main, main)
21:19:19.547 INFO: JdwpEventCenterDelegate: THREAD_RESUMED: thread (33, main, main)
21:19:19.549 INFO: JdwpEventCenterDelegate: THREAD_RESUMED: thread (33, main, main)
21:19:19.551 INFO: JdwpEventCenterDelegate: THREAD_RESUMED: thread (33, main, main)
21:19:19.556 INFO: JdwpEventCenterDelegate: THREAD_RESUMED: thread (33, main, main)
21:19:19.579 INFO: JdwpEventCenterDelegate: THREAD_RESUMED: thread (33, main, main)
21:19:19.581 INFO: JdwpEventCenterDelegate: THREAD_RESUMED: thread (33, main, main)
21:19:19.583 INFO: JdwpEventCenterDelegate: THREAD_RESUMED: thread (33, main, main)
21:19:19.585 INFO: JdwpEventCenterDelegate: THREAD_RESUMED: thread (33, main, main)
21:19:19.588 INFO: JdwpEventCenterDelegate: THREAD_RESUMED: thread (33, main, main)
21:19:19.593 INFO: JdwpEventCenterDelegate: THREAD_RESUMED: thread (33, main, main)
21:19:19.612 INFO: JdwpEventCenterDelegate: THREAD_RESUMED: thread (33, main, main)
21:19:19.614 INFO: JdwpEventCenterDelegate: THREAD_RESUMED: thread (33, main, main)
21:19:19.616 INFO: JdwpEventCenterDelegate: THREAD_RESUMED: thread (33, main, main)
21:19:19.619 INFO: JdwpEventCenterDelegate: THREAD_RESUMED: thread (33, main, main)
21:19:19.621 INFO: JdwpEventCenterDelegate: THREAD_RESUMED: thread (33, main, main)
21:19:19.626 INFO: JdwpEventCenterDelegate: THREAD_RESUMED: thread (33, main, main)
21:19:19.639 INFO: JdwpEventCenterDelegate: THREAD_RESUMED: thread (33, main, main)
21:19:19.641 INFO: JdwpEventCenterDelegate: THREAD_RESUMED: thread (33, main, main)
21:19:19.643 INFO: JdwpEventCenterDelegate: THREAD_RESUMED: thread (33, main, main)
21:19:19.646 INFO: JdwpEventCenterDelegate: THREAD_RESUMED: thread (33, main, main)
21:19:19.648 INFO: JdwpEventCenterDelegate: THREAD_RESUMED: thread (33, main, main)
21:19:19.654 INFO: JdwpEventCenterDelegate: THREAD_RESUMED: thread (33, main, main)
21:19:19.656 INFO: JdwpEventCenterDelegate: THREAD_RESUMED: thread (33, main, main)
21:19:19.658 INFO: JdwpEventCenterDelegate: THREAD_RESUMED: thread (33, main, main)
21:19:19.661 INFO: JdwpEventCenterDelegate: THREAD_RESUMED: thread (33, main, main)
21:19:19.663 INFO: JdwpEventCenterDelegate: THREAD_RESUMED: thread (33, main, main)
21:19:19.665 INFO: JdwpEventCenterDelegate: THREAD_RESUMED: thread (33, main, main)
21:19:19.667 INFO: JdwpEventCenterDelegate: THREAD_RESUMED: thread (33, main, main)
21:19:19.671 INFO: JdwpEventCenterDelegate: THREAD_RESUMED: thread (33, main, main)
21:19:19.674 INFO: JdwpEventCenterDelegate: THREAD_RESUMED: thread (33, main, main)
21:19:19.676 INFO: JdwpEventCenterDelegate: THREAD_RESUMED: thread (33, main, main)
21:19:19.678 INFO: JdwpEventCenterDelegate: THREAD_RESUMED: thread (33, main, main)
21:19:19.682 INFO: JdwpEventCenterDelegate: THREAD_RESUMED: thread (33, main, main)
21:19:19.684 INFO: JdwpEventCenterDelegate: THREAD_RESUMED: thread (33, main, main)
21:19:19.686 INFO: JdwpEventCenterDelegate: THREAD_RESUMED: thread (33, main, main)
21:19:19.688 INFO: JdwpEventCenterDelegate: THREAD_RESUMED: thread (33, main, main)
21:19:19.690 INFO: JdwpEventCenterDelegate: THREAD_RESUMED: thread (33, main, main)
21:19:19.695 INFO: JdwpEventCenterDelegate: THREAD_RESUMED: thread (33, main, main)
21:19:19.707 INFO: JdwpEventCenterDelegate: THREAD_RESUMED: thread (33, main, main)
21:19:19.721 INFO: JdwpEventCenterDelegate: THREAD_RESUMED: thread (33, main, main)
21:19:19.732 INFO: JdwpEventCenterDelegate: THREAD_RESUMED: thread (33, main, main)
21:19:19.745 INFO: JdwpEventCenterDelegate: THREAD_RESUMED: thread (33, main, main)
21:19:19.776 INFO: JdwpEventCenterDelegate: THREAD_RESUMED: thread (33, main, main)
21:19:19.778 INFO: JdwpEventCenterDelegate: THREAD_RESUMED: thread (33, main, main)
21:19:19.781 INFO: JdwpEventCenterDelegate: THREAD_RESUMED: thread (33, main, main)
21:19:19.783 INFO: JdwpEventCenterDelegate: THREAD_RESUMED: thread (33, main, main)
21:19:19.784 INFO: JdwpEventCenterDelegate: THREAD_RESUMED: thread (33, main, main)
21:19:19.789 INFO: JdwpEventCenterDelegate: THREAD_RESUMED: thread (33, main, main)
21:19:19.800 INFO: JdwpEventCenterDelegate: THREAD_RESUMED: thread (33, main, main)
21:19:19.802 INFO: JdwpEventCenterDelegate: THREAD_RESUMED: thread (33, main, main)
21:19:19.803 INFO: JdwpEventCenterDelegate: THREAD_RESUMED: thread (33, main, main)
21:19:19.805 INFO: JdwpEventCenterDelegate: THREAD_RESUMED: thread (33, main, main)
21:19:19.806 INFO: JdwpEventCenterDelegate: THREAD_RESUMED: thread (33, main, main)
21:19:19.811 INFO: JdwpEventCenterDelegate: THREAD_RESUMED: thread (33, main, main)
21:19:19.825 INFO: JdwpEventCenterDelegate: THREAD_RESUMED: thread (33, main, main)
21:19:19.827 INFO: JdwpEventCenterDelegate: THREAD_RESUMED: thread (33, main, main)
21:19:19.829 INFO: JdwpEventCenterDelegate: THREAD_RESUMED: thread (33, main, main)
21:19:19.832 INFO: JdwpEventCenterDelegate: THREAD_RESUMED: thread (33, main, main)
21:19:19.834 INFO: JdwpEventCenterDelegate: THREAD_RESUMED: thread (33, main, main)
21:19:19.838 INFO: JdwpEventCenterDelegate: THREAD_RESUMED: thread (33, main, main)
21:19:19.859 INFO: JdwpEventCenterDelegate: THREAD_RESUMED: thread (33, main, main)
21:19:19.861 INFO: JdwpEventCenterDelegate: THREAD_RESUMED: thread (33, main, main)
21:19:19.864 INFO: JdwpEventCenterDelegate: THREAD_RESUMED: thread (33, main, main)
21:19:19.866 INFO: JdwpEventCenterDelegate: THREAD_RESUMED: thread (33, main, main)
21:19:19.868 INFO: JdwpEventCenterDelegate: THREAD_RESUMED: thread (33, main, main)
21:19:19.873 INFO: JdwpEventCenterDelegate: THREAD_RESUMED: thread (33, main, main)
21:19:19.888 INFO: JdwpEventCenterDelegate: THREAD_RESUMED: thread (33, main, main)
21:19:19.890 INFO: JdwpEventCenterDelegate: THREAD_RESUMED: thread (33, main, main)
21:19:19.893 INFO: JdwpEventCenterDelegate: THREAD_RESUMED: thread (33, main, main)
21:19:19.895 INFO: JdwpEventCenterDelegate: THREAD_RESUMED: thread (33, main, main)
21:19:19.897 INFO: JdwpEventCenterDelegate: THREAD_RESUMED: thread (33, main, main)
21:19:19.902 INFO: JdwpEventCenterDelegate: THREAD_RESUMED: thread (33, main, main)
21:19:19.916 INFO: JdwpEventCenterDelegate: THREAD_RESUMED: thread (33, main, main)
21:19:19.919 INFO: JdwpEventCenterDelegate: THREAD_RESUMED: thread (33, main, main)
21:19:19.921 INFO: JdwpEventCenterDelegate: THREAD_RESUMED: thread (33, main, main)
21:19:19.923 INFO: JdwpEventCenterDelegate: THREAD_RESUMED: thread (33, main, main)
21:19:19.926 INFO: JdwpEventCenterDelegate: THREAD_RESUMED: thread (33, main, main)
21:19:19.930 INFO: JdwpEventCenterDelegate: THREAD_RESUMED: thread (33, main, main)
21:19:19.949 INFO: JdwpEventCenterDelegate: THREAD_RESUMED: thread (33, main, main)
21:19:19.951 INFO: JdwpEventCenterDelegate: THREAD_RESUMED: thread (33, main, main)
21:19:19.953 INFO: JdwpEventCenterDelegate: THREAD_RESUMED: thread (33, main, main)
21:19:19.955 INFO: JdwpEventCenterDelegate: THREAD_RESUMED: thread (33, main, main)
21:19:19.957 INFO: JdwpEventCenterDelegate: THREAD_RESUMED: thread (33, main, main)
21:19:19.961 INFO: JdwpEventCenterDelegate: THREAD_RESUMED: thread (33, main, main)
21:19:19.978 INFO: JdwpEventCenterDelegate: THREAD_RESUMED: thread (33, main, main)
21:19:19.980 INFO: JdwpEventCenterDelegate: THREAD_RESUMED: thread (33, main, main)
21:19:19.983 INFO: JdwpEventCenterDelegate: THREAD_RESUMED: thread (33, main, main)
21:19:19.985 INFO: JdwpEventCenterDelegate: THREAD_RESUMED: thread (33, main, main)
21:19:19.986 INFO: JdwpEventCenterDelegate: THREAD_RESUMED: thread (33, main, main)
21:19:19.990 INFO: JdwpEventCenterDelegate: THREAD_RESUMED: thread (33, main, main)
21:19:20.007 INFO: JdwpEventCenterDelegate: THREAD_RESUMED: thread (33, main, main)
21:19:20.009 INFO: JdwpEventCenterDelegate: THREAD_RESUMED: thread (33, main, main)
21:19:20.011 INFO: JdwpEventCenterDelegate: THREAD_RESUMED: thread (33, main, main)
21:19:20.013 INFO: JdwpEventCenterDelegate: THREAD_RESUMED: thread (33, main, main)
21:19:20.015 INFO: JdwpEventCenterDelegate: THREAD_RESUMED: thread (33, main, main)
21:19:20.020 INFO: JdwpEventCenterDelegate: THREAD_RESUMED: thread (33, main, main)
21:19:20.034 INFO: JdwpEventCenterDelegate: THREAD_RESUMED: thread (33, main, main)
21:19:20.037 INFO: JdwpEventCenterDelegate: THREAD_RESUMED: thread (33, main, main)
21:19:20.039 INFO: JdwpEventCenterDelegate: THREAD_RESUMED: thread (33, main, main)
21:19:20.041 INFO: JdwpEventCenterDelegate: THREAD_RESUMED: thread (33, main, main)
21:19:20.043 INFO: JdwpEventCenterDelegate: THREAD_RESUMED: thread (33, main, main)
21:19:20.048 INFO: JdwpEventCenterDelegate: THREAD_RESUMED: thread (33, main, main)
21:19:20.062 INFO: JdwpEventCenterDelegate: THREAD_RESUMED: thread (33, main, main)
21:19:20.064 INFO: JdwpEventCenterDelegate: THREAD_RESUMED: thread (33, main, main)
21:19:20.066 INFO: JdwpEventCenterDelegate: THREAD_RESUMED: thread (33, main, main)
21:19:20.068 INFO: JdwpEventCenterDelegate: THREAD_RESUMED: thread (33, main, main)
21:19:20.070 INFO: JdwpEventCenterDelegate: THREAD_RESUMED: thread (33, main, main)
21:19:20.074 INFO: JdwpEventCenterDelegate: THREAD_RESUMED: thread (33, main, main)
21:19:20.097 INFO: JdwpEventCenterDelegate: THREAD_RESUMED: thread (33, main, main)
21:19:20.099 INFO: JdwpEventCenterDelegate: THREAD_RESUMED: thread (33, main, main)
21:19:20.101 INFO: JdwpEventCenterDelegate: THREAD_RESUMED: thread (33, main, main)
21:19:20.103 INFO: JdwpEventCenterDelegate: THREAD_RESUMED: thread (33, main, main)
21:19:20.106 INFO: JdwpEventCenterDelegate: THREAD_RESUMED: thread (33, main, main)
21:19:20.111 INFO: JdwpEventCenterDelegate: THREAD_RESUMED: thread (33, main, main)
21:19:20.131 INFO: JdwpEventCenterDelegate: THREAD_RESUMED: thread (33, main, main)
21:19:20.134 INFO: JdwpEventCenterDelegate: THREAD_RESUMED: thread (33, main, main)
21:19:20.136 INFO: JdwpEventCenterDelegate: THREAD_RESUMED: thread (33, main, main)
21:19:20.138 INFO: JdwpEventCenterDelegate: THREAD_RESUMED: thread (33, main, main)
21:19:20.140 INFO: JdwpEventCenterDelegate: THREAD_RESUMED: thread (33, main, main)
21:19:20.145 INFO: JdwpEventCenterDelegate: THREAD_RESUMED: thread (33, main, main)
21:19:20.163 INFO: JdwpEventCenterDelegate: THREAD_RESUMED: thread (33, main, main)
21:19:20.165 INFO: JdwpEventCenterDelegate: THREAD_RESUMED: thread (33, main, main)
21:19:20.167 INFO: JdwpEventCenterDelegate: THREAD_RESUMED: thread (33, main, main)
21:19:20.169 INFO: JdwpEventCenterDelegate: THREAD_RESUMED: thread (33, main, main)
21:19:20.171 INFO: JdwpEventCenterDelegate: THREAD_RESUMED: thread (33, main, main)
21:19:20.175 INFO: JdwpEventCenterDelegate: THREAD_RESUMED: thread (33, main, main)
21:19:20.188 INFO: JdwpEventCenterDelegate: THREAD_RESUMED: thread (33, main, main)
21:19:20.190 INFO: JdwpEventCenterDelegate: THREAD_RESUMED: thread (33, main, main)
21:19:20.192 INFO: JdwpEventCenterDelegate: THREAD_RESUMED: thread (33, main, main)
21:19:20.194 INFO: JdwpEventCenterDelegate: THREAD_RESUMED: thread (33, main, main)
21:19:20.196 INFO: JdwpEventCenterDelegate: THREAD_RESUMED: thread (33, main, main)
21:19:49.460 INFO: JdwpDebugServer: handling req: EventRequest(15).Set(1)
21:19:49.460 INFO: JdwpEventCenterDelegate: jdwpSetEventRequest: JdwpEventRequest{requestId=106, eventKind=CLASS_PREPARE, suspendPolicy=EVENT_THREAD, predicates=[className=com.twobsoft.babymozartspacetrip.menu.MenuSpineModel$background$1]}
21:19:49.461 INFO: JdwpDebugServer: handling req: EventRequest(15).Set(1)
21:19:49.461 INFO: JdwpEventCenterDelegate: jdwpSetEventRequest: JdwpEventRequest{requestId=107, eventKind=CLASS_PREPARE, suspendPolicy=EVENT_THREAD, predicates=[className=com.twobsoft.babymozartspacetrip.menu.MenuSpineModel$background$1$*]}
21:19:49.462 INFO: JdwpDebugServer: handling req: EventRequest(15).Set(1)
21:19:49.462 INFO: JdwpEventCenterDelegate: jdwpSetEventRequest: JdwpEventRequest{requestId=108, eventKind=CLASS_PREPARE, suspendPolicy=EVENT_THREAD, predicates=[className=com.twobsoft.babymozartspacetrip.menu.MenuSpineModel]}
21:19:49.464 INFO: JdwpDebugServer: handling req: EventRequest(15).Set(1)
21:19:49.464 INFO: JdwpEventCenterDelegate: jdwpSetEventRequest: JdwpEventRequest{requestId=109, eventKind=CLASS_PREPARE, suspendPolicy=EVENT_THREAD, predicates=[className=com.twobsoft.babymozartspacetrip.menu.MenuSpineModel$*]}
21:19:49.466 INFO: JdwpDebugServer: handling req: EventRequest(15).Set(1)
21:19:49.466 INFO: JdwpEventCenterDelegate: jdwpSetEventRequest: JdwpEventRequest{requestId=110, eventKind=CLASS_PREPARE, suspendPolicy=EVENT_THREAD, predicates=[className=com.twobsoft.babymozartspacetrip.menu.ComposableSingletons$MenuSpineModelKt$*]}
21:19:49.468 INFO: JdwpDebugServer: handling req: ReferenceType(2).MethodsWithGeneric(15)
21:19:49.468 INFO: JdwpDebugServer: handling req: Method(6).LineTable(1)
21:19:49.468 INFO: JdwpDebugServer: handling req: Method(6).LineTable(1)
21:19:49.469 INFO: JdwpDebugServer: handling req: Method(6).LineTable(1)
21:19:49.469 INFO: JdwpDebugServer: handling req: Method(6).LineTable(1)
21:19:49.469 INFO: JdwpDebugServer: handling req: Method(6).LineTable(1)
21:19:49.469 INFO: JdwpDebugServer: handling req: Method(6).LineTable(1)
21:19:49.470 INFO: JdwpDebugServer: handling req: Method(6).LineTable(1)
21:19:49.470 INFO: JdwpDebugServer: handling req: Method(6).LineTable(1)
21:19:49.470 INFO: JdwpDebugServer: handling req: Method(6).LineTable(1)
21:19:49.470 INFO: JdwpDebugServer: handling req: Method(6).LineTable(1)
21:19:49.470 INFO: JdwpDebugServer: handling req: Method(6).LineTable(1)
21:19:49.471 INFO: JdwpDebugServer: handling req: Method(6).LineTable(1)
21:19:49.471 INFO: JdwpDebugServer: handling req: Method(6).LineTable(1)
21:19:49.471 INFO: JdwpDebugServer: handling req: Method(6).LineTable(1)
21:19:49.471 INFO: JdwpDebugServer: handling req: Method(6).LineTable(1)
21:19:49.471 INFO: JdwpDebugServer: handling req: Method(6).LineTable(1)
21:19:49.472 INFO: JdwpDebugServer: handling req: Method(6).LineTable(1)
21:19:49.472 INFO: JdwpDebugServer: handling req: Method(6).LineTable(1)
21:19:49.472 INFO: JdwpDebugServer: handling req: Method(6).LineTable(1)
21:19:49.472 INFO: JdwpDebugServer: handling req: Method(6).LineTable(1)
21:19:49.472 INFO: JdwpDebugServer: handling req: Method(6).LineTable(1)
21:19:49.473 INFO: JdwpDebugServer: handling req: Method(6).LineTable(1)
21:19:49.473 INFO: JdwpDebugServer: handling req: Method(6).LineTable(1)
21:19:49.473 INFO: JdwpDebugServer: handling req: Method(6).LineTable(1)
21:19:49.473 INFO: JdwpDebugServer: handling req: Method(6).LineTable(1)
21:19:49.476 INFO: JdwpDebugServer: handling req: ReferenceType(2).ClassLoader(2)
21:19:49.477 INFO: JdwpDebugServer: handling req: ReferenceType(2).ClassLoader(2)
21:19:49.478 INFO: JdwpDebugServer: handling req: ReferenceType(2).MethodsWithGeneric(15)
21:19:49.478 INFO: JdwpDebugServer: handling req: Method(6).LineTable(1)
21:19:49.478 INFO: JdwpDebugServer: handling req: Method(6).LineTable(1)
21:19:49.479 INFO: JdwpDebugServer: handling req: Method(6).LineTable(1)
21:19:53.315 INFO: JdwpDebugServer: handling req: VirtualMachine(1).Exit(10)
21:19:53.315 SEVERE: Debugger: Thread JDWP server socket thread crashed
org.robovm.debugger.DebuggerException: Terminating due exit command
	at org.robovm.debugger.jdwp.JdwpDebugServer.doSocketWork(JdwpDebugServer.java:211)
	at java.base/java.lang.Thread.run(Thread.java:834)
	at org.robovm.debugger.utils.DebuggerThread.run(DebuggerThread.java:42)
21:19:53.822 SEVERE: Debugger: Thread HooksChannel socket thread crashed
org.robovm.debugger.DebuggerException: java.io.IOException: org.robovm.libimobiledevice.LibIMobileDeviceException: IDEVICE_E_UNKNOWN_ERROR
	at org.robovm.debugger.hooks.HooksChannel.doSocketWork(HooksChannel.java:149)
	at java.base/java.lang.Thread.run(Thread.java:834)
	at org.robovm.debugger.utils.DebuggerThread.run(DebuggerThread.java:42)
Caused by: java.io.IOException: org.robovm.libimobiledevice.LibIMobileDeviceException: IDEVICE_E_UNKNOWN_ERROR
	at org.robovm.libimobiledevice.IDeviceConnection$DeviceInputStream.read(IDeviceConnection.java:203)
	at org.robovm.debugger.utils.bytebuffer.DataBufferWriter.writeFromStream(DataBufferWriter.java:89)
	at org.robovm.debugger.hooks.HooksChannel.doSocketWork(HooksChannel.java:116)
	... 2 more
Caused by: org.robovm.libimobiledevice.LibIMobileDeviceException: IDEVICE_E_UNKNOWN_ERROR
	at org.robovm.libimobiledevice.IDevice.checkResult(IDevice.java:206)
	at org.robovm.libimobiledevice.IDeviceConnection.receive(IDeviceConnection.java:110)
	at org.robovm.libimobiledevice.IDeviceConnection.receive(IDeviceConnection.java:81)
	at org.robovm.libimobiledevice.IDeviceConnection$DeviceInputStream.read(IDeviceConnection.java:201)
	... 4 more
