17:28:13.150 INFO: JdwpDebugServer: handling req: VirtualMachine(1).IDSizes(7)
17:28:13.150 INFO: JdwpDebugServer: handling req: EventRequest(15).Set(1)
17:28:13.150 INFO: JdwpEventCenterDelegate: jdwpSetEventRequest: JdwpEventRequest{requestId=100, eventKind=CLASS_PREPARE, suspendPolicy=NONE, predicates=[]}
17:28:13.150 INFO: JdwpDebugServer: handling req: EventRequest(15).Set(1)
17:28:13.150 INFO: JdwpEventCenterDelegate: jdwpSetEventRequest: JdwpEventRequest{requestId=101, eventKind=CLASS_UNLOAD, suspendPolicy=NONE, predicates=[]}
17:28:13.165 INFO: JdwpDebugServer: handling req: VirtualMachine(1).Version(1)
17:28:13.165 INFO: JdwpDebugServer: handling req: VirtualMachine(1).capabilitiesNew(17)
17:28:13.165 INFO: JdwpDebugServer: handling req: VirtualMachine(1).capabilities(12)
17:28:13.165 INFO: JdwpDebugServer: handling req: VirtualMachine(1).AllClassesWithGeneric(20)
17:28:13.169 INFO: JdwpDebugServer: handling req: VirtualMachine(1).TopLevelThreadGroups(5)
17:28:13.169 INFO: JdwpDebugServer: handling req: EventRequest(15).Set(1)
17:28:13.169 INFO: JdwpEventCenterDelegate: jdwpSetEventRequest: JdwpEventRequest{requestId=102, eventKind=THREAD_START, suspendPolicy=NONE, predicates=[]}
17:28:13.170 INFO: JdwpDebugServer: handling req: EventRequest(15).Set(1)
17:28:13.170 INFO: JdwpEventCenterDelegate: jdwpSetEventRequest: JdwpEventRequest{requestId=103, eventKind=THREAD_DEATH, suspendPolicy=NONE, predicates=[]}
17:28:13.171 INFO: JdwpDebugServer: handling req: EventRequest(15).Set(1)
17:28:13.171 INFO: JdwpEventCenterDelegate: jdwpSetEventRequest: JdwpEventRequest{requestId=104, eventKind=CLASS_PREPARE, suspendPolicy=EVENT_THREAD, predicates=[className=sun.instrument.InstrumentationImpl]}
17:28:13.171 INFO: JdwpDebugServer: handling req: EventRequest(15).Set(1)
17:28:13.171 INFO: JdwpEventCenterDelegate: jdwpSetEventRequest: JdwpEventRequest{requestId=105, eventKind=CLASS_PREPARE, suspendPolicy=EVENT_THREAD, predicates=[className=sun.instrument.InstrumentationImpl]}
17:28:13.770 INFO: JdwpDebugServer: handling req: VirtualMachine(1).Resume(9)
17:28:13.824 INFO: JdwpEventCenterDelegate: THREAD_STARTED: thread (33, main, main)
17:28:13.844 INFO: JdwpEventCenterDelegate: THREAD_STARTED: thread (48, ReferenceQueueDaemon, main)
17:28:13.850 INFO: JdwpEventCenterDelegate: THREAD_STARTED: thread (63, FinalizerDaemon, main)
17:28:13.856 INFO: JdwpEventCenterDelegate: THREAD_STARTED: thread (78, FinalizerWatchdogDaemon, main)
17:28:13.859 INFO: JdwpEventCenterDelegate: THREAD_RESUMED: thread (33, main, main)
17:28:13.861 INFO: JdwpEventCenterDelegate: THREAD_RESUMED: thread (33, main, main)
17:28:13.862 INFO: JdwpEventCenterDelegate: THREAD_RESUMED: thread (33, main, main)
17:28:13.863 INFO: JdwpEventCenterDelegate: THREAD_RESUMED: thread (33, main, main)
17:28:13.864 INFO: JdwpEventCenterDelegate: THREAD_RESUMED: thread (33, main, main)
17:28:13.865 INFO: JdwpEventCenterDelegate: THREAD_RESUMED: thread (33, main, main)
17:28:13.866 INFO: JdwpEventCenterDelegate: THREAD_RESUMED: thread (33, main, main)
17:28:13.867 INFO: JdwpEventCenterDelegate: THREAD_RESUMED: thread (33, main, main)
17:28:13.869 INFO: JdwpEventCenterDelegate: THREAD_RESUMED: thread (33, main, main)
17:28:13.870 INFO: JdwpEventCenterDelegate: THREAD_RESUMED: thread (33, main, main)
17:28:13.871 INFO: JdwpEventCenterDelegate: THREAD_RESUMED: thread (33, main, main)
17:28:13.872 INFO: JdwpEventCenterDelegate: THREAD_RESUMED: thread (33, main, main)
17:28:13.873 INFO: JdwpEventCenterDelegate: THREAD_RESUMED: thread (33, main, main)
17:28:13.874 INFO: JdwpEventCenterDelegate: THREAD_RESUMED: thread (33, main, main)
17:28:13.875 INFO: JdwpEventCenterDelegate: THREAD_RESUMED: thread (33, main, main)
17:28:13.876 INFO: JdwpEventCenterDelegate: THREAD_RESUMED: thread (33, main, main)
17:28:13.878 INFO: JdwpEventCenterDelegate: THREAD_RESUMED: thread (33, main, main)
17:28:13.879 INFO: JdwpEventCenterDelegate: THREAD_RESUMED: thread (33, main, main)
17:28:13.883 INFO: JdwpEventCenterDelegate: THREAD_RESUMED: thread (33, main, main)
17:28:13.884 INFO: JdwpEventCenterDelegate: THREAD_RESUMED: thread (33, main, main)
17:28:13.886 INFO: JdwpEventCenterDelegate: THREAD_RESUMED: thread (33, main, main)
17:28:13.887 INFO: JdwpEventCenterDelegate: THREAD_RESUMED: thread (33, main, main)
17:28:13.889 INFO: JdwpEventCenterDelegate: THREAD_RESUMED: thread (33, main, main)
17:28:13.890 INFO: JdwpEventCenterDelegate: THREAD_RESUMED: thread (33, main, main)
17:28:13.892 INFO: JdwpEventCenterDelegate: THREAD_RESUMED: thread (33, main, main)
17:28:13.923 INFO: JdwpEventCenterDelegate: THREAD_RESUMED: thread (33, main, main)
17:28:13.925 INFO: JdwpEventCenterDelegate: THREAD_RESUMED: thread (33, main, main)
17:28:13.926 INFO: JdwpEventCenterDelegate: THREAD_RESUMED: thread (33, main, main)
17:28:13.928 INFO: JdwpEventCenterDelegate: THREAD_RESUMED: thread (33, main, main)
17:28:13.929 INFO: JdwpEventCenterDelegate: THREAD_RESUMED: thread (33, main, main)
17:28:13.930 INFO: JdwpEventCenterDelegate: THREAD_RESUMED: thread (33, main, main)
17:28:13.932 INFO: JdwpEventCenterDelegate: THREAD_RESUMED: thread (33, main, main)
17:28:13.934 INFO: JdwpEventCenterDelegate: THREAD_RESUMED: thread (33, main, main)
17:28:13.936 INFO: JdwpEventCenterDelegate: THREAD_RESUMED: thread (33, main, main)
17:28:13.937 INFO: JdwpEventCenterDelegate: THREAD_RESUMED: thread (33, main, main)
17:28:13.939 INFO: JdwpEventCenterDelegate: THREAD_RESUMED: thread (33, main, main)
17:28:13.941 INFO: JdwpEventCenterDelegate: THREAD_RESUMED: thread (33, main, main)
17:28:13.942 INFO: JdwpEventCenterDelegate: THREAD_RESUMED: thread (33, main, main)
17:28:13.944 INFO: JdwpEventCenterDelegate: THREAD_RESUMED: thread (33, main, main)
17:28:13.959 INFO: JdwpEventCenterDelegate: THREAD_RESUMED: thread (33, main, main)
17:28:13.961 INFO: JdwpEventCenterDelegate: THREAD_RESUMED: thread (33, main, main)
17:28:13.962 INFO: JdwpEventCenterDelegate: THREAD_RESUMED: thread (33, main, main)
17:28:13.963 INFO: JdwpEventCenterDelegate: THREAD_RESUMED: thread (33, main, main)
17:28:13.965 INFO: JdwpEventCenterDelegate: THREAD_RESUMED: thread (33, main, main)
17:28:13.967 INFO: JdwpEventCenterDelegate: THREAD_RESUMED: thread (33, main, main)
17:28:13.968 INFO: JdwpEventCenterDelegate: THREAD_RESUMED: thread (33, main, main)
17:28:13.991 INFO: JdwpEventCenterDelegate: THREAD_RESUMED: thread (33, main, main)
17:28:13.993 INFO: JdwpEventCenterDelegate: THREAD_RESUMED: thread (33, main, main)
17:28:13.994 INFO: JdwpEventCenterDelegate: THREAD_RESUMED: thread (33, main, main)
17:28:13.996 INFO: JdwpEventCenterDelegate: THREAD_RESUMED: thread (33, main, main)
17:28:13.997 INFO: JdwpEventCenterDelegate: THREAD_RESUMED: thread (33, main, main)
17:28:13.998 INFO: JdwpEventCenterDelegate: THREAD_RESUMED: thread (33, main, main)
17:28:13.999 INFO: JdwpEventCenterDelegate: THREAD_RESUMED: thread (33, main, main)
17:28:14.025 INFO: JdwpEventCenterDelegate: THREAD_RESUMED: thread (33, main, main)
17:28:14.027 INFO: JdwpEventCenterDelegate: THREAD_RESUMED: thread (33, main, main)
17:28:14.028 INFO: JdwpEventCenterDelegate: THREAD_RESUMED: thread (33, main, main)
17:28:14.029 INFO: JdwpEventCenterDelegate: THREAD_RESUMED: thread (33, main, main)
17:28:14.031 INFO: JdwpEventCenterDelegate: THREAD_RESUMED: thread (33, main, main)
17:28:14.032 INFO: JdwpEventCenterDelegate: THREAD_RESUMED: thread (33, main, main)
17:28:14.034 INFO: JdwpEventCenterDelegate: THREAD_RESUMED: thread (33, main, main)
17:28:14.045 INFO: JdwpEventCenterDelegate: THREAD_RESUMED: thread (33, main, main)
17:28:14.046 INFO: JdwpEventCenterDelegate: THREAD_RESUMED: thread (33, main, main)
17:28:14.047 INFO: JdwpEventCenterDelegate: THREAD_RESUMED: thread (33, main, main)
17:28:14.049 INFO: JdwpEventCenterDelegate: THREAD_RESUMED: thread (33, main, main)
17:28:14.051 INFO: JdwpEventCenterDelegate: THREAD_RESUMED: thread (33, main, main)
17:28:14.052 INFO: JdwpEventCenterDelegate: THREAD_RESUMED: thread (33, main, main)
17:28:14.054 INFO: JdwpEventCenterDelegate: THREAD_RESUMED: thread (33, main, main)
17:28:14.063 INFO: JdwpEventCenterDelegate: THREAD_RESUMED: thread (33, main, main)
17:28:14.064 INFO: JdwpEventCenterDelegate: THREAD_RESUMED: thread (33, main, main)
17:28:14.065 INFO: JdwpEventCenterDelegate: THREAD_RESUMED: thread (33, main, main)
17:28:14.067 INFO: JdwpEventCenterDelegate: THREAD_RESUMED: thread (33, main, main)
17:28:14.068 INFO: JdwpEventCenterDelegate: THREAD_RESUMED: thread (33, main, main)
17:28:14.069 INFO: JdwpEventCenterDelegate: THREAD_RESUMED: thread (33, main, main)
17:28:14.071 INFO: JdwpEventCenterDelegate: THREAD_RESUMED: thread (33, main, main)
17:28:14.072 INFO: JdwpEventCenterDelegate: THREAD_RESUMED: thread (33, main, main)
17:28:14.074 INFO: JdwpEventCenterDelegate: THREAD_RESUMED: thread (33, main, main)
17:28:14.075 INFO: JdwpEventCenterDelegate: THREAD_RESUMED: thread (33, main, main)
17:28:14.077 INFO: JdwpEventCenterDelegate: THREAD_RESUMED: thread (33, main, main)
17:28:14.078 INFO: JdwpEventCenterDelegate: THREAD_RESUMED: thread (33, main, main)
17:28:14.080 INFO: JdwpEventCenterDelegate: THREAD_RESUMED: thread (33, main, main)
17:28:14.082 INFO: JdwpEventCenterDelegate: THREAD_RESUMED: thread (33, main, main)
17:28:14.084 INFO: JdwpEventCenterDelegate: THREAD_RESUMED: thread (33, main, main)
17:28:14.086 INFO: JdwpEventCenterDelegate: THREAD_RESUMED: thread (33, main, main)
17:28:14.087 INFO: JdwpEventCenterDelegate: THREAD_RESUMED: thread (33, main, main)
17:28:14.089 INFO: JdwpEventCenterDelegate: THREAD_RESUMED: thread (33, main, main)
17:28:14.094 INFO: JdwpEventCenterDelegate: THREAD_RESUMED: thread (33, main, main)
17:28:14.095 INFO: JdwpEventCenterDelegate: THREAD_RESUMED: thread (33, main, main)
17:28:14.228 INFO: JdwpEventCenterDelegate: THREAD_STARTED: thread (93, AssetManager, main)
17:28:14.333 INFO: JdwpEventCenterDelegate: THREAD_RESUMED: thread (33, main, main)
17:28:14.335 INFO: JdwpEventCenterDelegate: THREAD_RESUMED: thread (33, main, main)
17:28:16.895 INFO: JdwpEventCenterDelegate: THREAD_RESUMED: thread (33, main, main)
17:28:17.001 INFO: JdwpEventCenterDelegate: THREAD_RESUMED: thread (33, main, main)
17:28:17.003 INFO: JdwpEventCenterDelegate: THREAD_RESUMED: thread (33, main, main)
17:28:17.004 INFO: JdwpEventCenterDelegate: THREAD_RESUMED: thread (33, main, main)
17:28:17.006 INFO: JdwpEventCenterDelegate: THREAD_RESUMED: thread (33, main, main)
17:28:17.008 INFO: JdwpEventCenterDelegate: THREAD_RESUMED: thread (33, main, main)
17:28:17.014 INFO: JdwpEventCenterDelegate: THREAD_RESUMED: thread (33, main, main)
17:28:17.026 INFO: JdwpEventCenterDelegate: THREAD_RESUMED: thread (33, main, main)
17:28:17.028 INFO: JdwpEventCenterDelegate: THREAD_RESUMED: thread (33, main, main)
17:28:17.030 INFO: JdwpEventCenterDelegate: THREAD_RESUMED: thread (33, main, main)
17:28:17.033 INFO: JdwpEventCenterDelegate: THREAD_RESUMED: thread (33, main, main)
17:28:17.035 INFO: JdwpEventCenterDelegate: THREAD_RESUMED: thread (33, main, main)
17:28:17.040 INFO: JdwpEventCenterDelegate: THREAD_RESUMED: thread (33, main, main)
17:28:17.055 INFO: JdwpEventCenterDelegate: THREAD_RESUMED: thread (33, main, main)
17:28:17.057 INFO: JdwpEventCenterDelegate: THREAD_RESUMED: thread (33, main, main)
17:28:17.059 INFO: JdwpEventCenterDelegate: THREAD_RESUMED: thread (33, main, main)
17:28:17.061 INFO: JdwpEventCenterDelegate: THREAD_RESUMED: thread (33, main, main)
17:28:17.064 INFO: JdwpEventCenterDelegate: THREAD_RESUMED: thread (33, main, main)
17:28:17.069 INFO: JdwpEventCenterDelegate: THREAD_RESUMED: thread (33, main, main)
17:28:17.087 INFO: JdwpEventCenterDelegate: THREAD_RESUMED: thread (33, main, main)
17:28:17.089 INFO: JdwpEventCenterDelegate: THREAD_RESUMED: thread (33, main, main)
17:28:17.091 INFO: JdwpEventCenterDelegate: THREAD_RESUMED: thread (33, main, main)
17:28:17.094 INFO: JdwpEventCenterDelegate: THREAD_RESUMED: thread (33, main, main)
17:28:17.096 INFO: JdwpEventCenterDelegate: THREAD_RESUMED: thread (33, main, main)
17:28:17.101 INFO: JdwpEventCenterDelegate: THREAD_RESUMED: thread (33, main, main)
17:28:17.116 INFO: JdwpEventCenterDelegate: THREAD_RESUMED: thread (33, main, main)
17:28:17.119 INFO: JdwpEventCenterDelegate: THREAD_RESUMED: thread (33, main, main)
17:28:17.121 INFO: JdwpEventCenterDelegate: THREAD_RESUMED: thread (33, main, main)
17:28:17.123 INFO: JdwpEventCenterDelegate: THREAD_RESUMED: thread (33, main, main)
17:28:17.125 INFO: JdwpEventCenterDelegate: THREAD_RESUMED: thread (33, main, main)
17:28:17.130 INFO: JdwpEventCenterDelegate: THREAD_RESUMED: thread (33, main, main)
17:28:17.146 INFO: JdwpEventCenterDelegate: THREAD_RESUMED: thread (33, main, main)
17:28:17.148 INFO: JdwpEventCenterDelegate: THREAD_RESUMED: thread (33, main, main)
17:28:17.150 INFO: JdwpEventCenterDelegate: THREAD_RESUMED: thread (33, main, main)
17:28:17.152 INFO: JdwpEventCenterDelegate: THREAD_RESUMED: thread (33, main, main)
17:28:17.155 INFO: JdwpEventCenterDelegate: THREAD_RESUMED: thread (33, main, main)
17:28:17.160 INFO: JdwpEventCenterDelegate: THREAD_RESUMED: thread (33, main, main)
17:28:17.179 INFO: JdwpEventCenterDelegate: THREAD_RESUMED: thread (33, main, main)
17:28:17.181 INFO: JdwpEventCenterDelegate: THREAD_RESUMED: thread (33, main, main)
17:28:17.183 INFO: JdwpEventCenterDelegate: THREAD_RESUMED: thread (33, main, main)
17:28:17.186 INFO: JdwpEventCenterDelegate: THREAD_RESUMED: thread (33, main, main)
17:28:17.188 INFO: JdwpEventCenterDelegate: THREAD_RESUMED: thread (33, main, main)
17:28:17.193 INFO: JdwpEventCenterDelegate: THREAD_RESUMED: thread (33, main, main)
17:28:17.212 INFO: JdwpEventCenterDelegate: THREAD_RESUMED: thread (33, main, main)
17:28:17.214 INFO: JdwpEventCenterDelegate: THREAD_RESUMED: thread (33, main, main)
17:28:17.217 INFO: JdwpEventCenterDelegate: THREAD_RESUMED: thread (33, main, main)
17:28:17.218 INFO: JdwpEventCenterDelegate: THREAD_RESUMED: thread (33, main, main)
17:28:17.221 INFO: JdwpEventCenterDelegate: THREAD_RESUMED: thread (33, main, main)
17:28:17.226 INFO: JdwpEventCenterDelegate: THREAD_RESUMED: thread (33, main, main)
17:28:17.244 INFO: JdwpEventCenterDelegate: THREAD_RESUMED: thread (33, main, main)
17:28:17.247 INFO: JdwpEventCenterDelegate: THREAD_RESUMED: thread (33, main, main)
17:28:17.249 INFO: JdwpEventCenterDelegate: THREAD_RESUMED: thread (33, main, main)
17:28:17.251 INFO: JdwpEventCenterDelegate: THREAD_RESUMED: thread (33, main, main)
17:28:17.253 INFO: JdwpEventCenterDelegate: THREAD_RESUMED: thread (33, main, main)
17:28:17.258 INFO: JdwpEventCenterDelegate: THREAD_RESUMED: thread (33, main, main)
17:28:17.277 INFO: JdwpEventCenterDelegate: THREAD_RESUMED: thread (33, main, main)
17:28:17.279 INFO: JdwpEventCenterDelegate: THREAD_RESUMED: thread (33, main, main)
17:28:17.280 INFO: JdwpEventCenterDelegate: THREAD_RESUMED: thread (33, main, main)
17:28:17.282 INFO: JdwpEventCenterDelegate: THREAD_RESUMED: thread (33, main, main)
17:28:17.285 INFO: JdwpEventCenterDelegate: THREAD_RESUMED: thread (33, main, main)
17:28:17.289 INFO: JdwpEventCenterDelegate: THREAD_RESUMED: thread (33, main, main)
17:28:17.305 INFO: JdwpEventCenterDelegate: THREAD_RESUMED: thread (33, main, main)
17:28:17.307 INFO: JdwpEventCenterDelegate: THREAD_RESUMED: thread (33, main, main)
17:28:17.309 INFO: JdwpEventCenterDelegate: THREAD_RESUMED: thread (33, main, main)
17:28:17.311 INFO: JdwpEventCenterDelegate: THREAD_RESUMED: thread (33, main, main)
17:28:17.313 INFO: JdwpEventCenterDelegate: THREAD_RESUMED: thread (33, main, main)
17:28:17.318 INFO: JdwpEventCenterDelegate: THREAD_RESUMED: thread (33, main, main)
17:28:17.338 INFO: JdwpEventCenterDelegate: THREAD_RESUMED: thread (33, main, main)
17:28:17.340 INFO: JdwpEventCenterDelegate: THREAD_RESUMED: thread (33, main, main)
17:28:17.342 INFO: JdwpEventCenterDelegate: THREAD_RESUMED: thread (33, main, main)
17:28:17.344 INFO: JdwpEventCenterDelegate: THREAD_RESUMED: thread (33, main, main)
17:28:17.347 INFO: JdwpEventCenterDelegate: THREAD_RESUMED: thread (33, main, main)
17:28:17.351 INFO: JdwpEventCenterDelegate: THREAD_RESUMED: thread (33, main, main)
17:28:17.374 INFO: JdwpEventCenterDelegate: THREAD_RESUMED: thread (33, main, main)
17:28:17.376 INFO: JdwpEventCenterDelegate: THREAD_RESUMED: thread (33, main, main)
17:28:17.378 INFO: JdwpEventCenterDelegate: THREAD_RESUMED: thread (33, main, main)
17:28:17.380 INFO: JdwpEventCenterDelegate: THREAD_RESUMED: thread (33, main, main)
17:28:17.382 INFO: JdwpEventCenterDelegate: THREAD_RESUMED: thread (33, main, main)
17:28:17.387 INFO: JdwpEventCenterDelegate: THREAD_RESUMED: thread (33, main, main)
17:28:17.406 INFO: JdwpEventCenterDelegate: THREAD_RESUMED: thread (33, main, main)
17:28:17.408 INFO: JdwpEventCenterDelegate: THREAD_RESUMED: thread (33, main, main)
17:28:17.411 INFO: JdwpEventCenterDelegate: THREAD_RESUMED: thread (33, main, main)
17:28:17.413 INFO: JdwpEventCenterDelegate: THREAD_RESUMED: thread (33, main, main)
17:28:17.415 INFO: JdwpEventCenterDelegate: THREAD_RESUMED: thread (33, main, main)
17:28:17.420 INFO: JdwpEventCenterDelegate: THREAD_RESUMED: thread (33, main, main)
17:28:17.433 INFO: JdwpEventCenterDelegate: THREAD_RESUMED: thread (33, main, main)
17:28:17.436 INFO: JdwpEventCenterDelegate: THREAD_RESUMED: thread (33, main, main)
17:28:17.438 INFO: JdwpEventCenterDelegate: THREAD_RESUMED: thread (33, main, main)
17:28:17.440 INFO: JdwpEventCenterDelegate: THREAD_RESUMED: thread (33, main, main)
17:28:17.442 INFO: JdwpEventCenterDelegate: THREAD_RESUMED: thread (33, main, main)
17:28:17.447 INFO: JdwpEventCenterDelegate: THREAD_RESUMED: thread (33, main, main)
17:28:17.449 INFO: JdwpEventCenterDelegate: THREAD_RESUMED: thread (33, main, main)
17:28:17.452 INFO: JdwpEventCenterDelegate: THREAD_RESUMED: thread (33, main, main)
17:28:17.454 INFO: JdwpEventCenterDelegate: THREAD_RESUMED: thread (33, main, main)
17:28:17.457 INFO: JdwpEventCenterDelegate: THREAD_RESUMED: thread (33, main, main)
17:28:17.459 INFO: JdwpEventCenterDelegate: THREAD_RESUMED: thread (33, main, main)
17:28:17.461 INFO: JdwpEventCenterDelegate: THREAD_RESUMED: thread (33, main, main)
17:28:17.466 INFO: JdwpEventCenterDelegate: THREAD_RESUMED: thread (33, main, main)
17:28:17.468 INFO: JdwpEventCenterDelegate: THREAD_RESUMED: thread (33, main, main)
17:28:17.470 INFO: JdwpEventCenterDelegate: THREAD_RESUMED: thread (33, main, main)
17:28:17.473 INFO: JdwpEventCenterDelegate: THREAD_RESUMED: thread (33, main, main)
17:28:17.499 INFO: JdwpEventCenterDelegate: THREAD_RESUMED: thread (33, main, main)
17:28:17.501 INFO: JdwpEventCenterDelegate: THREAD_RESUMED: thread (33, main, main)
17:28:17.502 INFO: JdwpEventCenterDelegate: THREAD_RESUMED: thread (33, main, main)
17:28:17.504 INFO: JdwpEventCenterDelegate: THREAD_RESUMED: thread (33, main, main)
17:28:17.505 INFO: JdwpEventCenterDelegate: THREAD_RESUMED: thread (33, main, main)
17:28:17.509 INFO: JdwpEventCenterDelegate: THREAD_RESUMED: thread (33, main, main)
17:28:17.522 INFO: JdwpEventCenterDelegate: THREAD_RESUMED: thread (33, main, main)
17:28:17.535 INFO: JdwpEventCenterDelegate: THREAD_RESUMED: thread (33, main, main)
17:28:17.546 INFO: JdwpEventCenterDelegate: THREAD_RESUMED: thread (33, main, main)
17:28:17.559 INFO: JdwpEventCenterDelegate: THREAD_RESUMED: thread (33, main, main)
17:28:17.592 INFO: JdwpEventCenterDelegate: THREAD_RESUMED: thread (33, main, main)
17:28:17.594 INFO: JdwpEventCenterDelegate: THREAD_RESUMED: thread (33, main, main)
17:28:17.597 INFO: JdwpEventCenterDelegate: THREAD_RESUMED: thread (33, main, main)
17:28:17.599 INFO: JdwpEventCenterDelegate: THREAD_RESUMED: thread (33, main, main)
17:28:17.601 INFO: JdwpEventCenterDelegate: THREAD_RESUMED: thread (33, main, main)
17:28:17.606 INFO: JdwpEventCenterDelegate: THREAD_RESUMED: thread (33, main, main)
17:28:17.618 INFO: JdwpEventCenterDelegate: THREAD_RESUMED: thread (33, main, main)
17:28:17.620 INFO: JdwpEventCenterDelegate: THREAD_RESUMED: thread (33, main, main)
17:28:17.622 INFO: JdwpEventCenterDelegate: THREAD_RESUMED: thread (33, main, main)
17:28:17.624 INFO: JdwpEventCenterDelegate: THREAD_RESUMED: thread (33, main, main)
17:28:17.627 INFO: JdwpEventCenterDelegate: THREAD_RESUMED: thread (33, main, main)
17:28:17.632 INFO: JdwpEventCenterDelegate: THREAD_RESUMED: thread (33, main, main)
17:28:17.646 INFO: JdwpEventCenterDelegate: THREAD_RESUMED: thread (33, main, main)
17:28:17.648 INFO: JdwpEventCenterDelegate: THREAD_RESUMED: thread (33, main, main)
17:28:17.650 INFO: JdwpEventCenterDelegate: THREAD_RESUMED: thread (33, main, main)
17:28:17.653 INFO: JdwpEventCenterDelegate: THREAD_RESUMED: thread (33, main, main)
17:28:17.655 INFO: JdwpEventCenterDelegate: THREAD_RESUMED: thread (33, main, main)
17:28:17.659 INFO: JdwpEventCenterDelegate: THREAD_RESUMED: thread (33, main, main)
17:28:17.676 INFO: JdwpEventCenterDelegate: THREAD_RESUMED: thread (33, main, main)
17:28:17.679 INFO: JdwpEventCenterDelegate: THREAD_RESUMED: thread (33, main, main)
17:28:17.681 INFO: JdwpEventCenterDelegate: THREAD_RESUMED: thread (33, main, main)
17:28:17.683 INFO: JdwpEventCenterDelegate: THREAD_RESUMED: thread (33, main, main)
17:28:17.685 INFO: JdwpEventCenterDelegate: THREAD_RESUMED: thread (33, main, main)
17:28:17.690 INFO: JdwpEventCenterDelegate: THREAD_RESUMED: thread (33, main, main)
17:28:17.705 INFO: JdwpEventCenterDelegate: THREAD_RESUMED: thread (33, main, main)
17:28:17.707 INFO: JdwpEventCenterDelegate: THREAD_RESUMED: thread (33, main, main)
17:28:17.708 INFO: JdwpEventCenterDelegate: THREAD_RESUMED: thread (33, main, main)
17:28:17.710 INFO: JdwpEventCenterDelegate: THREAD_RESUMED: thread (33, main, main)
17:28:17.712 INFO: JdwpEventCenterDelegate: THREAD_RESUMED: thread (33, main, main)
17:28:17.717 INFO: JdwpEventCenterDelegate: THREAD_RESUMED: thread (33, main, main)
17:28:17.731 INFO: JdwpEventCenterDelegate: THREAD_RESUMED: thread (33, main, main)
17:28:17.733 INFO: JdwpEventCenterDelegate: THREAD_RESUMED: thread (33, main, main)
17:28:17.735 INFO: JdwpEventCenterDelegate: THREAD_RESUMED: thread (33, main, main)
17:28:17.737 INFO: JdwpEventCenterDelegate: THREAD_RESUMED: thread (33, main, main)
17:28:17.738 INFO: JdwpEventCenterDelegate: THREAD_RESUMED: thread (33, main, main)
17:28:17.743 INFO: JdwpEventCenterDelegate: THREAD_RESUMED: thread (33, main, main)
17:28:17.764 INFO: JdwpEventCenterDelegate: THREAD_RESUMED: thread (33, main, main)
17:28:17.766 INFO: JdwpEventCenterDelegate: THREAD_RESUMED: thread (33, main, main)
17:28:17.768 INFO: JdwpEventCenterDelegate: THREAD_RESUMED: thread (33, main, main)
17:28:17.770 INFO: JdwpEventCenterDelegate: THREAD_RESUMED: thread (33, main, main)
17:28:17.772 INFO: JdwpEventCenterDelegate: THREAD_RESUMED: thread (33, main, main)
17:28:17.777 INFO: JdwpEventCenterDelegate: THREAD_RESUMED: thread (33, main, main)
17:28:17.794 INFO: JdwpEventCenterDelegate: THREAD_RESUMED: thread (33, main, main)
17:28:17.796 INFO: JdwpEventCenterDelegate: THREAD_RESUMED: thread (33, main, main)
17:28:17.798 INFO: JdwpEventCenterDelegate: THREAD_RESUMED: thread (33, main, main)
17:28:17.800 INFO: JdwpEventCenterDelegate: THREAD_RESUMED: thread (33, main, main)
17:28:17.802 INFO: JdwpEventCenterDelegate: THREAD_RESUMED: thread (33, main, main)
17:28:17.807 INFO: JdwpEventCenterDelegate: THREAD_RESUMED: thread (33, main, main)
17:28:17.824 INFO: JdwpEventCenterDelegate: THREAD_RESUMED: thread (33, main, main)
17:28:17.826 INFO: JdwpEventCenterDelegate: THREAD_RESUMED: thread (33, main, main)
17:28:17.828 INFO: JdwpEventCenterDelegate: THREAD_RESUMED: thread (33, main, main)
17:28:17.829 INFO: JdwpEventCenterDelegate: THREAD_RESUMED: thread (33, main, main)
17:28:17.831 INFO: JdwpEventCenterDelegate: THREAD_RESUMED: thread (33, main, main)
17:28:17.835 INFO: JdwpEventCenterDelegate: THREAD_RESUMED: thread (33, main, main)
17:28:17.850 INFO: JdwpEventCenterDelegate: THREAD_RESUMED: thread (33, main, main)
17:28:17.852 INFO: JdwpEventCenterDelegate: THREAD_RESUMED: thread (33, main, main)
17:28:17.854 INFO: JdwpEventCenterDelegate: THREAD_RESUMED: thread (33, main, main)
17:28:17.856 INFO: JdwpEventCenterDelegate: THREAD_RESUMED: thread (33, main, main)
17:28:17.859 INFO: JdwpEventCenterDelegate: THREAD_RESUMED: thread (33, main, main)
17:28:17.864 INFO: JdwpEventCenterDelegate: THREAD_RESUMED: thread (33, main, main)
17:28:17.878 INFO: JdwpEventCenterDelegate: THREAD_RESUMED: thread (33, main, main)
17:28:17.880 INFO: JdwpEventCenterDelegate: THREAD_RESUMED: thread (33, main, main)
17:28:17.882 INFO: JdwpEventCenterDelegate: THREAD_RESUMED: thread (33, main, main)
17:28:17.884 INFO: JdwpEventCenterDelegate: THREAD_RESUMED: thread (33, main, main)
17:28:17.886 INFO: JdwpEventCenterDelegate: THREAD_RESUMED: thread (33, main, main)
17:28:17.891 INFO: JdwpEventCenterDelegate: THREAD_RESUMED: thread (33, main, main)
17:28:17.909 INFO: JdwpEventCenterDelegate: THREAD_RESUMED: thread (33, main, main)
17:28:17.912 INFO: JdwpEventCenterDelegate: THREAD_RESUMED: thread (33, main, main)
17:28:17.914 INFO: JdwpEventCenterDelegate: THREAD_RESUMED: thread (33, main, main)
17:28:17.916 INFO: JdwpEventCenterDelegate: THREAD_RESUMED: thread (33, main, main)
17:28:17.919 INFO: JdwpEventCenterDelegate: THREAD_RESUMED: thread (33, main, main)
17:28:17.923 INFO: JdwpEventCenterDelegate: THREAD_RESUMED: thread (33, main, main)
17:28:17.948 INFO: JdwpEventCenterDelegate: THREAD_RESUMED: thread (33, main, main)
17:28:17.950 INFO: JdwpEventCenterDelegate: THREAD_RESUMED: thread (33, main, main)
17:28:17.953 INFO: JdwpEventCenterDelegate: THREAD_RESUMED: thread (33, main, main)
17:28:17.954 INFO: JdwpEventCenterDelegate: THREAD_RESUMED: thread (33, main, main)
17:28:17.956 INFO: JdwpEventCenterDelegate: THREAD_RESUMED: thread (33, main, main)
17:28:17.961 INFO: JdwpEventCenterDelegate: THREAD_RESUMED: thread (33, main, main)
17:28:17.979 INFO: JdwpEventCenterDelegate: THREAD_RESUMED: thread (33, main, main)
17:28:17.981 INFO: JdwpEventCenterDelegate: THREAD_RESUMED: thread (33, main, main)
17:28:17.983 INFO: JdwpEventCenterDelegate: THREAD_RESUMED: thread (33, main, main)
17:28:17.986 INFO: JdwpEventCenterDelegate: THREAD_RESUMED: thread (33, main, main)
17:28:17.988 INFO: JdwpEventCenterDelegate: THREAD_RESUMED: thread (33, main, main)
17:28:17.993 INFO: JdwpEventCenterDelegate: THREAD_RESUMED: thread (33, main, main)
17:28:18.005 INFO: JdwpEventCenterDelegate: THREAD_RESUMED: thread (33, main, main)
17:28:18.007 INFO: JdwpEventCenterDelegate: THREAD_RESUMED: thread (33, main, main)
17:28:18.010 INFO: JdwpEventCenterDelegate: THREAD_RESUMED: thread (33, main, main)
17:28:18.012 INFO: JdwpEventCenterDelegate: THREAD_RESUMED: thread (33, main, main)
17:28:18.013 INFO: JdwpEventCenterDelegate: THREAD_RESUMED: thread (33, main, main)
17:30:54.278 INFO: JdwpEventCenterDelegate: THREAD_STARTED: thread (108, Timer, main)
17:30:55.152 INFO: JdwpEventCenterDelegate: THREAD_RESUMED: thread (33, main, main)
17:30:55.185 INFO: JdwpEventCenterDelegate: THREAD_RESUMED: thread (33, main, main)
17:30:55.208 INFO: JdwpEventCenterDelegate: THREAD_RESUMED: thread (33, main, main)
17:30:55.226 INFO: JdwpEventCenterDelegate: THREAD_RESUMED: thread (33, main, main)
17:30:55.265 INFO: JdwpEventCenterDelegate: THREAD_RESUMED: thread (33, main, main)
17:30:55.299 INFO: JdwpEventCenterDelegate: THREAD_RESUMED: thread (33, main, main)
17:30:55.316 INFO: JdwpEventCenterDelegate: THREAD_RESUMED: thread (33, main, main)
17:30:55.331 INFO: JdwpEventCenterDelegate: THREAD_RESUMED: thread (33, main, main)
17:30:55.337 INFO: JdwpEventCenterDelegate: THREAD_RESUMED: thread (33, main, main)
17:30:55.351 INFO: JdwpEventCenterDelegate: THREAD_RESUMED: thread (33, main, main)
17:30:55.382 INFO: JdwpEventCenterDelegate: THREAD_RESUMED: thread (33, main, main)
17:30:55.394 INFO: JdwpEventCenterDelegate: THREAD_RESUMED: thread (33, main, main)
17:30:55.407 INFO: JdwpEventCenterDelegate: THREAD_RESUMED: thread (33, main, main)
17:30:55.419 INFO: JdwpEventCenterDelegate: THREAD_RESUMED: thread (33, main, main)
17:30:55.454 INFO: JdwpEventCenterDelegate: THREAD_RESUMED: thread (33, main, main)
17:30:55.487 INFO: JdwpEventCenterDelegate: THREAD_RESUMED: thread (33, main, main)
17:30:55.503 INFO: JdwpEventCenterDelegate: THREAD_RESUMED: thread (33, main, main)
17:30:55.517 INFO: JdwpEventCenterDelegate: THREAD_RESUMED: thread (33, main, main)
17:30:55.523 INFO: JdwpEventCenterDelegate: THREAD_RESUMED: thread (33, main, main)
17:30:55.536 INFO: JdwpEventCenterDelegate: THREAD_RESUMED: thread (33, main, main)
17:30:56.437 INFO: JdwpEventCenterDelegate: THREAD_RESUMED: thread (33, main, main)
17:30:56.440 INFO: JdwpEventCenterDelegate: THREAD_RESUMED: thread (33, main, main)
17:30:56.443 INFO: JdwpEventCenterDelegate: THREAD_RESUMED: thread (33, main, main)
17:30:56.446 INFO: JdwpEventCenterDelegate: THREAD_RESUMED: thread (33, main, main)
17:30:56.449 INFO: JdwpEventCenterDelegate: THREAD_RESUMED: thread (33, main, main)
17:30:56.451 INFO: JdwpEventCenterDelegate: THREAD_RESUMED: thread (33, main, main)
17:30:56.454 INFO: JdwpEventCenterDelegate: THREAD_RESUMED: thread (33, main, main)
17:30:56.499 INFO: JdwpEventCenterDelegate: THREAD_STARTED: thread (123, Thread-7, main)
17:30:59.262 INFO: JdwpEventCenterDelegate: THREAD_RESUMED: thread (33, main, main)
17:30:59.263 INFO: JdwpEventCenterDelegate: THREAD_RESUMED: thread (33, main, main)
17:30:59.266 INFO: JdwpEventCenterDelegate: THREAD_RESUMED: thread (33, main, main)
17:30:59.269 INFO: JdwpEventCenterDelegate: THREAD_RESUMED: thread (33, main, main)
17:30:59.269 INFO: JdwpEventCenterDelegate: THREAD_DETTACHED: thread (33, main, main)
17:30:59.284 SEVERE: Debugger: Thread HooksChannel socket thread crashed
org.robovm.debugger.DebuggerException: java.io.IOException: org.robovm.libimobiledevice.LibIMobileDeviceException: IDEVICE_E_UNKNOWN_ERROR
	at org.robovm.debugger.hooks.HooksChannel.doSocketWork(HooksChannel.java:149)
	at java.base/java.lang.Thread.run(Thread.java:834)
	at org.robovm.debugger.utils.DebuggerThread.run(DebuggerThread.java:42)
Caused by: java.io.IOException: org.robovm.libimobiledevice.LibIMobileDeviceException: IDEVICE_E_UNKNOWN_ERROR
	at org.robovm.libimobiledevice.IDeviceConnection$DeviceInputStream.read(IDeviceConnection.java:203)
	at org.robovm.debugger.utils.bytebuffer.DataBufferWriter.writeFromStream(DataBufferWriter.java:89)
	at org.robovm.debugger.hooks.HooksChannel.doSocketWork(HooksChannel.java:116)
	... 2 more
Caused by: org.robovm.libimobiledevice.LibIMobileDeviceException: IDEVICE_E_UNKNOWN_ERROR
	at org.robovm.libimobiledevice.IDevice.checkResult(IDevice.java:206)
	at org.robovm.libimobiledevice.IDeviceConnection.receive(IDeviceConnection.java:110)
	at org.robovm.libimobiledevice.IDeviceConnection.receive(IDeviceConnection.java:81)
	at org.robovm.libimobiledevice.IDeviceConnection$DeviceInputStream.read(IDeviceConnection.java:201)
	... 4 more
17:30:59.791 SEVERE: Debugger: Thread JDWP server socket thread crashed
org.robovm.debugger.DebuggerException: java.net.SocketException: Socket closed
	at org.robovm.debugger.jdwp.JdwpDebugServer.doSocketWork(JdwpDebugServer.java:215)
	at java.base/java.lang.Thread.run(Thread.java:834)
	at org.robovm.debugger.utils.DebuggerThread.run(DebuggerThread.java:42)
Caused by: java.net.SocketException: Socket closed
	at java.base/java.net.SocketInputStream.socketRead0(Native Method)
	at java.base/java.net.SocketInputStream.socketRead(SocketInputStream.java:115)
	at java.base/java.net.SocketInputStream.read(SocketInputStream.java:168)
	at java.base/java.net.SocketInputStream.read(SocketInputStream.java:140)
	at org.robovm.debugger.utils.bytebuffer.DataBufferWriter.writeFromStream(DataBufferWriter.java:89)
	at org.robovm.debugger.jdwp.protocol.JdwpRequestHeader.readFromStream(JdwpRequestHeader.java:36)
	at org.robovm.debugger.jdwp.JdwpDebugServer.doSocketWork(JdwpDebugServer.java:185)
	... 2 more
