13:48:24.003 INFO: JdwpDebugServer: handling req: VirtualMachine(1).IDSizes(7)
13:48:24.003 INFO: JdwpDebugServer: handling req: EventRequest(15).Set(1)
13:48:24.003 INFO: JdwpEventCenterDelegate: jdwpSetEventRequest: JdwpEventRequest{requestId=100, eventKind=CLASS_PREPARE, suspendPolicy=NONE, predicates=[]}
13:48:24.003 INFO: JdwpDebugServer: handling req: EventRequest(15).Set(1)
13:48:24.003 INFO: JdwpEventCenterDelegate: jdwpSetEventRequest: JdwpEventRequest{requestId=101, eventKind=CLASS_UNLOAD, suspendPolicy=NONE, predicates=[]}
13:48:24.019 INFO: JdwpDebugServer: handling req: VirtualMachine(1).Version(1)
13:48:24.019 INFO: JdwpDebugServer: handling req: VirtualMachine(1).capabilitiesNew(17)
13:48:24.019 INFO: JdwpDebugServer: handling req: VirtualMachine(1).capabilities(12)
13:48:24.020 INFO: JdwpDebugServer: handling req: VirtualMachine(1).AllClassesWithGeneric(20)
13:48:24.023 INFO: JdwpDebugServer: handling req: VirtualMachine(1).TopLevelThreadGroups(5)
13:48:24.023 INFO: JdwpDebugServer: handling req: EventRequest(15).Set(1)
13:48:24.023 INFO: JdwpEventCenterDelegate: jdwpSetEventRequest: JdwpEventRequest{requestId=102, eventKind=THREAD_START, suspendPolicy=NONE, predicates=[]}
13:48:24.024 INFO: JdwpDebugServer: handling req: EventRequest(15).Set(1)
13:48:24.024 INFO: JdwpEventCenterDelegate: jdwpSetEventRequest: JdwpEventRequest{requestId=103, eventKind=THREAD_DEATH, suspendPolicy=NONE, predicates=[]}
13:48:24.025 INFO: JdwpDebugServer: handling req: EventRequest(15).Set(1)
13:48:24.025 INFO: JdwpEventCenterDelegate: jdwpSetEventRequest: JdwpEventRequest{requestId=104, eventKind=CLASS_PREPARE, suspendPolicy=EVENT_THREAD, predicates=[className=sun.instrument.InstrumentationImpl]}
13:48:24.025 INFO: JdwpDebugServer: handling req: EventRequest(15).Set(1)
13:48:24.025 INFO: JdwpEventCenterDelegate: jdwpSetEventRequest: JdwpEventRequest{requestId=105, eventKind=CLASS_PREPARE, suspendPolicy=EVENT_THREAD, predicates=[className=sun.instrument.InstrumentationImpl]}
13:48:24.651 INFO: JdwpDebugServer: handling req: VirtualMachine(1).Resume(9)
13:48:24.674 INFO: JdwpEventCenterDelegate: THREAD_STARTED: thread (33, main, main)
13:48:24.695 INFO: JdwpEventCenterDelegate: THREAD_STARTED: thread (48, ReferenceQueueDaemon, main)
13:48:24.702 INFO: JdwpEventCenterDelegate: THREAD_STARTED: thread (63, FinalizerDaemon, main)
13:48:24.708 INFO: JdwpEventCenterDelegate: THREAD_STARTED: thread (78, FinalizerWatchdogDaemon, main)
13:48:24.710 INFO: JdwpEventCenterDelegate: THREAD_RESUMED: thread (33, main, main)
13:48:24.711 INFO: JdwpEventCenterDelegate: THREAD_RESUMED: thread (33, main, main)
13:48:24.713 INFO: JdwpEventCenterDelegate: THREAD_RESUMED: thread (33, main, main)
13:48:24.714 INFO: JdwpEventCenterDelegate: THREAD_RESUMED: thread (33, main, main)
13:48:24.716 INFO: JdwpEventCenterDelegate: THREAD_RESUMED: thread (33, main, main)
13:48:24.718 INFO: JdwpEventCenterDelegate: THREAD_RESUMED: thread (33, main, main)
13:48:24.719 INFO: JdwpEventCenterDelegate: THREAD_RESUMED: thread (33, main, main)
13:48:24.721 INFO: JdwpEventCenterDelegate: THREAD_RESUMED: thread (33, main, main)
13:48:24.722 INFO: JdwpEventCenterDelegate: THREAD_RESUMED: thread (33, main, main)
13:48:24.724 INFO: JdwpEventCenterDelegate: THREAD_RESUMED: thread (33, main, main)
13:48:24.725 INFO: JdwpEventCenterDelegate: THREAD_RESUMED: thread (33, main, main)
13:48:24.727 INFO: JdwpEventCenterDelegate: THREAD_RESUMED: thread (33, main, main)
13:48:24.728 INFO: JdwpEventCenterDelegate: THREAD_RESUMED: thread (33, main, main)
13:48:24.730 INFO: JdwpEventCenterDelegate: THREAD_RESUMED: thread (33, main, main)
13:48:24.732 INFO: JdwpEventCenterDelegate: THREAD_RESUMED: thread (33, main, main)
13:48:24.733 INFO: JdwpEventCenterDelegate: THREAD_RESUMED: thread (33, main, main)
13:48:24.734 INFO: JdwpEventCenterDelegate: THREAD_RESUMED: thread (33, main, main)
13:48:24.736 INFO: JdwpEventCenterDelegate: THREAD_RESUMED: thread (33, main, main)
13:48:24.740 INFO: JdwpEventCenterDelegate: THREAD_RESUMED: thread (33, main, main)
13:48:24.742 INFO: JdwpEventCenterDelegate: THREAD_RESUMED: thread (33, main, main)
13:48:24.743 INFO: JdwpEventCenterDelegate: THREAD_RESUMED: thread (33, main, main)
13:48:24.745 INFO: JdwpEventCenterDelegate: THREAD_RESUMED: thread (33, main, main)
13:48:24.747 INFO: JdwpEventCenterDelegate: THREAD_RESUMED: thread (33, main, main)
13:48:24.748 INFO: JdwpEventCenterDelegate: THREAD_RESUMED: thread (33, main, main)
13:48:24.749 INFO: JdwpEventCenterDelegate: THREAD_RESUMED: thread (33, main, main)
13:48:24.779 INFO: JdwpEventCenterDelegate: THREAD_RESUMED: thread (33, main, main)
13:48:24.780 INFO: JdwpEventCenterDelegate: THREAD_RESUMED: thread (33, main, main)
13:48:24.782 INFO: JdwpEventCenterDelegate: THREAD_RESUMED: thread (33, main, main)
13:48:24.783 INFO: JdwpEventCenterDelegate: THREAD_RESUMED: thread (33, main, main)
13:48:24.785 INFO: JdwpEventCenterDelegate: THREAD_RESUMED: thread (33, main, main)
13:48:24.786 INFO: JdwpEventCenterDelegate: THREAD_RESUMED: thread (33, main, main)
13:48:24.787 INFO: JdwpEventCenterDelegate: THREAD_RESUMED: thread (33, main, main)
13:48:24.790 INFO: JdwpEventCenterDelegate: THREAD_RESUMED: thread (33, main, main)
13:48:24.791 INFO: JdwpEventCenterDelegate: THREAD_RESUMED: thread (33, main, main)
13:48:24.792 INFO: JdwpEventCenterDelegate: THREAD_RESUMED: thread (33, main, main)
13:48:24.794 INFO: JdwpEventCenterDelegate: THREAD_RESUMED: thread (33, main, main)
13:48:24.795 INFO: JdwpEventCenterDelegate: THREAD_RESUMED: thread (33, main, main)
13:48:24.796 INFO: JdwpEventCenterDelegate: THREAD_RESUMED: thread (33, main, main)
13:48:24.798 INFO: JdwpEventCenterDelegate: THREAD_RESUMED: thread (33, main, main)
13:48:24.812 INFO: JdwpEventCenterDelegate: THREAD_RESUMED: thread (33, main, main)
13:48:24.813 INFO: JdwpEventCenterDelegate: THREAD_RESUMED: thread (33, main, main)
13:48:24.815 INFO: JdwpEventCenterDelegate: THREAD_RESUMED: thread (33, main, main)
13:48:24.817 INFO: JdwpEventCenterDelegate: THREAD_RESUMED: thread (33, main, main)
13:48:24.818 INFO: JdwpEventCenterDelegate: THREAD_RESUMED: thread (33, main, main)
13:48:24.820 INFO: JdwpEventCenterDelegate: THREAD_RESUMED: thread (33, main, main)
13:48:24.821 INFO: JdwpEventCenterDelegate: THREAD_RESUMED: thread (33, main, main)
13:48:24.857 INFO: JdwpEventCenterDelegate: THREAD_RESUMED: thread (33, main, main)
13:48:24.858 INFO: JdwpEventCenterDelegate: THREAD_RESUMED: thread (33, main, main)
13:48:24.860 INFO: JdwpEventCenterDelegate: THREAD_RESUMED: thread (33, main, main)
13:48:24.861 INFO: JdwpEventCenterDelegate: THREAD_RESUMED: thread (33, main, main)
13:48:24.863 INFO: JdwpEventCenterDelegate: THREAD_RESUMED: thread (33, main, main)
13:48:24.864 INFO: JdwpEventCenterDelegate: THREAD_RESUMED: thread (33, main, main)
13:48:24.866 INFO: JdwpEventCenterDelegate: THREAD_RESUMED: thread (33, main, main)
13:48:24.877 INFO: JdwpEventCenterDelegate: THREAD_RESUMED: thread (33, main, main)
13:48:24.878 INFO: JdwpEventCenterDelegate: THREAD_RESUMED: thread (33, main, main)
13:48:24.880 INFO: JdwpEventCenterDelegate: THREAD_RESUMED: thread (33, main, main)
13:48:24.882 INFO: JdwpEventCenterDelegate: THREAD_RESUMED: thread (33, main, main)
13:48:24.883 INFO: JdwpEventCenterDelegate: THREAD_RESUMED: thread (33, main, main)
13:48:24.885 INFO: JdwpEventCenterDelegate: THREAD_RESUMED: thread (33, main, main)
13:48:24.887 INFO: JdwpEventCenterDelegate: THREAD_RESUMED: thread (33, main, main)
13:48:24.896 INFO: JdwpEventCenterDelegate: THREAD_RESUMED: thread (33, main, main)
13:48:24.898 INFO: JdwpEventCenterDelegate: THREAD_RESUMED: thread (33, main, main)
13:48:24.900 INFO: JdwpEventCenterDelegate: THREAD_RESUMED: thread (33, main, main)
13:48:24.902 INFO: JdwpEventCenterDelegate: THREAD_RESUMED: thread (33, main, main)
13:48:24.903 INFO: JdwpEventCenterDelegate: THREAD_RESUMED: thread (33, main, main)
13:48:24.905 INFO: JdwpEventCenterDelegate: THREAD_RESUMED: thread (33, main, main)
13:48:24.906 INFO: JdwpEventCenterDelegate: THREAD_RESUMED: thread (33, main, main)
13:48:24.908 INFO: JdwpEventCenterDelegate: THREAD_RESUMED: thread (33, main, main)
13:48:24.910 INFO: JdwpEventCenterDelegate: THREAD_RESUMED: thread (33, main, main)
13:48:24.912 INFO: JdwpEventCenterDelegate: THREAD_RESUMED: thread (33, main, main)
13:48:24.914 INFO: JdwpEventCenterDelegate: THREAD_RESUMED: thread (33, main, main)
13:48:24.916 INFO: JdwpEventCenterDelegate: THREAD_RESUMED: thread (33, main, main)
13:48:24.917 INFO: JdwpEventCenterDelegate: THREAD_RESUMED: thread (33, main, main)
13:48:24.918 INFO: JdwpEventCenterDelegate: THREAD_RESUMED: thread (33, main, main)
13:48:24.920 INFO: JdwpEventCenterDelegate: THREAD_RESUMED: thread (33, main, main)
13:48:24.921 INFO: JdwpEventCenterDelegate: THREAD_RESUMED: thread (33, main, main)
13:48:24.922 INFO: JdwpEventCenterDelegate: THREAD_RESUMED: thread (33, main, main)
13:48:24.924 INFO: JdwpEventCenterDelegate: THREAD_RESUMED: thread (33, main, main)
13:48:24.928 INFO: JdwpEventCenterDelegate: THREAD_RESUMED: thread (33, main, main)
13:48:24.929 INFO: JdwpEventCenterDelegate: THREAD_RESUMED: thread (33, main, main)
13:48:25.051 INFO: JdwpEventCenterDelegate: THREAD_STARTED: thread (93, AssetManager, main)
13:48:25.152 INFO: JdwpEventCenterDelegate: THREAD_RESUMED: thread (33, main, main)
13:48:25.155 INFO: JdwpEventCenterDelegate: THREAD_RESUMED: thread (33, main, main)
13:48:27.715 INFO: JdwpEventCenterDelegate: THREAD_RESUMED: thread (33, main, main)
13:48:27.816 INFO: JdwpEventCenterDelegate: THREAD_RESUMED: thread (33, main, main)
13:48:27.818 INFO: JdwpEventCenterDelegate: THREAD_RESUMED: thread (33, main, main)
13:48:27.820 INFO: JdwpEventCenterDelegate: THREAD_RESUMED: thread (33, main, main)
13:48:27.821 INFO: JdwpEventCenterDelegate: THREAD_RESUMED: thread (33, main, main)
13:48:27.823 INFO: JdwpEventCenterDelegate: THREAD_RESUMED: thread (33, main, main)
13:48:27.829 INFO: JdwpEventCenterDelegate: THREAD_RESUMED: thread (33, main, main)
13:48:27.841 INFO: JdwpEventCenterDelegate: THREAD_RESUMED: thread (33, main, main)
13:48:27.843 INFO: JdwpEventCenterDelegate: THREAD_RESUMED: thread (33, main, main)
13:48:27.845 INFO: JdwpEventCenterDelegate: THREAD_RESUMED: thread (33, main, main)
13:48:27.847 INFO: JdwpEventCenterDelegate: THREAD_RESUMED: thread (33, main, main)
13:48:27.849 INFO: JdwpEventCenterDelegate: THREAD_RESUMED: thread (33, main, main)
13:48:27.854 INFO: JdwpEventCenterDelegate: THREAD_RESUMED: thread (33, main, main)
13:48:27.869 INFO: JdwpEventCenterDelegate: THREAD_RESUMED: thread (33, main, main)
13:48:27.871 INFO: JdwpEventCenterDelegate: THREAD_RESUMED: thread (33, main, main)
13:48:27.873 INFO: JdwpEventCenterDelegate: THREAD_RESUMED: thread (33, main, main)
13:48:27.875 INFO: JdwpEventCenterDelegate: THREAD_RESUMED: thread (33, main, main)
13:48:27.877 INFO: JdwpEventCenterDelegate: THREAD_RESUMED: thread (33, main, main)
13:48:27.882 INFO: JdwpEventCenterDelegate: THREAD_RESUMED: thread (33, main, main)
13:48:27.900 INFO: JdwpEventCenterDelegate: THREAD_RESUMED: thread (33, main, main)
13:48:27.902 INFO: JdwpEventCenterDelegate: THREAD_RESUMED: thread (33, main, main)
13:48:27.904 INFO: JdwpEventCenterDelegate: THREAD_RESUMED: thread (33, main, main)
13:48:27.907 INFO: JdwpEventCenterDelegate: THREAD_RESUMED: thread (33, main, main)
13:48:27.909 INFO: JdwpEventCenterDelegate: THREAD_RESUMED: thread (33, main, main)
13:48:27.914 INFO: JdwpEventCenterDelegate: THREAD_RESUMED: thread (33, main, main)
13:48:27.929 INFO: JdwpEventCenterDelegate: THREAD_RESUMED: thread (33, main, main)
13:48:27.931 INFO: JdwpEventCenterDelegate: THREAD_RESUMED: thread (33, main, main)
13:48:27.933 INFO: JdwpEventCenterDelegate: THREAD_RESUMED: thread (33, main, main)
13:48:27.935 INFO: JdwpEventCenterDelegate: THREAD_RESUMED: thread (33, main, main)
13:48:27.937 INFO: JdwpEventCenterDelegate: THREAD_RESUMED: thread (33, main, main)
13:48:27.942 INFO: JdwpEventCenterDelegate: THREAD_RESUMED: thread (33, main, main)
13:48:27.958 INFO: JdwpEventCenterDelegate: THREAD_RESUMED: thread (33, main, main)
13:48:27.960 INFO: JdwpEventCenterDelegate: THREAD_RESUMED: thread (33, main, main)
13:48:27.962 INFO: JdwpEventCenterDelegate: THREAD_RESUMED: thread (33, main, main)
13:48:27.964 INFO: JdwpEventCenterDelegate: THREAD_RESUMED: thread (33, main, main)
13:48:27.966 INFO: JdwpEventCenterDelegate: THREAD_RESUMED: thread (33, main, main)
13:48:27.971 INFO: JdwpEventCenterDelegate: THREAD_RESUMED: thread (33, main, main)
13:48:27.993 INFO: JdwpEventCenterDelegate: THREAD_RESUMED: thread (33, main, main)
13:48:27.995 INFO: JdwpEventCenterDelegate: THREAD_RESUMED: thread (33, main, main)
13:48:27.997 INFO: JdwpEventCenterDelegate: THREAD_RESUMED: thread (33, main, main)
13:48:27.999 INFO: JdwpEventCenterDelegate: THREAD_RESUMED: thread (33, main, main)
13:48:28.001 INFO: JdwpEventCenterDelegate: THREAD_RESUMED: thread (33, main, main)
13:48:28.006 INFO: JdwpEventCenterDelegate: THREAD_RESUMED: thread (33, main, main)
13:48:28.026 INFO: JdwpEventCenterDelegate: THREAD_RESUMED: thread (33, main, main)
13:48:28.028 INFO: JdwpEventCenterDelegate: THREAD_RESUMED: thread (33, main, main)
13:48:28.030 INFO: JdwpEventCenterDelegate: THREAD_RESUMED: thread (33, main, main)
13:48:28.032 INFO: JdwpEventCenterDelegate: THREAD_RESUMED: thread (33, main, main)
13:48:28.033 INFO: JdwpEventCenterDelegate: THREAD_RESUMED: thread (33, main, main)
13:48:28.037 INFO: JdwpEventCenterDelegate: THREAD_RESUMED: thread (33, main, main)
13:48:28.056 INFO: JdwpEventCenterDelegate: THREAD_RESUMED: thread (33, main, main)
13:48:28.059 INFO: JdwpEventCenterDelegate: THREAD_RESUMED: thread (33, main, main)
13:48:28.061 INFO: JdwpEventCenterDelegate: THREAD_RESUMED: thread (33, main, main)
13:48:28.063 INFO: JdwpEventCenterDelegate: THREAD_RESUMED: thread (33, main, main)
13:48:28.065 INFO: JdwpEventCenterDelegate: THREAD_RESUMED: thread (33, main, main)
13:48:28.070 INFO: JdwpEventCenterDelegate: THREAD_RESUMED: thread (33, main, main)
13:48:28.085 INFO: JdwpEventCenterDelegate: THREAD_RESUMED: thread (33, main, main)
13:48:28.087 INFO: JdwpEventCenterDelegate: THREAD_RESUMED: thread (33, main, main)
13:48:28.089 INFO: JdwpEventCenterDelegate: THREAD_RESUMED: thread (33, main, main)
13:48:28.092 INFO: JdwpEventCenterDelegate: THREAD_RESUMED: thread (33, main, main)
13:48:28.094 INFO: JdwpEventCenterDelegate: THREAD_RESUMED: thread (33, main, main)
13:48:28.098 INFO: JdwpEventCenterDelegate: THREAD_RESUMED: thread (33, main, main)
13:48:28.113 INFO: JdwpEventCenterDelegate: THREAD_RESUMED: thread (33, main, main)
13:48:28.115 INFO: JdwpEventCenterDelegate: THREAD_RESUMED: thread (33, main, main)
13:48:28.117 INFO: JdwpEventCenterDelegate: THREAD_RESUMED: thread (33, main, main)
13:48:28.119 INFO: JdwpEventCenterDelegate: THREAD_RESUMED: thread (33, main, main)
13:48:28.121 INFO: JdwpEventCenterDelegate: THREAD_RESUMED: thread (33, main, main)
13:48:28.126 INFO: JdwpEventCenterDelegate: THREAD_RESUMED: thread (33, main, main)
13:48:28.146 INFO: JdwpEventCenterDelegate: THREAD_RESUMED: thread (33, main, main)
13:48:28.148 INFO: JdwpEventCenterDelegate: THREAD_RESUMED: thread (33, main, main)
13:48:28.150 INFO: JdwpEventCenterDelegate: THREAD_RESUMED: thread (33, main, main)
13:48:28.152 INFO: JdwpEventCenterDelegate: THREAD_RESUMED: thread (33, main, main)
13:48:28.154 INFO: JdwpEventCenterDelegate: THREAD_RESUMED: thread (33, main, main)
13:48:28.159 INFO: JdwpEventCenterDelegate: THREAD_RESUMED: thread (33, main, main)
13:48:28.181 INFO: JdwpEventCenterDelegate: THREAD_RESUMED: thread (33, main, main)
13:48:28.183 INFO: JdwpEventCenterDelegate: THREAD_RESUMED: thread (33, main, main)
13:48:28.185 INFO: JdwpEventCenterDelegate: THREAD_RESUMED: thread (33, main, main)
13:48:28.187 INFO: JdwpEventCenterDelegate: THREAD_RESUMED: thread (33, main, main)
13:48:28.189 INFO: JdwpEventCenterDelegate: THREAD_RESUMED: thread (33, main, main)
13:48:28.194 INFO: JdwpEventCenterDelegate: THREAD_RESUMED: thread (33, main, main)
13:48:28.212 INFO: JdwpEventCenterDelegate: THREAD_RESUMED: thread (33, main, main)
13:48:28.215 INFO: JdwpEventCenterDelegate: THREAD_RESUMED: thread (33, main, main)
13:48:28.217 INFO: JdwpEventCenterDelegate: THREAD_RESUMED: thread (33, main, main)
13:48:28.219 INFO: JdwpEventCenterDelegate: THREAD_RESUMED: thread (33, main, main)
13:48:28.221 INFO: JdwpEventCenterDelegate: THREAD_RESUMED: thread (33, main, main)
13:48:28.226 INFO: JdwpEventCenterDelegate: THREAD_RESUMED: thread (33, main, main)
13:48:28.239 INFO: JdwpEventCenterDelegate: THREAD_RESUMED: thread (33, main, main)
13:48:28.241 INFO: JdwpEventCenterDelegate: THREAD_RESUMED: thread (33, main, main)
13:48:28.243 INFO: JdwpEventCenterDelegate: THREAD_RESUMED: thread (33, main, main)
13:48:28.245 INFO: JdwpEventCenterDelegate: THREAD_RESUMED: thread (33, main, main)
13:48:28.248 INFO: JdwpEventCenterDelegate: THREAD_RESUMED: thread (33, main, main)
13:48:28.253 INFO: JdwpEventCenterDelegate: THREAD_RESUMED: thread (33, main, main)
13:48:28.255 INFO: JdwpEventCenterDelegate: THREAD_RESUMED: thread (33, main, main)
13:48:28.258 INFO: JdwpEventCenterDelegate: THREAD_RESUMED: thread (33, main, main)
13:48:28.260 INFO: JdwpEventCenterDelegate: THREAD_RESUMED: thread (33, main, main)
13:48:28.262 INFO: JdwpEventCenterDelegate: THREAD_RESUMED: thread (33, main, main)
13:48:28.264 INFO: JdwpEventCenterDelegate: THREAD_RESUMED: thread (33, main, main)
13:48:28.267 INFO: JdwpEventCenterDelegate: THREAD_RESUMED: thread (33, main, main)
13:48:28.271 INFO: JdwpEventCenterDelegate: THREAD_RESUMED: thread (33, main, main)
13:48:28.274 INFO: JdwpEventCenterDelegate: THREAD_RESUMED: thread (33, main, main)
13:48:28.276 INFO: JdwpEventCenterDelegate: THREAD_RESUMED: thread (33, main, main)
13:48:28.278 INFO: JdwpEventCenterDelegate: THREAD_RESUMED: thread (33, main, main)
13:48:28.289 INFO: JdwpEventCenterDelegate: THREAD_RESUMED: thread (33, main, main)
13:48:28.292 INFO: JdwpEventCenterDelegate: THREAD_RESUMED: thread (33, main, main)
13:48:28.294 INFO: JdwpEventCenterDelegate: THREAD_RESUMED: thread (33, main, main)
13:48:28.296 INFO: JdwpEventCenterDelegate: THREAD_RESUMED: thread (33, main, main)
13:48:28.298 INFO: JdwpEventCenterDelegate: THREAD_RESUMED: thread (33, main, main)
13:48:28.303 INFO: JdwpEventCenterDelegate: THREAD_RESUMED: thread (33, main, main)
13:48:28.319 INFO: JdwpEventCenterDelegate: THREAD_RESUMED: thread (33, main, main)
13:48:28.332 INFO: JdwpEventCenterDelegate: THREAD_RESUMED: thread (33, main, main)
13:48:28.343 INFO: JdwpEventCenterDelegate: THREAD_RESUMED: thread (33, main, main)
13:48:28.356 INFO: JdwpEventCenterDelegate: THREAD_RESUMED: thread (33, main, main)
13:48:28.387 INFO: JdwpEventCenterDelegate: THREAD_RESUMED: thread (33, main, main)
13:48:28.389 INFO: JdwpEventCenterDelegate: THREAD_RESUMED: thread (33, main, main)
13:48:28.391 INFO: JdwpEventCenterDelegate: THREAD_RESUMED: thread (33, main, main)
13:48:28.393 INFO: JdwpEventCenterDelegate: THREAD_RESUMED: thread (33, main, main)
13:48:28.396 INFO: JdwpEventCenterDelegate: THREAD_RESUMED: thread (33, main, main)
13:48:28.400 INFO: JdwpEventCenterDelegate: THREAD_RESUMED: thread (33, main, main)
13:48:28.412 INFO: JdwpEventCenterDelegate: THREAD_RESUMED: thread (33, main, main)
13:48:28.414 INFO: JdwpEventCenterDelegate: THREAD_RESUMED: thread (33, main, main)
13:48:28.417 INFO: JdwpEventCenterDelegate: THREAD_RESUMED: thread (33, main, main)
13:48:28.419 INFO: JdwpEventCenterDelegate: THREAD_RESUMED: thread (33, main, main)
13:48:28.421 INFO: JdwpEventCenterDelegate: THREAD_RESUMED: thread (33, main, main)
13:48:28.426 INFO: JdwpEventCenterDelegate: THREAD_RESUMED: thread (33, main, main)
13:48:28.440 INFO: JdwpEventCenterDelegate: THREAD_RESUMED: thread (33, main, main)
13:48:28.442 INFO: JdwpEventCenterDelegate: THREAD_RESUMED: thread (33, main, main)
13:48:28.444 INFO: JdwpEventCenterDelegate: THREAD_RESUMED: thread (33, main, main)
13:48:28.447 INFO: JdwpEventCenterDelegate: THREAD_RESUMED: thread (33, main, main)
13:48:28.449 INFO: JdwpEventCenterDelegate: THREAD_RESUMED: thread (33, main, main)
13:48:28.453 INFO: JdwpEventCenterDelegate: THREAD_RESUMED: thread (33, main, main)
13:48:28.474 INFO: JdwpEventCenterDelegate: THREAD_RESUMED: thread (33, main, main)
13:48:28.477 INFO: JdwpEventCenterDelegate: THREAD_RESUMED: thread (33, main, main)
13:48:28.479 INFO: JdwpEventCenterDelegate: THREAD_RESUMED: thread (33, main, main)
13:48:28.481 INFO: JdwpEventCenterDelegate: THREAD_RESUMED: thread (33, main, main)
13:48:28.482 INFO: JdwpEventCenterDelegate: THREAD_RESUMED: thread (33, main, main)
13:48:28.487 INFO: JdwpEventCenterDelegate: THREAD_RESUMED: thread (33, main, main)
13:48:28.502 INFO: JdwpEventCenterDelegate: THREAD_RESUMED: thread (33, main, main)
13:48:28.504 INFO: JdwpEventCenterDelegate: THREAD_RESUMED: thread (33, main, main)
13:48:28.506 INFO: JdwpEventCenterDelegate: THREAD_RESUMED: thread (33, main, main)
13:48:28.508 INFO: JdwpEventCenterDelegate: THREAD_RESUMED: thread (33, main, main)
13:48:28.510 INFO: JdwpEventCenterDelegate: THREAD_RESUMED: thread (33, main, main)
13:48:28.515 INFO: JdwpEventCenterDelegate: THREAD_RESUMED: thread (33, main, main)
13:48:28.530 INFO: JdwpEventCenterDelegate: THREAD_RESUMED: thread (33, main, main)
13:48:28.532 INFO: JdwpEventCenterDelegate: THREAD_RESUMED: thread (33, main, main)
13:48:28.534 INFO: JdwpEventCenterDelegate: THREAD_RESUMED: thread (33, main, main)
13:48:28.536 INFO: JdwpEventCenterDelegate: THREAD_RESUMED: thread (33, main, main)
13:48:28.538 INFO: JdwpEventCenterDelegate: THREAD_RESUMED: thread (33, main, main)
13:48:28.543 INFO: JdwpEventCenterDelegate: THREAD_RESUMED: thread (33, main, main)
13:48:28.560 INFO: JdwpEventCenterDelegate: THREAD_RESUMED: thread (33, main, main)
13:48:28.573 INFO: JdwpEventCenterDelegate: THREAD_RESUMED: thread (33, main, main)
13:48:28.576 INFO: JdwpEventCenterDelegate: THREAD_RESUMED: thread (33, main, main)
13:48:28.578 INFO: JdwpEventCenterDelegate: THREAD_RESUMED: thread (33, main, main)
13:48:28.579 INFO: JdwpEventCenterDelegate: THREAD_RESUMED: thread (33, main, main)
13:48:28.584 INFO: JdwpEventCenterDelegate: THREAD_RESUMED: thread (33, main, main)
13:48:28.601 INFO: JdwpEventCenterDelegate: THREAD_RESUMED: thread (33, main, main)
13:48:28.603 INFO: JdwpEventCenterDelegate: THREAD_RESUMED: thread (33, main, main)
13:48:28.605 INFO: JdwpEventCenterDelegate: THREAD_RESUMED: thread (33, main, main)
13:48:28.607 INFO: JdwpEventCenterDelegate: THREAD_RESUMED: thread (33, main, main)
13:48:28.608 INFO: JdwpEventCenterDelegate: THREAD_RESUMED: thread (33, main, main)
13:48:28.613 INFO: JdwpEventCenterDelegate: THREAD_RESUMED: thread (33, main, main)
13:48:28.630 INFO: JdwpEventCenterDelegate: THREAD_RESUMED: thread (33, main, main)
13:48:28.632 INFO: JdwpEventCenterDelegate: THREAD_RESUMED: thread (33, main, main)
13:48:28.634 INFO: JdwpEventCenterDelegate: THREAD_RESUMED: thread (33, main, main)
13:48:28.636 INFO: JdwpEventCenterDelegate: THREAD_RESUMED: thread (33, main, main)
13:48:28.638 INFO: JdwpEventCenterDelegate: THREAD_RESUMED: thread (33, main, main)
13:48:28.643 INFO: JdwpEventCenterDelegate: THREAD_RESUMED: thread (33, main, main)
13:48:28.657 INFO: JdwpEventCenterDelegate: THREAD_RESUMED: thread (33, main, main)
13:48:28.659 INFO: JdwpEventCenterDelegate: THREAD_RESUMED: thread (33, main, main)
13:48:28.662 INFO: JdwpEventCenterDelegate: THREAD_RESUMED: thread (33, main, main)
13:48:28.664 INFO: JdwpEventCenterDelegate: THREAD_RESUMED: thread (33, main, main)
13:48:28.665 INFO: JdwpEventCenterDelegate: THREAD_RESUMED: thread (33, main, main)
13:48:28.670 INFO: JdwpEventCenterDelegate: THREAD_RESUMED: thread (33, main, main)
13:48:28.684 INFO: JdwpEventCenterDelegate: THREAD_RESUMED: thread (33, main, main)
13:48:28.686 INFO: JdwpEventCenterDelegate: THREAD_RESUMED: thread (33, main, main)
13:48:28.688 INFO: JdwpEventCenterDelegate: THREAD_RESUMED: thread (33, main, main)
13:48:28.690 INFO: JdwpEventCenterDelegate: THREAD_RESUMED: thread (33, main, main)
13:48:28.693 INFO: JdwpEventCenterDelegate: THREAD_RESUMED: thread (33, main, main)
13:48:28.697 INFO: JdwpEventCenterDelegate: THREAD_RESUMED: thread (33, main, main)
13:48:28.720 INFO: JdwpEventCenterDelegate: THREAD_RESUMED: thread (33, main, main)
13:48:28.722 INFO: JdwpEventCenterDelegate: THREAD_RESUMED: thread (33, main, main)
13:48:28.724 INFO: JdwpEventCenterDelegate: THREAD_RESUMED: thread (33, main, main)
13:48:28.726 INFO: JdwpEventCenterDelegate: THREAD_RESUMED: thread (33, main, main)
13:48:28.728 INFO: JdwpEventCenterDelegate: THREAD_RESUMED: thread (33, main, main)
13:48:28.733 INFO: JdwpEventCenterDelegate: THREAD_RESUMED: thread (33, main, main)
13:48:28.754 INFO: JdwpEventCenterDelegate: THREAD_RESUMED: thread (33, main, main)
13:48:28.756 INFO: JdwpEventCenterDelegate: THREAD_RESUMED: thread (33, main, main)
13:48:28.758 INFO: JdwpEventCenterDelegate: THREAD_RESUMED: thread (33, main, main)
13:48:28.761 INFO: JdwpEventCenterDelegate: THREAD_RESUMED: thread (33, main, main)
13:48:28.762 INFO: JdwpEventCenterDelegate: THREAD_RESUMED: thread (33, main, main)
13:48:28.767 INFO: JdwpEventCenterDelegate: THREAD_RESUMED: thread (33, main, main)
13:48:28.785 INFO: JdwpEventCenterDelegate: THREAD_RESUMED: thread (33, main, main)
13:48:28.787 INFO: JdwpEventCenterDelegate: THREAD_RESUMED: thread (33, main, main)
13:48:28.789 INFO: JdwpEventCenterDelegate: THREAD_RESUMED: thread (33, main, main)
13:48:28.791 INFO: JdwpEventCenterDelegate: THREAD_RESUMED: thread (33, main, main)
13:48:28.794 INFO: JdwpEventCenterDelegate: THREAD_RESUMED: thread (33, main, main)
13:48:28.798 INFO: JdwpEventCenterDelegate: THREAD_RESUMED: thread (33, main, main)
13:48:28.811 INFO: JdwpEventCenterDelegate: THREAD_RESUMED: thread (33, main, main)
13:48:28.813 INFO: JdwpEventCenterDelegate: THREAD_RESUMED: thread (33, main, main)
13:48:28.815 INFO: JdwpEventCenterDelegate: THREAD_RESUMED: thread (33, main, main)
13:48:28.817 INFO: JdwpEventCenterDelegate: THREAD_RESUMED: thread (33, main, main)
13:48:28.819 INFO: JdwpEventCenterDelegate: THREAD_RESUMED: thread (33, main, main)
13:49:15.617 INFO: JdwpEventCenterDelegate: THREAD_STARTED: thread (108, Timer, main)
13:49:16.490 INFO: JdwpEventCenterDelegate: THREAD_RESUMED: thread (33, main, main)
13:49:16.524 INFO: JdwpEventCenterDelegate: THREAD_RESUMED: thread (33, main, main)
13:49:16.549 INFO: JdwpEventCenterDelegate: THREAD_RESUMED: thread (33, main, main)
13:49:16.569 INFO: JdwpEventCenterDelegate: THREAD_RESUMED: thread (33, main, main)
13:49:16.610 INFO: JdwpEventCenterDelegate: THREAD_RESUMED: thread (33, main, main)
13:49:16.645 INFO: JdwpEventCenterDelegate: THREAD_RESUMED: thread (33, main, main)
13:49:16.662 INFO: JdwpEventCenterDelegate: THREAD_RESUMED: thread (33, main, main)
13:49:16.677 INFO: JdwpEventCenterDelegate: THREAD_RESUMED: thread (33, main, main)
13:49:16.684 INFO: JdwpEventCenterDelegate: THREAD_RESUMED: thread (33, main, main)
13:49:16.697 INFO: JdwpEventCenterDelegate: THREAD_RESUMED: thread (33, main, main)
13:49:16.729 INFO: JdwpEventCenterDelegate: THREAD_RESUMED: thread (33, main, main)
13:49:16.741 INFO: JdwpEventCenterDelegate: THREAD_RESUMED: thread (33, main, main)
13:49:16.753 INFO: JdwpEventCenterDelegate: THREAD_RESUMED: thread (33, main, main)
13:49:16.765 INFO: JdwpEventCenterDelegate: THREAD_RESUMED: thread (33, main, main)
13:49:16.799 INFO: JdwpEventCenterDelegate: THREAD_RESUMED: thread (33, main, main)
13:49:16.833 INFO: JdwpEventCenterDelegate: THREAD_RESUMED: thread (33, main, main)
13:49:16.849 INFO: JdwpEventCenterDelegate: THREAD_RESUMED: thread (33, main, main)
13:49:16.863 INFO: JdwpEventCenterDelegate: THREAD_RESUMED: thread (33, main, main)
13:49:16.869 INFO: JdwpEventCenterDelegate: THREAD_RESUMED: thread (33, main, main)
13:49:16.883 INFO: JdwpEventCenterDelegate: THREAD_RESUMED: thread (33, main, main)
13:51:45.202 INFO: JdwpDebugServer: handling req: VirtualMachine(1).Exit(10)
13:51:45.202 SEVERE: Debugger: Thread JDWP server socket thread crashed
org.robovm.debugger.DebuggerException: Terminating due exit command
	at org.robovm.debugger.jdwp.JdwpDebugServer.doSocketWork(JdwpDebugServer.java:211)
	at java.base/java.lang.Thread.run(Thread.java:834)
	at org.robovm.debugger.utils.DebuggerThread.run(DebuggerThread.java:42)
13:51:45.710 SEVERE: Debugger: Thread HooksChannel socket thread crashed
org.robovm.debugger.DebuggerException: java.io.IOException: org.robovm.libimobiledevice.LibIMobileDeviceException: IDEVICE_E_UNKNOWN_ERROR
	at org.robovm.debugger.hooks.HooksChannel.doSocketWork(HooksChannel.java:149)
	at java.base/java.lang.Thread.run(Thread.java:834)
	at org.robovm.debugger.utils.DebuggerThread.run(DebuggerThread.java:42)
Caused by: java.io.IOException: org.robovm.libimobiledevice.LibIMobileDeviceException: IDEVICE_E_UNKNOWN_ERROR
	at org.robovm.libimobiledevice.IDeviceConnection$DeviceInputStream.read(IDeviceConnection.java:203)
	at org.robovm.debugger.utils.bytebuffer.DataBufferWriter.writeFromStream(DataBufferWriter.java:89)
	at org.robovm.debugger.hooks.HooksChannel.doSocketWork(HooksChannel.java:116)
	... 2 more
Caused by: org.robovm.libimobiledevice.LibIMobileDeviceException: IDEVICE_E_UNKNOWN_ERROR
	at org.robovm.libimobiledevice.IDevice.checkResult(IDevice.java:206)
	at org.robovm.libimobiledevice.IDeviceConnection.receive(IDeviceConnection.java:110)
	at org.robovm.libimobiledevice.IDeviceConnection.receive(IDeviceConnection.java:81)
	at org.robovm.libimobiledevice.IDeviceConnection$DeviceInputStream.read(IDeviceConnection.java:201)
	... 4 more
