19:59:11.039 INFO: JdwpDebugServer: handling req: VirtualMachine(1).IDSizes(7)
19:59:11.039 INFO: JdwpDebugServer: handling req: EventRequest(15).Set(1)
19:59:11.039 INFO: JdwpEventCenterDelegate: jdwpSetEventRequest: JdwpEventRequest{requestId=100, eventKind=CLASS_PREPARE, suspendPolicy=NONE, predicates=[]}
19:59:11.039 INFO: JdwpDebugServer: handling req: EventRequest(15).Set(1)
19:59:11.039 INFO: JdwpEventCenterDelegate: jdwpSetEventRequest: JdwpEventRequest{requestId=101, eventKind=CLASS_UNLOAD, suspendPolicy=NONE, predicates=[]}
19:59:11.060 INFO: JdwpDebugServer: handling req: VirtualMachine(1).Version(1)
19:59:11.060 INFO: JdwpDebugServer: handling req: VirtualMachine(1).capabilitiesNew(17)
19:59:11.061 INFO: JdwpDebugServer: handling req: VirtualMachine(1).capabilities(12)
19:59:11.061 INFO: JdwpDebugServer: handling req: VirtualMachine(1).AllClassesWithGeneric(20)
19:59:11.064 INFO: JdwpDebugServer: handling req: VirtualMachine(1).TopLevelThreadGroups(5)
19:59:11.064 INFO: JdwpDebugServer: handling req: EventRequest(15).Set(1)
19:59:11.064 INFO: JdwpEventCenterDelegate: jdwpSetEventRequest: JdwpEventRequest{requestId=102, eventKind=THREAD_START, suspendPolicy=NONE, predicates=[]}
19:59:11.064 INFO: JdwpDebugServer: handling req: EventRequest(15).Set(1)
19:59:11.064 INFO: JdwpEventCenterDelegate: jdwpSetEventRequest: JdwpEventRequest{requestId=103, eventKind=THREAD_DEATH, suspendPolicy=NONE, predicates=[]}
19:59:11.065 INFO: JdwpDebugServer: handling req: EventRequest(15).Set(1)
19:59:11.065 INFO: JdwpEventCenterDelegate: jdwpSetEventRequest: JdwpEventRequest{requestId=104, eventKind=CLASS_PREPARE, suspendPolicy=EVENT_THREAD, predicates=[className=sun.instrument.InstrumentationImpl]}
19:59:11.066 INFO: JdwpDebugServer: handling req: EventRequest(15).Set(1)
19:59:11.066 INFO: JdwpEventCenterDelegate: jdwpSetEventRequest: JdwpEventRequest{requestId=105, eventKind=CLASS_PREPARE, suspendPolicy=EVENT_THREAD, predicates=[className=sun.instrument.InstrumentationImpl]}
19:59:11.450 INFO: JdwpDebugServer: handling req: VirtualMachine(1).Resume(9)
19:59:11.486 INFO: JdwpEventCenterDelegate: THREAD_STARTED: thread (33, main, main)
19:59:11.498 INFO: JdwpEventCenterDelegate: THREAD_STARTED: thread (48, ReferenceQueueDaemon, main)
19:59:11.505 INFO: JdwpEventCenterDelegate: THREAD_STARTED: thread (63, FinalizerDaemon, main)
19:59:11.512 INFO: JdwpEventCenterDelegate: THREAD_STARTED: thread (78, FinalizerWatchdogDaemon, main)
19:59:11.514 INFO: JdwpEventCenterDelegate: THREAD_RESUMED: thread (33, main, main)
19:59:11.516 INFO: JdwpEventCenterDelegate: THREAD_RESUMED: thread (33, main, main)
19:59:11.517 INFO: JdwpEventCenterDelegate: THREAD_RESUMED: thread (33, main, main)
19:59:11.518 INFO: JdwpEventCenterDelegate: THREAD_RESUMED: thread (33, main, main)
19:59:11.519 INFO: JdwpEventCenterDelegate: THREAD_RESUMED: thread (33, main, main)
19:59:11.521 INFO: JdwpEventCenterDelegate: THREAD_RESUMED: thread (33, main, main)
19:59:11.522 INFO: JdwpEventCenterDelegate: THREAD_RESUMED: thread (33, main, main)
19:59:11.523 INFO: JdwpEventCenterDelegate: THREAD_RESUMED: thread (33, main, main)
19:59:11.524 INFO: JdwpEventCenterDelegate: THREAD_RESUMED: thread (33, main, main)
19:59:11.525 INFO: JdwpEventCenterDelegate: THREAD_RESUMED: thread (33, main, main)
19:59:11.526 INFO: JdwpEventCenterDelegate: THREAD_RESUMED: thread (33, main, main)
19:59:11.527 INFO: JdwpEventCenterDelegate: THREAD_RESUMED: thread (33, main, main)
19:59:11.528 INFO: JdwpEventCenterDelegate: THREAD_RESUMED: thread (33, main, main)
19:59:11.530 INFO: JdwpEventCenterDelegate: THREAD_RESUMED: thread (33, main, main)
19:59:11.531 INFO: JdwpEventCenterDelegate: THREAD_RESUMED: thread (33, main, main)
19:59:11.533 INFO: JdwpEventCenterDelegate: THREAD_RESUMED: thread (33, main, main)
19:59:11.534 INFO: JdwpEventCenterDelegate: THREAD_RESUMED: thread (33, main, main)
19:59:11.536 INFO: JdwpEventCenterDelegate: THREAD_RESUMED: thread (33, main, main)
19:59:11.539 INFO: JdwpEventCenterDelegate: THREAD_RESUMED: thread (33, main, main)
19:59:11.540 INFO: JdwpEventCenterDelegate: THREAD_RESUMED: thread (33, main, main)
19:59:11.542 INFO: JdwpEventCenterDelegate: THREAD_RESUMED: thread (33, main, main)
19:59:11.543 INFO: JdwpEventCenterDelegate: THREAD_RESUMED: thread (33, main, main)
19:59:11.545 INFO: JdwpEventCenterDelegate: THREAD_RESUMED: thread (33, main, main)
19:59:11.546 INFO: JdwpEventCenterDelegate: THREAD_RESUMED: thread (33, main, main)
19:59:11.548 INFO: JdwpEventCenterDelegate: THREAD_RESUMED: thread (33, main, main)
19:59:11.572 INFO: JdwpEventCenterDelegate: THREAD_RESUMED: thread (33, main, main)
19:59:11.573 INFO: JdwpEventCenterDelegate: THREAD_RESUMED: thread (33, main, main)
19:59:11.575 INFO: JdwpEventCenterDelegate: THREAD_RESUMED: thread (33, main, main)
19:59:11.577 INFO: JdwpEventCenterDelegate: THREAD_RESUMED: thread (33, main, main)
19:59:11.579 INFO: JdwpEventCenterDelegate: THREAD_RESUMED: thread (33, main, main)
19:59:11.580 INFO: JdwpEventCenterDelegate: THREAD_RESUMED: thread (33, main, main)
19:59:11.581 INFO: JdwpEventCenterDelegate: THREAD_RESUMED: thread (33, main, main)
19:59:11.584 INFO: JdwpEventCenterDelegate: THREAD_RESUMED: thread (33, main, main)
19:59:11.585 INFO: JdwpEventCenterDelegate: THREAD_RESUMED: thread (33, main, main)
19:59:11.587 INFO: JdwpEventCenterDelegate: THREAD_RESUMED: thread (33, main, main)
19:59:11.588 INFO: JdwpEventCenterDelegate: THREAD_RESUMED: thread (33, main, main)
19:59:11.589 INFO: JdwpEventCenterDelegate: THREAD_RESUMED: thread (33, main, main)
19:59:11.591 INFO: JdwpEventCenterDelegate: THREAD_RESUMED: thread (33, main, main)
19:59:11.592 INFO: JdwpEventCenterDelegate: THREAD_RESUMED: thread (33, main, main)
19:59:11.605 INFO: JdwpEventCenterDelegate: THREAD_RESUMED: thread (33, main, main)
19:59:11.607 INFO: JdwpEventCenterDelegate: THREAD_RESUMED: thread (33, main, main)
19:59:11.608 INFO: JdwpEventCenterDelegate: THREAD_RESUMED: thread (33, main, main)
19:59:11.610 INFO: JdwpEventCenterDelegate: THREAD_RESUMED: thread (33, main, main)
19:59:11.611 INFO: JdwpEventCenterDelegate: THREAD_RESUMED: thread (33, main, main)
19:59:11.613 INFO: JdwpEventCenterDelegate: THREAD_RESUMED: thread (33, main, main)
19:59:11.614 INFO: JdwpEventCenterDelegate: THREAD_RESUMED: thread (33, main, main)
19:59:11.651 INFO: JdwpEventCenterDelegate: THREAD_RESUMED: thread (33, main, main)
19:59:11.652 INFO: JdwpEventCenterDelegate: THREAD_RESUMED: thread (33, main, main)
19:59:11.653 INFO: JdwpEventCenterDelegate: THREAD_RESUMED: thread (33, main, main)
19:59:11.654 INFO: JdwpEventCenterDelegate: THREAD_RESUMED: thread (33, main, main)
19:59:11.655 INFO: JdwpEventCenterDelegate: THREAD_RESUMED: thread (33, main, main)
19:59:11.657 INFO: JdwpEventCenterDelegate: THREAD_RESUMED: thread (33, main, main)
19:59:11.658 INFO: JdwpEventCenterDelegate: THREAD_RESUMED: thread (33, main, main)
19:59:11.669 INFO: JdwpEventCenterDelegate: THREAD_RESUMED: thread (33, main, main)
19:59:11.670 INFO: JdwpEventCenterDelegate: THREAD_RESUMED: thread (33, main, main)
19:59:11.671 INFO: JdwpEventCenterDelegate: THREAD_RESUMED: thread (33, main, main)
19:59:11.672 INFO: JdwpEventCenterDelegate: THREAD_RESUMED: thread (33, main, main)
19:59:11.674 INFO: JdwpEventCenterDelegate: THREAD_RESUMED: thread (33, main, main)
19:59:11.675 INFO: JdwpEventCenterDelegate: THREAD_RESUMED: thread (33, main, main)
19:59:11.677 INFO: JdwpEventCenterDelegate: THREAD_RESUMED: thread (33, main, main)
19:59:11.685 INFO: JdwpEventCenterDelegate: THREAD_RESUMED: thread (33, main, main)
19:59:11.687 INFO: JdwpEventCenterDelegate: THREAD_RESUMED: thread (33, main, main)
19:59:11.688 INFO: JdwpEventCenterDelegate: THREAD_RESUMED: thread (33, main, main)
19:59:11.690 INFO: JdwpEventCenterDelegate: THREAD_RESUMED: thread (33, main, main)
19:59:11.691 INFO: JdwpEventCenterDelegate: THREAD_RESUMED: thread (33, main, main)
19:59:11.693 INFO: JdwpEventCenterDelegate: THREAD_RESUMED: thread (33, main, main)
19:59:11.695 INFO: JdwpEventCenterDelegate: THREAD_RESUMED: thread (33, main, main)
19:59:11.696 INFO: JdwpEventCenterDelegate: THREAD_RESUMED: thread (33, main, main)
19:59:11.697 INFO: JdwpEventCenterDelegate: THREAD_RESUMED: thread (33, main, main)
19:59:11.698 INFO: JdwpEventCenterDelegate: THREAD_RESUMED: thread (33, main, main)
19:59:11.700 INFO: JdwpEventCenterDelegate: THREAD_RESUMED: thread (33, main, main)
19:59:11.701 INFO: JdwpEventCenterDelegate: THREAD_RESUMED: thread (33, main, main)
19:59:11.703 INFO: JdwpEventCenterDelegate: THREAD_RESUMED: thread (33, main, main)
19:59:11.704 INFO: JdwpEventCenterDelegate: THREAD_RESUMED: thread (33, main, main)
19:59:11.705 INFO: JdwpEventCenterDelegate: THREAD_RESUMED: thread (33, main, main)
19:59:11.706 INFO: JdwpEventCenterDelegate: THREAD_RESUMED: thread (33, main, main)
19:59:11.707 INFO: JdwpEventCenterDelegate: THREAD_RESUMED: thread (33, main, main)
19:59:11.708 INFO: JdwpEventCenterDelegate: THREAD_RESUMED: thread (33, main, main)
19:59:11.713 INFO: JdwpEventCenterDelegate: THREAD_RESUMED: thread (33, main, main)
19:59:11.714 INFO: JdwpEventCenterDelegate: THREAD_RESUMED: thread (33, main, main)
19:59:11.846 INFO: JdwpEventCenterDelegate: THREAD_STARTED: thread (93, AssetManager, main)
19:59:11.950 INFO: JdwpEventCenterDelegate: THREAD_RESUMED: thread (33, main, main)
19:59:11.953 INFO: JdwpEventCenterDelegate: THREAD_RESUMED: thread (33, main, main)
19:59:14.517 INFO: JdwpEventCenterDelegate: THREAD_RESUMED: thread (33, main, main)
19:59:14.615 INFO: JdwpEventCenterDelegate: THREAD_RESUMED: thread (33, main, main)
19:59:14.617 INFO: JdwpEventCenterDelegate: THREAD_RESUMED: thread (33, main, main)
19:59:14.618 INFO: JdwpEventCenterDelegate: THREAD_RESUMED: thread (33, main, main)
19:59:14.619 INFO: JdwpEventCenterDelegate: THREAD_RESUMED: thread (33, main, main)
19:59:14.621 INFO: JdwpEventCenterDelegate: THREAD_RESUMED: thread (33, main, main)
19:59:14.627 INFO: JdwpEventCenterDelegate: THREAD_RESUMED: thread (33, main, main)
19:59:14.638 INFO: JdwpEventCenterDelegate: THREAD_RESUMED: thread (33, main, main)
19:59:14.640 INFO: JdwpEventCenterDelegate: THREAD_RESUMED: thread (33, main, main)
19:59:14.642 INFO: JdwpEventCenterDelegate: THREAD_RESUMED: thread (33, main, main)
19:59:14.644 INFO: JdwpEventCenterDelegate: THREAD_RESUMED: thread (33, main, main)
19:59:14.646 INFO: JdwpEventCenterDelegate: THREAD_RESUMED: thread (33, main, main)
19:59:14.650 INFO: JdwpEventCenterDelegate: THREAD_RESUMED: thread (33, main, main)
19:59:14.665 INFO: JdwpEventCenterDelegate: THREAD_RESUMED: thread (33, main, main)
19:59:14.667 INFO: JdwpEventCenterDelegate: THREAD_RESUMED: thread (33, main, main)
19:59:14.670 INFO: JdwpEventCenterDelegate: THREAD_RESUMED: thread (33, main, main)
19:59:14.672 INFO: JdwpEventCenterDelegate: THREAD_RESUMED: thread (33, main, main)
19:59:14.674 INFO: JdwpEventCenterDelegate: THREAD_RESUMED: thread (33, main, main)
19:59:14.679 INFO: JdwpEventCenterDelegate: THREAD_RESUMED: thread (33, main, main)
19:59:14.697 INFO: JdwpEventCenterDelegate: THREAD_RESUMED: thread (33, main, main)
19:59:14.699 INFO: JdwpEventCenterDelegate: THREAD_RESUMED: thread (33, main, main)
19:59:14.700 INFO: JdwpEventCenterDelegate: THREAD_RESUMED: thread (33, main, main)
19:59:14.702 INFO: JdwpEventCenterDelegate: THREAD_RESUMED: thread (33, main, main)
19:59:14.704 INFO: JdwpEventCenterDelegate: THREAD_RESUMED: thread (33, main, main)
19:59:14.708 INFO: JdwpEventCenterDelegate: THREAD_RESUMED: thread (33, main, main)
19:59:14.724 INFO: JdwpEventCenterDelegate: THREAD_RESUMED: thread (33, main, main)
19:59:14.726 INFO: JdwpEventCenterDelegate: THREAD_RESUMED: thread (33, main, main)
19:59:14.727 INFO: JdwpEventCenterDelegate: THREAD_RESUMED: thread (33, main, main)
19:59:14.729 INFO: JdwpEventCenterDelegate: THREAD_RESUMED: thread (33, main, main)
19:59:14.731 INFO: JdwpEventCenterDelegate: THREAD_RESUMED: thread (33, main, main)
19:59:14.735 INFO: JdwpEventCenterDelegate: THREAD_RESUMED: thread (33, main, main)
19:59:14.750 INFO: JdwpEventCenterDelegate: THREAD_RESUMED: thread (33, main, main)
19:59:14.753 INFO: JdwpEventCenterDelegate: THREAD_RESUMED: thread (33, main, main)
19:59:14.755 INFO: JdwpEventCenterDelegate: THREAD_RESUMED: thread (33, main, main)
19:59:14.757 INFO: JdwpEventCenterDelegate: THREAD_RESUMED: thread (33, main, main)
19:59:14.759 INFO: JdwpEventCenterDelegate: THREAD_RESUMED: thread (33, main, main)
19:59:14.764 INFO: JdwpEventCenterDelegate: THREAD_RESUMED: thread (33, main, main)
19:59:14.787 INFO: JdwpEventCenterDelegate: THREAD_RESUMED: thread (33, main, main)
19:59:14.788 INFO: JdwpEventCenterDelegate: THREAD_RESUMED: thread (33, main, main)
19:59:14.790 INFO: JdwpEventCenterDelegate: THREAD_RESUMED: thread (33, main, main)
19:59:14.792 INFO: JdwpEventCenterDelegate: THREAD_RESUMED: thread (33, main, main)
19:59:14.794 INFO: JdwpEventCenterDelegate: THREAD_RESUMED: thread (33, main, main)
19:59:14.799 INFO: JdwpEventCenterDelegate: THREAD_RESUMED: thread (33, main, main)
19:59:14.818 INFO: JdwpEventCenterDelegate: THREAD_RESUMED: thread (33, main, main)
19:59:14.821 INFO: JdwpEventCenterDelegate: THREAD_RESUMED: thread (33, main, main)
19:59:14.823 INFO: JdwpEventCenterDelegate: THREAD_RESUMED: thread (33, main, main)
19:59:14.825 INFO: JdwpEventCenterDelegate: THREAD_RESUMED: thread (33, main, main)
19:59:14.827 INFO: JdwpEventCenterDelegate: THREAD_RESUMED: thread (33, main, main)
19:59:14.832 INFO: JdwpEventCenterDelegate: THREAD_RESUMED: thread (33, main, main)
19:59:14.850 INFO: JdwpEventCenterDelegate: THREAD_RESUMED: thread (33, main, main)
19:59:14.853 INFO: JdwpEventCenterDelegate: THREAD_RESUMED: thread (33, main, main)
19:59:14.855 INFO: JdwpEventCenterDelegate: THREAD_RESUMED: thread (33, main, main)
19:59:14.857 INFO: JdwpEventCenterDelegate: THREAD_RESUMED: thread (33, main, main)
19:59:14.859 INFO: JdwpEventCenterDelegate: THREAD_RESUMED: thread (33, main, main)
19:59:14.864 INFO: JdwpEventCenterDelegate: THREAD_RESUMED: thread (33, main, main)
19:59:14.879 INFO: JdwpEventCenterDelegate: THREAD_RESUMED: thread (33, main, main)
19:59:14.881 INFO: JdwpEventCenterDelegate: THREAD_RESUMED: thread (33, main, main)
19:59:14.883 INFO: JdwpEventCenterDelegate: THREAD_RESUMED: thread (33, main, main)
19:59:14.885 INFO: JdwpEventCenterDelegate: THREAD_RESUMED: thread (33, main, main)
19:59:14.887 INFO: JdwpEventCenterDelegate: THREAD_RESUMED: thread (33, main, main)
19:59:14.892 INFO: JdwpEventCenterDelegate: THREAD_RESUMED: thread (33, main, main)
19:59:14.906 INFO: JdwpEventCenterDelegate: THREAD_RESUMED: thread (33, main, main)
19:59:14.908 INFO: JdwpEventCenterDelegate: THREAD_RESUMED: thread (33, main, main)
19:59:14.910 INFO: JdwpEventCenterDelegate: THREAD_RESUMED: thread (33, main, main)
19:59:14.912 INFO: JdwpEventCenterDelegate: THREAD_RESUMED: thread (33, main, main)
19:59:14.914 INFO: JdwpEventCenterDelegate: THREAD_RESUMED: thread (33, main, main)
19:59:14.918 INFO: JdwpEventCenterDelegate: THREAD_RESUMED: thread (33, main, main)
19:59:14.941 INFO: JdwpEventCenterDelegate: THREAD_RESUMED: thread (33, main, main)
19:59:14.942 INFO: JdwpEventCenterDelegate: THREAD_RESUMED: thread (33, main, main)
19:59:14.944 INFO: JdwpEventCenterDelegate: THREAD_RESUMED: thread (33, main, main)
19:59:14.946 INFO: JdwpEventCenterDelegate: THREAD_RESUMED: thread (33, main, main)
19:59:14.948 INFO: JdwpEventCenterDelegate: THREAD_RESUMED: thread (33, main, main)
19:59:14.952 INFO: JdwpEventCenterDelegate: THREAD_RESUMED: thread (33, main, main)
19:59:14.974 INFO: JdwpEventCenterDelegate: THREAD_RESUMED: thread (33, main, main)
19:59:14.976 INFO: JdwpEventCenterDelegate: THREAD_RESUMED: thread (33, main, main)
19:59:14.978 INFO: JdwpEventCenterDelegate: THREAD_RESUMED: thread (33, main, main)
19:59:14.980 INFO: JdwpEventCenterDelegate: THREAD_RESUMED: thread (33, main, main)
19:59:14.982 INFO: JdwpEventCenterDelegate: THREAD_RESUMED: thread (33, main, main)
19:59:14.987 INFO: JdwpEventCenterDelegate: THREAD_RESUMED: thread (33, main, main)
19:59:15.006 INFO: JdwpEventCenterDelegate: THREAD_RESUMED: thread (33, main, main)
19:59:15.008 INFO: JdwpEventCenterDelegate: THREAD_RESUMED: thread (33, main, main)
19:59:15.010 INFO: JdwpEventCenterDelegate: THREAD_RESUMED: thread (33, main, main)
19:59:15.012 INFO: JdwpEventCenterDelegate: THREAD_RESUMED: thread (33, main, main)
19:59:15.014 INFO: JdwpEventCenterDelegate: THREAD_RESUMED: thread (33, main, main)
19:59:15.019 INFO: JdwpEventCenterDelegate: THREAD_RESUMED: thread (33, main, main)
19:59:15.032 INFO: JdwpEventCenterDelegate: THREAD_RESUMED: thread (33, main, main)
19:59:15.034 INFO: JdwpEventCenterDelegate: THREAD_RESUMED: thread (33, main, main)
19:59:15.036 INFO: JdwpEventCenterDelegate: THREAD_RESUMED: thread (33, main, main)
19:59:15.038 INFO: JdwpEventCenterDelegate: THREAD_RESUMED: thread (33, main, main)
19:59:15.039 INFO: JdwpEventCenterDelegate: THREAD_RESUMED: thread (33, main, main)
19:59:15.043 INFO: JdwpEventCenterDelegate: THREAD_RESUMED: thread (33, main, main)
19:59:15.045 INFO: JdwpEventCenterDelegate: THREAD_RESUMED: thread (33, main, main)
19:59:15.047 INFO: JdwpEventCenterDelegate: THREAD_RESUMED: thread (33, main, main)
19:59:15.049 INFO: JdwpEventCenterDelegate: THREAD_RESUMED: thread (33, main, main)
19:59:15.050 INFO: JdwpEventCenterDelegate: THREAD_RESUMED: thread (33, main, main)
19:59:15.052 INFO: JdwpEventCenterDelegate: THREAD_RESUMED: thread (33, main, main)
19:59:15.054 INFO: JdwpEventCenterDelegate: THREAD_RESUMED: thread (33, main, main)
19:59:15.058 INFO: JdwpEventCenterDelegate: THREAD_RESUMED: thread (33, main, main)
19:59:15.059 INFO: JdwpEventCenterDelegate: THREAD_RESUMED: thread (33, main, main)
19:59:15.061 INFO: JdwpEventCenterDelegate: THREAD_RESUMED: thread (33, main, main)
19:59:15.062 INFO: JdwpEventCenterDelegate: THREAD_RESUMED: thread (33, main, main)
19:59:15.073 INFO: JdwpEventCenterDelegate: THREAD_RESUMED: thread (33, main, main)
19:59:15.074 INFO: JdwpEventCenterDelegate: THREAD_RESUMED: thread (33, main, main)
19:59:15.075 INFO: JdwpEventCenterDelegate: THREAD_RESUMED: thread (33, main, main)
19:59:15.076 INFO: JdwpEventCenterDelegate: THREAD_RESUMED: thread (33, main, main)
19:59:15.078 INFO: JdwpEventCenterDelegate: THREAD_RESUMED: thread (33, main, main)
19:59:15.082 INFO: JdwpEventCenterDelegate: THREAD_RESUMED: thread (33, main, main)
19:59:15.094 INFO: JdwpEventCenterDelegate: THREAD_RESUMED: thread (33, main, main)
19:59:15.107 INFO: JdwpEventCenterDelegate: THREAD_RESUMED: thread (33, main, main)
19:59:15.118 INFO: JdwpEventCenterDelegate: THREAD_RESUMED: thread (33, main, main)
19:59:15.131 INFO: JdwpEventCenterDelegate: THREAD_RESUMED: thread (33, main, main)
19:59:15.162 INFO: JdwpEventCenterDelegate: THREAD_RESUMED: thread (33, main, main)
19:59:15.164 INFO: JdwpEventCenterDelegate: THREAD_RESUMED: thread (33, main, main)
19:59:15.166 INFO: JdwpEventCenterDelegate: THREAD_RESUMED: thread (33, main, main)
19:59:15.168 INFO: JdwpEventCenterDelegate: THREAD_RESUMED: thread (33, main, main)
19:59:15.170 INFO: JdwpEventCenterDelegate: THREAD_RESUMED: thread (33, main, main)
19:59:15.175 INFO: JdwpEventCenterDelegate: THREAD_RESUMED: thread (33, main, main)
19:59:15.187 INFO: JdwpEventCenterDelegate: THREAD_RESUMED: thread (33, main, main)
19:59:15.189 INFO: JdwpEventCenterDelegate: THREAD_RESUMED: thread (33, main, main)
19:59:15.191 INFO: JdwpEventCenterDelegate: THREAD_RESUMED: thread (33, main, main)
19:59:15.193 INFO: JdwpEventCenterDelegate: THREAD_RESUMED: thread (33, main, main)
19:59:15.195 INFO: JdwpEventCenterDelegate: THREAD_RESUMED: thread (33, main, main)
19:59:15.200 INFO: JdwpEventCenterDelegate: THREAD_RESUMED: thread (33, main, main)
19:59:15.217 INFO: JdwpEventCenterDelegate: THREAD_RESUMED: thread (33, main, main)
19:59:15.220 INFO: JdwpEventCenterDelegate: THREAD_RESUMED: thread (33, main, main)
19:59:15.222 INFO: JdwpEventCenterDelegate: THREAD_RESUMED: thread (33, main, main)
19:59:15.224 INFO: JdwpEventCenterDelegate: THREAD_RESUMED: thread (33, main, main)
19:59:15.226 INFO: JdwpEventCenterDelegate: THREAD_RESUMED: thread (33, main, main)
19:59:15.231 INFO: JdwpEventCenterDelegate: THREAD_RESUMED: thread (33, main, main)
19:59:15.249 INFO: JdwpEventCenterDelegate: THREAD_RESUMED: thread (33, main, main)
19:59:15.251 INFO: JdwpEventCenterDelegate: THREAD_RESUMED: thread (33, main, main)
19:59:15.253 INFO: JdwpEventCenterDelegate: THREAD_RESUMED: thread (33, main, main)
19:59:15.255 INFO: JdwpEventCenterDelegate: THREAD_RESUMED: thread (33, main, main)
19:59:15.257 INFO: JdwpEventCenterDelegate: THREAD_RESUMED: thread (33, main, main)
19:59:15.262 INFO: JdwpEventCenterDelegate: THREAD_RESUMED: thread (33, main, main)
19:59:15.277 INFO: JdwpEventCenterDelegate: THREAD_RESUMED: thread (33, main, main)
19:59:15.279 INFO: JdwpEventCenterDelegate: THREAD_RESUMED: thread (33, main, main)
19:59:15.282 INFO: JdwpEventCenterDelegate: THREAD_RESUMED: thread (33, main, main)
19:59:15.284 INFO: JdwpEventCenterDelegate: THREAD_RESUMED: thread (33, main, main)
19:59:15.286 INFO: JdwpEventCenterDelegate: THREAD_RESUMED: thread (33, main, main)
19:59:15.291 INFO: JdwpEventCenterDelegate: THREAD_RESUMED: thread (33, main, main)
19:59:15.305 INFO: JdwpEventCenterDelegate: THREAD_RESUMED: thread (33, main, main)
19:59:15.308 INFO: JdwpEventCenterDelegate: THREAD_RESUMED: thread (33, main, main)
19:59:15.310 INFO: JdwpEventCenterDelegate: THREAD_RESUMED: thread (33, main, main)
19:59:15.312 INFO: JdwpEventCenterDelegate: THREAD_RESUMED: thread (33, main, main)
19:59:15.314 INFO: JdwpEventCenterDelegate: THREAD_RESUMED: thread (33, main, main)
19:59:15.318 INFO: JdwpEventCenterDelegate: THREAD_RESUMED: thread (33, main, main)
19:59:15.336 INFO: JdwpEventCenterDelegate: THREAD_RESUMED: thread (33, main, main)
19:59:15.338 INFO: JdwpEventCenterDelegate: THREAD_RESUMED: thread (33, main, main)
19:59:15.340 INFO: JdwpEventCenterDelegate: THREAD_RESUMED: thread (33, main, main)
19:59:15.343 INFO: JdwpEventCenterDelegate: THREAD_RESUMED: thread (33, main, main)
19:59:15.345 INFO: JdwpEventCenterDelegate: THREAD_RESUMED: thread (33, main, main)
19:59:15.349 INFO: JdwpEventCenterDelegate: THREAD_RESUMED: thread (33, main, main)
19:59:15.367 INFO: JdwpEventCenterDelegate: THREAD_RESUMED: thread (33, main, main)
19:59:15.369 INFO: JdwpEventCenterDelegate: THREAD_RESUMED: thread (33, main, main)
19:59:15.370 INFO: JdwpEventCenterDelegate: THREAD_RESUMED: thread (33, main, main)
19:59:15.372 INFO: JdwpEventCenterDelegate: THREAD_RESUMED: thread (33, main, main)
19:59:15.374 INFO: JdwpEventCenterDelegate: THREAD_RESUMED: thread (33, main, main)
19:59:15.378 INFO: JdwpEventCenterDelegate: THREAD_RESUMED: thread (33, main, main)
19:59:15.395 INFO: JdwpEventCenterDelegate: THREAD_RESUMED: thread (33, main, main)
19:59:15.397 INFO: JdwpEventCenterDelegate: THREAD_RESUMED: thread (33, main, main)
19:59:15.399 INFO: JdwpEventCenterDelegate: THREAD_RESUMED: thread (33, main, main)
19:59:15.401 INFO: JdwpEventCenterDelegate: THREAD_RESUMED: thread (33, main, main)
19:59:15.402 INFO: JdwpEventCenterDelegate: THREAD_RESUMED: thread (33, main, main)
19:59:15.407 INFO: JdwpEventCenterDelegate: THREAD_RESUMED: thread (33, main, main)
19:59:15.425 INFO: JdwpEventCenterDelegate: THREAD_RESUMED: thread (33, main, main)
19:59:15.427 INFO: JdwpEventCenterDelegate: THREAD_RESUMED: thread (33, main, main)
19:59:15.429 INFO: JdwpEventCenterDelegate: THREAD_RESUMED: thread (33, main, main)
19:59:15.432 INFO: JdwpEventCenterDelegate: THREAD_RESUMED: thread (33, main, main)
19:59:15.434 INFO: JdwpEventCenterDelegate: THREAD_RESUMED: thread (33, main, main)
19:59:15.439 INFO: JdwpEventCenterDelegate: THREAD_RESUMED: thread (33, main, main)
19:59:15.453 INFO: JdwpEventCenterDelegate: THREAD_RESUMED: thread (33, main, main)
19:59:15.455 INFO: JdwpEventCenterDelegate: THREAD_RESUMED: thread (33, main, main)
19:59:15.457 INFO: JdwpEventCenterDelegate: THREAD_RESUMED: thread (33, main, main)
19:59:15.459 INFO: JdwpEventCenterDelegate: THREAD_RESUMED: thread (33, main, main)
19:59:15.461 INFO: JdwpEventCenterDelegate: THREAD_RESUMED: thread (33, main, main)
19:59:15.465 INFO: JdwpEventCenterDelegate: THREAD_RESUMED: thread (33, main, main)
19:59:15.484 INFO: JdwpEventCenterDelegate: THREAD_RESUMED: thread (33, main, main)
19:59:15.486 INFO: JdwpEventCenterDelegate: THREAD_RESUMED: thread (33, main, main)
19:59:15.489 INFO: JdwpEventCenterDelegate: THREAD_RESUMED: thread (33, main, main)
19:59:15.491 INFO: JdwpEventCenterDelegate: THREAD_RESUMED: thread (33, main, main)
19:59:15.493 INFO: JdwpEventCenterDelegate: THREAD_RESUMED: thread (33, main, main)
19:59:15.498 INFO: JdwpEventCenterDelegate: THREAD_RESUMED: thread (33, main, main)
19:59:15.519 INFO: JdwpEventCenterDelegate: THREAD_RESUMED: thread (33, main, main)
19:59:15.521 INFO: JdwpEventCenterDelegate: THREAD_RESUMED: thread (33, main, main)
19:59:15.524 INFO: JdwpEventCenterDelegate: THREAD_RESUMED: thread (33, main, main)
19:59:15.526 INFO: JdwpEventCenterDelegate: THREAD_RESUMED: thread (33, main, main)
19:59:15.528 INFO: JdwpEventCenterDelegate: THREAD_RESUMED: thread (33, main, main)
19:59:15.533 INFO: JdwpEventCenterDelegate: THREAD_RESUMED: thread (33, main, main)
19:59:15.550 INFO: JdwpEventCenterDelegate: THREAD_RESUMED: thread (33, main, main)
19:59:15.553 INFO: JdwpEventCenterDelegate: THREAD_RESUMED: thread (33, main, main)
19:59:15.555 INFO: JdwpEventCenterDelegate: THREAD_RESUMED: thread (33, main, main)
19:59:15.557 INFO: JdwpEventCenterDelegate: THREAD_RESUMED: thread (33, main, main)
19:59:15.560 INFO: JdwpEventCenterDelegate: THREAD_RESUMED: thread (33, main, main)
19:59:15.565 INFO: JdwpEventCenterDelegate: THREAD_RESUMED: thread (33, main, main)
19:59:15.577 INFO: JdwpEventCenterDelegate: THREAD_RESUMED: thread (33, main, main)
19:59:15.580 INFO: JdwpEventCenterDelegate: THREAD_RESUMED: thread (33, main, main)
19:59:15.582 INFO: JdwpEventCenterDelegate: THREAD_RESUMED: thread (33, main, main)
19:59:15.585 INFO: JdwpEventCenterDelegate: THREAD_RESUMED: thread (33, main, main)
19:59:15.587 INFO: JdwpEventCenterDelegate: THREAD_RESUMED: thread (33, main, main)
19:59:28.205 INFO: JdwpEventCenterDelegate: THREAD_STARTED: thread (108, Timer, main)
19:59:29.082 INFO: JdwpEventCenterDelegate: THREAD_RESUMED: thread (33, main, main)
19:59:29.115 INFO: JdwpEventCenterDelegate: THREAD_RESUMED: thread (33, main, main)
19:59:29.138 INFO: JdwpEventCenterDelegate: THREAD_RESUMED: thread (33, main, main)
19:59:29.156 INFO: JdwpEventCenterDelegate: THREAD_RESUMED: thread (33, main, main)
19:59:29.198 INFO: JdwpEventCenterDelegate: THREAD_RESUMED: thread (33, main, main)
19:59:29.232 INFO: JdwpEventCenterDelegate: THREAD_RESUMED: thread (33, main, main)
19:59:29.249 INFO: JdwpEventCenterDelegate: THREAD_RESUMED: thread (33, main, main)
19:59:29.265 INFO: JdwpEventCenterDelegate: THREAD_RESUMED: thread (33, main, main)
19:59:29.271 INFO: JdwpEventCenterDelegate: THREAD_RESUMED: thread (33, main, main)
19:59:29.285 INFO: JdwpEventCenterDelegate: THREAD_RESUMED: thread (33, main, main)
19:59:29.316 INFO: JdwpEventCenterDelegate: THREAD_RESUMED: thread (33, main, main)
19:59:29.328 INFO: JdwpEventCenterDelegate: THREAD_RESUMED: thread (33, main, main)
19:59:29.341 INFO: JdwpEventCenterDelegate: THREAD_RESUMED: thread (33, main, main)
19:59:29.353 INFO: JdwpEventCenterDelegate: THREAD_RESUMED: thread (33, main, main)
19:59:29.388 INFO: JdwpEventCenterDelegate: THREAD_RESUMED: thread (33, main, main)
19:59:29.421 INFO: JdwpEventCenterDelegate: THREAD_RESUMED: thread (33, main, main)
19:59:29.437 INFO: JdwpEventCenterDelegate: THREAD_RESUMED: thread (33, main, main)
19:59:29.451 INFO: JdwpEventCenterDelegate: THREAD_RESUMED: thread (33, main, main)
19:59:29.457 INFO: JdwpEventCenterDelegate: THREAD_RESUMED: thread (33, main, main)
19:59:29.470 INFO: JdwpEventCenterDelegate: THREAD_RESUMED: thread (33, main, main)
20:00:23.678 INFO: JdwpDebugServer: handling req: EventRequest(15).Set(1)
20:00:23.678 INFO: JdwpEventCenterDelegate: jdwpSetEventRequest: JdwpEventRequest{requestId=106, eventKind=CLASS_PREPARE, suspendPolicy=EVENT_THREAD, predicates=[className=com.oldcaledonia.babymozartspacetrip.ios.ServicesApi]}
20:00:23.680 INFO: JdwpDebugServer: handling req: EventRequest(15).Set(1)
20:00:23.680 INFO: JdwpEventCenterDelegate: jdwpSetEventRequest: JdwpEventRequest{requestId=107, eventKind=CLASS_PREPARE, suspendPolicy=EVENT_THREAD, predicates=[className=com.oldcaledonia.babymozartspacetrip.ios.ServicesApi$*]}
20:00:23.689 INFO: JdwpDebugServer: handling req: EventRequest(15).Set(1)
20:00:23.689 INFO: JdwpEventCenterDelegate: jdwpSetEventRequest: JdwpEventRequest{requestId=108, eventKind=CLASS_PREPARE, suspendPolicy=EVENT_THREAD, predicates=[className=com.oldcaledonia.babymozartspacetrip.ios.ComposableSingletons$ServicesKt$*]}
20:00:23.691 INFO: JdwpDebugServer: handling req: ReferenceType(2).MethodsWithGeneric(15)
20:00:23.692 INFO: JdwpDebugServer: handling req: Method(6).LineTable(1)
20:00:23.692 INFO: JdwpDebugServer: handling req: Method(6).LineTable(1)
20:00:23.692 INFO: JdwpDebugServer: handling req: Method(6).LineTable(1)
20:00:23.692 INFO: JdwpDebugServer: handling req: Method(6).LineTable(1)
20:00:23.692 INFO: JdwpDebugServer: handling req: Method(6).LineTable(1)
20:00:23.692 INFO: JdwpDebugServer: handling req: Method(6).LineTable(1)
20:00:23.693 INFO: JdwpDebugServer: handling req: Method(6).LineTable(1)
20:00:23.693 INFO: JdwpDebugServer: handling req: Method(6).LineTable(1)
20:00:23.693 INFO: JdwpDebugServer: handling req: Method(6).LineTable(1)
20:00:23.693 INFO: JdwpDebugServer: handling req: Method(6).LineTable(1)
20:00:23.694 INFO: JdwpDebugServer: handling req: Method(6).LineTable(1)
20:00:23.694 INFO: JdwpDebugServer: handling req: Method(6).LineTable(1)
20:00:23.694 INFO: JdwpDebugServer: handling req: Method(6).LineTable(1)
20:00:23.694 INFO: JdwpDebugServer: handling req: Method(6).LineTable(1)
20:00:23.695 INFO: JdwpDebugServer: handling req: Method(6).LineTable(1)
20:00:23.695 INFO: JdwpDebugServer: handling req: Method(6).LineTable(1)
20:00:23.695 INFO: JdwpDebugServer: handling req: Method(6).LineTable(1)
20:00:23.696 INFO: JdwpDebugServer: handling req: Method(6).LineTable(1)
20:00:23.696 INFO: JdwpDebugServer: handling req: Method(6).LineTable(1)
20:00:23.696 INFO: JdwpDebugServer: handling req: Method(6).LineTable(1)
20:00:23.696 INFO: JdwpDebugServer: handling req: Method(6).LineTable(1)
20:00:23.696 INFO: JdwpDebugServer: handling req: Method(6).LineTable(1)
20:00:23.697 INFO: JdwpDebugServer: handling req: Method(6).LineTable(1)
20:00:23.697 INFO: JdwpDebugServer: handling req: Method(6).LineTable(1)
20:00:23.697 INFO: JdwpDebugServer: handling req: Method(6).LineTable(1)
20:00:23.698 INFO: JdwpDebugServer: handling req: Method(6).LineTable(1)
20:00:23.698 INFO: JdwpDebugServer: handling req: Method(6).LineTable(1)
20:00:23.698 INFO: JdwpDebugServer: handling req: Method(6).LineTable(1)
20:00:23.698 INFO: JdwpDebugServer: handling req: Method(6).LineTable(1)
20:00:23.698 INFO: JdwpDebugServer: handling req: Method(6).LineTable(1)
20:00:23.699 INFO: JdwpDebugServer: handling req: Method(6).LineTable(1)
20:00:23.699 INFO: JdwpDebugServer: handling req: Method(6).LineTable(1)
20:00:23.699 INFO: JdwpDebugServer: handling req: Method(6).LineTable(1)
20:00:23.699 INFO: JdwpDebugServer: handling req: Method(6).LineTable(1)
20:00:23.699 INFO: JdwpDebugServer: handling req: Method(6).LineTable(1)
20:00:23.700 INFO: JdwpDebugServer: handling req: Method(6).LineTable(1)
20:00:23.700 INFO: JdwpDebugServer: handling req: Method(6).LineTable(1)
20:00:23.700 INFO: JdwpDebugServer: handling req: Method(6).LineTable(1)
20:00:23.700 INFO: JdwpDebugServer: handling req: Method(6).LineTable(1)
20:00:23.700 INFO: JdwpDebugServer: handling req: Method(6).LineTable(1)
20:00:23.701 INFO: JdwpDebugServer: handling req: Method(6).LineTable(1)
20:00:23.701 INFO: JdwpDebugServer: handling req: Method(6).LineTable(1)
20:00:23.701 INFO: JdwpDebugServer: handling req: Method(6).LineTable(1)
20:00:23.701 INFO: JdwpDebugServer: handling req: Method(6).LineTable(1)
20:00:23.701 INFO: JdwpDebugServer: handling req: Method(6).LineTable(1)
20:00:23.701 INFO: JdwpDebugServer: handling req: Method(6).LineTable(1)
20:00:23.702 INFO: JdwpDebugServer: handling req: ClassType(3).Superclass(1)
20:00:23.704 INFO: JdwpDebugServer: handling req: ReferenceType(2).ClassLoader(2)
20:00:23.704 INFO: JdwpDebugServer: handling req: ReferenceType(2).ClassLoader(2)
20:00:23.704 INFO: JdwpDebugServer: handling req: ReferenceType(2).ClassLoader(2)
20:00:23.704 INFO: JdwpDebugServer: handling req: ReferenceType(2).ClassLoader(2)
20:00:23.705 INFO: JdwpDebugServer: handling req: ReferenceType(2).ClassLoader(2)
20:00:23.705 INFO: JdwpDebugServer: handling req: ReferenceType(2).ClassLoader(2)
20:00:23.705 INFO: JdwpDebugServer: handling req: ReferenceType(2).ClassLoader(2)
20:00:23.705 INFO: JdwpDebugServer: handling req: ReferenceType(2).ClassLoader(2)
20:00:23.705 INFO: JdwpDebugServer: handling req: ReferenceType(2).ClassLoader(2)
20:00:23.706 INFO: JdwpDebugServer: handling req: ReferenceType(2).ClassLoader(2)
20:00:23.706 INFO: JdwpDebugServer: handling req: ReferenceType(2).ClassLoader(2)
20:00:23.706 INFO: JdwpDebugServer: handling req: ReferenceType(2).ClassLoader(2)
20:00:23.706 INFO: JdwpDebugServer: handling req: ReferenceType(2).ClassLoader(2)
20:00:23.709 INFO: JdwpDebugServer: handling req: ReferenceType(2).MethodsWithGeneric(15)
20:00:23.710 INFO: JdwpDebugServer: handling req: ReferenceType(2).MethodsWithGeneric(15)
20:00:23.710 INFO: JdwpDebugServer: handling req: ReferenceType(2).MethodsWithGeneric(15)
20:00:23.710 INFO: JdwpDebugServer: handling req: ReferenceType(2).MethodsWithGeneric(15)
20:00:23.710 INFO: JdwpDebugServer: handling req: ReferenceType(2).MethodsWithGeneric(15)
20:00:23.711 INFO: JdwpDebugServer: handling req: ReferenceType(2).SourceFile(7)
20:00:23.712 INFO: JdwpDebugServer: handling req: EventRequest(15).Set(1)
20:00:23.712 INFO: JdwpEventCenterDelegate: jdwpSetEventRequest: JdwpEventRequest{requestId=109, eventKind=BREAKPOINT, suspendPolicy=EVENT_THREAD, predicates=[Location{classId=23035, methodId=12412, index=202} ]}
20:00:25.396 INFO: JdwpDebugServer: handling req: ThreadReference(11).Status(4)
20:00:25.397 INFO: JdwpDebugServer: handling req: ThreadReference(11).FramesCount(7)
20:00:25.397 INFO: JdwpDebugServer: handling req: ThreadReference(11).Frames(6)
20:00:25.398 INFO: JdwpDebugServer: handling req: ThreadReference(11).Name(1)
20:00:25.398 INFO: JdwpDebugServer: handling req: ThreadReference(11).ThreadGroup(5)
20:00:25.399 INFO: JdwpDebugServer: handling req: ThreadGroup(12).Name(1)
20:00:25.468 INFO: JdwpDebugServer: handling req: ObjectReference(9).IsCollected(9)
20:00:25.468 INFO: JdwpDebugServer: handling req: StackFrame(16).ThisObject(3)
20:00:25.470 INFO: JdwpDebugServer: handling req: ObjectReference(9).ReferenceType(1)
20:00:25.470 INFO: JdwpDebugServer: handling req: Method(6).VariableTableWithGenerics(5)
20:00:25.471 INFO: JdwpDebugServer: handling req: ReferenceType(2).Interfaces(10)
20:00:25.471 INFO: JdwpDebugServer: handling req: ReferenceType(2).Interfaces(10)
20:00:25.471 INFO: JdwpDebugServer: handling req: ReferenceType(2).Interfaces(10)
20:00:25.472 INFO: JdwpDebugServer: handling req: ReferenceType(2).Interfaces(10)
20:00:25.472 INFO: JdwpDebugServer: handling req: ClassType(3).Superclass(1)
20:00:25.473 INFO: JdwpDebugServer: handling req: ReferenceType(2).MethodsWithGeneric(15)
20:00:25.474 INFO: JdwpDebugServer: handling req: ClassType(3).Superclass(1)
20:00:25.474 INFO: JdwpDebugServer: handling req: ClassType(3).Superclass(1)
20:00:25.474 INFO: JdwpDebugServer: handling req: Method(6).LineTable(1)
20:00:25.475 INFO: JdwpDebugServer: handling req: ReferenceType(2).SourceFile(7)
20:00:25.825 INFO: JdwpDebugServer: handling req: ReferenceType(2).MethodsWithGeneric(15)
20:00:25.825 INFO: JdwpDebugServer: handling req: ReferenceType(2).MethodsWithGeneric(15)
20:00:25.825 INFO: JdwpDebugServer: handling req: ReferenceType(2).MethodsWithGeneric(15)
20:00:25.825 INFO: JdwpDebugServer: handling req: StackFrame(16).GetValues(1)
20:00:25.831 INFO: JdwpDebugServer: handling req: ObjectReference(9).ReferenceType(1)
20:00:25.831 INFO: JdwpDebugServer: handling req: ObjectReference(9).ReferenceType(1)
20:00:25.831 INFO: JdwpDebugServer: handling req: ObjectReference(9).ReferenceType(1)
20:00:25.831 INFO: JdwpDebugServer: handling req: ObjectReference(9).ReferenceType(1)
20:00:25.831 INFO: JdwpDebugServer: handling req: ReferenceType(2).MethodsWithGeneric(15)
20:00:25.831 INFO: JdwpDebugServer: handling req: ClassType(3).Superclass(1)
20:00:25.831 INFO: JdwpDebugServer: handling req: Method(6).LineTable(1)
20:00:25.831 INFO: JdwpDebugServer: handling req: ReferenceType(2).SourceFile(7)
20:00:25.837 INFO: JdwpDebugServer: handling req: ClassType(3).Superclass(1)
20:00:25.837 INFO: JdwpDebugServer: handling req: ReferenceType(2).Interfaces(10)
20:00:25.837 INFO: JdwpDebugServer: handling req: ClassType(3).Superclass(1)
20:00:25.837 INFO: JdwpDebugServer: handling req: ReferenceType(2).Interfaces(10)
20:00:25.837 INFO: JdwpDebugServer: handling req: ClassType(3).Superclass(1)
20:00:25.837 INFO: JdwpDebugServer: handling req: ReferenceType(2).Interfaces(10)
20:00:25.837 INFO: JdwpDebugServer: handling req: ClassType(3).Superclass(1)
20:00:25.837 INFO: JdwpDebugServer: handling req: ReferenceType(2).Interfaces(10)
20:00:25.837 INFO: JdwpDebugServer: handling req: ClassType(3).Superclass(1)
20:00:25.837 INFO: JdwpDebugServer: handling req: ReferenceType(2).Interfaces(10)
20:00:25.837 INFO: JdwpDebugServer: handling req: ClassType(3).Superclass(1)
20:00:25.837 INFO: JdwpDebugServer: handling req: ReferenceType(2).Interfaces(10)
20:00:25.837 INFO: JdwpDebugServer: handling req: ClassType(3).Superclass(1)
20:00:25.837 INFO: JdwpDebugServer: handling req: ReferenceType(2).Interfaces(10)
20:00:25.837 INFO: JdwpDebugServer: handling req: ClassType(3).Superclass(1)
20:00:25.837 INFO: JdwpDebugServer: handling req: ReferenceType(2).Interfaces(10)
20:00:25.837 INFO: JdwpDebugServer: handling req: ClassType(3).Superclass(1)
20:00:25.837 INFO: JdwpDebugServer: handling req: ClassType(3).Superclass(1)
20:00:25.837 INFO: JdwpDebugServer: handling req: ReferenceType(2).Interfaces(10)
20:00:25.837 INFO: JdwpDebugServer: handling req: ReferenceType(2).Interfaces(10)
20:00:25.837 INFO: JdwpDebugServer: handling req: ReferenceType(2).Interfaces(10)
20:00:25.837 INFO: JdwpDebugServer: handling req: ReferenceType(2).Interfaces(10)
20:00:25.837 INFO: JdwpDebugServer: handling req: ReferenceType(2).Interfaces(10)
20:00:25.837 INFO: JdwpDebugServer: handling req: ReferenceType(2).Interfaces(10)
20:00:25.838 INFO: JdwpDebugServer: handling req: ReferenceType(2).Interfaces(10)
20:00:25.838 INFO: JdwpDebugServer: handling req: ReferenceType(2).Interfaces(10)
20:00:25.838 INFO: JdwpDebugServer: handling req: ReferenceType(2).Interfaces(10)
20:00:25.838 INFO: JdwpDebugServer: handling req: ReferenceType(2).Interfaces(10)
20:00:25.838 INFO: JdwpDebugServer: handling req: ReferenceType(2).Interfaces(10)
20:00:25.838 INFO: JdwpDebugServer: handling req: ClassType(3).Superclass(1)
20:00:25.838 INFO: JdwpDebugServer: handling req: ReferenceType(2).Interfaces(10)
20:00:25.838 INFO: JdwpDebugServer: handling req: ReferenceType(2).Interfaces(10)
20:00:25.838 INFO: JdwpDebugServer: handling req: ReferenceType(2).Interfaces(10)
20:00:25.838 INFO: JdwpDebugServer: handling req: ReferenceType(2).Interfaces(10)
20:00:25.838 INFO: JdwpDebugServer: handling req: ReferenceType(2).Interfaces(10)
20:00:25.838 INFO: JdwpDebugServer: handling req: ReferenceType(2).Interfaces(10)
20:00:25.838 INFO: JdwpDebugServer: handling req: ReferenceType(2).Interfaces(10)
20:00:25.838 INFO: JdwpDebugServer: handling req: ReferenceType(2).Interfaces(10)
20:00:25.838 INFO: JdwpDebugServer: handling req: ReferenceType(2).Interfaces(10)
20:00:25.838 INFO: JdwpDebugServer: handling req: ReferenceType(2).Interfaces(10)
20:00:25.838 INFO: JdwpDebugServer: handling req: ReferenceType(2).Interfaces(10)
20:00:25.838 INFO: JdwpDebugServer: handling req: ClassType(3).Superclass(1)
20:00:25.838 INFO: JdwpDebugServer: handling req: ReferenceType(2).Interfaces(10)
20:00:25.838 INFO: JdwpDebugServer: handling req: ReferenceType(2).Interfaces(10)
20:00:25.838 INFO: JdwpDebugServer: handling req: ReferenceType(2).Interfaces(10)
20:00:25.838 INFO: JdwpDebugServer: handling req: ReferenceType(2).Interfaces(10)
20:00:25.838 INFO: JdwpDebugServer: handling req: ReferenceType(2).Interfaces(10)
20:00:25.838 INFO: JdwpDebugServer: handling req: ReferenceType(2).Interfaces(10)
20:00:25.838 INFO: JdwpDebugServer: handling req: ReferenceType(2).Interfaces(10)
20:00:25.838 INFO: JdwpDebugServer: handling req: ReferenceType(2).Interfaces(10)
20:00:25.838 INFO: JdwpDebugServer: handling req: ReferenceType(2).Interfaces(10)
20:00:25.838 INFO: JdwpDebugServer: handling req: ReferenceType(2).Interfaces(10)
20:00:25.838 INFO: JdwpDebugServer: handling req: ReferenceType(2).Interfaces(10)
20:00:25.838 INFO: JdwpDebugServer: handling req: ClassType(3).Superclass(1)
20:00:25.838 INFO: JdwpDebugServer: handling req: ReferenceType(2).Interfaces(10)
20:00:25.838 INFO: JdwpDebugServer: handling req: ReferenceType(2).Interfaces(10)
20:00:25.838 INFO: JdwpDebugServer: handling req: ReferenceType(2).Interfaces(10)
20:00:25.838 INFO: JdwpDebugServer: handling req: ReferenceType(2).Interfaces(10)
20:00:25.838 INFO: JdwpDebugServer: handling req: ReferenceType(2).Interfaces(10)
20:00:25.838 INFO: JdwpDebugServer: handling req: ReferenceType(2).Interfaces(10)
20:00:25.838 INFO: JdwpDebugServer: handling req: ReferenceType(2).Interfaces(10)
20:00:25.838 INFO: JdwpDebugServer: handling req: ReferenceType(2).Interfaces(10)
20:00:25.838 INFO: JdwpDebugServer: handling req: ReferenceType(2).Interfaces(10)
20:00:25.838 INFO: JdwpDebugServer: handling req: ReferenceType(2).Interfaces(10)
20:00:25.838 INFO: JdwpDebugServer: handling req: ReferenceType(2).Interfaces(10)
20:00:25.838 INFO: JdwpDebugServer: handling req: ClassType(3).Superclass(1)
20:00:25.838 INFO: JdwpDebugServer: handling req: ReferenceType(2).Interfaces(10)
20:00:25.838 INFO: JdwpDebugServer: handling req: ReferenceType(2).Interfaces(10)
20:00:25.838 INFO: JdwpDebugServer: handling req: ReferenceType(2).Interfaces(10)
20:00:25.838 INFO: JdwpDebugServer: handling req: ReferenceType(2).Interfaces(10)
20:00:25.838 INFO: JdwpDebugServer: handling req: ReferenceType(2).Interfaces(10)
20:00:25.838 INFO: JdwpDebugServer: handling req: ReferenceType(2).Interfaces(10)
20:00:25.838 INFO: JdwpDebugServer: handling req: ReferenceType(2).Interfaces(10)
20:00:25.838 INFO: JdwpDebugServer: handling req: ReferenceType(2).Interfaces(10)
20:00:25.838 INFO: JdwpDebugServer: handling req: ReferenceType(2).Interfaces(10)
20:00:25.838 INFO: JdwpDebugServer: handling req: ReferenceType(2).Interfaces(10)
20:00:25.838 INFO: JdwpDebugServer: handling req: ReferenceType(2).Interfaces(10)
20:00:25.838 INFO: JdwpDebugServer: handling req: ClassType(3).Superclass(1)
20:00:25.838 INFO: JdwpDebugServer: handling req: ReferenceType(2).Interfaces(10)
20:00:25.838 INFO: JdwpDebugServer: handling req: ReferenceType(2).Interfaces(10)
20:00:25.838 INFO: JdwpDebugServer: handling req: ReferenceType(2).Interfaces(10)
20:00:25.838 INFO: JdwpDebugServer: handling req: ReferenceType(2).Interfaces(10)
20:00:25.838 INFO: JdwpDebugServer: handling req: ReferenceType(2).Interfaces(10)
20:00:25.838 INFO: JdwpDebugServer: handling req: ReferenceType(2).Interfaces(10)
20:00:25.838 INFO: JdwpDebugServer: handling req: ReferenceType(2).Interfaces(10)
20:00:25.838 INFO: JdwpDebugServer: handling req: ReferenceType(2).Interfaces(10)
20:00:25.838 INFO: JdwpDebugServer: handling req: ReferenceType(2).Interfaces(10)
20:00:25.838 INFO: JdwpDebugServer: handling req: ReferenceType(2).Interfaces(10)
20:00:25.838 INFO: JdwpDebugServer: handling req: ReferenceType(2).Interfaces(10)
20:00:25.838 INFO: JdwpDebugServer: handling req: ClassType(3).Superclass(1)
20:00:25.838 INFO: JdwpDebugServer: handling req: ReferenceType(2).Interfaces(10)
20:00:25.838 INFO: JdwpDebugServer: handling req: ReferenceType(2).Interfaces(10)
20:00:25.838 INFO: JdwpDebugServer: handling req: ReferenceType(2).Interfaces(10)
20:00:25.838 INFO: JdwpDebugServer: handling req: ReferenceType(2).Interfaces(10)
20:00:25.838 INFO: JdwpDebugServer: handling req: ReferenceType(2).Interfaces(10)
20:00:25.838 INFO: JdwpDebugServer: handling req: ReferenceType(2).Interfaces(10)
20:00:25.838 INFO: JdwpDebugServer: handling req: ReferenceType(2).Interfaces(10)
20:00:25.838 INFO: JdwpDebugServer: handling req: ReferenceType(2).Interfaces(10)
20:00:25.838 INFO: JdwpDebugServer: handling req: ReferenceType(2).Interfaces(10)
20:00:25.838 INFO: JdwpDebugServer: handling req: ReferenceType(2).Interfaces(10)
20:00:25.838 INFO: JdwpDebugServer: handling req: ReferenceType(2).Interfaces(10)
20:00:25.838 INFO: JdwpDebugServer: handling req: ClassType(3).Superclass(1)
20:00:25.838 INFO: JdwpDebugServer: handling req: ReferenceType(2).Interfaces(10)
20:00:25.838 INFO: JdwpDebugServer: handling req: ReferenceType(2).Interfaces(10)
20:00:25.838 INFO: JdwpDebugServer: handling req: ReferenceType(2).Interfaces(10)
20:00:25.838 INFO: JdwpDebugServer: handling req: ReferenceType(2).Interfaces(10)
20:00:25.838 INFO: JdwpDebugServer: handling req: ReferenceType(2).Interfaces(10)
20:00:25.838 INFO: JdwpDebugServer: handling req: ReferenceType(2).Interfaces(10)
20:00:25.838 INFO: JdwpDebugServer: handling req: ReferenceType(2).Interfaces(10)
20:00:25.838 INFO: JdwpDebugServer: handling req: ReferenceType(2).Interfaces(10)
20:00:25.838 INFO: JdwpDebugServer: handling req: ReferenceType(2).Interfaces(10)
20:00:25.838 INFO: JdwpDebugServer: handling req: ReferenceType(2).Interfaces(10)
20:00:25.838 INFO: JdwpDebugServer: handling req: ReferenceType(2).Interfaces(10)
20:00:25.838 INFO: JdwpDebugServer: handling req: ClassType(3).Superclass(1)
20:00:25.838 INFO: JdwpDebugServer: handling req: ReferenceType(2).Interfaces(10)
20:00:25.839 INFO: JdwpDebugServer: handling req: ReferenceType(2).Interfaces(10)
20:00:25.839 INFO: JdwpDebugServer: handling req: ReferenceType(2).Interfaces(10)
20:00:25.839 INFO: JdwpDebugServer: handling req: ReferenceType(2).Interfaces(10)
20:00:25.839 INFO: JdwpDebugServer: handling req: ClassType(3).Superclass(1)
20:00:25.839 INFO: JdwpDebugServer: handling req: ReferenceType(2).Interfaces(10)
20:00:25.839 INFO: JdwpDebugServer: handling req: ReferenceType(2).Interfaces(10)
20:00:25.839 INFO: JdwpDebugServer: handling req: ReferenceType(2).Interfaces(10)
20:00:25.839 INFO: JdwpDebugServer: handling req: ReferenceType(2).Interfaces(10)
20:00:25.839 INFO: JdwpDebugServer: handling req: ReferenceType(2).Interfaces(10)
20:00:25.839 INFO: JdwpDebugServer: handling req: ReferenceType(2).Interfaces(10)
20:00:25.839 INFO: JdwpDebugServer: handling req: ReferenceType(2).Interfaces(10)
20:00:25.839 INFO: JdwpDebugServer: handling req: ReferenceType(2).Interfaces(10)
20:00:25.839 INFO: JdwpDebugServer: handling req: ClassType(3).Superclass(1)
20:00:25.839 INFO: JdwpDebugServer: handling req: ReferenceType(2).Interfaces(10)
20:00:25.839 INFO: JdwpDebugServer: handling req: ReferenceType(2).Interfaces(10)
20:00:25.839 INFO: JdwpDebugServer: handling req: ReferenceType(2).Interfaces(10)
20:00:25.839 INFO: JdwpDebugServer: handling req: ReferenceType(2).Interfaces(10)
20:00:25.839 INFO: JdwpDebugServer: handling req: ReferenceType(2).Interfaces(10)
20:00:25.839 INFO: JdwpDebugServer: handling req: ReferenceType(2).Interfaces(10)
20:00:25.839 INFO: JdwpDebugServer: handling req: ReferenceType(2).Interfaces(10)
20:00:25.839 INFO: JdwpDebugServer: handling req: ReferenceType(2).Interfaces(10)
20:00:25.839 INFO: JdwpDebugServer: handling req: ReferenceType(2).Interfaces(10)
20:00:25.839 INFO: JdwpDebugServer: handling req: ReferenceType(2).Interfaces(10)
20:00:25.839 INFO: JdwpDebugServer: handling req: ReferenceType(2).Interfaces(10)
20:00:25.839 INFO: JdwpDebugServer: handling req: ReferenceType(2).Interfaces(10)
20:00:25.839 INFO: JdwpDebugServer: handling req: ClassType(3).Superclass(1)
20:00:25.839 INFO: JdwpDebugServer: handling req: ReferenceType(2).Interfaces(10)
20:00:25.839 INFO: JdwpDebugServer: handling req: ReferenceType(2).Interfaces(10)
20:00:25.839 INFO: JdwpDebugServer: handling req: ReferenceType(2).Interfaces(10)
20:00:25.839 INFO: JdwpDebugServer: handling req: ReferenceType(2).Interfaces(10)
20:00:25.839 INFO: JdwpDebugServer: handling req: ReferenceType(2).Interfaces(10)
20:00:25.839 INFO: JdwpDebugServer: handling req: ReferenceType(2).Interfaces(10)
20:00:25.839 INFO: JdwpDebugServer: handling req: ReferenceType(2).Interfaces(10)
20:00:25.839 INFO: JdwpDebugServer: handling req: ReferenceType(2).Interfaces(10)
20:00:25.839 INFO: JdwpDebugServer: handling req: ReferenceType(2).Interfaces(10)
20:00:25.839 INFO: JdwpDebugServer: handling req: ReferenceType(2).Interfaces(10)
20:00:25.839 INFO: JdwpDebugServer: handling req: ReferenceType(2).Interfaces(10)
20:00:25.839 INFO: JdwpDebugServer: handling req: ReferenceType(2).Interfaces(10)
20:00:25.839 INFO: JdwpDebugServer: handling req: ClassType(3).Superclass(1)
20:00:25.839 INFO: JdwpDebugServer: handling req: ReferenceType(2).Interfaces(10)
20:00:25.839 INFO: JdwpDebugServer: handling req: ReferenceType(2).Interfaces(10)
20:00:25.839 INFO: JdwpDebugServer: handling req: ReferenceType(2).Interfaces(10)
20:00:25.839 INFO: JdwpDebugServer: handling req: ReferenceType(2).Interfaces(10)
20:00:25.839 INFO: JdwpDebugServer: handling req: ReferenceType(2).Interfaces(10)
20:00:25.839 INFO: JdwpDebugServer: handling req: ReferenceType(2).Interfaces(10)
20:00:25.839 INFO: JdwpDebugServer: handling req: ReferenceType(2).Interfaces(10)
20:00:25.839 INFO: JdwpDebugServer: handling req: ReferenceType(2).Interfaces(10)
20:00:25.839 INFO: JdwpDebugServer: handling req: ReferenceType(2).Interfaces(10)
20:00:25.839 INFO: JdwpDebugServer: handling req: ReferenceType(2).Interfaces(10)
20:00:25.839 INFO: JdwpDebugServer: handling req: ReferenceType(2).Interfaces(10)
20:00:25.839 INFO: JdwpDebugServer: handling req: ReferenceType(2).Interfaces(10)
20:00:25.839 INFO: JdwpDebugServer: handling req: ClassType(3).Superclass(1)
20:00:25.839 INFO: JdwpDebugServer: handling req: ReferenceType(2).Interfaces(10)
20:00:25.839 INFO: JdwpDebugServer: handling req: ReferenceType(2).Interfaces(10)
20:00:25.839 INFO: JdwpDebugServer: handling req: ReferenceType(2).Interfaces(10)
20:00:25.839 INFO: JdwpDebugServer: handling req: ReferenceType(2).Interfaces(10)
20:00:25.839 INFO: JdwpDebugServer: handling req: ReferenceType(2).Interfaces(10)
20:00:25.839 INFO: JdwpDebugServer: handling req: ReferenceType(2).Interfaces(10)
20:00:25.839 INFO: JdwpDebugServer: handling req: ReferenceType(2).Interfaces(10)
20:00:25.839 INFO: JdwpDebugServer: handling req: ReferenceType(2).Interfaces(10)
20:00:25.839 INFO: JdwpDebugServer: handling req: ReferenceType(2).Interfaces(10)
20:00:25.839 INFO: JdwpDebugServer: handling req: ReferenceType(2).Interfaces(10)
20:00:25.839 INFO: JdwpDebugServer: handling req: ReferenceType(2).Interfaces(10)
20:00:25.839 INFO: JdwpDebugServer: handling req: ReferenceType(2).Interfaces(10)
20:00:25.839 INFO: JdwpDebugServer: handling req: ClassType(3).Superclass(1)
20:00:25.839 INFO: JdwpDebugServer: handling req: ReferenceType(2).Interfaces(10)
20:00:25.839 INFO: JdwpDebugServer: handling req: ReferenceType(2).Interfaces(10)
20:00:25.839 INFO: JdwpDebugServer: handling req: ReferenceType(2).Interfaces(10)
20:00:25.839 INFO: JdwpDebugServer: handling req: ReferenceType(2).Interfaces(10)
20:00:25.839 INFO: JdwpDebugServer: handling req: ReferenceType(2).Interfaces(10)
20:00:25.839 INFO: JdwpDebugServer: handling req: ReferenceType(2).Interfaces(10)
20:00:25.839 INFO: JdwpDebugServer: handling req: ReferenceType(2).Interfaces(10)
20:00:25.839 INFO: JdwpDebugServer: handling req: ReferenceType(2).Interfaces(10)
20:00:25.839 INFO: JdwpDebugServer: handling req: ReferenceType(2).Interfaces(10)
20:00:25.839 INFO: JdwpDebugServer: handling req: ReferenceType(2).Interfaces(10)
20:00:25.839 INFO: JdwpDebugServer: handling req: ReferenceType(2).Interfaces(10)
20:00:25.839 INFO: JdwpDebugServer: handling req: ReferenceType(2).Interfaces(10)
20:00:25.839 INFO: JdwpDebugServer: handling req: ClassType(3).Superclass(1)
20:00:25.839 INFO: JdwpDebugServer: handling req: ReferenceType(2).Interfaces(10)
20:00:25.839 INFO: JdwpDebugServer: handling req: ReferenceType(2).Interfaces(10)
20:00:25.839 INFO: JdwpDebugServer: handling req: ReferenceType(2).Interfaces(10)
20:00:25.839 INFO: JdwpDebugServer: handling req: ReferenceType(2).Interfaces(10)
20:00:25.839 INFO: JdwpDebugServer: handling req: ReferenceType(2).Interfaces(10)
20:00:25.839 INFO: JdwpDebugServer: handling req: ReferenceType(2).Interfaces(10)
20:00:25.839 INFO: JdwpDebugServer: handling req: ReferenceType(2).Interfaces(10)
20:00:25.839 INFO: JdwpDebugServer: handling req: ReferenceType(2).Interfaces(10)
20:00:25.839 INFO: JdwpDebugServer: handling req: ReferenceType(2).Interfaces(10)
20:00:25.839 INFO: JdwpDebugServer: handling req: ReferenceType(2).Interfaces(10)
20:00:25.839 INFO: JdwpDebugServer: handling req: ReferenceType(2).Interfaces(10)
20:00:25.839 INFO: JdwpDebugServer: handling req: ReferenceType(2).Interfaces(10)
20:00:25.839 INFO: JdwpDebugServer: handling req: ClassType(3).Superclass(1)
20:00:25.839 INFO: JdwpDebugServer: handling req: ReferenceType(2).Interfaces(10)
20:00:25.839 INFO: JdwpDebugServer: handling req: ReferenceType(2).Interfaces(10)
20:00:25.839 INFO: JdwpDebugServer: handling req: ReferenceType(2).Interfaces(10)
20:00:25.839 INFO: JdwpDebugServer: handling req: ReferenceType(2).Interfaces(10)
20:00:25.839 INFO: JdwpDebugServer: handling req: ReferenceType(2).Interfaces(10)
20:00:25.839 INFO: JdwpDebugServer: handling req: ReferenceType(2).Interfaces(10)
20:00:25.839 INFO: JdwpDebugServer: handling req: ReferenceType(2).Interfaces(10)
20:00:25.839 INFO: JdwpDebugServer: handling req: ReferenceType(2).Interfaces(10)
20:00:25.839 INFO: JdwpDebugServer: handling req: ReferenceType(2).Interfaces(10)
20:00:25.839 INFO: JdwpDebugServer: handling req: ReferenceType(2).Interfaces(10)
20:00:25.839 INFO: JdwpDebugServer: handling req: ReferenceType(2).Interfaces(10)
20:00:25.839 INFO: JdwpDebugServer: handling req: ReferenceType(2).Interfaces(10)
20:00:25.839 INFO: JdwpDebugServer: handling req: ClassType(3).Superclass(1)
20:00:25.839 INFO: JdwpDebugServer: handling req: ReferenceType(2).Interfaces(10)
20:00:25.839 INFO: JdwpDebugServer: handling req: ReferenceType(2).Interfaces(10)
20:00:25.840 INFO: JdwpDebugServer: handling req: ReferenceType(2).Interfaces(10)
20:00:25.840 INFO: JdwpDebugServer: handling req: ClassType(3).Superclass(1)
20:00:25.840 INFO: JdwpDebugServer: handling req: ReferenceType(2).Interfaces(10)
20:00:25.840 INFO: JdwpDebugServer: handling req: ReferenceType(2).Interfaces(10)
20:00:25.840 INFO: JdwpDebugServer: handling req: ReferenceType(2).Interfaces(10)
20:00:25.840 INFO: JdwpDebugServer: handling req: ReferenceType(2).Interfaces(10)
20:00:25.840 INFO: JdwpDebugServer: handling req: ReferenceType(2).Interfaces(10)
20:00:25.840 INFO: JdwpDebugServer: handling req: ReferenceType(2).Interfaces(10)
20:00:25.840 INFO: JdwpDebugServer: handling req: ReferenceType(2).Interfaces(10)
20:00:25.840 INFO: JdwpDebugServer: handling req: ReferenceType(2).Interfaces(10)
20:00:25.840 INFO: JdwpDebugServer: handling req: ReferenceType(2).Interfaces(10)
20:00:25.840 INFO: JdwpDebugServer: handling req: ReferenceType(2).Interfaces(10)
20:00:25.840 INFO: JdwpDebugServer: handling req: ClassType(3).Superclass(1)
20:00:25.840 INFO: JdwpDebugServer: handling req: ReferenceType(2).Interfaces(10)
20:00:25.840 INFO: JdwpDebugServer: handling req: ReferenceType(2).Interfaces(10)
20:00:25.840 INFO: JdwpDebugServer: handling req: ReferenceType(2).Interfaces(10)
20:00:25.840 INFO: JdwpDebugServer: handling req: ReferenceType(2).Interfaces(10)
20:00:25.840 INFO: JdwpDebugServer: handling req: ReferenceType(2).Interfaces(10)
20:00:25.840 INFO: JdwpDebugServer: handling req: ReferenceType(2).Interfaces(10)
20:00:25.840 INFO: JdwpDebugServer: handling req: ReferenceType(2).Interfaces(10)
20:00:25.840 INFO: JdwpDebugServer: handling req: ReferenceType(2).Interfaces(10)
20:00:25.840 INFO: JdwpDebugServer: handling req: ReferenceType(2).Interfaces(10)
20:00:25.840 INFO: JdwpDebugServer: handling req: ReferenceType(2).Interfaces(10)
20:00:25.840 INFO: JdwpDebugServer: handling req: ReferenceType(2).Interfaces(10)
20:00:25.840 INFO: JdwpDebugServer: handling req: ReferenceType(2).Interfaces(10)
20:00:25.840 INFO: JdwpDebugServer: handling req: ReferenceType(2).Interfaces(10)
20:00:25.840 INFO: JdwpDebugServer: handling req: ClassType(3).Superclass(1)
20:00:25.840 INFO: JdwpDebugServer: handling req: ReferenceType(2).Interfaces(10)
20:00:25.840 INFO: JdwpDebugServer: handling req: ReferenceType(2).Interfaces(10)
20:00:25.840 INFO: JdwpDebugServer: handling req: ReferenceType(2).Interfaces(10)
20:00:25.840 INFO: JdwpDebugServer: handling req: ReferenceType(2).Interfaces(10)
20:00:25.840 INFO: JdwpDebugServer: handling req: ReferenceType(2).Interfaces(10)
20:00:25.840 INFO: JdwpDebugServer: handling req: ReferenceType(2).Interfaces(10)
20:00:25.840 INFO: JdwpDebugServer: handling req: ReferenceType(2).Interfaces(10)
20:00:25.840 INFO: JdwpDebugServer: handling req: ReferenceType(2).Interfaces(10)
20:00:25.840 INFO: JdwpDebugServer: handling req: ReferenceType(2).Interfaces(10)
20:00:25.840 INFO: JdwpDebugServer: handling req: ReferenceType(2).Interfaces(10)
20:00:25.840 INFO: JdwpDebugServer: handling req: ReferenceType(2).Interfaces(10)
20:00:25.840 INFO: JdwpDebugServer: handling req: ReferenceType(2).Interfaces(10)
20:00:25.840 INFO: JdwpDebugServer: handling req: ReferenceType(2).Interfaces(10)
20:00:25.840 INFO: JdwpDebugServer: handling req: ClassType(3).Superclass(1)
20:00:25.840 INFO: JdwpDebugServer: handling req: ReferenceType(2).Interfaces(10)
20:00:25.840 INFO: JdwpDebugServer: handling req: ReferenceType(2).Interfaces(10)
20:00:25.840 INFO: JdwpDebugServer: handling req: ReferenceType(2).Interfaces(10)
20:00:25.840 INFO: JdwpDebugServer: handling req: ReferenceType(2).Interfaces(10)
20:00:25.840 INFO: JdwpDebugServer: handling req: ReferenceType(2).Interfaces(10)
20:00:25.840 INFO: JdwpDebugServer: handling req: ReferenceType(2).Interfaces(10)
20:00:25.840 INFO: JdwpDebugServer: handling req: ReferenceType(2).Interfaces(10)
20:00:25.840 INFO: JdwpDebugServer: handling req: ReferenceType(2).Interfaces(10)
20:00:25.840 INFO: JdwpDebugServer: handling req: ReferenceType(2).Interfaces(10)
20:00:25.840 INFO: JdwpDebugServer: handling req: ReferenceType(2).Interfaces(10)
20:00:25.840 INFO: JdwpDebugServer: handling req: ReferenceType(2).Interfaces(10)
20:00:25.840 INFO: JdwpDebugServer: handling req: ReferenceType(2).Interfaces(10)
20:00:25.840 INFO: JdwpDebugServer: handling req: ReferenceType(2).Interfaces(10)
20:00:25.840 INFO: JdwpDebugServer: handling req: ClassType(3).Superclass(1)
20:00:25.840 INFO: JdwpDebugServer: handling req: ReferenceType(2).Interfaces(10)
20:00:25.840 INFO: JdwpDebugServer: handling req: ReferenceType(2).Interfaces(10)
20:00:25.840 INFO: JdwpDebugServer: handling req: ReferenceType(2).Interfaces(10)
20:00:25.840 INFO: JdwpDebugServer: handling req: ReferenceType(2).Interfaces(10)
20:00:25.840 INFO: JdwpDebugServer: handling req: ReferenceType(2).Interfaces(10)
20:00:25.840 INFO: JdwpDebugServer: handling req: ReferenceType(2).Interfaces(10)
20:00:25.840 INFO: JdwpDebugServer: handling req: ReferenceType(2).Interfaces(10)
20:00:25.840 INFO: JdwpDebugServer: handling req: ReferenceType(2).Interfaces(10)
20:00:25.840 INFO: JdwpDebugServer: handling req: ReferenceType(2).Interfaces(10)
20:00:25.840 INFO: JdwpDebugServer: handling req: ReferenceType(2).Interfaces(10)
20:00:25.840 INFO: JdwpDebugServer: handling req: ReferenceType(2).Interfaces(10)
20:00:25.840 INFO: JdwpDebugServer: handling req: ReferenceType(2).Interfaces(10)
20:00:25.840 INFO: JdwpDebugServer: handling req: ReferenceType(2).Interfaces(10)
20:00:25.840 INFO: JdwpDebugServer: handling req: ClassType(3).Superclass(1)
20:00:25.840 INFO: JdwpDebugServer: handling req: ReferenceType(2).Interfaces(10)
20:00:25.840 INFO: JdwpDebugServer: handling req: ReferenceType(2).Interfaces(10)
20:00:25.840 INFO: JdwpDebugServer: handling req: ReferenceType(2).Interfaces(10)
20:00:25.840 INFO: JdwpDebugServer: handling req: ReferenceType(2).Interfaces(10)
20:00:25.840 INFO: JdwpDebugServer: handling req: ReferenceType(2).Interfaces(10)
20:00:25.840 INFO: JdwpDebugServer: handling req: ReferenceType(2).Interfaces(10)
20:00:25.840 INFO: JdwpDebugServer: handling req: ReferenceType(2).Interfaces(10)
20:00:25.840 INFO: JdwpDebugServer: handling req: ReferenceType(2).Interfaces(10)
20:00:25.840 INFO: JdwpDebugServer: handling req: ReferenceType(2).Interfaces(10)
20:00:25.840 INFO: JdwpDebugServer: handling req: ReferenceType(2).Interfaces(10)
20:00:25.840 INFO: JdwpDebugServer: handling req: ReferenceType(2).Interfaces(10)
20:00:25.840 INFO: JdwpDebugServer: handling req: ReferenceType(2).Interfaces(10)
20:00:25.840 INFO: JdwpDebugServer: handling req: ReferenceType(2).Interfaces(10)
20:00:25.840 INFO: JdwpDebugServer: handling req: ClassType(3).Superclass(1)
20:00:25.840 INFO: JdwpDebugServer: handling req: ReferenceType(2).Interfaces(10)
20:00:25.840 INFO: JdwpDebugServer: handling req: ReferenceType(2).Interfaces(10)
20:00:25.840 INFO: JdwpDebugServer: handling req: ReferenceType(2).Interfaces(10)
20:00:25.840 INFO: JdwpDebugServer: handling req: ReferenceType(2).Interfaces(10)
20:00:25.840 INFO: JdwpDebugServer: handling req: ReferenceType(2).Interfaces(10)
20:00:25.840 INFO: JdwpDebugServer: handling req: ReferenceType(2).Interfaces(10)
20:00:25.840 INFO: JdwpDebugServer: handling req: ReferenceType(2).Interfaces(10)
20:00:25.840 INFO: JdwpDebugServer: handling req: ReferenceType(2).Interfaces(10)
20:00:25.840 INFO: JdwpDebugServer: handling req: ReferenceType(2).Interfaces(10)
20:00:25.840 INFO: JdwpDebugServer: handling req: ReferenceType(2).Interfaces(10)
20:00:25.840 INFO: JdwpDebugServer: handling req: ReferenceType(2).Interfaces(10)
20:00:25.840 INFO: JdwpDebugServer: handling req: ReferenceType(2).Interfaces(10)
20:00:25.840 INFO: JdwpDebugServer: handling req: ReferenceType(2).Interfaces(10)
20:00:25.840 INFO: JdwpDebugServer: handling req: ClassType(3).Superclass(1)
20:00:25.840 INFO: JdwpDebugServer: handling req: ReferenceType(2).Interfaces(10)
20:00:25.840 INFO: JdwpDebugServer: handling req: ReferenceType(2).Interfaces(10)
20:00:25.840 INFO: JdwpDebugServer: handling req: ReferenceType(2).Interfaces(10)
20:00:25.840 INFO: JdwpDebugServer: handling req: ReferenceType(2).Interfaces(10)
20:00:25.840 INFO: JdwpDebugServer: handling req: ReferenceType(2).Interfaces(10)
20:00:25.841 INFO: JdwpDebugServer: handling req: ReferenceType(2).Interfaces(10)
20:00:25.841 INFO: JdwpDebugServer: handling req: ReferenceType(2).Interfaces(10)
20:00:25.841 INFO: JdwpDebugServer: handling req: ClassType(3).Superclass(1)
20:00:25.841 INFO: JdwpDebugServer: handling req: ReferenceType(2).Interfaces(10)
20:00:25.841 INFO: JdwpDebugServer: handling req: ReferenceType(2).Interfaces(10)
20:00:25.841 INFO: JdwpDebugServer: handling req: ReferenceType(2).Interfaces(10)
20:00:25.841 INFO: JdwpDebugServer: handling req: ReferenceType(2).Interfaces(10)
20:00:25.841 INFO: JdwpDebugServer: handling req: ReferenceType(2).Interfaces(10)
20:00:25.841 INFO: JdwpDebugServer: handling req: ReferenceType(2).Interfaces(10)
20:00:25.841 INFO: JdwpDebugServer: handling req: ClassType(3).Superclass(1)
20:00:25.841 INFO: JdwpDebugServer: handling req: ReferenceType(2).Interfaces(10)
20:00:25.841 INFO: JdwpDebugServer: handling req: ReferenceType(2).Interfaces(10)
20:00:25.841 INFO: JdwpDebugServer: handling req: ReferenceType(2).Interfaces(10)
20:00:25.841 INFO: JdwpDebugServer: handling req: ClassType(3).Superclass(1)
20:00:25.841 INFO: JdwpDebugServer: handling req: ReferenceType(2).Interfaces(10)
20:00:25.841 INFO: JdwpDebugServer: handling req: ClassType(3).Superclass(1)
20:00:25.841 INFO: JdwpDebugServer: handling req: ReferenceType(2).Interfaces(10)
20:00:25.841 INFO: JdwpDebugServer: handling req: ClassType(3).Superclass(1)
20:00:25.841 INFO: JdwpDebugServer: handling req: ReferenceType(2).Interfaces(10)
20:00:25.841 INFO: JdwpDebugServer: handling req: ClassType(3).Superclass(1)
20:00:25.841 INFO: JdwpDebugServer: handling req: ReferenceType(2).Interfaces(10)
20:00:25.841 INFO: JdwpDebugServer: handling req: ClassType(3).Superclass(1)
20:00:25.841 INFO: JdwpDebugServer: handling req: ReferenceType(2).Interfaces(10)
20:00:25.841 INFO: JdwpDebugServer: handling req: ClassType(3).Superclass(1)
20:00:25.841 INFO: JdwpDebugServer: handling req: ReferenceType(2).Interfaces(10)
20:00:25.841 INFO: JdwpDebugServer: handling req: ClassType(3).Superclass(1)
20:00:25.841 INFO: JdwpDebugServer: handling req: ReferenceType(2).Interfaces(10)
20:00:25.841 INFO: JdwpDebugServer: handling req: ReferenceType(2).Interfaces(10)
20:00:25.841 INFO: JdwpDebugServer: handling req: ReferenceType(2).MethodsWithGeneric(15)
20:00:25.841 INFO: JdwpDebugServer: handling req: ReferenceType(2).MethodsWithGeneric(15)
20:00:25.841 INFO: JdwpDebugServer: handling req: ReferenceType(2).MethodsWithGeneric(15)
20:00:25.841 INFO: JdwpDebugServer: handling req: ReferenceType(2).MethodsWithGeneric(15)
20:00:25.841 INFO: JdwpDebugServer: handling req: ReferenceType(2).MethodsWithGeneric(15)
20:00:25.841 INFO: JdwpDebugServer: handling req: ReferenceType(2).MethodsWithGeneric(15)
20:00:25.841 INFO: JdwpDebugServer: handling req: ReferenceType(2).MethodsWithGeneric(15)
20:00:25.841 INFO: JdwpDebugServer: handling req: ReferenceType(2).MethodsWithGeneric(15)
20:00:25.841 INFO: JdwpDebugServer: handling req: ReferenceType(2).MethodsWithGeneric(15)
20:00:25.841 INFO: JdwpDebugServer: handling req: ReferenceType(2).MethodsWithGeneric(15)
20:00:25.841 INFO: JdwpDebugServer: handling req: ReferenceType(2).MethodsWithGeneric(15)
20:00:25.841 INFO: JdwpDebugServer: handling req: ReferenceType(2).MethodsWithGeneric(15)
20:00:25.841 INFO: JdwpDebugServer: handling req: ReferenceType(2).MethodsWithGeneric(15)
20:00:25.841 INFO: JdwpDebugServer: handling req: ReferenceType(2).MethodsWithGeneric(15)
20:00:25.841 INFO: JdwpDebugServer: handling req: ReferenceType(2).MethodsWithGeneric(15)
20:00:25.841 INFO: JdwpDebugServer: handling req: ReferenceType(2).MethodsWithGeneric(15)
20:00:25.841 INFO: JdwpDebugServer: handling req: ReferenceType(2).MethodsWithGeneric(15)
20:00:25.841 INFO: JdwpDebugServer: handling req: ReferenceType(2).MethodsWithGeneric(15)
20:00:25.841 INFO: JdwpDebugServer: handling req: ReferenceType(2).MethodsWithGeneric(15)
20:00:25.841 INFO: JdwpDebugServer: handling req: ReferenceType(2).MethodsWithGeneric(15)
20:00:25.841 INFO: JdwpDebugServer: handling req: ReferenceType(2).MethodsWithGeneric(15)
20:00:25.841 INFO: JdwpDebugServer: handling req: ReferenceType(2).MethodsWithGeneric(15)
20:00:25.841 INFO: JdwpDebugServer: handling req: ReferenceType(2).MethodsWithGeneric(15)
20:00:25.841 INFO: JdwpDebugServer: handling req: ReferenceType(2).MethodsWithGeneric(15)
20:00:25.842 INFO: JdwpDebugServer: handling req: ReferenceType(2).MethodsWithGeneric(15)
20:00:25.842 INFO: JdwpDebugServer: handling req: ReferenceType(2).MethodsWithGeneric(15)
20:00:25.842 INFO: JdwpDebugServer: handling req: ReferenceType(2).MethodsWithGeneric(15)
20:00:25.842 INFO: JdwpDebugServer: handling req: ReferenceType(2).MethodsWithGeneric(15)
20:00:25.842 INFO: JdwpDebugServer: handling req: ReferenceType(2).MethodsWithGeneric(15)
20:00:25.842 INFO: JdwpDebugServer: handling req: ReferenceType(2).MethodsWithGeneric(15)
20:00:25.842 INFO: JdwpDebugServer: handling req: ReferenceType(2).MethodsWithGeneric(15)
20:00:25.842 INFO: JdwpDebugServer: handling req: ReferenceType(2).MethodsWithGeneric(15)
20:00:25.842 INFO: JdwpDebugServer: handling req: ReferenceType(2).MethodsWithGeneric(15)
20:00:25.842 INFO: JdwpDebugServer: handling req: ReferenceType(2).MethodsWithGeneric(15)
20:00:25.842 INFO: JdwpDebugServer: handling req: ReferenceType(2).MethodsWithGeneric(15)
20:00:25.842 INFO: JdwpDebugServer: handling req: ReferenceType(2).MethodsWithGeneric(15)
20:00:25.842 INFO: JdwpDebugServer: handling req: ReferenceType(2).MethodsWithGeneric(15)
20:00:25.842 INFO: JdwpDebugServer: handling req: ReferenceType(2).MethodsWithGeneric(15)
20:00:25.842 INFO: JdwpDebugServer: handling req: ReferenceType(2).MethodsWithGeneric(15)
20:00:25.842 INFO: JdwpDebugServer: handling req: ReferenceType(2).MethodsWithGeneric(15)
20:00:25.842 INFO: JdwpDebugServer: handling req: ReferenceType(2).MethodsWithGeneric(15)
20:00:25.842 INFO: JdwpDebugServer: handling req: ClassType(3).Superclass(1)
20:00:25.842 INFO: JdwpDebugServer: handling req: ReferenceType(2).Interfaces(10)
20:00:25.842 INFO: JdwpDebugServer: handling req: ClassType(3).Superclass(1)
20:00:25.842 INFO: JdwpDebugServer: handling req: ReferenceType(2).Interfaces(10)
20:00:25.842 INFO: JdwpDebugServer: handling req: ClassType(3).Superclass(1)
20:00:25.842 INFO: JdwpDebugServer: handling req: ReferenceType(2).Interfaces(10)
20:00:25.842 INFO: JdwpDebugServer: handling req: ClassType(3).Superclass(1)
20:00:25.842 INFO: JdwpDebugServer: handling req: ReferenceType(2).Interfaces(10)
20:00:25.842 INFO: JdwpDebugServer: handling req: ClassType(3).Superclass(1)
20:00:25.842 INFO: JdwpDebugServer: handling req: ReferenceType(2).Interfaces(10)
20:00:25.842 INFO: JdwpDebugServer: handling req: ClassType(3).Superclass(1)
20:00:25.842 INFO: JdwpDebugServer: handling req: ReferenceType(2).Interfaces(10)
20:00:25.842 INFO: JdwpDebugServer: handling req: ClassType(3).Superclass(1)
20:00:25.842 INFO: JdwpDebugServer: handling req: ReferenceType(2).Interfaces(10)
20:00:25.842 INFO: JdwpDebugServer: handling req: ClassType(3).Superclass(1)
20:00:25.842 INFO: JdwpDebugServer: handling req: ReferenceType(2).Interfaces(10)
20:00:25.842 INFO: JdwpDebugServer: handling req: ClassType(3).Superclass(1)
20:00:25.842 INFO: JdwpDebugServer: handling req: ReferenceType(2).Interfaces(10)
20:00:25.842 INFO: JdwpDebugServer: handling req: ReferenceType(2).Interfaces(10)
20:00:25.842 INFO: JdwpDebugServer: handling req: ReferenceType(2).Interfaces(10)
20:00:25.842 INFO: JdwpDebugServer: handling req: ReferenceType(2).Interfaces(10)
20:00:25.842 INFO: JdwpDebugServer: handling req: ReferenceType(2).Interfaces(10)
20:00:25.842 INFO: JdwpDebugServer: handling req: ReferenceType(2).Interfaces(10)
20:00:25.842 INFO: JdwpDebugServer: handling req: ReferenceType(2).Interfaces(10)
20:00:25.842 INFO: JdwpDebugServer: handling req: ReferenceType(2).Interfaces(10)
20:00:25.842 INFO: JdwpDebugServer: handling req: ReferenceType(2).Interfaces(10)
20:00:25.842 INFO: JdwpDebugServer: handling req: ReferenceType(2).MethodsWithGeneric(15)
20:00:25.842 INFO: JdwpDebugServer: handling req: ClassType(3).Superclass(1)
20:00:25.842 INFO: JdwpDebugServer: handling req: ReferenceType(2).Interfaces(10)
20:00:25.842 INFO: JdwpDebugServer: handling req: ClassType(3).Superclass(1)
20:00:25.842 INFO: JdwpDebugServer: handling req: ReferenceType(2).Interfaces(10)
20:00:25.842 INFO: JdwpDebugServer: handling req: ClassType(3).Superclass(1)
20:00:25.842 INFO: JdwpDebugServer: handling req: ReferenceType(2).Interfaces(10)
20:00:25.842 INFO: JdwpDebugServer: handling req: ClassType(3).Superclass(1)
20:00:25.842 INFO: JdwpDebugServer: handling req: ReferenceType(2).Interfaces(10)
20:00:25.843 INFO: JdwpDebugServer: handling req: ClassType(3).Superclass(1)
20:00:25.843 INFO: JdwpDebugServer: handling req: ReferenceType(2).Interfaces(10)
20:00:25.843 INFO: JdwpDebugServer: handling req: ClassType(3).Superclass(1)
20:00:25.843 INFO: JdwpDebugServer: handling req: ReferenceType(2).Interfaces(10)
20:00:25.843 INFO: JdwpDebugServer: handling req: ClassType(3).Superclass(1)
20:00:25.843 INFO: JdwpDebugServer: handling req: ReferenceType(2).Interfaces(10)
20:00:25.843 INFO: JdwpDebugServer: handling req: ClassType(3).Superclass(1)
20:00:25.843 INFO: JdwpDebugServer: handling req: ReferenceType(2).Interfaces(10)
20:00:25.843 INFO: JdwpDebugServer: handling req: ClassType(3).Superclass(1)
20:00:25.843 INFO: JdwpDebugServer: handling req: ClassType(3).Superclass(1)
20:00:25.843 INFO: JdwpDebugServer: handling req: ReferenceType(2).Interfaces(10)
20:00:25.843 INFO: JdwpDebugServer: handling req: ClassType(3).Superclass(1)
20:00:25.843 INFO: JdwpDebugServer: handling req: ReferenceType(2).Interfaces(10)
20:00:25.843 INFO: JdwpDebugServer: handling req: ClassType(3).Superclass(1)
20:00:25.843 INFO: JdwpDebugServer: handling req: ReferenceType(2).Interfaces(10)
20:00:25.843 INFO: JdwpDebugServer: handling req: ClassType(3).Superclass(1)
20:00:25.843 INFO: JdwpDebugServer: handling req: ReferenceType(2).Interfaces(10)
20:00:25.843 INFO: JdwpDebugServer: handling req: ClassType(3).Superclass(1)
20:00:25.843 INFO: JdwpDebugServer: handling req: ReferenceType(2).Interfaces(10)
20:00:25.843 INFO: JdwpDebugServer: handling req: ClassType(3).Superclass(1)
20:00:25.843 INFO: JdwpDebugServer: handling req: ReferenceType(2).Interfaces(10)
20:00:25.843 INFO: JdwpDebugServer: handling req: ClassType(3).Superclass(1)
20:00:25.843 INFO: JdwpDebugServer: handling req: ClassType(3).Superclass(1)
20:00:25.843 INFO: JdwpDebugServer: handling req: ReferenceType(2).Interfaces(10)
20:00:25.843 INFO: JdwpDebugServer: handling req: ClassType(3).Superclass(1)
20:00:25.843 INFO: JdwpDebugServer: handling req: ReferenceType(2).Interfaces(10)
20:00:25.843 INFO: JdwpDebugServer: handling req: ReferenceType(2).Interfaces(10)
20:00:25.843 INFO: JdwpDebugServer: handling req: ReferenceType(2).Interfaces(10)
20:00:25.843 INFO: JdwpDebugServer: handling req: ReferenceType(2).Interfaces(10)
20:00:25.843 INFO: JdwpDebugServer: handling req: ReferenceType(2).Interfaces(10)
20:00:25.843 INFO: JdwpDebugServer: handling req: ReferenceType(2).Interfaces(10)
20:00:25.843 INFO: JdwpDebugServer: handling req: ReferenceType(2).Interfaces(10)
20:00:25.843 INFO: JdwpDebugServer: handling req: ReferenceType(2).Interfaces(10)
20:00:25.843 INFO: JdwpDebugServer: handling req: ReferenceType(2).Interfaces(10)
20:00:25.843 INFO: JdwpDebugServer: handling req: ReferenceType(2).Interfaces(10)
20:00:25.843 INFO: JdwpDebugServer: handling req: ReferenceType(2).MethodsWithGeneric(15)
20:00:25.843 INFO: JdwpDebugServer: handling req: ReferenceType(2).MethodsWithGeneric(15)
20:00:25.843 INFO: JdwpDebugServer: handling req: ClassType(3).Superclass(1)
20:00:25.843 INFO: JdwpDebugServer: handling req: ReferenceType(2).Interfaces(10)
20:00:25.844 INFO: JdwpDebugServer: handling req: ClassType(3).Superclass(1)
20:00:25.844 INFO: JdwpDebugServer: handling req: ReferenceType(2).Interfaces(10)
20:00:25.844 INFO: JdwpDebugServer: handling req: ClassType(3).Superclass(1)
20:00:25.844 INFO: JdwpDebugServer: handling req: ReferenceType(2).Interfaces(10)
20:00:25.844 INFO: JdwpDebugServer: handling req: ClassType(3).Superclass(1)
20:00:25.844 INFO: JdwpDebugServer: handling req: ReferenceType(2).Interfaces(10)
20:00:25.844 INFO: JdwpDebugServer: handling req: ClassType(3).Superclass(1)
20:00:25.844 INFO: JdwpDebugServer: handling req: ReferenceType(2).Interfaces(10)
20:00:25.844 INFO: JdwpDebugServer: handling req: ClassType(3).Superclass(1)
20:00:25.844 INFO: JdwpDebugServer: handling req: ReferenceType(2).Interfaces(10)
20:00:25.844 INFO: JdwpDebugServer: handling req: ClassType(3).Superclass(1)
20:00:25.844 INFO: JdwpDebugServer: handling req: ReferenceType(2).Interfaces(10)
20:00:25.844 INFO: JdwpDebugServer: handling req: ClassType(3).Superclass(1)
20:00:25.844 INFO: JdwpDebugServer: handling req: ReferenceType(2).Interfaces(10)
20:00:25.844 INFO: JdwpDebugServer: handling req: ClassType(3).Superclass(1)
20:00:25.844 INFO: JdwpDebugServer: handling req: ReferenceType(2).Interfaces(10)
20:00:25.844 INFO: JdwpDebugServer: handling req: ReferenceType(2).Interfaces(10)
20:00:25.844 INFO: JdwpDebugServer: handling req: ReferenceType(2).Interfaces(10)
20:00:25.844 INFO: JdwpDebugServer: handling req: ReferenceType(2).Interfaces(10)
20:00:25.844 INFO: JdwpDebugServer: handling req: ReferenceType(2).Interfaces(10)
20:00:25.844 INFO: JdwpDebugServer: handling req: ReferenceType(2).Interfaces(10)
20:00:25.844 INFO: JdwpDebugServer: handling req: ReferenceType(2).Interfaces(10)
20:00:25.844 INFO: JdwpDebugServer: handling req: ReferenceType(2).Interfaces(10)
20:00:25.844 INFO: JdwpDebugServer: handling req: ReferenceType(2).Interfaces(10)
20:00:25.844 INFO: JdwpDebugServer: handling req: ReferenceType(2).MethodsWithGeneric(15)
20:00:25.844 INFO: JdwpDebugServer: handling req: ReferenceType(2).MethodsWithGeneric(15)
20:00:25.844 INFO: JdwpDebugServer: handling req: ClassType(3).Superclass(1)
20:00:25.844 INFO: JdwpDebugServer: handling req: Method(6).LineTable(1)
20:00:25.845 INFO: JdwpDebugServer: handling req: ReferenceType(2).SourceFile(7)
20:00:25.847 INFO: JdwpDebugServer: handling req: ReferenceType(2).MethodsWithGeneric(15)
20:00:25.847 INFO: JdwpDebugServer: handling req: ClassType(3).Superclass(1)
20:00:25.847 INFO: JdwpDebugServer: handling req: Method(6).LineTable(1)
20:00:25.847 INFO: JdwpDebugServer: handling req: ReferenceType(2).SourceFile(7)
20:00:25.850 INFO: JdwpDebugServer: handling req: Method(6).LineTable(1)
20:00:25.850 INFO: JdwpDebugServer: handling req: ReferenceType(2).MethodsWithGeneric(15)
20:00:25.850 INFO: JdwpDebugServer: handling req: ClassType(3).Superclass(1)
20:00:25.850 INFO: JdwpDebugServer: handling req: Method(6).LineTable(1)
20:00:25.851 INFO: JdwpDebugServer: handling req: ReferenceType(2).SourceFile(7)
20:00:25.854 INFO: JdwpDebugServer: handling req: ReferenceType(2).MethodsWithGeneric(15)
20:00:25.855 INFO: JdwpDebugServer: handling req: ClassType(3).Superclass(1)
20:00:25.855 INFO: JdwpDebugServer: handling req: Method(6).LineTable(1)
20:00:25.855 INFO: JdwpDebugServer: handling req: ReferenceType(2).SourceFile(7)
20:00:25.858 INFO: JdwpDebugServer: handling req: ReferenceType(2).MethodsWithGeneric(15)
20:00:25.858 INFO: JdwpDebugServer: handling req: ClassType(3).Superclass(1)
20:00:25.858 INFO: JdwpDebugServer: handling req: Method(6).LineTable(1)
20:00:25.859 INFO: JdwpDebugServer: handling req: ReferenceType(2).SourceFile(7)
20:00:25.863 INFO: JdwpDebugServer: handling req: ReferenceType(2).MethodsWithGeneric(15)
20:00:25.863 INFO: JdwpDebugServer: handling req: ClassType(3).Superclass(1)
20:00:25.864 INFO: JdwpDebugServer: handling req: Method(6).LineTable(1)
20:00:25.864 INFO: JdwpDebugServer: handling req: ReferenceType(2).SourceFile(7)
20:00:25.868 INFO: JdwpDebugServer: handling req: ReferenceType(2).MethodsWithGeneric(15)
20:00:25.868 INFO: JdwpDebugServer: handling req: ClassType(3).Superclass(1)
20:00:25.868 INFO: JdwpDebugServer: handling req: Method(6).LineTable(1)
20:00:25.868 INFO: JdwpDebugServer: handling req: ReferenceType(2).SourceFile(7)
20:00:25.869 INFO: JdwpDebugServer: handling req: ReferenceType(2).MethodsWithGeneric(15)
20:00:25.869 INFO: JdwpDebugServer: handling req: ClassType(3).Superclass(1)
20:00:25.869 INFO: JdwpDebugServer: handling req: ReferenceType(2).SourceFile(7)
20:00:25.870 INFO: JdwpDebugServer: handling req: ReferenceType(2).FieldsWithGeneric(14)
20:00:25.871 INFO: JdwpDebugServer: handling req: ReferenceType(2).FieldsWithGeneric(14)
20:00:25.871 INFO: JdwpDebugServer: handling req: ReferenceType(2).FieldsWithGeneric(14)
20:00:25.871 INFO: JdwpDebugServer: handling req: ReferenceType(2).FieldsWithGeneric(14)
20:00:25.871 INFO: JdwpDebugServer: handling req: ObjectReference(9).InvokeMethod(6)
20:00:25.873 INFO: JdwpDebugServer: handling req: StringReference(10).Value(1)
20:00:25.877 INFO: JdwpDebugServer: handling req: ObjectReference(9).InvokeMethod(6)
20:00:25.878 INFO: JdwpDebugServer: handling req: StringReference(10).Value(1)
20:00:25.883 INFO: JdwpDebugServer: handling req: ObjectReference(9).InvokeMethod(6)
20:00:25.884 INFO: JdwpDebugServer: handling req: StringReference(10).Value(1)
20:00:25.887 INFO: JdwpDebugServer: handling req: ObjectReference(9).InvokeMethod(6)
20:00:25.889 INFO: JdwpDebugServer: handling req: StringReference(10).Value(1)
20:00:25.898 INFO: JdwpDebugServer: handling req: ThreadReference(11).FramesCount(7)
20:00:25.898 INFO: JdwpDebugServer: handling req: ThreadReference(11).Frames(6)
20:00:25.899 INFO: JdwpDebugServer: handling req: ObjectReference(9).GetValues(2)
20:00:25.927 INFO: JdwpDebugServer: handling req: ObjectReference(9).ReferenceType(1)
20:00:25.928 INFO: JdwpDebugServer: handling req: ClassType(3).Superclass(1)
20:00:25.928 INFO: JdwpDebugServer: handling req: ReferenceType(2).Interfaces(10)
20:00:25.928 INFO: JdwpDebugServer: handling req: ClassType(3).Superclass(1)
20:00:25.928 INFO: JdwpDebugServer: handling req: ReferenceType(2).Interfaces(10)
20:00:25.928 INFO: JdwpDebugServer: handling req: ClassType(3).Superclass(1)
20:00:25.928 INFO: JdwpDebugServer: handling req: ReferenceType(2).Interfaces(10)
20:00:25.928 INFO: JdwpDebugServer: handling req: ClassType(3).Superclass(1)
20:00:25.928 INFO: JdwpDebugServer: handling req: ReferenceType(2).Interfaces(10)
20:00:25.928 INFO: JdwpDebugServer: handling req: ClassType(3).Superclass(1)
20:00:25.928 INFO: JdwpDebugServer: handling req: ReferenceType(2).Interfaces(10)
20:00:25.928 INFO: JdwpDebugServer: handling req: ClassType(3).Superclass(1)
20:00:25.928 INFO: JdwpDebugServer: handling req: ReferenceType(2).Interfaces(10)
20:00:25.928 INFO: JdwpDebugServer: handling req: ClassType(3).Superclass(1)
20:00:25.928 INFO: JdwpDebugServer: handling req: ReferenceType(2).Interfaces(10)
20:00:25.928 INFO: JdwpDebugServer: handling req: ClassType(3).Superclass(1)
20:00:25.928 INFO: JdwpDebugServer: handling req: ReferenceType(2).Interfaces(10)
20:00:25.928 INFO: JdwpDebugServer: handling req: ClassType(3).Superclass(1)
20:00:25.928 INFO: JdwpDebugServer: handling req: ReferenceType(2).MethodsWithGeneric(15)
20:00:25.929 INFO: JdwpDebugServer: handling req: ObjectReference(9).InvokeMethod(6)
20:00:25.931 INFO: JdwpDebugServer: handling req: StringReference(10).Value(1)
20:00:28.990 INFO: JdwpDebugServer: handling req: ThreadReference(11).Status(4)
20:00:28.990 INFO: JdwpDebugServer: handling req: ThreadReference(11).FramesCount(7)
20:00:28.990 INFO: JdwpDebugServer: handling req: ThreadReference(11).Frames(6)
20:00:29.021 INFO: JdwpDebugServer: handling req: ReferenceType(2).ClassLoader(2)
20:00:29.022 INFO: JdwpDebugServer: handling req: StackFrame(16).ThisObject(3)
20:00:30.562 INFO: JdwpDebugServer: handling req: EventRequest(15).Clear(2)
20:00:30.564 INFO: JdwpDebugServer: handling req: EventRequest(15).Clear(2)
20:00:30.564 INFO: JdwpDebugServer: handling req: EventRequest(15).Clear(2)
20:00:30.564 INFO: JdwpDebugServer: handling req: EventRequest(15).Clear(2)
20:00:33.531 INFO: JdwpDebugServer: handling req: ThreadReference(11).Resume(3)
20:00:33.532 INFO: JdwpEventCenterDelegate: THREAD_RESUMED: thread (33, main, main)
20:00:50.174 INFO: JdwpDebugServer: handling req: VirtualMachine(1).Exit(10)
20:00:50.174 SEVERE: Debugger: Thread JDWP server socket thread crashed
org.robovm.debugger.DebuggerException: Terminating due exit command
	at org.robovm.debugger.jdwp.JdwpDebugServer.doSocketWork(JdwpDebugServer.java:211)
	at java.base/java.lang.Thread.run(Thread.java:834)
	at org.robovm.debugger.utils.DebuggerThread.run(DebuggerThread.java:42)
20:00:50.679 SEVERE: Debugger: Thread HooksChannel socket thread crashed
org.robovm.debugger.DebuggerException: java.io.IOException: org.robovm.libimobiledevice.LibIMobileDeviceException: IDEVICE_E_UNKNOWN_ERROR
	at org.robovm.debugger.hooks.HooksChannel.doSocketWork(HooksChannel.java:149)
	at java.base/java.lang.Thread.run(Thread.java:834)
	at org.robovm.debugger.utils.DebuggerThread.run(DebuggerThread.java:42)
Caused by: java.io.IOException: org.robovm.libimobiledevice.LibIMobileDeviceException: IDEVICE_E_UNKNOWN_ERROR
	at org.robovm.libimobiledevice.IDeviceConnection$DeviceInputStream.read(IDeviceConnection.java:203)
	at org.robovm.debugger.utils.bytebuffer.DataBufferWriter.writeFromStream(DataBufferWriter.java:89)
	at org.robovm.debugger.hooks.HooksChannel.doSocketWork(HooksChannel.java:116)
	... 2 more
Caused by: org.robovm.libimobiledevice.LibIMobileDeviceException: IDEVICE_E_UNKNOWN_ERROR
	at org.robovm.libimobiledevice.IDevice.checkResult(IDevice.java:206)
	at org.robovm.libimobiledevice.IDeviceConnection.receive(IDeviceConnection.java:110)
	at org.robovm.libimobiledevice.IDeviceConnection.receive(IDeviceConnection.java:81)
	at org.robovm.libimobiledevice.IDeviceConnection$DeviceInputStream.read(IDeviceConnection.java:201)
	... 4 more
