00:44:45.942 INFO: JdwpDebugServer: handling req: VirtualMachine(1).IDSizes(7)
00:44:45.943 INFO: JdwpDebugServer: handling req: EventRequest(15).Set(1)
00:44:45.943 INFO: JdwpEventCenterDelegate: jdwpSetEventRequest: JdwpEventRequest{requestId=100, eventKind=CLASS_PREPARE, suspendPolicy=NONE, predicates=[]}
00:44:45.943 INFO: JdwpDebugServer: handling req: EventRequest(15).Set(1)
00:44:45.943 INFO: JdwpEventCenterDelegate: jdwpSetEventRequest: JdwpEventRequest{requestId=101, eventKind=CLASS_UNLOAD, suspendPolicy=NONE, predicates=[]}
00:44:45.964 INFO: JdwpDebugServer: handling req: VirtualMachine(1).Version(1)
00:44:45.964 INFO: JdwpDebugServer: handling req: VirtualMachine(1).capabilitiesNew(17)
00:44:45.964 INFO: JdwpDebugServer: handling req: VirtualMachine(1).capabilities(12)
00:44:45.964 INFO: JdwpDebugServer: handling req: VirtualMachine(1).AllClassesWithGeneric(20)
00:44:45.968 INFO: JdwpDebugServer: handling req: VirtualMachine(1).TopLevelThreadGroups(5)
00:44:45.968 INFO: JdwpDebugServer: handling req: EventRequest(15).Set(1)
00:44:45.968 INFO: JdwpEventCenterDelegate: jdwpSetEventRequest: JdwpEventRequest{requestId=102, eventKind=THREAD_START, suspendPolicy=NONE, predicates=[]}
00:44:45.969 INFO: JdwpDebugServer: handling req: EventRequest(15).Set(1)
00:44:45.969 INFO: JdwpEventCenterDelegate: jdwpSetEventRequest: JdwpEventRequest{requestId=103, eventKind=THREAD_DEATH, suspendPolicy=NONE, predicates=[]}
00:44:45.970 INFO: JdwpDebugServer: handling req: EventRequest(15).Set(1)
00:44:45.970 INFO: JdwpEventCenterDelegate: jdwpSetEventRequest: JdwpEventRequest{requestId=104, eventKind=CLASS_PREPARE, suspendPolicy=EVENT_THREAD, predicates=[className=sun.instrument.InstrumentationImpl]}
00:44:45.970 INFO: JdwpDebugServer: handling req: EventRequest(15).Set(1)
00:44:45.970 INFO: JdwpEventCenterDelegate: jdwpSetEventRequest: JdwpEventRequest{requestId=105, eventKind=CLASS_PREPARE, suspendPolicy=EVENT_THREAD, predicates=[className=sun.instrument.InstrumentationImpl]}
00:44:46.352 INFO: JdwpDebugServer: handling req: VirtualMachine(1).Resume(9)
00:44:46.388 INFO: JdwpEventCenterDelegate: THREAD_STARTED: thread (33, main, main)
00:44:46.402 INFO: JdwpEventCenterDelegate: THREAD_STARTED: thread (48, ReferenceQueueDaemon, main)
00:44:46.408 INFO: JdwpEventCenterDelegate: THREAD_STARTED: thread (63, FinalizerDaemon, main)
00:44:46.414 INFO: JdwpEventCenterDelegate: THREAD_STARTED: thread (78, FinalizerWatchdogDaemon, main)
00:44:46.415 INFO: JdwpEventCenterDelegate: THREAD_RESUMED: thread (33, main, main)
00:44:46.417 INFO: JdwpEventCenterDelegate: THREAD_RESUMED: thread (33, main, main)
00:44:46.418 INFO: JdwpEventCenterDelegate: THREAD_RESUMED: thread (33, main, main)
00:44:46.419 INFO: JdwpEventCenterDelegate: THREAD_RESUMED: thread (33, main, main)
00:44:46.420 INFO: JdwpEventCenterDelegate: THREAD_RESUMED: thread (33, main, main)
00:44:46.421 INFO: JdwpEventCenterDelegate: THREAD_RESUMED: thread (33, main, main)
00:44:46.422 INFO: JdwpEventCenterDelegate: THREAD_RESUMED: thread (33, main, main)
00:44:46.423 INFO: JdwpEventCenterDelegate: THREAD_RESUMED: thread (33, main, main)
00:44:46.424 INFO: JdwpEventCenterDelegate: THREAD_RESUMED: thread (33, main, main)
00:44:46.425 INFO: JdwpEventCenterDelegate: THREAD_RESUMED: thread (33, main, main)
00:44:46.426 INFO: JdwpEventCenterDelegate: THREAD_RESUMED: thread (33, main, main)
00:44:46.427 INFO: JdwpEventCenterDelegate: THREAD_RESUMED: thread (33, main, main)
00:44:46.428 INFO: JdwpEventCenterDelegate: THREAD_RESUMED: thread (33, main, main)
00:44:46.429 INFO: JdwpEventCenterDelegate: THREAD_RESUMED: thread (33, main, main)
00:44:46.430 INFO: JdwpEventCenterDelegate: THREAD_RESUMED: thread (33, main, main)
00:44:46.432 INFO: JdwpEventCenterDelegate: THREAD_RESUMED: thread (33, main, main)
00:44:46.433 INFO: JdwpEventCenterDelegate: THREAD_RESUMED: thread (33, main, main)
00:44:46.435 INFO: JdwpEventCenterDelegate: THREAD_RESUMED: thread (33, main, main)
00:44:46.438 INFO: JdwpEventCenterDelegate: THREAD_RESUMED: thread (33, main, main)
00:44:46.439 INFO: JdwpEventCenterDelegate: THREAD_RESUMED: thread (33, main, main)
00:44:46.440 INFO: JdwpEventCenterDelegate: THREAD_RESUMED: thread (33, main, main)
00:44:46.441 INFO: JdwpEventCenterDelegate: THREAD_RESUMED: thread (33, main, main)
00:44:46.442 INFO: JdwpEventCenterDelegate: THREAD_RESUMED: thread (33, main, main)
00:44:46.443 INFO: JdwpEventCenterDelegate: THREAD_RESUMED: thread (33, main, main)
00:44:46.444 INFO: JdwpEventCenterDelegate: THREAD_RESUMED: thread (33, main, main)
00:44:46.567 INFO: JdwpEventCenterDelegate: THREAD_RESUMED: thread (33, main, main)
00:44:46.569 INFO: JdwpEventCenterDelegate: THREAD_RESUMED: thread (33, main, main)
00:44:46.570 INFO: JdwpEventCenterDelegate: THREAD_RESUMED: thread (33, main, main)
00:44:46.572 INFO: JdwpEventCenterDelegate: THREAD_RESUMED: thread (33, main, main)
00:44:46.573 INFO: JdwpEventCenterDelegate: THREAD_RESUMED: thread (33, main, main)
00:44:46.574 INFO: JdwpEventCenterDelegate: THREAD_RESUMED: thread (33, main, main)
00:44:46.576 INFO: JdwpEventCenterDelegate: THREAD_RESUMED: thread (33, main, main)
00:44:46.579 INFO: JdwpEventCenterDelegate: THREAD_RESUMED: thread (33, main, main)
00:44:46.580 INFO: JdwpEventCenterDelegate: THREAD_RESUMED: thread (33, main, main)
00:44:46.581 INFO: JdwpEventCenterDelegate: THREAD_RESUMED: thread (33, main, main)
00:44:46.583 INFO: JdwpEventCenterDelegate: THREAD_RESUMED: thread (33, main, main)
00:44:46.584 INFO: JdwpEventCenterDelegate: THREAD_RESUMED: thread (33, main, main)
00:44:46.585 INFO: JdwpEventCenterDelegate: THREAD_RESUMED: thread (33, main, main)
00:44:46.587 INFO: JdwpEventCenterDelegate: THREAD_RESUMED: thread (33, main, main)
00:44:46.607 INFO: JdwpEventCenterDelegate: THREAD_RESUMED: thread (33, main, main)
00:44:46.609 INFO: JdwpEventCenterDelegate: THREAD_RESUMED: thread (33, main, main)
00:44:46.610 INFO: JdwpEventCenterDelegate: THREAD_RESUMED: thread (33, main, main)
00:44:46.612 INFO: JdwpEventCenterDelegate: THREAD_RESUMED: thread (33, main, main)
00:44:46.613 INFO: JdwpEventCenterDelegate: THREAD_RESUMED: thread (33, main, main)
00:44:46.615 INFO: JdwpEventCenterDelegate: THREAD_RESUMED: thread (33, main, main)
00:44:46.616 INFO: JdwpEventCenterDelegate: THREAD_RESUMED: thread (33, main, main)
00:44:46.642 INFO: JdwpEventCenterDelegate: THREAD_RESUMED: thread (33, main, main)
00:44:46.643 INFO: JdwpEventCenterDelegate: THREAD_RESUMED: thread (33, main, main)
00:44:46.644 INFO: JdwpEventCenterDelegate: THREAD_RESUMED: thread (33, main, main)
00:44:46.646 INFO: JdwpEventCenterDelegate: THREAD_RESUMED: thread (33, main, main)
00:44:46.647 INFO: JdwpEventCenterDelegate: THREAD_RESUMED: thread (33, main, main)
00:44:46.648 INFO: JdwpEventCenterDelegate: THREAD_RESUMED: thread (33, main, main)
00:44:46.649 INFO: JdwpEventCenterDelegate: THREAD_RESUMED: thread (33, main, main)
00:44:46.663 INFO: JdwpEventCenterDelegate: THREAD_RESUMED: thread (33, main, main)
00:44:46.664 INFO: JdwpEventCenterDelegate: THREAD_RESUMED: thread (33, main, main)
00:44:46.665 INFO: JdwpEventCenterDelegate: THREAD_RESUMED: thread (33, main, main)
00:44:46.667 INFO: JdwpEventCenterDelegate: THREAD_RESUMED: thread (33, main, main)
00:44:46.668 INFO: JdwpEventCenterDelegate: THREAD_RESUMED: thread (33, main, main)
00:44:46.669 INFO: JdwpEventCenterDelegate: THREAD_RESUMED: thread (33, main, main)
00:44:46.670 INFO: JdwpEventCenterDelegate: THREAD_RESUMED: thread (33, main, main)
00:44:46.691 INFO: JdwpEventCenterDelegate: THREAD_RESUMED: thread (33, main, main)
00:44:46.693 INFO: JdwpEventCenterDelegate: THREAD_RESUMED: thread (33, main, main)
00:44:46.694 INFO: JdwpEventCenterDelegate: THREAD_RESUMED: thread (33, main, main)
00:44:46.695 INFO: JdwpEventCenterDelegate: THREAD_RESUMED: thread (33, main, main)
00:44:46.697 INFO: JdwpEventCenterDelegate: THREAD_RESUMED: thread (33, main, main)
00:44:46.698 INFO: JdwpEventCenterDelegate: THREAD_RESUMED: thread (33, main, main)
00:44:46.700 INFO: JdwpEventCenterDelegate: THREAD_RESUMED: thread (33, main, main)
00:44:46.711 INFO: JdwpEventCenterDelegate: THREAD_RESUMED: thread (33, main, main)
00:44:46.713 INFO: JdwpEventCenterDelegate: THREAD_RESUMED: thread (33, main, main)
00:44:46.714 INFO: JdwpEventCenterDelegate: THREAD_RESUMED: thread (33, main, main)
00:44:46.715 INFO: JdwpEventCenterDelegate: THREAD_RESUMED: thread (33, main, main)
00:44:46.717 INFO: JdwpEventCenterDelegate: THREAD_RESUMED: thread (33, main, main)
00:44:46.718 INFO: JdwpEventCenterDelegate: THREAD_RESUMED: thread (33, main, main)
00:44:46.719 INFO: JdwpEventCenterDelegate: THREAD_RESUMED: thread (33, main, main)
00:44:46.728 INFO: JdwpEventCenterDelegate: THREAD_RESUMED: thread (33, main, main)
00:44:46.729 INFO: JdwpEventCenterDelegate: THREAD_RESUMED: thread (33, main, main)
00:44:46.730 INFO: JdwpEventCenterDelegate: THREAD_RESUMED: thread (33, main, main)
00:44:46.732 INFO: JdwpEventCenterDelegate: THREAD_RESUMED: thread (33, main, main)
00:44:46.733 INFO: JdwpEventCenterDelegate: THREAD_RESUMED: thread (33, main, main)
00:44:46.734 INFO: JdwpEventCenterDelegate: THREAD_RESUMED: thread (33, main, main)
00:44:46.735 INFO: JdwpEventCenterDelegate: THREAD_RESUMED: thread (33, main, main)
00:44:46.736 INFO: JdwpEventCenterDelegate: THREAD_RESUMED: thread (33, main, main)
00:44:46.737 INFO: JdwpEventCenterDelegate: THREAD_RESUMED: thread (33, main, main)
00:44:46.738 INFO: JdwpEventCenterDelegate: THREAD_RESUMED: thread (33, main, main)
00:44:46.739 INFO: JdwpEventCenterDelegate: THREAD_RESUMED: thread (33, main, main)
00:44:46.740 INFO: JdwpEventCenterDelegate: THREAD_RESUMED: thread (33, main, main)
00:44:46.742 INFO: JdwpEventCenterDelegate: THREAD_RESUMED: thread (33, main, main)
00:44:46.743 INFO: JdwpEventCenterDelegate: THREAD_RESUMED: thread (33, main, main)
00:44:46.744 INFO: JdwpEventCenterDelegate: THREAD_RESUMED: thread (33, main, main)
00:44:46.745 INFO: JdwpEventCenterDelegate: THREAD_RESUMED: thread (33, main, main)
00:44:46.746 INFO: JdwpEventCenterDelegate: THREAD_RESUMED: thread (33, main, main)
00:44:46.748 INFO: JdwpEventCenterDelegate: THREAD_RESUMED: thread (33, main, main)
00:44:46.752 INFO: JdwpEventCenterDelegate: THREAD_RESUMED: thread (33, main, main)
00:44:46.753 INFO: JdwpEventCenterDelegate: THREAD_RESUMED: thread (33, main, main)
00:44:46.888 INFO: JdwpEventCenterDelegate: THREAD_STARTED: thread (93, AssetManager, main)
00:44:46.991 INFO: JdwpEventCenterDelegate: THREAD_RESUMED: thread (33, main, main)
00:44:46.993 INFO: JdwpEventCenterDelegate: THREAD_RESUMED: thread (33, main, main)
00:44:49.631 INFO: JdwpEventCenterDelegate: THREAD_RESUMED: thread (33, main, main)
00:44:49.735 INFO: JdwpEventCenterDelegate: THREAD_RESUMED: thread (33, main, main)
00:44:49.736 INFO: JdwpEventCenterDelegate: THREAD_RESUMED: thread (33, main, main)
00:44:49.738 INFO: JdwpEventCenterDelegate: THREAD_RESUMED: thread (33, main, main)
00:44:49.740 INFO: JdwpEventCenterDelegate: THREAD_RESUMED: thread (33, main, main)
00:44:49.742 INFO: JdwpEventCenterDelegate: THREAD_RESUMED: thread (33, main, main)
00:44:49.747 INFO: JdwpEventCenterDelegate: THREAD_RESUMED: thread (33, main, main)
00:44:49.759 INFO: JdwpEventCenterDelegate: THREAD_RESUMED: thread (33, main, main)
00:44:49.761 INFO: JdwpEventCenterDelegate: THREAD_RESUMED: thread (33, main, main)
00:44:49.763 INFO: JdwpEventCenterDelegate: THREAD_RESUMED: thread (33, main, main)
00:44:49.764 INFO: JdwpEventCenterDelegate: THREAD_RESUMED: thread (33, main, main)
00:44:49.766 INFO: JdwpEventCenterDelegate: THREAD_RESUMED: thread (33, main, main)
00:44:49.771 INFO: JdwpEventCenterDelegate: THREAD_RESUMED: thread (33, main, main)
00:44:49.786 INFO: JdwpEventCenterDelegate: THREAD_RESUMED: thread (33, main, main)
00:44:49.788 INFO: JdwpEventCenterDelegate: THREAD_RESUMED: thread (33, main, main)
00:44:49.790 INFO: JdwpEventCenterDelegate: THREAD_RESUMED: thread (33, main, main)
00:44:49.793 INFO: JdwpEventCenterDelegate: THREAD_RESUMED: thread (33, main, main)
00:44:49.795 INFO: JdwpEventCenterDelegate: THREAD_RESUMED: thread (33, main, main)
00:44:49.800 INFO: JdwpEventCenterDelegate: THREAD_RESUMED: thread (33, main, main)
00:44:49.818 INFO: JdwpEventCenterDelegate: THREAD_RESUMED: thread (33, main, main)
00:44:49.820 INFO: JdwpEventCenterDelegate: THREAD_RESUMED: thread (33, main, main)
00:44:49.822 INFO: JdwpEventCenterDelegate: THREAD_RESUMED: thread (33, main, main)
00:44:49.825 INFO: JdwpEventCenterDelegate: THREAD_RESUMED: thread (33, main, main)
00:44:49.827 INFO: JdwpEventCenterDelegate: THREAD_RESUMED: thread (33, main, main)
00:44:49.832 INFO: JdwpEventCenterDelegate: THREAD_RESUMED: thread (33, main, main)
00:44:49.847 INFO: JdwpEventCenterDelegate: THREAD_RESUMED: thread (33, main, main)
00:44:49.848 INFO: JdwpEventCenterDelegate: THREAD_RESUMED: thread (33, main, main)
00:44:49.850 INFO: JdwpEventCenterDelegate: THREAD_RESUMED: thread (33, main, main)
00:44:49.852 INFO: JdwpEventCenterDelegate: THREAD_RESUMED: thread (33, main, main)
00:44:49.854 INFO: JdwpEventCenterDelegate: THREAD_RESUMED: thread (33, main, main)
00:44:49.859 INFO: JdwpEventCenterDelegate: THREAD_RESUMED: thread (33, main, main)
00:44:49.874 INFO: JdwpEventCenterDelegate: THREAD_RESUMED: thread (33, main, main)
00:44:49.875 INFO: JdwpEventCenterDelegate: THREAD_RESUMED: thread (33, main, main)
00:44:49.877 INFO: JdwpEventCenterDelegate: THREAD_RESUMED: thread (33, main, main)
00:44:49.879 INFO: JdwpEventCenterDelegate: THREAD_RESUMED: thread (33, main, main)
00:44:49.881 INFO: JdwpEventCenterDelegate: THREAD_RESUMED: thread (33, main, main)
00:44:49.886 INFO: JdwpEventCenterDelegate: THREAD_RESUMED: thread (33, main, main)
00:44:49.905 INFO: JdwpEventCenterDelegate: THREAD_RESUMED: thread (33, main, main)
00:44:49.907 INFO: JdwpEventCenterDelegate: THREAD_RESUMED: thread (33, main, main)
00:44:49.909 INFO: JdwpEventCenterDelegate: THREAD_RESUMED: thread (33, main, main)
00:44:49.911 INFO: JdwpEventCenterDelegate: THREAD_RESUMED: thread (33, main, main)
00:44:49.912 INFO: JdwpEventCenterDelegate: THREAD_RESUMED: thread (33, main, main)
00:44:49.916 INFO: JdwpEventCenterDelegate: THREAD_RESUMED: thread (33, main, main)
00:44:49.935 INFO: JdwpEventCenterDelegate: THREAD_RESUMED: thread (33, main, main)
00:44:49.937 INFO: JdwpEventCenterDelegate: THREAD_RESUMED: thread (33, main, main)
00:44:49.938 INFO: JdwpEventCenterDelegate: THREAD_RESUMED: thread (33, main, main)
00:44:49.940 INFO: JdwpEventCenterDelegate: THREAD_RESUMED: thread (33, main, main)
00:44:49.941 INFO: JdwpEventCenterDelegate: THREAD_RESUMED: thread (33, main, main)
00:44:49.946 INFO: JdwpEventCenterDelegate: THREAD_RESUMED: thread (33, main, main)
00:44:49.965 INFO: JdwpEventCenterDelegate: THREAD_RESUMED: thread (33, main, main)
00:44:49.967 INFO: JdwpEventCenterDelegate: THREAD_RESUMED: thread (33, main, main)
00:44:49.969 INFO: JdwpEventCenterDelegate: THREAD_RESUMED: thread (33, main, main)
00:44:49.971 INFO: JdwpEventCenterDelegate: THREAD_RESUMED: thread (33, main, main)
00:44:49.973 INFO: JdwpEventCenterDelegate: THREAD_RESUMED: thread (33, main, main)
00:44:49.978 INFO: JdwpEventCenterDelegate: THREAD_RESUMED: thread (33, main, main)
00:44:49.997 INFO: JdwpEventCenterDelegate: THREAD_RESUMED: thread (33, main, main)
00:44:49.999 INFO: JdwpEventCenterDelegate: THREAD_RESUMED: thread (33, main, main)
00:44:50.001 INFO: JdwpEventCenterDelegate: THREAD_RESUMED: thread (33, main, main)
00:44:50.002 INFO: JdwpEventCenterDelegate: THREAD_RESUMED: thread (33, main, main)
00:44:50.004 INFO: JdwpEventCenterDelegate: THREAD_RESUMED: thread (33, main, main)
00:44:50.008 INFO: JdwpEventCenterDelegate: THREAD_RESUMED: thread (33, main, main)
00:44:50.023 INFO: JdwpEventCenterDelegate: THREAD_RESUMED: thread (33, main, main)
00:44:50.026 INFO: JdwpEventCenterDelegate: THREAD_RESUMED: thread (33, main, main)
00:44:50.028 INFO: JdwpEventCenterDelegate: THREAD_RESUMED: thread (33, main, main)
00:44:50.030 INFO: JdwpEventCenterDelegate: THREAD_RESUMED: thread (33, main, main)
00:44:50.031 INFO: JdwpEventCenterDelegate: THREAD_RESUMED: thread (33, main, main)
00:44:50.036 INFO: JdwpEventCenterDelegate: THREAD_RESUMED: thread (33, main, main)
00:44:50.056 INFO: JdwpEventCenterDelegate: THREAD_RESUMED: thread (33, main, main)
00:44:50.058 INFO: JdwpEventCenterDelegate: THREAD_RESUMED: thread (33, main, main)
00:44:50.060 INFO: JdwpEventCenterDelegate: THREAD_RESUMED: thread (33, main, main)
00:44:50.062 INFO: JdwpEventCenterDelegate: THREAD_RESUMED: thread (33, main, main)
00:44:50.064 INFO: JdwpEventCenterDelegate: THREAD_RESUMED: thread (33, main, main)
00:44:50.068 INFO: JdwpEventCenterDelegate: THREAD_RESUMED: thread (33, main, main)
00:44:50.090 INFO: JdwpEventCenterDelegate: THREAD_RESUMED: thread (33, main, main)
00:44:50.092 INFO: JdwpEventCenterDelegate: THREAD_RESUMED: thread (33, main, main)
00:44:50.094 INFO: JdwpEventCenterDelegate: THREAD_RESUMED: thread (33, main, main)
00:44:50.096 INFO: JdwpEventCenterDelegate: THREAD_RESUMED: thread (33, main, main)
00:44:50.098 INFO: JdwpEventCenterDelegate: THREAD_RESUMED: thread (33, main, main)
00:44:50.103 INFO: JdwpEventCenterDelegate: THREAD_RESUMED: thread (33, main, main)
00:44:50.121 INFO: JdwpEventCenterDelegate: THREAD_RESUMED: thread (33, main, main)
00:44:50.123 INFO: JdwpEventCenterDelegate: THREAD_RESUMED: thread (33, main, main)
00:44:50.125 INFO: JdwpEventCenterDelegate: THREAD_RESUMED: thread (33, main, main)
00:44:50.126 INFO: JdwpEventCenterDelegate: THREAD_RESUMED: thread (33, main, main)
00:44:50.128 INFO: JdwpEventCenterDelegate: THREAD_RESUMED: thread (33, main, main)
00:44:50.133 INFO: JdwpEventCenterDelegate: THREAD_RESUMED: thread (33, main, main)
00:44:50.146 INFO: JdwpEventCenterDelegate: THREAD_RESUMED: thread (33, main, main)
00:44:50.148 INFO: JdwpEventCenterDelegate: THREAD_RESUMED: thread (33, main, main)
00:44:50.150 INFO: JdwpEventCenterDelegate: THREAD_RESUMED: thread (33, main, main)
00:44:50.151 INFO: JdwpEventCenterDelegate: THREAD_RESUMED: thread (33, main, main)
00:44:50.153 INFO: JdwpEventCenterDelegate: THREAD_RESUMED: thread (33, main, main)
00:44:50.158 INFO: JdwpEventCenterDelegate: THREAD_RESUMED: thread (33, main, main)
00:44:50.160 INFO: JdwpEventCenterDelegate: THREAD_RESUMED: thread (33, main, main)
00:44:50.162 INFO: JdwpEventCenterDelegate: THREAD_RESUMED: thread (33, main, main)
00:44:50.165 INFO: JdwpEventCenterDelegate: THREAD_RESUMED: thread (33, main, main)
00:44:50.167 INFO: JdwpEventCenterDelegate: THREAD_RESUMED: thread (33, main, main)
00:44:50.174 INFO: JdwpEventCenterDelegate: THREAD_RESUMED: thread (33, main, main)
00:44:50.176 INFO: JdwpEventCenterDelegate: THREAD_RESUMED: thread (33, main, main)
00:44:50.179 INFO: JdwpEventCenterDelegate: THREAD_RESUMED: thread (33, main, main)
00:44:50.181 INFO: JdwpEventCenterDelegate: THREAD_RESUMED: thread (33, main, main)
00:44:50.183 INFO: JdwpEventCenterDelegate: THREAD_RESUMED: thread (33, main, main)
00:44:50.185 INFO: JdwpEventCenterDelegate: THREAD_RESUMED: thread (33, main, main)
00:44:50.189 INFO: JdwpEventCenterDelegate: THREAD_RESUMED: thread (33, main, main)
00:44:50.191 INFO: JdwpEventCenterDelegate: THREAD_RESUMED: thread (33, main, main)
00:44:50.192 INFO: JdwpEventCenterDelegate: THREAD_RESUMED: thread (33, main, main)
00:44:50.194 INFO: JdwpEventCenterDelegate: THREAD_RESUMED: thread (33, main, main)
00:44:50.196 INFO: JdwpEventCenterDelegate: THREAD_RESUMED: thread (33, main, main)
00:44:50.201 INFO: JdwpEventCenterDelegate: THREAD_RESUMED: thread (33, main, main)
00:44:50.214 INFO: JdwpEventCenterDelegate: THREAD_RESUMED: thread (33, main, main)
00:44:50.227 INFO: JdwpEventCenterDelegate: THREAD_RESUMED: thread (33, main, main)
00:44:50.238 INFO: JdwpEventCenterDelegate: THREAD_RESUMED: thread (33, main, main)
00:44:50.250 INFO: JdwpEventCenterDelegate: THREAD_RESUMED: thread (33, main, main)
00:44:50.284 INFO: JdwpEventCenterDelegate: THREAD_RESUMED: thread (33, main, main)
00:44:50.286 INFO: JdwpEventCenterDelegate: THREAD_RESUMED: thread (33, main, main)
00:44:50.288 INFO: JdwpEventCenterDelegate: THREAD_RESUMED: thread (33, main, main)
00:44:50.290 INFO: JdwpEventCenterDelegate: THREAD_RESUMED: thread (33, main, main)
00:44:50.293 INFO: JdwpEventCenterDelegate: THREAD_RESUMED: thread (33, main, main)
00:44:50.297 INFO: JdwpEventCenterDelegate: THREAD_RESUMED: thread (33, main, main)
00:44:50.308 INFO: JdwpEventCenterDelegate: THREAD_RESUMED: thread (33, main, main)
00:44:50.312 INFO: JdwpEventCenterDelegate: THREAD_RESUMED: thread (33, main, main)
00:44:50.313 INFO: JdwpEventCenterDelegate: THREAD_RESUMED: thread (33, main, main)
00:44:50.315 INFO: JdwpEventCenterDelegate: THREAD_RESUMED: thread (33, main, main)
00:44:50.317 INFO: JdwpEventCenterDelegate: THREAD_RESUMED: thread (33, main, main)
00:44:50.322 INFO: JdwpEventCenterDelegate: THREAD_RESUMED: thread (33, main, main)
00:44:50.336 INFO: JdwpEventCenterDelegate: THREAD_RESUMED: thread (33, main, main)
00:44:50.338 INFO: JdwpEventCenterDelegate: THREAD_RESUMED: thread (33, main, main)
00:44:50.341 INFO: JdwpEventCenterDelegate: THREAD_RESUMED: thread (33, main, main)
00:44:50.343 INFO: JdwpEventCenterDelegate: THREAD_RESUMED: thread (33, main, main)
00:44:50.345 INFO: JdwpEventCenterDelegate: THREAD_RESUMED: thread (33, main, main)
00:44:50.350 INFO: JdwpEventCenterDelegate: THREAD_RESUMED: thread (33, main, main)
00:44:50.366 INFO: JdwpEventCenterDelegate: THREAD_RESUMED: thread (33, main, main)
00:44:50.368 INFO: JdwpEventCenterDelegate: THREAD_RESUMED: thread (33, main, main)
00:44:50.371 INFO: JdwpEventCenterDelegate: THREAD_RESUMED: thread (33, main, main)
00:44:50.373 INFO: JdwpEventCenterDelegate: THREAD_RESUMED: thread (33, main, main)
00:44:50.375 INFO: JdwpEventCenterDelegate: THREAD_RESUMED: thread (33, main, main)
00:44:50.380 INFO: JdwpEventCenterDelegate: THREAD_RESUMED: thread (33, main, main)
00:44:50.395 INFO: JdwpEventCenterDelegate: THREAD_RESUMED: thread (33, main, main)
00:44:50.397 INFO: JdwpEventCenterDelegate: THREAD_RESUMED: thread (33, main, main)
00:44:50.399 INFO: JdwpEventCenterDelegate: THREAD_RESUMED: thread (33, main, main)
00:44:50.401 INFO: JdwpEventCenterDelegate: THREAD_RESUMED: thread (33, main, main)
00:44:50.403 INFO: JdwpEventCenterDelegate: THREAD_RESUMED: thread (33, main, main)
00:44:50.407 INFO: JdwpEventCenterDelegate: THREAD_RESUMED: thread (33, main, main)
00:44:50.421 INFO: JdwpEventCenterDelegate: THREAD_RESUMED: thread (33, main, main)
00:44:50.423 INFO: JdwpEventCenterDelegate: THREAD_RESUMED: thread (33, main, main)
00:44:50.425 INFO: JdwpEventCenterDelegate: THREAD_RESUMED: thread (33, main, main)
00:44:50.427 INFO: JdwpEventCenterDelegate: THREAD_RESUMED: thread (33, main, main)
00:44:50.429 INFO: JdwpEventCenterDelegate: THREAD_RESUMED: thread (33, main, main)
00:44:50.434 INFO: JdwpEventCenterDelegate: THREAD_RESUMED: thread (33, main, main)
00:44:50.455 INFO: JdwpEventCenterDelegate: THREAD_RESUMED: thread (33, main, main)
00:44:50.456 INFO: JdwpEventCenterDelegate: THREAD_RESUMED: thread (33, main, main)
00:44:50.458 INFO: JdwpEventCenterDelegate: THREAD_RESUMED: thread (33, main, main)
00:44:50.460 INFO: JdwpEventCenterDelegate: THREAD_RESUMED: thread (33, main, main)
00:44:50.462 INFO: JdwpEventCenterDelegate: THREAD_RESUMED: thread (33, main, main)
00:44:50.466 INFO: JdwpEventCenterDelegate: THREAD_RESUMED: thread (33, main, main)
00:44:50.484 INFO: JdwpEventCenterDelegate: THREAD_RESUMED: thread (33, main, main)
00:44:50.486 INFO: JdwpEventCenterDelegate: THREAD_RESUMED: thread (33, main, main)
00:44:50.487 INFO: JdwpEventCenterDelegate: THREAD_RESUMED: thread (33, main, main)
00:44:50.488 INFO: JdwpEventCenterDelegate: THREAD_RESUMED: thread (33, main, main)
00:44:50.490 INFO: JdwpEventCenterDelegate: THREAD_RESUMED: thread (33, main, main)
00:44:50.494 INFO: JdwpEventCenterDelegate: THREAD_RESUMED: thread (33, main, main)
00:44:50.511 INFO: JdwpEventCenterDelegate: THREAD_RESUMED: thread (33, main, main)
00:44:50.514 INFO: JdwpEventCenterDelegate: THREAD_RESUMED: thread (33, main, main)
00:44:50.515 INFO: JdwpEventCenterDelegate: THREAD_RESUMED: thread (33, main, main)
00:44:50.517 INFO: JdwpEventCenterDelegate: THREAD_RESUMED: thread (33, main, main)
00:44:50.519 INFO: JdwpEventCenterDelegate: THREAD_RESUMED: thread (33, main, main)
00:44:50.523 INFO: JdwpEventCenterDelegate: THREAD_RESUMED: thread (33, main, main)
00:44:50.538 INFO: JdwpEventCenterDelegate: THREAD_RESUMED: thread (33, main, main)
00:44:50.540 INFO: JdwpEventCenterDelegate: THREAD_RESUMED: thread (33, main, main)
00:44:50.542 INFO: JdwpEventCenterDelegate: THREAD_RESUMED: thread (33, main, main)
00:44:50.545 INFO: JdwpEventCenterDelegate: THREAD_RESUMED: thread (33, main, main)
00:44:50.546 INFO: JdwpEventCenterDelegate: THREAD_RESUMED: thread (33, main, main)
00:44:50.551 INFO: JdwpEventCenterDelegate: THREAD_RESUMED: thread (33, main, main)
00:44:50.565 INFO: JdwpEventCenterDelegate: THREAD_RESUMED: thread (33, main, main)
00:44:50.567 INFO: JdwpEventCenterDelegate: THREAD_RESUMED: thread (33, main, main)
00:44:50.569 INFO: JdwpEventCenterDelegate: THREAD_RESUMED: thread (33, main, main)
00:44:50.571 INFO: JdwpEventCenterDelegate: THREAD_RESUMED: thread (33, main, main)
00:44:50.572 INFO: JdwpEventCenterDelegate: THREAD_RESUMED: thread (33, main, main)
00:44:50.577 INFO: JdwpEventCenterDelegate: THREAD_RESUMED: thread (33, main, main)
00:44:50.596 INFO: JdwpEventCenterDelegate: THREAD_RESUMED: thread (33, main, main)
00:44:50.598 INFO: JdwpEventCenterDelegate: THREAD_RESUMED: thread (33, main, main)
00:44:50.600 INFO: JdwpEventCenterDelegate: THREAD_RESUMED: thread (33, main, main)
00:44:50.602 INFO: JdwpEventCenterDelegate: THREAD_RESUMED: thread (33, main, main)
00:44:50.603 INFO: JdwpEventCenterDelegate: THREAD_RESUMED: thread (33, main, main)
00:44:50.608 INFO: JdwpEventCenterDelegate: THREAD_RESUMED: thread (33, main, main)
00:44:50.632 INFO: JdwpEventCenterDelegate: THREAD_RESUMED: thread (33, main, main)
00:44:50.634 INFO: JdwpEventCenterDelegate: THREAD_RESUMED: thread (33, main, main)
00:44:50.635 INFO: JdwpEventCenterDelegate: THREAD_RESUMED: thread (33, main, main)
00:44:50.637 INFO: JdwpEventCenterDelegate: THREAD_RESUMED: thread (33, main, main)
00:44:50.639 INFO: JdwpEventCenterDelegate: THREAD_RESUMED: thread (33, main, main)
00:44:50.644 INFO: JdwpEventCenterDelegate: THREAD_RESUMED: thread (33, main, main)
00:44:50.662 INFO: JdwpEventCenterDelegate: THREAD_RESUMED: thread (33, main, main)
00:44:50.664 INFO: JdwpEventCenterDelegate: THREAD_RESUMED: thread (33, main, main)
00:44:50.667 INFO: JdwpEventCenterDelegate: THREAD_RESUMED: thread (33, main, main)
00:44:50.668 INFO: JdwpEventCenterDelegate: THREAD_RESUMED: thread (33, main, main)
00:44:50.671 INFO: JdwpEventCenterDelegate: THREAD_RESUMED: thread (33, main, main)
00:44:50.675 INFO: JdwpEventCenterDelegate: THREAD_RESUMED: thread (33, main, main)
00:44:50.688 INFO: JdwpEventCenterDelegate: THREAD_RESUMED: thread (33, main, main)
00:44:50.690 INFO: JdwpEventCenterDelegate: THREAD_RESUMED: thread (33, main, main)
00:44:50.692 INFO: JdwpEventCenterDelegate: THREAD_RESUMED: thread (33, main, main)
00:44:50.693 INFO: JdwpEventCenterDelegate: THREAD_RESUMED: thread (33, main, main)
00:44:50.696 INFO: JdwpEventCenterDelegate: THREAD_RESUMED: thread (33, main, main)
00:44:52.829 INFO: JdwpEventCenterDelegate: THREAD_STARTED: thread (108, Timer, main)
00:44:53.706 INFO: JdwpEventCenterDelegate: THREAD_RESUMED: thread (33, main, main)
00:44:53.735 INFO: JdwpEventCenterDelegate: THREAD_RESUMED: thread (33, main, main)
00:44:53.757 INFO: JdwpEventCenterDelegate: THREAD_RESUMED: thread (33, main, main)
00:44:53.774 INFO: JdwpEventCenterDelegate: THREAD_RESUMED: thread (33, main, main)
00:44:53.814 INFO: JdwpEventCenterDelegate: THREAD_RESUMED: thread (33, main, main)
00:44:53.848 INFO: JdwpEventCenterDelegate: THREAD_RESUMED: thread (33, main, main)
00:44:53.866 INFO: JdwpEventCenterDelegate: THREAD_RESUMED: thread (33, main, main)
00:44:53.881 INFO: JdwpEventCenterDelegate: THREAD_RESUMED: thread (33, main, main)
00:44:53.888 INFO: JdwpEventCenterDelegate: THREAD_RESUMED: thread (33, main, main)
00:44:53.901 INFO: JdwpEventCenterDelegate: THREAD_RESUMED: thread (33, main, main)
00:44:53.933 INFO: JdwpEventCenterDelegate: THREAD_RESUMED: thread (33, main, main)
00:44:53.945 INFO: JdwpEventCenterDelegate: THREAD_RESUMED: thread (33, main, main)
00:44:53.958 INFO: JdwpEventCenterDelegate: THREAD_RESUMED: thread (33, main, main)
00:44:53.970 INFO: JdwpEventCenterDelegate: THREAD_RESUMED: thread (33, main, main)
00:44:54.004 INFO: JdwpEventCenterDelegate: THREAD_RESUMED: thread (33, main, main)
00:44:54.037 INFO: JdwpEventCenterDelegate: THREAD_RESUMED: thread (33, main, main)
00:44:54.053 INFO: JdwpEventCenterDelegate: THREAD_RESUMED: thread (33, main, main)
00:44:54.067 INFO: JdwpEventCenterDelegate: THREAD_RESUMED: thread (33, main, main)
00:44:54.073 INFO: JdwpEventCenterDelegate: THREAD_RESUMED: thread (33, main, main)
00:44:54.087 INFO: JdwpEventCenterDelegate: THREAD_RESUMED: thread (33, main, main)
00:46:30.316 INFO: JdwpDebugServer: handling req: VirtualMachine(1).Exit(10)
00:46:30.316 SEVERE: Debugger: Thread JDWP server socket thread crashed
org.robovm.debugger.DebuggerException: Terminating due exit command
	at org.robovm.debugger.jdwp.JdwpDebugServer.doSocketWork(JdwpDebugServer.java:211)
	at java.base/java.lang.Thread.run(Thread.java:834)
	at org.robovm.debugger.utils.DebuggerThread.run(DebuggerThread.java:42)
00:46:30.822 SEVERE: Debugger: Thread HooksChannel socket thread crashed
org.robovm.debugger.DebuggerException: java.io.IOException: org.robovm.libimobiledevice.LibIMobileDeviceException: IDEVICE_E_UNKNOWN_ERROR
	at org.robovm.debugger.hooks.HooksChannel.doSocketWork(HooksChannel.java:149)
	at java.base/java.lang.Thread.run(Thread.java:834)
	at org.robovm.debugger.utils.DebuggerThread.run(DebuggerThread.java:42)
Caused by: java.io.IOException: org.robovm.libimobiledevice.LibIMobileDeviceException: IDEVICE_E_UNKNOWN_ERROR
	at org.robovm.libimobiledevice.IDeviceConnection$DeviceInputStream.read(IDeviceConnection.java:203)
	at org.robovm.debugger.utils.bytebuffer.DataBufferWriter.writeFromStream(DataBufferWriter.java:89)
	at org.robovm.debugger.hooks.HooksChannel.doSocketWork(HooksChannel.java:116)
	... 2 more
Caused by: org.robovm.libimobiledevice.LibIMobileDeviceException: IDEVICE_E_UNKNOWN_ERROR
	at org.robovm.libimobiledevice.IDevice.checkResult(IDevice.java:206)
	at org.robovm.libimobiledevice.IDeviceConnection.receive(IDeviceConnection.java:110)
	at org.robovm.libimobiledevice.IDeviceConnection.receive(IDeviceConnection.java:81)
	at org.robovm.libimobiledevice.IDeviceConnection$DeviceInputStream.read(IDeviceConnection.java:201)
	... 4 more
