23:23:33.741 INFO: JdwpDebugServer: handling req: VirtualMachine(1).IDSizes(7)
23:23:33.742 INFO: JdwpDebugServer: handling req: EventRequest(15).Set(1)
23:23:33.742 INFO: JdwpEventCenterDelegate: jdwpSetEventRequest: JdwpEventRequest{requestId=100, eventKind=CLASS_PREPARE, suspendPolicy=NONE, predicates=[]}
23:23:33.742 INFO: JdwpDebugServer: handling req: EventRequest(15).Set(1)
23:23:33.742 INFO: JdwpEventCenterDelegate: jdwpSetEventRequest: JdwpEventRequest{requestId=101, eventKind=CLASS_UNLOAD, suspendPolicy=NONE, predicates=[]}
23:23:33.757 INFO: JdwpDebugServer: handling req: VirtualMachine(1).Version(1)
23:23:33.757 INFO: JdwpDebugServer: handling req: VirtualMachine(1).capabilitiesNew(17)
23:23:33.757 INFO: JdwpDebugServer: handling req: VirtualMachine(1).capabilities(12)
23:23:33.758 INFO: JdwpDebugServer: handling req: VirtualMachine(1).AllClassesWithGeneric(20)
23:23:33.761 INFO: JdwpDebugServer: handling req: VirtualMachine(1).TopLevelThreadGroups(5)
23:23:33.761 INFO: JdwpDebugServer: handling req: EventRequest(15).Set(1)
23:23:33.761 INFO: JdwpEventCenterDelegate: jdwpSetEventRequest: JdwpEventRequest{requestId=102, eventKind=THREAD_START, suspendPolicy=NONE, predicates=[]}
23:23:33.761 INFO: JdwpDebugServer: handling req: EventRequest(15).Set(1)
23:23:33.761 INFO: JdwpEventCenterDelegate: jdwpSetEventRequest: JdwpEventRequest{requestId=103, eventKind=THREAD_DEATH, suspendPolicy=NONE, predicates=[]}
23:23:33.762 INFO: JdwpDebugServer: handling req: EventRequest(15).Set(1)
23:23:33.762 INFO: JdwpEventCenterDelegate: jdwpSetEventRequest: JdwpEventRequest{requestId=104, eventKind=CLASS_PREPARE, suspendPolicy=EVENT_THREAD, predicates=[className=sun.instrument.InstrumentationImpl]}
23:23:33.763 INFO: JdwpDebugServer: handling req: EventRequest(15).Set(1)
23:23:33.763 INFO: JdwpEventCenterDelegate: jdwpSetEventRequest: JdwpEventRequest{requestId=105, eventKind=CLASS_PREPARE, suspendPolicy=EVENT_THREAD, predicates=[className=sun.instrument.InstrumentationImpl]}
23:23:34.153 INFO: JdwpDebugServer: handling req: VirtualMachine(1).Resume(9)
23:23:34.193 INFO: JdwpEventCenterDelegate: THREAD_STARTED: thread (33, main, main)
23:23:34.206 INFO: JdwpEventCenterDelegate: THREAD_STARTED: thread (48, ReferenceQueueDaemon, main)
23:23:34.212 INFO: JdwpEventCenterDelegate: THREAD_STARTED: thread (63, FinalizerDaemon, main)
23:23:34.219 INFO: JdwpEventCenterDelegate: THREAD_STARTED: thread (78, FinalizerWatchdogDaemon, main)
23:23:34.223 INFO: JdwpEventCenterDelegate: THREAD_RESUMED: thread (33, main, main)
23:23:34.224 INFO: JdwpEventCenterDelegate: THREAD_RESUMED: thread (33, main, main)
23:23:34.226 INFO: JdwpEventCenterDelegate: THREAD_RESUMED: thread (33, main, main)
23:23:34.227 INFO: JdwpEventCenterDelegate: THREAD_RESUMED: thread (33, main, main)
23:23:34.229 INFO: JdwpEventCenterDelegate: THREAD_RESUMED: thread (33, main, main)
23:23:34.230 INFO: JdwpEventCenterDelegate: THREAD_RESUMED: thread (33, main, main)
23:23:34.231 INFO: JdwpEventCenterDelegate: THREAD_RESUMED: thread (33, main, main)
23:23:34.232 INFO: JdwpEventCenterDelegate: THREAD_RESUMED: thread (33, main, main)
23:23:34.234 INFO: JdwpEventCenterDelegate: THREAD_RESUMED: thread (33, main, main)
23:23:34.235 INFO: JdwpEventCenterDelegate: THREAD_RESUMED: thread (33, main, main)
23:23:34.237 INFO: JdwpEventCenterDelegate: THREAD_RESUMED: thread (33, main, main)
23:23:34.238 INFO: JdwpEventCenterDelegate: THREAD_RESUMED: thread (33, main, main)
23:23:34.239 INFO: JdwpEventCenterDelegate: THREAD_RESUMED: thread (33, main, main)
23:23:34.240 INFO: JdwpEventCenterDelegate: THREAD_RESUMED: thread (33, main, main)
23:23:34.242 INFO: JdwpEventCenterDelegate: THREAD_RESUMED: thread (33, main, main)
23:23:34.243 INFO: JdwpEventCenterDelegate: THREAD_RESUMED: thread (33, main, main)
23:23:34.244 INFO: JdwpEventCenterDelegate: THREAD_RESUMED: thread (33, main, main)
23:23:34.245 INFO: JdwpEventCenterDelegate: THREAD_RESUMED: thread (33, main, main)
23:23:34.248 INFO: JdwpEventCenterDelegate: THREAD_RESUMED: thread (33, main, main)
23:23:34.250 INFO: JdwpEventCenterDelegate: THREAD_RESUMED: thread (33, main, main)
23:23:34.251 INFO: JdwpEventCenterDelegate: THREAD_RESUMED: thread (33, main, main)
23:23:34.253 INFO: JdwpEventCenterDelegate: THREAD_RESUMED: thread (33, main, main)
23:23:34.254 INFO: JdwpEventCenterDelegate: THREAD_RESUMED: thread (33, main, main)
23:23:34.255 INFO: JdwpEventCenterDelegate: THREAD_RESUMED: thread (33, main, main)
23:23:34.257 INFO: JdwpEventCenterDelegate: THREAD_RESUMED: thread (33, main, main)
23:23:34.284 INFO: JdwpEventCenterDelegate: THREAD_RESUMED: thread (33, main, main)
23:23:34.285 INFO: JdwpEventCenterDelegate: THREAD_RESUMED: thread (33, main, main)
23:23:34.287 INFO: JdwpEventCenterDelegate: THREAD_RESUMED: thread (33, main, main)
23:23:34.289 INFO: JdwpEventCenterDelegate: THREAD_RESUMED: thread (33, main, main)
23:23:34.290 INFO: JdwpEventCenterDelegate: THREAD_RESUMED: thread (33, main, main)
23:23:34.292 INFO: JdwpEventCenterDelegate: THREAD_RESUMED: thread (33, main, main)
23:23:34.293 INFO: JdwpEventCenterDelegate: THREAD_RESUMED: thread (33, main, main)
23:23:34.295 INFO: JdwpEventCenterDelegate: THREAD_RESUMED: thread (33, main, main)
23:23:34.297 INFO: JdwpEventCenterDelegate: THREAD_RESUMED: thread (33, main, main)
23:23:34.298 INFO: JdwpEventCenterDelegate: THREAD_RESUMED: thread (33, main, main)
23:23:34.299 INFO: JdwpEventCenterDelegate: THREAD_RESUMED: thread (33, main, main)
23:23:34.301 INFO: JdwpEventCenterDelegate: THREAD_RESUMED: thread (33, main, main)
23:23:34.302 INFO: JdwpEventCenterDelegate: THREAD_RESUMED: thread (33, main, main)
23:23:34.303 INFO: JdwpEventCenterDelegate: THREAD_RESUMED: thread (33, main, main)
23:23:34.318 INFO: JdwpEventCenterDelegate: THREAD_RESUMED: thread (33, main, main)
23:23:34.319 INFO: JdwpEventCenterDelegate: THREAD_RESUMED: thread (33, main, main)
23:23:34.321 INFO: JdwpEventCenterDelegate: THREAD_RESUMED: thread (33, main, main)
23:23:34.322 INFO: JdwpEventCenterDelegate: THREAD_RESUMED: thread (33, main, main)
23:23:34.323 INFO: JdwpEventCenterDelegate: THREAD_RESUMED: thread (33, main, main)
23:23:34.325 INFO: JdwpEventCenterDelegate: THREAD_RESUMED: thread (33, main, main)
23:23:34.326 INFO: JdwpEventCenterDelegate: THREAD_RESUMED: thread (33, main, main)
23:23:34.349 INFO: JdwpEventCenterDelegate: THREAD_RESUMED: thread (33, main, main)
23:23:34.350 INFO: JdwpEventCenterDelegate: THREAD_RESUMED: thread (33, main, main)
23:23:34.351 INFO: JdwpEventCenterDelegate: THREAD_RESUMED: thread (33, main, main)
23:23:34.353 INFO: JdwpEventCenterDelegate: THREAD_RESUMED: thread (33, main, main)
23:23:34.354 INFO: JdwpEventCenterDelegate: THREAD_RESUMED: thread (33, main, main)
23:23:34.355 INFO: JdwpEventCenterDelegate: THREAD_RESUMED: thread (33, main, main)
23:23:34.356 INFO: JdwpEventCenterDelegate: THREAD_RESUMED: thread (33, main, main)
23:23:34.384 INFO: JdwpEventCenterDelegate: THREAD_RESUMED: thread (33, main, main)
23:23:34.385 INFO: JdwpEventCenterDelegate: THREAD_RESUMED: thread (33, main, main)
23:23:34.387 INFO: JdwpEventCenterDelegate: THREAD_RESUMED: thread (33, main, main)
23:23:34.388 INFO: JdwpEventCenterDelegate: THREAD_RESUMED: thread (33, main, main)
23:23:34.389 INFO: JdwpEventCenterDelegate: THREAD_RESUMED: thread (33, main, main)
23:23:34.391 INFO: JdwpEventCenterDelegate: THREAD_RESUMED: thread (33, main, main)
23:23:34.392 INFO: JdwpEventCenterDelegate: THREAD_RESUMED: thread (33, main, main)
23:23:34.403 INFO: JdwpEventCenterDelegate: THREAD_RESUMED: thread (33, main, main)
23:23:34.404 INFO: JdwpEventCenterDelegate: THREAD_RESUMED: thread (33, main, main)
23:23:34.406 INFO: JdwpEventCenterDelegate: THREAD_RESUMED: thread (33, main, main)
23:23:34.408 INFO: JdwpEventCenterDelegate: THREAD_RESUMED: thread (33, main, main)
23:23:34.409 INFO: JdwpEventCenterDelegate: THREAD_RESUMED: thread (33, main, main)
23:23:34.410 INFO: JdwpEventCenterDelegate: THREAD_RESUMED: thread (33, main, main)
23:23:34.412 INFO: JdwpEventCenterDelegate: THREAD_RESUMED: thread (33, main, main)
23:23:34.420 INFO: JdwpEventCenterDelegate: THREAD_RESUMED: thread (33, main, main)
23:23:34.421 INFO: JdwpEventCenterDelegate: THREAD_RESUMED: thread (33, main, main)
23:23:34.423 INFO: JdwpEventCenterDelegate: THREAD_RESUMED: thread (33, main, main)
23:23:34.424 INFO: JdwpEventCenterDelegate: THREAD_RESUMED: thread (33, main, main)
23:23:34.425 INFO: JdwpEventCenterDelegate: THREAD_RESUMED: thread (33, main, main)
23:23:34.426 INFO: JdwpEventCenterDelegate: THREAD_RESUMED: thread (33, main, main)
23:23:34.427 INFO: JdwpEventCenterDelegate: THREAD_RESUMED: thread (33, main, main)
23:23:34.429 INFO: JdwpEventCenterDelegate: THREAD_RESUMED: thread (33, main, main)
23:23:34.430 INFO: JdwpEventCenterDelegate: THREAD_RESUMED: thread (33, main, main)
23:23:34.431 INFO: JdwpEventCenterDelegate: THREAD_RESUMED: thread (33, main, main)
23:23:34.433 INFO: JdwpEventCenterDelegate: THREAD_RESUMED: thread (33, main, main)
23:23:34.434 INFO: JdwpEventCenterDelegate: THREAD_RESUMED: thread (33, main, main)
23:23:34.435 INFO: JdwpEventCenterDelegate: THREAD_RESUMED: thread (33, main, main)
23:23:34.436 INFO: JdwpEventCenterDelegate: THREAD_RESUMED: thread (33, main, main)
23:23:34.438 INFO: JdwpEventCenterDelegate: THREAD_RESUMED: thread (33, main, main)
23:23:34.439 INFO: JdwpEventCenterDelegate: THREAD_RESUMED: thread (33, main, main)
23:23:34.440 INFO: JdwpEventCenterDelegate: THREAD_RESUMED: thread (33, main, main)
23:23:34.441 INFO: JdwpEventCenterDelegate: THREAD_RESUMED: thread (33, main, main)
23:23:34.444 INFO: JdwpEventCenterDelegate: THREAD_RESUMED: thread (33, main, main)
23:23:34.445 INFO: JdwpEventCenterDelegate: THREAD_RESUMED: thread (33, main, main)
23:23:34.569 INFO: JdwpEventCenterDelegate: THREAD_STARTED: thread (93, AssetManager, main)
23:23:34.673 INFO: JdwpEventCenterDelegate: THREAD_RESUMED: thread (33, main, main)
23:23:34.676 INFO: JdwpEventCenterDelegate: THREAD_RESUMED: thread (33, main, main)
23:23:35.122 INFO: JdwpDebugServer: handling req: VirtualMachine(1).Exit(10)
23:23:35.122 SEVERE: Debugger: Thread JDWP server socket thread crashed
org.robovm.debugger.DebuggerException: Terminating due exit command
	at org.robovm.debugger.jdwp.JdwpDebugServer.doSocketWork(JdwpDebugServer.java:211)
	at java.base/java.lang.Thread.run(Thread.java:834)
	at org.robovm.debugger.utils.DebuggerThread.run(DebuggerThread.java:42)
23:23:35.629 SEVERE: Debugger: Thread HooksChannel socket thread crashed
org.robovm.debugger.DebuggerException: java.io.IOException: org.robovm.libimobiledevice.LibIMobileDeviceException: IDEVICE_E_UNKNOWN_ERROR
	at org.robovm.debugger.hooks.HooksChannel.doSocketWork(HooksChannel.java:149)
	at java.base/java.lang.Thread.run(Thread.java:834)
	at org.robovm.debugger.utils.DebuggerThread.run(DebuggerThread.java:42)
Caused by: java.io.IOException: org.robovm.libimobiledevice.LibIMobileDeviceException: IDEVICE_E_UNKNOWN_ERROR
	at org.robovm.libimobiledevice.IDeviceConnection$DeviceInputStream.read(IDeviceConnection.java:203)
	at org.robovm.debugger.utils.bytebuffer.DataBufferWriter.writeFromStream(DataBufferWriter.java:89)
	at org.robovm.debugger.hooks.HooksChannel.doSocketWork(HooksChannel.java:116)
	... 2 more
Caused by: org.robovm.libimobiledevice.LibIMobileDeviceException: IDEVICE_E_UNKNOWN_ERROR
	at org.robovm.libimobiledevice.IDevice.checkResult(IDevice.java:206)
	at org.robovm.libimobiledevice.IDeviceConnection.receive(IDeviceConnection.java:110)
	at org.robovm.libimobiledevice.IDeviceConnection.receive(IDeviceConnection.java:81)
	at org.robovm.libimobiledevice.IDeviceConnection$DeviceInputStream.read(IDeviceConnection.java:201)
	... 4 more
