20:38:17.389 INFO: JdwpDebugServer: handling req: VirtualMachine(1).IDSizes(7)
20:38:17.390 INFO: JdwpDebugServer: handling req: EventRequest(15).Set(1)
20:38:17.390 INFO: JdwpEventCenterDelegate: jdwpSetEventRequest: JdwpEventRequest{requestId=100, eventKind=CLASS_PREPARE, suspendPolicy=NONE, predicates=[]}
20:38:17.390 INFO: JdwpDebugServer: handling req: EventRequest(15).Set(1)
20:38:17.390 INFO: JdwpEventCenterDelegate: jdwpSetEventRequest: JdwpEventRequest{requestId=101, eventKind=CLASS_UNLOAD, suspendPolicy=NONE, predicates=[]}
20:38:17.409 INFO: JdwpDebugServer: handling req: VirtualMachine(1).Version(1)
20:38:17.410 INFO: JdwpDebugServer: handling req: VirtualMachine(1).capabilitiesNew(17)
20:38:17.410 INFO: JdwpDebugServer: handling req: VirtualMachine(1).capabilities(12)
20:38:17.410 INFO: JdwpDebugServer: handling req: VirtualMachine(1).AllClassesWithGeneric(20)
20:38:17.433 INFO: JdwpDebugServer: handling req: VirtualMachine(1).TopLevelThreadGroups(5)
20:38:17.433 INFO: JdwpDebugServer: handling req: EventRequest(15).Set(1)
20:38:17.433 INFO: JdwpEventCenterDelegate: jdwpSetEventRequest: JdwpEventRequest{requestId=102, eventKind=THREAD_START, suspendPolicy=NONE, predicates=[]}
20:38:17.433 INFO: JdwpDebugServer: handling req: EventRequest(15).Set(1)
20:38:17.433 INFO: JdwpEventCenterDelegate: jdwpSetEventRequest: JdwpEventRequest{requestId=103, eventKind=THREAD_DEATH, suspendPolicy=NONE, predicates=[]}
20:38:17.435 INFO: JdwpDebugServer: handling req: EventRequest(15).Set(1)
20:38:17.435 INFO: JdwpEventCenterDelegate: jdwpSetEventRequest: JdwpEventRequest{requestId=104, eventKind=CLASS_PREPARE, suspendPolicy=EVENT_THREAD, predicates=[className=sun.instrument.InstrumentationImpl]}
20:38:17.435 INFO: JdwpDebugServer: handling req: EventRequest(15).Set(1)
20:38:17.435 INFO: JdwpEventCenterDelegate: jdwpSetEventRequest: JdwpEventRequest{requestId=105, eventKind=CLASS_PREPARE, suspendPolicy=EVENT_THREAD, predicates=[className=sun.instrument.InstrumentationImpl]}
20:38:18.049 INFO: JdwpDebugServer: handling req: VirtualMachine(1).Resume(9)
20:38:18.098 INFO: JdwpEventCenterDelegate: THREAD_STARTED: thread (33, main, main)
20:38:18.121 INFO: JdwpEventCenterDelegate: THREAD_STARTED: thread (48, ReferenceQueueDaemon, main)
20:38:18.128 INFO: JdwpEventCenterDelegate: THREAD_STARTED: thread (63, FinalizerDaemon, main)
20:38:18.134 INFO: JdwpEventCenterDelegate: THREAD_STARTED: thread (78, FinalizerWatchdogDaemon, main)
20:38:18.136 INFO: JdwpEventCenterDelegate: THREAD_RESUMED: thread (33, main, main)
20:38:18.137 INFO: JdwpEventCenterDelegate: THREAD_RESUMED: thread (33, main, main)
20:38:18.138 INFO: JdwpEventCenterDelegate: THREAD_RESUMED: thread (33, main, main)
20:38:18.139 INFO: JdwpEventCenterDelegate: THREAD_RESUMED: thread (33, main, main)
20:38:18.141 INFO: JdwpEventCenterDelegate: THREAD_RESUMED: thread (33, main, main)
20:38:18.142 INFO: JdwpEventCenterDelegate: THREAD_RESUMED: thread (33, main, main)
20:38:18.143 INFO: JdwpEventCenterDelegate: THREAD_RESUMED: thread (33, main, main)
20:38:18.144 INFO: JdwpEventCenterDelegate: THREAD_RESUMED: thread (33, main, main)
20:38:18.146 INFO: JdwpEventCenterDelegate: THREAD_RESUMED: thread (33, main, main)
20:38:18.148 INFO: JdwpEventCenterDelegate: THREAD_RESUMED: thread (33, main, main)
20:38:18.149 INFO: JdwpEventCenterDelegate: THREAD_RESUMED: thread (33, main, main)
20:38:18.150 INFO: JdwpEventCenterDelegate: THREAD_RESUMED: thread (33, main, main)
20:38:18.152 INFO: JdwpEventCenterDelegate: THREAD_RESUMED: thread (33, main, main)
20:38:18.153 INFO: JdwpEventCenterDelegate: THREAD_RESUMED: thread (33, main, main)
20:38:18.154 INFO: JdwpEventCenterDelegate: THREAD_RESUMED: thread (33, main, main)
20:38:18.155 INFO: JdwpEventCenterDelegate: THREAD_RESUMED: thread (33, main, main)
20:38:18.156 INFO: JdwpEventCenterDelegate: THREAD_RESUMED: thread (33, main, main)
20:38:18.158 INFO: JdwpEventCenterDelegate: THREAD_RESUMED: thread (33, main, main)
20:38:18.161 INFO: JdwpEventCenterDelegate: THREAD_RESUMED: thread (33, main, main)
20:38:18.163 INFO: JdwpEventCenterDelegate: THREAD_RESUMED: thread (33, main, main)
20:38:18.164 INFO: JdwpEventCenterDelegate: THREAD_RESUMED: thread (33, main, main)
20:38:18.165 INFO: JdwpEventCenterDelegate: THREAD_RESUMED: thread (33, main, main)
20:38:18.166 INFO: JdwpEventCenterDelegate: THREAD_RESUMED: thread (33, main, main)
20:38:18.168 INFO: JdwpEventCenterDelegate: THREAD_RESUMED: thread (33, main, main)
20:38:18.169 INFO: JdwpEventCenterDelegate: THREAD_RESUMED: thread (33, main, main)
20:38:18.204 INFO: JdwpEventCenterDelegate: THREAD_RESUMED: thread (33, main, main)
20:38:18.206 INFO: JdwpEventCenterDelegate: THREAD_RESUMED: thread (33, main, main)
20:38:18.207 INFO: JdwpEventCenterDelegate: THREAD_RESUMED: thread (33, main, main)
20:38:18.208 INFO: JdwpEventCenterDelegate: THREAD_RESUMED: thread (33, main, main)
20:38:18.209 INFO: JdwpEventCenterDelegate: THREAD_RESUMED: thread (33, main, main)
20:38:18.210 INFO: JdwpEventCenterDelegate: THREAD_RESUMED: thread (33, main, main)
20:38:18.211 INFO: JdwpEventCenterDelegate: THREAD_RESUMED: thread (33, main, main)
20:38:18.214 INFO: JdwpEventCenterDelegate: THREAD_RESUMED: thread (33, main, main)
20:38:18.215 INFO: JdwpEventCenterDelegate: THREAD_RESUMED: thread (33, main, main)
20:38:18.216 INFO: JdwpEventCenterDelegate: THREAD_RESUMED: thread (33, main, main)
20:38:18.217 INFO: JdwpEventCenterDelegate: THREAD_RESUMED: thread (33, main, main)
20:38:18.218 INFO: JdwpEventCenterDelegate: THREAD_RESUMED: thread (33, main, main)
20:38:18.220 INFO: JdwpEventCenterDelegate: THREAD_RESUMED: thread (33, main, main)
20:38:18.221 INFO: JdwpEventCenterDelegate: THREAD_RESUMED: thread (33, main, main)
20:38:18.235 INFO: JdwpEventCenterDelegate: THREAD_RESUMED: thread (33, main, main)
20:38:18.236 INFO: JdwpEventCenterDelegate: THREAD_RESUMED: thread (33, main, main)
20:38:18.237 INFO: JdwpEventCenterDelegate: THREAD_RESUMED: thread (33, main, main)
20:38:18.238 INFO: JdwpEventCenterDelegate: THREAD_RESUMED: thread (33, main, main)
20:38:18.240 INFO: JdwpEventCenterDelegate: THREAD_RESUMED: thread (33, main, main)
20:38:18.241 INFO: JdwpEventCenterDelegate: THREAD_RESUMED: thread (33, main, main)
20:38:18.242 INFO: JdwpEventCenterDelegate: THREAD_RESUMED: thread (33, main, main)
20:38:18.264 INFO: JdwpEventCenterDelegate: THREAD_RESUMED: thread (33, main, main)
20:38:18.265 INFO: JdwpEventCenterDelegate: THREAD_RESUMED: thread (33, main, main)
20:38:18.266 INFO: JdwpEventCenterDelegate: THREAD_RESUMED: thread (33, main, main)
20:38:18.268 INFO: JdwpEventCenterDelegate: THREAD_RESUMED: thread (33, main, main)
20:38:18.269 INFO: JdwpEventCenterDelegate: THREAD_RESUMED: thread (33, main, main)
20:38:18.270 INFO: JdwpEventCenterDelegate: THREAD_RESUMED: thread (33, main, main)
20:38:18.271 INFO: JdwpEventCenterDelegate: THREAD_RESUMED: thread (33, main, main)
20:38:18.299 INFO: JdwpEventCenterDelegate: THREAD_RESUMED: thread (33, main, main)
20:38:18.301 INFO: JdwpEventCenterDelegate: THREAD_RESUMED: thread (33, main, main)
20:38:18.302 INFO: JdwpEventCenterDelegate: THREAD_RESUMED: thread (33, main, main)
20:38:18.303 INFO: JdwpEventCenterDelegate: THREAD_RESUMED: thread (33, main, main)
20:38:18.305 INFO: JdwpEventCenterDelegate: THREAD_RESUMED: thread (33, main, main)
20:38:18.306 INFO: JdwpEventCenterDelegate: THREAD_RESUMED: thread (33, main, main)
20:38:18.307 INFO: JdwpEventCenterDelegate: THREAD_RESUMED: thread (33, main, main)
20:38:18.317 INFO: JdwpEventCenterDelegate: THREAD_RESUMED: thread (33, main, main)
20:38:18.319 INFO: JdwpEventCenterDelegate: THREAD_RESUMED: thread (33, main, main)
20:38:18.320 INFO: JdwpEventCenterDelegate: THREAD_RESUMED: thread (33, main, main)
20:38:18.321 INFO: JdwpEventCenterDelegate: THREAD_RESUMED: thread (33, main, main)
20:38:18.322 INFO: JdwpEventCenterDelegate: THREAD_RESUMED: thread (33, main, main)
20:38:18.323 INFO: JdwpEventCenterDelegate: THREAD_RESUMED: thread (33, main, main)
20:38:18.324 INFO: JdwpEventCenterDelegate: THREAD_RESUMED: thread (33, main, main)
20:38:18.333 INFO: JdwpEventCenterDelegate: THREAD_RESUMED: thread (33, main, main)
20:38:18.334 INFO: JdwpEventCenterDelegate: THREAD_RESUMED: thread (33, main, main)
20:38:18.335 INFO: JdwpEventCenterDelegate: THREAD_RESUMED: thread (33, main, main)
20:38:18.337 INFO: JdwpEventCenterDelegate: THREAD_RESUMED: thread (33, main, main)
20:38:18.338 INFO: JdwpEventCenterDelegate: THREAD_RESUMED: thread (33, main, main)
20:38:18.339 INFO: JdwpEventCenterDelegate: THREAD_RESUMED: thread (33, main, main)
20:38:18.340 INFO: JdwpEventCenterDelegate: THREAD_RESUMED: thread (33, main, main)
20:38:18.342 INFO: JdwpEventCenterDelegate: THREAD_RESUMED: thread (33, main, main)
20:38:18.343 INFO: JdwpEventCenterDelegate: THREAD_RESUMED: thread (33, main, main)
20:38:18.344 INFO: JdwpEventCenterDelegate: THREAD_RESUMED: thread (33, main, main)
20:38:18.345 INFO: JdwpEventCenterDelegate: THREAD_RESUMED: thread (33, main, main)
20:38:18.346 INFO: JdwpEventCenterDelegate: THREAD_RESUMED: thread (33, main, main)
20:38:18.348 INFO: JdwpEventCenterDelegate: THREAD_RESUMED: thread (33, main, main)
20:38:18.349 INFO: JdwpEventCenterDelegate: THREAD_RESUMED: thread (33, main, main)
20:38:18.350 INFO: JdwpEventCenterDelegate: THREAD_RESUMED: thread (33, main, main)
20:38:18.351 INFO: JdwpEventCenterDelegate: THREAD_RESUMED: thread (33, main, main)
20:38:18.353 INFO: JdwpEventCenterDelegate: THREAD_RESUMED: thread (33, main, main)
20:38:18.354 INFO: JdwpEventCenterDelegate: THREAD_RESUMED: thread (33, main, main)
20:38:18.357 INFO: JdwpEventCenterDelegate: THREAD_RESUMED: thread (33, main, main)
20:38:18.358 INFO: JdwpEventCenterDelegate: THREAD_RESUMED: thread (33, main, main)
20:38:18.499 INFO: JdwpEventCenterDelegate: THREAD_STARTED: thread (93, AssetManager, main)
20:38:18.602 INFO: JdwpEventCenterDelegate: THREAD_RESUMED: thread (33, main, main)
20:38:18.604 INFO: JdwpEventCenterDelegate: THREAD_RESUMED: thread (33, main, main)
20:38:21.171 INFO: JdwpEventCenterDelegate: THREAD_RESUMED: thread (33, main, main)
20:38:21.272 INFO: JdwpEventCenterDelegate: THREAD_RESUMED: thread (33, main, main)
20:38:21.274 INFO: JdwpEventCenterDelegate: THREAD_RESUMED: thread (33, main, main)
20:38:21.275 INFO: JdwpEventCenterDelegate: THREAD_RESUMED: thread (33, main, main)
20:38:21.277 INFO: JdwpEventCenterDelegate: THREAD_RESUMED: thread (33, main, main)
20:38:21.279 INFO: JdwpEventCenterDelegate: THREAD_RESUMED: thread (33, main, main)
20:38:21.284 INFO: JdwpEventCenterDelegate: THREAD_RESUMED: thread (33, main, main)
20:38:21.296 INFO: JdwpEventCenterDelegate: THREAD_RESUMED: thread (33, main, main)
20:38:21.298 INFO: JdwpEventCenterDelegate: THREAD_RESUMED: thread (33, main, main)
20:38:21.300 INFO: JdwpEventCenterDelegate: THREAD_RESUMED: thread (33, main, main)
20:38:21.302 INFO: JdwpEventCenterDelegate: THREAD_RESUMED: thread (33, main, main)
20:38:21.304 INFO: JdwpEventCenterDelegate: THREAD_RESUMED: thread (33, main, main)
20:38:21.309 INFO: JdwpEventCenterDelegate: THREAD_RESUMED: thread (33, main, main)
20:38:21.324 INFO: JdwpEventCenterDelegate: THREAD_RESUMED: thread (33, main, main)
20:38:21.325 INFO: JdwpEventCenterDelegate: THREAD_RESUMED: thread (33, main, main)
20:38:21.328 INFO: JdwpEventCenterDelegate: THREAD_RESUMED: thread (33, main, main)
20:38:21.329 INFO: JdwpEventCenterDelegate: THREAD_RESUMED: thread (33, main, main)
20:38:21.331 INFO: JdwpEventCenterDelegate: THREAD_RESUMED: thread (33, main, main)
20:38:21.335 INFO: JdwpEventCenterDelegate: THREAD_RESUMED: thread (33, main, main)
20:38:21.354 INFO: JdwpEventCenterDelegate: THREAD_RESUMED: thread (33, main, main)
20:38:21.357 INFO: JdwpEventCenterDelegate: THREAD_RESUMED: thread (33, main, main)
20:38:21.359 INFO: JdwpEventCenterDelegate: THREAD_RESUMED: thread (33, main, main)
20:38:21.361 INFO: JdwpEventCenterDelegate: THREAD_RESUMED: thread (33, main, main)
20:38:21.364 INFO: JdwpEventCenterDelegate: THREAD_RESUMED: thread (33, main, main)
20:38:21.369 INFO: JdwpEventCenterDelegate: THREAD_RESUMED: thread (33, main, main)
20:38:21.384 INFO: JdwpEventCenterDelegate: THREAD_RESUMED: thread (33, main, main)
20:38:21.386 INFO: JdwpEventCenterDelegate: THREAD_RESUMED: thread (33, main, main)
20:38:21.388 INFO: JdwpEventCenterDelegate: THREAD_RESUMED: thread (33, main, main)
20:38:21.391 INFO: JdwpEventCenterDelegate: THREAD_RESUMED: thread (33, main, main)
20:38:21.393 INFO: JdwpEventCenterDelegate: THREAD_RESUMED: thread (33, main, main)
20:38:21.398 INFO: JdwpEventCenterDelegate: THREAD_RESUMED: thread (33, main, main)
20:38:21.413 INFO: JdwpEventCenterDelegate: THREAD_RESUMED: thread (33, main, main)
20:38:21.416 INFO: JdwpEventCenterDelegate: THREAD_RESUMED: thread (33, main, main)
20:38:21.418 INFO: JdwpEventCenterDelegate: THREAD_RESUMED: thread (33, main, main)
20:38:21.420 INFO: JdwpEventCenterDelegate: THREAD_RESUMED: thread (33, main, main)
20:38:21.422 INFO: JdwpEventCenterDelegate: THREAD_RESUMED: thread (33, main, main)
20:38:21.427 INFO: JdwpEventCenterDelegate: THREAD_RESUMED: thread (33, main, main)
20:38:21.446 INFO: JdwpEventCenterDelegate: THREAD_RESUMED: thread (33, main, main)
20:38:21.449 INFO: JdwpEventCenterDelegate: THREAD_RESUMED: thread (33, main, main)
20:38:21.452 INFO: JdwpEventCenterDelegate: THREAD_RESUMED: thread (33, main, main)
20:38:21.454 INFO: JdwpEventCenterDelegate: THREAD_RESUMED: thread (33, main, main)
20:38:21.456 INFO: JdwpEventCenterDelegate: THREAD_RESUMED: thread (33, main, main)
20:38:21.461 INFO: JdwpEventCenterDelegate: THREAD_RESUMED: thread (33, main, main)
20:38:21.480 INFO: JdwpEventCenterDelegate: THREAD_RESUMED: thread (33, main, main)
20:38:21.482 INFO: JdwpEventCenterDelegate: THREAD_RESUMED: thread (33, main, main)
20:38:21.485 INFO: JdwpEventCenterDelegate: THREAD_RESUMED: thread (33, main, main)
20:38:21.487 INFO: JdwpEventCenterDelegate: THREAD_RESUMED: thread (33, main, main)
20:38:21.489 INFO: JdwpEventCenterDelegate: THREAD_RESUMED: thread (33, main, main)
20:38:21.495 INFO: JdwpEventCenterDelegate: THREAD_RESUMED: thread (33, main, main)
20:38:21.513 INFO: JdwpEventCenterDelegate: THREAD_RESUMED: thread (33, main, main)
20:38:21.515 INFO: JdwpEventCenterDelegate: THREAD_RESUMED: thread (33, main, main)
20:38:21.517 INFO: JdwpEventCenterDelegate: THREAD_RESUMED: thread (33, main, main)
20:38:21.519 INFO: JdwpEventCenterDelegate: THREAD_RESUMED: thread (33, main, main)
20:38:21.521 INFO: JdwpEventCenterDelegate: THREAD_RESUMED: thread (33, main, main)
20:38:21.526 INFO: JdwpEventCenterDelegate: THREAD_RESUMED: thread (33, main, main)
20:38:21.545 INFO: JdwpEventCenterDelegate: THREAD_RESUMED: thread (33, main, main)
20:38:21.547 INFO: JdwpEventCenterDelegate: THREAD_RESUMED: thread (33, main, main)
20:38:21.549 INFO: JdwpEventCenterDelegate: THREAD_RESUMED: thread (33, main, main)
20:38:21.551 INFO: JdwpEventCenterDelegate: THREAD_RESUMED: thread (33, main, main)
20:38:21.554 INFO: JdwpEventCenterDelegate: THREAD_RESUMED: thread (33, main, main)
20:38:21.559 INFO: JdwpEventCenterDelegate: THREAD_RESUMED: thread (33, main, main)
20:38:21.574 INFO: JdwpEventCenterDelegate: THREAD_RESUMED: thread (33, main, main)
20:38:21.576 INFO: JdwpEventCenterDelegate: THREAD_RESUMED: thread (33, main, main)
20:38:21.578 INFO: JdwpEventCenterDelegate: THREAD_RESUMED: thread (33, main, main)
20:38:21.580 INFO: JdwpEventCenterDelegate: THREAD_RESUMED: thread (33, main, main)
20:38:21.581 INFO: JdwpEventCenterDelegate: THREAD_RESUMED: thread (33, main, main)
20:38:21.586 INFO: JdwpEventCenterDelegate: THREAD_RESUMED: thread (33, main, main)
20:38:21.606 INFO: JdwpEventCenterDelegate: THREAD_RESUMED: thread (33, main, main)
20:38:21.607 INFO: JdwpEventCenterDelegate: THREAD_RESUMED: thread (33, main, main)
20:38:21.609 INFO: JdwpEventCenterDelegate: THREAD_RESUMED: thread (33, main, main)
20:38:21.612 INFO: JdwpEventCenterDelegate: THREAD_RESUMED: thread (33, main, main)
20:38:21.614 INFO: JdwpEventCenterDelegate: THREAD_RESUMED: thread (33, main, main)
20:38:21.618 INFO: JdwpEventCenterDelegate: THREAD_RESUMED: thread (33, main, main)
20:38:21.640 INFO: JdwpEventCenterDelegate: THREAD_RESUMED: thread (33, main, main)
20:38:21.642 INFO: JdwpEventCenterDelegate: THREAD_RESUMED: thread (33, main, main)
20:38:21.644 INFO: JdwpEventCenterDelegate: THREAD_RESUMED: thread (33, main, main)
20:38:21.646 INFO: JdwpEventCenterDelegate: THREAD_RESUMED: thread (33, main, main)
20:38:21.648 INFO: JdwpEventCenterDelegate: THREAD_RESUMED: thread (33, main, main)
20:38:21.653 INFO: JdwpEventCenterDelegate: THREAD_RESUMED: thread (33, main, main)
20:38:21.672 INFO: JdwpEventCenterDelegate: THREAD_RESUMED: thread (33, main, main)
20:38:21.674 INFO: JdwpEventCenterDelegate: THREAD_RESUMED: thread (33, main, main)
20:38:21.676 INFO: JdwpEventCenterDelegate: THREAD_RESUMED: thread (33, main, main)
20:38:21.677 INFO: JdwpEventCenterDelegate: THREAD_RESUMED: thread (33, main, main)
20:38:21.679 INFO: JdwpEventCenterDelegate: THREAD_RESUMED: thread (33, main, main)
20:38:21.684 INFO: JdwpEventCenterDelegate: THREAD_RESUMED: thread (33, main, main)
20:38:21.698 INFO: JdwpEventCenterDelegate: THREAD_RESUMED: thread (33, main, main)
20:38:21.699 INFO: JdwpEventCenterDelegate: THREAD_RESUMED: thread (33, main, main)
20:38:21.701 INFO: JdwpEventCenterDelegate: THREAD_RESUMED: thread (33, main, main)
20:38:21.703 INFO: JdwpEventCenterDelegate: THREAD_RESUMED: thread (33, main, main)
20:38:21.704 INFO: JdwpEventCenterDelegate: THREAD_RESUMED: thread (33, main, main)
20:38:21.709 INFO: JdwpEventCenterDelegate: THREAD_RESUMED: thread (33, main, main)
20:38:21.710 INFO: JdwpEventCenterDelegate: THREAD_RESUMED: thread (33, main, main)
20:38:21.712 INFO: JdwpEventCenterDelegate: THREAD_RESUMED: thread (33, main, main)
20:38:21.714 INFO: JdwpEventCenterDelegate: THREAD_RESUMED: thread (33, main, main)
20:38:21.716 INFO: JdwpEventCenterDelegate: THREAD_RESUMED: thread (33, main, main)
20:38:21.718 INFO: JdwpEventCenterDelegate: THREAD_RESUMED: thread (33, main, main)
20:38:21.720 INFO: JdwpEventCenterDelegate: THREAD_RESUMED: thread (33, main, main)
20:38:21.724 INFO: JdwpEventCenterDelegate: THREAD_RESUMED: thread (33, main, main)
20:38:21.726 INFO: JdwpEventCenterDelegate: THREAD_RESUMED: thread (33, main, main)
20:38:21.728 INFO: JdwpEventCenterDelegate: THREAD_RESUMED: thread (33, main, main)
20:38:21.729 INFO: JdwpEventCenterDelegate: THREAD_RESUMED: thread (33, main, main)
20:38:21.740 INFO: JdwpEventCenterDelegate: THREAD_RESUMED: thread (33, main, main)
20:38:21.741 INFO: JdwpEventCenterDelegate: THREAD_RESUMED: thread (33, main, main)
20:38:21.743 INFO: JdwpEventCenterDelegate: THREAD_RESUMED: thread (33, main, main)
20:38:21.745 INFO: JdwpEventCenterDelegate: THREAD_RESUMED: thread (33, main, main)
20:38:21.746 INFO: JdwpEventCenterDelegate: THREAD_RESUMED: thread (33, main, main)
20:38:21.748 INFO: JdwpEventCenterDelegate: THREAD_RESUMED: thread (33, main, main)
20:38:21.749 INFO: JdwpEventCenterDelegate: THREAD_RESUMED: thread (33, main, main)
20:38:21.764 INFO: JdwpEventCenterDelegate: THREAD_RESUMED: thread (33, main, main)
20:38:21.766 INFO: JdwpEventCenterDelegate: THREAD_RESUMED: thread (33, main, main)
20:38:21.767 INFO: JdwpEventCenterDelegate: THREAD_RESUMED: thread (33, main, main)
20:38:21.768 INFO: JdwpEventCenterDelegate: THREAD_RESUMED: thread (33, main, main)
20:38:21.770 INFO: JdwpEventCenterDelegate: THREAD_RESUMED: thread (33, main, main)
20:38:21.775 INFO: JdwpEventCenterDelegate: THREAD_RESUMED: thread (33, main, main)
20:38:21.787 INFO: JdwpEventCenterDelegate: THREAD_RESUMED: thread (33, main, main)
20:38:21.800 INFO: JdwpEventCenterDelegate: THREAD_RESUMED: thread (33, main, main)
20:38:21.810 INFO: JdwpEventCenterDelegate: THREAD_RESUMED: thread (33, main, main)
20:38:21.823 INFO: JdwpEventCenterDelegate: THREAD_RESUMED: thread (33, main, main)
20:38:21.858 INFO: JdwpEventCenterDelegate: THREAD_RESUMED: thread (33, main, main)
20:38:21.860 INFO: JdwpEventCenterDelegate: THREAD_RESUMED: thread (33, main, main)
20:38:21.863 INFO: JdwpEventCenterDelegate: THREAD_RESUMED: thread (33, main, main)
20:38:21.865 INFO: JdwpEventCenterDelegate: THREAD_RESUMED: thread (33, main, main)
20:38:21.867 INFO: JdwpEventCenterDelegate: THREAD_RESUMED: thread (33, main, main)
20:38:21.872 INFO: JdwpEventCenterDelegate: THREAD_RESUMED: thread (33, main, main)
20:38:21.884 INFO: JdwpEventCenterDelegate: THREAD_RESUMED: thread (33, main, main)
20:38:21.886 INFO: JdwpEventCenterDelegate: THREAD_RESUMED: thread (33, main, main)
20:38:21.888 INFO: JdwpEventCenterDelegate: THREAD_RESUMED: thread (33, main, main)
20:38:21.890 INFO: JdwpEventCenterDelegate: THREAD_RESUMED: thread (33, main, main)
20:38:21.892 INFO: JdwpEventCenterDelegate: THREAD_RESUMED: thread (33, main, main)
20:38:21.897 INFO: JdwpEventCenterDelegate: THREAD_RESUMED: thread (33, main, main)
20:38:21.911 INFO: JdwpEventCenterDelegate: THREAD_RESUMED: thread (33, main, main)
20:38:21.913 INFO: JdwpEventCenterDelegate: THREAD_RESUMED: thread (33, main, main)
20:38:21.915 INFO: JdwpEventCenterDelegate: THREAD_RESUMED: thread (33, main, main)
20:38:21.917 INFO: JdwpEventCenterDelegate: THREAD_RESUMED: thread (33, main, main)
20:38:21.918 INFO: JdwpEventCenterDelegate: THREAD_RESUMED: thread (33, main, main)
20:38:21.923 INFO: JdwpEventCenterDelegate: THREAD_RESUMED: thread (33, main, main)
20:38:21.940 INFO: JdwpEventCenterDelegate: THREAD_RESUMED: thread (33, main, main)
20:38:21.942 INFO: JdwpEventCenterDelegate: THREAD_RESUMED: thread (33, main, main)
20:38:21.944 INFO: JdwpEventCenterDelegate: THREAD_RESUMED: thread (33, main, main)
20:38:21.946 INFO: JdwpEventCenterDelegate: THREAD_RESUMED: thread (33, main, main)
20:38:21.948 INFO: JdwpEventCenterDelegate: THREAD_RESUMED: thread (33, main, main)
20:38:21.952 INFO: JdwpEventCenterDelegate: THREAD_RESUMED: thread (33, main, main)
20:38:21.967 INFO: JdwpEventCenterDelegate: THREAD_RESUMED: thread (33, main, main)
20:38:21.969 INFO: JdwpEventCenterDelegate: THREAD_RESUMED: thread (33, main, main)
20:38:21.971 INFO: JdwpEventCenterDelegate: THREAD_RESUMED: thread (33, main, main)
20:38:21.973 INFO: JdwpEventCenterDelegate: THREAD_RESUMED: thread (33, main, main)
20:38:21.975 INFO: JdwpEventCenterDelegate: THREAD_RESUMED: thread (33, main, main)
20:38:21.979 INFO: JdwpEventCenterDelegate: THREAD_RESUMED: thread (33, main, main)
20:38:21.993 INFO: JdwpEventCenterDelegate: THREAD_RESUMED: thread (33, main, main)
20:38:21.995 INFO: JdwpEventCenterDelegate: THREAD_RESUMED: thread (33, main, main)
20:38:21.998 INFO: JdwpEventCenterDelegate: THREAD_RESUMED: thread (33, main, main)
20:38:22.000 INFO: JdwpEventCenterDelegate: THREAD_RESUMED: thread (33, main, main)
20:38:22.002 INFO: JdwpEventCenterDelegate: THREAD_RESUMED: thread (33, main, main)
20:38:22.007 INFO: JdwpEventCenterDelegate: THREAD_RESUMED: thread (33, main, main)
20:38:22.029 INFO: JdwpEventCenterDelegate: THREAD_RESUMED: thread (33, main, main)
20:38:22.031 INFO: JdwpEventCenterDelegate: THREAD_RESUMED: thread (33, main, main)
20:38:22.033 INFO: JdwpEventCenterDelegate: THREAD_RESUMED: thread (33, main, main)
20:38:22.035 INFO: JdwpEventCenterDelegate: THREAD_RESUMED: thread (33, main, main)
20:38:22.037 INFO: JdwpEventCenterDelegate: THREAD_RESUMED: thread (33, main, main)
20:38:22.041 INFO: JdwpEventCenterDelegate: THREAD_RESUMED: thread (33, main, main)
20:38:22.059 INFO: JdwpEventCenterDelegate: THREAD_RESUMED: thread (33, main, main)
20:38:22.062 INFO: JdwpEventCenterDelegate: THREAD_RESUMED: thread (33, main, main)
20:38:22.064 INFO: JdwpEventCenterDelegate: THREAD_RESUMED: thread (33, main, main)
20:38:22.066 INFO: JdwpEventCenterDelegate: THREAD_RESUMED: thread (33, main, main)
20:38:22.069 INFO: JdwpEventCenterDelegate: THREAD_RESUMED: thread (33, main, main)
20:38:22.074 INFO: JdwpEventCenterDelegate: THREAD_RESUMED: thread (33, main, main)
20:38:22.091 INFO: JdwpEventCenterDelegate: THREAD_RESUMED: thread (33, main, main)
20:38:22.093 INFO: JdwpEventCenterDelegate: THREAD_RESUMED: thread (33, main, main)
20:38:22.096 INFO: JdwpEventCenterDelegate: THREAD_RESUMED: thread (33, main, main)
20:38:22.098 INFO: JdwpEventCenterDelegate: THREAD_RESUMED: thread (33, main, main)
20:38:22.100 INFO: JdwpEventCenterDelegate: THREAD_RESUMED: thread (33, main, main)
20:38:22.105 INFO: JdwpEventCenterDelegate: THREAD_RESUMED: thread (33, main, main)
20:38:22.119 INFO: JdwpEventCenterDelegate: THREAD_RESUMED: thread (33, main, main)
20:38:22.121 INFO: JdwpEventCenterDelegate: THREAD_RESUMED: thread (33, main, main)
20:38:22.123 INFO: JdwpEventCenterDelegate: THREAD_RESUMED: thread (33, main, main)
20:38:22.126 INFO: JdwpEventCenterDelegate: THREAD_RESUMED: thread (33, main, main)
20:38:22.128 INFO: JdwpEventCenterDelegate: THREAD_RESUMED: thread (33, main, main)
20:38:22.132 INFO: JdwpEventCenterDelegate: THREAD_RESUMED: thread (33, main, main)
20:38:22.146 INFO: JdwpEventCenterDelegate: THREAD_RESUMED: thread (33, main, main)
20:38:22.148 INFO: JdwpEventCenterDelegate: THREAD_RESUMED: thread (33, main, main)
20:38:22.151 INFO: JdwpEventCenterDelegate: THREAD_RESUMED: thread (33, main, main)
20:38:22.153 INFO: JdwpEventCenterDelegate: THREAD_RESUMED: thread (33, main, main)
20:38:22.155 INFO: JdwpEventCenterDelegate: THREAD_RESUMED: thread (33, main, main)
20:38:22.160 INFO: JdwpEventCenterDelegate: THREAD_RESUMED: thread (33, main, main)
20:38:22.179 INFO: JdwpEventCenterDelegate: THREAD_RESUMED: thread (33, main, main)
20:38:22.181 INFO: JdwpEventCenterDelegate: THREAD_RESUMED: thread (33, main, main)
20:38:22.184 INFO: JdwpEventCenterDelegate: THREAD_RESUMED: thread (33, main, main)
20:38:22.186 INFO: JdwpEventCenterDelegate: THREAD_RESUMED: thread (33, main, main)
20:38:22.188 INFO: JdwpEventCenterDelegate: THREAD_RESUMED: thread (33, main, main)
20:38:22.193 INFO: JdwpEventCenterDelegate: THREAD_RESUMED: thread (33, main, main)
20:38:22.218 INFO: JdwpEventCenterDelegate: THREAD_RESUMED: thread (33, main, main)
20:38:22.220 INFO: JdwpEventCenterDelegate: THREAD_RESUMED: thread (33, main, main)
20:38:22.221 INFO: JdwpEventCenterDelegate: THREAD_RESUMED: thread (33, main, main)
20:38:22.223 INFO: JdwpEventCenterDelegate: THREAD_RESUMED: thread (33, main, main)
20:38:22.225 INFO: JdwpEventCenterDelegate: THREAD_RESUMED: thread (33, main, main)
20:38:22.229 INFO: JdwpEventCenterDelegate: THREAD_RESUMED: thread (33, main, main)
20:38:22.247 INFO: JdwpEventCenterDelegate: THREAD_RESUMED: thread (33, main, main)
20:38:22.249 INFO: JdwpEventCenterDelegate: THREAD_RESUMED: thread (33, main, main)
20:38:22.251 INFO: JdwpEventCenterDelegate: THREAD_RESUMED: thread (33, main, main)
20:38:22.253 INFO: JdwpEventCenterDelegate: THREAD_RESUMED: thread (33, main, main)
20:38:22.255 INFO: JdwpEventCenterDelegate: THREAD_RESUMED: thread (33, main, main)
20:38:22.260 INFO: JdwpEventCenterDelegate: THREAD_RESUMED: thread (33, main, main)
20:38:22.273 INFO: JdwpEventCenterDelegate: THREAD_RESUMED: thread (33, main, main)
20:38:22.275 INFO: JdwpEventCenterDelegate: THREAD_RESUMED: thread (33, main, main)
20:38:22.277 INFO: JdwpEventCenterDelegate: THREAD_RESUMED: thread (33, main, main)
20:38:22.279 INFO: JdwpEventCenterDelegate: THREAD_RESUMED: thread (33, main, main)
20:38:22.281 INFO: JdwpEventCenterDelegate: THREAD_RESUMED: thread (33, main, main)
20:38:25.639 INFO: JdwpEventCenterDelegate: THREAD_STARTED: thread (108, Timer, main)
20:38:26.515 INFO: JdwpEventCenterDelegate: THREAD_RESUMED: thread (33, main, main)
20:38:26.547 INFO: JdwpEventCenterDelegate: THREAD_RESUMED: thread (33, main, main)
20:38:26.570 INFO: JdwpEventCenterDelegate: THREAD_RESUMED: thread (33, main, main)
20:38:26.589 INFO: JdwpEventCenterDelegate: THREAD_RESUMED: thread (33, main, main)
20:38:26.630 INFO: JdwpEventCenterDelegate: THREAD_RESUMED: thread (33, main, main)
20:38:26.664 INFO: JdwpEventCenterDelegate: THREAD_RESUMED: thread (33, main, main)
20:38:26.681 INFO: JdwpEventCenterDelegate: THREAD_RESUMED: thread (33, main, main)
20:38:26.696 INFO: JdwpEventCenterDelegate: THREAD_RESUMED: thread (33, main, main)
20:38:26.703 INFO: JdwpEventCenterDelegate: THREAD_RESUMED: thread (33, main, main)
20:38:26.717 INFO: JdwpEventCenterDelegate: THREAD_RESUMED: thread (33, main, main)
20:38:26.749 INFO: JdwpEventCenterDelegate: THREAD_RESUMED: thread (33, main, main)
20:38:26.760 INFO: JdwpEventCenterDelegate: THREAD_RESUMED: thread (33, main, main)
20:38:26.773 INFO: JdwpEventCenterDelegate: THREAD_RESUMED: thread (33, main, main)
20:38:26.785 INFO: JdwpEventCenterDelegate: THREAD_RESUMED: thread (33, main, main)
20:38:26.820 INFO: JdwpEventCenterDelegate: THREAD_RESUMED: thread (33, main, main)
20:38:26.852 INFO: JdwpEventCenterDelegate: THREAD_RESUMED: thread (33, main, main)
20:38:26.869 INFO: JdwpEventCenterDelegate: THREAD_RESUMED: thread (33, main, main)
20:38:26.883 INFO: JdwpEventCenterDelegate: THREAD_RESUMED: thread (33, main, main)
20:38:26.889 INFO: JdwpEventCenterDelegate: THREAD_RESUMED: thread (33, main, main)
20:38:26.903 INFO: JdwpEventCenterDelegate: THREAD_RESUMED: thread (33, main, main)
20:38:27.729 INFO: JdwpEventCenterDelegate: THREAD_RESUMED: thread (33, main, main)
20:38:27.732 INFO: JdwpEventCenterDelegate: THREAD_RESUMED: thread (33, main, main)
20:38:27.736 INFO: JdwpEventCenterDelegate: THREAD_RESUMED: thread (33, main, main)
20:38:27.739 INFO: JdwpEventCenterDelegate: THREAD_RESUMED: thread (33, main, main)
20:38:27.741 INFO: JdwpEventCenterDelegate: THREAD_RESUMED: thread (33, main, main)
20:38:27.744 INFO: JdwpEventCenterDelegate: THREAD_RESUMED: thread (33, main, main)
20:38:27.746 INFO: JdwpEventCenterDelegate: THREAD_RESUMED: thread (33, main, main)
20:38:27.807 INFO: JdwpEventCenterDelegate: THREAD_STARTED: thread (123, Thread-7, main)
20:38:40.398 INFO: JdwpEventCenterDelegate: THREAD_RESUMED: thread (33, main, main)
20:38:40.400 INFO: JdwpEventCenterDelegate: THREAD_RESUMED: thread (33, main, main)
20:38:40.401 INFO: JdwpEventCenterDelegate: THREAD_RESUMED: thread (33, main, main)
20:38:40.402 INFO: JdwpEventCenterDelegate: THREAD_RESUMED: thread (33, main, main)
20:38:40.403 INFO: JdwpEventCenterDelegate: THREAD_RESUMED: thread (33, main, main)
20:38:40.403 INFO: JdwpEventCenterDelegate: THREAD_DETTACHED: thread (33, main, main)
20:38:40.415 SEVERE: Debugger: Thread HooksChannel socket thread crashed
org.robovm.debugger.DebuggerException: java.io.IOException: org.robovm.libimobiledevice.LibIMobileDeviceException: IDEVICE_E_UNKNOWN_ERROR
	at org.robovm.debugger.hooks.HooksChannel.doSocketWork(HooksChannel.java:149)
	at java.base/java.lang.Thread.run(Thread.java:834)
	at org.robovm.debugger.utils.DebuggerThread.run(DebuggerThread.java:42)
Caused by: java.io.IOException: org.robovm.libimobiledevice.LibIMobileDeviceException: IDEVICE_E_UNKNOWN_ERROR
	at org.robovm.libimobiledevice.IDeviceConnection$DeviceInputStream.read(IDeviceConnection.java:203)
	at org.robovm.debugger.utils.bytebuffer.DataBufferWriter.writeFromStream(DataBufferWriter.java:89)
	at org.robovm.debugger.hooks.HooksChannel.doSocketWork(HooksChannel.java:116)
	... 2 more
Caused by: org.robovm.libimobiledevice.LibIMobileDeviceException: IDEVICE_E_UNKNOWN_ERROR
	at org.robovm.libimobiledevice.IDevice.checkResult(IDevice.java:206)
	at org.robovm.libimobiledevice.IDeviceConnection.receive(IDeviceConnection.java:110)
	at org.robovm.libimobiledevice.IDeviceConnection.receive(IDeviceConnection.java:81)
	at org.robovm.libimobiledevice.IDeviceConnection$DeviceInputStream.read(IDeviceConnection.java:201)
	... 4 more
20:38:40.426 INFO: JdwpDebugServer: handling req: VirtualMachine(1).Exit(10)
20:38:40.426 SEVERE: Debugger: Thread JDWP server socket thread crashed
org.robovm.debugger.DebuggerException: Terminating due exit command
	at org.robovm.debugger.jdwp.JdwpDebugServer.doSocketWork(JdwpDebugServer.java:211)
	at java.base/java.lang.Thread.run(Thread.java:834)
	at org.robovm.debugger.utils.DebuggerThread.run(DebuggerThread.java:42)
