20:01:29.879 INFO: JdwpDebugServer: handling req: VirtualMachine(1).IDSizes(7)
20:01:29.879 INFO: JdwpDebugServer: handling req: EventRequest(15).Set(1)
20:01:29.879 INFO: JdwpEventCenterDelegate: jdwpSetEventRequest: JdwpEventRequest{requestId=100, eventKind=CLASS_PREPARE, suspendPolicy=NONE, predicates=[]}
20:01:29.880 INFO: JdwpDebugServer: handling req: EventRequest(15).Set(1)
20:01:29.880 INFO: JdwpEventCenterDelegate: jdwpSetEventRequest: JdwpEventRequest{requestId=101, eventKind=CLASS_UNLOAD, suspendPolicy=NONE, predicates=[]}
20:01:29.905 INFO: JdwpDebugServer: handling req: VirtualMachine(1).Version(1)
20:01:29.905 INFO: JdwpDebugServer: handling req: VirtualMachine(1).capabilitiesNew(17)
20:01:29.905 INFO: JdwpDebugServer: handling req: VirtualMachine(1).capabilities(12)
20:01:29.906 INFO: JdwpDebugServer: handling req: VirtualMachine(1).AllClassesWithGeneric(20)
20:01:29.909 INFO: JdwpDebugServer: handling req: VirtualMachine(1).TopLevelThreadGroups(5)
20:01:29.910 INFO: JdwpDebugServer: handling req: EventRequest(15).Set(1)
20:01:29.910 INFO: JdwpEventCenterDelegate: jdwpSetEventRequest: JdwpEventRequest{requestId=102, eventKind=THREAD_START, suspendPolicy=NONE, predicates=[]}
20:01:29.910 INFO: JdwpDebugServer: handling req: EventRequest(15).Set(1)
20:01:29.910 INFO: JdwpEventCenterDelegate: jdwpSetEventRequest: JdwpEventRequest{requestId=103, eventKind=THREAD_DEATH, suspendPolicy=NONE, predicates=[]}
20:01:29.912 INFO: JdwpDebugServer: handling req: EventRequest(15).Set(1)
20:01:29.912 INFO: JdwpEventCenterDelegate: jdwpSetEventRequest: JdwpEventRequest{requestId=104, eventKind=CLASS_PREPARE, suspendPolicy=EVENT_THREAD, predicates=[className=sun.instrument.InstrumentationImpl]}
20:01:29.912 INFO: JdwpDebugServer: handling req: EventRequest(15).Set(1)
20:01:29.912 INFO: JdwpEventCenterDelegate: jdwpSetEventRequest: JdwpEventRequest{requestId=105, eventKind=CLASS_PREPARE, suspendPolicy=EVENT_THREAD, predicates=[className=sun.instrument.InstrumentationImpl]}
20:01:30.500 INFO: JdwpDebugServer: handling req: VirtualMachine(1).Resume(9)
20:01:30.551 INFO: JdwpEventCenterDelegate: THREAD_STARTED: thread (33, main, main)
20:01:30.575 INFO: JdwpEventCenterDelegate: THREAD_STARTED: thread (48, ReferenceQueueDaemon, main)
20:01:30.581 INFO: JdwpEventCenterDelegate: THREAD_STARTED: thread (63, FinalizerDaemon, main)
20:01:30.587 INFO: JdwpEventCenterDelegate: THREAD_STARTED: thread (78, FinalizerWatchdogDaemon, main)
20:01:30.589 INFO: JdwpEventCenterDelegate: THREAD_RESUMED: thread (33, main, main)
20:01:30.591 INFO: JdwpEventCenterDelegate: THREAD_RESUMED: thread (33, main, main)
20:01:30.592 INFO: JdwpEventCenterDelegate: THREAD_RESUMED: thread (33, main, main)
20:01:30.593 INFO: JdwpEventCenterDelegate: THREAD_RESUMED: thread (33, main, main)
20:01:30.594 INFO: JdwpEventCenterDelegate: THREAD_RESUMED: thread (33, main, main)
20:01:30.596 INFO: JdwpEventCenterDelegate: THREAD_RESUMED: thread (33, main, main)
20:01:30.597 INFO: JdwpEventCenterDelegate: THREAD_RESUMED: thread (33, main, main)
20:01:30.598 INFO: JdwpEventCenterDelegate: THREAD_RESUMED: thread (33, main, main)
20:01:30.600 INFO: JdwpEventCenterDelegate: THREAD_RESUMED: thread (33, main, main)
20:01:30.601 INFO: JdwpEventCenterDelegate: THREAD_RESUMED: thread (33, main, main)
20:01:30.602 INFO: JdwpEventCenterDelegate: THREAD_RESUMED: thread (33, main, main)
20:01:30.603 INFO: JdwpEventCenterDelegate: THREAD_RESUMED: thread (33, main, main)
20:01:30.605 INFO: JdwpEventCenterDelegate: THREAD_RESUMED: thread (33, main, main)
20:01:30.606 INFO: JdwpEventCenterDelegate: THREAD_RESUMED: thread (33, main, main)
20:01:30.607 INFO: JdwpEventCenterDelegate: THREAD_RESUMED: thread (33, main, main)
20:01:30.608 INFO: JdwpEventCenterDelegate: THREAD_RESUMED: thread (33, main, main)
20:01:30.609 INFO: JdwpEventCenterDelegate: THREAD_RESUMED: thread (33, main, main)
20:01:30.610 INFO: JdwpEventCenterDelegate: THREAD_RESUMED: thread (33, main, main)
20:01:30.614 INFO: JdwpEventCenterDelegate: THREAD_RESUMED: thread (33, main, main)
20:01:30.615 INFO: JdwpEventCenterDelegate: THREAD_RESUMED: thread (33, main, main)
20:01:30.616 INFO: JdwpEventCenterDelegate: THREAD_RESUMED: thread (33, main, main)
20:01:30.618 INFO: JdwpEventCenterDelegate: THREAD_RESUMED: thread (33, main, main)
20:01:30.620 INFO: JdwpEventCenterDelegate: THREAD_RESUMED: thread (33, main, main)
20:01:30.621 INFO: JdwpEventCenterDelegate: THREAD_RESUMED: thread (33, main, main)
20:01:30.623 INFO: JdwpEventCenterDelegate: THREAD_RESUMED: thread (33, main, main)
20:01:30.655 INFO: JdwpEventCenterDelegate: THREAD_RESUMED: thread (33, main, main)
20:01:30.656 INFO: JdwpEventCenterDelegate: THREAD_RESUMED: thread (33, main, main)
20:01:30.658 INFO: JdwpEventCenterDelegate: THREAD_RESUMED: thread (33, main, main)
20:01:30.659 INFO: JdwpEventCenterDelegate: THREAD_RESUMED: thread (33, main, main)
20:01:30.660 INFO: JdwpEventCenterDelegate: THREAD_RESUMED: thread (33, main, main)
20:01:30.662 INFO: JdwpEventCenterDelegate: THREAD_RESUMED: thread (33, main, main)
20:01:30.663 INFO: JdwpEventCenterDelegate: THREAD_RESUMED: thread (33, main, main)
20:01:30.666 INFO: JdwpEventCenterDelegate: THREAD_RESUMED: thread (33, main, main)
20:01:30.667 INFO: JdwpEventCenterDelegate: THREAD_RESUMED: thread (33, main, main)
20:01:30.668 INFO: JdwpEventCenterDelegate: THREAD_RESUMED: thread (33, main, main)
20:01:30.670 INFO: JdwpEventCenterDelegate: THREAD_RESUMED: thread (33, main, main)
20:01:30.671 INFO: JdwpEventCenterDelegate: THREAD_RESUMED: thread (33, main, main)
20:01:30.672 INFO: JdwpEventCenterDelegate: THREAD_RESUMED: thread (33, main, main)
20:01:30.673 INFO: JdwpEventCenterDelegate: THREAD_RESUMED: thread (33, main, main)
20:01:30.689 INFO: JdwpEventCenterDelegate: THREAD_RESUMED: thread (33, main, main)
20:01:30.691 INFO: JdwpEventCenterDelegate: THREAD_RESUMED: thread (33, main, main)
20:01:30.692 INFO: JdwpEventCenterDelegate: THREAD_RESUMED: thread (33, main, main)
20:01:30.693 INFO: JdwpEventCenterDelegate: THREAD_RESUMED: thread (33, main, main)
20:01:30.694 INFO: JdwpEventCenterDelegate: THREAD_RESUMED: thread (33, main, main)
20:01:30.695 INFO: JdwpEventCenterDelegate: THREAD_RESUMED: thread (33, main, main)
20:01:30.697 INFO: JdwpEventCenterDelegate: THREAD_RESUMED: thread (33, main, main)
20:01:30.735 INFO: JdwpEventCenterDelegate: THREAD_RESUMED: thread (33, main, main)
20:01:30.737 INFO: JdwpEventCenterDelegate: THREAD_RESUMED: thread (33, main, main)
20:01:30.738 INFO: JdwpEventCenterDelegate: THREAD_RESUMED: thread (33, main, main)
20:01:30.740 INFO: JdwpEventCenterDelegate: THREAD_RESUMED: thread (33, main, main)
20:01:30.741 INFO: JdwpEventCenterDelegate: THREAD_RESUMED: thread (33, main, main)
20:01:30.742 INFO: JdwpEventCenterDelegate: THREAD_RESUMED: thread (33, main, main)
20:01:30.743 INFO: JdwpEventCenterDelegate: THREAD_RESUMED: thread (33, main, main)
20:01:30.754 INFO: JdwpEventCenterDelegate: THREAD_RESUMED: thread (33, main, main)
20:01:30.755 INFO: JdwpEventCenterDelegate: THREAD_RESUMED: thread (33, main, main)
20:01:30.757 INFO: JdwpEventCenterDelegate: THREAD_RESUMED: thread (33, main, main)
20:01:30.758 INFO: JdwpEventCenterDelegate: THREAD_RESUMED: thread (33, main, main)
20:01:30.759 INFO: JdwpEventCenterDelegate: THREAD_RESUMED: thread (33, main, main)
20:01:30.760 INFO: JdwpEventCenterDelegate: THREAD_RESUMED: thread (33, main, main)
20:01:30.762 INFO: JdwpEventCenterDelegate: THREAD_RESUMED: thread (33, main, main)
20:01:30.771 INFO: JdwpEventCenterDelegate: THREAD_RESUMED: thread (33, main, main)
20:01:30.772 INFO: JdwpEventCenterDelegate: THREAD_RESUMED: thread (33, main, main)
20:01:30.774 INFO: JdwpEventCenterDelegate: THREAD_RESUMED: thread (33, main, main)
20:01:30.775 INFO: JdwpEventCenterDelegate: THREAD_RESUMED: thread (33, main, main)
20:01:30.776 INFO: JdwpEventCenterDelegate: THREAD_RESUMED: thread (33, main, main)
20:01:30.778 INFO: JdwpEventCenterDelegate: THREAD_RESUMED: thread (33, main, main)
20:01:30.779 INFO: JdwpEventCenterDelegate: THREAD_RESUMED: thread (33, main, main)
20:01:30.781 INFO: JdwpEventCenterDelegate: THREAD_RESUMED: thread (33, main, main)
20:01:30.782 INFO: JdwpEventCenterDelegate: THREAD_RESUMED: thread (33, main, main)
20:01:30.784 INFO: JdwpEventCenterDelegate: THREAD_RESUMED: thread (33, main, main)
20:01:30.785 INFO: JdwpEventCenterDelegate: THREAD_RESUMED: thread (33, main, main)
20:01:30.787 INFO: JdwpEventCenterDelegate: THREAD_RESUMED: thread (33, main, main)
20:01:30.788 INFO: JdwpEventCenterDelegate: THREAD_RESUMED: thread (33, main, main)
20:01:30.789 INFO: JdwpEventCenterDelegate: THREAD_RESUMED: thread (33, main, main)
20:01:30.791 INFO: JdwpEventCenterDelegate: THREAD_RESUMED: thread (33, main, main)
20:01:30.792 INFO: JdwpEventCenterDelegate: THREAD_RESUMED: thread (33, main, main)
20:01:30.794 INFO: JdwpEventCenterDelegate: THREAD_RESUMED: thread (33, main, main)
20:01:30.795 INFO: JdwpEventCenterDelegate: THREAD_RESUMED: thread (33, main, main)
20:01:30.800 INFO: JdwpEventCenterDelegate: THREAD_RESUMED: thread (33, main, main)
20:01:30.801 INFO: JdwpEventCenterDelegate: THREAD_RESUMED: thread (33, main, main)
20:01:30.934 INFO: JdwpEventCenterDelegate: THREAD_STARTED: thread (93, AssetManager, main)
20:01:31.040 INFO: JdwpEventCenterDelegate: THREAD_RESUMED: thread (33, main, main)
20:01:31.042 INFO: JdwpEventCenterDelegate: THREAD_RESUMED: thread (33, main, main)
20:01:33.606 INFO: JdwpEventCenterDelegate: THREAD_RESUMED: thread (33, main, main)
20:01:33.705 INFO: JdwpEventCenterDelegate: THREAD_RESUMED: thread (33, main, main)
20:01:33.707 INFO: JdwpEventCenterDelegate: THREAD_RESUMED: thread (33, main, main)
20:01:33.709 INFO: JdwpEventCenterDelegate: THREAD_RESUMED: thread (33, main, main)
20:01:33.711 INFO: JdwpEventCenterDelegate: THREAD_RESUMED: thread (33, main, main)
20:01:33.712 INFO: JdwpEventCenterDelegate: THREAD_RESUMED: thread (33, main, main)
20:01:33.718 INFO: JdwpEventCenterDelegate: THREAD_RESUMED: thread (33, main, main)
20:01:33.730 INFO: JdwpEventCenterDelegate: THREAD_RESUMED: thread (33, main, main)
20:01:33.732 INFO: JdwpEventCenterDelegate: THREAD_RESUMED: thread (33, main, main)
20:01:33.733 INFO: JdwpEventCenterDelegate: THREAD_RESUMED: thread (33, main, main)
20:01:33.736 INFO: JdwpEventCenterDelegate: THREAD_RESUMED: thread (33, main, main)
20:01:33.737 INFO: JdwpEventCenterDelegate: THREAD_RESUMED: thread (33, main, main)
20:01:33.742 INFO: JdwpEventCenterDelegate: THREAD_RESUMED: thread (33, main, main)
20:01:33.757 INFO: JdwpEventCenterDelegate: THREAD_RESUMED: thread (33, main, main)
20:01:33.759 INFO: JdwpEventCenterDelegate: THREAD_RESUMED: thread (33, main, main)
20:01:33.761 INFO: JdwpEventCenterDelegate: THREAD_RESUMED: thread (33, main, main)
20:01:33.763 INFO: JdwpEventCenterDelegate: THREAD_RESUMED: thread (33, main, main)
20:01:33.765 INFO: JdwpEventCenterDelegate: THREAD_RESUMED: thread (33, main, main)
20:01:33.771 INFO: JdwpEventCenterDelegate: THREAD_RESUMED: thread (33, main, main)
20:01:33.789 INFO: JdwpEventCenterDelegate: THREAD_RESUMED: thread (33, main, main)
20:01:33.791 INFO: JdwpEventCenterDelegate: THREAD_RESUMED: thread (33, main, main)
20:01:33.794 INFO: JdwpEventCenterDelegate: THREAD_RESUMED: thread (33, main, main)
20:01:33.796 INFO: JdwpEventCenterDelegate: THREAD_RESUMED: thread (33, main, main)
20:01:33.798 INFO: JdwpEventCenterDelegate: THREAD_RESUMED: thread (33, main, main)
20:01:33.803 INFO: JdwpEventCenterDelegate: THREAD_RESUMED: thread (33, main, main)
20:01:33.818 INFO: JdwpEventCenterDelegate: THREAD_RESUMED: thread (33, main, main)
20:01:33.821 INFO: JdwpEventCenterDelegate: THREAD_RESUMED: thread (33, main, main)
20:01:33.823 INFO: JdwpEventCenterDelegate: THREAD_RESUMED: thread (33, main, main)
20:01:33.825 INFO: JdwpEventCenterDelegate: THREAD_RESUMED: thread (33, main, main)
20:01:33.827 INFO: JdwpEventCenterDelegate: THREAD_RESUMED: thread (33, main, main)
20:01:33.832 INFO: JdwpEventCenterDelegate: THREAD_RESUMED: thread (33, main, main)
20:01:33.848 INFO: JdwpEventCenterDelegate: THREAD_RESUMED: thread (33, main, main)
20:01:33.850 INFO: JdwpEventCenterDelegate: THREAD_RESUMED: thread (33, main, main)
20:01:33.852 INFO: JdwpEventCenterDelegate: THREAD_RESUMED: thread (33, main, main)
20:01:33.854 INFO: JdwpEventCenterDelegate: THREAD_RESUMED: thread (33, main, main)
20:01:33.856 INFO: JdwpEventCenterDelegate: THREAD_RESUMED: thread (33, main, main)
20:01:33.861 INFO: JdwpEventCenterDelegate: THREAD_RESUMED: thread (33, main, main)
20:01:33.883 INFO: JdwpEventCenterDelegate: THREAD_RESUMED: thread (33, main, main)
20:01:33.886 INFO: JdwpEventCenterDelegate: THREAD_RESUMED: thread (33, main, main)
20:01:33.888 INFO: JdwpEventCenterDelegate: THREAD_RESUMED: thread (33, main, main)
20:01:33.890 INFO: JdwpEventCenterDelegate: THREAD_RESUMED: thread (33, main, main)
20:01:33.892 INFO: JdwpEventCenterDelegate: THREAD_RESUMED: thread (33, main, main)
20:01:33.897 INFO: JdwpEventCenterDelegate: THREAD_RESUMED: thread (33, main, main)
20:01:33.916 INFO: JdwpEventCenterDelegate: THREAD_RESUMED: thread (33, main, main)
20:01:33.919 INFO: JdwpEventCenterDelegate: THREAD_RESUMED: thread (33, main, main)
20:01:33.921 INFO: JdwpEventCenterDelegate: THREAD_RESUMED: thread (33, main, main)
20:01:33.922 INFO: JdwpEventCenterDelegate: THREAD_RESUMED: thread (33, main, main)
20:01:33.924 INFO: JdwpEventCenterDelegate: THREAD_RESUMED: thread (33, main, main)
20:01:33.928 INFO: JdwpEventCenterDelegate: THREAD_RESUMED: thread (33, main, main)
20:01:33.947 INFO: JdwpEventCenterDelegate: THREAD_RESUMED: thread (33, main, main)
20:01:33.949 INFO: JdwpEventCenterDelegate: THREAD_RESUMED: thread (33, main, main)
20:01:33.952 INFO: JdwpEventCenterDelegate: THREAD_RESUMED: thread (33, main, main)
20:01:33.954 INFO: JdwpEventCenterDelegate: THREAD_RESUMED: thread (33, main, main)
20:01:33.956 INFO: JdwpEventCenterDelegate: THREAD_RESUMED: thread (33, main, main)
20:01:33.961 INFO: JdwpEventCenterDelegate: THREAD_RESUMED: thread (33, main, main)
20:01:33.976 INFO: JdwpEventCenterDelegate: THREAD_RESUMED: thread (33, main, main)
20:01:33.979 INFO: JdwpEventCenterDelegate: THREAD_RESUMED: thread (33, main, main)
20:01:33.981 INFO: JdwpEventCenterDelegate: THREAD_RESUMED: thread (33, main, main)
20:01:33.983 INFO: JdwpEventCenterDelegate: THREAD_RESUMED: thread (33, main, main)
20:01:33.985 INFO: JdwpEventCenterDelegate: THREAD_RESUMED: thread (33, main, main)
20:01:33.990 INFO: JdwpEventCenterDelegate: THREAD_RESUMED: thread (33, main, main)
20:01:34.004 INFO: JdwpEventCenterDelegate: THREAD_RESUMED: thread (33, main, main)
20:01:34.007 INFO: JdwpEventCenterDelegate: THREAD_RESUMED: thread (33, main, main)
20:01:34.009 INFO: JdwpEventCenterDelegate: THREAD_RESUMED: thread (33, main, main)
20:01:34.011 INFO: JdwpEventCenterDelegate: THREAD_RESUMED: thread (33, main, main)
20:01:34.013 INFO: JdwpEventCenterDelegate: THREAD_RESUMED: thread (33, main, main)
20:01:34.018 INFO: JdwpEventCenterDelegate: THREAD_RESUMED: thread (33, main, main)
20:01:34.041 INFO: JdwpEventCenterDelegate: THREAD_RESUMED: thread (33, main, main)
20:01:34.042 INFO: JdwpEventCenterDelegate: THREAD_RESUMED: thread (33, main, main)
20:01:34.044 INFO: JdwpEventCenterDelegate: THREAD_RESUMED: thread (33, main, main)
20:01:34.046 INFO: JdwpEventCenterDelegate: THREAD_RESUMED: thread (33, main, main)
20:01:34.048 INFO: JdwpEventCenterDelegate: THREAD_RESUMED: thread (33, main, main)
20:01:34.053 INFO: JdwpEventCenterDelegate: THREAD_RESUMED: thread (33, main, main)
20:01:34.075 INFO: JdwpEventCenterDelegate: THREAD_RESUMED: thread (33, main, main)
20:01:34.076 INFO: JdwpEventCenterDelegate: THREAD_RESUMED: thread (33, main, main)
20:01:34.078 INFO: JdwpEventCenterDelegate: THREAD_RESUMED: thread (33, main, main)
20:01:34.080 INFO: JdwpEventCenterDelegate: THREAD_RESUMED: thread (33, main, main)
20:01:34.081 INFO: JdwpEventCenterDelegate: THREAD_RESUMED: thread (33, main, main)
20:01:34.086 INFO: JdwpEventCenterDelegate: THREAD_RESUMED: thread (33, main, main)
20:01:34.105 INFO: JdwpEventCenterDelegate: THREAD_RESUMED: thread (33, main, main)
20:01:34.107 INFO: JdwpEventCenterDelegate: THREAD_RESUMED: thread (33, main, main)
20:01:34.109 INFO: JdwpEventCenterDelegate: THREAD_RESUMED: thread (33, main, main)
20:01:34.111 INFO: JdwpEventCenterDelegate: THREAD_RESUMED: thread (33, main, main)
20:01:34.113 INFO: JdwpEventCenterDelegate: THREAD_RESUMED: thread (33, main, main)
20:01:34.118 INFO: JdwpEventCenterDelegate: THREAD_RESUMED: thread (33, main, main)
20:01:34.131 INFO: JdwpEventCenterDelegate: THREAD_RESUMED: thread (33, main, main)
20:01:34.133 INFO: JdwpEventCenterDelegate: THREAD_RESUMED: thread (33, main, main)
20:01:34.135 INFO: JdwpEventCenterDelegate: THREAD_RESUMED: thread (33, main, main)
20:01:34.138 INFO: JdwpEventCenterDelegate: THREAD_RESUMED: thread (33, main, main)
20:01:34.140 INFO: JdwpEventCenterDelegate: THREAD_RESUMED: thread (33, main, main)
20:01:34.145 INFO: JdwpEventCenterDelegate: THREAD_RESUMED: thread (33, main, main)
20:01:34.147 INFO: JdwpEventCenterDelegate: THREAD_RESUMED: thread (33, main, main)
20:01:34.149 INFO: JdwpEventCenterDelegate: THREAD_RESUMED: thread (33, main, main)
20:01:34.151 INFO: JdwpEventCenterDelegate: THREAD_RESUMED: thread (33, main, main)
20:01:34.153 INFO: JdwpEventCenterDelegate: THREAD_RESUMED: thread (33, main, main)
20:01:34.156 INFO: JdwpEventCenterDelegate: THREAD_RESUMED: thread (33, main, main)
20:01:34.158 INFO: JdwpEventCenterDelegate: THREAD_RESUMED: thread (33, main, main)
20:01:34.162 INFO: JdwpEventCenterDelegate: THREAD_RESUMED: thread (33, main, main)
20:01:34.165 INFO: JdwpEventCenterDelegate: THREAD_RESUMED: thread (33, main, main)
20:01:34.167 INFO: JdwpEventCenterDelegate: THREAD_RESUMED: thread (33, main, main)
20:01:34.169 INFO: JdwpEventCenterDelegate: THREAD_RESUMED: thread (33, main, main)
20:01:34.180 INFO: JdwpEventCenterDelegate: THREAD_RESUMED: thread (33, main, main)
20:01:34.182 INFO: JdwpEventCenterDelegate: THREAD_RESUMED: thread (33, main, main)
20:01:34.183 INFO: JdwpEventCenterDelegate: THREAD_RESUMED: thread (33, main, main)
20:01:34.185 INFO: JdwpEventCenterDelegate: THREAD_RESUMED: thread (33, main, main)
20:01:34.187 INFO: JdwpEventCenterDelegate: THREAD_RESUMED: thread (33, main, main)
20:01:34.192 INFO: JdwpEventCenterDelegate: THREAD_RESUMED: thread (33, main, main)
20:01:34.205 INFO: JdwpEventCenterDelegate: THREAD_RESUMED: thread (33, main, main)
20:01:34.218 INFO: JdwpEventCenterDelegate: THREAD_RESUMED: thread (33, main, main)
20:01:34.229 INFO: JdwpEventCenterDelegate: THREAD_RESUMED: thread (33, main, main)
20:01:34.242 INFO: JdwpEventCenterDelegate: THREAD_RESUMED: thread (33, main, main)
20:01:34.272 INFO: JdwpEventCenterDelegate: THREAD_RESUMED: thread (33, main, main)
20:01:34.274 INFO: JdwpEventCenterDelegate: THREAD_RESUMED: thread (33, main, main)
20:01:34.277 INFO: JdwpEventCenterDelegate: THREAD_RESUMED: thread (33, main, main)
20:01:34.279 INFO: JdwpEventCenterDelegate: THREAD_RESUMED: thread (33, main, main)
20:01:34.281 INFO: JdwpEventCenterDelegate: THREAD_RESUMED: thread (33, main, main)
20:01:34.286 INFO: JdwpEventCenterDelegate: THREAD_RESUMED: thread (33, main, main)
20:01:34.297 INFO: JdwpEventCenterDelegate: THREAD_RESUMED: thread (33, main, main)
20:01:34.299 INFO: JdwpEventCenterDelegate: THREAD_RESUMED: thread (33, main, main)
20:01:34.302 INFO: JdwpEventCenterDelegate: THREAD_RESUMED: thread (33, main, main)
20:01:34.304 INFO: JdwpEventCenterDelegate: THREAD_RESUMED: thread (33, main, main)
20:01:34.306 INFO: JdwpEventCenterDelegate: THREAD_RESUMED: thread (33, main, main)
20:01:34.311 INFO: JdwpEventCenterDelegate: THREAD_RESUMED: thread (33, main, main)
20:01:34.328 INFO: JdwpEventCenterDelegate: THREAD_RESUMED: thread (33, main, main)
20:01:34.330 INFO: JdwpEventCenterDelegate: THREAD_RESUMED: thread (33, main, main)
20:01:34.332 INFO: JdwpEventCenterDelegate: THREAD_RESUMED: thread (33, main, main)
20:01:34.334 INFO: JdwpEventCenterDelegate: THREAD_RESUMED: thread (33, main, main)
20:01:34.336 INFO: JdwpEventCenterDelegate: THREAD_RESUMED: thread (33, main, main)
20:01:34.341 INFO: JdwpEventCenterDelegate: THREAD_RESUMED: thread (33, main, main)
20:01:34.358 INFO: JdwpEventCenterDelegate: THREAD_RESUMED: thread (33, main, main)
20:01:34.361 INFO: JdwpEventCenterDelegate: THREAD_RESUMED: thread (33, main, main)
20:01:34.363 INFO: JdwpEventCenterDelegate: THREAD_RESUMED: thread (33, main, main)
20:01:34.365 INFO: JdwpEventCenterDelegate: THREAD_RESUMED: thread (33, main, main)
20:01:34.367 INFO: JdwpEventCenterDelegate: THREAD_RESUMED: thread (33, main, main)
20:01:34.372 INFO: JdwpEventCenterDelegate: THREAD_RESUMED: thread (33, main, main)
20:01:34.387 INFO: JdwpEventCenterDelegate: THREAD_RESUMED: thread (33, main, main)
20:01:34.389 INFO: JdwpEventCenterDelegate: THREAD_RESUMED: thread (33, main, main)
20:01:34.391 INFO: JdwpEventCenterDelegate: THREAD_RESUMED: thread (33, main, main)
20:01:34.392 INFO: JdwpEventCenterDelegate: THREAD_RESUMED: thread (33, main, main)
20:01:34.394 INFO: JdwpEventCenterDelegate: THREAD_RESUMED: thread (33, main, main)
20:01:34.399 INFO: JdwpEventCenterDelegate: THREAD_RESUMED: thread (33, main, main)
20:01:34.414 INFO: JdwpEventCenterDelegate: THREAD_RESUMED: thread (33, main, main)
20:01:34.416 INFO: JdwpEventCenterDelegate: THREAD_RESUMED: thread (33, main, main)
20:01:34.418 INFO: JdwpEventCenterDelegate: THREAD_RESUMED: thread (33, main, main)
20:01:34.420 INFO: JdwpEventCenterDelegate: THREAD_RESUMED: thread (33, main, main)
20:01:34.422 INFO: JdwpEventCenterDelegate: THREAD_RESUMED: thread (33, main, main)
20:01:34.427 INFO: JdwpEventCenterDelegate: THREAD_RESUMED: thread (33, main, main)
20:01:34.444 INFO: JdwpEventCenterDelegate: THREAD_RESUMED: thread (33, main, main)
20:01:34.446 INFO: JdwpEventCenterDelegate: THREAD_RESUMED: thread (33, main, main)
20:01:34.448 INFO: JdwpEventCenterDelegate: THREAD_RESUMED: thread (33, main, main)
20:01:34.450 INFO: JdwpEventCenterDelegate: THREAD_RESUMED: thread (33, main, main)
20:01:34.452 INFO: JdwpEventCenterDelegate: THREAD_RESUMED: thread (33, main, main)
20:01:34.457 INFO: JdwpEventCenterDelegate: THREAD_RESUMED: thread (33, main, main)
20:01:34.474 INFO: JdwpEventCenterDelegate: THREAD_RESUMED: thread (33, main, main)
20:01:34.476 INFO: JdwpEventCenterDelegate: THREAD_RESUMED: thread (33, main, main)
20:01:34.478 INFO: JdwpEventCenterDelegate: THREAD_RESUMED: thread (33, main, main)
20:01:34.479 INFO: JdwpEventCenterDelegate: THREAD_RESUMED: thread (33, main, main)
20:01:34.481 INFO: JdwpEventCenterDelegate: THREAD_RESUMED: thread (33, main, main)
20:01:34.485 INFO: JdwpEventCenterDelegate: THREAD_RESUMED: thread (33, main, main)
20:01:34.503 INFO: JdwpEventCenterDelegate: THREAD_RESUMED: thread (33, main, main)
20:01:34.505 INFO: JdwpEventCenterDelegate: THREAD_RESUMED: thread (33, main, main)
20:01:34.507 INFO: JdwpEventCenterDelegate: THREAD_RESUMED: thread (33, main, main)
20:01:34.509 INFO: JdwpEventCenterDelegate: THREAD_RESUMED: thread (33, main, main)
20:01:34.512 INFO: JdwpEventCenterDelegate: THREAD_RESUMED: thread (33, main, main)
20:01:34.516 INFO: JdwpEventCenterDelegate: THREAD_RESUMED: thread (33, main, main)
20:01:34.534 INFO: JdwpEventCenterDelegate: THREAD_RESUMED: thread (33, main, main)
20:01:34.537 INFO: JdwpEventCenterDelegate: THREAD_RESUMED: thread (33, main, main)
20:01:34.539 INFO: JdwpEventCenterDelegate: THREAD_RESUMED: thread (33, main, main)
20:01:34.541 INFO: JdwpEventCenterDelegate: THREAD_RESUMED: thread (33, main, main)
20:01:34.543 INFO: JdwpEventCenterDelegate: THREAD_RESUMED: thread (33, main, main)
20:01:34.548 INFO: JdwpEventCenterDelegate: THREAD_RESUMED: thread (33, main, main)
20:01:34.562 INFO: JdwpEventCenterDelegate: THREAD_RESUMED: thread (33, main, main)
20:01:34.565 INFO: JdwpEventCenterDelegate: THREAD_RESUMED: thread (33, main, main)
20:01:34.567 INFO: JdwpEventCenterDelegate: THREAD_RESUMED: thread (33, main, main)
20:01:34.569 INFO: JdwpEventCenterDelegate: THREAD_RESUMED: thread (33, main, main)
20:01:34.572 INFO: JdwpEventCenterDelegate: THREAD_RESUMED: thread (33, main, main)
20:01:34.577 INFO: JdwpEventCenterDelegate: THREAD_RESUMED: thread (33, main, main)
20:01:34.595 INFO: JdwpEventCenterDelegate: THREAD_RESUMED: thread (33, main, main)
20:01:34.598 INFO: JdwpEventCenterDelegate: THREAD_RESUMED: thread (33, main, main)
20:01:34.600 INFO: JdwpEventCenterDelegate: THREAD_RESUMED: thread (33, main, main)
20:01:34.602 INFO: JdwpEventCenterDelegate: THREAD_RESUMED: thread (33, main, main)
20:01:34.604 INFO: JdwpEventCenterDelegate: THREAD_RESUMED: thread (33, main, main)
20:01:34.609 INFO: JdwpEventCenterDelegate: THREAD_RESUMED: thread (33, main, main)
20:01:34.630 INFO: JdwpEventCenterDelegate: THREAD_RESUMED: thread (33, main, main)
20:01:34.632 INFO: JdwpEventCenterDelegate: THREAD_RESUMED: thread (33, main, main)
20:01:34.634 INFO: JdwpEventCenterDelegate: THREAD_RESUMED: thread (33, main, main)
20:01:34.636 INFO: JdwpEventCenterDelegate: THREAD_RESUMED: thread (33, main, main)
20:01:34.638 INFO: JdwpEventCenterDelegate: THREAD_RESUMED: thread (33, main, main)
20:01:34.643 INFO: JdwpEventCenterDelegate: THREAD_RESUMED: thread (33, main, main)
20:01:34.660 INFO: JdwpEventCenterDelegate: THREAD_RESUMED: thread (33, main, main)
20:01:34.663 INFO: JdwpEventCenterDelegate: THREAD_RESUMED: thread (33, main, main)
20:01:34.665 INFO: JdwpEventCenterDelegate: THREAD_RESUMED: thread (33, main, main)
20:01:34.667 INFO: JdwpEventCenterDelegate: THREAD_RESUMED: thread (33, main, main)
20:01:34.669 INFO: JdwpEventCenterDelegate: THREAD_RESUMED: thread (33, main, main)
20:01:34.674 INFO: JdwpEventCenterDelegate: THREAD_RESUMED: thread (33, main, main)
20:01:34.686 INFO: JdwpEventCenterDelegate: THREAD_RESUMED: thread (33, main, main)
20:01:34.689 INFO: JdwpEventCenterDelegate: THREAD_RESUMED: thread (33, main, main)
20:01:34.691 INFO: JdwpEventCenterDelegate: THREAD_RESUMED: thread (33, main, main)
20:01:34.693 INFO: JdwpEventCenterDelegate: THREAD_RESUMED: thread (33, main, main)
20:01:34.695 INFO: JdwpEventCenterDelegate: THREAD_RESUMED: thread (33, main, main)
20:01:52.028 INFO: JdwpEventCenterDelegate: THREAD_STARTED: thread (108, Timer, main)
20:01:52.955 INFO: JdwpEventCenterDelegate: THREAD_RESUMED: thread (33, main, main)
20:01:52.989 INFO: JdwpEventCenterDelegate: THREAD_RESUMED: thread (33, main, main)
20:01:53.014 INFO: JdwpEventCenterDelegate: THREAD_RESUMED: thread (33, main, main)
20:01:53.034 INFO: JdwpEventCenterDelegate: THREAD_RESUMED: thread (33, main, main)
20:01:53.076 INFO: JdwpEventCenterDelegate: THREAD_RESUMED: thread (33, main, main)
20:01:53.110 INFO: JdwpEventCenterDelegate: THREAD_RESUMED: thread (33, main, main)
20:01:53.127 INFO: JdwpEventCenterDelegate: THREAD_RESUMED: thread (33, main, main)
20:01:53.143 INFO: JdwpEventCenterDelegate: THREAD_RESUMED: thread (33, main, main)
20:01:53.149 INFO: JdwpEventCenterDelegate: THREAD_RESUMED: thread (33, main, main)
20:01:53.163 INFO: JdwpEventCenterDelegate: THREAD_RESUMED: thread (33, main, main)
20:01:53.194 INFO: JdwpEventCenterDelegate: THREAD_RESUMED: thread (33, main, main)
20:01:53.206 INFO: JdwpEventCenterDelegate: THREAD_RESUMED: thread (33, main, main)
20:01:53.218 INFO: JdwpEventCenterDelegate: THREAD_RESUMED: thread (33, main, main)
20:01:53.230 INFO: JdwpEventCenterDelegate: THREAD_RESUMED: thread (33, main, main)
20:01:53.265 INFO: JdwpEventCenterDelegate: THREAD_RESUMED: thread (33, main, main)
20:01:53.298 INFO: JdwpEventCenterDelegate: THREAD_RESUMED: thread (33, main, main)
20:01:53.314 INFO: JdwpEventCenterDelegate: THREAD_RESUMED: thread (33, main, main)
20:01:53.328 INFO: JdwpEventCenterDelegate: THREAD_RESUMED: thread (33, main, main)
20:01:53.334 INFO: JdwpEventCenterDelegate: THREAD_RESUMED: thread (33, main, main)
20:01:53.347 INFO: JdwpEventCenterDelegate: THREAD_RESUMED: thread (33, main, main)
20:02:05.521 INFO: JdwpDebugServer: handling req: EventRequest(15).Set(1)
20:02:05.521 INFO: JdwpEventCenterDelegate: jdwpSetEventRequest: JdwpEventRequest{requestId=106, eventKind=CLASS_PREPARE, suspendPolicy=EVENT_THREAD, predicates=[className=com.oldcaledonia.babymozartspacetrip.ios.ServicesApi$createTimer$2]}
20:02:05.523 INFO: JdwpDebugServer: handling req: EventRequest(15).Set(1)
20:02:05.523 INFO: JdwpEventCenterDelegate: jdwpSetEventRequest: JdwpEventRequest{requestId=107, eventKind=CLASS_PREPARE, suspendPolicy=EVENT_THREAD, predicates=[className=com.oldcaledonia.babymozartspacetrip.ios.ServicesApi$createTimer$2$*]}
20:02:05.524 INFO: JdwpDebugServer: handling req: EventRequest(15).Set(1)
20:02:05.524 INFO: JdwpEventCenterDelegate: jdwpSetEventRequest: JdwpEventRequest{requestId=108, eventKind=CLASS_PREPARE, suspendPolicy=EVENT_THREAD, predicates=[className=com.oldcaledonia.babymozartspacetrip.ios.ServicesApi]}
20:02:05.526 INFO: JdwpDebugServer: handling req: EventRequest(15).Set(1)
20:02:05.526 INFO: JdwpEventCenterDelegate: jdwpSetEventRequest: JdwpEventRequest{requestId=109, eventKind=CLASS_PREPARE, suspendPolicy=EVENT_THREAD, predicates=[className=com.oldcaledonia.babymozartspacetrip.ios.ServicesApi$*]}
20:02:05.535 INFO: JdwpDebugServer: handling req: EventRequest(15).Set(1)
20:02:05.535 INFO: JdwpEventCenterDelegate: jdwpSetEventRequest: JdwpEventRequest{requestId=110, eventKind=CLASS_PREPARE, suspendPolicy=EVENT_THREAD, predicates=[className=com.oldcaledonia.babymozartspacetrip.ios.ComposableSingletons$ServicesKt$*]}
20:02:05.537 INFO: JdwpDebugServer: handling req: ReferenceType(2).MethodsWithGeneric(15)
20:02:05.538 INFO: JdwpDebugServer: handling req: Method(6).LineTable(1)
20:02:05.538 INFO: JdwpDebugServer: handling req: Method(6).LineTable(1)
20:02:05.538 INFO: JdwpDebugServer: handling req: Method(6).LineTable(1)
20:02:05.538 INFO: JdwpDebugServer: handling req: Method(6).LineTable(1)
20:02:05.538 INFO: JdwpDebugServer: handling req: Method(6).LineTable(1)
20:02:05.539 INFO: JdwpDebugServer: handling req: Method(6).LineTable(1)
20:02:05.539 INFO: JdwpDebugServer: handling req: Method(6).LineTable(1)
20:02:05.540 INFO: JdwpDebugServer: handling req: Method(6).LineTable(1)
20:02:05.540 INFO: JdwpDebugServer: handling req: Method(6).LineTable(1)
20:02:05.540 INFO: JdwpDebugServer: handling req: Method(6).LineTable(1)
20:02:05.540 INFO: JdwpDebugServer: handling req: Method(6).LineTable(1)
20:02:05.540 INFO: JdwpDebugServer: handling req: Method(6).LineTable(1)
20:02:05.541 INFO: JdwpDebugServer: handling req: Method(6).LineTable(1)
20:02:05.541 INFO: JdwpDebugServer: handling req: Method(6).LineTable(1)
20:02:05.541 INFO: JdwpDebugServer: handling req: Method(6).LineTable(1)
20:02:05.541 INFO: JdwpDebugServer: handling req: Method(6).LineTable(1)
20:02:05.542 INFO: JdwpDebugServer: handling req: Method(6).LineTable(1)
20:02:05.542 INFO: JdwpDebugServer: handling req: Method(6).LineTable(1)
20:02:05.542 INFO: JdwpDebugServer: handling req: Method(6).LineTable(1)
20:02:05.543 INFO: JdwpDebugServer: handling req: Method(6).LineTable(1)
20:02:05.543 INFO: JdwpDebugServer: handling req: Method(6).LineTable(1)
20:02:05.543 INFO: JdwpDebugServer: handling req: Method(6).LineTable(1)
20:02:05.544 INFO: JdwpDebugServer: handling req: Method(6).LineTable(1)
20:02:05.544 INFO: JdwpDebugServer: handling req: Method(6).LineTable(1)
20:02:05.544 INFO: JdwpDebugServer: handling req: Method(6).LineTable(1)
20:02:05.544 INFO: JdwpDebugServer: handling req: Method(6).LineTable(1)
20:02:05.545 INFO: JdwpDebugServer: handling req: Method(6).LineTable(1)
20:02:05.545 INFO: JdwpDebugServer: handling req: Method(6).LineTable(1)
20:02:05.545 INFO: JdwpDebugServer: handling req: Method(6).LineTable(1)
20:02:05.545 INFO: JdwpDebugServer: handling req: Method(6).LineTable(1)
20:02:05.545 INFO: JdwpDebugServer: handling req: Method(6).LineTable(1)
20:02:05.546 INFO: JdwpDebugServer: handling req: Method(6).LineTable(1)
20:02:05.546 INFO: JdwpDebugServer: handling req: Method(6).LineTable(1)
20:02:05.546 INFO: JdwpDebugServer: handling req: Method(6).LineTable(1)
20:02:05.547 INFO: JdwpDebugServer: handling req: Method(6).LineTable(1)
20:02:05.547 INFO: JdwpDebugServer: handling req: Method(6).LineTable(1)
20:02:05.547 INFO: JdwpDebugServer: handling req: Method(6).LineTable(1)
20:02:05.547 INFO: JdwpDebugServer: handling req: Method(6).LineTable(1)
20:02:05.548 INFO: JdwpDebugServer: handling req: Method(6).LineTable(1)
20:02:05.548 INFO: JdwpDebugServer: handling req: Method(6).LineTable(1)
20:02:05.548 INFO: JdwpDebugServer: handling req: Method(6).LineTable(1)
20:02:05.548 INFO: JdwpDebugServer: handling req: Method(6).LineTable(1)
20:02:05.549 INFO: JdwpDebugServer: handling req: Method(6).LineTable(1)
20:02:05.549 INFO: JdwpDebugServer: handling req: Method(6).LineTable(1)
20:02:05.550 INFO: JdwpDebugServer: handling req: Method(6).LineTable(1)
20:02:05.550 INFO: JdwpDebugServer: handling req: Method(6).LineTable(1)
20:02:05.553 INFO: JdwpDebugServer: handling req: ReferenceType(2).ClassLoader(2)
20:02:05.553 INFO: JdwpDebugServer: handling req: ReferenceType(2).ClassLoader(2)
20:02:05.554 INFO: JdwpDebugServer: handling req: ReferenceType(2).ClassLoader(2)
20:02:05.554 INFO: JdwpDebugServer: handling req: ReferenceType(2).ClassLoader(2)
20:02:05.554 INFO: JdwpDebugServer: handling req: ReferenceType(2).ClassLoader(2)
20:02:05.554 INFO: JdwpDebugServer: handling req: ReferenceType(2).ClassLoader(2)
20:02:05.555 INFO: JdwpDebugServer: handling req: ReferenceType(2).ClassLoader(2)
20:02:05.555 INFO: JdwpDebugServer: handling req: ReferenceType(2).ClassLoader(2)
20:02:05.555 INFO: JdwpDebugServer: handling req: ReferenceType(2).ClassLoader(2)
20:02:05.555 INFO: JdwpDebugServer: handling req: ReferenceType(2).ClassLoader(2)
20:02:05.556 INFO: JdwpDebugServer: handling req: ReferenceType(2).ClassLoader(2)
20:02:05.556 INFO: JdwpDebugServer: handling req: ReferenceType(2).ClassLoader(2)
20:02:05.556 INFO: JdwpDebugServer: handling req: ReferenceType(2).ClassLoader(2)
20:02:05.560 INFO: JdwpDebugServer: handling req: ReferenceType(2).MethodsWithGeneric(15)
20:02:05.560 INFO: JdwpDebugServer: handling req: ReferenceType(2).MethodsWithGeneric(15)
20:02:05.560 INFO: JdwpDebugServer: handling req: ReferenceType(2).MethodsWithGeneric(15)
20:02:05.560 INFO: JdwpDebugServer: handling req: ReferenceType(2).MethodsWithGeneric(15)
20:02:05.560 INFO: JdwpDebugServer: handling req: ReferenceType(2).MethodsWithGeneric(15)
20:02:06.383 INFO: JdwpDebugServer: handling req: EventRequest(15).Set(1)
20:02:06.383 INFO: JdwpEventCenterDelegate: jdwpSetEventRequest: JdwpEventRequest{requestId=111, eventKind=CLASS_PREPARE, suspendPolicy=EVENT_THREAD, predicates=[className=com.oldcaledonia.babymozartspacetrip.ios.ServicesApi$createTimer$2]}
20:02:06.384 INFO: JdwpDebugServer: handling req: EventRequest(15).Set(1)
20:02:06.384 INFO: JdwpEventCenterDelegate: jdwpSetEventRequest: JdwpEventRequest{requestId=112, eventKind=CLASS_PREPARE, suspendPolicy=EVENT_THREAD, predicates=[className=com.oldcaledonia.babymozartspacetrip.ios.ServicesApi$createTimer$2$*]}
20:02:06.385 INFO: JdwpDebugServer: handling req: EventRequest(15).Set(1)
20:02:06.385 INFO: JdwpEventCenterDelegate: jdwpSetEventRequest: JdwpEventRequest{requestId=113, eventKind=CLASS_PREPARE, suspendPolicy=EVENT_THREAD, predicates=[className=com.oldcaledonia.babymozartspacetrip.ios.ServicesApi]}
20:02:06.386 INFO: JdwpDebugServer: handling req: EventRequest(15).Set(1)
20:02:06.386 INFO: JdwpEventCenterDelegate: jdwpSetEventRequest: JdwpEventRequest{requestId=114, eventKind=CLASS_PREPARE, suspendPolicy=EVENT_THREAD, predicates=[className=com.oldcaledonia.babymozartspacetrip.ios.ServicesApi$*]}
20:02:06.387 INFO: JdwpDebugServer: handling req: EventRequest(15).Set(1)
20:02:06.387 INFO: JdwpEventCenterDelegate: jdwpSetEventRequest: JdwpEventRequest{requestId=115, eventKind=CLASS_PREPARE, suspendPolicy=EVENT_THREAD, predicates=[className=com.oldcaledonia.babymozartspacetrip.ios.ComposableSingletons$ServicesKt$*]}
20:02:08.076 INFO: JdwpDebugServer: handling req: EventRequest(15).Clear(2)
20:02:08.076 INFO: JdwpDebugServer: handling req: EventRequest(15).Clear(2)
20:02:08.077 INFO: JdwpDebugServer: handling req: EventRequest(15).Clear(2)
20:02:08.077 INFO: JdwpDebugServer: handling req: EventRequest(15).Clear(2)
20:02:08.077 INFO: JdwpDebugServer: handling req: EventRequest(15).Clear(2)
20:02:08.768 INFO: JdwpDebugServer: handling req: EventRequest(15).Clear(2)
20:02:08.769 INFO: JdwpDebugServer: handling req: EventRequest(15).Clear(2)
20:02:08.778 INFO: JdwpDebugServer: handling req: EventRequest(15).Clear(2)
20:02:08.778 INFO: JdwpDebugServer: handling req: EventRequest(15).Clear(2)
20:02:08.778 INFO: JdwpDebugServer: handling req: EventRequest(15).Clear(2)
20:03:25.515 INFO: JdwpDebugServer: handling req: VirtualMachine(1).Exit(10)
20:03:25.515 SEVERE: Debugger: Thread JDWP server socket thread crashed
org.robovm.debugger.DebuggerException: Terminating due exit command
	at org.robovm.debugger.jdwp.JdwpDebugServer.doSocketWork(JdwpDebugServer.java:211)
	at java.base/java.lang.Thread.run(Thread.java:834)
	at org.robovm.debugger.utils.DebuggerThread.run(DebuggerThread.java:42)
20:03:26.022 SEVERE: Debugger: Thread HooksChannel socket thread crashed
org.robovm.debugger.DebuggerException: java.io.IOException: org.robovm.libimobiledevice.LibIMobileDeviceException: IDEVICE_E_UNKNOWN_ERROR
	at org.robovm.debugger.hooks.HooksChannel.doSocketWork(HooksChannel.java:149)
	at java.base/java.lang.Thread.run(Thread.java:834)
	at org.robovm.debugger.utils.DebuggerThread.run(DebuggerThread.java:42)
Caused by: java.io.IOException: org.robovm.libimobiledevice.LibIMobileDeviceException: IDEVICE_E_UNKNOWN_ERROR
	at org.robovm.libimobiledevice.IDeviceConnection$DeviceInputStream.read(IDeviceConnection.java:203)
	at org.robovm.debugger.utils.bytebuffer.DataBufferWriter.writeFromStream(DataBufferWriter.java:89)
	at org.robovm.debugger.hooks.HooksChannel.doSocketWork(HooksChannel.java:116)
	... 2 more
Caused by: org.robovm.libimobiledevice.LibIMobileDeviceException: IDEVICE_E_UNKNOWN_ERROR
	at org.robovm.libimobiledevice.IDevice.checkResult(IDevice.java:206)
	at org.robovm.libimobiledevice.IDeviceConnection.receive(IDeviceConnection.java:110)
	at org.robovm.libimobiledevice.IDeviceConnection.receive(IDeviceConnection.java:81)
	at org.robovm.libimobiledevice.IDeviceConnection$DeviceInputStream.read(IDeviceConnection.java:201)
	... 4 more
